-0.288748
-0.28871
-0.288672
-0.288634
-0.288595
-0.288557
-0.288519
-0.288481
-0.288442
-0.288404
-0.288366
-0.288327
-0.288289
-0.288251
-0.288213
-0.288174
-0.288136
-0.288098
-0.28806
-0.288021
-0.287983
-0.287945
-0.287907
-0.287868
-0.28783
-0.287792
-0.287753
-0.287715
-0.287677
-0.287639
-0.2876
-0.287562
-0.287524
-0.287486
-0.287447
-0.287409
-0.287371
-0.287332
-0.287294
-0.287256
-0.287218
-0.287179
-0.287141
-0.287103
-0.287065
-0.287026
-0.286988
-0.28695
-0.286912
-0.286873
-0.286835
-0.286797
-0.286758
-0.28672
-0.286682
-0.286644
-0.286605
-0.286567
-0.286529
-0.286491
-0.286452
-0.286414
-0.286376
-0.286337
-0.286299
-0.286261
-0.286223
-0.286184
-0.286146
-0.286108
-0.28607
-0.286031
-0.285993
-0.285955
-0.285916
-0.285878
-0.28584
-0.285802
-0.285763
-0.285725
-0.285687
-0.285649
-0.28561
-0.285572
-0.285534
-0.285496
-0.285457
-0.285419
-0.285381
-0.285342
-0.285304
-0.285266
-0.285228
-0.285189
-0.285151
-0.285113
-0.285075
-0.285036
-0.284998
-0.28496
-0.284921
-0.284883
-0.284845
-0.284807
-0.284768
-0.28473
-0.284692
-0.284654
-0.284615
-0.284577
-0.284539
-0.284501
-0.284462
-0.284424
-0.284386
-0.284347
-0.284309
-0.284271
-0.284233
-0.284194
-0.284156
-0.284118
-0.28408
-0.284041
-0.284003
-0.283965
-0.283926
-0.283888
-0.28385
-0.283812
-0.283773
-0.283735
-0.283697
-0.283659
-0.28362
-0.283582
-0.283544
-0.283505
-0.283467
-0.283429
-0.283391
-0.283352
-0.283314
-0.283276
-0.283238
-0.283199
-0.283161
-0.283123
-0.283085
-0.283046
-0.283008
-0.28297
-0.282931
-0.282893
-0.282855
-0.282817
-0.282778
-0.28274
-0.282702
-0.282664
-0.282625
-0.282587
-0.282549
-0.28251
-0.282472
-0.282434
-0.282396
-0.282357
-0.282319
-0.282281
-0.282243
-0.282204
-0.282166
-0.282128
-0.282089
-0.282051
-0.282013
-0.281975
-0.281936
-0.281898
-0.28186
-0.281822
-0.281783
-0.281745
-0.281707
-0.281669
-0.28163
-0.281592
-0.281554
-0.281515
-0.281477
-0.281439
-0.281401
-0.281362
-0.281324
-0.281286
-0.281248
-0.281209
-0.281171
-0.281133
-0.281094
-0.281056
-0.281018
-0.28098
-0.280941
-0.280903
-0.280865
-0.280827
-0.280788
-0.28075
-0.280712
-0.280674
-0.280635
-0.280597
-0.280559
-0.28052
-0.280482
-0.280444
-0.280406
-0.280367
-0.280329
-0.280291
-0.280253
-0.280214
-0.280176
-0.280138
-0.280099
-0.280061
-0.280023
-0.279985
-0.279946
-0.279908
-0.27987
-0.279832
-0.279793
-0.279755
-0.279717
-0.279678
-0.27964
-0.279602
-0.279564
-0.279525
-0.279487
-0.279449
-0.279411
-0.279372
-0.279334
-0.279296
-0.279258
-0.279219
-0.279181
-0.279143
-0.279104
-0.279066
-0.279028
-0.27899
-0.278951
-0.278913
-0.278875
-0.278837
-0.278798
-0.27876
-0.278722
-0.278683
-0.278645
-0.278607
-0.278569
-0.27853
-0.278492
-0.278454
-0.278416
-0.278377
-0.278339
-0.278301
-0.278263
-0.278224
-0.278186
-0.278148
-0.278109
-0.278071
-0.278033
-0.277995
-0.277956
-0.277918
-0.27788
-0.277842
-0.277803
-0.277765
-0.277727
-0.277688
-0.27765
-0.277612
-0.277574
-0.277535
-0.277497
-0.277459
-0.277421
-0.277382
-0.277344
-0.277306
-0.277267
-0.277229
-0.277191
-0.277153
-0.277114
-0.277076
-0.277038
-0.277
-0.276961
-0.276923
-0.276885
-0.276847
-0.276808
-0.27677
-0.276732
-0.276693
-0.276655
-0.276617
-0.276579
-0.27654
-0.276502
-0.276464
-0.276426
-0.276387
-0.276349
-0.276311
-0.276272
-0.276234
-0.276196
-0.276158
-0.276119
-0.276081
-0.276043
-0.276005
-0.275966
-0.275928
-0.27589
-0.275852
-0.275813
-0.275775
-0.275737
-0.275698
-0.27566
-0.275622
-0.275584
-0.275545
-0.275507
-0.275469
-0.275431
-0.275392
-0.275354
-0.275316
-0.275277
-0.275239
-0.275201
-0.275163
-0.275124
-0.275086
-0.275048
-0.27501
-0.274971
-0.274933
-0.274895
-0.274856
-0.274818
-0.27478
-0.274742
-0.274703
-0.274665
-0.274627
-0.274589
-0.27455
-0.274512
-0.274474
-0.274436
-0.274397
-0.274359
-0.274321
-0.274282
-0.274244
-0.274206
-0.274168
-0.274129
-0.274091
-0.274053
-0.274015
-0.273976
-0.273938
-0.2739
-0.273861
-0.273823
-0.273785
-0.273747
-0.273708
-0.27367
-0.273632
-0.273594
-0.273555
-0.273517
-0.273479
-0.27344
-0.273402
-0.273364
-0.273326
-0.273287
-0.273249
-0.273211
-0.273173
-0.273134
-0.273096
-0.273058
-0.27302
-0.272981
-0.272943
-0.272905
-0.272866
-0.272828
-0.27279
-0.272752
-0.272713
-0.272675
-0.272637
-0.272599
-0.27256
-0.272522
-0.272484
-0.272445
-0.272407
-0.272369
-0.272331
-0.272292
-0.272254
-0.272216
-0.272178
-0.272139
-0.272101
-0.272063
-0.272025
-0.271986
-0.271948
-0.27191
-0.271871
-0.271833
-0.271795
-0.271757
-0.271718
-0.27168
-0.271642
-0.271604
-0.271565
-0.271527
-0.271489
-0.27145
-0.271412
-0.271374
-0.271336
-0.271297
-0.271259
-0.271221
-0.271183
-0.271144
-0.271106
-0.271068
-0.271029
-0.270991
-0.270953
-0.270915
-0.270876
-0.270838
-0.2708
-0.270762
-0.270723
-0.270685
-0.270647
-0.270609
-0.27057
-0.270532
-0.270494
-0.270455
-0.270417
-0.270379
-0.270341
-0.270302
-0.270264
-0.270226
-0.270188
-0.270149
-0.270111
-0.270073
-0.270034
-0.269996
-0.269958
-0.26992
-0.269881
-0.269843
-0.269805
-0.269767
-0.269728
-0.26969
-0.269652
-0.269614
-0.269575
-0.269537
-0.269499
-0.26946
-0.269422
-0.269384
-0.269346
-0.269307
-0.269269
-0.269231
-0.269193
-0.269154
-0.269116
-0.269078
-0.269039
-0.269001
-0.268963
-0.268925
-0.268886
-0.268848
-0.26881
-0.268772
-0.268733
-0.268695
-0.268657
-0.268618
-0.26858
-0.268542
-0.268504
-0.268465
-0.268427
-0.268389
-0.268351
-0.268312
-0.268274
-0.268236
-0.268198
-0.268159
-0.268121
-0.268083
-0.268044
-0.268006
-0.267968
-0.26793
-0.267891
-0.267853
-0.267815
-0.267777
-0.267738
-0.2677
-0.267662
-0.267623
-0.267585
-0.267547
-0.267509
-0.26747
-0.267432
-0.267394
-0.267356
-0.267317
-0.267279
-0.267241
-0.267202
-0.267164
-0.267126
-0.267088
-0.267049
-0.267011
-0.266973
-0.266935
-0.266896
-0.266858
-0.26682
-0.266782
-0.266743
-0.266705
-0.266667
-0.266628
-0.26659
-0.266552
-0.266514
-0.266475
-0.266437
-0.266399
-0.266361
-0.266322
-0.266284
-0.266246
-0.266207
-0.266169
-0.266131
-0.266093
-0.266054
-0.266016
-0.265978
-0.26594
-0.265901
-0.265863
-0.265825
-0.265787
-0.265748
-0.26571
-0.265672
-0.265633
-0.265595
-0.265557
-0.265519
-0.26548
-0.265442
-0.265404
-0.265366
-0.265327
-0.265289
-0.265251
-0.265212
-0.265174
-0.265136
-0.265098
-0.265059
-0.265021
-0.264983
-0.264945
-0.264906
-0.264868
-0.26483
-0.264791
-0.264753
-0.264715
-0.264677
-0.264638
-0.2646
-0.264562
-0.264524
-0.264485
-0.264447
-0.264409
-0.264371
-0.264332
-0.264294
-0.264256
-0.264217
-0.264179
-0.264141
-0.264103
-0.264064
-0.264026
-0.263988
-0.26395
-0.263911
-0.263873
-0.263835
-0.263796
-0.263758
-0.26372
-0.263682
-0.263643
-0.263605
-0.263567
-0.263529
-0.26349
-0.263452
-0.263414
-0.263376
-0.263337
-0.263299
-0.263261
-0.263222
-0.263184
-0.263146
-0.263108
-0.263069
-0.263031
-0.262993
-0.262955
-0.262916
-0.262878
-0.26284
-0.262801
-0.262763
-0.262725
-0.262687
-0.262648
-0.26261
-0.262572
-0.262534
-0.262495
-0.262457
-0.262419
-0.26238
-0.262342
-0.262304
-0.262266
-0.262227
-0.262189
-0.262151
-0.262113
-0.262074
-0.262036
-0.261998
-0.26196
-0.261921
-0.261883
-0.261845
-0.261806
-0.261768
-0.26173
-0.261692
-0.261653
-0.261615
-0.261577
-0.261539
-0.2615
-0.261462
-0.261424
-0.261385
-0.261347
-0.261309
-0.261271
-0.261232
-0.261194
-0.261156
-0.261118
-0.261079
-0.261041
-0.261003
-0.260965
-0.260926
-0.260888
-0.26085
-0.260811
-0.260773
-0.260735
-0.260697
-0.260658
-0.26062
-0.260582
-0.260544
-0.260505
-0.260467
-0.260429
-0.26039
-0.260352
-0.260314
-0.260276
-0.260237
-0.260199
-0.260161
-0.260123
-0.260084
-0.260046
-0.260008
-0.259969
-0.259931
-0.259893
-0.259855
-0.259816
-0.259778
-0.25974
-0.259702
-0.259663
-0.259625
-0.259587
-0.259549
-0.25951
-0.259472
-0.259434
-0.259395
-0.259357
-0.259319
-0.259281
-0.259242
-0.259204
-0.259166
-0.259128
-0.259089
-0.259051
-0.259013
-0.258974
-0.258936
-0.258898
-0.25886
-0.258821
-0.258783
-0.258745
-0.258707
-0.258668
-0.25863
-0.258592
-0.258553
-0.258515
-0.258477
-0.258439
-0.2584
-0.258362
-0.258324
-0.258286
-0.258247
-0.258209
-0.258171
-0.258133
-0.258094
-0.258056
-0.258018
-0.257979
-0.257941
-0.257903
-0.257865
-0.257826
-0.257788
-0.25775
-0.257712
-0.257673
-0.257635
-0.257597
-0.257558
-0.25752
-0.257482
-0.257444
-0.257405
-0.257367
-0.257329
-0.257291
-0.257252
-0.257214
-0.257176
-0.257138
-0.257099
-0.257061
-0.257023
-0.256984
-0.256946
-0.256908
-0.25687
-0.256831
-0.256793
-0.256755
-0.256717
-0.256678
-0.25664
-0.256602
-0.256563
-0.256525
-0.256487
-0.256449
-0.25641
-0.256372
-0.256334
-0.256296
-0.256257
-0.256219
-0.256181
-0.256142
-0.256104
-0.256066
-0.256028
-0.255989
-0.255951
-0.255913
-0.255875
-0.255836
-0.255798
-0.25576
-0.255722
-0.255683
-0.255645
-0.255607
-0.255568
-0.25553
-0.255492
-0.255454
-0.255415
-0.255377
-0.255339
-0.255301
-0.255262
-0.255224
-0.255186
-0.255147
-0.255109
-0.255071
-0.255033
-0.254994
-0.254956
-0.254918
-0.25488
-0.254841
-0.254803
-0.254765
-0.254727
-0.254688
-0.25465
-0.254612
-0.254573
-0.254535
-0.254497
-0.254459
-0.25442
-0.254382
-0.254344
-0.254306
-0.254267
-0.254229
-0.254191
-0.254152
-0.254114
-0.254076
-0.254038
-0.253999
-0.253961
-0.253923
-0.253885
-0.253846
-0.253808
-0.25377
-0.253731
-0.253693
-0.253655
-0.253617
-0.253578
-0.25354
-0.253502
-0.253464
-0.253425
-0.253387
-0.253349
-0.253311
-0.253272
-0.253234
-0.253196
-0.253157
-0.253119
-0.253081
-0.253043
-0.253004
-0.252966
-0.252928
-0.25289
-0.252851
-0.252813
-0.252775
-0.252736
-0.252698
-0.25266
-0.252622
-0.252583
-0.252545
-0.252507
-0.252469
-0.25243
-0.252392
-0.252354
-0.252316
-0.252277
-0.252239
-0.252201
-0.252162
-0.252124
-0.252086
-0.252048
-0.252009
-0.251971
-0.251933
-0.251895
-0.251856
-0.251818
-0.25178
-0.251741
-0.251703
-0.251665
-0.251627
-0.251588
-0.25155
-0.251512
-0.251474
-0.251435
-0.251397
-0.251359
-0.25132
-0.251282
-0.251244
-0.251206
-0.251167
-0.251129
-0.251091
-0.251053
-0.251014
-0.250976
-0.250938
-0.2509
-0.250861
-0.250823
-0.250785
-0.250746
-0.250708
-0.25067
-0.250632
-0.250593
-0.250555
-0.250517
-0.250479
-0.25044
-0.250402
-0.250364
-0.250325
-0.250287
-0.250249
-0.250211
-0.250172
-0.250134
-0.250096
-0.250058
-0.250019
-0.249981
-0.249943
-0.249904
-0.249866
-0.249828
-0.24979
-0.249751
-0.249713
-0.249675
-0.249637
-0.249598
-0.24956
-0.249522
-0.249484
-0.249445
-0.249407
-0.249369
-0.24933
-0.249292
-0.249254
-0.249216
-0.249177
-0.249139
-0.249101
-0.249063
-0.249024
-0.248986
-0.248948
-0.248909
-0.248871
-0.248833
-0.248795
-0.248756
-0.248718
-0.24868
-0.248642
-0.248603
-0.248565
-0.248527
-0.248489
-0.24845
-0.248412
-0.248374
-0.248335
-0.248297
-0.248259
-0.248221
-0.248182
-0.248144
-0.248106
-0.248068
-0.248029
-0.247991
-0.247953
-0.247914
-0.247876
-0.247838
-0.2478
-0.247761
-0.247723
-0.247685
-0.247647
-0.247608
-0.24757
-0.247532
-0.247493
-0.247455
-0.247417
-0.247379
-0.24734
-0.247302
-0.247264
-0.247226
-0.247187
-0.247149
-0.247111
-0.247073
-0.247034
-0.246996
-0.246958
-0.246919
-0.246881
-0.246843
-0.246805
-0.246766
-0.246728
-0.24669
-0.246652
-0.246613
-0.246575
-0.246537
-0.246498
-0.24646
-0.246422
-0.246384
-0.246345
-0.246307
-0.246269
-0.246231
-0.246192
-0.246154
-0.246116
-0.246078
-0.246039
-0.246001
-0.245963
-0.245924
-0.245886
-0.245848
-0.24581
-0.245771
-0.245733
-0.245695
-0.245657
-0.245618
-0.24558
-0.245542
-0.245503
-0.245465
-0.245427
-0.245389
-0.24535
-0.245312
-0.245274
-0.245236
-0.245197
-0.245159
-0.245121
-0.245082
-0.245044
-0.245006
-0.244968
-0.244929
-0.244891
-0.244853
-0.244815
-0.244776
-0.244738
-0.2447
-0.244662
-0.244623
-0.244585
-0.244547
-0.244508
-0.24447
-0.244432
-0.244394
-0.244355
-0.244317
-0.244279
-0.244241
-0.244202
-0.244164
-0.244126
-0.244087
-0.244049
-0.244011
-0.243973
-0.243934
-0.243896
-0.243858
-0.24382
-0.243781
-0.243743
-0.243705
-0.243666
-0.243628
-0.24359
-0.243552
-0.243513
-0.243475
-0.243437
-0.243399
-0.24336
-0.243322
-0.243284
-0.243246
-0.243207
-0.243169
-0.243131
-0.243092
-0.243054
-0.243016
-0.242978
-0.242939
-0.242901
-0.242863
-0.242825
-0.242786
-0.242748
-0.24271
-0.242671
-0.242633
-0.242595
-0.242557
-0.242518
-0.24248
-0.242442
-0.242404
-0.242365
-0.242327
-0.242289
-0.242251
-0.242212
-0.242174
-0.242136
-0.242097
-0.242059
-0.242021
-0.241983
-0.241944
-0.241906
-0.241868
-0.24183
-0.241791
-0.241753
-0.241715
-0.241676
-0.241638
-0.2416
-0.241562
-0.241523
-0.241485
-0.241447
-0.241409
-0.24137
-0.241332
-0.241294
-0.241255
-0.241217
-0.241179
-0.241141
-0.241102
-0.241064
-0.241026
-0.240988
-0.240949
-0.240911
-0.240873
-0.240835
-0.240796
-0.240758
-0.24072
-0.240681
-0.240643
-0.240605
-0.240567
-0.240528
-0.24049
-0.240452
-0.240414
-0.240375
-0.240337
-0.240299
-0.24026
-0.240222
-0.240184
-0.240146
-0.240107
-0.240069
-0.240031
-0.239993
-0.239954
-0.239916
-0.239878
-0.23984
-0.239801
-0.239763
-0.239725
-0.239686
-0.239648
-0.23961
-0.239572
-0.239533
-0.239495
-0.239457
-0.239419
-0.23938
-0.239342
-0.239304
-0.239265
-0.239227
-0.239189
-0.239151
-0.239112
-0.239074
-0.239036
-0.238998
-0.238959
-0.238921
-0.238883
-0.238844
-0.238806
-0.238768
-0.23873
-0.238691
-0.238653
-0.238615
-0.238577
-0.238538
-0.2385
-0.238462
-0.238424
-0.238385
-0.238347
-0.238309
-0.23827
-0.238232
-0.238194
-0.238156
-0.238117
-0.238079
-0.238041
-0.238003
-0.237964
-0.237926
-0.237888
-0.237849
-0.237811
-0.237773
-0.237735
-0.237696
-0.237658
-0.23762
-0.237582
-0.237543
-0.237505
-0.237467
-0.237429
-0.23739
-0.237352
-0.237314
-0.237275
-0.237237
-0.237199
-0.237161
-0.237122
-0.237084
-0.237046
-0.237008
-0.236969
-0.236931
-0.236893
-0.236854
-0.236816
-0.236778
-0.23674
-0.236701
-0.236663
-0.236625
-0.236587
-0.236548
-0.23651
-0.236472
-0.236433
-0.236395
-0.236357
-0.236319
-0.23628
-0.236242
-0.236204
-0.236166
-0.236127
-0.236089
-0.236051
-0.236013
-0.235974
-0.235936
-0.235898
-0.235859
-0.235821
-0.235783
-0.235745
-0.235706
-0.235668
-0.23563
-0.235592
-0.235553
-0.235515
-0.235477
-0.235438
-0.2354
-0.235362
-0.235324
-0.235285
-0.235247
-0.235209
-0.235171
-0.235132
-0.235094
-0.235056
-0.235017
-0.234979
-0.234941
-0.234903
-0.234864
-0.234826
-0.234788
-0.23475
-0.234711
-0.234673
-0.234635
-0.234597
-0.234558
-0.23452
-0.234482
-0.234443
-0.234405
-0.234367
-0.234329
-0.23429
-0.234252
-0.234214
-0.234176
-0.234137
-0.234099
-0.234061
-0.234022
-0.233984
-0.233946
-0.233908
-0.233869
-0.233831
-0.233793
-0.233755
-0.233716
-0.233678
-0.23364
-0.233602
-0.233563
-0.233525
-0.233487
-0.233448
-0.23341
-0.233372
-0.233334
-0.233295
-0.233257
-0.233219
-0.233181
-0.233142
-0.233104
-0.233066
-0.233027
-0.232989
-0.232951
-0.232913
-0.232874
-0.232836
-0.232798
-0.23276
-0.232721
-0.232683
-0.232645
-0.232606
-0.232568
-0.23253
-0.232492
-0.232453
-0.232415
-0.232377
-0.232339
-0.2323
-0.232262
-0.232224
-0.232186
-0.232147
-0.232109
-0.232071
-0.232032
-0.231994
-0.231956
-0.231918
-0.231879
-0.231841
-0.231803
-0.231765
-0.231726
-0.231688
-0.23165
-0.231611
-0.231573
-0.231535
-0.231497
-0.231458
-0.23142
-0.231382
-0.231344
-0.231305
-0.231267
-0.231229
-0.231191
-0.231152
-0.231114
-0.231076
-0.231037
-0.230999
-0.230961
-0.230923
-0.230884
-0.230846
-0.230808
-0.23077
-0.230731
-0.230693
-0.230655
-0.230616
-0.230578
-0.23054
-0.230502
-0.230463
-0.230425
-0.230387
-0.230349
-0.23031
-0.230272
-0.230234
-0.230195
-0.230157
-0.230119
-0.230081
-0.230042
-0.230004
-0.229966
-0.229928
-0.229889
-0.229851
-0.229813
-0.229775
-0.229736
-0.229698
-0.22966
-0.229621
-0.229583
-0.229545
-0.229507
-0.229468
-0.22943
-0.229392
-0.229354
-0.229315
-0.229277
-0.229239
-0.2292
-0.229162
-0.229124
-0.229086
-0.229047
-0.229009
-0.228971
-0.228933
-0.228894
-0.228856
-0.228818
-0.228779
-0.228741
-0.228703
-0.228665
-0.228626
-0.228588
-0.22855
-0.228512
-0.228473
-0.228435
-0.228397
-0.228359
-0.22832
-0.228282
-0.228244
-0.228205
-0.228167
-0.228129
-0.228091
-0.228052
-0.228014
-0.227976
-0.227938
-0.227899
-0.227861
-0.227823
-0.227784
-0.227746
-0.227708
-0.22767
-0.227631
-0.227593
-0.227555
-0.227517
-0.227478
-0.22744
-0.227402
-0.227364
-0.227325
-0.227287
-0.227249
-0.22721
-0.227172
-0.227134
-0.227096
-0.227057
-0.227019
-0.226981
-0.226943
-0.226904
-0.226866
-0.226828
-0.226789
-0.226751
-0.226713
-0.226675
-0.226636
-0.226598
-0.22656
-0.226522
-0.226483
-0.226445
-0.226407
-0.226368
-0.22633
-0.226292
-0.226254
-0.226215
-0.226177
-0.226139
-0.226101
-0.226062
-0.226024
-0.225986
-0.225948
-0.225909
-0.225871
-0.225833
-0.225794
-0.225756
-0.225718
-0.22568
-0.225641
-0.225603
-0.225565
-0.225527
-0.225488
-0.22545
-0.225412
-0.225373
-0.225335
-0.225297
-0.225259
-0.22522
-0.225182
-0.225144
-0.225106
-0.225067
-0.225029
-0.224991
-0.224953
-0.224914
-0.224876
-0.224838
-0.224799
-0.224761
-0.224723
-0.224685
-0.224646
-0.224608
-0.22457
-0.224532
-0.224493
-0.224455
-0.224417
-0.224378
-0.22434
-0.224302
-0.224264
-0.224225
-0.224187
-0.224149
-0.224111
-0.224072
-0.224034
-0.223996
-0.223957
-0.223919
-0.223881
-0.223843
-0.223804
-0.223766
-0.223728
-0.22369
-0.223651
-0.223613
-0.223575
-0.223537
-0.223498
-0.22346
-0.223422
-0.223383
-0.223345
-0.223307
-0.223269
-0.22323
-0.223192
-0.223154
-0.223116
-0.223077
-0.223039
-0.223001
-0.222962
-0.222924
-0.222886
-0.222848
-0.222809
-0.222771
-0.222733
-0.222695
-0.222656
-0.222618
-0.22258
-0.222542
-0.222503
-0.222465
-0.222427
-0.222388
-0.22235
-0.222312
-0.222274
-0.222235
-0.222197
-0.222159
-0.222121
-0.222082
-0.222044
-0.222006
-0.221967
-0.221929
-0.221891
-0.221853
-0.221814
-0.221776
-0.221738
-0.2217
-0.221661
-0.221623
-0.221585
-0.221546
-0.221508
-0.22147
-0.221432
-0.221393
-0.221355
-0.221317
-0.221279
-0.22124
-0.221202
-0.221164
-0.221126
-0.221087
-0.221049
-0.221011
-0.220972
-0.220934
-0.220896
-0.220858
-0.220819
-0.220781
-0.220743
-0.220705
-0.220666
-0.220628
-0.22059
-0.220551
-0.220513
-0.220475
-0.220437
-0.220398
-0.22036
-0.220322
-0.220284
-0.220245
-0.220207
-0.220169
-0.22013
-0.220092
-0.220054
-0.220016
-0.219977
-0.219939
-0.219901
-0.219863
-0.219824
-0.219786
-0.219748
-0.21971
-0.219671
-0.219633
-0.219595
-0.219556
-0.219518
-0.21948
-0.219442
-0.219403
-0.219365
-0.219327
-0.219289
-0.21925
-0.219212
-0.219174
-0.219135
-0.219097
-0.219059
-0.219021
-0.218982
-0.218944
-0.218906
-0.218868
-0.218829
-0.218791
-0.218753
-0.218715
-0.218676
-0.218638
-0.2186
-0.218561
-0.218523
-0.218485
-0.218447
-0.218408
-0.21837
-0.218332
-0.218294
-0.218255
-0.218217
-0.218179
-0.21814
-0.218102
-0.218064
-0.218026
-0.217987
-0.217949
-0.217911
-0.217873
-0.217834
-0.217796
-0.217758
-0.217719
-0.217681
-0.217643
-0.217605
-0.217566
-0.217528
-0.21749
-0.217452
-0.217413
-0.217375
-0.217337
-0.217299
-0.21726
-0.217222
-0.217184
-0.217145
-0.217107
-0.217069
-0.217031
-0.216992
-0.216954
-0.216916
-0.216878
-0.216839
-0.216801
-0.216763
-0.216724
-0.216686
-0.216648
-0.21661
-0.216571
-0.216533
-0.216495
-0.216457
-0.216418
-0.21638
-0.216342
-0.216304
-0.216265
-0.216227
-0.216189
-0.21615
-0.216112
-0.216074
-0.216036
-0.215997
-0.215959
-0.215921
-0.215883
-0.215844
-0.215806
-0.215768
-0.215729
-0.215691
-0.215653
-0.215615
-0.215576
-0.215538
-0.2155
-0.215462
-0.215423
-0.215385
-0.215347
-0.215308
-0.21527
-0.215232
-0.215194
-0.215155
-0.215117
-0.215079
-0.215041
-0.215002
-0.214964
-0.214926
-0.214888
-0.214849
-0.214811
-0.214773
-0.214734
-0.214696
-0.214658
-0.21462
-0.214581
-0.214543
-0.214505
-0.214467
-0.214428
-0.21439
-0.214352
-0.214313
-0.214275
-0.214237
-0.214199
-0.21416
-0.214122
-0.214084
-0.214046
-0.214007
-0.213969
-0.213931
-0.213892
-0.213854
-0.213816
-0.213778
-0.213739
-0.213701
-0.213663
-0.213625
-0.213586
-0.213548
-0.21351
-0.213472
-0.213433
-0.213395
-0.213357
-0.213318
-0.21328
-0.213242
-0.213204
-0.213165
-0.213127
-0.213089
-0.213051
-0.213012
-0.212974
-0.212936
-0.212897
-0.212859
-0.212821
-0.212783
-0.212744
-0.212706
-0.212668
-0.21263
-0.212591
-0.212553
-0.212515
-0.212477
-0.212438
-0.2124
-0.212362
-0.212323
-0.212285
-0.212247
-0.0668285
-0.0666278
-0.0666993
-0.0667289
-0.0666242
-0.0667267
-0.0668405
-0.0668711
-0.0657522
-0.0645467
-0.0647825
-0.0652403
-0.0647075
-0.0647987
-0.0647561
-0.0643579
-0.0645382
-0.0645247
-0.0644936
-0.0643621
-0.0641542
-0.0642946
-0.0637622
-0.0634207
-0.060491
-0.0609129
-0.0605572
-0.0605624
-0.0599815
-0.0602455
-0.0600401
-0.059652
-0.0594873
-0.0595529
-0.0540741
-0.0539398
-0.0537746
-0.0530428
-0.0527451
-0.0534094
-0.0531666
-0.0528213
-0.0524109
-0.0521973
-0.052244
-0.0517367
-0.0515587
-0.0516597
-0.0513221
-0.0512017
-0.0514585
-0.0514018
-0.041909
-0.0416582
-0.0413815
-0.0412113
-0.0409065
-0.0406157
-0.0403081
-0.0402607
-0.039806
-0.0398584
-0.0395726
-0.0394576
-0.0392399
-0.0391876
-0.0305512
-0.0303435
-0.0301834
-0.0299958
-0.0297444
-0.029444
-0.0293624
-0.0291072
-0.0288869
-0.028812
-0.0286382
-0.0284277
-0.0282793
-0.0282353
-0.0237887
-0.0236632
-0.0235536
-0.0234665
-0.0233583
-0.0232612
-0.023184
-0.0230644
-0.0229932
-0.0229106
-0.0228449
-0.022736
-0.0226267
-0.0205099
-0.0204765
-0.020456
-0.0204216
-0.0203865
-0.0203562
-0.0203271
-0.0202921
-0.0202567
-0.0202231
-0.0201886
-0.0201565
-0.0201223
-0.0200869
-0.0200509
-0.0200187
-0.0199842
-0.0199462
-0.0199144
-0.0198784
-0.0198434
-0.0198081
-0.0197749
-0.0197413
-0.0197044
-0.0196697
-0.0196349
-0.0196
-0.0195667
-0.0195309
-0.019498
-0.0194624
-0.0194263
-0.0193942
-0.0193563
-0.0193256
-0.0192921
-0.0192559
-0.0192208
-0.0191642
-0.0191291
-0.0191042
-0.0190707
-0.0190395
-0.019003
-0.0189665
-0.018932
-0.0188967
-0.0188582
-0.0188522
-0.0188155
-0.0187913
-0.0187471
-0.0187105
-0.0186695
-0.0186358
-0.0186049
-0.0185678
-0.0185277
-0.0185043
-0.0184715
-0.0184421
-0.0184082
-0.018375
-0.0183424
-0.018305
-0.0182702
-0.0182329
-0.0181977
-0.0181636
-0.0181294
-0.0180957
-0.0180562
-0.0180207
-0.0179854
-0.0179513
-0.0179174
-0.0178826
-0.0178484
-0.0178114
-0.0177736
-0.0177397
-0.0177037
-0.0176666
-0.0176327
-0.0175984
-0.0175606
-0.0175277
-0.017477
-0.0174417
-0.0174083
-0.0173725
-0.0173472
-0.017312
-0.0172781
-0.0172421
-0.0172088
-0.017173
-0.017136
-0.017101
-0.0170544
-0.0170188
-0.0169829
-0.0169476
-0.0169108
-0.0168759
-0.0168397
-0.0168063
-0.0167692
-0.0167349
-0.0167004
-0.016664
-0.0166267
-0.0165747
-0.0165408
-0.0165043
-0.0164666
-0.0164351
-0.0164119
-0.0163758
-0.0163406
-0.0163053
-0.0162715
-0.0162353
-0.0161987
-0.0161612
-0.0161276
-0.0160916
-0.0160535
-0.0160192
-0.0159866
-0.0159494
-0.0159146
-0.0158785
-0.0158425
-0.0158073
-0.015771
-0.0157331
-0.0156962
-0.0156613
-0.0156234
-0.0155855
-0.0155511
-0.0155101
-0.0154794
-0.0154442
-0.0154063
-0.0153698
-0.0153324
-0.0152988
-0.0152625
-0.015221
-0.0151886
-0.0151627
-0.0151183
-0.0150824
-0.0150585
-0.0150222
-0.0149865
-0.0149523
-0.0149154
-0.0148811
-0.0148465
-0.0147864
-0.014752
-0.0147171
-0.0146815
-0.0146406
-0.0146073
-0.0145696
-0.0145514
-0.0145157
-0.0144788
-0.0144446
-0.0144064
-0.0143601
-0.014322
-0.0142869
-0.0142398
-0.0142025
-0.0141627
-0.0141291
-0.0140907
-0.0140658
-0.0140099
-0.0139935
-0.0139567
-0.0139154
-0.0138761
-0.0138417
-0.0138065
-0.013771
-0.0137359
-0.0136992
-0.0136645
-0.0136271
-0.0135909
-0.0135545
-0.0135172
-0.0134788
-0.0134436
-0.0134146
-0.0133778
-0.0133429
-0.0133056
-0.0132667
-0.0132315
-0.0131934
-0.0131562
-0.0131171
-0.0130787
-0.0130434
-0.0130074
-0.0129708
-0.0129319
-0.0128954
-0.0128593
-0.0128202
-0.012785
-0.0127455
-0.012705
-0.0126705
-0.0126338
-0.0125935
-0.0125564
-0.0125199
-0.0124836
-0.0124452
-0.0124121
-0.0123749
-0.0123352
-0.0122972
-0.0122429
-0.0122058
-0.0121709
-0.0121355
-0.0120936
-0.012058
-0.0120448
-0.0120081
-0.0119709
-0.0119331
-0.0118955
-0.0118548
-0.0118202
-0.0117836
-0.011744
-0.0117047
-0.0116654
-0.0116299
-0.011593
-0.0115538
-0.0115155
-0.0114764
-0.0114377
-0.0114024
-0.011349
-0.0113143
-0.0112769
-0.0112397
-0.0112014
-0.0111628
-0.0111253
-0.0110882
-0.0110454
-0.01101
-0.0109713
-0.0109315
-0.0109003
-0.0108612
-0.0108227
-0.0107962
-0.0107557
-0.010721
-0.0106837
-0.0106436
-0.010604
-0.0105689
-0.0105334
-0.0104976
-0.0104582
-0.0104176
-0.0103825
-0.0103461
-0.0103069
-0.0102674
-0.0102299
-0.0101923
-0.010153
-0.0101145
-0.0100798
-0.0100405
-0.0100024
-0.0099633
-0.00992647
-0.00988687
-0.00984573
-0.00980946
-0.00978002
-0.00974019
-0.00970099
-0.00965581
-0.00961527
-0.00958762
-0.0095494
-0.00950996
-0.00947198
-0.00943206
-0.00940095
-0.00936374
-0.00932464
-0.00928567
-0.00924558
-0.00920822
-0.00916834
-0.00912744
-0.00909079
-0.00904988
-0.00901459
-0.00897715
-0.00893668
-0.00889782
-0.00885875
-0.00881854
-0.00878313
-0.0087405
-0.00869325
-0.00866858
-0.00862856
-0.00857419
-0.00853251
-0.00849734
-0.00845689
-0.00841713
-0.00837857
-0.00833742
-0.00830627
-0.0082681
-0.00823134
-0.00817956
-0.00814378
-0.00810467
-0.00806696
-0.00804059
-0.00800242
-0.00796443
-0.00792414
-0.00788423
-0.00784435
-0.00780579
-0.00776993
-0.00772902
-0.00768921
-0.00765111
-0.00761101
-0.00757446
-0.00753311
-0.00749725
-0.00745498
-0.00741715
-0.00737947
-0.00734018
-0.00731253
-0.00727371
-0.00723639
-0.0071972
-0.00715798
-0.00711752
-0.0070793
-0.00703738
-0.00700478
-0.00696585
-0.00692376
-0.00688634
-0.00684713
-0.00680682
-0.00676802
-0.00672758
-0.00668827
-0.00664791
-0.00660897
-0.00656862
-0.00652675
-0.00648718
-0.00644915
-0.00640982
-0.00637107
-0.0063305
-0.00628008
-0.00624128
-0.00620158
-0.00616964
-0.0061286
-0.0061065
-0.00606621
-0.0060296
-0.00599102
-0.00595224
-0.00591312
-0.00587224
-0.00583452
-0.00579163
-0.00575205
-0.00571342
-0.00567093
-0.0056296
-0.00558984
-0.00553947
-0.00549933
-0.00546071
-0.00542077
-0.00538603
-0.00534833
-0.00530838
-0.00526973
-0.00523771
-0.00519549
-0.00515383
-0.00511384
-0.00507283
-0.0050317
-0.00499345
-0.00495182
-0.0049103
-0.00486909
-0.0048305
-0.00479201
-0.00474999
-0.00471315
-0.00467292
-0.00465027
-0.00461175
-0.00456991
-0.00453618
-0.004497
-0.00444559
-0.00440634
-0.00436642
-0.00434768
-0.00431005
-0.00426861
-0.00422575
-0.00418682
-0.00414932
-0.00410957
-0.00407098
-0.00402825
-0.00396436
-0.00392474
-0.00388644
-0.00383788
-0.00379896
-0.00375845
-0.00371548
-0.00368645
-0.00364434
-0.00360371
-0.00356482
-0.00352464
-0.00348339
-0.00346899
-0.00342839
-0.00339046
-0.00334921
-0.00330772
-0.0032658
-0.00322533
-0.00318682
-0.0031422
-0.003102
-0.00306122
-0.00302198
-0.00298432
-0.00294183
-0.00290358
-0.00286338
-0.00282437
-0.00278211
-0.00274333
-0.00270277
-0.00266353
-0.0026257
-0.00258323
-0.00254269
-0.00250245
-0.00246399
-0.00242427
-0.00238498
-0.00234473
-0.00230421
-0.00226233
-0.00222082
-0.00217938
-0.00214099
-0.00209947
-0.00205533
-0.00201564
-0.00197456
-0.00193303
-0.00188998
-0.00184918
-0.00180917
-0.00177142
-0.00172457
-0.00168316
-0.00164956
-0.00161377
-0.00159224
-0.00155197
-0.00150956
-0.00147014
-0.00142948
-0.00138787
-0.00134953
-0.00130616
-0.00126676
-0.00123302
-0.00119291
-0.00115205
-0.0011089
-0.00106748
-0.00102527
-0.000982653
-0.00094139
-0.000899048
-0.000857945
-0.000815329
-0.000775312
-0.000715723
-0.000674126
-0.000635436
-0.00059452
-0.000557017
-0.000516509
-0.000475614
-0.00043707
-0.000397534
-0.000357093
-0.000316525
-0.000276865
-0.000217863
-0.000176221
-0.000136503
-0.000100121
-5.68753e-05
-1.4511e-05
3.37957e-05
7.63184e-05
0.000118664
0.000161488
0.000192537
0.000220202
0.000260356
0.000299041
0.000340342
0.000381268
0.000418527
0.000462965
0.000504674
0.000543029
0.00058551
0.000630098
0.000676263
0.000718271
0.000757927
0.000797063
0.000840778
0.000881228
0.000911258
0.00095233
0.000993761
0.00103484
0.00108018
0.00112395
0.00117556
0.00121656
0.00125732
0.00129644
0.0013367
0.00137514
0.00140173
0.00144201
0.00148174
0.00152568
0.0015845
0.00162253
0.00165473
0.00169298
0.00173445
0.00177644
0.00181645
0.00185938
0.00192093
0.00197902
0.00201656
0.002055
0.0020937
0.00213344
0.00217237
0.00221867
0.00225883
0.00229752
0.00233755
0.00237623
0.00241635
0.00245815
0.0024998
0.00254172
0.00257865
0.00261714
0.00266343
0.00270415
0.00274549
0.00278584
0.00283675
0.00287782
0.00291907
0.00295527
0.00300333
0.003045
0.00308594
0.00313266
0.00317667
0.00322098
0.00326614
0.00330723
0.00335576
0.00340456
0.00344766
0.00350147
0.00355448
0.00362086
0.0036643
0.00370292
0.00374294
0.00378398
0.00382115
0.00385941
0.00389836
0.0039389
0.00397805
0.00401783
0.00405841
0.00409786
0.00413704
0.00417391
0.00421464
0.00425311
0.00429348
0.004332
0.00437392
0.00441456
0.00445137
0.00449125
0.00453064
0.00457068
0.00461132
0.00463956
0.00467859
0.00472138
0.00476331
0.00480299
0.00484648
0.00488697
0.00492641
0.00497172
0.00501234
0.00505072
0.00509277
0.00513885
0.00518145
0.00522148
0.00526362
0.00530276
0.00534396
0.00538544
0.00542479
0.00546948
0.00551025
0.00555049
0.00558474
0.00562765
0.00567023
0.00570929
0.00574853
0.00579346
0.00583386
0.00586447
0.00590734
0.00595131
0.00599317
0.00603569
0.00607879
0.00612386
0.00616557
0.00620702
0.00625391
0.00629456
0.00633832
0.00637562
0.00641831
0.00646514
0.00650803
0.00655098
0.00659295
0.00663705
0.00668166
0.00671751
0.00676036
0.006816
0.00685945
0.0069029
0.00694139
0.00699163
0.00703331
0.00707272
0.00711241
0.00715372
0.00720377
0.00724869
0.00728934
0.00733167
0.007367
0.00741323
0.00745855
0.0075004
0.00754326
0.00758255
0.00762653
0.00767736
0.00771704
0.00776128
0.00780362
0.00784618
0.00788862
0.00794013
0.00798313
0.0080351
0.00806219
0.00810462
0.00816594
0.00821504
0.00825568
0.0083044
0.00834567
0.00838925
0.00840917
0.00845893
0.00849702
0.00853893
0.00858472
0.00862923
0.00867274
0.00871735
0.00877646
0.00882751
0.00886714
0.00891451
0.00895622
0.00899764
0.00905846
0.00910455
0.00914722
0.00918963
0.0092151
0.00926171
0.00932082
0.00936596
0.00941226
0.00948399
0.00953119
0.00958577
0.00962574
0.00967018
0.00971663
0.00976093
0.00981861
0.00987224
0.00990975
0.00996287
0.010005
0.010054
0.0101008
0.010145
0.0101947
0.0102386
0.0102869
0.0103265
0.0103687
0.010412
0.0104545
0.0104963
0.0105377
0.0105812
0.0106269
0.0106672
0.0107133
0.0107596
0.010805
0.010849
0.0108925
0.0109347
0.0109788
0.0110211
0.0110465
0.0110846
0.0111493
0.0111799
0.0112255
0.0112712
0.0113133
0.0113576
0.011428
0.0114691
0.0115167
0.0115594
0.0116014
0.0116449
0.011692
0.0117355
0.0117801
0.011823
0.0118689
0.0118917
0.0119345
0.0119793
0.0120221
0.0120642
0.0121094
0.0121533
0.0121954
0.0122412
0.0122826
0.0123254
0.0123695
0.0124192
0.0124633
0.0125078
0.012557
0.0125988
0.0126449
0.0126864
0.0127289
0.0127722
0.0128173
0.0128614
0.0129036
0.0129461
0.0129912
0.0130333
0.0130771
0.0131254
0.0131721
0.0132178
0.0132608
0.0133075
0.0133546
0.0134004
0.0134444
0.0134825
0.0135269
0.01357
0.0136156
0.0136629
0.0137076
0.0137548
0.0137974
0.0138479
0.0138958
0.013942
0.0139879
0.01404
0.0140789
0.0141255
0.0141689
0.0141997
0.0142452
0.0142909
0.0143375
0.0143883
0.0144308
0.0144762
0.0145246
0.0145699
0.0146157
0.0146641
0.014711
0.0147568
0.0148045
0.014852
0.0148971
0.0149427
0.0149841
0.0150265
0.0150731
0.0151198
0.0151638
0.0152076
0.0152541
0.0152999
0.0153468
0.0153969
0.0154454
0.0154938
0.0155393
0.0155857
0.015634
0.0156846
0.0157352
0.0157756
0.0158442
0.0158874
0.0159312
0.0159738
0.0160223
0.0160677
0.0161106
0.0161572
0.0161977
0.0162498
0.0162943
0.0163451
0.0163953
0.0164306
0.0164832
0.0165265
0.0165748
0.0166224
0.0166645
0.0167081
0.0167578
0.0168004
0.0168486
0.0168927
0.0169344
0.0169819
0.0170287
0.0170737
0.0171218
0.0171752
0.0172186
0.0172626
0.0173094
0.0173602
0.0174034
0.0174527
0.0174997
0.0175464
0.0175948
0.0176398
0.0176892
0.0177328
0.0177835
0.0178339
0.0178801
0.0179273
0.0179704
0.0180182
0.0180691
0.0181107
0.0181582
0.0182028
0.0182516
0.0182943
0.018353
0.0184005
0.0184496
0.0184941
0.0185449
0.0185972
0.0186469
0.0186989
0.0187448
0.0187899
0.0188412
0.0188706
0.0189223
0.0189731
0.019016
0.0190638
0.0191164
0.0191706
0.0192166
0.0192621
0.0193083
0.0193562
0.0194076
0.0194573
0.0195014
0.0195575
0.0195994
0.0196431
0.0196856
0.0197372
0.0197848
0.0198362
0.0198864
0.0199362
0.0199818
0.0200318
0.0200815
0.0201323
0.0201794
0.0202308
0.0202779
0.020322
0.0203715
0.0204151
0.0204638
0.0205076
0.0205617
0.0206204
0.0206686
0.0207212
0.0207688
0.0208305
0.020883
0.020918
0.0209821
0.0210308
0.0210764
0.0210965
0.021145
0.0211953
0.0212792
0.0213208
0.0213728
0.0214277
0.0214793
0.0215265
0.0215712
0.0216346
0.0216874
0.0217344
0.0217913
0.0218399
0.021892
0.0219332
0.0219801
0.0220321
0.0220782
0.0221378
0.0221854
0.0222322
0.0222836
0.0223143
0.0223602
0.0223947
0.0224479
0.0224845
0.0225351
0.0225821
0.0226332
0.0226872
0.0227455
0.0228075
0.0228563
0.022899
0.0229411
0.0229999
0.0230514
0.0231079
0.0231605
0.0232249
0.0232673
0.0233204
0.0233657
0.0234184
0.0234702
0.0235124
0.0235588
0.0236112
0.0236652
0.0237211
0.023782
0.0238296
0.0238799
0.0239288
0.023978
0.0240208
0.0240664
0.0241165
0.0241653
0.024231
0.0242775
0.0243282
0.0243869
0.0244392
0.0244941
0.0245273
0.0245798
0.0246377
0.0246871
0.024767
0.0248176
0.024855
0.0249128
0.0249736
0.0250178
0.0250658
0.0251143
0.0251621
0.0252133
0.0252604
0.0253104
0.0253683
0.0254119
0.0254629
0.0255121
0.0255632
0.0256118
0.0256591
0.0257245
0.0257689
0.0258264
0.025862
0.0259097
0.0259632
0.0260094
0.0260702
0.0261241
0.0261829
0.0262253
0.0262737
0.0263254
0.0263852
0.0264324
0.0264833
0.0265282
0.0265835
0.026633
0.0266844
0.0267263
0.0267756
0.0268237
0.026878
0.0269304
0.0269825
0.027035
0.0270808
0.0271444
0.0271926
0.0272517
0.0273056
0.0273433
0.0273965
0.0274389
0.027505
0.0275542
0.0276117
0.0276654
0.027714
0.0277655
0.0278052
0.0278581
0.0279142
0.0279634
0.0280174
0.0280725
0.0281173
0.0281658
0.0282195
0.0282822
0.0283327
0.0283887
0.028457
0.028511
0.0285525
0.0285979
0.0286488
0.0286992
0.0287534
0.0288059
0.0288674
0.0289146
0.0289594
0.0290794
0.0291248
0.0291804
0.0292355
0.0292912
0.0293428
0.0293975
0.0293815
0.0294399
0.0294843
0.0295385
0.0296067
0.0296613
0.0297066
0.0297586
0.0298019
0.0298628
0.0299122
0.0299703
0.0300273
0.0300804
0.030128
0.0301794
0.0302292
0.0302852
0.0303395
0.0304002
0.0304576
0.0305102
0.0305591
0.0306091
0.0306644
0.0307251
0.0307817
0.0308297
0.0308839
0.0309285
0.0309812
0.0310417
0.0310985
0.0311594
0.0312134
0.0312641
0.0313231
0.031384
0.0314303
0.0314853
0.0315444
0.0315961
0.0316511
0.031699
0.0317626
0.0318183
0.0318726
0.03192
0.0319795
0.0320339
0.0320929
0.0321404
0.0321863
0.0322587
0.0323195
0.032376
0.0324315
0.0324812
0.032542
0.0325993
0.0326569
0.0327184
0.0327721
0.0328359
0.0328923
0.0329327
0.0329988
0.0330693
0.0331271
0.0331973
0.0332534
0.0333114
0.0333569
0.0334206
0.0334702
0.0334909
0.0335537
0.0336164
0.033681
0.0337274
0.0337861
0.0338451
0.0339
0.0339594
0.0340211
0.0340832
0.0341393
0.0341874
0.0342487
0.0343161
0.0343682
0.0344264
0.0345059
0.034555
0.0345972
0.0346544
0.0347152
0.034768
0.0348343
0.0348911
0.0349438
0.0350074
0.0350796
0.035147
0.0352014
0.0352634
0.035317
0.035383
0.0355015
0.0355642
0.0356232
0.0356955
0.0357439
0.0358257
0.0358666
0.0359208
0.0359784
0.0360462
0.0360941
0.036167
0.0362269
0.036278
0.0363398
0.0364054
0.0364632
0.0365174
0.0365208
0.0365807
0.0366419
0.0367084
0.0367398
0.0368044
0.0368642
0.0369148
0.037004
0.0370674
0.037125
0.037173
0.0372659
0.0373125
0.0373613
0.0374356
0.0374956
0.0375509
0.0376261
0.0376747
0.0377387
0.0378072
0.037867
0.0379326
0.037992
0.038052
0.0381081
0.0381803
0.0382296
0.0383215
0.0383872
0.0384344
0.0384909
0.0385498
0.0386148
0.0386837
0.0387585
0.0388139
0.0388818
0.0389536
0.039016
0.039053
0.0391089
0.0391784
0.0392335
0.0392947
0.0393583
0.0394138
0.0394505
0.0395273
0.0396287
0.0396476
0.0397173
0.0397677
0.0398351
0.0399231
0.0400019
0.0400702
0.0401409
0.0402047
0.0402805
0.0403415
0.0404132
0.0404692
0.040539
0.0406069
0.04069
0.0407437
0.0408024
0.0408655
0.0409518
0.0410287
0.0410612
0.0411322
0.0412838
0.0413536
0.0414198
0.0414864
0.0415504
0.0416227
0.0416724
0.0417391
0.0418079
0.0418971
0.0419657
0.0419978
0.0420564
0.0421184
0.0421845
0.0421645
0.0422617
0.0423299
0.0424111
0.0424809
0.0425465
0.0426052
0.0426054
0.0427048
0.0427929
0.0428551
0.0429225
0.0429449
0.0430167
0.0430676
0.0431677
0.043241
0.0433299
0.0433964
0.0434801
0.0435846
0.0436301
0.0437033
0.0437792
0.0438631
0.0439457
0.0440142
0.0441013
0.0441451
0.0442197
0.0442652
0.044331
0.0444209
0.0445059
0.0445866
0.0446556
0.0447329
0.0447775
0.0448239
0.0526861
0.0526995
0.0551482
0.0554435
0.0554876
0.0556555
0.0556692
0.0561683
0.0564479
0.0568665
0.0572897
0.0590043
0.0590335
0.0600039
0.060818
0.0607136
0.0612943
0.082497
0.0967666
0.0966902
0.0974637
0.0967182
0.097814
0.0979625
0.098568
0.0997266
0.0999779
0.101691
0.10288
0.104212
0.104327
0.106409
0.108143
0.108616
0.109831
0.123004
0.12308
0.148513
0.14858
0.146519
0.146018
0.147134
0.148016
0.147915
0.148441
0.149506
0.149705
0.151798
0.152273
0.1544
0.156148
0.129916
0.159116
0.157487
0.154506
0.154401
0.153936
0.154006
0.153407
0.153594
0.154249
0.154428
0.155398
0.156906
0.156543
0.156942
0.15969
0.110346
0.132391
0.131035
0.129287
0.129303
0.129099
0.128392
0.128662
0.127599
0.127641
0.127934
0.128685
0.130424
0.130531
0.0837486
0.0839387
0.0989845
0.0968512
0.096085
0.0946741
0.0937534
0.0943776
0.0942314
0.0941042
0.094286
0.0945508
0.0951765
0.0744966
0.0740795
0.0728345
0.0722094
0.0721489
0.0720842
0.0720096
0.071958
0.0724541
0.0723754
0.0726601
0.0729934
0.0630216
0.0627084
0.0625797
0.0624035
0.0623468
0.0623662
0.0623545
0.0624859
0.0588591
0.0590461
0.0592273
0.0591201
0.0591
0.0591286
0.0591727
0.0592484
0.0592984
0.0593603
0.0594995
0.0585712
0.058657
0.0587476
0.0588863
0.0589442
0.0590569
0.0590288
0.0591592
0.0593492
0.0595515
0.0597596
0.0600345
0.0602757
0.060485
0.0606771
0.060941
0.0611489
0.0614732
0.0617385
0.0620597
0.0624301
0.062739
0.0628812
0.0631573
0.063618
0.0639059
0.0641639
0.0644053
0.0646366
0.0650451
0.0655174
0.0659625
0.0665098
0.067109
0.0674152
0.0678147
0.0682262
0.0686952
0.0694142
0.0700862
0.0707611
0.0707932
0.0713682
0.0718682
0.0725233
0.0737259
0.0741511
0.074874
0.0759111
0.0773538
0.0786866
0.0807005
0.0808685
0.082487
0.0839225
0.0860137
0.0879613
0.0902824
0.0908845
0.0930839
0.0946126
0.0964228
0.0987157
0.102213
0.103708
0.105618
0.108731
0.111462
0.114847
0.117318
0.118512
0.122321
0.124632
0.128777
0.131672
0.133076
0.135148
0.137904
0.141441
0.142423
0.143686
0.144936
0.14634
0.147006
0.147643
0.148613
0.149146
0.149332
0.149615
0.149901
0.150259
0.15055
0.150786
0.150829
0.150935
0.150991
0.151014
0.151143
0.151284
0.15129
0.151367
0.151303
0.151336
0.151419
0.151419
0.151448
0.151461
0.151476
0.151497
0.151522
0.15146
0.151583
0.151572
0.151621
0.15165
0.151547
0.151611
0.151599
0.151639
0.151693
0.151689
0.151635
0.15171
0.15175
0.15179
0.151791
0.151871
0.151896
0.151896
0.151898
0.151887
0.151854
0.151841
0.151887
0.151785
0.151882
0.151884
0.151936
0.151993
0.151986
0.151934
0.15197
0.152007
0.152037
0.151914
0.15196
0.15197
0.152036
0.152095
0.152163
0.15215
0.152188
0.152205
0.152219
0.152239
0.152257
0.152299
0.152305
0.152334
0.15238
0.152386
0.15235
0.152379
0.1524
0.152417
0.152448
0.15243
0.152496
0.152501
0.152481
0.152524
0.152649
0.152613
0.15266
0.152661
0.152576
0.152675
0.152646
0.152559
0.152494
0.15244
0.152467
0.152483
0.152504
0.152507
0.152542
0.152561
0.152654
0.152626
0.152554
0.152606
0.152677
0.152655
0.152652
0.152648
0.152718
0.152762
0.152745
0.152763
0.152798
0.152889
0.152851
0.152888
0.152903
0.152963
0.152949
0.152978
0.152997
0.153019
0.153019
0.152984
0.153025
0.153001
0.153021
0.153058
0.153103
0.153175
0.15312
0.15316
0.153217
0.153241
0.153255
0.153263
0.153289
0.153229
0.153235
0.153178
0.153196
0.153145
0.153134
0.153196
0.153222
0.153241
0.153235
0.153273
0.153275
0.153356
0.153349
0.15337
0.153372
0.153416
0.153509
0.153483
0.153507
0.153523
0.15353
0.153592
0.153556
0.153592
0.153579
0.153645
0.153597
0.15367
0.153643
0.153787
0.153801
0.153843
0.153872
0.153849
0.153885
0.153932
0.153848
0.153859
0.153853
0.153867
0.153897
0.15392
0.153926
0.153919
0.15397
0.153966
0.153934
0.153994
0.154029
0.154013
0.154007
0.153935
0.153986
0.15404
0.153991
0.154007
0.154088
0.154106
0.154161
0.154083
0.154092
0.154136
0.15417
0.154238
0.154138
0.154254
0.154299
0.154264
0.154299
0.154348
0.154323
0.154413
0.154432
0.154444
0.154455
0.154406
0.154485
0.154437
0.154444
0.154521
0.154595
0.154624
0.154615
0.154652
0.154687
0.154673
0.154711
0.154723
0.154747
0.154797
0.154806
0.154796
0.154833
0.154784
0.154776
0.154837
0.154795
0.154761
0.154708
0.15475
0.154797
0.154861
0.154827
0.154883
0.154911
0.154909
0.154998
0.154943
0.155004
0.155058
0.155029
0.154967
0.155005
0.155095
0.155059
0.155085
0.155106
0.155136
0.155097
0.15516
