-0.0540687
-0.0530809
-0.0520932
-0.0511055
-0.0501178
-0.0491301
-0.0481424
-0.0471547
-0.046167
-0.0451792
-0.0441915
-0.0432038
-0.0422161
-0.0412284
-0.0402407
-0.039253
-0.0382652
-0.0372775
-0.0362898
-0.0353021
-0.0343144
-0.0333267
-0.032339
-0.0313513
-0.0303635
-0.0293758
-0.0283881
-0.0274004
-0.0264127
-0.025425
-0.0244373
-0.0234496
-0.0224618
-0.0214741
-0.0204864
-0.0194987
-0.018511
-0.0175233
-0.0165356
-0.0155479
-0.0145601
-0.0135724
-0.0125847
-0.011597
-0.0106093
-0.00962158
-0.00863387
-0.00764615
-0.00665844
-0.00567073
-0.00468301
-0.0036953
-0.00270759
-0.00171988
-0.000732163
0.00025555
0.00124326
0.00223098
0.00321869
0.0042064
0.00519411
0.00618183
0.00716954
0.00815725
0.00914496
0.0101327
0.0111204
0.0121081
0.0130958
0.0140835
0.0150712
0.016059
0.0170467
0.0180344
0.0190221
0.0200098
0.0209975
0.0219852
0.0229729
0.0239607
0.0249484
