-0.171273
-0.171273
-0.171273
-0.171273
-0.171273
-0.171273
-0.171273
-0.171273
-0.171273
-0.171273
-0.171273
-0.171273
-0.171273
-0.171273
-0.171273
-0.171273
-0.171273
-0.171273
-0.171273
-0.171273
-0.171273
-0.171273
-0.171273
-0.171273
-0.171273
-0.171273
-0.171273
-0.171273
-0.171273
-0.171273
-0.171273
-0.171273
-0.171273
-0.171273
-0.171273
-0.171273
-0.171273
-0.171273
-0.171273
-0.171273
-0.171273
-0.171273
-0.171273
-0.171273
-0.171273
-0.171273
-0.171273
-0.171273
-0.171273
-0.171273
-0.171273
-0.171273
-0.171273
-0.171273
-0.171273
-0.171273
-0.171273
-0.171273
-0.171273
-0.171273
-0.171273
-0.171273
-0.171273
-0.171273
-0.171273
-0.171273
-0.171273
-0.171273
-0.171273
-0.171273
-0.171273
-0.171273
-0.171273
-0.171273
-0.171273
-0.171273
-0.171273
-0.171273
-0.171273
-0.171273
-0.171273
-0.171273
-0.171273
-0.171273
-0.171273
-0.171273
-0.171273
-0.171273
-0.171273
-0.171273
-0.171273
-0.171273
-0.171273
-0.171273
-0.171273
-0.171273
-0.171273
-0.171273
-0.171273
-0.171273
-0.171273
-0.171273
-0.171273
-0.171273
-0.171273
-0.171273
-0.171273
-0.171273
-0.171273
-0.171273
-0.171273
-0.171273
-0.171273
-0.171273
-0.171273
-0.171273
-0.171273
-0.171273
-0.171273
-0.171273
-0.171273
-0.171273
-0.171273
-0.171273
-0.171273
-0.171273
-0.171273
-0.171273
-0.171273
-0.171273
-0.171273
-0.171273
-0.171273
-0.171273
-0.171273
-0.171273
-0.171273
-0.171273
-0.171273
-0.171273
-0.171273
-0.171273
-0.171273
-0.171273
-0.171273
-0.171273
-0.171273
-0.171273
-0.171273
-0.171273
-0.171273
-0.171273
-0.171273
-0.171273
-0.171273
-0.171273
-0.171273
-0.171273
-0.171273
-0.171273
-0.171273
-0.171273
-0.171273
-0.171273
-0.171273
-0.171273
-0.171273
-0.171273
-0.171273
-0.171273
-0.171273
-0.171273
-0.171273
-0.171273
-0.171273
-0.171273
-0.171273
-0.171273
-0.171273
-0.171273
-0.171273
-0.171273
-0.171273
-0.171273
-0.171273
-0.171273
-0.171273
-0.171273
-0.171273
-0.171273
-0.171273
-0.171273
-0.171273
-0.171273
-0.171273
-0.171273
-0.171273
-0.171273
-0.171273
-0.171273
-0.171273
-0.171273
-0.171273
-0.171273
-0.171273
-0.171273
-0.171273
-0.171273
-0.171273
-0.171273
-0.171273
-0.171273
-0.171273
-0.171273
-0.171273
-0.171273
-0.171273
-0.171273
-0.171273
-0.171273
-0.171273
-0.171273
-0.171273
-0.171273
-0.171273
-0.171273
-0.171273
-0.171273
-0.171273
-0.171273
-0.171273
-0.171273
-0.171273
-0.171273
-0.171273
-0.171273
-0.171273
-0.171273
-0.171273
-0.171273
-0.171273
-0.171273
-0.171273
-0.171273
-0.171273
-0.171273
-0.171273
-0.171273
-0.171273
-0.171273
-0.171273
-0.171273
-0.171273
-0.171273
-0.171273
-0.171273
-0.171273
-0.171273
-0.171273
-0.171273
-0.171273
-0.171273
-0.171273
-0.171273
-0.171273
-0.171273
-0.171273
-0.171273
-0.171273
-0.171273
-0.171273
-0.171273
-0.171273
-0.171273
-0.171273
-0.171273
-0.171273
-0.171273
-0.171273
-0.171273
-0.171273
-0.171273
-0.171273
-0.171273
-0.171273
-0.171273
-0.171273
-0.171273
-0.171273
-0.171273
-0.171273
-0.171273
-0.171273
-0.171273
-0.171273
-0.171273
-0.171273
-0.171273
-0.171273
-0.171273
-0.171273
-0.171273
-0.171273
-0.171273
-0.171273
-0.171273
-0.171273
-0.171273
-0.171273
-0.171273
-0.171273
-0.171273
-0.171273
-0.171273
-0.171273
-0.171273
-0.171273
-0.171273
-0.171273
-0.171273
-0.171273
-0.171273
-0.171273
-0.171273
-0.171273
-0.171273
-0.171273
-0.171273
-0.171273
-0.171273
-0.171273
-0.171273
-0.171273
-0.171273
-0.171273
-0.171273
-0.171273
-0.171273
-0.171273
-0.171273
-0.171273
-0.171273
-0.171273
-0.171273
-0.171273
-0.171273
-0.171273
-0.171273
-0.171273
-0.171273
-0.171273
-0.171273
-0.171273
-0.171273
-0.171273
-0.171273
-0.171273
-0.171273
-0.171273
-0.171273
-0.171273
-0.171273
-0.171273
-0.171273
-0.171273
-0.171273
-0.171273
-0.171273
-0.171273
-0.171273
-0.171273
-0.171273
-0.171273
-0.171273
-0.171273
-0.171273
-0.171273
-0.171273
-0.171273
-0.171273
-0.171273
-0.171273
-0.171273
-0.171273
-0.171273
-0.171273
-0.171273
-0.171273
-0.171273
-0.171273
-0.171273
-0.171273
-0.171273
-0.171273
-0.171273
-0.171273
-0.171273
-0.171273
-0.171273
-0.171273
-0.171273
-0.171273
-0.171273
-0.171273
-0.171273
-0.171273
-0.171273
-0.171273
-0.171273
-0.171273
-0.171273
-0.171273
-0.171273
-0.171273
-0.171273
-0.171273
-0.171273
-0.171273
-0.171273
-0.171273
-0.171273
-0.171273
-0.171273
-0.171273
-0.171273
-0.171273
-0.171273
-0.171273
-0.171273
-0.171273
-0.171273
-0.171273
-0.171273
-0.171273
-0.171273
-0.171273
-0.171273
-0.171273
-0.171273
-0.171273
-0.171273
-0.171273
-0.171273
-0.171273
-0.171273
-0.171273
-0.171273
-0.171273
-0.171273
-0.171273
-0.171273
-0.171273
-0.171273
-0.171273
-0.171273
-0.171273
-0.171273
-0.171273
-0.171273
-0.171273
-0.171273
-0.171273
-0.171273
-0.171273
-0.171273
-0.171273
-0.171273
-0.171273
-0.171273
-0.171273
-0.171273
-0.171273
-0.171273
-0.171273
-0.171273
-0.171273
-0.171273
-0.171273
-0.171273
-0.171273
-0.171273
-0.171273
-0.171273
-0.171273
-0.171273
-0.171273
-0.171273
-0.171273
-0.171273
-0.171273
-0.171273
-0.171273
-0.171273
-0.171273
-0.171273
-0.171273
-0.171273
-0.171273
-0.171273
-0.171273
-0.171273
-0.171273
-0.171273
-0.171273
-0.171273
-0.171273
-0.171273
-0.171273
-0.171273
-0.171273
-0.171273
-0.171273
-0.171273
-0.171273
-0.171273
-0.171273
-0.171273
-0.171273
-0.171273
-0.171273
-0.171273
-0.171273
-0.171273
-0.171273
-0.171273
-0.171273
-0.171273
-0.171273
-0.171273
-0.171273
-0.171273
-0.171273
-0.171273
-0.171273
-0.171273
-0.171273
-0.171273
-0.171273
-0.171273
-0.171273
-0.171273
-0.171273
-0.171273
-0.171273
-0.171273
-0.171273
-0.171273
-0.171273
-0.171273
-0.171273
-0.171273
-0.171273
-0.171273
-0.171273
-0.171273
-0.171273
-0.171273
-0.171273
-0.171273
-0.171273
-0.171273
-0.171273
-0.171273
-0.171273
-0.171273
-0.171273
-0.171273
-0.171273
-0.171273
-0.171273
-0.171273
-0.171273
-0.171273
-0.171273
-0.171273
-0.171273
-0.171273
-0.171273
-0.171273
-0.171273
-0.171273
-0.171273
-0.171273
-0.171273
-0.171273
-0.171273
-0.171273
-0.171273
-0.171273
-0.171273
-0.171273
-0.171273
-0.171273
-0.171273
-0.171273
-0.171273
-0.171273
-0.171273
-0.171273
-0.171273
-0.171273
-0.171273
-0.171273
-0.171273
-0.171273
-0.171273
-0.171273
-0.171273
-0.171273
-0.171273
-0.171273
-0.171273
-0.171273
-0.171273
-0.171273
-0.171273
-0.171273
-0.171273
-0.171273
-0.171273
-0.171273
-0.171273
-0.171273
-0.171273
-0.171273
-0.171273
-0.171273
-0.171273
-0.171273
-0.171273
-0.171273
-0.171273
-0.171273
-0.171273
-0.171273
-0.171273
-0.171273
-0.171273
-0.171273
-0.171273
-0.171273
-0.171273
-0.171273
-0.171273
-0.171273
-0.171273
-0.171273
-0.171273
-0.171273
-0.171273
-0.171273
-0.171273
-0.171273
-0.171273
-0.171273
-0.171273
-0.171273
-0.171273
-0.171273
-0.171273
-0.171273
-0.171273
-0.171273
-0.171273
-0.171273
-0.171273
-0.171273
-0.171273
-0.171273
-0.171273
-0.171273
-0.171273
-0.171273
-0.171273
-0.171273
-0.171273
-0.171273
-0.171273
-0.171273
-0.171273
-0.171273
-0.171273
-0.171273
-0.171273
-0.171273
-0.171273
-0.171273
-0.171273
-0.171273
-0.171273
-0.171273
-0.171273
-0.171273
-0.171273
-0.171273
-0.171273
-0.171273
-0.171273
-0.171273
-0.171273
-0.171273
-0.171273
-0.171273
-0.171273
-0.171273
-0.171273
-0.171273
-0.171273
-0.171273
-0.171273
-0.171273
-0.171273
-0.171273
-0.171273
-0.171273
-0.171273
-0.171273
-0.171273
-0.171273
-0.171273
-0.171273
-0.171273
-0.171273
-0.171273
-0.171273
-0.171273
-0.171273
-0.171273
-0.171273
-0.171273
-0.171273
-0.171273
-0.171273
-0.171273
-0.171273
-0.171273
-0.171273
-0.171273
-0.171273
-0.171273
-0.171273
-0.171273
-0.171273
-0.171273
-0.171273
-0.171273
-0.171273
-0.171273
-0.171273
-0.171273
-0.171273
-0.171273
-0.171273
-0.171273
-0.171273
-0.171273
-0.171273
-0.171273
-0.171273
-0.171273
-0.171273
-0.171273
-0.171273
-0.171273
-0.171273
-0.171273
-0.171273
-0.171273
-0.171273
-0.171273
-0.171273
-0.171273
-0.171273
-0.171273
-0.171273
-0.171273
-0.171273
-0.171273
-0.171273
-0.171273
-0.171273
-0.171273
-0.171273
-0.171273
-0.171273
-0.171273
-0.171273
-0.171273
-0.171273
-0.171273
-0.171273
-0.171273
-0.171273
-0.171273
-0.171273
-0.171273
-0.171273
-0.171273
-0.171273
-0.171273
-0.171273
-0.171273
-0.171273
-0.171273
-0.171273
-0.171273
-0.171273
-0.171273
-0.171273
-0.171273
-0.171273
-0.171273
-0.171273
-0.171273
-0.171273
-0.171273
-0.171273
-0.171273
-0.171273
-0.171273
-0.171273
-0.171273
-0.171273
-0.171273
-0.171273
-0.171273
-0.171273
-0.171273
-0.171273
-0.171273
-0.171273
-0.171273
-0.171273
-0.171273
-0.171273
-0.171273
-0.171273
-0.171273
-0.171273
-0.171273
-0.171273
-0.171273
-0.171273
-0.171273
-0.171273
-0.171273
-0.171273
-0.171273
-0.171273
-0.171273
-0.171273
-0.171273
-0.171273
-0.171273
-0.171273
-0.171273
-0.171273
-0.171273
-0.171273
-0.171273
-0.171273
-0.171273
-0.171273
-0.171273
-0.171273
-0.171273
-0.171273
-0.171273
-0.171273
-0.171273
-0.171273
-0.171273
-0.171273
-0.171273
-0.171273
-0.171273
-0.171273
-0.171273
-0.171273
-0.171273
-0.171273
-0.171273
-0.171273
-0.171273
-0.171273
-0.171273
-0.171273
-0.171273
-0.171273
-0.171273
-0.171273
-0.171273
-0.171273
-0.171273
-0.171273
-0.171273
-0.171273
-0.171273
-0.171273
-0.171273
-0.171273
-0.171273
-0.171273
-0.171273
-0.171273
-0.171273
-0.171273
-0.171273
-0.171273
-0.171273
-0.171273
-0.171273
-0.171273
-0.171273
-0.171273
-0.171273
-0.171273
-0.171273
-0.171273
-0.171273
-0.171273
-0.171273
-0.171273
-0.171273
-0.171273
-0.171273
-0.171273
-0.171273
-0.171273
-0.171273
-0.171273
-0.171273
-0.171273
-0.171273
-0.171273
-0.171273
-0.171273
-0.171273
-0.171273
-0.171273
-0.171273
-0.171273
-0.171273
-0.171273
-0.171273
-0.171273
-0.171273
-0.171273
-0.171273
-0.171273
-0.171273
-0.171273
-0.171273
-0.171273
-0.171273
-0.171273
-0.171273
-0.171273
-0.171273
-0.171273
-0.171273
-0.171273
-0.171273
-0.171273
-0.171273
-0.171273
-0.171273
-0.171273
-0.171273
-0.171273
-0.171273
-0.171273
-0.171273
-0.171273
-0.171273
-0.171273
-0.171273
-0.171273
-0.171273
-0.171273
-0.171273
-0.171273
-0.171273
-0.171273
-0.171273
-0.171273
-0.171273
-0.171273
-0.171273
-0.171273
-0.171273
-0.171273
-0.171273
-0.171273
-0.171273
-0.171273
-0.171273
-0.171273
-0.171273
-0.171273
-0.171273
-0.171273
-0.171273
-0.171273
-0.171273
-0.171273
-0.171273
-0.171273
-0.171273
-0.171273
-0.171273
-0.171273
-0.171273
-0.171273
-0.171273
-0.171273
-0.171273
-0.171273
-0.171273
-0.171273
-0.171273
-0.171273
-0.171273
-0.171273
-0.171273
-0.171273
-0.171273
-0.171273
-0.171273
-0.171273
-0.171273
-0.171273
-0.171273
-0.171273
-0.171273
-0.171273
-0.171273
-0.171273
-0.171273
-0.171273
-0.171273
-0.171273
-0.171273
-0.171273
-0.171273
-0.171273
-0.171273
-0.171273
-0.171273
-0.171273
-0.171273
-0.171273
-0.171273
-0.171273
-0.171273
-0.171273
-0.171273
-0.171273
-0.171273
-0.171273
-0.171273
-0.171273
-0.171273
-0.171273
-0.171273
-0.171273
-0.171273
-0.171273
-0.171273
-0.171273
-0.171273
-0.171273
-0.171273
-0.171273
-0.171273
-0.171273
-0.171273
-0.171273
-0.171273
-0.171273
-0.171273
-0.171273
-0.171273
-0.171273
-0.171273
-0.171273
-0.171273
-0.171273
-0.171273
-0.171273
-0.171273
-0.171273
-0.171273
-0.171273
-0.171273
-0.171273
-0.171273
-0.171273
-0.171273
-0.171273
-0.171273
-0.171273
-0.171273
-0.171273
-0.171273
-0.171273
-0.171273
-0.171273
-0.171273
-0.171273
-0.171273
-0.171273
-0.171273
-0.171273
-0.171273
-0.171273
-0.171273
-0.171273
-0.171273
-0.171273
-0.171273
-0.171273
-0.171273
-0.171273
-0.171273
-0.171273
-0.171273
-0.171273
-0.171273
-0.171273
-0.171273
-0.171273
-0.171273
-0.171273
-0.171273
-0.171273
-0.171273
-0.171273
-0.171273
-0.171273
-0.171273
-0.171273
-0.171273
-0.171273
-0.171273
-0.171273
-0.171273
-0.171273
-0.171273
-0.171273
-0.171273
-0.171273
-0.171273
-0.171273
-0.171273
-0.171273
-0.171273
-0.171273
-0.171273
-0.171273
-0.171273
-0.171273
-0.171273
-0.171273
-0.171273
-0.171273
-0.171273
-0.171273
-0.171273
-0.171273
-0.171273
-0.171273
-0.171273
-0.171273
-0.171273
-0.171273
-0.171273
-0.171273
-0.171273
-0.171273
-0.171273
-0.171273
-0.171273
-0.171273
-0.171273
-0.171273
-0.171273
-0.171273
-0.171273
-0.171273
-0.171273
-0.171273
-0.171273
-0.171273
-0.171273
-0.171273
-0.171273
-0.171273
-0.171273
-0.171273
-0.171273
-0.171273
-0.171273
-0.171273
-0.171273
-0.171273
-0.171273
-0.171273
-0.171273
-0.171273
-0.171273
-0.171273
-0.171273
-0.171273
-0.171273
-0.171273
-0.171273
-0.171273
-0.171273
-0.171273
-0.171273
-0.171273
-0.171273
-0.171273
-0.171273
-0.171273
-0.171273
-0.171273
-0.171273
-0.171273
-0.171273
-0.171273
-0.171273
-0.171273
-0.171273
-0.171273
-0.171273
-0.171273
-0.171273
-0.171273
-0.171273
-0.171273
-0.171273
-0.171273
-0.171273
-0.171273
-0.171273
-0.171273
-0.171273
-0.171273
-0.171273
-0.171273
-0.171273
-0.171273
-0.171273
-0.171273
-0.171273
-0.171273
-0.171273
-0.171273
-0.171273
-0.171273
-0.171273
-0.171273
-0.171273
-0.171273
-0.171273
-0.171273
-0.171273
-0.171273
-0.171273
-0.171273
-0.171273
-0.171273
-0.171273
-0.171273
-0.171273
-0.171273
-0.171273
-0.171273
-0.171273
-0.171273
-0.171273
-0.171273
-0.171273
-0.171273
-0.171273
-0.171273
-0.171273
-0.171273
-0.171273
-0.171273
-0.171273
-0.171273
-0.171273
-0.171273
-0.171273
-0.171273
-0.171273
-0.171273
-0.171273
-0.171273
-0.171273
-0.171273
-0.171273
-0.171273
-0.171273
-0.171273
-0.171273
-0.171273
-0.171273
-0.171273
-0.171273
-0.171273
-0.171273
-0.171273
-0.171273
-0.171273
-0.171273
-0.171273
-0.171273
-0.171273
-0.171273
-0.171273
-0.171273
-0.171273
-0.171273
-0.171273
-0.171273
-0.171273
-0.171273
-0.171273
-0.171273
-0.171273
-0.171273
-0.171273
-0.171273
-0.171273
-0.171273
-0.171273
-0.171273
-0.171273
-0.171273
-0.171273
-0.171273
-0.171273
-0.171273
-0.171273
-0.171273
-0.171273
-0.171273
-0.171273
-0.171273
-0.171273
-0.171273
-0.171273
-0.171273
-0.171273
-0.171273
-0.171273
-0.171273
-0.171273
-0.171273
-0.171273
-0.171273
-0.171273
-0.171273
-0.171273
-0.171273
-0.171273
-0.171273
-0.171273
-0.171273
-0.171273
-0.171273
-0.171273
-0.171273
-0.171273
-0.171273
-0.171273
-0.171273
-0.171273
-0.171273
-0.171273
-0.171273
-0.171273
-0.171273
-0.171273
-0.171273
-0.171273
-0.171273
-0.171273
-0.171273
-0.171273
-0.171273
-0.171273
-0.171273
-0.171273
-0.171273
-0.171273
-0.171273
-0.171273
-0.171273
-0.171273
-0.171273
-0.171273
-0.171273
-0.171273
-0.171273
-0.171273
-0.171273
-0.171273
-0.171273
-0.171273
-0.171273
-0.171273
-0.171273
-0.171273
-0.171273
-0.171273
-0.171273
-0.171273
-0.171273
-0.171273
-0.171273
-0.171273
-0.171273
-0.171273
-0.171273
-0.171273
-0.171273
-0.171273
-0.171273
-0.171273
-0.171273
-0.171273
-0.171273
-0.171273
-0.171273
-0.171273
-0.171273
-0.171273
-0.171273
-0.171273
-0.171273
-0.171273
-0.171273
-0.171273
-0.171273
-0.171273
-0.171273
-0.171273
-0.171273
-0.171273
-0.171273
-0.171273
-0.171273
-0.171273
-0.171273
-0.171273
-0.171273
-0.171273
-0.171273
-0.171273
-0.171273
-0.171273
-0.171273
-0.171273
-0.171273
-0.171273
-0.171273
-0.171273
-0.171273
-0.171273
-0.171273
-0.171273
-0.171273
-0.171273
-0.171273
-0.171273
-0.171273
-0.171273
-0.171273
-0.171273
-0.171273
-0.171273
-0.171273
-0.171273
-0.171273
-0.171273
-0.171273
-0.171273
-0.171273
-0.171273
-0.171273
-0.171273
-0.171273
-0.171273
-0.171273
-0.171273
-0.171273
-0.171273
-0.171273
-0.171273
-0.171273
-0.171273
-0.171273
-0.171273
-0.171273
-0.171273
-0.171273
-0.171273
-0.171273
-0.171273
-0.171273
-0.171273
-0.171273
-0.171273
-0.171273
-0.171273
-0.171273
-0.171273
-0.171273
-0.171273
-0.171273
-0.171273
-0.171273
-0.171273
-0.171273
-0.171273
-0.171273
-0.171273
-0.171273
-0.171273
-0.171273
-0.171273
-0.171273
-0.171273
-0.171273
-0.171273
-0.171273
-0.171273
-0.171273
-0.171273
-0.171273
-0.171273
-0.171273
-0.171273
-0.171273
-0.171273
-0.171273
-0.171273
-0.171273
-0.171273
-0.171273
-0.171273
-0.171273
-0.171273
-0.171273
-0.171273
-0.171273
-0.171273
-0.171273
-0.171273
-0.171273
-0.171273
-0.171273
-0.171273
-0.171273
-0.171273
-0.171273
-0.171273
-0.171273
-0.171273
-0.171273
-0.171273
-0.171273
-0.171273
-0.171273
-0.171273
-0.171273
-0.171273
-0.171273
-0.171273
-0.171273
-0.171273
-0.171273
-0.171273
-0.171273
-0.171273
-0.171273
-0.171273
-0.171273
-0.171273
-0.171273
-0.171273
-0.171273
-0.171273
-0.171273
-0.171273
-0.171273
-0.171273
-0.171273
-0.171273
-0.171273
-0.171273
-0.171273
-0.171273
-0.171273
-0.171273
-0.171273
-0.171273
-0.171273
-0.171273
-0.171273
-0.171273
-0.171273
-0.171273
-0.171273
-0.171273
-0.171273
-0.171273
-0.171273
-0.171273
-0.171273
-0.171273
-0.171273
-0.171273
-0.171273
-0.171273
-0.171273
-0.171273
-0.171273
-0.171273
-0.171273
-0.171273
-0.171273
-0.171273
-0.171273
-0.171273
-0.171273
-0.171273
-0.171273
-0.171273
-0.171273
-0.171273
-0.171273
-0.171273
-0.171273
-0.171273
-0.171273
-0.171273
-0.171273
-0.171273
-0.171273
-0.171273
-0.171273
-0.171273
-0.171273
-0.171273
-0.171273
-0.171273
-0.171273
-0.171273
-0.171273
-0.171273
-0.171273
-0.171273
-0.171273
-0.171273
-0.171273
-0.171273
-0.171273
-0.171273
-0.171273
-0.171273
-0.171273
-0.171273
-0.171273
-0.171273
-0.171273
-0.171273
-0.171273
-0.171273
-0.171273
-0.171273
-0.171273
-0.171273
-0.171273
-0.171273
-0.171273
-0.171273
-0.171273
-0.171273
-0.171273
-0.171273
-0.171273
-0.171273
-0.171273
-0.171273
-0.171273
-0.171273
-0.171273
-0.171273
-0.171273
-0.171273
-0.171273
-0.171273
-0.171273
-0.171273
-0.171273
-0.171273
-0.171273
-0.171273
-0.171273
-0.171273
-0.171273
-0.171273
-0.171273
-0.171273
-0.171273
-0.171273
-0.171273
-0.171273
-0.171273
-0.171273
-0.171273
-0.171273
-0.171273
-0.171273
-0.171273
-0.171273
-0.171273
-0.171273
-0.171273
-0.171273
-0.171273
-0.171273
-0.171273
-0.171273
-0.171273
-0.171273
-0.171273
-0.171273
-0.171273
-0.171273
-0.171273
-0.171273
-0.171273
-0.171273
-0.171273
-0.171273
-0.171273
-0.171273
-0.171273
-0.171273
-0.171273
-0.171273
-0.171273
-0.171273
-0.171273
-0.171273
-0.171273
-0.171273
-0.171273
-0.171273
-0.171273
-0.171273
-0.171273
-0.171273
-0.171273
-0.171273
-0.171273
-0.171273
-0.171273
-0.171273
-0.171273
-0.171273
-0.171273
-0.171273
-0.171273
-0.171273
-0.171273
-0.171273
-0.171273
-0.171273
-0.171273
-0.171273
-0.171273
-0.171273
-0.171273
-0.171273
-0.171273
-0.171273
-0.171273
-0.171273
-0.171273
-0.171273
-0.171273
-0.171273
-0.171273
-0.171273
-0.171273
-0.171273
-0.171273
-0.171273
-0.171273
-0.171273
-0.171273
-0.171273
-0.171273
-0.171273
-0.171273
-0.171273
-0.171273
-0.171273
-0.171273
-0.171273
-0.171273
-0.171273
-0.171273
-0.171273
-0.171273
-0.171273
-0.171273
-0.171273
-0.171273
-0.171273
-0.171273
-0.171273
-0.171273
-0.171273
-0.171273
-0.171273
-0.171273
-0.171273
-0.171273
-0.171273
-0.171273
-0.171273
-0.171273
-0.171273
-0.171273
-0.171273
-0.171273
-0.171273
-0.171273
-0.171273
-0.171273
-0.171273
-0.171273
-0.171273
-0.171273
-0.171273
-0.171273
-0.171273
-0.171273
-0.171273
-0.171273
-0.171273
-0.171273
-0.171273
-0.171273
-0.171273
-0.171273
-0.171273
-0.171273
-0.171273
-0.171273
-0.171273
-0.171273
-0.171273
-0.171273
-0.171273
-0.171273
-0.171273
-0.171273
-0.171273
-0.171273
-0.171273
-0.171273
-0.171273
-0.171273
-0.171273
-0.171273
-0.171273
-0.171273
-0.171273
-0.171273
-0.171273
-0.171273
-0.171273
-0.171273
-0.171273
-0.171273
-0.171273
-0.171273
-0.171273
-0.171273
-0.171273
-0.171273
-0.171273
-0.171273
-0.171273
-0.171273
-0.171273
-0.171273
-0.171273
-0.171273
-0.171273
-0.171273
-0.171273
-0.171273
-0.171273
-0.171273
-0.171273
-0.171273
-0.171273
-0.171273
-0.171273
-0.171273
-0.171273
-0.171273
-0.171273
-0.171273
-0.171273
-0.171273
-0.171273
-0.171273
-0.171273
-0.171273
-0.171273
-0.171273
-0.171273
-0.171273
-0.171273
-0.171273
-0.171273
-0.171273
-0.171273
-0.171273
-0.171273
-0.171273
-0.171273
-0.171273
-0.171273
-0.171273
-0.171273
-0.171273
-0.171273
-0.171273
-0.171273
-0.171273
-0.171273
-0.171273
-0.171273
-0.171273
-0.171273
-0.171273
-0.171273
-0.171273
-0.171273
-0.171273
-0.171273
-0.171273
-0.171273
-0.171273
-0.171273
-0.171273
-0.171273
-0.171273
-0.171273
-0.171273
-0.171273
-0.171273
-0.171273
-0.171273
-0.171273
-0.171273
-0.171273
-0.171273
-0.171273
-0.171273
-0.171273
-0.171273
-0.171273
-0.171273
-0.171273
-0.171273
-0.171273
-0.171273
-0.171273
-0.171273
-0.171273
-0.171273
-0.171273
-0.171273
-0.171273
-0.171273
-0.171273
-0.0256383
-0.0256383
-0.0259588
-0.0259588
-0.0259588
-0.0259588
-0.0259588
-0.0259588
-0.0260833
-0.0260833
-0.0260833
-0.0260833
-0.0270763
-0.0270763
-0.0270763
-0.0270763
-0.0270763
-0.0270763
-0.0272499
-0.0272499
-0.0272499
-0.0272499
-0.0272499
-0.0272499
-0.0272499
-0.0272499
-0.0272499
-0.0274375
-0.0272499
-0.0286867
-0.0286867
-0.0286867
-0.0286867
-0.0286867
-0.0286867
-0.0286867
-0.0286867
-0.0286867
-0.0289484
-0.0295568
-0.0295568
-0.0307928
-0.0307928
-0.0307928
-0.0307928
-0.0307928
-0.0307928
-0.0307928
-0.0307928
-0.0307928
-0.0307928
-0.0307928
-0.0307928
-0.0307928
-0.0307928
-0.0307928
-0.0311383
-0.0311383
-0.0311383
-0.0311383
-0.0311383
-0.0311383
-0.0311383
-0.0311383
-0.0311383
-0.0311383
-0.0304963
-0.0311383
-0.0304963
-0.0311383
-0.029846
-0.0292311
-0.0292311
-0.0292311
-0.0292311
-0.0292311
-0.0292311
-0.0289484
-0.0289484
-0.0289484
-0.0289484
-0.0283516
-0.0283516
-0.0283516
-0.0283516
-0.0283516
-0.0283516
-0.02614
-0.02614
-0.02614
-0.0255999
-0.025438
-0.0255999
-0.025438
-0.025438
-0.025438
-0.025438
-0.0252881
-0.0247637
-0.0247637
-0.0247637
-0.0247637
-0.0247637
-0.0246283
-0.0222005
-0.0222005
-0.0222005
-0.0216677
-0.0216229
-0.0216677
-0.0216229
-0.0215815
-0.0215815
-0.0215815
-0.0210624
-0.0210624
-0.0210278
-0.0210278
-0.0209958
-0.0209958
-0.0209958
-0.0188546
-0.0188546
-0.0188546
-0.0188546
-0.0188546
-0.0188546
-0.0188546
-0.0188546
-0.0188546
-0.0188546
-0.0188546
-0.0188546
-0.0188546
-0.0188546
-0.0188546
-0.0188546
-0.0183846
-0.0183846
-0.0183846
-0.0183846
-0.0183846
-0.0183846
-0.0183846
-0.0183846
-0.0183846
-0.0183846
-0.0183846
-0.0183846
-0.0183846
-0.0183846
-0.0183846
-0.0183846
-0.0183846
-0.0179142
-0.0179142
-0.0179142
-0.0179142
-0.0179142
-0.0179142
-0.0179142
-0.0179142
-0.0179142
-0.0179142
-0.0179142
-0.0179142
-0.0179142
-0.0179142
-0.0179142
-0.0179142
-0.0174426
-0.0174426
-0.0174426
-0.0174426
-0.0174426
-0.0174426
-0.0174426
-0.0174426
-0.0174426
-0.0174426
-0.0174426
-0.0174426
-0.0174426
-0.0174426
-0.0174426
-0.0174426
-0.0174426
-0.0174426
-0.0174426
-0.0169688
-0.0169688
-0.0169688
-0.0169688
-0.0169688
-0.0169688
-0.0169688
-0.0169688
-0.0169688
-0.0169688
-0.0169688
-0.0169688
-0.0169688
-0.0169688
-0.0169688
-0.0169688
-0.0169688
-0.0164922
-0.0164922
-0.0164922
-0.0164922
-0.0164922
-0.0164922
-0.0164922
-0.0164922
-0.0164922
-0.0164922
-0.0164922
-0.0164922
-0.0164922
-0.0164922
-0.0164922
-0.0164922
-0.0164922
-0.0164922
-0.0160123
-0.0160123
-0.0160123
-0.0160123
-0.0160123
-0.0160123
-0.0160123
-0.0160123
-0.0160123
-0.0160123
-0.0160123
-0.0160123
-0.0160123
-0.0160123
-0.0160123
-0.0160123
-0.0160123
-0.0160123
-0.0160123
-0.0160123
-0.0155292
-0.0155292
-0.0155292
-0.0155292
-0.0155292
-0.0155292
-0.0155292
-0.0155292
-0.0155292
-0.0155292
-0.0155292
-0.0155292
-0.0155292
-0.0155292
-0.0155292
-0.0155292
-0.0155292
-0.0155292
-0.0155292
-0.0155292
-0.015043
-0.015043
-0.015043
-0.015043
-0.015043
-0.015043
-0.015043
-0.015043
-0.015043
-0.015043
-0.015043
-0.015043
-0.015043
-0.015043
-0.015043
-0.015043
-0.015043
-0.015043
-0.015043
-0.015043
-0.0145544
-0.0145544
-0.0145544
-0.0145544
-0.0145544
-0.0145544
-0.0145544
-0.0145544
-0.0145544
-0.0145544
-0.0145544
-0.0145544
-0.0145544
-0.0145544
-0.0145544
-0.0145544
-0.0145544
-0.0145544
-0.0145544
-0.0145544
-0.0145544
-0.0140644
-0.0140644
-0.0140644
-0.0140644
-0.0140644
-0.0140644
-0.0140644
-0.0140644
-0.0140644
-0.0140644
-0.0140644
-0.0140644
-0.0140644
-0.0140644
-0.0140644
-0.0140644
-0.0140644
-0.0140644
-0.0140644
-0.0140644
-0.0140644
-0.0135747
-0.0135747
-0.0135747
-0.0135747
-0.0135747
-0.0135747
-0.0135747
-0.0135747
-0.0135747
-0.0135747
-0.0135747
-0.0135747
-0.0135747
-0.0135747
-0.0135747
-0.0135747
-0.0135747
-0.0135747
-0.0135747
-0.0135747
-0.0135747
-0.013087
-0.013087
-0.013087
-0.013087
-0.013087
-0.013087
-0.013087
-0.013087
-0.013087
-0.013087
-0.013087
-0.013087
-0.013087
-0.013087
-0.013087
-0.013087
-0.013087
-0.013087
-0.013087
-0.013087
-0.0126018
-0.0126018
-0.0126018
-0.0126018
-0.0126018
-0.0126018
-0.0126018
-0.0126018
-0.0126018
-0.0126018
-0.0126018
-0.0126018
-0.0126018
-0.0126018
-0.0126018
-0.0126018
-0.0126018
-0.0126018
-0.0126018
-0.0126018
-0.0126018
-0.0121183
-0.0121183
-0.0121183
-0.0121183
-0.0121183
-0.0121183
-0.0121183
-0.0121183
-0.0121183
-0.0121183
-0.0121183
-0.0121183
-0.0121183
-0.0121183
-0.0121183
-0.0121183
-0.0121183
-0.0121183
-0.0121183
-0.0116347
-0.0116347
-0.0116347
-0.0116347
-0.0116347
-0.0116347
-0.0116347
-0.0116347
-0.0116347
-0.0116347
-0.0116347
-0.0116347
-0.0116347
-0.0116347
-0.0116347
-0.0116347
-0.0116347
-0.0116347
-0.0116347
-0.0116347
-0.0111492
-0.0111492
-0.0111492
-0.0111492
-0.0111492
-0.0111492
-0.0111492
-0.0111492
-0.0111492
-0.0111492
-0.0111492
-0.0111492
-0.0111492
-0.0111492
-0.0111492
-0.0111492
-0.0111492
-0.0111492
-0.0111492
-0.0111492
-0.0111492
-0.0106602
-0.0106602
-0.0106602
-0.0106602
-0.0106602
-0.0106602
-0.0106602
-0.0106602
-0.0106602
-0.0106602
-0.0106602
-0.0106602
-0.0106602
-0.0106602
-0.0106602
-0.0106602
-0.0106602
-0.0106602
-0.0106602
-0.0101669
-0.0101669
-0.0101669
-0.0101669
-0.0101669
-0.0101669
-0.0101669
-0.0101669
-0.0101669
-0.0101669
-0.0101669
-0.0101669
-0.0101669
-0.0101669
-0.0101669
-0.0101669
-0.0101669
-0.0101669
-0.0101669
-0.0101669
-0.00966928
-0.00966928
-0.00966928
-0.00966928
-0.00966928
-0.00966928
-0.00966928
-0.00966928
-0.00966928
-0.00966928
-0.00966928
-0.00966928
-0.00966928
-0.00966928
-0.00966928
-0.00966928
-0.00966928
-0.00966928
-0.00966928
-0.00966928
-0.00966928
-0.00916824
-0.00916824
-0.00916824
-0.00916824
-0.00916824
-0.00916824
-0.00916824
-0.00916824
-0.00916824
-0.00916824
-0.00916824
-0.00916824
-0.00916824
-0.00916824
-0.00916824
-0.00916824
-0.00916824
-0.00916824
-0.00916824
-0.00916824
-0.00916824
-0.00916824
-0.00916824
-0.00916824
-0.00916824
-0.00866588
-0.00866588
-0.00866588
-0.00866588
-0.00866588
-0.00866588
-0.00866588
-0.00866588
-0.00866588
-0.00866588
-0.00866588
-0.00866588
-0.00866588
-0.00866588
-0.00866588
-0.00866588
-0.00866588
-0.00866588
-0.00866588
-0.00866588
-0.00866588
-0.00866588
-0.00816472
-0.00816472
-0.00816472
-0.00816472
-0.00816472
-0.00816472
-0.00816472
-0.00816472
-0.00816472
-0.00816472
-0.00816472
-0.00816472
-0.00816472
-0.00816472
-0.00816472
-0.00816472
-0.00816472
-0.00816472
-0.00816472
-0.00816472
-0.00816472
-0.00816472
-0.00766196
-0.00766196
-0.00766196
-0.00766196
-0.00766196
-0.00766196
-0.00766196
-0.00766196
-0.00766196
-0.00766196
-0.00766196
-0.00766196
-0.00766196
-0.00766196
-0.00766196
-0.00766196
-0.00766196
-0.00766196
-0.00766196
-0.00766196
-0.00766196
-0.0071494
-0.0071494
-0.0071494
-0.0071494
-0.0071494
-0.0071494
-0.0071494
-0.0071494
-0.0071494
-0.0071494
-0.0071494
-0.0071494
-0.0071494
-0.0071494
-0.0071494
-0.0071494
-0.0071494
-0.0071494
-0.0071494
-0.0071494
-0.0071494
-0.00662144
-0.00662144
-0.00662144
-0.00662144
-0.00662144
-0.00662144
-0.00662144
-0.00662144
-0.00662144
-0.00662144
-0.00662144
-0.00662144
-0.00662144
-0.00662144
-0.00662144
-0.00662144
-0.00662144
-0.00662144
-0.00662144
-0.00662144
-0.00662144
-0.00662144
-0.00662144
-0.00607636
-0.00607636
-0.00607636
-0.00607636
-0.00607636
-0.00607636
-0.00607636
-0.00607636
-0.00607636
-0.00607636
-0.00607636
-0.00607636
-0.00607636
-0.00607636
-0.00607636
-0.00607636
-0.00607636
-0.00607636
-0.00607636
-0.00607636
-0.00607636
-0.00607636
-0.00607636
-0.00551427
-0.00551427
-0.00551427
-0.00551427
-0.00551427
-0.00551427
-0.00551427
-0.00551427
-0.00551427
-0.00551427
-0.00551427
-0.00551427
-0.00551427
-0.00551427
-0.00551427
-0.00551427
-0.00551427
-0.00551427
-0.00551427
-0.00551427
-0.00551427
-0.00551427
-0.00551427
-0.00551427
-0.00551427
-0.00493661
-0.00493661
-0.00493661
-0.00493661
-0.00493661
-0.00493661
-0.00493661
-0.00493661
-0.00493661
-0.00493661
-0.00493661
-0.00493661
-0.00493661
-0.00493661
-0.00493661
-0.00493661
-0.00493661
-0.00493661
-0.00493661
-0.00493661
-0.00493661
-0.00493661
-0.00493661
-0.00493661
-0.00434595
-0.00434595
-0.00434595
-0.00434595
-0.00434595
-0.00434595
-0.00434595
-0.00434595
-0.00434595
-0.00434595
-0.00434595
-0.00434595
-0.00434595
-0.00434595
-0.00434595
-0.00434595
-0.00434595
-0.00434595
-0.00434595
-0.00434595
-0.00434595
-0.00434595
-0.00434595
-0.00434595
-0.00434595
-0.00374569
-0.00374569
-0.00374569
-0.00374569
-0.00374569
-0.00374569
-0.00374569
-0.00374569
-0.00374569
-0.00374569
-0.00374569
-0.00374569
-0.00374569
-0.00374569
-0.00374569
-0.00374569
-0.00374569
-0.00374569
-0.00374569
-0.00374569
-0.00374569
-0.00374569
-0.00374569
-0.00374569
-0.00374569
-0.00374569
-0.00313971
-0.00313971
-0.00313971
-0.00313971
-0.00313971
-0.00313971
-0.00313971
-0.00313971
-0.00313971
-0.00313971
-0.00313971
-0.00313971
-0.00313971
-0.00313971
-0.00313971
-0.00313971
-0.00313971
-0.00313971
-0.00313971
-0.00313971
-0.00313971
-0.00313971
-0.00313971
-0.00313971
-0.00313971
-0.00313971
-0.00253187
-0.00253187
-0.00253187
-0.00253187
-0.00253187
-0.00253187
-0.00253187
-0.00253187
-0.00253187
-0.00253187
-0.00253187
-0.00253187
-0.00253187
-0.00253187
-0.00253187
-0.00253187
-0.00253187
-0.00253187
-0.00253187
-0.00253187
-0.00253187
-0.00253187
-0.00253187
-0.00253187
-0.00253187
-0.00253187
-0.0019255
-0.0019255
-0.0019255
-0.0019255
-0.0019255
-0.0019255
-0.0019255
-0.0019255
-0.0019255
-0.0019255
-0.0019255
-0.0019255
-0.0019255
-0.0019255
-0.0019255
-0.0019255
-0.0019255
-0.0019255
-0.0019255
-0.0019255
-0.0019255
-0.0019255
-0.0019255
-0.0019255
-0.0019255
-0.00132274
-0.00132274
-0.00132274
-0.00132274
-0.00132274
-0.00132274
-0.00132274
-0.00132274
-0.00132274
-0.00132274
-0.00132274
-0.00132274
-0.00132274
-0.00132274
-0.00132274
-0.00132274
-0.00132274
-0.00132274
-0.00132274
-0.00132274
-0.00132274
-0.00132274
-0.00132274
-0.00132274
-0.00132274
-0.00132274
-0.000723693
-0.000723693
-0.000723693
-0.000723693
-0.000723693
-0.000723693
-0.000723693
-0.000723693
-0.000723693
-0.000723693
-0.000723693
-0.000723693
-0.000723693
-0.000723693
-0.000723693
-0.000723693
-0.000723693
-0.000723693
-0.000723693
-0.000723693
-0.000723693
-0.000723693
-0.000723693
-0.000723693
-0.000723693
-0.000125766
-0.000125766
-0.000125766
-0.000125766
-0.000125766
-0.000125766
-0.000125766
-0.000125766
-0.000125766
-0.000125766
-0.000125766
-0.000125766
-0.000125766
-0.000125766
-0.000125766
-0.000125766
-0.000125766
-0.000125766
-0.000125766
-0.000125766
-0.000125766
-0.000125766
-0.000125766
-0.000125766
-0.000125766
0.000474669
0.000474669
0.000474669
0.000474669
0.000474669
0.000474669
0.000474669
0.000474669
0.000474669
0.000474669
0.000474669
0.000474669
0.000474669
0.000474669
0.000474669
0.000474669
0.000474669
0.000474669
0.000474669
0.000474669
0.000474669
0.000474669
0.000474669
0.00107837
0.00107837
0.00107837
0.00107837
0.00107837
0.00107837
0.00107837
0.00107837
0.00107837
0.00107837
0.00107837
0.00107837
0.00107837
0.00107837
0.00107837
0.00107837
0.00107837
0.00107837
0.00107837
0.00107837
0.00107837
0.00107837
0.00107837
0.00107837
0.00107837
0.00107837
0.00107837
0.00168354
0.00168354
0.00168354
0.00168354
0.00168354
0.00168354
0.00168354
0.00168354
0.00168354
0.00168354
0.00168354
0.00168354
0.00168354
0.00168354
0.00168354
0.00168354
0.00168354
0.00168354
0.00168354
0.00168354
0.00168354
0.00168354
0.00168354
0.0022887
0.0022887
0.0022887
0.0022887
0.0022887
0.0022887
0.0022887
0.0022887
0.0022887
0.0022887
0.0022887
0.0022887
0.0022887
0.0022887
0.0022887
0.0022887
0.0022887
0.0022887
0.0022887
0.0022887
0.0022887
0.0028933
0.0028933
0.0028933
0.0028933
0.0028933
0.0028933
0.0028933
0.0028933
0.0028933
0.0028933
0.0028933
0.0028933
0.0028933
0.0028933
0.0028933
0.0028933
0.0028933
0.0028933
0.0028933
0.0028933
0.0028933
0.0028933
0.0028933
0.0028933
0.0028933
0.0028933
0.0028933
-0.00493661
0.00349761
0.00349761
0.00349761
0.00349761
0.00349761
0.00349761
0.00349761
0.00349761
0.00349761
0.00349761
0.00349761
0.00349761
0.00349761
0.00349761
0.00349761
0.00349761
0.00349761
0.00349761
0.00349761
0.00349761
0.00349761
0.00349761
0.00349761
0.00349761
0.00349761
0.00349761
0.00349761
0.00349761
0.00410265
0.00410265
0.00410265
0.00410265
0.00410265
0.00410265
0.00410265
0.00410265
0.00410265
0.00410265
0.00410265
0.00410265
0.00410265
0.00410265
0.00410265
0.00410265
0.00410265
0.00410265
0.00410265
0.00410265
0.00410265
0.00410265
0.00410265
0.00349761
0.00471006
0.00471006
0.00471006
0.00471006
0.00471006
0.00471006
0.00471006
0.00471006
0.00471006
0.00471006
0.00471006
0.00471006
0.00471006
0.00471006
0.00471006
0.00471006
0.00471006
0.00471006
0.00471006
0.00471006
0.00471006
0.00471006
0.00471006
0.00532196
0.00532196
0.00532196
0.00532196
0.00532196
0.00532196
0.00532196
0.00532196
0.00532196
0.00532196
0.00532196
0.00532196
0.00532196
0.00532196
0.00532196
0.00532196
0.00532196
0.00532196
0.00532196
0.00532196
0.00594079
0.00594079
0.00594079
0.00594079
0.00594079
0.00594079
0.00594079
0.00594079
0.00594079
0.00594079
0.00594079
0.00594079
0.00594079
0.00594079
0.00594079
0.00594079
0.00594079
0.00656907
0.00656907
0.00656907
0.00656907
0.00656907
0.00656907
0.00656907
0.00656907
0.00656907
0.00656907
0.00656907
0.00656907
0.00656907
0.00656907
0.00656907
0.00656907
0.00656907
0.00656907
0.00656907
0.00656907
0.00656907
0.00656907
0.00656907
0.00656907
0.00656907
0.00656907
0.00720918
0.00720918
0.00720918
0.00720918
0.00720918
0.00720918
0.00720918
0.00720918
0.00720918
0.00720918
0.00720918
0.00720918
0.00720918
0.00720918
0.00720918
0.00720918
0.00720918
0.00720918
0.00720918
0.00720918
0.00720918
0.00720918
0.00720918
0.00720918
0.00720918
0.00720918
0.00720918
0.00786302
0.00786302
0.00786302
0.00786302
0.00786302
0.00786302
0.00786302
0.00786302
0.00786302
0.00786302
0.00786302
0.00786302
0.00786302
0.00786302
0.00786302
0.00786302
0.00786302
0.00786302
0.00786302
0.00786302
0.00786302
0.00786302
0.00786302
0.00786302
0.00786302
0.00853166
0.00853166
0.00853166
0.00853166
0.00853166
0.00853166
0.00853166
0.00853166
0.00853166
0.00853166
0.00853166
0.00853166
0.00853166
0.00853166
0.00853166
0.00853166
0.00853166
0.00853166
0.00853166
0.00853166
0.00853166
0.00853166
0.00853166
0.00853166
0.00853166
0.00853166
0.00853166
0.00921491
0.00921491
0.00921491
0.00921491
0.00921491
0.00921491
0.00921491
0.00921491
0.00921491
0.00921491
0.00921491
0.00921491
0.00921491
0.00921491
0.00921491
0.00921491
0.00921491
0.00921491
0.00921491
0.00921491
0.00921491
0.00921491
0.00921491
0.00921491
0.00921491
0.00921491
0.00921491
0.00991091
0.00991091
0.00991091
0.00991091
0.00991091
0.00991091
0.00991091
0.00991091
0.00991091
0.00991091
0.00991091
0.00991091
0.00991091
0.00991091
0.00991091
0.00991091
0.00991091
0.00991091
0.00991091
0.00991091
0.00991091
0.00991091
0.00991091
0.00991091
0.0106169
0.0106169
0.0106169
0.0106169
0.0106169
0.0106169
0.0106169
0.0106169
0.0106169
0.0106169
0.0106169
0.0106169
0.0106169
0.0106169
0.0106169
0.0106169
0.0106169
0.0106169
0.0106169
0.0106169
0.0106169
0.0106169
0.0106169
0.0106169
0.0106169
0.0106169
0.0113308
0.0113308
0.0113308
0.0113308
0.0113308
0.0113308
0.0113308
0.0113308
0.0113308
0.0113308
0.0113308
0.0113308
0.0113308
0.0113308
0.0113308
0.0113308
0.0113308
0.0113308
0.0113308
0.0113308
0.0113308
0.0113308
0.0113308
0.0113308
0.0113308
0.0113308
0.0120523
0.0120523
0.0120523
0.0120523
0.0120523
0.0120523
0.0120523
0.0120523
0.0120523
0.0120523
0.0120523
0.0120523
0.0120523
0.0120523
0.0120523
0.0120523
0.0120523
0.0120523
0.0120523
0.0120523
0.0120523
0.0120523
0.0120523
0.0120523
0.0120523
0.0120523
0.0127828
0.0127828
0.0127828
0.0127828
0.0127828
0.0127828
0.0127828
0.0127828
0.0127828
0.0127828
0.0127828
0.0127828
0.0127828
0.0127828
0.0127828
0.0127828
0.0127828
0.0127828
0.0127828
0.0127828
0.0127828
0.0127828
0.0127828
0.0135249
0.0135249
0.0135249
0.0135249
0.0135249
0.0135249
0.0135249
0.0135249
0.0135249
0.0135249
0.0135249
0.0135249
0.0135249
0.0135249
0.0135249
0.0135249
0.0135249
0.0135249
0.0135249
0.0135249
0.0135249
0.0135249
0.0135249
0.0135249
0.0135249
0.0135249
0.0135249
0.0142824
0.0142824
0.0142824
0.0142824
0.0142824
0.0142824
0.0142824
0.0142824
0.0142824
0.0142824
0.0142824
0.0142824
0.0142824
0.0142824
0.0142824
0.0142824
0.0142824
0.0142824
0.0142824
0.0142824
0.0142824
0.0142824
0.0150596
0.0150596
0.0150596
0.0150596
0.0150596
0.0150596
0.0150596
0.0150596
0.0150596
0.0150596
0.0150596
0.0150596
0.0150596
0.0150596
0.0150596
0.0150596
0.0150596
0.0150596
0.0150596
0.0150596
0.0150596
0.0150596
0.0150596
0.0150596
0.0158613
0.0158613
0.0158613
0.0158613
0.0158613
0.0158613
0.0158613
0.0158613
0.0158613
0.0158613
0.0158613
0.0158613
0.0158613
0.0158613
0.0158613
0.0158613
0.0158613
0.0158613
0.0158613
0.0158613
0.0158613
0.0158613
0.0158613
0.0158613
0.0158613
0.0166917
0.0166917
0.0166917
0.0166917
0.0166917
0.0166917
0.0166917
0.0166917
0.0166917
0.0166917
0.0166917
0.0166917
0.0166917
0.0166917
0.0166917
0.0166917
0.0166917
0.0166917
0.0166917
0.0166917
0.0166917
0.0166917
0.0166917
0.017554
0.017554
0.017554
0.017554
0.017554
0.017554
0.017554
0.017554
0.017554
0.017554
0.017554
0.017554
0.017554
0.017554
0.017554
0.017554
0.017554
0.017554
0.017554
0.017554
0.017554
0.017554
0.017554
0.017554
0.017554
0.01845
0.01845
0.01845
0.01845
0.01845
0.01845
0.01845
0.01845
0.01845
0.01845
0.01845
0.01845
0.01845
0.01845
0.01845
0.01845
0.01845
0.01845
0.01845
0.01845
0.01845
0.01845
0.01845
0.01845
0.01845
0.01845
0.01845
0.01845
0.0193781
0.0193781
0.0193781
0.0193781
0.0193781
0.0193781
0.0193781
0.0193781
0.0193781
0.0193781
0.0193781
0.0193781
0.0193781
0.0193781
0.0193781
0.0193781
0.0193781
0.0193781
0.0193781
0.0193781
0.0193781
0.0193781
0.0193781
0.0193781
0.0193781
0.0193781
0.0193781
0.0193781
0.0193781
0.0203341
0.0203341
0.0203341
0.0203341
0.0203341
0.0203341
0.0203341
0.0203341
0.0203341
0.0203341
0.0203341
0.0203341
0.0203341
0.0203341
0.0203341
0.0203341
0.0203341
0.0203341
0.0203341
0.0203341
0.0203341
0.0203341
0.0203341
0.0203341
0.0203341
0.0203341
0.0213147
0.0213147
0.0213147
0.0213147
0.0213147
0.0213147
0.0213147
0.0213147
0.0213147
0.0213147
0.0213147
0.0213147
0.0213147
0.0213147
0.0213147
0.0213147
0.0213147
0.0213147
0.0213147
0.0213147
0.0213147
0.0213147
0.0213147
0.0213147
0.0213147
0.0213147
0.0223221
0.0223221
0.0223221
0.0223221
0.0223221
0.0223221
0.0223221
0.0223221
0.0223221
0.0223221
0.0223221
0.0223221
0.0223221
0.0223221
0.0223221
0.0223221
0.0223221
0.0223221
0.0223221
0.0223221
0.0223221
0.0223221
0.0223221
0.0223221
0.0223221
0.0223221
0.0223221
0.0223221
0.0233604
0.0233604
0.0233604
0.0233604
0.0233604
0.0233604
0.0233604
0.0233604
0.0233604
0.0233604
0.0233604
0.0233604
0.0233604
0.0233604
0.0233604
0.0233604
0.0233604
0.0233604
0.0233604
0.0233604
0.0233604
0.0233604
0.0233604
0.0233604
0.0233604
0.0233604
0.0233604
0.0233604
0.0244309
0.0244309
0.0244309
0.0244309
0.0244309
0.0244309
0.0244309
0.0244309
0.0244309
0.0244309
0.0244309
0.0244309
0.0244309
0.0244309
0.0244309
0.0244309
0.0244309
0.0244309
0.0244309
0.0244309
0.0244309
0.0244309
0.0244309
0.0244309
0.0244309
0.0244309
0.0244309
0.0244309
0.0244309
0.0255321
0.0255321
0.0255321
0.0255321
0.0255321
0.0255321
0.0255321
0.0255321
0.0255321
0.0255321
0.0255321
0.0255321
0.0255321
0.0255321
0.0255321
0.0255321
0.0255321
0.0255321
0.0255321
0.0255321
0.0255321
0.0255321
0.0255321
0.0255321
0.0255321
0.0255321
0.0255321
0.0266605
0.0266605
0.0266605
0.0266605
0.0266605
0.0266605
0.0266605
0.0266605
0.0266605
0.0266605
0.0266605
0.0266605
0.0266605
0.0266605
0.0266605
0.0266605
0.0266605
0.0266605
0.0266605
0.0266605
0.0266605
0.0266605
0.0266605
0.0266605
0.0266605
0.0278114
0.0278114
0.0278114
0.0278114
0.0278114
0.0278114
0.0278114
0.0278114
0.0278114
0.0278114
0.0278114
0.0278114
0.0278114
0.0278114
0.0278114
0.0278114
0.0278114
0.0278114
0.0278114
0.0278114
0.0278114
0.0278114
0.0278114
0.0278114
0.0278114
0.0278114
0.0278114
0.0278114
0.0289801
0.0289801
0.0289801
0.0289801
0.0289801
0.0289801
0.0289801
0.0289801
0.0289801
0.0289801
0.0289801
0.0289801
0.0289801
0.0289801
0.0289801
0.0289801
0.0289801
0.0289801
0.0289801
0.0289801
0.0289801
0.0289801
0.0289801
0.030163
0.030163
0.030163
0.030163
0.030163
0.030163
0.030163
0.030163
0.030163
0.030163
0.030163
0.030163
0.030163
0.030163
0.030163
0.030163
0.030163
0.030163
0.030163
0.030163
0.030163
0.030163
0.0313592
0.0313592
0.0313592
0.0313592
0.0313592
0.0313592
0.0313592
0.0313592
0.0313592
0.0313592
0.0313592
0.0313592
0.0313592
0.0313592
0.0313592
0.0313592
0.0313592
0.0313592
0.0313592
0.0313592
0.0313592
0.0313592
0.0325711
0.0325711
0.0325711
0.0325711
0.0325711
0.0325711
0.0325711
0.0325711
0.0325711
0.0325711
0.0325711
0.0325711
0.0325711
0.0325711
0.0325711
0.0351048
0.0364217
0.0364387
0.0364387
0.0364387
0.0364571
0.0364769
0.0377942
0.0378183
0.0378183
0.0378183
0.0378183
0.0378443
0.0378724
0.0378724
0.0392524
0.0392524
0.0445242
0.0445242
0.0480261
0.0480261
0.0480261
0.0480261
0.0480261
0.0480261
0.0480261
0.0480261
0.0480261
0.049684
0.049684
0.049684
0.049684
0.0519117
0.0519117
0.0519117
0.0533976
0.0519117
0.0519117
0.0519117
0.0519117
0.0519117
0.0519117
0.0519117
0.0519117
0.0519117
0.0519117
0.0533976
0.0533976
0.0533976
0.0533976
0.0459297
0.0476591
0.0476591
0.0474957
0.0474957
0.0474957
0.0474957
0.0474957
0.0474957
0.0474957
0.0474957
0.0436415
0.043576
0.043576
0.043576
0.0435153
0.0435153
0.0435153
0.0435153
0.0435153
0.0435153
0.0435153
0.041764
0.041739
0.041739
0.0417158
0.0417158
0.0417158
0.0415954
0.0415954
0.041583
0.0415714
0.0429202
0.0429081
0.0429081
0.0429202
0.0429332
0.0429332
0.0429472
