-4.98344
-4.98343
-4.98336
-4.98345
-4.98345
-4.9817
-4.9834
-4.9817
-4.98345
-4.98337
-4.98167
-4.98177
-4.98341
-4.98342
-4.98336
-4.9834
-4.9834
-4.98344
-4.98336
-4.98176
-4.98344
-4.9817
-4.98336
-4.98171
-4.98337
-4.9834
-4.98339
-4.98172
-4.98168
-4.98343
-4.98342
-4.98338
-4.98342
-4.98338
-4.98175
-4.98335
-4.98341
-4.98172
-4.98343
-4.9817
-4.9834
-4.98336
-4.98173
-4.98343
-4.98344
-4.98173
-4.98175
-4.98336
-4.98337
-4.9817
-4.9817
-4.98342
-4.98173
-4.98169
-4.98338
-4.9834
-4.9834
-4.98168
-4.98176
-4.98341
-4.98172
-4.98343
-4.98339
-4.98338
-4.9817
-4.98337
-4.98339
-4.98173
-4.98342
-4.98337
-4.98177
-4.98337
-4.98343
-4.98342
-4.9817
-4.98337
-4.98339
-4.98344
-4.98339
-4.98176
-4.98339
-4.9834
-4.98341
-4.98341
-4.98344
-4.9817
-4.98168
-4.9834
-4.98339
-4.98342
-4.98345
-4.98168
-4.98337
-4.98176
-4.98172
-4.9817
-4.98345
-4.98168
-4.98345
-4.9834
-4.9817
-4.98342
-4.98342
-4.98337
-4.98343
-4.9834
-4.98175
-4.98339
-4.98335
-4.98345
-4.98338
-4.98344
-4.98339
-4.98167
-4.98342
-4.98168
-4.9834
-4.98343
-4.98343
-4.9817
-4.98335
-4.98337
-4.98169
-4.98338
-4.98343
-4.98341
-4.98343
-4.98171
-4.98339
-4.98338
-4.9834
-4.98335
-4.98338
-4.98336
-4.98344
-4.98344
-4.98342
-4.98337
-4.98336
-4.9834
-4.98341
-4.98343
-4.98168
-4.98341
-4.98337
-4.98338
-4.98176
-4.98339
-4.98171
-4.98342
-4.98176
-4.9834
-4.98176
-4.98342
-4.98343
-4.98335
-4.98345
-4.98342
-4.98173
-4.98336
-4.98171
-4.98337
-4.98336
-4.98342
-4.98177
-4.98338
-4.98343
-4.98344
-4.98339
-4.98337
-4.98336
-4.98337
-4.9834
-4.98339
-4.98338
-4.98338
-4.98341
-4.98345
-4.98345
-4.98339
-4.98337
-4.98338
-4.98338
-4.98342
-4.98343
-4.98167
-4.98175
-4.98171
-4.98169
-4.98344
-4.98344
-4.98173
-4.98342
-4.98175
-4.98172
-4.98343
-4.98341
-4.98339
-4.98168
-4.98343
-4.9834
-4.98171
-4.98336
-4.98336
-4.98338
-4.98336
-4.98341
-4.98168
-4.98336
-4.98341
-4.98344
-4.98175
-4.98338
-4.98337
-4.9834
-4.98336
-4.98344
-4.98335
-4.98343
-4.98339
-4.98339
-4.98335
-4.98337
-4.9834
-4.98337
-4.98342
-4.98338
-4.98171
-4.9834
-4.98337
-4.9834
-4.9817
-4.98342
-4.98338
-4.98341
-4.98339
-4.98342
-4.98339
-4.98336
-4.98171
-4.98176
-4.98338
-4.98343
-4.98169
-4.98338
-4.9834
-4.98341
-4.98175
-4.98342
-4.98336
-4.98339
-4.98175
-4.98339
-4.98336
-4.98338
-4.98177
-4.98338
-4.98342
-4.98336
-4.98338
-4.98341
-4.98342
-4.98173
-4.98174
-4.98335
-4.98344
-4.9834
-4.98338
-4.98337
-4.9817
-4.98344
-4.98338
-4.98343
-4.98171
-4.98342
-4.98337
-4.98343
-4.98338
-4.98337
-4.98336
-4.98337
-4.98174
-4.98339
-4.98175
-4.98345
-4.98338
-4.98174
-4.98173
-4.98176
-4.98341
-4.98168
-4.98341
-4.98167
-4.98337
-4.98342
-4.98344
-4.98338
-4.98343
-4.98336
-4.98336
-4.98344
-4.98339
-4.98337
-4.98335
-4.98343
-4.98343
-4.98336
-4.98336
-4.98339
-4.98345
-4.98339
-4.98344
-4.98336
-4.98174
-4.98167
-4.98341
-4.9834
-4.9834
-4.98336
-4.98338
-4.98345
-4.98342
-4.98338
-4.98345
-4.9834
-4.98344
-4.98176
-4.98168
-4.98342
-4.9834
-4.9834
-4.98337
-4.9834
-4.9817
-4.98173
-4.98341
-4.98339
-4.98345
-4.98343
-4.98338
-4.98344
-4.98342
-4.9834
-4.98344
-4.98344
-4.98168
-4.98171
-4.98171
-4.98343
-4.98339
-4.98336
-4.98341
-4.98337
-4.98338
-4.98336
-4.98343
-4.9834
-4.98344
-4.98171
-4.98343
-4.98344
-4.98343
-4.98336
-4.98172
-4.98171
-4.98343
-4.98335
-4.98336
-4.98168
-4.9834
-4.98337
-4.98337
-4.98343
-4.98343
-4.98176
-4.98342
-4.98342
-4.98345
-4.9834
-4.98338
-4.98176
-4.98343
-4.98335
-4.98342
-4.98171
-4.98172
-4.9817
-4.98173
-4.98337
-4.98176
-4.98336
-4.98167
-4.98175
-4.98345
-4.98343
-4.98171
-4.9817
-4.98335
-4.98338
-4.98343
-4.98336
-4.98336
-4.98342
-4.98342
-4.9817
-4.98171
-4.98337
-4.98338
-4.98342
-4.98168
-4.98335
-4.98337
-4.98344
-4.98341
-4.98339
-4.98345
-4.98339
-4.98175
-4.98343
-4.98344
-4.9834
-4.98174
-4.98173
-4.98339
-4.9834
-4.98343
-4.98343
-4.98337
-4.9834
-4.98341
-4.98336
-4.98173
-4.98345
-4.98335
-4.98337
-4.98335
-4.98344
-4.98343
-4.98175
-4.98344
-4.98172
-4.98171
-4.98337
-4.98339
-4.98341
-4.98337
-4.9834
-4.9834
-4.98339
-4.98338
-4.98345
-4.98343
-4.98338
-4.98336
-4.98338
-4.98171
-4.98335
-4.98173
-4.9834
-4.98338
-4.98175
-4.98176
-4.98168
-4.98173
-4.98175
-4.98168
-4.98338
-4.98341
-4.98175
-4.98335
-4.98338
-4.98171
-4.98345
-4.98338
-4.98338
-4.98339
-4.98175
-4.98167
-4.98174
-4.98343
-4.98337
-4.98172
-4.98341
-4.98341
-4.98339
-4.98344
-4.9834
-4.98336
-4.9817
-4.98343
-4.98338
-4.98174
-4.98336
-4.9834
-4.98343
-4.98176
-4.98171
-4.98343
-4.98343
-4.98341
-4.98176
-4.98174
-4.98338
-4.98339
-4.9834
-4.98176
-4.98339
-4.98338
-4.9834
-4.98338
-4.98176
-4.98341
-4.98345
-4.98167
-4.98173
-4.98341
-4.98339
-4.98338
-4.98175
-4.98171
-4.98171
-4.98338
-4.98341
-4.98342
-4.9834
-4.98343
-4.98342
-4.98171
-4.98344
-4.98336
-4.98342
-4.98169
-4.98345
-4.98342
-4.98168
-4.98344
-4.98176
-4.98171
-4.98173
-4.98339
-4.98339
-4.98343
-4.98338
-4.98343
-4.98343
-4.98174
-4.98171
-4.98337
-4.98343
-4.98345
-4.98168
-4.98336
-4.98174
-4.9834
-4.98336
-4.98341
-4.98345
-4.98339
-4.98342
-4.98171
-4.98337
-4.98342
-4.98343
-4.9834
-4.98335
-4.98343
-4.98336
-4.98175
-4.98337
-4.98344
-4.98338
-4.9834
-4.98342
-4.98335
-4.9834
-4.98338
-4.98335
-4.98176
-4.98341
-4.98344
-4.98338
-4.98172
-4.98344
-4.98175
-4.98344
-4.98338
-4.98336
-4.9834
-4.98344
-4.98344
-4.98342
-4.98343
-4.98339
-4.98174
-4.98336
-4.98337
-4.98337
-4.98338
-4.98343
-4.98338
-4.98344
-4.98176
-4.98342
-4.9834
-4.98344
-4.98337
-4.98343
-4.98338
-4.98344
-4.98336
-4.98343
-4.98337
-4.98343
-4.98336
-4.98168
-4.98342
-4.98176
-4.98171
-4.98337
-4.98344
-4.98173
-4.9817
-4.98341
-4.98339
-4.98337
-4.98344
-4.98342
-4.98169
-4.98344
-4.98335
-4.98345
-4.98341
-4.98337
-4.98337
-4.98341
-4.98336
-4.98176
-4.9834
-4.98175
-4.98177
-4.9834
-4.98174
-4.98338
-4.9834
-4.9834
-4.98344
-4.9817
-4.98339
-4.98338
-4.9817
-4.98344
-4.98343
-4.98339
-4.9817
-4.98345
-4.98177
-4.98339
-4.98337
-4.98342
-4.98339
-4.98341
-4.98335
-4.98344
-4.98344
-4.98338
-4.98335
-4.98343
-4.98339
-4.98341
-4.98172
-4.98168
-4.98168
-4.98336
-4.98345
-4.98172
-4.98169
-4.98336
-4.98344
-4.98336
-4.9834
-4.9834
-4.98339
-4.98337
-4.98176
-4.98172
-4.98177
-4.98338
-4.98174
-4.98344
-4.98343
-4.98177
-4.9834
-4.98342
-4.98172
-4.98341
-4.98176
-4.98168
-4.98345
-4.98342
-4.98345
-4.98339
-4.98339
-4.98172
-4.98344
-4.98335
-4.98176
-4.98339
-4.98343
-4.98344
-4.98338
-4.98336
-4.98343
-4.98338
-4.98344
-4.98336
-4.98175
-4.98342
-4.98336
-4.98337
-4.98336
-4.98336
-4.98336
-4.9834
-4.98343
-4.98335
-4.98338
-4.98341
-4.98341
-4.98341
-4.9817
-4.98341
-4.98341
-4.9834
-4.98172
-4.98341
-4.98175
-4.98343
-4.98338
-4.98337
-4.98338
-4.98337
-4.98343
-4.98337
-4.98343
-4.98338
-4.98336
-4.98336
-4.9834
-4.98339
-4.98338
-4.98345
-4.98335
-4.98173
-4.98342
-4.98339
-4.98343
-4.98339
-4.98341
-4.98338
-4.98337
-4.98338
-4.98335
-4.98345
-4.98342
-4.98342
-4.98337
-4.98345
-4.98341
-4.98339
-4.9834
-4.98336
-4.98336
-4.98177
-4.98176
-4.98169
-4.98335
-4.98343
-4.98344
-4.98336
-4.98173
-4.98338
-4.98171
-4.9817
-4.98168
-4.9834
-4.9834
-4.98173
-4.98337
-4.98177
-4.98338
-4.98344
-4.98341
-4.98176
-4.98341
-4.98343
-4.98173
-4.98344
-4.98343
-4.98337
-4.98339
-4.98341
-4.98336
-4.98335
-4.98169
-4.98169
-4.98345
-4.9817
-4.98342
-4.98344
-4.98174
-4.98171
-4.98169
-4.98172
-4.9834
-4.98338
-4.98338
-4.98337
-4.98338
-4.98343
-4.98345
-4.98344
-4.9834
-4.98345
-4.98339
-4.98341
-4.9834
-4.98344
-4.98339
-4.98344
-4.98168
-4.98337
-4.98343
-4.98171
-4.98168
-4.98343
-4.98344
-4.98169
-4.98176
-4.98339
-4.98342
-4.98171
-4.98337
-4.98167
-4.98335
-4.98336
-4.98172
-4.98337
-4.9834
-4.98338
-4.98337
-4.98336
-4.98342
-4.98175
-4.98175
-4.98337
-4.98172
-4.98167
-4.98169
-4.9817
-4.98171
-4.9834
-4.98344
-4.98338
-4.9834
-4.98336
-4.98176
-4.98175
-4.9834
-4.98172
-4.98176
-4.98341
-4.98174
-4.98341
-4.98341
-4.98173
-4.9834
-4.98344
-4.98342
-4.98168
-4.98174
-4.98337
-4.98338
-4.98171
-4.98338
-4.98343
-4.98341
-4.98341
-4.98336
-4.98176
-4.98173
-4.98338
-4.98336
-4.98336
-4.98336
-4.98174
-4.98342
-4.98336
-4.9834
-4.9834
-4.98337
-4.98339
-4.98344
-4.98337
-4.98175
-4.98337
-4.98336
-4.98174
-4.98343
-4.98171
-4.98339
-4.98341
-4.98335
-4.98169
-4.98336
-4.98345
-4.98345
-4.9817
-4.98174
-4.98344
-4.98335
-4.98338
-4.98336
-4.98175
-4.9834
-4.98344
-4.98345
-4.98343
-4.9834
-4.98171
-4.98169
-4.98174
-4.98172
-4.98337
-4.98336
-4.98168
-4.98343
-4.98172
-4.98342
-4.98169
-4.98339
-4.98344
-4.9817
-4.98338
-4.98342
-4.9834
-4.98341
-4.98337
-4.98342
-4.98344
-4.98337
-4.98341
-4.98336
-4.98175
-4.98343
-4.98344
-4.98168
-4.98176
-4.98336
-4.98341
-4.98345
-4.98175
-4.98337
-4.98339
-4.98345
-4.98168
-4.98172
-4.98345
-4.98343
-4.98345
-4.98341
-4.98176
-4.9834
-4.98173
-4.98337
-4.98173
-4.98343
-4.98342
-4.9834
-4.98337
-4.98339
-4.98173
-4.98342
-4.98335
-4.98337
-4.98338
-4.98335
-4.98172
-4.98339
-4.98168
-4.9834
-4.98175
-4.98175
-4.98167
-4.98335
-4.98175
-4.98344
-4.98168
-4.98167
-4.98171
-4.98342
0.00228636
0.115422
0.000939676
0.00239899
1.00163
1.00125
0.0631529
1.00178
0.143981
0.0739799
1.00096
1.00195
-0.000169605
1.00106
1.00001
0.163708
1.00095
0.047914
0.00140264
1.00068
0.186177
1.00029
0.193143
1.00132
0.0189318
1.00104
1.00046
1.00132
1.00067
1.00093
0.0196533
0.447837
0.061198
0.0436727
1.00084
1.00062
0.0106552
1.00043
0.0416393
1.0001
1.00128
1.00174
1.00185
0.0739604
0.00297037
1.00002
1.00058
-0.000303844
0.00174083
1.0005
1.00096
0.000386897
1.00013
1.00202
1.00176
1.00116
0.122531
1.00208
1.00143
0.000409164
1.00136
1.00175
1.00117
0.0174704
1.0015
1.0013
0.818354
1.00121
0.237949
0.242518
1.00042
0.032703
1.0005
1.001
1.00095
0.0446762
0.164113
0.00184558
1.00113
1.00025
0.169529
0.0189277
0.0667222
0.0435823
0.351192
1.00115
1.00129
0.0723693
1.00008
0.00137546
0.0524553
1.00224
0.00288448
1.0013
1.00093
1.0015
1.00192
1.00085
0.000827245
0.765755
1.00197
0.0643129
1.00012
1.00093
0.213425
0.0010137
1.00053
0.137953
1.00114
-0.000782024
0.00355117
1.00155
1.00113
1.00185
0.0137566
1.00107
0.0780818
0.00584134
0.0100825
1.00141
1.0015
0.373381
1.00053
1.00093
0.0617789
0.507599
1
1.00138
1.00162
1.00137
1.00034
0.141943
1.00138
0.345525
1.00086
0.0691493
0.0144749
1.00172
0.0789939
0.443647
0.22788
0.00204096
1.00204
0.00214848
1.0018
1.00132
1.00189
0.102897
1.00158
0.0434269
1.00178
0.677899
1.00148
0.0553969
0.000715979
1.00141
0.0203374
0.00360473
1.00071
1.00152
1.00024
0.0131211
1.00013
1.00105
1.00161
0.940316
0.105533
0.662775
1.00054
1.00008
0.0107526
0.0250785
1.00162
0.0026911
0.00626811
0.0127191
-0.000518157
0.00127551
1.00016
0.03008
-0.000711921
-0.00071757
0.256976
0.00253882
0.0230659
1.00127
1.00043
1.00136
1.00054
1.00106
1.00151
1.00033
0.0132547
1.00073
1.00019
1.00101
0.013863
1.00001
1.00075
1.00151
0.255423
1.00201
0.0155936
1.00084
1.00102
1.00166
0.118841
1.00094
-0.000705242
0.17075
-0.000162492
1.00038
0.0784954
1.00161
-0.000641169
1.00139
0.0240191
1.00038
0.0140963
0.0696512
1.0018
0.0285054
0.061024
0.0556791
0.0860333
1.00002
0.173887
1.00133
0.301197
0.0455687
1.00005
1.00196
0.159277
0.526066
1.00016
0.0147065
0.0862729
0.00161112
1.00189
1.00109
1.00077
1.00058
0.00141192
1.00068
0.0524792
0.153805
0.256938
1.00155
0.0034975
0.420363
0.394221
1.00065
0.111457
1.00118
0.00312898
1.002
1.00026
1.00148
0.0215292
0.0119964
1.00026
0.412712
1.00173
1.00149
0.013319
-0.000541764
1.00053
0.0448685
1.00149
1.00132
0.0806945
0.0160133
1.00009
1.00051
1.00127
0.242369
1.00096
1.00142
0.00923506
0.292346
0.806259
1.00152
0.0882171
1.00067
1.00021
0.0500915
1.00117
1.001
1.00131
0.0128231
1.00192
0.100111
1.00028
0.0306715
1.0011
1.00082
0.00229839
0.133979
1.00024
1.00149
0.576826
1.00116
1.00046
0.10972
0.0195324
0.00469233
0.000290017
0.0291695
0.0537166
0.956564
1.00109
0.00484565
0.0782109
1.0022
1.00057
0.410199
0.0295271
0.000726905
1.0017
0.0231985
1.00024
0.0236923
0.0443216
0.104592
0.164582
0.0446599
1.00111
1.00119
1.00145
1.0002
0.028433
1.00041
0.0127385
1.00095
1.00072
0.00796774
0.0317279
0.109652
0.0140117
0.0735107
0.0171971
0.0103597
1.00173
0.00645757
1.00105
1.0017
1.00057
1.00224
0.239532
1.00087
0.242342
1.00041
0.117729
1.00006
1.0009
0.0939784
0.00104667
0.00543164
1.00164
1.00099
0.00955278
1.00169
0.00596588
1.00213
1.00145
0.0526452
0.204413
0.372132
1.00161
1.00001
0.188875
0.0545892
0.00299312
0.0233618
1.00219
0.0914674
0.0510465
1.00158
0.358169
1.00105
1.00154
1.00061
0.680057
0.422668
1.00117
1.00064
1.00068
1.00087
0.0513061
1.00187
0.22484
1.00024
1.00189
0.0593683
0.022816
1.00136
1.00035
-0.000632394
0.213754
0.240802
0.0316088
0.00616536
0.484162
0.00347488
1.00065
1.00083
0.0251572
0.0718379
0.204455
1.00029
0.022703
0.0252618
1.00168
0.0400666
0.997575
0.0441002
0.283387
1.00179
0.0572286
0.054613
0.759003
1.00214
1.00103
1.00077
1.00149
0.0604997
0.404676
0.369709
0.00047427
0.0210643
0.0117963
1.00021
1.00116
0.978006
0.193699
0.134068
0.121153
1.00178
1.00026
0.393787
1.00203
1.00088
0.155454
0.0341358
-0.000171881
0.218206
0.0112998
0.0680493
0.0925126
0.248822
1.00134
0.352783
0.000272233
0.370254
0.000193878
1.00077
1.00162
1.00113
0.0469265
0.270946
1.00037
1.00081
1.00196
1.00029
1.00179
1.0007
0.0176309
0.0790142
1.00022
0.0180273
0.0191224
1.00118
1.00063
0.474265
1.00075
1.0013
1.0004
1.00019
1.00076
0.275666
0.0372308
1.00027
1.00102
0.426617
0.00530613
1.0001
0.118146
0.25194
1.00184
0.00261204
0.488894
1.00152
1.00131
0.0899512
0.183879
1.00006
1.00039
0.0164465
0.189593
1.00105
1.00024
1.00121
1.00108
0.196541
1.00115
1.00019
0.014083
5.16446e-05
0.0176859
0.1067
1.00162
1.00126
1.00028
1.00106
1.00065
1
0.927841
0.071443
1.00163
1.00156
1.00169
1.00176
1.00117
1.00156
1.00165
0.00208152
0.119022
1.00155
1.00016
1.00059
1.00033
1.00206
0.0399184
0.159269
1.00096
0.169236
1.00054
1.00029
1.00155
1.00196
0.137763
1.00144
1.0018
0.465923
0.108132
1.00103
1.00167
0.0602914
0.333729
-0.000588333
1.0012
1.00076
1.00192
1.00105
0.249422
0.36283
0.414672
0.0968323
0.158996
1.00118
0.189645
1.00137
0.000534361
0.0308441
0.0526493
1.00102
0.0334398
1.00006
0.0125085
1.0005
0.0699148
1.00052
0.00311081
1.00005
0.0226587
0.105529
1.00003
1.00193
1.00147
1.00082
0.015497
1.00076
0.0587742
1.00171
0.0513135
0.0968339
1.00157
1.00148
1.0007
0.0152308
0.0121915
1.00001
1.00002
1.0006
0.403954
0.018318
0.00059394
0.0487789
0.00910786
0.301856
1.00004
1.00147
0.636944
0.208746
1.00045
0.170927
1.0011
1.00064
0.500708
0.0690302
0.21347
1.00104
1.00153
1.00103
1.00109
1.00015
1.00079
1.00181
0.00610467
0.1141
1.00174
1.00199
0.0645975
0.000271135
0.302861
0.0110123
1.00041
1.00094
0.256845
0.0163373
0.00112853
0.823941
1.00006
0.00101735
0.148476
4.73055e-05
1.00127
-0.000791991
1.00038
1.00029
0.193425
1.0021
0.0170419
0.0643384
1.00161
0.0157761
1.00036
1.00099
0.107378
1.00193
0.07774
0.299014
-0.000409803
1.00032
1.00158
1.00018
0.173661
0.575079
1.00043
0.0183349
0.816997
0.0926421
0.676244
0.125162
0.322287
1.00059
1.00111
0.0955231
1.00184
1.00185
1.00015
1.00126
0.070642
0.145384
1.00132
1.00122
1.00027
0.040528
0.0299873
0.0712221
0.215109
1.00082
0.00619502
1.00125
1.00026
1.00152
0.134872
1.00008
1.00138
1.00057
1.00101
0.0750483
0.00372066
1.00147
0.276884
1.00002
1.00112
1.00103
0.00509739
1.00047
1.0002
0.0502786
1.00029
1.00155
1.00087
1.00124
1.00085
1.00138
-0.000639328
1.00159
0.54025
0.704846
0.602138
1.00125
0.262437
1.00045
1.00134
0.0297447
1.00185
0.0516175
1.00154
0.000842679
1.00202
0.00747749
0.227609
0.274234
0.498858
1.00102
0.00187087
1.00104
0.0110281
0.0257954
0.530254
1.00107
0.107303
1.00026
1.0001
-0.00072978
1.00149
1.00157
0.00574949
0.0214284
0.0253773
-0.000730962
0.023361
1.00075
0.00890226
0.00287904
1.00047
0.0249736
1.0019
0.439925
1.00049
0.126097
0.0676253
1.00171
0.0115032
0.0445284
0.402726
0.0550722
0.124154
0.0205559
0.00753536
-0.000712551
1.00096
0.0115757
0.00350625
0.118122
0.0245991
0.217737
0.125795
1.00075
1.00195
1.00132
1.00178
0.10451
0.00641791
1.00115
-0.000762827
1.00068
0.00602238
1.00007
1.00159
1.00078
-0.000377468
1.00096
1.00057
-0.000783089
1.00124
-8.34999e-05
0.0712517
1.00094
1.00154
0.0300212
0.00321523
1.00109
0.295113
1.00096
0.399646
0.298647
1.00001
0.0426621
0.0929183
1.0006
1.0016
0.0929407
1.00125
-0.000661561
-0.000797412
1.00063
1.0021
1.00187
1.00162
0.0184665
0.273202
0.0131519
1.00053
0.23054
0.0724928
-0.000501421
0.0267265
0.126721
0.0306683
0.0116769
1.00131
0.0118856
0.052612
1.00039
0.020548
1.00065
1.00099
0.183307
1.00059
1.00208
0.0180639
0.00710934
1.00141
1.00107
1.00142
0.0152845
1.00197
-3.46453e-05
1.0014
0.00766286
0.0213195
1.00004
0.0362067
0.136785
0.0230176
0.923579
0.194067
0.00127819
1.00132
1.00199
0.499536
1.00029
1.00042
1.00072
1.00026
1.00105
0.0419668
0.0213276
0.0851086
0.0397399
0.0100795
1.00206
1.0015
0.861086
1.00057
1.00168
0.112752
1.00038
0.238881
0.000236248
1.00146
0.0469537
1.0003
0.00859264
1.00025
1.00196
0.0101877
0.709833
1.00203
0.0047798
0.0120352
0.00129994
0.123389
1.00126
1.00141
1.00156
0.00746277
1.0012
0.607888
0.00582728
1.00064
0.689395
1.0006
0.0237091
0.00871767
0.00485343
0.219884
0.00333864
0.00709715
1.00004
0.0248386
-0.000251491
1.00119
0.0942205
1.00075
1.00145
0.75059
1.0018
1.00016
0.149482
1.00003
0.107084
1.00099
1.00208
0.00108592
-0.000709656
0.0293645
1.00069
1.00115
0.466506
-0.000580176
0.0045824
0.0310645
0.0934969
1.00177
1.00204
1.00064
1.00229
0.208156
0.843604
1.00108
0.0601049
1.00015
0.000298068
1.0005
0.0189546
0.140462
1.00026
0.259285
1.00076
0.148311
0.0136443
0.0228491
0.0700209
-4.13917e-05
0.0844418
0.0222792
1.00156
1.00211
0.027365
1
1.00201
1.00101
0.054767
0.0118202
0.0038981
1.00112
0.00116456
0.0135348
0.0310283
1.00202
1.00026
1.00078
1.0007
1.00115
0.112637
1.00151
0.624623
1.00081
0.0045274
1.00064
0.0116366
0.0442584
1.00139
1.0016
1.00069
1.00092
0.0998582
0.026302
0.118493
0.395982
1.0004
1.00121
1.00136
1.00083
0.0672383
1.00183
1.00043
1.00183
0.274347
1.00083
0.0712469
1.0019
1.0019
1.00114
1.00135
