-4.55788
-4.55788
-4.55788
-4.55788
-4.55788
-5.24243
-4.55788
-5.24087
-4.55788
-4.55788
-5.24087
-5.24243
-4.55788
-4.55788
-4.55788
-4.55788
-4.55788
-4.55788
-4.55788
-5.24087
-4.55788
-5.24087
-4.55788
-5.24087
-4.55788
-4.55788
-4.55788
-5.24087
-5.24087
-4.55788
-4.55788
-4.55788
-4.55788
-4.55788
-5.24087
-4.55788
-4.55788
-5.24243
-4.55788
-5.24087
-4.55788
-4.55788
-5.24243
-4.55788
-4.55788
-5.24243
-5.24243
-4.55788
-4.55788
-5.24087
-5.24243
-4.55788
-5.24243
-5.24087
-4.55788
-4.55788
-4.55788
-5.24243
-5.24243
-4.55788
-5.24087
-4.55788
-4.55788
-4.55788
-5.24087
-4.55788
-4.55788
-5.24243
-4.55788
-4.55788
-5.24243
-4.55788
-4.55788
-4.55788
-5.24087
-4.55788
-4.55788
-4.55788
-4.55788
-5.24243
-4.55788
-4.55788
-4.55788
-4.55788
-4.55788
-5.24087
-5.24243
-4.55788
-4.55788
-4.55788
-4.55788
-5.24243
-4.55788
-5.24087
-5.24087
-5.24087
-4.55788
-5.24087
-4.55788
-4.55788
-5.24087
-4.55788
-4.55788
-4.55788
-4.55788
-4.55788
-5.24087
-4.55788
-4.55788
-4.55788
-4.55788
-4.55788
-4.55788
-5.24087
-4.55788
-5.24087
-4.55788
-4.55788
-4.55788
-5.24087
-4.55788
-4.55788
-5.24087
-4.55788
-4.55788
-4.55788
-4.55788
-5.24243
-4.55788
-4.55788
-4.55788
-4.55788
-4.55788
-4.55788
-4.55788
-4.55788
-4.55788
-4.55788
-4.55788
-4.55788
-4.55788
-4.55788
-5.24087
-4.55788
-4.55788
-4.55788
-5.24243
-4.55788
-5.24087
-4.55788
-5.24087
-4.55788
-5.24087
-4.55788
-4.55788
-4.55788
-4.55788
-4.55788
-5.24243
-4.55788
-5.24243
-4.55788
-4.55788
-4.55788
-5.24243
-4.55788
-4.55788
-4.55788
-4.55788
-4.55788
-4.55788
-4.55788
-4.55788
-4.55788
-4.55788
-4.55788
-4.55788
-4.55788
-4.55788
-4.55788
-4.55788
-4.55788
-4.55788
-4.55788
-4.55788
-5.24087
-5.24243
-5.24243
-5.24243
-4.55788
-4.55788
-5.24087
-4.55788
-5.24243
-5.24087
-4.55788
-4.55788
-4.55788
-5.24243
-4.55788
-4.55788
-5.24087
-4.55788
-4.55788
-4.55788
-4.55788
-4.55788
-5.24087
-4.55788
-4.55788
-4.55788
-5.24243
-4.55788
-4.55788
-4.55788
-4.55788
-4.55788
-4.55788
-4.55788
-4.55788
-4.55788
-4.55788
-4.55788
-4.55788
-4.55788
-4.55788
-4.55788
-5.24243
-4.55788
-4.55788
-4.55788
-5.24087
-4.55788
-4.55788
-4.55788
-4.55788
-4.55788
-4.55788
-4.55788
-5.24243
-5.24087
-4.55788
-4.55788
-5.24087
-4.55788
-4.55788
-4.55788
-5.24087
-4.55788
-4.55788
-4.55788
-5.24087
-4.55788
-4.55788
-4.55788
-5.24243
-4.55788
-4.55788
-4.55788
-4.55788
-4.55788
-4.55788
-5.24243
-5.24087
-4.55788
-4.55788
-4.55788
-4.55788
-4.55788
-5.24087
-4.55788
-4.55788
-4.55788
-5.24243
-4.55788
-4.55788
-4.55788
-4.55788
-4.55788
-4.55788
-4.55788
-5.24243
-4.55788
-5.24087
-4.55788
-4.55788
-5.24243
-5.24087
-5.24243
-4.55788
-5.24087
-4.55788
-5.24087
-4.55788
-4.55788
-4.55788
-4.55788
-4.55788
-4.55788
-4.55788
-4.55788
-4.55788
-4.55788
-4.55788
-4.55788
-4.55788
-4.55788
-4.55788
-4.55788
-4.55788
-4.55788
-4.55788
-4.55788
-5.24243
-5.24087
-4.55788
-4.55788
-4.55788
-4.55788
-4.55788
-4.55788
-4.55788
-4.55788
-4.55788
-4.55788
-4.55788
-5.24087
-5.24382
-4.55788
-4.55788
-4.55788
-4.55788
-4.55788
-5.24087
-5.24087
-4.55788
-4.55788
-4.55788
-4.55788
-4.55788
-4.55788
-4.55788
-4.55788
-4.55788
-4.55788
-5.24243
-5.24087
-5.24243
-4.55788
-4.55788
-4.55788
-4.55788
-4.55788
-4.55788
-4.55788
-4.55788
-4.55788
-4.55788
-5.24243
-4.55788
-4.55788
-4.55788
-4.55788
-5.24243
-5.24087
-4.55788
-4.55788
-4.55788
-5.24087
-4.55788
-4.55788
-4.55788
-4.55788
-4.55788
-5.24243
-4.55788
-4.55788
-4.55788
-4.55788
-4.55788
-5.24243
-4.55788
-4.55788
-4.55788
-5.24087
-5.24243
-5.24382
-5.24087
-4.55788
-5.24243
-4.55788
-5.24087
-5.24087
-4.55788
-4.55788
-5.24087
-5.24243
-4.55788
-4.55788
-4.55788
-4.55788
-4.55788
-4.55788
-4.55788
-5.24087
-5.24087
-4.55788
-4.55788
-4.55788
-5.24243
-4.55788
-4.55788
-4.55788
-4.55788
-4.55788
-4.55788
-4.55788
-5.24087
-4.55788
-4.55788
-4.55788
-5.24243
-5.24243
-4.55788
-4.55788
-4.55788
-4.55788
-4.55788
-4.55788
-4.55788
-4.55788
-5.24087
-4.55788
-4.55788
-4.55788
-4.55788
-4.55788
-4.55788
-5.24243
-4.55788
-5.24243
-5.24243
-4.55788
-4.55788
-4.55788
-4.55788
-4.55788
-4.55788
-4.55788
-4.55788
-4.55788
-4.55788
-4.55788
-4.55788
-4.55788
-5.24087
-4.55788
-5.24087
-4.55788
-4.55788
-5.24087
-5.24087
-5.24243
-5.24087
-5.24243
-5.24243
-4.55788
-4.55788
-5.24087
-4.55788
-4.55788
-5.24243
-4.55788
-4.55788
-4.55788
-4.55788
-5.24087
-5.24087
-5.24087
-4.55788
-4.55788
-5.24087
-4.55788
-4.55788
-4.55788
-4.55788
-4.55788
-4.55788
-5.24243
-4.55788
-4.55788
-5.24087
-4.55788
-4.55788
-4.55788
-5.24243
-5.24087
-4.55788
-4.55788
-4.55788
-5.24087
-5.24243
-4.55788
-4.55788
-4.55788
-5.24087
-4.55788
-4.55788
-4.55788
-4.55788
-5.24087
-4.55788
-4.55788
-5.24087
-5.24087
-4.55788
-4.55788
-4.55788
-5.24087
-5.24087
-5.24087
-4.55788
-4.55788
-4.55788
-4.55788
-4.55788
-4.55788
-5.24087
-4.55788
-4.55788
-4.55788
-5.24087
-4.55788
-4.55788
-5.24087
-4.55788
-5.24243
-5.24243
-5.24087
-4.55788
-4.55788
-4.55788
-4.55788
-4.55788
-4.55788
-5.24243
-5.24243
-4.55788
-4.55788
-4.55788
-5.24243
-4.55788
-5.24087
-4.55788
-4.55788
-4.55788
-4.55788
-4.55788
-4.55788
-5.24243
-4.55788
-4.55788
-4.55788
-4.55788
-4.55788
-4.55788
-4.55788
-5.24087
-4.55788
-4.55788
-4.55788
-4.55788
-4.55788
-4.55788
-4.55788
-4.55788
-4.55788
-5.24087
-4.55788
-4.55788
-4.55788
-5.24382
-4.55788
-5.24243
-4.55788
-4.55788
-4.55788
-4.55788
-4.55788
-4.55788
-4.55788
-4.55788
-4.55788
-5.24243
-4.55788
-4.55788
-4.55788
-4.55788
-4.55788
-4.55788
-4.55788
-5.24087
-4.55788
-4.55788
-4.55788
-4.55788
-4.55788
-4.55788
-4.55788
-4.55788
-4.55788
-4.55788
-4.55788
-4.55788
-5.24243
-4.55788
-5.24243
-5.24243
-4.55788
-4.55788
-5.24087
-5.24243
-4.55788
-4.55788
-4.55788
-4.55788
-4.55788
-5.24087
-4.55788
-4.55788
-4.55788
-4.55788
-4.55788
-4.55788
-4.55788
-4.55788
-5.24243
-4.55788
-5.24243
-5.24243
-4.55788
-5.24243
-4.55788
-4.55788
-4.55788
-4.55788
-5.24087
-4.55788
-4.55788
-5.24243
-4.55788
-4.55788
-4.55788
-5.24087
-4.55788
-5.24243
-4.55788
-4.55788
-4.55788
-4.55788
-4.55788
-4.55788
-4.55788
-4.55788
-4.55788
-4.55788
-4.55788
-4.55788
-4.55788
-5.24243
-5.24243
-5.24243
-4.55788
-4.55788
-5.24243
-5.24243
-4.55788
-4.55788
-4.55788
-4.55788
-4.55788
-4.55788
-4.55788
-5.24087
-5.24087
-5.24243
-4.55788
-5.24087
-4.55788
-4.55788
-5.24243
-4.55788
-4.55788
-5.24243
-4.55788
-5.24243
-5.24243
-4.55788
-4.55788
-4.55788
-4.55788
-4.55788
-5.24087
-4.55788
-4.55788
-5.24243
-4.55788
-4.55788
-4.55788
-4.55788
-4.55788
-4.55788
-4.55788
-4.55788
-4.55788
-5.24243
-4.55788
-4.55788
-4.55788
-4.55788
-4.55788
-4.55788
-4.55788
-4.55788
-4.55788
-4.55788
-4.55788
-4.55788
-4.55788
-5.24087
-4.55788
-4.55788
-4.55788
-5.24243
-4.55788
-5.24087
-4.55788
-4.55788
-4.55788
-4.55788
-4.55788
-4.55788
-4.55788
-4.55788
-4.55788
-4.55788
-4.55788
-4.55788
-4.55788
-4.55788
-4.55788
-4.55788
-5.24087
-4.55788
-4.55788
-4.55788
-4.55788
-4.55788
-4.55788
-4.55788
-4.55788
-4.55788
-4.55788
-4.55788
-4.55788
-4.55788
-4.55788
-4.55788
-4.55788
-4.55788
-4.55788
-4.55788
-5.24243
-5.24243
-5.24087
-4.55788
-4.55788
-4.55788
-4.55788
-5.24087
-4.55788
-5.24087
-5.24087
-5.24087
-4.55788
-4.55788
-5.24243
-4.55788
-5.24243
-4.55788
-4.55788
-4.55788
-5.24243
-4.55788
-4.55788
-5.24087
-4.55788
-4.55788
-4.55788
-4.55788
-4.55788
-4.55788
-4.55788
-5.24243
-5.24243
-4.55788
-5.24087
-4.55788
-4.55788
-5.24243
-5.24087
-5.24087
-5.24087
-4.55788
-4.55788
-4.55788
-4.55788
-4.55788
-4.55788
-4.55788
-4.55788
-4.55788
-4.55788
-4.55788
-4.55788
-4.55788
-4.55788
-4.55788
-4.55788
-5.24087
-4.55788
-4.55788
-5.24243
-5.24087
-4.55788
-4.55788
-5.24087
-5.24087
-4.55788
-4.55788
-5.24243
-4.55788
-5.24087
-4.55788
-4.55788
-5.24087
-4.55788
-4.55788
-4.55788
-4.55788
-4.55788
-4.55788
-5.24087
-5.24243
-4.55788
-5.24243
-5.24087
-5.24243
-5.24087
-5.24087
-4.55788
-4.55788
-4.55788
-4.55788
-4.55788
-5.24087
-5.24087
-4.55788
-5.24087
-5.24243
-4.55788
-5.24087
-4.55788
-4.55788
-5.24087
-4.55788
-4.55788
-4.55788
-5.24243
-5.24087
-4.55788
-4.55788
-5.24243
-4.55788
-4.55788
-4.55788
-4.55788
-4.55788
-5.24243
-5.24243
-4.55788
-4.55788
-4.55788
-4.55788
-5.24087
-4.55788
-4.55788
-4.55788
-4.55788
-4.55788
-4.55788
-4.55788
-4.55788
-5.24243
-4.55788
-4.55788
-5.24087
-4.55788
-5.24382
-4.55788
-4.55788
-4.55788
-5.24243
-4.55788
-4.55788
-4.55788
-5.24243
-5.24243
-4.55788
-4.55788
-4.55788
-4.55788
-5.24087
-4.55788
-4.55788
-4.55788
-4.55788
-4.55788
-5.24087
-5.24243
-5.24243
-5.24243
-4.55788
-4.55788
-5.24243
-4.55788
-5.24087
-4.55788
-5.24243
-4.55788
-4.55788
-5.24243
-4.55788
-4.55788
-4.55788
-4.55788
-4.55788
-4.55788
-4.55788
-4.55788
-4.55788
-4.55788
-5.24087
-4.55788
-4.55788
-5.24087
-5.24087
-4.55788
-4.55788
-4.55788
-5.24087
-4.55788
-4.55788
-4.55788
-5.24243
-5.24087
-4.55788
-4.55788
-4.55788
-4.55788
-5.24243
-4.55788
-5.24087
-4.55788
-5.24243
-4.55788
-4.55788
-4.55788
-4.55788
-4.55788
-5.24243
-4.55788
-4.55788
-4.55788
-4.55788
-4.55788
-5.24243
-4.55788
-5.24087
-4.55788
-5.24243
-5.24087
-5.24087
-4.55788
-5.24243
-4.55788
-5.24087
-5.24087
-5.24243
-4.55788
0.00220003
0.113816
0.0010216
0.00257131
0.999569
0.998934
0.0618338
0.998891
0.146397
0.0734937
0.998891
0.99743
-0.000175978
0.99788
1
0.162264
0.999171
0.0468898
0.00145744
0.998891
0.182477
0.998891
0.189141
0.99743
0.019453
0.997622
1.00047
0.998891
0.99743
0.998469
0.019453
0.451385
0.0618338
0.0442397
0.99743
0.998161
0.0100403
1.00052
0.0420937
0.996013
1.00071
0.998161
0.99743
0.0734937
0.00304419
0.998934
0.998934
-0.000366822
0.00181607
0.996013
1.00052
0.000436989
0.99743
0.998891
1.00047
0.999569
0.119887
0.998934
1.00052
0.000436989
1.00031
1.00183
1.00097
0.0168825
1.00182
0.999569
0.820751
0.998934
0.231908
0.243969
0.995937
0.0327808
0.99788
0.999171
1.00031
0.0450191
0.162264
0.00172644
0.997568
0.99743
0.170808
0.0179733
0.0658361
0.0442397
0.348938
0.998891
0.998934
0.0696696
0.998161
0.00135823
0.0512921
1.00052
0.00304419
0.997568
0.998891
0.998891
0.999569
0.998891
0.000714642
0.768569
0.998891
0.0658361
0.999171
1
0.209423
0.0010216
0.99743
0.139019
1.00097
-0.000771664
0.0035919
1.00095
0.998469
1.00182
0.0134968
0.998891
0.078196
0.00553688
0.00973107
1.00182
0.999569
0.375053
0.998891
1.00047
0.0618338
0.511933
0.99788
0.998934
1.00097
1
0.999569
0.139015
1.00122
0.348938
0.99788
0.0695711
0.0149789
0.997568
0.077613
0.438916
0.231869
0.0021294
0.998891
0.00220003
1.00097
1.00095
0.998934
0.101512
1.00182
0.0420937
0.998891
0.681864
0.997568
0.0556687
0.000814844
1.00047
0.0196122
0.0035919
1.00052
0.998161
0.998934
0.0136178
0.99788
0.999171
0.99743
0.939006
0.10703
0.66277
0.996475
0.999569
0.0105965
0.0251496
1.00151
0.00257131
0.00630777
0.0123435
-0.000499807
0.00135823
0.998804
0.0293968
-0.000716293
-0.000716293
0.25657
0.00257131
0.0231955
1.00031
0.998934
0.998934
1.00052
0.997568
0.999171
0.998891
0.0136178
1.00052
0.996013
0.998161
0.0134968
1
0.998934
1.00047
0.25657
1.00031
0.0149789
1.00095
0.999569
0.999171
0.11936
0.998891
-0.000716293
0.167479
-0.000175978
0.995937
0.077613
0.999569
-0.000609327
0.998161
0.0238341
0.997172
0.0136178
0.0695711
1.00183
0.0289305
0.0622797
0.0546501
0.0864808
0.998161
0.170785
0.998934
0.296128
0.0450191
0.99788
1.00031
0.162281
0.523654
0.999569
0.0145673
0.0864808
0.00145744
1
0.99743
0.99743
0.996475
0.00135823
0.99743
0.0512921
0.154141
0.25657
1.00182
0.0035919
0.426333
0.388006
0.99743
0.113484
0.998804
0.00304419
1.00182
1
1.00122
0.0213511
0.0123435
0.997172
0.413653
1.00052
1.00031
0.0136178
-0.000499807
0.998804
0.0442397
0.998469
0.99743
0.0819387
0.0164298
0.99788
0.99743
0.997568
0.243969
0.999569
0.99788
0.00891618
0.282867
0.806558
0.998934
0.0864808
1.00031
0.998804
0.0496738
0.998934
0.99743
0.998934
0.0123435
1.00031
0.101512
0.998891
0.0293968
0.998469
0.998469
0.00220003
0.132385
0.998804
1
0.580123
1
1.00047
0.107785
0.0196122
0.00449248
0.000189876
0.0293968
0.0546501
0.954211
0.998804
0.0048282
0.077613
0.998934
1.00031
0.411334
0.0289305
0.000714642
0.998469
0.0238341
0.997387
0.0238341
0.0450191
0.10703
0.162264
0.0442397
0.998891
1.00052
1.00071
0.997172
0.0272161
0.998161
0.0123435
0.99743
0.998891
0.00803852
0.0316931
0.10703
0.0134968
0.0734937
0.0168825
0.0100403
1
0.00630777
1
0.99743
0.99743
1.00052
0.243967
1
0.243969
0.997172
0.119313
0.99788
0.996917
0.0922209
0.00112383
0.00556663
0.99743
1.00097
0.00900366
1.00047
0.00553688
0.998934
0.998891
0.0525979
0.199018
0.375053
0.998891
0.999171
0.189164
0.0546501
0.00304419
0.0238341
1.00052
0.0912496
0.0512921
0.999569
0.362028
0.996917
1.00052
0.998804
0.681925
0.426333
0.99743
0.998934
0.995937
0.998891
0.0512921
0.99743
0.22037
0.996013
0.998891
0.0588934
0.0231955
1.00031
0.99743
-0.000609327
0.213057
0.243967
0.0308077
0.00630777
0.48809
0.00350369
0.996013
0.998891
0.025448
0.0696696
0.209423
0.998934
0.0222995
0.0251496
0.999569
0.0393164
0.99344
0.0442397
0.282873
1.00031
0.0581626
0.0556687
0.760572
0.998934
1.00052
0.998161
0.999569
0.0588934
0.400874
0.375053
0.000436989
0.0208403
0.0111522
0.996013
0.998469
0.97474
0.189141
0.131989
0.119884
1.00151
0.99743
0.388006
0.99743
1.00052
0.152869
0.0348535
-0.000175978
0.22036
0.0115126
0.0656678
0.0922344
0.243971
1
0.348938
0.000269723
0.375053
0.000269723
0.99743
0.998161
0.998891
0.0480835
0.269607
1.00031
0.99743
0.998934
0.996013
0.99743
0.99743
0.0181347
0.077613
0.996013
0.0181347
0.019453
1.00052
0.998469
0.475976
0.998161
0.999569
0.998891
0.998891
0.99743
0.269612
0.036642
0.998891
0.999171
0.426338
0.00553688
0.996065
0.118904
0.256568
0.99743
0.00257131
0.488102
1.00031
1.00047
0.0912496
0.189164
0.998934
0.996013
0.0164298
0.189164
1.00047
0.998891
1.00052
0.998161
0.197685
0.99788
0.996013
0.0136178
-2.5145e-05
0.0179733
0.10703
0.998891
0.99788
0.997622
1.00031
0.99743
1
0.926698
0.0695711
1.00031
0.998891
0.997568
0.997568
1.00095
0.997568
1.00122
0.0021294
0.11936
1.00031
0.998469
0.996475
0.999171
1.00031
0.0393027
0.162281
0.998891
0.170808
0.99743
0.99743
1.00031
1
0.139019
0.99788
0.999569
0.46374
0.10703
1.00052
0.998934
0.0618338
0.335794
-0.000628843
0.99743
1.00095
1.00031
1.00122
0.243971
0.363804
0.413653
0.0962561
0.162281
0.998934
0.189164
1
0.000436989
0.0293968
0.0512921
0.997622
0.0327808
0.996013
0.0123435
0.998804
0.0696696
0.997622
0.00304419
0.997622
0.0231955
0.10703
0.999171
1.00031
0.998161
0.998804
0.0149789
0.995937
0.0588934
1.00052
0.0512921
0.0962561
1.00122
0.999171
0.998804
0.0156944
0.0123435
0.998161
0.999171
0.998934
0.400874
0.0179733
0.000714642
0.0496738
0.00900366
0.296128
0.996065
1.00031
0.63291
0.209423
0.998161
0.167479
0.99788
0.999569
0.500091
0.0695711
0.213057
1.00097
1.00095
1
0.99743
0.997622
1.00052
0.998934
0.00614697
0.112822
0.998891
0.99743
0.0656678
0.000269723
0.296128
0.0111522
0.998161
0.998891
0.260101
0.0164298
0.00112383
0.820751
0.997387
0.00112383
0.146397
-2.5145e-05
0.998934
-0.000795773
0.998934
0.998934
0.189141
1.00052
0.0164298
0.0658361
1
0.0149789
0.996013
0.99788
0.107824
0.998934
0.077613
0.296128
-0.000357715
0.996013
0.999569
0.995937
0.170785
0.580123
1.00071
0.0179733
0.813717
0.0912496
0.672397
0.126035
0.322604
1.00071
1
0.0962561
0.998161
0.99743
0.99743
1.00052
0.0695711
0.146397
0.998934
0.998934
0.998469
0.0393027
0.0293968
0.0695711
0.22036
1.00095
0.00630777
0.998891
1.00031
0.99743
0.131989
0.996013
1.00095
1.00071
1.00052
0.0734937
0.00350369
0.998934
0.269616
0.99743
0.998934
0.997622
0.0048282
1.00047
0.998161
0.0496738
0.998891
0.998804
0.998469
0.998934
1.00047
0.99788
-0.000628843
0.998161
0.535238
0.700392
0.601673
1.00097
0.260084
0.998934
1.00071
0.0293968
1.00047
0.0512921
0.999171
0.000714642
1.00097
0.00714103
0.228606
0.269612
0.500077
0.999171
0.00181607
0.998891
0.0111522
0.0251496
0.535238
1.00052
0.107824
1.00031
0.998161
-0.000716293
1.00047
0.998804
0.00556663
0.0213511
0.0251496
-0.000716293
0.0238341
0.997622
0.00900366
0.00305707
0.99788
0.025448
1
0.438916
0.996013
0.125288
0.0658361
1
0.0111522
0.0450191
0.400874
0.0546501
0.125288
0.0196122
0.00714103
-0.000695033
1.00097
0.0115126
0.00350369
0.119313
0.0238341
0.22036
0.125288
0.998804
0.99743
0.998934
1.00182
0.10703
0.00630777
1.00071
-0.000789929
0.998891
0.00614697
0.998891
1.00031
1.00031
-0.000366822
1.00097
0.998934
-0.000789929
0.998934
-2.5145e-05
0.0695711
0.997622
1.00052
0.0293968
0.00304419
0.998891
0.291913
0.997622
0.400874
0.296128
0.996065
0.0420937
0.0912496
1.00052
0.99743
0.0912496
0.998891
-0.000628843
-0.000795773
1.00052
0.998891
0.998891
1.00031
0.0179733
0.269612
0.0134968
0.998804
0.231888
0.0738444
-0.000509131
0.0271454
0.125288
0.0308077
0.0115126
0.999171
0.0123435
0.0525979
0.997387
0.0196122
0.996013
0.998161
0.179735
1.00052
0.998891
0.0181347
0.00676894
1.00031
1.00031
0.999569
0.0149789
0.998934
-2.5145e-05
1.00031
0.00803852
0.0208403
0.998891
0.036642
0.138994
0.0231955
0.921772
0.199044
0.00112383
1.00031
0.99743
0.500077
0.998934
0.996013
0.998934
0.996013
1.00031
0.0420937
0.0208403
0.0864808
0.0393027
0.00973107
0.998891
1.00031
0.860398
1.00031
1.00052
0.112822
0.996013
0.243967
0.000189876
1.00182
0.0468898
0.998804
0.00900366
0.998934
1.00031
0.00973107
0.709463
0.99743
0.00449248
0.0123435
0.00112383
0.125288
0.998469
1.00052
0.998934
0.00714103
1.00095
0.612207
0.00553688
1.00031
0.691236
1.00047
0.0231955
0.00900366
0.00501841
0.22036
0.00305707
0.00714103
0.99743
0.0251496
-0.000209472
1.00031
0.0962561
0.995937
0.998469
0.752425
0.998161
0.99743
0.146397
0.997622
0.107824
1.00052
1.00182
0.00112383
-0.000695033
0.0289305
0.999569
1.00031
0.463748
-0.000609327
0.00449248
0.0316931
0.0922209
0.997568
0.998934
0.998934
1.00052
0.209423
0.841201
1.00052
0.0581626
0.998891
0.000269723
0.998934
0.0179733
0.138976
0.99743
0.25657
1.00047
0.146397
0.0136178
0.0222995
0.0696696
3.39058e-05
0.0864808
0.0213511
1
1.00031
0.0272161
1
0.998891
0.998891
0.0556687
0.0115126
0.00398697
0.998891
0.0010216
0.0136178
0.0316931
1.00182
0.998891
0.999171
0.999171
1.00095
0.112822
1.00052
0.62263
0.998891
0.00418084
0.995937
0.0111522
0.0450191
1.00122
0.997568
0.998161
1.00052
0.101512
0.0251496
0.119403
0.400872
0.998161
0.998934
1
0.998891
0.0658361
0.99743
0.998891
0.998891
0.269612
0.998934
0.0695711
0.998891
0.998891
0.998934
0.999171
