-0.278466
-0.278429
-0.278392
-0.278354
-0.278317
-0.27828
-0.278242
-0.278205
-0.278168
-0.27813
-0.278093
-0.278056
-0.278018
-0.277981
-0.277944
-0.277906
-0.277869
-0.277832
-0.277794
-0.277757
-0.27772
-0.277682
-0.277645
-0.277608
-0.27757
-0.277533
-0.277496
-0.277458
-0.277421
-0.277384
-0.277346
-0.277309
-0.277272
-0.277234
-0.277197
-0.27716
-0.277122
-0.277085
-0.277047
-0.27701
-0.276973
-0.276935
-0.276898
-0.276861
-0.276823
-0.276786
-0.276749
-0.276711
-0.276674
-0.276637
-0.276599
-0.276562
-0.276525
-0.276487
-0.27645
-0.276413
-0.276375
-0.276338
-0.276301
-0.276263
-0.276226
-0.276189
-0.276151
-0.276114
-0.276077
-0.276039
-0.276002
-0.275965
-0.275927
-0.27589
-0.275853
-0.275815
-0.275778
-0.275741
-0.275703
-0.275666
-0.275629
-0.275591
-0.275554
-0.275517
-0.275479
-0.275442
-0.275405
-0.275367
-0.27533
-0.275293
-0.275255
-0.275218
-0.275181
-0.275143
-0.275106
-0.275069
-0.275031
-0.274994
-0.274957
-0.274919
-0.274882
-0.274845
-0.274807
-0.27477
-0.274733
-0.274695
-0.274658
-0.274621
-0.274583
-0.274546
-0.274509
-0.274471
-0.274434
-0.274397
-0.274359
-0.274322
-0.274284
-0.274247
-0.27421
-0.274172
-0.274135
-0.274098
-0.27406
-0.274023
-0.273986
-0.273948
-0.273911
-0.273874
-0.273836
-0.273799
-0.273762
-0.273724
-0.273687
-0.27365
-0.273612
-0.273575
-0.273538
-0.2735
-0.273463
-0.273426
-0.273388
-0.273351
-0.273314
-0.273276
-0.273239
-0.273202
-0.273164
-0.273127
-0.27309
-0.273052
-0.273015
-0.272978
-0.27294
-0.272903
-0.272866
-0.272828
-0.272791
-0.272754
-0.272716
-0.272679
-0.272642
-0.272604
-0.272567
-0.27253
-0.272492
-0.272455
-0.272418
-0.27238
-0.272343
-0.272306
-0.272268
-0.272231
-0.272194
-0.272156
-0.272119
-0.272082
-0.272044
-0.272007
-0.27197
-0.271932
-0.271895
-0.271858
-0.27182
-0.271783
-0.271746
-0.271708
-0.271671
-0.271634
-0.271596
-0.271559
-0.271522
-0.271484
-0.271447
-0.271409
-0.271372
-0.271335
-0.271297
-0.27126
-0.271223
-0.271185
-0.271148
-0.271111
-0.271073
-0.271036
-0.270999
-0.270961
-0.270924
-0.270887
-0.270849
-0.270812
-0.270775
-0.270737
-0.2707
-0.270663
-0.270625
-0.270588
-0.270551
-0.270513
-0.270476
-0.270439
-0.270401
-0.270364
-0.270327
-0.270289
-0.270252
-0.270215
-0.270177
-0.27014
-0.270103
-0.270065
-0.270028
-0.269991
-0.269953
-0.269916
-0.269879
-0.269841
-0.269804
-0.269767
-0.269729
-0.269692
-0.269655
-0.269617
-0.26958
-0.269543
-0.269505
-0.269468
-0.269431
-0.269393
-0.269356
-0.269319
-0.269281
-0.269244
-0.269207
-0.269169
-0.269132
-0.269095
-0.269057
-0.26902
-0.268983
-0.268945
-0.268908
-0.268871
-0.268833
-0.268796
-0.268759
-0.268721
-0.268684
-0.268646
-0.268609
-0.268572
-0.268534
-0.268497
-0.26846
-0.268422
-0.268385
-0.268348
-0.26831
-0.268273
-0.268236
-0.268198
-0.268161
-0.268124
-0.268086
-0.268049
-0.268012
-0.267974
-0.267937
-0.2679
-0.267862
-0.267825
-0.267788
-0.26775
-0.267713
-0.267676
-0.267638
-0.267601
-0.267564
-0.267526
-0.267489
-0.267452
-0.267414
-0.267377
-0.26734
-0.267302
-0.267265
-0.267228
-0.26719
-0.267153
-0.267116
-0.267078
-0.267041
-0.267004
-0.266966
-0.266929
-0.266892
-0.266854
-0.266817
-0.26678
-0.266742
-0.266705
-0.266668
-0.26663
-0.266593
-0.266556
-0.266518
-0.266481
-0.266444
-0.266406
-0.266369
-0.266332
-0.266294
-0.266257
-0.26622
-0.266182
-0.266145
-0.266108
-0.26607
-0.266033
-0.265996
-0.265958
-0.265921
-0.265883
-0.265846
-0.265809
-0.265771
-0.265734
-0.265697
-0.265659
-0.265622
-0.265585
-0.265547
-0.26551
-0.265473
-0.265435
-0.265398
-0.265361
-0.265323
-0.265286
-0.265249
-0.265211
-0.265174
-0.265137
-0.265099
-0.265062
-0.265025
-0.264987
-0.26495
-0.264913
-0.264875
-0.264838
-0.264801
-0.264763
-0.264726
-0.264689
-0.264651
-0.264614
-0.264577
-0.264539
-0.264502
-0.264465
-0.264427
-0.26439
-0.264353
-0.264315
-0.264278
-0.264241
-0.264203
-0.264166
-0.264129
-0.264091
-0.264054
-0.264017
-0.263979
-0.263942
-0.263905
-0.263867
-0.26383
-0.263793
-0.263755
-0.263718
-0.263681
-0.263643
-0.263606
-0.263569
-0.263531
-0.263494
-0.263457
-0.263419
-0.263382
-0.263345
-0.263307
-0.26327
-0.263233
-0.263195
-0.263158
-0.26312
-0.263083
-0.263046
-0.263008
-0.262971
-0.262934
-0.262896
-0.262859
-0.262822
-0.262784
-0.262747
-0.26271
-0.262672
-0.262635
-0.262598
-0.26256
-0.262523
-0.262486
-0.262448
-0.262411
-0.262374
-0.262336
-0.262299
-0.262262
-0.262224
-0.262187
-0.26215
-0.262112
-0.262075
-0.262038
-0.262
-0.261963
-0.261926
-0.261888
-0.261851
-0.261814
-0.261776
-0.261739
-0.261702
-0.261664
-0.261627
-0.26159
-0.261552
-0.261515
-0.261478
-0.26144
-0.261403
-0.261366
-0.261328
-0.261291
-0.261254
-0.261216
-0.261179
-0.261142
-0.261104
-0.261067
-0.26103
-0.260992
-0.260955
-0.260918
-0.26088
-0.260843
-0.260806
-0.260768
-0.260731
-0.260694
-0.260656
-0.260619
-0.260582
-0.260544
-0.260507
-0.26047
-0.260432
-0.260395
-0.260357
-0.26032
-0.260283
-0.260245
-0.260208
-0.260171
-0.260133
-0.260096
-0.260059
-0.260021
-0.259984
-0.259947
-0.259909
-0.259872
-0.259835
-0.259797
-0.25976
-0.259723
-0.259685
-0.259648
-0.259611
-0.259573
-0.259536
-0.259499
-0.259461
-0.259424
-0.259387
-0.259349
-0.259312
-0.259275
-0.259237
-0.2592
-0.259163
-0.259125
-0.259088
-0.259051
-0.259013
-0.258976
-0.258939
-0.258901
-0.258864
-0.258827
-0.258789
-0.258752
-0.258715
-0.258677
-0.25864
-0.258603
-0.258565
-0.258528
-0.258491
-0.258453
-0.258416
-0.258379
-0.258341
-0.258304
-0.258267
-0.258229
-0.258192
-0.258155
-0.258117
-0.25808
-0.258043
-0.258005
-0.257968
-0.257931
-0.257893
-0.257856
-0.257819
-0.257781
-0.257744
-0.257707
-0.257669
-0.257632
-0.257595
-0.257557
-0.25752
-0.257482
-0.257445
-0.257408
-0.25737
-0.257333
-0.257296
-0.257258
-0.257221
-0.257184
-0.257146
-0.257109
-0.257072
-0.257034
-0.256997
-0.25696
-0.256922
-0.256885
-0.256848
-0.25681
-0.256773
-0.256736
-0.256698
-0.256661
-0.256624
-0.256586
-0.256549
-0.256512
-0.256474
-0.256437
-0.2564
-0.256362
-0.256325
-0.256288
-0.25625
-0.256213
-0.256176
-0.256138
-0.256101
-0.256064
-0.256026
-0.255989
-0.255952
-0.255914
-0.255877
-0.25584
-0.255802
-0.255765
-0.255728
-0.25569
-0.255653
-0.255616
-0.255578
-0.255541
-0.255504
-0.255466
-0.255429
-0.255392
-0.255354
-0.255317
-0.25528
-0.255242
-0.255205
-0.255168
-0.25513
-0.255093
-0.255056
-0.255018
-0.254981
-0.254944
-0.254906
-0.254869
-0.254832
-0.254794
-0.254757
-0.254719
-0.254682
-0.254645
-0.254607
-0.25457
-0.254533
-0.254495
-0.254458
-0.254421
-0.254383
-0.254346
-0.254309
-0.254271
-0.254234
-0.254197
-0.254159
-0.254122
-0.254085
-0.254047
-0.25401
-0.253973
-0.253935
-0.253898
-0.253861
-0.253823
-0.253786
-0.253749
-0.253711
-0.253674
-0.253637
-0.253599
-0.253562
-0.253525
-0.253487
-0.25345
-0.253413
-0.253375
-0.253338
-0.253301
-0.253263
-0.253226
-0.253189
-0.253151
-0.253114
-0.253077
-0.253039
-0.253002
-0.252965
-0.252927
-0.25289
-0.252853
-0.252815
-0.252778
-0.252741
-0.252703
-0.252666
-0.252629
-0.252591
-0.252554
-0.252517
-0.252479
-0.252442
-0.252405
-0.252367
-0.25233
-0.252293
-0.252255
-0.252218
-0.252181
-0.252143
-0.252106
-0.252069
-0.252031
-0.251994
-0.251956
-0.251919
-0.251882
-0.251844
-0.251807
-0.25177
-0.251732
-0.251695
-0.251658
-0.25162
-0.251583
-0.251546
-0.251508
-0.251471
-0.251434
-0.251396
-0.251359
-0.251322
-0.251284
-0.251247
-0.25121
-0.251172
-0.251135
-0.251098
-0.25106
-0.251023
-0.250986
-0.250948
-0.250911
-0.250874
-0.250836
-0.250799
-0.250762
-0.250724
-0.250687
-0.25065
-0.250612
-0.250575
-0.250538
-0.2505
-0.250463
-0.250426
-0.250388
-0.250351
-0.250314
-0.250276
-0.250239
-0.250202
-0.250164
-0.250127
-0.25009
-0.250052
-0.250015
-0.249978
-0.24994
-0.249903
-0.249866
-0.249828
-0.249791
-0.249754
-0.249716
-0.249679
-0.249642
-0.249604
-0.249567
-0.24953
-0.249492
-0.249455
-0.249418
-0.24938
-0.249343
-0.249306
-0.249268
-0.249231
-0.249193
-0.249156
-0.249119
-0.249081
-0.249044
-0.249007
-0.248969
-0.248932
-0.248895
-0.248857
-0.24882
-0.248783
-0.248745
-0.248708
-0.248671
-0.248633
-0.248596
-0.248559
-0.248521
-0.248484
-0.248447
-0.248409
-0.248372
-0.248335
-0.248297
-0.24826
-0.248223
-0.248185
-0.248148
-0.248111
-0.248073
-0.248036
-0.247999
-0.247961
-0.247924
-0.247887
-0.247849
-0.247812
-0.247775
-0.247737
-0.2477
-0.247663
-0.247625
-0.247588
-0.247551
-0.247513
-0.247476
-0.247439
-0.247401
-0.247364
-0.247327
-0.247289
-0.247252
-0.247215
-0.247177
-0.24714
-0.247103
-0.247065
-0.247028
-0.246991
-0.246953
-0.246916
-0.246879
-0.246841
-0.246804
-0.246767
-0.246729
-0.246692
-0.246655
-0.246617
-0.24658
-0.246543
-0.246505
-0.246468
-0.246431
-0.246393
-0.246356
-0.246318
-0.246281
-0.246244
-0.246206
-0.246169
-0.246132
-0.246094
-0.246057
-0.24602
-0.245982
-0.245945
-0.245908
-0.24587
-0.245833
-0.245796
-0.245758
-0.245721
-0.245684
-0.245646
-0.245609
-0.245572
-0.245534
-0.245497
-0.24546
-0.245422
-0.245385
-0.245348
-0.24531
-0.245273
-0.245236
-0.245198
-0.245161
-0.245124
-0.245086
-0.245049
-0.245012
-0.244974
-0.244937
-0.2449
-0.244862
-0.244825
-0.244788
-0.24475
-0.244713
-0.244676
-0.244638
-0.244601
-0.244564
-0.244526
-0.244489
-0.244452
-0.244414
-0.244377
-0.24434
-0.244302
-0.244265
-0.244228
-0.24419
-0.244153
-0.244116
-0.244078
-0.244041
-0.244004
-0.243966
-0.243929
-0.243892
-0.243854
-0.243817
-0.24378
-0.243742
-0.243705
-0.243668
-0.24363
-0.243593
-0.243555
-0.243518
-0.243481
-0.243443
-0.243406
-0.243369
-0.243331
-0.243294
-0.243257
-0.243219
-0.243182
-0.243145
-0.243107
-0.24307
-0.243033
-0.242995
-0.242958
-0.242921
-0.242883
-0.242846
-0.242809
-0.242771
-0.242734
-0.242697
-0.242659
-0.242622
-0.242585
-0.242547
-0.24251
-0.242473
-0.242435
-0.242398
-0.242361
-0.242323
-0.242286
-0.242249
-0.242211
-0.242174
-0.242137
-0.242099
-0.242062
-0.242025
-0.241987
-0.24195
-0.241913
-0.241875
-0.241838
-0.241801
-0.241763
-0.241726
-0.241689
-0.241651
-0.241614
-0.241577
-0.241539
-0.241502
-0.241465
-0.241427
-0.24139
-0.241353
-0.241315
-0.241278
-0.241241
-0.241203
-0.241166
-0.241129
-0.241091
-0.241054
-0.241017
-0.240979
-0.240942
-0.240905
-0.240867
-0.24083
-0.240792
-0.240755
-0.240718
-0.24068
-0.240643
-0.240606
-0.240568
-0.240531
-0.240494
-0.240456
-0.240419
-0.240382
-0.240344
-0.240307
-0.24027
-0.240232
-0.240195
-0.240158
-0.24012
-0.240083
-0.240046
-0.240008
-0.239971
-0.239934
-0.239896
-0.239859
-0.239822
-0.239784
-0.239747
-0.23971
-0.239672
-0.239635
-0.239598
-0.23956
-0.239523
-0.239486
-0.239448
-0.239411
-0.239374
-0.239336
-0.239299
-0.239262
-0.239224
-0.239187
-0.23915
-0.239112
-0.239075
-0.239038
-0.239
-0.238963
-0.238926
-0.238888
-0.238851
-0.238814
-0.238776
-0.238739
-0.238702
-0.238664
-0.238627
-0.23859
-0.238552
-0.238515
-0.238478
-0.23844
-0.238403
-0.238366
-0.238328
-0.238291
-0.238254
-0.238216
-0.238179
-0.238142
-0.238104
-0.238067
-0.238029
-0.237992
-0.237955
-0.237917
-0.23788
-0.237843
-0.237805
-0.237768
-0.237731
-0.237693
-0.237656
-0.237619
-0.237581
-0.237544
-0.237507
-0.237469
-0.237432
-0.237395
-0.237357
-0.23732
-0.237283
-0.237245
-0.237208
-0.237171
-0.237133
-0.237096
-0.237059
-0.237021
-0.236984
-0.236947
-0.236909
-0.236872
-0.236835
-0.236797
-0.23676
-0.236723
-0.236685
-0.236648
-0.236611
-0.236573
-0.236536
-0.236499
-0.236461
-0.236424
-0.236387
-0.236349
-0.236312
-0.236275
-0.236237
-0.2362
-0.236163
-0.236125
-0.236088
-0.236051
-0.236013
-0.235976
-0.235939
-0.235901
-0.235864
-0.235827
-0.235789
-0.235752
-0.235715
-0.235677
-0.23564
-0.235603
-0.235565
-0.235528
-0.235491
-0.235453
-0.235416
-0.235379
-0.235341
-0.235304
-0.235267
-0.235229
-0.235192
-0.235154
-0.235117
-0.23508
-0.235042
-0.235005
-0.234968
-0.23493
-0.234893
-0.234856
-0.234818
-0.234781
-0.234744
-0.234706
-0.234669
-0.234632
-0.234594
-0.234557
-0.23452
-0.234482
-0.234445
-0.234408
-0.23437
-0.234333
-0.234296
-0.234258
-0.234221
-0.234184
-0.234146
-0.234109
-0.234072
-0.234034
-0.233997
-0.23396
-0.233922
-0.233885
-0.233848
-0.23381
-0.233773
-0.233736
-0.233698
-0.233661
-0.233624
-0.233586
-0.233549
-0.233512
-0.233474
-0.233437
-0.2334
-0.233362
-0.233325
-0.233288
-0.23325
-0.233213
-0.233176
-0.233138
-0.233101
-0.233064
-0.233026
-0.232989
-0.232952
-0.232914
-0.232877
-0.23284
-0.232802
-0.232765
-0.232728
-0.23269
-0.232653
-0.232616
-0.232578
-0.232541
-0.232504
-0.232466
-0.232429
-0.232391
-0.232354
-0.232317
-0.232279
-0.232242
-0.232205
-0.232167
-0.23213
-0.232093
-0.232055
-0.232018
-0.231981
-0.231943
-0.231906
-0.231869
-0.231831
-0.231794
-0.231757
-0.231719
-0.231682
-0.231645
-0.231607
-0.23157
-0.231533
-0.231495
-0.231458
-0.231421
-0.231383
-0.231346
-0.231309
-0.231271
-0.231234
-0.231197
-0.231159
-0.231122
-0.231085
-0.231047
-0.23101
-0.230973
-0.230935
-0.230898
-0.230861
-0.230823
-0.230786
-0.230749
-0.230711
-0.230674
-0.230637
-0.230599
-0.230562
-0.230525
-0.230487
-0.23045
-0.230413
-0.230375
-0.230338
-0.230301
-0.230263
-0.230226
-0.230189
-0.230151
-0.230114
-0.230077
-0.230039
-0.230002
-0.229965
-0.229927
-0.22989
-0.229853
-0.229815
-0.229778
-0.229741
-0.229703
-0.229666
-0.229628
-0.229591
-0.229554
-0.229516
-0.229479
-0.229442
-0.229404
-0.229367
-0.22933
-0.229292
-0.229255
-0.229218
-0.22918
-0.229143
-0.229106
-0.229068
-0.229031
-0.228994
-0.228956
-0.228919
-0.228882
-0.228844
-0.228807
-0.22877
-0.228732
-0.228695
-0.228658
-0.22862
-0.228583
-0.228546
-0.228508
-0.228471
-0.228434
-0.228396
-0.228359
-0.228322
-0.228284
-0.228247
-0.22821
-0.228172
-0.228135
-0.228098
-0.22806
-0.228023
-0.227986
-0.227948
-0.227911
-0.227874
-0.227836
-0.227799
-0.227762
-0.227724
-0.227687
-0.22765
-0.227612
-0.227575
-0.227538
-0.2275
-0.227463
-0.227426
-0.227388
-0.227351
-0.227314
-0.227276
-0.227239
-0.227202
-0.227164
-0.227127
-0.22709
-0.227052
-0.227015
-0.226978
-0.22694
-0.226903
-0.226865
-0.226828
-0.226791
-0.226753
-0.226716
-0.226679
-0.226641
-0.226604
-0.226567
-0.226529
-0.226492
-0.226455
-0.226417
-0.22638
-0.226343
-0.226305
-0.226268
-0.226231
-0.226193
-0.226156
-0.226119
-0.226081
-0.226044
-0.226007
-0.225969
-0.225932
-0.225895
-0.225857
-0.22582
-0.225783
-0.225745
-0.225708
-0.225671
-0.225633
-0.225596
-0.225559
-0.225521
-0.225484
-0.225447
-0.225409
-0.225372
-0.225335
-0.225297
-0.22526
-0.225223
-0.225185
-0.225148
-0.225111
-0.225073
-0.225036
-0.224999
-0.224961
-0.224924
-0.224887
-0.224849
-0.224812
-0.224775
-0.224737
-0.2247
-0.224663
-0.224625
-0.224588
-0.224551
-0.224513
-0.224476
-0.224439
-0.224401
-0.224364
-0.224327
-0.224289
-0.224252
-0.224215
-0.224177
-0.22414
-0.224103
-0.224065
-0.224028
-0.22399
-0.223953
-0.223916
-0.223878
-0.223841
-0.223804
-0.223766
-0.223729
-0.223692
-0.223654
-0.223617
-0.22358
-0.223542
-0.223505
-0.223468
-0.22343
-0.223393
-0.223356
-0.223318
-0.223281
-0.223244
-0.223206
-0.223169
-0.223132
-0.223094
-0.223057
-0.22302
-0.222982
-0.222945
-0.222908
-0.22287
-0.222833
-0.222796
-0.222758
-0.222721
-0.222684
-0.222646
-0.222609
-0.222572
-0.222534
-0.222497
-0.22246
-0.222422
-0.222385
-0.222348
-0.22231
-0.222273
-0.222236
-0.222198
-0.222161
-0.222124
-0.222086
-0.222049
-0.222012
-0.221974
-0.221937
-0.2219
-0.221862
-0.221825
-0.221788
-0.22175
-0.221713
-0.221676
-0.221638
-0.221601
-0.221564
-0.221526
-0.221489
-0.221452
-0.221414
-0.221377
-0.22134
-0.221302
-0.221265
-0.221227
-0.22119
-0.221153
-0.221115
-0.221078
-0.221041
-0.221003
-0.220966
-0.220929
-0.220891
-0.220854
-0.220817
-0.220779
-0.220742
-0.220705
-0.220667
-0.22063
-0.220593
-0.220555
-0.220518
-0.220481
-0.220443
-0.220406
-0.220369
-0.220331
-0.220294
-0.220257
-0.220219
-0.220182
-0.220145
-0.220107
-0.22007
-0.220033
-0.219995
-0.219958
-0.219921
-0.219883
-0.219846
-0.219809
-0.219771
-0.219734
-0.219697
-0.219659
-0.219622
-0.219585
-0.219547
-0.21951
-0.219473
-0.219435
-0.219398
-0.219361
-0.219323
-0.219286
-0.219249
-0.219211
-0.219174
-0.219137
-0.219099
-0.219062
-0.219025
-0.218987
-0.21895
-0.218913
-0.218875
-0.218838
-0.218801
-0.218763
-0.218726
-0.218689
-0.218651
-0.218614
-0.218577
-0.218539
-0.218502
-0.218464
-0.218427
-0.21839
-0.218352
-0.218315
-0.218278
-0.21824
-0.218203
-0.218166
-0.218128
-0.218091
-0.218054
-0.218016
-0.217979
-0.217942
-0.217904
-0.217867
-0.21783
-0.217792
-0.217755
-0.217718
-0.21768
-0.217643
-0.217606
-0.217568
-0.217531
-0.217494
-0.217456
-0.217419
-0.217382
-0.217344
-0.217307
-0.21727
-0.217232
-0.217195
-0.217158
-0.21712
-0.217083
-0.217046
-0.217008
-0.216971
-0.216934
-0.216896
-0.216859
-0.216822
-0.216784
-0.216747
-0.21671
-0.216672
-0.216635
-0.216598
-0.21656
-0.216523
-0.216486
-0.216448
-0.216411
-0.216374
-0.216336
-0.216299
-0.216262
-0.216224
-0.216187
-0.21615
-0.216112
-0.216075
-0.216038
-0.216
-0.215963
-0.215926
-0.215888
-0.215851
-0.215814
-0.215776
-0.215739
-0.215701
-0.215664
-0.215627
-0.215589
-0.215552
-0.215515
-0.215477
-0.21544
-0.215403
-0.215365
-0.215328
-0.215291
-0.215253
-0.215216
-0.215179
-0.215141
-0.215104
-0.215067
-0.215029
-0.214992
-0.214955
-0.214917
-0.21488
-0.214843
-0.214805
-0.214768
-0.214731
-0.214693
-0.214656
-0.214619
-0.214581
-0.214544
-0.214507
-0.214469
-0.214432
-0.214395
-0.214357
-0.21432
-0.214283
-0.214245
-0.214208
-0.214171
-0.214133
-0.214096
-0.214059
-0.214021
-0.213984
-0.213947
-0.213909
-0.213872
-0.213835
-0.213797
-0.21376
-0.213723
-0.213685
-0.213648
-0.213611
-0.213573
-0.213536
-0.213499
-0.213461
-0.213424
-0.213387
-0.213349
-0.213312
-0.213275
-0.213237
-0.2132
-0.213163
-0.213125
-0.213088
-0.213051
-0.213013
-0.212976
-0.212939
-0.212901
-0.212864
-0.212826
-0.212789
-0.212752
-0.212714
-0.212677
-0.21264
-0.212602
-0.212565
-0.212528
-0.21249
-0.212453
-0.212416
-0.212378
-0.212341
-0.212304
-0.212266
-0.212229
-0.212192
-0.212154
-0.212117
-0.21208
-0.212042
-0.212005
-0.211968
-0.21193
-0.211893
-0.211856
-0.211818
-0.211781
-0.211744
-0.211706
-0.211669
-0.211632
-0.211594
-0.211557
-0.21152
-0.211482
-0.211445
-0.211408
-0.21137
-0.211333
-0.211296
-0.211258
-0.211221
-0.211184
-0.211146
-0.211109
-0.211072
-0.211034
-0.210997
-0.21096
-0.210922
-0.210885
-0.210848
-0.21081
-0.210773
-0.210736
-0.210698
-0.210661
-0.210624
-0.210586
-0.210549
-0.210512
-0.210474
-0.210437
-0.2104
-0.210362
-0.210325
-0.210288
-0.21025
-0.210213
-0.210176
-0.210138
-0.210101
-0.210063
-0.210026
-0.209989
-0.209951
-0.209914
-0.209877
-0.209839
-0.209802
-0.209765
-0.209727
-0.20969
-0.209653
-0.209615
-0.209578
-0.209541
-0.209503
-0.209466
-0.209429
-0.209391
-0.209354
-0.209317
-0.209279
-0.209242
-0.209205
-0.209167
-0.20913
-0.209093
-0.209055
-0.209018
-0.208981
-0.208943
-0.208906
-0.208869
-0.208831
-0.208794
-0.208757
-0.208719
-0.208682
-0.208645
-0.208607
-0.20857
-0.208533
-0.208495
-0.208458
-0.208421
-0.208383
-0.208346
-0.208309
-0.208271
-0.208234
-0.208197
-0.208159
-0.208122
-0.208085
-0.208047
-0.20801
-0.207973
-0.207935
-0.207898
-0.207861
-0.207823
-0.207786
-0.207749
-0.207711
-0.207674
-0.207637
-0.207599
-0.207562
-0.207525
-0.207487
-0.20745
-0.207413
-0.207375
-0.207338
-0.2073
-0.207263
-0.207226
-0.207188
-0.207151
-0.207114
-0.207076
-0.207039
-0.207002
-0.206964
-0.206927
-0.20689
-0.206852
-0.206815
-0.206778
-0.20674
-0.206703
-0.206666
-0.206628
-0.206591
-0.206554
-0.206516
-0.206479
-0.206442
-0.206404
-0.206367
-0.20633
-0.206292
-0.206255
-0.206218
-0.20618
-0.206143
-0.206106
-0.206068
-0.206031
-0.205994
-0.205956
-0.205919
-0.205882
-0.205844
-0.205807
-0.20577
-0.205732
-0.205695
-0.205658
-0.20562
-0.205583
-0.205546
-0.205508
-0.205471
-0.205434
-0.205396
-0.205359
-0.205322
-0.205284
-0.205247
-0.20521
-0.205172
-0.205135
-0.205098
-0.20506
-0.205023
-0.204986
-0.204948
-0.204911
-0.204874
-0.204836
-0.204799
-0.204762
-0.204724
-0.204687
-0.20465
-0.204612
-0.204575
-0.204537
-0.2045
-0.204463
-0.204425
-0.204388
-0.204351
-0.204313
-0.204276
-0.204239
-0.204201
-0.204164
-0.204127
-0.204089
-0.204052
-0.204015
-0.203977
-0.20394
-0.203903
-0.203865
-0.203828
-0.0333109
-0.0333424
-0.0332586
-0.033264
-0.0331828
-0.0331277
-0.0329864
-0.0329031
-0.0328165
-0.0316206
-0.0317545
-0.0316377
-0.0315445
-0.03148
-0.0314309
-0.0313568
-0.0313057
-0.0312508
-0.0312341
-0.0311215
-0.0310854
-0.0310046
-0.0309426
-0.0308329
-0.0306919
-0.0306774
-0.0296298
-0.0296178
-0.0295667
-0.0295437
-0.0295123
-0.0294322
-0.0293483
-0.0292877
-0.02926
-0.0291835
-0.0291103
-0.0290877
-0.0290407
-0.0289949
-0.0289251
-0.0288358
-0.028759
-0.0287034
-0.0286756
-0.0286626
-0.0285923
-0.0285522
-0.0284701
-0.0274936
-0.0274614
-0.0274072
-0.0273412
-0.0273047
-0.027253
-0.0272109
-0.0271662
-0.0271523
-0.0270541
-0.026976
-0.0261435
-0.0261666
-0.0261486
-0.0260962
-0.0260268
-0.0259704
-0.025935
-0.0259008
-0.0258208
-0.0257665
-0.0257169
-0.0256703
-0.0256388
-0.0255894
-0.0255626
-0.025477
-0.02544
-0.0248329
-0.0248008
-0.0247693
-0.0247257
-0.0246767
-0.0246354
-0.0246406
-0.0245915
-0.0245567
-0.0245143
-0.0244778
-0.0244415
-0.024404
-0.0243668
-0.0243094
-0.0242607
-0.0233285
-0.0232988
-0.02327
-0.0232403
-0.0232105
-0.0231787
-0.0231479
-0.0231344
-0.0231041
-0.0230731
-0.0230371
-0.0230094
-0.0229812
-0.0229513
-0.0229214
-0.0228902
-0.0228581
-0.0228284
-0.0227984
-0.0227644
-0.0227336
-0.022704
-0.0226743
-0.022641
-0.0226149
-0.0225853
-0.0225552
-0.0225251
-0.0224934
-0.0224639
-0.0224329
-0.0224013
-0.0223717
-0.0223414
-0.0223085
-0.0222785
-0.0222473
-0.0222175
-0.0221866
-0.0221553
-0.0221254
-0.0220956
-0.0220644
-0.0220331
-0.0220033
-0.0219725
-0.0219396
-0.0219076
-0.0218785
-0.0218482
-0.0218177
-0.0217862
-0.0217542
-0.021725
-0.0216924
-0.0216626
-0.0216329
-0.0216014
-0.0215718
-0.0215399
-0.0215093
-0.0214784
-0.0214469
-0.0214152
-0.021385
-0.0213529
-0.0213239
-0.0212916
-0.0212602
-0.021227
-0.0211967
-0.0211661
-0.0211355
-0.0211045
-0.0210738
-0.0210403
-0.0210106
-0.0209794
-0.0209479
-0.0209157
-0.0208852
-0.0208518
-0.0208201
-0.0207883
-0.0207574
-0.0207269
-0.0206948
-0.0206625
-0.0206325
-0.0206008
-0.0205698
-0.0205381
-0.0205039
-0.0204709
-0.0204412
-0.0204097
-0.0203771
-0.0203456
-0.0203131
-0.0202784
-0.0202473
-0.0202161
-0.0201845
-0.0201546
-0.0201245
-0.0200903
-0.0200578
-0.0200254
-0.0199947
-0.0199634
-0.0199334
-0.0199009
-0.0198695
-0.019836
-0.0197952
-0.0197643
-0.0197318
-0.0196983
-0.0196678
-0.0196367
-0.0196036
-0.0195718
-0.0195409
-0.0195075
-0.0194771
-0.0194447
-0.0194144
-0.0193872
-0.0193507
-0.0193195
-0.0192958
-0.0192625
-0.0192316
-0.0191999
-0.0191657
-0.0191361
-0.0191041
-0.0190741
-0.0190407
-0.0190083
-0.0189755
-0.0189482
-0.018915
-0.0188826
-0.018851
-0.0188162
-0.0187842
-0.0187532
-0.0187188
-0.0186855
-0.0186538
-0.0186224
-0.01859
-0.0185584
-0.0185255
-0.018494
-0.0184604
-0.0184275
-0.0183945
-0.0183616
-0.0183292
-0.0182973
-0.0182654
-0.0182312
-0.0181995
-0.018166
-0.0181333
-0.0181012
-0.0180698
-0.0180253
-0.0179929
-0.0179593
-0.0179267
-0.0178946
-0.0178697
-0.0178375
-0.0178043
-0.0177744
-0.0177407
-0.0177074
-0.0176752
-0.0176432
-0.0176059
-0.0175731
-0.0175402
-0.0175077
-0.0174743
-0.0174408
-0.0174096
-0.0173759
-0.0173438
-0.017311
-0.0172768
-0.0172443
-0.0172119
-0.0171787
-0.0171437
-0.017111
-0.0170773
-0.0170647
-0.0170312
-0.0169976
-0.0169644
-0.0169322
-0.0168995
-0.0168644
-0.016831
-0.0167967
-0.0167487
-0.0167239
-0.0166899
-0.0166585
-0.016622
-0.0165893
-0.0165563
-0.016521
-0.0164871
-0.0164524
-0.0164197
-0.0163864
-0.0163515
-0.0163196
-0.0162873
-0.0162532
-0.016219
-0.016185
-0.0161603
-0.0161273
-0.0160935
-0.0160582
-0.0160229
-0.0159886
-0.0159494
-0.0159172
-0.0158832
-0.0158552
-0.0158192
-0.0157862
-0.0157536
-0.0157189
-0.0156844
-0.0156504
-0.015617
-0.015582
-0.0155488
-0.0155152
-0.0154792
-0.0154432
-0.0154081
-0.0153764
-0.0153434
-0.0153102
-0.0152807
-0.0152451
-0.0152035
-0.0151708
-0.015137
-0.015099
-0.0150651
-0.0150318
-0.0149971
-0.0149619
-0.0149308
-0.0148964
-0.0148614
-0.014831
-0.0147974
-0.0147638
-0.0147288
-0.0146927
-0.0146578
-0.0146248
-0.0145882
-0.0145534
-0.0145191
-0.0144839
-0.0144513
-0.014408
-0.0143744
-0.0143444
-0.0143105
-0.0142768
-0.0142406
-0.0142075
-0.0141613
-0.0141268
-0.0140922
-0.0140584
-0.0140228
-0.0139976
-0.0139635
-0.0139287
-0.0138942
-0.0138606
-0.0138254
-0.013791
-0.0137572
-0.0137366
-0.0137026
-0.0136718
-0.0136358
-0.0136007
-0.0135669
-0.0135284
-0.0134944
-0.0134601
-0.0134229
-0.0133905
-0.0133578
-0.0133226
-0.013289
-0.013252
-0.013217
-0.0131828
-0.0131468
-0.013112
-0.0130802
-0.0130456
-0.0130118
-0.0129762
-0.0129409
-0.0129056
-0.0128714
-0.0128373
-0.0127996
-0.0127648
-0.0127293
-0.0126946
-0.01266
-0.0126246
-0.0125899
-0.012555
-0.0125206
-0.0124843
-0.0124485
-0.0124138
-0.0123788
-0.0123478
-0.0123129
-0.012278
-0.0122408
-0.0122054
-0.0121709
-0.0121354
-0.0121001
-0.0120648
-0.0120327
-0.0119975
-0.0119632
-0.011924
-0.0118888
-0.0118523
-0.0118207
-0.0117872
-0.0117525
-0.0117159
-0.0116804
-0.0116446
-0.0116097
-0.0115744
-0.0115391
-0.0115038
-0.0114693
-0.0114322
-0.0113969
-0.011362
-0.0113296
-0.0112941
-0.0112469
-0.01121
-0.0111755
-0.0111402
-0.0111036
-0.0110678
-0.0110325
-0.010996
-0.0109602
-0.0109254
-0.0108911
-0.0108524
-0.0108171
-0.0107824
-0.0107467
-0.0107112
-0.0106766
-0.010641
-0.0106044
-0.0105682
-0.0105322
-0.010497
-0.0104618
-0.0104259
-0.0103882
-0.0103513
-0.0103161
-0.0102818
-0.0102428
-0.0102084
-0.0101716
-0.0101354
-0.010098
-0.0100615
-0.0100277
-0.00999271
-0.00996115
-0.00992665
-0.0098885
-0.00985358
-0.00981561
-0.00977929
-0.00973551
-0.00969967
-0.00966402
-0.00962976
-0.00959421
-0.00955679
-0.00952163
-0.00948588
-0.0094574
-0.00941947
-0.00938319
-0.00934656
-0.00931134
-0.00927376
-0.00923601
-0.00919994
-0.0091627
-0.00912605
-0.00908959
-0.00905333
-0.00901761
-0.00897998
-0.00894346
-0.00890696
-0.00886865
-0.00883214
-0.00879462
-0.00875759
-0.00872079
-0.00868387
-0.00864738
-0.0086127
-0.00857679
-0.00853976
-0.00850416
-0.00846753
-0.00843084
-0.00839329
-0.00835691
-0.00831879
-0.00828281
-0.00824282
-0.00820676
-0.00816794
-0.00813139
-0.00809509
-0.00805965
-0.00802249
-0.00798556
-0.00794867
-0.00791192
-0.00787478
-0.0078398
-0.0078028
-0.0077672
-0.00773005
-0.00769369
-0.00765746
-0.00761855
-0.00758332
-0.00754603
-0.00751189
-0.00747313
-0.00743724
-0.00740187
-0.00736345
-0.00732693
-0.00729095
-0.00725254
-0.00721288
-0.00717692
-0.00714011
-0.00710391
-0.00706723
-0.00703187
-0.00699469
-0.00695291
-0.00691663
-0.00688264
-0.00684565
-0.00681336
-0.00677519
-0.006738
-0.00670058
-0.00666461
-0.00662612
-0.00658879
-0.00655207
-0.00651446
-0.00647788
-0.00643947
-0.00640334
-0.00636599
-0.00633017
-0.00629044
-0.00625327
-0.00621738
-0.00617865
-0.00615199
-0.00611586
-0.00607752
-0.00604082
-0.00600213
-0.00596485
-0.00592652
-0.00588934
-0.00585287
-0.00581313
-0.00577558
-0.00573367
-0.00569776
-0.00565817
-0.00562143
-0.00557735
-0.00554799
-0.00551029
-0.00547464
-0.0054367
-0.00540039
-0.00536718
-0.00533129
-0.00530162
-0.0052641
-0.00522692
-0.00518871
-0.00515074
-0.0051153
-0.0050738
-0.00503178
-0.00499375
-0.00495595
-0.00491796
-0.00487968
-0.00484088
-0.0048031
-0.00476548
-0.00472816
-0.00468233
-0.00464505
-0.00461085
-0.00457252
-0.00453489
-0.00450441
-0.00446581
-0.00443501
-0.00439869
-0.00435954
-0.00432265
-0.00428377
-0.0042461
-0.00420896
-0.00417437
-0.00413155
-0.00409788
-0.00405625
-0.00402032
-0.00398273
-0.00394458
-0.00390615
-0.00386762
-0.00382915
-0.00378468
-0.00374675
-0.00370972
-0.0036703
-0.00363394
-0.00359655
-0.00356446
-0.00352602
-0.00348816
-0.00345018
-0.00341194
-0.0033739
-0.00333691
-0.00329864
-0.00326111
-0.00322268
-0.00318451
-0.00314537
-0.0031086
-0.00306923
-0.00302077
-0.00298372
-0.00294623
-0.0029095
-0.0028699
-0.00282172
-0.00278315
-0.00274525
-0.00270894
-0.00266913
-0.00263178
-0.00259522
-0.00255788
-0.00252076
-0.00249436
-0.00245833
-0.00241946
-0.00238057
-0.00234366
-0.00230568
-0.00226684
-0.00223159
-0.00219375
-0.00215765
-0.00212035
-0.00208232
-0.00204448
-0.00200694
-0.00196767
-0.00192815
-0.00189169
-0.00185197
-0.00181233
-0.00177542
-0.00173688
-0.00169883
-0.00166392
-0.00162643
-0.00158739
-0.00155088
-0.0015133
-0.00147542
-0.0014372
-0.00139743
-0.00135872
-0.00132831
-0.00128819
-0.0012505
-0.0012122
-0.00117266
-0.00113408
-0.00109644
-0.00105713
-0.0010199
-0.000984657
-0.000945684
-0.000904945
-0.000867037
-0.000829532
-0.000791681
-0.00075251
-0.000714045
-0.000677075
-0.000639569
-0.000601935
-0.000562647
-0.000524501
-0.000487073
-0.000447501
-0.000409707
-0.000370849
-0.000333691
-0.000293407
-0.000254468
-0.000216007
-0.000178195
-0.000139893
-0.000101133
-6.3606e-05
-2.35582e-05
1.56625e-05
5.4381e-05
9.36963e-05
0.000132605
0.000170955
0.000210237
0.000249008
0.000283686
0.000321755
0.000361405
0.000398589
0.000437655
0.000476813
0.00051508
0.000553352
0.000590808
0.000628553
0.000666209
0.000707129
0.000746492
0.0007834
0.000814047
0.000852462
0.000889556
0.00092783
0.000965816
0.00100648
0.00104486
0.00108437
0.0011244
0.00116289
0.00120254
0.00124154
0.00127937
0.00132243
0.00136403
0.00140187
0.0014414
0.0014788
0.00152339
0.00156318
0.00160309
0.00164166
0.00167926
0.00171864
0.00175672
0.00178979
0.00182739
0.0018644
0.00190212
0.00194342
0.00198261
0.0020177
0.00205681
0.00208931
0.00212926
0.00216672
0.00220481
0.00224337
0.00228184
0.00232009
0.00235772
0.00239614
0.00243425
0.0024739
0.0025112
0.00255161
0.00258999
0.00263402
0.00267575
0.00271708
0.00276398
0.00280092
0.00283944
0.00287636
0.00291477
0.00295171
0.00298869
0.00302628
0.00306402
0.00310181
0.0031392
0.00318011
0.00321914
0.00325769
0.00329523
0.00333337
0.00337148
0.00340925
0.003447
0.003485
0.00352263
0.00356706
0.00360456
0.00364246
0.00368018
0.00371864
0.00375677
0.00379783
0.00383632
0.00387577
0.0039141
0.00395315
0.00399694
0.00403753
0.00407897
0.00413989
0.00418129
0.0042204
0.00426005
0.00430135
0.00434415
0.00439807
0.00444458
0.00448897
0.00454747
0.00460265
0.0046454
0.00468311
0.00472159
0.00475963
0.00479792
0.0048362
0.00487423
0.00491249
0.00495045
0.00499001
0.00502868
0.00506548
0.00509349
0.00513721
0.00517495
0.00521499
0.00525279
0.00529031
0.00532939
0.00536705
0.0054053
0.0054442
0.00548271
0.00552071
0.00555937
0.00559451
0.00563318
0.0056707
0.00570992
0.00574985
0.00578772
0.00582655
0.00586597
0.00590459
0.0059437
0.00598294
0.00602155
0.00606107
0.00609949
0.00613882
0.00617811
0.00621729
0.00625581
0.0062938
0.00633429
0.00637276
0.00641229
0.00645376
0.00649287
0.00653305
0.00657202
0.00661268
0.00665295
0.0066907
0.00672995
0.00677031
0.00680999
0.00685187
0.00689009
0.00692989
0.00696898
0.00700846
0.00704875
0.00708736
0.00712684
0.00716723
0.00720861
0.00724867
0.0072873
0.0073262
0.00736661
0.00740663
0.007435
0.00747539
0.0075159
0.00755585
0.00758928
0.00762891
0.00767096
0.00770916
0.00775096
0.00778989
0.00783001
0.00787115
0.00792206
0.00796085
0.00799967
0.00804037
0.00807914
0.00812154
0.00816332
0.00820305
0.00824123
0.00827968
0.0083209
0.00836187
0.00840324
0.00844358
0.00848377
0.00852305
0.00856304
0.00860355
0.00864243
0.00867642
0.00871576
0.00875651
0.00879667
0.00883771
0.00887744
0.00891808
0.00895643
0.0089998
0.0090377
0.00908203
0.00912006
0.00915954
0.00919915
0.00924127
0.00927917
0.00932228
0.00936587
0.00940355
0.0094451
0.00948578
0.00952762
0.00957026
0.00961025
0.00965048
0.00969424
0.00973716
0.00977928
0.00982105
0.00986271
0.00990378
0.00994509
0.00998567
0.0100285
0.0100714
0.0101133
0.0101554
0.010193
0.0102357
0.0102765
0.010315
0.010357
0.0103953
0.0104352
0.0105069
0.0105524
0.0105941
0.0106145
0.0106549
0.0106977
0.010739
0.010768
0.0108062
0.0108474
0.0108883
0.0109287
0.010971
0.0110159
0.0110591
0.0110975
0.0111397
0.011181
0.011222
0.0112634
0.0113083
0.0113515
0.0113918
0.0114335
0.0114773
0.0115315
0.0115737
0.0116173
0.0116608
0.011702
0.0117419
0.0117821
0.0118228
0.0118538
0.0118941
0.0119347
0.011976
0.0120209
0.0120661
0.0121092
0.0121503
0.01219
0.0122314
0.0122738
0.0123164
0.0123536
0.0123993
0.0124381
0.0124807
0.0125114
0.0125703
0.012611
0.0126528
0.0126965
0.0127302
0.0127716
0.0128122
0.0128519
0.0128866
0.0129292
0.0129772
0.0130213
0.0130633
0.013107
0.0131508
0.0131929
0.0132441
0.0132878
0.0133197
0.0133722
0.0134122
0.0134572
0.013497
0.0135424
0.0135881
0.0136407
0.0136846
0.0137274
0.0137712
0.0138071
0.0138461
0.0138914
0.0139343
0.0139737
0.0140148
0.0140556
0.0140965
0.0141374
0.0141789
0.01422
0.0142631
0.0143045
0.014347
0.0143901
0.0144322
0.0144727
0.0145163
0.0145585
0.0145987
0.0146443
0.0146857
0.014727
0.0147676
0.0148091
0.0148504
0.014891
0.0149324
0.0149767
0.0150173
0.0150616
0.0151039
0.0151407
0.0151816
0.0152222
0.015267
0.0153069
0.0153431
0.0153872
0.0154284
0.0154731
0.0155133
0.015558
0.0155966
0.0156637
0.0157044
0.0157478
0.0157897
0.0158307
0.0158726
0.0159113
0.015955
0.0159964
0.0160385
0.0160813
0.0161224
0.0161661
0.0162058
0.0162494
0.0162935
0.0163363
0.0163761
0.0164191
0.0164375
0.0164788
0.0165199
0.0165598
0.0166006
0.0166449
0.0166857
0.0167307
0.0167731
0.0168136
0.0168575
0.0169012
0.0169447
0.0169853
0.0170284
0.0170693
0.017115
0.0171577
0.0171964
0.0172387
0.0172802
0.01732
0.0173642
0.0174061
0.0174491
0.0174932
0.0175354
0.0175829
0.0176241
0.0176689
0.0177074
0.0177484
0.017792
0.0178336
0.017875
0.0179185
0.0179632
0.0180079
0.0180525
0.0180917
0.0181367
0.0181786
0.0182212
0.0182659
0.0183091
0.0183482
0.0183916
0.0184308
0.018474
0.0185175
0.0185606
0.0186027
0.0186436
0.0186928
0.0187343
0.0187808
0.0188231
0.0188621
0.0189073
0.0189503
0.0189913
0.0190314
0.0190738
0.0191122
0.01916
0.0192019
0.019244
0.0192863
0.0193333
0.0193771
0.0194193
0.0194622
0.0195031
0.0195457
0.0195877
0.0196338
0.0196751
0.0197162
0.0197606
0.0198017
0.0198497
0.0198903
0.0199353
0.0199747
0.0200167
0.0200594
0.0201022
0.0201725
0.0202154
0.0202617
0.0203021
0.0203485
0.0203941
0.0204011
0.0204499
0.0204928
0.0205369
0.0205819
0.020625
0.0206677
0.0207124
0.0207537
0.0207913
0.0208359
0.0208804
0.0209225
0.0209685
0.0210123
0.0210575
0.0211024
0.0211453
0.0211885
0.0212323
0.0212751
0.0213189
0.0213544
0.021396
0.0214398
0.0214841
0.021531
0.0215754
0.0216187
0.0216641
0.0217088
0.0217524
0.0217998
0.0218385
0.0218846
0.0219282
0.0219714
0.0220155
0.0220619
0.022106
0.0221509
0.0221947
0.0222423
0.0222865
0.0223288
0.022369
0.0224136
0.0224559
0.0224953
0.022531
0.0225737
0.0226205
0.0226715
0.0227149
0.0227602
0.0228049
0.0228512
0.0228904
0.0229385
0.0229827
0.0230253
0.0230724
0.0231168
0.0231645
0.0232049
0.0232477
0.0232892
0.0233335
0.0233777
0.0234204
0.0234658
0.0235048
0.0235523
0.0235964
0.0236445
0.0236908
0.0237818
0.0238276
0.0238752
0.0239199
0.0239632
0.0240018
0.0240453
0.0240891
0.0240879
0.024132
0.0241771
0.0242229
0.0242672
0.0243135
0.024355
0.024399
0.0244503
0.0244964
0.0245404
0.0245837
0.0246315
0.0246733
0.024719
0.0247624
0.0248086
0.0248524
0.0248946
0.0249415
0.0249886
0.0250396
0.0250783
0.0251227
0.0251667
0.0252132
0.0252561
0.0252994
0.0253462
0.0253927
0.025439
0.0254848
0.0255279
0.0255727
0.0256202
0.0256669
0.0257106
0.0257578
0.0257986
0.0258458
0.0258926
0.0259365
0.025986
0.0260305
0.0260799
0.0261317
0.0261791
0.0262242
0.0262698
0.0263168
0.0263581
0.0264042
0.0264662
0.0265105
0.0265584
0.0266042
0.0266504
0.0266937
0.0267417
0.0267864
0.0268309
0.0268791
0.0269245
0.0269487
0.0269972
0.027046
0.0270893
0.0271311
0.027176
0.0272255
0.0272715
0.027319
0.0273623
0.0274008
0.0274487
0.0274925
0.0275407
0.0275904
0.0276384
0.027686
0.0277327
0.0277748
0.027819
0.0278651
0.0279098
0.0279578
0.0280035
0.0280553
0.0280981
0.0281469
0.0281906
0.0282432
0.028289
0.0283354
0.0284065
0.0284532
0.0285011
0.0285473
0.0285903
0.0286365
0.0286586
0.0287065
0.0287552
0.028798
0.0288413
0.0288854
0.0289315
0.0289802
0.0290269
0.0290742
0.0291162
0.0291657
0.029212
0.0292577
0.0293056
0.0293528
0.0294004
0.029451
0.0294982
0.0295779
0.0296296
0.0296777
0.0297154
0.0297568
0.0298052
0.0298563
0.0299068
0.0299482
0.0299891
0.0300369
0.0300985
0.0301472
0.030166
0.0302155
0.0303001
0.0303409
0.0303884
0.0304386
0.030488
0.0305301
0.0305776
0.0306305
0.0306569
0.0307017
0.0307573
0.0308067
0.0308526
0.0309009
0.0309408
0.0309911
0.0310374
0.031083
0.0311307
0.031176
0.0312259
0.0312692
0.0313144
0.0313535
0.0314051
0.0314612
0.0315092
0.0315581
0.0316018
0.0316467
0.0316947
0.0317428
0.0317917
0.0318338
0.0318811
0.0319332
0.0319794
0.0320287
0.0320779
0.0321251
0.0321633
0.0322148
0.03226
0.0323081
0.0323579
0.032399
0.0324473
0.0324915
0.03254
0.0325993
0.0326408
0.0326848
0.0327332
0.0327775
0.0328312
0.0328784
0.0329283
0.0329708
0.0330201
0.0330697
0.0331139
0.0331746
0.033224
0.0332656
0.0333175
0.0333567
0.0334008
0.033449
0.0334977
0.0335438
0.0336022
0.0336497
0.0336978
0.033746
0.0337925
0.0338442
0.0338955
0.0339389
0.0339891
0.0340359
0.0340847
0.0341338
0.0341699
0.0342235
0.0342764
0.0343232
0.0343708
0.0344233
0.0344712
0.0345279
0.0345766
0.0346121
0.0346605
0.0347112
0.0347619
0.0348086
0.0348562
0.0349099
0.034955
0.0350036
0.0350565
0.0351042
0.0351517
0.0351986
0.0352452
0.0353022
0.0353508
0.0354039
0.0354505
0.0354927
0.0355394
0.0355931
0.0356447
0.0357019
0.0357404
0.0357912
0.0358374
0.0358871
0.0359381
0.0359872
0.0360401
0.0360635
0.0361374
0.0361863
0.036237
0.036288
0.0363363
0.0363819
0.0364251
0.0364766
0.0365235
0.0365831
0.0366319
0.0366801
0.0367294
0.0367808
0.036832
0.0368804
0.0369248
0.0369863
0.0370392
0.0370847
0.0371278
0.0371752
0.0372263
0.0372753
0.0373253
0.0373761
0.0374259
0.0374723
0.0375216
0.0375702
0.0376256
0.0376614
0.0377118
0.0377514
0.0378087
0.0378659
0.0379188
0.0379727
0.03803
0.038081
0.0381257
0.0381704
0.0382201
0.0382809
0.0383368
0.0383906
0.038433
0.0384835
0.038537
0.0385867
0.0386341
0.0386885
0.0387225
0.0387794
0.0388342
0.0388854
0.0389372
0.0389885
0.0390408
0.0390931
0.0391452
0.0391937
0.0392343
0.0392886
0.0393338
0.0393848
0.0394392
0.0394897
0.0395469
0.0396041
0.0396536
0.0397054
0.0397474
0.0397938
0.0398457
0.0398997
0.0399488
0.0399958
0.0400422
0.0400959
0.0401406
0.0401946
0.0402504
0.040296
0.0403472
0.0403968
0.0404463
0.040497
0.0405575
0.0406209
0.0406729
0.0407263
0.0407839
0.040839
0.040907
0.0409576
0.0410115
0.0410512
0.0411008
0.0411488
0.0412025
0.0412567
0.0413044
0.0413554
0.0414064
0.0414584
0.0415146
0.0415713
0.0416273
0.0416739
0.0417324
0.041785
0.0418433
0.0418924
0.0419403
0.041998
0.0420492
0.0421085
0.042155
0.0422236
0.0422764
0.0423313
0.0423828
0.0424147
0.0424629
0.0425172
0.0425719
0.0426283
0.0426822
0.0427276
0.0427774
0.0428325
0.0428882
0.0429438
0.0430047
0.043063
0.0431063
0.0431586
0.043211
0.0432682
0.0433173
0.0433733
0.0434233
0.0434818
0.0435418
0.0435995
0.0436552
0.0436971
0.0437624
0.0438189
0.0438671
0.0439323
0.0439885
0.044042
0.0440935
0.044146
0.0442008
0.0442188
0.0442633
0.0443265
0.0443828
0.0444333
0.0444898
0.0445425
0.0445976
0.0446531
0.0447023
0.0447571
0.0448047
0.0448578
0.044925
0.0449795
0.0450281
0.0450908
0.0451449
0.045196
0.0452527
0.045313
0.0453597
0.0454151
0.0454663
0.0455211
0.0455844
0.0456416
0.0456874
0.0457423
0.0458097
0.0458698
0.0459237
0.0459742
0.0460336
0.0460937
0.046158
0.0462133
0.046276
0.0463335
0.0463877
0.0464183
0.0464722
0.0465293
0.0465853
0.0466621
0.0467215
0.0467791
0.0468373
0.046886
0.0469422
0.0469965
0.0470546
0.0471024
0.0471666
0.0472258
0.047325
0.0473896
0.047439
0.0474955
0.0475568
0.0476101
0.0476824
0.0477276
0.0477785
0.0478333
0.0478922
0.0479561
0.0480196
0.0480687
0.0481389
0.0482084
0.048271
0.0483201
0.0483746
0.0484446
0.048496
0.0485479
0.0486063
0.0486601
0.0487242
0.048757
0.0488172
0.0488744
0.0489318
0.0489937
0.0490683
0.0491461
0.0491949
0.0492414
0.0493024
0.0493637
0.0494206
0.0494823
0.0495437
0.0496023
0.0496741
0.0497047
0.0497667
0.0498271
0.049893
0.0499581
0.0500111
0.0500852
0.0501418
0.050195
0.0502207
0.0503173
0.0503441
0.050436
0.050499
0.0505465
0.0506082
0.0506868
0.050743
0.0508138
0.0508628
0.0509103
0.050961
0.0510393
0.0511144
0.0512332
0.0512714
0.0513401
0.0514225
0.0514796
0.0515495
0.0516198
0.051682
0.0517464
0.0518403
0.0519041
0.051939
0.0520115
0.0520749
0.0521372
0.0521945
0.0522572
0.0523182
0.052389
0.0524585
0.0525217
0.0525903
0.0526397
0.0527094
0.0527778
0.052841
0.0529063
0.0529731
0.0530329
0.0530991
0.0566433
0.0575141
0.0575989
0.0577046
0.0578169
0.0579283
0.0580508
0.0581222
0.0582826
0.0583802
0.0584905
0.05869
0.0587512
0.0588966
0.0589362
0.0592949
0.0595148
0.0597767
0.0598938
0.0603097
0.0682036
0.0684988
0.0744084
0.0745541
0.0741481
0.0743239
0.0744194
0.0749681
0.0753058
0.0757956
0.075716
0.0761739
0.0770377
0.0772503
0.0777393
0.0924885
0.0933546
0.0944739
0.0954055
0.0966724
0.0812715
0.0951025
0.0946118
0.0943801
0.0939037
0.0938103
0.0940069
0.093927
0.0942549
0.0947443
0.0951084
0.0958326
0.0964196
0.096421
0.0971399
0.0979978
0.0906568
0.092294
0.0904511
0.0899432
0.0889088
0.0884597
0.0882795
0.0875424
0.0876684
0.0874985
0.0877391
0.0879951
0.0883359
0.0886246
0.0888438
0.0765661
0.0766394
0.0759084
0.0753153
0.0751629
0.0746296
0.0744384
0.0742939
0.0740725
0.0742042
0.0743105
0.0744221
0.0745164
0.0748139
0.0683002
0.067857
0.0677685
0.0675916
0.0674793
