0.223156
0.148771
0.223156
0.185964
0.185964
0.223156
0.185964
0.223156
0.223156
0.223156
0.185964
0.223156
0.223156
0.223156
0.223156
0.260349
0.223156
0.260349
0.223156
0.260349
0.260349
0.260349
0.260349
0.260349
0.297542
0.260349
0.297542
0.297542
0.297542
0.334735
0.297542
0.334735
0.334735
0.334735
0.371927
0.371927
0.371927
0.371927
0.40912
0.40912
0.446313
0.446313
0.446313
0.446313
0.520698
0.483505
0.520698
0.545543
0.533343
0.593265
0.585058
0.579867
0.644418
0.676688
0.677613
0.716124
0.756951
0.801295
0.77691
0.858732
0.873737
0.889034
0.929818
0.929818
0.967011
0.929818
0.855433
0.967011
0.928641
0.917645
0.865608
0.816155
0.804398
0.759707
0.718984
0.714438
0.710769
0.674613
0.70707
0.639458
0.673738
0.607637
0.643371
0.611964
0.58053
0.617939
0.553173
0.590304
0.558
0.528266
0.602016
0.534485
0.505126
0.50754
0.58897
0.517684
0.483505
0.520698
0.446313
0.446313
0.483505
0.483505
0.446313
0.446313
0.446313
0.40912
0.446313
0.371927
0.446313
0.371927
0.40912
0.371927
0.371927
0.371927
0.371927
0.371927
0.334735
0.371927
0.334735
0.334735
0.297542
0.334735
0.297542
0.297542
0.334735
0.297542
0.297542
0.297542
0.297542
0.297542
0.260349
0.260349
0.260349
0.297542
0.223156
0.223156
0.223156
0.260349
0.223156
0.260349
0.260349
0.185964
0.223156
0.223156
0.185964
0.185964
0.185964
0.185964
