-0.278931
-0.278894
-0.278857
-0.278819
-0.278782
-0.278745
-0.278708
-0.278671
-0.278633
-0.278596
-0.278559
-0.278522
-0.278484
-0.278447
-0.27841
-0.278373
-0.278336
-0.278298
-0.278261
-0.278224
-0.278187
-0.27815
-0.278112
-0.278075
-0.278038
-0.278001
-0.277963
-0.277926
-0.277889
-0.277852
-0.277815
-0.277777
-0.27774
-0.277703
-0.277666
-0.277629
-0.277591
-0.277554
-0.277517
-0.27748
-0.277443
-0.277405
-0.277368
-0.277331
-0.277294
-0.277256
-0.277219
-0.277182
-0.277145
-0.277108
-0.27707
-0.277033
-0.276996
-0.276959
-0.276922
-0.276884
-0.276847
-0.27681
-0.276773
-0.276736
-0.276698
-0.276661
-0.276624
-0.276587
-0.276549
-0.276512
-0.276475
-0.276438
-0.276401
-0.276363
-0.276326
-0.276289
-0.276252
-0.276215
-0.276177
-0.27614
-0.276103
-0.276066
-0.276028
-0.275991
-0.275954
-0.275917
-0.27588
-0.275842
-0.275805
-0.275768
-0.275731
-0.275694
-0.275656
-0.275619
-0.275582
-0.275545
-0.275508
-0.27547
-0.275433
-0.275396
-0.275359
-0.275321
-0.275284
-0.275247
-0.27521
-0.275173
-0.275135
-0.275098
-0.275061
-0.275024
-0.274987
-0.274949
-0.274912
-0.274875
-0.274838
-0.274801
-0.274763
-0.274726
-0.274689
-0.274652
-0.274614
-0.274577
-0.27454
-0.274503
-0.274466
-0.274428
-0.274391
-0.274354
-0.274317
-0.27428
-0.274242
-0.274205
-0.274168
-0.274131
-0.274094
-0.274056
-0.274019
-0.273982
-0.273945
-0.273907
-0.27387
-0.273833
-0.273796
-0.273759
-0.273721
-0.273684
-0.273647
-0.27361
-0.273573
-0.273535
-0.273498
-0.273461
-0.273424
-0.273386
-0.273349
-0.273312
-0.273275
-0.273238
-0.2732
-0.273163
-0.273126
-0.273089
-0.273052
-0.273014
-0.272977
-0.27294
-0.272903
-0.272866
-0.272828
-0.272791
-0.272754
-0.272717
-0.272679
-0.272642
-0.272605
-0.272568
-0.272531
-0.272493
-0.272456
-0.272419
-0.272382
-0.272345
-0.272307
-0.27227
-0.272233
-0.272196
-0.272159
-0.272121
-0.272084
-0.272047
-0.27201
-0.271972
-0.271935
-0.271898
-0.271861
-0.271824
-0.271786
-0.271749
-0.271712
-0.271675
-0.271638
-0.2716
-0.271563
-0.271526
-0.271489
-0.271452
-0.271414
-0.271377
-0.27134
-0.271303
-0.271265
-0.271228
-0.271191
-0.271154
-0.271117
-0.271079
-0.271042
-0.271005
-0.270968
-0.270931
-0.270893
-0.270856
-0.270819
-0.270782
-0.270744
-0.270707
-0.27067
-0.270633
-0.270596
-0.270558
-0.270521
-0.270484
-0.270447
-0.27041
-0.270372
-0.270335
-0.270298
-0.270261
-0.270224
-0.270186
-0.270149
-0.270112
-0.270075
-0.270037
-0.27
-0.269963
-0.269926
-0.269889
-0.269851
-0.269814
-0.269777
-0.26974
-0.269703
-0.269665
-0.269628
-0.269591
-0.269554
-0.269517
-0.269479
-0.269442
-0.269405
-0.269368
-0.26933
-0.269293
-0.269256
-0.269219
-0.269182
-0.269144
-0.269107
-0.26907
-0.269033
-0.268996
-0.268958
-0.268921
-0.268884
-0.268847
-0.268809
-0.268772
-0.268735
-0.268698
-0.268661
-0.268623
-0.268586
-0.268549
-0.268512
-0.268475
-0.268437
-0.2684
-0.268363
-0.268326
-0.268289
-0.268251
-0.268214
-0.268177
-0.26814
-0.268102
-0.268065
-0.268028
-0.267991
-0.267954
-0.267916
-0.267879
-0.267842
-0.267805
-0.267768
-0.26773
-0.267693
-0.267656
-0.267619
-0.267582
-0.267544
-0.267507
-0.26747
-0.267433
-0.267395
-0.267358
-0.267321
-0.267284
-0.267247
-0.267209
-0.267172
-0.267135
-0.267098
-0.267061
-0.267023
-0.266986
-0.266949
-0.266912
-0.266875
-0.266837
-0.2668
-0.266763
-0.266726
-0.266688
-0.266651
-0.266614
-0.266577
-0.26654
-0.266502
-0.266465
-0.266428
-0.266391
-0.266354
-0.266316
-0.266279
-0.266242
-0.266205
-0.266167
-0.26613
-0.266093
-0.266056
-0.266019
-0.265981
-0.265944
-0.265907
-0.26587
-0.265833
-0.265795
-0.265758
-0.265721
-0.265684
-0.265647
-0.265609
-0.265572
-0.265535
-0.265498
-0.26546
-0.265423
-0.265386
-0.265349
-0.265312
-0.265274
-0.265237
-0.2652
-0.265163
-0.265126
-0.265088
-0.265051
-0.265014
-0.264977
-0.26494
-0.264902
-0.264865
-0.264828
-0.264791
-0.264753
-0.264716
-0.264679
-0.264642
-0.264605
-0.264567
-0.26453
-0.264493
-0.264456
-0.264419
-0.264381
-0.264344
-0.264307
-0.26427
-0.264233
-0.264195
-0.264158
-0.264121
-0.264084
-0.264046
-0.264009
-0.263972
-0.263935
-0.263898
-0.26386
-0.263823
-0.263786
-0.263749
-0.263712
-0.263674
-0.263637
-0.2636
-0.263563
-0.263525
-0.263488
-0.263451
-0.263414
-0.263377
-0.263339
-0.263302
-0.263265
-0.263228
-0.263191
-0.263153
-0.263116
-0.263079
-0.263042
-0.263005
-0.262967
-0.26293
-0.262893
-0.262856
-0.262818
-0.262781
-0.262744
-0.262707
-0.26267
-0.262632
-0.262595
-0.262558
-0.262521
-0.262484
-0.262446
-0.262409
-0.262372
-0.262335
-0.262298
-0.26226
-0.262223
-0.262186
-0.262149
-0.262111
-0.262074
-0.262037
-0.262
-0.261963
-0.261925
-0.261888
-0.261851
-0.261814
-0.261777
-0.261739
-0.261702
-0.261665
-0.261628
-0.261591
-0.261553
-0.261516
-0.261479
-0.261442
-0.261404
-0.261367
-0.26133
-0.261293
-0.261256
-0.261218
-0.261181
-0.261144
-0.261107
-0.26107
-0.261032
-0.260995
-0.260958
-0.260921
-0.260883
-0.260846
-0.260809
-0.260772
-0.260735
-0.260697
-0.26066
-0.260623
-0.260586
-0.260549
-0.260511
-0.260474
-0.260437
-0.2604
-0.260363
-0.260325
-0.260288
-0.260251
-0.260214
-0.260176
-0.260139
-0.260102
-0.260065
-0.260028
-0.25999
-0.259953
-0.259916
-0.259879
-0.259842
-0.259804
-0.259767
-0.25973
-0.259693
-0.259656
-0.259618
-0.259581
-0.259544
-0.259507
-0.259469
-0.259432
-0.259395
-0.259358
-0.259321
-0.259283
-0.259246
-0.259209
-0.259172
-0.259135
-0.259097
-0.25906
-0.259023
-0.258986
-0.258948
-0.258911
-0.258874
-0.258837
-0.2588
-0.258762
-0.258725
-0.258688
-0.258651
-0.258614
-0.258576
-0.258539
-0.258502
-0.258465
-0.258428
-0.25839
-0.258353
-0.258316
-0.258279
-0.258241
-0.258204
-0.258167
-0.25813
-0.258093
-0.258055
-0.258018
-0.257981
-0.257944
-0.257907
-0.257869
-0.257832
-0.257795
-0.257758
-0.257721
-0.257683
-0.257646
-0.257609
-0.257572
-0.257534
-0.257497
-0.25746
-0.257423
-0.257386
-0.257348
-0.257311
-0.257274
-0.257237
-0.2572
-0.257162
-0.257125
-0.257088
-0.257051
-0.257014
-0.256976
-0.256939
-0.256902
-0.256865
-0.256827
-0.25679
-0.256753
-0.256716
-0.256679
-0.256641
-0.256604
-0.256567
-0.25653
-0.256493
-0.256455
-0.256418
-0.256381
-0.256344
-0.256306
-0.256269
-0.256232
-0.256195
-0.256158
-0.25612
-0.256083
-0.256046
-0.256009
-0.255972
-0.255934
-0.255897
-0.25586
-0.255823
-0.255786
-0.255748
-0.255711
-0.255674
-0.255637
-0.255599
-0.255562
-0.255525
-0.255488
-0.255451
-0.255413
-0.255376
-0.255339
-0.255302
-0.255265
-0.255227
-0.25519
-0.255153
-0.255116
-0.255079
-0.255041
-0.255004
-0.254967
-0.25493
-0.254892
-0.254855
-0.254818
-0.254781
-0.254744
-0.254706
-0.254669
-0.254632
-0.254595
-0.254558
-0.25452
-0.254483
-0.254446
-0.254409
-0.254372
-0.254334
-0.254297
-0.25426
-0.254223
-0.254185
-0.254148
-0.254111
-0.254074
-0.254037
-0.253999
-0.253962
-0.253925
-0.253888
-0.253851
-0.253813
-0.253776
-0.253739
-0.253702
-0.253664
-0.253627
-0.25359
-0.253553
-0.253516
-0.253478
-0.253441
-0.253404
-0.253367
-0.25333
-0.253292
-0.253255
-0.253218
-0.253181
-0.253144
-0.253106
-0.253069
-0.253032
-0.252995
-0.252957
-0.25292
-0.252883
-0.252846
-0.252809
-0.252771
-0.252734
-0.252697
-0.25266
-0.252623
-0.252585
-0.252548
-0.252511
-0.252474
-0.252437
-0.252399
-0.252362
-0.252325
-0.252288
-0.25225
-0.252213
-0.252176
-0.252139
-0.252102
-0.252064
-0.252027
-0.25199
-0.251953
-0.251916
-0.251878
-0.251841
-0.251804
-0.251767
-0.251729
-0.251692
-0.251655
-0.251618
-0.251581
-0.251543
-0.251506
-0.251469
-0.251432
-0.251395
-0.251357
-0.25132
-0.251283
-0.251246
-0.251209
-0.251171
-0.251134
-0.251097
-0.25106
-0.251022
-0.250985
-0.250948
-0.250911
-0.250874
-0.250836
-0.250799
-0.250762
-0.250725
-0.250688
-0.25065
-0.250613
-0.250576
-0.250539
-0.250502
-0.250464
-0.250427
-0.25039
-0.250353
-0.250315
-0.250278
-0.250241
-0.250204
-0.250167
-0.250129
-0.250092
-0.250055
-0.250018
-0.249981
-0.249943
-0.249906
-0.249869
-0.249832
-0.249795
-0.249757
-0.24972
-0.249683
-0.249646
-0.249608
-0.249571
-0.249534
-0.249497
-0.24946
-0.249422
-0.249385
-0.249348
-0.249311
-0.249274
-0.249236
-0.249199
-0.249162
-0.249125
-0.249087
-0.24905
-0.249013
-0.248976
-0.248939
-0.248901
-0.248864
-0.248827
-0.24879
-0.248753
-0.248715
-0.248678
-0.248641
-0.248604
-0.248567
-0.248529
-0.248492
-0.248455
-0.248418
-0.24838
-0.248343
-0.248306
-0.248269
-0.248232
-0.248194
-0.248157
-0.24812
-0.248083
-0.248046
-0.248008
-0.247971
-0.247934
-0.247897
-0.24786
-0.247822
-0.247785
-0.247748
-0.247711
-0.247673
-0.247636
-0.247599
-0.247562
-0.247525
-0.247487
-0.24745
-0.247413
-0.247376
-0.247339
-0.247301
-0.247264
-0.247227
-0.24719
-0.247153
-0.247115
-0.247078
-0.247041
-0.247004
-0.246966
-0.246929
-0.246892
-0.246855
-0.246818
-0.24678
-0.246743
-0.246706
-0.246669
-0.246632
-0.246594
-0.246557
-0.24652
-0.246483
-0.246445
-0.246408
-0.246371
-0.246334
-0.246297
-0.246259
-0.246222
-0.246185
-0.246148
-0.246111
-0.246073
-0.246036
-0.245999
-0.245962
-0.245925
-0.245887
-0.24585
-0.245813
-0.245776
-0.245738
-0.245701
-0.245664
-0.245627
-0.24559
-0.245552
-0.245515
-0.245478
-0.245441
-0.245404
-0.245366
-0.245329
-0.245292
-0.245255
-0.245218
-0.24518
-0.245143
-0.245106
-0.245069
-0.245031
-0.244994
-0.244957
-0.24492
-0.244883
-0.244845
-0.244808
-0.244771
-0.244734
-0.244697
-0.244659
-0.244622
-0.244585
-0.244548
-0.244511
-0.244473
-0.244436
-0.244399
-0.244362
-0.244324
-0.244287
-0.24425
-0.244213
-0.244176
-0.244138
-0.244101
-0.244064
-0.244027
-0.24399
-0.243952
-0.243915
-0.243878
-0.243841
-0.243803
-0.243766
-0.243729
-0.243692
-0.243655
-0.243617
-0.24358
-0.243543
-0.243506
-0.243469
-0.243431
-0.243394
-0.243357
-0.24332
-0.243283
-0.243245
-0.243208
-0.243171
-0.243134
-0.243096
-0.243059
-0.243022
-0.242985
-0.242948
-0.24291
-0.242873
-0.242836
-0.242799
-0.242762
-0.242724
-0.242687
-0.24265
-0.242613
-0.242576
-0.242538
-0.242501
-0.242464
-0.242427
-0.242389
-0.242352
-0.242315
-0.242278
-0.242241
-0.242203
-0.242166
-0.242129
-0.242092
-0.242055
-0.242017
-0.24198
-0.241943
-0.241906
-0.241868
-0.241831
-0.241794
-0.241757
-0.24172
-0.241682
-0.241645
-0.241608
-0.241571
-0.241534
-0.241496
-0.241459
-0.241422
-0.241385
-0.241348
-0.24131
-0.241273
-0.241236
-0.241199
-0.241161
-0.241124
-0.241087
-0.24105
-0.241013
-0.240975
-0.240938
-0.240901
-0.240864
-0.240827
-0.240789
-0.240752
-0.240715
-0.240678
-0.240641
-0.240603
-0.240566
-0.240529
-0.240492
-0.240454
-0.240417
-0.24038
-0.240343
-0.240306
-0.240268
-0.240231
-0.240194
-0.240157
-0.24012
-0.240082
-0.240045
-0.240008
-0.239971
-0.239934
-0.239896
-0.239859
-0.239822
-0.239785
-0.239747
-0.23971
-0.239673
-0.239636
-0.239599
-0.239561
-0.239524
-0.239487
-0.23945
-0.239413
-0.239375
-0.239338
-0.239301
-0.239264
-0.239226
-0.239189
-0.239152
-0.239115
-0.239078
-0.23904
-0.239003
-0.238966
-0.238929
-0.238892
-0.238854
-0.238817
-0.23878
-0.238743
-0.238706
-0.238668
-0.238631
-0.238594
-0.238557
-0.238519
-0.238482
-0.238445
-0.238408
-0.238371
-0.238333
-0.238296
-0.238259
-0.238222
-0.238185
-0.238147
-0.23811
-0.238073
-0.238036
-0.237999
-0.237961
-0.237924
-0.237887
-0.23785
-0.237812
-0.237775
-0.237738
-0.237701
-0.237664
-0.237626
-0.237589
-0.237552
-0.237515
-0.237478
-0.23744
-0.237403
-0.237366
-0.237329
-0.237292
-0.237254
-0.237217
-0.23718
-0.237143
-0.237105
-0.237068
-0.237031
-0.236994
-0.236957
-0.236919
-0.236882
-0.236845
-0.236808
-0.236771
-0.236733
-0.236696
-0.236659
-0.236622
-0.236584
-0.236547
-0.23651
-0.236473
-0.236436
-0.236398
-0.236361
-0.236324
-0.236287
-0.23625
-0.236212
-0.236175
-0.236138
-0.236101
-0.236064
-0.236026
-0.235989
-0.235952
-0.235915
-0.235877
-0.23584
-0.235803
-0.235766
-0.235729
-0.235691
-0.235654
-0.235617
-0.23558
-0.235543
-0.235505
-0.235468
-0.235431
-0.235394
-0.235357
-0.235319
-0.235282
-0.235245
-0.235208
-0.23517
-0.235133
-0.235096
-0.235059
-0.235022
-0.234984
-0.234947
-0.23491
-0.234873
-0.234836
-0.234798
-0.234761
-0.234724
-0.234687
-0.234649
-0.234612
-0.234575
-0.234538
-0.234501
-0.234463
-0.234426
-0.234389
-0.234352
-0.234315
-0.234277
-0.23424
-0.234203
-0.234166
-0.234129
-0.234091
-0.234054
-0.234017
-0.23398
-0.233942
-0.233905
-0.233868
-0.233831
-0.233794
-0.233756
-0.233719
-0.233682
-0.233645
-0.233608
-0.23357
-0.233533
-0.233496
-0.233459
-0.233422
-0.233384
-0.233347
-0.23331
-0.233273
-0.233235
-0.233198
-0.233161
-0.233124
-0.233087
-0.233049
-0.233012
-0.232975
-0.232938
-0.232901
-0.232863
-0.232826
-0.232789
-0.232752
-0.232715
-0.232677
-0.23264
-0.232603
-0.232566
-0.232528
-0.232491
-0.232454
-0.232417
-0.23238
-0.232342
-0.232305
-0.232268
-0.232231
-0.232194
-0.232156
-0.232119
-0.232082
-0.232045
-0.232007
-0.23197
-0.231933
-0.231896
-0.231859
-0.231821
-0.231784
-0.231747
-0.23171
-0.231673
-0.231635
-0.231598
-0.231561
-0.231524
-0.231487
-0.231449
-0.231412
-0.231375
-0.231338
-0.2313
-0.231263
-0.231226
-0.231189
-0.231152
-0.231114
-0.231077
-0.23104
-0.231003
-0.230966
-0.230928
-0.230891
-0.230854
-0.230817
-0.23078
-0.230742
-0.230705
-0.230668
-0.230631
-0.230593
-0.230556
-0.230519
-0.230482
-0.230445
-0.230407
-0.23037
-0.230333
-0.230296
-0.230259
-0.230221
-0.230184
-0.230147
-0.23011
-0.230073
-0.230035
-0.229998
-0.229961
-0.229924
-0.229886
-0.229849
-0.229812
-0.229775
-0.229738
-0.2297
-0.229663
-0.229626
-0.229589
-0.229552
-0.229514
-0.229477
-0.22944
-0.229403
-0.229365
-0.229328
-0.229291
-0.229254
-0.229217
-0.229179
-0.229142
-0.229105
-0.229068
-0.229031
-0.228993
-0.228956
-0.228919
-0.228882
-0.228845
-0.228807
-0.22877
-0.228733
-0.228696
-0.228658
-0.228621
-0.228584
-0.228547
-0.22851
-0.228472
-0.228435
-0.228398
-0.228361
-0.228324
-0.228286
-0.228249
-0.228212
-0.228175
-0.228138
-0.2281
-0.228063
-0.228026
-0.227989
-0.227951
-0.227914
-0.227877
-0.22784
-0.227803
-0.227765
-0.227728
-0.227691
-0.227654
-0.227617
-0.227579
-0.227542
-0.227505
-0.227468
-0.227431
-0.227393
-0.227356
-0.227319
-0.227282
-0.227244
-0.227207
-0.22717
-0.227133
-0.227096
-0.227058
-0.227021
-0.226984
-0.226947
-0.22691
-0.226872
-0.226835
-0.226798
-0.226761
-0.226723
-0.226686
-0.226649
-0.226612
-0.226575
-0.226537
-0.2265
-0.226463
-0.226426
-0.226389
-0.226351
-0.226314
-0.226277
-0.22624
-0.226203
-0.226165
-0.226128
-0.226091
-0.226054
-0.226016
-0.225979
-0.225942
-0.225905
-0.225868
-0.22583
-0.225793
-0.225756
-0.225719
-0.225682
-0.225644
-0.225607
-0.22557
-0.225533
-0.225496
-0.225458
-0.225421
-0.225384
-0.225347
-0.225309
-0.225272
-0.225235
-0.225198
-0.225161
-0.225123
-0.225086
-0.225049
-0.225012
-0.224975
-0.224937
-0.2249
-0.224863
-0.224826
-0.224788
-0.224751
-0.224714
-0.224677
-0.22464
-0.224602
-0.224565
-0.224528
-0.224491
-0.224454
-0.224416
-0.224379
-0.224342
-0.224305
-0.224268
-0.22423
-0.224193
-0.224156
-0.224119
-0.224081
-0.224044
-0.224007
-0.22397
-0.223933
-0.223895
-0.223858
-0.223821
-0.223784
-0.223747
-0.223709
-0.223672
-0.223635
-0.223598
-0.223561
-0.223523
-0.223486
-0.223449
-0.223412
-0.223374
-0.223337
-0.2233
-0.223263
-0.223226
-0.223188
-0.223151
-0.223114
-0.223077
-0.22304
-0.223002
-0.222965
-0.222928
-0.222891
-0.222854
-0.222816
-0.222779
-0.222742
-0.222705
-0.222667
-0.22263
-0.222593
-0.222556
-0.222519
-0.222481
-0.222444
-0.222407
-0.22237
-0.222333
-0.222295
-0.222258
-0.222221
-0.222184
-0.222146
-0.222109
-0.222072
-0.222035
-0.221998
-0.22196
-0.221923
-0.221886
-0.221849
-0.221812
-0.221774
-0.221737
-0.2217
-0.221663
-0.221626
-0.221588
-0.221551
-0.221514
-0.221477
-0.221439
-0.221402
-0.221365
-0.221328
-0.221291
-0.221253
-0.221216
-0.221179
-0.221142
-0.221105
-0.221067
-0.22103
-0.220993
-0.220956
-0.220919
-0.220881
-0.220844
-0.220807
-0.22077
-0.220732
-0.220695
-0.220658
-0.220621
-0.220584
-0.220546
-0.220509
-0.220472
-0.220435
-0.220398
-0.22036
-0.220323
-0.220286
-0.220249
-0.220212
-0.220174
-0.220137
-0.2201
-0.220063
-0.220025
-0.219988
-0.219951
-0.219914
-0.219877
-0.219839
-0.219802
-0.219765
-0.219728
-0.219691
-0.219653
-0.219616
-0.219579
-0.219542
-0.219504
-0.219467
-0.21943
-0.219393
-0.219356
-0.219318
-0.219281
-0.219244
-0.219207
-0.21917
-0.219132
-0.219095
-0.219058
-0.219021
-0.218984
-0.218946
-0.218909
-0.218872
-0.218835
-0.218797
-0.21876
-0.218723
-0.218686
-0.218649
-0.218611
-0.218574
-0.218537
-0.2185
-0.218463
-0.218425
-0.218388
-0.218351
-0.218314
-0.218277
-0.218239
-0.218202
-0.218165
-0.218128
-0.21809
-0.218053
-0.218016
-0.217979
-0.217942
-0.217904
-0.217867
-0.21783
-0.217793
-0.217756
-0.217718
-0.217681
-0.217644
-0.217607
-0.21757
-0.217532
-0.217495
-0.217458
-0.217421
-0.217383
-0.217346
-0.217309
-0.217272
-0.217235
-0.217197
-0.21716
-0.217123
-0.217086
-0.217049
-0.217011
-0.216974
-0.216937
-0.2169
-0.216862
-0.216825
-0.216788
-0.216751
-0.216714
-0.216676
-0.216639
-0.216602
-0.216565
-0.216528
-0.21649
-0.216453
-0.216416
-0.216379
-0.216342
-0.216304
-0.216267
-0.21623
-0.216193
-0.216155
-0.216118
-0.216081
-0.216044
-0.216007
-0.215969
-0.215932
-0.215895
-0.215858
-0.215821
-0.215783
-0.215746
-0.215709
-0.215672
-0.215635
-0.215597
-0.21556
-0.215523
-0.215486
-0.215448
-0.215411
-0.215374
-0.215337
-0.2153
-0.215262
-0.215225
-0.215188
-0.215151
-0.215114
-0.215076
-0.215039
-0.215002
-0.214965
-0.214927
-0.21489
-0.214853
-0.214816
-0.214779
-0.214741
-0.214704
-0.214667
-0.21463
-0.214593
-0.214555
-0.214518
-0.214481
-0.214444
-0.214407
-0.214369
-0.214332
-0.214295
-0.214258
-0.21422
-0.214183
-0.214146
-0.214109
-0.214072
-0.214034
-0.213997
-0.21396
-0.213923
-0.213886
-0.213848
-0.213811
-0.213774
-0.213737
-0.2137
-0.213662
-0.213625
-0.213588
-0.213551
-0.213513
-0.213476
-0.213439
-0.213402
-0.213365
-0.213327
-0.21329
-0.213253
-0.213216
-0.213179
-0.213141
-0.213104
-0.213067
-0.21303
-0.212993
-0.212955
-0.212918
-0.212881
-0.212844
-0.212806
-0.212769
-0.212732
-0.212695
-0.212658
-0.21262
-0.212583
-0.212546
-0.212509
-0.212472
-0.212434
-0.212397
-0.21236
-0.212323
-0.212285
-0.212248
-0.212211
-0.212174
-0.212137
-0.212099
-0.212062
-0.212025
-0.211988
-0.211951
-0.211913
-0.211876
-0.211839
-0.211802
-0.211765
-0.211727
-0.21169
-0.211653
-0.211616
-0.211578
-0.211541
-0.211504
-0.211467
-0.21143
-0.211392
-0.211355
-0.211318
-0.211281
-0.211244
-0.211206
-0.211169
-0.211132
-0.211095
-0.211058
-0.21102
-0.210983
-0.210946
-0.210909
-0.210871
-0.210834
-0.210797
-0.21076
-0.210723
-0.210685
-0.210648
-0.210611
-0.210574
-0.210537
-0.210499
-0.210462
-0.210425
-0.210388
-0.210351
-0.210313
-0.210276
-0.210239
-0.210202
-0.210164
-0.210127
-0.21009
-0.210053
-0.210016
-0.209978
-0.209941
-0.209904
-0.209867
-0.20983
-0.209792
-0.209755
-0.209718
-0.209681
-0.209643
-0.209606
-0.209569
-0.209532
-0.209495
-0.209457
-0.20942
-0.209383
-0.209346
-0.209309
-0.209271
-0.209234
-0.209197
-0.20916
-0.209123
-0.209085
-0.209048
-0.209011
-0.208974
-0.208936
-0.208899
-0.208862
-0.208825
-0.208788
-0.20875
-0.208713
-0.208676
-0.208639
-0.208602
-0.208564
-0.208527
-0.20849
-0.208453
-0.208416
-0.208378
-0.208341
-0.208304
-0.208267
-0.208229
-0.208192
-0.208155
-0.208118
-0.208081
-0.208043
-0.208006
-0.207969
-0.207932
-0.207895
-0.207857
-0.20782
-0.207783
-0.207746
-0.207708
-0.207671
-0.207634
-0.207597
-0.20756
-0.207522
-0.207485
-0.207448
-0.207411
-0.207374
-0.207336
-0.207299
-0.207262
-0.207225
-0.207188
-0.20715
-0.207113
-0.207076
-0.207039
-0.207001
-0.206964
-0.206927
-0.20689
-0.206853
-0.206815
-0.206778
-0.206741
-0.206704
-0.206667
-0.206629
-0.206592
-0.206555
-0.206518
-0.206481
-0.206443
-0.206406
-0.206369
-0.206332
-0.206294
-0.206257
-0.20622
-0.206183
-0.206146
-0.206108
-0.206071
-0.206034
-0.205997
-0.20596
-0.205922
-0.205885
-0.205848
-0.205811
-0.205774
-0.205736
-0.205699
-0.205662
-0.205625
-0.205587
-0.20555
-0.205513
-0.205476
-0.205439
-0.205401
-0.205364
-0.205327
-0.20529
-0.205253
-0.205215
-0.205178
-0.205141
-0.205104
-0.205066
-0.205029
-0.204992
-0.204955
-0.204918
-0.20488
-0.204843
-0.204806
-0.204769
-0.204732
-0.204694
-0.204657
-0.20462
-0.204583
-0.204546
-0.0343238
-0.0343876
-0.0343349
-0.0343228
-0.0342715
-0.0340948
-0.0340237
-0.0326692
-0.0327489
-0.0327927
-0.0326407
-0.0326396
-0.0325066
-0.0324826
-0.0323892
-0.0323739
-0.0322606
-0.0322374
-0.0321911
-0.0321395
-0.0320258
-0.0320504
-0.0319924
-0.0318579
-0.0316578
-0.0305243
-0.030483
-0.0304064
-0.03037
-0.0303373
-0.0302486
-0.0301448
-0.0300827
-0.0300391
-0.0299844
-0.029991
-0.0299527
-0.029883
-0.0298832
-0.029821
-0.0298012
-0.0296908
-0.0295493
-0.0295274
-0.0294839
-0.0294177
-0.0293398
-0.0293155
-0.028199
-0.0281279
-0.0280746
-0.0280374
-0.0279665
-0.027924
-0.0278633
-0.0278093
-0.0277795
-0.0276546
-0.0275931
-0.0266237
-0.0265785
-0.0265805
-0.0265126
-0.0264618
-0.0264003
-0.0263496
-0.0262974
-0.0262808
-0.026226
-0.0262114
-0.0261773
-0.0260963
-0.0260191
-0.0260058
-0.025898
-0.0258494
-0.0251414
-0.0250987
-0.0250613
-0.0250234
-0.0249799
-0.0249393
-0.0248819
-0.024848
-0.0248052
-0.0247667
-0.0247238
-0.0246947
-0.0246609
-0.0246358
-0.0245927
-0.0245211
-0.0233525
-0.0233222
-0.0232895
-0.0232593
-0.0232287
-0.023199
-0.0231672
-0.0231384
-0.0231086
-0.0230773
-0.0230321
-0.0230018
-0.0229745
-0.0229455
-0.022915
-0.0228843
-0.0228523
-0.0228339
-0.0228027
-0.0227732
-0.0227414
-0.0227124
-0.022683
-0.0226524
-0.0226181
-0.0225905
-0.0225546
-0.0225253
-0.022495
-0.0224646
-0.0224328
-0.0224031
-0.0223772
-0.0223478
-0.0223172
-0.0222846
-0.0222534
-0.0222229
-0.0221923
-0.0221599
-0.0221294
-0.0220984
-0.0220692
-0.0220379
-0.0220076
-0.0219769
-0.0219472
-0.021915
-0.0218843
-0.0218561
-0.0218242
-0.0217946
-0.0217647
-0.0217333
-0.0217006
-0.0216691
-0.0216386
-0.0216085
-0.0215788
-0.0215472
-0.0215158
-0.0214849
-0.0214546
-0.0214233
-0.0213916
-0.0213606
-0.0213288
-0.0212987
-0.0212678
-0.0212368
-0.0212052
-0.0211734
-0.0211429
-0.0211122
-0.021082
-0.0210507
-0.0210193
-0.020987
-0.020957
-0.0209239
-0.0208957
-0.0208603
-0.0208304
-0.0207978
-0.0207664
-0.0207359
-0.0207046
-0.0206729
-0.0206424
-0.0206105
-0.020579
-0.0205484
-0.0205175
-0.020484
-0.0204503
-0.0204185
-0.0203881
-0.0203568
-0.0203258
-0.0202907
-0.0202613
-0.020226
-0.0201959
-0.0201633
-0.0201328
-0.0201014
-0.0200691
-0.0200381
-0.0200052
-0.0199726
-0.0199406
-0.0199075
-0.0198768
-0.0198455
-0.0198151
-0.0197825
-0.0197489
-0.0197191
-0.0196861
-0.0196527
-0.0196257
-0.019593
-0.0195615
-0.0195311
-0.0194931
-0.0194557
-0.0194239
-0.0193927
-0.019363
-0.0193312
-0.0192996
-0.0192634
-0.0192323
-0.0191988
-0.0191666
-0.0191346
-0.0191019
-0.0190724
-0.0190402
-0.0190207
-0.0189855
-0.0189544
-0.0189231
-0.0188912
-0.0188599
-0.0188259
-0.0187961
-0.0187634
-0.0187311
-0.0186993
-0.0186701
-0.0186326
-0.0186044
-0.0185674
-0.0185403
-0.018508
-0.0184753
-0.0184423
-0.0184085
-0.0183755
-0.0183442
-0.0183122
-0.0182804
-0.0182487
-0.0182139
-0.0181819
-0.0181496
-0.0181165
-0.0180833
-0.0180518
-0.0180186
-0.0179867
-0.0179519
-0.0179196
-0.0178866
-0.0178551
-0.0178149
-0.0177805
-0.0177507
-0.0177194
-0.0176847
-0.0176588
-0.0176262
-0.0175942
-0.0175621
-0.0175263
-0.0174914
-0.0174592
-0.0174259
-0.0173919
-0.0173606
-0.017328
-0.0172983
-0.0172643
-0.0172309
-0.0171973
-0.0171643
-0.0171304
-0.0170976
-0.017064
-0.0170297
-0.0169963
-0.0169637
-0.0169299
-0.0168972
-0.0168635
-0.0168293
-0.0167967
-0.0167631
-0.0167308
-0.016697
-0.0166611
-0.0166301
-0.0166178
-0.0165825
-0.0165494
-0.016516
-0.0164658
-0.0164312
-0.0163978
-0.0163656
-0.0163421
-0.0163077
-0.0162747
-0.0162411
-0.0162073
-0.0161746
-0.0161382
-0.0161065
-0.0160742
-0.0160382
-0.0160043
-0.0159709
-0.0159373
-0.0159031
-0.0158767
-0.0158445
-0.0158107
-0.0157709
-0.0157377
-0.0157035
-0.0156688
-0.0156346
-0.0156009
-0.0155667
-0.0155332
-0.0155001
-0.0154654
-0.0154384
-0.0154026
-0.0153682
-0.0153354
-0.0153026
-0.0152684
-0.015233
-0.0151968
-0.0151629
-0.0151291
-0.0150965
-0.0150598
-0.0150189
-0.0149852
-0.0149529
-0.0149261
-0.0148877
-0.0148542
-0.0148208
-0.0147822
-0.0147504
-0.0147212
-0.0146822
-0.0146521
-0.014617
-0.014583
-0.0145489
-0.0145119
-0.0144756
-0.0144421
-0.0144088
-0.0143734
-0.0143395
-0.0143053
-0.0142717
-0.014237
-0.0142025
-0.0141733
-0.0141398
-0.0141044
-0.0140697
-0.0140345
-0.0139997
-0.0139558
-0.0139222
-0.0138757
-0.0138409
-0.0138075
-0.0137736
-0.0137394
-0.0137077
-0.0136814
-0.0136469
-0.013611
-0.0135775
-0.0135431
-0.0135093
-0.0134744
-0.0134353
-0.0134006
-0.0133648
-0.0133313
-0.0133008
-0.013265
-0.0132473
-0.0132137
-0.013178
-0.0131434
-0.0131098
-0.013074
-0.013038
-0.0130039
-0.0129681
-0.0129334
-0.0129001
-0.012863
-0.0128274
-0.0127972
-0.0127618
-0.0127279
-0.0126918
-0.0126583
-0.0126221
-0.0125876
-0.0125526
-0.0125193
-0.0124838
-0.0124493
-0.0124132
-0.0123767
-0.0123425
-0.0123067
-0.0122717
-0.0122365
-0.0122013
-0.0121654
-0.0121301
-0.012096
-0.0120641
-0.0120291
-0.0119935
-0.0119587
-0.0119251
-0.0118889
-0.0118518
-0.0118172
-0.0117809
-0.0117467
-0.0117174
-0.0116678
-0.0116332
-0.0115979
-0.0115701
-0.0115385
-0.0114985
-0.0114625
-0.0114284
-0.0113976
-0.0113615
-0.0113263
-0.0112911
-0.0112559
-0.0112201
-0.0111884
-0.0111532
-0.0111188
-0.0110827
-0.0110462
-0.0110103
-0.0109763
-0.0109382
-0.0109025
-0.0108556
-0.0108194
-0.0107843
-0.0107478
-0.010712
-0.0106759
-0.0106413
-0.0106075
-0.0105716
-0.0105366
-0.0105005
-0.0104638
-0.0104284
-0.0103924
-0.0103552
-0.0103186
-0.0102847
-0.0102494
-0.0102122
-0.0101751
-0.010141
-0.0101042
-0.0100676
-0.010032
-0.00999636
-0.00995883
-0.0099246
-0.00988474
-0.00984885
-0.00981398
-0.0097809
-0.00973785
-0.00970224
-0.0096656
-0.00963172
-0.00959536
-0.0095621
-0.00952566
-0.00949147
-0.00945541
-0.00941788
-0.00938228
-0.0093457
-0.00930952
-0.00927857
-0.00924262
-0.00920683
-0.00917061
-0.00913655
-0.00909711
-0.00906121
-0.00902597
-0.00898807
-0.00895281
-0.00891493
-0.0088786
-0.00884109
-0.00880578
-0.00876771
-0.00873196
-0.00869537
-0.00865822
-0.00862037
-0.00858295
-0.00854785
-0.00851258
-0.00847532
-0.00843776
-0.00840174
-0.00836373
-0.00832751
-0.00829108
-0.00825422
-0.00821798
-0.00818227
-0.00814465
-0.00810902
-0.00806972
-0.00803222
-0.00799594
-0.00795885
-0.00792221
-0.00788806
-0.00785074
-0.00781555
-0.00777954
-0.00773712
-0.00770174
-0.00766523
-0.00762908
-0.00759161
-0.00755623
-0.00751959
-0.00748242
-0.00744412
-0.0074081
-0.00736835
-0.00733151
-0.00729491
-0.00725987
-0.00722225
-0.00718666
-0.00714613
-0.00710892
-0.00707239
-0.00703678
-0.00700547
-0.00696665
-0.00693268
-0.00689455
-0.00685763
-0.00682115
-0.0067841
-0.00674673
-0.006704
-0.00666843
-0.00663437
-0.00659737
-0.00656122
-0.00652789
-0.00649038
-0.00645275
-0.0064173
-0.00637909
-0.00634181
-0.00630513
-0.00626817
-0.00622986
-0.00619378
-0.00615524
-0.00611932
-0.00608327
-0.00604548
-0.00600805
-0.00597088
-0.00593213
-0.00589558
-0.00585802
-0.00582048
-0.00578084
-0.00574454
-0.00571672
-0.00568066
-0.00564319
-0.00560373
-0.00556679
-0.00551978
-0.00548194
-0.00544362
-0.00540759
-0.00537087
-0.00534123
-0.00530443
-0.00526805
-0.005235
-0.00519786
-0.00515904
-0.00512272
-0.0050843
-0.00504678
-0.00500752
-0.00497058
-0.00494155
-0.00490294
-0.00486511
-0.00482751
-0.00478837
-0.0047561
-0.00471821
-0.00467165
-0.00463345
-0.0045969
-0.00455862
-0.00452019
-0.00447465
-0.00443714
-0.00439981
-0.00436367
-0.00432596
-0.00428945
-0.00426111
-0.00422356
-0.00418684
-0.00415202
-0.00411537
-0.00407576
-0.00403881
-0.00400164
-0.00396355
-0.00392339
-0.00388653
-0.00384888
-0.00381463
-0.0037773
-0.00373815
-0.00369961
-0.00366116
-0.00361658
-0.0035789
-0.00354098
-0.00350249
-0.00346532
-0.00342753
-0.00339532
-0.00336016
-0.00331993
-0.00328146
-0.00324605
-0.00320723
-0.00316924
-0.00313244
-0.00309461
-0.00305641
-0.00301771
-0.00297816
-0.0029412
-0.00290291
-0.0028559
-0.00281767
-0.00277891
-0.00274932
-0.00271129
-0.00267234
-0.00263528
-0.00259769
-0.00256003
-0.00252223
-0.00247884
-0.00242778
-0.00239071
-0.00235174
-0.00231298
-0.00227476
-0.00223739
-0.0021979
-0.00215473
-0.00211672
-0.00207928
-0.00205965
-0.00202129
-0.00198697
-0.00195262
-0.00191366
-0.00187721
-0.00183995
-0.00179952
-0.00176287
-0.00172459
-0.00168529
-0.00164736
-0.00161004
-0.0015704
-0.00153334
-0.00149534
-0.00145712
-0.00142075
-0.00138207
-0.00134412
-0.00130989
-0.00127179
-0.00123377
-0.00119459
-0.00115729
-0.00111939
-0.00107874
-0.0010401
-0.00100213
-0.000971276
-0.000932775
-0.00089427
-0.000855284
-0.000817851
-0.000778102
-0.00074132
-0.000702956
-0.000665533
-0.000627756
-0.000587592
-0.000548837
-0.000511235
-0.000471993
-0.000437555
-0.00039981
-0.000362747
-0.000323486
-0.000285477
-0.00024652
-0.000207646
-0.000168132
-0.000128529
-9.15601e-05
-5.33784e-05
-1.52434e-05
2.27963e-05
6.02351e-05
9.92317e-05
0.000138501
0.000176397
0.000215795
0.000255012
0.000293437
0.000332885
0.000371382
0.000409639
0.000447694
0.000486919
0.000526978
0.00056385
0.000602671
0.000641039
0.000678461
0.000714866
0.000753766
0.000791586
0.000829042
0.000869822
0.000908333
0.000946503
0.000984163
0.00102323
0.00106074
0.00109925
0.00113672
0.001167
0.00120615
0.00124326
0.00128128
0.00132048
0.00136009
0.00139945
0.00143896
0.00147808
0.00151722
0.00155634
0.00159728
0.00164223
0.00168135
0.00172122
0.00175755
0.00179607
0.00183569
0.00187377
0.00191101
0.00194981
0.0019855
0.00203362
0.00206287
0.00210015
0.00213701
0.0021766
0.00221582
0.00225398
0.00229077
0.00233011
0.00236733
0.00240708
0.00244497
0.0024835
0.00252228
0.00256068
0.00259669
0.00263592
0.00267716
0.00271812
0.00276144
0.00280433
0.002842
0.00287967
0.00291892
0.00295838
0.0029945
0.00303138
0.00306907
0.00310634
0.0031441
0.00318291
0.00321791
0.00325594
0.0032931
0.00333203
0.00336935
0.00341617
0.00345107
0.00348865
0.0035261
0.00356508
0.00360186
0.00364036
0.00367792
0.00371641
0.00376179
0.00379979
0.00383626
0.00387462
0.00391277
0.00395119
0.0039896
0.00403143
0.00407233
0.00411118
0.00415013
0.0041953
0.00423376
0.00427561
0.00432169
0.0043644
0.00440654
0.00445574
0.00450416
0.004548
0.00461165
0.00467503
0.00471347
0.00476417
0.00480197
0.00484008
0.0048782
0.00491605
0.00495449
0.00499304
0.0050322
0.00506804
0.00510732
0.00514544
0.00518344
0.00522102
0.00526034
0.00529849
0.00533749
0.00537644
0.005414
0.00545344
0.00549141
0.00553082
0.00556864
0.00562335
0.00564175
0.00567844
0.00571693
0.00575585
0.00579428
0.00583213
0.00587202
0.00591043
0.00594939
0.00598729
0.00602783
0.0060617
0.00609947
0.00613785
0.00617826
0.00621847
0.0062562
0.00629367
0.00633486
0.00637382
0.00641304
0.00645236
0.006492
0.00653222
0.00656954
0.00660859
0.0066481
0.00668995
0.00672966
0.00676603
0.00680537
0.00684662
0.00688755
0.00692584
0.006965
0.00700399
0.00704373
0.00708493
0.00712303
0.00716241
0.00720218
0.00724148
0.00728196
0.00732118
0.00735981
0.00739933
0.00744156
0.00748072
0.00752217
0.00756148
0.00759908
0.0076416
0.00768301
0.0077219
0.00776295
0.00780143
0.00784133
0.00788313
0.00791062
0.00795239
0.00799238
0.00803172
0.0080705
0.00810342
0.00814527
0.00819055
0.00823073
0.008268
0.00830472
0.00834447
0.00839469
0.0084366
0.00847551
0.00851708
0.00855704
0.00859685
0.0086354
0.00867485
0.00871623
0.00875852
0.00879733
0.00884002
0.00887969
0.00891824
0.00895981
0.00899885
0.00904085
0.00907937
0.00912107
0.00915191
0.00919202
0.00923212
0.0092749
0.0093131
0.00935281
0.00939528
0.00943478
0.00947571
0.00951616
0.00955785
0.00959887
0.00963823
0.00967685
0.00971826
0.00975597
0.00979928
0.00984291
0.00988578
0.00992667
0.00996923
0.0100101
0.0100503
0.0100924
0.0101328
0.0101743
0.0102151
0.0102598
0.0103022
0.0103426
0.010385
0.0104273
0.0104727
0.010512
0.010554
0.0105946
0.0106357
0.0106756
0.0107189
0.0107578
0.0107972
0.0108377
0.0108804
0.0109217
0.0109633
0.011003
0.0110413
0.0110969
0.0111375
0.0111785
0.0112216
0.0112662
0.011309
0.0113502
0.0113763
0.0114139
0.0114549
0.0114949
0.0115383
0.0115794
0.0116214
0.0116627
0.0117091
0.0117519
0.0117961
0.0118403
0.0118807
0.0119226
0.0119745
0.0120185
0.0120593
0.0120995
0.0121401
0.0121805
0.0122245
0.0122564
0.0122991
0.0123394
0.0123833
0.012426
0.0124678
0.0125087
0.0125489
0.0125901
0.0126319
0.0126733
0.0127113
0.0127583
0.0127995
0.0128412
0.012886
0.0129225
0.0129697
0.0130133
0.0130543
0.0130979
0.0131428
0.0131848
0.0132156
0.0132593
0.0132967
0.0133381
0.0133815
0.0134229
0.0134638
0.0135064
0.0135467
0.0136009
0.0136456
0.0136903
0.0137312
0.0137747
0.0138179
0.0138617
0.0139128
0.0139553
0.0140027
0.0140445
0.0140878
0.0141321
0.0141646
0.0142052
0.0142469
0.0142884
0.0143315
0.0143729
0.0144159
0.0144566
0.0144987
0.014541
0.0145845
0.0146246
0.0146697
0.0147118
0.0147506
0.0147919
0.014836
0.0148772
0.0149179
0.0149617
0.0150023
0.015041
0.0150834
0.0151272
0.0151693
0.0152116
0.0152561
0.0152954
0.0153384
0.0153808
0.0154174
0.0154608
0.0155022
0.0155437
0.0155858
0.0156305
0.0156708
0.0157123
0.0157553
0.0157931
0.0158349
0.0158742
0.0159143
0.0159547
0.0159976
0.0160413
0.0160844
0.0161291
0.0161695
0.0162133
0.0162792
0.0163184
0.0163587
0.016401
0.0164436
0.0164863
0.0165269
0.0165687
0.016608
0.0166494
0.0166908
0.0167369
0.0167785
0.0168235
0.0168639
0.0169048
0.0169471
0.0169887
0.0170331
0.0170537
0.0170936
0.0171393
0.0171804
0.0172207
0.0172611
0.0173048
0.0173484
0.0173914
0.0174318
0.0174734
0.0175163
0.017561
0.0176022
0.0176456
0.0176896
0.0177331
0.0177757
0.0178186
0.0178578
0.0178993
0.0179402
0.0179851
0.0180298
0.0180675
0.018103
0.0181549
0.018201
0.0182427
0.0182831
0.0183282
0.0183718
0.0184147
0.01846
0.0185037
0.0185466
0.0185813
0.0186261
0.0186695
0.0187112
0.0187521
0.0187985
0.0188433
0.0188882
0.0189313
0.0189746
0.0190151
0.0190563
0.0190956
0.0191387
0.0191806
0.0192275
0.0192666
0.019309
0.0193538
0.0193994
0.0194417
0.0194847
0.0195247
0.0195696
0.0196109
0.0196537
0.0196977
0.0197406
0.0197814
0.0198246
0.0198698
0.0199144
0.0199532
0.0199981
0.0200422
0.0200832
0.0201253
0.0201673
0.0202115
0.0202543
0.0202974
0.0203409
0.0203834
0.0204264
0.0204694
0.020514
0.020558
0.0206021
0.0206443
0.0206901
0.0207322
0.0208109
0.020853
0.0208961
0.0209369
0.020984
0.0210289
0.021074
0.0210714
0.0211156
0.0211628
0.02121
0.0212499
0.0212937
0.0213364
0.0213828
0.0214257
0.021468
0.0215107
0.0215546
0.0215948
0.0216401
0.0216846
0.0217297
0.0217683
0.0218193
0.0218612
0.0218994
0.0219431
0.0219913
0.0220323
0.0220769
0.0221213
0.0221685
0.0222102
0.0222537
0.0222988
0.0223435
0.0223868
0.0224331
0.0224756
0.0225228
0.0225684
0.0226101
0.0226534
0.0226948
0.0227387
0.0227811
0.0228298
0.0228736
0.0229172
0.0229595
0.0229991
0.0230451
0.0230912
0.023133
0.0231703
0.0232233
0.0232669
0.02331
0.0233522
0.0233976
0.0234432
0.0234868
0.0235296
0.0235741
0.0236175
0.0236643
0.0237051
0.023749
0.0237953
0.0238412
0.0238873
0.0239306
0.0239688
0.0240174
0.0240629
0.0241047
0.0241494
0.0241938
0.0242391
0.0242819
0.0243252
0.0244166
0.0244646
0.0245158
0.0245585
0.0246029
0.0246474
0.0246917
0.0247382
0.0247365
0.0247784
0.0248257
0.0248691
0.0249134
0.0249627
0.0250059
0.0250493
0.0250931
0.0251381
0.0251824
0.0252305
0.0252747
0.0253203
0.0253614
0.0254079
0.0254499
0.0254986
0.0255443
0.0255864
0.025631
0.0256809
0.0257266
0.0257681
0.0258148
0.0258573
0.0259001
0.0259445
0.025994
0.0260402
0.0260878
0.0261343
0.0261823
0.0262267
0.0262726
0.0263242
0.0263657
0.0264108
0.0264531
0.0265031
0.0265464
0.0265973
0.0266484
0.0266947
0.0267313
0.0267865
0.0268324
0.0268775
0.0269211
0.0269651
0.0270124
0.027059
0.0271251
0.0271723
0.0272214
0.0272778
0.0273184
0.0273624
0.0273976
0.0274456
0.0274803
0.0275338
0.0275806
0.0276021
0.0276504
0.0276975
0.027744
0.0277908
0.0278356
0.0278829
0.027929
0.0279722
0.0280163
0.0280649
0.0281137
0.0281579
0.0282015
0.0282448
0.0283019
0.0283457
0.0283915
0.0284485
0.0284934
0.0285395
0.0285817
0.0286282
0.0286697
0.028718
0.0287674
0.0288154
0.0288634
0.0289097
0.028957
0.029025
0.0290726
0.0291205
0.0291658
0.0292041
0.0292461
0.029275
0.0293207
0.0293677
0.0294169
0.0294582
0.0295092
0.0295571
0.0296073
0.029651
0.0296979
0.0297433
0.0297887
0.0298376
0.0298838
0.0299315
0.0299801
0.0300213
0.0300669
0.0301637
0.0302088
0.0302535
0.0302995
0.0303445
0.0303954
0.0304415
0.0304769
0.0305205
0.0305721
0.0306347
0.0306838
0.0307325
0.0307711
0.0308172
0.0308918
0.0309342
0.0309815
0.0310289
0.0310726
0.031117
0.0311697
0.0311985
0.0312469
0.0312943
0.0313399
0.0313857
0.0314338
0.0314778
0.0315267
0.0315771
0.0316272
0.0316739
0.0317213
0.0317678
0.0318152
0.0318632
0.0319063
0.0319643
0.0320157
0.0320585
0.0321003
0.0321438
0.0321913
0.032238
0.0322881
0.0323353
0.0323815
0.0324327
0.0324799
0.032523
0.0325692
0.0326206
0.0326653
0.0327138
0.032768
0.0328078
0.0328578
0.0328986
0.0329514
0.0329999
0.0330477
0.0330941
0.0331505
0.033197
0.033247
0.0332992
0.0333387
0.0333812
0.0334365
0.0334824
0.033526
0.0335738
0.0336236
0.0336676
0.0337192
0.0337733
0.0338199
0.0338692
0.0339122
0.0339717
0.0340144
0.0340628
0.0341147
0.0341622
0.0342106
0.0342547
0.0343049
0.0343544
0.0344102
0.0344573
0.0345053
0.0345515
0.0345928
0.0346435
0.034682
0.0347402
0.034788
0.0348382
0.0348849
0.0349356
0.0349876
0.0350421
0.0350881
0.0351316
0.0351826
0.0352287
0.0352807
0.0353244
0.0353751
0.0354301
0.0354793
0.0355292
0.0355773
0.0356203
0.0356681
0.0357339
0.0357878
0.0358318
0.0358621
0.0359146
0.0359688
0.0360206
0.0360726
0.0361235
0.0361724
0.0362178
0.0362601
0.0363189
0.0363659
0.036415
0.0364593
0.0364916
0.0365617
0.0366056
0.0366649
0.0367134
0.0367642
0.036812
0.0368607
0.0369089
0.0369602
0.0370198
0.0370691
0.0371127
0.0371648
0.0372136
0.0372592
0.0373144
0.0373598
0.037411
0.0374598
0.037508
0.0375578
0.0376057
0.0376554
0.0377068
0.0377564
0.0377976
0.0378505
0.0378849
0.0379443
0.0380003
0.0380528
0.038105
0.0381635
0.0382131
0.0382676
0.0383171
0.0383729
0.0384132
0.0384645
0.0385156
0.0385719
0.0386238
0.0386734
0.0387244
0.0387757
0.0388172
0.0388704
0.0389206
0.0389714
0.0390229
0.0390776
0.0391275
0.0391767
0.0392191
0.0392774
0.0393327
0.0393851
0.0394355
0.0394786
0.0395347
0.0395847
0.0396409
0.0396971
0.0397385
0.0397865
0.0398385
0.0398887
0.0399408
0.0399876
0.040038
0.0400909
0.0401375
0.0401865
0.0402393
0.0402861
0.0403429
0.0403997
0.0404436
0.0404882
0.0405411
0.0405968
0.0406522
0.0407034
0.0407671
0.0408174
0.0408824
0.0409345
0.0409988
0.0410467
0.0410827
0.0411463
0.0412002
0.0412506
0.0413039
0.0413562
0.0414044
0.0414543
0.04151
0.0415639
0.0416155
0.0416689
0.0417203
0.0417648
0.0418233
0.0418832
0.0419355
0.0419836
0.0420379
0.0420891
0.0421413
0.0422133
0.0422723
0.0423259
0.0423824
0.0424172
0.0424727
0.0425228
0.0425823
0.0426274
0.0426628
0.0427219
0.0427798
0.0428366
0.0428849
0.0429274
0.0429839
0.0430392
0.0430966
0.0431566
0.0432248
0.0432683
0.0433313
0.0433867
0.0434373
0.0434851
0.0435466
0.043606
0.0436525
0.043691
0.0437473
0.0438035
0.0438649
0.0439187
0.0439832
0.0440356
0.0440872
0.0441557
0.0442091
0.0442653
0.0443179
0.0443737
0.0444259
0.0444808
0.0445363
0.0445808
0.0446361
0.0446922
0.0447413
0.0447901
0.0448367
0.0449039
0.0449664
0.0450192
0.0450571
0.0451177
0.0451379
0.0452016
0.0452655
0.0453095
0.0453642
0.0454227
0.0454798
0.0455307
0.0455984
0.0456495
0.0457055
0.0457529
0.0458201
0.0458865
0.0459319
0.0459835
0.0460368
0.0460924
0.0461522
0.0462061
0.0462732
0.0463391
0.0463882
0.0464486
0.0465052
0.0465597
0.0466072
0.0466578
0.0467126
0.046769
0.0468389
0.0468956
0.0469662
0.047022
0.0470811
0.047126
0.0471808
0.0472361
0.0472843
0.0473449
0.0474093
0.0474702
0.0475264
0.0475837
0.0476618
0.047712
0.0477672
0.0477968
0.0478578
0.0479241
0.047992
0.0480479
0.0481237
0.0481895
0.0482524
0.0483453
0.0484038
0.0484617
0.0485165
0.0485748
0.0486352
0.0486914
0.0487595
0.0488088
0.048866
0.0489244
0.0489838
0.0490775
0.0491298
0.0491734
0.049237
0.0493067
0.0493517
0.0494133
0.0494742
0.0495343
0.0495948
0.0496581
0.0497213
0.0497645
0.0498264
0.0498796
0.0499361
0.049999
0.0500691
0.0501299
0.0501938
0.0502376
0.0502876
0.0503604
0.0504336
0.0504869
0.0505084
0.050568
0.0506397
0.0506965
0.0507628
0.0508258
0.0508906
0.0509668
0.0510284
0.0510935
0.051171
0.0511941
0.0512636
0.0513326
0.0513878
0.0514512
0.0515212
0.0516002
0.0516742
0.0517721
0.0518146
0.0518679
0.0519188
0.0519722
0.0520517
0.0521207
0.0521951
0.0522632
0.0523444
0.052452
0.0525199
0.0525835
0.0526508
0.0527244
0.0527791
0.052851
0.0529232
0.0529616
0.0530268
0.053086
0.0582091
0.05841
0.0599026
0.060037
0.0601406
0.0602491
0.0603821
0.0606703
0.0608173
0.0609694
0.0610628
0.061229
0.0614755
0.0616519
0.0618072
0.0620837
0.0625724
0.0627598
0.0628826
0.0631442
0.0801728
0.0802012
0.0801644
0.0803478
0.0802166
0.0806914
0.0809457
0.0808175
0.0812713
0.0814675
0.0818731
0.0823873
0.0827947
0.0835233
0.0841041
0.0960633
0.09678
0.0984893
0.0986818
0.100042
0.0831779
0.0984213
0.0980841
0.0975959
0.0970813
0.0965363
0.0966678
0.0968823
0.0970827
0.0977948
0.0980735
0.0984314
0.0991215
0.0999881
0.10032
0.101264
0.0905259
0.077242
0.0889846
0.0880946
0.0872455
0.086743
0.0862818
0.0867239
0.0860393
0.0862045
0.0864518
0.0864934
0.0867086
0.0870531
0.0873459
0.0692129
0.0746267
0.0737642
0.0733099
0.0732407
0.0731807
0.0726815
0.0727748
0.0728341
0.072748
0.0728616
0.0730861
0.0731639
0.0673181
0.0670296
0.0669277
0.0667586
0.0666617
0.0666117
