Determining initial impinging trajectory...
Yhit = -0.306061
Determining lower impingement limit...
IndHit = 99, Yhit = -0.306061, Ymiss = -0.310040
IndHit = 37, Yhit = -0.308553, Ymiss = -0.308593
IndHit = 88, Yhit = -0.308557, Ymiss = -0.308557
Ylower = -0.308557
Determining upper impingement limit...
IndHit = 16, Yhit = -0.274851, Ymiss = -0.272744
IndHit = 54, Yhit = -0.273702, Ymiss = -0.273681
IndHit = 99, Yhit = -0.273681, Ymiss = -0.273681
Yupper = -0.273681
stagPtS = 1.008357, stagPtX = -0.000164, stagPtY = 0.000479
maxiter = 2000
ITER = 0	1000	1000
ITER = 1	1000	1000
ITER = 2	1000	1000
ITER = 3	1000	1000
ITER = 4	1000	1000
ITER = 5	1000	1000
ITER = 6	1000	1000
ITER = 7	1000	1000
ITER = 8	1000	1000
ITER = 9	1000	1000
ITER = 10	1000	1000
ITER = 11	1000	1000
ITER = 12	1000	1000
ITER = 13	1000	1000
ITER = 14	1000	1000
ITER = 15	1000	1000
ITER = 16	1000	1000
ITER = 17	1000	1000
ITER = 18	1000	1000
ITER = 19	1000	1000
ITER = 20	1000	1000
ITER = 21	1000	1000
ITER = 22	1000	1000
ITER = 23	1000	1000
ITER = 24	1000	1000
ITER = 25	1000	1000
ITER = 26	1000	1000
ITER = 27	1000	1000
ITER = 28	1000	1000
ITER = 29	1000	1000
ITER = 30	1000	1000
ITER = 31	1000	1000
ITER = 32	1000	1000
ITER = 33	1000	1000
ITER = 34	1000	1000
ITER = 35	1000	1000
ITER = 36	1000	1000
ITER = 37	1000	1000
ITER = 38	1000	1000
ITER = 39	1000	1000
ITER = 40	1000	1000
ITER = 41	1000	1000
ITER = 42	1000	1000
ITER = 43	1000	1000
ITER = 44	1000	1000
ITER = 45	1000	1000
ITER = 46	1000	1000
ITER = 47	1000	1000
ITER = 48	1000	1000
ITER = 49	1000	1000
ITER = 50	1000	1000
ITER = 51	1000	1000
ITER = 52	1000	1000
ITER = 53	1000	1000
ITER = 54	1000	1000
ITER = 55	1000	1000
ITER = 56	1000	1000
ITER = 57	1000	1000
ITER = 58	1000	1000
ITER = 59	1000	1000
ITER = 60	1000	1000
ITER = 61	1000	1000
ITER = 62	1000	1000
ITER = 63	1000	1000
ITER = 64	1000	1000
ITER = 65	1000	1000
ITER = 66	1000	1000
ITER = 67	1000	1000
ITER = 68	1000	1000
ITER = 69	1000	1000
ITER = 70	1000	1000
ITER = 71	1000	1000
ITER = 72	1000	1000
ITER = 73	1000	1000
ITER = 74	1000	1000
ITER = 75	1000	1000
ITER = 76	1000	1000
ITER = 77	1000	1000
ITER = 78	1000	1000
ITER = 79	1000	1000
ITER = 80	1000	1000
ITER = 81	1000	1000
ITER = 82	1000	1000
ITER = 83	1000	1000
ITER = 84	1000	1000
ITER = 85	1000	1000
ITER = 86	1000	1000
ITER = 87	1000	1000
ITER = 88	1000	1000
ITER = 89	1000	1000
ITER = 90	1000	1000
ITER = 91	1000	1000
ITER = 92	1000	1000
ITER = 93	1000	1000
ITER = 94	1000	1000
ITER = 95	1000	1000
ITER = 96	1000	1000
ITER = 97	1000	1000
ITER = 98	1000	1000
ITER = 99	1000	1000
ITER = 100	1000	1000
ITER = 101	1000	1000
ITER = 102	1000	1000
ITER = 103	1000	1000
ITER = 104	1000	1000
ITER = 105	1000	1000
ITER = 106	1000	1000
ITER = 107	1000	1000
ITER = 108	1000	1000
ITER = 109	1000	1000
ITER = 110	1000	1000
ITER = 111	1000	1000
ITER = 112	1000	1000
ITER = 113	1000	1000
ITER = 114	1000	1000
ITER = 115	1000	1000
ITER = 116	1000	1000
ITER = 117	1000	1000
ITER = 118	1000	1000
ITER = 119	1000	1000
ITER = 120	1000	1000
ITER = 121	1000	1000
ITER = 122	1000	1000
ITER = 123	1000	1000
ITER = 124	1000	1000
ITER = 125	1000	1000
ITER = 126	1000	1000
ITER = 127	1000	1000
ITER = 128	1000	1000
ITER = 129	1000	1000
ITER = 130	1000	1000
ITER = 131	1000	1000
ITER = 132	1000	1000
ITER = 133	1000	1000
ITER = 134	1000	1000
ITER = 135	1000	1000
ITER = 136	1000	1000
ITER = 137	1000	1000
ITER = 138	1000	1000
ITER = 139	1000	1000
ITER = 140	1000	1000
ITER = 141	1000	1000
ITER = 142	1000	1000
ITER = 143	1000	1000
ITER = 144	1000	1000
ITER = 145	1000	1000
ITER = 146	1000	1000
ITER = 147	1000	1000
ITER = 148	1000	1000
ITER = 149	1000	1000
ITER = 150	1000	1000
ITER = 151	1000	1000
ITER = 152	1000	1000
ITER = 153	1000	1000
ITER = 154	1000	1000
ITER = 155	1000	1000
ITER = 156	1000	1000
ITER = 157	1000	1000
ITER = 158	1000	1000
ITER = 159	1000	1000
ITER = 160	1000	1000
ITER = 161	1000	1000
ITER = 162	1000	1000
ITER = 163	1000	1000
ITER = 164	1000	1000
ITER = 165	1000	1000
ITER = 166	1000	1000
ITER = 167	1000	1000
ITER = 168	1000	1000
ITER = 169	1000	1000
ITER = 170	1000	1000
ITER = 171	1000	1000
ITER = 172	1000	1000
ITER = 173	1000	1000
ITER = 174	1000	1000
ITER = 175	1000	1000
ITER = 176	1000	1000
ITER = 177	1000	1000
ITER = 178	1000	1000
ITER = 179	1000	1000
ITER = 180	1000	1000
ITER = 181	1000	1000
ITER = 182	1000	1000
ITER = 183	1000	1000
ITER = 184	1000	1000
ITER = 185	1000	1000
ITER = 186	1000	1000
ITER = 187	1000	1000
ITER = 188	1000	1000
ITER = 189	1000	1000
ITER = 190	1000	1000
ITER = 191	1000	1000
ITER = 192	1000	1000
ITER = 193	1000	1000
ITER = 194	1000	1000
ITER = 195	1000	1000
ITER = 196	1000	1000
ITER = 197	1000	1000
ITER = 198	1000	1000
ITER = 199	1000	1000
ITER = 200	1000	1000
ITER = 201	1000	1000
ITER = 202	1000	1000
ITER = 203	1000	1000
ITER = 204	1000	1000
ITER = 205	1000	1000
ITER = 206	1000	1000
ITER = 207	1000	1000
ITER = 208	1000	1000
ITER = 209	1000	1000
ITER = 210	1000	1000
ITER = 211	1000	1000
ITER = 212	1000	1000
ITER = 213	1000	1000
ITER = 214	1000	1000
ITER = 215	1000	1000
ITER = 216	1000	1000
ITER = 217	1000	1000
ITER = 218	1000	1000
ITER = 219	1000	1000
ITER = 220	1000	1000
ITER = 221	1000	1000
ITER = 222	1000	1000
ITER = 223	1000	1000
ITER = 224	1000	1000
ITER = 225	1000	1000
ITER = 226	1000	1000
ITER = 227	1000	1000
ITER = 228	1000	1000
ITER = 229	1000	1000
ITER = 230	1000	1000
ITER = 231	1000	1000
ITER = 232	1000	1000
ITER = 233	1000	1000
ITER = 234	1000	1000
ITER = 235	1000	1000
ITER = 236	1000	1000
ITER = 237	1000	1000
ITER = 238	1000	1000
ITER = 239	1000	1000
ITER = 240	1000	1000
ITER = 241	1000	1000
ITER = 242	1000	1000
ITER = 243	1000	1000
ITER = 244	1000	1000
ITER = 245	1000	1000
ITER = 246	1000	1000
ITER = 247	1000	1000
ITER = 248	1000	1000
ITER = 249	1000	1000
ITER = 250	1000	1000
ITER = 251	1000	1000
ITER = 252	1000	1000
ITER = 253	1000	1000
ITER = 254	1000	1000
ITER = 255	1000	1000
ITER = 256	1000	1000
ITER = 257	1000	1000
ITER = 258	1000	1000
ITER = 259	1000	1000
ITER = 260	1000	1000
ITER = 261	1000	1000
ITER = 262	1000	1000
ITER = 263	1000	1000
ITER = 264	1000	1000
ITER = 265	1000	1000
ITER = 266	1000	1000
ITER = 267	1000	1000
ITER = 268	1000	1000
ITER = 269	1000	1000
ITER = 270	1000	1000
ITER = 271	1000	1000
ITER = 272	1000	1000
ITER = 273	1000	1000
ITER = 274	1000	1000
ITER = 275	1000	1000
ITER = 276	1000	1000
ITER = 277	1000	1000
ITER = 278	1000	1000
ITER = 279	1000	1000
ITER = 280	1000	1000
ITER = 281	1000	1000
ITER = 282	1000	1000
ITER = 283	1000	1000
ITER = 284	1000	1000
ITER = 285	1000	1000
ITER = 286	1000	1000
ITER = 287	1000	1000
ITER = 288	1000	1000
ITER = 289	1000	1000
ITER = 290	1000	1000
ITER = 291	1000	1000
ITER = 292	1000	1000
ITER = 293	1000	1000
ITER = 294	1000	1000
ITER = 295	1000	1000
ITER = 296	1000	1000
ITER = 297	1000	1000
ITER = 298	1000	1000
ITER = 299	1000	1000
ITER = 300	1000	1000
ITER = 301	1000	1000
ITER = 302	1000	1000
ITER = 303	1000	1000
ITER = 304	1000	1000
ITER = 305	1000	1000
ITER = 306	1000	1000
ITER = 307	1000	1000
ITER = 308	1000	1000
ITER = 309	1000	1000
ITER = 310	1000	1000
ITER = 311	1000	1000
ITER = 312	1000	1000
ITER = 313	1000	1000
ITER = 314	1000	1000
ITER = 315	1000	1000
ITER = 316	1000	1000
ITER = 317	1000	1000
ITER = 318	1000	1000
ITER = 319	1000	1000
ITER = 320	1000	1000
ITER = 321	1000	1000
ITER = 322	1000	1000
ITER = 323	1000	1000
ITER = 324	1000	1000
ITER = 325	1000	1000
ITER = 326	1000	1000
ITER = 327	1000	1000
ITER = 328	1000	1000
ITER = 329	1000	1000
ITER = 330	1000	1000
ITER = 331	1000	1000
ITER = 332	1000	1000
ITER = 333	1000	1000
ITER = 334	1000	1000
ITER = 335	1000	1000
ITER = 336	1000	1000
ITER = 337	1000	1000
ITER = 338	1000	1000
ITER = 339	1000	1000
ITER = 340	1000	1000
ITER = 341	1000	1000
ITER = 342	1000	1000
ITER = 343	1000	1000
ITER = 344	1000	1000
ITER = 345	1000	1000
ITER = 346	1000	1000
ITER = 347	1000	1000
ITER = 348	1000	1000
ITER = 349	1000	1000
ITER = 350	1000	1000
ITER = 351	1000	1000
ITER = 352	1000	1000
ITER = 353	1000	1000
ITER = 354	1000	1000
ITER = 355	1000	1000
ITER = 356	1000	1000
ITER = 357	1000	1000
ITER = 358	1000	1000
ITER = 359	1000	1000
ITER = 360	1000	1000
ITER = 361	1000	1000
ITER = 362	1000	1000
ITER = 363	1000	1000
ITER = 364	1000	1000
ITER = 365	1000	1000
ITER = 366	1000	1000
ITER = 367	1000	1000
ITER = 368	1000	1000
ITER = 369	1000	1000
ITER = 370	1000	1000
ITER = 371	1000	1000
ITER = 372	1000	1000
ITER = 373	1000	1000
ITER = 374	1000	1000
ITER = 375	1000	1000
ITER = 376	1000	1000
ITER = 377	1000	1000
ITER = 378	1000	1000
ITER = 379	1000	1000
ITER = 380	1000	1000
ITER = 381	1000	1000
ITER = 382	1000	1000
ITER = 383	1000	1000
ITER = 384	1000	1000
ITER = 385	1000	1000
ITER = 386	1000	1000
ITER = 387	1000	1000
ITER = 388	1000	1000
ITER = 389	1000	1000
ITER = 390	1000	1000
ITER = 391	1000	1000
ITER = 392	1000	1000
ITER = 393	1000	1000
ITER = 394	1000	1000
ITER = 395	1000	1000
ITER = 396	1000	1000
ITER = 397	1000	1000
ITER = 398	1000	1000
ITER = 399	1000	1000
ITER = 400	1000	1000
ITER = 401	1000	1000
ITER = 402	1000	1000
ITER = 403	1000	1000
ITER = 404	1000	1000
ITER = 405	1000	1000
ITER = 406	1000	1000
ITER = 407	1000	1000
ITER = 408	1000	1000
ITER = 409	1000	1000
ITER = 410	1000	1000
ITER = 411	1000	1000
ITER = 412	1000	1000
ITER = 413	1000	1000
ITER = 414	1000	1000
ITER = 415	1000	1000
ITER = 416	1000	1000
ITER = 417	1000	1000
ITER = 418	1000	1000
ITER = 419	1000	1000
ITER = 420	1000	1000
ITER = 421	1000	1000
ITER = 422	1000	1000
ITER = 423	1000	1000
ITER = 424	1000	1000
ITER = 425	1000	1000
ITER = 426	1000	1000
ITER = 427	1000	1000
ITER = 428	1000	1000
ITER = 429	1000	1000
ITER = 430	1000	1000
ITER = 431	1000	1000
ITER = 432	1000	1000
ITER = 433	1000	1000
ITER = 434	1000	1000
ITER = 435	1000	1000
ITER = 436	1000	1000
ITER = 437	1000	1000
ITER = 438	1000	1000
ITER = 439	1000	1000
ITER = 440	1000	1000
ITER = 441	1000	1000
ITER = 442	1000	1000
ITER = 443	1000	1000
ITER = 444	1000	1000
ITER = 445	1000	1000
ITER = 446	1000	1000
ITER = 447	1000	1000
ITER = 448	1000	1000
ITER = 449	1000	1000
ITER = 450	1000	1000
ITER = 451	1000	1000
ITER = 452	1000	1000
ITER = 453	1000	1000
ITER = 454	1000	1000
ITER = 455	1000	1000
ITER = 456	1000	1000
ITER = 457	1000	1000
ITER = 458	1000	1000
ITER = 459	1000	1000
ITER = 460	1000	1000
ITER = 461	1000	1000
ITER = 462	1000	1000
ITER = 463	1000	1000
ITER = 464	1000	1000
ITER = 465	1000	1000
ITER = 466	1000	1000
ITER = 467	1000	1000
ITER = 468	1000	1000
ITER = 469	1000	1000
ITER = 470	1000	1000
ITER = 471	1000	1000
ITER = 472	1000	1000
ITER = 473	1000	1000
ITER = 474	1000	1000
ITER = 475	1000	1000
ITER = 476	1000	1000
ITER = 477	1000	1000
ITER = 478	1000	1000
ITER = 479	1000	1000
ITER = 480	1000	1000
ITER = 481	1000	1000
ITER = 482	1000	1000
ITER = 483	1000	1000
ITER = 484	1000	1000
ITER = 485	1000	1000
ITER = 486	1000	1000
ITER = 487	1000	1000
ITER = 488	1000	1000
ITER = 489	1000	1000
ITER = 490	1000	1000
ITER = 491	1000	1000
ITER = 492	1000	1000
ITER = 493	1000	1000
ITER = 494	1000	1000
ITER = 495	1000	1000
ITER = 496	1000	1000
ITER = 497	1000	1000
ITER = 498	1000	1000
ITER = 499	1000	1000
ITER = 500	1000	1000
ITER = 501	1000	1000
ITER = 502	1000	1000
ITER = 503	1000	1000
ITER = 504	1000	1000
ITER = 505	1000	1000
ITER = 506	1000	1000
ITER = 507	1000	1000
ITER = 508	1000	1000
ITER = 509	1000	1000
ITER = 510	1000	1000
ITER = 511	1000	1000
ITER = 512	1000	1000
ITER = 513	1000	1000
ITER = 514	1000	1000
ITER = 515	1000	1000
ITER = 516	1000	1000
ITER = 517	1000	1000
ITER = 518	1000	1000
ITER = 519	1000	1000
ITER = 520	1000	1000
ITER = 521	1000	1000
ITER = 522	1000	1000
ITER = 523	1000	1000
ITER = 524	1000	1000
ITER = 525	1000	1000
ITER = 526	1000	1000
ITER = 527	1000	1000
ITER = 528	1000	1000
ITER = 529	1000	1000
ITER = 530	1000	1000
ITER = 531	1000	1000
ITER = 532	1000	1000
ITER = 533	1000	1000
ITER = 534	1000	1000
ITER = 535	1000	1000
ITER = 536	1000	1000
ITER = 537	1000	1000
ITER = 538	1000	1000
ITER = 539	1000	1000
ITER = 540	1000	1000
ITER = 541	1000	1000
ITER = 542	1000	1000
ITER = 543	1000	1000
ITER = 544	1000	1000
ITER = 545	1000	1000
ITER = 546	1000	1000
ITER = 547	1000	1000
ITER = 548	1000	1000
ITER = 549	1000	1000
ITER = 550	1000	1000
ITER = 551	1000	1000
ITER = 552	1000	1000
ITER = 553	1000	1000
ITER = 554	1000	1000
ITER = 555	1000	1000
ITER = 556	1000	1000
ITER = 557	1000	1000
ITER = 558	1000	1000
ITER = 559	1000	1000
ITER = 560	1000	1000
ITER = 561	1000	1000
ITER = 562	1000	1000
ITER = 563	1000	1000
ITER = 564	1000	1000
ITER = 565	1000	1000
ITER = 566	1000	1000
ITER = 567	1000	1000
ITER = 568	1000	1000
ITER = 569	1000	1000
ITER = 570	1000	1000
ITER = 571	1000	1000
ITER = 572	1000	1000
ITER = 573	1000	1000
ITER = 574	1000	1000
ITER = 575	1000	1000
ITER = 576	1000	1000
ITER = 577	1000	1000
ITER = 578	1000	1000
ITER = 579	1000	1000
ITER = 580	1000	1000
ITER = 581	1000	1000
ITER = 582	1000	1000
ITER = 583	1000	1000
ITER = 584	1000	1000
ITER = 585	1000	1000
ITER = 586	1000	1000
ITER = 587	1000	1000
ITER = 588	1000	1000
ITER = 589	1000	1000
ITER = 590	1000	1000
ITER = 591	1000	1000
ITER = 592	1000	1000
ITER = 593	1000	1000
ITER = 594	1000	1000
ITER = 595	1000	1000
ITER = 596	1000	1000
ITER = 597	1000	1000
ITER = 598	1000	1000
ITER = 599	1000	1000
ITER = 600	1000	1000
ITER = 601	1000	1000
ITER = 602	1000	1000
ITER = 603	1000	1000
ITER = 604	1000	1000
ITER = 605	1000	1000
ITER = 606	1000	1000
ITER = 607	1000	1000
ITER = 608	1000	1000
ITER = 609	1000	1000
ITER = 610	1000	1000
ITER = 611	1000	1000
ITER = 612	1000	1000
ITER = 613	1000	1000
ITER = 614	1000	1000
ITER = 615	1000	1000
ITER = 616	1000	1000
ITER = 617	1000	1000
ITER = 618	1000	1000
ITER = 619	1000	1000
ITER = 620	1000	1000
ITER = 621	1000	1000
ITER = 622	1000	1000
ITER = 623	1000	1000
ITER = 624	1000	1000
ITER = 625	1000	1000
ITER = 626	1000	1000
ITER = 627	1000	1000
ITER = 628	1000	1000
ITER = 629	1000	1000
ITER = 630	1000	1000
ITER = 631	1000	1000
ITER = 632	1000	1000
ITER = 633	1000	1000
ITER = 634	1000	1000
ITER = 635	1000	1000
ITER = 636	1000	1000
ITER = 637	1000	1000
ITER = 638	1000	1000
ITER = 639	1000	1000
ITER = 640	1000	1000
ITER = 641	1000	1000
ITER = 642	1000	1000
ITER = 643	1000	1000
ITER = 644	1000	1000
ITER = 645	1000	1000
ITER = 646	1000	1000
ITER = 647	1000	1000
ITER = 648	1000	1000
ITER = 649	1000	1000
ITER = 650	1000	1000
ITER = 651	1000	1000
ITER = 652	1000	1000
ITER = 653	1000	1000
ITER = 654	1000	1000
ITER = 655	1000	1000
ITER = 656	1000	1000
ITER = 657	1000	1000
ITER = 658	1000	1000
ITER = 659	1000	1000
ITER = 660	1000	1000
ITER = 661	1000	1000
ITER = 662	1000	1000
ITER = 663	1000	1000
ITER = 664	1000	1000
ITER = 665	1000	1000
ITER = 666	1000	1000
ITER = 667	1000	1000
ITER = 668	1000	1000
ITER = 669	1000	1000
ITER = 670	1000	1000
ITER = 671	1000	1000
ITER = 672	1000	1000
ITER = 673	1000	1000
ITER = 674	1000	1000
ITER = 675	1000	1000
ITER = 676	1000	1000
ITER = 677	1000	1000
ITER = 678	1000	1000
ITER = 679	1000	1000
ITER = 680	1000	1000
ITER = 681	1000	1000
ITER = 682	1000	1000
ITER = 683	1000	1000
ITER = 684	1000	1000
ITER = 685	1000	1000
ITER = 686	1000	1000
ITER = 687	1000	1000
ITER = 688	1000	1000
ITER = 689	1000	1000
ITER = 690	1000	1000
ITER = 691	1000	1000
ITER = 692	1000	1000
ITER = 693	1000	1000
ITER = 694	1000	1000
ITER = 695	1000	1000
ITER = 696	1000	1000
ITER = 697	1000	1000
ITER = 698	1000	1000
ITER = 699	1000	1000
ITER = 700	1000	1000
ITER = 701	1000	1000
ITER = 702	1000	1000
ITER = 703	1000	1000
ITER = 704	1000	1000
ITER = 705	1000	1000
ITER = 706	1000	1000
ITER = 707	1000	1000
ITER = 708	1000	1000
ITER = 709	1000	1000
ITER = 710	1000	1000
ITER = 711	1000	1000
ITER = 712	1000	1000
ITER = 713	1000	1000
ITER = 714	1000	1000
ITER = 715	1000	1000
ITER = 716	1000	1000
ITER = 717	1000	1000
ITER = 718	1000	1000
ITER = 719	1000	1000
ITER = 720	1000	1000
ITER = 721	1000	1000
ITER = 722	1000	1000
ITER = 723	1000	1000
ITER = 724	1000	1000
ITER = 725	1000	1000
ITER = 726	1000	1000
ITER = 727	1000	1000
ITER = 728	1000	1000
ITER = 729	1000	1000
ITER = 730	1000	1000
ITER = 731	1000	1000
ITER = 732	1000	1000
ITER = 733	1000	1000
ITER = 734	1000	1000
ITER = 735	1000	1000
ITER = 736	1000	1000
ITER = 737	1000	1000
ITER = 738	1000	1000
ITER = 739	1000	1000
ITER = 740	1000	1000
ITER = 741	1000	1000
ITER = 742	1000	1000
ITER = 743	1000	1000
ITER = 744	1000	1000
ITER = 745	1000	1000
ITER = 746	1000	1000
ITER = 747	1000	1000
ITER = 748	1000	1000
ITER = 749	1000	1000
ITER = 750	1000	1000
ITER = 751	1000	1000
ITER = 752	1000	1000
ITER = 753	1000	1000
ITER = 754	1000	1000
ITER = 755	1000	1000
ITER = 756	1000	1000
ITER = 757	1000	1000
ITER = 758	1000	1000
ITER = 759	1000	1000
ITER = 760	1000	1000
ITER = 761	1000	1000
ITER = 762	1000	1000
ITER = 763	1000	1000
ITER = 764	1000	1000
ITER = 765	1000	1000
ITER = 766	1000	1000
ITER = 767	1000	1000
ITER = 768	1000	1000
ITER = 769	1000	1000
ITER = 770	1000	1000
ITER = 771	1000	1000
ITER = 772	1000	1000
ITER = 773	1000	1000
ITER = 774	1000	1000
ITER = 775	1000	1000
ITER = 776	1000	1000
ITER = 777	1000	1000
ITER = 778	1000	1000
ITER = 779	1000	1000
ITER = 780	1000	1000
ITER = 781	1000	1000
ITER = 782	1000	1000
ITER = 783	1000	1000
ITER = 784	1000	1000
ITER = 785	1000	1000
ITER = 786	1000	1000
ITER = 787	1000	1000
ITER = 788	1000	1000
ITER = 789	1000	1000
ITER = 790	1000	1000
ITER = 791	1000	1000
ITER = 792	1000	1000
ITER = 793	1000	1000
ITER = 794	1000	1000
ITER = 795	1000	1000
ITER = 796	1000	1000
ITER = 797	1000	1000
ITER = 798	1000	1000
ITER = 799	1000	1000
ITER = 800	1000	1000
ITER = 801	1000	1000
ITER = 802	1000	1000
ITER = 803	1000	1000
ITER = 804	1000	1000
ITER = 805	1000	1000
ITER = 806	1015	1000
ITER = 807	1047	1011
ITER = 808	1074	1024
ITER = 809	1092	1043
ITER = 810	1102	1049
ITER = 811	1102	1048
ITER = 812	1106	1045
ITER = 813	1107	1041
ITER = 814	1107	1036
ITER = 815	1107	1031
ITER = 816	1107	1028
ITER = 817	1107	1026
ITER = 818	1107	1023
ITER = 819	1107	1020
ITER = 820	1107	1019
ITER = 821	1107	1014
ITER = 822	1107	1012
ITER = 823	1107	1009
ITER = 824	1107	1009
ITER = 825	1107	1009
ITER = 826	1107	1007
ITER = 827	1107	1004
ITER = 828	1107	1002
ITER = 829	1107	1000
ITER = 830	1107	997
ITER = 831	1107	992
ITER = 832	1107	990
ITER = 833	1107	986
ITER = 834	1107	986
ITER = 835	1107	980
ITER = 836	1107	978
ITER = 837	1107	976
ITER = 838	1107	976
ITER = 839	1107	975
ITER = 840	1107	972
ITER = 841	1107	971
ITER = 842	1107	969
ITER = 843	1107	967
ITER = 844	1107	967
ITER = 845	1107	964
ITER = 846	1107	961
ITER = 847	1107	960
ITER = 848	1107	958
ITER = 849	1107	955
ITER = 850	1107	949
ITER = 851	1107	947
ITER = 852	1107	946
ITER = 853	1107	943
ITER = 854	1107	939
ITER = 855	1107	935
ITER = 856	1107	931
ITER = 857	1107	930
ITER = 858	1107	928
ITER = 859	1107	927
ITER = 860	1107	926
ITER = 861	1107	926
ITER = 862	1107	925
ITER = 863	1107	923
ITER = 864	1107	921
ITER = 865	1107	920
ITER = 866	1107	918
ITER = 867	1107	917
ITER = 868	1107	915
ITER = 869	1107	913
ITER = 870	1107	913
ITER = 871	1107	910
ITER = 872	1107	909
ITER = 873	1107	907
ITER = 874	1107	907
ITER = 875	1107	905
ITER = 876	1107	905
ITER = 877	1107	904
ITER = 878	1107	903
ITER = 879	1107	900
ITER = 880	1107	900
ITER = 881	1107	897
ITER = 882	1107	897
ITER = 883	1107	897
ITER = 884	1107	897
ITER = 885	1107	896
ITER = 886	1107	895
ITER = 887	1107	894
ITER = 888	1107	894
ITER = 889	1107	893
ITER = 890	1107	893
ITER = 891	1107	893
ITER = 892	1107	892
ITER = 893	1107	892
ITER = 894	1107	891
ITER = 895	1107	889
ITER = 896	1107	889
ITER = 897	1107	889
ITER = 898	1107	888
ITER = 899	1107	887
ITER = 900	1107	887
ITER = 901	1107	885
ITER = 902	1107	884
ITER = 903	1107	884
ITER = 904	1107	881
ITER = 905	1107	880
ITER = 906	1107	879
ITER = 907	1107	878
ITER = 908	1107	877
ITER = 909	1107	877
ITER = 910	1107	877
ITER = 911	1107	876
ITER = 912	1107	873
ITER = 913	1107	871
ITER = 914	1107	870
ITER = 915	1107	869
ITER = 916	1107	869
ITER = 917	1107	869
ITER = 918	1107	865
ITER = 919	1107	865
ITER = 920	1107	864
ITER = 921	1107	864
ITER = 922	1107	862
ITER = 923	1107	862
ITER = 924	1107	860
ITER = 925	1107	860
ITER = 926	1107	860
ITER = 927	1107	860
ITER = 928	1107	858
ITER = 929	1107	858
ITER = 930	1107	857
ITER = 931	1107	857
ITER = 932	1107	857
ITER = 933	1107	857
ITER = 934	1107	857
ITER = 935	1107	857
ITER = 936	1107	856
ITER = 937	1107	855
ITER = 938	1107	854
ITER = 939	1107	853
ITER = 940	1107	852
ITER = 941	1107	852
ITER = 942	1107	852
ITER = 943	1107	851
ITER = 944	1107	851
ITER = 945	1107	851
ITER = 946	1107	851
ITER = 947	1107	851
ITER = 948	1107	851
ITER = 949	1107	849
ITER = 950	1107	849
ITER = 951	1107	849
ITER = 952	1107	849
ITER = 953	1107	848
ITER = 954	1107	848
ITER = 955	1107	848
ITER = 956	1107	847
ITER = 957	1107	845
ITER = 958	1107	842
ITER = 959	1107	841
ITER = 960	1107	840
ITER = 961	1107	838
ITER = 962	1107	836
ITER = 963	1107	836
ITER = 964	1107	836
ITER = 965	1107	835
ITER = 966	1107	835
ITER = 967	1107	830
ITER = 968	1107	827
ITER = 969	1107	827
ITER = 970	1107	827
ITER = 971	1107	827
ITER = 972	1107	826
ITER = 973	1107	825
ITER = 974	1107	824
ITER = 975	1107	822
ITER = 976	1107	822
ITER = 977	1107	820
ITER = 978	1107	820
ITER = 979	1107	820
ITER = 980	1107	820
ITER = 981	1107	820
ITER = 982	1107	820
ITER = 983	1107	820
ITER = 984	1107	820
ITER = 985	1107	820
ITER = 986	1107	818
ITER = 987	1107	817
ITER = 988	1107	817
ITER = 989	1107	815
ITER = 990	1107	815
ITER = 991	1107	815
ITER = 992	1107	815
ITER = 993	1107	814
ITER = 994	1107	811
ITER = 995	1107	811
ITER = 996	1107	811
ITER = 997	1107	811
ITER = 998	1107	811
ITER = 999	1107	811
ITER = 1000	1107	811
ITER = 1001	1107	810
ITER = 1002	1107	808
ITER = 1003	1107	808
ITER = 1004	1107	808
ITER = 1005	1107	807
ITER = 1006	1107	805
ITER = 1007	1107	805
ITER = 1008	1107	804
ITER = 1009	1107	804
ITER = 1010	1107	802
ITER = 1011	1107	800
ITER = 1012	1107	800
ITER = 1013	1107	800
ITER = 1014	1107	800
ITER = 1015	1107	799
ITER = 1016	1107	799
ITER = 1017	1107	799
ITER = 1018	1107	798
ITER = 1019	1107	798
ITER = 1020	1107	798
ITER = 1021	1107	798
ITER = 1022	1107	798
ITER = 1023	1107	798
ITER = 1024	1107	798
ITER = 1025	1107	796
ITER = 1026	1107	796
ITER = 1027	1107	796
ITER = 1028	1107	796
ITER = 1029	1107	796
ITER = 1030	1107	795
ITER = 1031	1107	795
ITER = 1032	1107	795
ITER = 1033	1107	794
ITER = 1034	1107	794
ITER = 1035	1107	794
ITER = 1036	1107	792
ITER = 1037	1107	790
ITER = 1038	1107	790
ITER = 1039	1107	790
ITER = 1040	1107	789
ITER = 1041	1107	789
ITER = 1042	1107	789
ITER = 1043	1107	789
ITER = 1044	1107	789
ITER = 1045	1107	788
ITER = 1046	1107	788
ITER = 1047	1107	787
ITER = 1048	1107	787
ITER = 1049	1107	785
ITER = 1050	1107	785
ITER = 1051	1107	785
ITER = 1052	1107	785
ITER = 1053	1107	785
ITER = 1054	1107	784
ITER = 1055	1107	784
ITER = 1056	1107	784
ITER = 1057	1107	783
ITER = 1058	1107	783
ITER = 1059	1107	783
ITER = 1060	1107	783
ITER = 1061	1107	783
ITER = 1062	1107	782
ITER = 1063	1107	780
ITER = 1064	1107	780
ITER = 1065	1107	780
ITER = 1066	1107	780
ITER = 1067	1107	780
ITER = 1068	1107	779
ITER = 1069	1107	779
ITER = 1070	1107	779
ITER = 1071	1107	779
ITER = 1072	1107	779
ITER = 1073	1107	779
ITER = 1074	1107	779
ITER = 1075	1107	779
ITER = 1076	1107	778
ITER = 1077	1107	778
ITER = 1078	1107	778
ITER = 1079	1107	778
ITER = 1080	1107	778
ITER = 1081	1107	778
ITER = 1082	1107	778
ITER = 1083	1107	776
ITER = 1084	1107	776
ITER = 1085	1107	775
ITER = 1086	1107	775
ITER = 1087	1107	775
ITER = 1088	1107	774
ITER = 1089	1107	773
ITER = 1090	1107	773
ITER = 1091	1107	773
ITER = 1092	1107	773
ITER = 1093	1107	773
ITER = 1094	1107	772
ITER = 1095	1107	772
ITER = 1096	1107	771
ITER = 1097	1107	770
ITER = 1098	1107	769
ITER = 1099	1107	769
ITER = 1100	1107	769
ITER = 1101	1107	769
ITER = 1102	1107	769
ITER = 1103	1107	769
ITER = 1104	1107	769
ITER = 1105	1107	769
ITER = 1106	1107	768
ITER = 1107	1107	768
ITER = 1108	1107	768
ITER = 1109	1107	767
ITER = 1110	1107	767
ITER = 1111	1107	766
ITER = 1112	1107	766
ITER = 1113	1107	766
ITER = 1114	1107	766
ITER = 1115	1107	765
ITER = 1116	1107	765
ITER = 1117	1107	765
ITER = 1118	1107	765
ITER = 1119	1107	765
ITER = 1120	1107	765
ITER = 1121	1107	765
ITER = 1122	1107	764
ITER = 1123	1107	763
ITER = 1124	1107	763
ITER = 1125	1107	763
ITER = 1126	1107	763
ITER = 1127	1107	763
ITER = 1128	1107	763
ITER = 1129	1107	763
ITER = 1130	1107	762
ITER = 1131	1107	762
ITER = 1132	1107	762
ITER = 1133	1107	762
ITER = 1134	1107	762
ITER = 1135	1107	762
ITER = 1136	1107	762
ITER = 1137	1107	762
ITER = 1138	1107	762
ITER = 1139	1107	762
ITER = 1140	1107	762
ITER = 1141	1107	762
ITER = 1142	1107	762
ITER = 1143	1107	762
ITER = 1144	1107	762
ITER = 1145	1107	760
ITER = 1146	1107	760
ITER = 1147	1107	760
ITER = 1148	1107	758
ITER = 1149	1107	757
ITER = 1150	1107	756
ITER = 1151	1107	754
ITER = 1152	1107	753
ITER = 1153	1107	752
ITER = 1154	1107	749
ITER = 1155	1107	748
ITER = 1156	1107	745
ITER = 1157	1107	743
ITER = 1158	1107	740
ITER = 1159	1107	740
ITER = 1160	1107	739
ITER = 1161	1107	737
ITER = 1162	1107	736
ITER = 1163	1107	736
ITER = 1164	1107	736
ITER = 1165	1107	734
ITER = 1166	1107	734
ITER = 1167	1107	733
ITER = 1168	1107	731
ITER = 1169	1107	731
ITER = 1170	1107	731
ITER = 1171	1107	731
ITER = 1172	1107	730
ITER = 1173	1107	727
ITER = 1174	1107	727
ITER = 1175	1107	727
ITER = 1176	1107	727
ITER = 1177	1107	723
ITER = 1178	1107	723
ITER = 1179	1107	721
ITER = 1180	1107	720
ITER = 1181	1107	717
ITER = 1182	1107	715
ITER = 1183	1107	714
ITER = 1184	1107	712
ITER = 1185	1107	712
ITER = 1186	1107	711
ITER = 1187	1107	711
ITER = 1188	1107	711
ITER = 1189	1107	709
ITER = 1190	1107	709
ITER = 1191	1107	708
ITER = 1192	1107	708
ITER = 1193	1107	707
ITER = 1194	1107	706
ITER = 1195	1107	704
ITER = 1196	1107	703
ITER = 1197	1107	702
ITER = 1198	1107	702
ITER = 1199	1107	699
ITER = 1200	1107	698
ITER = 1201	1107	696
ITER = 1202	1107	696
ITER = 1203	1107	694
ITER = 1204	1107	694
ITER = 1205	1107	694
ITER = 1206	1107	693
ITER = 1207	1107	693
ITER = 1208	1107	693
ITER = 1209	1107	693
ITER = 1210	1107	693
ITER = 1211	1107	692
ITER = 1212	1107	692
ITER = 1213	1107	692
ITER = 1214	1107	691
ITER = 1215	1107	690
ITER = 1216	1107	690
ITER = 1217	1107	689
ITER = 1218	1107	689
ITER = 1219	1107	686
ITER = 1220	1107	685
ITER = 1221	1107	684
ITER = 1222	1107	683
ITER = 1223	1107	683
ITER = 1224	1107	682
ITER = 1225	1107	681
ITER = 1226	1107	680
ITER = 1227	1107	679
ITER = 1228	1107	678
ITER = 1229	1107	678
ITER = 1230	1107	677
ITER = 1231	1107	677
ITER = 1232	1107	677
ITER = 1233	1107	674
ITER = 1234	1107	672
ITER = 1235	1107	672
ITER = 1236	1107	671
ITER = 1237	1107	671
ITER = 1238	1107	671
ITER = 1239	1107	671
ITER = 1240	1107	670
ITER = 1241	1107	670
ITER = 1242	1107	670
ITER = 1243	1107	669
ITER = 1244	1107	668
ITER = 1245	1107	668
ITER = 1246	1107	667
ITER = 1247	1107	667
ITER = 1248	1107	667
ITER = 1249	1107	665
ITER = 1250	1107	662
ITER = 1251	1107	661
ITER = 1252	1107	659
ITER = 1253	1107	659
ITER = 1254	1107	659
ITER = 1255	1107	658
ITER = 1256	1107	658
ITER = 1257	1107	658
ITER = 1258	1107	658
ITER = 1259	1107	658
ITER = 1260	1107	658
ITER = 1261	1107	657
ITER = 1262	1107	656
ITER = 1263	1107	656
ITER = 1264	1107	656
ITER = 1265	1107	656
ITER = 1266	1107	656
ITER = 1267	1107	656
ITER = 1268	1107	654
ITER = 1269	1107	654
ITER = 1270	1107	652
ITER = 1271	1107	651
ITER = 1272	1107	650
ITER = 1273	1107	648
ITER = 1274	1107	647
ITER = 1275	1107	646
ITER = 1276	1107	646
ITER = 1277	1107	646
ITER = 1278	1107	646
ITER = 1279	1107	646
ITER = 1280	1107	645
ITER = 1281	1107	643
ITER = 1282	1107	642
ITER = 1283	1107	641
ITER = 1284	1107	640
ITER = 1285	1107	637
ITER = 1286	1107	636
ITER = 1287	1107	634
ITER = 1288	1107	634
ITER = 1289	1107	632
ITER = 1290	1107	632
ITER = 1291	1107	631
ITER = 1292	1107	631
ITER = 1293	1107	631
ITER = 1294	1107	631
ITER = 1295	1107	631
ITER = 1296	1107	630
ITER = 1297	1107	630
ITER = 1298	1107	630
ITER = 1299	1107	630
ITER = 1300	1107	630
ITER = 1301	1107	629
ITER = 1302	1107	628
ITER = 1303	1107	628
ITER = 1304	1107	628
ITER = 1305	1107	628
ITER = 1306	1107	627
ITER = 1307	1107	626
ITER = 1308	1107	625
ITER = 1309	1107	624
ITER = 1310	1107	624
ITER = 1311	1107	624
ITER = 1312	1107	624
ITER = 1313	1107	623
ITER = 1314	1107	622
ITER = 1315	1107	622
ITER = 1316	1107	622
ITER = 1317	1107	621
ITER = 1318	1107	621
ITER = 1319	1107	620
ITER = 1320	1107	620
ITER = 1321	1107	618
ITER = 1322	1107	617
ITER = 1323	1107	615
ITER = 1324	1107	614
ITER = 1325	1107	614
ITER = 1326	1107	611
ITER = 1327	1107	610
ITER = 1328	1107	609
ITER = 1329	1107	609
ITER = 1330	1107	609
ITER = 1331	1107	609
ITER = 1332	1107	609
ITER = 1333	1107	606
ITER = 1334	1107	606
ITER = 1335	1107	606
ITER = 1336	1107	605
ITER = 1337	1107	604
ITER = 1338	1107	604
ITER = 1339	1107	604
ITER = 1340	1107	604
ITER = 1341	1107	604
ITER = 1342	1107	604
ITER = 1343	1107	603
ITER = 1344	1107	603
ITER = 1345	1107	603
ITER = 1346	1107	602
ITER = 1347	1107	602
ITER = 1348	1107	602
ITER = 1349	1107	602
ITER = 1350	1107	601
ITER = 1351	1107	601
ITER = 1352	1107	601
ITER = 1353	1107	600
ITER = 1354	1107	599
ITER = 1355	1107	598
ITER = 1356	1107	596
ITER = 1357	1107	595
ITER = 1358	1107	595
ITER = 1359	1107	594
ITER = 1360	1107	593
ITER = 1361	1107	590
ITER = 1362	1107	590
ITER = 1363	1107	590
ITER = 1364	1107	589
ITER = 1365	1107	587
ITER = 1366	1107	586
ITER = 1367	1107	585
ITER = 1368	1107	585
ITER = 1369	1107	584
ITER = 1370	1107	580
ITER = 1371	1107	580
ITER = 1372	1107	580
ITER = 1373	1107	579
ITER = 1374	1107	578
ITER = 1375	1107	576
ITER = 1376	1107	576
ITER = 1377	1107	576
ITER = 1378	1107	576
ITER = 1379	1107	576
ITER = 1380	1107	576
ITER = 1381	1107	576
ITER = 1382	1107	575
ITER = 1383	1107	573
ITER = 1384	1107	573
ITER = 1385	1107	573
ITER = 1386	1107	571
ITER = 1387	1107	571
ITER = 1388	1107	570
ITER = 1389	1107	570
ITER = 1390	1107	569
ITER = 1391	1107	568
ITER = 1392	1107	567
ITER = 1393	1107	566
ITER = 1394	1107	566
ITER = 1395	1107	566
ITER = 1396	1107	565
ITER = 1397	1107	565
ITER = 1398	1107	565
ITER = 1399	1107	565
ITER = 1400	1107	564
ITER = 1401	1107	564
ITER = 1402	1107	564
ITER = 1403	1107	564
ITER = 1404	1107	563
ITER = 1405	1107	562
ITER = 1406	1107	561
ITER = 1407	1107	560
ITER = 1408	1107	556
ITER = 1409	1107	555
ITER = 1410	1107	554
ITER = 1411	1107	554
ITER = 1412	1107	553
ITER = 1413	1107	552
ITER = 1414	1107	551
ITER = 1415	1107	548
ITER = 1416	1107	548
ITER = 1417	1107	547
ITER = 1418	1107	547
ITER = 1419	1107	546
ITER = 1420	1107	546
ITER = 1421	1107	546
ITER = 1422	1107	546
ITER = 1423	1107	546
ITER = 1424	1107	545
ITER = 1425	1107	545
ITER = 1426	1107	545
ITER = 1427	1107	544
ITER = 1428	1107	544
ITER = 1429	1107	543
ITER = 1430	1107	543
ITER = 1431	1107	543
ITER = 1432	1107	543
ITER = 1433	1107	540
ITER = 1434	1107	538
ITER = 1435	1107	538
ITER = 1436	1107	538
ITER = 1437	1107	537
ITER = 1438	1107	537
ITER = 1439	1107	537
ITER = 1440	1107	536
ITER = 1441	1107	534
ITER = 1442	1107	532
ITER = 1443	1107	532
ITER = 1444	1107	532
ITER = 1445	1107	532
ITER = 1446	1107	529
ITER = 1447	1107	529
ITER = 1448	1107	529
ITER = 1449	1107	529
ITER = 1450	1107	529
ITER = 1451	1107	527
ITER = 1452	1107	527
ITER = 1453	1107	527
ITER = 1454	1107	527
ITER = 1455	1107	527
ITER = 1456	1107	525
ITER = 1457	1107	525
ITER = 1458	1107	525
ITER = 1459	1107	524
ITER = 1460	1107	524
ITER = 1461	1107	524
ITER = 1462	1107	524
ITER = 1463	1107	524
ITER = 1464	1107	523
ITER = 1465	1107	521
ITER = 1466	1107	521
ITER = 1467	1107	521
ITER = 1468	1107	521
ITER = 1469	1107	521
ITER = 1470	1107	521
ITER = 1471	1107	520
ITER = 1472	1107	520
ITER = 1473	1107	520
ITER = 1474	1107	520
ITER = 1475	1107	519
ITER = 1476	1107	519
ITER = 1477	1107	519
ITER = 1478	1107	518
ITER = 1479	1107	518
ITER = 1480	1107	518
ITER = 1481	1107	518
ITER = 1482	1107	518
ITER = 1483	1107	518
ITER = 1484	1107	517
ITER = 1485	1107	515
ITER = 1486	1107	513
ITER = 1487	1107	511
ITER = 1488	1107	511
ITER = 1489	1107	511
ITER = 1490	1107	510
ITER = 1491	1107	510
ITER = 1492	1107	510
ITER = 1493	1107	510
ITER = 1494	1107	510
ITER = 1495	1107	509
ITER = 1496	1107	507
ITER = 1497	1107	506
ITER = 1498	1107	505
ITER = 1499	1107	505
ITER = 1500	1107	504
ITER = 1501	1107	504
ITER = 1502	1107	502
ITER = 1503	1107	502
ITER = 1504	1107	502
ITER = 1505	1107	501
ITER = 1506	1107	501
ITER = 1507	1107	500
ITER = 1508	1107	498
ITER = 1509	1107	496
ITER = 1510	1107	495
ITER = 1511	1107	491
ITER = 1512	1107	490
ITER = 1513	1107	489
ITER = 1514	1107	489
ITER = 1515	1107	488
ITER = 1516	1107	487
ITER = 1517	1107	484
ITER = 1518	1107	484
ITER = 1519	1107	483
ITER = 1520	1107	483
ITER = 1521	1107	482
ITER = 1522	1107	479
ITER = 1523	1107	479
ITER = 1524	1107	479
ITER = 1525	1107	478
ITER = 1526	1107	478
ITER = 1527	1107	478
ITER = 1528	1107	478
ITER = 1529	1107	478
ITER = 1530	1107	478
ITER = 1531	1107	478
ITER = 1532	1107	477
ITER = 1533	1107	475
ITER = 1534	1107	475
ITER = 1535	1107	475
ITER = 1536	1107	475
ITER = 1537	1107	475
ITER = 1538	1107	475
ITER = 1539	1107	474
ITER = 1540	1107	474
ITER = 1541	1107	474
ITER = 1542	1107	473
ITER = 1543	1107	471
ITER = 1544	1107	471
ITER = 1545	1107	471
ITER = 1546	1107	470
ITER = 1547	1107	468
ITER = 1548	1107	467
ITER = 1549	1107	467
ITER = 1550	1107	466
ITER = 1551	1107	462
ITER = 1552	1107	461
ITER = 1553	1107	461
ITER = 1554	1107	461
ITER = 1555	1107	461
ITER = 1556	1107	461
ITER = 1557	1107	460
ITER = 1558	1107	460
ITER = 1559	1107	460
ITER = 1560	1107	460
ITER = 1561	1107	458
ITER = 1562	1107	457
ITER = 1563	1107	457
ITER = 1564	1107	457
ITER = 1565	1107	456
ITER = 1566	1107	456
ITER = 1567	1107	456
ITER = 1568	1107	455
ITER = 1569	1107	454
ITER = 1570	1107	454
ITER = 1571	1107	453
ITER = 1572	1107	453
ITER = 1573	1107	453
ITER = 1574	1107	453
ITER = 1575	1107	452
ITER = 1576	1107	450
ITER = 1577	1107	450
ITER = 1578	1107	449
ITER = 1579	1107	448
ITER = 1580	1107	448
ITER = 1581	1107	447
ITER = 1582	1107	447
ITER = 1583	1107	447
ITER = 1584	1107	447
ITER = 1585	1107	447
ITER = 1586	1107	446
ITER = 1587	1107	446
ITER = 1588	1107	446
ITER = 1589	1107	446
ITER = 1590	1107	446
ITER = 1591	1107	444
ITER = 1592	1107	444
ITER = 1593	1107	444
ITER = 1594	1107	443
ITER = 1595	1107	443
ITER = 1596	1107	443
ITER = 1597	1107	442
ITER = 1598	1107	442
ITER = 1599	1107	441
ITER = 1600	1107	441
ITER = 1601	1107	441
ITER = 1602	1107	441
ITER = 1603	1107	441
ITER = 1604	1107	441
ITER = 1605	1107	441
ITER = 1606	1107	441
ITER = 1607	1107	441
ITER = 1608	1107	440
ITER = 1609	1107	440
ITER = 1610	1107	440
ITER = 1611	1107	439
ITER = 1612	1107	439
ITER = 1613	1107	439
ITER = 1614	1107	438
ITER = 1615	1107	438
ITER = 1616	1107	438
ITER = 1617	1107	438
ITER = 1618	1107	438
ITER = 1619	1107	438
ITER = 1620	1107	438
ITER = 1621	1107	437
ITER = 1622	1107	436
ITER = 1623	1107	436
ITER = 1624	1107	436
ITER = 1625	1107	436
ITER = 1626	1107	436
ITER = 1627	1107	435
ITER = 1628	1107	435
ITER = 1629	1107	434
ITER = 1630	1107	433
ITER = 1631	1107	433
ITER = 1632	1107	432
ITER = 1633	1107	432
ITER = 1634	1107	432
ITER = 1635	1107	432
ITER = 1636	1107	432
ITER = 1637	1107	430
ITER = 1638	1107	429
ITER = 1639	1107	427
ITER = 1640	1107	427
ITER = 1641	1107	426
ITER = 1642	1107	426
ITER = 1643	1107	426
ITER = 1644	1107	425
ITER = 1645	1107	423
ITER = 1646	1107	423
ITER = 1647	1107	423
ITER = 1648	1107	423
ITER = 1649	1107	423
ITER = 1650	1107	423
ITER = 1651	1107	422
ITER = 1652	1107	422
ITER = 1653	1107	421
ITER = 1654	1107	421
ITER = 1655	1107	421
ITER = 1656	1107	421
ITER = 1657	1107	421
ITER = 1658	1107	421
ITER = 1659	1107	421
ITER = 1660	1107	421
ITER = 1661	1107	421
ITER = 1662	1107	421
ITER = 1663	1107	421
ITER = 1664	1107	420
ITER = 1665	1107	420
ITER = 1666	1107	420
ITER = 1667	1107	420
ITER = 1668	1107	418
ITER = 1669	1107	416
ITER = 1670	1107	416
ITER = 1671	1107	416
ITER = 1672	1107	416
ITER = 1673	1107	416
ITER = 1674	1107	416
ITER = 1675	1107	416
ITER = 1676	1107	416
ITER = 1677	1107	415
ITER = 1678	1107	414
ITER = 1679	1107	412
ITER = 1680	1107	411
ITER = 1681	1107	411
ITER = 1682	1107	409
ITER = 1683	1107	409
ITER = 1684	1107	409
ITER = 1685	1107	409
ITER = 1686	1107	409
ITER = 1687	1107	408
ITER = 1688	1107	408
ITER = 1689	1107	408
ITER = 1690	1107	408
ITER = 1691	1107	407
ITER = 1692	1107	407
ITER = 1693	1107	407
ITER = 1694	1107	407
ITER = 1695	1107	407
ITER = 1696	1107	406
ITER = 1697	1107	405
ITER = 1698	1107	405
ITER = 1699	1107	405
ITER = 1700	1107	404
ITER = 1701	1107	403
ITER = 1702	1107	403
ITER = 1703	1107	403
ITER = 1704	1107	402
ITER = 1705	1107	402
ITER = 1706	1107	402
ITER = 1707	1107	402
ITER = 1708	1107	402
ITER = 1709	1107	402
ITER = 1710	1107	402
ITER = 1711	1107	402
ITER = 1712	1107	402
ITER = 1713	1107	402
ITER = 1714	1107	402
ITER = 1715	1107	402
ITER = 1716	1107	402
ITER = 1717	1107	401
ITER = 1718	1107	401
ITER = 1719	1107	401
ITER = 1720	1107	401
ITER = 1721	1107	401
ITER = 1722	1107	400
ITER = 1723	1107	398
ITER = 1724	1107	398
ITER = 1725	1107	397
ITER = 1726	1107	397
ITER = 1727	1107	397
ITER = 1728	1107	396
ITER = 1729	1107	396
ITER = 1730	1107	396
ITER = 1731	1107	395
ITER = 1732	1107	395
ITER = 1733	1107	394
ITER = 1734	1107	394
ITER = 1735	1107	394
ITER = 1736	1107	393
ITER = 1737	1107	393
ITER = 1738	1107	393
ITER = 1739	1107	393
ITER = 1740	1107	393
ITER = 1741	1107	393
ITER = 1742	1107	393
ITER = 1743	1107	393
ITER = 1744	1107	393
ITER = 1745	1107	393
ITER = 1746	1107	393
ITER = 1747	1107	392
ITER = 1748	1107	392
ITER = 1749	1107	392
ITER = 1750	1107	392
ITER = 1751	1107	392
ITER = 1752	1107	392
ITER = 1753	1107	392
ITER = 1754	1107	392
ITER = 1755	1107	392
ITER = 1756	1107	389
ITER = 1757	1107	389
ITER = 1758	1107	389
ITER = 1759	1107	389
ITER = 1760	1107	389
ITER = 1761	1107	389
ITER = 1762	1107	389
ITER = 1763	1107	389
ITER = 1764	1107	389
ITER = 1765	1107	389
ITER = 1766	1107	389
ITER = 1767	1107	389
ITER = 1768	1107	388
ITER = 1769	1107	386
ITER = 1770	1107	386
ITER = 1771	1107	385
ITER = 1772	1107	385
ITER = 1773	1107	385
ITER = 1774	1107	385
ITER = 1775	1107	385
ITER = 1776	1107	385
ITER = 1777	1107	385
ITER = 1778	1107	385
ITER = 1779	1107	385
ITER = 1780	1107	384
ITER = 1781	1107	384
ITER = 1782	1107	384
ITER = 1783	1107	384
ITER = 1784	1107	384
ITER = 1785	1107	384
ITER = 1786	1107	384
ITER = 1787	1107	384
ITER = 1788	1107	384
ITER = 1789	1107	384
ITER = 1790	1107	384
ITER = 1791	1107	383
ITER = 1792	1107	382
ITER = 1793	1107	382
ITER = 1794	1107	382
ITER = 1795	1107	381
ITER = 1796	1107	381
ITER = 1797	1107	381
ITER = 1798	1107	381
ITER = 1799	1107	381
ITER = 1800	1107	381
ITER = 1801	1107	381
ITER = 1802	1107	381
ITER = 1803	1107	380
ITER = 1804	1107	380
ITER = 1805	1107	380
ITER = 1806	1107	380
ITER = 1807	1107	379
ITER = 1808	1107	379
ITER = 1809	1107	379
ITER = 1810	1107	379
ITER = 1811	1107	379
ITER = 1812	1107	379
ITER = 1813	1107	378
ITER = 1814	1107	378
ITER = 1815	1107	378
ITER = 1816	1107	378
ITER = 1817	1107	378
ITER = 1818	1107	377
ITER = 1819	1107	376
ITER = 1820	1107	376
ITER = 1821	1107	376
ITER = 1822	1107	376
ITER = 1823	1107	374
ITER = 1824	1107	374
ITER = 1825	1107	373
ITER = 1826	1107	372
ITER = 1827	1107	372
ITER = 1828	1107	372
ITER = 1829	1107	371
ITER = 1830	1107	371
ITER = 1831	1107	371
ITER = 1832	1107	371
ITER = 1833	1107	371
ITER = 1834	1107	371
ITER = 1835	1107	369
ITER = 1836	1107	369
ITER = 1837	1107	369
ITER = 1838	1107	368
ITER = 1839	1107	368
ITER = 1840	1107	368
ITER = 1841	1107	368
ITER = 1842	1107	368
ITER = 1843	1107	368
ITER = 1844	1107	368
ITER = 1845	1107	368
ITER = 1846	1107	367
ITER = 1847	1107	367
ITER = 1848	1107	367
ITER = 1849	1107	367
ITER = 1850	1107	367
ITER = 1851	1107	366
ITER = 1852	1107	366
ITER = 1853	1107	366
ITER = 1854	1107	364
ITER = 1855	1107	364
ITER = 1856	1107	364
ITER = 1857	1107	364
ITER = 1858	1107	364
ITER = 1859	1107	363
ITER = 1860	1107	362
ITER = 1861	1107	361
ITER = 1862	1107	361
ITER = 1863	1107	360
ITER = 1864	1107	359
ITER = 1865	1107	359
ITER = 1866	1107	359
ITER = 1867	1107	359
ITER = 1868	1107	359
ITER = 1869	1107	359
ITER = 1870	1107	359
ITER = 1871	1107	359
ITER = 1872	1107	357
ITER = 1873	1107	356
ITER = 1874	1107	356
ITER = 1875	1107	355
ITER = 1876	1107	355
ITER = 1877	1107	355
ITER = 1878	1107	354
ITER = 1879	1107	354
ITER = 1880	1107	354
ITER = 1881	1107	354
ITER = 1882	1107	353
ITER = 1883	1107	353
ITER = 1884	1107	353
ITER = 1885	1107	353
ITER = 1886	1107	352
ITER = 1887	1107	351
ITER = 1888	1107	351
ITER = 1889	1107	351
ITER = 1890	1107	351
ITER = 1891	1107	351
ITER = 1892	1107	351
ITER = 1893	1107	351
ITER = 1894	1107	351
ITER = 1895	1107	351
ITER = 1896	1107	350
ITER = 1897	1107	350
ITER = 1898	1107	350
ITER = 1899	1107	350
ITER = 1900	1107	350
ITER = 1901	1107	350
ITER = 1902	1107	350
ITER = 1903	1107	350
ITER = 1904	1107	350
ITER = 1905	1107	349
ITER = 1906	1107	349
ITER = 1907	1107	349
ITER = 1908	1107	349
ITER = 1909	1107	347
ITER = 1910	1107	347
ITER = 1911	1107	347
ITER = 1912	1107	347
ITER = 1913	1107	347
ITER = 1914	1107	347
ITER = 1915	1107	346
ITER = 1916	1107	346
ITER = 1917	1107	346
ITER = 1918	1107	346
ITER = 1919	1107	346
ITER = 1920	1107	346
ITER = 1921	1107	345
ITER = 1922	1107	344
ITER = 1923	1107	343
ITER = 1924	1107	343
ITER = 1925	1107	343
ITER = 1926	1107	343
ITER = 1927	1107	343
ITER = 1928	1107	343
ITER = 1929	1107	342
ITER = 1930	1107	342
ITER = 1931	1107	342
ITER = 1932	1107	342
ITER = 1933	1107	342
ITER = 1934	1107	342
ITER = 1935	1107	342
ITER = 1936	1107	342
ITER = 1937	1107	341
ITER = 1938	1107	341
ITER = 1939	1107	341
ITER = 1940	1107	340
ITER = 1941	1107	339
ITER = 1942	1107	339
ITER = 1943	1107	339
ITER = 1944	1107	339
ITER = 1945	1107	338
ITER = 1946	1107	337
ITER = 1947	1107	337
ITER = 1948	1107	336
ITER = 1949	1107	336
ITER = 1950	1107	336
ITER = 1951	1107	336
ITER = 1952	1107	336
ITER = 1953	1107	336
ITER = 1954	1107	335
ITER = 1955	1107	334
ITER = 1956	1107	334
ITER = 1957	1107	334
ITER = 1958	1107	334
ITER = 1959	1107	334
ITER = 1960	1107	334
ITER = 1961	1107	333
ITER = 1962	1107	333
ITER = 1963	1107	333
ITER = 1964	1107	332
ITER = 1965	1107	332
ITER = 1966	1107	332
ITER = 1967	1107	332
ITER = 1968	1107	331
ITER = 1969	1107	331
ITER = 1970	1107	331
ITER = 1971	1107	331
ITER = 1972	1107	331
ITER = 1973	1107	331
ITER = 1974	1107	330
ITER = 1975	1107	330
ITER = 1976	1107	330
ITER = 1977	1107	330
ITER = 1978	1107	330
ITER = 1979	1107	330
ITER = 1980	1107	330
ITER = 1981	1107	330
ITER = 1982	1107	330
ITER = 1983	1107	329
ITER = 1984	1107	329
ITER = 1985	1107	328
ITER = 1986	1107	328
ITER = 1987	1107	328
ITER = 1988	1107	328
ITER = 1989	1107	328
ITER = 1990	1107	328
ITER = 1991	1107	327
ITER = 1992	1107	327
ITER = 1993	1107	327
ITER = 1994	1107	326
ITER = 1995	1107	326
ITER = 1996	1107	326
ITER = 1997	1107	326
ITER = 1998	1107	325
ITER = 1999	1107	325
