-4.98344
-4.98174
-4.98336
-4.98345
-4.98345
-4.98171
-4.9834
-4.9817
-4.98345
-4.98337
-4.98167
-4.98177
-4.98341
-4.98342
-4.98336
-4.9834
-4.9834
-4.98344
-4.98336
-4.98176
-4.98175
-4.9817
-4.98336
-4.98172
-4.98337
-4.9834
-4.98339
-4.98172
-4.98168
-4.98343
-4.98342
-4.98338
-4.98342
-4.98338
-4.98176
-4.98335
-4.98341
-4.98173
-4.98343
-4.98171
-4.9834
-4.98336
-4.98173
-4.98343
-4.98344
-4.98173
-4.98175
-4.98336
-4.98337
-4.98171
-4.98171
-4.98342
-4.98173
-4.98169
-4.98338
-4.9834
-4.98172
-4.98168
-4.98177
-4.98341
-4.98173
-4.98343
-4.98339
-4.98338
-4.98171
-4.98337
-4.98339
-4.98174
-4.98342
-4.98337
-4.98178
-4.98337
-4.98343
-4.98342
-4.9817
-4.98337
-4.98339
-4.98344
-4.98171
-4.98176
-4.98339
-4.9834
-4.98341
-4.98341
-4.98344
-4.9817
-4.98168
-4.9834
-4.98339
-4.98342
-4.98345
-4.98169
-4.98337
-4.98176
-4.98172
-4.9817
-4.98345
-4.98168
-4.98345
-4.9834
-4.9817
-4.98342
-4.98342
-4.98337
-4.98343
-4.9834
-4.98176
-4.98339
-4.98335
-4.98345
-4.98338
-4.98344
-4.98339
-4.98168
-4.98342
-4.98168
-4.9834
-4.98343
-4.98343
-4.9817
-4.98335
-4.98337
-4.98169
-4.98338
-4.98343
-4.98341
-4.98343
-4.98171
-4.98339
-4.98338
-4.9834
-4.98335
-4.98338
-4.98336
-4.98344
-4.98344
-4.98342
-4.98169
-4.98336
-4.9834
-4.98341
-4.98343
-4.98168
-4.98341
-4.98337
-4.98338
-4.98177
-4.98339
-4.98172
-4.98342
-4.98176
-4.9834
-4.98176
-4.98342
-4.98343
-4.98335
-4.98345
-4.98342
-4.98174
-4.98336
-4.98172
-4.98337
-4.98336
-4.98342
-4.98177
-4.9817
-4.98343
-4.98344
-4.98339
-4.98337
-4.98336
-4.98337
-4.9834
-4.98339
-4.98338
-4.98338
-4.98341
-4.98345
-4.98345
-4.98339
-4.98337
-4.98338
-4.98338
-4.98342
-4.98343
-4.98168
-4.98175
-4.98171
-4.98169
-4.98175
-4.98344
-4.98173
-4.98342
-4.98176
-4.98172
-4.98343
-4.98341
-4.98339
-4.98168
-4.98343
-4.9834
-4.98171
-4.98336
-4.98336
-4.98338
-4.98336
-4.98172
-4.98168
-4.98336
-4.98173
-4.98344
-4.98176
-4.98338
-4.98337
-4.9834
-4.98336
-4.98344
-4.98335
-4.98343
-4.98339
-4.98339
-4.98335
-4.98337
-4.9834
-4.98337
-4.98342
-4.98338
-4.98172
-4.9834
-4.98337
-4.9834
-4.9817
-4.98342
-4.98338
-4.98341
-4.98339
-4.98342
-4.98339
-4.98336
-4.98171
-4.98176
-4.98338
-4.98343
-4.9817
-4.98338
-4.9834
-4.98341
-4.98176
-4.98342
-4.98336
-4.98339
-4.98175
-4.9817
-4.98336
-4.98338
-4.98177
-4.98338
-4.98342
-4.98336
-4.98338
-4.98341
-4.98342
-4.98173
-4.98174
-4.98335
-4.98344
-4.9834
-4.98338
-4.98337
-4.98171
-4.98344
-4.98338
-4.98343
-4.98171
-4.98173
-4.98337
-4.98343
-4.98338
-4.98337
-4.98336
-4.98337
-4.98174
-4.98339
-4.98175
-4.98345
-4.98338
-4.98174
-4.98173
-4.98177
-4.98341
-4.98169
-4.98341
-4.98167
-4.98337
-4.98342
-4.98344
-4.98338
-4.98174
-4.98336
-4.98336
-4.98344
-4.98339
-4.98337
-4.98167
-4.98343
-4.98343
-4.98336
-4.98336
-4.98339
-4.98345
-4.98339
-4.98344
-4.98336
-4.98174
-4.98168
-4.98172
-4.9834
-4.9834
-4.98336
-4.98338
-4.98345
-4.98342
-4.98338
-4.98345
-4.9834
-4.98344
-4.98176
-4.98168
-4.98342
-4.9834
-4.9834
-4.98337
-4.9834
-4.98171
-4.98173
-4.98341
-4.98339
-4.98345
-4.98343
-4.98338
-4.98344
-4.98342
-4.9834
-4.98344
-4.98344
-4.98168
-4.98172
-4.98171
-4.98343
-4.98339
-4.98336
-4.98341
-4.98169
-4.98338
-4.98336
-4.98175
-4.9834
-4.98344
-4.98171
-4.98343
-4.98344
-4.98343
-4.98336
-4.98173
-4.98171
-4.98343
-4.98335
-4.98336
-4.98168
-4.9834
-4.98337
-4.98337
-4.98343
-4.98343
-4.98176
-4.98342
-4.98342
-4.98345
-4.9834
-4.98338
-4.98177
-4.98343
-4.98335
-4.98342
-4.98172
-4.98172
-4.9817
-4.98173
-4.98337
-4.98176
-4.98336
-4.98168
-4.98175
-4.98345
-4.98343
-4.98171
-4.9817
-4.98335
-4.98169
-4.98343
-4.98336
-4.98336
-4.98342
-4.98342
-4.98171
-4.98171
-4.98337
-4.98338
-4.98342
-4.98168
-4.98335
-4.98337
-4.98344
-4.98341
-4.98171
-4.98345
-4.98339
-4.98176
-4.98343
-4.98344
-4.9834
-4.98174
-4.98174
-4.98339
-4.9834
-4.98343
-4.98343
-4.98337
-4.9834
-4.98341
-4.98336
-4.98173
-4.98345
-4.98335
-4.98337
-4.98335
-4.98176
-4.98343
-4.98175
-4.98344
-4.98172
-4.98172
-4.98168
-4.98339
-4.98341
-4.98337
-4.9834
-4.9834
-4.98171
-4.98338
-4.98345
-4.98343
-4.98338
-4.98336
-4.98338
-4.98172
-4.98335
-4.98173
-4.9834
-4.98338
-4.98175
-4.98177
-4.98168
-4.98174
-4.98175
-4.98168
-4.98338
-4.98341
-4.98175
-4.98335
-4.98338
-4.98172
-4.98345
-4.98338
-4.98338
-4.98339
-4.98175
-4.98167
-4.98175
-4.98343
-4.98337
-4.98172
-4.98341
-4.98341
-4.98339
-4.98344
-4.9834
-4.98336
-4.9817
-4.98343
-4.98338
-4.98175
-4.98336
-4.9834
-4.98343
-4.98176
-4.98171
-4.98343
-4.98343
-4.98341
-4.98176
-4.98175
-4.98338
-4.98171
-4.9834
-4.98177
-4.98339
-4.98338
-4.9834
-4.98338
-4.98176
-4.98341
-4.98345
-4.98168
-4.98174
-4.98341
-4.98339
-4.98338
-4.98176
-4.98171
-4.98171
-4.98169
-4.98341
-4.98174
-4.9834
-4.98343
-4.98173
-4.98171
-4.98344
-4.98336
-4.98342
-4.9817
-4.98345
-4.98342
-4.98168
-4.98344
-4.98176
-4.98171
-4.98174
-4.98339
-4.98339
-4.98343
-4.98338
-4.98343
-4.98343
-4.98175
-4.98171
-4.98337
-4.98343
-4.98345
-4.98168
-4.98336
-4.98175
-4.9834
-4.98336
-4.98173
-4.98345
-4.98339
-4.98342
-4.98171
-4.98337
-4.98342
-4.98343
-4.9834
-4.98335
-4.98343
-4.98336
-4.98175
-4.98337
-4.98344
-4.98338
-4.9834
-4.98342
-4.98335
-4.9834
-4.98338
-4.98335
-4.98176
-4.98341
-4.98344
-4.98338
-4.98172
-4.98344
-4.98176
-4.98344
-4.98338
-4.98336
-4.9834
-4.98344
-4.98344
-4.98342
-4.98343
-4.98339
-4.98174
-4.98336
-4.98337
-4.98337
-4.98338
-4.98343
-4.98338
-4.98344
-4.98176
-4.98342
-4.9834
-4.98344
-4.98168
-4.98343
-4.98338
-4.98344
-4.98336
-4.98175
-4.98337
-4.98343
-4.98336
-4.98168
-4.98342
-4.98176
-4.98171
-4.98337
-4.98344
-4.98173
-4.9817
-4.98341
-4.98339
-4.98337
-4.98344
-4.98342
-4.98169
-4.98176
-4.98335
-4.98345
-4.98341
-4.98337
-4.98337
-4.98341
-4.98336
-4.98176
-4.9834
-4.98175
-4.98177
-4.9834
-4.98174
-4.98338
-4.9834
-4.9834
-4.98344
-4.98171
-4.98339
-4.98169
-4.98171
-4.98344
-4.98343
-4.98339
-4.9817
-4.98345
-4.98178
-4.98339
-4.98337
-4.98342
-4.98339
-4.98341
-4.98335
-4.98344
-4.98175
-4.98338
-4.98335
-4.98343
-4.98339
-4.98341
-4.98172
-4.98168
-4.98169
-4.98336
-4.98345
-4.98172
-4.98169
-4.98336
-4.98344
-4.98336
-4.9834
-4.9834
-4.98339
-4.98337
-4.98176
-4.98172
-4.98177
-4.98338
-4.98175
-4.98344
-4.98343
-4.98177
-4.9834
-4.98342
-4.98173
-4.98341
-4.98176
-4.98169
-4.98345
-4.98342
-4.98345
-4.98339
-4.98339
-4.98172
-4.98344
-4.98335
-4.98176
-4.98339
-4.98343
-4.98344
-4.98338
-4.98336
-4.98343
-4.98338
-4.98344
-4.98168
-4.98175
-4.98342
-4.98336
-4.98337
-4.98336
-4.98336
-4.98336
-4.9834
-4.98343
-4.98167
-4.98338
-4.98341
-4.98341
-4.98341
-4.9817
-4.98341
-4.98341
-4.9834
-4.98173
-4.98172
-4.98175
-4.98343
-4.98338
-4.98337
-4.98338
-4.98337
-4.98343
-4.98337
-4.98343
-4.98338
-4.98336
-4.98336
-4.9834
-4.98339
-4.98338
-4.98345
-4.98335
-4.98174
-4.98342
-4.98339
-4.98343
-4.98339
-4.98341
-4.98338
-4.98337
-4.98338
-4.98335
-4.98345
-4.98342
-4.98342
-4.98337
-4.98345
-4.98172
-4.98339
-4.9834
-4.98336
-4.98336
-4.98177
-4.98176
-4.9817
-4.98335
-4.98343
-4.98344
-4.98336
-4.98173
-4.98338
-4.98171
-4.9817
-4.98168
-4.9834
-4.9834
-4.98174
-4.98337
-4.98177
-4.98338
-4.98344
-4.98341
-4.98177
-4.98341
-4.98343
-4.98173
-4.98176
-4.98343
-4.98337
-4.98339
-4.98341
-4.98336
-4.98335
-4.98169
-4.98169
-4.98345
-4.9817
-4.98342
-4.98344
-4.98175
-4.98171
-4.98169
-4.98173
-4.9834
-4.98338
-4.98338
-4.98337
-4.98338
-4.98343
-4.98345
-4.98344
-4.9834
-4.98345
-4.98339
-4.98341
-4.9834
-4.98344
-4.98339
-4.98344
-4.98168
-4.98337
-4.98343
-4.98172
-4.98168
-4.98343
-4.98344
-4.98169
-4.98177
-4.98339
-4.98342
-4.98171
-4.98337
-4.98167
-4.98335
-4.98336
-4.98172
-4.98337
-4.98171
-4.98338
-4.98337
-4.98336
-4.98342
-4.98176
-4.98175
-4.98337
-4.98172
-4.98168
-4.98169
-4.98171
-4.98171
-4.9834
-4.98344
-4.98338
-4.9834
-4.98336
-4.98176
-4.98175
-4.9834
-4.98173
-4.98176
-4.98341
-4.98175
-4.98341
-4.98341
-4.98174
-4.9834
-4.98344
-4.98342
-4.98168
-4.98175
-4.98337
-4.98338
-4.98171
-4.98338
-4.98343
-4.98341
-4.98341
-4.98336
-4.98176
-4.98174
-4.98338
-4.98336
-4.98336
-4.98336
-4.98175
-4.98342
-4.98336
-4.9834
-4.9834
-4.98337
-4.98339
-4.98344
-4.98337
-4.98175
-4.98337
-4.98336
-4.98174
-4.98343
-4.98171
-4.98339
-4.98341
-4.98335
-4.98169
-4.98336
-4.98345
-4.98176
-4.98171
-4.98174
-4.98344
-4.98335
-4.98338
-4.98336
-4.98175
-4.9834
-4.98344
-4.98345
-4.98343
-4.98171
-4.98171
-4.98169
-4.98174
-4.98172
-4.98337
-4.98336
-4.98169
-4.98343
-4.98172
-4.98342
-4.9817
-4.98339
-4.98175
-4.9817
-4.98338
-4.98342
-4.9834
-4.98341
-4.98337
-4.98342
-4.98344
-4.98337
-4.98341
-4.98336
-4.98176
-4.98343
-4.98344
-4.98168
-4.98176
-4.98336
-4.98341
-4.98345
-4.98175
-4.98337
-4.98339
-4.98345
-4.98168
-4.98172
-4.98345
-4.98343
-4.98345
-4.98341
-4.98176
-4.9834
-4.98173
-4.98337
-4.98174
-4.98343
-4.98342
-4.9834
-4.98168
-4.98339
-4.98174
-4.98342
-4.98335
-4.98169
-4.98338
-4.98335
-4.98173
-4.98339
-4.98168
-4.9834
-4.98175
-4.98175
-4.98167
-4.98335
-4.98175
-4.98344
-4.98168
-4.98167
-4.98172
-4.98342
0.00511972
0.110749
0.000475528
0.00198674
1.00107
1.0002
0.0727199
0.479313
0.169657
0.105862
0.414541
1.00013
0.00093673
0.624032
1.00096
0.186442
0.975336
0.075714
0.0035584
0.5465
0.130396
0.255928
0.210822
0.970781
0.0342899
0.576719
1.00025
0.380716
0.961765
0.785295
0.0354772
0.369831
0.0705415
0.0703418
0.969808
0.701335
0.0111642
1.00177
0.0479573
0.810568
0.485469
0.733008
1.00094
0.105854
0.00633215
1.00075
1.0005
-0.00061799
0.00414572
0.907046
1.00086
-4.26346e-05
1.00221
0.213222
1.0001
1.00191
0.116803
1.00073
1.00161
-2.27948e-05
0.828282
0.678179
1.0021
0.0318537
0.943697
1.00163
0.450416
1.00153
0.257847
0.262051
1.00027
0.0554548
0.661279
0.933277
0.749787
0.0515373
0.18695
0.00139608
0.168719
1.00219
0.192097
0.0208672
0.0977766
0.0701759
0.33102
0.271704
1.00076
0.0823634
0.692141
0.000912616
0.0606416
1.00057
0.00617996
0.181635
0.404911
0.417835
1.00139
0.371071
0.000367475
0.443105
0.189775
0.0950163
0.923351
1.00151
0.22965
0.000543299
0.933133
0.164399
1.00059
-0.000455547
0.00323726
0.538234
0.808123
0.952872
0.0254815
0.46753
0.0883654
0.00574206
0.0191385
0.941954
1.00055
0.341257
0.388438
1.00206
0.0711937
0.387967
0.651803
1.00155
1.0001
1.00152
1.00159
0.168193
0.604305
0.328317
0.650238
0.100507
0.015718
0.159427
0.111251
0.368162
0.245077
0.00160322
0.198561
0.00487297
1.00058
0.543398
1.00026
0.136003
0.935785
0.050056
0.519694
0.42844
0.18038
0.0846865
0.00239925
1.00001
0.0226579
0.00329293
1.00062
0.700143
1.00124
0.0140807
0.671055
0.954441
1.00135
0.155541
0.138596
0.424412
1.00064
1.00163
0.0202533
0.0281928
0.644705
0.00228527
0.00620564
0.0136145
-0.000752781
0.000812316
0.905684
0.0341966
-0.000195681
-0.000210016
0.274743
0.00211996
0.0258087
0.890628
1.00103
1.00118
1.00009
0.16731
0.940664
0.448566
0.0142247
1.00052
0.820528
0.696623
0.025667
1.00116
1.00062
1.00014
0.273496
0.857614
0.0169954
0.534166
1.00051
0.978335
0.103152
0.537876
-0.000171337
0.128478
0.000949097
1.00099
0.110694
1.00096
-0.000796623
0.711332
0.0424551
0.503139
0.0152408
0.101093
0.698502
0.0493215
0.0912374
0.0642661
0.118694
0.717408
0.194623
1.00212
0.305063
0.0525837
0.669573
0.749911
0.183516
0.392991
1.0018
0.0271349
0.118872
0.00392633
1.00079
1.00054
0.931647
1.00044
0.000954526
0.947338
0.0606901
0.178428
0.274664
0.943459
0.00317341
0.360635
0.350037
0.941939
0.0980004
0.861348
0.00661409
0.999787
1.00126
0.583794
0.0239929
0.0127508
0.485668
0.357643
1.0017
0.662544
0.014345
-0.000765566
0.845975
0.0717961
0.821276
0.978293
0.113061
0.0174904
0.614024
1.00141
0.158996
0.261964
1.00098
0.631214
0.0176737
0.299608
0.448988
1.00186
0.120906
0.730133
0.866514
0.0783853
1.00004
0.926496
1.00149
0.0137331
0.874305
0.133023
0.360274
0.0348307
0.808235
0.807919
0.00513969
0.12069
0.838189
1.00071
0.406831
1.00152
1.00186
0.0970501
0.0216682
0.00942885
-0.000112041
0.0331318
0.0621029
0.469379
0.834997
0.00465385
0.110389
1.00108
0.786496
0.143521
0.0508548
0.000268549
0.753787
0.0411758
0.522386
0.0419236
0.0511047
0.137719
0.187477
0.0715351
0.509988
1.00212
0.500186
0.490973
0.0321546
0.708674
0.0136323
0.966293
0.358027
0.00812352
0.0361226
0.142754
0.0259226
0.105364
0.0313984
0.0108648
1.00064
0.00642249
1.00072
1.00208
0.971371
1.0013
0.259359
1.00073
0.261936
0.501383
0.0997979
0.615879
1.00183
0.0925595
0.00294951
0.0107989
1.00161
1.00014
0.00991357
1.00092
0.00584958
1.00186
0.41463
0.0814251
0.220723
0.340745
0.187877
0.973225
0.207784
0.0630781
0.00637532
0.0414194
1.00024
0.12431
0.0590038
1.00125
0.334267
1.00058
1.00211
0.856401
0.428742
0.361189
0.986438
1.0016
1.00007
0.3652
0.0592788
1.00202
0.242084
0.923009
0.508161
0.0893525
0.0255125
0.605942
1.00045
-0.000793286
0.133295
0.260551
0.0538754
0.00610393
0.381793
0.00725062
0.881353
0.368987
0.0442187
0.0821179
0.220544
1.00179
0.0403832
0.0284773
1.00157
0.0656298
0.157251
0.0708177
0.293975
0.83779
0.0660371
0.083706
0.441669
1.00081
1.00079
0.725976
1.00064
0.090667
0.354292
0.339697
3.2537e-05
0.0377788
0.0124891
0.826609
0.786803
0.471413
0.211378
0.161499
0.116032
0.633775
1.00203
0.349866
1.00016
1.001
0.125919
0.0574982
0.000932056
0.234398
0.0212191
0.0779823
0.0915721
0.267848
1.00134
0.331725
0.00169175
0.339948
0.00156283
0.937802
0.699483
0.550837
0.0541443
0.285503
0.700229
0.959493
1.00215
0.918231
1.00024
1.00152
0.0321308
0.111295
0.904277
0.0327746
0.0346104
1.00114
0.786159
0.378787
0.712066
1.00014
0.290001
0.333636
0.95496
0.288764
0.0427195
0.255597
0.930719
0.362556
0.00514279
1.00175
0.151586
0.270414
1.00198
0.00219976
0.383246
0.896755
1.00197
0.122746
0.20302
1.00148
0.919848
0.0180209
0.208401
1.00001
0.550596
1.00109
0.675114
0.131634
0.643276
0.823249
0.0152266
-0.00033406
0.0194389
0.139791
0.448337
0.639595
0.602384
0.885819
0.937785
1.00154
0.465871
0.103081
0.861174
0.292015
0.181294
0.175835
0.552192
0.160678
0.573256
0.00164605
0.103014
0.889146
0.745895
1.00006
0.942827
0.781378
0.0459328
0.183505
0.313217
0.191777
1.00029
1.00166
0.815666
1.0001
0.164266
0.655717
1.00097
0.375663
0.141211
1.00188
1.00042
0.0695907
0.322731
0.000121238
1.00108
0.525753
0.876652
0.558571
0.268258
0.141853
0.358346
0.129767
0.18327
1.00143
0.208418
1.00138
9.29226e-05
0.0350423
0.0608662
0.602781
0.0564825
0.804274
0.0133663
0.895541
0.0801079
0.586106
0.00658102
0.59283
0.0253457
0.13858
0.941964
0.746332
0.741149
0.833952
0.0168784
1.00186
0.0886322
1.00224
0.0593006
0.129768
0.603169
0.955949
0.837089
0.0280272
0.0130213
0.675166
0.951295
1.00111
0.354272
0.0201967
0.000149185
0.0767957
0.00941781
0.305415
1.00152
0.745618
0.419282
0.225091
0.708602
0.128486
0.637436
1.0011
0.386619
0.100416
0.13318
1.00018
0.553777
1.00155
1.00107
0.586879
1.00092
1.00213
0.0120499
0.147379
0.255883
1.00201
0.0743483
0.00169141
0.306037
0.0115895
0.734089
0.407861
0.136611
0.0178758
0.00309512
0.45143
0.548842
0.0029056
0.174112
-0.000336878
1.00149
-0.000497439
1.0015
1.00202
0.211198
1.00068
0.0187268
0.0950353
1.0016
0.0172228
0.871353
0.61808
0.0953042
1.00054
0.10993
0.303795
0.000500206
0.861492
1.00099
1.00053
0.194417
0.40625
0.488644
0.0202159
0.450129
0.125519
0.427974
0.117705
0.316674
0.507769
1.00114
0.12846
0.709534
1.0013
1.00213
1.00102
0.102184
0.171055
1.00162
1.00121
0.757073
0.0466591
0.03408
0.102847
0.231601
0.542218
0.00613637
0.497718
0.674142
1.00093
0.162187
0.857621
0.515122
0.48229
1.0007
0.107057
0.00769182
1.00206
0.289669
1.00023
1.00139
0.600361
0.0049199
1
0.689102
0.0786281
0.277274
0.905031
0.777904
1.00179
1.00171
0.620647
3.36255e-06
0.735093
0.397265
0.432673
0.412083
1.00061
0.13691
1.0009
0.499649
0.0337826
1.00086
0.0596694
0.963253
0.000383033
1.00146
0.00756232
0.134338
0.287785
0.386239
0.93072
0.00437483
0.450406
0.0116145
0.0290453
0.394467
1.00057
0.0950117
0.660718
0.714217
-0.000307213
1.00183
0.891817
0.0113922
0.0239133
0.0285558
-0.00030505
0.0414144
0.590032
0.00918968
0.00250504
0.658738
0.0439373
1.00064
0.367173
0.888006
0.159724
0.0987316
1.00157
0.0121685
0.0513718
0.353476
0.0636052
0.157835
0.0228553
0.00765348
-0.000790751
1.0002
0.0217129
0.00729902
0.100232
0.0433778
0.233971
0.15938
0.889658
1.00201
1.00138
0.979815
0.137603
0.00638423
0.500845
-0.000728173
0.430227
0.0119038
0.236714
0.676438
0.725436
-0.000673574
1.00047
1.00191
-0.000713629
1.00014
-0.000441003
0.102789
0.593578
1.00114
0.0341174
0.0067771
0.480753
0.138807
0.581876
0.352297
0.303559
1.0015
0.0491527
0.125805
1.00175
1.00198
0.12583
0.358205
-4.19781e-05
-0.000591246
1.00059
0.226314
0.28438
0.860824
0.0203593
0.28708
0.024417
0.872546
0.249734
0.0826922
0.000308434
0.0466396
0.160426
0.0525359
0.0219
0.942218
0.0126207
0.0813812
0.518461
0.0228429
0.867211
0.727233
0.202477
1.00129
0.468385
0.0328456
0.0139235
0.588052
0.870652
1.00189
0.0166308
1.00036
-0.000405366
0.635216
0.00778502
0.0381924
0.297177
0.0415033
0.121523
0.0257684
0.465227
0.211869
0.00334481
0.885934
1.00187
0.386358
1.00153
0.86558
1.00086
0.922936
0.644731
0.0483482
0.038207
0.11767
0.0457349
0.0191234
0.205366
0.703021
0.457465
0.813372
1.00191
0.145958
0.861245
0.258671
-0.000174286
0.948909
0.0744476
0.88753
0.00884218
1.00208
0.857449
0.0193294
0.433904
1.00199
0.00960093
0.0127916
0.003384
0.157004
0.76552
1.0004
1.00209
0.00754606
0.522585
0.413599
0.0057281
0.769717
0.430359
1.00002
0.0265812
0.00897831
0.00974903
0.235988
0.00298982
0.00713427
1.00029
0.0279272
-0.000581309
0.550825
0.127131
1.0016
0.767349
0.440016
0.740672
1.00172
0.175057
0.587561
0.0947937
1.00075
1.0021
0.00302272
-0.000792955
0.0506124
1.00198
0.623132
0.375771
-0.000782942
0.00924678
0.035418
0.092212
0.178985
1.00132
1.00036
1.00152
0.224389
0.455118
1.00056
0.0692101
0.2549
0.00173497
1.00191
0.0209005
0.122527
1.00135
0.276416
1.00005
0.173894
0.0146883
0.0406206
0.0801934
0.00115949
0.116935
0.0248621
1.00111
0.793135
0.0309386
1.002
0.18949
0.433855
0.0839198
0.0221167
0.00801181
0.544696
0.000701542
0.0145547
0.0353086
1.00213
0.274182
0.936623
0.992242
0.549422
0.145849
1.00203
0.416279
0.475705
0.00429223
1.00176
0.0123355
0.0510296
0.595593
0.175264
0.728416
1.00088
0.132787
0.029609
0.103742
0.350633
0.735478
1.00179
1.00161
0.208714
0.0983538
1.00122
0.280396
0.189194
0.287959
1.00177
0.102772
0.281244
0.197259
1.0019
0.925769
0.00511972
0.162642
0.000475528
0.00198674
1.00107
1.0002
0.0754979
1.0009
0.204377
0.1179
1.00023
1.00013
0.00093673
1.00013
1.00096
0.232491
1.00186
0.0821875
0.0035584
1.00109
0.612224
1.00171
0.271673
1.00154
0.0347246
1.00114
1.00025
1.00033
1.00133
1.0015
0.035995
1.00123
0.0728755
0.0757681
1.00057
1.00125
0.0111642
1.00177
0.0480791
1.00019
1.00132
1.00043
1.00094
0.117884
0.00633215
1.00075
1.0005
-0.00061799
0.00414572
1.0011
1.00086
-4.26346e-05
1.00221
1.00136
1.0001
1.00191
0.214443
1.00073
1.00161
-2.27948e-05
1.00029
1.00148
1.0021
0.0321222
1.00058
1.00163
1.00105
1.00153
0.389863
0.403965
1.00027
0.0583883
1.00001
1.00029
1.00081
0.0518194
0.233194
0.00139608
1.00203
1.00219
0.240994
0.0208672
0.108483
0.0755818
0.78574
1.00114
1.00076
0.0881057
1.00033
0.000912616
0.0616007
1.00057
0.00617996
1.00117
1.00143
1.00045
1.00139
1.00069
0.000367475
1.00064
1.00101
0.105262
1.00178
1.00151
0.311245
0.000543299
1.00091
0.196813
1.00059
-0.000455547
0.00323726
1.0018
1.0016
1.00113
0.0254815
1.00083
0.0968598
0.00574206
0.0191385
1.00103
1.00055
0.882141
1.00088
1.00206
0.0736932
1.00023
1.0002
1.00155
1.0001
1.00152
1.00159
0.202425
1.0012
0.767496
1.00171
0.111667
0.015718
1.00092
0.12421
1.00008
0.351312
0.00160322
1.00133
0.00487297
1.00058
1.00047
1.00026
0.153834
1.00134
0.0502779
1.00082
1.00108
1.00186
0.0929596
0.00239925
1.00001
0.0226579
0.00329293
1.00062
1.00159
1.00124
0.0140807
1.00049
1.00047
1.00135
1.00085
0.157123
1.00141
1.00064
1.00163
0.0202533
0.0281928
1.00101
0.00228527
0.00620564
0.0136145
-0.000752781
0.000812316
1
0.0341966
-0.000195681
-0.000210016
0.450637
0.00211996
0.0258087
1.00055
1.00103
1.00118
1.00009
1.001
1.00045
1.00076
0.0142247
1.00052
1.00021
1.00084
0.025667
1.00116
1.00062
1.00014
0.445538
1.00043
0.0169954
1.00128
1.00051
1.00067
0.130463
1.00104
-0.000171337
0.505382
0.000949097
1.00099
0.123572
1.00096
-0.000796623
1.00018
0.0436284
1.00011
0.0152408
0.112379
1.0012
0.0513701
0.100765
0.0656089
0.132968
1.00164
0.244982
1.00212
0.598062
0.0530147
1.00153
1.00094
0.228348
1.00089
1.0018
0.027172
0.133248
0.00392633
1.00079
1.00054
1.00154
1.00044
0.000954526
1.00208
0.0616471
0.219842
0.450416
1.00034
0.00317341
1.00018
0.981006
1.00102
0.124821
1.00125
0.00661409
1.00199
1.00126
1.00172
0.0239929
0.0127508
1.00066
1.00111
1.0017
1.00081
0.014345
-0.000765566
1.00193
0.0775238
1.00163
1.00027
0.126362
0.0174904
1.00019
1.00141
1.00064
0.40358
1.00098
1.00069
0.0176737
0.567264
1.0001
1.00186
0.13564
1.00122
1.00179
0.0853895
1.00004
1.00079
1.00149
0.0137331
1.00049
0.150318
1.00018
0.0348307
1.00159
1.00159
0.00513969
0.268756
1.00056
1.00071
1.00121
1.00152
1.00186
0.124446
0.0216682
0.00942885
-0.000112041
0.0331318
0.0631832
1.00065
1.00174
0.00465385
0.123191
1.00108
1.00191
1.00192
0.0531218
0.000268549
1.0004
0.0421977
1.00109
0.0430338
0.0513681
0.156012
0.233895
0.0771849
1.00181
1.00212
1.00075
1.00079
0.0321546
1.0009
0.0136323
1.00146
1.00015
0.00812352
0.0361226
0.162334
0.0259226
0.117312
0.0316413
0.0108648
1.00064
0.00642249
1.00072
1.00208
1.00213
1.0013
0.39498
1.00073
0.403499
1.00034
0.125276
1.00181
1.00183
0.115174
0.00294951
0.0107989
1.00161
1.00014
0.00991357
1.00092
0.00584958
1.00186
1.00041
0.0890497
0.290936
0.875524
1.00136
1.00187
0.266414
0.0644162
0.00637532
0.0424643
1.00024
0.139711
0.0597812
1.00125
0.815952
1.00058
1.00211
1.00089
1.00138
1.00133
1.00182
1.0016
1.00007
1.0002
0.0601986
1.00202
0.34303
1.00164
1.00049
0.098519
0.0255125
1.00206
1.00045
-0.000793286
0.789094
0.398827
0.0565729
0.00610393
1.00121
0.00725062
1.00053
1.00022
0.0456058
0.0877775
0.290587
1.00179
0.0413267
0.0284773
1.00157
0.070225
1.0009
0.0763393
0.539389
1.00009
0.0675604
0.0917961
1.0006
1.00081
1.00079
1.00029
1.00064
0.100083
1.00109
0.86485
3.2537e-05
0.0384758
0.0124891
1.00093
1.00093
1.00035
0.272598
0.192891
0.206561
1.00031
1.00203
0.97819
1.00016
1.001
0.404973
0.0607558
0.000932056
0.322874
0.0212191
0.0822299
0.113464
0.423843
1.00134
0.790826
0.00169175
0.867062
0.00156283
1.00117
1.00076
1.00088
0.0545775
0.496334
1.00111
1.00127
1.00215
1.00123
1.00024
1.00152
0.0324218
0.124242
1.00056
0.0331015
0.0350661
1.00114
1.00015
1.0013
1.00111
1.00014
1.00054
1.0008
1.00108
0.51173
0.0427195
1.0017
1.00189
1.00013
0.00514279
1.00175
0.173486
0.433626
1.00198
0.00219976
1.00138
1.00213
1.00197
0.13783
0.258165
1.00148
1.00072
0.0180209
0.267418
1.00001
1.00061
1.00109
1.00181
0.684886
1.00071
1.00023
0.0152266
-0.00033406
0.0194389
0.158655
1.0007
1.00076
1.00009
1.00038
1.00116
1.00154
1.00128
0.114673
1.0016
1.00182
1.00116
1.00043
1.00095
1.00092
1.00131
0.00164605
0.130098
1.00136
1.0004
1.00006
1.00041
1.00205
0.045989
0.22833
1.00092
0.240499
1.00029
1.00166
1.00019
1.0001
0.196567
1.0018
1.00097
1.00119
0.16036
1.00188
1.00042
0.0716868
0.72024
0.000121238
1.00108
1.00139
1.0005
1.00088
0.425779
1.00166
1.00119
0.146322
0.228567
1.00143
0.267452
1.00138
9.29226e-05
0.0350423
0.0618405
1.00055
0.0595649
1.00134
0.0133663
1.00006
0.0852447
1.00096
0.00658102
1.00083
0.0253457
0.157109
1.00161
1.00016
1.00006
1.00069
0.0168784
1.00186
0.0976853
1.00224
0.0602271
0.146318
1.00124
1.00194
1.00181
0.0280932
0.0130213
1.00019
1.00177
1.00111
1.00076
0.0201967
0.000149185
0.0834528
0.00941781
0.600711
1.00152
1.00179
1.00141
0.300708
1.00081
0.506165
1.0012
1.0011
1.00106
0.111575
0.783006
1.00018
1.0003
1.00155
1.00107
1.00096
1.00092
1.00213
0.0120499
0.168155
1.00142
1.00201
0.0775465
0.00169141
0.607444
0.0115895
1.00009
1.00158
0.944948
0.0178758
0.00309512
1.00117
1.00146
0.0029056
0.212252
-0.000336878
1.00149
-0.000497439
1.0015
1.00202
0.272332
1.00068
0.0187268
0.105272
1.0016
0.0172228
1.0001
1.00063
0.122535
1.00054
0.122621
0.590325
0.000500206
1.00192
1.00099
1.00053
0.244606
1.00074
1.00177
0.0202159
1.00016
0.141138
1.00048
0.224597
0.676316
1.00135
1.00114
0.144731
1
1.0013
1.00213
1.00102
0.113628
0.207834
1.00162
1.00121
1.00031
0.0468043
0.03408
0.11437
0.31581
1.0001
0.00613637
1.00092
1.00187
1.00093
0.193843
1.00042
1.00128
1.00162
1.0007
0.119273
0.00769182
1.00206
0.515059
1.00023
1.00139
1.00045
0.0049199
1
1.00174
0.0856803
1.00157
1.00132
1.00151
1.00179
1.00171
1.00014
3.36255e-06
1.00138
1.0012
1.00145
1.00117
1.00061
0.955109
1.0009
1.00082
0.0337826
1.00086
0.06053
1.00046
0.000383033
1.00146
0.00756232
0.845193
0.507965
1.00101
1.00189
0.00437483
1.00084
0.0116145
0.0290453
1.00016
1.00057
0.122075
1.00132
1.00159
-0.000307213
1.00183
1.00163
0.0113922
0.0239133
0.0285558
-0.00030505
0.0424582
1.00153
0.00918968
0.00250504
1.00026
0.0452737
1.00064
1.00063
1.00037
0.18417
0.109659
1.00157
0.0121685
0.0516452
1.0002
0.0648764
0.181654
0.0228553
0.00765348
-0.000790751
1.0002
0.0217129
0.00729902
0.125771
0.0446496
0.321762
0.183738
1.00003
1.00201
1.00138
1.00179
0.155885
0.00638423
1.00141
-0.000728173
1.00062
0.0119038
1.00026
1.00139
1.00162
-0.000673574
1.00047
1.00191
-0.000713629
1.00014
-0.000441003
0.114307
1.0004
1.00114
0.0341174
0.0067771
1.00033
1.00063
1.00153
1.00124
0.589412
1.0015
0.0493251
0.141497
1.00175
1.00198
0.141521
1.00023
-4.19781e-05
-0.000591246
1.00059
1.00157
1.00135
1.00125
0.0203593
0.503111
0.024417
1.00039
0.364692
0.0885763
0.000308434
0.0483384
0.191549
0.0550397
0.0219
1.00187
0.0126207
0.0889969
1.00165
0.0228429
1.00049
1.00167
0.257229
1.00129
1.00141
0.0331788
0.0139235
1.00111
1.00155
1.00189
0.0166308
1.00036
-0.000405366
1.00159
0.00778502
0.038926
1.00188
0.0415033
0.28562
0.0257684
1.00095
0.273514
0.00334481
1.00047
1.00187
1.00069
1.00153
1.00123
1.00086
1.00157
1.00124
0.048494
0.0389522
0.131797
0.0457836
0.0191234
1.0006
1.0009
1.0013
1.00025
1.00191
0.166306
1.00167
0.392563
-0.000174286
1.00148
0.0806634
1.00007
0.00884218
1.00208
1.00034
0.0193294
1.00047
1.00199
0.00960093
0.0127916
0.003384
0.180584
1.00182
1.0004
1.00209
0.00754606
1.00146
1.00062
0.0057281
1.00132
1.00032
1.00002
0.0265812
0.00897831
0.00974903
0.3268
0.00298982
0.00713427
1.00029
0.0279272
-0.000581309
1.00086
0.143104
1.0016
1.00191
1.00014
1.00122
1.00172
0.215327
1.00038
0.121875
1.00075
1.0021
0.00302272
-0.000792955
0.0528429
1.00198
1.00072
1.00082
-0.000782942
0.00924678
0.035418
0.114631
1.00071
1.00132
1.00036
1.00152
0.299226
1.00058
1.00056
0.0712589
1.00135
0.00173497
1.00191
0.0209005
0.309738
1.00135
0.457859
1.00005
0.21195
0.0146883
0.0415893
0.085366
0.00115949
0.130941
0.0248621
1.00111
1.00059
0.0309386
1.002
1.00125
1.00061
0.0920673
0.0221167
0.00801181
1.00004
0.000701542
0.0145547
0.0353086
1.00213
1.00186
1.00097
1.00028
1.00087
0.16616
1.00203
1.00135
1.00086
0.00429223
1.00176
0.0123355
0.0512924
1.00011
1.00096
1.00118
1.00088
0.149992
0.029609
0.131973
0.996187
1.0001
1.00179
1.00161
1.0008
0.109171
1.00122
1.00015
1.00053
0.508719
1.00177
0.114294
1.00005
1.00158
1.0019
1.00174
