-4.55788
-5.24087
-4.55788
-4.55788
-4.55788
-5.24382
-4.55788
-5.24087
-4.55788
-4.55788
-5.24087
-5.24243
-4.55788
-4.55788
-4.55788
-4.55788
-4.55788
-4.55788
-4.55788
-5.24087
-5.24087
-5.24087
-4.55788
-5.24243
-4.55788
-4.55788
-4.55788
-5.24087
-5.24243
-4.55788
-4.55788
-4.55788
-4.55788
-4.55788
-5.24243
-4.55788
-4.55788
-5.24382
-4.55788
-5.24243
-4.55788
-4.55788
-5.24243
-4.55788
-4.55788
-5.24382
-5.24243
-4.55788
-4.55788
-5.24243
-5.24382
-4.55788
-5.24243
-5.24087
-4.55788
-4.55788
-5.24087
-5.24243
-5.24382
-4.55788
-5.24243
-4.55788
-4.55788
-4.55788
-5.24243
-4.55788
-4.55788
-5.24382
-4.55788
-4.55788
-5.24382
-4.55788
-4.55788
-4.55788
-5.24087
-4.55788
-4.55788
-4.55788
-5.24087
-5.24243
-4.55788
-4.55788
-4.55788
-4.55788
-4.55788
-5.24087
-5.24382
-4.55788
-4.55788
-4.55788
-4.55788
-5.24382
-4.55788
-5.24087
-5.24087
-5.24087
-4.55788
-5.24087
-4.55788
-4.55788
-5.24087
-4.55788
-4.55788
-4.55788
-4.55788
-4.55788
-5.24243
-4.55788
-4.55788
-4.55788
-4.55788
-4.55788
-4.55788
-5.24243
-4.55788
-5.24087
-4.55788
-4.55788
-4.55788
-5.24243
-4.55788
-4.55788
-5.24087
-4.55788
-4.55788
-4.55788
-4.55788
-5.24382
-4.55788
-4.55788
-4.55788
-4.55788
-4.55788
-4.55788
-4.55788
-4.55788
-4.55788
-5.24087
-4.55788
-4.55788
-4.55788
-4.55788
-5.24087
-4.55788
-4.55788
-4.55788
-5.24382
-4.55788
-5.24243
-4.55788
-5.24087
-4.55788
-5.24087
-4.55788
-4.55788
-4.55788
-4.55788
-4.55788
-5.24382
-4.55788
-5.24382
-4.55788
-4.55788
-4.55788
-5.24243
-5.24087
-4.55788
-4.55788
-4.55788
-4.55788
-4.55788
-4.55788
-4.55788
-4.55788
-4.55788
-4.55788
-4.55788
-4.55788
-4.55788
-4.55788
-4.55788
-4.55788
-4.55788
-4.55788
-4.55788
-5.24243
-5.24243
-5.24382
-5.24382
-5.24087
-4.55788
-5.24087
-4.55788
-5.24382
-5.24243
-4.55788
-4.55788
-4.55788
-5.24243
-4.55788
-4.55788
-5.24243
-4.55788
-4.55788
-4.55788
-4.55788
-5.24087
-5.24087
-4.55788
-5.24087
-4.55788
-5.24382
-4.55788
-4.55788
-4.55788
-4.55788
-4.55788
-4.55788
-4.55788
-4.55788
-4.55788
-4.55788
-4.55788
-4.55788
-4.55788
-4.55788
-4.55788
-5.24382
-4.55788
-4.55788
-4.55788
-5.24087
-4.55788
-4.55788
-4.55788
-4.55788
-4.55788
-4.55788
-4.55788
-5.24243
-5.24243
-4.55788
-4.55788
-5.24243
-4.55788
-4.55788
-4.55788
-5.24243
-4.55788
-4.55788
-4.55788
-5.24243
-5.24087
-4.55788
-4.55788
-5.24243
-4.55788
-4.55788
-4.55788
-4.55788
-4.55788
-4.55788
-5.24382
-5.24087
-4.55788
-4.55788
-4.55788
-4.55788
-4.55788
-5.24243
-4.55788
-4.55788
-4.55788
-5.24243
-5.24087
-4.55788
-4.55788
-4.55788
-4.55788
-4.55788
-4.55788
-5.24382
-4.55788
-5.24087
-4.55788
-4.55788
-5.24243
-5.24243
-5.24382
-4.55788
-5.24243
-4.55788
-5.24087
-4.55788
-4.55788
-4.55788
-4.55788
-5.24087
-4.55788
-4.55788
-4.55788
-4.55788
-4.55788
-5.24087
-4.55788
-4.55788
-4.55788
-4.55788
-4.55788
-4.55788
-4.55788
-4.55788
-4.55788
-5.24243
-5.24243
-5.24087
-4.55788
-4.55788
-4.55788
-4.55788
-4.55788
-4.55788
-4.55788
-4.55788
-4.55788
-4.55788
-5.24087
-5.24382
-4.55788
-4.55788
-4.55788
-4.55788
-4.55788
-5.24243
-5.24087
-4.55788
-4.55788
-4.55788
-4.55788
-4.55788
-4.55788
-4.55788
-4.55788
-4.55788
-4.55788
-5.24243
-5.24243
-5.24382
-4.55788
-4.55788
-4.55788
-4.55788
-5.24087
-4.55788
-4.55788
-5.24087
-4.55788
-4.55788
-5.24243
-4.55788
-4.55788
-4.55788
-4.55788
-5.24382
-5.24087
-4.55788
-4.55788
-4.55788
-5.24087
-4.55788
-4.55788
-4.55788
-4.55788
-4.55788
-5.24382
-4.55788
-4.55788
-4.55788
-4.55788
-4.55788
-5.24382
-4.55788
-4.55788
-4.55788
-5.24243
-5.24243
-5.24382
-5.24087
-4.55788
-5.24243
-4.55788
-5.24243
-5.24087
-4.55788
-4.55788
-5.24087
-5.24243
-4.55788
-5.24087
-4.55788
-4.55788
-4.55788
-4.55788
-4.55788
-5.24243
-5.24087
-4.55788
-4.55788
-4.55788
-5.24243
-4.55788
-4.55788
-4.55788
-4.55788
-5.24087
-4.55788
-4.55788
-5.24243
-4.55788
-4.55788
-4.55788
-5.24243
-5.24382
-4.55788
-4.55788
-4.55788
-4.55788
-4.55788
-4.55788
-4.55788
-4.55788
-5.24243
-4.55788
-4.55788
-4.55788
-4.55788
-5.24087
-4.55788
-5.24243
-4.55788
-5.24243
-5.24382
-5.24087
-4.55788
-4.55788
-4.55788
-4.55788
-4.55788
-5.24087
-4.55788
-4.55788
-4.55788
-4.55788
-4.55788
-4.55788
-5.24243
-4.55788
-5.24087
-4.55788
-4.55788
-5.24087
-5.24243
-5.24382
-5.24243
-5.24243
-5.24243
-4.55788
-4.55788
-5.24243
-4.55788
-4.55788
-5.24382
-4.55788
-4.55788
-4.55788
-4.55788
-5.24087
-5.24087
-5.24243
-4.55788
-4.55788
-5.24087
-4.55788
-4.55788
-4.55788
-4.55788
-4.55788
-4.55788
-5.24243
-4.55788
-4.55788
-5.24243
-4.55788
-4.55788
-4.55788
-5.24243
-5.24243
-4.55788
-4.55788
-4.55788
-5.24087
-5.24382
-4.55788
-5.24087
-4.55788
-5.24243
-4.55788
-4.55788
-4.55788
-4.55788
-5.24087
-4.55788
-4.55788
-5.24243
-5.24243
-4.55788
-4.55788
-4.55788
-5.24243
-5.24087
-5.24087
-5.24087
-4.55788
-5.24087
-4.55788
-4.55788
-5.24087
-5.24243
-4.55788
-4.55788
-4.55788
-5.24243
-4.55788
-4.55788
-5.24087
-4.55788
-5.24243
-5.24243
-5.24243
-4.55788
-4.55788
-4.55788
-4.55788
-4.55788
-4.55788
-5.24382
-5.24382
-4.55788
-4.55788
-4.55788
-5.24243
-4.55788
-5.24243
-4.55788
-4.55788
-5.24087
-4.55788
-4.55788
-4.55788
-5.24382
-4.55788
-4.55788
-4.55788
-4.55788
-4.55788
-4.55788
-4.55788
-5.24243
-4.55788
-4.55788
-4.55788
-4.55788
-4.55788
-4.55788
-4.55788
-4.55788
-4.55788
-5.24087
-4.55788
-4.55788
-4.55788
-5.24382
-4.55788
-5.24382
-4.55788
-4.55788
-4.55788
-4.55788
-4.55788
-4.55788
-4.55788
-4.55788
-4.55788
-5.24382
-4.55788
-4.55788
-4.55788
-4.55788
-4.55788
-4.55788
-4.55788
-5.24087
-4.55788
-4.55788
-4.55788
-5.24087
-4.55788
-4.55788
-4.55788
-4.55788
-5.24087
-4.55788
-4.55788
-4.55788
-5.24243
-4.55788
-5.24382
-5.24382
-4.55788
-4.55788
-5.24087
-5.24243
-4.55788
-4.55788
-4.55788
-4.55788
-4.55788
-5.24087
-5.24087
-4.55788
-4.55788
-4.55788
-4.55788
-4.55788
-4.55788
-4.55788
-5.24382
-4.55788
-5.24243
-5.24243
-4.55788
-5.24382
-4.55788
-4.55788
-4.55788
-4.55788
-5.24243
-4.55788
-5.24087
-5.24382
-4.55788
-4.55788
-4.55788
-5.24243
-4.55788
-5.24382
-4.55788
-4.55788
-4.55788
-4.55788
-4.55788
-4.55788
-4.55788
-5.24087
-4.55788
-4.55788
-4.55788
-4.55788
-4.55788
-5.24243
-5.24243
-5.24382
-4.55788
-4.55788
-5.24382
-5.24243
-4.55788
-4.55788
-4.55788
-4.55788
-4.55788
-4.55788
-4.55788
-5.24087
-5.24087
-5.24243
-4.55788
-5.24243
-4.55788
-4.55788
-5.24382
-4.55788
-4.55788
-5.24382
-4.55788
-5.24243
-5.24382
-4.55788
-4.55788
-4.55788
-4.55788
-4.55788
-5.24087
-4.55788
-4.55788
-5.24243
-4.55788
-4.55788
-4.55788
-4.55788
-4.55788
-4.55788
-4.55788
-4.55788
-5.24087
-5.24382
-4.55788
-4.55788
-4.55788
-4.55788
-4.55788
-4.55788
-4.55788
-4.55788
-5.24087
-4.55788
-4.55788
-4.55788
-4.55788
-5.24087
-4.55788
-4.55788
-4.55788
-5.24382
-5.24087
-5.24087
-4.55788
-4.55788
-4.55788
-4.55788
-4.55788
-4.55788
-4.55788
-4.55788
-4.55788
-4.55788
-4.55788
-4.55788
-4.55788
-4.55788
-4.55788
-4.55788
-5.24243
-4.55788
-4.55788
-4.55788
-4.55788
-4.55788
-4.55788
-4.55788
-4.55788
-4.55788
-4.55788
-4.55788
-4.55788
-4.55788
-4.55788
-5.24087
-4.55788
-4.55788
-4.55788
-4.55788
-5.24243
-5.24243
-5.24243
-4.55788
-4.55788
-4.55788
-4.55788
-5.24087
-4.55788
-5.24087
-5.24087
-5.24087
-4.55788
-4.55788
-5.24382
-4.55788
-5.24382
-4.55788
-4.55788
-4.55788
-5.24382
-4.55788
-4.55788
-5.24087
-5.24087
-4.55788
-4.55788
-4.55788
-4.55788
-4.55788
-4.55788
-5.24382
-5.24243
-4.55788
-5.24087
-4.55788
-4.55788
-5.24382
-5.24087
-5.24087
-5.24243
-4.55788
-4.55788
-4.55788
-4.55788
-4.55788
-4.55788
-4.55788
-4.55788
-4.55788
-4.55788
-4.55788
-4.55788
-4.55788
-4.55788
-4.55788
-4.55788
-5.24243
-4.55788
-4.55788
-5.24382
-5.24087
-4.55788
-4.55788
-5.24087
-5.24243
-4.55788
-4.55788
-5.24243
-4.55788
-5.24087
-4.55788
-4.55788
-5.24087
-4.55788
-5.24087
-4.55788
-4.55788
-4.55788
-4.55788
-5.24243
-5.24243
-4.55788
-5.24382
-5.24243
-5.24243
-5.24243
-5.24087
-4.55788
-4.55788
-4.55788
-4.55788
-4.55788
-5.24087
-5.24087
-4.55788
-5.24243
-5.24382
-4.55788
-5.24243
-4.55788
-4.55788
-5.24243
-4.55788
-4.55788
-4.55788
-5.24243
-5.24243
-4.55788
-4.55788
-5.24243
-4.55788
-4.55788
-4.55788
-4.55788
-4.55788
-5.24382
-5.24382
-4.55788
-4.55788
-4.55788
-4.55788
-5.24243
-4.55788
-4.55788
-4.55788
-4.55788
-4.55788
-4.55788
-4.55788
-4.55788
-5.24243
-4.55788
-4.55788
-5.24087
-4.55788
-5.24382
-4.55788
-4.55788
-4.55788
-5.24243
-4.55788
-4.55788
-5.24087
-5.24382
-5.24243
-4.55788
-4.55788
-4.55788
-4.55788
-5.24087
-4.55788
-4.55788
-4.55788
-4.55788
-5.24087
-5.24087
-5.24243
-5.24243
-5.24382
-4.55788
-4.55788
-5.24382
-4.55788
-5.24087
-4.55788
-5.24382
-4.55788
-5.24087
-5.24243
-4.55788
-4.55788
-4.55788
-4.55788
-4.55788
-4.55788
-4.55788
-4.55788
-4.55788
-4.55788
-5.24243
-4.55788
-4.55788
-5.24087
-5.24087
-4.55788
-4.55788
-4.55788
-5.24087
-4.55788
-4.55788
-4.55788
-5.24243
-5.24087
-4.55788
-4.55788
-4.55788
-4.55788
-5.24382
-4.55788
-5.24087
-4.55788
-5.24382
-4.55788
-4.55788
-4.55788
-5.24087
-4.55788
-5.24382
-4.55788
-4.55788
-5.24087
-4.55788
-4.55788
-5.24382
-4.55788
-5.24087
-4.55788
-5.24243
-5.24087
-5.24087
-4.55788
-5.24243
-4.55788
-5.24087
-5.24087
-5.24382
-4.55788
0.00501841
0.113524
0.000436989
0.0021294
0.996917
1.00052
0.0736824
0.473462
0.170498
0.106796
0.411345
0.998934
0.000814844
0.623546
0.996917
0.188891
0.971824
0.07746
0.00350369
0.540693
0.131889
0.251864
0.209169
0.966697
0.034827
0.580897
0.997905
0.379703
0.957878
0.785184
0.0348223
0.374989
0.0695194
0.0694428
0.966697
0.701507
0.0111522
1.00052
0.0480654
0.808018
0.488493
0.728171
0.998934
0.106796
0.00614697
1.00052
0.998934
-0.000609327
0.00398697
0.904071
1.00052
-2.5145e-05
0.998934
0.212635
0.997905
1.00097
0.119403
0.998934
0.997497
-2.5145e-05
0.828391
0.673491
0.998452
0.0327621
0.939742
1.00047
0.451616
1.00052
0.256229
0.256229
0.997497
0.0555795
0.663779
0.93132
0.748339
0.0512598
0.188891
0.00135823
0.167017
0.99743
0.188857
0.0213511
0.0960509
0.0694428
0.335606
0.26777
1.00052
0.0825
0.692329
0.0010216
0.0617463
0.995937
0.00614697
0.182049
0.403483
0.419217
1.00097
0.371729
0.000436989
0.439091
0.189639
0.0960509
0.921522
1.00152
0.231607
0.000436989
0.93092
0.161942
0.998452
-0.000509131
0.00305707
0.535869
0.807384
0.948504
0.025448
0.465801
0.0871512
0.00553688
0.019453
0.939742
0.996917
0.335579
0.387625
1.0021
0.0695194
0.387978
0.653953
1.00052
0.997905
1.00152
1.00097
0.170498
0.602496
0.322341
0.643969
0.101303
0.0149789
0.159621
0.112562
0.361908
0.243668
0.00172644
0.197267
0.00501841
0.998452
0.547343
0.995937
0.138708
0.935338
0.0512673
0.518682
0.426464
0.182049
0.0863132
0.00220003
0.997905
0.0231955
0.00305707
0.995937
0.701507
1.00052
0.0136178
0.673491
0.949972
0.99743
0.15236
0.138708
0.426464
0.997905
1.00097
0.019453
0.0272161
0.643969
0.0021294
0.00630777
0.0136178
-0.000755767
0.000714642
0.900844
0.034107
-0.000175978
-0.000175978
0.269179
0.0021294
0.0251496
0.890364
0.998934
1.00052
0.995937
0.167017
0.936096
0.442626
0.0136178
0.995937
0.818284
0.692329
0.025448
0.996917
0.998934
0.997905
0.269179
0.852994
0.0164298
0.535869
0.996917
0.976038
0.102337
0.533392
-0.000175978
0.125506
0.000814844
0.995937
0.112562
1.00097
-0.000789929
0.71053
0.0416676
0.500549
0.0149789
0.101283
0.692329
0.0495998
0.0910646
0.0655579
0.11864
0.719407
0.198775
0.998934
0.309049
0.0512517
0.663825
0.748339
0.179451
0.387978
1.00097
0.0271427
0.11864
0.00398697
0.997394
0.99743
0.93092
0.997905
0.0010216
0.94413
0.0617463
0.179451
0.269179
0.939742
0.00305707
0.361908
0.348786
0.939742
0.0970899
0.860663
0.00676894
0.99743
1.00097
0.580897
0.0231955
0.0123435
0.488493
0.361929
1.00052
0.657612
0.0136178
-0.000755767
0.841637
0.0733535
0.821517
0.97549
0.112562
0.0179733
0.613114
0.998934
0.159621
0.256229
1.00097
0.633832
0.0181347
0.295722
0.451616
1.00052
0.11864
0.725531
0.866749
0.07746
0.998934
0.92204
1.00052
0.0136178
0.871715
0.131698
0.355731
0.034107
0.807384
0.807384
0.00501841
0.119403
0.835135
0.996917
0.400889
1.00152
0.997905
0.0970899
0.0213511
0.00891618
-0.000209472
0.0316931
0.0617341
0.464028
0.835135
0.0048282
0.112562
0.998934
0.781603
0.145331
0.0495998
0.000189876
0.753511
0.0416676
0.524224
0.0416676
0.0512598
0.138708
0.188891
0.0733535
0.511243
1.00219
0.500549
0.488504
0.0316931
0.71053
0.0136178
0.962291
0.355731
0.00803852
0.036642
0.146096
0.025448
0.106796
0.0307888
0.0111522
0.996917
0.00630777
0.997394
0.99743
0.971096
1.00052
0.256229
0.996917
0.256229
0.500549
0.102371
0.613114
0.998452
0.0920387
0.00304419
0.0105965
0.998934
0.997905
0.0100403
0.997905
0.00553688
1.00052
0.411345
0.0817715
0.220105
0.335579
0.189639
0.971824
0.209169
0.0617341
0.00614697
0.0416676
0.997497
0.124997
0.0580851
1.00097
0.335606
0.998452
1.00052
0.854451
0.426464
0.361908
0.98427
0.998934
0.997497
0.363738
0.0580851
0.99743
0.243668
0.92204
0.503759
0.0910646
0.0251496
0.604359
0.998934
-0.000789929
0.131842
0.256229
0.0525078
0.00630777
0.374968
0.00743636
0.881096
0.363738
0.044185
0.0825
0.220105
0.998934
0.0392712
0.0272161
1.00097
0.0657188
0.159674
0.0694428
0.295722
0.833387
0.065544
0.0817715
0.439091
0.998934
0.997497
0.728141
0.996475
0.0910646
0.348786
0.335579
-2.5145e-05
0.036995
0.0123435
0.823357
0.785184
0.476323
0.209169
0.161973
0.113484
0.633832
0.998934
0.348786
0.99743
0.997497
0.125506
0.0587956
0.000814844
0.231607
0.0208403
0.0779827
0.0920387
0.269214
1.00152
0.335606
0.00181607
0.335579
0.00145744
0.935338
0.701507
0.547946
0.0546018
0.282376
0.695422
0.957878
1.00052
0.917576
0.99743
0.99743
0.0327621
0.112562
0.904071
0.0327581
0.034827
0.997497
0.785184
0.374989
0.71053
0.996917
0.291739
0.331709
0.952865
0.282376
0.0420937
0.251864
0.926463
0.361908
0.0048282
1.00152
0.153826
0.269179
0.99743
0.0021294
0.387978
0.894958
1.00152
0.124997
0.19874
0.998934
0.917576
0.0179733
0.209169
0.997905
0.547946
1.00052
0.673491
0.131889
0.643969
0.823357
0.0149789
-0.000366822
0.0196122
0.138708
0.442626
0.633832
0.602496
0.881096
0.935338
1.00152
0.464028
0.101283
0.857412
0.291739
0.182049
0.174503
0.547343
0.159621
0.569872
0.00172644
0.102337
0.885744
0.74521
0.997905
0.940794
0.776182
0.0450074
0.179451
0.3157
0.188857
0.998934
0.998934
0.813171
0.996917
0.161942
0.653953
1.00097
0.374989
0.138708
1.00219
1.00052
0.0695194
0.322341
3.39058e-05
0.998934
0.524245
0.87642
0.558666
0.269214
0.138467
0.361929
0.131698
0.179451
1.00052
0.209169
1.00152
0.000189876
0.034107
0.0617463
0.602496
0.0555795
0.802823
0.0136178
0.89543
0.0779609
0.580897
0.00676894
0.591772
0.0251496
0.138708
0.940794
0.742622
0.736762
0.82839
0.0164298
0.997497
0.0862973
1.00219
0.0580851
0.131698
0.602496
0.954459
0.835135
0.0271398
0.0123435
0.673491
0.949972
0.998934
0.348786
0.0196122
0.000189876
0.07746
0.00900366
0.309049
1.00152
0.742622
0.413727
0.220105
0.71053
0.125506
0.633832
1.00047
0.387978
0.101303
0.131842
0.997905
0.547343
1.00152
0.998934
0.580897
0.997497
1.00052
0.0115126
0.146096
0.251864
0.99743
0.0736645
0.00181607
0.309049
0.0111522
0.728171
0.403483
0.138515
0.0179733
0.00304419
0.451616
0.547343
0.00304419
0.170498
-0.000366822
1.00052
-0.000509131
0.998934
0.998934
0.209169
0.995937
0.0179733
0.0960509
0.997394
0.0164298
0.866979
0.613114
0.0971205
1.00052
0.112584
0.309049
0.000530169
0.857412
1.00097
0.995937
0.198775
0.400889
0.488493
0.0196122
0.451616
0.124997
0.426464
0.119403
0.32237
0.512458
0.996917
0.131698
0.71053
0.99743
0.99743
1.00052
0.101283
0.170498
1.00052
0.998934
0.753511
0.0480584
0.034107
0.101283
0.231607
0.535869
0.00630777
0.496234
0.670422
0.99743
0.161973
0.857804
0.512458
0.476323
0.997497
0.106796
0.00743636
1.00052
0.295722
0.99743
0.998934
0.602496
0.0048282
0.997905
0.682992
0.07746
0.275711
0.900844
0.777496
0.998934
0.997394
0.623546
3.39058e-05
0.736762
0.400904
0.426455
0.413727
0.998452
0.138515
1.00052
0.500549
0.034107
0.997905
0.0580851
0.96325
0.000436989
0.998452
0.00714103
0.131842
0.282376
0.387978
0.926463
0.00449248
0.450383
0.0111522
0.0293968
0.387978
0.997497
0.0971205
0.657612
0.71053
-0.000357715
0.997905
0.889914
0.0115126
0.0231955
0.0293968
-0.000357715
0.0416676
0.591772
0.00900366
0.00257131
0.653953
0.044185
0.997394
0.361908
0.885744
0.161973
0.0960509
1.00152
0.0123435
0.0512598
0.348786
0.0617208
0.153826
0.0231955
0.00714103
-0.000795773
0.998452
0.0222995
0.00743636
0.102371
0.044185
0.231607
0.161973
0.884291
0.99743
0.998934
0.979881
0.138708
0.00630777
0.500549
-0.000716293
0.427059
0.0115126
0.236052
0.670422
0.725531
-0.000695033
0.997905
1.00052
-0.000716293
0.995937
-0.000499807
0.101283
0.591772
1.00052
0.034107
0.00676894
0.481091
0.138467
0.580897
0.348786
0.309049
1.00152
0.0480584
0.124997
1.00052
0.99743
0.124997
0.355731
3.39058e-05
-0.000628843
0.995937
0.228229
0.283724
0.857412
0.0196122
0.282376
0.0238341
0.872713
0.243668
0.0824771
0.000269723
0.0468224
0.161973
0.0525166
0.0222995
0.940794
0.0123435
0.0817715
0.512458
0.0231955
0.866979
0.728141
0.198775
1.00052
0.465801
0.0327581
0.0134968
0.583495
0.866979
1.00097
0.0164298
0.998934
-0.000366822
0.6315
0.00803852
0.0392768
0.299703
0.0420937
0.11936
0.0251496
0.464028
0.209169
0.00350369
0.885744
0.998934
0.387978
0.998934
0.862211
0.998934
0.92204
0.644748
0.0480654
0.0369896
0.11864
0.0450074
0.019453
0.204931
0.701545
0.451616
0.813171
1.00219
0.146096
0.857412
0.256229
-0.000209472
0.948504
0.0733535
0.884291
0.00900366
0.998934
0.852994
0.019453
0.439091
0.99743
0.00973107
0.0123435
0.00350369
0.153826
0.76166
0.995937
0.998934
0.00714103
0.524224
0.413727
0.00553688
0.765193
0.426464
0.997905
0.0272161
0.00900366
0.00973107
0.231607
0.00305707
0.00714103
0.998934
0.0272161
-0.000609327
0.547946
0.124997
0.997497
0.76166
0.439091
0.736762
0.99743
0.170498
0.580897
0.0920093
0.997497
0.99743
0.00304419
-0.000795773
0.0495998
1.00097
0.618034
0.374989
-0.000789929
0.00891618
0.034107
0.0920387
0.182049
0.998934
0.998934
0.997497
0.220105
0.451616
1.00052
0.0695352
0.251864
0.00181607
1.00052
0.0213511
0.11936
0.99743
0.282411
0.997905
0.170498
0.0149789
0.0416735
0.0779609
0.00112383
0.11864
0.0251496
0.996917
0.792304
0.0316931
1.00152
0.189639
0.434871
0.0817715
0.0222995
0.00815157
0.540693
0.000714642
0.0149789
0.034107
0.99743
0.275772
0.936096
0.988412
0.547343
0.146096
1.00219
0.413727
0.473462
0.00418084
0.997497
0.0123435
0.0512598
0.591772
0.174503
0.728141
1.00052
0.131698
0.0293968
0.102337
0.348786
0.736762
1.00052
0.997394
0.204931
0.0960509
0.99743
0.275711
0.189639
0.282376
0.998934
0.101283
0.283724
0.197267
1.00052
0.921522
0.00501841
0.160173
0.000436989
0.0021294
0.996917
1.00052
0.0738444
0.998891
0.199163
0.118904
0.998891
0.998934
0.000814844
0.998804
0.996917
0.231908
1.00047
0.0819387
0.00350369
0.998891
0.611159
0.997568
0.269599
0.99743
0.0348535
0.998469
0.997905
0.998891
0.99743
0.999569
0.0370303
1.00071
0.0738444
0.077613
0.99743
0.999171
0.0111522
1.00052
0.0480835
0.996013
0.99788
0.999171
0.998934
0.118904
0.00614697
1.00052
0.998934
-0.000609327
0.00398697
0.99743
1.00052
-2.5145e-05
0.998934
0.997568
0.997905
1.00097
0.213122
0.998934
0.997497
-2.5145e-05
0.996013
0.999171
0.998452
0.0327808
0.99743
1.00047
0.997622
1.00052
0.388003
0.400872
0.997497
0.0588934
0.998804
1.00047
1.00031
0.0512921
0.231908
0.00135823
1.00169
0.99743
0.243969
0.0213511
0.10703
0.0734937
0.784115
0.997568
1.00052
0.0874441
0.999171
0.0010216
0.0618338
0.995937
0.00614697
0.997568
0.998891
0.998891
1.00097
0.998891
0.000436989
0.997622
0.997568
0.10703
1
1.00152
0.30938
0.000436989
0.99743
0.189271
0.998452
-0.000509131
0.00305707
0.998161
0.999569
0.99743
0.025448
0.998891
0.097448
0.00553688
0.019453
0.99743
0.996917
0.878463
0.998891
1.0021
0.0738444
0.997172
0.998804
1.00052
0.997905
1.00152
1.00097
0.199163
0.998469
0.768569
0.998804
0.112822
0.0149789
0.997568
0.125288
0.997172
0.348938
0.00172644
0.997568
0.00501841
0.998452
0.998161
0.995937
0.154175
0.99743
0.0512921
0.998891
1.00122
1.00169
0.0912496
0.00220003
0.997905
0.0231955
0.00305707
0.995937
0.999171
1.00052
0.0136178
0.998804
1.00047
0.99743
0.997568
0.154175
1.00122
0.997905
1.00097
0.019453
0.0272161
0.998804
0.0021294
0.00630777
0.0136178
-0.000755767
0.000714642
0.996065
0.034107
-0.000175978
-0.000175978
0.451378
0.0021294
0.0251496
0.996013
0.998934
1.00052
0.995937
0.997568
1.00047
0.998891
0.0136178
0.995937
0.996013
0.999171
0.025448
0.996917
0.998934
0.997905
0.438911
0.996013
0.0164298
0.998161
0.996917
1.00047
0.132403
0.998891
-0.000175978
0.503549
0.000814844
0.995937
0.125288
1.00097
-0.000789929
0.999171
0.0442397
0.998161
0.0149789
0.112822
0.999171
0.0525979
0.101512
0.0656678
0.131992
0.999171
0.24397
0.998934
0.601638
0.0512921
0.998804
1.00031
0.231908
1.00095
1.00097
0.0271454
0.131992
0.00398697
0.997394
0.99743
1.00182
0.997905
0.0010216
1.00182
0.0618338
0.220434
0.451378
0.99743
0.00305707
0.996975
0.978615
0.99743
0.125872
1
0.00676894
0.99743
1.00097
0.998469
0.0231955
0.0123435
0.99788
1.00049
1.00052
1.00031
0.0136178
-0.000755767
1
0.077613
0.999569
0.99743
0.125288
0.0179733
0.998804
0.998934
0.997568
0.400872
1.00097
0.998804
0.0181347
0.569085
0.997622
1.00052
0.139029
1.00031
1
0.0864808
0.998934
0.99743
1.00052
0.0136178
0.996013
0.146418
0.998891
0.034107
0.999569
0.999569
0.00501841
0.268068
1
0.996917
1.00095
1.00152
0.997905
0.125855
0.0213511
0.00891618
-0.000209472
0.0316931
0.0618338
0.99788
1
0.0048282
0.125288
0.998934
1.00031
1.00169
0.0525979
0.000189876
0.999569
0.0417174
0.998161
0.0442397
0.0512921
0.154175
0.231908
0.077613
0.998891
1.00219
0.99788
0.99788
0.0316931
0.999171
0.0136178
0.99743
0.998891
0.00803852
0.036642
0.16232
0.025448
0.118904
0.0308077
0.0111522
0.996917
0.00630777
0.997394
0.99743
1.00182
1.00052
0.388004
0.996917
0.400872
0.99788
0.125949
0.998804
0.998452
0.113816
0.00304419
0.0105965
0.998934
0.997905
0.0100403
0.997905
0.00553688
1.00052
0.998891
0.0912496
0.282873
0.872562
0.997568
1.00047
0.26959
0.0618338
0.00614697
0.0417174
0.997497
0.139029
0.0581626
1.00097
0.813622
0.998452
1.00052
1
1.00122
1.00049
0.99743
0.998934
0.997497
0.998891
0.0581626
0.99743
0.348938
1.00182
0.998891
0.0962561
0.0251496
0.998891
0.998934
-0.000789929
0.787875
0.40087
0.0556687
0.00630777
1.00071
0.00743636
0.996013
0.998891
0.0468898
0.0874441
0.282873
0.998934
0.0417174
0.0272161
1.00097
0.0695711
0.997568
0.077613
0.535217
0.996013
0.0656678
0.0912496
0.997622
0.998934
0.997497
0.999171
0.996475
0.101512
1.00049
0.866441
-2.5145e-05
0.0393164
0.0123435
1.00031
0.999569
0.99788
0.269603
0.189271
0.205407
0.998804
0.998934
0.978615
0.99743
0.997497
0.403404
0.0622797
0.000814844
0.322605
0.0208403
0.082728
0.113831
0.42633
1.00152
0.79176
0.00181607
0.866441
0.00145744
0.99743
0.999171
0.998891
0.0546501
0.500064
1.00031
0.99743
1.00052
0.99743
0.99743
0.99743
0.0327808
0.125288
0.99743
0.0327808
0.0348535
0.997497
0.999569
1.00071
0.999171
0.996917
0.997568
0.998891
0.99743
0.511917
0.0420937
0.997568
1
0.997172
0.0048282
1.00152
0.170871
0.438906
0.99743
0.0021294
1.00071
1.00182
1.00152
0.139029
0.256569
0.998934
0.99743
0.0179733
0.269594
0.997905
0.998891
1.00052
0.999171
0.683283
0.998804
0.996013
0.0149789
-0.000366822
0.0196122
0.16232
0.998891
0.998804
0.998469
0.996013
0.99743
1.00152
0.99788
0.112822
1.00031
0.998891
0.997568
0.997568
0.998469
0.997568
0.998469
0.00172644
0.132403
1.00031
0.999171
0.997905
1.00047
1.00031
0.0450191
0.231908
0.998891
0.243969
0.998934
0.998934
0.996013
0.996917
0.189271
0.998804
1.00097
1.00071
0.16232
1.00219
1.00052
0.0696696
0.718255
3.39058e-05
0.998934
0.998161
0.996013
0.998469
0.42633
1.00169
1.00049
0.146418
0.231902
1.00052
0.269594
1.00152
0.000189876
0.034107
0.0618338
0.998469
0.0588934
1.00031
0.0136178
0.996065
0.082728
0.998469
0.00676894
0.998469
0.0251496
0.154175
1.00047
1.00031
0.999171
0.999569
0.0164298
0.997497
0.0962561
1.00219
0.0581626
0.146418
0.998469
1.00047
1
0.0271454
0.0123435
0.999171
1.00047
0.998934
1.00049
0.0196122
0.000189876
0.0819387
0.00900366
0.601638
1.00152
1.00031
1.00095
0.296133
0.999171
0.503549
0.998804
1.00047
1.00071
0.112822
0.782494
0.997905
0.998469
1.00152
0.998934
0.998469
0.997497
1.00052
0.0115126
0.170871
0.997568
0.99743
0.078196
0.00181607
0.612171
0.0111522
0.999171
0.998891
0.942874
0.0179733
0.00304419
0.997622
0.998161
0.00304419
0.209533
-0.000366822
1.00052
-0.000509131
0.998934
0.998934
0.269599
0.995937
0.0179733
0.10703
0.997394
0.0164298
0.996013
0.998804
0.119649
1.00052
0.125288
0.590925
0.000530169
1.00031
1.00097
0.995937
0.24397
0.997387
1.00151
0.0196122
0.997622
0.139029
0.997622
0.220863
0.672341
0.998161
0.996917
0.146418
0.999171
0.99743
0.99743
1.00052
0.112822
0.209537
1.00052
0.998934
0.999569
0.0450191
0.034107
0.112822
0.309379
0.998161
0.00630777
0.998891
1.00031
0.99743
0.189271
0.996013
0.998161
1.00151
0.997497
0.118904
0.00743636
1.00052
0.511917
0.99743
0.998934
0.998469
0.0048282
0.997905
0.999171
0.0864808
0.997568
1
0.999569
0.998934
0.997394
0.998804
3.39058e-05
0.999171
1.00095
1.00122
1.00095
0.998452
0.951252
1.00052
0.99788
0.034107
0.997905
0.0618338
1.00047
0.000436989
0.998452
0.00714103
0.844053
0.511917
1.00071
1
0.00449248
0.998891
0.0111522
0.0293968
0.997387
0.997497
0.119649
1.00031
0.999171
-0.000357715
0.997905
1
0.0115126
0.0231955
0.0293968
-0.000357715
0.0417174
0.998469
0.00900366
0.00257131
0.998804
0.0442397
0.997394
1.00071
0.996013
0.179848
0.10703
1.00152
0.0123435
0.0512921
1.00049
0.0656678
0.179848
0.0231955
0.00714103
-0.000795773
0.998452
0.0222995
0.00743636
0.125958
0.0442397
0.322605
0.179848
1
0.99743
0.998934
0.99743
0.154175
0.00630777
0.99788
-0.000716293
0.998891
0.0115126
0.997568
1.00031
1.00031
-0.000695033
0.997905
1.00052
-0.000716293
0.995937
-0.000499807
0.112822
0.998469
1.00052
0.034107
0.00676894
0.998891
0.997568
0.998469
1.00049
0.590925
1.00152
0.0480835
0.139029
1.00052
0.99743
0.139029
0.998891
3.39058e-05
-0.000628843
0.995937
0.997568
0.997568
1.00031
0.0196122
0.500064
0.0238341
1
0.362027
0.0874441
0.000269723
0.0496738
0.189271
0.0556687
0.0222995
1.00047
0.0123435
0.0912496
0.998161
0.0231955
0.996013
0.999171
0.256569
1.00052
0.998891
0.0327808
0.0134968
0.998891
1.00031
1.00097
0.0164298
0.998934
-0.000366822
1.00031
0.00803852
0.0393164
0.998891
0.0420937
0.283969
0.0251496
0.99788
0.269603
0.00350369
0.996013
0.998934
1.00071
0.998934
1.00031
0.998934
1.00182
1.00031
0.0480835
0.0393164
0.131992
0.0450191
0.019453
0.997568
1.00031
1.00122
0.996013
1.00219
0.16232
1.00031
0.388003
-0.000209472
0.99743
0.0819387
1
0.00900366
0.998934
0.996013
0.019453
0.997622
0.99743
0.00973107
0.0123435
0.00350369
0.179848
0.999569
0.995937
0.998934
0.00714103
0.998161
0.997387
0.00553688
1.00031
0.997622
0.997905
0.0272161
0.00900366
0.00973107
0.322604
0.00305707
0.00714103
0.998934
0.0272161
-0.000609327
0.998891
0.146418
0.997497
0.999569
0.997622
0.999171
0.99743
0.209514
0.998469
0.119649
0.997497
0.99743
0.00304419
-0.000795773
0.0525979
1.00097
1.00031
1.00071
-0.000789929
0.00891618
0.034107
0.113816
0.997568
0.998934
0.998934
0.997497
0.296133
0.997622
1.00052
0.0696696
0.997568
0.00181607
1.00052
0.0213511
0.307889
0.99743
0.451378
0.997905
0.209533
0.0149789
0.0417174
0.082728
0.00112383
0.131992
0.0251496
0.996917
1.00031
0.0316931
1.00152
0.997568
0.998891
0.0912496
0.0222995
0.00815157
0.998891
0.000714642
0.0149789
0.034107
0.99743
0.997568
1.00047
0.996475
0.998161
0.16232
1.00219
1.00095
0.998891
0.00418084
0.997497
0.0123435
0.0512921
0.998469
0.997568
0.999171
1.00052
0.146418
0.0293968
0.132413
0.993416
0.999171
1.00052
0.997394
0.997568
0.10703
0.99743
0.997568
0.997568
0.511917
0.998934
0.112822
0.997568
0.997568
1.00052
1
