-4.98335
-4.98335
-4.98335
-4.98335
-4.98335
-4.98335
-4.98335
-4.98335
-4.98335
-4.98335
-4.98335
-4.98335
-4.98335
-4.98335
-4.98335
-4.98335
-4.98335
-4.98335
-4.98335
-4.98335
-4.98335
-4.98335
-4.98335
-4.98335
-4.98335
-4.98335
-4.98335
-4.98335
-4.98335
-4.98335
-4.98335
-4.98335
-4.98335
-4.98335
-4.98335
-4.98335
-4.98335
-4.98335
-4.98335
-4.98335
-4.98335
-4.98335
-4.98335
-4.98335
-4.98335
-4.98335
-4.98335
-4.98335
-4.98335
-4.98335
-4.98335
-4.98335
-4.98335
-4.98335
-4.98335
-4.98335
-4.98335
-4.98335
-4.98335
-4.98335
-4.98335
-4.98335
-4.98335
-4.98335
-4.98335
-4.98335
-4.98335
-4.98335
-4.98335
-4.98335
-4.98335
-4.98335
-4.98335
-4.98335
-4.98335
-4.98335
-4.98335
-4.98335
-4.98335
-4.98335
-4.98335
-4.98335
-4.98335
-4.98335
-4.98335
-4.98335
-4.98335
-4.98335
-4.98335
-4.98335
-4.98335
-4.98335
-4.98335
-4.98335
-4.98335
-4.98335
-4.98335
-4.98335
-4.98335
-4.98335
-4.98335
-4.98335
-4.98335
-4.98335
-4.98335
-4.98335
-4.98335
-4.98335
-4.98335
-4.98335
-4.98335
-4.98335
-4.98335
-4.98335
-4.98335
-4.98335
-4.98335
-4.98335
-4.98335
-4.98335
-4.98335
-4.98335
-4.98335
-4.98335
-4.98335
-4.98335
-4.98335
-4.98335
-4.98335
-4.98335
-4.98335
-4.98335
-4.98335
-4.98335
-4.98335
-4.98335
-4.98335
-4.98335
-4.98335
-4.98335
-4.98335
-4.98335
-4.98335
-4.98335
-4.98335
-4.98335
-4.98335
-4.98335
-4.98335
-4.98335
-4.98335
-4.98335
-4.98335
-4.98335
-4.98335
-4.98335
-4.98335
-4.98335
-4.98335
-4.98335
-4.98335
-4.98335
-4.98335
-4.98335
-4.98335
-4.98335
-4.98335
-4.98335
-4.98335
-4.98335
-4.98335
-4.98335
-4.98335
-4.98335
-4.98335
-4.98335
-4.98335
-4.98335
-4.98335
-4.98335
-4.98335
-4.98335
-4.98335
-4.98335
-4.98335
-4.98335
-4.98335
-4.98335
-4.98335
-4.98335
-4.98335
-4.98335
-4.98335
-4.98335
-4.98335
-4.98335
-4.98335
-4.98335
-4.98335
-4.98335
-4.98335
-4.98335
-4.98335
-4.98335
-4.98335
-4.98335
-4.98335
-4.98335
-4.98335
-4.98335
-4.98335
-4.98335
-4.98335
-4.98335
-4.98335
-4.98335
-4.98335
-4.98335
-4.98335
-4.98335
-4.98335
-4.98335
-4.98335
-4.98335
-4.98335
-4.98335
-4.98335
-4.98335
-4.98335
-4.98335
-4.98335
-4.98335
-4.98335
-4.98335
-4.98335
-4.98335
-4.98335
-4.98335
-4.98335
-4.98335
-4.98335
-4.98335
-4.98335
-4.98335
-4.98335
-4.98335
-4.98335
-4.98335
-4.98335
-4.98335
-4.98335
-4.98335
-4.98335
-4.98335
-4.98335
-4.98335
-4.98335
-4.98335
-4.98335
-4.98335
-4.98335
-4.98335
-4.98335
-4.98335
-4.98335
-4.98335
-4.98335
-4.98335
-4.98335
-4.98335
-4.98335
-4.98335
-4.98335
-4.98335
-4.98335
-4.98335
-4.98335
-4.98335
-4.98335
-4.98335
-4.98335
-4.98335
-4.98335
-4.98335
-4.98335
-4.98335
-4.98335
-4.98335
-4.98335
-4.98335
-4.98335
-4.98335
-4.98335
-4.98335
-4.98335
-4.98335
-4.98335
-4.98335
-4.98335
-4.98335
-4.98335
-4.98335
-4.98335
-4.98335
-4.98335
-4.98335
-4.98335
-4.98335
-4.98335
-4.98335
-4.98335
-4.98335
-4.98335
-4.98335
-4.98335
-4.98335
-4.98335
-4.98335
-4.98335
-4.98335
-4.98335
-4.98335
-4.98335
-4.98335
-4.98335
-4.98335
-4.98335
-4.98335
-4.98335
-4.98335
-4.98335
-4.98335
-4.98335
-4.98335
-4.98335
-4.98335
-4.98335
-4.98335
-4.98335
-4.98335
-4.98335
-4.98335
-4.98335
-4.98335
-4.98335
-4.98335
-4.98335
-4.98335
-4.98335
-4.98335
-4.98335
-4.98335
-4.98335
-4.98335
-4.98335
-4.98335
-4.98335
-4.98335
-4.98335
-4.98335
-4.98335
-4.98335
-4.98335
-4.98335
-4.98335
-4.98335
-4.98335
-4.98335
-4.98335
-4.98335
-4.98335
-4.98335
-4.98335
-4.98335
-4.98335
-4.98335
-4.98335
-4.98335
-4.98335
-4.98335
-4.98335
-4.98335
-4.98335
-4.98335
-4.98335
-4.98335
-4.98335
-4.98335
-4.98335
-4.98335
-4.98335
-4.98335
-4.98335
-4.98335
-4.98335
-4.98335
-4.98335
-4.98335
-4.98335
-4.98335
-4.98335
-4.98335
-4.98335
-4.98335
-4.98335
-4.98335
-4.98335
-4.98335
-4.98335
-4.98335
-4.98335
-4.98335
-4.98335
-4.98335
-4.98335
-4.98335
-4.98335
-4.98335
-4.98335
-4.98335
-4.98335
-4.98335
-4.98335
-4.98335
-4.98335
-4.98335
-4.98335
-4.98335
-4.98335
-4.98335
-4.98335
-4.98335
-4.98335
-4.98335
-4.98335
-4.98335
-4.98335
-4.98335
-4.98335
-4.98335
-4.98335
-4.98335
-4.98335
-4.98335
-4.98335
-4.98335
-4.98335
-4.98335
-4.98335
-4.98335
-4.98335
-4.98335
-4.98335
-4.98335
-4.98335
-4.98335
-4.98335
-4.98335
-4.98335
-4.98335
-4.98335
-4.98335
-4.98335
-4.98335
-4.98335
-4.98335
-4.98335
-4.98335
-4.98335
-4.98335
-4.98335
-4.98335
-4.98335
-4.98335
-4.98335
-4.98335
-4.98335
-4.98335
-4.98335
-4.98335
-4.98335
-4.98335
-4.98335
-4.98335
-4.98335
-4.98335
-4.98335
-4.98335
-4.98335
-4.98335
-4.98335
-4.98335
-4.98335
-4.98335
-4.98335
-4.98335
-4.98335
-4.98335
-4.98335
-4.98335
-4.98335
-4.98335
-4.98335
-4.98335
-4.98335
-4.98335
-4.98335
-4.98335
-4.98335
-4.98335
-4.98335
-4.98335
-4.98335
-4.98335
-4.98335
-4.98335
-4.98335
-4.98335
-4.98335
-4.98335
-4.98335
-4.98335
-4.98335
-4.98335
-4.98335
-4.98335
-4.98335
-4.98335
-4.98335
-4.98335
-4.98335
-4.98335
-4.98335
-4.98335
-4.98335
-4.98335
-4.98335
-4.98335
-4.98335
-4.98335
-4.98335
-4.98335
-4.98335
-4.98335
-4.98335
-4.98335
-4.98335
-4.98335
-4.98335
-4.98335
-4.98335
-4.98335
-4.98335
-4.98335
-4.98335
-4.98335
-4.98335
-4.98335
-4.98335
-4.98335
-4.98335
-4.98335
-4.98335
-4.98335
-4.98335
-4.98335
-4.98335
-4.98335
-4.98335
-4.98335
-4.98335
-4.98335
-4.98335
-4.98335
-4.98335
-4.98335
-4.98335
-4.98335
-4.98335
-4.98335
-4.98335
-4.98335
-4.98335
-4.98335
-4.98335
-4.98335
-4.98335
-4.98335
-4.98335
-4.98335
-4.98335
-4.98335
-4.98335
-4.98335
-4.98335
-4.98335
-4.98335
-4.98335
-4.98335
-4.98335
-4.98335
-4.98335
-4.98335
-4.98335
-4.98335
-4.98335
-4.98335
-4.98335
-4.98335
-4.98335
-4.98335
-4.98335
-4.98335
-4.98335
-4.98335
-4.98335
-4.98335
-4.98335
-4.98335
-4.98335
-4.98335
-4.98335
-4.98335
-4.98335
-4.98335
-4.98335
-4.98335
-4.98335
-4.98335
-4.98335
-4.98335
-4.98335
-4.98335
-4.98335
-4.98335
-4.98335
-4.98335
-4.98335
-4.98335
-4.98335
-4.98335
-4.98335
-4.98335
-4.98335
-4.98335
-4.98335
-4.98335
-4.98335
-4.98335
-4.98335
-4.98335
-4.98335
-4.98335
-4.98335
-4.98335
-4.98335
-4.98335
-4.98335
-4.98335
-4.98335
-4.98335
-4.98335
-4.98335
-4.98335
-4.98335
-4.98335
-4.98335
-4.98335
-4.98335
-4.98335
-4.98335
-4.98335
-4.98335
-4.98335
-4.98335
-4.98335
-4.98335
-4.98335
-4.98335
-4.98335
-4.98335
-4.98335
-4.98335
-4.98335
-4.98335
-4.98335
-4.98335
-4.98335
-4.98335
-4.98335
-4.98335
-4.98335
-4.98335
-4.98335
-4.98335
-4.98335
-4.98335
-4.98335
-4.98335
-4.98335
-4.98335
-4.98335
-4.98335
-4.98335
-4.98335
-4.98335
-4.98335
-4.98335
-4.98335
-4.98335
-4.98335
-4.98335
-4.98335
-4.98335
-4.98335
-4.98335
-4.98335
-4.98335
-4.98335
-4.98335
-4.98335
-4.98335
-4.98335
-4.98335
-4.98335
-4.98335
-4.98335
-4.98335
-4.98335
-4.98335
-4.98335
-4.98335
-4.98335
-4.98335
-4.98335
-4.98335
-4.98335
-4.98335
-4.98335
-4.98335
-4.98335
-4.98335
-4.98335
-4.98335
-4.98335
-4.98335
-4.98335
-4.98335
-4.98335
-4.98335
-4.98335
-4.98335
-4.98335
-4.98335
-4.98335
-4.98335
-4.98335
-4.98335
-4.98335
-4.98335
-4.98335
-4.98335
-4.98335
-4.98335
-4.98335
-4.98335
-4.98335
-4.98335
-4.98335
-4.98335
-4.98335
-4.98335
-4.98335
-4.98335
-4.98335
-4.98335
-4.98335
-4.98335
-4.98335
-4.98335
-4.98335
-4.98335
-4.98335
-4.98335
-4.98335
-4.98335
-4.98335
-4.98335
-4.98335
-4.98335
-4.98335
-4.98335
-4.98335
-4.98335
-4.98335
-4.98335
-4.98335
-4.98335
-4.98335
-4.98335
-4.98335
-4.98335
-4.98335
-4.98335
-4.98335
-4.98335
-4.98335
-4.98335
-4.98335
-4.98335
-4.98335
-4.98335
-4.98335
-4.98335
-4.98335
-4.98335
-4.98335
-4.98335
-4.98335
-4.98335
-4.98335
-4.98335
-4.98335
-4.98335
-4.98335
-4.98335
-4.98335
-4.98335
-4.98335
-4.98335
-4.98335
-4.98335
-4.98335
-4.98335
-4.98335
-4.98335
-4.98335
-4.98335
-4.98335
-4.98335
-4.98335
-4.98335
-4.98335
-4.98335
-4.98335
-4.98335
-4.98335
-4.98335
-4.98335
-4.98335
-4.98335
-4.98335
-4.98335
-4.98335
-4.98335
-4.98335
-4.98335
-4.98335
-4.98335
-4.98335
-4.98335
-4.98335
-4.98335
-4.98335
-4.98335
-4.98335
-4.98335
-4.98335
-4.98335
-4.98335
-4.98335
-4.98335
-4.98335
-4.98335
-4.98335
-4.98335
-4.98335
-4.98335
-4.98335
-4.98335
-4.98335
-4.98335
-4.98335
-4.98335
-4.98335
-4.98335
-4.98335
-4.98335
-4.98335
-4.98335
-4.98335
-4.98335
-4.98335
-4.98335
-4.98335
-4.98335
-4.98335
-4.98335
-4.98335
-4.98335
-4.98335
-4.98335
-4.98335
-4.98335
-4.98335
-4.98335
-4.98335
-4.98335
-4.98335
-4.98335
-4.98335
-4.98335
-4.98335
-4.98335
-4.98335
-4.98335
-4.98335
-4.98335
-4.98335
-4.98335
-4.98335
-4.98335
-4.98335
-4.98335
-4.98335
-4.98335
-4.98335
-4.98335
-4.98335
-4.98335
-4.98335
-4.98335
-4.98335
-4.98335
-4.98335
-4.98335
-4.98335
-4.98335
-4.98335
-4.98335
-4.98335
-4.98335
-4.98335
-4.98335
-4.98335
-4.98335
-4.98335
-4.98335
-4.98335
-4.98335
-4.98335
-4.98335
-4.98335
-4.98335
-4.98335
-4.98335
-4.98335
-4.98335
-4.98335
-4.98335
-4.98335
-4.98335
-4.98335
-4.98335
-4.98335
-4.98335
-4.98335
-4.98335
-4.98335
-4.98335
-4.98335
-4.98335
-4.98335
-4.98335
-4.98335
-4.98335
-4.98335
-4.98335
-4.98335
-4.98335
-4.98335
-4.98335
-4.98335
-4.98335
-4.98335
-4.98335
-4.98335
-4.98335
-4.98335
-4.98335
-4.98335
-4.98335
-4.98335
-4.98335
-4.98335
-4.98335
-4.98335
-4.98335
-4.98335
-4.98335
-4.98335
-4.98335
-4.98335
-4.98335
-4.98335
-4.98335
-4.98335
-4.98335
-4.98335
-4.98335
-4.98335
-4.98335
-4.98335
-4.98335
-4.98335
-4.98335
-4.98335
-4.98335
-4.98335
-4.98335
-4.98335
-4.98335
-4.98335
-4.98335
-4.98335
-4.98335
-4.98335
-4.98335
-4.98335
-4.98335
-4.98335
-4.98335
-4.98335
-4.98335
-4.98335
-4.98335
-4.98335
-4.98335
-4.98335
-4.98335
-4.98335
-4.98335
-4.98335
-4.98335
-4.98335
-4.98335
-4.98335
-4.98335
-4.98335
-4.98335
-4.98335
-4.98335
-4.98335
-4.98335
-4.98335
-4.98335
-4.98335
-4.98335
-4.98335
-4.98335
-4.98335
-4.98335
-4.98335
-4.98335
-4.98335
-4.98335
-4.98335
-4.98335
-4.98335
-4.98335
-4.98335
-4.98335
-4.98335
-4.98335
-4.98335
-4.98335
-4.98335
-4.98335
-4.98335
-4.98335
-4.98335
-4.98335
-4.98335
-4.98335
-4.98335
-4.98335
-4.98335
-4.98335
-4.98335
-4.98335
-4.98335
-4.98335
-4.98335
-4.98335
-4.98335
-4.98335
-4.98335
-4.98335
-4.98335
-4.98335
-4.98335
-4.98335
-4.98335
-4.98335
-4.98335
-4.98335
-4.98335
-4.98335
-4.98335
-4.98335
-4.98335
-4.98335
-4.98335
-4.98335
-4.98335
-4.98335
-4.98335
-4.98335
-4.98335
-4.98335
-4.98335
-4.98335
-4.98335
-4.98335
-4.98335
-4.98335
-4.98335
-4.98335
-4.98335
-4.98335
-4.98335
-4.98335
-4.98335
-4.98335
-4.98335
-4.98335
-4.98335
-4.98335
-4.98335
-4.98335
-4.98335
-4.98335
-4.98335
-4.98335
-4.98335
-4.98335
-4.98335
-4.98335
-4.98335
-4.98335
-4.98335
-4.98335
-4.98335
-4.98335
-4.98335
-4.98335
-4.98335
-4.98335
-4.98335
-4.98335
-4.98335
-4.98335
-4.98335
-4.98335
-4.98335
-4.98335
-4.98335
-4.98335
-4.98335
-4.98335
-4.98335
-4.98335
-4.98335
-4.98335
-4.98335
-4.98335
-4.98335
-4.98335
-4.98335
-4.98335
-4.98335
-4.98335
-4.98335
-4.98335
-4.98335
-4.98335
-4.98335
-4.98335
-4.98335
-4.98335
-4.98335
-4.98335
-4.98335
-4.98335
-4.98335
-4.98335
-4.98335
-4.98335
-4.98335
-4.98335
-4.98335
-4.98335
-4.98335
-4.98335
-4.98335
-4.98335
-4.98335
-4.98335
-4.98335
-4.98335
-4.98335
-4.98335
-4.98335
-4.98335
-4.98335
-4.98335
-4.98335
-4.98335
-4.98335
-4.98335
-4.98335
-4.98335
-4.98335
-4.98335
-4.98335
-4.98335
-4.98335
-4.98335
-4.98335
-4.98335
-4.98335
-4.98335
-4.98335
-4.98335
-4.98335
-4.98335
-4.98335
-4.98335
-4.98335
-4.98335
-4.98335
-4.98335
-4.98335
-4.98335
-4.98335
-4.98335
-4.98335
-4.98335
-4.98335
-4.98335
-4.98335
-4.98335
-4.98335
-4.98335
-4.98335
-4.98335
-4.98335
-4.98335
-4.98335
-4.98335
-4.98335
-4.98335
-4.98335
-4.98335
-4.98335
-4.98335
-4.98335
-4.98335
-4.98335
-4.98335
-4.98335
-4.98335
-4.98335
-4.98335
-4.98335
-4.98335
-4.98335
-4.98335
-4.98335
-4.98335
-4.98335
-4.98335
-4.98335
-4.98335
-4.98335
-4.98335
-4.98335
-4.98335
-4.98335
-4.98335
-4.98335
-4.98335
-4.98335
-4.98335
-4.98335
-4.98335
-4.98335
-4.98335
-4.98335
-4.98335
-4.98335
-4.98335
-4.98335
-4.98335
-4.98335
-4.98335
-4.98335
-4.98335
-4.98335
-4.98335
-4.98335
-4.98335
-4.98335
-4.98335
-4.98335
-4.98335
-4.98335
-4.98335
-4.98335
-4.98335
-4.98335
-4.98335
-4.98335
-4.98335
-4.98335
-4.98335
-4.98335
-4.98335
-4.98335
-4.98335
-4.98335
-4.98335
-4.98335
-4.98335
-4.98335
-4.98335
-4.98335
-4.98335
-4.98335
-4.98335
-4.98335
-4.98335
-4.98335
-4.98335
-4.98335
-4.98335
-4.98335
-4.98335
-4.98335
-4.98335
-4.98335
-4.98335
-4.98335
-4.98335
-4.98335
-4.98335
-4.98335
-4.98335
-4.98335
-4.98335
-4.98335
-4.98335
-4.98335
-4.98335
-4.98335
-4.98335
-4.98335
-4.98335
-4.98335
-4.98335
-4.98335
-4.98335
-4.98335
-4.98335
-4.98335
-4.98335
-4.98335
-4.98335
-4.98335
-4.98335
-4.98335
-4.98335
-4.98335
-4.98335
-4.98335
-4.98335
-4.98335
-4.98335
-4.98335
-4.98335
-4.98335
-4.98335
-4.98335
-4.98335
-4.98335
-4.98335
-4.98335
-4.98335
-4.98335
-4.98335
-4.98335
-4.98335
-4.98335
-4.98335
-4.98335
-4.98335
-4.98335
-4.98335
-4.98335
-4.98335
-4.98335
-4.98335
-4.98335
-4.98335
-4.98335
-4.98335
-4.98335
-4.98335
-4.98335
-4.98335
-4.98335
-4.98335
-4.98335
-4.98335
-4.98335
-4.98335
-4.98335
-4.98335
-4.98335
-4.98335
-4.98335
-4.98335
-4.98335
-4.98335
-4.98335
-4.98335
-4.98335
-4.98335
-4.98335
-4.98335
-4.98335
-4.98335
-4.98335
-4.98335
-4.98335
-4.98335
-4.98335
-4.98335
-4.98335
-4.98335
-4.98335
-4.98335
-4.98335
-4.98335
-4.98335
-4.98335
-4.98335
-4.98335
-4.98335
-4.98335
-4.98335
-4.98335
-4.98335
-4.98335
-4.98335
-4.98335
-4.98335
-4.98335
-4.98335
-4.98335
-4.98335
-4.98335
-4.98335
-4.98335
-4.98335
-4.98335
-4.98335
-4.98335
-4.98335
-4.98335
-4.98335
-4.98335
-4.98335
-4.98335
-4.98335
-4.98335
-4.98335
-4.98335
-4.98335
-4.98335
-4.98335
-4.98335
-4.98335
-4.98335
-4.98335
-4.98335
-4.98335
-4.98335
-4.98335
-4.98335
-4.98335
-4.98335
-4.98335
-4.98335
-4.98335
-4.98335
-4.98335
-4.98335
-4.98335
-4.98335
-4.98335
-4.98335
-4.98335
-4.98335
-4.98335
-4.98335
-4.98335
-4.98335
-4.98335
-4.98335
-4.98335
-4.98335
-4.98335
-4.98335
-4.98335
-4.98335
-4.98335
-4.98335
-4.98335
-4.98335
-4.98335
-4.98335
-4.98335
-4.98335
-4.98335
-4.98335
-4.98335
-4.98335
-4.98335
-4.98335
-4.98335
-4.98335
-4.98335
-4.98335
-4.98335
-4.98335
-4.98335
-4.98335
-4.98335
-4.98335
-4.98335
-4.98335
-4.98335
-4.98335
-4.98335
-4.98335
-4.98335
-4.98335
-4.98335
-4.98335
-4.98335
-4.98335
-4.98335
-4.98335
-4.98335
-4.98335
-4.98335
-4.98335
-4.98335
-4.98335
-4.98335
-4.98335
-4.98335
-4.98335
-4.98335
-4.98335
-4.98335
-4.98335
-4.98335
-4.98335
-4.98335
-4.98335
-4.98335
-4.98335
-4.98335
-4.98335
-4.98335
-4.98335
-4.98335
-4.98335
-4.98335
-4.98335
-4.98335
-4.98335
-4.98335
-4.98335
-4.98335
-4.98335
-4.98335
-4.98335
-4.98335
-4.98335
-4.98335
-4.98335
-4.98335
-4.98335
-4.98335
-4.98335
-4.98335
-4.98335
-4.98335
-4.98335
-4.98335
-4.98335
-4.98335
-4.98335
-4.98335
-4.98335
-4.98335
-4.98335
-4.98335
-4.98335
-4.98335
-4.98335
-4.98335
-4.98335
-4.98335
-4.98335
-4.98335
-4.98335
-4.98335
-4.98335
-4.98335
-4.98335
-4.98335
-4.98335
-4.98335
-4.98335
-4.98335
-4.98335
-4.98335
-4.98335
-4.98335
-4.98335
-4.98335
-4.98335
-4.98335
-4.98335
-4.98335
-4.98335
-4.98335
-4.98335
-4.98335
-4.98335
-4.98335
-4.98335
-4.98335
-4.98335
-4.98335
-4.98335
-4.98335
-4.98335
-4.98335
-4.98335
-4.98335
-4.98335
-4.98335
-4.98335
-4.98335
-4.98335
-4.98335
-4.98335
-4.98335
-4.98335
-4.98335
-4.98335
-4.98335
-4.98335
-4.98335
-4.98335
-4.98335
-4.98335
-4.98335
-4.98335
-4.98335
-4.98335
-4.98335
-4.98335
-4.98335
-4.98335
-4.98335
-4.98335
-4.98335
-4.98335
-4.98335
-4.98335
-4.98335
-4.98335
-4.98335
-4.98335
-4.98335
-4.98335
-4.98335
-4.98335
-4.98335
-4.98335
-4.98335
-4.98335
-4.98335
-4.98335
-4.98335
-4.98335
-4.98335
-4.98335
-4.98335
-4.98335
-4.98335
-4.98335
-4.98335
-4.98335
-4.98335
-4.98335
-4.98335
-4.98335
-4.98335
-4.98335
-4.98335
-4.98335
-4.98335
-4.98335
-4.98335
-4.98335
-4.98335
-4.98335
-4.98335
-4.98335
-4.98335
-4.98335
-4.98335
-4.98335
-4.98335
-4.98335
-4.98335
-4.98335
-4.98335
-4.98335
-4.98335
-4.98335
-4.98335
-4.98335
-4.98335
-4.98335
-4.98335
-4.98335
-4.98335
-4.98335
-4.98335
-4.98335
-4.98335
-4.98335
-4.98335
-4.98335
-4.98335
-4.98335
-4.98335
-4.98335
-4.98335
-4.98335
-4.98335
-4.98335
-4.98335
-4.98335
-4.98335
-4.98335
-4.98335
-4.98335
-4.98335
-4.98335
-4.98335
-4.98335
-4.98335
-4.98335
-4.98335
-4.98335
-4.98335
-4.98335
-4.98335
-4.98335
-4.98335
-4.98335
-4.98335
-4.98335
-4.98335
-4.98335
-4.98335
-4.98335
-4.98335
-4.98335
-4.98335
-4.98335
-4.98335
-4.98335
-4.98335
-4.98335
-4.98335
-4.98335
-4.98335
-4.98335
-4.98335
-4.98335
-4.98335
-4.98335
-4.98335
-4.98335
-4.98335
-4.98335
-4.98335
-4.98335
-4.98335
-4.98335
-4.98335
-4.98335
-4.98335
-4.98335
-4.98335
-4.98335
-4.98335
-4.98335
-4.98335
-4.98335
-4.98335
-4.98335
-4.98335
-4.98335
-4.98335
-4.98335
-4.98335
-4.98335
-4.98335
-4.98335
-4.98335
-4.98335
-4.98335
-4.98335
-4.98335
-4.98335
-4.98335
-4.98335
-4.98335
-4.98335
-4.98335
-4.98335
-4.98335
-4.98335
-4.98335
-4.98335
-4.98335
-4.98335
-4.98335
-4.98335
-4.98335
-4.98335
-4.98335
-4.98335
-4.98335
-4.98335
-4.98335
-4.98335
-4.98335
-4.98335
-4.98335
-4.98335
-4.98335
-4.98335
-4.98335
-4.98335
-4.98335
-4.98335
-4.98335
-4.98335
-4.98335
-4.98335
-4.98335
-4.98335
-4.98335
-4.98335
-4.98335
-4.98335
-4.98335
-4.98335
-4.98335
-4.98335
-4.98335
-4.98335
-4.98335
-4.98335
-4.98335
-4.98335
-4.98335
-4.98335
-4.98335
-4.98335
-4.98335
-4.98335
-4.98335
-4.98335
-4.98335
-4.98335
-4.98335
-4.98335
-4.98335
-4.98335
-4.98335
-4.98335
-4.98335
-4.98335
-4.98335
-4.98335
-4.98335
-4.98335
-4.98335
-4.98335
-4.98335
-4.98335
-4.98335
-4.98335
-4.98335
-4.98335
-4.98335
-4.98335
-4.98335
-4.98335
-4.98335
-4.98335
-4.98335
-4.98335
-4.98335
-4.98335
-4.98335
-4.98335
-4.98335
-4.98335
-4.98335
-4.98335
-4.98335
-4.98335
-4.98335
-4.98335
-4.98335
-4.98335
-4.98335
-4.98335
-4.98335
-4.98335
-4.98335
-4.98335
-4.98335
-4.98335
-4.98335
-4.98335
-4.98335
-4.98335
-4.98335
-4.98335
-4.98335
-4.98335
-4.98335
-4.98335
-4.98335
-4.98335
-4.98335
-4.98335
-4.98335
-4.98335
-4.98335
-4.98335
-4.98335
-4.98335
-4.98335
-4.98335
-4.98335
-4.98335
-4.98335
-4.98335
-4.98335
-4.98335
-4.98335
-4.98335
-4.98335
-4.98335
-4.98335
-4.98335
-4.98335
-4.98335
-4.98335
-4.98335
-4.98335
-4.98335
-4.98335
-4.98335
-4.98335
-4.98335
-4.98335
-4.98335
-4.98335
-4.98335
-4.98335
-4.98335
-4.98335
-4.98335
-4.98335
-4.98335
-4.98335
-4.98335
-4.98335
-4.98335
-4.98335
-4.98335
-4.98335
-4.98335
-4.98335
-4.98335
-4.98335
-4.98335
-4.98335
-4.98335
-4.98335
-4.98335
-4.98335
-4.98335
-4.98335
-4.98335
-4.98335
-4.98335
-4.98335
-4.98335
-4.98335
-4.98335
-4.98335
-4.98335
-4.98335
-4.98335
-4.98335
-4.98335
-4.98335
-4.98335
-4.98335
-4.98335
-4.98335
-4.98335
-4.98335
-4.98335
-4.98335
-4.98335
-4.98335
-4.98335
-4.98335
-4.98335
-4.98335
-4.98335
-4.98335
-4.98335
-4.98335
-4.98335
-4.98335
-4.98335
-4.98335
-4.98335
-4.98335
-4.98335
-4.98335
-4.98335
-4.98335
-4.98335
-4.98335
-4.98335
-4.98335
-4.98335
-4.98335
-4.98335
-4.98335
-4.98335
-4.98335
-4.98335
-4.98335
-4.98335
-4.98335
-4.98335
-4.98335
-4.98335
-4.98335
-4.98335
-4.98335
-4.98335
-4.98335
-4.98335
-4.98335
-4.98335
-4.98335
-4.98335
-4.98335
-4.98335
-4.98335
-4.98335
-4.98335
-4.98335
-4.98335
-4.98335
-4.98335
-4.98335
-4.98335
-4.98335
-4.98335
-4.98335
-4.98335
-4.98335
-4.98335
-4.98335
-4.98335
-4.98335
-4.98335
-4.98335
-4.98335
-4.98335
-4.98335
-4.98335
-4.98335
-4.98335
-4.98335
-4.98335
-4.98335
-4.98335
-4.98335
-4.98335
-4.98335
-4.98335
-4.98335
-4.98335
-4.98335
-4.98335
-4.98335
-4.98335
-4.98335
-4.98335
-4.98335
-4.98335
-4.98335
-4.98335
-4.98335
-4.98335
-4.98335
-4.98335
-4.98335
-4.98335
-4.98335
-4.98335
-4.98335
-4.98335
-4.98335
-4.98335
-4.98335
-4.98335
-4.98335
-4.98335
-4.98335
-4.98335
-4.98335
-4.98335
-4.98335
-4.98335
-4.98335
-4.98335
-4.98335
-4.98335
-4.98335
-4.98335
-4.98335
-4.98335
-4.98335
-4.98335
-4.98335
-4.98335
-4.98335
-4.98335
-4.98335
-4.98335
-4.98335
-4.98335
-4.98335
-4.98335
-4.98335
-4.98335
-4.98335
-4.98335
-4.98335
-4.98335
-4.98335
-4.98335
-4.98335
-4.98335
-4.98335
-4.98335
-4.98335
-4.98335
-4.98335
-4.98335
-4.98335
-4.98335
-4.98335
-4.98335
-4.98335
-4.98335
-4.98335
-4.98335
-4.98335
-4.98335
-4.98335
-4.98335
-4.98335
-4.98335
-4.98335
-4.98335
-4.98335
-4.98335
-4.98335
-4.98335
-4.98335
-4.98335
-4.98335
-4.98335
-4.98335
-4.98335
-4.98335
-4.98335
-4.98335
-4.98335
-4.98335
-4.98335
-4.98335
-4.98335
-4.98335
-4.98335
-4.98335
-4.98335
-4.98335
-4.98335
-4.98335
-4.98335
-4.98335
-4.98335
-4.98335
-4.98335
-4.98335
-4.98335
-4.98335
-4.98335
-4.98335
-4.98335
-4.98335
-4.98335
-4.98335
-4.98335
-4.98335
-4.98335
-4.98335
-4.98335
-4.98335
-4.98335
-4.98335
-4.98335
-4.98335
-4.98335
-4.98335
-4.98335
-4.98335
-4.98335
-4.98335
-4.98335
-4.98335
-4.98335
-4.98335
-4.98335
-4.98335
-4.98335
-4.98335
-4.98335
-4.98335
-4.98335
-4.98335
-4.98335
-4.98335
-4.98335
-4.98335
-4.98335
-4.98335
-4.98335
-4.98335
-4.98335
-4.98335
-4.98335
-4.98335
-4.98335
-4.98335
-4.98335
-4.98335
-4.98335
-4.98335
-4.98335
-4.98335
-4.98335
-4.98335
-4.98335
-4.98335
-4.98335
-4.98335
-4.98335
-4.98335
-4.98335
-4.98335
-4.98335
-4.98335
-4.98335
-4.98335
-4.98335
-4.98335
-4.98335
-4.98335
-4.98335
-4.98335
-4.98335
-4.98335
-4.98335
-4.98335
-4.98335
-4.98335
-4.98335
-4.98335
-4.98335
-4.98335
-4.98335
-4.98335
-4.98335
-4.98335
-4.98335
-4.98335
-4.98335
-4.98335
-4.98335
-4.98335
-4.98335
-4.98335
-4.98335
-4.98335
-4.98335
-4.98335
-4.98335
-4.98335
-4.98335
-4.98335
-4.98335
-4.98335
-4.98335
-4.98335
-4.98335
-4.98335
-4.98335
-4.98335
-4.98335
-4.98335
-4.98335
-4.98335
-4.98335
-4.98335
-4.98335
-4.98335
-4.98335
-4.98335
-4.98335
-4.98335
-4.98335
-4.98335
-4.98335
-4.98335
-4.98335
-4.98335
-4.98335
-4.98335
-4.98335
-4.98335
-4.98335
-4.98335
-4.98335
-4.98335
-4.98335
-4.98335
-4.98335
-4.98335
-4.98335
-4.98335
-4.98335
-4.98335
-4.98335
-4.98335
-4.98335
-4.98335
-4.98335
-4.98335
-4.98335
-4.98335
-4.98335
-4.98335
-4.98335
-4.98335
-4.98335
-4.98335
-4.98335
-4.98335
-4.98335
-4.98335
-4.98335
-4.98335
-4.98335
-4.98335
-4.98335
-4.98335
-4.98335
-4.98335
-4.98335
-4.98335
-4.98335
-4.98335
-4.98335
-4.98335
-4.98335
-4.98335
-4.98335
-4.98335
-4.98335
-4.98335
-4.98335
-4.98335
-4.98335
-4.98335
-4.98335
-4.98335
-4.98335
-4.98335
-4.98335
-4.98335
-4.98335
-4.98335
-4.98335
-4.98335
-4.98335
-4.98335
-4.98335
-4.98335
-4.98335
-4.98335
-4.98335
-4.98335
-4.98335
-4.98335
-4.98335
-4.98335
-4.98335
-4.98335
-4.98335
-4.98335
-4.98335
-4.98335
-4.98335
-4.98335
-4.98335
-4.98335
-4.98335
-4.98335
-4.98335
-4.98335
-4.98335
-4.98335
-4.98335
-4.98335
-4.98335
-4.98335
-4.98335
-4.98335
-4.98335
-4.98335
-4.98335
-4.98335
-4.98335
-4.98335
-4.98335
-4.98335
-4.98335
-4.98335
-4.98335
-4.98335
-4.98335
-4.98335
-4.98335
-4.98335
-4.98335
-4.98335
-4.98335
-4.98335
-4.98335
-4.98335
-4.98335
-4.98335
-4.98335
-4.98335
-4.98335
-4.98335
-4.98335
-4.98335
-4.98335
-4.98335
-4.98335
-4.98335
-4.98335
-4.98335
-4.98335
-4.98335
-4.98335
-4.98335
-4.98335
-4.98335
-4.98335
-4.98335
-4.98335
-4.98335
-4.98335
-4.98335
-4.98335
-4.98335
-4.98335
-4.98335
-4.98335
-4.98335
-4.98335
-4.98335
-4.98335
-4.98335
-4.98335
-4.98335
-4.98335
-4.98335
-4.98335
-4.98335
-4.98335
-4.98335
-4.98335
-4.98335
-4.98335
-4.98335
-4.98335
-4.98335
-4.98335
-4.98335
-4.98335
-4.98335
-4.98335
-4.98335
-4.98335
-4.98335
-4.98335
-4.98335
-4.98335
-4.98335
-4.98335
-4.98335
-4.98335
-4.98335
-4.98335
-4.98335
-4.98335
-4.98335
-4.98335
-4.98335
-4.98335
-4.98335
-4.98335
-4.98335
-4.98335
-4.98335
-4.98335
-4.98335
-4.98335
-4.98335
-4.98335
-4.98335
-4.98335
-4.98335
-4.98335
-4.98335
-4.98335
-4.98335
-4.98335
-4.98335
-4.98335
-4.98335
-4.98335
-4.98335
-4.98335
-4.98335
-4.98335
-4.98335
-4.98335
-4.98335
-4.98335
-4.98335
-4.98335
-4.98335
-4.98335
-4.98335
-4.98335
-4.98335
-4.98335
-4.98335
-4.98335
-4.98335
-4.98335
-4.98335
-4.98335
-4.98335
-4.98335
-4.98335
-4.98335
-4.98335
-4.98335
-4.98335
-4.98335
-4.98335
-4.98335
-4.98335
-4.98335
-4.98335
-4.98335
-4.98335
-4.98335
-4.98335
-4.98335
-4.98335
-4.98335
-4.98335
-4.98335
-4.98335
-4.98335
-4.98335
-4.98335
-4.98335
-4.98335
-4.98335
-4.98335
-4.98335
-4.98335
-4.98335
-4.98335
-4.98335
-4.98335
-4.98335
-4.98335
-4.98335
-4.98335
-4.98335
-4.98335
-4.98335
-4.98335
-4.98335
-4.98335
-4.98335
-4.98335
-4.98335
-4.98335
-4.98335
-4.98335
-4.98335
-4.98335
-4.98335
-4.98335
-4.98335
-4.98335
-4.98335
-4.98335
-4.98335
-4.98335
-4.98335
-4.98335
-4.98335
-4.98335
-4.98335
-4.98335
-4.98335
-4.98335
-4.98335
-4.98335
-4.98335
-4.98335
-4.98335
-4.98335
-4.98335
-4.98335
-4.98335
-4.98335
-4.98335
-4.98335
-4.98335
-4.98335
-4.98335
-4.98335
-4.98335
-4.98335
-4.98335
-4.98335
-4.98335
-4.98335
-4.98335
-4.98335
-4.98335
-4.98335
-4.98335
-4.98335
-4.98335
-4.98335
-4.98335
-4.98335
-4.98335
-4.98335
-4.98335
-4.98335
-4.98335
-4.98335
-4.98335
-4.98335
-4.98335
-4.98335
-4.98335
-4.98335
-4.98335
-4.98335
-4.98335
-4.98335
-4.98335
-4.98335
-4.98335
-4.98335
-4.98335
-4.98335
-4.98335
-4.98335
-4.98335
-4.98335
-4.98335
-4.98335
-4.98335
-4.98335
-4.98335
-4.98335
-4.98335
-4.98335
-4.98335
-4.98335
-4.98335
-4.98335
-4.98335
-4.98335
-4.98335
-4.98335
-4.98335
-4.98335
-4.98335
-4.98335
-4.98335
-4.98335
-4.98335
-4.98335
-4.98335
-4.98335
-4.98335
-4.98335
-4.98335
-4.98335
-4.98335
-4.98335
-4.98335
-4.98335
-4.98335
-4.98335
-4.98335
-4.98335
-4.98335
-4.98335
-4.98335
-4.98335
-4.98335
-4.98335
-4.98335
-4.98335
-4.98335
-4.98335
-4.98335
-4.98335
-4.98335
-4.98335
-4.98335
-4.98335
-4.98335
-4.98335
-4.98335
-4.98335
-4.98335
-4.98335
-4.98335
-4.98335
-4.98335
-4.98335
-4.98335
-4.98335
-4.98335
-4.98335
-4.98335
-4.98335
-4.98335
-4.98335
-4.98335
-4.98335
-4.98335
-4.98335
-4.98335
-4.98335
-4.98335
-4.98335
-4.98335
-4.98335
-4.98335
-4.98335
-4.98335
-4.98335
-4.98335
-4.98335
-4.98335
-4.98335
-4.98335
-4.98335
-4.98335
-4.98335
-4.98335
-4.98335
-4.98335
-4.98335
-4.98335
-4.98335
-4.98335
-4.98335
-4.98335
-4.98335
-4.98335
-4.98335
-4.98335
-4.98335
-4.98335
-4.98335
-4.98335
-4.98335
-4.98335
-4.98335
-4.98335
-4.98335
-4.98335
-4.98335
-4.98335
-4.98335
-4.98335
-4.98335
-4.98335
-4.98335
-4.98335
-4.98335
-4.98335
-4.98335
-4.98335
-4.98335
-4.98335
-4.98335
-4.98335
-4.98335
-4.98335
-4.98335
-4.98335
-4.98335
-4.98335
-4.98335
-4.98335
-4.98335
-4.98335
-4.98335
-4.98335
-4.98335
-4.98335
-4.98335
-4.98335
-4.98335
-4.98335
-4.98335
-4.98335
-4.98335
-4.98335
-4.98335
-4.98335
-4.98335
-4.98335
-4.98335
-4.98335
-4.98335
-4.98335
-4.98335
-4.98335
-4.98335
-4.98335
-4.98335
-4.98335
-4.98335
-4.98335
-4.98335
-4.98335
-4.98335
-4.98335
-4.98335
-4.98335
-4.98335
-4.98335
-4.98335
-4.98335
-4.98335
-4.98335
-4.98335
-4.98335
-4.98335
-4.98335
-4.98335
-4.98335
-4.98335
-4.98335
-4.98335
-4.98335
-4.98335
-4.98335
-4.98335
-4.98335
-4.98335
-4.98335
-4.98335
-4.98335
-4.98335
-4.98335
-4.98335
-4.98335
-4.98335
-4.98335
-4.98335
-4.98335
-4.98335
-4.98335
-4.98335
-4.98335
-4.98335
-4.98335
-4.98335
-4.98335
-4.98335
-4.98335
-4.98335
-4.98335
-4.98335
-4.98335
-4.98335
-4.98335
-4.98335
-4.98335
-4.98335
-4.98335
-4.98335
-4.98335
-4.98335
-4.98335
-4.98335
-4.98335
-4.98335
-4.98335
-4.98335
-4.98335
-4.98335
-4.98335
-4.98335
-4.98335
-4.98335
-4.98335
-4.98335
-4.98335
-4.98335
-4.98335
-4.98335
-4.98335
-4.98335
-4.98335
-4.98335
-4.98335
-4.98335
-4.98335
-4.98335
-4.98335
-4.98335
-4.98335
-4.98335
-4.98335
-4.98335
-4.98335
-4.98335
-4.98335
-4.98335
-4.98335
-4.98335
-4.98335
-4.98335
-4.98335
-4.98335
-4.98335
-4.98335
-4.98335
-4.98335
-4.98335
-4.98335
-4.98335
-4.98335
-4.98335
-4.98335
-4.98335
-4.98335
-4.98335
-4.98335
-4.98335
-4.98335
-4.98335
-4.98335
-4.98335
-4.98335
-4.98335
-4.98335
-4.98335
-4.98335
-4.98335
-4.98335
-4.98335
-4.98335
-4.98335
-4.98335
-4.98335
-4.98335
-4.98335
-4.98335
-4.98335
-4.98335
-4.98335
-4.98335
-4.98335
-4.98335
-4.98335
-4.98335
-4.98335
-4.98335
-4.98335
-4.98335
-4.98335
-4.98335
-4.98335
-4.98335
-4.98335
-4.98335
-4.98335
-4.98335
-4.98335
-4.98335
-4.98335
-4.98335
-4.98335
-4.98335
-4.98335
-4.98335
-4.98335
-4.98335
-4.98335
-4.98335
-4.98335
-4.98335
-4.98335
-4.98335
-4.98335
-4.98335
-4.98335
-4.98335
-4.98335
-4.98335
-4.98335
-4.98335
-4.98335
-4.98335
-4.98335
-4.98335
-4.98335
-4.98335
-4.98335
-4.98335
-4.98335
-4.98335
-4.98335
-4.98335
-4.98335
-4.98335
-4.98335
-4.98335
-4.98335
-4.98335
-4.98335
-4.98335
-4.98335
-4.98335
-4.98335
-4.98335
-4.98335
-4.98335
-4.98335
-4.98335
-4.98335
-4.98335
-4.98335
-4.98335
-4.98335
-4.98335
-4.98335
-4.98335
-4.98335
-4.98335
-4.98335
-4.98335
-4.98335
-4.98335
-4.98335
-4.98335
-4.98335
-4.98335
-4.98335
-4.98335
-4.98335
-4.98335
-4.98335
-4.98335
-4.98335
-4.98335
-4.98335
-4.98335
-4.98335
-4.98335
-4.98335
-4.98335
-4.98335
-4.98335
-4.98335
-4.98335
-4.98335
-4.98335
-4.98335
-4.98335
-4.98335
-4.98335
-4.98335
-4.98335
-4.98335
-4.98335
-4.98335
-4.98335
-4.98335
-4.98335
-4.98335
-4.98335
-4.98335
-4.98335
-4.98335
-4.98335
-4.98335
-4.98335
-4.98335
-4.98335
-4.98335
-4.98335
-4.98335
-4.98335
-4.98335
-4.98335
-4.98335
-4.98335
-4.98335
-4.98335
-4.98335
-4.98335
-4.98335
-4.98335
-4.98335
-4.98335
-4.98335
-4.98335
-4.98335
-4.98335
-4.98335
-4.98335
-4.98335
-4.98335
-4.98335
-4.98335
-4.98335
-4.98335
-4.98335
-4.98335
-4.98335
-4.98335
-4.98335
-4.98335
-4.98335
-4.98335
-4.98335
-4.98335
-4.98335
-4.98335
-4.98335
-4.98335
-4.98335
-4.98335
-4.98335
-4.98335
-4.98335
-4.98335
-4.98335
-4.98335
-4.98335
-4.98335
-4.98335
-4.98335
-4.98335
-4.98335
-4.98335
-4.98335
-4.98335
-4.98335
-4.98335
-4.98335
-4.98335
-4.98335
-4.98335
-4.98335
-4.98335
-4.98335
-4.98335
-4.98335
-4.98335
-4.98335
-4.98335
-4.98335
-4.98335
-4.98335
-4.98335
-4.98335
-4.98335
-4.98335
-4.98335
-4.98335
-4.98335
-4.98335
-4.98335
-4.98335
-4.98335
-4.98335
-4.98335
-4.98335
-4.98335
-4.98335
-4.98335
-4.98335
-4.98335
-4.98335
-4.98335
-4.98335
-4.98335
-4.98335
-4.98335
-4.98335
-4.98335
-4.98335
-4.98335
-4.98335
-4.98335
-4.98335
-4.98335
-4.98335
-4.98335
-4.98335
-4.98335
-4.98335
-4.98335
-4.98335
-4.98335
-4.98335
-4.98335
-4.98335
-4.98335
-4.98335
-4.98335
-4.98335
-4.98335
-4.98335
-4.98335
-4.98335
-4.98335
-4.98335
-4.98335
-4.98335
-4.98335
-4.98335
-4.98335
-4.98335
-4.98335
-4.98335
-4.98335
-4.98335
-4.98335
-4.98335
-4.98335
-4.98335
-4.98335
-4.98335
-4.98335
-4.98335
-4.98335
-4.98335
-4.98335
-4.98335
-4.98335
-4.98335
-4.98335
-4.98335
-4.98335
-4.98335
-4.98335
-4.98335
-4.98335
-4.98335
-4.98335
-4.98335
-4.98335
-4.98335
-4.98335
-4.98335
-4.98335
-4.98335
-4.98335
-4.98335
-4.98335
-4.98335
-4.98335
-4.98335
-4.98335
-4.98335
-4.98335
-4.98335
-4.98335
-4.98335
-4.98335
-4.98335
-4.98335
-4.98335
-4.98335
-4.98335
-4.98335
-4.98335
-4.98335
-4.98335
-4.98335
-4.98335
-4.98335
-4.98335
-4.98335
-4.98335
-4.98335
-4.98335
-4.98335
-4.98335
-4.98335
-4.98335
-4.98335
-4.98335
-4.98335
-4.98335
-4.98335
-4.98335
-4.98335
-4.98335
-4.98335
-4.98335
-4.98335
-4.98335
-4.98335
-4.98335
-4.98335
-4.98335
-4.98335
-4.98335
-4.98335
-4.98335
-4.98335
-4.98335
-4.98335
-4.98335
-4.98335
-4.98335
-4.98335
-4.98335
-4.98335
-4.98335
-4.98335
-4.98335
-4.98335
-4.98335
-4.98335
-4.98335
-4.98335
-4.98335
-4.98335
-4.98335
-4.98335
-4.98335
-4.98335
-4.98335
-4.98335
-4.98335
-4.98335
-4.98335
-4.98335
-4.98335
-4.98335
-4.98335
-4.98335
-4.98335
-4.98335
-4.98335
-4.98335
-4.98335
-4.98335
-4.98335
-4.98335
-4.98335
-4.98335
-4.98335
-4.98335
-4.98335
-4.98335
-4.98335
-4.98335
-4.98335
-4.98335
-4.98335
-4.98335
-4.98335
-4.98335
-4.98335
-4.98335
-4.98335
-4.98335
-4.98335
-4.98335
-4.98335
-4.98335
-4.98335
-4.98335
-4.98335
-4.98335
-4.98335
-4.98335
-4.98335
-4.98335
-4.98335
-4.98335
-4.98335
-4.98335
-4.98335
-4.98335
-4.98335
-4.98335
-4.98335
-4.98335
-4.98335
-4.98335
-4.98335
-4.98335
-4.98335
-4.98335
-4.98335
-4.98335
-4.98335
-4.98335
-4.98335
-4.98335
-4.98335
-4.98335
-4.98335
-4.98335
-4.98335
-4.98335
-4.98335
-4.98335
-4.98335
-4.98335
-4.98335
-4.98335
-4.98335
-4.98335
-4.98335
-4.98335
-4.98335
-4.98335
-4.98335
-4.98335
-4.98335
-4.98335
-4.98335
-4.98335
-4.98335
-4.98335
-4.98335
-4.98335
-4.98335
-4.98335
-4.98335
-4.98335
-4.98335
-4.98335
-4.98335
-4.98335
-4.98335
-4.98335
-4.98335
-4.98335
-4.98335
-4.98335
-4.98335
-4.98335
-4.98335
-4.98335
-4.98335
-4.98335
-4.98335
-4.98335
-4.98335
-4.98335
-4.98335
-4.98335
-4.98335
-4.98335
-4.98335
-4.98335
-4.98335
-4.98335
-4.98335
-4.98335
-4.98335
-4.98335
-4.98335
-4.98335
-4.98335
-4.98335
-4.98335
-4.98335
-4.98335
-4.98335
-4.98335
-4.98335
-4.98335
-4.98335
-4.98335
-4.98335
-4.98335
-4.98335
-4.98335
-4.98335
-4.98335
-4.98335
-4.98335
-4.98335
-4.98335
-4.98335
-4.98335
-4.98335
-4.98335
-4.98335
-4.98335
-4.98335
-4.98335
-4.98335
-4.98335
-4.98335
-4.98335
-4.98335
-4.98335
-4.98335
-4.98335
-4.98335
-4.98335
-4.98335
-4.98335
-4.98335
-4.98335
-4.98335
-4.98335
-4.98335
-4.98335
-4.98335
-4.98335
-4.98335
-4.98335
-4.98335
-4.98335
-4.98335
-4.98335
-4.98335
-4.98335
-4.98335
-4.98335
-4.98335
-4.98335
-4.98335
-4.98335
-4.98335
-4.98335
-4.98335
-4.98335
-4.98335
-4.98335
-4.98335
-4.98335
-4.98335
-4.98335
-4.98335
-4.98335
-4.98335
-4.98335
-4.98335
-4.98335
-4.98335
-4.98335
-4.98335
-4.98335
-4.98335
-4.98335
-4.98335
-4.98335
-4.98335
-4.98335
-4.98335
-4.98335
-4.98335
-4.98335
-4.98335
-4.98335
-4.98335
-4.98335
-4.98335
-4.98335
-4.98335
-4.98335
-4.98335
-4.98335
-4.98335
-4.98335
-4.98335
-4.98335
-4.98335
-4.98335
-4.98335
-4.98335
-4.98335
-4.98335
-4.98335
-4.98335
-4.98335
-4.98335
-4.98335
-4.98335
-4.98335
-4.98335
-4.98335
-4.98335
-4.98335
-4.98335
-4.98335
-4.98335
-4.98335
-4.98335
-4.98335
-4.98335
-4.98335
-4.98335
-4.98335
-4.98335
-4.98335
-4.98335
-4.98335
-4.98335
-4.98335
-4.98335
-4.98335
-4.98335
-4.98335
-4.98335
-4.98335
-4.98335
-4.98335
-4.98335
-4.98335
-4.98335
-4.98335
-4.98335
-4.98335
-4.98335
-4.98335
-4.98335
-4.98335
-4.98335
-4.98335
-4.98335
-4.98335
-4.98335
-4.98335
-4.98335
-4.98335
-4.98335
-4.98335
-4.98335
-4.98335
-4.98335
-4.98335
-4.98335
-4.98335
-4.98335
-4.98335
-4.98335
-4.98335
-4.98335
-4.98335
-4.98335
-4.98335
-4.98335
-4.98335
-4.98335
-4.98335
-4.98335
-4.98335
-4.98335
-4.98335
-4.98335
-4.98335
-4.98335
-4.98335
-4.98335
-4.98335
-4.98335
-4.98335
-4.98335
-4.98335
-4.98335
-4.98335
-4.98335
-4.98335
-4.98335
-4.98335
-4.98335
-4.98335
-4.98335
-4.98335
-4.98335
-4.98335
-4.98335
-4.98335
-4.98335
-4.98335
-4.98335
-4.98335
-4.98335
-4.98335
-4.98335
-4.98335
-4.98335
-4.98335
-4.98335
-4.98335
-4.98335
-4.98335
-4.98335
-4.98335
-4.98335
-4.98335
-4.98335
-4.98335
-4.98335
-4.98335
-4.98335
-4.98335
-4.98335
-4.98335
-4.98335
-4.98335
-4.98335
-4.98335
-4.98335
-4.98335
-4.98335
-4.98335
-4.98335
-4.98335
-4.98335
-4.98335
-4.98335
-4.98335
-4.98335
-4.98335
-4.98335
-4.98335
-4.98335
-4.98335
-4.98335
-4.98335
-4.98335
-4.98335
-4.98335
-4.98335
-4.98335
-4.98335
-4.98335
-4.98335
-4.98335
-4.98335
-4.98335
-4.98335
-4.98335
-4.98335
-4.98335
-4.98335
-4.98335
-4.98335
-4.98335
-4.98335
-4.98335
-4.98335
-4.98335
-4.98335
-4.98335
-4.98335
-4.98335
-4.98335
-4.98335
-4.98335
-4.98335
-4.98335
-4.98335
-4.98335
-4.98335
-4.98335
-4.98335
-4.98335
-4.98335
-4.98335
-4.98335
-4.98335
-4.98335
-4.98335
-4.98335
-4.98335
-4.98335
-4.98335
-4.98335
-4.98335
-4.98335
-4.98335
-4.98335
-4.98335
-4.98335
-4.98335
-4.98335
-4.98335
-4.98335
-4.98335
-4.98335
-4.98335
-4.98335
-4.98335
-4.98335
-4.98335
-4.98335
-4.98335
-4.98335
-4.98335
-4.98335
-4.98335
-4.98335
-4.98335
-4.98335
-4.98335
-4.98335
-4.98335
-4.98335
-4.98335
-4.98335
-4.98335
-4.98335
-4.98335
-4.98335
-4.98335
-4.98335
-4.98335
-4.98335
-4.98335
-4.98335
-4.98335
-4.98335
-4.98335
-4.98335
-4.98335
-4.98335
-4.98335
-4.98335
-4.98335
-4.98335
-4.98335
-4.98335
-4.98335
-4.98335
-4.98335
-4.98335
-4.98335
-4.98335
-4.98335
-4.98335
-4.98335
-4.98335
-4.98335
-4.98335
-4.98335
-4.98335
-4.98335
-4.98335
-4.98335
-4.98335
-4.98335
-4.98335
-4.98335
-4.98335
-4.98335
-4.98335
-4.98335
-4.98335
-4.98335
-4.98335
-4.98335
-4.98335
-4.98335
-4.98335
-4.98335
-4.98335
-4.98335
-4.98335
-4.98335
-4.98335
-4.98335
-4.98335
-4.98335
-4.98335
-4.98335
-4.98335
-4.98335
-4.98335
-4.98335
-4.98335
-4.98335
-4.98335
-4.98335
-4.98335
-4.98335
-4.98335
-4.98335
-4.98335
-4.98335
-4.98335
-4.98335
-4.98335
-4.98335
-4.98335
-4.98335
-4.98335
-4.98335
-4.98335
-4.98335
-4.98335
-4.98335
-4.98335
-4.98335
-4.98335
-4.98335
-4.98335
-4.98335
-4.98335
-4.98335
-4.98335
-4.98335
-4.98335
-4.98335
-4.98335
-4.98335
-4.98335
-4.98335
-4.98335
-4.98335
-4.98335
-4.98335
-4.98335
-4.98335
-4.98335
-4.98335
-4.98335
-4.98335
-4.98335
-4.98335
-4.98335
-4.98335
-4.98335
-4.98335
-4.98335
-4.98335
-4.98335
-4.98335
-4.98335
-4.98335
-4.98335
-4.98335
-4.98335
-4.98335
-4.98335
-4.98335
-4.98335
-4.98335
-4.98335
-4.98335
-4.98335
-4.98335
-4.98335
-4.98335
-4.98335
-4.98335
-4.98335
-4.98335
-4.98335
-4.98335
-4.98335
-4.98335
-4.98335
-4.98335
-4.98335
-4.98335
-4.98335
-4.98335
-4.98335
-4.98335
-4.98335
-4.98335
-4.98335
-4.98335
-4.98335
-4.98335
-4.98335
-4.98335
-4.98335
-4.98335
-4.98335
-4.98335
-4.98335
-4.98335
-4.98335
-4.98335
-4.98335
-4.98335
-4.98335
-4.98335
-4.98335
-4.98335
-4.98335
-4.98335
-4.98335
-4.98335
-4.98335
-4.98335
-4.98335
-4.98335
-4.98335
-4.98335
-4.98335
-4.98335
-4.98335
-4.98335
-4.98335
-4.98335
-4.98335
-4.98335
-4.98335
-4.98335
-4.98335
-4.98335
-4.98335
-4.98335
-4.98335
-4.98335
-4.98335
-4.98335
-4.98335
-4.98335
-4.98335
-4.98335
-4.98335
-4.98335
-4.98335
-4.98335
-4.98335
-4.98335
-4.98335
-4.98335
-4.98335
-4.98335
-4.98335
-4.98335
-4.98335
-4.98335
-4.98335
-4.98335
-4.98335
-4.98335
-4.98335
-4.98335
-4.98335
-4.98335
-4.98335
-4.98335
-4.98335
-4.98335
-4.98335
-4.98335
-4.98335
-4.98335
-4.98335
-4.98335
-4.98335
-4.98335
-4.98335
-4.98335
-4.98335
-4.98335
-4.98335
-4.98335
-4.98335
-4.98335
-4.98335
-4.98335
-4.98335
-4.98335
-4.98335
-4.98335
-4.98335
-4.98335
-4.98335
-4.98335
-4.98335
-4.98335
-4.98335
-4.98335
-4.98335
-4.98335
-4.98335
-4.98335
-4.98335
-4.98335
-4.98335
-4.98335
-4.98335
-4.98335
-4.98335
-4.98335
-4.98335
-4.98335
-4.98335
-4.98335
-4.98335
-4.98335
-4.98335
-4.98335
-4.98335
-4.98335
-4.98335
-4.98335
-4.98335
-4.98335
-4.98335
-4.98335
-4.98335
-4.98335
-4.98335
-4.98335
-4.98335
-4.98335
-4.98335
-4.98335
-4.98335
-4.98335
-4.98335
-4.98335
-4.98335
-4.98335
-4.98335
-4.98335
-4.98335
-4.98335
-4.98335
-4.98335
-4.98335
-4.98335
-4.98335
-4.98335
-4.98335
-4.98335
-4.98335
-4.98335
-4.98335
-4.98335
-4.98335
-4.98335
-4.98335
-4.98335
-4.98335
-4.98335
-4.98335
-4.98335
-4.98335
-4.98335
-4.98335
-4.98335
-4.98335
-4.98335
-4.98335
-4.98335
-4.98335
-4.98335
-4.98335
-4.98335
-4.98335
-4.98335
-4.98335
-4.98335
-4.98335
-4.98335
-4.98335
-4.98335
-4.98335
-4.98335
-4.98335
-4.98335
-4.98335
-4.98335
-4.98335
-4.98335
-4.98335
-4.98335
-4.98335
-4.98335
-4.98335
-4.98335
-4.98335
-4.98335
-4.98335
-4.98335
-4.98335
-4.98335
-4.98335
-4.98335
-4.98335
-4.98335
-4.98335
-4.98335
-4.98335
-4.98335
-4.98335
-4.98335
-4.98335
-4.98335
-4.98335
-4.98335
-4.98335
-4.98335
-4.98335
-4.98335
-4.98335
-4.98335
-4.98335
-4.98335
-4.98335
-4.98335
-4.98335
-4.98335
-4.98335
-4.98335
-4.98335
-4.98335
-4.98335
-4.98335
-4.98335
-4.98335
-4.98335
-4.98335
-4.98335
-4.98335
-4.98335
-4.98335
-4.98335
-4.98335
-4.98335
-4.98335
-4.98335
-4.98335
-4.98335
-4.98335
-4.98335
-4.98335
-4.98335
-4.98335
-4.98335
-4.98335
-4.98335
-4.98335
-4.98335
-4.98335
-4.98335
-4.98335
-4.98335
-4.98335
-4.98335
-4.98335
-4.98335
-4.98335
-4.98335
-4.98335
-4.98335
-4.98335
-4.98335
-4.98335
-4.98335
-4.98335
-4.98335
-4.98335
-4.98335
-4.98335
-4.98335
-4.98335
-4.98335
-4.98335
-4.98335
-4.98335
-4.98335
-4.98335
-4.98335
-4.98335
-4.98335
-4.98335
-4.98335
-4.98335
-4.98335
-4.98335
-4.98335
-4.98335
-4.98335
-4.98335
-4.98335
-4.98335
-4.98335
-4.98335
-4.98335
-4.98335
-4.98335
-4.98335
-4.98335
-4.98335
-4.98335
-4.98335
-4.98335
-4.98335
-4.98335
-4.98335
-4.98335
-4.98335
-4.98335
-4.98335
-4.98335
-4.98335
-4.98335
-4.98335
-4.98335
-4.98335
-4.98335
-4.98335
-4.98335
-4.98335
-4.98335
-4.98335
-4.98335
-4.98335
-4.98335
-4.98335
-4.98335
-4.98335
-4.98335
-4.98335
-4.98335
-4.98335
-4.98335
-4.98335
-4.98335
-4.98335
-4.98335
-4.98335
-4.98335
-4.98335
-4.98335
-4.98335
-4.98335
-4.98335
-4.98335
-4.98335
-4.98335
-4.98335
-4.98335
-4.98335
-4.98335
-4.98335
-4.98335
-4.98335
-4.98335
-4.98335
-4.98335
-4.98335
-4.98335
-4.98167
-4.98167
-4.98167
-4.98167
-4.98167
-4.98167
-4.98167
-4.98167
-4.98167
-4.98167
-4.98167
-4.98167
-4.98167
-4.98167
-4.98167
-4.98167
-4.98167
-4.98167
-4.98167
-4.98167
-4.98167
-4.98167
-4.98167
-4.98167
-4.98167
-4.98167
-4.98167
-4.98167
-4.98167
-4.98167
-4.98167
-4.98167
-4.98167
-4.98167
-4.98167
-4.98167
-4.98167
-4.98167
-4.98167
-4.98167
-4.98167
-4.98167
-4.98167
-4.98167
-4.98167
-4.98167
-4.98167
-4.98167
-4.98167
-4.98167
-4.98167
-4.98167
-4.98167
-4.98167
-4.98167
-4.98167
-4.98167
-4.98167
-4.98167
-4.98167
-4.98167
-4.98167
-4.98167
-4.98167
-4.98167
-4.98167
-4.98167
-4.98167
-4.98167
-4.98167
-4.98167
-4.98167
-4.98167
-4.98167
-4.98167
-4.98167
-4.98167
-4.98167
-4.98167
-4.98167
-4.98167
-4.98167
-4.98167
-4.98167
-4.98167
-4.98167
-4.98167
-4.98167
-4.98167
-4.98167
-4.98167
-4.98167
-4.98167
-4.98167
-4.98167
-4.98167
-4.98167
-4.98167
-4.98167
-4.98167
-4.98167
-4.98167
-4.98167
-4.98167
-4.98167
-4.98167
-4.98167
-4.98167
-4.98167
-4.98167
-4.98167
-4.98167
-4.98167
-4.98167
-4.98167
-4.98167
-4.98167
-4.98167
-4.98167
-4.98167
-4.98167
-4.98167
-4.98167
-4.98167
-4.98167
-4.98167
-4.98167
-4.98167
-4.98167
-4.98167
-4.98167
-4.98167
-4.98167
-4.98167
-4.98167
-4.98167
-4.98167
-4.98167
-4.98167
-4.98167
-4.98167
-4.98167
-4.98167
-4.98167
-4.98167
-4.98167
-4.98167
-4.98167
-4.98167
-4.98167
-4.98167
-4.98167
-4.98167
-4.98167
-4.98167
-4.98167
-4.98167
-4.98167
-4.98167
-4.98167
-4.98167
-4.98167
-4.98167
-4.98167
-4.98167
-4.98167
-4.98167
-4.98167
-4.98167
-4.98167
-4.98167
-4.98167
-4.98167
-4.98167
-4.98167
-4.98167
-4.98167
-4.98167
-4.98167
-4.98167
-4.98167
-4.98167
-4.98167
-4.98167
-4.98167
-4.98167
-4.98167
-4.98167
-4.98167
-4.98167
-4.98167
-4.98167
-4.98167
-4.98167
-4.98167
-4.98167
-4.98167
-4.98167
-4.98167
-4.98167
-4.98167
-4.98167
-4.98167
-4.98167
-4.98167
-4.98167
-4.98167
-4.98167
-4.98167
-4.98167
-4.98167
-4.98167
-4.98167
-4.98167
-4.98167
-4.98167
-4.98167
-4.98167
-4.98167
-4.98167
-4.98167
-4.98167
-4.98167
-4.98167
-4.98167
-4.98167
-4.98167
-4.98167
-4.98167
-4.98167
-4.98167
-4.98167
-4.98167
-4.98167
-4.98167
-4.98167
-4.98167
-4.98167
-4.98167
-4.98167
-4.98167
-4.98167
-4.98167
-4.98167
-4.98167
-4.98167
-4.98167
-4.98167
-4.98167
-4.98167
-4.98167
-4.98167
-4.98167
-4.98167
-4.98167
-4.98167
-4.98167
-4.98167
-4.98167
-4.98167
-4.98167
-4.98167
-4.98167
-4.98167
-4.98167
-4.98167
-4.98167
-4.98167
-4.98167
-4.98167
-4.98167
-4.98167
-4.98167
-4.98167
-4.98167
-4.98167
-4.98167
-4.98167
-4.98167
-4.98167
-4.98167
-4.98167
-4.98167
-4.98167
-4.98167
-4.98167
-4.98167
-4.98167
-4.98167
-4.98167
-4.98167
-4.98167
-4.98167
-4.98167
-4.98167
-4.98167
-4.98167
-4.98167
-4.98167
-4.98167
-4.98167
-4.98167
-4.98167
-4.98167
-4.98167
-4.98167
-4.98167
-4.98167
-4.98167
-4.98167
-4.98167
-4.98167
-4.98167
-4.98167
-4.98167
-4.98167
-4.98167
-4.98167
-4.98167
-4.98167
-4.98167
-4.98167
-4.98167
-4.98167
-4.98167
-4.98167
-4.98167
-4.98167
-4.98167
-4.98167
-4.98167
-4.98167
-4.98167
-4.98167
-4.98167
-4.98167
-4.98167
-4.98167
-4.98167
-4.98167
-4.98167
-4.98167
-4.98167
-4.98167
-4.98167
-4.98167
-4.98167
-4.98167
-4.98167
-4.98167
-4.98167
-4.98167
-4.98167
-4.98167
-4.98167
-4.98167
-4.98167
-4.98167
-4.98167
-4.98167
-4.98167
-4.98167
-4.98167
-4.98167
-4.98167
-4.98167
-4.98167
-4.98167
-4.98167
-4.98167
-4.98167
-4.98167
-4.98167
-4.98167
-4.98167
-4.98167
-4.98167
-4.98167
-4.98167
-4.98167
-4.98167
-4.98167
-4.98167
-4.98167
-4.98167
-4.98167
-4.98167
-4.98167
-4.98167
-4.98167
-4.98167
-4.98167
-4.98167
-4.98167
-4.98167
-4.98167
-4.98167
-4.98167
-4.98167
-4.98167
-4.98167
-4.98167
-4.98167
-4.98167
-4.98167
-4.98167
-4.98167
-4.98167
-4.98167
-4.98167
-4.98167
-4.98167
-4.98167
-4.98167
-4.98167
-4.98167
-4.98167
-4.98167
-4.98167
-4.98167
-4.98167
-4.98167
-4.98167
-4.98167
-4.98167
-4.98167
-4.98167
-4.98167
-4.98167
-4.98167
-4.98167
-4.98167
-4.98167
-4.98167
-4.98167
-4.98167
-4.98167
-4.98167
-4.98167
-4.98167
-4.98167
-4.98167
-4.98167
-4.98167
-4.98167
-4.98167
-4.98167
-4.98167
-4.98167
-4.98167
-4.98167
-4.98167
-4.98167
-4.98167
-4.98167
-4.98167
-4.98167
-4.98167
-4.98167
-4.98167
-4.98167
-4.98167
-4.98167
-4.98167
-4.98167
-4.98167
-4.98167
-4.98167
-4.98167
-4.98167
-4.98167
-4.98167
-4.98167
-4.98167
-4.98167
-4.98167
-4.98167
-4.98167
-4.98167
-4.98167
-4.98167
-4.98167
-4.98167
-4.98167
-4.98167
-4.98167
-4.98167
-4.98167
-4.98167
-4.98167
-4.98167
-4.98167
-4.98167
-4.98167
-4.98167
-4.98167
-4.98167
-4.98167
-4.98167
-4.98167
-4.98167
-4.98167
-4.98167
-4.98167
-4.98167
-4.98167
-4.98167
-4.98167
-4.98167
-4.98167
-4.98167
-4.98167
-4.98167
-4.98167
-4.98167
-4.98167
-4.98167
-4.98167
-4.98167
-4.98167
-4.98167
-4.98167
-4.98167
-4.98167
-4.98167
-4.98167
-4.98167
-4.98167
-4.98167
-4.98167
-4.98167
-4.98167
-4.98167
-4.98167
-4.98167
-4.98167
-4.98167
-4.98167
0.24754
0.248434
0.248193
0.247952
0.247722
0.247497
0.247273
0.247017
0.246804
0.246562
0.246322
0.246088
0.245848
0.245628
0.245397
0.245151
0.244926
0.244655
0.244413
0.244175
0.24365
0.243421
0.24312
0.242864
0.242661
0.242419
0.242117
0.241887
0.241648
0.241434
0.241148
0.240934
0.240684
0.240395
0.240199
0.239981
0.239738
0.239447
0.239236
0.239
0.2388
0.238548
0.238325
0.238073
0.237855
0.237648
0.237418
0.237199
0.236971
0.236779
0.236506
0.236278
0.236086
0.235843
0.235592
0.235041
0.234812
0.234603
0.234357
0.234184
0.233924
0.233713
0.233461
0.233222
0.232835
0.232592
0.232377
0.231032
0.230817
0.230619
0.230403
0.230156
0.229959
0.229725
0.22951
0.229295
0.22909
0.228859
0.228655
0.228418
0.228197
0.228001
0.227768
0.227529
0.227331
0.227114
0.226902
0.226691
0.226464
0.226245
0.226029
0.225831
0.225626
0.225408
0.225192
0.224993
0.224822
0.224599
0.224386
0.224196
0.223975
0.223011
0.222811
0.222615
0.222412
0.222208
0.222007
0.221801
0.22157
0.221374
0.221183
0.220985
0.220786
0.220578
0.220391
0.220197
0.214875
0.214648
0.21445
0.21424
0.214038
0.213822
0.213608
0.21338
0.213179
0.212975
0.212768
0.212552
0.212353
0.212137
0.211932
0.211716
0.211507
0.211303
0.211104
0.210891
0.210694
0.210504
0.210293
0.210086
0.209878
0.209673
0.209467
0.209253
0.209045
0.208835
0.208629
0.208436
0.208237
0.208026
0.207796
0.207596
0.207385
0.207173
0.206983
0.206597
0.2064
0.206208
0.20602
0.205823
0.205631
0.205439
0.205249
0.205046
0.204863
0.204663
0.204465
0.204275
0.204088
0.203887
0.203695
0.2035
0.203309
0.203099
0.202902
0.202713
0.20252
0.202328
0.202138
0.201926
0.201729
0.201542
0.201337
0.201137
0.200948
0.200756
0.20057
0.200371
0.200193
0.20002
0.199831
0.199635
0.199434
0.199243
0.199051
0.198851
0.198668
0.198463
0.198287
0.198085
0.19788
0.197692
0.197494
0.197331
0.197134
0.196938
0.196744
0.196543
0.196346
0.196151
0.195966
0.19577
0.195583
0.195324
0.195138
0.194945
0.194771
0.194585
0.194392
0.194211
0.194038
0.193848
0.193672
0.193483
0.19331
0.193119
0.192954
0.192755
0.192574
0.192399
0.192203
0.192026
0.191846
0.191656
0.191473
0.191298
0.191108
0.190936
0.190734
0.190557
0.190379
0.1902
0.190003
0.189829
0.18967
0.189483
0.189286
0.189106
0.188918
0.188743
0.188577
0.18838
0.18821
0.18801
0.18783
0.18765
0.187465
0.187288
0.187103
0.186931
0.186734
0.186552
0.186366
0.186182
0.185998
0.18582
0.185644
0.185448
0.185274
0.185095
0.184916
0.184709
0.18454
0.184363
0.184175
0.184007
0.183822
0.183654
0.183476
0.183293
0.183125
0.182948
0.182761
0.1826
0.18243
0.182257
0.182083
0.181893
0.181719
0.181535
0.181387
0.181196
0.181015
0.180847
0.180671
0.180504
0.180326
0.180146
0.179981
0.179809
0.179624
0.17946
0.179285
0.179097
0.178928
0.178715
0.178553
0.178377
0.178241
0.178075
0.177908
0.177726
0.177557
0.17738
0.177226
0.177045
0.176867
0.176701
0.176514
0.176345
0.17617
0.175993
0.175841
0.175667
0.175511
0.17534
0.175103
0.174924
0.174735
0.174557
0.174391
0.174222
0.174055
0.17389
0.173746
0.173571
0.173404
0.173238
0.173063
0.172901
0.17277
0.172605
0.172442
0.172264
0.172103
0.171922
0.171751
0.171585
0.171419
0.171252
0.17108
0.170899
0.170735
0.170572
0.170403
0.170236
0.170058
0.169901
0.169738
0.169572
0.169406
0.16924
0.169063
0.168894
0.168724
0.168551
0.168383
0.168203
0.16803
0.167867
0.167696
0.16753
0.167376
0.167202
0.167046
0.1669
0.166744
0.166567
0.166402
0.166225
0.166038
0.165879
0.165658
0.165506
0.165341
0.165176
0.164999
0.164839
0.164678
0.164518
0.164347
0.164201
0.164039
0.163867
0.163707
0.163539
0.163375
0.163221
0.163065
0.1629
0.16274
0.162582
0.16242
0.162244
0.162088
0.161925
0.161754
0.161593
0.161416
0.161259
0.161095
0.160929
0.160762
0.160604
0.160431
0.16027
0.160098
0.159936
0.159776
0.159617
0.15945
0.159279
0.159127
0.158982
0.158826
0.158663
0.158509
0.158353
0.158188
0.158001
0.157826
0.15767
0.157486
0.157328
0.157149
0.156974
0.156823
0.156657
0.156503
0.156334
0.156185
0.156009
0.155841
0.155681
0.15553
0.155356
0.155202
0.155048
0.154889
0.154725
0.154565
0.154409
0.154248
0.154094
0.153942
0.153784
0.153631
0.153461
0.153308
0.153156
0.152996
0.152824
0.152668
0.152515
0.15235
0.152195
0.152037
0.151875
0.151707
0.151552
0.15139
0.151233
0.151091
0.150947
0.150784
0.15064
0.150477
0.150315
0.150157
0.149977
0.149813
0.149655
0.149491
0.149327
0.149173
0.149021
0.148868
0.1487
0.148536
0.148382
0.148226
0.148072
0.147917
0.147758
0.147606
0.147454
0.1473
0.147139
0.14698
0.146801
0.146647
0.146517
0.146363
0.146206
0.146054
0.145892
0.145731
0.145575
0.145418
0.145264
0.145107
0.144953
0.144803
0.144642
0.144481
0.144336
0.144127
0.143975
0.143811
0.14365
0.143503
0.143356
0.143201
0.14304
0.142902
0.142739
0.142602
0.142432
0.142312
0.142143
0.141972
0.141826
0.141665
0.141514
0.141408
0.141248
0.141095
0.140941
0.140788
0.140634
0.140479
0.140328
0.140179
0.140014
0.13986
0.139704
0.139555
0.139403
0.13925
0.139098
0.138944
0.138793
0.138641
0.138487
0.138332
0.138175
0.138015
0.137867
0.137706
0.137559
0.137404
0.137256
0.137098
0.136939
0.136786
0.136631
0.136486
0.136325
0.136177
0.136008
0.135868
0.135727
0.135565
0.1354
0.135264
0.135095
0.134922
0.134775
0.13463
0.134472
0.134319
0.13416
0.134019
0.133869
0.133724
0.133583
0.133426
0.133267
0.133116
0.132961
0.132814
0.132659
0.132509
0.132348
0.132206
0.132055
0.131905
0.131743
0.131582
0.131433
0.131288
0.131134
0.130974
0.130825
0.130679
0.130532
0.130368
0.130221
0.13007
0.129922
0.129771
0.129619
0.129467
0.129333
0.129172
0.129031
0.128876
0.128735
0.128582
0.128417
0.128258
0.128123
0.127954
0.127809
0.127663
0.127513
0.127369
0.127206
0.127061
0.126912
0.126765
0.126613
0.126461
0.126311
0.126153
0.126012
0.125867
0.125706
0.125554
0.125413
0.125266
0.125115
0.124965
0.124832
0.124672
0.124522
0.124377
0.124226
0.124077
0.123927
0.123775
0.123633
0.123485
0.123336
0.123181
0.123025
0.122876
0.12274
0.122589
0.12245
0.122309
0.122147
0.122009
0.121852
0.121695
0.121554
0.121395
0.121252
0.121105
0.120952
0.120808
0.120663
0.12051
0.120371
0.120224
0.120074
0.119934
0.119783
0.119633
0.119486
0.119335
0.119191
0.119039
0.11889
0.118744
0.1186
0.118449
0.118312
0.118163
0.118062
0.117909
0.117763
0.11762
0.117471
0.117323
0.117178
0.117031
0.116883
0.116726
0.116577
0.116435
0.116289
0.116147
0.11601
0.115832
0.115695
0.115535
0.11539
0.115245
0.115108
0.114956
0.114809
0.114669
0.114523
0.114371
0.114225
0.11408
0.113962
0.113814
0.11365
0.113508
0.113363
0.113205
0.113058
0.112912
0.112771
0.112627
0.112474
0.112332
0.112189
0.112045
0.111902
0.111759
0.111607
0.111463
0.111309
0.111166
0.111025
0.110872
0.110705
0.11056
0.110413
0.110254
0.110116
0.109972
0.109828
0.109684
0.109538
0.109396
0.109244
0.109093
0.10895
0.108803
0.108654
0.108501
0.108346
0.108203
0.108062
0.107923
0.107774
0.107628
0.107484
0.107341
0.107198
0.107042
0.106892
0.106748
0.106607
0.106451
0.106308
0.106166
0.106042
0.105898
0.105746
0.105609
0.105462
0.105312
0.105166
0.105027
0.104882
0.104721
0.104572
0.104425
0.104275
0.104129
0.103987
0.103843
0.103691
0.103541
0.103398
0.103249
0.103097
0.102956
0.102812
0.102671
0.102521
0.10238
0.10222
0.102071
0.101925
0.101779
0.101636
0.101489
0.101338
0.101198
0.101053
0.1009
0.10076
0.100611
0.100467
0.100317
0.100174
0.100013
0.0998688
0.0997277
0.0995771
0.0994529
0.0993045
0.0991702
0.0990252
0.0988775
0.0987114
0.0985736
0.0984243
0.0982755
0.0981287
0.0979801
0.0978264
0.0976891
0.0975487
0.0973951
0.0972705
0.0971276
0.0969779
0.0968383
0.0966904
0.0965492
0.0964055
0.0962631
0.0961169
0.0959756
0.0958318
0.095682
0.0955398
0.0953914
0.0952445
0.0951053
0.0949585
0.0948153
0.0946687
0.0945208
0.0943763
0.0942241
0.0940923
0.0939519
0.0938058
0.0936644
0.0935152
0.0933591
0.0932166
0.0930762
0.0929297
0.0927794
0.0926366
0.0924921
0.0923485
0.0922029
0.0920624
0.091911
0.0917722
0.091613
0.0914665
0.0913238
0.0911731
0.0910448
0.0908926
0.0907512
0.090611
0.0904639
0.0903303
0.0902042
0.0900665
0.0899204
0.089777
0.0896243
0.0894839
0.089341
0.0892015
0.0890601
0.0889184
0.0887752
0.0886198
0.0884801
0.088337
0.0882112
0.0880628
0.0879248
0.0877857
0.0876425
0.0874874
0.0873591
0.0872215
0.0870753
0.0869296
0.0867883
0.0866501
0.086503
0.0863642
0.0862179
0.0860712
0.0859256
0.0857891
0.0856438
0.085499
0.0853609
0.0852162
0.0850741
0.0849321
0.0847932
0.0846617
0.0845187
0.0843839
0.0842394
0.0840912
0.0839567
0.0838095
0.0836571
0.0835205
0.0833804
0.0832354
0.0831037
0.0829651
0.082822
0.0826697
0.0825232
0.0823867
0.0822437
0.0821117
0.0819613
0.0818277
0.0816873
0.081549
0.0814052
0.0812703
0.0811309
0.080987
0.0808441
0.0806979
0.0805614
0.0804215
0.0802868
0.0801502
0.0800269
0.0798857
0.0797454
0.0796016
0.0794526
0.0793128
0.0791783
0.0790421
0.0789075
0.0787702
0.0786271
0.0784976
0.0783892
0.0782429
0.0781077
0.0779754
0.0778246
0.0776928
0.0775618
0.0774265
0.0772986
0.07716
0.0770252
0.0768839
0.0767484
0.0766147
0.0764776
0.0763391
0.0762009
0.0760661
0.0759361
0.0758119
0.0756895
0.0755466
0.0754103
0.075267
0.0751272
0.0749846
0.0748556
0.0747161
0.0745835
0.0744485
0.0743232
0.074184
0.0740555
0.0739287
0.0737933
0.07366
0.0735208
0.0733908
0.0732596
0.073128
0.0730011
0.0728593
0.0727294
0.0725923
0.0724608
0.072321
0.0721888
0.0720533
0.0719312
0.0718109
0.0716724
0.0715482
0.0714148
0.0712793
0.0711366
0.071008
0.0708752
0.070748
0.0706136
0.0704858
0.0703503
0.0702239
0.0700911
0.0699605
0.0698258
0.0697033
0.0695687
0.0694442
0.0693149
0.0691897
0.069065
0.0689311
0.0688024
0.0686745
0.0685399
0.0684123
0.0682779
0.0681528
0.0680228
0.0678988
0.067775
0.0676419
0.067516
0.0673833
0.0672486
0.0671186
0.066997
0.0668636
0.0667341
0.0666125
0.0664799
0.0663525
0.0662247
0.0661031
0.0659699
0.0658445
0.0657241
0.0655932
0.0654646
0.0653406
0.0652107
0.0650797
0.0649581
0.0648322
0.0647017
0.0645533
0.0644363
0.0643179
0.0641901
0.0640682
0.0639456
0.0638041
0.0636757
0.0635547
0.0634337
0.0633109
0.0631811
0.0630575
0.0629379
0.0628104
0.0626779
0.0625578
0.0624312
0.0623069
0.0621841
0.0620706
0.0619433
0.0618215
0.0616906
0.0615576
0.0614419
0.0613148
0.0611878
0.061067
0.0609566
0.0608264
0.0607152
0.0605939
0.0604693
0.0603391
0.0602188
0.0600941
0.0599768
0.0598533
0.0597373
0.0596116
0.0594921
0.0593715
0.0592515
0.0591325
0.0590039
0.0588889
0.0587675
0.0586502
0.0585243
0.0584028
0.0582901
0.0581589
0.0580415
0.0579147
0.0578002
0.0576782
0.0575615
0.0574506
0.0573331
0.0572135
0.0570871
0.0569546
0.0568381
0.0567242
0.0566006
0.0564861
0.0563702
0.0562541
0.0561397
0.0560158
0.0558983
0.0557778
0.0556619
0.0555429
0.0554292
0.0553078
0.055191
0.055074
0.054957
0.0548462
0.0547303
0.0546124
0.0544914
0.054387
0.0542822
0.0541602
0.0540454
0.0539171
0.0537911
0.0536737
0.0535621
0.0534477
0.0533392
0.0532194
0.0531097
0.0529941
0.0528842
0.0527655
0.0526417
0.0525329
0.0524188
0.0523009
0.0521851
0.0520689
0.0519562
0.0518471
0.0517293
0.0516197
0.0514958
0.0513895
0.0512847
0.0511677
0.051057
0.0509361
0.0508145
0.050699
0.0505898
0.0504848
0.0503779
0.0502609
0.0501517
0.0500428
0.0499327
0.049821
0.0497103
0.0495986
0.0494924
0.0493782
0.0492646
0.0491597
0.0490459
0.0489375
0.0488211
0.0487103
0.0486002
0.0485003
0.0483984
0.04829
0.048166
0.0480467
0.047939
0.0478361
0.0477269
0.0476186
0.0475115
0.0474112
0.0473024
0.0471905
0.0470794
0.0469699
0.0468653
0.0467566
0.0466482
0.0465447
0.0464345
0.0463285
0.0462173
0.0461095
0.0460073
0.045896
0.0457843
0.0456942
0.0455987
0.0454691
0.0453666
0.0452636
0.045153
0.0450562
0.0449478
0.0448479
0.0447464
0.0446367
0.0445361
0.0444316
0.0443277
0.0442239
0.044118
0.0440169
0.0439126
0.0438085
0.0437078
0.0436014
0.0435009
0.0433919
0.0432865
0.0431862
0.0430734
0.0429672
0.0428663
0.0427708
0.0426691
0.0425715
0.0424725
0.0423725
0.0422756
0.0421778
0.0420765
0.0419713
0.0418734
0.0417758
0.0416726
0.041587
0.0414859
0.0413847
0.0412905
0.0411915
0.0410884
0.0409875
0.0408941
0.0407918
0.0406914
0.0406042
0.040501
0.0404105
0.0403135
0.040221
0.040124
0.0400288
0.0399315
0.0398389
0.0397424
0.0396506
0.0395525
0.0394599
0.0393648
0.0392677
0.0391771
0.0390831
0.0389887
0.0388856
0.0387906
0.0386951
0.0386012
0.0385077
0.0384123
0.0383252
0.0382445
0.0381369
0.0380449
0.0379591
0.0378624
0.0377738
0.0376798
0.0375918
0.0374999
0.0374129
0.0373201
0.0372319
0.0371384
0.0370457
0.0369568
0.0368625
0.0367703
0.0366804
0.0365879
0.0364998
0.0364103
0.0363157
0.0362269
0.0361332
0.0360412
0.035962
0.0358574
0.0357692
0.0356836
0.0355949
0.0355094
0.0354197
0.0353283
0.0352424
0.035153
0.0350666
0.0349782
0.0348922
0.0348016
0.0347122
0.034628
0.0345418
0.0344532
0.0343669
0.0342803
0.0341917
0.0341012
0.0340171
0.0339275
0.0338503
0.0337523
0.0336654
0.0335836
0.0334958
0.0334135
0.0333323
0.0332461
0.033166
0.0330755
0.0329932
0.0329108
0.0328276
0.0327448
0.0326563
0.0325735
0.0324921
0.0324025
0.0323295
0.032245
0.0321569
0.0320743
0.0319888
0.0319084
0.0318366
0.0317396
0.0316602
0.0315794
0.0314955
0.0314132
0.0313357
0.0312526
0.0311715
0.0310894
0.0310126
0.0309299
0.0308503
0.0307699
0.0306871
0.0306081
0.0305283
0.030448
0.0303608
0.0302825
0.0301974
0.0301172
0.0300357
0.0299553
0.029874
0.0297951
0.0297183
0.0296403
0.0295628
0.0294834
0.0294078
0.0293287
0.0292551
0.0291733
0.0290975
0.0290181
0.0289427
0.0288624
0.0287845
0.0287083
0.0286287
0.0285528
0.0284739
0.0283965
0.0283187
0.0282379
0.0281624
0.02808
0.0280083
0.0279318
0.0278579
0.0277825
0.0277064
0.0276343
0.0275636
0.0274852
0.0274096
0.0273374
0.0272655
0.0271885
0.0271177
0.0270398
0.026969
0.0268905
0.0268168
0.0267436
0.0266689
0.0265894
0.0265232
0.0264471
0.0263719
0.0262975
0.0262276
0.0261562
0.0260848
0.0260144
0.0259438
0.0258745
0.0258026
0.0257339
0.0256641
0.025597
0.0255216
0.0254515
0.025379
0.0253068
0.0252384
0.0251626
0.0250919
0.0250196
0.0249523
0.0248793
0.0248091
0.0247353
0.0246634
0.0245961
0.0245297
0.0244618
0.0243957
0.024326
0.0242571
0.0241915
0.0241222
0.0240549
0.0239952
0.0239228
0.023861
0.0237898
0.0237217
0.0236554
0.0235917
0.0235219
0.0234515
0.0233854
0.0233185
0.0232508
0.023179
0.0231161
0.0230487
0.0229867
0.0229192
0.0228571
0.0227904
0.0227278
0.0226647
0.0225962
0.0225349
0.0224681
0.0224061
0.0223419
0.0222779
0.0222118
0.022149
0.0220798
0.0220193
0.0219528
0.0218924
0.021825
0.021763
0.0216902
0.0216346
0.0215712
0.0215117
0.0214444
0.0213847
0.0213241
0.0212633
0.0212044
0.0211386
0.0210778
0.0210186
0.0209552
0.0208927
0.0208302
0.0207712
0.0207112
0.0206496
0.0205896
0.0205299
0.0204671
0.0204086
0.0203455
0.0202817
0.020219
0.0201622
0.0201034
0.0200465
0.0199857
0.0199288
0.019871
0.0198075
0.0197521
0.0196947
0.0196356
0.019574
0.0195169
0.0194617
0.0194008
0.0193341
0.0192776
0.0192238
0.0191685
0.0191037
0.0190469
0.0189909
0.0189335
0.018871
0.0188212
0.0187669
0.0187108
0.0186566
0.0185975
0.0185444
0.0184924
0.0184383
0.0183819
0.0183283
0.0182685
0.0182215
0.0181653
0.0181077
0.018052
0.0179994
0.0179457
0.017888
0.0178319
0.0177787
0.0177258
0.0176662
0.0176067
0.0175518
0.0175007
0.0174503
0.0173969
0.0173457
0.0172947
0.017238
0.0171864
0.0171345
0.0170802
0.0170289
0.0169755
0.0169243
0.0168732
0.0168177
0.0167682
0.0167148
0.0166598
0.016608
0.0165556
0.0165028
0.0164587
0.0164036
0.0163507
0.0163015
0.0162504
0.0162018
0.0161478
0.0160995
0.0160505
0.0160005
0.0159488
0.0158999
0.0158527
0.0157982
0.0157489
0.0157013
0.0156484
0.0156035
0.0155506
0.0155026
0.0154511
0.0154032
0.0153495
0.0153016
0.0152539
0.0152098
0.0151493
0.0151028
0.0150556
0.0150064
0.0149606
0.0149136
0.0148682
0.0148187
0.0147712
0.0147176
0.0146712
0.0146203
0.0145752
0.0145258
0.0144806
0.014432
0.014383
0.0143367
0.0142943
0.0142435
0.014198
0.0141496
0.0141015
0.0140527
0.0140074
0.0139619
0.0139166
0.0138697
0.013823
0.0137768
0.0137321
0.0136867
0.0136411
0.0135911
0.013544
0.013499
0.0134558
0.0134108
0.0133615
0.0133181
0.0132736
0.0132259
0.0131803
0.0131357
0.0130898
0.0130444
0.0129972
0.0129547
0.0129086
0.0128658
0.0128239
0.0127767
0.012733
0.0126917
0.0126461
0.0126034
0.0125641
0.0125204
0.0124738
0.0124307
0.0123843
0.0123436
0.0122985
0.0122563
0.0122131
0.0121656
0.0121246
0.0120791
0.0120356
0.0119941
0.0119479
0.011909
0.011868
0.011822
0.0117809
0.0117414
0.0116969
0.0116547
0.0116134
0.0115696
0.0115275
0.011485
0.0114443
0.0113986
0.0113561
0.0113166
0.0112723
0.0112329
0.011191
0.0111477
0.0111025
0.0110629
0.0110242
0.0109834
0.0109444
0.0109057
0.0108646
0.0108253
0.010786
0.0107481
0.0107064
0.0106675
0.0106278
0.0105855
0.0105474
0.0105055
0.0104663
0.0104294
0.0103865
0.0103482
0.0103067
0.0102617
0.010225
0.0101902
0.0101518
0.0101142
0.0100771
0.0100412
0.010003
0.00996417
0.00992625
0.00988683
0.00985037
0.0098146
0.00977835
0.00973776
0.00970106
0.00966402
0.00962484
0.00958969
0.00955062
0.00950742
0.00947218
0.00942734
0.00939041
0.00935446
0.00932046
0.00928593
0.00925262
0.0092173
0.00917996
0.00914456
0.00911043
0.00907668
0.00903803
0.00900353
0.00897083
0.00893295
0.00889724
0.00886414
0.00883106
0.00879456
0.00876384
0.00872712
0.0086924
0.00865768
0.00861614
0.00858139
0.00854887
0.00851674
0.00848444
0.00845277
0.0084175
0.00838557
0.00835172
0.00832061
0.00828818
0.00825363
0.00822452
0.00819288
0.00815731
0.00812493
0.00809341
0.00806184
0.00802727
0.00799514
0.0079603
0.00792852
0.00788935
0.00785606
0.00782699
0.00779608
0.00776622
0.00773107
0.00770015
0.00767041
0.00764111
0.00761105
0.00758053
0.00754716
0.00751805
0.00748944
0.00745637
0.00742668
0.00739759
0.0073659
0.00733622
0.00730559
0.00727627
0.00724545
0.00721533
0.0071787
0.00715076
0.00712208
0.00709423
0.00706442
0.00703578
0.00700601
0.00697828
0.00695033
0.00692223
0.00689058
0.00687073
0.0068425
0.00681246
0.00678561
0.00675715
0.00672919
0.00669738
0.00667216
0.00664425
0.00661609
0.00658738
0.00655806
0.00652334
0.0064961
0.00647176
0.00644574
0.00641634
0.00639025
0.00636397
0.00633644
0.00631041
0.00628588
0.00625886
0.00623427
0.00620519
0.00617751
0.00615266
0.00612703
0.00610147
0.0060723
0.00604691
0.00601985
0.00599406
0.00596162
0.00593629
0.00591057
0.00588185
0.0058577
0.00583011
0.00580672
0.00578076
0.00575685
0.00573218
0.00570679
0.00568234
0.00565712
0.00563211
0.00560484
0.00558058
0.00555614
0.00553169
0.00550524
0.0054809
0.00545622
0.00543209
0.00540773
0.00538239
0.00535753
0.00532995
0.00530608
0.00528328
0.00526032
0.00523397
0.00521014
0.00518975
0.00516948
0.005145
0.00512167
0.00509721
0.00507087
0.00504761
0.00502462
0.00500125
0.00497831
0.00495198
0.00492878
0.00490546
0.0048824
0.00485952
0.00483419
0.00481028
0.00478481
0.00476184
0.00473967
0.00471877
0.00469605
0.00467389
0.00465235
0.00463006
0.00460845
0.00458668
0.00456407
0.00454332
0.00451944
0.00449721
0.00447625
0.00445425
0.00443204
0.00441015
0.00438749
0.00436371
0.00434154
0.00432092
0.00429883
0.0042734
0.00425242
0.00422938
0.00420945
0.00418937
0.00416847
0.00414753
0.00412777
0.00410702
0.00408673
0.00406573
0.00404228
0.00402293
0.00400307
0.00398136
0.00396133
0.00394058
0.00392035
0.00389756
0.00387757
0.00385896
0.00383851
0.00381732
0.0037956
0.00377339
0.00375267
0.00373341
0.00371408
0.00369538
0.00367696
0.00365476
0.00363545
0.00361634
0.00359853
0.00357927
0.00355975
0.00354017
0.00352148
0.00350328
0.00348103
0.00346256
0.00344311
0.00342498
0.003406
0.00338532
0.00336641
0.00334811
0.00332876
0.003307
0.00328971
0.00327197
0.00325487
0.00323438
0.00321734
0.00319991
0.00318103
0.00316317
0.00314628
0.00312878
0.00311128
0.00309314
0.0030752
0.0030576
0.00303996
0.00302205
0.00300342
0.00298689
0.00296638
0.0029497
0.00293168
0.00291309
0.00289595
0.0028792
0.0028584
0.00284147
0.00282543
0.00280893
0.00279052
0.00277439
0.0027579
0.00274131
0.00272508
0.00271196
0.00269537
0.00267967
0.00265983
0.00264457
0.00262823
0.00261204
0.00259551
0.00257933
0.00256104
0.00254543
0.00252932
0.00251377
0.00249755
0.0024818
0.00246331
0.00244785
0.00242837
0.00241259
0.00239748
0.00238269
0.00236797
0.00235295
0.00233751
0.00232279
0.00230795
0.00229086
0.00227834
0.00226297
0.00224527
0.00223025
0.00221516
0.00220021
0.00218512
0.00217187
0.00215738
0.00214046
0.00212795
0.00211336
0.00209602
0.00208051
0.00206702
0.00205124
0.00203622
0.00201927
0.00200526
0.00199117
0.00197745
0.00196314
0.00195071
0.00193438
0.00192043
0.00190637
0.0018924
0.00187823
0.00186459
0.00185205
0.00183834
0.00182366
0.00180947
0.00179539
0.00178195
0.00176819
0.0017542
0.00174075
0.00172442
0.0017107
0.00169723
0.00168385
0.00166816
0.0016698
0.00163945
0.00162674
0.00161429
0.00160148
0.00158842
0.0015755
0.00156278
0.00154989
0.0015371
0.00152427
0.00150921
0.00149569
0.00148326
0.00147088
0.00145853
0.00144516
0.00143242
0.00141975
0.00140575
0.00139305
0.00138007
0.00136846
0.00135591
0.00134047
0.0013281
0.00132962
0.00130021
0.00128916
0.00127743
0.00126493
0.00125162
0.00123989
0.00122998
0.00121763
0.001206
0.00119365
0.00117971
0.00116779
0.00115549
0.00114356
0.00113117
0.00111902
0.00110849
0.00109677
0.00108389
0.00107174
0.00106002
0.00104773
0.00103772
0.00102538
0.00101307
0.000999174
0.00100159
0.000975014
0.000964339
0.000951986
0.000940881
0.000929948
0.000919519
0.000907485
0.000897109
0.000885467
0.000873772
0.000861066
0.000849669
0.000838231
0.000827454
0.000817044
0.000806014
0.000795157
0.00078378
0.000772406
0.000761432
0.00075004
0.000739332
0.000728079
0.000716311
0.000702981
0.000700238
0.000694949
0.000670563
0.000659746
0.000648935
0.000638912
0.000628717
0.000618071
0.00060496
0.000594818
0.000585022
0.000574844
0.000564595
0.0005553
0.000545127
0.000534854
0.000524635
0.000514488
0.000503982
0.000493678
0.000483789
0.000471141
0.000460355
0.000452572
0.000440128
0.00042988
0.000428087
0.000419147
0.000415181
0.000390481
0.000378703
0.000369183
0.000360146
0.000350853
0.000341729
0.000332324
0.000323261
0.000313186
0.000304202
0.000294495
0.000285569
0.000275945
0.000266328
0.000256872
0.000247074
0.000237751
0.000228186
0.000216804
0.000206597
0.000197098
0.000188205
0.000179244
0.000178656
0.000158131
0.000148919
0.000140123
0.000131761
0.000123034
0.000115284
0.000106808
9.82557e-05
8.95012e-05
8.12613e-05
7.25195e-05
6.40348e-05
5.54107e-05
4.68365e-05
3.67044e-05
2.8206e-05
1.93262e-05
1.16202e-05
3.05403e-06
-5.43051e-06
-1.38792e-05
-2.2109e-05
-3.06145e-05
-3.93239e-05
-4.78937e-05
-4.52433e-05
-5.34519e-05
-7.35176e-05
-8.2639e-05
-8.9914e-05
-9.77446e-05
-0.00010479
-0.000111764
-0.000119482
-0.000126372
-0.000134117
-0.000141554
-0.000149076
-0.000156556
-0.000164157
-0.000171703
-0.000179212
-0.000186651
-0.000194241
-0.000204343
-0.000211927
-0.000217036
-0.000224458
-0.000232072
-0.000239722
-0.000246055
-0.000255392
-0.000248953
-0.000269466
-0.000275801
-0.000282239
-0.000288681
-0.00029516
-0.000301437
-0.00031154
-0.000315454
-0.000324354
-0.000328344
-0.000334722
-0.00034113
-0.000347505
-0.000353896
-0.000360299
-0.000369013
-0.000375356
-0.000379358
-0.000385639
-0.000393664
-0.000397593
-0.000403978
-0.000411576
-0.000416776
-0.000411422
-0.000414416
-0.00043663
-0.000444326
-0.000449507
-0.000452329
-0.000459836
-0.000465106
-0.000467836
-0.000475517
-0.000478375
-0.000485994
-0.000488798
-0.000496422
-0.000501646
-0.000506871
-0.000512129
-0.000517399
-0.000522329
-0.000525973
-0.000531974
-0.000537562
-0.000541585
-0.000549052
-0.000551924
-0.000559525
-0.00054762
-0.000551428
-0.000573391
-0.000579358
-0.000583337
-0.000587248
-0.000588979
-0.000592938
-0.000599275
-0.000603259
-0.000607291
-0.000611177
-0.00061527
-0.000616896
-0.000623111
-0.000627066
-0.000631209
-0.000635187
-0.000639377
-0.000643291
-0.000647176
-0.000651083
-0.000654943
-0.00065887
-0.000662603
-0.000667223
-0.000668953
-0.00067516
-0.000679632
-0.00068112
-0.000682846
-0.0006878
-0.000690647
-0.000693348
-0.000696059
-0.000696478
-0.000701541
-0.000703654
-0.000705382
-0.000709652
-0.000712704
-0.000713923
-0.000718147
-0.000718964
-0.000723958
-0.000725437
-0.000729274
-0.000732441
-0.000734966
-0.000735671
-0.000740446
-0.000742671
-0.000744594
-0.000748548
-0.000749456
-0.000750794
-0.000752329
-0.000756054
-0.000755395
-0.000759216
-0.000760683
-0.000762304
-0.00076393
-0.000765436
-0.000766933
-0.000767547
-0.000768594
-0.000769803
-0.000771719
-0.000774211
-0.000776014
-0.000777033
-0.000778643
-0.000779796
-0.000781112
-0.000782568
-0.000783258
-0.000785568
-0.000788068
-0.000775661
-0.000769685
-0.000789819
-0.00078991
-0.00079246
-0.000792754
-0.000793192
-0.000793382
-0.000793847
-0.000794127
-0.000794424
-0.000794792
-0.000795032
-0.000795423
-0.000795631
-0.00079566
-0.000795578
-0.00079656
-0.000795165
-0.00079745
-0.000797799
-0.00079809
-0.000798344
-0.000797392
-0.000799162
-0.000783812
-0.000783134
-0.000785282
-0.000796986
-0.000797133
-0.000796851
-0.000796739
-0.000795923
-0.000795139
-0.000794323
-0.000791346
-0.000792652
-0.000789749
-0.00079113
-0.000790247
-0.000789461
-0.000788654
-0.000787784
-0.000786878
-0.0007861
-0.000785273
-0.000784338
-0.00078338
-0.000782331
-0.000781128
-0.000780181
-0.000778417
-0.000763227
-0.00077805
-0.000774523
-0.000773013
-0.000772548
-0.00077076
-0.000766756
-0.000767119
-0.000765235
-0.000763345
-0.00076154
-0.000757599
-0.000757908
-0.00075617
-0.000754252
-0.000750299
-0.000748471
-0.000748745
-0.000746912
-0.00074519
-0.000743234
-0.000741552
-0.00073971
-0.000737751
-0.000724339
-0.000720654
-0.000730804
-0.000713909
-0.000725053
-0.00072319
-0.000719436
-0.000718836
-0.00071393
-0.000713277
-0.000710453
-0.000707675
-0.00070494
-0.000701846
-0.000696932
-0.000694144
-0.000693554
-0.000690751
-0.000685823
-0.000685152
-0.000682385
-0.000677478
-0.000676858
-0.000671955
-0.000669212
-0.000668557
-0.000665756
-0.000650933
-0.000648266
-0.00064525
-0.000653475
-0.000649859
-0.000646268
-0.00064299
-0.000637256
-0.000635731
-0.000629998
-0.000628439
-0.000622738
-0.0006212
-0.00061541
-0.000611725
-0.000610255
-0.000606602
-0.000603004
-0.000597244
-0.000595626
-0.000591999
-0.000586284
-0.00058268
-0.000579046
-0.000577476
-0.000571694
-0.000567963
-0.000555407
-0.000551176
-0.000543382
-0.00055277
-0.000549932
-0.000543539
-0.000539129
-0.000534705
-0.000530169
-0.000526236
-0.000521721
-0.000517217
-0.000512862
-0.000508452
-0.000504044
-0.000499557
-0.000495108
-0.000492782
-0.000486203
-0.000481796
-0.00047953
-0.00047287
-0.000468363
-0.000463974
-0.000459486
-0.000457142
-0.000450688
-0.000438317
-0.000433348
-0.000428359
-0.000418069
-0.000413773
-0.000421783
-0.000416564
-0.000411379
-0.00040612
-0.000400946
-0.00039571
-0.000390491
-0.000385177
-0.000379916
-0.000374985
-0.000369713
-0.000364629
-0.00035923
-0.00035436
-0.000349203
-0.000343781
-0.000338753
-0.000333533
-0.000328353
-0.000323403
-0.000317505
-0.000312352
-0.00030731
-0.000289924
-0.000283895
-0.000282019
-0.000269883
-0.000280688
-0.000273045
-0.000267881
-0.000260227
-0.000254146
-0.000249923
-0.00024231
-0.000236546
-0.000230287
-0.000224808
-0.00021873
-0.000212566
-0.000206884
-0.000200708
-0.000196298
-0.000189555
-0.00018407
-0.000178097
-0.000172357
-0.000165798
-0.000161008
-0.000155273
-0.000148558
-0.000143372
-0.000136869
-0.000115362
-0.000108515
-0.000101632
-0.000110583
-0.000102788
-9.70676e-05
-8.92935e-05
-8.23876e-05
-7.56408e-05
-6.90027e-05
-6.1822e-05
-5.56932e-05
-4.86023e-05
-4.20201e-05
-3.55861e-05
-2.84363e-05
-2.14295e-05
-1.46257e-05
-8.08064e-06
-7.48342e-07
5.53795e-06
1.21145e-05
2.11153e-05
2.79135e-05
3.48704e-05
4.13933e-05
4.80636e-05
5.52004e-05
6.18475e-05
6.70539e-05
9.23194e-05
0.000100119
9.03424e-05
9.96323e-05
0.000107296
0.00011493
0.000122844
0.00013053
0.000138334
0.000146121
0.000153658
0.000161199
0.000169127
0.000177386
0.000185116
0.000194225
0.000202398
0.000210048
0.000217573
0.000225538
0.000233073
0.000241478
0.000248697
0.000256089
0.000263889
0.00027403
0.000281803
0.000289645
0.000314385
0.00032332
0.000331751
0.000324517
0.000349422
0.000342003
0.000350377
0.000359633
0.000367766
0.000376819
0.00038736
0.000395929
0.000404296
0.000413627
0.000422129
0.000430972
0.000439735
0.000447723
0.000456909
0.000465353
0.000474718
0.000480593
0.000491953
0.000500505
0.000509401
0.000518236
0.00052689
0.000535392
0.000544251
0.000552864
0.000577481
0.00058662
0.000595088
0.00059004
0.000599531
0.000611391
0.000620914
0.000629742
0.000639387
0.000649123
0.000659705
0.00066894
0.000678283
0.000688222
0.000698054
0.00070975
0.000718962
0.000729166
0.000738784
0.000748648
0.000757995
0.000768164
0.000777269
0.000787482
0.000800422
0.000809889
0.000819267
0.000828946
0.000838426
0.000863656
0.000873947
0.00088388
0.000893045
0.000891677
0.000901755
0.000912187
0.000921978
0.000932535
0.000943321
0.000956159
0.000964477
0.000976838
0.000987326
0.000998216
0.00100879
0.00101915
0.00102829
0.00103864
0.00104723
0.00105983
0.0010703
0.00108062
0.00109155
0.00110178
0.00111238
0.00112305
0.00113374
0.0011455
0.00115633
0.00116768
0.00119193
0.00120332
0.00121339
0.00121661
0.001228
0.001239
0.00125061
0.00126131
0.00127225
0.00128391
0.00129757
0.00130482
0.00131839
0.0013279
0.00134136
0.00135316
0.00136413
0.001375
0.00138702
0.00139849
0.0014095
0.00142268
0.00143233
0.00144562
0.00145689
0.00146826
0.0014808
0.00149203
0.00150417
0.00151835
0.00154365
0.00155576
0.00156418
0.00156376
0.00157755
0.00158993
0.00160235
0.00161484
0.00162675
0.00164193
0.00165427
0.00166458
0.00167934
0.00169155
0.00170404
0.00171769
0.00173024
0.0017448
0.00175721
0.00176964
0.00178168
0.00179459
0.00180551
0.00181842
0.00183067
0.00184258
0.00185503
0.00186926
0.00188164
0.00189472
0.00190498
0.00193251
0.00194498
0.00196186
0.00195792
0.00197172
0.00198404
0.00199951
0.00201053
0.00202554
0.00203882
0.00205152
0.00206487
0.00207813
0.00209078
0.00210411
0.00211735
0.00213238
0.00214345
0.00215859
0.00217182
0.00218518
0.00219857
0.00221106
0.002224
0.00223799
0.00225042
0.00226357
0.00227675
0.00229005
0.00230496
0.00231805
0.00233006
0.00236238
0.002376
0.00238968
0.00238581
0.00240083
0.00241458
0.00242943
0.00244474
0.00245882
0.00247321
0.00248741
0.00250136
0.00251481
0.00252925
0.00254557
0.00255686
0.00257368
0.0025858
0.00260163
0.00261539
0.00262901
0.00264343
0.00265761
0.00267183
0.00268503
0.00269924
0.00271599
0.00272987
0.00274377
0.00275743
0.00277122
0.00279968
0.00281903
0.00283393
0.00284715
0.00284376
0.00285995
0.00287699
0.00289205
0.00290659
0.00292181
0.00293649
0.00295142
0.00296701
0.00298102
0.00299878
0.0030138
0.0030291
0.0030432
0.00305872
0.00307308
0.00308837
0.00310415
0.00311829
0.00313358
0.00314786
0.00316532
0.00318019
0.00319542
0.00321077
0.00322489
0.00323982
0.00325526
0.00327
0.00328482
0.00330053
0.00333522
0.00335098
0.00336503
0.00336518
0.00338136
0.00339718
0.00341379
0.00342978
0.0034452
0.0034609
0.00348002
0.00349577
0.00351134
0.0035271
0.0035434
0.00355938
0.00357543
0.00359118
0.00360668
0.00362547
0.00364178
0.00365507
0.00367314
0.00368916
0.00370521
0.0037212
0.00373712
0.00375228
0.00376833
0.00378464
0.00380056
0.00381617
0.00383517
0.00384891
0.00388632
0.00390288
0.00391553
0.00393679
0.00393371
0.00395111
0.00396726
0.003987
0.00400134
0.00401989
0.00403789
0.00405432
0.00407175
0.00409069
0.00410786
0.00412212
0.00413928
0.00415941
0.00417637
0.00419346
0.00420961
0.00422693
0.00424365
0.00426075
0.00427781
0.00429504
0.00431163
0.00433091
0.00434791
0.00436296
0.00438151
0.00439863
0.00441534
0.00443262
0.00444905
0.00446585
0.00450103
0.00451632
0.0045338
0.00455626
0.00455299
0.00457143
0.00459023
0.00460795
0.00462588
0.00464467
0.00466279
0.00468009
0.00470089
0.00471877
0.00473654
0.00475464
0.00477251
0.0047903
0.00480871
0.00482637
0.00484388
0.00486212
0.00488342
0.00490115
0.00491798
0.00493664
0.00495392
0.00497206
0.00498908
0.00500717
0.00502607
0.005044
0.00506212
0.00508221
0.00510045
0.00511902
0.00513664
0.00515286
0.00519177
0.00521023
0.00523442
0.00525408
0.00525063
0.00527087
0.00528887
0.00530826
0.00532764
0.00534679
0.0053673
0.0053858
0.00540537
0.00542521
0.00544351
0.00546333
0.00548151
0.00550004
0.00551932
0.00553757
0.00555712
0.00557538
0.00559521
0.0056149
0.00563422
0.00565536
0.00567519
0.00569374
0.00571251
0.00573167
0.00575024
0.00576996
0.00579152
0.00581035
0.00582959
0.00584812
0.00586678
0.00588764
0.00593081
0.00595144
0.00597082
0.00599406
0.00598852
0.00600899
0.00602721
0.00605009
0.00607021
0.00609424
0.00611683
0.0061372
0.00615655
0.00617654
0.00619694
0.00621763
0.00623736
0.00625728
0.00627731
0.00629815
0.00631845
0.00633854
0.0063601
0.00638011
0.00640011
0.00642034
0.00644112
0.00646115
0.00648095
0.0065019
0.00652483
0.00654573
0.00656562
0.00658492
0.0066055
0.00662476
0.00664519
0.0066665
0.00668674
0.00673337
0.0067518
0.0067709
0.0067956
0.00679378
0.00681584
0.00683719
0.00685815
0.006883
0.00690448
0.00691963
0.00694415
0.00696483
0.00698645
0.00700665
0.00702827
0.00704959
0.0070704
0.00709238
0.00711452
0.00713496
0.00715926
0.00718029
0.00720192
0.0072216
0.00724373
0.00726478
0.00728542
0.0073064
0.00732826
0.00735037
0.00737342
0.00739526
0.00741383
0.00743418
0.00745549
0.00747739
0.00749813
0.00751967
0.00756239
0.00756269
0.0076095
0.00763172
0.00765253
0.00765353
0.00767739
0.00769988
0.00772247
0.007744
0.00776621
0.00778681
0.00781016
0.00783523
0.00785796
0.00788066
0.00790326
0.00792292
0.00794736
0.00796899
0.00799228
0.0080141
0.00803698
0.00806277
0.00808554
0.00810833
0.00813001
0.00815117
0.00817464
0.00819636
0.00822204
0.00824478
0.0082681
0.00829031
0.00831152
0.00833501
0.00835678
0.00837739
0.00841463
0.00843614
0.00845849
0.00848172
0.00852288
0.00854617
0.00857251
0.00859887
0.00859743
0.00862008
0.00864617
0.00866933
0.00868637
0.00871563
0.00874036
0.00876335
0.0087868
0.00881129
0.00883545
0.00885845
0.00888229
0.00890561
0.0089288
0.00895168
0.00897508
0.00899689
0.0090199
0.00904277
0.00906651
0.00909309
0.00911352
0.00913987
0.0091635
0.00918557
0.00920996
0.00923331
0.00925643
0.00927946
0.00930257
0.00932605
0.00934932
0.00937309
0.00939955
0.00942298
0.00944584
0.00947052
0.00951636
0.00954268
0.00956438
0.00959269
0.00959148
0.00961577
0.00964037
0.00966637
0.00969073
0.00971505
0.00973952
0.00976249
0.00978745
0.00981257
0.0098415
0.00986248
0.00988874
0.00991484
0.00993752
0.0099609
0.00998479
0.0100098
0.0100344
0.010059
0.0100842
0.010113
0.0101362
0.0101603
0.0101866
0.0102095
0.0102342
0.0102627
0.0102835
0.0103119
0.0103353
0.0103602
0.0103825
0.0104079
0.010434
0.010459
0.0104795
0.0105051
0.0105306
0.0105567
0.0106089
0.010638
0.0106582
0.010681
0.0106881
0.0107152
0.0107409
0.0107668
0.0107927
0.0108186
0.0108399
0.0108705
0.0108944
0.0109207
0.0109484
0.0109741
0.0109996
0.0110256
0.0110484
0.0110734
0.0110994
0.0111257
0.0111516
0.0111771
0.0112022
0.0112268
0.0112529
0.0112801
0.0113061
0.0113333
0.0113582
0.0113831
0.0114095
0.0114343
0.0114597
0.0114858
0.0115045
0.0115324
0.0115598
0.0115826
0.0116112
0.0116376
0.0116623
0.0116855
0.011712
0.0117697
0.0118006
0.0118258
0.0118485
0.0118754
0.0118765
0.0119038
0.0119276
0.0119567
0.0119842
0.0120109
0.0120385
0.0120658
0.0120918
0.0121179
0.0121483
0.0121756
0.0122015
0.0122278
0.0122587
0.0122825
0.0123123
0.0123402
0.0123665
0.0123919
0.0124194
0.0124464
0.0124739
0.012501
0.0125311
0.012555
0.0125857
0.0126125
0.0126402
0.0126686
0.0126977
0.0127235
0.0127518
0.0127766
0.012804
0.0128308
0.0128607
0.0128855
0.0129143
0.0129415
0.0130022
0.0130309
0.0130653
0.0130922
0.0131173
0.0131135
0.0131437
0.0131727
0.0132004
0.0132298
0.0132578
0.0132835
0.0133111
0.0133389
0.0133666
0.0133945
0.0134248
0.0134508
0.0134804
0.0135082
0.0135374
0.013568
0.0135955
0.0136244
0.0136516
0.0136799
0.0137074
0.0137397
0.0137681
0.0137971
0.013824
0.0138532
0.0138827
0.0139113
0.0139387
0.0139671
0.0139957
0.0140242
0.0140563
0.0140841
0.0141134
0.0141418
0.0141703
0.0141979
0.014228
0.0142979
0.0143263
0.0143561
0.014383
0.0144168
0.014444
0.0144788
0.0144683
0.0145013
0.0145309
0.0145607
0.0145886
0.0146182
0.0146481
0.0146771
0.0147093
0.0147406
0.0147689
0.0147983
0.014828
0.014861
0.0148924
0.0149236
0.0149533
0.014984
0.0150125
0.0150423
0.0150769
0.0151093
0.0151401
0.01517
0.0152006
0.0152304
0.0152604
0.0152908
0.0153191
0.0153495
0.0153838
0.0154138
0.0154438
0.0154738
0.0155007
0.0155314
0.015564
0.0155935
0.0156241
0.0156565
0.015683
0.0157576
0.0157893
0.0158211
0.015858
0.0158862
0.0159227
0.0159128
0.0159469
0.0159764
0.0160047
0.01604
0.016068
0.0161038
0.0161344
0.0161658
0.0161982
0.0162293
0.0162661
0.0162971
0.0163279
0.016359
0.0163924
0.0164237
0.0164564
0.0164901
0.0165228
0.0165554
0.0165893
0.0166198
0.0166519
0.0166868
0.0167213
0.016752
0.0167834
0.0168155
0.0168472
0.0168836
0.0169147
0.0169468
0.0169777
0.0170097
0.0170417
0.0170724
0.0171044
0.0171368
0.01717
0.0172434
0.0172833
0.0173158
0.0173505
0.0173849
0.0174219
0.0174065
0.0174422
0.0174751
0.0175094
0.0175441
0.0175801
0.0176153
0.017647
0.0176793
0.0177122
0.0177464
0.0177784
0.0178156
0.017848
0.0178835
0.0179158
0.0179488
0.0179824
0.0180144
0.0180525
0.0180818
0.0181142
0.0181519
0.0181855
0.0182185
0.0182506
0.0182838
0.0183217
0.0183525
0.0183876
0.0184216
0.0184542
0.0184889
0.0185264
0.0185578
0.018592
0.0186275
0.0186601
0.0186935
0.0187686
0.0188016
0.0188402
0.0188738
0.0189115
0.018948
0.0189777
0.0189735
0.0190095
0.0190459
0.019076
0.0191153
0.01915
0.0191864
0.0192244
0.0192583
0.019293
0.0193265
0.0193636
0.0194036
0.0194357
0.0194742
0.0195074
0.0195437
0.0195792
0.0196175
0.0196485
0.0196886
0.0197201
0.0197541
0.0197889
0.0198237
0.0198595
0.0198958
0.019932
0.0199711
0.0200071
0.020039
0.0200776
0.0201132
0.0201476
0.0201827
0.0202217
0.0202556
0.0202913
0.0203251
0.0203595
0.0203944
0.0204766
0.0205079
0.0205445
0.020586
0.0206165
0.0206544
0.0206938
0.0206875
0.0207271
0.0207624
0.0208
0.0208358
0.0208736
0.0209122
0.0209514
0.0209874
0.0210248
0.0210619
0.0210965
0.0211368
0.0211726
0.0212099
0.0212462
0.0212831
0.0213216
0.0213581
0.0213945
0.0214322
0.021474
0.0215105
0.0215467
0.0215824
0.021623
0.0216551
0.0216913
0.0217337
0.0217705
0.0218031
0.0218397
0.0218757
0.0219132
0.0219511
0.0219888
0.0220273
0.0220573
0.022099
0.022136
0.022173
0.022216
0.0223003
0.02234
0.0223686
0.0224138
0.0224449
0.0224867
0.0224837
0.0225244
0.0225626
0.022601
0.0226414
0.0226803
0.0227145
0.0227539
0.0227941
0.0228345
0.0228774
0.0229161
0.022952
0.0229872
0.0230254
0.0230657
0.0231087
0.0231422
0.023181
0.0232196
0.0232623
0.0232996
0.0233384
0.0233815
0.0234179
0.0234625
0.0235017
0.0235409
0.0235782
0.0236195
0.0236585
0.023695
0.0237342
0.0237734
0.0238119
0.0238508
0.0238857
0.0239281
0.023969
0.0240026
0.0240457
0.0241309
0.0241718
0.0242139
0.0242461
0.0242935
0.0243305
0.0243734
0.0243701
0.0244071
0.0244523
0.024492
0.0245335
0.0245742
0.0246132
0.0246531
0.0246946
0.0247403
0.0247799
0.0248213
0.0248623
0.0249023
0.0249403
0.0249837
0.0250256
0.0250635
0.0251034
0.0251456
0.0251905
0.025228
0.025274
0.0253149
0.0253552
0.0253943
0.025434
0.0254758
0.0255195
0.0255589
0.0255976
0.0256385
0.0256792
0.0257201
0.0257625
0.0258078
0.0258474
0.0258843
0.0259254
0.0259664
0.026007
0.0260945
0.0261347
0.0261782
0.0262175
0.0262617
0.0263102
0.0263504
0.0263938
0.0264393
0.0264297
0.0264698
0.0265109
0.0265537
0.0266008
0.0266431
0.0266863
0.0267287
0.0267698
0.0268172
0.0268587
0.026901
0.0269423
0.0269838
0.0270293
0.0270703
0.0271117
0.0271539
0.0271954
0.0272368
0.0272877
0.0273299
0.0273717
0.0274157
0.0274578
0.0275002
0.0275419
0.0275831
0.027624
0.0276697
0.0277139
0.0277567
0.0277983
0.0278393
0.0278783
0.0279222
0.0279703
0.0280093
0.0280548
0.0280993
0.0281402
0.0282373
0.0282836
0.0283285
0.0283706
0.0284141
0.0284596
0.028503
0.0285565
0.0285428
0.0285915
0.0286365
0.0286823
0.0287261
0.028771
0.0288143
0.0288588
0.0289061
0.028948
0.0289902
0.0290346
0.0290864
0.0291305
0.0291726
0.0292146
0.0292609
0.0293054
0.0293472
0.0293941
0.0294436
0.0294882
0.0295337
0.0295777
0.0296217
0.0296705
0.0297152
0.0297588
0.0298018
0.0298495
0.0298958
0.0299413
0.0299849
0.0300296
0.0300745
0.0301235
0.0301635
0.0302077
0.0302568
0.0303002
0.0303462
0.0303905
0.0304926
0.0305375
0.0305821
0.0306273
0.0306836
0.0307298
0.0307725
0.0307617
0.0308114
0.0308568
0.0309056
0.0309526
0.0310001
0.0310433
0.0310958
0.0311388
0.0311862
0.0312325
0.0312757
0.0313232
0.0313677
0.0314179
0.0314631
0.0315104
0.0315597
0.0316048
0.03165
0.0317041
0.0317485
0.031793
0.031839
0.0318873
0.0319388
0.0319846
0.0320363
0.0320835
0.03213
0.0321781
0.0322253
0.0322798
0.0323261
0.0323712
0.0324178
0.0324719
0.0325198
0.0325681
0.0326115
0.0326573
0.0327036
0.0327507
0.0328042
0.0329061
0.0329516
0.0330096
0.0330537
0.0331078
0.0331532
0.0331435
0.0331905
0.0332417
0.0332918
0.0333404
0.0333922
0.0334428
0.0334899
0.0335389
0.0335883
0.0336422
0.0336907
0.0337386
0.0337869
0.0338354
0.033886
0.0339384
0.0339819
0.0340314
0.0340803
0.0341293
0.0341754
0.0342326
0.0342789
0.0343302
0.034376
0.0344254
0.0344792
0.0345312
0.034577
0.034629
0.034678
0.034723
0.0347762
0.0348264
0.0348723
0.0349262
0.0349723
0.0350203
0.0350738
0.0351248
0.0351691
0.0352208
0.0352689
0.035376
0.0354368
0.0354771
0.0355303
0.0355876
0.0356302
0.0356257
0.0356771
0.0357284
0.0357818
0.0358278
0.0358832
0.035933
0.0359845
0.0360356
0.036091
0.0361472
0.0361939
0.0362495
0.0362953
0.0363542
0.0363996
0.0364612
0.0365163
0.0365666
0.03662
0.0366712
0.0367267
0.0367744
0.036832
0.0368831
0.0369376
0.0369892
0.0370426
0.0370923
0.0371452
0.0371958
0.0372488
0.0372994
0.0373516
0.0374044
0.0374558
0.0375071
0.0375543
0.037613
0.0376644
0.0377151
0.0377657
0.037824
0.0379333
0.0379881
0.0380489
0.0380961
0.038154
0.0382132
0.0382621
0.0382518
0.0383074
0.0383642
0.03842
0.0384737
0.0385277
0.0385849
0.0386364
0.0386915
0.0387437
0.038802
0.0388583
0.0389126
0.0389656
0.0390215
0.039076
0.0391289
0.0391875
0.0392366
0.0392911
0.0393449
0.0393974
0.0394511
0.0395058
0.039559
0.039608
0.0396652
0.0397177
0.0397771
0.0398313
0.0398786
0.0399268
0.03999
0.0400428
0.0400985
0.040152
0.040212
0.040266
0.0403201
0.0403717
0.0404273
0.0404798
0.0405395
0.0406547
0.0407172
0.0407787
0.0408326
0.0408916
0.0409475
0.0409379
0.0409852
0.0410416
0.0411009
0.0411552
0.0412179
0.0412764
0.0413314
0.0413968
0.0414535
0.04151
0.0415703
0.0416264
0.041685
0.0417372
0.0417916
0.0418422
0.0419027
0.041957
0.0420166
0.0420716
0.0421358
0.0421913
0.0422493
0.0423102
0.0423645
0.042422
0.0424801
0.0425364
0.042592
0.0426466
0.0427131
0.0427675
0.0428233
0.0428821
0.042945
0.0430025
0.0430572
0.0431123
0.0431717
0.0432285
0.043291
0.0433463
0.0434029
0.0435326
0.0435917
0.0436631
0.0437193
0.0437753
0.0438363
0.0438177
0.043883
0.0439383
0.0440044
0.0440643
0.0441243
0.0441813
0.044237
0.0442956
0.0443605
0.0444189
0.0444786
0.0445347
0.0446017
0.0446582
0.0447184
0.0447744
0.0448299
0.0448897
0.0449519
0.0450123
0.0450793
0.0451382
0.0451936
0.0452518
0.0453152
0.0453809
0.0454428
0.0455016
0.0455584
0.0456232
0.0456814
0.0457407
0.0458012
0.0458648
0.0459179
0.0459826
0.0460419
0.0461014
0.0461607
0.0462187
0.0462852
0.0463439
0.0464799
0.0464693
0.0466079
0.0466861
0.046743
0.0468072
0.0468664
0.0468532
0.0469277
0.0469827
0.047047
0.0471107
0.0471774
0.0472405
0.0473032
0.0473641
0.0474314
0.0474949
0.0475551
0.0476191
0.0476816
0.0477453
0.0478082
0.047871
0.0479395
0.0479973
0.048061
0.0481207
0.0481924
0.048253
0.0483141
0.0483831
0.0484436
0.0485092
0.0485766
0.0486332
0.0487029
0.0487603
0.0488285
0.048887
0.048958
0.049018
0.0490808
0.0491383
0.0492079
0.0492719
0.0493361
0.0493895
0.0494496
0.0495094
0.0496644
0.0497348
0.0497914
0.0498658
0.0499365
0.0500094
0.0500684
0.0501512
0.0501174
0.0501847
0.050249
0.050316
0.0503817
0.0504429
0.0505019
0.0505795
0.0506455
0.0507079
0.0507827
0.0508489
0.0509209
0.0509846
0.0510581
0.0511229
0.0511808
0.0512615
0.0513274
0.0514018
0.0514675
0.0515318
0.0516072
0.051672
0.0517396
0.0518044
0.0518648
0.0519331
0.0520016
0.0520686
0.0521338
0.0522018
0.0522774
0.0523422
0.0524087
0.0524794
0.0525448
0.0526107
0.0526596
0.0527246
0.0527989
0.0528637
0.0530372
0.0531074
0.0531787
0.0532472
0.0533142
0.0532892
0.0533648
0.0534329
0.0534972
0.053576
0.0536471
0.0537075
0.0537817
0.0538492
0.0539201
0.0539966
0.0540644
0.0541332
0.0542084
0.0542785
0.0543521
0.0544235
0.0544958
0.0545659
0.0546419
0.054711
0.0547825
0.0548535
0.054923
0.0549922
0.0550687
0.0551392
0.0552108
0.0552857
0.0553542
0.0554238
0.0554978
0.0555702
0.0556422
0.0557108
0.0557865
0.0558544
0.0559214
0.0559918
0.0560581
0.0561323
0.0561993
0.0563242
0.0564544
0.0565234
0.0566106
0.0566779
0.0566448
0.056728
0.0567951
0.0568746
0.0569537
0.0570257
0.0571005
0.0571772
0.0572514
0.0573298
0.0574083
0.0574806
0.0575521
0.0576317
0.0577079
0.0577747
0.0578524
0.057928
0.0579968
0.058079
0.0581626
0.0582406
0.0583195
0.0583995
0.0584814
0.0585433
0.0586184
0.0587012
0.0587785
0.058856
0.0589311
0.059004
0.0590689
0.0591534
0.0592276
0.0593019
0.0593816
0.0594615
0.0595453
0.0596184
0.0596788
0.0597535
0.0598279
0.0600115
0.0601092
0.0601814
0.0602719
0.0602393
0.0603212
0.060388
0.0604712
0.0605294
0.0606103
0.0606808
0.0607621
0.060839
0.0609307
0.0610056
0.0610839
0.0611693
0.0612529
0.0613306
0.0614152
0.0614951
0.0615826
0.0616553
0.0617404
0.0618213
0.0618991
0.0619805
0.0620586
0.0621347
0.0622084
0.0622947
0.0623734
0.062446
0.0625293
0.0626072
0.0626859
0.0627725
0.0628487
0.0629366
0.0630138
0.06309
0.0631745
0.063255
0.0633305
0.0634146
0.0634922
0.063573
0.0636542
0.0638681
0.0639716
0.0640481
0.0641068
0.0641945
0.0642944
0.0642493
0.0643428
0.0644347
0.0645126
0.0645968
0.0646898
0.0647711
0.0648573
0.0649433
0.0650282
0.0651205
0.065197
0.0652814
0.0653709
0.0654564
0.0655436
0.0656301
0.0657179
0.0657982
0.0658932
0.0659761
0.0660682
0.0661437
0.0662342
0.066322
0.0664025
0.066497
0.0665818
0.0666724
0.0667567
0.0668395
0.0669288
0.0670145
0.0671064
0.0671804
0.0672611
0.0673469
0.0674425
0.0675249
0.0676082
0.0677001
0.0679681
0.0680613
0.0681673
0.0682596
0.0681839
0.0682752
0.068368
0.0684533
0.0685442
0.0686393
0.0687403
0.0688264
0.0689277
0.0690277
0.0691121
0.0692055
0.0693123
0.0694118
0.0694957
0.0695916
0.0696868
0.0697849
0.0698733
0.0699798
0.0700624
0.0701305
0.0702249
0.0703365
0.0704337
0.0705149
0.0706097
0.0706953
0.0707858
0.0708797
0.070968
0.0710681
0.0711601
0.0712581
0.0713518
0.0714429
0.0715268
0.0716084
0.0717088
0.0718054
0.0721101
0.0722056
0.0723167
0.0724166
0.0723397
0.0724237
0.072535
0.072638
0.0727399
0.0728328
0.0729329
0.0730408
0.0731594
0.0732655
0.0733732
0.0734724
0.0735756
0.0736808
0.0737863
0.0738812
0.0739756
0.0740722
0.0741794
0.0742822
0.0744035
0.0744902
0.0745982
0.0747005
0.0748014
0.0748989
0.0749884
0.0750921
0.0751895
0.0753051
0.0754049
0.0755012
0.0755996
0.0757214
0.0758228
0.0759294
0.0760331
0.0763425
0.0764692
0.0765709
0.0766928
0.0766063
0.0766903
0.0768041
0.0769257
0.0770365
0.0771504
0.0772562
0.0773786
0.0774881
0.0775902
0.0777047
0.0778166
0.0779242
0.0780418
0.0781508
0.0782481
0.078362
0.0784917
0.0786046
0.0787292
0.0788414
0.0789521
0.0790588
0.0791741
0.0792865
0.079389
0.0794885
0.0796057
0.0797119
0.0798299
0.0799278
0.0800252
0.0801411
0.0802654
0.0803706
0.0806939
0.0808153
0.0807376
0.0808591
0.0809812
0.081083
0.0812001
0.0813232
0.0814531
0.0815665
0.0816977
0.0818085
0.0819312
0.0820564
0.0821745
0.0822884
0.082413
0.0825308
0.0826746
0.0827955
0.0829097
0.083036
0.0831634
0.0832732
0.0834059
0.0835325
0.0836476
0.0837754
0.0838646
0.0839776
0.0840983
0.0842145
0.0843551
0.0844519
0.0845832
0.08471
0.0849152
0.085034
0.0852722
0.085206
0.0853327
0.0854626
0.0855879
0.0857397
0.085873
0.0860034
0.08612
0.0862519
0.0863858
0.0865167
0.0866645
0.0868033
0.086936
0.0870644
0.0872055
0.0873389
0.0874651
0.0875956
0.0877423
0.0878765
0.0880073
0.0881384
0.0882706
0.0883956
0.0885324
0.0886657
0.0887887
0.0889151
0.089047
0.0891866
0.0893228
0.089452
0.0895696
0.0897977
0.0900316
0.0901875
0.0902326
0.0902474
0.0903912
0.0905429
0.0907125
0.0908279
0.0909707
0.0911138
0.0912667
0.0913395
0.0914731
0.0916148
0.0917332
0.0918731
0.0920109
0.0921672
0.0922739
0.0924045
0.0925428
0.0926922
0.0928323
0.0929986
0.0931425
0.0932889
0.0934299
0.0935678
0.0937094
0.0938522
0.0939875
0.0941201
0.0942602
0.0944181
0.0945704
0.0949456
0.0950858
0.0952424
0.0951399
0.095315
0.0954722
0.0956221
0.0957924
0.0959479
0.0961238
0.0962569
0.0964323
0.0965896
0.0967376
0.0969011
0.097044
0.097221
0.0973787
0.0975108
0.0976822
0.0978362
0.0979952
0.0981587
0.0983141
0.0984685
0.0986232
0.0987844
0.0989586
0.0991377
0.0992873
0.099453
0.0995987
0.099762
0.0999326
0.100377
0.10027
0.100394
0.100576
0.100749
0.100917
0.101099
0.101271
0.101445
0.101617
0.101781
0.101956
0.102122
0.102291
0.102465
0.102646
0.102814
0.102987
0.103166
0.103344
0.103533
0.103686
0.103862
0.10403
0.104208
0.10438
0.10456
0.104737
0.104899
0.105069
0.105233
0.105424
0.105964
0.105813
0.106013
0.106207
0.106401
0.106561
0.106758
0.106941
0.107121
0.107313
0.107528
0.107724
0.107926
0.108118
0.108314
0.108509
0.108695
0.10891
0.109121
0.109324
0.109526
0.109714
0.109895
0.110099
0.110291
0.110478
0.110687
0.110885
0.111074
0.116626
0.117801
0.117983
0.118113
0.118346
0.118509
0.118701
0.118852
0.119087
0.119291
0.1195
0.119711
0.119913
0.120138
0.12031
0.120513
0.120753
0.121274
0.121529
0.121781
0.122042
0.122293
0.122514
0.122781
0.123022
0.126783
0.127104
0.127175
0.127352
0.127465
0.127594
0.127729
0.12782
0.127988
0.128148
0.128358
0.128513
0.12875
0.128946
0.129142
0.129392
0.129645
0.129909
0.130156
0.130462
0.130725
0.130968
0.131298
0.131579
0.131761
0.131854
0.131852
0.132015
0.132132
0.132231
0.132471
0.132563
0.132767
0.132999
0.133177
0.133394
0.133652
0.133854
0.134148
0.134416
0.134692
0.134975
0.134472
0.134681
0.134851
0.13501
0.135229
0.135431
0.135652
0.135892
0.136136
0.136361
0.136622
0.136875
0.137195
0.137498
0.137829
0.138174
0.138217
0.138564
0.138865
0.139184
0.139595
0.139945
0.14035
0.140784
0.141184
0.141575
0.142014
0.142453
0.142964
0.143403
0.143854
0.144403
0.14481
0.145233
0.145692
0.146225
0.146715
0.147022
0.147531
0.148026
0.148669
0.149162
0.14974
0.150354
0.150807
0.151382
0.151996
0.152492
0.15322
0.153731
0.154266
0.154916
0.155514
0.156162
0.156903
0.157516
0.158154
0.15889
0.159428
0.159964
0.160756
0.161267
0.161949
0.162869
0.163497
0.164057
0.165085
0.165621
0.166199
0.167499
0.167929
0.168486
0.169542
0.170489
0.170945
0.171763
0.17296
0.173728
0.174465
0.175048
0.176395
0.177135
0.177898
0.17863
0.179943
0.180993
0.181717
0.182529
0.183519
0.185092
0.185941
0.186495
0.187679
0.188645
0.19038
0.191395
0.192212
0.193192
0.194233
0.195684
0.197286
0.198033
0.198922
0.199737
0.200823
0.202085
0.204091
0.205405
0.206334
0.207446
0.208687
0.210057
0.211962
0.21383
0.214837
0.215929
0.21721
0.218647
0.220405
0.222058
0.224346
0.225689
0.226966
0.228317
0.229969
0.231638
0.233632
0.236953
0.238316
0.239774
0.241208
0.242933
0.24451
0.245854
0.248326
0.251683
0.253374
0.254829
0.256646
0.258127
0.26004
0.262288
0.265267
0.26807
0.27162
0.273575
0.275548
0.277673
0.279721
0.282589
0.284796
0.288096
0.291226
0.295367
0.297503
0.299503
0.301869
0.304125
0.306824
