-4.98344
-4.98343
-4.98336
-4.98345
-4.98345
-4.98338
-4.9834
-4.98338
-4.98345
-4.98337
-4.98335
-4.98344
-4.98341
-4.98342
-4.98336
-4.9834
-4.9834
-4.98344
-4.98336
-4.98345
-4.98344
-4.98339
-4.98336
-4.9834
-4.98337
-4.9834
-4.98339
-4.9834
-4.98336
-4.98343
-4.98342
-4.98338
-4.98342
-4.98338
-4.98344
-4.98335
-4.98341
-4.9834
-4.98343
-4.98339
-4.9834
-4.98336
-4.98341
-4.98343
-4.98344
-4.9834
-4.98343
-4.98336
-4.98337
-4.98339
-4.98338
-4.98342
-4.98341
-4.98338
-4.98338
-4.9834
-4.9834
-4.98336
-4.98344
-4.98341
-4.98341
-4.98343
-4.98339
-4.98338
-4.98338
-4.98337
-4.98339
-4.98341
-4.98342
-4.98337
-4.98345
-4.98337
-4.98343
-4.98342
-4.98339
-4.98337
-4.98339
-4.98344
-4.98339
-4.98343
-4.98339
-4.9834
-4.98341
-4.98341
-4.98344
-4.98338
-4.98336
-4.9834
-4.98339
-4.98342
-4.98345
-4.98336
-4.98337
-4.98345
-4.98341
-4.98338
-4.98345
-4.98336
-4.98345
-4.9834
-4.98339
-4.98342
-4.98342
-4.98337
-4.98343
-4.9834
-4.98344
-4.98339
-4.98335
-4.98345
-4.98338
-4.98344
-4.98339
-4.98335
-4.98342
-4.98336
-4.9834
-4.98343
-4.98343
-4.98338
-4.98335
-4.98337
-4.98337
-4.98338
-4.98343
-4.98341
-4.98343
-4.98338
-4.98339
-4.98338
-4.9834
-4.98335
-4.98338
-4.98336
-4.98344
-4.98344
-4.98342
-4.98337
-4.98336
-4.9834
-4.98341
-4.98343
-4.98336
-4.98341
-4.98337
-4.98338
-4.98344
-4.98339
-4.9834
-4.98342
-4.98345
-4.9834
-4.98344
-4.98342
-4.98343
-4.98335
-4.98345
-4.98342
-4.98341
-4.98336
-4.98339
-4.98337
-4.98336
-4.98342
-4.98345
-4.98338
-4.98343
-4.98344
-4.98339
-4.98337
-4.98336
-4.98337
-4.9834
-4.98339
-4.98338
-4.98338
-4.98341
-4.98345
-4.98345
-4.98339
-4.98337
-4.98338
-4.98338
-4.98342
-4.98343
-4.98336
-4.98343
-4.98339
-4.98336
-4.98344
-4.98344
-4.98342
-4.98342
-4.98343
-4.9834
-4.98343
-4.98341
-4.98339
-4.98336
-4.98343
-4.9834
-4.98339
-4.98336
-4.98336
-4.98338
-4.98336
-4.98341
-4.98337
-4.98336
-4.98341
-4.98344
-4.98343
-4.98338
-4.98337
-4.9834
-4.98336
-4.98344
-4.98335
-4.98343
-4.98339
-4.98339
-4.98335
-4.98337
-4.9834
-4.98337
-4.98342
-4.98338
-4.98339
-4.9834
-4.98337
-4.9834
-4.98338
-4.98342
-4.98338
-4.98341
-4.98339
-4.98342
-4.98339
-4.98336
-4.98339
-4.98344
-4.98338
-4.98343
-4.98338
-4.98338
-4.9834
-4.98341
-4.98344
-4.98342
-4.98336
-4.98339
-4.98343
-4.98339
-4.98336
-4.98338
-4.98345
-4.98338
-4.98342
-4.98336
-4.98338
-4.98341
-4.98342
-4.9834
-4.98343
-4.98335
-4.98344
-4.9834
-4.98338
-4.98337
-4.98339
-4.98344
-4.98338
-4.98343
-4.98338
-4.98342
-4.98337
-4.98343
-4.98338
-4.98337
-4.98336
-4.98337
-4.98341
-4.98339
-4.98343
-4.98345
-4.98338
-4.98342
-4.98341
-4.98344
-4.98341
-4.98337
-4.98341
-4.98336
-4.98337
-4.98342
-4.98344
-4.98338
-4.98343
-4.98336
-4.98336
-4.98344
-4.98339
-4.98337
-4.98335
-4.98343
-4.98343
-4.98336
-4.98336
-4.98339
-4.98345
-4.98339
-4.98344
-4.98336
-4.98342
-4.98335
-4.98341
-4.9834
-4.9834
-4.98336
-4.98338
-4.98345
-4.98342
-4.98338
-4.98345
-4.9834
-4.98344
-4.98344
-4.98335
-4.98342
-4.9834
-4.9834
-4.98337
-4.9834
-4.98338
-4.98342
-4.98341
-4.98339
-4.98345
-4.98343
-4.98338
-4.98344
-4.98342
-4.9834
-4.98344
-4.98344
-4.98336
-4.9834
-4.98338
-4.98343
-4.98339
-4.98336
-4.98341
-4.98337
-4.98338
-4.98336
-4.98343
-4.9834
-4.98344
-4.98338
-4.98343
-4.98344
-4.98343
-4.98336
-4.9834
-4.9834
-4.98343
-4.98335
-4.98336
-4.98337
-4.9834
-4.98337
-4.98337
-4.98343
-4.98343
-4.98343
-4.98342
-4.98342
-4.98345
-4.9834
-4.98338
-4.98344
-4.98343
-4.98335
-4.98342
-4.9834
-4.98339
-4.98337
-4.98341
-4.98337
-4.98344
-4.98336
-4.98335
-4.98343
-4.98345
-4.98343
-4.9834
-4.98338
-4.98335
-4.98338
-4.98343
-4.98336
-4.98336
-4.98342
-4.98342
-4.98338
-4.9834
-4.98337
-4.98338
-4.98342
-4.98335
-4.98335
-4.98337
-4.98344
-4.98341
-4.98339
-4.98345
-4.98339
-4.98343
-4.98343
-4.98344
-4.9834
-4.98341
-4.98341
-4.98339
-4.9834
-4.98343
-4.98343
-4.98337
-4.9834
-4.98341
-4.98336
-4.98341
-4.98345
-4.98335
-4.98337
-4.98335
-4.98344
-4.98343
-4.98343
-4.98344
-4.9834
-4.98339
-4.98337
-4.98339
-4.98341
-4.98337
-4.9834
-4.9834
-4.98339
-4.98338
-4.98345
-4.98343
-4.98338
-4.98336
-4.98338
-4.9834
-4.98335
-4.98341
-4.9834
-4.98338
-4.98343
-4.98344
-4.98336
-4.98341
-4.98343
-4.98335
-4.98338
-4.98341
-4.98343
-4.98335
-4.98338
-4.98339
-4.98345
-4.98338
-4.98338
-4.98339
-4.98343
-4.98335
-4.98343
-4.98343
-4.98337
-4.9834
-4.98341
-4.98341
-4.98339
-4.98344
-4.9834
-4.98336
-4.98338
-4.98343
-4.98338
-4.98343
-4.98336
-4.9834
-4.98343
-4.98344
-4.98339
-4.98343
-4.98343
-4.98341
-4.98344
-4.98342
-4.98338
-4.98339
-4.9834
-4.98345
-4.98339
-4.98338
-4.9834
-4.98338
-4.98345
-4.98341
-4.98345
-4.98336
-4.98342
-4.98341
-4.98339
-4.98338
-4.98344
-4.9834
-4.9834
-4.98338
-4.98341
-4.98342
-4.9834
-4.98343
-4.98342
-4.98339
-4.98344
-4.98336
-4.98342
-4.98337
-4.98345
-4.98342
-4.98337
-4.98344
-4.98344
-4.98339
-4.98341
-4.98339
-4.98339
-4.98343
-4.98338
-4.98343
-4.98343
-4.98342
-4.98338
-4.98337
-4.98343
-4.98345
-4.98335
-4.98336
-4.98343
-4.9834
-4.98336
-4.98341
-4.98345
-4.98339
-4.98342
-4.98338
-4.98337
-4.98342
-4.98343
-4.9834
-4.98335
-4.98343
-4.98336
-4.98343
-4.98337
-4.98344
-4.98338
-4.9834
-4.98342
-4.98335
-4.9834
-4.98338
-4.98335
-4.98344
-4.98341
-4.98344
-4.98338
-4.98339
-4.98344
-4.98343
-4.98344
-4.98338
-4.98336
-4.9834
-4.98344
-4.98344
-4.98342
-4.98343
-4.98339
-4.98342
-4.98336
-4.98337
-4.98337
-4.98338
-4.98343
-4.98338
-4.98344
-4.98345
-4.98342
-4.9834
-4.98344
-4.98337
-4.98343
-4.98338
-4.98344
-4.98336
-4.98343
-4.98337
-4.98343
-4.98336
-4.98336
-4.98342
-4.98343
-4.98339
-4.98337
-4.98344
-4.98341
-4.98337
-4.98341
-4.98339
-4.98337
-4.98344
-4.98342
-4.98338
-4.98344
-4.98335
-4.98345
-4.98341
-4.98337
-4.98337
-4.98341
-4.98336
-4.98344
-4.9834
-4.98342
-4.98345
-4.9834
-4.98341
-4.98338
-4.9834
-4.9834
-4.98344
-4.98339
-4.98339
-4.98338
-4.98338
-4.98344
-4.98343
-4.98339
-4.98338
-4.98345
-4.98345
-4.98339
-4.98337
-4.98342
-4.98339
-4.98341
-4.98335
-4.98344
-4.98344
-4.98338
-4.98335
-4.98343
-4.98339
-4.98341
-4.9834
-4.98335
-4.98336
-4.98336
-4.98345
-4.98339
-4.98336
-4.98336
-4.98344
-4.98336
-4.9834
-4.9834
-4.98339
-4.98337
-4.98345
-4.9834
-4.98345
-4.98338
-4.98343
-4.98344
-4.98343
-4.98344
-4.9834
-4.98342
-4.9834
-4.98341
-4.98344
-4.98336
-4.98345
-4.98342
-4.98345
-4.98339
-4.98339
-4.9834
-4.98344
-4.98335
-4.98344
-4.98339
-4.98343
-4.98344
-4.98338
-4.98336
-4.98343
-4.98338
-4.98344
-4.98336
-4.98342
-4.98342
-4.98336
-4.98337
-4.98336
-4.98336
-4.98336
-4.9834
-4.98343
-4.98335
-4.98338
-4.98341
-4.98341
-4.98341
-4.98339
-4.98341
-4.98341
-4.9834
-4.9834
-4.98341
-4.98343
-4.98343
-4.98338
-4.98337
-4.98338
-4.98337
-4.98343
-4.98337
-4.98343
-4.98338
-4.98336
-4.98336
-4.9834
-4.98339
-4.98338
-4.98345
-4.98335
-4.98341
-4.98342
-4.98339
-4.98343
-4.98339
-4.98341
-4.98338
-4.98337
-4.98338
-4.98335
-4.98345
-4.98342
-4.98342
-4.98337
-4.98345
-4.98341
-4.98339
-4.9834
-4.98336
-4.98336
-4.98345
-4.98344
-4.98337
-4.98335
-4.98343
-4.98344
-4.98336
-4.98341
-4.98338
-4.98339
-4.98338
-4.98336
-4.9834
-4.9834
-4.98341
-4.98337
-4.98344
-4.98338
-4.98344
-4.98341
-4.98344
-4.98341
-4.98343
-4.98341
-4.98344
-4.98343
-4.98337
-4.98339
-4.98341
-4.98336
-4.98335
-4.98337
-4.98336
-4.98345
-4.98339
-4.98342
-4.98344
-4.98342
-4.98339
-4.98337
-4.98341
-4.9834
-4.98338
-4.98338
-4.98337
-4.98338
-4.98343
-4.98345
-4.98344
-4.9834
-4.98345
-4.98339
-4.98341
-4.9834
-4.98344
-4.98339
-4.98344
-4.98336
-4.98337
-4.98343
-4.98339
-4.98336
-4.98343
-4.98344
-4.98337
-4.98345
-4.98339
-4.98342
-4.98339
-4.98337
-4.98335
-4.98335
-4.98336
-4.9834
-4.98337
-4.9834
-4.98338
-4.98337
-4.98336
-4.98342
-4.98344
-4.98342
-4.98337
-4.98339
-4.98335
-4.98336
-4.98339
-4.98339
-4.9834
-4.98344
-4.98338
-4.9834
-4.98336
-4.98345
-4.98344
-4.9834
-4.9834
-4.98343
-4.98341
-4.98343
-4.98341
-4.98341
-4.98342
-4.9834
-4.98344
-4.98342
-4.98336
-4.98343
-4.98337
-4.98338
-4.98339
-4.98338
-4.98343
-4.98341
-4.98341
-4.98336
-4.98344
-4.98341
-4.98338
-4.98336
-4.98336
-4.98336
-4.98342
-4.98342
-4.98336
-4.9834
-4.9834
-4.98337
-4.98339
-4.98344
-4.98337
-4.98342
-4.98337
-4.98336
-4.98342
-4.98343
-4.98338
-4.98339
-4.98341
-4.98335
-4.98337
-4.98336
-4.98345
-4.98345
-4.98338
-4.98342
-4.98344
-4.98335
-4.98338
-4.98336
-4.98343
-4.9834
-4.98344
-4.98345
-4.98343
-4.9834
-4.9834
-4.98336
-4.98342
-4.9834
-4.98337
-4.98336
-4.98336
-4.98343
-4.98341
-4.98342
-4.98337
-4.98339
-4.98344
-4.98338
-4.98338
-4.98342
-4.9834
-4.98341
-4.98337
-4.98342
-4.98344
-4.98337
-4.98341
-4.98336
-4.98344
-4.98343
-4.98344
-4.98336
-4.98344
-4.98336
-4.98341
-4.98345
-4.98344
-4.98337
-4.98339
-4.98345
-4.98336
-4.9834
-4.98345
-4.98343
-4.98345
-4.98341
-4.98343
-4.9834
-4.98342
-4.98337
-4.98341
-4.98343
-4.98342
-4.9834
-4.98337
-4.98339
-4.98341
-4.98342
-4.98335
-4.98337
-4.98338
-4.98335
-4.9834
-4.98339
-4.98337
-4.9834
-4.98342
-4.98343
-4.98335
-4.98335
-4.98342
-4.98344
-4.98337
-4.98335
-4.98339
-4.98342
-4.98339
-4.98344
-4.98343
-4.98342
-4.9834
-4.98343
-4.98338
-4.98337
-4.98341
-4.98344
-4.98341
-4.98342
-4.9834
-4.9834
-4.98336
-4.98342
-4.98339
-4.98343
-4.98337
-4.98345
-4.98336
-4.98345
-4.9834
-4.98337
-4.98342
-4.98338
-4.9834
-4.98337
-4.98343
-4.98342
-4.98335
-4.98337
-4.98341
-4.98341
-4.98339
-4.98341
-4.98341
-4.98337
-4.98339
-4.98335
-4.98337
-4.98342
-4.98335
-4.98338
-4.98343
-4.98341
-4.98336
-4.9834
-4.98338
-4.98336
-4.9834
-4.98344
-4.98343
-4.98336
-4.98338
-4.98338
-4.98344
-4.98337
-4.98341
-4.98335
-4.98343
-4.98335
-4.98343
-4.98337
-4.9834
-4.98341
-4.98341
-4.98339
-4.98337
-4.98341
-4.98344
-4.98339
-4.98344
-4.98339
-4.98339
-4.98343
-4.98337
-4.98337
-4.98344
-4.9834
-4.98341
-4.98336
-4.9834
-4.98345
-4.98338
-4.98338
-4.9834
-4.98342
-4.98339
-4.98343
-4.98341
-4.98344
-4.98341
-4.98336
-4.98342
-4.98335
-4.98338
-4.98341
-4.98339
-4.98341
-4.98338
-4.98338
-4.98336
-4.98336
-4.9834
-4.9834
-4.98339
-4.98342
-4.98343
-4.98337
-4.98344
-4.98339
-4.98335
-4.98341
-4.98342
-4.98336
-4.98341
-4.98344
-4.98336
-4.98344
-4.98341
-4.98341
-4.98342
-4.98337
-4.98344
-4.98335
-4.98339
-4.98336
-4.98338
-4.98337
-4.9834
-4.98336
-4.98337
-4.98336
-4.98338
-4.98339
-4.98339
-4.98337
-4.98335
-4.98337
-4.98338
-4.98341
-4.98343
-4.98342
-4.98337
-4.98343
-4.98339
-4.98336
-4.98343
-4.98342
-4.98337
-4.98339
-4.9834
-4.98335
-4.98344
-4.98339
-4.98344
-4.98341
-4.98345
-4.98345
-4.98344
-4.98338
-4.98335
-4.98338
-4.98343
-4.98336
-4.98336
-4.98345
-4.98337
-4.98343
-4.98343
-4.9834
-4.98337
-4.98339
-4.98336
-4.98338
-4.98335
-4.9834
-4.98338
-4.98341
-4.98337
-4.98339
-4.98339
-4.9834
-4.98343
-4.98341
-4.9834
-4.98339
-4.9834
-4.98342
-4.98337
-4.9834
-4.98339
-4.98343
-4.98336
-4.98339
-4.98338
-4.9834
-4.98339
-4.98339
-4.98343
-4.98337
-4.98342
-4.98344
-4.98338
-4.98335
-4.98344
-4.98341
-4.98342
-4.98343
-4.98339
-4.98344
-4.98339
-4.98342
-4.98336
-4.98336
-4.98344
-4.98341
-4.98339
-4.98335
-4.98343
-4.98344
-4.98343
-4.98339
-4.98341
-4.98338
-4.98336
-4.98341
-4.9834
-4.98335
-4.98344
-4.98342
-4.9834
-4.98342
-4.98339
-4.98343
-4.98337
-4.98343
-4.98338
-4.98339
-4.98342
-4.98341
-4.98336
-4.98336
-4.98337
-4.98336
-4.98336
-4.98342
-4.98341
-4.9834
-4.98336
-4.98341
-4.98343
-4.98337
-4.98342
-4.98343
-4.98339
-4.98338
-4.98343
-4.9834
-4.9834
-4.98343
-4.98336
-4.98344
-4.98342
-4.98343
-4.98345
-4.98337
-4.98337
-4.98339
-4.98344
-4.98339
-4.98337
-4.98339
-4.98339
-4.98343
-4.98342
-4.98341
-4.98337
-4.98342
-4.98335
-4.98337
-4.98336
-4.98336
-4.98339
-4.98344
-4.98343
-4.98336
-4.98341
-4.98342
-4.98341
-4.98345
-4.98335
-4.98344
-4.98345
-4.98338
-4.98341
-4.98336
-4.98345
-4.98341
-4.98344
-4.98343
-4.98336
-4.98339
-4.98336
-4.98338
-4.98336
-4.98344
-4.98335
-4.98337
-4.98336
-4.98338
-4.98344
-4.98338
-4.98341
-4.98336
-4.98341
-4.9834
-4.98336
-4.98338
-4.98337
-4.98344
-4.98344
-4.98337
-4.9834
-4.98341
-4.98344
-4.98336
-4.98337
-4.98337
-4.98343
-4.98342
-4.98344
-4.98341
-4.98337
-4.98339
-4.9834
-4.98344
-4.98341
-4.98342
-4.98338
-4.98337
-4.98342
-4.98342
-4.98343
-4.98342
-4.98339
-4.9834
-4.98344
-4.98337
-4.98337
-4.9834
-4.98338
-4.98343
-4.98343
-4.98345
-4.98336
-4.98339
-4.98343
-4.98345
-4.9834
-4.98338
-4.9834
-4.98337
-4.98342
-4.98336
-4.98335
-4.98336
-4.98345
-4.98341
-4.98343
-4.98344
-4.98335
-4.98343
-4.98344
-4.9834
-4.98339
-4.98338
-4.98336
-4.98337
-4.98336
-4.98339
-4.98336
-4.98338
-4.98345
-4.98336
-4.98338
-4.98337
-4.98338
-4.98335
-4.98335
-4.9834
-4.98337
-4.98344
-4.98341
-4.9834
-4.98339
-4.98338
-4.98339
-4.98339
-4.9834
-4.98337
-4.98339
-4.98343
-4.98338
-4.98342
-4.9834
-4.98344
-4.98338
-4.98341
-4.98339
-4.98344
-4.98339
-4.98337
-4.98343
-4.98338
-4.98342
-4.98336
-4.98335
-4.98342
-4.98338
-4.98338
-4.98342
-4.98337
-4.9834
-4.98344
-4.98335
-4.98343
-4.98336
-4.98337
-4.98335
-4.98339
-4.98341
-4.98341
-4.98343
-4.98335
-4.98344
-4.98337
-4.98337
-4.9834
-4.98338
-4.98341
-4.9834
-4.98339
-4.98342
-4.98341
-4.98337
-4.98341
-4.98336
-4.9834
-4.9834
-4.98337
-4.98335
-4.98343
-4.98343
-4.98341
-4.98345
-4.98339
-4.98344
-4.98337
-4.98336
-4.98338
-4.98343
-4.98336
-4.98345
-4.98341
-4.98341
-4.98343
-4.9834
-4.98344
-4.98341
-4.98339
-4.98338
-4.98336
-4.98341
-4.9834
-4.98336
-4.9834
-4.98343
-4.98338
-4.98339
-4.98342
-4.98342
-4.98343
-4.98343
-4.98344
-4.98341
-4.98337
-4.98342
-4.98341
-4.98336
-4.98338
-4.9834
-4.98339
-4.98339
-4.98337
-4.98343
-4.98343
-4.98342
-4.98337
-4.98335
-4.98336
-4.9834
-4.98336
-4.9834
-4.98344
-4.98335
-4.98336
-4.98339
-4.98343
-4.98336
-4.98335
-4.98339
-4.98342
-4.98336
-4.98336
-4.98339
-4.9834
-4.9834
-4.98342
-4.98344
-4.98345
-4.98338
-4.98336
-4.98344
-4.98335
-4.9834
-4.98343
-4.98338
-4.9834
-4.98336
-4.98335
-4.9834
-4.98339
-4.98344
-4.98342
-4.98341
-4.98344
-4.98335
-4.98341
-4.98339
-4.98337
-4.98341
-4.98343
-4.9834
-4.9834
-4.98344
-4.98338
-4.98343
-4.9834
-4.98336
-4.98339
-4.98336
-4.98335
-4.98339
-4.98341
-4.9834
-4.98342
-4.98337
-4.98345
-4.98341
-4.98337
-4.98341
-4.9834
-4.98337
-4.98343
-4.98344
-4.98341
-4.98342
-4.98335
-4.98335
-4.9834
-4.98342
-4.98339
-4.9834
-4.98339
-4.98336
-4.98338
-4.98336
-4.98336
-4.98336
-4.98341
-4.98345
-4.98339
-4.98343
-4.98337
-4.98335
-4.98336
-4.98337
-4.98337
-4.98343
-4.98335
-4.98336
-4.98336
-4.98337
-4.98338
-4.98341
-4.98339
-4.98343
-4.98344
-4.98345
-4.98343
-4.98338
-4.98338
-4.98343
-4.98342
-4.98342
-4.98343
-4.9834
-4.98337
-4.98337
-4.98335
-4.98337
-4.98339
-4.98343
-4.98337
-4.98336
-4.98339
-4.98337
-4.98343
-4.98339
-4.98341
-4.9834
-4.98345
-4.98344
-4.98342
-4.98337
-4.98335
-4.98337
-4.9834
-4.98343
-4.98338
-4.9834
-4.9834
-4.98337
-4.9834
-4.98343
-4.98343
-4.98344
-4.98336
-4.98335
-4.98338
-4.98342
-4.98341
-4.9834
-4.98344
-4.98341
-4.98345
-4.98343
-4.9834
-4.98336
-4.98336
-4.9834
-4.98336
-4.98337
-4.98341
-4.9834
-4.98343
-4.98337
-4.98344
-4.9834
-4.98336
-4.98341
-4.98336
-4.98338
-4.98337
-4.98343
-4.98338
-4.98343
-4.98339
-4.9834
-4.98336
-4.98338
-4.98338
-4.98338
-4.98339
-4.98339
-4.98341
-4.98339
-4.98339
-4.98343
-4.98339
-4.98342
-4.98337
-4.9834
-4.98336
-4.98335
-4.98337
-4.98344
-4.98336
-4.98345
-4.98343
-4.98343
-4.98336
-4.98343
-4.98344
-4.98344
-4.98338
-4.9834
-4.98337
-4.98344
-4.98336
-4.98337
-4.98337
-4.98337
-4.98337
-4.98336
-4.98337
-4.9834
-4.98344
-4.98341
-4.98335
-4.98337
-4.98337
-4.98344
-4.98344
-4.98336
-4.98336
-4.98337
-4.98344
-4.98343
-4.98342
-4.98342
-4.98345
-4.98344
-4.98342
-4.98336
-4.98338
-4.98341
-4.98343
-4.9834
-4.98335
-4.98338
-4.98344
-4.98343
-4.98339
-4.98341
-4.98344
-4.9834
-4.98345
-4.98344
-4.98338
-4.98335
-4.98343
-4.98339
-4.98342
-4.98343
-4.98336
-4.98337
-4.98343
-4.98339
-4.98339
-4.98343
-4.9834
-4.98341
-4.98343
-4.98335
-4.98335
-4.9834
-4.98343
-4.98341
-4.98343
-4.98338
-4.98336
-4.98338
-4.98343
-4.98337
-4.98344
-4.98341
-4.98344
-4.98336
-4.98344
-4.98335
-4.98336
-4.98343
-4.98341
-4.98344
-4.98339
-4.98344
-4.9834
-4.98339
-4.98343
-4.98342
-4.98345
-4.9834
-4.98336
-4.98343
-4.98343
-4.98336
-4.98343
-4.98341
-4.98344
-4.98339
-4.98345
-4.9834
-4.98337
-4.9834
-4.98341
-4.98339
-4.98339
-4.98338
-4.9834
-4.98341
-4.98339
-4.98336
-4.98336
-4.98339
-4.9834
-4.98341
-4.98336
-4.98335
-4.98336
-4.98336
-4.98338
-4.98344
-4.98341
-4.9834
-4.98342
-4.98339
-4.98345
-4.98338
-4.98343
-4.98339
-4.98338
-4.98341
-4.98344
-4.98337
-4.98339
-4.98337
-4.98344
-4.98337
-4.98338
-4.98338
-4.98336
-4.98339
-4.98338
-4.98343
-4.98345
-4.98337
-4.98339
-4.9834
-4.98335
-4.98342
-4.9834
-4.98341
-4.98342
-4.98345
-4.98342
-4.98343
-4.98339
-4.98338
-4.98336
-4.98341
-4.98344
-4.98335
-4.98342
-4.9834
-4.98342
-4.98338
-4.98344
-4.9834
-4.98337
-4.98336
-4.98337
-4.98338
-4.98336
-4.98342
-4.98339
-4.98344
-4.98342
-4.98338
-4.98338
-4.98335
-4.98335
-4.98345
-4.98337
-4.98336
-4.98341
-4.98337
-4.98336
-4.98342
-4.98342
-4.98339
-4.98339
-4.98335
-4.9834
-4.9834
-4.98338
-4.98335
-4.98339
-4.98344
-4.98341
-4.98336
-4.98342
-4.9834
-4.98344
-4.98337
-4.98336
-4.98341
-4.98344
-4.98337
-4.98336
-4.98344
-4.98341
-4.98336
-4.98338
-4.98343
-4.98337
-4.98338
-4.98337
-4.9834
-4.98336
-4.98337
-4.98339
-4.98345
-4.98335
-4.98337
-4.98343
-4.98342
-4.9834
-4.98342
-4.98336
-4.98338
-4.98335
-4.98338
-4.98341
-4.98341
-4.98339
-4.98342
-4.98344
-4.98343
-4.9834
-4.98345
-4.98339
-4.98335
-4.98335
-4.98342
-4.98341
-4.98342
-4.98345
-4.98335
-4.98343
-4.9834
-4.98341
-4.98342
-4.98345
-4.98339
-4.98335
-4.98339
-4.98339
-4.98345
-4.98345
-4.98343
-4.98335
-4.98342
-4.98343
-4.98336
-4.98339
-4.98337
-4.98343
-4.9834
-4.98337
-4.98341
-4.98336
-4.98339
-4.98337
-4.9834
-4.98341
-4.9834
-4.98337
-4.98338
-4.98345
-4.98338
-4.98339
-4.98343
-4.98339
-4.98341
-4.98337
-4.98343
-4.98337
-4.98338
-4.98337
-4.98339
-4.98342
-4.98339
-4.98343
-4.98341
-4.98344
-4.98345
-4.98344
-4.98341
-4.98341
-4.98335
-4.98342
-4.98336
-4.9834
-4.98338
-4.98338
-4.98338
-4.98345
-4.98335
-4.98339
-4.98337
-4.98336
-4.98339
-4.98341
-4.98342
-4.98339
-4.98336
-4.98344
-4.98343
-4.98339
-4.98339
-4.98338
-4.98345
-4.98343
-4.98341
-4.9834
-4.98335
-4.98345
-4.98335
-4.98341
-4.98337
-4.98339
-4.98344
-4.98343
-4.98342
-4.9834
-4.98343
-4.98344
-4.98341
-4.98338
-4.98339
-4.98345
-4.98341
-4.98342
-4.98336
-4.98343
-4.98343
-4.98345
-4.98337
-4.98344
-4.98343
-4.9834
-4.98336
-4.98345
-4.98341
-4.98343
-4.98336
-4.98337
-4.98338
-4.98335
-4.98342
-4.98341
-4.98335
-4.98344
-4.98339
-4.98339
-4.98342
-4.98344
-4.98338
-4.98343
-4.98339
-4.98336
-4.98335
-4.98339
-4.98339
-4.98338
-4.98341
-4.98342
-4.98338
-4.98339
-4.98343
-4.9834
-4.9834
-4.98342
-4.98339
-4.98343
-4.98335
-4.98337
-4.98339
-4.98341
-4.9834
-4.98345
-4.98345
-4.98343
-4.98344
-4.9834
-4.98337
-4.98336
-4.98343
-4.98341
-4.98339
-4.98342
-4.98336
-4.98341
-4.98337
-4.98344
-4.98342
-4.9834
-4.98339
-4.98341
-4.98335
-4.98343
-4.98342
-4.98338
-4.98339
-4.98341
-4.98338
-4.98344
-4.98338
-4.98336
-4.98343
-4.98337
-4.98344
-4.98338
-4.98337
-4.98337
-4.98341
-4.98345
-4.9834
-4.98344
-4.98345
-4.9834
-4.9834
-4.98339
-4.98339
-4.98342
-4.98338
-4.98336
-4.98345
-4.98337
-4.98335
-4.98336
-4.98342
-4.9834
-4.9834
-4.98338
-4.98339
-4.98345
-4.98336
-4.98342
-4.98337
-4.98339
-4.98335
-4.9834
-4.98343
-4.98345
-4.98339
-4.98343
-4.9834
-4.98335
-4.98338
-4.98335
-4.98339
-4.98337
-4.98338
-4.98342
-4.98341
-4.98336
-4.98341
-4.98343
-4.98335
-4.98341
-4.98341
-4.98343
-4.98338
-4.98339
-4.98335
-4.98344
-4.98344
-4.98337
-4.98339
-4.98336
-4.98343
-4.98336
-4.9834
-4.98345
-4.98345
-4.98338
-4.98339
-4.98335
-4.98343
-4.98339
-4.98336
-4.98341
-4.98336
-4.98337
-4.98335
-4.98345
-4.98342
-4.98339
-4.98336
-4.98338
-4.98336
-4.98344
-4.98338
-4.98345
-4.98341
-4.98337
-4.98343
-4.98336
-4.98339
-4.98338
-4.98339
-4.98336
-4.98337
-4.98343
-4.98342
-4.98341
-4.98345
-4.98341
-4.98343
-4.98337
-4.98345
-4.98342
-4.98342
-4.9834
-4.98339
-4.98338
-4.98344
-4.98341
-4.98342
-4.98336
-4.98336
-4.98345
-4.98338
-4.98338
-4.98342
-4.98344
-4.98336
-4.98337
-4.98344
-4.98343
-4.98338
-4.9834
-4.98344
-4.98338
-4.98338
-4.98335
-4.98344
-4.98338
-4.9834
-4.98345
-4.98342
-4.98342
-4.98338
-4.98345
-4.98339
-4.98338
-4.98339
-4.98337
-4.98339
-4.98339
-4.98341
-4.98344
-4.98345
-4.98337
-4.98337
-4.98335
-4.98335
-4.98339
-4.98344
-4.98338
-4.98337
-4.98339
-4.9834
-4.9834
-4.98344
-4.98342
-4.98339
-4.98345
-4.9834
-4.98338
-4.98338
-4.98343
-4.98336
-4.98341
-4.98337
-4.98339
-4.98344
-4.9834
-4.98337
-4.98335
-4.98338
-4.98344
-4.98344
-4.98338
-4.98337
-4.98337
-4.98337
-4.9834
-4.98335
-4.98339
-4.98335
-4.98339
-4.98344
-4.98338
-4.98344
-4.98341
-4.98339
-4.98335
-4.9834
-4.98344
-4.98341
-4.9834
-4.98343
-4.9834
-4.98336
-4.98341
-4.98343
-4.98343
-4.98336
-4.98335
-4.98343
-4.98335
-4.98344
-4.98336
-4.98343
-4.98341
-4.98335
-4.98336
-4.98341
-4.98344
-4.98337
-4.98336
-4.98341
-4.98338
-4.9834
-4.98337
-4.9834
-4.98335
-4.98337
-4.98339
-4.9834
-4.98341
-4.98342
-4.98336
-4.98344
-4.98338
-4.98338
-4.98339
-4.98342
-4.98338
-4.98337
-4.98341
-4.98335
-4.98345
-4.98341
-4.98339
-4.98339
-4.98336
-4.98344
-4.98336
-4.9834
-4.98342
-4.98336
-4.98341
-4.9834
-4.98345
-4.98338
-4.98338
-4.98341
-4.98343
-4.98338
-4.98343
-4.98344
-4.9834
-4.98343
-4.98345
-4.98339
-4.98337
-4.98343
-4.98342
-4.98336
-4.98339
-4.98338
-4.98335
-4.9834
-4.98342
-4.9834
-4.98342
-4.98343
-4.98342
-4.98342
-4.9834
-4.98342
-4.98338
-4.9834
-4.98338
-4.98338
-4.9834
-4.98343
-4.98338
-4.98338
-4.98342
-4.98345
-4.98342
-4.98343
-4.98342
-4.98344
-4.98335
-4.98343
-4.9834
-4.98335
-4.98344
-4.98336
-4.98345
-4.98336
-4.98345
-4.98341
-4.98344
-4.98344
-4.98338
-4.9834
-4.98341
-4.98337
-4.98338
-4.98338
-4.98338
-4.98338
-4.9834
-4.98337
-4.98339
-4.98339
-4.98338
-4.98335
-4.98338
-4.98337
-4.98342
-4.98344
-4.98337
-4.98345
-4.98345
-4.98337
-4.98336
-4.98341
-4.98335
-4.9834
-4.98336
-4.98341
-4.98337
-4.98345
-4.98335
-4.98336
-4.98342
-4.98339
-4.98338
-4.98338
-4.98338
-4.98341
-4.98343
-4.9834
-4.98335
-4.98336
-4.98344
-4.9834
-4.9834
-4.98341
-4.98344
-4.98338
-4.98343
-4.98344
-4.98344
-4.98344
-4.98344
-4.98338
-4.98345
-4.9834
-4.9834
-4.98344
-4.98341
-4.98342
-4.9834
-4.9834
-4.98338
-4.98341
-4.98344
-4.98343
-4.98339
-4.98343
-4.98337
-4.98338
-4.98343
-4.98343
-4.98338
-4.98338
-4.98341
-4.98335
-4.98342
-4.98343
-4.98336
-4.98339
-4.98339
-4.98343
-4.98337
-4.98344
-4.98344
-4.98339
-4.98341
-4.98336
-4.98342
-4.98341
-4.98344
-4.98343
-4.98343
-4.98342
-4.98341
-4.98335
-4.98338
-4.9834
-4.9834
-4.98338
-4.98338
-4.98337
-4.98343
-4.98344
-4.98343
-4.98339
-4.98343
-4.98338
-4.98339
-4.98343
-4.98336
-4.98343
-4.98338
-4.9834
-4.98342
-4.98338
-4.98343
-4.98341
-4.98345
-4.98338
-4.98343
-4.98341
-4.98338
-4.98337
-4.98338
-4.98336
-4.98339
-4.98341
-4.98342
-4.98343
-4.98335
-4.9834
-4.98341
-4.98343
-4.98343
-4.98337
-4.98338
-4.98335
-4.98344
-4.9834
-4.98344
-4.9834
-4.98343
-4.98337
-4.98341
-4.9834
-4.9834
-4.98337
-4.98345
-4.98336
-4.98336
-4.98338
-4.98342
-4.9834
-4.98343
-4.98344
-4.98336
-4.98338
-4.98339
-4.98335
-4.98345
-4.98344
-4.98337
-4.9834
-4.98344
-4.98335
-4.98345
-4.98336
-4.98339
-4.98343
-4.98342
-4.98345
-4.98342
-4.98344
-4.98338
-4.98337
-4.98341
-4.98338
-4.9834
-4.98342
-4.98341
-4.98337
-4.98338
-4.98342
-4.98342
-4.9834
-4.98338
-4.9834
-4.98338
-4.98342
-4.98341
-4.98338
-4.98344
-4.98338
-4.98336
-4.98343
-4.98344
-4.98342
-4.98336
-4.98338
-4.9834
-4.98345
-4.98336
-4.98343
-4.98343
-4.98336
-4.9834
-4.98345
-4.98338
-4.98336
-4.98338
-4.98337
-4.98339
-4.9834
-4.98342
-4.98343
-4.98338
-4.98342
-4.98336
-4.98341
-4.98336
-4.9834
-4.98342
-4.98339
-4.98339
-4.98337
-4.98343
-4.9834
-4.98336
-4.98337
-4.9834
-4.9834
-4.98343
-4.98337
-4.98342
-4.98339
-4.98339
-4.98343
-4.98342
-4.98345
-4.98339
-4.9834
-4.98343
-4.98338
-4.98343
-4.98337
-4.98341
-4.98344
-4.9834
-4.98339
-4.98344
-4.98345
-4.98336
-4.98343
-4.98337
-4.9834
-4.98341
-4.98343
-4.98344
-4.98339
-4.98339
-4.98342
-4.98341
-4.98342
-4.98342
-4.98341
-4.98344
-4.98341
-4.98336
-4.98341
-4.98341
-4.98337
-4.98345
-4.98338
-4.98336
-4.98339
-4.98336
-4.98344
-4.9834
-4.98342
-4.98345
-4.98343
-4.98339
-4.98335
-4.98342
-4.98341
-4.98338
-4.9834
-4.98343
-4.98336
-4.9834
-4.98343
-4.9834
-4.98344
-4.98336
-4.98337
-4.9834
-4.98341
-4.98345
-4.98345
-4.98335
-4.98339
-4.98343
-4.98336
-4.98338
-4.98344
-4.98345
-4.98341
-4.98341
-4.98345
-4.98344
-4.98339
-4.98344
-4.98341
-4.98338
-4.98338
-4.98344
-4.98345
-4.98338
-4.98343
-4.98341
-4.98344
-4.98339
-4.98345
-4.98336
-4.98343
-4.98338
-4.98339
-4.98345
-4.98337
-4.98344
-4.98339
-4.98337
-4.98342
-4.98337
-4.98341
-4.98338
-4.98342
-4.98345
-4.98336
-4.98337
-4.98345
-4.98344
-4.9834
-4.98344
-4.98345
-4.98338
-4.9834
-4.98339
-4.98336
-4.98337
-4.98341
-4.98342
-4.98341
-4.9834
-4.98342
-4.98337
-4.9834
-4.98336
-4.98343
-4.98336
-4.98343
-4.98336
-4.98343
-4.98344
-4.98344
-4.98342
-4.98336
-4.9834
-4.98336
-4.98336
-4.98343
-4.98338
-4.98344
-4.98337
-4.98336
-4.98342
-4.98343
-4.98343
-4.98345
-4.98342
-4.98342
-4.98336
-4.98345
-4.98335
-4.98335
-4.98337
-4.98338
-4.98343
-4.98343
-4.9834
-4.98337
-4.98336
-4.98336
-4.98338
-4.98337
-4.98338
-4.98339
-4.98345
-4.9834
-4.98342
-4.98336
-4.98345
-4.98343
-4.98338
-4.98341
-4.98341
-4.98336
-4.98345
-4.98339
-4.98341
-4.98336
-4.98336
-4.98339
-4.98337
-4.98338
-4.98342
-4.98344
-4.98341
-4.98342
-4.98339
-4.9834
-4.98343
-4.98339
-4.9834
-4.98342
-4.98343
-4.98342
-4.98335
-4.9834
-4.98338
-4.98335
-4.98336
-4.98343
-4.9834
-4.98336
-4.98339
-4.98341
-4.9834
-4.98341
-4.98339
-4.98341
-4.98341
-4.98339
-4.98336
-4.98339
-4.98341
-4.98337
-4.98341
-4.98339
-4.9834
-4.98342
-4.9834
-4.98345
-4.98341
-4.98341
-4.98342
-4.98343
-4.98343
-4.98343
-4.98344
-4.98338
-4.98338
-4.98344
-4.98341
-4.98343
-4.98342
-4.98339
-4.98337
-4.98335
-4.98338
-4.98342
-4.98337
-4.98336
-4.98344
-4.98335
-4.98337
-4.98342
-4.98338
-4.98339
-4.98336
-4.9834
-4.9834
-4.98344
-4.98337
-4.98339
-4.98339
-4.98341
-4.9834
-4.98341
-4.98344
-4.98345
-4.98336
-4.98339
-4.98341
-4.98342
-4.98344
-4.98342
-4.98336
-4.98339
-4.98337
-4.9834
-4.98338
-4.98344
-4.98343
-4.98343
-4.98342
-4.98344
-4.98335
-4.98336
-4.98336
-4.98343
-4.98342
-4.9834
-4.98343
-4.98342
-4.9834
-4.98341
-4.98343
-4.98336
-4.98341
-4.98342
-4.98343
-4.98341
-4.98338
-4.98338
-4.98342
-4.98342
-4.98338
-4.98336
-4.98339
-4.98338
-4.98338
-4.98339
-4.98339
-4.98344
-4.9834
-4.98342
-4.98339
-4.98341
-4.98336
-4.98337
-4.98339
-4.98343
-4.9834
-4.98344
-4.98344
-4.98344
-4.98337
-4.98343
-4.98344
-4.98339
-4.98344
-4.98344
-4.98338
-4.98336
-4.98344
-4.9834
-4.98343
-4.98344
-4.98336
-4.98339
-4.98336
-4.98344
-4.98335
-4.98338
-4.9834
-4.98338
-4.98342
-4.98343
-4.9834
-4.98344
-4.9834
-4.98342
-4.98344
-4.98339
-4.98343
-4.98345
-4.98342
-4.98337
-4.98344
-4.98341
-4.98341
-4.98344
-4.9834
-4.98344
-4.98339
-4.98336
-4.98341
-4.98335
-4.98343
-4.98338
-4.98341
-4.98339
-4.98336
-4.98337
-4.98341
-4.98344
-4.98337
-4.98336
-4.98338
-4.98343
-4.98343
-4.98336
-4.98344
-4.98344
-4.98337
-4.98335
-4.98336
-4.98341
-4.98344
-4.98341
-4.98344
-4.9834
-4.98344
-4.9834
-4.98335
-4.98341
-4.98342
-4.98338
-4.98342
-4.98336
-4.98336
-4.98343
-4.98341
-4.98343
-4.98337
-4.98338
-4.98342
-4.98343
-4.98336
-4.98336
-4.98336
-4.98337
-4.98343
-4.98339
-4.9834
-4.9834
-4.98343
-4.98341
-4.98336
-4.98338
-4.98343
-4.98339
-4.98345
-4.9834
-4.98344
-4.98345
-4.98339
-4.98339
-4.98341
-4.98344
-4.98341
-4.98345
-4.98339
-4.98344
-4.98344
-4.98337
-4.98336
-4.98345
-4.98335
-4.98345
-4.98343
-4.98335
-4.98338
-4.98342
-4.98345
-4.98344
-4.98345
-4.98342
-4.98341
-4.9834
-4.98339
-4.98335
-4.98344
-4.98336
-4.98342
-4.9834
-4.98338
-4.98343
-4.98336
-4.98338
-4.98341
-4.98345
-4.98337
-4.98342
-4.98343
-4.98339
-4.98336
-4.98343
-4.98344
-4.98338
-4.98337
-4.98341
-4.9834
-4.98343
-4.98336
-4.98341
-4.98339
-4.98343
-4.98343
-4.98338
-4.98343
-4.98342
-4.9834
-4.98338
-4.98345
-4.98343
-4.98339
-4.98339
-4.98337
-4.98336
-4.98344
-4.98338
-4.98341
-4.98338
-4.98341
-4.98343
-4.98338
-4.98344
-4.98336
-4.98336
-4.98345
-4.98342
-4.98338
-4.98343
-4.9834
-4.98344
-4.98337
-4.98335
-4.98337
-4.98344
-4.98338
-4.98336
-4.98344
-4.98339
-4.98337
-4.98341
-4.98337
-4.98342
-4.98338
-4.98338
-4.98343
-4.98336
-4.9834
-4.98341
-4.9834
-4.98342
-4.98341
-4.98336
-4.98336
-4.98345
-4.98337
-4.98339
-4.98344
-4.98341
-4.98336
-4.9834
-4.98335
-4.98343
-4.98336
-4.9834
-4.98344
-4.98338
-4.98344
-4.98343
-4.9834
-4.98341
-4.9834
-4.98343
-4.98341
-4.98342
-4.9834
-4.9834
-4.98343
-4.98335
-4.98338
-4.98341
-4.98345
-4.98336
-4.98345
-4.98343
-4.9834
-4.98336
-4.98343
-4.9834
-4.98342
-4.98342
-4.98338
-4.98337
-4.98337
-4.98343
-4.98344
-4.9834
-4.9834
-4.98336
-4.98341
-4.9834
-4.98345
-4.9834
-4.98336
-4.98345
-4.98344
-4.98336
-4.98336
-4.98335
-4.98344
-4.98336
-4.98338
-4.98345
-4.98343
-4.98343
-4.98344
-4.98338
-4.98336
-4.9834
-4.98337
-4.98339
-4.98344
-4.9834
-4.98339
-4.98342
-4.98336
-4.98342
-4.9834
-4.9834
-4.98343
-4.98342
-4.98339
-4.98336
-4.98344
-4.98337
-4.98339
-4.9834
-4.98341
-4.98343
-4.98339
-4.98336
-4.98335
-4.98345
-4.9834
-4.98341
-4.98336
-4.98339
-4.98343
-4.9834
-4.98343
-4.98344
-4.98339
-4.98343
-4.98338
-4.98339
-4.98342
-4.98339
-4.98337
-4.98335
-4.98335
-4.98336
-4.98338
-4.98337
-4.98337
-4.98337
-4.98338
-4.98341
-4.9834
-4.98336
-4.98342
-4.9834
-4.98341
-4.98337
-4.98336
-4.98335
-4.98337
-4.9834
-4.9834
-4.98345
-4.98342
-4.9834
-4.9834
-4.98338
-4.98344
-4.98343
-4.98342
-4.98336
-4.98344
-4.98342
-4.98345
-4.98344
-4.98344
-4.98337
-4.98338
-4.98335
-4.98337
-4.98337
-4.98338
-4.98342
-4.98343
-4.98336
-4.98341
-4.98336
-4.98343
-4.98336
-4.98342
-4.98338
-4.98339
-4.9834
-4.98336
-4.98342
-4.98339
-4.98343
-4.98336
-4.98342
-4.98343
-4.98337
-4.98339
-4.98335
-4.98344
-4.98342
-4.98342
-4.98342
-4.98342
-4.98336
-4.98342
-4.98338
-4.98341
-4.98344
-4.98344
-4.98345
-4.9834
-4.98341
-4.98344
-4.98339
-4.98344
-4.98339
-4.98342
-4.98337
-4.98342
-4.98337
-4.98345
-4.98339
-4.98345
-4.98339
-4.98343
-4.98343
-4.98344
-4.98344
-4.98338
-4.98342
-4.98336
-4.98336
-4.98336
-4.98338
-4.98337
-4.98337
-4.98337
-4.98342
-4.98341
-4.98344
-4.98343
-4.98337
-4.98337
-4.98336
-4.98337
-4.98337
-4.98337
-4.98338
-4.98336
-4.98342
-4.98341
-4.98338
-4.9834
-4.98343
-4.98338
-4.98337
-4.98337
-4.98345
-4.98344
-4.98345
-4.98338
-4.98344
-4.98343
-4.98336
-4.9834
-4.98345
-4.98337
-4.98337
-4.98341
-4.98338
-4.98337
-4.98339
-4.98341
-4.98336
-4.98344
-4.98341
-4.98336
-4.98345
-4.98338
-4.9834
-4.98343
-4.9834
-4.98335
-4.98338
-4.98345
-4.98341
-4.98342
-4.98342
-4.98339
-4.98341
-4.9834
-4.98336
-4.98335
-4.98336
-4.98343
-4.98344
-4.98337
-4.98337
-4.98339
-4.98344
-4.9834
-4.98338
-4.98341
-4.9834
-4.98343
-4.9834
-4.9834
-4.98335
-4.98344
-4.98335
-4.98342
-4.98337
-4.98341
-4.98343
-4.98341
-4.98337
-4.98338
-4.98345
-4.98341
-4.98341
-4.98339
-4.98342
-4.98338
-4.98342
-4.9834
-4.98341
-4.98336
-4.98336
-4.98341
-4.98341
-4.98337
-4.98344
-4.98339
-4.98342
-4.9834
-4.98339
-4.98339
-4.98339
-4.98339
-4.98341
-4.9834
-4.98343
-4.98337
-4.98338
-4.98342
-4.98335
-4.98341
-4.98343
-4.9834
-4.98343
-4.98337
-4.98341
-4.98341
-4.98335
-4.98341
-4.98336
-4.98344
-4.98342
-4.98335
-4.98339
-4.98343
-4.98339
-4.98342
-4.98339
-4.9834
-4.98336
-4.9834
-4.98345
-4.98342
-4.98337
-4.98344
-4.98345
-4.98336
-4.98336
-4.98339
-4.98345
-4.98335
-4.98338
-4.98343
-4.98337
-4.9834
-4.98345
-4.98344
-4.98344
-4.98342
-4.98339
-4.98342
-4.98343
-4.98341
-4.98341
-4.9834
-4.98342
-4.98344
-4.98337
-4.98343
-4.98335
-4.98343
-4.9834
-4.98342
-4.98342
-4.98338
-4.98337
-4.98343
-4.98339
-4.98342
-4.98344
-4.9834
-4.98342
-4.98342
-4.98338
-4.98338
-4.98336
-4.98341
-4.98341
-4.98337
-4.98339
-4.98336
-4.98339
-4.98339
-4.98336
-4.98341
-4.98341
-4.98342
-4.98344
-4.98345
-4.98345
-4.98336
-4.98339
-4.9834
-4.98344
-4.98341
-4.98343
-4.98336
-4.98339
-4.98341
-4.98339
-4.98342
-4.98342
-4.98337
-4.98335
-4.98335
-4.98337
-4.98338
-4.98345
-4.98335
-4.98345
-4.98339
-4.98339
-4.98338
-4.98343
-4.98338
-4.98343
-4.98341
-4.98344
-4.98344
-4.98342
-4.98338
-4.98338
-4.98335
-4.98343
-4.98342
-4.98338
-4.98335
-4.98338
-4.98345
-4.98337
-4.98338
-4.98336
-4.9834
-4.98339
-4.98341
-4.98342
-4.98345
-4.98337
-4.98342
-4.98335
-4.9834
-4.9834
-4.9834
-4.98341
-4.98337
-4.98343
-4.98339
-4.98342
-4.98342
-4.98339
-4.9834
-4.98335
-4.98344
-4.98343
-4.98338
-4.98342
-4.98341
-4.98336
-4.98343
-4.98341
-4.98337
-4.98339
-4.9834
-4.98337
-4.98336
-4.98344
-4.98343
-4.98339
-4.98341
-4.98338
-4.98343
-4.98345
-4.98343
-4.98339
-4.98341
-4.98341
-4.98337
-4.98337
-4.98337
-4.98341
-4.98337
-4.9834
-4.98338
-4.98336
-4.98345
-4.98338
-4.98335
-4.98344
-4.98344
-4.98341
-4.98344
-4.98341
-4.98337
-4.98337
-4.98342
-4.98335
-4.98339
-4.98344
-4.98343
-4.98341
-4.9834
-4.98338
-4.98336
-4.98343
-4.98342
-4.98338
-4.98338
-4.98337
-4.98337
-4.98337
-4.98338
-4.98343
-4.98341
-4.98338
-4.98339
-4.98344
-4.98343
-4.98341
-4.98337
-4.98336
-4.98336
-4.98343
-4.98345
-4.98336
-4.98339
-4.98345
-4.98343
-4.98344
-4.98341
-4.98336
-4.98337
-4.98335
-4.9834
-4.98341
-4.98341
-4.98335
-4.98345
-4.98337
-4.98342
-4.98335
-4.98335
-4.9834
-4.98336
-4.98344
-4.98341
-4.98336
-4.98345
-4.98337
-4.98336
-4.98343
-4.98344
-4.98338
-4.98345
-4.98344
-4.98339
-4.98339
-4.98338
-4.98343
-4.98343
-4.98339
-4.9834
-4.98336
-4.98342
-4.98335
-4.98343
-4.98336
-4.98339
-4.9834
-4.98338
-4.98339
-4.9834
-4.98342
-4.98343
-4.98342
-4.98342
-4.98341
-4.9834
-4.98343
-4.98341
-4.9834
-4.98337
-4.98339
-4.9834
-4.98336
-4.98343
-4.98343
-4.98343
-4.98336
-4.98338
-4.98341
-4.9834
-4.98342
-4.98337
-4.98344
-4.98336
-4.98338
-4.98337
-4.98341
-4.98342
-4.9834
-4.98336
-4.98342
-4.98338
-4.98335
-4.98337
-4.98338
-4.98338
-4.98338
-4.9834
-4.98342
-4.98336
-4.98338
-4.98344
-4.98341
-4.98343
-4.98343
-4.98341
-4.98343
-4.98341
-4.98336
-4.98338
-4.9834
-4.98341
-4.98337
-4.98338
-4.98337
-4.98336
-4.98341
-4.98339
-4.98342
-4.98344
-4.98337
-4.98343
-4.98341
-4.98343
-4.98344
-4.98343
-4.98337
-4.98337
-4.9834
-4.98342
-4.9834
-4.98343
-4.98345
-4.98345
-4.98344
-4.98343
-4.98344
-4.98341
-4.98338
-4.98343
-4.98337
-4.98337
-4.98342
-4.98336
-4.98342
-4.98343
-4.98343
-4.9834
-4.98335
-4.98339
-4.9834
-4.98337
-4.98337
-4.98343
-4.98343
-4.98344
-4.98341
-4.98341
-4.98342
-4.98345
-4.98336
-4.98338
-4.98339
-4.9834
-4.98344
-4.98341
-4.98343
-4.98339
-4.98339
-4.98341
-4.9834
-4.98337
-4.98336
-4.98343
-4.98345
-4.98339
-4.98343
-4.98338
-4.98343
-4.98343
-4.98341
-4.98341
-4.98335
-4.98337
-4.9834
-4.98341
-4.9834
-4.98343
-4.98336
-4.98336
-4.98338
-4.98337
-4.98341
-4.98344
-4.98337
-4.9834
-4.98338
-4.98342
-4.98339
-4.98345
-4.98344
-4.98339
-4.98342
-4.98343
-4.98338
-4.98344
-4.9834
-4.98342
-4.98339
-4.98342
-4.98345
-4.98343
-4.98342
-4.9834
-4.98335
-4.98341
-4.98337
-4.98342
-4.98343
-4.98343
-4.98343
-4.98344
-4.98337
-4.98344
-4.98338
-4.98339
-4.98341
-4.98345
-4.9834
-4.98341
-4.98341
-4.98344
-4.98344
-4.98337
-4.98336
-4.98337
-4.98343
-4.98338
-4.98339
-4.98342
-4.98344
-4.98335
-4.9834
-4.98337
-4.98338
-4.98339
-4.98344
-4.98345
-4.98335
-4.98336
-4.98342
-4.98337
-4.98336
-4.98337
-4.98338
-4.98337
-4.98343
-4.98336
-4.98342
-4.98342
-4.98341
-4.98341
-4.98343
-4.98337
-4.98343
-4.98343
-4.98344
-4.98338
-4.9834
-4.98343
-4.98341
-4.98343
-4.98338
-4.9834
-4.98335
-4.98343
-4.98342
-4.98343
-4.98339
-4.98338
-4.98344
-4.98341
-4.9834
-4.98335
-4.98336
-4.9834
-4.98344
-4.98339
-4.9834
-4.98342
-4.98337
-4.98344
-4.9834
-4.98344
-4.9834
-4.9834
-4.98341
-4.98339
-4.9834
-4.98339
-4.98344
-4.98335
-4.98337
-4.98336
-4.98337
-4.98341
-4.98336
-4.98338
-4.98343
-4.98342
-4.98344
-4.98335
-4.98343
-4.98337
-4.98337
-4.98345
-4.98344
-4.98337
-4.98338
-4.98335
-4.98337
-4.9834
-4.98337
-4.98341
-4.98339
-4.98339
-4.98339
-4.98343
-4.98342
-4.98341
-4.98335
-4.98336
-4.98336
-4.98342
-4.98343
-4.98342
-4.98337
-4.98344
-4.98344
-4.98341
-4.98338
-4.98337
-4.98336
-4.98337
-4.98342
-4.98335
-4.98343
-4.98341
-4.98343
-4.98342
-4.98338
-4.98344
-4.98336
-4.98342
-4.98344
-4.98337
-4.98336
-4.98343
-4.98341
-4.98342
-4.98341
-4.9834
-4.98336
-4.98339
-4.98344
-4.9834
-4.98343
-4.98339
-4.98343
-4.98339
-4.9834
-4.98339
-4.98338
-4.98337
-4.98344
-4.98339
-4.98337
-4.98343
-4.9834
-4.98343
-4.98344
-4.98341
-4.98342
-4.98337
-4.98335
-4.98341
-4.98344
-4.98336
-4.9834
-4.98343
-4.98344
-4.98336
-4.98343
-4.98345
-4.98344
-4.98337
-4.9834
-4.9834
-4.98344
-4.98342
-4.98341
-4.98337
-4.98335
-4.9834
-4.98344
-4.98337
-4.98336
-4.98344
-4.9834
-4.98338
-4.98336
-4.98342
-4.98338
-4.98337
-4.98342
-4.98342
-4.98339
-4.98338
-4.98338
-4.98343
-4.98338
-4.98342
-4.98342
-4.98341
-4.98336
-4.98341
-4.98335
-4.9834
-4.98337
-4.98341
-4.9834
-4.98344
-4.98336
-4.98336
-4.98342
-4.98337
-4.98344
-4.98343
-4.98338
-4.98339
-4.98341
-4.98337
-4.98345
-4.98336
-4.98337
-4.98341
-4.98339
-4.98336
-4.98336
-4.98344
-4.98342
-4.98342
-4.9834
-4.98341
-4.9834
-4.98343
-4.98343
-4.98343
-4.98343
-4.98336
-4.98338
-4.9834
-4.98339
-4.9834
-4.98344
-4.98336
-4.98343
-4.98342
-4.98338
-4.98345
-4.98343
-4.98341
-4.98341
-4.98335
-4.98341
-4.98342
-4.98339
-4.98338
-4.9834
-4.98343
-4.98343
-4.98342
-4.98343
-4.98338
-4.98337
-4.98343
-4.98344
-4.98337
-4.98337
-4.98345
-4.98345
-4.98338
-4.98335
-4.98344
-4.98336
-4.98341
-4.98336
-4.98343
-4.9834
-4.98344
-4.98339
-4.98343
-4.9834
-4.98337
-4.98338
-4.98341
-4.98337
-4.98338
-4.98341
-4.98338
-4.98344
-4.9834
-4.98337
-4.98343
-4.98336
-4.98341
-4.98337
-4.98338
-4.98343
-4.98339
-4.98344
-4.98337
-4.98336
-4.98342
-4.9834
-4.98338
-4.98344
-4.98345
-4.98342
-4.98344
-4.98344
-4.98338
-4.98337
-4.98341
-4.98338
-4.98339
-4.98339
-4.9834
-4.98344
-4.98341
-4.98343
-4.98345
-4.98339
-4.9834
-4.98341
-4.98338
-4.98344
-4.98338
-4.98342
-4.98336
-4.98344
-4.98335
-4.98335
-4.98339
-4.98337
-4.98335
-4.98338
-4.98339
-4.9834
-4.98339
-4.98337
-4.98342
-4.98344
-4.98342
-4.98338
-4.98344
-4.98344
-4.98341
-4.98343
-4.98337
-4.98337
-4.98341
-4.98342
-4.98343
-4.98343
-4.98336
-4.9834
-4.98343
-4.98337
-4.98338
-4.98336
-4.98345
-4.98343
-4.98341
-4.9834
-4.98338
-4.98342
-4.98335
-4.98344
-4.98338
-4.98335
-4.98344
-4.98344
-4.98336
-4.98341
-4.98343
-4.98338
-4.98341
-4.98336
-4.98337
-4.98342
-4.98345
-4.98344
-4.98341
-4.98336
-4.98343
-4.98341
-4.98337
-4.98343
-4.98335
-4.98337
-4.98336
-4.98341
-4.98344
-4.98341
-4.98342
-4.98345
-4.98341
-4.9834
-4.98337
-4.98339
-4.98343
-4.98338
-4.98338
-4.98338
-4.98341
-4.98336
-4.98336
-4.98342
-4.98343
-4.98339
-4.98337
-4.98338
-4.98338
-4.98342
-4.98343
-4.98345
-4.98338
-4.98341
-4.98335
-4.98342
-4.98338
-4.98342
-4.98337
-4.98338
-4.98338
-4.98342
-4.98344
-4.98341
-4.98341
-4.9834
-4.98344
-4.98342
-4.98342
-4.98339
-4.98336
-4.9834
-4.98338
-4.98338
-4.98345
-4.98339
-4.98337
-4.98338
-4.98337
-4.98335
-4.98344
-4.98343
-4.98339
-4.9834
-4.98342
-4.98339
-4.98337
-4.98336
-4.98337
-4.98342
-4.98343
-4.98339
-4.9834
-4.98344
-4.98339
-4.98342
-4.98341
-4.98343
-4.98339
-4.98336
-4.98342
-4.98345
-4.98339
-4.98337
-4.98339
-4.98338
-4.98343
-4.98342
-4.98336
-4.98335
-4.98343
-4.98344
-4.98342
-4.98341
-4.98338
-4.98335
-4.98341
-4.9834
-4.98342
-4.98338
-4.9834
-4.98337
-4.98337
-4.98337
-4.98344
-4.98338
-4.98337
-4.98338
-4.98338
-4.98344
-4.98337
-4.98341
-4.98343
-4.98336
-4.98342
-4.98338
-4.98344
-4.98342
-4.98336
-4.98345
-4.9834
-4.98342
-4.98339
-4.98341
-4.98345
-4.98336
-4.98345
-4.98336
-4.98344
-4.98337
-4.98341
-4.98341
-4.98343
-4.9834
-4.98336
-4.9834
-4.98344
-4.98339
-4.98337
-4.98335
-4.98343
-4.98341
-4.98339
-4.98336
-4.98336
-4.98337
-4.98344
-4.98338
-4.98344
-4.98337
-4.98337
-4.98338
-4.98336
-4.9834
-4.98339
-4.98344
-4.98343
-4.98345
-4.98342
-4.9834
-4.98335
-4.98339
-4.98338
-4.98335
-4.98342
-4.98337
-4.98337
-4.98341
-4.98339
-4.98335
-4.98335
-4.98339
-4.98344
-4.98339
-4.98344
-4.98335
-4.98342
-4.98337
-4.98345
-4.98338
-4.98341
-4.98344
-4.9834
-4.98339
-4.98336
-4.98341
-4.98343
-4.98335
-4.9834
-4.98337
-4.98345
-4.98341
-4.98344
-4.98335
-4.98338
-4.98344
-4.98341
-4.98336
-4.98343
-4.98343
-4.9834
-4.98341
-4.98341
-4.98338
-4.98342
-4.98341
-4.98341
-4.98336
-4.9834
-4.98341
-4.98343
-4.98344
-4.98336
-4.98341
-4.98343
-4.98339
-4.98336
-4.98345
-4.98336
-4.9834
-4.98342
-4.98341
-4.98338
-4.9834
-4.98343
-4.98335
-4.9834
-4.98336
-4.98339
-4.98338
-4.9834
-4.98341
-4.9834
-4.98342
-4.98338
-4.98339
-4.98339
-4.98338
-4.98345
-4.98343
-4.98342
-4.98341
-4.98345
-4.98342
-4.98344
-4.98338
-4.9834
-4.98342
-4.9834
-4.98341
-4.98343
-4.98338
-4.98337
-4.9834
-4.98336
-4.98341
-4.98341
-4.98339
-4.98337
-4.9834
-4.98342
-4.98341
-4.98343
-4.9834
-4.9834
-4.9834
-4.98339
-4.98345
-4.98338
-4.98344
-4.98342
-4.98337
-4.9834
-4.98337
-4.98343
-4.98343
-4.98344
-4.98344
-4.9834
-4.98341
-4.98343
-4.9834
-4.98338
-4.98338
-4.98338
-4.98343
-4.98336
-4.98342
-4.98339
-4.98342
-4.98337
-4.98344
-4.98338
-4.98344
-4.98342
-4.98336
-4.98342
-4.98343
-4.98345
-4.98344
-4.98344
-4.98338
-4.98337
-4.98344
-4.9834
-4.98337
-4.98339
-4.98343
-4.98345
-4.98344
-4.98344
-4.98342
-4.98337
-4.98342
-4.98336
-4.98341
-4.98339
-4.98338
-4.98345
-4.98341
-4.98344
-4.98342
-4.98336
-4.98338
-4.98344
-4.98344
-4.98341
-4.98337
-4.98339
-4.98344
-4.98342
-4.98343
-4.98336
-4.98337
-4.9834
-4.98338
-4.98339
-4.98341
-4.98342
-4.98337
-4.98344
-4.98338
-4.98336
-4.98344
-4.98339
-4.98339
-4.98336
-4.9834
-4.98338
-4.98335
-4.98337
-4.9834
-4.98339
-4.98339
-4.98336
-4.9834
-4.98336
-4.98344
-4.98337
-4.98338
-4.98341
-4.98341
-4.98339
-4.98338
-4.98341
-4.9834
-4.98338
-4.98335
-4.98337
-4.98338
-4.98341
-4.98339
-4.98344
-4.98341
-4.98344
-4.9834
-4.98337
-4.98337
-4.98338
-4.98338
-4.9834
-4.98343
-4.98338
-4.98336
-4.98343
-4.98335
-4.98342
-4.98344
-4.98344
-4.98344
-4.98337
-4.98337
-4.98339
-4.98339
-4.98337
-4.98342
-4.98344
-4.98336
-4.98337
-4.98341
-4.98342
-4.98338
-4.98342
-4.98342
-4.9834
-4.98343
-4.98341
-4.98337
-4.98335
-4.98339
-4.98341
-4.98343
-4.9834
-4.98336
-4.98339
-4.9834
-4.98339
-4.98335
-4.98339
-4.98336
-4.98338
-4.9834
-4.98339
-4.98343
-4.98336
-4.98342
-4.9834
-4.98335
-4.98342
-4.98341
-4.98338
-4.98342
-4.9834
-4.9834
-4.98336
-4.98336
-4.98337
-4.98341
-4.98344
-4.98344
-4.98337
-4.9834
-4.98338
-4.98339
-4.98344
-4.98344
-4.98339
-4.98343
-4.98342
-4.98339
-4.98342
-4.98337
-4.9834
-4.98338
-4.98341
-4.98337
-4.98338
-4.98344
-4.98344
-4.98341
-4.98337
-4.98342
-4.98336
-4.98342
-4.98339
-4.98339
-4.98342
-4.98337
-4.98339
-4.98341
-4.98337
-4.98343
-4.98339
-4.98336
-4.98345
-4.9834
-4.98338
-4.98338
-4.98339
-4.9834
-4.98339
-4.98341
-4.98344
-4.98338
-4.98339
-4.98344
-4.98344
-4.9834
-4.9834
-4.98339
-4.9834
-4.98343
-4.98342
-4.98338
-4.98344
-4.98338
-4.98337
-4.98341
-4.98338
-4.98338
-4.98345
-4.98341
-4.9834
-4.9834
-4.98338
-4.98341
-4.98338
-4.98345
-4.98336
-4.98344
-4.98339
-4.9834
-4.98337
-4.98341
-4.98335
-4.98338
-4.98338
-4.98338
-4.98336
-4.98337
-4.98344
-4.9834
-4.98339
-4.98337
-4.98339
-4.98336
-4.98344
-4.98345
-4.98339
-4.98342
-4.98336
-4.9834
-4.98335
-4.98338
-4.98343
-4.98343
-4.98336
-4.98343
-4.98344
-4.98341
-4.98339
-4.98344
-4.98337
-4.98339
-4.98335
-4.98343
-4.98345
-4.98341
-4.98343
-4.98339
-4.98345
-4.9834
-4.9834
-4.98342
-4.98337
-4.98339
-4.98342
-4.98341
-4.98336
-4.98338
-4.98343
-4.98339
-4.98337
-4.98336
-4.98336
-4.98344
-4.98339
-4.98344
-4.98337
-4.98336
-4.98335
-4.98338
-4.98337
-4.98336
-4.98344
-4.98342
-4.98341
-4.9834
-4.98336
-4.98343
-4.98338
-4.9834
-4.98335
-4.98338
-4.9834
-4.98342
-4.98337
-4.9834
-4.98343
-4.98336
-4.98338
-4.98344
-4.98336
-4.9834
-4.9834
-4.9834
-4.98344
-4.98336
-4.98338
-4.98337
-4.9834
-4.98339
-4.98336
-4.98337
-4.98344
-4.9834
-4.98339
-4.98343
-4.98341
-4.9834
-4.98336
-4.98344
-4.98341
-4.98336
-4.98339
-4.98342
-4.98338
-4.98344
-4.9834
-4.98344
-4.98342
-4.98336
-4.98335
-4.98336
-4.98337
-4.98336
-4.98344
-4.98345
-4.98339
-4.98338
-4.98341
-4.98342
-4.98341
-4.98338
-4.9834
-4.98342
-4.98335
-4.98343
-4.98341
-4.98337
-4.98341
-4.98338
-4.98336
-4.9834
-4.98338
-4.98335
-4.98338
-4.98345
-4.9834
-4.98341
-4.98341
-4.98337
-4.98337
-4.98339
-4.9834
-4.98338
-4.98336
-4.98342
-4.98344
-4.98335
-4.98335
-4.98341
-4.98335
-4.98344
-4.98343
-4.98337
-4.98341
-4.98341
-4.98339
-4.98337
-4.98341
-4.98339
-4.98341
-4.98342
-4.98341
-4.98344
-4.98338
-4.98337
-4.98341
-4.98336
-4.98338
-4.98338
-4.98337
-4.98341
-4.98343
-4.98339
-4.98336
-4.98339
-4.98345
-4.98341
-4.98336
-4.9834
-4.98342
-4.98342
-4.98345
-4.9834
-4.98343
-4.98337
-4.98339
-4.9834
-4.98339
-4.98339
-4.98345
-4.9834
-4.98336
-4.98345
-4.98344
-4.98339
-4.98345
-4.98344
-4.98341
-4.98335
-4.98344
-4.98339
-4.98342
-4.98345
-4.98338
-0.000254629
0.0105982
-0.000515991
-0.000284195
0.143503
0.0727352
0.00783951
0.0229281
0.0124218
0.00647377
0.0213531
0.0537959
-0.00068587
0.0774304
0.148003
0.0142921
0.126975
0.00439059
-0.000401952
0.0244344
0.0117435
0.0167544
0.0171615
0.0418712
0.0018933
0.070401
0.177475
0.0204983
0.0408358
0.100569
0.00196093
0.038861
0.00766596
0.00404653
0.0417539
0.0889913
0.00102491
0.1062
0.00547866
0.0312323
0.0564633
0.0929787
0.0541249
0.00646955
-0.000110755
0.0733522
0.0628393
-0.000717699
-0.000337498
0.0363117
0.0871756
-0.000607839
0.0510414
0.015308
0.189948
0.144718
0.0109452
0.0556035
0.128235
-0.000601864
0.0320381
0.085479
0.206892
0.00174569
0.0392753
0.133188
0.0511344
0.0824842
0.0230252
0.0236157
0.121146
0.00313773
0.0829407
0.119618
0.0294356
0.00584225
0.0143445
-0.000369422
0.013576
0.0459418
0.0149474
0.00232162
0.00588491
0.00403781
0.0332158
0.0172791
0.0781347
0.00861769
0.0875443
-0.000438628
0.00676656
0.120066
-0.000125433
0.0141191
0.0210655
0.0214435
0.134418
0.0201932
-0.000532583
0.0499983
0.0144852
0.00569315
0.118183
0.151714
0.0194674
-0.000502685
0.038569
0.0118499
0.206225
-0.000792896
-0.000105954
0.0646314
0.103523
0.0397246
0.0013343
0.0226355
0.0090695
0.000252864
0.000931406
0.0392169
0.134156
0.0346781
0.0206364
0.173657
0.00770322
0.041554
0.0816753
0.0835254
0.190891
0.152887
0.144602
0.0122683
0.074524
0.0328264
0.0814605
0.00608451
0.00165025
0.0131441
0.00689493
0.038633
0.021399
-0.000338793
0.0147571
-0.00024942
0.204711
0.0654963
0.0816091
0.00899182
0.0387436
0.00569736
0.0238333
0.0476887
0.0140524
0.00499405
-0.000531804
0.176458
0.00254937
-9.54751e-05
0.116746
0.0888415
0.0734237
0.00143059
0.0843722
0.123051
0.0449595
0.0130078
0.00923987
0.0471264
0.182814
0.13623
0.00100663
0.00323487
0.0806563
-0.000239138
0.000331865
0.00137198
-0.000762099
-0.000460714
0.115864
0.00394544
-0.000776825
-0.000778341
0.0253016
-0.000264482
0.00294405
0.0354967
0.0591278
0.0756454
0.0857382
0.0134957
0.120791
0.0220987
0.00145133
0.121816
0.0316387
0.0882586
0.00134663
0.148266
0.059734
0.178664
0.0251236
0.0332238
0.00182267
0.0639525
0.139285
0.127568
0.0100996
0.0243193
-0.000774895
0.0116089
-0.000684961
0.119952
0.00685669
0.138851
-0.000781634
0.0902488
0.00237283
0.0592166
0.0015868
0.00612586
0.0885804
0.00277479
0.0054346
0.00708982
0.00748015
0.0910917
0.0152368
0.0682048
0.0294853
0.00597447
0.0840649
0.0294547
0.0139601
0.0423604
0.138597
0.00144586
0.00749545
-0.00036165
0.155211
0.0471129
0.038487
0.19005
-0.000431876
0.039455
0.00676541
0.0133923
0.0252939
0.0392676
-9.7549e-05
0.03747
0.0359481
0.0391819
0.00975275
0.11033
-8.47223e-05
0.0444342
0.148388
0.0715234
0.00271434
0.0012523
0.056507
0.0370116
0.106508
0.0268392
0.00146072
-0.000765558
0.108489
0.00414358
0.105167
0.0426116
0.00703091
0.00188701
0.0758538
0.0544206
0.0131275
0.0235978
0.13906
0.0786416
0.000829881
0.0287512
0.0509729
0.071686
0.0076614
0.0286669
0.111032
0.00457187
0.0651618
0.0381023
0.0792207
0.00138909
0.0344918
0.00873337
0.0198386
0.00402082
0.103525
0.103448
-0.000232842
0.0111757
0.107318
0.148213
0.0443633
0.152863
0.178288
0.00968698
0.00243529
0.000179201
-0.000624583
0.00381749
0.00688266
0.0540888
0.106964
9.82966e-05
0.00683639
0.064579
0.0300909
0.0124006
0.00285834
-0.000552073
0.0962549
0.0022979
0.0622305
0.00234019
0.00580092
0.00915305
0.0143946
0.00412299
0.0235476
0.156002
0.0587326
0.0573714
0.00371971
0.0899255
0.00137478
0.0414733
0.0197606
0.000604741
0.00418308
0.00964066
0.00136346
0.00643323
0.00171719
0.00098134
0.148194
0.000348747
0.14879
0.0454463
0.041958
0.120654
0.023234
0.146329
0.0235719
0.0589031
0.00987488
0.0762677
0.204265
0.00937396
-0.00046693
0.000293345
0.0530657
0.192406
0.000844411
0.179673
0.000266487
0.0760084
0.0213533
0.00477135
0.0183572
0.0346003
0.0143616
0.126424
0.0167926
0.0069776
-0.000107468
0.00231053
0.122272
0.00794627
0.00658925
0.135604
0.0336571
0.206185
0.0938583
0.109753
0.0477635
0.0375392
0.0434314
0.0601855
0.153036
0.0200077
0.00661484
0.0468564
0.0210138
0.0377983
0.0234967
0.00530776
0.00290747
0.0257401
0.0533737
-0.000781106
0.0118712
0.0233887
0.00304525
0.000300194
0.0405996
-2.19405e-05
0.0349453
0.0201331
0.00247811
0.00859852
0.018331
0.0603072
0.00225179
0.0032608
0.139156
0.0037493
0.0130839
0.00407849
0.0279461
0.0324097
0.00725404
0.00493233
0.049787
0.0565061
0.120204
0.0921623
0.13257
0.00539506
0.0365534
0.0344445
-0.000592951
0.00209667
0.00121365
0.0319683
0.100786
0.0543851
0.017226
0.0115349
0.0108995
0.0790049
0.0494732
0.0358972
0.0482895
0.12384
0.0114694
0.00325715
-0.000686088
0.0200554
0.00106886
0.00826988
0.00930187
0.0243456
0.148888
0.0333002
-0.000608405
0.0344841
-0.000621701
0.038929
0.0886318
0.0245105
0.00611411
0.02677
0.0279352
0.0405276
0.0814983
0.0373078
0.0462981
0.0485793
0.00176256
0.00689282
0.03604
0.00180273
0.00190706
0.124857
0.100726
0.0401608
0.0903642
0.138708
0.0178983
0.0191597
0.0400127
0.0272344
0.00490971
0.0167288
0.119214
0.0377624
0.000170883
0.156803
0.0105084
0.0246983
0.0490026
-0.000251219
0.0408336
0.0357201
0.17179
0.00781019
0.0162053
0.0619513
0.0374644
0.00195653
0.0168615
0.175724
0.0245091
0.116864
0.0849789
0.0118076
0.0804051
0.031778
0.00158574
-0.000667822
0.00214247
0.00935765
0.0220921
0.0799658
0.0742858
0.0351537
0.0389289
0.149012
0.0535049
0.00626939
0.0335467
0.0179419
0.0140984
0.0138922
0.0668987
0.0132103
0.0698622
-0.00033305
0.0100885
0.0354334
0.0951334
0.187525
0.121284
0.0299868
0.00525963
0.0139592
0.018595
0.0149055
0.0534788
0.0515755
0.0313944
0.146198
0.0118293
0.0822313
0.13994
0.0397133
0.0094889
0.12189
0.0718699
0.0075587
0.0319846
-0.000757131
0.0540675
0.0626581
0.0346463
0.0676615
0.0244213
0.0123167
0.0371352
0.00843344
0.0139404
0.0745872
0.0168794
0.148911
-0.000579725
0.00404491
0.00678904
0.0743338
0.00320056
0.030835
0.00133524
0.114565
0.00843837
0.071901
-8.7356e-05
0.0728456
0.00288115
0.00924305
0.121044
0.02932
0.0943732
0.106762
0.00180707
0.143012
0.00526283
0.120794
0.00661769
0.0084339
0.0744233
0.123408
0.107111
0.00150611
0.00128417
0.0849922
0.122664
0.0663742
0.0365539
0.00223563
-0.000570348
0.00446366
0.000777374
0.0295392
0.154687
0.0292646
0.0463914
0.0188851
0.0899171
0.0116061
0.0796427
0.132754
0.0413571
0.00607823
0.0118685
0.194977
0.0669724
0.152429
0.0540701
0.0720088
0.12261
0.0771099
0.000395567
0.0100856
0.0167467
0.0476726
0.00797685
-0.000608569
0.0296241
0.00108619
0.0932073
0.0211572
0.0120484
0.00195359
-0.000452797
0.0512946
0.0663281
-0.000475034
0.012899
-0.000668117
0.0792408
-0.000793834
0.0607253
0.0602898
0.0172011
0.105586
0.00204969
0.00569372
0.167294
0.00184664
0.0342282
0.0766113
0.00958997
0.0732588
0.00679429
0.0293059
-0.000722695
0.0335805
0.140859
0.120365
0.015211
0.0443249
0.0569874
0.00224082
0.0510933
0.00806612
0.04762
0.0110014
0.0311477
0.0600085
0.147502
0.00831865
0.0900662
0.0468301
0.0458996
0.0842462
0.00620682
0.0125653
0.0725441
0.0661074
0.0967595
0.00533939
0.0039289
0.00625072
0.0197123
0.0653198
0.000322302
0.023185
0.0272405
0.0453255
0.0116119
0.0332601
0.0611158
0.0560067
0.119615
0.00656989
2.13627e-05
0.074026
0.0273567
0.0477705
0.0670073
0.073996
0.000138935
0.178387
0.0871071
0.00458935
0.0174752
0.115784
0.0995966
0.0566507
0.171625
0.0769548
-0.000764523
0.0934069
0.0429581
0.0483629
0.0452067
0.200828
0.0120603
0.0822517
0.0586793
0.0039148
0.189582
0.00665072
0.124638
-0.000532229
0.20281
0.000512583
0.0119237
0.0270947
0.041279
0.119226
-0.000312316
0.0221441
0.00108996
0.00335417
0.0425649
0.120543
0.00956491
0.0267996
0.0906942
-0.000784352
0.181282
0.114201
0.000344091
0.00270536
0.0032781
-0.000783986
0.00231176
0.0724516
0.000744936
-0.000206913
0.0825524
0.0024607
0.149265
0.0384973
0.0353764
0.0113554
0.00596139
0.158116
0.0011632
0.00582752
0.0364474
0.00702603
0.011157
0.00257268
0.000522681
-0.000789144
0.201346
0.00110282
-1.69654e-05
0.00990603
0.00242431
0.0200057
0.0113249
0.113938
0.0490195
0.0631218
0.0428021
0.00914753
0.00034308
0.0588592
-0.000799083
0.0217192
0.000383847
0.0160753
0.0273141
0.0284906
-0.000741742
0.191728
0.0764061
-0.000781155
0.0808379
-0.000689881
0.0062477
0.0729489
0.0935241
0.00393735
-7.08825e-05
0.0229562
0.012163
0.0712351
0.0362728
0.0292808
0.153446
0.00560082
0.00809041
0.106296
0.0482195
0.0080896
0.0197573
-0.000767487
-0.000795944
0.117569
0.0158209
0.0177347
0.033556
0.0022604
0.0269968
0.00127449
0.111732
0.0219981
0.00864628
-0.000740933
0.00262013
0.0114247
0.00296321
0.00111443
0.12118
0.00123348
0.00476992
0.0615843
0.00257273
0.0340118
0.0923729
0.0161385
0.114906
0.0226574
0.00180539
0.000546872
0.025301
0.0341961
0.137317
0.00177527
0.0657999
-0.000681601
0.0263148
0.000540542
0.00212111
0.0180277
0.00477732
0.0112248
0.00293551
0.0534162
0.0172846
-0.000410975
0.0351666
0.0492851
0.0413228
0.0677554
0.0338767
0.0635503
0.0377887
0.0264151
0.00551698
0.00212054
0.0073982
0.00526032
0.000927977
0.0150452
0.0280425
0.0522153
0.0313434
0.136433
0.00994746
0.033567
0.0231388
-0.000634904
0.0395156
0.00431393
0.113581
0.000694514
0.0596311
0.0332212
0.000943909
0.0485489
0.048244
0.000193815
0.00125987
-0.000422595
0.0110662
0.0979389
0.0861189
0.069052
0.000508056
0.0622234
0.0454439
0.000249689
0.0297454
0.0479935
0.175725
0.00303683
0.000713981
0.000207125
0.0202462
-0.000139518
0.000450791
0.0533305
0.00319939
-0.000720521
0.0245122
0.00820317
0.142624
0.0981723
0.0495565
0.0943077
0.0461333
0.0130135
0.0720729
0.00955482
0.132237
0.0465408
-0.000460718
-0.000788672
0.00284544
0.138673
0.0261394
0.0397201
-0.00077331
0.000175282
0.00408563
0.00934907
0.0139754
0.0612906
0.0658293
0.140711
0.0188137
0.0518524
0.0839475
0.00753061
0.016694
-0.000602005
0.0837113
0.00232654
0.011284
0.0457673
0.0255524
0.187102
0.0128768
0.00151025
0.0022653
0.00844796
-0.000661256
0.00734217
0.00283972
0.146845
0.0302327
0.00357883
0.151196
0.0144634
0.0217833
0.00494951
0.00112808
4.84477e-05
0.0243962
-0.00047858
0.00149202
0.00408179
0.0458908
0.0173573
0.120112
0.130272
0.0664463
0.00993727
0.122106
0.0458699
0.0228442
4.46201e-05
0.130217
0.0012002
0.00579271
0.0732491
0.0138656
0.0925548
0.093168
0.0087104
0.00341643
0.010129
0.0360333
0.0934914
0.0825863
0.16726
0.0150843
0.00593025
0.0449744
0.0175945
0.0144442
0.0271251
0.0574358
0.00624744
0.0176148
0.0146687
0.0775346
0.118523
0.0190675
0.00209836
0.000814468
0.0761949
0.120373
0.157763
0.0732594
0.0202561
0.00740439
0.113791
0.0523141
0.0385876
0.141114
0.0751017
0.0449691
0.0359966
0.00565393
0.0205663
0.0154781
0.130164
0.00341475
-0.000301062
0.0754443
0.141463
0.0570112
0.00922447
0.0781123
0.00837658
0.00553108
0.134025
-0.000570892
0.0441082
0.148354
-5.02696e-05
0.0162695
0.0177675
0.0143852
0.00485568
0.00319344
0.00174038
0.0553236
-0.000784642
1.16474e-05
-0.00063849
0.0331258
0.0578882
0.12124
0.000460139
0.087111
0.133263
0.0268183
0.0534844
0.0812611
0.0777062
0.177494
0.000752701
0.0868777
0.120204
0.0624795
0.000596206
0.0022197
0.153368
0.0504329
0.0884367
0.0822425
0.00534124
-0.000785562
0.0698577
0.0248204
0.00620134
0.0792368
0.0707191
0.0233238
0.104175
0.0113846
0.0404558
0.00929702
0.0537174
0.0394058
0.0267331
0.0619085
0.151469
0.0303948
0.0204765
0.0201184
-0.000794487
0.000744415
0.128978
0.0363754
0.00995268
0.113916
0.0135814
0.131943
0.128815
0.140079
0.0120278
0.0432538
0.00176051
0.00923716
0.0530597
0.119117
1.96e-05
0.183156
0.0037273
0.00135172
0.0164382
-0.00018652
0.0150462
0.0150039
0.0115523
0.121619
0.151909
0.093878
-0.000314662
0.00477381
0.00140577
0.000128057
0.00586794
0.0140696
0.153617
0.0279404
0.00300889
0.0225509
0.179348
0.0191179
0.116456
0.0325465
0.000150935
0.0641692
0.129663
0.0693737
0.131475
0.0187177
0.150522
0.0327389
0.0987672
0.0355101
0.104769
0.0215116
0.140083
0.0426728
0.0229353
0.014421
0.177462
0.0184577
-0.00048991
0.111511
0.0167713
0.00796022
0.0350325
0.00347001
0.114348
0.0357109
-0.000473579
0.206268
0.0130282
0.000855069
0.07501
0.0396829
0.0809599
0.0109548
0.0154092
0.144962
0.00147444
0.116634
-0.000540868
0.00126679
-0.000599755
0.0372112
0.12193
0.011016
-0.000596394
0.0725386
0.0349436
0.0151477
-0.000391047
0.135528
0.0518363
-0.000640849
0.0775429
0.0437495
0.0121459
0.0121345
0.192903
0.0820441
0.0328685
0.0808243
0.0343985
0.116532
0.150474
0.0860237
0.0188201
0.00315258
0.00336478
0.0255537
-0.00039924
0.00426446
0.0474661
0.0776639
0.0168094
0.0152362
0.0296709
0.00369152
0.010307
0.051624
0.074282
0.166098
0.0942599
0.0538899
0.0555705
0.00257634
0.0186404
0.168847
0.000131275
0.0698029
0.0152753
0.171989
0.1221
0.00614801
0.0445925
0.0490504
0.0252929
0.0377873
0.0410523
-0.000489082
0.0300398
0.00242366
0.0153033
0.0823903
-0.000792527
0.014972
0.135999
0.0650893
0.00588957
0.00119997
0.0553122
0.00449272
0.0119373
0.0172343
0.00558624
0.000214199
0.00244419
0.136364
0.182454
0.0133783
-0.000276882
0.0117033
0.0388687
0.00312669
-0.000787037
0.041483
0.0650602
0.0123231
-0.000408392
0.121478
0.0172455
0.0359501
0.0655915
-0.000797162
0.0937934
0.135765
0.0532839
0.0222438
0.140546
0.0860808
0.0360182
0.013298
0.0470247
0.0375609
0.0211488
0.0264027
-0.000497977
0.00521538
0.169623
0.0236431
0.112269
0.168984
-0.000779002
0.00265188
0.0486413
0.167445
0.00285611
-0.000796009
0.00713502
0.120765
0.0179491
0.0426038
0.0813606
0.0198244
0.00739036
0.1114
0.0764142
0.0214501
0.143146
0.0765541
0.110414
0.0539759
0.00183243
0.0694007
0.0757093
0.0021343
0.0226506
0.050434
0.149599
0.0248869
0.0131
0.0106831
0.0139161
0.0759441
0.00484316
0.131416
0.0989028
0.00721052
0.0206811
0.0613828
0.00435533
0.074344
0.0950292
0.136521
0.0645795
0.0124848
0.0120068
0.0621147
0.0165326
0.134675
-0.000350252
0.170292
0.140146
0.0176374
0.104524
0.0226069
0.0026964
0.0085174
0.00153136
0.150563
0.127939
0.120222
0.0481118
0.00781581
-0.000681979
0.00324364
0.0640312
0.00326723
0.0669192
0.00525479
0.128607
0.117477
0.00115014
0.150498
0.0284832
-0.00028485
0.00262556
0.141445
0.128085
-0.000210697
0.0854073
0.132003
0.146964
0.0592483
0.00827966
0.0499576
0.0458176
-0.000480332
0.0393766
0.0593279
0.0272868
0.0407001
0.0829478
0.0368064
0.0138153
0.12394
0.120588
0.00843218
0.064168
0.0733723
0.00270383
0.0148007
0.151978
0.00125197
0.0207656
0.0620922
0.00141806
0.0186248
0.0459836
0.0119522
-0.000682527
0.138638
0.0158987
0.0189878
0.0518604
0.0210347
0.000107759
0.142992
0.0145114
0.116402
0.0152919
0.104471
0.194704
0.0128044
0.000663269
0.00784695
0.0458012
-0.000794014
0.117508
0.0108747
0.0757218
0.142029
0.012611
0.0170011
0.0775857
-0.000404208
0.0180117
0.0108269
0.0495414
0.00179669
0.0154557
0.201013
0.0102708
0.0713621
0.0227179
0.00476912
0.086321
0.0410121
0.00252305
0.00221565
0.0106992
0.159893
0.193511
0.0338587
0.00724191
0.0536755
0.0356609
0.0731015
0.00159243
0.0422506
0.00106686
-0.000772377
0.0126328
0.175662
0.00302991
0.0324719
0.146704
0.0360522
0.0108493
-0.000719882
0.00070196
0.0237512
-0.000185692
0.0028332
-0.000645114
0.190455
0.00220966
0.199499
-0.000594751
0.0097814
0.0230498
-0.000397717
0.0581498
0.0708388
0.0785882
0.0858075
0.166517
0.00832482
0.0552478
0.00137869
0.0322334
0.00721653
0.100844
0.0725481
0.000128221
-0.000244701
0.197447
0.000125807
0.0212817
0.0550106
-0.000636429
0.0423423
0.105708
0.140886
-0.000659909
0.0120388
-0.000699182
0.00589444
0.0144841
0.0429992
5.89676e-05
0.013703
0.01491
0.00894187
-0.000694271
0.138223
0.186221
0.0324719
0.0106681
0.120089
0.0681601
0.0356533
0.153497
0.0378276
0.054609
0.140294
0.116602
0.0144064
0.207637
0.0711438
0.0460291
0.19258
0.000995402
-0.000647176
0.0302249
0.0107332
0.116926
0.0134245
0.0203088
-0.000781447
0.0594272
0.0138255
0.0185876
0.0955696
0.0457856
0.00337195
0.00348563
9.42405e-05
0.0027671
0.0963979
0.116358
0.0573151
0.0247725
0.0362761
0.0127954
0.100461
0.0571964
0.122854
0.0275244
0.0220634
0.0936185
-0.000677597
0.0019528
0.000944941
0.0457964
0.0671464
0.146363
0.0437972
0.122184
0.0190935
0.0670973
0.00472256
0.0635942
0.00434516
0.00682292
0.0508064
0.112529
0.0460872
0.143132
0.0727128
0.0625801
0.156675
0.0836145
0.0121615
0.00509042
0.0504642
-0.000624917
0.0558757
-0.00069625
0.122536
0.00995833
0.134524
0.00139865
0.0468612
0.0971558
-0.000728893
0.0231013
0.00563238
0.0630286
0.00698672
0.00453511
0.0145885
0.0475563
0.0157072
0.00644883
-0.000686781
0.0149381
0.0193643
0.0376076
0.0176163
-0.000336826
0.0665979
0.0572907
2.39472e-05
0.000585375
0.120283
0.000833258
0.00501997
-7.77421e-05
-0.00069953
0.0348143
0.00826664
0.0593318
0.0003689
0.0276669
0.00780857
0.122107
0.172296
0.00209992
0.0301971
0.168551
0.0237693
0.050569
-0.00058524
0.14385
0.00794044
0.0868042
0.0295197
0.00903664
0.0132207
0.000433833
0.198278
0.0409262
0.00651496
0.0365348
0.0400622
0.0125629
0.0466142
-0.000348578
0.00401857
0.00306907
0.0242343
0.0493311
-0.000697474
0.0125824
0.207808
0.047075
0.0690356
0.0283367
-0.000670277
0.0105057
0.0427384
0.0311372
-0.0007261
0.0022842
0.00592396
0.0046189
-0.000780467
0.0364902
0.0375972
0.0146464
-3.21345e-05
0.00417833
0.0296525
0.000114807
0.00507858
0.0139321
0.101664
0.0577923
0.0468816
0.0335314
0.0681709
0.127698
0.076478
0.0346735
0.00571268
0.188895
0.0739719
0.0540057
0.0183279
-0.000291995
0.0931893
0.000202456
0.0460376
0.0794181
0.0809568
0.042297
0.000899496
0.00381115
0.00618543
0.0404804
0.0448345
-0.000796189
0.00113151
0.158583
0.000614642
0.0459066
-0.000719788
0.0345732
0.0433362
0.154393
-0.000497389
0.00450749
0.18255
0.0365985
0.00381327
0.0901876
0.00916408
0.00607427
0.0259247
0.0142419
0.0547981
0.0797995
0.027389
0.144345
0.0156639
-0.000438397
0.00632653
0.0307904
0.183031
0.000598419
0.168472
0.0151763
-0.000795501
0.0813672
0.0268058
0.127788
0.0568431
0.00363205
0.0641754
0.00558463
0.0695085
0.00407451
0.0922514
0.0211173
0.0127957
0.126095
0.0402517
0.0010622
0.00697181
0.00217466
0.00566562
0.0798503
0.00215753
0.00263324
0.0279873
0.0440178
0.0158191
0.0991185
0.00281882
0.0758688
0.1459
0.0220507
0.038969
0.0570734
0.0208136
-0.000412749
0.0149498
0.0125163
0.0318978
0.0541504
0.0328984
0.0656299
0.0213258
0.0115562
0.0674409
0.00311172
0.154341
0.119678
0.048815
0.0722588
0.174031
0.0352274
0.0272373
0.00108613
0.10737
0.0527015
-0.000680935
0.00990222
0.0166279
0.119828
0.00809958
0.112648
0.0087877
0.00905791
0.00405574
0.112494
-0.000464466
0.167012
0.0629328
0.143491
0.0866085
0.0121162
0.187127
0.0312222
0.140238
0.0172256
0.00194791
0.0292309
0.0412585
0.0318588
0.148415
0.0230688
0.0154239
0.00339095
0.0948812
0.0383265
0.0394507
0.0387997
0.0241585
0.062286
0.0620168
0.000396627
0.0903005
0.0317929
0.053058
0.00109113
-0.000318063
0.0700317
0.0934767
0.15103
0.00166107
0.00123577
-0.000203381
-0.000782901
0.077986
0.042448
0.0311586
0.0998866
0.124684
0.00679112
0.0722834
0.0113654
0.0847249
0.0438551
0.0345581
0.0733041
0.0955748
0.135124
0.10276
0.00185586
0.072718
-0.000647076
0.0727859
0.0633168
0.0317499
0.0211504
0.108106
0.12477
0.122649
0.0462317
0.0394243
0.0842027
0.000205306
0.131694
0.116194
0.14652
0.0325232
0.207324
0.0378214
0.00531258
0.000704863
0.0210419
-0.000746943
0.0670653
0.00676492
0.0227723
0.0762464
0.0115574
0.0012472
0.00684767
0.0101741
0.10693
0.0154018
0.0428367
0.193611
0.0110089
-0.000765971
0.011269
0.120605
0.129325
0.0318909
0.0957317
0.0355148
0.0650615
0.00859504
0.0548075
0.00143793
0.0660647
0.031989
-0.000796523
0.0176454
0.0176568
0.0110262
0.0685309
0.121524
0.00477475
0.0794586
0.00119141
0.100831
-0.000516794
0.0838568
0.00676914
0.0723429
0.0392337
0.0256427
0.137076
0.118136
0.0158571
-0.000762132
0.0336883
0.170779
-0.000412286
0.0240548
0.0385311
0.00410066
0.129487
0.028926
0.00695471
0.00436052
0.138127
0.0421111
-0.000783888
0.039771
0.00475379
0.0236154
0.0324603
0.0422069
0.0883844
0.100388
0.120979
0.0240161
0.0889528
0.0565024
0.00607328
0.0787305
0.00109699
0.120963
0.0339173
0.052191
0.00352504
-0.000547288
0.13858
-0.000509283
0.000483343
0.0697086
0.17378
0.00367719
0.0598024
0.0084753
-0.000457535
0.184151
0.00863587
0.0742495
0.0674561
0.000898483
0.0208362
0.00456066
0.00444318
0.0128403
0.000959682
0.0680309
0.0416716
0.204786
0.00154888
0.121366
0.0954329
-0.000585416
0.0695749
0.0981568
0.0030898
-0.000795649
-2.00797e-05
0.00389495
0.0475207
0.0848246
0.179412
0.000244182
0.0833334
0.00492658
0.00168463
0.00712324
0.000101655
-0.000553788
0.123841
0.062313
-0.000752213
0.0502591
0.205149
0.00208967
-0.00071765
0.0589492
0.0199865
0.0247688
0.0705096
0.0731582
0.0807334
0.107121
0.00126762
0.00382725
0.199245
0.0958454
0.00229072
0.000130333
0.0194612
0.0213222
0.120503
0.0369431
0.0472324
0.00251974
0.0466028
0.110512
0.00033453
0.018219
0.0699119
0.0129877
0.0266112
0.0746602
0.075162
0.100931
0.0485157
0.0145762
0.00773506
0.00940992
-2.08163e-05
0.0855969
0.129811
0.0983071
-0.000202767
0.0817739
0.00520538
0.000734041
0.00909039
0.0149155
0.135902
0.000478441
0.0417703
-0.000785292
0.0204329
0.0218163
0.0525054
-0.000181298
0.0689542
0.0030013
0.0343919
0.0797046
0.00311586
0.0808317
0.142039
-0.000515898
0.00340011
0.122227
0.0271073
0.0073777
0.0788266
0.194575
0.0104303
0.00464593
0.0239737
0.0635535
0.116409
0.000947982
0.00047249
0.146626
-0.000685426
0.0265095
0.0275997
0.0542032
-0.00057733
0.0343542
0.00190049
-3.93754e-06
0.00189215
0.20611
0.0107045
0.000787794
0.0408421
0.00999967
0.00470298
0.176617
0.0151748
0.000671797
0.0133886
0.0243593
-0.000459231
0.0343338
0.00562499
0.0206874
0.00873598
0.0807898
0.154586
0.0346472
0.0119719
0.000595928
0.0114606
0.00823086
0.0347998
0.000377375
0.0215762
0.0397416
0.0552615
0.00709229
0.00201034
0.127346
0.0245762
0.0159825
0.00892504
0.138574
0.201543
0.177956
0.00684888
0.0787702
0.000285822
0.103296
0.143971
0.00671877
0.0277447
0.00529719
0.0244454
0.00583158
0.0456102
0.0717768
0.00540482
0.00173925
0.0104262
0.021597
0.156182
0.00659756
0.0460564
0.0124341
0.0158749
0.00334127
0.0363731
0.0597399
0.00669181
0.0287205
0.0201288
0.0096646
0.130889
0.132804
-0.000659309
0.0693394
0.0234104
0.0547022
0.120818
0.0805143
0.0555747
-0.000744468
0.0025843
0.0263196
0.0090545
-5.18905e-05
0.0122859
0.0346085
0.00172275
0.0155735
0.0165081
-0.000601006
0.00348685
0.0382593
0.124797
0.119591
0.129653
0.0170238
0.00968305
0.0288136
0.0287647
-0.000604605
-0.000416997
0.141356
0.000388976
0.00454637
0.0294266
0.053081
0.00457797
-0.000241856
0.00466889
-0.000144578
0.0089771
0.0213076
0.0180672
-0.000503661
0.125389
0.169876
0.049377
0.0128597
0.0938963
0.0105988
0.001637
0.116299
0.136779
-0.000477211
0.126408
0.00990698
0.140735
0.154756
0.188959
0.0463857
0.0409279
0.00126819
0.0403027
0.0120749
0.00703378
0.0405944
0.0301705
0.112332
0.12167
0.0996238
0.00218864
9.05238e-05
0.10238
0.0570008
0.0214087
-0.000714279
0.122417
0.120419
0.0440713
0.00491777
0.0831786
0.0269603
-0.000530725
0.00307767
-0.000381625
0.115228
0.0327929
0.00575512
0.0020868
0.0535082
0.0690748
-0.000770471
0.0974693
0.0301373
0.00235582
0.0378047
0.0173861
0.0613763
0.0140831
0.0864621
-0.000428355
0.00241515
0.0097585
0.0239896
0.0131533
-0.000569122
0.0154132
0.120782
0.195619
0.0579103
0.128825
-0.000703244
-0.000755227
0.149254
0.0219971
0.0119644
0.00502874
0.0679389
0.00442781
0.0741306
0.0327455
0.0741365
0.181848
0.053275
0.0494747
0.0187303
0.075102
0.056039
0.00298619
0.155536
0.0393383
0.024279
0.120101
0.0426095
0.0114527
0.0559592
0.00177305
-0.000229749
0.00155734
0.01569
0.128779
0.0166055
-0.000512461
0.039378
0.0105928
0.0845278
0.12644
0.00189178
0.00592589
-0.000188925
0.200206
0.0159016
0.134707
0.000221668
0.0192432
0.0198572
0.0356588
0.198748
0.166843
-0.000358028
0.0939811
0.00127905
0.022803
0.0252379
0.146593
0.173846
0.168877
0.126631
0.0217645
-0.000793889
0.00430034
0.00618595
0.00484224
-0.000329628
0.00452089
0.0231628
0.00577924
-0.000295281
0.119656
0.0945053
0.0467477
0.00120712
0.0597546
0.119736
0.183247
0.143322
-0.000784287
0.0778146
0.0201001
0.0206741
0.0692004
0.0384716
-0.000775279
0.00245004
0.0452978
0.182167
0.0245661
0.062332
0.096082
0.0117573
0.0405121
0.021938
0.0159243
0.000206211
0.0067929
0.00358496
0.11915
0.00257144
-0.000738403
-0.0003045
0.0642865
0.00429184
0.114354
0.0502714
-0.000742872
0.0476733
0.117868
0.0479953
-0.000681681
0.0864223
0.178333
0.0256804
0.00169047
0.0963705
0.12313
0.125358
-0.000409823
0.0102601
0.0123094
0.00907968
0.191074
0.00101725
0.0086104
0.177993
0.0290598
0.13806
0.0603689
0.0577009
0.00114462
0.000289603
0.0382408
0.0010449
0.173411
0.0736304
0.00939712
0.134966
0.0213452
0.0504215
0.0804292
0.00339843
-0.000704862
0.0118023
0.0387935
0.03021
0.0147757
-0.000617511
0.0251837
0.0114497
0.0436671
0.00145668
0.090796
0.116904
-0.000106831
0.00800206
-1.50855e-05
0.00233086
0.0179214
0.0378772
0.00160447
0.011242
-0.000470984
-0.000454694
-0.000692358
0.0309668
-0.000109051
0.0150413
-2.45876e-05
0.0176121
0.0174158
0.00493135
-0.000466373
0.00985743
0.0728059
0.0268997
0.00340574
0.104082
0.00241337
0.0132356
0.00490524
0.000537421
0.168116
0.0067604
0.0835277
0.0207087
0.0222269
0.0604606
0.0902376
0.0233522
0.12317
0.0100253
0.154113
0.118245
0.0254996
0.000172274
0.0200404
0.0366336
-0.000242456
0.0122565
0.0031825
0.129035
0.184001
0.183689
0.0059201
0.022367
0.0010926
0.139324
0.00584603
0.0147629
-0.000783958
0.0446122
0.0206629
0.0113238
0.00189664
0.122025
0.107959
-0.000101328
0.0890672
0.0250638
0.00195703
0.125883
0.00142702
0.00314487
0.0139744
0.0409323
0.0137997
0.0367923
0.0190669
0.0155455
0.0264591
0.189788
0.0526906
0.0466773
0.0140097
6.96029e-05
0.179111
0.0457797
0.049749
0.00467975
0.0192238
0.0320437
0.00175768
0.0240227
0.00338681
0.0216433
0.0642463
0.128272
0.0771786
0.000242989
0.00250302
-0.000364012
0.110871
-0.000735617
0.0022811
0.104434
0.00714937
0.00908363
0.116657
-0.000690657
0.142824
0.0122965
0.100598
0.00446183
0.0632705
0.200965
0.0288972
0.0109408
-0.000771533
0.0637048
0.0504639
0.0897838
0.0302171
0.00179741
0.0417507
0.119963
0.0134088
0.078416
0.00404565
0.0229659
0.00430998
0.0675745
0.0171971
0.0134323
0.0169774
0.0656096
0.0564136
0.09899
0.0187941
0.0278636
0.0904774
0.00615843
0.0279433
0.0668416
0.0156413
0.066209
0.00325673
0.144713
0.00863263
0.0280371
0.0445025
0.110021
0.134247
3.84778e-05
0.0047037
0.14426
0.131525
0.00297726
0.19402
0.205185
0.0169314
0.00828805
0.0130264
0.0376284
0.0471761
0.0988672
0.00259389
0.0505328
0.132485
0.107501
0.0438198
-0.000596095
0.00602093
-5.1587e-05
-0.000574397
-0.000192838
0.0410782
-0.00079484
0.0215799
0.0132787
0.0212382
0.0489258
0.0811281
-0.000145001
0.125015
0.0264524
0.0558407
0.00662401
0.0363078
0.0258265
0.112595
-0.000136648
0.00991576
0.122234
-0.00044635
0.00454748
0.120212
0.0173469
0.0558689
0.0227937
0.121142
0.00166441
0.181008
0.192359
0.00405166
0.048676
0.0182722
0.0299408
0.058021
0.034706
0.0311151
0.00066835
0.0612115
0.0127247
0.0112939
0.00104914
0.012557
0.0539028
0.0819601
0.0195229
0.00166948
0.0755303
0.000772797
0.0118747
0.0655982
0.0532241
0.105784
0.00320794
0.0425816
0.0450157
0.0466446
0.0473447
0.10865
0.00208392
0.0117935
0.09719
0.00430972
0.0585996
0.14829
0.009712
0.146356
0.0255833
0.101415
0.00399509
0.037841
0.0741239
0.0318499
0.109607
0.00529728
0.0016596
0.0625397
0.0408459
0.207173
0.119871
0.00286252
0.0256997
0.0126837
0.0215869
0.00819512
0.206354
0.00924826
0.000649285
0.0471523
0.1235
0.184393
0.0163199
0.00257875
0.0353709
0.0506447
0.0631841
0.0399144
0.0124903
0.00371743
0.0212591
0.092201
0.00243464
0.139051
0.00600599
0.0781559
0.00296586
0.0799935
0.0135226
0.0413471
0.0243866
0.0958139
0.0160698
0.0094875
0.00444008
0.0696914
0.000952113
0.1309
0.19801
0.122062
0.0104968
0.14691
0.00539982
0.0231239
0.0937501
0.000125969
-0.000780993
0.0333709
0.0935006
0.0152296
0.0121664
0.0507811
0.127331
0.0328144
0.00782831
0.0267852
0.150293
0.0169782
0.0177921
0.0918538
0.0876475
0.0634956
-5.2183e-05
0.00332683
0.0117569
0.0443386
-6.3531e-05
0.00404416
0.0570712
0.122345
0.00812861
0.0938442
0.0400602
0.0944809
0.00229807
0.0760014
-0.000793775
0.076906
0.00274178
0.0447138
0.0181461
-0.000234626
0.151
0.00871343
0.0551809
0.00420697
0.0938844
0.00222865
0.148734
0.123656
0.00627209
0.000784447
0.0141204
0.171235
0.000411324
0.00884485
0.0453694
-0.000754328
0.0267172
0.017642
0.0017273
0.00372068
0.0202004
0.00212394
0.0590946
0.0150347
0.0107235
-0.000560064
0.115524
0.0763511
0.0490707
0.186109
0.115265
0.017135
0.0131005
0.00817832
0.00799585
0.0272885
0.0470072
0.0443034
0.0155023
0.121233
0.0280069
-0.000728458
0.0848636
0.0178113
0.00509863
0.00561324
0.138122
0.133418
0.120729
0.132905
-0.000731618
0.025856
0.0298344
0.135131
0.0132356
0.0420315
0.00959317
-0.000553521
0.00998758
0.0559365
0.00527798
0.145572
0.00076746
0.00322925
0.0203755
0.134636
0.154461
0.176338
0.0131757
0.138367
0.0156304
0.0366847
0.0562674
0.0141869
0.00337801
0.100683
0.0196243
0.00773901
0.0625577
0.0843413
0.0196485
0.035597
0.0144685
0.0200765
0.049951
0.0220727
0.107404
-0.00015017
0.02054
0.0828389
0.0243813
0.156496
0.017625
0.000175962
0.00198123
-0.000168855
0.140235
0.0177385
0.0733645
0.113232
0.0377131
0.0354034
0.0350285
0.0880233
0.00739622
0.00186473
0.026868
0.057182
0.117921
0.00677012
0.0245742
0.107248
0.0604118
0.204513
0.00917314
0.0208579
0.0666396
0.204394
0.0272384
-6.73179e-05
0.00982692
0.00985829
0.0107351
0.0315036
0.00680651
0.00482607
-0.000217727
0.0756825
0.0789296
0.000155136
0.0066345
-0.000212475
0.0707015
0.0531667
0.0917861
0.0218863
0.0126588
0.132331
0.00473422
0.0457333
0.0293819
0.000608687
0.0087796
0.0370919
0.014427
0.0141728
0.0456794
0.148112
0.0544688
-0.000407199
0.0236367
0.014233
0.0669738
0.0102973
0.000956729
0.0812261
0.0131051
-0.000208845
0.0861665
0.025403
0.0846814
0.117149
0.00860289
0.00209416
0.00615651
0.010485
0.0186963
0.0143364
0.0756532
-0.000759202
0.0528768
0.00316954
0.0191669
0.00689236
0.0368366
0.128057
0.00206184
0.116214
0.0603657
0.0375942
0.00808321
0.0430641
0.0386123
4.18577e-05
0.0205277
0.065058
0.00650988
0.0254173
0.00132645
0.0680369
0.0874245
0.0548401
0.0356045
0.0141295
0.0538575
0.0292755
0.00715762
0.0236798
0.00967676
0.137973
0.141237
0.15679
0.0260804
0.0137348
0.120396
0.000699086
0.0384721
0.182598
0.0263152
0.000207921
0.0950489
0.00424408
0.00474357
0.132848
0.0147341
0.0107181
0.0129102
0.0674457
0.00122195
0.0842707
0.185806
0.0621067
0.00455145
0.138423
0.120903
0.0323688
0.0230334
0.0128904
0.0224486
-0.000736386
0.0352005
0.0488333
0.110237
0.0819947
0.047847
0.0202238
0.00315408
0.00399112
0.134709
0.189887
-0.000749505
0.0233537
0.0263313
0.0773394
0.190829
0.0203388
0.0054703
0.0111317
0.00122075
-0.000411042
-0.000796292
0.00526183
0.0975108
0.0310744
0.0285243
0.00396425
0.0337925
0.0225127
0.184393
0.0347473
-0.000790784
0.0193957
0.0977617
0.0430018
0.00604049
0.0262985
0.00706489
0.0701831
0.0108996
0.0452584
0.0713764
0.136278
0.200536
0.00792426
0.0448054
0.137703
0.0207232
0.119963
0.000773128
0.142856
0.0760577
0.0055784
0.0196144
0.0579312
0.067662
0.044197
0.0226541
0.040889
0.00304539
0.00028262
0.00413296
0.0851779
0.00318083
0.00409802
0.0391354
0.00257643
0.182611
0.0450376
0.0123288
0.0514868
-0.000425794
0.0206505
0.0593131
0.00355525
0.00338815
-0.000449935
0.0031122
0.0400474
0.00184625
-0.000406721
0.0860097
0.0100957
0.199224
-0.000108105
0.17769
0.0351916
0.0992878
0.0101299
-0.000652497
0.155534
0.0165633
0.0515814
0.0904663
0.00120482
0.0858872
0.0165792
0.0584144
0.0203631
0.00145737
0.0348186
0.182523
0.0554626
0.0792453
0.0037253
0.121356
0.00847631
0.00792785
0.121931
0.0735421
0.0309547
0.171088
0.0109858
0.00685221
0.00701832
0.00611171
0.0089604
0.0993186
0.0024009
0.0543681
0.0183547
3.03514e-05
0.133177
0.0107853
0.122123
0.0338551
0.012315
0.0239208
0.0551607
0.0413922
-0.000599948
0.0122233
0.0261295
0.021634
0.0149498
-0.000758972
0.041048
0.138297
0.000817067
0.0073358
0.0152584
0.105039
0.0737815
0.119822
0.00465723
0.000592461
0.022498
0.0547025
-0.000782966
0.0555548
0.0025137
0.00710759
0.148944
0.0740807
0.0101181
0.0429504
0.0367112
0.00439666
0.000440325
0.134622
0.00968676
-0.000262199
-0.000462584
0.0449626
0.149723
0.0615831
0.00525723
0.0176931
0.0574618
0.0502681
0.00828525
0.0176863
0.0581502
0.00389082
0.0642056
-0.000378358
0.0160289
0.0918152
0.0068829
0.0196021
0.0136756
0.144414
0.00568597
0.0756167
0.0106251
0.0018003
0.0930922
0.00556931
0.0236585
0.0265768
0.0766483
0.0258291
0.0106974
0.0050348
0.146466
0.0298427
0.117672
0.0181886
0.193129
-0.00078848
0.169624
0.125178
0.0484436
0.0920507
0.00285174
0.01151
0.0263923
0.00108803
0.00457404
0.177007
2.45559e-05
-0.000668092
0.0144824
0.158173
0.133551
0.0378308
0.088999
0.0760593
0.0218481
0.0714532
0.0156243
0.0600263
0.015207
0.0384811
0.00169797
-0.00022707
0.0182519
0.139673
0.0374638
0.00436513
0.154551
0.198859
0.0635575
0.0444211
0.0179969
0.0664912
0.140058
0.0373631
0.00415212
0.130434
0.0269457
0.0476967
0.00917908
-0.000272208
0.0129578
0.0080261
0.13256
0.0111338
0.108131
0.0546284
0.0739266
0.000746122
0.00716854
0.0225615
0.042323
0.127089
0.0225469
0.186348
0.203246
0.00406174
0.00712661
0.0610509
0.00616503
0.184099
0.0217478
0.0636986
0.023128
0.00282381
0.0708312
0.0746398
0.059692
-0.00032638
0.00416029
0.0040496
0.0245492
0.0769759
0.00293846
0.00593482
0.0681088
0.0235303
0.021031
0.0252369
0.0245989
0.000848844
0.18628
0.00186737
0.0707408
0.139654
0.0607683
0.113346
0.0255486
0.00496912
-0.00068129
0.00527822
0.0667403
0.0168722
0.109602
0.00444328
0.00183852
0.00563835
0.0345156
-0.000734146
0.0264618
0.116513
0.00397505
0.0784848
0.0187815
0.0174367
0.0353642
0.201885
0.0179766
-0.000269526
0.130932
0.121826
0.119552
0.0808038
0.177717
0.00474338
0.0432395
0.200391
0.00861086
-4.19589e-05
0.0183904
0.0140874
0.060741
0.0811828
-0.000416129
0.199417
0.0147977
0.0523785
0.0167606
0.023371
0.0160744
0.119644
0.122111
0.0616001
0.128482
0.0684378
0.0022926
0.00196036
0.173559
0.00149346
0.0745513
0.0164523
0.0133333
0.0574736
0.0290504
0.0417607
0.0617418
0.00637363
-0.000757262
-0.000798911
0.0935835
0.119242
0.109692
0.0289746
0.179953
0.14859
0.0468916
0.04149
0.005525
0.0285657
0.0176809
0.033273
0.0252135
0.079175
0.00476334
-0.000393911
0.0727824
0.0217932
-0.000671157
0.0192817
0.0911473
0.024334
0.0650637
0.1205
0.0131239
0.147125
0.178696
0.000192037
0.0444049
0.0723669
0.123736
0.0716473
-0.000247055
0.0542153
0.119042
0.0619314
0.167988
0.00298512
0.104872
0.00177307
0.0120889
0.00305311
0.00695891
0.0215481
0.0445426
0.00225323
0.00347573
0.0036177
0.0242183
0.00738663
0.0826396
0.0510701
0.0425551
0.0309784
-0.000398824
0.0365156
0.0117095
0.0272878
0.0807651
0.20437
0.153568
0.0490473
0.0420845
0.0617481
0.000119081
0.00459892
0.000680959
0.053928
0.0358747
0.00256116
0.0816699
0.0189314
0.141707
0.0028307
0.088215
0.00177826
0.138222
0.00172454
0.152072
0.00593543
0.0239679
0.0101446
-0.00011175
0.038843
0.0503803
0.0373093
0.0821791
0.0276695
0.112562
-0.000460446
0.00670544
0.00166765
0.00679854
0.000528467
0.00659068
0.00450637
0.0120488
0.00471213
-0.000765378
0.000611852
0.0263966
0.0550204
0.123896
0.0481666
0.0128194
0.0714352
0.0806773
0.0452662
0.00649535
0.00115765
0.0295497
0.0488917
0.0655122
0.00134031
0.00179717
-0.000612496
-0.000761701
0.014977
0.0136108
0.00711403
0.0807514
0.0371539
0.035038
0.104266
0.0351792
0.00101984
0.0612754
0.150844
0.0631178
0.0100451
0.00375929
0.026161
0.021694
0.00993225
0.00422458
0.122113
0.101245
0.0480705
0.071739
0.0213445
0.144199
0.00924238
0.00199678
0.00181409
0.0401169
0.00504922
0.063343
0.00176596
0.0230553
0.0281854
0.00280835
0.0268426
0.0896776
0.0877786
0.0289404
-0.000694307
0.177058
0.0421307
0.00613337
-0.000703026
0.120186
0.0867434
0.15284
0.138
0.00393695
0.00101176
0.0024025
0.0187094
0.118415
0.0275107
0.000976089
0.0144956
0.0255331
0.050043
0.120043
0.0302404
0.00344223
0.00447338
9.50069e-05
-0.000311591
0.0136335
0.00384316
0.054831
0.000371735
0.0187714
0.0279376
0.019707
0.084986
0.00166842
0.00853387
0.00204646
0.0593197
0.18167
-0.000796065
0.0339634
0.0103631
0.106074
0.00620021
0.193567
0.025744
0.063568
0.153042
0.0499012
0.0369617
0.200539
0.0453597
0.115386
0.0225156
0.0395572
7.59882e-05
0.108685
0.172338
0.128805
0.0127798
0.0148084
0.06424
0.0059477
4.55577e-05
-0.000765534
0.0319068
0.00864465
0.0218829
0.0418956
0.0628039
-0.000647092
0.141197
0.019837
-0.000369679
0.0208275
0.000377182
0.0388076
0.063704
0.0603753
0.00380134
0.120218
0.0921004
-0.000796659
0.0594103
0.0233601
0.0484536
0.119579
0.118498
0.0868033
0.0643953
0.046389
0.0135404
0.0557543
0.0116629
0.00945156
0.0593252
0.00583646
0.0311682
-0.000791403
0.00116559
0.00458536
0.0633428
0.0787736
0.104572
0.182578
0.0207871
-0.00078118
0.00155958
0.0456857
0.00273201
0.00320894
0.0011884
0.0159948
0.0627487
0.0449743
0.141517
0.182364
0.000167663
0.0418546
0.0206942
0.0262081
0.000287933
0.0390769
0.00402647
-0.000246045
0.0855853
0.192092
0.16931
0.00156472
0.123978
0.0105183
0.00741244
0.147076
0.00576343
0.172478
0.0146511
0.0301515
0.0534117
-0.000758047
6.48489e-05
0.000689328
0.0737198
0.0128913
0.169548
0.00182675
-0.000704825
0.0564673
-0.000723674
0.00731991
0.0074984
0.0480267
0.167585
0.186024
0.0428064
0.092935
0.0198851
0.0411813
0.0670793
0.00355965
-0.000413055
0.0118954
0.0264514
0.0256813
0.00909218
0.00102049
0.0273661
0.00695231
0.011882
0.0605106
0.000779591
0.0562013
0.0060505
0.0724555
0.00548322
0.0293189
0.0139836
0.0551147
0.000933259
0.00526056
0.000344114
0.05452
0.0258092
0.02268
0.0828123
0.149094
0.130556
0.00718044
0.0131973
0.127677
0.0469196
-0.000157026
0.0115065
0.014867
0.0438188
0.0158954
0.000384335
0.199579
-0.000525087
0.00898139
0.0711337
0.132472
0.0534304
-0.000640027
0.0215999
0.000191857
0.00522911
0.08948
0.00888422
0.00525225
0.0847049
0.0955036
0.0381663
0.104591
0.0753861
0.000370387
0.0682818
0.153309
0.117022
0.0387446
0.00108881
0.136294
0.00563651
0.100495
0.00465308
0.000428463
0.0680281
0.00746931
0.0303736
0.168675
0.0194964
0.043784
0.119387
0.00399317
0.119877
0.0775719
0.0174505
0.0319767
-0.000407424
0.0118732
0.0091037
9.63964e-05
0.00701091
0.0230641
0.0974814
0.0440682
0.00128432
0.0497415
0.0132071
0.0116035
0.0435641
0.0116354
0.0437045
0.0338055
0.0487615
0.0182951
0.0139581
0.0162611
0.0102855
0.000770498
0.0136863
-0.000796515
0.000899095
0.00856208
0.0112441
0.0112733
0.0299012
0.182748
-1.00062e-05
0.145793
0.00206872
0.0656552
0.0159685
-0.00068151
0.193541
0.0491861
0.00680687
0.0910145
0.0583501
-0.000534037
0.0771945
0.00852934
0.0127037
0.143348
0.0321941
0.0612726
0.0015088
-0.000796193
0.0223744
0.0186102
0.00424022
0.123595
0.113134
0.026165
0.0936944
0.158241
0.0568353
0.0478607
0.00323898
0.0247082
0.045413
0.00714905
0.00120157
0.014542
0.0550757
0.00497586
0.0157658
-0.000779842
0.000875252
0.0275759
0.00063009
0.00028486
0.0360816
0.00254876
0.0515583
0.00793457
-0.00033278
0.027107
0.00314339
0.000968365
0.000788198
0.184458
0.0166426
0.043205
0.192397
0.000718976
0.00214143
0.0490331
0.0119148
-0.000621938
0.00035708
0.0706995
0.120728
0.124486
-0.000198997
0.120761
0.0803678
0.121468
0.000700761
0.0108447
0.0173985
0.0748255
0.00538732
0.000316181
0.00796544
0.01101
0.0553878
0.0386113
-0.000757646
0.0414319
0.0154994
0.0290573
0.00166259
0.0394305
0.00885077
-0.000617352
0.0949461
0.0552131
0.000446269
0.124625
0.00287797
0.00688016
0.202422
0.17725
0.114504
0.000641787
0.0657293
0.00284809
0.0454988
0.00810304
0.0925741
0.00830034
0.119016
0.0242371
0.144926
0.000138111
0.207065
0.172158
0.00188993
0.0861426
0.00241504
0.206754
-0.000105459
0.00786407
-0.000753912
0.0211276
0.0141332
0.0315956
0.0939269
0.00569645
0.0309839
0.120099
0.00524392
-0.000774026
0.0217873
0.0536091
0.0147372
0.00925361
0.193031
0.00515202
0.188047
0.0722274
0.0163644
0.0279883
0.0269438
0.0565146
-0.000695928
0.00432247
0.139876
0.12106
0.00541283
0.0732134
0.0195117
0.0603847
0.0323267
0.0131161
0.150206
0.0787831
0.0061018
0.00587595
0.0407058
0.0865586
0.00522438
0.121226
0.126239
0.0470531
0.00196285
-2.15682e-05
0.00394872
0.0311204
5.32268e-05
-0.000794482
0.125885
0.000328968
0.0191213
0.000346711
0.0750738
0.00648518
0.135328
0.00682727
0.00138187
0.000995759
0.0489284
0.171105
0.119662
0.00653812
0.0365487
0.0365241
0.00537958
0.0323127
0.136304
0.0554154
0.0245696
0.0760844
0.0438362
0.0118008
0.0126782
0.120511
0.067973
0.00197923
0.00751571
0.00814703
0.0131919
0.00169797
0.00549086
0.0158069
0.004097
0.00432318
0.0107608
0.0767455
0.0596707
0.0237957
0.120165
0.00106388
0.0126164
0.0270309
0.0499441
0.0217296
0.0491345
0.0647328
0.0581833
0.0100523
0.00109646
0.00720912
0.00944697
0.0280539
0.0593295
0.000238948
0.0444599
0.0674678
0.00544498
0.0322041
0.00518739
0.0354951
0.0871294
0.0129659
0.00179804
0.00567934
0.00133811
0.0754684
0.0579417
0.024031
0.00933934
0.0442144
0.0103164
0.0281531
0.00316811
0.0262556
0.00972649
0.042107
0.0329035
0.0462533
0.00326655
0.147447
0.0257812
0.00195947
0.0409458
0.0110131
0.016226
0.0107551
0.0392632
-0.00030878
7.98149e-05
0.0126415
0.00588718
0.00886156
0.0589467
0.0642182
0.000905993
0.00613976
0.0160914
0.0146192
0.055386
0.00484569
-0.000697667
0.0569343
0.0278488
0.0114668
-0.000740241
0.0019552
0.0940679
0.0509543
0.00487263
0.00111251
-0.000571741
0.0938546
0.149186
0.141856
0.0526737
-0.000553609
0.0147226
0.116172
0.145111
0.0566325
0.0968123
0.00243263
-0.000554563
-0.00071902
0.206973
0.0666405
0.0103333
0.0387809
0.0902403
0.0564356
-0.000245127
0.0176547
0.0193101
0.0797088
0.0607469
0.166032
0.00827198
0.0369669
0.173904
0.0834883
1.56849e-06
0.0114077
-0.000788017
-0.000186024
0.00138762
0.0318745
0.032272
0.0207778
0.0844824
0.0702416
0.00889713
0.0557814
0.00868648
0.0098837
0.0536728
0.00178227
0.0152773
0.0184927
0.0536969
0.0178947
0.0101943
0.000614995
0.0399995
0.0382303
0.0915266
-0.000511048
-0.000106829
0.0170465
0.0384754
0.0228673
0.11323
0.00113771
0.000253734
0.136717
0.00652337
0.0341667
0.00511819
0.00401522
0.00326175
0.120354
0.0593688
-0.000471484
0.00142561
-0.000556609
0.0879136
0.00676919
-0.000550497
0.0766295
0.0366071
0.0137827
0.0539179
0.00726875
0.0393904
0.000426919
0.00820237
0.0590462
0.0594727
0.0293748
-0.000575584
0.0447909
0.013693
0.141777
0.0754753
0.109089
0.00282749
0.000401845
0.0152066
0.0189858
1.47319e-05
0.0346729
0.116415
0.119703
0.000969179
0.116478
0.0034651
0.013561
0.00333186
0.00146345
0.0434143
0.0169922
0.0384506
0.0280856
0.0271246
0.0057927
0.083066
0.000570662
0.0723637
0.0864468
0.00266384
0.0021304
0.055322
0.0154017
0.00465228
0.10784
0.0167385
0.050559
-0.00058976
0.0678901
0.0339469
0.112259
0.0432084
0.119542
0.000931744
0.0113907
0.0410543
0.124616
0.0623701
0.0167824
0.0025969
0.0227756
0.00317256
0.173406
0.0644855
0.0417758
0.00140004
0.0352134
0.0117222
0.189875
0.0210247
0.0752505
0.00719015
0.018064
-0.000799476
-0.000757679
-0.000374495
0.00216736
0.00267179
0.0265149
0.00568937
0.0657709
0.168351
0.0128255
0.119199
0.0164048
0.0800974
-0.000256524
0.119691
0.0904269
0.100535
0.116692
0.190015
0.0272154
0.0908798
0.0630487
0.037556
0.0160095
0.0137861
0.00387821
0.09966
0.000174201
0.00486944
0.0248951
0.0388884
0.18152
-4.69761e-05
0.0594704
-0.00076765
0.0349212
0.00104255
0.0640345
0.003028
-0.000440935
0.0140913
0.143275
0.119866
-0.000792029
-0.000659265
0.0249059
0.00573023
0.0417377
0.0196829
0.00702799
0.0831817
0.0173964
0.114466
0.00691058
0.0308219
0.116921
0.179168
-0.000529354
0.0175013
0.00204273
-0.000782874
0.133672
0.18583
0.0498767
-0.000369984
0.00304676
0.0234968
0.0430294
0.0202448
0.0034341
0.0356198
-0.000451309
-0.000756405
0.0150555
0.00625114
0.000425556
0.0866646
0.0811172
0.0105921
0.00872687
0.117671
0.0194294
0.0802548
0.00512431
0.0462439
0.120765
0.0789059
0.0044339
0.00594018
0.0591611
0.0885141
0.0120604
0.0919465
0.032107
-0.000101837
0.0226092
0.137296
0.00579443
-0.000246001
0.0154362
0.105075
0.0531497
0.0929748
0.103494
0.0348358
0.117217
0.0301512
0.0499178
0.116591
-0.00065786
0.0609078
0.124912
0.149439
0.134258
0.077088
0.00284494
0.0136599
0.00122032
0.00138392
0.166951
0.00628471
0.00460431
0.00573371
0.000530628
0.000272689
0.00204074
0.0136615
0.116339
0.00102208
0.00773874
0.0652571
0.0410731
0.0327128
0.0126197
-0.000153302
0.0202267
0.000710299
0.00794465
0.0459417
0.0567663
0.114898
-9.93488e-05
0.00197941
0.0281652
0.0105354
0.0277868
0.0291898
0.0828469
0.000137686
-0.000724734
0.0839184
0.013926
8.96658e-05
0.105973
0.0164948
0.0229473
0.00541929
0.0664708
0.121137
0.00356323
0.00262112
0.13034
0.0890697
0.096431
0.013947
0.00125972
0.0022788
0.0183261
-0.000722535
0.0064644
0.00691775
0.00231623
0.00204406
0.173456
0.126637
0.125031
0.0142253
0.0211866
0.000516327
0.00242672
-0.000795979
0.00316475
0.145055
0.0040465
0.0141203
0.0292891
0.0539884
0.0134787
-0.000140535
0.00804516
0.00207623
0.0313371
0.0752009
0.150004
-0.000391471
0.00545887
0.0458964
0.112161
0.188865
0.00525381
0.0275498
0.136793
0.10651
0.0133183
0.0728814
0.00179285
0.00249643
0.0703629
0.0151675
-0.000637643
0.00614852
0.0671023
0.0549433
0.00278431
0.0226624
0.0346194
0.0376621
-0.000404462
0.0412642
0.026386
0.0906359
0.0205159
0.15249
0.151829
-0.000630942
0.0729957
0.0685759
0.0550662
0.121489
0.0646062
0.00488669
0.0696834
0.0393546
0.181589
0.183182
0.0551365
0.0554259
0.0103437
0.0462963
0.0171802
0.0296743
0.0647168
-0.000549197
0.0241307
0.0783977
0.188944
0.0727866
0.00187823
0.143583
0.0137881
0.00269207
0.011603
0.000929447
-7.98075e-05
0.0168974
0.027955
0.202965
0.0226992
0.0574272
0.124677
0.0172355
0.0124001
0.190617
0.0180349
0.00359246
-0.000796923
-0.000682797
0.002881
-0.000408677
0.116376
0.0808268
0.131596
0.0593341
0.10928
-0.000596288
0.123148
0.0744047
0.00238148
0.0559933
0.0390261
0.0649971
0.127309
-0.000541298
0.0343221
-0.000625956
0.185714
0.145377
0.122432
0.145062
0.000289688
0.183206
0.00185599
0.000679677
0.0172604
0.0469496
0.00226329
0.0889611
0.0123866
0.0665418
0.0125268
0.0090778
0.002148
0.0331301
0.00774402
0.0327426
0.00155371
0.0612165
0.043259
0.0263778
0.000599564
0.0433088
0.0542196
0.0450294
0.0573004
0.0727699
0.130299
0.00727255
0.0662173
-0.000759208
0.000902147
0.132445
0.0818188
0.0184151
0.00687356
0.007182
0.0335188
0.0579388
0.0298444
0.0020242
0.0438424
0.000768663
0.0106812
0.0759649
0.0180887
0.0025407
-0.000796483
0.0161082
0.00186173
0.00426652
0.0152327
0.0455148
0.00137326
0.17993
0.00115535
0.0110898
0.0268303
0.139821
0.025243
0.096279
0.0776994
0.00119739
0.00581772
-0.00066596
-0.00045622
0.0025382
-0.000671223
0.0765094
0.0275143
0.0670692
0.0410677
-0.000787059
0.0457701
0.0575807
0.00124254
0.0285402
-0.000547754
-0.00077331
0.066712
0.0159653
0.0250012
0.123301
0.0574553
0.0603442
0.0212482
0.132361
0.0661905
0.0564101
0.0429272
0.000188008
0.0940109
0.00475112
0.0660723
-0.000788931
0.137763
0.0276847
0.0688433
0.00367332
0.075047
0.122029
0.00547266
0.00580715
0.0145721
0.0512963
0.0029918
0.0291003
0.00798485
0.0220088
0.0630039
0.00208542
0.203463
0.0171152
0.00931494
0.028648
0.114263
0.128268
-0.000489423
4.24521e-05
0.00260249
0.0442752
0.122102
0.00380326
0.0514912
0.18046
0.000955644
0.132854
-0.000781666
0.00134859
0.0818897
0.00021389
0.0606439
0.0221734
0.000695759
0.0410512
0.00428545
0.0975921
0.0608266
0.0417483
0.00631306
0.00431725
-0.000716837
0.00197185
0.116778
0.0998056
0.0512003
-0.000507216
0.0168651
0.0231012
0.118246
0.145934
0.0498657
0.0055875
0.00158931
0.115007
0.00476422
0.134544
-0.000237286
0.00660754
0.0513422
0.00599911
0.0531351
0.0049094
0.00153126
0.0175397
0.000111963
0.122132
0.00112484
0.00491001
0.0616096
0.0113576
0.00628266
0.119609
0.0472303
0.000375406
0.0276244
-0.000519637
0.00869441
0.0123252
0.190732
0.0228393
0.0241841
0.200334
0.137725
-0.000521587
0.00741321
-0.000310736
0.182142
0.0121443
0.156551
0.0255358
0.0854604
0.0576977
0.00337509
0.0812964
0.18967
0.0353531
-0.000481107
0.0719823
0.0661275
0.0212839
0.0452142
0.0296534
0.00874672
0.0150794
0.131316
0.00145547
0.178856
0.137239
0.0341664
0.125332
0.00481087
0.00444447
2.75362e-05
0.108372
0.0807505
0.000201466
0.00695362
0.00910752
0.0670006
0.0118462
0.0841491
-0.000390452
0.0843601
0.0120629
0.130494
0.0254141
0.00208703
0.0583417
0.0110983
0.166451
0.00552888
0.0090471
0.00091461
0.153086
0.00578117
0.0243646
0.0121571
0.000689508
0.10048
0.00401876
0.0206549
0.084004
0.00689667
0.0379407
0.0753819
0.00323636
0.155915
-0.000772082
0.0575048
0.0042309
0.00671929
0.0156375
0.00502003
0.0121008
0.061817
0.0830297
0.000905743
0.0323958
0.0108483
0.00634993
-0.000780325
8.9416e-05
0.179596
0.110313
0.0977641
-0.000782751
0.00411562
0.00328808
0.0605068
0.000166034
0.028009
0.00631179
0.00276761
-0.000795935
0.0497675
0.0250546
0.0229888
0.00987141
0.000319369
0.00819329
0.0660968
0.0107293
0.0118595
0.170315
0.00473068
0.0108798
0.15507
-0.000796238
0.0541737
0.0406899
0.00770578
0.00080723
0.0268327
0.19
0.134619
0.0063797
0.03392
0.0234006
0.0290298
0.00524122
0.0615084
0.000159266
0.135399
0.0355833
0.00370088
0.00775454
0.0207644
0.00308047
-0.000218831
0.0281343
0.0570636
0.00255051
0.137876
0.00623732
0.0646101
0.0237312
0.0498494
0.111258
0.0182356
-0.000725099
0.00174634
0.00132135
0.00467979
0.0113221
-0.000668194
0.0226363
0.00115011
0.0976003
0.0552633
0.0127062
0.0223886
0.00429203
0.121724
0.0142463
0.0332921
0.00106988
0.0109362
0.0368209
0.0100768
0.0409412
0.00911974
-0.000795292
0.0731325
-0.000445234
0.0264145
0.0739689
0.0152618
0.116396
0.0303475
0.0243139
0.00319361
0.0336415
0.0576461
0.134598
0.138904
-0.000234411
0.0259709
0.0250702
0.0138318
6.01697e-05
-0.000578407
0.0964741
0.177544
0.11922
0.00472232
0.0426847
0.0225662
-0.000308296
-0.000395012
-0.000591306
0.00527051
0.00238796
0.141752
0.0165637
0.107317
0.0128297
0.0330999
0.0397535
0.0391706
0.0303604
0.0201631
0.016358
0.00187572
0.0220123
0.0696814
0.13298
0.000111837
0.0032814
0.0938307
0.191774
0.0533915
0.0344274
0.000839743
0.167226
0.0193484
0.00745834
0.0129962
0.11939
0.128349
0.199659
0.0606913
0.00320591
-0.000178765
0.131538
0.00295211
0.105727
0.0146439
0.0747978
0.0522352
0.000288664
0.000895216
-0.000601105
0.0252648
-0.000782232
0.0507277
-0.000636744
0.00229631
0.0345257
0.128198
0.0142049
0.0045272
0.121499
0.155267
0.0321728
0.0301358
0.00858489
0.0540555
0.0276158
0.0352231
0.0146057
0.0209102
0.0471391
0.022879
0.20131
0.0145049
0.0140504
0.193325
0.0404703
0.0131998
0.0840526
0.00633636
0.00556415
0.00227245
0.0130116
0.025113
0.130957
0.0960722
0.0659534
0.0306003
0.0250915
-0.000362514
0.0154324
0.00527015
0.0178728
0.177266
0.00798569
0.0144453
0.0126711
0.00787739
0.0536002
0.0965749
0.0821284
0.0539726
0.00706794
0.0166846
0.0348627
0.193551
0.00319249
0.00240286
0.149732
0.046306
-0.000497862
0.000746455
-0.000688303
0.0015685
0.156328
0.0402769
0.0052054
0.0445745
0.0307539
0.0135374
0.0206182
0.0374994
0.00712935
0.00908944
0.00271121
0.00556073
0.0471916
0.0541445
0.00303556
0.0265009
0.0028197
0.0521149
0.0472767
0.0324547
0.105685
0.0114279
0.00576459
0.0186844
0.0577005
0.0265996
0.0430364
0.00149848
0.0783361
-0.0004936
0.0206985
-0.000792618
0.0583036
0.131362
0.128641
0.000580588
0.198774
0.00227319
0.0543041
0.106829
0.0329441
0.143975
0.0366359
0.0293637
0.0578176
-0.000106376
0.0193982
0.0756584
0.0257255
0.00573569
0.00755087
0.0416775
0.0153942
0.000800213
0.0335101
0.120225
0.00335257
0.121975
0.011741
0.0965285
0.151946
0.0844704
0.0478181
0.0243366
0.00296645
0.0562434
0.015653
0.0354125
-0.000232807
0.0630352
0.0381422
0.062328
0.116032
0.00879119
0.0445613
0.0608106
0.0487804
0.0101402
0.0619466
0.0281751
-0.000692142
0.0618301
0.0321565
0.00291145
0.000800603
0.0247715
0.0672061
-0.000673602
0.0284288
0.0155187
