-4.98335
-4.98335
-4.98335
-4.98335
-4.98335
-4.98335
-4.98335
-4.98335
-4.98335
-4.98335
-4.98335
-4.98335
-4.98335
-4.98335
-4.98335
-4.98335
-4.98335
-4.98335
-4.98335
-4.98335
-4.98335
-4.98335
-4.98335
-4.98335
-4.98335
-4.98335
-4.98335
-4.98335
-4.98335
-4.98335
-4.98335
-4.98335
-4.98335
-4.98335
-4.98335
-4.98335
-4.98335
-4.98335
-4.98335
-4.98335
-4.98335
-4.98335
-4.98335
-4.98335
-4.98335
-4.98335
-4.98335
-4.98335
-4.98335
-4.98335
-4.98335
-4.98335
-4.98335
-4.98335
-4.98335
-4.98335
-4.98335
-4.98335
-4.98335
-4.98335
-4.98335
-4.98335
-4.98335
-4.98335
-4.98335
-4.98335
-4.98335
-4.98335
-4.98335
-4.98335
-4.98335
-4.98335
-4.98335
-4.98335
-4.98335
-4.98335
-4.98335
-4.98335
-4.98335
-4.98335
-4.98335
-4.98335
-4.98335
-4.98335
-4.98335
-4.98335
-4.98335
-4.98335
-4.98335
-4.98335
-4.98335
-4.98335
-4.98335
-4.98335
-4.98335
-4.98335
-4.98335
-4.98335
-4.98335
-4.98335
-4.98335
-4.98335
-4.98335
-4.98335
-4.98335
-4.98335
-4.98335
-4.98335
-4.98335
-4.98335
-4.98335
-4.98335
-4.98335
-4.98335
-4.98335
-4.98335
-4.98335
-4.98335
-4.98335
-4.98335
-4.98335
-4.98335
-4.98335
-4.98335
-4.98335
-4.98335
-4.98335
-4.98335
-4.98335
-4.98335
-4.98335
-4.98335
-4.98335
-4.98335
-4.98335
-4.98335
-4.98335
-4.98335
-4.98335
-4.98335
-4.98335
-4.98335
-4.98335
-4.98335
-4.98335
-4.98335
-4.98335
-4.98335
-4.98335
-4.98335
-4.98335
-4.98335
-4.98335
-4.98335
-4.98335
-4.98335
-4.98335
-4.98335
-4.98335
-4.98335
-4.98335
-4.98335
-4.98335
-4.98335
-4.98335
-4.98335
-4.98335
-4.98335
-4.98335
-4.98335
-4.98335
-4.98335
-4.98335
-4.98335
-4.98335
-4.98335
-4.98335
-4.98335
-4.98335
-4.98335
-4.98335
-4.98335
-4.98335
-4.98335
-4.98335
-4.98335
-4.98335
-4.98335
-4.98335
-4.98335
-4.98335
-4.98335
-4.98335
-4.98335
-4.98335
-4.98335
-4.98335
-4.98335
-4.98335
-4.98335
-4.98335
-4.98335
-4.98335
-4.98335
-4.98335
-4.98335
-4.98335
-4.98335
-4.98335
-4.98335
-4.98335
-4.98335
-4.98335
-4.98335
-4.98335
-4.98335
-4.98335
-4.98335
-4.98335
-4.98335
-4.98335
-4.98335
-4.98335
-4.98335
-4.98335
-4.98335
-4.98335
-4.98335
-4.98335
-4.98335
-4.98335
-4.98335
-4.98335
-4.98335
-4.98335
-4.98335
-4.98335
-4.98335
-4.98335
-4.98335
-4.98335
-4.98335
-4.98335
-4.98335
-4.98335
-4.98335
-4.98335
-4.98335
-4.98335
-4.98335
-4.98335
-4.98335
-4.98335
-4.98335
-4.98335
-4.98335
-4.98335
-4.98335
-4.98335
-4.98335
-4.98335
-4.98335
-4.98335
-4.98335
-4.98335
-4.98335
-4.98335
-4.98335
-4.98335
-4.98335
-4.98335
-4.98335
-4.98335
-4.98335
-4.98335
-4.98335
-4.98335
-4.98335
-4.98335
-4.98335
-4.98335
-4.98335
-4.98335
-4.98335
-4.98335
-4.98335
-4.98335
-4.98335
-4.98335
-4.98335
-4.98335
-4.98335
-4.98335
-4.98335
-4.98335
-4.98335
-4.98335
-4.98335
-4.98335
-4.98335
-4.98335
-4.98335
-4.98335
-4.98335
-4.98335
-4.98335
-4.98335
-4.98335
-4.98335
-4.98335
-4.98335
-4.98335
-4.98335
-4.98335
-4.98335
-4.98335
-4.98335
-4.98335
-4.98335
-4.98335
-4.98335
-4.98335
-4.98335
-4.98335
-4.98335
-4.98335
-4.98335
-4.98335
-4.98335
-4.98335
-4.98335
-4.98335
-4.98335
-4.98335
-4.98335
-4.98335
-4.98335
-4.98335
-4.98335
-4.98335
-4.98335
-4.98335
-4.98335
-4.98335
-4.98335
-4.98335
-4.98335
-4.98335
-4.98335
-4.98335
-4.98335
-4.98335
-4.98335
-4.98335
-4.98335
-4.98335
-4.98335
-4.98335
-4.98335
-4.98335
-4.98335
-4.98335
-4.98335
-4.98335
-4.98335
-4.98335
-4.98335
-4.98335
-4.98335
-4.98335
-4.98335
-4.98335
-4.98335
-4.98335
-4.98335
-4.98335
-4.98335
-4.98335
-4.98335
-4.98335
-4.98335
-4.98335
-4.98335
-4.98335
-4.98335
-4.98335
-4.98335
-4.98335
-4.98335
-4.98335
-4.98335
-4.98335
-4.98335
-4.98335
-4.98335
-4.98335
-4.98335
-4.98335
-4.98335
-4.98335
-4.98335
-4.98335
-4.98335
-4.98335
-4.98335
-4.98335
-4.98335
-4.98335
-4.98335
-4.98335
-4.98335
-4.98335
-4.98335
-4.98335
-4.98335
-4.98335
-4.98335
-4.98335
-4.98335
-4.98335
-4.98335
-4.98335
-4.98335
-4.98335
-4.98335
-4.98335
-4.98335
-4.98335
-4.98335
-4.98335
-4.98335
-4.98335
-4.98335
-4.98335
-4.98335
-4.98335
-4.98335
-4.98335
-4.98335
-4.98335
-4.98335
-4.98335
-4.98335
-4.98335
-4.98335
-4.98335
-4.98335
-4.98335
-4.98335
-4.98335
-4.98335
-4.98335
-4.98335
-4.98335
-4.98335
-4.98335
-4.98335
-4.98335
-4.98335
-4.98335
-4.98335
-4.98335
-4.98335
-4.98335
-4.98335
-4.98335
-4.98335
-4.98335
-4.98335
-4.98335
-4.98335
-4.98335
-4.98335
-4.98335
-4.98335
-4.98335
-4.98335
-4.98335
-4.98335
-4.98335
-4.98335
-4.98335
-4.98335
-4.98335
-4.98335
-4.98335
-4.98335
-4.98335
-4.98335
-4.98335
-4.98335
-4.98335
-4.98335
-4.98335
-4.98335
-4.98335
-4.98335
-4.98335
-4.98335
-4.98335
-4.98335
-4.98335
-4.98335
-4.98335
-4.98335
-4.98335
-4.98335
-4.98335
-4.98335
-4.98335
-4.98335
-4.98335
-4.98335
-4.98335
-4.98335
-4.98335
-4.98335
-4.98335
-4.98335
-4.98335
-4.98335
-4.98335
-4.98335
-4.98335
-4.98335
-4.98335
-4.98335
-4.98335
-4.98335
-4.98335
-4.98335
-4.98335
-4.98335
-4.98335
-4.98335
-4.98335
-4.98335
-4.98335
-4.98335
-4.98335
-4.98335
-4.98335
-4.98335
-4.98335
-4.98335
-4.98335
-4.98335
-4.98335
-4.98335
-4.98335
-4.98335
-4.98335
-4.98335
-4.98335
-4.98335
-4.98335
-4.98335
-4.98335
-4.98335
-4.98335
-4.98335
-4.98335
-4.98335
-4.98335
-4.98335
-4.98335
-4.98335
-4.98335
-4.98335
-4.98335
-4.98335
-4.98335
-4.98335
-4.98335
-4.98335
-4.98335
-4.98335
-4.98335
-4.98335
-4.98335
-4.98335
-4.98335
-4.98335
-4.98335
-4.98335
-4.98335
-4.98335
-4.98335
-4.98335
-4.98335
-4.98335
-4.98335
-4.98335
-4.98335
-4.98335
-4.98335
-4.98335
-4.98335
-4.98335
-4.98335
-4.98335
-4.98335
-4.98335
-4.98335
-4.98335
-4.98335
-4.98335
-4.98335
-4.98335
-4.98335
-4.98335
-4.98335
-4.98335
-4.98335
-4.98335
-4.98335
-4.98335
-4.98335
-4.98335
-4.98335
-4.98335
-4.98335
-4.98335
-4.98335
-4.98335
-4.98335
-4.98335
-4.98335
-4.98335
-4.98335
-4.98335
-4.98335
-4.98335
-4.98335
-4.98335
-4.98335
-4.98335
-4.98335
-4.98335
-4.98335
-4.98335
-4.98335
-4.98335
-4.98335
-4.98335
-4.98335
-4.98335
-4.98335
-4.98335
-4.98335
-4.98335
-4.98335
-4.98335
-4.98335
-4.98335
-4.98335
-4.98335
-4.98335
-4.98335
-4.98335
-4.98335
-4.98335
-4.98335
-4.98335
-4.98335
-4.98335
-4.98335
-4.98335
-4.98335
-4.98335
-4.98335
-4.98335
-4.98335
-4.98335
-4.98335
-4.98335
-4.98335
-4.98335
-4.98335
-4.98335
-4.98335
-4.98335
-4.98335
-4.98335
-4.98335
-4.98335
-4.98335
-4.98335
-4.98335
-4.98335
-4.98335
-4.98335
-4.98335
-4.98335
-4.98335
-4.98335
-4.98335
-4.98335
-4.98335
-4.98335
-4.98335
-4.98335
-4.98335
-4.98335
-4.98335
-4.98335
-4.98335
-4.98335
-4.98335
-4.98335
-4.98335
-4.98335
-4.98335
-4.98335
-4.98335
-4.98335
-4.98335
-4.98335
-4.98335
-4.98335
-4.98335
-4.98335
-4.98335
-4.98335
-4.98335
-4.98335
-4.98335
-4.98335
-4.98335
-4.98335
-4.98335
-4.98335
-4.98335
-4.98335
-4.98335
-4.98335
-4.98335
-4.98335
-4.98335
-4.98335
-4.98335
-4.98335
-4.98335
-4.98335
-4.98335
-4.98335
-4.98335
-4.98335
-4.98335
-4.98335
-4.98335
-4.98335
-4.98335
-4.98335
-4.98335
-4.98335
-4.98335
-4.98335
-4.98335
-4.98335
-4.98335
-4.98335
-4.98335
-4.98335
-4.98335
-4.98335
-4.98335
-4.98335
-4.98335
-4.98335
-4.98335
-4.98335
-4.98335
-4.98335
-4.98335
-4.98335
-4.98335
-4.98335
-4.98335
-4.98335
-4.98335
-4.98335
-4.98335
-4.98335
-4.98335
-4.98335
-4.98335
-4.98335
-4.98335
-4.98335
-4.98335
-4.98335
-4.98335
-4.98335
-4.98335
-4.98335
-4.98335
-4.98335
-4.98335
-4.98335
-4.98335
-4.98335
-4.98335
-4.98335
-4.98335
-4.98335
-4.98335
-4.98335
-4.98335
-4.98335
-4.98335
-4.98335
-4.98335
-4.98335
-4.98335
-4.98335
-4.98335
-4.98335
-4.98335
-4.98335
-4.98335
-4.98335
-4.98335
-4.98335
-4.98335
-4.98335
-4.98335
-4.98335
-4.98335
-4.98335
-4.98335
-4.98335
-4.98335
-4.98335
-4.98335
-4.98335
-4.98335
-4.98335
-4.98335
-4.98335
-4.98335
-4.98335
-4.98335
-4.98335
-4.98335
-4.98335
-4.98335
-4.98335
-4.98335
-4.98335
-4.98335
-4.98335
-4.98335
-4.98335
-4.98335
-4.98335
-4.98335
-4.98335
-4.98335
-4.98335
-4.98335
-4.98335
-4.98335
-4.98335
-4.98335
-4.98335
-4.98335
-4.98335
-4.98335
-4.98335
-4.98335
-4.98335
-4.98335
-4.98335
-4.98335
-4.98335
-4.98335
-4.98335
-4.98335
-4.98335
-4.98335
-4.98335
-4.98335
-4.98335
-4.98335
-4.98335
-4.98335
-4.98335
-4.98335
-4.98335
-4.98335
-4.98335
-4.98335
-4.98335
-4.98335
-4.98335
-4.98335
-4.98335
-4.98335
-4.98335
-4.98335
-4.98335
-4.98335
-4.98335
-4.98335
-4.98335
-4.98335
-4.98335
-4.98335
-4.98335
-4.98335
-4.98335
-4.98335
-4.98335
-4.98335
-4.98335
-4.98335
-4.98335
-4.98335
-4.98335
-4.98335
-4.98335
-4.98335
-4.98335
-4.98335
-4.98335
-4.98335
-4.98335
-4.98335
-4.98335
-4.98335
-4.98335
-4.98335
-4.98335
-4.98335
-4.98335
-4.98335
-4.98335
-4.98335
-4.98335
-4.98335
-4.98335
-4.98335
-4.98335
-4.98335
-4.98335
-4.98335
-4.98335
-4.98335
-4.98335
-4.98335
-4.98335
-4.98335
-4.98335
-4.98335
-4.98335
-4.98335
-4.98335
-4.98335
-4.98335
-4.98335
-4.98335
-4.98335
-4.98335
-4.98335
-4.98335
-4.98335
-4.98335
-4.98335
-4.98335
-4.98335
-4.98335
-4.98335
-4.98335
-4.98335
-4.98335
-4.98335
-4.98335
-4.98335
-4.98335
-4.98335
-4.98335
-4.98335
-4.98335
-4.98335
-4.98335
-4.98335
-4.98335
-4.98335
-4.98335
-4.98335
-4.98335
-4.98335
-4.98335
-4.98335
-4.98335
-4.98335
-4.98335
-4.98335
-4.98335
-4.98335
-4.98335
-4.98335
-4.98335
-4.98335
-4.98335
-4.98335
-4.98335
-4.98335
-4.98335
-4.98335
-4.98335
-4.98335
-4.98335
-4.98335
-4.98335
-4.98335
-4.98335
-4.98335
-4.98335
-4.98335
-4.98335
-4.98335
-4.98335
-4.98335
-4.98335
-4.98335
-4.98335
-4.98335
-4.98335
-4.98335
-4.98335
-4.98335
-4.98335
-4.98335
-4.98335
-4.98335
-4.98335
-4.98335
-4.98335
-4.98335
-4.98335
-4.98335
-4.98335
-4.98335
-4.98335
-4.98335
-4.98335
-4.98335
-4.98335
-4.98335
-4.98335
-4.98335
-4.98335
-4.98335
-4.98335
-4.98335
-4.98335
-4.98335
-4.98335
-4.98335
-4.98335
-4.98335
-4.98335
-4.98335
-4.98335
-4.98335
-4.98335
-4.98335
-4.98335
-4.98335
-4.98335
-4.98335
-4.98335
-4.98335
-4.98335
-4.98335
-4.98335
-4.98335
-4.98335
-4.98335
-4.98335
-4.98335
-4.98335
-4.98335
-4.98335
-4.98335
-4.98335
-4.98335
-4.98335
-4.98335
-4.98335
-4.98335
-4.98335
-4.98335
-4.98335
-4.98335
-4.98335
-4.98335
-4.98335
-4.98335
-4.98335
-4.98335
-4.98335
-4.98335
-4.98335
-4.98335
-4.98335
-4.98335
-4.98335
-4.98335
-4.98335
-4.98335
-4.98335
-4.98335
-4.98335
-4.98335
-4.98335
-4.98335
-4.98335
-4.98335
-4.98335
-4.98335
-4.98335
-4.98335
-4.98335
-4.98335
-4.98335
-4.98335
-4.98335
-4.98335
-4.98335
-4.98335
-4.98335
-4.98335
-4.98335
-4.98335
-4.98335
-4.98335
-4.98335
-4.98335
-4.98335
-4.98335
-4.98335
-4.98335
-4.98335
-4.98335
-4.98335
-4.98335
-4.98335
-4.98335
-4.98335
-4.98335
-4.98335
-4.98335
-4.98335
-4.98335
-4.98335
-4.98335
-4.98335
-4.98335
-4.98335
-4.98335
-4.98335
-4.98335
-4.98335
-4.98335
-4.98335
-4.98335
-4.98335
-4.98335
-4.98335
-4.98335
-4.98335
-4.98335
-4.98335
-4.98335
-4.98335
-4.98335
-4.98335
-4.98335
-4.98335
-4.98335
-4.98335
-4.98335
-4.98335
-4.98335
-4.98335
-4.98335
-4.98335
-4.98335
-4.98335
-4.98335
-4.98335
-4.98335
-4.98335
-4.98335
-4.98335
-4.98335
-4.98335
-4.98335
-4.98335
-4.98335
-4.98335
-4.98335
-4.98335
-4.98335
-4.98335
-4.98335
-4.98335
-4.98335
-4.98335
-4.98335
-4.98335
-4.98335
-4.98335
-4.98335
-4.98335
-4.98335
-4.98335
-4.98335
-4.98335
-4.98335
-4.98335
-4.98335
-4.98335
-4.98335
-4.98335
-4.98335
-4.98335
-4.98335
-4.98335
-4.98335
-4.98335
-4.98335
-4.98335
-4.98335
-4.98335
-4.98335
-4.98335
-4.98335
-4.98335
-4.98335
-4.98335
-4.98335
-4.98335
-4.98335
-4.98335
-4.98335
-4.98335
-4.98335
-4.98335
-4.98335
-4.98335
-4.98335
-4.98335
-4.98335
-4.98335
-4.98335
-4.98335
-4.98335
-4.98335
-4.98335
-4.98335
-4.98335
-4.98335
-4.98335
-4.98335
-4.98335
-4.98335
-4.98335
-4.98335
-4.98335
-4.98335
-4.98335
-4.98335
-4.98335
-4.98335
-4.98335
-4.98335
-4.98335
-4.98335
-4.98335
-4.98335
-4.98335
-4.98335
-4.98335
-4.98335
-4.98335
-4.98335
-4.98335
-4.98335
-4.98335
-4.98335
-4.98335
-4.98335
-4.98335
-4.98335
-4.98335
-4.98335
-4.98335
-4.98335
-4.98335
-4.98335
-4.98335
-4.98335
-4.98335
-4.98335
-4.98335
-4.98335
-4.98335
-4.98335
-4.98335
-4.98335
-4.98335
-4.98335
-4.98335
-4.98335
-4.98335
-4.98335
-4.98335
-4.98335
-4.98335
-4.98335
-4.98335
-4.98335
-4.98335
-4.98335
-4.98335
-4.98335
-4.98335
-4.98335
-4.98335
-4.98335
-4.98335
-4.98335
-4.98335
-4.98335
-4.98335
-4.98335
-4.98335
-4.98335
-4.98335
-4.98335
-4.98335
-4.98335
-4.98335
-4.98335
-4.98335
-4.98335
-4.98335
-4.98335
-4.98335
-4.98335
-4.98335
-4.98335
-4.98335
-4.98335
-4.98335
-4.98335
-4.98335
-4.98335
-4.98335
-4.98335
-4.98335
-4.98335
-4.98335
-4.98335
-4.98335
-4.98335
-4.98335
-4.98335
-4.98335
-4.98335
-4.98335
-4.98335
-4.98335
-4.98335
-4.98335
-4.98335
-4.98335
-4.98335
-4.98335
-4.98335
-4.98335
-4.98335
-4.98335
-4.98335
-4.98335
-4.98335
-4.98335
-4.98335
-4.98335
-4.98335
-4.98335
-4.98335
-4.98335
-4.98335
-4.98335
-4.98335
-4.98335
-4.98335
-4.98335
-4.98335
-4.98335
-4.98335
-4.98335
-4.98335
-4.98335
-4.98335
-4.98335
-4.98335
-4.98335
-4.98335
-4.98335
-4.98335
-4.98335
-4.98335
-4.98335
-4.98335
-4.98335
-4.98335
-4.98335
-4.98335
-4.98335
-4.98335
-4.98335
-4.98335
-4.98335
-4.98335
-4.98335
-4.98335
-4.98335
-4.98335
-4.98335
-4.98335
-4.98335
-4.98335
-4.98335
-4.98335
-4.98335
-4.98335
-4.98335
-4.98335
-4.98335
-4.98335
-4.98335
-4.98335
-4.98335
-4.98335
-4.98335
-4.98335
-4.98335
-4.98335
-4.98335
-4.98335
-4.98335
-4.98335
-4.98335
-4.98335
-4.98335
-4.98335
-4.98335
-4.98335
-4.98335
-4.98335
-4.98335
-4.98335
-4.98335
-4.98335
-4.98335
-4.98335
-4.98335
-4.98335
-4.98335
-4.98335
-4.98335
-4.98335
-4.98335
-4.98335
-4.98335
-4.98335
-4.98335
-4.98335
-4.98335
-4.98335
-4.98335
-4.98335
-4.98335
-4.98335
-4.98335
-4.98335
-4.98335
-4.98335
-4.98335
-4.98335
-4.98335
-4.98335
-4.98335
-4.98335
-4.98335
-4.98335
-4.98335
-4.98335
-4.98335
-4.98335
-4.98335
-4.98335
-4.98335
-4.98335
-4.98335
-4.98335
-4.98335
-4.98335
-4.98335
-4.98335
-4.98335
-4.98335
-4.98335
-4.98335
-4.98335
-4.98335
-4.98335
-4.98335
-4.98335
-4.98335
-4.98335
-4.98335
-4.98335
-4.98335
-4.98335
-4.98335
-4.98335
-4.98335
-4.98335
-4.98335
-4.98335
-4.98335
-4.98335
-4.98335
-4.98335
-4.98335
-4.98335
-4.98335
-4.98335
-4.98335
-4.98335
-4.98335
-4.98335
-4.98335
-4.98335
-4.98335
-4.98335
-4.98335
-4.98335
-4.98335
-4.98335
-4.98335
-4.98335
-4.98335
-4.98335
-4.98335
-4.98335
-4.98335
-4.98335
-4.98335
-4.98335
-4.98335
-4.98335
-4.98335
-4.98335
-4.98335
-4.98335
-4.98335
-4.98335
-4.98335
-4.98335
-4.98335
-4.98335
-4.98335
-4.98335
-4.98335
-4.98335
-4.98335
-4.98335
-4.98335
-4.98335
-4.98335
-4.98335
-4.98335
-4.98335
-4.98335
-4.98335
-4.98335
-4.98335
-4.98335
-4.98335
-4.98335
-4.98335
-4.98335
-4.98335
-4.98335
-4.98335
-4.98335
-4.98335
-4.98335
-4.98335
-4.98335
-4.98335
-4.98335
-4.98335
-4.98335
-4.98335
-4.98335
-4.98335
-4.98335
-4.98335
-4.98335
-4.98335
-4.98335
-4.98335
-4.98335
-4.98335
-4.98335
-4.98335
-4.98335
-4.98335
-4.98335
-4.98335
-4.98335
-4.98335
-4.98335
-4.98335
-4.98335
-4.98335
-4.98335
-4.98335
-4.98335
-4.98335
-4.98335
-4.98335
-4.98335
-4.98335
-4.98335
-4.98335
-4.98335
-4.98335
-4.98335
-4.98335
-4.98335
-4.98335
-4.98335
-4.98335
-4.98335
-4.98335
-4.98335
-4.98335
-4.98335
-4.98335
-4.98335
-4.98335
-4.98335
-4.98335
-4.98335
-4.98335
-4.98335
-4.98335
-4.98335
-4.98335
-4.98335
-4.98335
-4.98335
-4.98335
-4.98335
-4.98335
-4.98335
-4.98335
-4.98335
-4.98335
-4.98335
-4.98335
-4.98335
-4.98335
-4.98335
-4.98335
-4.98335
-4.98335
-4.98335
-4.98335
-4.98335
-4.98335
-4.98335
-4.98335
-4.98335
-4.98335
-4.98335
-4.98335
-4.98335
-4.98335
-4.98335
-4.98335
-4.98335
-4.98335
-4.98335
-4.98335
-4.98335
-4.98335
-4.98335
-4.98335
-4.98335
-4.98335
-4.98335
-4.98335
-4.98335
-4.98335
-4.98335
-4.98335
-4.98335
-4.98335
-4.98335
-4.98335
-4.98335
-4.98335
-4.98335
-4.98335
-4.98335
-4.98335
-4.98335
-4.98335
-4.98335
-4.98335
-4.98335
-4.98335
-4.98335
-4.98335
-4.98335
-4.98335
-4.98335
-4.98335
-4.98335
-4.98335
-4.98335
-4.98335
-4.98335
-4.98335
-4.98335
-4.98335
-4.98335
-4.98335
-4.98335
-4.98335
-4.98335
-4.98335
-4.98335
-4.98335
-4.98335
-4.98335
-4.98335
-4.98335
-4.98335
-4.98335
-4.98335
-4.98335
-4.98335
-4.98335
-4.98335
-4.98335
-4.98335
-4.98335
-4.98335
-4.98335
-4.98335
-4.98335
-4.98335
-4.98335
-4.98335
-4.98335
-4.98335
-4.98335
-4.98335
-4.98335
-4.98335
-4.98335
-4.98335
-4.98335
-4.98335
-4.98335
-4.98335
-4.98335
-4.98335
-4.98335
-4.98335
-4.98335
-4.98335
-4.98335
-4.98335
-4.98335
-4.98335
-4.98335
-4.98335
-4.98335
-4.98335
-4.98335
-4.98335
-4.98335
-4.98335
-4.98335
-4.98335
-4.98335
-4.98335
-4.98335
-4.98335
-4.98335
-4.98335
-4.98335
-4.98335
-4.98335
-4.98335
-4.98335
-4.98335
-4.98335
-4.98335
-4.98335
-4.98335
-4.98335
-4.98335
-4.98335
-4.98335
-4.98335
-4.98335
-4.98335
-4.98335
-4.98335
-4.98335
-4.98335
-4.98335
-4.98335
-4.98335
-4.98335
-4.98335
-4.98335
-4.98335
-4.98335
-4.98335
-4.98335
-4.98335
-4.98335
-4.98335
-4.98335
-4.98335
-4.98335
-4.98335
-4.98335
-4.98335
-4.98335
-4.98335
-4.98335
-4.98335
-4.98335
-4.98335
-4.98335
-4.98335
-4.98335
-4.98335
-4.98335
-4.98335
-4.98335
-4.98335
-4.98335
-4.98335
-4.98335
-4.98335
-4.98335
-4.98335
-4.98335
-4.98335
-4.98335
-4.98335
-4.98335
-4.98335
-4.98335
-4.98335
-4.98335
-4.98335
-4.98335
-4.98335
-4.98335
-4.98335
-4.98335
-4.98335
-4.98335
-4.98335
-4.98335
-4.98335
-4.98335
-4.98335
-4.98335
-4.98335
-4.98335
-4.98335
-4.98335
-4.98335
-4.98335
-4.98335
-4.98335
-4.98335
-4.98335
-4.98335
-4.98335
-4.98335
-4.98335
-4.98335
-4.98335
-4.98335
-4.98335
-4.98335
-4.98335
-4.98335
-4.98335
-4.98335
-4.98335
-4.98335
-4.98335
-4.98335
-4.98335
-4.98335
-4.98335
-4.98335
-4.98335
-4.98335
-4.98335
-4.98335
-4.98335
-4.98335
-4.98335
-4.98335
-4.98335
-4.98335
-4.98335
-4.98335
-4.98335
-4.98335
-4.98335
-4.98335
-4.98335
-4.98335
-4.98335
-4.98335
-4.98335
-4.98335
-4.98335
-4.98335
-4.98335
-4.98335
-4.98335
-4.98335
-4.98335
-4.98335
-4.98335
-4.98335
-4.98335
-4.98335
-4.98335
-4.98335
-4.98335
-4.98335
-4.98335
-4.98335
-4.98335
-4.98335
-4.98335
-4.98335
-4.98335
-4.98335
-4.98335
-4.98335
-4.98335
-4.98335
-4.98335
-4.98335
-4.98335
-4.98335
-4.98335
-4.98335
-4.98335
-4.98335
-4.98335
-4.98335
-4.98335
-4.98335
-4.98335
-4.98335
-4.98335
-4.98335
-4.98335
-4.98335
-4.98335
-4.98335
-4.98335
-4.98335
0.114927
0.115185
0.114841
0.113824
0.113565
0.113258
0.112994
0.112601
0.112442
0.112062
0.111814
0.111335
0.111207
0.110938
0.11065
0.110327
0.110051
0.109827
0.10943
0.109208
0.108896
0.108386
0.107616
0.107314
0.106983
0.106738
0.106488
0.106111
0.105828
0.105589
0.105318
0.105007
0.104745
0.104422
0.104207
0.103985
0.103571
0.103331
0.102995
0.10253
0.10141
0.101044
0.100874
0.100552
0.100278
0.100003
0.0997157
0.0994182
0.099163
0.0988603
0.098589
0.0984089
0.0980884
0.0978062
0.0974948
0.097246
0.0970012
0.0965754
0.0946407
0.0944839
0.0941919
0.0938617
0.0936328
0.0932448
0.09297
0.0926742
0.092401
0.0920622
0.0918201
0.0914797
0.09115
0.0909004
0.0906816
0.0902407
0.0898478
0.0876772
0.0875151
0.0872186
0.0869762
0.0866051
0.0863102
0.0858602
0.085626
0.0852961
0.0850456
0.0847172
0.0844422
0.084271
0.0840068
0.0837209
0.0833667
0.0830203
0.0754595
0.0752085
0.0749562
0.0747256
0.0744792
0.0742367
0.0739937
0.0737556
0.0734935
0.0732535
0.0730085
0.0727629
0.0724933
0.072217
0.0719833
0.0717378
0.0714947
0.0712496
0.0710069
0.0707627
0.0705285
0.0702973
0.0700909
0.069843
0.0696046
0.0693673
0.0691263
0.0688834
0.0686486
0.0684198
0.0681814
0.067956
0.0676919
0.0674545
0.0672144
0.0669875
0.0667685
0.0665482
0.0663138
0.066073
0.065841
0.0656085
0.0653815
0.0651419
0.0649109
0.0646751
0.0644537
0.0642329
0.0639964
0.06377
0.0635599
0.06333
0.0631057
0.062877
0.0626542
0.0624276
0.0621996
0.061973
0.0617486
0.0615206
0.0612783
0.0610486
0.0608414
0.0606183
0.0603816
0.0601577
0.0599374
0.0597073
0.0594903
0.05924
0.0590175
0.0588022
0.0585871
0.0583622
0.0581473
0.0579188
0.0576964
0.057496
0.0572701
0.0570425
0.0568215
0.0566084
0.0564215
0.0562065
0.0559842
0.0557691
0.0555545
0.0553466
0.0551206
0.0549089
0.0546908
0.0544762
0.0542831
0.0540629
0.0538399
0.0536241
0.0534171
0.0532376
0.0529725
0.0527661
0.0525422
0.0523355
0.0521284
0.0519193
0.0517114
0.0515044
0.0513187
0.0511038
0.0508882
0.0506796
0.0504779
0.0502824
0.0501013
0.0498971
0.0497362
0.0495296
0.0493243
0.0491267
0.0489223
0.0487198
0.0485266
0.0483331
0.0481292
0.0479209
0.0477168
0.0475267
0.0473225
0.0471239
0.0469362
0.046739
0.0465488
0.0463383
0.0461466
0.045957
0.0457603
0.0455937
0.0453787
0.0451881
0.0449973
0.0448685
0.044685
0.0444954
0.0442997
0.0441117
0.0439283
0.0437311
0.0435403
0.0433435
0.0431533
0.0429788
0.0428018
0.0426129
0.0424351
0.0422574
0.0420772
0.0418952
0.04171
0.0415291
0.0413493
0.0411723
0.0409951
0.0408026
0.0406482
0.0404658
0.0402949
0.0401149
0.0399443
0.0397765
0.0395981
0.0394181
0.0392431
0.0390471
0.0388682
0.0386967
0.0385247
0.0383567
0.0381825
0.0380142
0.0378499
0.0376773
0.0375005
0.0373375
0.0371736
0.0370018
0.036837
0.0366814
0.0365216
0.0363481
0.0361662
0.0360114
0.035846
0.0356816
0.0355208
0.035357
0.0352334
0.0350751
0.0349148
0.0347603
0.0345955
0.0344375
0.0342834
0.0340675
0.0339198
0.0337618
0.0336053
0.0334564
0.0333004
0.0331525
0.0329952
0.0328377
0.0326888
0.0325366
0.0323865
0.0322254
0.0320905
0.0319452
0.0317837
0.0316371
0.0314904
0.0313479
0.0311997
0.0310818
0.0309223
0.0307647
0.0306214
0.0304801
0.0303148
0.0301659
0.0300251
0.0298811
0.0297267
0.0295863
0.029457
0.0293088
0.0291664
0.0290298
0.0288931
0.0287558
0.0286172
0.0284639
0.0283178
0.0282064
0.0280684
0.0279297
0.0277639
0.0276588
0.0275216
0.0273865
0.0272492
0.0271129
0.0270072
0.026871
0.0267452
0.0266047
0.0264734
0.026328
0.0262006
0.0260712
0.0259395
0.0258099
0.0256868
0.0255595
0.0254285
0.0252732
0.0251573
0.0250328
0.0248914
0.024772
0.0246413
0.0245181
0.0243886
0.0242782
0.0241563
0.0240283
0.023905
0.0237827
0.0236625
0.0235421
0.0234176
0.0232896
0.0231565
0.0230418
0.0229277
0.0228253
0.0227095
0.0225876
0.0224656
0.0223478
0.0222302
0.0221144
0.0219956
0.0218767
0.0217564
0.0216362
0.0215239
0.0214168
0.0213027
0.0211798
0.0210713
0.0209618
0.0208506
0.0207399
0.0206318
0.0205198
0.0204184
0.0203108
0.0201955
0.0200908
0.019982
0.0198573
0.0197503
0.0196452
0.0195419
0.0194362
0.0193265
0.0192207
0.0191159
0.0190109
0.018896
0.0187965
0.0186928
0.0185921
0.0184952
0.018393
0.0182893
0.018192
0.0180905
0.0179858
0.0178885
0.0177822
0.0176861
0.0175801
0.0174859
0.0173901
0.0172918
0.0171959
0.0171001
0.0170037
0.0169129
0.0168128
0.0167146
0.0166217
0.016514
0.016423
0.0163235
0.0162349
0.0161442
0.0160577
0.0159736
0.015896
0.0158055
0.0157134
0.0156234
0.0155298
0.0154359
0.0153483
0.0152548
0.0151621
0.0150771
0.0149828
0.0148961
0.0148042
0.0147223
0.0146306
0.0145478
0.014458
0.01437
0.0142858
0.0141989
0.0141116
0.0140232
0.0139489
0.0138622
0.0137801
0.0136976
0.0136121
0.013526
0.0134447
0.0133561
0.0132741
0.0131828
0.0131001
0.0130218
0.0129375
0.0128613
0.0127821
0.0127058
0.0126229
0.0125436
0.0124727
0.0123951
0.0123151
0.0122341
0.0121502
0.0120778
0.0119876
0.011913
0.0118338
0.0117602
0.0116803
0.0116095
0.0115356
0.0114585
0.0113778
0.0113011
0.0112241
0.0111449
0.0110694
0.0109962
0.0109209
0.0108471
0.0107773
0.0107006
0.0106319
0.010561
0.010489
0.010406
0.0103325
0.0102568
0.0101873
0.0101201
0.0100478
0.00999144
0.00992073
0.00985036
0.00978307
0.00971266
0.00964511
0.00957615
0.00951181
0.00944069
0.00937095
0.00930173
0.00924127
0.00917269
0.00912321
0.00905038
0.00898018
0.00892825
0.00886336
0.00880138
0.00873866
0.00867412
0.0086025
0.00854258
0.00848136
0.00842257
0.00836351
0.00830369
0.00824314
0.00818705
0.00813142
0.00807725
0.00801722
0.0079585
0.00789011
0.00783081
0.00777492
0.00771975
0.00766503
0.00760599
0.00755261
0.00749351
0.00743707
0.00738307
0.0073311
0.00726087
0.00720847
0.00715016
0.00709443
0.00704916
0.00700296
0.00694728
0.00689637
0.00683463
0.00678679
0.00673333
0.00668032
0.00662808
0.00657827
0.00652026
0.00647421
0.00642339
0.00637576
0.0063287
0.00627971
0.00622884
0.00618656
0.0061383
0.00608757
0.00604141
0.00598455
0.00593812
0.00588439
0.00583974
0.00579476
0.00574887
0.0057034
0.0056556
0.00560702
0.00555802
0.00551681
0.00547189
0.00542754
0.00538237
0.00534597
0.00529339
0.00525144
0.0052052
0.00516788
0.00512386
0.0050787
0.00503686
0.00499352
0.00495112
0.00490563
0.00486389
0.00481835
0.00477141
0.00473177
0.00469203
0.00465026
0.00461025
0.00456702
0.00452587
0.00448616
0.00444166
0.00440094
0.00436288
0.00432169
0.00426677
0.00423095
0.00419253
0.00415697
0.00411769
0.00408411
0.00404711
0.00400728
0.00396934
0.00393091
0.00389377
0.00385513
0.00381677
0.00377504
0.00374001
0.00370301
0.00367036
0.00363651
0.00360157
0.00356685
0.00352836
0.00349357
0.00345932
0.00342257
0.00338569
0.0033489
0.00330786
0.00327469
0.00324365
0.00321083
0.00318242
0.00315081
0.00311683
0.00308392
0.00305167
0.00301922
0.00299524
0.00296336
0.00292756
0.00289336
0.00285996
0.00282818
0.0027991
0.00276934
0.00273813
0.00270799
0.00267626
0.00264679
0.00261196
0.00258258
0.00255214
0.00252493
0.00249339
0.00246307
0.0024357
0.00240515
0.00237791
0.0023505
0.00232034
0.00229261
0.00226516
0.00223775
0.00221072
0.00218261
0.00215517
0.00212728
0.00209672
0.00207063
0.00204123
0.00201298
0.00198121
0.0019558
0.00193019
0.00190185
0.00187671
0.00185175
0.00182643
0.00179941
0.00177532
0.00174984
0.00172198
0.00169705
0.00167258
0.00164343
0.00162604
0.00160282
0.00157912
0.00155536
0.00153208
0.00150533
0.00148174
0.00145804
0.00143458
0.00141108
0.00138732
0.00136445
0.00133826
0.00131669
0.00129174
0.00126989
0.00124578
0.00122284
0.00120381
0.00118217
0.00116102
0.00113849
0.00111463
0.00109448
0.00107055
0.00104844
0.00102592
0.00100373
0.000990087
0.000954956
0.000934664
0.000912651
0.000893079
0.000871919
0.000851092
0.000830465
0.000804432
0.000784608
0.00076381
0.000743575
0.000723502
0.000702784
0.000694442
0.000660278
0.000643874
0.000624237
0.000603285
0.000586582
0.000566252
0.000548213
0.000533373
0.000513901
0.000494182
0.000474547
0.000456159
0.000436149
0.000424823
0.000395649
0.000378679
0.000362846
0.000345086
0.00032509
0.000308688
0.000291142
0.000274255
0.000256052
0.000238574
0.000219446
0.000203317
0.000185834
0.000165451
0.000148743
0.000134358
0.000119211
0.000100804
8.48198e-05
6.85375e-05
5.26542e-05
3.60948e-05
2.06021e-05
4.39145e-06
-1.10958e-05
-2.71211e-05
-4.2509e-05
-5.94659e-05
-7.38346e-05
-8.74877e-05
-0.000102827
-0.000115529
-0.000129222
-0.000142853
-0.000156828
-0.000171179
-0.000188132
-0.000199228
-0.000212975
-0.000226507
-0.000240521
-0.000242478
-0.000268835
-0.000280772
-0.000292983
-0.00030469
-0.000316318
-0.000328181
-0.000339758
-0.000352207
-0.000369744
-0.00037895
-0.000390928
-0.00040217
-0.000412134
-0.000409835
-0.000438171
-0.000446141
-0.00045563
-0.000468144
-0.000478419
-0.000486127
-0.000498115
-0.000505078
-0.000517414
-0.000527113
-0.000536773
-0.000546131
-0.000556172
-0.000549184
-0.000576575
-0.000579586
-0.000587043
-0.00059654
-0.000603996
-0.000607196
-0.000618034
-0.000625977
-0.000632369
-0.000639945
-0.000646565
-0.00065473
-0.00066391
-0.000671639
-0.000680331
-0.00068245
-0.000689706
-0.000696002
-0.000700891
-0.000705796
-0.000710457
-0.000714728
-0.000721072
-0.000724711
-0.000730476
-0.000735719
-0.000739639
-0.000744964
-0.000749687
-0.00075404
-0.000755309
-0.000760367
-0.000761052
-0.000766012
-0.000768392
-0.000770429
-0.000772078
-0.000777238
-0.000779758
-0.000782291
-0.000784926
-0.00078863
-0.000775402
-0.000791661
-0.000793169
-0.000793767
-0.000794608
-0.000795174
-0.000795742
-0.000796319
-0.000796706
-0.000796877
-0.000796743
-0.000796582
-0.000799063
-0.000799756
-0.000799607
-0.00079611
-0.000796832
-0.000795267
-0.000793914
-0.00079239
-0.000790942
-0.000787399
-0.000785944
-0.000786696
-0.000785152
-0.000783755
-0.00078234
-0.000765823
-0.000762347
-0.000774438
-0.000772092
-0.000769072
-0.000765708
-0.000762307
-0.000758939
-0.00075553
-0.000752192
-0.000748847
-0.000745505
-0.000742115
-0.000738715
-0.000723198
-0.000709363
-0.000724971
-0.000719643
-0.000716625
-0.000711517
-0.000704098
-0.000698847
-0.000693787
-0.000688416
-0.000683338
-0.000680135
-0.000674761
-0.000669736
-0.000653397
-0.00064676
-0.000650743
-0.000643511
-0.000638921
-0.000630081
-0.000623044
-0.000618405
-0.000609451
-0.000602312
-0.000595599
-0.000589417
-0.000581766
-0.000575299
-0.000568412
-0.000552056
-0.000539318
-0.000545242
-0.000537021
-0.000528684
-0.000521034
-0.000513221
-0.000504932
-0.000496154
-0.00048752
-0.000479702
-0.000471656
-0.000462881
-0.0004542
-0.000446177
-0.000427592
-0.000427433
-0.000418259
-0.000406688
-0.000399793
-0.000390177
-0.000380096
-0.00036981
-0.000360112
-0.000349774
-0.000341535
-0.000329378
-0.000320115
-0.000308138
-0.000285829
-0.000274619
-0.000278053
-0.000267828
-0.000256895
-0.000245371
-0.000233669
-0.000223039
-0.00021234
-0.000200785
-0.000189481
-0.000178197
-0.000165127
-0.000155347
-0.000139466
-0.00011087
-9.73758e-05
-9.88654e-05
-8.63444e-05
-7.419e-05
-6.09921e-05
-4.95059e-05
-3.48897e-05
-2.07123e-05
-7.87402e-06
4.35971e-06
1.68102e-05
2.96521e-05
4.07878e-05
5.48602e-05
8.9316e-05
9.98742e-05
9.68139e-05
0.000111298
0.000126182
0.000141395
0.00015696
0.00017157
0.000191223
0.000205719
0.000219529
0.000233693
0.000250603
0.000266597
0.000280602
0.000295839
0.000328079
0.000329936
0.000344863
0.000361558
0.000378585
0.000394664
0.000411311
0.000427189
0.000443867
0.00045895
0.000474945
0.000490543
0.000508964
0.000525591
0.000542053
0.000572425
0.000589473
0.000592721
0.000612304
0.000631319
0.000649021
0.000667321
0.000684197
0.000704503
0.000722763
0.000740545
0.000758475
0.000775854
0.000794054
0.00081419
0.000831846
0.000850638
0.000881668
0.000890366
0.000910122
0.000929137
0.000950665
0.000970357
0.000989435
0.00100945
0.00102997
0.00104891
0.00107154
0.00109199
0.00111147
0.00113108
0.00115063
0.00117188
0.00120549
0.0012136
0.0012357
0.00125362
0.00128033
0.00130124
0.00132341
0.00134407
0.00136586
0.00138936
0.00140896
0.00143273
0.00145434
0.00147497
0.00149561
0.00151887
0.00155321
0.0015705
0.00158671
0.00161135
0.00163412
0.00165836
0.00168104
0.00170441
0.00172966
0.00175284
0.00177493
0.00179895
0.00181881
0.00184195
0.00186677
0.00189218
0.00192996
0.00195592
0.00196391
0.00198978
0.00201397
0.00203936
0.00206614
0.00209142
0.00211184
0.00213878
0.00216344
0.00218877
0.00221516
0.00223992
0.00226429
0.00228945
0.00231682
0.00235913
0.00238187
0.00239304
0.00242082
0.00244921
0.002476
0.00250236
0.00253028
0.00256016
0.00258753
0.00261415
0.00263941
0.00266749
0.00269678
0.0027223
0.00274862
0.00277512
0.00282049
0.0028461
0.00285942
0.00288875
0.00291727
0.00294744
0.00297631
0.00300468
0.00303291
0.00306475
0.00309114
0.00312055
0.00314821
0.00317741
0.00320568
0.00323808
0.00326548
0.00329442
0.00334066
0.00337223
0.00338243
0.00341329
0.00344506
0.00347478
0.00350634
0.00353667
0.003567
0.00359811
0.00362815
0.0036706
0.00370025
0.0037305
0.00376092
0.00379134
0.00382548
0.00387506
0.00389732
0.00393085
0.00394514
0.00397441
0.0040064
0.00403762
0.00406801
0.00410482
0.00413744
0.00416899
0.00419981
0.00423683
0.00427048
0.00430336
0.00433331
0.00436591
0.00440163
0.00443505
0.00446766
0.00451903
0.0045537
0.00457122
0.00460381
0.00463693
0.00467123
0.00470835
0.00474357
0.0047757
0.00481013
0.0048452
0.00487816
0.00491656
0.00494876
0.00498495
0.00501883
0.00505652
0.00509106
0.00512632
0.00518726
0.00522244
0.00525762
0.00527282
0.00530938
0.00534171
0.00537989
0.00541695
0.00545103
0.00549208
0.00552855
0.00556326
0.00560009
0.00563893
0.00570005
0.00573722
0.00577664
0.00581421
0.00585016
0.00588662
0.00594683
0.00598728
0.00600465
0.00604262
0.00608126
0.00609577
0.00613393
0.00617609
0.00621516
0.00625345
0.00629589
0.0063324
0.00637414
0.0064107
0.00645172
0.00649243
0.00653024
0.00656939
0.00660726
0.00664628
0.00668535
0.00675566
0.00679775
0.00681444
0.00685789
0.00690052
0.00694506
0.00698713
0.00703026
0.00707094
0.00711404
0.00715663
0.00719804
0.00723754
0.00727726
0.00731756
0.00736088
0.00740256
0.00747027
0.00750992
0.00755577
0.0076125
0.0076594
0.00768219
0.00771026
0.00775678
0.00779776
0.00784091
0.00788549
0.00792942
0.00797195
0.00801153
0.00806192
0.00810327
0.008149
0.00819071
0.00823813
0.00827879
0.0083248
0.00836669
0.00841321
0.00846286
0.00852792
0.00857608
0.00859937
0.00864328
0.00868958
0.00875593
0.00880422
0.00884238
0.00889118
0.00893861
0.00898381
0.00903039
0.0090731
0.00911661
0.00916453
0.00921271
0.00926287
0.00928948
0.00933533
0.00937835
0.00942311
0.00949015
0.0095412
0.00960809
0.00963384
0.0096832
0.00973018
0.00978483
0.0098302
0.0098824
0.00993274
0.00997521
0.0100275
0.0100687
0.0101217
0.0101645
0.0102139
0.0102581
0.0103147
0.0103629
0.0104111
0.0104518
0.0104992
0.0105805
0.0106333
0.0106745
0.0106983
0.0107512
0.0108013
0.0108528
0.0108982
0.0109477
0.0109972
0.0110464
0.0110983
0.0111466
0.0111967
0.0112445
0.0112971
0.0113502
0.0113977
0.0114469
0.0114987
0.0115473
0.0115973
0.0116506
0.0117324
0.0117831
0.0118353
0.0118845
0.0119087
0.0119663
0.0120176
0.0120739
0.0121268
0.0121771
0.0122308
0.0122838
0.0123408
0.0123912
0.012446
0.0124962
0.0125513
0.0126042
0.0126546
0.0127075
0.0127551
0.0128088
0.0128628
0.0129205
0.0130126
0.0130635
0.0131218
0.0131333
0.0131818
0.0132358
0.0132926
0.0133563
0.0134095
0.0134627
0.0135162
0.0135704
0.0136301
0.0136848
0.0137455
0.0138013
0.0138564
0.0139054
0.0139659
0.0140245
0.014078
0.0141329
0.0141945
0.0142499
0.014346
0.0144099
0.014468
0.0144881
0.0145478
0.0146059
0.0146614
0.014726
0.014782
0.0148407
0.0148999
0.0149631
0.0150269
0.0150837
0.0151406
0.0152018
0.0152617
0.0153152
0.0153704
0.0154325
0.0154899
0.0155459
0.0156122
0.015675
0.01578
0.015846
0.0159065
0.0159272
0.0159863
0.0160522
0.0161142
0.01618
0.0162419
0.0163039
0.0163635
0.0164359
0.0164979
0.0165528
0.0166202
0.0166817
0.0167432
0.0168071
0.0168654
0.0169312
0.0170021
0.0170631
0.0171252
0.0172311
0.0173011
0.017367
0.0173898
0.017457
0.0175238
0.0175899
0.0176554
0.0177199
0.0177878
0.017857
0.0179277
0.0179921
0.0180572
0.0181232
0.0181903
0.0182572
0.0183224
0.0183855
0.0184609
0.0185263
0.0185853
0.0186531
0.0187221
0.0188502
0.0189221
0.0189946
0.0190174
0.0190776
0.0191502
0.0192192
0.0192888
0.0193513
0.0194275
0.0194982
0.0195869
0.0196435
0.0197134
0.0197829
0.0198578
0.0199359
0.0200077
0.0200782
0.0201442
0.0202189
0.0202845
0.0203572
0.0204739
0.0205402
0.0206147
0.0206975
0.0207194
0.0207933
0.020872
0.0209469
0.0210105
0.0210878
0.0211641
0.0212354
0.0213178
0.021389
0.0214646
0.0215396
0.0216122
0.0216825
0.0217544
0.0218307
0.0219024
0.021976
0.0220568
0.0221406
0.0222622
0.0223414
0.0224173
0.0224926
0.0225249
0.0226078
0.0226556
0.0227376
0.022814
0.0228801
0.0229586
0.0230188
0.023099
0.0231769
0.0232569
0.0233397
0.0234181
0.0235008
0.0235778
0.0236585
0.0237295
0.0238041
0.0238856
0.0239666
0.0240449
0.0241235
0.0242614
0.0243403
0.0243624
0.024443
0.0245257
0.0246176
0.0246975
0.0247817
0.0248653
0.0249458
0.0250143
0.0251041
0.0251783
0.0252658
0.0253423
0.0254249
0.0255109
0.0255911
0.0256738
0.0257537
0.0258378
0.0259237
0.0260075
0.0260904
0.0262312
0.0263202
0.0264183
0.0264522
0.0265919
0.0266767
0.0267633
0.0268541
0.026941
0.0270291
0.0271149
0.0272043
0.0272906
0.0273751
0.0274638
0.0275502
0.0276419
0.0277273
0.0278143
0.0279096
0.0279883
0.0280767
0.0281639
0.0282455
0.0284041
0.0284918
0.0285244
0.0285563
0.0286409
0.0287466
0.028831
0.0289183
0.0290067
0.0291037
0.0291954
0.0292942
0.0293884
0.0295018
0.0295901
0.0296939
0.0297821
0.0298707
0.0299635
0.0300478
0.0301465
0.030237
0.0303285
0.0304166
0.0305769
0.0306669
0.0307693
0.0308084
0.0309022
0.0310051
0.0310859
0.0311798
0.0312902
0.0313675
0.0314806
0.0315711
0.0316749
0.0317654
0.0319141
0.0320051
0.0321075
0.0322087
0.0322945
0.0323865
0.0324867
0.032583
0.0326827
0.0327721
0.0329249
0.0330295
0.0331213
0.0331633
0.0332535
0.0333617
0.0334793
0.0335806
0.0336732
0.0337657
0.0338604
0.0339659
0.0340754
0.0341951
0.034308
0.0344176
0.0345237
0.0346298
0.0347335
0.0348309
0.0349318
0.0350375
0.0351355
0.0352412
0.0354076
0.0355273
0.0356274
0.0356736
0.0357697
0.0358811
0.0359996
0.0361158
0.0362162
0.0363258
0.0364211
0.0365372
0.0366394
0.0367438
0.0368604
0.0370002
0.0371025
0.0372053
0.0372983
0.0374197
0.0375164
0.0376159
0.0377371
0.037824
0.0380052
0.0381075
0.0382619
0.0383224
0.0384386
0.0385489
0.0386661
0.0387798
0.0388877
0.0389622
0.0390781
0.0391901
0.0393104
0.0394286
0.039542
0.03966
0.039762
0.0399029
0.0400122
0.0401306
0.0402679
0.0403851
0.0404691
0.0405899
0.040794
0.0409092
0.0410272
0.0411243
0.0412578
0.0413775
0.0414986
0.0416158
0.0417407
0.0418549
0.0419699
0.0420659
0.0421869
0.0422958
0.0424304
0.0425506
0.0426776
0.0428128
0.042881
0.043016
0.0431557
0.0432907
0.0434987
0.043624
0.0437345
0.0437811
0.0439111
0.0440368
0.0441621
0.0443113
0.0444529
0.0445961
0.044728
0.0448568
0.0450049
0.0451385
0.0452372
0.0453909
0.0455269
0.0456624
0.045752
0.0458697
0.0460145
0.0461554
0.0463154
0.0464504
0.0466942
0.0468245
0.0468811
0.0469879
0.0471249
0.0472349
0.0473595
0.0475048
0.0476045
0.0477602
0.0478832
0.0480513
0.0481833
0.0483408
0.048494
0.0486344
0.048755
0.0488932
0.0490346
0.0491576
0.0493005
0.0494495
0.0495643
0.0498139
0.0499671
0.0499918
0.0501357
0.0502957
0.05043
0.0505939
0.0507405
0.0509086
0.05107
0.0512136
0.0513691
0.0515041
0.0516523
0.051798
0.0519526
0.0521029
0.0522237
0.052388
0.0525321
0.0526794
0.0528335
0.0531094
0.0532617
0.0534298
0.0534489
0.0536059
0.0537161
0.053883
0.0540291
0.054174
0.054332
0.0544813
0.054672
0.0547842
0.0549634
0.0551348
0.0553267
0.0554614
0.055637
0.0558232
0.0559702
0.0561376
0.0562474
0.0565656
0.0567115
0.0567378
0.0568945
0.0570515
0.0572378
0.0574057
0.0575801
0.0577546
0.0579423
0.0581237
0.0583029
0.0584824
0.0586695
0.0588181
0.0589677
0.0591511
0.0593174
0.0594963
0.0596534
0.0598237
0.0601488
0.0601957
0.0603789
0.060579
0.0607617
0.0609451
0.0610966
0.0612773
0.0614403
0.0616413
0.0617957
0.0619878
0.0621819
0.0623629
0.0625447
0.0627211
0.0629169
0.063057
0.0632857
0.0634664
0.0636856
0.0640663
0.0640815
0.0642624
0.0644581
0.0646852
0.0649109
0.0651175
0.0653401
0.0655465
0.0657397
0.0659305
0.0661271
0.066348
0.0665565
0.0667376
0.0669305
0.0671615
0.0673615
0.0675671
0.0677749
0.0682364
0.0682308
0.0684644
0.0686741
0.0688995
0.0691319
0.069356
0.0695824
0.0697875
0.070012
0.070241
0.0704664
0.0706474
0.0708557
0.0711144
0.0713374
0.0714741
0.0717141
0.0899736
0.0856953
0.0906283
0.0911125
0.0913428
0.0916934
0.0923763
0.0928534
0.0932753
0.0940319
0.0947733
0.0956895
0.0960957
0.0971463
0.0974547
0.0978867
0.118664
0.105703
0.117754
0.117886
0.117867
0.118128
0.118248
0.118709
0.119186
0.119271
0.120139
0.120927
0.121701
0.122687
0.124315
0.113084
0.12797
0.126621
0.125925
0.125754
0.125557
0.125408
0.125399
0.125302
0.125546
0.126045
0.126938
0.127274
0.127771
0.123365
0.12116
0.12
0.119482
0.119148
0.118896
0.118582
0.118495
0.118735
0.118918
0.119175
0.119486
0.120188
0.109147
0.112176
0.111517
0.111208
0.110958
0.110861
0.110967
0.111045
0.111261
0.111565
0.111829
0.112244
0.103831
0.107419
0.107237
0.10728
0.107469
0.107545
0.107753
0.108153
0.108574
0.108852
0.105975
0.107136
0.107284
0.10741
0.107713
0.10803
0.108429
0.108748
0.109052
0.109652
0.109155
