0.113789
0.170684
0.113789
0.113789
0.113789
0.113789
0.113789
0.113789
0.113789
0.113789
0.170684
0.113789
0.113789
0.113789
0.113789
0.170684
0.113789
0.113789
0.113789
0.113789
0.170684
0.113789
0.113789
0.170684
0.113789
0.113789
0.170684
0.113789
0.113789
0.170684
0.113789
0.113789
0.170684
0.113789
0.170684
0.113789
0.113789
0.170684
0.113789
0.170684
0.113789
0.170684
0.113789
0.170684
0.113789
0.170684
0.113789
0.113789
0.170684
0.113789
0.170684
0.170684
0.113789
0.170684
0.113789
0.170684
0.113789
0.170684
0.170684
0.113789
0.170684
0.113789
0.170684
0.113789
0.170684
0.170684
0.113789
0.170684
0.170684
0.113789
0.170684
0.113789
0.170684
0.170684
0.170684
0.113789
0.170684
0.170684
0.113789
0.170684
0.170684
0.113789
0.170684
0.170684
0.170684
0.113789
0.170684
0.170684
0.170684
0.113789
0.170684
0.170684
0.170684
0.113789
0.170684
0.170684
0.170684
0.113789
0.170684
0.170684
0.170684
0.170684
0.113789
0.170684
0.170684
0.170684
0.113789
0.170684
0.170684
0.170684
0.170684
0.113789
0.170684
0.170684
0.170684
0.170684
0.113789
0.170684
0.170684
0.170684
0.170684
0.170684
0.170684
0.113789
0.170684
0.170684
0.170684
0.170684
0.170684
0.170684
0.170684
0.170684
0.170684
0.170684
0.227578
0.170684
0.170684
0.170684
0.170684
0.170684
0.227578
0.170684
0.170684
0.170684
0.227578
0.170684
0.170684
0.227578
0.170684
0.170684
0.227578
0.170684
0.227578
0.170684
0.227578
0.227578
0.170684
0.227578
0.227578
0.170684
0.227578
0.227578
0.227578
0.227578
0.227578
0.227578
0.284473
0.227578
0.227578
0.284473
0.227578
0.284473
0.284473
0.284473
0.227578
0.284147
0.282804
0.333967
0.273811
0.268553
0.318033
0.307914
0.304668
0.298247
0.290746
0.287835
0.327741
0.320193
0.318883
0.309992
0.347401
0.299016
0.337408
0.332889
0.371675
0.364976
0.359077
0.354276
0.38898
0.424099
0.422332
0.460752
0.462713
0.50475
0.511151
0.56004
0.571308
0.627033
0.642268
0.701546
0.720238
0.739791
0.815476
0.855446
0.898179
0.952558
1.00763
0.849304
0.914873
0.788904
0.81122
0.790515
0.719383
0.657779
0.644786
0.674949
0.580495
0.613362
0.565323
0.559058
0.514477
0.549902
0.507297
0.504465
0.501851
0.461648
0.460798
0.460007
0.459344
0.459137
0.420769
0.420944
0.421341
0.421663
0.422924
0.346217
0.425636
0.387537
0.390036
0.391168
0.354466
0.355717
0.358256
0.359204
0.362589
0.363127
0.367563
0.32734
0.331767
0.373229
0.333929
0.337516
0.337517
0.300985
0.344013
0.346756
0.307428
0.307431
0.356422
0.314592
0.31461
0.321296
0.276329
0.322413
0.329631
0.283591
0.330897
0.290261
0.291598
0.340219
0.297675
0.300721
0.300742
0.254093
0.311203
0.311246
0.265385
0.323295
0.323283
0.269413
0.274008
0.280928
0.280974
0.337209
0.283786
0.227578
0.284473
0.284473
0.284473
0.227578
0.284473
0.284473
0.227578
0.227578
0.284473
0.227578
0.227578
0.227578
0.227578
0.227578
0.170684
0.227578
0.227578
0.227578
0.170684
0.227578
0.170684
0.170684
0.227578
0.113789
0.227578
0.170684
0.170684
0.170684
0.170684
0.170684
0.170684
0.170684
0.170684
0.113789
0.170684
0.113789
0.170684
0.170684
0.113789
0.113789
0.170684
0.113789
0.170684
0.0568945
0.170684
0.113789
0.113789
0.113789
0.113789
