-0.281867
-0.281818
-0.281769
-0.281719
-0.28167
-0.28162
-0.281571
-0.281521
-0.281472
-0.281422
-0.281373
-0.281323
-0.281274
-0.281224
-0.281174
-0.281125
-0.281075
-0.281026
-0.280976
-0.280927
-0.280877
-0.280828
-0.280778
-0.280729
-0.280679
-0.28063
-0.28058
-0.280531
-0.280481
-0.280432
-0.280382
-0.280333
-0.280283
-0.280234
-0.280184
-0.280134
-0.280085
-0.280035
-0.279986
-0.279936
-0.279887
-0.279837
-0.279788
-0.279738
-0.279689
-0.279639
-0.27959
-0.27954
-0.279491
-0.279441
-0.279392
-0.279342
-0.279293
-0.279243
-0.279193
-0.279144
-0.279094
-0.279045
-0.278995
-0.278946
-0.278896
-0.278847
-0.278797
-0.278748
-0.278698
-0.278649
-0.278599
-0.27855
-0.2785
-0.278451
-0.278401
-0.278352
-0.278302
-0.278253
-0.278203
-0.278153
-0.278104
-0.278054
-0.278005
-0.277955
-0.277906
-0.277856
-0.277807
-0.277757
-0.277708
-0.277658
-0.277609
-0.277559
-0.27751
-0.27746
-0.277411
-0.277361
-0.277312
-0.277262
-0.277213
-0.277163
-0.277113
-0.277064
-0.277014
-0.276965
-0.276915
-0.276866
-0.276816
-0.276767
-0.276717
-0.276668
-0.276618
-0.276569
-0.276519
-0.27647
-0.27642
-0.276371
-0.276321
-0.276272
-0.276222
-0.276172
-0.276123
-0.276073
-0.276024
-0.275974
-0.275925
-0.275875
-0.275826
-0.275776
-0.275727
-0.275677
-0.275628
-0.275578
-0.275529
-0.275479
-0.27543
-0.27538
-0.275331
-0.275281
-0.275232
-0.275182
-0.275132
-0.275083
-0.275033
-0.274984
-0.274934
-0.274885
-0.274835
-0.274786
-0.274736
-0.274687
-0.274637
-0.274588
-0.274538
-0.274489
-0.274439
-0.27439
-0.27434
-0.274291
-0.274241
-0.274192
-0.274142
-0.274092
-0.274043
-0.273993
-0.273944
-0.273894
-0.273845
-0.273795
-0.273746
-0.273696
-0.273647
-0.273597
-0.273548
-0.273498
-0.273449
-0.273399
-0.27335
-0.2733
-0.273251
-0.273201
-0.273151
-0.273102
-0.273052
-0.273003
-0.272953
-0.272904
-0.272854
-0.272805
-0.272755
-0.272706
-0.272656
-0.272607
-0.272557
-0.272508
-0.272458
-0.272409
-0.272359
-0.27231
-0.27226
-0.272211
-0.272161
-0.272111
-0.272062
-0.272012
-0.271963
-0.271913
-0.271864
-0.271814
-0.271765
-0.271715
-0.271666
-0.271616
-0.271567
-0.271517
-0.271468
-0.271418
-0.271369
-0.271319
-0.27127
-0.27122
-0.27117
-0.271121
-0.271071
-0.271022
-0.270972
-0.270923
-0.270873
-0.270824
-0.270774
-0.270725
-0.270675
-0.270626
-0.270576
-0.270527
-0.270477
-0.270428
-0.270378
-0.270329
-0.270279
-0.27023
-0.27018
-0.27013
-0.270081
-0.270031
-0.269982
-0.269932
-0.269883
-0.269833
-0.269784
-0.269734
-0.269685
-0.269635
-0.269586
-0.269536
-0.269487
-0.269437
-0.269388
-0.269338
-0.269289
-0.269239
-0.26919
-0.26914
-0.26909
-0.269041
-0.268991
-0.268942
-0.268892
-0.268843
-0.268793
-0.268744
-0.268694
-0.268645
-0.268595
-0.268546
-0.268496
-0.268447
-0.268397
-0.268348
-0.268298
-0.268249
-0.268199
-0.268149
-0.2681
-0.26805
-0.268001
-0.267951
-0.267902
-0.267852
-0.267803
-0.267753
-0.267704
-0.267654
-0.267605
-0.267555
-0.267506
-0.267456
-0.267407
-0.267357
-0.267308
-0.267258
-0.267209
-0.267159
-0.267109
-0.26706
-0.26701
-0.266961
-0.266911
-0.266862
-0.266812
-0.266763
-0.266713
-0.266664
-0.266614
-0.266565
-0.266515
-0.266466
-0.266416
-0.266367
-0.266317
-0.266268
-0.266218
-0.266169
-0.266119
-0.266069
-0.26602
-0.26597
-0.265921
-0.265871
-0.265822
-0.265772
-0.265723
-0.265673
-0.265624
-0.265574
-0.265525
-0.265475
-0.265426
-0.265376
-0.265327
-0.265277
-0.265228
-0.265178
-0.265128
-0.265079
-0.265029
-0.26498
-0.26493
-0.264881
-0.264831
-0.264782
-0.264732
-0.264683
-0.264633
-0.264584
-0.264534
-0.264485
-0.264435
-0.264386
-0.264336
-0.264287
-0.264237
-0.264188
-0.264138
-0.264088
-0.264039
-0.263989
-0.26394
-0.26389
-0.263841
-0.263791
-0.263742
-0.263692
-0.263643
-0.263593
-0.263544
-0.263494
-0.263445
-0.263395
-0.263346
-0.263296
-0.263247
-0.263197
-0.263147
-0.263098
-0.263048
-0.262999
-0.262949
-0.2629
-0.26285
-0.262801
-0.262751
-0.262702
-0.262652
-0.262603
-0.262553
-0.262504
-0.262454
-0.262405
-0.262355
-0.262306
-0.262256
-0.262207
-0.262157
-0.262107
-0.262058
-0.262008
-0.261959
-0.261909
-0.26186
-0.26181
-0.261761
-0.261711
-0.261662
-0.261612
-0.261563
-0.261513
-0.261464
-0.261414
-0.261365
-0.261315
-0.261266
-0.261216
-0.261167
-0.261117
-0.261067
-0.261018
-0.260968
-0.260919
-0.260869
-0.26082
-0.26077
-0.260721
-0.260671
-0.260622
-0.260572
-0.260523
-0.260473
-0.260424
-0.260374
-0.260325
-0.260275
-0.260226
-0.260176
-0.260126
-0.260077
-0.260027
-0.259978
-0.259928
-0.259879
-0.259829
-0.25978
-0.25973
-0.259681
-0.259631
-0.259582
-0.259532
-0.259483
-0.259433
-0.259384
-0.259334
-0.259285
-0.259235
-0.259186
-0.259136
-0.259086
-0.259037
-0.258987
-0.258938
-0.258888
-0.258839
-0.258789
-0.25874
-0.25869
-0.258641
-0.258591
-0.258542
-0.258492
-0.258443
-0.258393
-0.258344
-0.258294
-0.258245
-0.258195
-0.258146
-0.258096
-0.258046
-0.257997
-0.257947
-0.257898
-0.257848
-0.257799
-0.257749
-0.2577
-0.25765
-0.257601
-0.257551
-0.257502
-0.257452
-0.257403
-0.257353
-0.257304
-0.257254
-0.257205
-0.257155
-0.257105
-0.257056
-0.257006
-0.256957
-0.256907
-0.256858
-0.256808
-0.256759
-0.256709
-0.25666
-0.25661
-0.256561
-0.256511
-0.256462
-0.256412
-0.256363
-0.256313
-0.256264
-0.256214
-0.256165
-0.256115
-0.256065
-0.256016
-0.255966
-0.255917
-0.255867
-0.255818
-0.255768
-0.255719
-0.255669
-0.25562
-0.25557
-0.255521
-0.255471
-0.255422
-0.255372
-0.255323
-0.255273
-0.255224
-0.255174
-0.255124
-0.255075
-0.255025
-0.254976
-0.254926
-0.254877
-0.254827
-0.254778
-0.254728
-0.254679
-0.254629
-0.25458
-0.25453
-0.254481
-0.254431
-0.254382
-0.254332
-0.254283
-0.254233
-0.254184
-0.254134
-0.254084
-0.254035
-0.253985
-0.253936
-0.253886
-0.253837
-0.253787
-0.253738
-0.253688
-0.253639
-0.253589
-0.25354
-0.25349
-0.253441
-0.253391
-0.253342
-0.253292
-0.253243
-0.253193
-0.253144
-0.253094
-0.253044
-0.252995
-0.252945
-0.252896
-0.252846
-0.252797
-0.252747
-0.252698
-0.252648
-0.252599
-0.252549
-0.2525
-0.25245
-0.252401
-0.252351
-0.252302
-0.252252
-0.252203
-0.252153
-0.252103
-0.252054
-0.252004
-0.251955
-0.251905
-0.251856
-0.251806
-0.251757
-0.251707
-0.251658
-0.251608
-0.251559
-0.251509
-0.25146
-0.25141
-0.251361
-0.251311
-0.251262
-0.251212
-0.251163
-0.251113
-0.251063
-0.251014
-0.250964
-0.250915
-0.250865
-0.250816
-0.250766
-0.250717
-0.250667
-0.250618
-0.250568
-0.250519
-0.250469
-0.25042
-0.25037
-0.250321
-0.250271
-0.250222
-0.250172
-0.250123
-0.250073
-0.250023
-0.249974
-0.249924
-0.249875
-0.249825
-0.249776
-0.249726
-0.249677
-0.249627
-0.249578
-0.249528
-0.249479
-0.249429
-0.24938
-0.24933
-0.249281
-0.249231
-0.249182
-0.249132
-0.249082
-0.249033
-0.248983
-0.248934
-0.248884
-0.248835
-0.248785
-0.248736
-0.248686
-0.248637
-0.248587
-0.248538
-0.248488
-0.248439
-0.248389
-0.24834
-0.24829
-0.248241
-0.248191
-0.248142
-0.248092
-0.248042
-0.247993
-0.247943
-0.247894
-0.247844
-0.247795
-0.247745
-0.247696
-0.247646
-0.247597
-0.247547
-0.247498
-0.247448
-0.247399
-0.247349
-0.2473
-0.24725
-0.247201
-0.247151
-0.247101
-0.247052
-0.247002
-0.246953
-0.246903
-0.246854
-0.246804
-0.246755
-0.246705
-0.246656
-0.246606
-0.246557
-0.246507
-0.246458
-0.246408
-0.246359
-0.246309
-0.24626
-0.24621
-0.246161
-0.246111
-0.246061
-0.246012
-0.245962
-0.245913
-0.245863
-0.245814
-0.245764
-0.245715
-0.245665
-0.245616
-0.245566
-0.245517
-0.245467
-0.245418
-0.245368
-0.245319
-0.245269
-0.24522
-0.24517
-0.245121
-0.245071
-0.245021
-0.244972
-0.244922
-0.244873
-0.244823
-0.244774
-0.244724
-0.244675
-0.244625
-0.244576
-0.244526
-0.244477
-0.244427
-0.244378
-0.244328
-0.244279
-0.244229
-0.24418
-0.24413
-0.24408
-0.244031
-0.243981
-0.243932
-0.243882
-0.243833
-0.243783
-0.243734
-0.243684
-0.243635
-0.243585
-0.243536
-0.243486
-0.243437
-0.243387
-0.243338
-0.243288
-0.243239
-0.243189
-0.24314
-0.24309
-0.24304
-0.242991
-0.242941
-0.242892
-0.242842
-0.242793
-0.242743
-0.242694
-0.242644
-0.242595
-0.242545
-0.242496
-0.242446
-0.242397
-0.242347
-0.242298
-0.242248
-0.242199
-0.242149
-0.2421
-0.24205
-0.242
-0.241951
-0.241901
-0.241852
-0.241802
-0.241753
-0.241703
-0.241654
-0.241604
-0.241555
-0.241505
-0.241456
-0.241406
-0.241357
-0.241307
-0.241258
-0.241208
-0.241159
-0.241109
-0.241059
-0.24101
-0.24096
-0.240911
-0.240861
-0.240812
-0.240762
-0.240713
-0.240663
-0.240614
-0.240564
-0.240515
-0.240465
-0.240416
-0.240366
-0.240317
-0.240267
-0.240218
-0.240168
-0.240119
-0.240069
-0.240019
-0.23997
-0.23992
-0.239871
-0.239821
-0.239772
-0.239722
-0.239673
-0.239623
-0.239574
-0.239524
-0.239475
-0.239425
-0.239376
-0.239326
-0.239277
-0.239227
-0.239178
-0.239128
-0.239078
-0.239029
-0.238979
-0.23893
-0.23888
-0.238831
-0.238781
-0.238732
-0.238682
-0.238633
-0.238583
-0.238534
-0.238484
-0.238435
-0.238385
-0.238336
-0.238286
-0.238237
-0.238187
-0.238138
-0.238088
-0.238038
-0.237989
-0.237939
-0.23789
-0.23784
-0.237791
-0.237741
-0.237692
-0.237642
-0.237593
-0.237543
-0.237494
-0.237444
-0.237395
-0.237345
-0.237296
-0.237246
-0.237197
-0.237147
-0.237098
-0.237048
-0.236998
-0.236949
-0.236899
-0.23685
-0.2368
-0.236751
-0.236701
-0.236652
-0.236602
-0.236553
-0.236503
-0.236454
-0.236404
-0.236355
-0.236305
-0.236256
-0.236206
-0.236157
-0.236107
-0.236057
-0.236008
-0.235958
-0.235909
-0.235859
-0.23581
-0.23576
-0.235711
-0.235661
-0.235612
-0.235562
-0.235513
-0.235463
-0.235414
-0.235364
-0.235315
-0.235265
-0.235216
-0.235166
-0.235117
-0.235067
-0.235017
-0.234968
-0.234918
-0.234869
-0.234819
-0.23477
-0.23472
-0.234671
-0.234621
-0.234572
-0.234522
-0.234473
-0.234423
-0.234374
-0.234324
-0.234275
-0.234225
-0.234176
-0.234126
-0.234077
-0.234027
-0.233977
-0.233928
-0.233878
-0.233829
-0.233779
-0.23373
-0.23368
-0.233631
-0.233581
-0.233532
-0.233482
-0.233433
-0.233383
-0.233334
-0.233284
-0.233235
-0.233185
-0.233136
-0.233086
-0.233036
-0.232987
-0.232937
-0.232888
-0.232838
-0.232789
-0.232739
-0.23269
-0.23264
-0.232591
-0.232541
-0.232492
-0.232442
-0.232393
-0.232343
-0.232294
-0.232244
-0.232195
-0.232145
-0.232096
-0.232046
-0.231996
-0.231947
-0.231897
-0.231848
-0.231798
-0.231749
-0.231699
-0.23165
-0.2316
-0.231551
-0.231501
-0.231452
-0.231402
-0.231353
-0.231303
-0.231254
-0.231204
-0.231155
-0.231105
-0.231055
-0.231006
-0.230956
-0.230907
-0.230857
-0.230808
-0.230758
-0.230709
-0.230659
-0.23061
-0.23056
-0.230511
-0.230461
-0.230412
-0.230362
-0.230313
-0.230263
-0.230214
-0.230164
-0.230115
-0.230065
-0.230015
-0.229966
-0.229916
-0.229867
-0.229817
-0.229768
-0.229718
-0.229669
-0.229619
-0.22957
-0.22952
-0.229471
-0.229421
-0.229372
-0.229322
-0.229273
-0.229223
-0.229174
-0.229124
-0.229075
-0.229025
-0.228975
-0.228926
-0.228876
-0.228827
-0.228777
-0.228728
-0.228678
-0.228629
-0.228579
-0.22853
-0.22848
-0.228431
-0.228381
-0.228332
-0.228282
-0.228233
-0.228183
-0.228134
-0.228084
-0.228034
-0.227985
-0.227935
-0.227886
-0.227836
-0.227787
-0.227737
-0.227688
-0.227638
-0.227589
-0.227539
-0.22749
-0.22744
-0.227391
-0.227341
-0.227292
-0.227242
-0.227193
-0.227143
-0.227094
-0.227044
-0.226994
-0.226945
-0.226895
-0.226846
-0.226796
-0.226747
-0.226697
-0.226648
-0.226598
-0.226549
-0.226499
-0.22645
-0.2264
-0.226351
-0.226301
-0.226252
-0.226202
-0.226153
-0.226103
-0.226054
-0.226004
-0.225954
-0.225905
-0.225855
-0.225806
-0.225756
-0.225707
-0.225657
-0.225608
-0.225558
-0.225509
-0.225459
-0.22541
-0.22536
-0.225311
-0.225261
-0.225212
-0.225162
-0.225113
-0.225063
-0.225013
-0.224964
-0.224914
-0.224865
-0.224815
-0.224766
-0.224716
-0.224667
-0.224617
-0.224568
-0.224518
-0.224469
-0.224419
-0.22437
-0.22432
-0.224271
-0.224221
-0.224172
-0.224122
-0.224073
-0.224023
-0.223973
-0.223924
-0.223874
-0.223825
-0.223775
-0.223726
-0.223676
-0.223627
-0.223577
-0.223528
-0.223478
-0.223429
-0.223379
-0.22333
-0.22328
-0.223231
-0.223181
-0.223132
-0.223082
-0.223032
-0.222983
-0.222933
-0.222884
-0.222834
-0.222785
-0.222735
-0.222686
-0.222636
-0.222587
-0.222537
-0.222488
-0.222438
-0.222389
-0.222339
-0.22229
-0.22224
-0.222191
-0.222141
-0.222092
-0.222042
-0.221992
-0.221943
-0.221893
-0.221844
-0.221794
-0.221745
-0.221695
-0.221646
-0.221596
-0.221547
-0.221497
-0.221448
-0.221398
-0.221349
-0.221299
-0.22125
-0.2212
-0.221151
-0.221101
-0.221052
-0.221002
-0.220952
-0.220903
-0.220853
-0.220804
-0.220754
-0.220705
-0.220655
-0.220606
-0.220556
-0.220507
-0.220457
-0.220408
-0.220358
-0.220309
-0.220259
-0.22021
-0.22016
-0.220111
-0.220061
-0.220011
-0.219962
-0.219912
-0.219863
-0.219813
-0.219764
-0.219714
-0.219665
-0.219615
-0.219566
-0.219516
-0.219467
-0.219417
-0.219368
-0.219318
-0.219269
-0.219219
-0.21917
-0.21912
-0.219071
-0.219021
-0.218971
-0.218922
-0.218872
-0.218823
-0.218773
-0.218724
-0.218674
-0.218625
-0.218575
-0.218526
-0.218476
-0.218427
-0.218377
-0.218328
-0.218278
-0.218229
-0.218179
-0.21813
-0.21808
-0.218031
-0.217981
-0.217931
-0.217882
-0.217832
-0.217783
-0.217733
-0.217684
-0.217634
-0.217585
-0.217535
-0.217486
-0.217436
-0.217387
-0.217337
-0.217288
-0.217238
-0.217189
-0.217139
-0.21709
-0.21704
-0.21699
-0.216941
-0.216891
-0.216842
-0.216792
-0.216743
-0.216693
-0.216644
-0.216594
-0.216545
-0.216495
-0.216446
-0.216396
-0.216347
-0.216297
-0.216248
-0.216198
-0.216149
-0.216099
-0.21605
-0.216
-0.21595
-0.215901
-0.215851
-0.215802
-0.215752
-0.215703
-0.215653
-0.215604
-0.215554
-0.215505
-0.215455
-0.215406
-0.215356
-0.215307
-0.215257
-0.215208
-0.215158
-0.215109
-0.215059
-0.215009
-0.21496
-0.21491
-0.214861
-0.214811
-0.214762
-0.214712
-0.214663
-0.214613
-0.214564
-0.214514
-0.214465
-0.214415
-0.214366
-0.214316
-0.214267
-0.214217
-0.214168
-0.214118
-0.214069
-0.214019
-0.213969
-0.21392
-0.21387
-0.213821
-0.213771
-0.213722
-0.213672
-0.213623
-0.213573
-0.213524
-0.213474
-0.213425
-0.213375
-0.213326
-0.213276
-0.213227
-0.213177
-0.213128
-0.213078
-0.213029
-0.212979
-0.212929
-0.21288
-0.21283
-0.212781
-0.212731
-0.212682
-0.212632
-0.212583
-0.212533
-0.212484
-0.212434
-0.212385
-0.212335
-0.212286
-0.212236
-0.212187
-0.212137
-0.212088
-0.212038
-0.211988
-0.211939
-0.211889
-0.21184
-0.21179
-0.211741
-0.211691
-0.211642
-0.211592
-0.211543
-0.211493
-0.211444
-0.211394
-0.211345
-0.211295
-0.211246
-0.211196
-0.211147
-0.211097
-0.211048
-0.210998
-0.210948
-0.210899
-0.210849
-0.2108
-0.21075
-0.210701
-0.210651
-0.210602
-0.210552
-0.210503
-0.210453
-0.210404
-0.210354
-0.210305
-0.210255
-0.210206
-0.210156
-0.210107
-0.210057
-0.210008
-0.209958
-0.209908
-0.209859
-0.209809
-0.20976
-0.20971
-0.209661
-0.209611
-0.209562
-0.209512
-0.209463
-0.209413
-0.209364
-0.209314
-0.209265
-0.209215
-0.209166
-0.209116
-0.209067
-0.209017
-0.208967
-0.208918
-0.208868
-0.208819
-0.208769
-0.20872
-0.20867
-0.208621
-0.208571
-0.208522
-0.208472
-0.208423
-0.208373
-0.208324
-0.208274
-0.208225
-0.208175
-0.208126
-0.208076
-0.208027
-0.207977
-0.207927
-0.207878
-0.207828
-0.207779
-0.207729
-0.20768
-0.20763
-0.207581
-0.207531
-0.207482
-0.207432
-0.207383
-0.207333
-0.207284
-0.207234
-0.207185
-0.207135
-0.207086
-0.207036
-0.206986
-0.206937
-0.206887
-0.206838
-0.206788
-0.206739
-0.206689
-0.20664
-0.20659
-0.206541
-0.206491
-0.206442
-0.206392
-0.206343
-0.206293
-0.206244
-0.206194
-0.206145
-0.206095
-0.206046
-0.205996
-0.205946
-0.205897
-0.205847
-0.205798
-0.205748
-0.205699
-0.205649
-0.2056
-0.20555
-0.205501
-0.205451
-0.205402
-0.205352
-0.205303
-0.205253
-0.205204
-0.205154
-0.205105
-0.205055
-0.205006
-0.204956
-0.204906
-0.204857
-0.204807
-0.204758
-0.204708
-0.204659
-0.204609
-0.20456
-0.20451
-0.204461
-0.204411
-0.204362
-0.204312
-0.204263
-0.204213
-0.204164
-0.204114
-0.204065
-0.204015
-0.203965
-0.203916
-0.203866
-0.203817
-0.203767
-0.203718
-0.203668
-0.203619
-0.203569
-0.20352
-0.20347
-0.203421
-0.203371
-0.203322
-0.203272
-0.203223
-0.203173
-0.203124
-0.203074
-0.203025
-0.202975
-0.202925
-0.202876
-0.202826
-0.202777
-0.202727
-0.202678
-0.202628
-0.202579
-0.202529
-0.20248
-0.20243
-0.202381
-0.202331
-0.202282
-0.202232
-0.202183
-0.202133
-0.202084
-0.202034
-0.201985
-0.201935
-0.201885
-0.201836
-0.201786
-0.201737
-0.201687
-0.201638
-0.201588
-0.201539
-0.201489
-0.20144
-0.20139
-0.201341
-0.201291
-0.201242
-0.201192
-0.201143
-0.201093
-0.201044
-0.200994
-0.200944
-0.200895
-0.200845
-0.200796
-0.200746
-0.200697
-0.200647
-0.200598
-0.200548
-0.200499
-0.200449
-0.2004
-0.20035
-0.200301
-0.200251
-0.200202
-0.200152
-0.200103
-0.200053
-0.200004
-0.199954
-0.199904
-0.199855
-0.199805
-0.199756
-0.199706
-0.199657
-0.199607
-0.199558
-0.199508
-0.199459
-0.199409
-0.19936
-0.19931
-0.199261
-0.199211
-0.199162
-0.199112
-0.199063
-0.199013
-0.198963
-0.198914
-0.198864
-0.198815
-0.198765
-0.198716
-0.198666
-0.198617
-0.198567
-0.198518
-0.198468
-0.198419
-0.198369
-0.19832
-0.19827
-0.198221
-0.198171
-0.198122
-0.198072
-0.198023
-0.197973
-0.197923
-0.197874
-0.197824
-0.197775
-0.197725
-0.197676
-0.197626
-0.197577
-0.197527
-0.197478
-0.197428
-0.197379
-0.197329
-0.19728
-0.19723
-0.197181
-0.197131
-0.197082
-0.197032
-0.196983
-0.196933
-0.196883
-0.196834
-0.196784
-0.196735
-0.196685
-0.196636
-0.196586
-0.196537
-0.196487
-0.196438
-0.196388
-0.196339
-0.196289
-0.19624
-0.19619
-0.196141
-0.196091
-0.196042
-0.195992
-0.195942
-0.195893
-0.195843
-0.195794
-0.195744
-0.195695
-0.195645
-0.195596
-0.195546
-0.195497
-0.195447
-0.195398
-0.195348
-0.195299
-0.195249
-0.1952
-0.19515
-0.195101
-0.195051
-0.195002
-0.194952
-0.194902
-0.194853
-0.194803
-0.194754
-0.194704
-0.194655
-0.194605
-0.194556
-0.194506
-0.194457
-0.194407
-0.194358
-0.194308
-0.194259
-0.194209
-0.19416
-0.19411
-0.194061
-0.194011
-0.193962
-0.193912
-0.193862
-0.193813
-0.193763
-0.193714
-0.193664
-0.193615
-0.193565
-0.193516
-0.193466
-0.193417
-0.193367
-0.193318
-0.193268
-0.193219
-0.193169
-0.19312
-0.19307
-0.193021
-0.192971
-0.192921
-0.192872
-0.192822
-0.192773
-0.192723
-0.192674
-0.192624
-0.192575
-0.192525
-0.192476
-0.192426
-0.192377
-0.192327
-0.192278
-0.192228
-0.192179
-0.192129
-0.19208
-0.19203
-0.191981
-0.191931
-0.191881
-0.191832
-0.191782
-0.191733
-0.191683
-0.191634
-0.191584
-0.191535
-0.191485
-0.191436
-0.191386
-0.191337
-0.191287
-0.191238
-0.191188
-0.191139
-0.191089
-0.19104
-0.19099
-0.19094
-0.190891
-0.190841
-0.190792
-0.190742
-0.190693
-0.190643
-0.190594
-0.190544
-0.190495
-0.190445
-0.190396
-0.190346
-0.190297
-0.190247
-0.190198
-0.190148
-0.190099
-0.190049
-0.19
-0.18995
-0.1899
-0.189851
-0.189801
-0.189752
-0.189702
-0.189653
-0.189603
-0.189554
-0.189504
-0.189455
-0.189405
-0.189356
-0.189306
-0.189257
-0.189207
-0.189158
-0.189108
-0.189059
-0.189009
-0.18896
-0.18891
-0.18886
-0.188811
-0.188761
-0.188712
-0.188662
-0.188613
-0.188563
-0.188514
-0.188464
-0.188415
-0.188365
-0.188316
-0.188266
-0.188217
-0.188167
-0.188118
-0.188068
-0.188019
-0.187969
-0.187919
-0.18787
-0.18782
-0.187771
-0.187721
-0.187672
-0.187622
-0.187573
-0.187523
-0.187474
-0.187424
-0.187375
-0.187325
-0.187276
-0.187226
-0.187177
-0.187127
-0.187078
-0.187028
-0.186979
-0.186929
-0.186879
-0.18683
-0.18678
-0.186731
-0.186681
-0.186632
-0.186582
-0.186533
-0.186483
-0.186434
-0.186384
-0.186335
-0.186285
-0.186236
-0.186186
-0.186137
-0.186087
-0.186038
-0.185988
-0.185939
-0.185889
-0.185839
-0.18579
-0.18574
-0.185691
-0.185641
-0.185592
-0.185542
-0.185493
-0.185443
-0.185394
-0.185344
-0.185295
-0.185245
-0.185196
-0.185146
-0.185097
-0.185047
-0.184998
-0.184948
-0.184898
-0.184849
-0.184799
-0.18475
-0.1847
-0.184651
-0.184601
-0.184552
-0.184502
-0.184453
-0.184403
-0.184354
-0.184304
-0.184255
-0.184205
-0.184156
-0.184106
-0.184057
-0.184007
-0.183958
-0.183908
-0.183858
-0.183809
-0.183759
-0.18371
-0.18366
-0.183611
-0.183561
-0.183512
-0.183462
-0.183413
-0.183363
-0.183314
-0.183264
-0.183215
-0.183165
-0.183116
-0.183066
-0.183017
-0.182967
-0.182917
-0.182868
-0.0389086
-0.0389864
-0.0389313
-0.0388418
-0.0385181
-0.0384859
-0.0384705
-0.0384304
-0.0383915
-0.0383511
-0.038309
-0.0382616
-0.0382306
-0.0381763
-0.038142
-0.038099
-0.0380671
-0.0380126
-0.0379853
-0.0379505
-0.0379
-0.0378606
-0.0378346
-0.0377932
-0.0377605
-0.0376804
-0.037619
-0.0372711
-0.0372336
-0.0372293
-0.037185
-0.0371345
-0.0370971
-0.0370506
-0.0370158
-0.0369621
-0.0369271
-0.0368925
-0.0368474
-0.0368116
-0.0367745
-0.0367202
-0.0366915
-0.0366455
-0.0365992
-0.0365647
-0.0365222
-0.0364767
-0.0364268
-0.0363833
-0.0360971
-0.0360777
-0.0360414
-0.0360032
-0.0359603
-0.0359195
-0.0358784
-0.0358342
-0.0358
-0.0357567
-0.0357195
-0.0356858
-0.0356361
-0.0355996
-0.0355622
-0.0355252
-0.0354784
-0.0354443
-0.0353972
-0.0353651
-0.0353261
-0.035272
-0.0350831
-0.0350534
-0.0350237
-0.0349906
-0.0349511
-0.0349133
-0.0348671
-0.0348313
-0.0347902
-0.0347509
-0.0347161
-0.034673
-0.0346334
-0.034601
-0.034571
-0.0345191
-0.0344853
-0.0344406
-0.0344033
-0.0343601
-0.034309
-0.0342554
-0.0335155
-0.0334782
-0.0334424
-0.033408
-0.0333708
-0.0333338
-0.0332956
-0.0332627
-0.0332233
-0.0331876
-0.0331489
-0.0331141
-0.0330803
-0.0330437
-0.0330016
-0.0329638
-0.0329259
-0.0328892
-0.0328525
-0.0328148
-0.0327771
-0.0327402
-0.0327032
-0.032667
-0.0326289
-0.0325899
-0.0325489
-0.0325115
-0.0324803
-0.0324435
-0.0324069
-0.0323692
-0.0323325
-0.0322957
-0.0322567
-0.0322205
-0.0321816
-0.0321473
-0.0321075
-0.0320701
-0.0320322
-0.0319948
-0.0319573
-0.0319229
-0.031886
-0.0318494
-0.0318101
-0.0317744
-0.0317351
-0.0316977
-0.0316605
-0.0316233
-0.0315861
-0.0315479
-0.0315116
-0.0314744
-0.0314373
-0.0313972
-0.0313602
-0.031323
-0.0312856
-0.0312503
-0.0312115
-0.0311745
-0.0311358
-0.0310993
-0.0310623
-0.0310255
-0.0309897
-0.0309526
-0.0309144
-0.0308772
-0.0308395
-0.0308008
-0.0307651
-0.0307261
-0.0306898
-0.0306526
-0.0306054
-0.0305682
-0.0305301
-0.0304872
-0.0304522
-0.030415
-0.030378
-0.03034
-0.0303082
-0.0302714
-0.0302324
-0.0302031
-0.0301653
-0.0301293
-0.0300914
-0.0300553
-0.0300179
-0.0299805
-0.029934
-0.029898
-0.0298613
-0.029822
-0.0297852
-0.0297478
-0.0297105
-0.0296749
-0.0296373
-0.0295984
-0.0295625
-0.0295244
-0.0294889
-0.0294522
-0.0294145
-0.0293781
-0.0293392
-0.029301
-0.029265
-0.0292276
-0.0291908
-0.0291539
-0.029117
-0.0290803
-0.0290415
-0.0290041
-0.0289669
-0.0289294
-0.0288928
-0.0288561
-0.0288196
-0.0287837
-0.0287534
-0.0287134
-0.0286756
-0.0286392
-0.0286024
-0.0285653
-0.0285276
-0.0284909
-0.0284528
-0.0284159
-0.0283789
-0.0283412
-0.028302
-0.0282649
-0.0282287
-0.0281916
-0.028154
-0.0281183
-0.0280802
-0.0280428
-0.0280053
-0.027968
-0.0279312
-0.0278942
-0.0278573
-0.0278188
-0.0277795
-0.0277415
-0.0277055
-0.0276678
-0.0276241
-0.0275872
-0.0275493
-0.0275183
-0.0274785
-0.0274419
-0.0274048
-0.0273669
-0.0273341
-0.0272964
-0.0272581
-0.0272212
-0.0271843
-0.0271468
-0.0271108
-0.0270734
-0.0270356
-0.0269987
-0.0269607
-0.026924
-0.0268825
-0.0268496
-0.026812
-0.0267732
-0.0267356
-0.0266979
-0.02666
-0.0266225
-0.0265848
-0.0265473
-0.0265098
-0.0264714
-0.0264341
-0.0263965
-0.026358
-0.0263193
-0.0262823
-0.0262445
-0.026206
-0.0261684
-0.0261244
-0.0260867
-0.0260495
-0.0260113
-0.0259737
-0.0259355
-0.025897
-0.0258594
-0.0258221
-0.0257825
-0.025744
-0.0257076
-0.0256774
-0.0256394
-0.0256016
-0.0255678
-0.0255277
-0.0254902
-0.0254526
-0.0254139
-0.0253761
-0.0253375
-0.0252994
-0.025261
-0.0252237
-0.0251851
-0.025147
-0.0251084
-0.0250695
-0.0250315
-0.0249934
-0.0249527
-0.0249106
-0.024871
-0.0248328
-0.0247988
-0.024761
-0.0247239
-0.0246827
-0.0246439
-0.0246061
-0.0245677
-0.0245293
-0.0244911
-0.0244535
-0.0244148
-0.0243764
-0.0243378
-0.0242989
-0.0242602
-0.0242221
-0.0241825
-0.0241444
-0.0241045
-0.0240655
-0.0240259
-0.0239877
-0.0239494
-0.0239109
-0.0238655
-0.0238246
-0.0237875
-0.0237491
-0.0237112
-0.0236727
-0.0236332
-0.0235923
-0.0235538
-0.0235137
-0.023476
-0.023438
-0.0233984
-0.0233586
-0.0233185
-0.0232778
-0.0232385
-0.0232022
-0.0231635
-0.0231248
-0.0230848
-0.0230455
-0.0230063
-0.0229641
-0.0229245
-0.0228838
-0.0228539
-0.022814
-0.022775
-0.0227357
-0.022695
-0.0226559
-0.0226139
-0.0225739
-0.022535
-0.0224943
-0.0224557
-0.0224141
-0.022375
-0.0223389
-0.0222985
-0.0222587
-0.0222187
-0.0221797
-0.022141
-0.0221002
-0.0220589
-0.0220199
-0.02198
-0.0219383
-0.0219062
-0.0218658
-0.0218254
-0.0217855
-0.021744
-0.0217033
-0.0216634
-0.0216233
-0.0215831
-0.0215423
-0.0215021
-0.0214612
-0.0214202
-0.0213794
-0.0213393
-0.0212974
-0.021257
-0.0212165
-0.0211748
-0.0211353
-0.0210954
-0.0210538
-0.0210134
-0.020974
-0.0209326
-0.0208916
-0.0208504
-0.0208089
-0.0207684
-0.0207274
-0.0206858
-0.0206448
-0.0206047
-0.0205637
-0.0205213
-0.0204818
-0.0204396
-0.0203983
-0.0203565
-0.0203142
-0.0202727
-0.0202277
-0.0201861
-0.0201451
-0.0201025
-0.0200609
-0.0200211
-0.0199799
-0.0199423
-0.0198996
-0.0198567
-0.0198148
-0.0197732
-0.0197324
-0.0196903
-0.0196474
-0.0196042
-0.0195634
-0.0195189
-0.0194771
-0.0194361
-0.0193898
-0.0193483
-0.0193066
-0.0192647
-0.0192227
-0.0191813
-0.0191391
-0.0190973
-0.0190539
-0.0190124
-0.0189703
-0.0189272
-0.018885
-0.0188409
-0.0188018
-0.0187597
-0.0187167
-0.0186746
-0.0186327
-0.0185891
-0.0185492
-0.0185067
-0.0184645
-0.0184206
-0.0183783
-0.0183329
-0.0182911
-0.018247
-0.0182083
-0.0181624
-0.018123
-0.0180808
-0.0180366
-0.0179933
-0.0179516
-0.0179092
-0.017865
-0.0178229
-0.0177803
-0.0177359
-0.0176931
-0.0176483
-0.0176041
-0.0175616
-0.0175184
-0.0174755
-0.0174368
-0.0173901
-0.0173469
-0.0173027
-0.0172601
-0.017221
-0.0171768
-0.0171334
-0.0170906
-0.0170463
-0.0170021
-0.0169583
-0.0169155
-0.0168712
-0.0168273
-0.0167838
-0.0167403
-0.0166969
-0.0166525
-0.0166077
-0.0165639
-0.0165192
-0.0164753
-0.0164304
-0.0163869
-0.0163422
-0.0162981
-0.0162544
-0.0162105
-0.016166
-0.0161217
-0.0160781
-0.0160343
-0.0159927
-0.0159497
-0.0159009
-0.0158564
-0.0158127
-0.0157721
-0.0157273
-0.0156802
-0.0156359
-0.0155922
-0.015547
-0.0155026
-0.0154595
-0.0154154
-0.0153717
-0.0153277
-0.0152824
-0.0152382
-0.0151934
-0.015148
-0.015103
-0.0150587
-0.0150125
-0.0149686
-0.0149231
-0.0148783
-0.0148376
-0.0147915
-0.0147471
-0.0147015
-0.0146566
-0.0146112
-0.014567
-0.0145222
-0.0144768
-0.0144321
-0.0143925
-0.0143483
-0.014303
-0.0142564
-0.0142115
-0.0141661
-0.0141193
-0.0140743
-0.0140281
-0.0139832
-0.0139394
-0.0138969
-0.0138522
-0.013807
-0.0137615
-0.0137156
-0.0136704
-0.013623
-0.0135785
-0.0135322
-0.0134863
-0.0134415
-0.0133957
-0.0133502
-0.0133044
-0.0132554
-0.0132099
-0.0131641
-0.0131151
-0.0130703
-0.0130243
-0.0129781
-0.0129329
-0.0128866
-0.0128447
-0.0127984
-0.0127521
-0.0127063
-0.0126607
-0.0126142
-0.0125685
-0.0125229
-0.0124779
-0.0124309
-0.0123857
-0.0123394
-0.0122962
-0.01225
-0.0122053
-0.0121585
-0.0121125
-0.0120656
-0.0120194
-0.0119732
-0.0119273
-0.0118802
-0.0118297
-0.0117835
-0.0117372
-0.0116948
-0.0116493
-0.0116031
-0.0115559
-0.0115099
-0.0114624
-0.0114161
-0.01137
-0.0113242
-0.011278
-0.0112315
-0.0111843
-0.0111386
-0.0110914
-0.0110445
-0.0109988
-0.010952
-0.0109048
-0.0108587
-0.0108108
-0.0107638
-0.0107166
-0.010671
-0.0106248
-0.0105775
-0.0105311
-0.010484
-0.0104363
-0.0103889
-0.0103422
-0.01029
-0.0102412
-0.0101948
-0.0101476
-0.0101046
-0.0100594
-0.0100125
-0.00996489
-0.009918
-0.00987141
-0.00982817
-0.00978106
-0.00972909
-0.00968404
-0.00963541
-0.00958884
-0.00954025
-0.00949371
-0.00944653
-0.00939773
-0.00934968
-0.00930921
-0.00925503
-0.00921422
-0.00916501
-0.00911805
-0.00906854
-0.00902147
-0.0089738
-0.00892321
-0.00887604
-0.00882826
-0.00878084
-0.00872704
-0.00867925
-0.00863087
-0.00858367
-0.00853538
-0.008487
-0.00843959
-0.00839164
-0.00834453
-0.00829568
-0.00824724
-0.00819874
-0.00816216
-0.00811271
-0.00806149
-0.00801427
-0.00796752
-0.00792236
-0.00787449
-0.00782677
-0.00777821
-0.00772637
-0.00767874
-0.00763017
-0.00758167
-0.00753199
-0.00748357
-0.00743517
-0.00738722
-0.00733831
-0.00729003
-0.00724133
-0.00719298
-0.00714436
-0.00709441
-0.00704654
-0.006999
-0.00695044
-0.00690295
-0.0068531
-0.00680448
-0.00675653
-0.00670811
-0.00666479
-0.00662017
-0.00657175
-0.00652725
-0.00647904
-0.00643019
-0.00638122
-0.00633324
-0.00627733
-0.00622867
-0.00618008
-0.00613149
-0.00608286
-0.00603509
-0.00598669
-0.00593788
-0.00588924
-0.00583998
-0.00579145
-0.00574806
-0.00569891
-0.00565011
-0.0056011
-0.00555233
-0.00550309
-0.00545436
-0.00540519
-0.00535593
-0.00531103
-0.0052619
-0.00521258
-0.00516373
-0.00511399
-0.00506535
-0.00501495
-0.00496645
-0.00491412
-0.00486475
-0.00481541
-0.00476503
-0.00471691
-0.00466826
-0.00461964
-0.0045704
-0.00452441
-0.00447508
-0.00442745
-0.00437827
-0.00432973
-0.00428093
-0.00423118
-0.00418186
-0.00413293
-0.00408229
-0.00403602
-0.00398406
-0.00393474
-0.00388525
-0.00383366
-0.00378553
-0.00373992
-0.00369044
-0.00363929
-0.00359009
-0.00354028
-0.00348952
-0.00344122
-0.00339114
-0.00334236
-0.00329225
-0.00324226
-0.00319519
-0.00314627
-0.0030971
-0.00304742
-0.00299723
-0.002948
-0.00289931
-0.00284964
-0.002801
-0.00275123
-0.00270064
-0.00265374
-0.00260392
-0.00255442
-0.00250638
-0.00246287
-0.00241375
-0.00236388
-0.00231432
-0.0022633
-0.00221433
-0.00216488
-0.002115
-0.00206531
-0.00201561
-0.00196557
-0.00189882
-0.00184912
-0.00180014
-0.00175032
-0.00170068
-0.00164709
-0.00159828
-0.00154959
-0.00149799
-0.00145029
-0.00140169
-0.00135833
-0.001309
-0.00125864
-0.00120908
-0.00115841
-0.00110865
-0.00106691
-0.00101615
-0.000966451
-0.000917501
-0.000867973
-0.000818439
-0.000775121
-0.000725475
-0.000669015
-0.000625433
-0.000575919
-0.000525274
-0.000474771
-0.000425814
-0.00037527
-0.000324445
-0.000274509
-0.000225027
-0.000174599
-0.000125638
-7.60001e-05
-2.50221e-05
2.56957e-05
7.62508e-05
0.000127701
0.000177652
0.000226629
0.000276754
0.000326311
0.000376948
0.000427981
0.000478605
0.000531532
0.000580992
0.000631037
0.000678626
0.000731775
0.000780828
0.000831054
0.000881908
0.0009319
0.000982019
0.00103078
0.00108117
0.00113094
0.00118012
0.00123229
0.00128197
0.001332
0.00138076
0.00143156
0.00148232
0.00153282
0.00158603
0.00163647
0.00168681
0.00173516
0.0017858
0.00183658
0.0018845
0.00193601
0.00198385
0.00203418
0.00208482
0.00213602
0.00218657
0.00223556
0.00228653
0.00233923
0.00239057
0.0024413
0.00249547
0.00254849
0.00259721
0.00265006
0.0027002
0.00275104
0.00280054
0.00284997
0.00290072
0.00295065
0.00300058
0.00304947
0.00309871
0.00315988
0.00321004
0.00325926
0.00331092
0.00336091
0.00341228
0.0034645
0.00351526
0.0035673
0.00361906
0.00367427
0.00372617
0.00377659
0.00382569
0.00387575
0.00390778
0.003958
0.00400742
0.00405777
0.00410838
0.00416284
0.00421275
0.00426294
0.00431253
0.00436276
0.00441392
0.00445814
0.00450814
0.00455814
0.00460874
0.00465878
0.0047088
0.00475954
0.00481012
0.00486093
0.00491192
0.00496173
0.0050133
0.00506437
0.0051165
0.00516845
0.00521991
0.0052747
0.00532674
0.00537764
0.00542849
0.00548072
0.00553192
0.0055837
0.00563508
0.00568647
0.00573702
0.00578705
0.00583851
0.00588392
0.00593711
0.00599133
0.00605711
0.0061058
0.00615953
0.00621266
0.00626554
0.00632054
0.00636071
0.00641198
0.00646734
0.00651887
0.0065744
0.00663087
0.00668537
0.00673715
0.00678877
0.0068402
0.00689252
0.00694433
0.00699941
0.00705673
0.00710739
0.00716096
0.00721222
0.00726878
0.00732659
0.00738516
0.00743753
0.00748839
0.00753787
0.00758822
0.00763889
0.0076906
0.00774259
0.00779398
0.00784484
0.00789556
0.00794695
0.00799797
0.00804884
0.00809996
0.00815095
0.00820365
0.00825774
0.0083084
0.00836056
0.00840587
0.00845755
0.00850896
0.00855973
0.00861099
0.00866346
0.00871417
0.00876683
0.00881782
0.00886894
0.00892117
0.00897153
0.00902361
0.00907502
0.00912717
0.00917934
0.00923172
0.00928372
0.00933525
0.00938724
0.00943921
0.00949052
0.00954336
0.00959564
0.00964727
0.00969931
0.00975083
0.009802
0.00985434
0.00990746
0.00995993
0.0100113
0.0100639
0.0101161
0.0101684
0.0102204
0.010273
0.0103237
0.0103766
0.0104283
0.0104813
0.0105339
0.0105868
0.0106386
0.0106909
0.0107439
0.0107954
0.0108484
0.0109007
0.0109545
0.0110074
0.0110588
0.0111206
0.0111722
0.0112232
0.0112763
0.0113288
0.0113817
0.0114224
0.011475
0.0115284
0.0115812
0.0116327
0.0116849
0.0117374
0.011791
0.0118426
0.0118963
0.0119492
0.0120021
0.0120545
0.0121065
0.0121587
0.0122112
0.0122632
0.0123173
0.0123698
0.0124247
0.0124746
0.012527
0.0125794
0.0126333
0.0126865
0.0127388
0.0127918
0.0128454
0.0128985
0.0129512
0.0130044
0.013058
0.0131113
0.0131663
0.0132185
0.013272
0.0133256
0.0133788
0.0134322
0.0134848
0.0135369
0.0135838
0.0136368
0.0136915
0.0137447
0.0137994
0.0138524
0.0139082
0.0139726
0.0140242
0.0140784
0.0141292
0.0141821
0.0142352
0.0142885
0.0143418
0.0143959
0.014439
0.0144922
0.0145438
0.0145981
0.0146529
0.0147057
0.0147573
0.0148125
0.0148649
0.0149179
0.0149706
0.0150228
0.0150765
0.0151289
0.0151838
0.0152374
0.0152919
0.0153432
0.015397
0.015453
0.0155071
0.0155593
0.0156132
0.0156658
0.01572
0.0157732
0.015824
0.0158796
0.0159318
0.0159874
0.0160421
0.0160949
0.0161658
0.0162185
0.0162758
0.0163308
0.0163834
0.0164357
0.0164723
0.016526
0.0165795
0.0166333
0.0166879
0.016741
0.0167949
0.0168511
0.0169062
0.0169563
0.017011
0.0170671
0.0171234
0.0171752
0.0172268
0.0172821
0.0173378
0.0173916
0.0174471
0.0175016
0.0175548
0.0176107
0.0176666
0.0177229
0.0177936
0.0178478
0.0179011
0.0179564
0.0180111
0.0180648
0.0181206
0.018174
0.0182282
0.0182811
0.0183372
0.0183784
0.018435
0.0184895
0.018545
0.0185989
0.0186543
0.0187094
0.0187666
0.0188306
0.0188868
0.0189412
0.0189942
0.0190474
0.0191075
0.0191609
0.0192157
0.019272
0.0193255
0.0193815
0.0194237
0.0194788
0.0195475
0.0195959
0.019651
0.0197067
0.0197617
0.0198194
0.0198825
0.0199374
0.0199924
0.0200447
0.0201002
0.0201539
0.0202084
0.0202614
0.0203161
0.0203699
0.0204259
0.0204807
0.0205346
0.0205906
0.0206432
0.0206991
0.0207533
0.020808
0.020862
0.0209145
0.0209655
0.0210239
0.0210792
0.0211354
0.0211896
0.0212455
0.0213008
0.0213547
0.02141
0.0214636
0.0215173
0.0215722
0.0216258
0.0216819
0.0217372
0.0217915
0.0218473
0.0218991
0.0219533
0.0220076
0.0220633
0.0221194
0.0221719
0.0222287
0.0222815
0.0223359
0.0223919
0.0224473
0.0225032
0.0225588
0.0226137
0.0226687
0.0227211
0.0227757
0.0228309
0.0228881
0.0229415
0.0229965
0.0230512
0.0231076
0.0231613
0.0232184
0.0232726
0.0233268
0.0233825
0.0234362
0.0234911
0.0235461
0.0236036
0.0236601
0.0237168
0.0237727
0.0238253
0.0238835
0.0239391
0.0239921
0.0240464
0.0241013
0.0241581
0.0242129
0.0242697
0.0243247
0.0243803
0.0244355
0.0244901
0.0245443
0.0246004
0.0246563
0.0247112
0.0247655
0.0248205
0.0248755
0.0249315
0.0249895
0.0250465
0.0251003
0.0251562
0.025211
0.025267
0.0253235
0.0253782
0.0254339
0.0254908
0.0255483
0.0256042
0.0256604
0.0257175
0.0257731
0.0258266
0.0258779
0.0259332
0.0259887
0.0260441
0.0261031
0.0261599
0.0262131
0.0262693
0.0263266
0.0263807
0.0264398
0.0264963
0.0265537
0.0266074
0.0266639
0.0267194
0.0267749
0.0268317
0.0268873
0.0269438
0.0269995
0.0270573
0.0271058
0.0271625
0.027222
0.027279
0.0273342
0.0273891
0.0274441
0.0275023
0.0275584
0.0276108
0.0276668
0.0277229
0.0277796
0.0278361
0.0278864
0.0279438
0.0280004
0.028056
0.0281129
0.0281689
0.0282261
0.0282808
0.0283371
0.0283983
0.0284563
0.0285123
0.028566
0.028623
0.0286796
0.0287393
0.0287952
0.028852
0.0289091
0.0289655
0.0290231
0.0290814
0.0291373
0.0291931
0.0292501
0.029307
0.0293646
0.0294208
0.0294772
0.0295284
0.02959
0.0296496
0.029706
0.0297578
0.0298159
0.0298884
0.0299451
0.0300026
0.030059
0.0301166
0.0301739
0.0302329
0.0302918
0.0303488
0.0304047
0.0304635
0.0305153
0.0305787
0.0306366
0.0306937
0.030757
0.0308158
0.0308738
0.0309265
0.0309528
0.0310128
0.0310719
0.0311303
0.031186
0.0312442
0.0313024
0.0313603
0.0314156
0.0314769
0.0315317
0.0315891
0.0316447
0.0317035
0.0317674
0.0318256
0.0318826
0.0319394
0.0320005
0.0320585
0.0321103
0.0321748
0.0322322
0.032287
0.0323453
0.0324052
0.0324614
0.0325201
0.0325819
0.0326379
0.0326946
0.0327731
0.0328341
0.0328971
0.0329543
0.033012
0.0330689
0.0331279
0.0331911
0.0332485
0.0333093
0.0333633
0.0334192
0.0334788
0.033536
0.0335951
0.0336547
0.03371
0.0337663
0.0338215
0.0338803
0.0339421
0.0340018
0.0340593
0.0341179
0.0341768
0.0342359
0.0342951
0.0343523
0.0344166
0.034478
0.0345378
0.0345901
0.0346497
0.0347095
0.0347658
0.0348228
0.0348834
0.0349413
0.0350001
0.0350576
0.0351191
0.0351743
0.0352313
0.0352916
0.0353557
0.0354148
0.0354695
0.035532
0.03559
0.0356554
0.0357142
0.0357722
0.0358325
0.0358888
0.0359468
0.0360016
0.0360636
0.0361275
0.0361798
0.0362421
0.0363002
0.0363561
0.0364197
0.0364777
0.0365364
0.0365967
0.0366546
0.0367159
0.0367739
0.0368337
0.0368926
0.0369588
0.037018
0.0370768
0.0371322
0.0372022
0.0372633
0.0373215
0.0373791
0.0374368
0.0374988
0.037561
0.0376218
0.0376829
0.0377431
0.0378041
0.0378601
0.0379216
0.0379711
0.0380331
0.0380879
0.0381487
0.0382087
0.0382827
0.0383409
0.0384002
0.0384541
0.0385149
0.0385776
0.0386493
0.0387158
0.0387756
0.038843
0.0389042
0.0389623
0.039006
0.0390699
0.0391291
0.0391925
0.0392644
0.0393202
0.0393854
0.0394464
0.0395058
0.0395738
0.0396401
0.0396899
0.0397411
0.0398025
0.0398698
0.0399315
0.0400011
0.0400632
0.0401255
0.040193
0.0402529
0.0403167
0.0403734
0.0404348
0.0404949
0.0405582
0.0406191
0.0406797
0.0407427
0.0408018
0.0408697
0.0409239
0.0409859
0.0410468
0.0411031
0.0411642
0.0412239
0.0412878
0.0413518
0.0414101
0.0414727
0.0415313
0.0415917
0.0416531
0.0417164
0.0417776
0.0418359
0.041891
0.0419553
0.042011
0.0420741
0.0421356
0.0422053
0.0422676
0.0423309
0.0423875
0.0424543
0.0425091
0.0425702
0.0426427
0.0427073
0.0427723
0.042832
0.042899
0.0429577
0.0430221
0.0430882
0.0431502
0.0432081
0.0432733
0.0433336
0.0433915
0.0434574
0.0435203
0.0435902
0.0436518
0.0437154
0.0437726
0.0438356
0.0438942
0.0439574
0.0440202
0.044083
0.0441472
0.0442033
0.0442646
0.0443351
0.0443947
0.0444607
0.0445247
0.0445892
0.0446542
0.0447072
0.0447759
0.0448338
0.0449014
0.0449712
0.0450385
0.045094
0.0451545
0.0452187
0.0452827
0.0453433
0.0454113
0.045477
0.0455416
0.0456031
0.0456648
0.0457311
0.0457869
0.0458564
0.0459219
0.0459856
0.046058
0.0461213
0.0461838
0.0462531
0.0463172
0.0463821
0.0464424
0.0464981
0.046562
0.0466295
0.046692
0.0467552
0.046815
0.0468817
0.0469467
0.0470164
0.0470838
0.0471448
0.0472075
0.0472756
0.0473399
0.0474024
0.0474717
0.047528
0.047596
0.0476719
0.0477359
0.0477919
0.0478623
0.0479228
0.0479926
0.0480592
0.0481183
0.0481823
0.0482484
0.0483183
0.0483857
0.048455
0.0485222
0.0485902
0.0486715
0.0487354
0.048802
0.0488649
0.0489031
0.0489698
0.0490437
0.0491033
0.0491631
0.0492279
0.0492978
0.0493576
0.0494236
0.0494924
0.0495747
0.0496439
0.0497098
0.0497784
0.0498455
0.0499109
0.0499794
0.0500476
0.0501142
0.0501815
0.0502466
0.0503151
0.0503938
0.0504595
0.0505125
0.0505823
0.0506507
0.0507247
0.0507877
0.0508568
0.0509252
0.0509949
0.0510658
0.0511382
0.051205
0.0512734
0.0513469
0.0514087
0.0514798
0.0515399
0.0516032
0.0516591
0.0517312
0.0518205
0.0518889
0.0519428
0.052009
0.0520813
0.0521563
0.0522264
0.0522971
0.0523568
0.0524262
0.0524969
0.0525659
0.052635
0.052701
0.0527666
0.0528422
0.0529225
0.0529921
0.0530631
0.0531424
0.0532114
0.0532652
0.0533378
0.0534176
0.053485
0.0535517
0.0536244
0.0537043
0.0537651
0.053827
0.0539076
0.0539747
0.0540457
0.0541166
0.0541856
0.0542609
0.0543308
0.0543952
0.0544862
0.054558
0.0546254
0.0546825
0.054756
0.0548269
0.0548905
0.05496
0.0550313
0.0551053
0.0551799
0.0552535
0.0553293
0.0554033
0.0554774
0.0555465
0.0556363
0.0557105
0.05578
0.0558798
0.0559565
0.0560021
0.0560868
0.0561617
0.056236
0.0563132
0.056389
0.0564647
0.056536
0.0566056
0.0566938
0.0567683
0.0568428
0.0569164
0.0569821
0.0570673
0.057137
0.0572262
0.0572734
0.0573512
0.0574444
0.0575195
0.057607
0.0576848
0.0577562
0.0578401
0.0579085
0.0579911
0.0580727
0.058145
0.0582332
0.0582902
0.0583814
0.0584885
0.058528
0.0586145
0.0587018
0.0587808
0.0588707
0.0589534
0.0590399
0.0591208
0.0592008
0.0592818
0.0593628
0.0594468
0.0595346
0.0596168
0.0597387
0.0614347
0.0615078
0.0615802
0.0616649
0.0617419
0.0618234
0.0619111
0.062128
0.0623135
0.0622299
0.0623468
0.0624695
0.0626547
0.065095
0.0656613
0.0656992
0.0657382
0.0658433
0.0659506
0.0661095
0.0661704
0.0663542
0.0664798
0.0666392
0.0668566
0.0669154
0.0666581
0.0701059
0.0699422
0.0699338
0.0699047
0.0699917
0.0700943
0.0702066
0.070268
0.0703859
0.0705925
0.0707667
0.0709335
0.0691361
0.0713628
0.0712586
0.0711435
0.071102
0.0711114
0.0711838
0.0711727
0.071336
0.0714511
0.0715753
0.0685352
0.0703123
0.0701565
0.0699484
0.0699649
0.0698966
0.0699182
0.069965
0.070041
0.0700889
0.0702146
0.0687882
0.0687119
0.0686597
0.0686298
0.0686507
0.068683
0.068749
0.0688185
0.0689037
0.0681398
0.0681667
0.0681762
0.0682389
0.0682852
0.0683573
0.0684566
0.0682799
0.0683658
0.0684359
0.0685317
0.0686312
0.0687331
0.0688131
0.0689694
0.0691196
0.069347
0.0695267
0.0697238
0.0698919
0.0700697
0.0702635
0.0704661
0.0706643
0.0707945
0.0710153
0.0712161
0.0713521
0.0715629
0.0717942
0.0720347
