0.229347
0.229347
0.229347
0.229347
0.229347
0.229347
0.229347
0.262111
0.229347
0.262111
0.262111
0.229347
0.294874
0.262111
0.262111
0.294874
0.294874
0.327638
0.294874
0.294874
0.327638
0.327638
0.360402
0.327638
0.360402
0.393166
0.360402
0.42593
0.393166
0.42593
0.458693
0.42593
0.491457
0.458693
0.524221
0.524221
0.556985
0.589749
0.622513
0.622356
0.685012
0.680255
0.70927
0.740994
0.74343
0.846564
0.818822
0.819095
0.884623
0.851859
0.917387
0.884623
0.917387
0.917387
0.982915
0.884623
0.884623
0.819095
0.917387
0.851859
0.850951
0.811214
0.806212
0.770769
0.736794
0.736371
0.705044
0.706734
0.676989
0.647994
0.618682
0.655276
0.622513
0.622513
0.589749
0.622513
0.556985
0.589749
0.589749
0.524221
0.556985
0.458693
0.556985
0.524221
0.491457
0.491457
0.458693
0.393166
0.42593
0.458693
0.491457
0.393166
0.42593
0.393166
0.393166
0.327638
0.42593
0.327638
0.360402
0.360402
0.327638
0.327638
0.327638
0.327638
0.294874
0.327638
0.262111
0.327638
0.294874
0.294874
0.294874
0.262111
0.294874
0.262111
0.229347
0.294874
0.229347
0.262111
0.196583
0.262111
0.229347
0.229347
