-0.283983
-0.28395
-0.283917
-0.283885
-0.283852
-0.283819
-0.283786
-0.283753
-0.283721
-0.283688
-0.283655
-0.283622
-0.28359
-0.283557
-0.283524
-0.283491
-0.283458
-0.283426
-0.283393
-0.28336
-0.283327
-0.283295
-0.283262
-0.283229
-0.283196
-0.283163
-0.283131
-0.283098
-0.283065
-0.283032
-0.283
-0.282967
-0.282934
-0.282901
-0.282868
-0.282836
-0.282803
-0.28277
-0.282737
-0.282705
-0.282672
-0.282639
-0.282606
-0.282573
-0.282541
-0.282508
-0.282475
-0.282442
-0.282409
-0.282377
-0.282344
-0.282311
-0.282278
-0.282246
-0.282213
-0.28218
-0.282147
-0.282114
-0.282082
-0.282049
-0.282016
-0.281983
-0.281951
-0.281918
-0.281885
-0.281852
-0.281819
-0.281787
-0.281754
-0.281721
-0.281688
-0.281656
-0.281623
-0.28159
-0.281557
-0.281524
-0.281492
-0.281459
-0.281426
-0.281393
-0.281361
-0.281328
-0.281295
-0.281262
-0.281229
-0.281197
-0.281164
-0.281131
-0.281098
-0.281066
-0.281033
-0.281
-0.280967
-0.280934
-0.280902
-0.280869
-0.280836
-0.280803
-0.28077
-0.280738
-0.280705
-0.280672
-0.280639
-0.280607
-0.280574
-0.280541
-0.280508
-0.280475
-0.280443
-0.28041
-0.280377
-0.280344
-0.280312
-0.280279
-0.280246
-0.280213
-0.28018
-0.280148
-0.280115
-0.280082
-0.280049
-0.280017
-0.279984
-0.279951
-0.279918
-0.279885
-0.279853
-0.27982
-0.279787
-0.279754
-0.279722
-0.279689
-0.279656
-0.279623
-0.27959
-0.279558
-0.279525
-0.279492
-0.279459
-0.279426
-0.279394
-0.279361
-0.279328
-0.279295
-0.279263
-0.27923
-0.279197
-0.279164
-0.279131
-0.279099
-0.279066
-0.279033
-0.279
-0.278968
-0.278935
-0.278902
-0.278869
-0.278836
-0.278804
-0.278771
-0.278738
-0.278705
-0.278673
-0.27864
-0.278607
-0.278574
-0.278541
-0.278509
-0.278476
-0.278443
-0.27841
-0.278378
-0.278345
-0.278312
-0.278279
-0.278246
-0.278214
-0.278181
-0.278148
-0.278115
-0.278083
-0.27805
-0.278017
-0.277984
-0.277951
-0.277919
-0.277886
-0.277853
-0.27782
-0.277787
-0.277755
-0.277722
-0.277689
-0.277656
-0.277624
-0.277591
-0.277558
-0.277525
-0.277492
-0.27746
-0.277427
-0.277394
-0.277361
-0.277329
-0.277296
-0.277263
-0.27723
-0.277197
-0.277165
-0.277132
-0.277099
-0.277066
-0.277034
-0.277001
-0.276968
-0.276935
-0.276902
-0.27687
-0.276837
-0.276804
-0.276771
-0.276739
-0.276706
-0.276673
-0.27664
-0.276607
-0.276575
-0.276542
-0.276509
-0.276476
-0.276443
-0.276411
-0.276378
-0.276345
-0.276312
-0.27628
-0.276247
-0.276214
-0.276181
-0.276148
-0.276116
-0.276083
-0.27605
-0.276017
-0.275985
-0.275952
-0.275919
-0.275886
-0.275853
-0.275821
-0.275788
-0.275755
-0.275722
-0.27569
-0.275657
-0.275624
-0.275591
-0.275558
-0.275526
-0.275493
-0.27546
-0.275427
-0.275395
-0.275362
-0.275329
-0.275296
-0.275263
-0.275231
-0.275198
-0.275165
-0.275132
-0.2751
-0.275067
-0.275034
-0.275001
-0.274968
-0.274936
-0.274903
-0.27487
-0.274837
-0.274804
-0.274772
-0.274739
-0.274706
-0.274673
-0.274641
-0.274608
-0.274575
-0.274542
-0.274509
-0.274477
-0.274444
-0.274411
-0.274378
-0.274346
-0.274313
-0.27428
-0.274247
-0.274214
-0.274182
-0.274149
-0.274116
-0.274083
-0.274051
-0.274018
-0.273985
-0.273952
-0.273919
-0.273887
-0.273854
-0.273821
-0.273788
-0.273756
-0.273723
-0.27369
-0.273657
-0.273624
-0.273592
-0.273559
-0.273526
-0.273493
-0.27346
-0.273428
-0.273395
-0.273362
-0.273329
-0.273297
-0.273264
-0.273231
-0.273198
-0.273165
-0.273133
-0.2731
-0.273067
-0.273034
-0.273002
-0.272969
-0.272936
-0.272903
-0.27287
-0.272838
-0.272805
-0.272772
-0.272739
-0.272707
-0.272674
-0.272641
-0.272608
-0.272575
-0.272543
-0.27251
-0.272477
-0.272444
-0.272412
-0.272379
-0.272346
-0.272313
-0.27228
-0.272248
-0.272215
-0.272182
-0.272149
-0.272117
-0.272084
-0.272051
-0.272018
-0.271985
-0.271953
-0.27192
-0.271887
-0.271854
-0.271821
-0.271789
-0.271756
-0.271723
-0.27169
-0.271658
-0.271625
-0.271592
-0.271559
-0.271526
-0.271494
-0.271461
-0.271428
-0.271395
-0.271363
-0.27133
-0.271297
-0.271264
-0.271231
-0.271199
-0.271166
-0.271133
-0.2711
-0.271068
-0.271035
-0.271002
-0.270969
-0.270936
-0.270904
-0.270871
-0.270838
-0.270805
-0.270773
-0.27074
-0.270707
-0.270674
-0.270641
-0.270609
-0.270576
-0.270543
-0.27051
-0.270477
-0.270445
-0.270412
-0.270379
-0.270346
-0.270314
-0.270281
-0.270248
-0.270215
-0.270182
-0.27015
-0.270117
-0.270084
-0.270051
-0.270019
-0.269986
-0.269953
-0.26992
-0.269887
-0.269855
-0.269822
-0.269789
-0.269756
-0.269724
-0.269691
-0.269658
-0.269625
-0.269592
-0.26956
-0.269527
-0.269494
-0.269461
-0.269429
-0.269396
-0.269363
-0.26933
-0.269297
-0.269265
-0.269232
-0.269199
-0.269166
-0.269134
-0.269101
-0.269068
-0.269035
-0.269002
-0.26897
-0.268937
-0.268904
-0.268871
-0.268838
-0.268806
-0.268773
-0.26874
-0.268707
-0.268675
-0.268642
-0.268609
-0.268576
-0.268543
-0.268511
-0.268478
-0.268445
-0.268412
-0.26838
-0.268347
-0.268314
-0.268281
-0.268248
-0.268216
-0.268183
-0.26815
-0.268117
-0.268085
-0.268052
-0.268019
-0.267986
-0.267953
-0.267921
-0.267888
-0.267855
-0.267822
-0.26779
-0.267757
-0.267724
-0.267691
-0.267658
-0.267626
-0.267593
-0.26756
-0.267527
-0.267494
-0.267462
-0.267429
-0.267396
-0.267363
-0.267331
-0.267298
-0.267265
-0.267232
-0.267199
-0.267167
-0.267134
-0.267101
-0.267068
-0.267036
-0.267003
-0.26697
-0.266937
-0.266904
-0.266872
-0.266839
-0.266806
-0.266773
-0.266741
-0.266708
-0.266675
-0.266642
-0.266609
-0.266577
-0.266544
-0.266511
-0.266478
-0.266446
-0.266413
-0.26638
-0.266347
-0.266314
-0.266282
-0.266249
-0.266216
-0.266183
-0.266151
-0.266118
-0.266085
-0.266052
-0.266019
-0.265987
-0.265954
-0.265921
-0.265888
-0.265855
-0.265823
-0.26579
-0.265757
-0.265724
-0.265692
-0.265659
-0.265626
-0.265593
-0.26556
-0.265528
-0.265495
-0.265462
-0.265429
-0.265397
-0.265364
-0.265331
-0.265298
-0.265265
-0.265233
-0.2652
-0.265167
-0.265134
-0.265102
-0.265069
-0.265036
-0.265003
-0.26497
-0.264938
-0.264905
-0.264872
-0.264839
-0.264807
-0.264774
-0.264741
-0.264708
-0.264675
-0.264643
-0.26461
-0.264577
-0.264544
-0.264511
-0.264479
-0.264446
-0.264413
-0.26438
-0.264348
-0.264315
-0.264282
-0.264249
-0.264216
-0.264184
-0.264151
-0.264118
-0.264085
-0.264053
-0.26402
-0.263987
-0.263954
-0.263921
-0.263889
-0.263856
-0.263823
-0.26379
-0.263758
-0.263725
-0.263692
-0.263659
-0.263626
-0.263594
-0.263561
-0.263528
-0.263495
-0.263463
-0.26343
-0.263397
-0.263364
-0.263331
-0.263299
-0.263266
-0.263233
-0.2632
-0.263168
-0.263135
-0.263102
-0.263069
-0.263036
-0.263004
-0.262971
-0.262938
-0.262905
-0.262872
-0.26284
-0.262807
-0.262774
-0.262741
-0.262709
-0.262676
-0.262643
-0.26261
-0.262577
-0.262545
-0.262512
-0.262479
-0.262446
-0.262414
-0.262381
-0.262348
-0.262315
-0.262282
-0.26225
-0.262217
-0.262184
-0.262151
-0.262119
-0.262086
-0.262053
-0.26202
-0.261987
-0.261955
-0.261922
-0.261889
-0.261856
-0.261824
-0.261791
-0.261758
-0.261725
-0.261692
-0.26166
-0.261627
-0.261594
-0.261561
-0.261528
-0.261496
-0.261463
-0.26143
-0.261397
-0.261365
-0.261332
-0.261299
-0.261266
-0.261233
-0.261201
-0.261168
-0.261135
-0.261102
-0.26107
-0.261037
-0.261004
-0.260971
-0.260938
-0.260906
-0.260873
-0.26084
-0.260807
-0.260775
-0.260742
-0.260709
-0.260676
-0.260643
-0.260611
-0.260578
-0.260545
-0.260512
-0.26048
-0.260447
-0.260414
-0.260381
-0.260348
-0.260316
-0.260283
-0.26025
-0.260217
-0.260185
-0.260152
-0.260119
-0.260086
-0.260053
-0.260021
-0.259988
-0.259955
-0.259922
-0.259889
-0.259857
-0.259824
-0.259791
-0.259758
-0.259726
-0.259693
-0.25966
-0.259627
-0.259594
-0.259562
-0.259529
-0.259496
-0.259463
-0.259431
-0.259398
-0.259365
-0.259332
-0.259299
-0.259267
-0.259234
-0.259201
-0.259168
-0.259136
-0.259103
-0.25907
-0.259037
-0.259004
-0.258972
-0.258939
-0.258906
-0.258873
-0.258841
-0.258808
-0.258775
-0.258742
-0.258709
-0.258677
-0.258644
-0.258611
-0.258578
-0.258546
-0.258513
-0.25848
-0.258447
-0.258414
-0.258382
-0.258349
-0.258316
-0.258283
-0.25825
-0.258218
-0.258185
-0.258152
-0.258119
-0.258087
-0.258054
-0.258021
-0.257988
-0.257955
-0.257923
-0.25789
-0.257857
-0.257824
-0.257792
-0.257759
-0.257726
-0.257693
-0.25766
-0.257628
-0.257595
-0.257562
-0.257529
-0.257497
-0.257464
-0.257431
-0.257398
-0.257365
-0.257333
-0.2573
-0.257267
-0.257234
-0.257202
-0.257169
-0.257136
-0.257103
-0.25707
-0.257038
-0.257005
-0.256972
-0.256939
-0.256906
-0.256874
-0.256841
-0.256808
-0.256775
-0.256743
-0.25671
-0.256677
-0.256644
-0.256611
-0.256579
-0.256546
-0.256513
-0.25648
-0.256448
-0.256415
-0.256382
-0.256349
-0.256316
-0.256284
-0.256251
-0.256218
-0.256185
-0.256153
-0.25612
-0.256087
-0.256054
-0.256021
-0.255989
-0.255956
-0.255923
-0.25589
-0.255858
-0.255825
-0.255792
-0.255759
-0.255726
-0.255694
-0.255661
-0.255628
-0.255595
-0.255563
-0.25553
-0.255497
-0.255464
-0.255431
-0.255399
-0.255366
-0.255333
-0.2553
-0.255267
-0.255235
-0.255202
-0.255169
-0.255136
-0.255104
-0.255071
-0.255038
-0.255005
-0.254972
-0.25494
-0.254907
-0.254874
-0.254841
-0.254809
-0.254776
-0.254743
-0.25471
-0.254677
-0.254645
-0.254612
-0.254579
-0.254546
-0.254514
-0.254481
-0.254448
-0.254415
-0.254382
-0.25435
-0.254317
-0.254284
-0.254251
-0.254219
-0.254186
-0.254153
-0.25412
-0.254087
-0.254055
-0.254022
-0.253989
-0.253956
-0.253923
-0.253891
-0.253858
-0.253825
-0.253792
-0.25376
-0.253727
-0.253694
-0.253661
-0.253628
-0.253596
-0.253563
-0.25353
-0.253497
-0.253465
-0.253432
-0.253399
-0.253366
-0.253333
-0.253301
-0.253268
-0.253235
-0.253202
-0.25317
-0.253137
-0.253104
-0.253071
-0.253038
-0.253006
-0.252973
-0.25294
-0.252907
-0.252875
-0.252842
-0.252809
-0.252776
-0.252743
-0.252711
-0.252678
-0.252645
-0.252612
-0.25258
-0.252547
-0.252514
-0.252481
-0.252448
-0.252416
-0.252383
-0.25235
-0.252317
-0.252284
-0.252252
-0.252219
-0.252186
-0.252153
-0.252121
-0.252088
-0.252055
-0.252022
-0.251989
-0.251957
-0.251924
-0.251891
-0.251858
-0.251826
-0.251793
-0.25176
-0.251727
-0.251694
-0.251662
-0.251629
-0.251596
-0.251563
-0.251531
-0.251498
-0.251465
-0.251432
-0.251399
-0.251367
-0.251334
-0.251301
-0.251268
-0.251236
-0.251203
-0.25117
-0.251137
-0.251104
-0.251072
-0.251039
-0.251006
-0.250973
-0.25094
-0.250908
-0.250875
-0.250842
-0.250809
-0.250777
-0.250744
-0.250711
-0.250678
-0.250645
-0.250613
-0.25058
-0.250547
-0.250514
-0.250482
-0.250449
-0.250416
-0.250383
-0.25035
-0.250318
-0.250285
-0.250252
-0.250219
-0.250187
-0.250154
-0.250121
-0.250088
-0.250055
-0.250023
-0.24999
-0.249957
-0.249924
-0.249892
-0.249859
-0.249826
-0.249793
-0.24976
-0.249728
-0.249695
-0.249662
-0.249629
-0.249597
-0.249564
-0.249531
-0.249498
-0.249465
-0.249433
-0.2494
-0.249367
-0.249334
-0.249301
-0.249269
-0.249236
-0.249203
-0.24917
-0.249138
-0.249105
-0.249072
-0.249039
-0.249006
-0.248974
-0.248941
-0.248908
-0.248875
-0.248843
-0.24881
-0.248777
-0.248744
-0.248711
-0.248679
-0.248646
-0.248613
-0.24858
-0.248548
-0.248515
-0.248482
-0.248449
-0.248416
-0.248384
-0.248351
-0.248318
-0.248285
-0.248253
-0.24822
-0.248187
-0.248154
-0.248121
-0.248089
-0.248056
-0.248023
-0.24799
-0.247957
-0.247925
-0.247892
-0.247859
-0.247826
-0.247794
-0.247761
-0.247728
-0.247695
-0.247662
-0.24763
-0.247597
-0.247564
-0.247531
-0.247499
-0.247466
-0.247433
-0.2474
-0.247367
-0.247335
-0.247302
-0.247269
-0.247236
-0.247204
-0.247171
-0.247138
-0.247105
-0.247072
-0.24704
-0.247007
-0.246974
-0.246941
-0.246909
-0.246876
-0.246843
-0.24681
-0.246777
-0.246745
-0.246712
-0.246679
-0.246646
-0.246614
-0.246581
-0.246548
-0.246515
-0.246482
-0.24645
-0.246417
-0.246384
-0.246351
-0.246318
-0.246286
-0.246253
-0.24622
-0.246187
-0.246155
-0.246122
-0.246089
-0.246056
-0.246023
-0.245991
-0.245958
-0.245925
-0.245892
-0.24586
-0.245827
-0.245794
-0.245761
-0.245728
-0.245696
-0.245663
-0.24563
-0.245597
-0.245565
-0.245532
-0.245499
-0.245466
-0.245433
-0.245401
-0.245368
-0.245335
-0.245302
-0.24527
-0.245237
-0.245204
-0.245171
-0.245138
-0.245106
-0.245073
-0.24504
-0.245007
-0.244974
-0.244942
-0.244909
-0.244876
-0.244843
-0.244811
-0.244778
-0.244745
-0.244712
-0.244679
-0.244647
-0.244614
-0.244581
-0.244548
-0.244516
-0.244483
-0.24445
-0.244417
-0.244384
-0.244352
-0.244319
-0.244286
-0.244253
-0.244221
-0.244188
-0.244155
-0.244122
-0.244089
-0.244057
-0.244024
-0.243991
-0.243958
-0.243926
-0.243893
-0.24386
-0.243827
-0.243794
-0.243762
-0.243729
-0.243696
-0.243663
-0.243631
-0.243598
-0.243565
-0.243532
-0.243499
-0.243467
-0.243434
-0.243401
-0.243368
-0.243335
-0.243303
-0.24327
-0.243237
-0.243204
-0.243172
-0.243139
-0.243106
-0.243073
-0.24304
-0.243008
-0.242975
-0.242942
-0.242909
-0.242877
-0.242844
-0.242811
-0.242778
-0.242745
-0.242713
-0.24268
-0.242647
-0.242614
-0.242582
-0.242549
-0.242516
-0.242483
-0.24245
-0.242418
-0.242385
-0.242352
-0.242319
-0.242287
-0.242254
-0.242221
-0.242188
-0.242155
-0.242123
-0.24209
-0.242057
-0.242024
-0.241991
-0.241959
-0.241926
-0.241893
-0.24186
-0.241828
-0.241795
-0.241762
-0.241729
-0.241696
-0.241664
-0.241631
-0.241598
-0.241565
-0.241533
-0.2415
-0.241467
-0.241434
-0.241401
-0.241369
-0.241336
-0.241303
-0.24127
-0.241238
-0.241205
-0.241172
-0.241139
-0.241106
-0.241074
-0.241041
-0.241008
-0.240975
-0.240943
-0.24091
-0.240877
-0.240844
-0.240811
-0.240779
-0.240746
-0.240713
-0.24068
-0.240648
-0.240615
-0.240582
-0.240549
-0.240516
-0.240484
-0.240451
-0.240418
-0.240385
-0.240352
-0.24032
-0.240287
-0.240254
-0.240221
-0.240189
-0.240156
-0.240123
-0.24009
-0.240057
-0.240025
-0.239992
-0.239959
-0.239926
-0.239894
-0.239861
-0.239828
-0.239795
-0.239762
-0.23973
-0.239697
-0.239664
-0.239631
-0.239599
-0.239566
-0.239533
-0.2395
-0.239467
-0.239435
-0.239402
-0.239369
-0.239336
-0.239304
-0.239271
-0.239238
-0.239205
-0.239172
-0.23914
-0.239107
-0.239074
-0.239041
-0.239008
-0.238976
-0.238943
-0.23891
-0.238877
-0.238845
-0.238812
-0.238779
-0.238746
-0.238713
-0.238681
-0.238648
-0.238615
-0.238582
-0.23855
-0.238517
-0.238484
-0.238451
-0.238418
-0.238386
-0.238353
-0.23832
-0.238287
-0.238255
-0.238222
-0.238189
-0.238156
-0.238123
-0.238091
-0.238058
-0.238025
-0.237992
-0.23796
-0.237927
-0.237894
-0.237861
-0.237828
-0.237796
-0.237763
-0.23773
-0.237697
-0.237665
-0.237632
-0.237599
-0.237566
-0.237533
-0.237501
-0.237468
-0.237435
-0.237402
-0.237369
-0.237337
-0.237304
-0.237271
-0.237238
-0.237206
-0.237173
-0.23714
-0.237107
-0.237074
-0.237042
-0.237009
-0.236976
-0.236943
-0.236911
-0.236878
-0.236845
-0.236812
-0.236779
-0.236747
-0.236714
-0.236681
-0.236648
-0.236616
-0.236583
-0.23655
-0.236517
-0.236484
-0.236452
-0.236419
-0.236386
-0.236353
-0.236321
-0.236288
-0.236255
-0.236222
-0.236189
-0.236157
-0.236124
-0.236091
-0.236058
-0.236025
-0.235993
-0.23596
-0.235927
-0.235894
-0.235862
-0.235829
-0.235796
-0.235763
-0.23573
-0.235698
-0.235665
-0.235632
-0.235599
-0.235567
-0.235534
-0.235501
-0.235468
-0.235435
-0.235403
-0.23537
-0.235337
-0.235304
-0.235272
-0.235239
-0.235206
-0.235173
-0.23514
-0.235108
-0.235075
-0.235042
-0.235009
-0.234977
-0.234944
-0.234911
-0.234878
-0.234845
-0.234813
-0.23478
-0.234747
-0.234714
-0.234682
-0.234649
-0.234616
-0.234583
-0.23455
-0.234518
-0.234485
-0.234452
-0.234419
-0.234386
-0.234354
-0.234321
-0.234288
-0.234255
-0.234223
-0.23419
-0.234157
-0.234124
-0.234091
-0.234059
-0.234026
-0.233993
-0.23396
-0.233928
-0.233895
-0.233862
-0.233829
-0.233796
-0.233764
-0.233731
-0.233698
-0.233665
-0.233633
-0.2336
-0.233567
-0.233534
-0.233501
-0.233469
-0.233436
-0.233403
-0.23337
-0.233338
-0.233305
-0.233272
-0.233239
-0.233206
-0.233174
-0.233141
-0.233108
-0.233075
-0.233042
-0.23301
-0.232977
-0.232944
-0.232911
-0.232879
-0.232846
-0.232813
-0.23278
-0.232747
-0.232715
-0.232682
-0.232649
-0.232616
-0.232584
-0.232551
-0.232518
-0.232485
-0.232452
-0.23242
-0.232387
-0.232354
-0.232321
-0.232289
-0.232256
-0.232223
-0.23219
-0.232157
-0.232125
-0.232092
-0.232059
-0.232026
-0.231994
-0.231961
-0.231928
-0.231895
-0.231862
-0.23183
-0.231797
-0.231764
-0.231731
-0.231699
-0.231666
-0.231633
-0.2316
-0.231567
-0.231535
-0.231502
-0.231469
-0.231436
-0.231403
-0.231371
-0.231338
-0.231305
-0.231272
-0.23124
-0.231207
-0.231174
-0.231141
-0.231108
-0.231076
-0.231043
-0.23101
-0.230977
-0.230945
-0.230912
-0.230879
-0.230846
-0.230813
-0.230781
-0.230748
-0.230715
-0.230682
-0.23065
-0.230617
-0.230584
-0.230551
-0.230518
-0.230486
-0.230453
-0.23042
-0.230387
-0.230355
-0.230322
-0.230289
-0.230256
-0.230223
-0.230191
-0.230158
-0.230125
-0.230092
-0.230059
-0.230027
-0.229994
-0.229961
-0.229928
-0.229896
-0.229863
-0.22983
-0.229797
-0.229764
-0.229732
-0.229699
-0.229666
-0.229633
-0.229601
-0.229568
-0.229535
-0.229502
-0.229469
-0.229437
-0.229404
-0.229371
-0.229338
-0.229306
-0.229273
-0.22924
-0.229207
-0.229174
-0.229142
-0.229109
-0.229076
-0.229043
-0.229011
-0.228978
-0.228945
-0.228912
-0.228879
-0.228847
-0.228814
-0.228781
-0.228748
-0.228716
-0.228683
-0.22865
-0.228617
-0.228584
-0.228552
-0.228519
-0.228486
-0.228453
-0.22842
-0.228388
-0.228355
-0.228322
-0.228289
-0.228257
-0.228224
-0.228191
-0.228158
-0.228125
-0.228093
-0.22806
-0.228027
-0.227994
-0.227962
-0.227929
-0.227896
-0.227863
-0.22783
-0.227798
-0.227765
-0.227732
-0.227699
-0.227667
-0.227634
-0.227601
-0.227568
-0.227535
-0.227503
-0.22747
-0.227437
-0.227404
-0.227372
-0.227339
-0.227306
-0.227273
-0.22724
-0.227208
-0.227175
-0.227142
-0.227109
-0.227077
-0.227044
-0.227011
-0.226978
-0.226945
-0.226913
-0.22688
-0.226847
-0.226814
-0.226781
-0.226749
-0.226716
-0.226683
-0.22665
-0.226618
-0.226585
-0.226552
-0.226519
-0.226486
-0.226454
-0.226421
-0.226388
-0.226355
-0.226323
-0.22629
-0.226257
-0.226224
-0.226191
-0.226159
-0.226126
-0.226093
-0.22606
-0.226028
-0.225995
-0.225962
-0.225929
-0.225896
-0.225864
-0.225831
-0.225798
-0.225765
-0.225733
-0.2257
-0.225667
-0.225634
-0.225601
-0.225569
-0.225536
-0.225503
-0.22547
-0.225437
-0.225405
-0.225372
-0.225339
-0.225306
-0.225274
-0.225241
-0.225208
-0.225175
-0.225142
-0.22511
-0.225077
-0.225044
-0.225011
-0.224979
-0.224946
-0.224913
-0.22488
-0.224847
-0.224815
-0.224782
-0.224749
-0.224716
-0.224684
-0.224651
-0.224618
-0.224585
-0.224552
-0.22452
-0.224487
-0.224454
-0.224421
-0.224389
-0.224356
-0.224323
-0.22429
-0.224257
-0.224225
-0.224192
-0.224159
-0.224126
-0.224094
-0.224061
-0.224028
-0.223995
-0.223962
-0.22393
-0.223897
-0.223864
-0.223831
-0.223798
-0.223766
-0.223733
-0.2237
-0.223667
-0.223635
-0.223602
-0.223569
-0.223536
-0.223503
-0.223471
-0.223438
-0.223405
-0.223372
-0.22334
-0.223307
-0.223274
-0.223241
-0.223208
-0.223176
-0.223143
-0.22311
-0.223077
-0.223045
-0.223012
-0.222979
-0.222946
-0.222913
-0.222881
-0.222848
-0.222815
-0.222782
-0.22275
-0.222717
-0.222684
-0.222651
-0.222618
-0.222586
-0.222553
-0.22252
-0.222487
-0.222454
-0.222422
-0.222389
-0.222356
-0.222323
-0.222291
-0.222258
-0.222225
-0.222192
-0.222159
-0.222127
-0.222094
-0.222061
-0.222028
-0.221996
-0.221963
-0.22193
-0.221897
-0.221864
-0.221832
-0.221799
-0.221766
-0.221733
-0.221701
-0.221668
-0.221635
-0.221602
-0.221569
-0.221537
-0.221504
-0.221471
-0.221438
-0.221406
-0.221373
-0.22134
-0.221307
-0.221274
-0.221242
-0.221209
-0.221176
-0.221143
-0.221111
-0.221078
-0.221045
-0.221012
-0.220979
-0.220947
-0.220914
-0.220881
-0.220848
-0.220815
-0.220783
-0.22075
-0.220717
-0.220684
-0.220652
-0.220619
-0.220586
-0.220553
-0.22052
-0.220488
-0.220455
-0.220422
-0.220389
-0.220357
-0.220324
-0.220291
-0.220258
-0.220225
-0.220193
-0.22016
-0.220127
-0.220094
-0.220062
-0.220029
-0.219996
-0.219963
-0.21993
-0.219898
-0.219865
-0.219832
-0.219799
-0.219767
-0.219734
-0.219701
-0.219668
-0.219635
-0.219603
-0.21957
-0.219537
-0.219504
-0.219471
-0.219439
-0.219406
-0.219373
-0.21934
-0.219308
-0.219275
-0.219242
-0.219209
-0.219176
-0.219144
-0.219111
-0.219078
-0.219045
-0.219013
-0.21898
-0.218947
-0.218914
-0.218881
-0.218849
-0.218816
-0.218783
-0.21875
-0.218718
-0.218685
-0.218652
-0.218619
-0.218586
-0.218554
-0.218521
-0.218488
-0.218455
-0.0487606
-0.0486611
-0.048682
-0.0486263
-0.0485633
-0.0484455
-0.0483617
-0.0480862
-0.0478218
-0.0446982
-0.0448347
-0.0449868
-0.0448424
-0.0444987
-0.0445498
-0.0445016
-0.0443467
-0.0443132
-0.0439973
-0.0440542
-0.0440836
-0.0440662
-0.0437319
-0.0436967
-0.0437648
-0.0433172
-0.0431264
-0.0394266
-0.0392925
-0.0393461
-0.0394412
-0.03927
-0.0391301
-0.0389392
-0.0387961
-0.0388068
-0.0385477
-0.0385026
-0.0383985
-0.0383782
-0.0383955
-0.0382673
-0.038132
-0.037777
-0.0375483
-0.0335482
-0.0334944
-0.0336068
-0.0335238
-0.0334095
-0.0332519
-0.033132
-0.0330361
-0.032805
-0.0327567
-0.0326113
-0.0325992
-0.0324832
-0.0287501
-0.0286611
-0.028642
-0.0283354
-0.0282702
-0.0283305
-0.0280795
-0.0279864
-0.0278412
-0.0278138
-0.0276596
-0.0275584
-0.0275198
-0.027468
-0.0272652
-0.0274014
-0.0273011
-0.0272315
-0.0271334
-0.0270615
-0.0267804
-0.02428
-0.0241539
-0.0240988
-0.0240107
-0.0239454
-0.0238811
-0.0238404
-0.0237583
-0.0237051
-0.0236656
-0.023598
-0.02356
-0.0235033
-0.0234368
-0.0234033
-0.0233784
-0.0214477
-0.0214208
-0.0213961
-0.0213543
-0.0213253
-0.0212994
-0.0212697
-0.0212422
-0.0212146
-0.0211954
-0.0211655
-0.0211394
-0.0211093
-0.0210846
-0.0210542
-0.0210273
-0.0209994
-0.0209674
-0.0209388
-0.0209293
-0.020899
-0.0208712
-0.0208425
-0.0208143
-0.0207858
-0.0207581
-0.0207275
-0.0206979
-0.0206678
-0.0206394
-0.0206125
-0.0205865
-0.0205564
-0.0205208
-0.0204967
-0.0204679
-0.0204398
-0.0204144
-0.0203804
-0.0203497
-0.0203203
-0.0202939
-0.0202673
-0.0202371
-0.0202089
-0.0201779
-0.0201483
-0.02012
-0.0200917
-0.0200575
-0.0200278
-0.0199994
-0.0199701
-0.0199424
-0.019911
-0.0198899
-0.0198611
-0.0198326
-0.0198048
-0.0197746
-0.0197448
-0.0197162
-0.019684
-0.0196561
-0.0196287
-0.0195994
-0.0195714
-0.0195434
-0.0195133
-0.0194834
-0.0194543
-0.0194231
-0.019395
-0.0193678
-0.0193411
-0.019309
-0.019278
-0.0192502
-0.0192342
-0.0192021
-0.0191738
-0.0191587
-0.0191086
-0.0190806
-0.019051
-0.019023
-0.018992
-0.0189623
-0.0189345
-0.0189122
-0.0188837
-0.0188545
-0.0188261
-0.0187993
-0.018768
-0.0187384
-0.018708
-0.0186774
-0.0186502
-0.018622
-0.018582
-0.0185646
-0.0185329
-0.0185056
-0.0184729
-0.018445
-0.0184169
-0.0183886
-0.0183439
-0.0183178
-0.0182894
-0.018259
-0.0182281
-0.0182012
-0.0181648
-0.0181369
-0.0181269
-0.0180986
-0.0180671
-0.0180394
-0.0180103
-0.017981
-0.0179514
-0.0179203
-0.017893
-0.0178636
-0.0178333
-0.0178053
-0.0177763
-0.0177462
-0.0177156
-0.0176866
-0.0176577
-0.0176274
-0.017598
-0.0175667
-0.0175405
-0.0175117
-0.0174814
-0.0174521
-0.0174238
-0.017393
-0.0173636
-0.0173328
-0.0172988
-0.0172699
-0.0172407
-0.0172081
-0.0171852
-0.0171546
-0.017127
-0.0170976
-0.0170705
-0.0170388
-0.0170078
-0.0169785
-0.0169497
-0.0169175
-0.0168877
-0.0168585
-0.0168293
-0.0168007
-0.0167698
-0.0167272
-0.0166946
-0.0166654
-0.016636
-0.0166072
-0.0165754
-0.0165606
-0.0165311
-0.0165001
-0.0164705
-0.0164409
-0.0164096
-0.0163779
-0.0163484
-0.0163186
-0.0162903
-0.0162587
-0.0162263
-0.0161973
-0.0161702
-0.0161406
-0.0161093
-0.0160766
-0.016048
-0.016016
-0.0159865
-0.0159574
-0.0159245
-0.0158936
-0.0158656
-0.0158328
-0.0158033
-0.0157722
-0.0157427
-0.0157108
-0.0156819
-0.0156504
-0.0156215
-0.0155905
-0.0155613
-0.0155313
-0.0154994
-0.0154712
-0.0154394
-0.0154095
-0.0153761
-0.0153464
-0.0153167
-0.0152881
-0.0152606
-0.015229
-0.0151959
-0.0151651
-0.0151359
-0.015107
-0.0150744
-0.0150419
-0.015012
-0.0149839
-0.0149506
-0.0149194
-0.0148901
-0.0148458
-0.0148127
-0.0147821
-0.0147516
-0.014722
-0.0146894
-0.0146601
-0.0146279
-0.0145969
-0.0145655
-0.0145365
-0.014514
-0.0144805
-0.0144502
-0.0144208
-0.0143903
-0.0143604
-0.0143354
-0.0143035
-0.0142724
-0.0142444
-0.0142132
-0.0141827
-0.0141537
-0.0141171
-0.0140854
-0.0140612
-0.0140297
-0.0140009
-0.0139657
-0.0139358
-0.0139015
-0.0138711
-0.0138421
-0.0138117
-0.0137807
-0.0137481
-0.0137158
-0.0136862
-0.0136554
-0.0136233
-0.0135934
-0.0135615
-0.0135286
-0.013497
-0.0134654
-0.0134347
-0.0133999
-0.0133702
-0.0133351
-0.0133064
-0.0132756
-0.0132498
-0.0132187
-0.0131908
-0.0131595
-0.0131297
-0.0130995
-0.0130671
-0.0130364
-0.0130054
-0.0129735
-0.0129407
-0.0129085
-0.0128815
-0.0128489
-0.0128187
-0.0127842
-0.0127477
-0.0127173
-0.0126858
-0.0126547
-0.0126245
-0.012591
-0.0125599
-0.012537
-0.0125081
-0.0124796
-0.0124487
-0.0124168
-0.0123845
-0.0123546
-0.012324
-0.012293
-0.0122613
-0.0122298
-0.0121993
-0.0121681
-0.012134
-0.0121049
-0.0120674
-0.0120371
-0.0120058
-0.0119733
-0.011943
-0.0119078
-0.0118771
-0.0118441
-0.0118114
-0.0117809
-0.0117499
-0.0117175
-0.0116841
-0.0116528
-0.011622
-0.011591
-0.0115592
-0.011527
-0.0114952
-0.0114623
-0.0114321
-0.0113991
-0.0113839
-0.0113526
-0.0113196
-0.0112877
-0.0112566
-0.0112249
-0.0111927
-0.0111615
-0.0111307
-0.0110905
-0.011059
-0.0110225
-0.0109898
-0.0109597
-0.0109271
-0.0108944
-0.0108654
-0.0108316
-0.0107996
-0.0107743
-0.0107478
-0.0107239
-0.0106905
-0.0106595
-0.010628
-0.0105955
-0.0105646
-0.0105313
-0.0104995
-0.0104686
-0.0104367
-0.0104041
-0.0103711
-0.0103385
-0.0103064
-0.0102725
-0.01024
-0.0102072
-0.0101751
-0.0101403
-0.0101086
-0.0100768
-0.0100451
-0.010009
-0.00997871
-0.0099477
-0.00991472
-0.00990049
-0.00986702
-0.00983627
-0.00980366
-0.0097684
-0.00973763
-0.00970534
-0.00967262
-0.00964584
-0.00961358
-0.00958301
-0.00953974
-0.00950865
-0.00947508
-0.00944256
-0.00941225
-0.0093778
-0.00934482
-0.0093141
-0.009284
-0.00926419
-0.00923314
-0.00919815
-0.00916705
-0.00913418
-0.00910136
-0.00907006
-0.00903809
-0.00900285
-0.00897134
-0.00893904
-0.00890556
-0.00887018
-0.00883845
-0.0088063
-0.00877979
-0.00874777
-0.00870854
-0.00867759
-0.0086307
-0.00859885
-0.00856603
-0.00853478
-0.00850194
-0.00846976
-0.00843541
-0.00840218
-0.0083691
-0.00833761
-0.00830551
-0.00827359
-0.00823932
-0.00820669
-0.00817575
-0.00815744
-0.00812115
-0.00809006
-0.00805746
-0.00802589
-0.00799219
-0.00795887
-0.00792754
-0.00789291
-0.00786005
-0.00782706
-0.00779433
-0.00776385
-0.00772935
-0.00769588
-0.0076625
-0.00762963
-0.00759443
-0.00756373
-0.00751983
-0.00748618
-0.00745373
-0.00742924
-0.00739499
-0.0073625
-0.00733041
-0.00730802
-0.0072738
-0.00724378
-0.00720979
-0.00717866
-0.00714575
-0.00711203
-0.00708039
-0.00704494
-0.00701313
-0.00698077
-0.00694742
-0.00691428
-0.00688755
-0.0068549
-0.0068218
-0.00678913
-0.00675406
-0.00672153
-0.00668918
-0.00665431
-0.00662168
-0.00658986
-0.00655638
-0.00652182
-0.00649115
-0.00645763
-0.00642392
-0.00639226
-0.00635866
-0.00632587
-0.00629104
-0.00625039
-0.00621552
-0.00618234
-0.00614895
-0.00612007
-0.00608552
-0.00605157
-0.00601684
-0.00598592
-0.00595266
-0.00592073
-0.00588572
-0.00585169
-0.00581793
-0.00578494
-0.00575195
-0.00571729
-0.00568464
-0.00565662
-0.0056223
-0.00558777
-0.00555464
-0.00552139
-0.005496
-0.0054612
-0.00542602
-0.00539404
-0.00535854
-0.00532238
-0.00528827
-0.00525587
-0.0052229
-0.00518819
-0.00515443
-0.00512119
-0.0050921
-0.00505794
-0.00502582
-0.00499264
-0.0049578
-0.00492626
-0.00489317
-0.00485792
-0.00482367
-0.00479161
-0.00473719
-0.00470378
-0.00467087
-0.00463799
-0.0046032
-0.00456956
-0.00453407
-0.00449857
-0.00446278
-0.00443311
-0.00439383
-0.00436246
-0.00432824
-0.00429769
-0.00426419
-0.00423237
-0.0041974
-0.00416447
-0.00413672
-0.00410816
-0.0040759
-0.00404109
-0.00400814
-0.00397344
-0.00394013
-0.00390706
-0.0038732
-0.00383588
-0.00380289
-0.0037698
-0.00373489
-0.00369983
-0.0036668
-0.00363271
-0.0035996
-0.00356685
-0.00353315
-0.00349653
-0.00346318
-0.00342997
-0.00339441
-0.0033629
-0.00332757
-0.00328099
-0.0032456
-0.00321117
-0.00318967
-0.00315688
-0.00312253
-0.00308889
-0.00305564
-0.00302051
-0.00298727
-0.00295282
-0.0029188
-0.00288513
-0.00285165
-0.00281526
-0.0027812
-0.00274752
-0.00271264
-0.00267766
-0.00264196
-0.00260822
-0.00257331
-0.00254632
-0.00250436
-0.00246958
-0.00244019
-0.00240556
-0.0023726
-0.00232512
-0.00229118
-0.00225705
-0.00222503
-0.00219106
-0.00216426
-0.00213079
-0.00209837
-0.00206339
-0.00202785
-0.00199307
-0.00195883
-0.00192565
-0.0018909
-0.00185798
-0.00182708
-0.00179265
-0.00175845
-0.00172538
-0.00169054
-0.0016548
-0.00162087
-0.00158757
-0.00155283
-0.00151494
-0.00148056
-0.00143543
-0.00140176
-0.00137038
-0.00133557
-0.00131536
-0.00128143
-0.00124854
-0.00121438
-0.00117932
-0.00114308
-0.001109
-0.00107461
-0.00104012
-0.00100417
-0.00096929
-0.000934686
-0.000899671
-0.000850098
-0.00081755
-0.000785069
-0.000751519
-0.000716798
-0.000693678
-0.00065887
-0.0006257
-0.00059099
-0.00055769
-0.000525402
-0.00048809
-0.000452639
-0.000418492
-0.000380623
-0.000344649
-0.000309341
-0.000273804
-0.000239923
-0.000206006
-0.000173204
-0.000140343
-0.000105706
-7.08486e-05
-3.66906e-05
-3.5412e-05
-1.66789e-06
3.3502e-05
7.01115e-05
0.000104756
0.000143845
0.000177123
0.000211611
0.000245746
0.0002812
0.00031616
0.00035074
0.00038396
0.000415322
0.000450019
0.000487474
0.000523492
0.000560795
0.000596858
0.000631445
0.000664806
0.000699284
0.000734937
0.000780318
0.000814032
0.000847297
0.000886324
0.000917808
0.000964071
0.000996605
0.00103062
0.00106397
0.00109883
0.00113235
0.00116444
0.00119965
0.00123595
0.00127514
0.00130963
0.0013445
0.00137598
0.00140043
0.00143353
0.00146813
0.00150412
0.00154271
0.00157709
0.00161386
0.00164656
0.00168072
0.00171505
0.0017489
0.0017896
0.00183441
0.00185668
0.00188907
0.00192263
0.00195195
0.00198598
0.00202451
0.0020587
0.00209194
0.00212516
0.00215847
0.0021945
0.00223399
0.00226326
0.00229716
0.00233036
0.00236662
0.00240499
0.00243571
0.0024701
0.00250384
0.00254352
0.00257594
0.00261093
0.00264574
0.00268309
0.00271764
0.0027533
0.00279309
0.00282721
0.00286556
0.00290592
0.0029391
0.00297747
0.0030115
0.00305291
0.00309321
0.00313079
0.00318056
0.00321318
0.00324655
0.0032792
0.00331203
0.003346
0.00337882
0.00340856
0.00344236
0.00347521
0.0035081
0.00354029
0.00357375
0.00360667
0.00364165
0.00367445
0.00370813
0.00374183
0.00377921
0.00381282
0.00384449
0.00387907
0.00391166
0.00394657
0.00398122
0.00401494
0.00404637
0.00408113
0.0041162
0.00414878
0.00418162
0.00420531
0.0042422
0.00427818
0.0043112
0.00434252
0.00437969
0.00441271
0.0044466
0.00448061
0.00451533
0.00455031
0.00458559
0.00461881
0.00465545
0.00468984
0.00472469
0.00475929
0.00479327
0.00482917
0.00486301
0.00489723
0.00493341
0.00497037
0.00500422
0.00504308
0.00507373
0.0051089
0.00514776
0.00518191
0.0052178
0.00525946
0.00531065
0.0053493
0.00538444
0.0054182
0.0054555
0.00548911
0.00552463
0.00556425
0.00560177
0.00564175
0.00567286
0.00570474
0.00574291
0.00577158
0.00580698
0.00583844
0.00587678
0.00591508
0.00595017
0.00598897
0.00603059
0.00606763
0.00610727
0.00614194
0.0061795
0.00621601
0.00625163
0.00628517
0.00632713
0.00635773
0.00639428
0.00643268
0.00647304
0.00651035
0.00655109
0.00658864
0.0066318
0.00666773
0.00670302
0.00674088
0.00678479
0.00682164
0.00686086
0.00690543
0.00695361
0.0069811
0.00703722
0.00707519
0.00710955
0.00715898
0.00717656
0.00722672
0.007274
0.00731211
0.00734358
0.00738384
0.00742105
0.00745779
0.00749196
0.00752969
0.00756215
0.00759429
0.00762939
0.00766696
0.00770248
0.00773631
0.00777334
0.00780783
0.00784232
0.00787599
0.00791206
0.00795028
0.00798412
0.00801979
0.00805591
0.00809024
0.00812466
0.0081609
0.00819975
0.00823113
0.00826812
0.00830374
0.00834066
0.00837565
0.0084109
0.00844517
0.00847854
0.00851816
0.00855405
0.00858858
0.0086265
0.00866079
0.00869526
0.00873083
0.00876474
0.00880263
0.00883997
0.00887617
0.00891065
0.00894488
0.00898511
0.0090163
0.00905017
0.0090851
0.00912045
0.0091596
0.00919863
0.00923482
0.00927135
0.00930861
0.00934466
0.00937989
0.00941436
0.0094484
0.00948631
0.00952754
0.00956377
0.00960192
0.00963539
0.00967306
0.00971044
0.0097461
0.00978518
0.00982112
0.00985703
0.00989267
0.00993027
0.0099673
0.0100026
0.0100401
0.0100757
0.0101122
0.0101515
0.0101855
0.0102208
0.0102604
0.0102953
0.0103318
0.0103595
0.0103986
0.0104357
0.0104729
0.0105094
0.0105477
0.0105855
0.0106205
0.0106579
0.0106951
0.0107308
0.0107676
0.0108057
0.0108421
0.0108772
0.0109154
0.0109535
0.0109915
0.0110265
0.011064
0.0110999
0.011137
0.0111743
0.011212
0.0112479
0.0112836
0.0113194
0.0113548
0.011395
0.0114305
0.01147
0.0115057
0.011537
0.0115763
0.0116118
0.0116525
0.0116928
0.0117291
0.0117652
0.0118006
0.0118362
0.0118726
0.0119086
0.0119455
0.011984
0.0120195
0.0120573
0.0120952
0.012137
0.0121747
0.0122123
0.0122492
0.0122874
0.0123239
0.0123618
0.0123997
0.0124398
0.0124737
0.0125113
0.0125456
0.0125855
0.0126287
0.0126613
0.0126992
0.0127392
0.0127772
0.0128192
0.0128559
0.0128967
0.0129327
0.0129696
0.0130043
0.0130442
0.0130802
0.0131205
0.0131683
0.0132065
0.0132404
0.0132783
0.0133174
0.0133576
0.0133953
0.0134271
0.0134666
0.0135026
0.013542
0.0135799
0.0136223
0.0136549
0.0136923
0.0137288
0.0137667
0.013803
0.0138515
0.0138912
0.013929
0.0139639
0.0140025
0.0140393
0.0140778
0.0141173
0.0141569
0.0141957
0.0142383
0.0142783
0.0143165
0.0143524
0.0143871
0.014427
0.0144634
0.0145015
0.0145394
0.0145792
0.0146198
0.0146591
0.0146973
0.0147336
0.0147681
0.0148077
0.0148271
0.0148727
0.0149123
0.0149507
0.0149902
0.0150309
0.0150682
0.015107
0.0151433
0.0151858
0.015217
0.0152553
0.0152906
0.0153274
0.0153652
0.0154043
0.0154405
0.0154817
0.0155217
0.0155572
0.0155815
0.0156214
0.0156632
0.0157005
0.0157505
0.0157913
0.0158289
0.0158703
0.0159095
0.0159471
0.0159888
0.0160305
0.0160683
0.0160959
0.0161334
0.0161744
0.0162123
0.0162504
0.0162936
0.0163306
0.0163667
0.0164045
0.0164412
0.0164808
0.0165202
0.0165501
0.0165915
0.0166292
0.0166756
0.0167134
0.0167494
0.0167926
0.0168347
0.0168716
0.0169121
0.0169513
0.0169801
0.0170186
0.0170551
0.0170994
0.0171362
0.0171748
0.0172131
0.0172537
0.0172961
0.0173402
0.0173814
0.0174224
0.0174661
0.0175003
0.0175694
0.0176072
0.0176461
0.017686
0.0177255
0.017764
0.0177998
0.0178435
0.0178841
0.0179243
0.0179613
0.0180046
0.0180427
0.0180797
0.0181115
0.0181578
0.0181983
0.0182382
0.0182836
0.0183256
0.0183634
0.0184045
0.0184425
0.0184832
0.0185302
0.0185707
0.0186094
0.0186339
0.0186829
0.0187316
0.0187731
0.0188058
0.0188503
0.0188831
0.0189278
0.01897
0.0190091
0.0190482
0.019087
0.0191233
0.0191572
0.0192013
0.0192403
0.0192761
0.0193137
0.01936
0.0194057
0.0194571
0.0194921
0.0195329
0.0195757
0.0196201
0.0196648
0.0196915
0.0197304
0.0197873
0.0198304
0.0198718
0.0199159
0.0199532
0.0199829
0.0200373
0.0200788
0.0201008
0.0201432
0.020184
0.0202218
0.0202607
0.020301
0.020341
0.020387
0.020424
0.0204669
0.0205045
0.0205419
0.0205745
0.0206157
0.0206612
0.0207022
0.0207405
0.0207788
0.0208258
0.0208654
0.020915
0.0209605
0.0209996
0.0210384
0.0210788
0.0211193
0.0211576
0.0211979
0.0212209
0.0212532
0.0212936
0.0213316
0.0213677
0.0214108
0.0214552
0.0214953
0.0215343
0.0215746
0.0216118
0.0216536
0.0216941
0.0217348
0.0217679
0.0218141
0.0218513
0.0218923
0.0219316
0.0219719
0.0220177
0.0220568
0.0220969
0.0221372
0.0221813
0.0222181
0.0222546
0.0222945
0.0223375
0.0223766
0.0224133
0.0224531
0.0224973
0.0225378
0.0225767
0.0226157
0.0226543
0.0226944
0.0227339
0.0227683
0.0228118
0.0228548
0.0228983
0.0229399
0.022979
0.023021
0.0230646
0.0231036
0.0231473
0.023186
0.0232256
0.0232686
0.0233005
0.0233377
0.0233841
0.0234268
0.0234665
0.023506
0.0235504
0.0235934
0.0236316
0.0236752
0.0237149
0.0237554
0.023793
0.0238369
0.0238735
0.0239187
0.0239614
0.0239957
0.024033
0.024074
0.0241124
0.0241507
0.024195
0.0242337
0.0242786
0.0243182
0.0243579
0.0244011
0.0244423
0.0244822
0.0245211
0.0245675
0.0246007
0.024645
0.0246813
0.0247246
0.0247622
0.024806
0.0248461
0.0248863
0.0249315
0.0249769
0.0250192
0.0250644
0.0251013
0.0251427
0.0251842
0.0252212
0.0252663
0.0253057
0.0253545
0.0253949
0.0254387
0.0254819
0.0255266
0.0255656
0.0256011
0.0256371
0.0256809
0.0257199
0.0257601
0.025804
0.0258443
0.0258902
0.0259314
0.0259756
0.0260165
0.0260579
0.0261075
0.0261411
0.0261751
0.0262163
0.0262564
0.0263054
0.0263484
0.0263911
0.0264848
0.0265316
0.0265728
0.0266131
0.0266567
0.0266969
0.026748
0.0267894
0.0268304
0.026872
0.0269127
0.0269533
0.0269964
0.0270423
0.0270843
0.0271287
0.0271738
0.0271986
0.0272482
0.0273085
0.0273508
0.0273871
0.0273639
0.0273967
0.0274397
0.0274867
0.0275343
0.0275778
0.0276198
0.0276618
0.0277021
0.027744
0.0277842
0.0278246
0.0278673
0.0279041
0.0279471
0.0279963
0.0280317
0.0280787
0.0281175
0.0281589
0.0282117
0.0282516
0.0282965
0.0283384
0.0283855
0.0284366
0.0284819
0.0285076
0.0285439
0.0285869
0.0286242
0.0286717
0.0287134
0.0287587
0.0288027
0.0288439
0.0288894
0.028936
0.0289796
0.0290216
0.0290665
0.0291085
0.0291516
0.0291916
0.0292353
0.0292802
0.0293233
0.0293708
0.0294114
0.029454
0.0294966
0.0295395
0.029595
0.0296404
0.0296838
0.0297274
0.0297705
0.0298033
0.0298388
0.0298848
0.0299312
0.0299807
0.030027
0.0300764
0.0301125
0.0301578
0.0301978
0.0302444
0.0302939
0.0303431
0.0303859
0.0304406
0.0304826
0.0305275
0.0305753
0.0305967
0.0306594
0.0307061
0.0307611
0.0308082
0.0308532
0.0309019
0.0309436
0.0309714
0.0310141
0.0310607
0.0311053
0.0311541
0.0311945
0.0312374
0.0312825
0.0313721
0.0314257
0.03147
0.0315132
0.0315566
0.0315941
0.0316379
0.0316818
0.0317256
0.0317848
0.0318383
0.0318836
0.0319288
0.0319572
0.0320107
0.0320599
0.0321097
0.0321423
0.0321223
0.0321696
0.0322177
0.0322235
0.0322732
0.0323199
0.0323634
0.0324144
0.0324526
0.032498
0.0325435
0.0325879
0.0326305
0.0326801
0.032737
0.0327827
0.032825
0.0328707
0.0329189
0.0329622
0.0330193
0.0330539
0.0331037
0.0331468
0.0332016
0.033244
0.033293
0.0333305
0.0333758
0.0334179
0.0334653
0.0335128
0.0335537
0.0336049
0.0336506
0.0337062
0.0337518
0.0337936
0.0338415
0.0338863
0.0339351
0.0339781
0.034017
0.0340629
0.0341128
0.0341605
0.0342096
0.0342596
0.0343072
0.0343526
0.0344015
0.0344632
0.0345063
0.0345575
0.034593
0.0346407
0.034685
0.0347329
0.0347837
0.0348262
0.0348769
0.0349195
0.0349752
0.0350124
0.0350579
0.0351071
0.0352066
0.0352546
0.0352988
0.0353372
0.0353913
0.0354384
0.0354821
0.0355361
0.0355849
0.0355955
0.0356412
0.0356956
0.0357398
0.0357837
0.035827
0.0358789
0.0359181
0.0359684
0.0360133
0.036062
0.0361185
0.036172
0.0362308
0.0362909
0.0363305
0.0363728
0.0364137
0.0364659
0.0365097
0.0365589
0.0366054
0.0366559
0.0366993
0.0367456
0.0367952
0.0368434
0.0368836
0.0369318
0.0369963
0.0370576
0.0370941
0.0371365
0.0371783
0.0372325
0.0372918
0.037336
0.0373766
0.0374267
0.0374683
0.0375288
0.037581
0.0376129
0.0376237
0.0376892
0.0377434
0.0377848
0.0378349
0.0378952
0.0380159
0.0380541
0.0381076
0.0381647
0.0382152
0.0382578
0.0383189
0.0383782
0.0384218
0.0384718
0.0385291
0.0385755
0.0385871
0.0386362
0.0386857
0.0387402
0.0387839
0.0388352
0.0388872
0.0389401
0.0389866
0.0390398
0.0390938
0.0391439
0.0391819
0.0392375
0.0392868
0.0393353
0.0393869
0.039436
0.0394972
0.0395374
0.0396114
0.0396669
0.0397166
0.0397938
0.0398452
0.0398893
0.0399439
0.039988
0.0400329
0.040085
0.0400785
0.0401286
0.0401785
0.0402224
0.0402875
0.0403394
0.0403936
0.0404615
0.0405188
0.0405655
0.0406249
0.0406723
0.0407251
0.0407879
0.0408876
0.0409521
0.0410123
0.0410407
0.0410914
0.0411502
0.0412122
0.0412628
0.0413146
0.0413549
0.0413995
0.0414516
0.0415039
0.0415582
0.0415985
0.0416621
0.0417175
0.0417703
0.0418211
0.0418745
0.041924
0.0419754
0.0420295
0.0420793
0.0421342
0.0421939
0.0422592
0.0423061
0.0423479
0.0423957
0.0424467
0.0424952
0.0425416
0.0425726
0.0426258
0.0426788
0.0427332
0.042788
0.0428453
0.0428911
0.0429448
0.0429976
0.0430518
0.0431273
0.0431816
0.0432211
0.043293
0.0433539
0.043407
0.0434573
0.0434878
0.043539
0.0436134
0.0436536
0.0436988
0.0437487
0.0437988
0.0438547
0.0439175
0.0439685
0.0440236
0.0440786
0.0441413
0.0441935
0.0442583
0.0443111
0.0443657
0.044416
0.0444802
0.0445304
0.0445877
0.0446408
0.0446841
0.0447478
0.0447976
0.0448599
0.0449345
0.0449931
0.0450395
0.0450767
0.0451214
0.0451693
0.0452184
0.0452685
0.0453193
0.0453803
0.0454535
0.0455191
0.045559
0.0456143
0.0456693
0.0457287
0.045802
0.0458594
0.0459193
0.0459747
0.0460309
0.0460745
0.0461401
0.046197
0.0462531
0.0463365
0.0463807
0.046425
0.0464855
0.0465438
0.0466092
0.0466824
0.046748
0.0468034
0.0468615
0.046914
0.0469628
0.0470213
0.0470901
0.0471436
0.0471937
0.0472614
0.0473172
0.047349
0.0474129
0.0474557
0.0475159
0.0475911
0.0507642
0.0509368
0.051682
0.0517506
0.0519389
0.0520917
0.0522276
0.0521877
0.0523394
0.0523567
0.0524105
0.052515
0.0527512
0.0528823
0.0529566
0.0531471
0.0532432
0.0534273
0.0683
0.0684776
0.0689876
0.0702224
0.0711618
0.0652983
0.0719432
0.0720426
0.0723903
0.0722918
0.071981
0.0723797
0.073297
0.0733762
0.0736981
0.0742441
0.0745992
0.075075
0.0756552
0.0764664
0.0769548
0.0778725
0.0788226
0.0793875
0.0805391
0.0811051
0.0960101
0.0968254
0.116966
0.116953
0.116083
0.116326
0.116738
0.116895
0.116445
0.117338
0.118121
0.117993
0.118898
0.119505
0.119714
0.120862
0.121533
0.12199
0.123177
0.124391
0.125995
0.12709
0.112887
0.137694
0.136778
0.135294
0.13514
0.13488
0.134952
0.133972
0.134149
0.134398
0.134404
0.135585
0.136162
0.135858
0.13693
0.137454
0.13842
0.140256
0.102266
0.10263
0.123074
0.12096
0.120559
0.119528
0.118591
