-0.171273
-0.171273
-0.171273
-0.171273
-0.171273
-0.171273
-0.171273
-0.171273
-0.171273
-0.171273
-0.171273
-0.171273
-0.171273
-0.171273
-0.171273
-0.171273
-0.171273
-0.171273
-0.171273
-0.171273
-0.171273
-0.171273
-0.171273
-0.171273
-0.171273
-0.171273
-0.171273
-0.171273
-0.171273
-0.171273
-0.171273
-0.171273
-0.171273
-0.171273
-0.171273
-0.171273
-0.171273
-0.171273
-0.171273
-0.171273
-0.171273
-0.171273
-0.171273
-0.171273
-0.171273
-0.171273
-0.171273
-0.171273
-0.171273
-0.171273
-0.171273
-0.171273
-0.171273
-0.171273
-0.171273
-0.171273
-0.171273
-0.171273
-0.171273
-0.171273
-0.171273
-0.171273
-0.171273
-0.171273
-0.171273
-0.171273
-0.171273
-0.171273
-0.171273
-0.171273
-0.171273
-0.171273
-0.171273
-0.171273
-0.171273
-0.171273
-0.171273
-0.171273
-0.171273
-0.171273
-0.171273
-0.171273
-0.171273
-0.171273
-0.171273
-0.171273
-0.171273
-0.171273
-0.171273
-0.171273
-0.171273
-0.171273
-0.171273
-0.171273
-0.171273
-0.171273
-0.171273
-0.171273
-0.171273
-0.171273
-0.171273
-0.171273
-0.171273
-0.171273
-0.171273
-0.171273
-0.171273
-0.171273
-0.171273
-0.171273
-0.171273
-0.171273
-0.171273
-0.171273
-0.171273
-0.171273
-0.171273
-0.171273
-0.171273
-0.171273
-0.171273
-0.171273
-0.171273
-0.171273
-0.171273
-0.171273
-0.171273
-0.171273
-0.171273
-0.171273
-0.171273
-0.171273
-0.171273
-0.171273
-0.171273
-0.171273
-0.171273
-0.171273
-0.171273
-0.171273
-0.171273
-0.171273
-0.171273
-0.171273
-0.171273
-0.171273
-0.171273
-0.171273
-0.171273
-0.171273
-0.171273
-0.171273
-0.171273
-0.171273
-0.171273
-0.171273
-0.171273
-0.171273
-0.171273
-0.171273
-0.171273
-0.171273
-0.171273
-0.171273
-0.171273
-0.171273
-0.171273
-0.171273
-0.171273
-0.171273
-0.171273
-0.171273
-0.171273
-0.171273
-0.171273
-0.171273
-0.171273
-0.171273
-0.171273
-0.171273
-0.171273
-0.171273
-0.171273
-0.171273
-0.171273
-0.171273
-0.171273
-0.171273
-0.171273
-0.171273
-0.171273
-0.171273
-0.171273
-0.171273
-0.171273
-0.171273
-0.171273
-0.171273
-0.171273
-0.171273
-0.171273
-0.171273
-0.171273
-0.171273
-0.171273
-0.171273
-0.171273
-0.171273
-0.171273
-0.171273
-0.171273
-0.171273
-0.171273
-0.171273
-0.171273
-0.171273
-0.171273
-0.171273
-0.171273
-0.171273
-0.171273
-0.171273
-0.171273
-0.171273
-0.171273
-0.171273
-0.171273
-0.171273
-0.171273
-0.171273
-0.171273
-0.171273
-0.171273
-0.171273
-0.171273
-0.171273
-0.171273
-0.171273
-0.171273
-0.171273
-0.171273
-0.171273
-0.171273
-0.171273
-0.171273
-0.171273
-0.171273
-0.171273
-0.171273
-0.171273
-0.171273
-0.171273
-0.171273
-0.171273
-0.171273
-0.171273
-0.171273
-0.171273
-0.171273
-0.171273
-0.171273
-0.171273
-0.171273
-0.171273
-0.171273
-0.171273
-0.171273
-0.171273
-0.171273
-0.171273
-0.171273
-0.171273
-0.171273
-0.171273
-0.171273
-0.171273
-0.171273
-0.171273
-0.171273
-0.171273
-0.171273
-0.171273
-0.171273
-0.171273
-0.171273
-0.171273
-0.171273
-0.171273
-0.171273
-0.171273
-0.171273
-0.171273
-0.171273
-0.171273
-0.171273
-0.171273
-0.171273
-0.171273
-0.171273
-0.171273
-0.171273
-0.171273
-0.171273
-0.171273
-0.171273
-0.171273
-0.171273
-0.171273
-0.171273
-0.171273
-0.171273
-0.171273
-0.171273
-0.171273
-0.171273
-0.171273
-0.171273
-0.171273
-0.171273
-0.171273
-0.171273
-0.171273
-0.171273
-0.171273
-0.171273
-0.171273
-0.171273
-0.171273
-0.171273
-0.171273
-0.171273
-0.171273
-0.171273
-0.171273
-0.171273
-0.171273
-0.171273
-0.171273
-0.171273
-0.171273
-0.171273
-0.171273
-0.171273
-0.171273
-0.171273
-0.171273
-0.171273
-0.171273
-0.171273
-0.171273
-0.171273
-0.171273
-0.171273
-0.171273
-0.171273
-0.171273
-0.171273
-0.171273
-0.171273
-0.171273
-0.171273
-0.171273
-0.171273
-0.171273
-0.171273
-0.171273
-0.171273
-0.171273
-0.171273
-0.171273
-0.171273
-0.171273
-0.171273
-0.171273
-0.171273
-0.171273
-0.171273
-0.171273
-0.171273
-0.171273
-0.171273
-0.171273
-0.171273
-0.171273
-0.171273
-0.171273
-0.171273
-0.171273
-0.171273
-0.171273
-0.171273
-0.171273
-0.171273
-0.171273
-0.171273
-0.171273
-0.171273
-0.171273
-0.171273
-0.171273
-0.171273
-0.171273
-0.171273
-0.171273
-0.171273
-0.171273
-0.171273
-0.171273
-0.171273
-0.171273
-0.171273
-0.171273
-0.171273
-0.171273
-0.171273
-0.171273
-0.171273
-0.171273
-0.171273
-0.171273
-0.171273
-0.171273
-0.171273
-0.171273
-0.171273
-0.171273
-0.171273
-0.171273
-0.171273
-0.171273
-0.171273
-0.171273
-0.171273
-0.171273
-0.171273
-0.171273
-0.171273
-0.171273
-0.171273
-0.171273
-0.171273
-0.171273
-0.171273
-0.171273
-0.171273
-0.171273
-0.171273
-0.171273
-0.171273
-0.171273
-0.171273
-0.171273
-0.171273
-0.171273
-0.171273
-0.171273
-0.171273
-0.171273
-0.171273
-0.171273
-0.171273
-0.171273
-0.171273
-0.171273
-0.171273
-0.171273
-0.171273
-0.171273
-0.171273
-0.171273
-0.171273
-0.171273
-0.171273
-0.171273
-0.171273
-0.171273
-0.171273
-0.171273
-0.171273
-0.171273
-0.171273
-0.171273
-0.171273
-0.171273
-0.171273
-0.171273
-0.171273
-0.171273
-0.171273
-0.171273
-0.171273
-0.171273
-0.171273
-0.171273
-0.171273
-0.171273
-0.171273
-0.171273
-0.171273
-0.171273
-0.171273
-0.171273
-0.171273
-0.171273
-0.171273
-0.171273
-0.171273
-0.171273
-0.171273
-0.171273
-0.171273
-0.171273
-0.171273
-0.171273
-0.171273
-0.171273
-0.171273
-0.171273
-0.171273
-0.171273
-0.171273
-0.171273
-0.171273
-0.171273
-0.171273
-0.171273
-0.171273
-0.171273
-0.171273
-0.171273
-0.171273
-0.171273
-0.171273
-0.171273
-0.171273
-0.171273
-0.171273
-0.171273
-0.171273
-0.171273
-0.171273
-0.171273
-0.171273
-0.171273
-0.171273
-0.171273
-0.171273
-0.171273
-0.171273
-0.171273
-0.171273
-0.171273
-0.171273
-0.171273
-0.171273
-0.171273
-0.171273
-0.171273
-0.171273
-0.171273
-0.171273
-0.171273
-0.171273
-0.171273
-0.171273
-0.171273
-0.171273
-0.171273
-0.171273
-0.171273
-0.171273
-0.171273
-0.171273
-0.171273
-0.171273
-0.171273
-0.171273
-0.171273
-0.171273
-0.171273
-0.171273
-0.171273
-0.171273
-0.171273
-0.171273
-0.171273
-0.171273
-0.171273
-0.171273
-0.171273
-0.171273
-0.171273
-0.171273
-0.171273
-0.171273
-0.171273
-0.171273
-0.171273
-0.171273
-0.171273
-0.171273
-0.171273
-0.171273
-0.171273
-0.171273
-0.171273
-0.171273
-0.171273
-0.171273
-0.171273
-0.171273
-0.171273
-0.171273
-0.171273
-0.171273
-0.171273
-0.171273
-0.171273
-0.171273
-0.171273
-0.171273
-0.171273
-0.171273
-0.171273
-0.171273
-0.171273
-0.171273
-0.171273
-0.171273
-0.171273
-0.171273
-0.171273
-0.171273
-0.171273
-0.171273
-0.171273
-0.171273
-0.171273
-0.171273
-0.171273
-0.171273
-0.171273
-0.171273
-0.171273
-0.171273
-0.171273
-0.171273
-0.171273
-0.171273
-0.171273
-0.171273
-0.171273
-0.171273
-0.171273
-0.171273
-0.171273
-0.171273
-0.171273
-0.171273
-0.171273
-0.171273
-0.171273
-0.171273
-0.171273
-0.171273
-0.171273
-0.171273
-0.171273
-0.171273
-0.171273
-0.171273
-0.171273
-0.171273
-0.171273
-0.171273
-0.171273
-0.171273
-0.171273
-0.171273
-0.171273
-0.171273
-0.171273
-0.171273
-0.171273
-0.171273
-0.171273
-0.171273
-0.171273
-0.171273
-0.171273
-0.171273
-0.171273
-0.171273
-0.171273
-0.171273
-0.171273
-0.171273
-0.171273
-0.171273
-0.171273
-0.171273
-0.171273
-0.171273
-0.171273
-0.171273
-0.171273
-0.171273
-0.171273
-0.171273
-0.171273
-0.171273
-0.171273
-0.171273
-0.171273
-0.171273
-0.171273
-0.171273
-0.171273
-0.171273
-0.171273
-0.171273
-0.171273
-0.171273
-0.171273
-0.171273
-0.171273
-0.171273
-0.171273
-0.171273
-0.171273
-0.171273
-0.171273
-0.171273
-0.171273
-0.171273
-0.171273
-0.171273
-0.171273
-0.171273
-0.171273
-0.171273
-0.171273
-0.171273
-0.171273
-0.171273
-0.171273
-0.171273
-0.171273
-0.171273
-0.171273
-0.171273
-0.171273
-0.171273
-0.171273
-0.171273
-0.171273
-0.171273
-0.171273
-0.171273
-0.171273
-0.171273
-0.171273
-0.171273
-0.171273
-0.171273
-0.171273
-0.171273
-0.171273
-0.171273
-0.171273
-0.171273
-0.171273
-0.171273
-0.171273
-0.171273
-0.171273
-0.171273
-0.171273
-0.171273
-0.171273
-0.171273
-0.171273
-0.171273
-0.171273
-0.171273
-0.171273
-0.171273
-0.171273
-0.171273
-0.171273
-0.171273
-0.171273
-0.171273
-0.171273
-0.171273
-0.171273
-0.171273
-0.171273
-0.171273
-0.171273
-0.171273
-0.171273
-0.171273
-0.171273
-0.171273
-0.171273
-0.171273
-0.171273
-0.171273
-0.171273
-0.171273
-0.171273
-0.171273
-0.171273
-0.171273
-0.171273
-0.171273
-0.171273
-0.171273
-0.171273
-0.171273
-0.171273
-0.171273
-0.171273
-0.171273
-0.171273
-0.171273
-0.171273
-0.171273
-0.171273
-0.171273
-0.171273
-0.171273
-0.171273
-0.171273
-0.171273
-0.171273
-0.171273
-0.171273
-0.171273
-0.171273
-0.171273
-0.171273
-0.171273
-0.171273
-0.171273
-0.171273
-0.171273
-0.171273
-0.171273
-0.171273
-0.171273
-0.171273
-0.171273
-0.171273
-0.171273
-0.171273
-0.171273
-0.171273
-0.171273
-0.171273
-0.171273
-0.171273
-0.171273
-0.171273
-0.171273
-0.171273
-0.171273
-0.171273
-0.171273
-0.171273
-0.171273
-0.171273
-0.171273
-0.171273
-0.171273
-0.171273
-0.171273
-0.171273
-0.171273
-0.171273
-0.171273
-0.171273
-0.171273
-0.171273
-0.171273
-0.171273
-0.171273
-0.171273
-0.171273
-0.171273
-0.171273
-0.171273
-0.171273
-0.171273
-0.171273
-0.171273
-0.171273
-0.171273
-0.171273
-0.171273
-0.171273
-0.171273
-0.171273
-0.171273
-0.171273
-0.171273
-0.171273
-0.171273
-0.171273
-0.171273
-0.171273
-0.171273
-0.171273
-0.171273
-0.171273
-0.171273
-0.171273
-0.171273
-0.171273
-0.171273
-0.171273
-0.171273
-0.171273
-0.171273
-0.171273
-0.171273
-0.171273
-0.171273
-0.171273
-0.171273
-0.171273
-0.171273
-0.171273
-0.171273
-0.171273
-0.171273
-0.171273
-0.171273
-0.171273
-0.171273
-0.171273
-0.171273
-0.171273
-0.171273
-0.171273
-0.171273
-0.171273
-0.171273
-0.171273
-0.171273
-0.171273
-0.171273
-0.171273
-0.171273
-0.171273
-0.171273
-0.171273
-0.171273
-0.171273
-0.171273
-0.171273
-0.171273
-0.171273
-0.171273
-0.171273
-0.171273
-0.171273
-0.171273
-0.171273
-0.171273
-0.171273
-0.171273
-0.171273
-0.171273
-0.171273
-0.171273
-0.171273
-0.171273
-0.171273
-0.171273
-0.171273
-0.171273
-0.171273
-0.171273
-0.171273
-0.171273
-0.171273
-0.171273
-0.171273
-0.171273
-0.171273
-0.171273
-0.171273
-0.171273
-0.171273
-0.171273
-0.171273
-0.171273
-0.171273
-0.171273
-0.171273
-0.171273
-0.171273
-0.171273
-0.171273
-0.171273
-0.171273
-0.171273
-0.171273
-0.171273
-0.171273
-0.171273
-0.171273
-0.171273
-0.171273
-0.171273
-0.171273
-0.171273
-0.171273
-0.171273
-0.171273
-0.171273
-0.171273
-0.171273
-0.171273
-0.171273
-0.171273
-0.171273
-0.171273
-0.171273
-0.171273
-0.171273
-0.171273
-0.171273
-0.171273
-0.171273
-0.171273
-0.171273
-0.171273
-0.171273
-0.171273
-0.171273
-0.171273
-0.171273
-0.171273
-0.171273
-0.171273
-0.171273
-0.171273
-0.171273
-0.171273
-0.171273
-0.171273
-0.171273
-0.171273
-0.171273
-0.171273
-0.171273
-0.171273
-0.171273
-0.171273
-0.171273
-0.171273
-0.171273
-0.171273
-0.171273
-0.171273
-0.171273
-0.171273
-0.171273
-0.171273
-0.171273
-0.171273
-0.171273
-0.171273
-0.171273
-0.171273
-0.171273
-0.171273
-0.171273
-0.171273
-0.171273
-0.171273
-0.171273
-0.171273
-0.171273
-0.171273
-0.171273
-0.171273
-0.171273
-0.171273
-0.171273
-0.171273
-0.171273
-0.171273
-0.171273
-0.171273
-0.171273
-0.171273
-0.171273
-0.171273
-0.171273
-0.171273
-0.171273
-0.171273
-0.171273
-0.171273
-0.171273
-0.171273
-0.171273
-0.171273
-0.171273
-0.171273
-0.171273
-0.171273
-0.171273
-0.171273
-0.171273
-0.171273
-0.171273
-0.171273
-0.171273
-0.171273
-0.171273
-0.171273
-0.171273
-0.171273
-0.171273
-0.171273
-0.171273
-0.171273
-0.171273
-0.171273
-0.171273
-0.171273
-0.171273
-0.171273
-0.171273
-0.171273
-0.171273
-0.171273
-0.171273
-0.171273
-0.171273
-0.171273
-0.171273
-0.171273
-0.171273
-0.171273
-0.171273
-0.171273
-0.171273
-0.171273
-0.171273
-0.171273
-0.171273
-0.171273
-0.171273
-0.171273
-0.171273
-0.171273
-0.171273
-0.171273
-0.171273
-0.171273
-0.171273
-0.171273
-0.171273
-0.171273
-0.171273
-0.171273
-0.171273
-0.171273
-0.171273
-0.171273
-0.171273
-0.171273
-0.171273
-0.171273
-0.171273
-0.171273
-0.171273
-0.171273
-0.171273
-0.171273
-0.171273
-0.171273
-0.171273
-0.171273
-0.171273
-0.171273
-0.171273
-0.171273
-0.171273
-0.171273
-0.171273
-0.171273
-0.171273
-0.171273
-0.171273
-0.171273
-0.171273
-0.171273
-0.171273
-0.171273
-0.171273
-0.171273
-0.171273
-0.171273
-0.171273
-0.171273
-0.171273
-0.171273
-0.171273
-0.171273
-0.171273
-0.171273
-0.171273
-0.171273
-0.171273
-0.171273
-0.171273
-0.171273
-0.171273
-0.171273
-0.171273
-0.171273
-0.171273
-0.171273
-0.171273
-0.171273
-0.171273
-0.171273
-0.171273
-0.171273
-0.171273
-0.171273
-0.171273
-0.171273
-0.171273
-0.171273
-0.171273
-0.171273
-0.171273
-0.171273
-0.171273
-0.171273
-0.171273
-0.171273
-0.171273
-0.171273
-0.171273
-0.171273
-0.171273
-0.171273
-0.171273
-0.171273
-0.171273
-0.171273
-0.171273
-0.171273
-0.171273
-0.171273
-0.171273
-0.171273
-0.171273
-0.171273
-0.171273
-0.171273
-0.171273
-0.171273
-0.171273
-0.171273
-0.171273
-0.171273
-0.171273
-0.171273
-0.171273
-0.171273
-0.171273
-0.171273
-0.171273
-0.171273
-0.171273
-0.171273
-0.171273
-0.171273
-0.171273
-0.171273
-0.171273
-0.171273
-0.171273
-0.171273
-0.171273
-0.171273
-0.171273
-0.171273
-0.171273
-0.171273
-0.171273
-0.171273
-0.171273
-0.171273
-0.171273
-0.171273
-0.171273
-0.171273
-0.171273
-0.171273
-0.171273
-0.171273
-0.171273
-0.171273
-0.171273
-0.171273
-0.171273
-0.171273
-0.171273
-0.171273
-0.171273
-0.171273
-0.171273
-0.171273
-0.171273
-0.171273
-0.171273
-0.171273
-0.171273
-0.171273
-0.171273
-0.171273
-0.171273
-0.171273
-0.171273
-0.171273
-0.171273
-0.171273
-0.171273
-0.171273
-0.171273
-0.171273
-0.171273
-0.171273
-0.171273
-0.171273
-0.171273
-0.171273
-0.171273
-0.171273
-0.171273
-0.171273
-0.171273
-0.171273
-0.171273
-0.171273
-0.171273
-0.171273
-0.171273
-0.171273
-0.171273
-0.171273
-0.171273
-0.171273
-0.171273
-0.171273
-0.171273
-0.171273
-0.171273
-0.171273
-0.171273
-0.171273
-0.171273
-0.171273
-0.171273
-0.171273
-0.171273
-0.171273
-0.171273
-0.171273
-0.171273
-0.171273
-0.171273
-0.171273
-0.171273
-0.171273
-0.171273
-0.171273
-0.171273
-0.171273
-0.171273
-0.171273
-0.171273
-0.171273
-0.171273
-0.171273
-0.171273
-0.171273
-0.171273
-0.171273
-0.171273
-0.171273
-0.171273
-0.171273
-0.171273
-0.171273
-0.171273
-0.171273
-0.171273
-0.171273
-0.171273
-0.171273
-0.171273
-0.171273
-0.171273
-0.171273
-0.171273
-0.171273
-0.171273
-0.171273
-0.171273
-0.171273
-0.171273
-0.171273
-0.171273
-0.171273
-0.171273
-0.171273
-0.171273
-0.171273
-0.171273
-0.171273
-0.171273
-0.171273
-0.171273
-0.171273
-0.171273
-0.171273
-0.171273
-0.171273
-0.171273
-0.171273
-0.171273
-0.171273
-0.171273
-0.171273
-0.171273
-0.171273
-0.171273
-0.171273
-0.171273
-0.171273
-0.171273
-0.171273
-0.171273
-0.171273
-0.171273
-0.171273
-0.171273
-0.171273
-0.171273
-0.171273
-0.171273
-0.171273
-0.171273
-0.171273
-0.171273
-0.171273
-0.171273
-0.171273
-0.171273
-0.171273
-0.171273
-0.171273
-0.171273
-0.171273
-0.171273
-0.171273
-0.171273
-0.171273
-0.171273
-0.171273
-0.171273
-0.171273
-0.171273
-0.171273
-0.171273
-0.171273
-0.171273
-0.171273
-0.171273
-0.171273
-0.171273
-0.171273
-0.171273
-0.171273
-0.171273
-0.171273
-0.171273
-0.171273
-0.171273
-0.171273
-0.171273
-0.171273
-0.171273
-0.171273
-0.171273
-0.171273
-0.171273
-0.171273
-0.171273
-0.171273
-0.171273
-0.171273
-0.171273
-0.171273
-0.171273
-0.171273
-0.171273
-0.171273
-0.171273
-0.171273
-0.171273
-0.171273
-0.171273
-0.171273
-0.171273
-0.171273
-0.171273
-0.171273
-0.171273
-0.171273
-0.171273
-0.171273
-0.171273
-0.171273
-0.171273
-0.171273
-0.171273
-0.171273
-0.171273
-0.171273
-0.171273
-0.171273
-0.171273
-0.171273
-0.171273
-0.171273
-0.171273
-0.171273
-0.171273
-0.171273
-0.171273
-0.171273
-0.171273
-0.171273
-0.171273
-0.171273
-0.171273
-0.171273
-0.171273
-0.171273
-0.171273
-0.171273
-0.171273
-0.171273
-0.171273
-0.171273
-0.171273
-0.171273
-0.171273
-0.171273
-0.171273
-0.171273
-0.171273
-0.171273
-0.171273
-0.171273
-0.171273
-0.171273
-0.171273
-0.171273
-0.171273
-0.171273
-0.171273
-0.171273
-0.171273
-0.171273
-0.171273
-0.171273
-0.171273
-0.171273
-0.171273
-0.171273
-0.171273
-0.171273
-0.171273
-0.171273
-0.171273
-0.171273
-0.171273
-0.171273
-0.171273
-0.171273
-0.171273
-0.171273
-0.171273
-0.171273
-0.171273
-0.171273
-0.171273
-0.171273
-0.171273
-0.171273
-0.171273
-0.171273
-0.171273
-0.171273
-0.171273
-0.171273
-0.171273
-0.171273
-0.171273
-0.171273
-0.171273
-0.171273
-0.171273
-0.171273
-0.171273
-0.171273
-0.171273
-0.171273
-0.171273
-0.171273
-0.171273
-0.171273
-0.171273
-0.171273
-0.171273
-0.171273
-0.171273
-0.171273
-0.171273
-0.171273
-0.171273
-0.171273
-0.171273
-0.171273
-0.171273
-0.171273
-0.171273
-0.171273
-0.171273
-0.171273
-0.171273
-0.171273
-0.171273
-0.171273
-0.171273
-0.171273
-0.171273
-0.171273
-0.171273
-0.171273
-0.171273
-0.171273
-0.171273
-0.171273
-0.171273
-0.171273
-0.171273
-0.171273
-0.171273
-0.171273
-0.171273
-0.171273
-0.171273
-0.171273
-0.171273
-0.171273
-0.171273
-0.171273
-0.171273
-0.171273
-0.171273
-0.171273
-0.171273
-0.171273
-0.171273
-0.171273
-0.171273
-0.171273
-0.171273
-0.171273
-0.171273
-0.171273
-0.171273
-0.171273
-0.171273
-0.171273
-0.171273
-0.171273
-0.171273
-0.171273
-0.171273
-0.171273
-0.171273
-0.171273
-0.171273
-0.171273
-0.171273
-0.171273
-0.171273
-0.171273
-0.171273
-0.171273
-0.171273
-0.171273
-0.171273
-0.171273
-0.171273
-0.171273
-0.171273
-0.171273
-0.171273
-0.171273
-0.171273
-0.171273
-0.171273
-0.171273
-0.171273
-0.171273
-0.171273
-0.171273
-0.171273
-0.171273
-0.171273
-0.171273
-0.171273
-0.171273
-0.171273
-0.171273
-0.171273
-0.171273
-0.171273
-0.171273
-0.171273
-0.171273
-0.171273
-0.171273
-0.171273
-0.171273
-0.171273
-0.171273
-0.171273
-0.171273
-0.171273
-0.171273
-0.171273
-0.171273
-0.171273
-0.171273
-0.171273
-0.171273
-0.171273
-0.171273
-0.171273
-0.171273
-0.171273
-0.171273
-0.171273
-0.171273
-0.171273
-0.171273
-0.171273
-0.171273
-0.171273
-0.171273
-0.171273
-0.171273
-0.171273
-0.171273
-0.171273
-0.171273
-0.171273
-0.171273
-0.171273
-0.171273
-0.171273
-0.171273
-0.171273
-0.171273
-0.171273
-0.171273
-0.171273
-0.171273
-0.171273
-0.171273
-0.171273
-0.171273
-0.171273
-0.171273
-0.171273
-0.171273
-0.171273
-0.171273
-0.171273
-0.171273
-0.171273
-0.171273
-0.171273
-0.171273
-0.171273
-0.171273
-0.171273
-0.171273
-0.171273
-0.171273
-0.171273
-0.171273
-0.171273
-0.171273
-0.171273
-0.171273
-0.171273
-0.171273
-0.171273
-0.171273
-0.171273
-0.171273
-0.171273
-0.171273
-0.171273
-0.171273
-0.171273
-0.171273
-0.171273
-0.171273
-0.171273
-0.171273
-0.171273
-0.171273
-0.171273
-0.171273
-0.171273
-0.171273
-0.171273
-0.171273
-0.171273
-0.171273
-0.171273
-0.171273
-0.171273
-0.171273
-0.171273
-0.171273
-0.171273
-0.171273
-0.171273
-0.171273
-0.171273
-0.171273
-0.171273
-0.171273
-0.171273
-0.171273
-0.171273
-0.171273
-0.171273
-0.171273
-0.171273
-0.171273
-0.171273
-0.171273
-0.171273
-0.171273
-0.171273
-0.171273
-0.171273
-0.171273
-0.171273
-0.171273
-0.171273
-0.171273
-0.171273
-0.171273
-0.171273
-0.171273
-0.171273
-0.171273
-0.171273
-0.171273
-0.171273
-0.171273
-0.171273
-0.171273
-0.171273
-0.171273
-0.171273
-0.171273
-0.171273
-0.171273
-0.171273
-0.171273
-0.171273
-0.171273
-0.171273
-0.171273
-0.171273
-0.171273
-0.171273
-0.171273
-0.171273
-0.171273
-0.171273
-0.171273
-0.171273
-0.171273
-0.171273
-0.171273
-0.171273
-0.171273
-0.171273
-0.171273
-0.171273
-0.171273
-0.171273
-0.171273
-0.171273
-0.171273
-0.171273
-0.171273
-0.171273
-0.171273
-0.171273
-0.171273
-0.171273
-0.171273
-0.171273
-0.171273
-0.171273
-0.171273
-0.171273
-0.171273
-0.171273
-0.171273
-0.171273
-0.171273
-0.171273
-0.171273
-0.171273
-0.171273
-0.171273
-0.171273
-0.171273
-0.171273
-0.171273
-0.171273
-0.171273
-0.171273
-0.171273
-0.171273
-0.171273
-0.171273
-0.171273
-0.171273
-0.171273
-0.171273
-0.171273
-0.171273
-0.171273
-0.171273
-0.171273
-0.171273
-0.171273
-0.171273
-0.171273
-0.171273
-0.171273
-0.171273
-0.171273
-0.171273
-0.171273
-0.171273
-0.171273
-0.171273
-0.171273
-0.171273
-0.171273
-0.171273
-0.171273
-0.171273
-0.171273
-0.171273
-0.171273
-0.171273
-0.171273
-0.171273
-0.171273
-0.171273
-0.0489065
-0.0489065
-0.0489065
-0.0489065
-0.0489065
-0.0489065
-0.0489065
-0.0477694
-0.0477694
-0.0448167
-0.0448167
-0.0448167
-0.0448167
-0.0448167
-0.0448167
-0.0448167
-0.0437766
-0.0437766
-0.0437766
-0.0437766
-0.0437766
-0.0437766
-0.0437766
-0.0437766
-0.0437766
-0.0437766
-0.0429741
-0.0396529
-0.0396529
-0.0396529
-0.0396529
-0.0387567
-0.0387567
-0.0387567
-0.0387567
-0.0387567
-0.0387567
-0.0387567
-0.0381605
-0.0381605
-0.0387567
-0.0381605
-0.0381605
-0.0373116
-0.0373116
-0.0338678
-0.0331548
-0.0338678
-0.0331548
-0.0331548
-0.0331548
-0.0331548
-0.0331548
-0.0327844
-0.0327844
-0.0327844
-0.0327844
-0.0327844
-0.0284031
-0.0284031
-0.0284031
-0.0284031
-0.0282212
-0.0284031
-0.0282212
-0.0282212
-0.0276434
-0.0276434
-0.0274789
-0.0274789
-0.0274789
-0.0274789
-0.0274789
-0.0274789
-0.0274789
-0.0274789
-0.0273266
-0.0267669
-0.0266292
-0.0241075
-0.0240568
-0.0240568
-0.0240568
-0.0240099
-0.0240099
-0.0240099
-0.0234732
-0.0234732
-0.0234732
-0.0234732
-0.0234732
-0.0234339
-0.0234339
-0.0234339
-0.0234339
-0.0212172
-0.0212172
-0.0212172
-0.0212172
-0.0212172
-0.0212172
-0.0212172
-0.0212172
-0.0212172
-0.0212172
-0.0212172
-0.0212172
-0.0212172
-0.0212172
-0.0212172
-0.0212172
-0.0212172
-0.0207442
-0.0207442
-0.0207442
-0.0207442
-0.0207442
-0.0207442
-0.0207442
-0.0207442
-0.0207442
-0.0207442
-0.0207442
-0.0207442
-0.0207442
-0.0207442
-0.0207442
-0.0207442
-0.0207442
-0.0202706
-0.0202706
-0.0202706
-0.0202706
-0.0202706
-0.0202706
-0.0202706
-0.0202706
-0.0202706
-0.0202706
-0.0202706
-0.0202706
-0.0202706
-0.0202706
-0.0202706
-0.0202706
-0.0197973
-0.0197973
-0.0197973
-0.0197973
-0.0197973
-0.0197973
-0.0197973
-0.0197973
-0.0197973
-0.0197973
-0.0197973
-0.0197973
-0.0197973
-0.0197973
-0.0197973
-0.0197973
-0.0197973
-0.0193253
-0.0193253
-0.0193253
-0.0193253
-0.0193253
-0.0193253
-0.0193253
-0.0193253
-0.0193253
-0.0193253
-0.0193253
-0.0193253
-0.0193253
-0.0193253
-0.0193253
-0.0193253
-0.0188546
-0.0188546
-0.0188546
-0.0188546
-0.0188546
-0.0188546
-0.0188546
-0.0188546
-0.0188546
-0.0188546
-0.0188546
-0.0188546
-0.0188546
-0.0188546
-0.0188546
-0.0188546
-0.0183846
-0.0183846
-0.0183846
-0.0183846
-0.0183846
-0.0183846
-0.0183846
-0.0183846
-0.0183846
-0.0183846
-0.0183846
-0.0183846
-0.0183846
-0.0183846
-0.0183846
-0.0179142
-0.0179142
-0.0179142
-0.0179142
-0.0179142
-0.0179142
-0.0179142
-0.0179142
-0.0179142
-0.0179142
-0.0179142
-0.0179142
-0.0179142
-0.0179142
-0.0179142
-0.0179142
-0.0179142
-0.0174426
-0.0174426
-0.0174426
-0.0174426
-0.0174426
-0.0174426
-0.0174426
-0.0174426
-0.0174426
-0.0174426
-0.0174426
-0.0174426
-0.0174426
-0.0174426
-0.0174426
-0.0169688
-0.0169688
-0.0169688
-0.0169688
-0.0169688
-0.0169688
-0.0169688
-0.0169688
-0.0169688
-0.0169688
-0.0169688
-0.0169688
-0.0169688
-0.0169688
-0.0169688
-0.0169688
-0.0164922
-0.0164922
-0.0164922
-0.0164922
-0.0164922
-0.0164922
-0.0164922
-0.0164922
-0.0164922
-0.0164922
-0.0164922
-0.0164922
-0.0164922
-0.0164922
-0.0164922
-0.0164922
-0.0160123
-0.0160123
-0.0160123
-0.0160123
-0.0160123
-0.0160123
-0.0160123
-0.0160123
-0.0160123
-0.0160123
-0.0160123
-0.0160123
-0.0160123
-0.0160123
-0.0160123
-0.0160123
-0.0155292
-0.0155292
-0.0155292
-0.0155292
-0.0155292
-0.0155292
-0.0155292
-0.0155292
-0.0155292
-0.0155292
-0.0155292
-0.0155292
-0.0155292
-0.0155292
-0.0155292
-0.0155292
-0.015043
-0.015043
-0.015043
-0.015043
-0.015043
-0.015043
-0.015043
-0.015043
-0.015043
-0.015043
-0.015043
-0.015043
-0.015043
-0.015043
-0.015043
-0.0145544
-0.0145544
-0.0145544
-0.0145544
-0.0145544
-0.0145544
-0.0145544
-0.0145544
-0.0145544
-0.0145544
-0.0145544
-0.0145544
-0.0145544
-0.0145544
-0.0145544
-0.0145544
-0.0145544
-0.0140644
-0.0140644
-0.0140644
-0.0140644
-0.0140644
-0.0140644
-0.0140644
-0.0140644
-0.0140644
-0.0140644
-0.0140644
-0.0140644
-0.0140644
-0.0140644
-0.0140644
-0.0140644
-0.0135747
-0.0135747
-0.0135747
-0.0135747
-0.0135747
-0.0135747
-0.0135747
-0.0135747
-0.0135747
-0.0135747
-0.0135747
-0.0135747
-0.0135747
-0.0135747
-0.0135747
-0.0135747
-0.013087
-0.013087
-0.013087
-0.013087
-0.013087
-0.013087
-0.013087
-0.013087
-0.013087
-0.013087
-0.013087
-0.013087
-0.013087
-0.013087
-0.013087
-0.013087
-0.0126018
-0.0126018
-0.0126018
-0.0126018
-0.0126018
-0.0126018
-0.0126018
-0.0126018
-0.0126018
-0.0126018
-0.0126018
-0.0126018
-0.0126018
-0.0126018
-0.0126018
-0.0121183
-0.0121183
-0.0121183
-0.0121183
-0.0121183
-0.0121183
-0.0121183
-0.0121183
-0.0121183
-0.0121183
-0.0121183
-0.0121183
-0.0121183
-0.0121183
-0.0121183
-0.0116347
-0.0116347
-0.0116347
-0.0116347
-0.0116347
-0.0116347
-0.0116347
-0.0116347
-0.0116347
-0.0116347
-0.0116347
-0.0116347
-0.0116347
-0.0116347
-0.0116347
-0.0111492
-0.0111492
-0.0111492
-0.0111492
-0.0111492
-0.0111492
-0.0111492
-0.0111492
-0.0111492
-0.0111492
-0.0111492
-0.0111492
-0.0111492
-0.0111492
-0.0111492
-0.0106602
-0.0106602
-0.0106602
-0.0106602
-0.0106602
-0.0106602
-0.0106602
-0.0106602
-0.0106602
-0.0106602
-0.0106602
-0.0106602
-0.0106602
-0.0106602
-0.0106602
-0.0101669
-0.0101669
-0.0101669
-0.0101669
-0.0101669
-0.0101669
-0.0101669
-0.0101669
-0.0101669
-0.0101669
-0.0101669
-0.0101669
-0.0101669
-0.0101669
-0.0101669
-0.0101669
-0.00966928
-0.00966928
-0.00966928
-0.00966928
-0.00966928
-0.00966928
-0.00966928
-0.00966928
-0.00966928
-0.00966928
-0.00966928
-0.00966928
-0.00966928
-0.00966928
-0.00966928
-0.00966928
-0.00916824
-0.00916824
-0.00916824
-0.00916824
-0.00916824
-0.00916824
-0.00916824
-0.00916824
-0.00916824
-0.00916824
-0.00916824
-0.00916824
-0.00916824
-0.00916824
-0.00916824
-0.00916824
-0.00866588
-0.00866588
-0.00866588
-0.00866588
-0.00866588
-0.00866588
-0.00866588
-0.00866588
-0.00866588
-0.00866588
-0.00866588
-0.00866588
-0.00866588
-0.00866588
-0.00866588
-0.00866588
-0.00816472
-0.00816472
-0.00816472
-0.00816472
-0.00816472
-0.00816472
-0.00816472
-0.00816472
-0.00816472
-0.00816472
-0.00816472
-0.00816472
-0.00816472
-0.00816472
-0.00816472
-0.00816472
-0.00766196
-0.00766196
-0.00766196
-0.00766196
-0.00766196
-0.00766196
-0.00766196
-0.00766196
-0.00766196
-0.00766196
-0.00766196
-0.00766196
-0.00766196
-0.00766196
-0.00766196
-0.0071494
-0.0071494
-0.0071494
-0.0071494
-0.0071494
-0.0071494
-0.0071494
-0.0071494
-0.0071494
-0.0071494
-0.0071494
-0.0071494
-0.0071494
-0.0071494
-0.0071494
-0.0071494
-0.00662144
-0.00662144
-0.00662144
-0.00662144
-0.00662144
-0.00662144
-0.00662144
-0.00662144
-0.00662144
-0.00662144
-0.00662144
-0.00662144
-0.00662144
-0.00662144
-0.00662144
-0.00662144
-0.00607636
-0.00607636
-0.00607636
-0.00607636
-0.00607636
-0.00607636
-0.00607636
-0.00607636
-0.00607636
-0.00607636
-0.00607636
-0.00607636
-0.00607636
-0.00607636
-0.00607636
-0.00607636
-0.00551427
-0.00551427
-0.00551427
-0.00551427
-0.00551427
-0.00551427
-0.00551427
-0.00551427
-0.00551427
-0.00551427
-0.00551427
-0.00551427
-0.00551427
-0.00551427
-0.00551427
-0.00551427
-0.00551427
-0.00551427
-0.00493661
-0.00493661
-0.00493661
-0.00493661
-0.00493661
-0.00493661
-0.00493661
-0.00493661
-0.00493661
-0.00493661
-0.00493661
-0.00493661
-0.00493661
-0.00493661
-0.00493661
-0.00493661
-0.00493661
-0.00434595
-0.00434595
-0.00434595
-0.00434595
-0.00434595
-0.00434595
-0.00434595
-0.00434595
-0.00434595
-0.00434595
-0.00434595
-0.00434595
-0.00434595
-0.00434595
-0.00434595
-0.00434595
-0.00434595
-0.00434595
-0.00374569
-0.00374569
-0.00374569
-0.00374569
-0.00374569
-0.00374569
-0.00374569
-0.00374569
-0.00374569
-0.00374569
-0.00374569
-0.00374569
-0.00374569
-0.00374569
-0.00374569
-0.00374569
-0.00374569
-0.00374569
-0.00313971
-0.00313971
-0.00313971
-0.00313971
-0.00313971
-0.00313971
-0.00313971
-0.00313971
-0.00313971
-0.00313971
-0.00313971
-0.00313971
-0.00313971
-0.00313971
-0.00313971
-0.00313971
-0.00313971
-0.00313971
-0.00253187
-0.00253187
-0.00253187
-0.00253187
-0.00253187
-0.00253187
-0.00253187
-0.00253187
-0.00253187
-0.00253187
-0.00253187
-0.00253187
-0.00253187
-0.00253187
-0.00253187
-0.00253187
-0.00253187
-0.00253187
-0.0019255
-0.0019255
-0.0019255
-0.0019255
-0.0019255
-0.0019255
-0.0019255
-0.0019255
-0.0019255
-0.0019255
-0.0019255
-0.0019255
-0.0019255
-0.0019255
-0.0019255
-0.0019255
-0.0019255
-0.0019255
-0.00132274
-0.00132274
-0.00132274
-0.00132274
-0.00132274
-0.00132274
-0.00132274
-0.00132274
-0.00132274
-0.00132274
-0.00132274
-0.00132274
-0.00132274
-0.00132274
-0.00132274
-0.00132274
-0.00132274
-0.000723693
-0.000723693
-0.000723693
-0.000723693
-0.000723693
-0.000723693
-0.000723693
-0.000723693
-0.000723693
-0.000723693
-0.000723693
-0.000723693
-0.000723693
-0.000723693
-0.000723693
-0.000723693
-0.000723693
-0.000723693
-0.000125766
-0.000125766
-0.000125766
-0.000125766
-0.000125766
-0.000125766
-0.000125766
-0.000125766
-0.000125766
-0.000125766
-0.000125766
-0.000125766
-0.000125766
-0.000125766
-0.000125766
-0.000125766
-0.000125766
-0.000125766
0.000474669
0.000474669
0.000474669
0.000474669
0.000474669
0.000474669
0.000474669
0.000474669
0.000474669
0.000474669
0.000474669
0.000474669
0.000474669
0.000474669
0.000474669
0.000474669
0.000474669
0.00107837
0.00107837
0.00107837
0.00107837
0.00107837
0.00107837
0.00107837
0.00107837
0.00107837
0.00107837
0.00107837
0.00107837
0.00107837
0.00107837
0.00107837
0.00107837
0.00107837
0.00168354
0.00168354
0.00168354
0.00168354
0.00168354
0.00168354
0.00168354
0.00168354
0.00168354
0.00168354
0.00168354
0.00168354
0.00168354
0.00168354
0.00168354
0.00168354
0.00168354
0.00168354
0.0022887
0.0022887
0.0022887
0.0022887
0.0022887
0.0022887
0.0022887
0.0022887
0.0022887
0.0022887
0.0022887
0.0022887
0.0022887
0.0022887
0.0022887
0.0022887
0.0022887
0.0022887
0.0028933
0.0028933
0.0028933
0.0028933
0.0028933
0.0028933
0.0028933
0.0028933
0.0028933
0.0028933
0.0028933
0.0028933
0.0028933
0.0028933
0.0028933
0.0028933
0.00349761
0.00349761
0.00349761
0.00349761
0.00349761
0.00349761
0.00349761
0.00349761
0.00349761
0.00349761
0.00349761
0.00349761
0.00349761
0.00349761
0.00349761
0.00349761
0.00349761
0.00349761
0.00349761
0.00410265
0.00410265
0.00410265
0.00410265
0.00410265
0.00410265
0.00410265
0.00410265
0.00410265
0.00410265
0.00410265
0.00410265
0.00410265
0.00410265
0.00410265
0.00410265
0.00410265
0.00410265
0.00471006
0.00471006
0.00471006
0.00471006
0.00471006
0.00471006
0.00471006
0.00471006
0.00471006
0.00471006
0.00471006
0.00471006
0.00471006
0.00471006
0.00471006
0.00471006
0.00471006
-0.000723693
0.00532196
0.00532196
0.00532196
0.00532196
0.00532196
0.00532196
0.00532196
0.00532196
0.00532196
0.00532196
0.00532196
0.00532196
0.00532196
0.00532196
0.00532196
0.00471006
0.00594079
0.00594079
0.00594079
0.00594079
0.00594079
0.00594079
0.00594079
0.00594079
0.00594079
0.00594079
0.00594079
0.00594079
0.00594079
0.00594079
0.00594079
0.00594079
0.00594079
0.00656907
0.00656907
0.00656907
0.00656907
0.00656907
0.00656907
0.00656907
0.00656907
0.00656907
0.00656907
0.00656907
0.00656907
0.00656907
0.00656907
0.00656907
0.00656907
0.00656907
0.00720918
0.00720918
0.00720918
0.00720918
0.00720918
0.00720918
0.00720918
0.00720918
0.00720918
0.00720918
0.00720918
0.00720918
0.00720918
0.00720918
0.00720918
0.00720918
0.00720918
0.00786302
0.00786302
0.00786302
0.00786302
0.00786302
0.00786302
0.00786302
0.00786302
0.00786302
0.00786302
0.00786302
0.00786302
0.00786302
0.00786302
0.00786302
0.00786302
0.00786302
0.00786302
0.00853166
0.00853166
0.00853166
0.00853166
0.00853166
0.00853166
0.00853166
0.00853166
0.00853166
0.00853166
0.00853166
0.00853166
0.00853166
0.00853166
0.00853166
0.00853166
0.00853166
0.00853166
0.00853166
0.00853166
0.00921491
0.00921491
0.00921491
0.00921491
0.00921491
0.00921491
0.00921491
0.00921491
0.00921491
0.00921491
0.00921491
0.00921491
0.00921491
0.00921491
0.00921491
0.00921491
0.00921491
0.00921491
0.00921491
0.00991091
0.00991091
0.00991091
0.00991091
0.00991091
0.00991091
0.00991091
0.00991091
0.00991091
0.00991091
0.00991091
0.00991091
0.00991091
0.00991091
0.00991091
0.00991091
0.00991091
0.00991091
0.00991091
0.0106169
0.0106169
0.0106169
0.0106169
0.0106169
0.0106169
0.0106169
0.0106169
0.0106169
0.0106169
0.0106169
0.0106169
0.0106169
0.0106169
0.0106169
0.0106169
0.0106169
0.0106169
0.0106169
0.0106169
0.0113308
0.0113308
0.0113308
0.0113308
0.0113308
0.0113308
0.0113308
0.0113308
0.0113308
0.0113308
0.0113308
0.0113308
0.0113308
0.0113308
0.0113308
0.0113308
0.0113308
0.0113308
0.0113308
0.0120523
0.0120523
0.0120523
0.0120523
0.0120523
0.0120523
0.0120523
0.0120523
0.0120523
0.0120523
0.0120523
0.0120523
0.0120523
0.0120523
0.0120523
0.0120523
0.0120523
0.0120523
0.0120523
0.0127828
0.0127828
0.0127828
0.0127828
0.0127828
0.0127828
0.0127828
0.0127828
0.0127828
0.0127828
0.0127828
0.0127828
0.0127828
0.0127828
0.0127828
0.0127828
0.0127828
0.0127828
0.0127828
0.0127828
0.0135249
0.0135249
0.0135249
0.0135249
0.0135249
0.0135249
0.0135249
0.0135249
0.0135249
0.0135249
0.0135249
0.0135249
0.0135249
0.0135249
0.0135249
0.0135249
0.0135249
0.0135249
0.0135249
0.0142824
0.0142824
0.0142824
0.0142824
0.0142824
0.0142824
0.0142824
0.0142824
0.0142824
0.0142824
0.0142824
0.0142824
0.0142824
0.0142824
0.0142824
0.0142824
0.0142824
0.0142824
0.0142824
0.0142824
0.0142824
0.0150596
0.0150596
0.0150596
0.0150596
0.0150596
0.0150596
0.0150596
0.0150596
0.0150596
0.0150596
0.0150596
0.0150596
0.0150596
0.0150596
0.0150596
0.0150596
0.0150596
0.0150596
0.0150596
0.0150596
0.0150596
0.0158613
0.0158613
0.0158613
0.0158613
0.0158613
0.0158613
0.0158613
0.0158613
0.0158613
0.0158613
0.0158613
0.0158613
0.0158613
0.0158613
0.0158613
0.0158613
0.0158613
0.0158613
0.0158613
0.0158613
0.0158613
0.0166917
0.0166917
0.0166917
0.0166917
0.0166917
0.0166917
0.0166917
0.0166917
0.0166917
0.0166917
0.0166917
0.0166917
0.0166917
0.0166917
0.0166917
0.0166917
0.0166917
0.0166917
0.0166917
0.0166917
0.0166917
0.0166917
0.017554
0.017554
0.017554
0.017554
0.017554
0.017554
0.017554
0.017554
0.017554
0.017554
0.017554
0.017554
0.017554
0.017554
0.017554
0.017554
0.017554
0.017554
0.017554
0.017554
0.017554
0.017554
0.01845
0.01845
0.01845
0.01845
0.01845
0.01845
0.01845
0.01845
0.01845
0.01845
0.01845
0.01845
0.01845
0.01845
0.01845
0.01845
0.01845
0.01845
0.01845
0.01845
0.01845
0.01845
0.0193781
0.0193781
0.0193781
0.0193781
0.0193781
0.0193781
0.0193781
0.0193781
0.0193781
0.0193781
0.0193781
0.0193781
0.0193781
0.0193781
0.0193781
0.0193781
0.0193781
0.0193781
0.0193781
0.0193781
0.0193781
0.0193781
0.0193781
0.0203341
0.0203341
0.0203341
0.0203341
0.0203341
0.0203341
0.0203341
0.0203341
0.0203341
0.0203341
0.0203341
0.0203341
0.0203341
0.0203341
0.0203341
0.0203341
0.0203341
0.0203341
0.0203341
0.0203341
0.0203341
0.0203341
0.0203341
0.0203341
0.0213147
0.0213147
0.0213147
0.0213147
0.0213147
0.0213147
0.0213147
0.0213147
0.0213147
0.0213147
0.0213147
0.0213147
0.0213147
0.0213147
0.0213147
0.0213147
0.0213147
0.0213147
0.0213147
0.0213147
0.0213147
0.0213147
0.0213147
0.0213147
0.0213147
0.0213147
0.0223221
0.0223221
0.0223221
0.0223221
0.0223221
0.0223221
0.0223221
0.0223221
0.0223221
0.0223221
0.0223221
0.0223221
0.0223221
0.0223221
0.0223221
0.0223221
0.0223221
0.0223221
0.0223221
0.0223221
0.0223221
0.0223221
0.0223221
0.0223221
0.0223221
0.0233604
0.0233604
0.0233604
0.0233604
0.0233604
0.0233604
0.0233604
0.0233604
0.0233604
0.0233604
0.0233604
0.0233604
0.0233604
0.0233604
0.0233604
0.0233604
0.0233604
0.0233604
0.0233604
0.0233604
0.0233604
0.0233604
0.0233604
0.0233604
0.0233604
0.0233604
0.0244309
0.0244309
0.0244309
0.0244309
0.0244309
0.0244309
0.0244309
0.0244309
0.0244309
0.0244309
0.0244309
0.0244309
0.0244309
0.0244309
0.0244309
0.0244309
0.0244309
0.0244309
0.0244309
0.0244309
0.0244309
0.0244309
0.0244309
0.0244309
0.0244309
0.0244309
0.0244309
0.0255321
0.0255321
0.0255321
0.0255321
0.0255321
0.0255321
0.0255321
0.0255321
0.0255321
0.0255321
0.0255321
0.0255321
0.0255321
0.0255321
0.0255321
0.0255321
0.0255321
0.0255321
0.0255321
0.0255321
0.0255321
0.0255321
0.0255321
0.0255321
0.0255321
0.0255321
0.0255321
0.0255321
0.0266605
0.0266605
0.0266605
0.0266605
0.0266605
0.0266605
0.0266605
0.0266605
0.0266605
0.0266605
0.0266605
0.0266605
0.0266605
0.0266605
0.0266605
0.0266605
0.0266605
0.0266605
0.0266605
0.0266605
0.0266605
0.0266605
0.0266605
0.0266605
0.0266605
0.0266605
0.0266605
0.0278114
0.0278114
0.0278114
0.0278114
0.0278114
0.0278114
0.0278114
0.0278114
0.0278114
0.0278114
0.0278114
0.0278114
0.0278114
0.0278114
0.0278114
0.0278114
0.0278114
0.0278114
0.0278114
0.0278114
0.0278114
0.0278114
0.0278114
0.0278114
0.0278114
0.0278114
0.0278114
0.0278114
0.0278114
0.0289801
0.0289801
0.0289801
0.0289801
0.0289801
0.0289801
0.0289801
0.0289801
0.0289801
0.0289801
0.0289801
0.0289801
0.0289801
0.0289801
0.0289801
0.0289801
0.0289801
0.0289801
0.0289801
0.0289801
0.0289801
0.0289801
0.0289801
0.0289801
0.0289801
0.0289801
0.0289801
0.030163
0.030163
0.030163
0.030163
0.030163
0.030163
0.030163
0.030163
0.030163
0.030163
0.030163
0.030163
0.030163
0.030163
0.030163
0.030163
0.030163
0.030163
0.030163
0.030163
0.030163
0.030163
0.030163
0.030163
0.030163
0.030163
0.0313592
0.0313592
0.0313592
0.0313592
0.0313592
0.0313592
0.0313592
0.0313592
0.0313592
0.0313592
0.0313592
0.0313592
0.0313592
0.0313592
0.0313592
0.0313592
0.0313592
0.0313592
0.0313592
0.0313592
0.0313592
0.0313592
0.0313592
0.0313592
0.0313592
0.0325711
0.0325711
0.0325711
0.0325711
0.0325711
0.0325711
0.0325711
0.0325711
0.0325711
0.0325711
0.0325711
0.0325711
0.0325711
0.0325711
0.0325711
0.0325711
0.0325711
0.0325711
0.0325711
0.0325711
0.0325711
0.0325711
0.0325711
0.0325711
0.0325711
0.0325711
0.0325711
0.0325711
0.0325711
0.0338019
0.0338019
0.0338019
0.0338019
0.0338019
0.0338019
0.0338019
0.0338019
0.0338019
0.0338019
0.0338019
0.0338019
0.0338019
0.0338019
0.0338019
0.0338019
0.0338019
0.0338019
0.0338019
0.0338019
0.0338019
0.0338019
0.0338019
0.0338019
0.0338019
0.0338019
0.0350531
0.0350531
0.0350531
0.0350531
0.0350531
0.0350531
0.0350531
0.0350531
0.0350531
0.0350531
0.0350531
0.0350531
0.0350531
0.0350531
0.0350531
0.0350531
0.0350531
0.0350531
0.0350531
0.0350531
0.0350531
0.0350531
0.0350531
0.0350531
0.0350531
0.0350531
0.0363241
0.0363241
0.0363241
0.0363241
0.0363241
0.0363241
0.0363241
0.0363241
0.0363241
0.0363241
0.0363241
0.0363241
0.0363241
0.0363241
0.0363241
0.0363241
0.0363241
0.0363241
0.0363241
0.0363241
0.0363241
0.0363241
0.0363241
0.0363241
0.0363241
0.0363241
0.0363241
0.0376131
0.0376131
0.0376131
0.0376131
0.0376131
0.0376131
0.0376131
0.0376131
0.0376131
0.0376131
0.0376131
0.0376131
0.0376131
0.0376131
0.0376131
0.0376131
0.0376131
0.0376131
0.0376131
0.0376131
0.0376131
0.0376131
0.0376131
0.0376131
0.0376131
0.0376131
0.0389172
0.0389172
0.0389172
0.0389172
0.0389172
0.0389172
0.0389172
0.0389172
0.0389172
0.0389172
0.0389172
0.0389172
0.0389172
0.0389172
0.0389172
0.0389172
0.0389172
0.0389172
0.0389172
0.0389172
0.0389172
0.0389172
0.0389172
0.0389172
0.0389172
0.0389172
0.0402339
0.0402339
0.0402339
0.0402339
0.0402339
0.0402339
0.0402339
0.0402339
0.0402339
0.0402339
0.0402339
0.0402339
0.0402339
0.0402339
0.0402339
0.0402339
0.0402339
0.0402339
0.0402339
0.0402339
0.0402339
0.0402339
0.0402339
0.0402339
0.0415607
0.0415607
0.0415607
0.0415607
0.0415607
0.0415607
0.0415607
0.0415607
0.0415607
0.0415607
0.0415607
0.0415607
0.0415607
0.0415607
0.0415607
0.0415607
0.0415607
0.0415607
0.0415607
0.0415607
0.0415607
0.0415607
0.0415607
0.0415607
0.0415607
0.042897
0.042897
0.042897
0.042897
0.042897
0.042897
0.042897
0.042897
0.042897
0.042897
0.042897
0.042897
0.042897
0.042897
0.042897
0.042897
0.042897
0.042897
0.042897
0.042897
0.042897
0.042897
0.042897
0.042897
0.042897
0.042897
0.0442431
0.0442431
0.0442431
0.0442431
0.0442431
0.0442431
0.0442431
0.0442431
0.0442431
0.0442431
0.0442431
0.0442431
0.0442431
0.0442431
0.0442431
0.0442431
0.0442431
0.0442431
0.0442431
0.0442431
0.0442431
0.0442431
0.0442431
0.0442431
0.0442431
0.0455986
0.0455986
0.0455986
0.0455986
0.0455986
0.0455986
0.0455986
0.0455986
0.0455986
0.0455986
0.0455986
0.0455986
0.0455986
0.0455986
0.0455986
0.0455986
0.0455986
0.0455986
0.0455986
0.0455986
0.0455986
0.0455986
0.0455986
0.0455986
0.0469615
0.0469615
0.0469615
0.0469615
0.0469615
0.0469615
0.0469615
0.0469615
0.0469615
0.0469615
0.0469615
0.0469615
0.0469615
0.0469615
0.0469615
0.0469615
0.0469615
0.0469615
0.0469615
0.0469615
0.0469615
0.0512336
0.0512609
0.0513567
0.0513567
0.0513939
0.0513939
0.0528089
0.0527675
0.0528089
0.0528089
0.0528089
0.0528089
0.0528537
0.0528537
0.0528537
0.052902
0.052902
0.0529541
0.0689486
0.0689486
0.0689486
0.0694666
0.0713831
0.064945
0.0713831
0.0713831
0.0720021
0.0720021
0.0713831
0.0720021
0.0733446
0.0733446
0.0733446
0.0740294
0.0740294
0.0753525
0.0761098
0.0761098
0.0761098
0.0782453
0.0782453
0.0791491
0.0804394
0.0804394
0.0960398
0.0960398
0.117022
0.117022
0.117022
0.117022
0.117022
0.117022
0.117022
0.117022
0.117022
0.117022
0.117985
0.117985
0.117985
0.122392
0.122392
0.122392
0.123326
0.123326
0.124215
0.128124
0.111956
0.136848
0.13603
0.13603
0.13603
0.135172
0.135172
0.135172
0.135172
0.135172
0.135172
0.13603
0.13603
0.13603
0.13603
0.136848
0.136848
0.137629
0.101385
0.103612
0.123326
0.118901
0.118901
0.117985
0.117985
