-0.0915849
-0.090589
-0.0895931
-0.0885972
-0.0876012
-0.0866053
-0.0856094
-0.0846135
-0.0836175
-0.0826216
-0.0816257
-0.0806298
-0.0796339
-0.0786379
-0.077642
-0.0766461
-0.0756502
-0.0746543
-0.0736583
-0.0726624
-0.0716665
-0.0706706
-0.0696746
-0.0686787
-0.0676828
-0.0666869
-0.065691
-0.064695
-0.0636991
-0.0627032
-0.0617073
-0.0607114
-0.0597154
-0.0587195
-0.0577236
-0.0567277
-0.0557317
-0.0547358
-0.0537399
-0.052744
-0.0517481
-0.0507521
-0.0497562
-0.0487603
-0.0477644
-0.0467684
-0.0457725
-0.0447766
-0.0437807
-0.0427848
-0.0417888
-0.0407929
-0.039797
-0.0388011
-0.0378052
-0.0368092
-0.0358133
-0.0348174
-0.0338215
-0.0328255
-0.0318296
-0.0308337
-0.0298378
-0.0288419
-0.0278459
-0.02685
-0.0258541
-0.0248582
-0.0238623
-0.0228663
-0.0218704
-0.0208745
-0.0198786
-0.0188826
-0.0178867
-0.0168908
-0.0158949
-0.014899
-0.013903
-0.0129071
-0.0119112
-0.0109153
-0.00991935
-0.00892343
-0.00792751
-0.00693159
-0.00593567
-0.00493974
-0.00394382
-0.0029479
-0.00195198
-0.000956059
3.98629e-05
0.00103578
0.00203171
0.00302763
0.00402355
0.00501947
0.00601539
0.00701131
0.00800724
0.00900316
0.00999908
0.010995
0.0119909
0.0129868
0.0139828
0.0149787
0.0159746
0.0169705
0.0179665
0.0189624
0.0199583
0.0209542
0.0219501
0.0229461
0.023942
0.0249379
0.0259338
0.0269297
0.0279257
0.0289216
0.0299175
0.0309134
0.0319094
0.0329053
0.0339012
0.0348971
0.035893
0.036889
0.0378849
0.0388808
0.0398767
0.0408726
0.0418686
0.0428645
0.0438604
0.0448563
0.0458523
0.0468482
0.0478441
0.04884
0.0498359
0.0508319
0.0518278
0.0528237
0.0538196
0.0548155
0.0558115
0.0568074
0.0578033
0.0587992
0.0597952
0.0607911
0.061787
0.0627829
0.0637788
0.0647748
0.0657707
0.0667666
0.0677625
0.0687584
0.0697544
0.0707503
0.0717462
0.0727421
0.0737381
0.074734
0.0757299
0.0767258
0.0777217
0.0787177
0.0797136
0.0807095
0.0817054
0.0827014
0.0836973
0.0846932
0.0856891
0.086685
0.087681
0.0886769
0.0896728
0.0906687
0.0916646
0.0926606
0.0936565
0.0946524
0.0956483
0.0966443
0.0976402
0.0986361
0.099632
0.100628
0.101624
