-4.55788
-4.55788
-4.55788
-4.55788
-4.55788
-4.55788
-4.55788
-4.55788
-4.55788
-4.55788
-4.55788
-4.55788
-4.55788
-4.55788
-4.55788
-4.55788
-4.55788
-4.55788
-4.55788
-4.55788
-4.55788
-4.55788
-4.55788
-4.55788
-4.55788
-4.55788
-4.55788
-4.55788
-4.55788
-4.55788
-4.55788
-4.55788
-4.55788
-4.55788
-4.55788
-4.55788
-4.55788
-4.55788
-4.55788
-4.55788
-4.55788
-4.55788
-4.55788
-4.55788
-4.55788
-4.55788
-4.55788
-4.55788
-4.55788
-4.55788
-4.55788
-4.55788
-4.55788
-4.55788
-4.55788
-4.55788
-4.55788
-4.55788
-4.55788
-4.55788
-4.55788
-4.55788
-4.55788
-4.55788
-4.55788
-4.55788
-4.55788
-4.55788
-4.55788
-4.55788
-4.55788
-4.55788
-4.55788
-4.55788
-4.55788
-4.55788
-4.55788
-4.55788
-4.55788
-4.55788
-4.55788
-4.55788
-4.55788
-4.55788
-4.55788
-4.55788
-4.55788
-4.55788
-4.55788
-4.55788
-4.55788
-4.55788
-4.55788
-4.55788
-4.55788
-4.55788
-4.55788
-4.55788
-4.55788
-4.55788
-4.55788
-4.55788
-4.55788
-4.55788
-4.55788
-4.55788
-4.55788
-4.55788
-4.55788
-4.55788
-4.55788
-4.55788
-4.55788
-4.55788
-4.55788
-4.55788
-4.55788
-4.55788
-4.55788
-4.55788
-4.55788
-4.55788
-4.55788
-4.55788
-4.55788
-4.55788
-4.55788
-4.55788
-4.55788
-4.55788
-4.55788
-4.55788
-4.55788
-4.55788
-4.55788
-4.55788
-4.55788
-4.55788
-4.55788
-4.55788
-4.55788
-4.55788
-4.55788
-4.55788
-4.55788
-4.55788
-4.55788
-4.55788
-4.55788
-4.55788
-4.55788
-4.55788
-4.55788
-4.55788
-4.55788
-4.55788
-4.55788
-4.55788
-4.55788
-4.55788
-4.55788
-4.55788
-4.55788
-4.55788
-4.55788
-4.55788
-4.55788
-4.55788
-4.55788
-4.55788
-4.55788
-4.55788
-4.55788
-4.55788
-4.55788
-4.55788
-4.55788
-4.55788
-4.55788
-4.55788
-4.55788
-4.55788
-4.55788
-4.55788
-4.55788
-4.55788
-4.55788
-4.55788
-4.55788
-4.55788
-4.55788
-4.55788
-4.55788
-4.55788
-4.55788
-4.55788
-4.55788
-4.55788
-4.55788
-4.55788
-4.55788
-4.55788
-4.55788
-4.55788
-4.55788
-4.55788
-4.55788
-4.55788
-4.55788
-4.55788
-4.55788
-4.55788
-4.55788
-4.55788
-4.55788
-4.55788
-4.55788
-4.55788
-4.55788
-4.55788
-4.55788
-4.55788
-4.55788
-4.55788
-4.55788
-4.55788
-4.55788
-4.55788
-4.55788
-4.55788
-4.55788
-4.55788
-4.55788
-4.55788
-4.55788
-4.55788
-4.55788
-4.55788
-4.55788
-4.55788
-4.55788
-4.55788
-4.55788
-4.55788
-4.55788
-4.55788
-4.55788
-4.55788
-4.55788
-4.55788
-4.55788
-4.55788
-4.55788
-4.55788
-4.55788
-4.55788
-4.55788
-4.55788
-4.55788
-4.55788
-4.55788
-4.55788
-4.55788
-4.55788
-4.55788
-4.55788
-4.55788
-4.55788
-4.55788
-4.55788
-4.55788
-4.55788
-4.55788
-4.55788
-4.55788
-4.55788
-4.55788
-4.55788
-4.55788
-4.55788
-4.55788
-4.55788
-4.55788
-4.55788
-4.55788
-4.55788
-4.55788
-4.55788
-4.55788
-4.55788
-4.55788
-4.55788
-4.55788
-4.55788
-4.55788
-4.55788
-4.55788
-4.55788
-4.55788
-4.55788
-4.55788
-4.55788
-4.55788
-4.55788
-4.55788
-4.55788
-4.55788
-4.55788
-4.55788
-4.55788
-4.55788
-4.55788
-4.55788
-4.55788
-4.55788
-4.55788
-4.55788
-4.55788
-4.55788
-4.55788
-4.55788
-4.55788
-4.55788
-4.55788
-4.55788
-4.55788
-4.55788
-4.55788
-4.55788
-4.55788
-4.55788
-4.55788
-4.55788
-4.55788
-4.55788
-4.55788
-4.55788
-4.55788
-4.55788
-4.55788
-4.55788
-4.55788
-4.55788
-4.55788
-4.55788
-4.55788
-4.55788
-4.55788
-4.55788
-4.55788
-4.55788
-4.55788
-4.55788
-4.55788
-4.55788
-4.55788
-4.55788
-4.55788
-4.55788
-4.55788
-4.55788
-4.55788
-4.55788
-4.55788
-4.55788
-4.55788
-4.55788
-4.55788
-4.55788
-4.55788
-4.55788
-4.55788
-4.55788
-4.55788
-4.55788
-4.55788
-4.55788
-4.55788
-4.55788
-4.55788
-4.55788
-4.55788
-4.55788
-4.55788
-4.55788
-4.55788
-4.55788
-4.55788
-4.55788
-4.55788
-4.55788
-4.55788
-4.55788
-4.55788
-4.55788
-4.55788
-4.55788
-4.55788
-4.55788
-4.55788
-4.55788
-4.55788
-4.55788
-4.55788
-4.55788
-4.55788
-4.55788
-4.55788
-4.55788
-4.55788
-4.55788
-4.55788
-4.55788
-4.55788
-4.55788
-4.55788
-4.55788
-4.55788
-4.55788
-4.55788
-4.55788
-4.55788
-4.55788
-4.55788
-4.55788
-4.55788
-4.55788
-4.55788
-4.55788
-4.55788
-4.55788
-4.55788
-4.55788
-4.55788
-4.55788
-4.55788
-4.55788
-4.55788
-4.55788
-4.55788
-4.55788
-4.55788
-4.55788
-4.55788
-4.55788
-4.55788
-4.55788
-4.55788
-4.55788
-4.55788
-4.55788
-4.55788
-4.55788
-4.55788
-4.55788
-4.55788
-4.55788
-4.55788
-4.55788
-4.55788
-4.55788
-4.55788
-4.55788
-4.55788
-4.55788
-4.55788
-4.55788
-4.55788
-4.55788
-4.55788
-4.55788
-4.55788
-4.55788
-4.55788
-4.55788
-4.55788
-4.55788
-4.55788
-4.55788
-4.55788
-4.55788
-4.55788
-4.55788
-4.55788
-4.55788
-4.55788
-4.55788
-4.55788
-4.55788
-4.55788
-4.55788
-4.55788
-4.55788
-4.55788
-4.55788
-4.55788
-4.55788
-4.55788
-4.55788
-4.55788
-4.55788
-4.55788
-4.55788
-4.55788
-4.55788
-4.55788
-4.55788
-4.55788
-4.55788
-4.55788
-4.55788
-4.55788
-4.55788
-4.55788
-4.55788
-4.55788
-4.55788
-4.55788
-4.55788
-4.55788
-4.55788
-4.55788
-4.55788
-4.55788
-4.55788
-4.55788
-4.55788
-4.55788
-4.55788
-4.55788
-4.55788
-4.55788
-4.55788
-4.55788
-4.55788
-4.55788
-4.55788
-4.55788
-4.55788
-4.55788
-4.55788
-4.55788
-4.55788
-4.55788
-4.55788
-4.55788
-4.55788
-4.55788
-4.55788
-4.55788
-4.55788
-4.55788
-4.55788
-4.55788
-4.55788
-4.55788
-4.55788
-4.55788
-4.55788
-4.55788
-4.55788
-4.55788
-4.55788
-4.55788
-4.55788
-4.55788
-4.55788
-4.55788
-4.55788
-4.55788
-4.55788
-4.55788
-4.55788
-4.55788
-4.55788
-4.55788
-4.55788
-4.55788
-4.55788
-4.55788
-4.55788
-4.55788
-4.55788
-4.55788
-4.55788
-4.55788
-4.55788
-4.55788
-4.55788
-4.55788
-4.55788
-4.55788
-4.55788
-4.55788
-4.55788
-4.55788
-4.55788
-4.55788
-4.55788
-4.55788
-4.55788
-4.55788
-4.55788
-4.55788
-4.55788
-4.55788
-4.55788
-4.55788
-4.55788
-4.55788
-4.55788
-4.55788
-4.55788
-4.55788
-4.55788
-4.55788
-4.55788
-4.55788
-4.55788
-4.55788
-4.55788
-4.55788
-4.55788
-4.55788
-4.55788
-4.55788
-4.55788
-4.55788
-4.55788
-4.55788
-4.55788
-4.55788
-4.55788
-4.55788
-4.55788
-4.55788
-4.55788
-4.55788
-4.55788
-4.55788
-4.55788
-4.55788
-4.55788
-4.55788
-4.55788
-4.55788
-4.55788
-4.55788
-4.55788
-4.55788
-4.55788
-4.55788
-4.55788
-4.55788
-4.55788
-4.55788
-4.55788
-4.55788
-4.55788
-4.55788
-4.55788
-4.55788
-4.55788
-4.55788
-4.55788
-4.55788
-4.55788
-4.55788
-4.55788
-4.55788
-4.55788
-4.55788
-4.55788
-4.55788
-4.55788
-4.55788
-4.55788
-4.55788
-4.55788
-4.55788
-4.55788
-4.55788
-4.55788
-4.55788
-4.55788
-4.55788
-4.55788
-4.55788
-4.55788
-4.55788
-4.55788
-4.55788
-4.55788
-4.55788
-4.55788
-4.55788
-4.55788
-4.55788
-4.55788
-4.55788
-4.55788
-4.55788
-4.55788
-4.55788
-4.55788
-4.55788
-4.55788
-4.55788
-4.55788
-4.55788
-4.55788
-4.55788
-4.55788
-4.55788
-4.55788
-4.55788
-4.55788
-4.55788
-4.55788
-4.55788
-4.55788
-4.55788
-4.55788
-4.55788
-4.55788
-4.55788
-4.55788
-4.55788
-4.55788
-4.55788
-4.55788
-4.55788
-4.55788
-4.55788
-4.55788
-4.55788
-4.55788
-4.55788
-4.55788
-4.55788
-4.55788
-4.55788
-4.55788
-4.55788
-4.55788
-4.55788
-4.55788
-4.55788
-4.55788
-4.55788
-4.55788
-4.55788
-4.55788
-4.55788
-4.55788
-4.55788
-4.55788
-4.55788
-4.55788
-4.55788
-4.55788
-4.55788
-4.55788
-4.55788
-4.55788
-4.55788
-4.55788
-4.55788
-4.55788
-4.55788
-4.55788
-4.55788
-4.55788
-4.55788
-4.55788
-4.55788
-4.55788
-4.55788
-4.55788
-4.55788
-4.55788
-4.55788
-4.55788
-4.55788
-4.55788
-4.55788
-4.55788
-4.55788
-4.55788
-4.55788
-4.55788
-4.55788
-4.55788
-4.55788
-4.55788
-4.55788
-4.55788
-4.55788
-4.55788
-4.55788
-4.55788
-4.55788
-4.55788
-4.55788
-4.55788
-4.55788
-4.55788
-4.55788
-4.55788
-4.55788
-4.55788
-4.55788
-4.55788
-4.55788
-4.55788
-4.55788
-4.55788
-4.55788
-4.55788
-4.55788
-4.55788
-4.55788
-4.55788
-4.55788
-4.55788
-4.55788
-4.55788
-4.55788
-4.55788
-4.55788
-4.55788
-4.55788
-4.55788
-4.55788
-4.55788
-4.55788
-4.55788
-4.55788
-4.55788
-4.55788
-4.55788
-4.55788
-4.55788
-4.55788
-4.55788
-4.55788
-4.55788
-4.55788
-4.55788
-4.55788
-4.55788
-4.55788
-4.55788
-4.55788
-4.55788
-4.55788
-4.55788
-4.55788
-4.55788
-4.55788
-4.55788
-4.55788
-4.55788
-4.55788
-4.55788
-4.55788
-4.55788
-4.55788
-4.55788
-4.55788
-4.55788
-4.55788
-4.55788
-4.55788
-4.55788
-4.55788
-4.55788
-4.55788
-4.55788
-4.55788
-4.55788
-4.55788
-4.55788
-4.55788
-4.55788
-4.55788
-4.55788
-4.55788
-4.55788
-4.55788
-4.55788
-4.55788
-4.55788
-4.55788
-4.55788
-4.55788
-4.55788
-4.55788
-4.55788
-4.55788
-4.55788
-4.55788
-4.55788
-4.55788
-4.55788
-4.55788
-4.55788
-4.55788
-4.55788
-4.55788
-4.55788
-4.55788
-4.55788
-4.55788
-4.55788
-4.55788
-4.55788
-4.55788
-4.55788
-4.55788
-4.55788
-4.55788
-4.55788
-4.55788
-4.55788
-4.55788
-4.55788
-4.55788
-4.55788
-4.55788
-4.55788
-4.55788
-4.55788
-4.55788
-4.55788
-4.55788
-4.55788
-4.55788
-4.55788
-4.55788
-4.55788
-4.55788
-4.55788
-4.55788
-4.55788
-4.55788
-4.55788
-4.55788
-4.55788
-4.55788
-4.55788
-4.55788
-4.55788
-4.55788
-4.55788
-4.55788
-4.55788
-4.55788
-4.55788
-4.55788
-4.55788
-4.55788
-4.55788
-4.55788
-4.55788
-4.55788
-4.55788
-4.55788
-4.55788
-4.55788
-4.55788
-4.55788
-4.55788
-4.55788
-4.55788
-4.55788
-4.55788
-4.55788
-4.55788
-4.55788
-4.55788
-4.55788
-4.55788
-4.55788
-4.55788
-4.55788
-4.55788
-4.55788
-4.55788
-4.55788
-4.55788
-4.55788
-4.55788
-4.55788
-4.55788
-4.55788
-4.55788
-4.55788
-4.55788
-4.55788
0.000814844
0.149286
-0.000499807
-2.5145e-05
0.998469
0.997568
0.0213511
0.996335
0.0811944
0.0168825
1.00038
0.997568
-0.000357715
0.413739
0.998469
0.197272
0.998161
0.0115126
0.000269723
1.00038
0.0608335
1.00038
0.152521
1.00169
0.00501841
0.322529
0.998469
0.996335
1.00169
0.895859
0.00556663
0.139012
0.0196122
0.0105965
1.00169
0.623213
0.00257131
0.998891
0.0136178
0.996335
0.220425
0.718971
0.997568
0.0168825
0.000814844
0.997568
0.997568
-0.000755767
0.000530169
1.00038
0.997568
-0.000609327
0.997568
0.824037
0.998804
0.998469
0.20209
1.00169
0.998891
-0.000609327
1.00038
0.547117
0.998804
0.00501841
0.997568
0.998161
0.189247
0.997568
0.101091
0.0959371
0.998891
0.00815157
0.50039
0.998161
0.996335
0.0136178
0.197272
-0.000209472
0.0822946
0.997568
0.197272
0.00553688
0.0156944
0.0105965
0.118848
1.00038
0.997568
0.0231955
0.59148
-0.000366822
0.0164298
0.998891
0.000814844
0.137668
1.00038
0.996335
0.998161
1.00038
-0.000499807
0.179824
0.219568
0.0145673
0.998161
0.998469
0.124131
-0.000499807
1.00169
0.0494783
0.998804
-0.000716293
0.000189876
0.269469
0.975138
1.00169
0.00398697
0.996335
0.0251496
0.0010216
0.00304419
1.00169
0.998161
0.125244
1.00038
0.998469
0.0196122
0.14641
0.488356
0.997568
0.998804
0.998469
0.998469
0.0769293
0.375062
0.118848
0.476218
0.0156944
0.0035919
0.0655579
0.0181347
0.139012
0.10631
-0.000209472
0.395205
0.000530169
0.998804
0.282676
0.997568
0.0238341
1.00169
0.0136178
0.996335
0.170857
0.124791
0.0134968
3.39058e-05
0.998469
0.00553688
0.000189876
0.998891
0.6128
0.997568
0.0035919
0.535629
0.998161
0.997568
0.0581234
0.025448
0.17086
0.998804
0.998161
0.00304419
0.00714103
0.463955
-2.5145e-05
0.0010216
0.00305707
-0.000789929
-0.000366822
0.998161
0.00900366
-0.000628843
-0.000628843
0.0960509
-2.5145e-05
0.00714103
0.996335
0.997568
0.997568
0.997568
0.0778217
0.998161
1.00038
0.0035919
0.998891
0.996335
0.602185
0.00398697
0.998469
0.997568
0.998804
0.0960317
0.996335
0.00418084
0.269479
0.998469
0.998161
0.128725
0.996335
-0.000628843
0.0803747
-0.000357715
0.998891
0.0181347
0.998469
-0.000795773
0.643595
0.00614697
0.231888
0.0035919
0.0156944
0.612742
0.00743636
0.0145673
0.0179733
0.0208403
0.663444
0.197272
0.997568
0.106947
0.0149789
0.524035
1.00038
0.177962
0.15417
0.998469
0.00398697
0.0208403
0.000530169
0.998469
1.00169
0.997568
0.998804
-0.000366822
0.997568
0.0164298
0.137368
0.0960509
0.997568
0.000189876
0.131967
0.131958
0.997568
0.0993336
0.99788
0.00112383
1.00169
0.998469
0.335739
0.00630777
0.00305707
0.22042
0.131967
0.998891
1.00038
0.0035919
-0.000789929
0.99788
0.0105965
0.99788
1.00169
0.019453
0.00418084
0.388036
1.00169
0.0617463
0.0959371
0.998469
0.439056
0.00304419
0.106928
0.189247
0.997568
0.0208403
0.996335
0.99788
0.0124791
0.997568
1.00169
0.997568
0.00305707
0.996335
0.0238341
1.00038
0.0100403
0.975138
0.971137
0.000814844
0.128725
0.99788
0.998469
0.162318
0.998469
0.998804
0.0799414
0.00553688
0.00145744
-0.000609327
0.00900366
0.0164298
0.199125
0.99788
0.000714642
0.0181347
0.997568
0.996335
0.0511735
0.00743636
-0.000499807
0.784871
0.00614697
0.256515
0.00614697
0.0136178
0.025448
0.197272
0.0105965
1.00038
0.998891
0.231893
0.220415
0.00900366
0.643595
0.00305707
1.00169
1.00038
0.00172644
0.0100403
0.0271454
0.00398697
0.0168825
0.00501841
0.00257131
0.998469
0.0010216
0.998469
1.00169
1.00169
0.998891
0.101091
0.998469
0.0959371
0.231893
0.104689
0.400932
0.998804
0.0388398
0.000269723
0.00181607
0.997568
0.998804
0.0021294
0.998804
0.0010216
0.997568
0.996335
0.0124791
0.137637
0.125244
0.196448
0.998161
0.168939
0.0179733
0.00112383
0.00614697
0.998891
0.0208403
0.0164298
0.998161
0.118854
0.998804
0.997568
1.00151
0.170857
0.131967
1.00169
0.997568
0.998891
0.996335
0.0164298
0.997568
0.10631
0.997568
0.996335
0.0145673
0.00630777
1.00038
0.997568
-0.000795773
0.0607461
0.101091
0.00815157
0.0010216
0.146407
0.00112383
0.996335
1.00038
0.00676894
0.0231955
0.137509
0.997568
0.00614697
0.00803852
0.998469
0.00973107
0.0617682
0.0105965
0.101403
0.996335
0.0179733
0.0134968
0.179828
0.997568
0.998891
0.682585
0.998161
0.0145673
0.131962
0.125244
-0.000609327
0.00556663
0.00305707
0.996335
0.911854
0.209519
0.16068
0.0440997
0.20209
0.439056
1.00169
0.131958
1.00169
0.998891
0.084963
0.00891618
-0.000357715
0.117941
0.00350369
0.0213511
0.0388799
0.0959638
0.998469
0.118848
-0.000175978
0.125244
-0.000175978
0.997568
0.6128
1.00038
0.0149789
0.10138
1.00038
1.00169
0.997568
0.997568
0.997568
1.00169
0.00501841
0.0181347
0.996335
0.00501841
0.00556663
0.998891
0.901298
0.146407
0.65356
0.998469
0.996335
0.996335
1.00169
0.10138
0.0111522
0.996335
0.998161
0.131971
0.000714642
0.998469
0.0289305
0.0960317
1.00169
-2.5145e-05
0.146407
0.996335
0.998469
0.0208403
0.18728
0.997568
0.997568
0.00418084
0.168939
0.998469
1.00038
0.998891
0.535667
0.064415
0.463939
0.996335
0.0035919
-0.000695033
0.0048282
0.025448
1.00038
0.45156
0.375059
0.996335
0.997568
0.998469
0.199131
0.0168825
0.996335
0.996335
0.137784
0.107255
0.295977
0.0655579
0.322529
-0.000209472
0.122094
0.996335
0.753145
0.998804
0.998161
0.996335
0.0123435
0.177962
0.996335
0.197272
1.00169
0.997568
1.00038
0.998469
0.0494953
0.488378
0.998469
0.139015
0.025448
0.998891
0.997568
0.0196122
0.112761
-0.000509131
1.00169
0.256515
0.996335
0.295966
0.0959638
0.0511585
0.131967
0.0222995
0.177962
0.997568
0.168939
0.998469
-0.000609327
0.0100403
0.0164298
0.375059
0.00815157
1.00038
0.00305707
1.00183
0.0231955
0.348909
0.00112383
0.362016
0.00630777
0.025448
0.998161
0.996335
0.736384
0.99788
0.00418084
0.998891
0.0134968
0.998891
0.0164298
0.0222995
0.375062
0.998161
0.99788
0.00449248
0.00305707
0.535667
0.998161
0.997568
0.131962
0.0048282
-0.000609327
0.0115126
0.0021294
0.106947
0.998469
1.00038
0.170863
0.130721
0.643595
0.0803747
0.45156
0.998161
0.14641
0.0156944
0.0607461
0.998804
0.295977
0.998469
1.00169
0.348909
0.998891
0.997568
0.00181607
0.0271454
1.00038
1.00169
0.0213511
-0.000175978
0.106947
0.00257131
0.718971
0.996335
0.0542497
0.00418084
0.000269723
0.189247
0.282676
0.000269723
0.123782
-0.000695033
0.997568
-0.000716293
0.997568
0.997568
0.16068
0.997568
0.0048282
0.0156944
0.998469
0.00418084
0.996335
0.400932
0.0414393
0.997568
0.0181347
0.106947
-0.000509131
0.996335
0.998469
0.998891
0.197272
0.162318
0.22042
0.0048282
0.189247
0.0222995
0.170857
0.135237
0.112754
0.243948
0.998469
0.0222995
0.643595
1.00169
1.00169
0.997568
0.0168825
0.0856669
0.997568
0.997568
0.792431
0.0123435
0.00900366
0.0168825
0.117941
0.282687
0.0010216
1.00038
0.996335
1.00169
0.0467391
0.996335
0.243942
0.209503
0.998891
0.0168825
0.00112383
0.997568
0.101392
0.997568
0.997568
0.375062
0.000714642
0.998804
0.580624
0.0124791
1.00038
0.998161
0.86698
1.00169
0.998469
0.413739
-0.000628843
0.718971
0.154173
0.179832
0.162315
0.998804
0.0542118
0.997568
0.231893
0.00900366
0.998804
0.0164298
0.998161
-0.000499807
0.998804
0.00135823
0.0608335
0.10138
0.14641
0.998161
0.000530169
1.00038
0.00257131
0.00803852
0.15417
0.998891
0.0414393
1.00038
0.65356
-0.000628843
0.998804
0.998161
0.00181607
0.00630777
0.00803852
-0.000628843
0.00614697
0.348904
0.00172644
0.000189876
0.50039
0.00676894
0.998469
0.139012
1.00038
0.0308077
0.0156944
0.998469
0.00257131
0.0136178
0.131962
0.0179733
0.0308077
0.00553688
0.00135823
-0.000795773
0.998804
0.00350369
0.00112383
0.104689
0.00676894
0.117941
0.0308077
0.998161
1.00169
0.997568
0.997568
0.025448
0.0010216
0.231893
-0.000771664
0.996335
0.00181607
1.00038
0.996335
1.00038
-0.000755767
0.998804
0.997568
-0.000771664
0.997568
-0.000695033
0.0168825
0.362016
0.997568
0.00900366
0.00112383
0.996335
0.0542848
0.335746
0.131958
0.106947
0.998469
0.0136178
0.0222995
0.998891
1.00169
0.0222995
1.00038
-0.000628843
-0.000771664
0.998891
1.00038
1.00038
0.996335
0.0048282
0.10138
0.00398697
0.998161
0.100917
0.0231955
-0.000509131
0.00676894
0.0441125
0.00815157
0.00350369
0.998161
0.00305707
0.0124791
0.256523
0.00553688
1.00038
0.691912
0.18728
0.998891
1.00038
0.00501841
0.00220003
0.996335
0.996335
0.998161
0.00418084
0.997568
-0.000695033
1.00038
0.00135823
0.00556663
0.996335
0.0111522
0.128725
0.00714103
0.199131
0.16068
0.000269723
0.996335
1.00169
0.14641
0.997568
1.00038
0.997568
0.997568
1.00038
0.0136178
0.00556663
0.019453
0.0123435
0.00304419
0.657612
0.996335
0.19914
0.996335
0.998891
0.0271454
0.996335
0.101091
-0.000609327
0.997568
0.0115126
0.998161
0.00172644
0.997568
1.00038
0.00304419
0.179832
0.997568
0.00145744
0.00305707
0.000269723
0.0308077
0.828235
0.997568
0.997568
0.00135823
0.256515
0.162315
0.0010216
1.00038
0.179835
0.998469
0.00714103
0.00172644
0.00145744
0.117941
0.000189876
0.00135823
1.00169
0.00714103
-0.000755767
0.996335
0.0222995
0.998891
0.828235
0.179828
0.736384
1.00169
0.130476
0.348909
0.0414393
0.998891
0.997568
0.000269723
-0.000795773
0.00743636
0.998469
1.00038
0.146404
-0.000789929
0.00145744
0.0100403
0.0388799
0.118847
0.997568
0.997568
0.998891
0.124026
0.189242
0.997568
0.0196122
1.00038
-0.000175978
0.997568
0.00553688
0.128725
0.997568
0.0960509
0.998804
0.123782
0.0035919
0.00614697
0.0231955
-0.000357715
0.019453
0.00630777
0.998469
0.996335
0.00803852
0.998469
0.219568
1.00038
0.0134968
0.00350369
0.00145744
0.996335
-0.000366822
0.0035919
0.0100403
1.00169
0.996335
0.998161
0.998161
0.282663
0.0271454
0.998891
0.170863
0.996335
0.000436989
0.998891
0.00305707
0.0136178
0.362016
0.107335
0.701081
0.997568
0.0238341
0.00803852
0.141966
0.131958
0.727702
0.997568
0.998469
0.689248
0.0156944
0.997568
1.00038
0.219568
0.10138
1.00169
0.0168825
0.996335
0.323231
0.997568
0.998161
