-0.279342
-0.279223
-0.279102
-0.278982
-0.278862
-0.278742
-0.278622
-0.278502
-0.278382
-0.278262
-0.278142
-0.278021
-0.277901
-0.277781
-0.277661
-0.277541
-0.277421
-0.277301
-0.277181
-0.27706
-0.27694
-0.27682
-0.2767
-0.27658
-0.27646
-0.27634
-0.27622
-0.2761
-0.275979
-0.275859
-0.275739
-0.275619
-0.275499
-0.275379
-0.275259
-0.275139
-0.275018
-0.274898
-0.274778
-0.274658
-0.274538
-0.274418
-0.274298
-0.274178
-0.274058
-0.273937
-0.273817
-0.273697
-0.273577
-0.273457
-0.273337
-0.273217
-0.273097
-0.272976
-0.272856
-0.272736
-0.272616
-0.272496
-0.272376
-0.272256
-0.272136
-0.272016
-0.271895
-0.271775
-0.271655
-0.271535
-0.271415
-0.271295
-0.271175
-0.271055
-0.270935
-0.270814
-0.270694
-0.270574
-0.270454
-0.270334
-0.270214
-0.270094
-0.269974
-0.269853
-0.269733
-0.269613
-0.269493
-0.269373
-0.269253
-0.269133
-0.269013
-0.268893
-0.268772
-0.268652
-0.268532
-0.268412
-0.268292
-0.268172
-0.268052
-0.267932
-0.267811
-0.267691
-0.267571
-0.267451
-0.267331
-0.267211
-0.267091
-0.266971
-0.266851
-0.26673
-0.26661
-0.26649
-0.26637
-0.26625
-0.26613
-0.26601
-0.26589
-0.265769
-0.265649
-0.265529
-0.265409
-0.265289
-0.265169
-0.265049
-0.264929
-0.264809
-0.264688
-0.264568
-0.264448
-0.264328
-0.264208
-0.264088
-0.263968
-0.263848
-0.263727
-0.263607
-0.263487
-0.263367
-0.263247
-0.263127
-0.263007
-0.262887
-0.262767
-0.262646
-0.262526
-0.262406
-0.262286
-0.262166
-0.262046
-0.261926
-0.261806
-0.261685
-0.261565
-0.261445
-0.261325
-0.261205
-0.261085
-0.260965
-0.260845
-0.260725
-0.260604
-0.260484
-0.260364
-0.260244
-0.260124
-0.260004
-0.259884
-0.259764
-0.259643
-0.259523
-0.259403
-0.259283
-0.259163
-0.259043
-0.258923
-0.258803
-0.258683
-0.258562
-0.258442
-0.258322
-0.258202
-0.258082
-0.257962
-0.257842
-0.257722
-0.257601
-0.257481
-0.257361
-0.257241
-0.257121
-0.257001
-0.256881
-0.256761
-0.256641
-0.25652
-0.2564
-0.25628
-0.25616
-0.25604
-0.25592
-0.2558
-0.25568
-0.255559
-0.255439
-0.255319
-0.255199
-0.255079
-0.254959
-0.254839
-0.254719
-0.254599
-0.254478
-0.254358
-0.254238
-0.254118
-0.253998
-0.253878
-0.253758
-0.253638
-0.253517
-0.253397
-0.253277
-0.253157
-0.253037
-0.252917
-0.252797
-0.252677
-0.252557
-0.252436
-0.252316
-0.252196
-0.252076
-0.251956
-0.251836
-0.251716
-0.251596
-0.251475
-0.251355
-0.251235
-0.251115
-0.250995
-0.250875
-0.250755
-0.250635
-0.250515
-0.250394
-0.250274
-0.250154
-0.250034
-0.249914
-0.249794
-0.249674
-0.249554
-0.249433
-0.249313
-0.249193
-0.249073
-0.248953
-0.248833
-0.248713
-0.248593
-0.248473
-0.248352
-0.248232
-0.248112
-0.247992
-0.247872
-0.247752
-0.247632
-0.247512
-0.247391
-0.247271
-0.247151
-0.247031
-0.246911
-0.246791
-0.246671
-0.246551
-0.246431
-0.24631
-0.24619
-0.24607
-0.24595
-0.24583
-0.24571
-0.24559
-0.24547
-0.245349
-0.245229
-0.245109
-0.244989
-0.244869
-0.244749
-0.244629
-0.244509
-0.244389
-0.244268
-0.244148
-0.244028
-0.243908
-0.243788
-0.243668
-0.243548
-0.243428
-0.243307
-0.243187
-0.243067
-0.242947
-0.242827
-0.242707
-0.242587
-0.242467
-0.242347
-0.242226
-0.242106
-0.241986
-0.241866
-0.241746
-0.241626
-0.241506
-0.241386
-0.241265
-0.241145
-0.241025
-0.240905
-0.240785
-0.240665
-0.240545
-0.240425
-0.240305
-0.240184
-0.240064
-0.239944
-0.239824
-0.239704
-0.239584
-0.239464
-0.239344
-0.239223
-0.239103
-0.238983
-0.238863
-0.238743
-0.238623
-0.238503
-0.238383
-0.238263
-0.238142
-0.238022
-0.237902
-0.237782
-0.237662
-0.237542
-0.237422
-0.237302
-0.237181
-0.237061
-0.236941
-0.236821
-0.236701
-0.236581
-0.236461
-0.236341
-0.236221
-0.2361
-0.23598
-0.23586
-0.23574
-0.23562
-0.2355
-0.23538
-0.23526
-0.235139
-0.235019
-0.234899
-0.234779
-0.234659
-0.234539
-0.234419
-0.234299
-0.234179
-0.234058
-0.233938
-0.233818
-0.233698
-0.233578
-0.233458
-0.233338
-0.233218
-0.233098
-0.232977
-0.232857
-0.232737
-0.232617
-0.232497
-0.232377
-0.232257
-0.232137
-0.232016
-0.231896
-0.231776
-0.231656
-0.231536
-0.231416
-0.231296
-0.231176
-0.231056
-0.230935
-0.230815
-0.230695
-0.230575
-0.230455
-0.230335
-0.230215
-0.230095
-0.229974
-0.229854
-0.229734
-0.229614
-0.229494
-0.229374
-0.229254
-0.229134
-0.229014
-0.228893
-0.228773
-0.228653
-0.228533
-0.228413
-0.228293
-0.228173
-0.228053
-0.227932
-0.227812
-0.227692
-0.227572
-0.227452
-0.227332
-0.227212
-0.227092
-0.226972
-0.226851
-0.226731
-0.226611
-0.226491
-0.226371
-0.226251
-0.226131
-0.226011
-0.22589
-0.22577
-0.22565
-0.22553
-0.22541
-0.22529
-0.22517
-0.22505
-0.22493
-0.224809
-0.224689
-0.224569
-0.224449
-0.224329
-0.224209
-0.224089
-0.223969
-0.223848
-0.223728
-0.223608
-0.223488
-0.223368
-0.223248
-0.223128
-0.223008
-0.222888
-0.222767
-0.222647
-0.222527
-0.222407
-0.222287
-0.222167
-0.222047
-0.221927
-0.221806
-0.221686
-0.221566
-0.221446
-0.221326
-0.221206
-0.221086
-0.220966
-0.220846
-0.220725
-0.220605
-0.220485
-0.220365
-0.220245
-0.220125
-0.220005
-0.219885
-0.219764
-0.219644
-0.219524
-0.219404
-0.219284
-0.219164
-0.219044
-0.218924
-0.218804
-0.218683
-0.218563
-0.218443
-0.218323
-0.218203
-0.218083
-0.217963
-0.217843
-0.217722
-0.217602
-0.217482
-0.217362
-0.217242
-0.217122
-0.217002
-0.216882
-0.216762
-0.216641
-0.216521
-0.216401
-0.216281
-0.216161
-0.216041
-0.215921
-0.215801
-0.21568
-0.21556
-0.21544
-0.21532
-0.2152
-0.21508
-0.21496
-0.21484
-0.21472
-0.214599
-0.214479
-0.214359
-0.214239
-0.214119
-0.213999
-0.213879
-0.213759
-0.213638
-0.213518
-0.213398
-0.213278
-0.213158
-0.213038
-0.212918
-0.212798
-0.212678
-0.212557
-0.212437
-0.212317
-0.212197
-0.212077
-0.211957
-0.211837
-0.211717
-0.211596
-0.211476
-0.211356
-0.211236
-0.211116
-0.210996
-0.210876
-0.210756
-0.210636
-0.210515
-0.210395
-0.210275
-0.210155
-0.210035
-0.209915
-0.209795
-0.209675
-0.209554
-0.209434
-0.209314
-0.209194
-0.209074
-0.208954
-0.208834
-0.208714
-0.208594
-0.208473
-0.208353
-0.208233
-0.208113
-0.207993
-0.207873
-0.207753
-0.207633
-0.207512
-0.207392
-0.207272
-0.207152
-0.207032
-0.206912
-0.206792
-0.206672
-0.206552
-0.206431
-0.206311
-0.206191
-0.206071
-0.205951
-0.205831
-0.205711
-0.205591
-0.20547
-0.20535
-0.20523
-0.20511
-0.20499
-0.20487
-0.20475
-0.20463
-0.20451
-0.204389
-0.204269
-0.204149
-0.204029
-0.203909
-0.203789
-0.203669
-0.203549
-0.203428
-0.203308
-0.203188
-0.203068
-0.202948
-0.202828
-0.202708
-0.202588
-0.202468
-0.202347
-0.202227
-0.202107
-0.201987
-0.201867
-0.201747
-0.201627
-0.201507
-0.201386
-0.201266
-0.201146
-0.201026
-0.200906
-0.200786
-0.200666
-0.200546
-0.200426
-0.200305
-0.200185
-0.200065
-0.199945
-0.199825
-0.199705
-0.199585
-0.199465
-0.199344
-0.199224
-0.199104
-0.198984
-0.198864
-0.198744
-0.198624
-0.198504
-0.198384
-0.198263
-0.198143
-0.198023
-0.197903
-0.197783
-0.197663
-0.197543
-0.197423
-0.197302
-0.197182
-0.197062
-0.196942
-0.196822
-0.196702
-0.196582
-0.196462
-0.196342
-0.196221
-0.196101
-0.195981
-0.195861
-0.195741
-0.195621
-0.195501
-0.195381
-0.19526
-0.19514
-0.19502
-0.1949
-0.19478
-0.19466
-0.19454
-0.19442
-0.1943
-0.194179
-0.194059
-0.193939
-0.193819
-0.193699
-0.193579
-0.193459
-0.193339
-0.193219
-0.193098
-0.192978
-0.192858
-0.192738
-0.192618
-0.192498
-0.192378
-0.192258
-0.192137
-0.192017
-0.191897
-0.191777
-0.191657
-0.191537
-0.191417
-0.191297
-0.191177
-0.191056
-0.190936
-0.190816
-0.190696
-0.190576
-0.190456
-0.190336
-0.190216
-0.190095
-0.189975
-0.189855
-0.189735
-0.189615
-0.189495
-0.189375
-0.189255
-0.189135
-0.189014
-0.188894
-0.188774
-0.188654
-0.188534
-0.188414
-0.188294
-0.188174
-0.188053
-0.187933
-0.187813
-0.187693
-0.187573
-0.187453
-0.187333
-0.187213
-0.187093
-0.186972
-0.186852
-0.186732
-0.186612
-0.186492
-0.186372
-0.186252
-0.186132
-0.186011
-0.185891
-0.185771
-0.185651
-0.185531
-0.185411
-0.185291
-0.185171
-0.185051
-0.18493
-0.18481
-0.18469
-0.18457
-0.18445
-0.18433
-0.18421
-0.18409
-0.183969
-0.183849
-0.183729
-0.183609
-0.183489
-0.183369
-0.183249
-0.183129
-0.183009
-0.182888
-0.182768
-0.182648
-0.182528
-0.182408
-0.182288
-0.182168
-0.182048
-0.181927
-0.181807
-0.181687
-0.181567
-0.181447
-0.181327
-0.181207
-0.181087
-0.180967
-0.180846
-0.180726
-0.180606
-0.180486
-0.180366
-0.180246
-0.180126
-0.180006
-0.179885
-0.179765
-0.179645
-0.179525
-0.179405
-0.179285
-0.179165
-0.179045
-0.178842
-0.178722
-0.178602
-0.178482
-0.178362
-0.178242
-0.178122
-0.178001
-0.177881
-0.177761
-0.177641
-0.177521
-0.177401
-0.177281
-0.177161
-0.17704
-0.17692
-0.1768
-0.17668
-0.17656
-0.17644
-0.17632
-0.1762
-0.17608
-0.175959
-0.175839
-0.175719
-0.175599
-0.175479
-0.175359
-0.175239
-0.175119
-0.174998
-0.174878
-0.174758
-0.174638
-0.174518
-0.174398
-0.174278
-0.174158
-0.174038
-0.173917
-0.173797
-0.173677
-0.173557
-0.173437
-0.173317
-0.173197
-0.173077
-0.172956
-0.172836
-0.172716
-0.172596
-0.172476
-0.172356
-0.172236
-0.172116
-0.171996
-0.171875
-0.171755
-0.171635
-0.171515
-0.171395
-0.171275
-0.171155
-0.171035
-0.170914
-0.170794
-0.170674
-0.170554
-0.170434
-0.170314
-0.170194
-0.170074
-0.169954
-0.169833
-0.169713
-0.169593
-0.169473
-0.169353
-0.169233
-0.169113
-0.168993
-0.168872
-0.168752
-0.168632
-0.168512
-0.168392
-0.168272
-0.168152
-0.168032
-0.167912
-0.167791
-0.167671
-0.167551
-0.167431
-0.167311
-0.167191
-0.167071
-0.166951
-0.16683
-0.16671
-0.16659
-0.16647
-0.16635
-0.16623
-0.16611
-0.16599
-0.16587
-0.165749
-0.165629
-0.165509
-0.165389
-0.165269
-0.165149
-0.165029
-0.164909
-0.164788
-0.164668
-0.164548
-0.164428
-0.164308
-0.164188
-0.164068
-0.163948
-0.163828
-0.163707
-0.163587
-0.163467
-0.163347
-0.163227
-0.163107
-0.162987
-0.162867
-0.162746
-0.162626
-0.162506
-0.162386
-0.162266
-0.162146
-0.162026
-0.161906
-0.161786
-0.161665
-0.161545
-0.161425
-0.161305
-0.161185
-0.161065
-0.160945
-0.160825
-0.160704
-0.160584
-0.160464
-0.160344
-0.160224
-0.160104
-0.159984
-0.159864
-0.159744
-0.159623
-0.159503
-0.159383
-0.159263
-0.042661
-0.0426604
-0.0425932
-0.042527
-0.0424606
-0.0423939
-0.0423256
-0.0422567
-0.0421876
-0.042118
-0.0420492
-0.0419793
-0.0419105
-0.0418485
-0.0417745
-0.0417014
-0.0416284
-0.0415556
-0.0414818
-0.041408
-0.0413351
-0.0412624
-0.0411992
-0.0411211
-0.0410435
-0.0409651
-0.040887
-0.04081
-0.0407316
-0.0406529
-0.040576
-0.0404994
-0.0404274
-0.0403467
-0.0402668
-0.0401858
-0.0401055
-0.0400248
-0.0399458
-0.0398639
-0.0397841
-0.0397031
-0.0396223
-0.0395416
-0.0394628
-0.0393796
-0.0392969
-0.0392152
-0.0391325
-0.0390493
-0.0389668
-0.038884
-0.0388006
-0.0387179
-0.0386361
-0.0385537
-0.0384698
-0.0383864
-0.0383015
-0.0382159
-0.038132
-0.0380477
-0.0379638
-0.0378802
-0.0377955
-0.0377089
-0.0376261
-0.0375418
-0.0374564
-0.0373714
-0.0372858
-0.0372023
-0.0371171
-0.0370323
-0.036946
-0.0368591
-0.0367761
-0.0366892
-0.0366035
-0.0365149
-0.0364287
-0.0363433
-0.0362582
-0.0361706
-0.0360839
-0.0359963
-0.0359137
-0.0358276
-0.0357389
-0.0356514
-0.0355653
-0.0354785
-0.035391
-0.035304
-0.0352176
-0.0351308
-0.0350441
-0.034956
-0.0348681
-0.0347807
-0.0346932
-0.0346058
-0.0345178
-0.034431
-0.0343431
-0.0342553
-0.0341672
-0.034079
-0.0339942
-0.0339062
-0.0338184
-0.0337299
-0.0336417
-0.0335521
-0.033465
-0.0333767
-0.0332883
-0.0331995
-0.0331114
-0.033023
-0.0329332
-0.032845
-0.0327548
-0.0326685
-0.0325784
-0.0324899
-0.032401
-0.0323116
-0.0322231
-0.0321357
-0.0320457
-0.0319569
-0.0318689
-0.0317798
-0.03169
-0.0316016
-0.0315124
-0.0314227
-0.0313332
-0.0312447
-0.0311555
-0.0310654
-0.0309773
-0.0308883
-0.0307985
-0.0307095
-0.0306204
-0.0305313
-0.0304416
-0.0303524
-0.0302627
-0.0301746
-0.0300856
-0.0299968
-0.0299071
-0.0298175
-0.0297291
-0.0296401
-0.0295504
-0.0294615
-0.0293726
-0.0292837
-0.0291934
-0.0291045
-0.0290151
-0.0289256
-0.0288371
-0.0287479
-0.0286583
-0.0285698
-0.0284798
-0.0283907
-0.0283009
-0.0282116
-0.0281218
-0.0280323
-0.0279424
-0.0278528
-0.0277625
-0.027673
-0.0275834
-0.0274923
-0.027403
-0.0273122
-0.0272222
-0.0271315
-0.0270412
-0.0269503
-0.0268599
-0.0267689
-0.0266784
-0.026587
-0.0264959
-0.0264043
-0.0263133
-0.0262213
-0.0261297
-0.0260383
-0.0259466
-0.0258547
-0.0257625
-0.0256698
-0.0255777
-0.0254851
-0.025393
-0.025301
-0.0252082
-0.025115
-0.0250227
-0.0249298
-0.0248357
-0.0247429
-0.0246499
-0.0245561
-0.0244626
-0.0243686
-0.0242758
-0.0241816
-0.0240877
-0.0239934
-0.0238986
-0.0238043
-0.0237098
-0.0236149
-0.0235201
-0.0234253
-0.0233303
-0.0232348
-0.0231396
-0.0230449
-0.0229502
-0.0228542
-0.0227569
-0.0226605
-0.0225641
-0.0224674
-0.0223723
-0.0222757
-0.0221794
-0.0220823
-0.0219855
-0.0218879
-0.02179
-0.0216919
-0.0215939
-0.0214958
-0.0213973
-0.0212995
-0.021201
-0.0211023
-0.0210037
-0.0209039
-0.0208041
-0.0207045
-0.0206043
-0.0205043
-0.0204034
-0.0203031
-0.0202029
-0.0201032
-0.0200023
-0.0199018
-0.0198005
-0.0196993
-0.0195979
-0.0194964
-0.0193941
-0.0192921
-0.0191897
-0.0190878
-0.0189853
-0.0188827
-0.01878
-0.0186768
-0.0185734
-0.0184699
-0.0183664
-0.0182639
-0.0181591
-0.0180568
-0.0179526
-0.0178483
-0.0177441
-0.0176386
-0.017534
-0.0174305
-0.0173253
-0.0172211
-0.017115
-0.0170099
-0.0169031
-0.0167985
-0.0166918
-0.0165855
-0.0164797
-0.0163732
-0.016267
-0.01616
-0.0160526
-0.0159456
-0.0158388
-0.0157313
-0.0156235
-0.0155159
-0.0154081
-0.0153012
-0.0151913
-0.0150835
-0.0149752
-0.0148678
-0.0147593
-0.0146498
-0.0145409
-0.014432
-0.014323
-0.0142139
-0.0141042
-0.0139946
-0.0138851
-0.013775
-0.0136648
-0.0135554
-0.0134448
-0.013335
-0.0132245
-0.0131134
-0.0130017
-0.0128913
-0.0127811
-0.0126715
-0.01256
-0.0124488
-0.01234
-0.0122286
-0.0121174
-0.0120061
-0.0118948
-0.0117828
-0.0116718
-0.0115599
-0.0114484
-0.011336
-0.0112225
-0.011109
-0.0109965
-0.0108844
-0.0107724
-0.0106606
-0.0105478
-0.0104355
-0.0103222
-0.0102088
-0.0100962
-0.009983
-0.00986906
-0.00975505
-0.00964115
-0.00952667
-0.00941293
-0.00929792
-0.00918384
-0.00907086
-0.0089564
-0.00884153
-0.00872689
-0.00861187
-0.00849763
-0.00838194
-0.0082638
-0.00814827
-0.00803339
-0.00792039
-0.00780502
-0.00769021
-0.00757638
-0.00746094
-0.00734521
-0.00722936
-0.00711298
-0.00699718
-0.00688197
-0.00676604
-0.00664985
-0.00653362
-0.00641739
-0.006301
-0.00618433
-0.0060681
-0.00595178
-0.00583568
-0.0057192
-0.0056026
-0.00548588
-0.00537023
-0.00525349
-0.00513655
-0.00501939
-0.00490199
-0.00478499
-0.00466825
-0.00455135
-0.00443329
-0.00431589
-0.00419843
-0.00408122
-0.0039637
-0.0038466
-0.00372922
-0.00361203
-0.00349447
-0.00337717
-0.00325879
-0.00314114
-0.00302339
-0.00290585
-0.00278751
-0.00267033
-0.00255041
-0.00243276
-0.00231498
-0.00219717
-0.00207874
-0.00196063
-0.00184227
-0.00172511
-0.00160667
-0.00148801
-0.00136919
-0.00124872
-0.00113056
-0.00101425
-0.000895651
-0.000776864
-0.000658166
-0.000539372
-0.000418875
-0.000299648
-0.000181468
-6.47168e-05
5.42347e-05
0.000172737
0.000292039
0.000411311
0.000530712
0.00064949
0.000768462
0.000887565
0.00100692
0.00112626
0.00124546
0.00136473
0.00148417
0.00160364
0.00172328
0.00184258
0.00196326
0.00208225
0.00220248
0.00232182
0.00244313
0.00256528
0.00268482
0.00280509
0.00292581
0.00304335
0.0031644
0.00328557
0.0034062
0.00352666
0.00364739
0.00376859
0.00388828
0.00400832
0.00412915
0.00424978
0.00437189
0.00449267
0.0046155
0.00473602
0.00485654
0.00497718
0.00509965
0.00522043
0.00533941
0.00546007
0.00558153
0.00570177
0.00582298
0.00594399
0.00606536
0.0061866
0.00630825
0.00642973
0.00655046
0.00667241
0.00679413
0.00691703
0.00704032
0.00716225
0.00728403
0.00740562
0.00752822
0.00764823
0.0077703
0.00789238
0.00801514
0.00813708
0.00825919
0.00838173
0.00850688
0.00862852
0.00875115
0.00887468
0.00899625
0.00911664
0.00923825
0.00936103
0.00948502
0.00961011
0.00973323
0.00985399
0.00997696
0.0100999
0.0102227
0.010349
0.0104705
0.0105932
0.0107166
0.0108404
0.0109668
0.0110888
0.0112137
0.0113379
0.0114616
0.0115846
0.0117085
0.0118312
0.0119543
0.0120776
0.0122009
0.0123244
0.0124484
0.0125713
0.0126945
0.0128181
0.0129415
0.0130652
0.0131891
0.0133119
0.0134359
0.0135595
0.0136838
0.0138072
0.013932
0.0140553
0.0141794
0.0143014
0.0144253
0.0145493
0.014674
0.0147973
0.0149219
0.0150462
0.0151705
0.0152947
0.0154186
0.0155432
0.0156676
0.0157927
0.0159171
0.0160421
0.0161665
0.0162932
0.0164175
0.0165424
0.0166669
0.0167919
0.0169172
0.0170409
0.0171663
0.0172892
0.0174141
0.017539
0.0176642
0.0177893
0.0179143
0.0180407
0.0181635
0.0182888
0.0184139
0.0185394
0.0186651
0.0187909
0.0189212
0.0190458
0.0191717
0.0192974
0.0194221
0.019547
0.0196725
0.019798
0.019925
0.02005
0.0201766
0.0203023
0.0204284
0.0205549
0.0206806
0.0208068
0.0209333
0.0210603
0.0211869
0.0213123
0.0214386
0.0215654
0.0216916
0.0218187
0.0219411
0.0220673
0.0221942
0.0223208
0.0224468
0.0225731
0.0227
0.022828
0.0229541
0.0230836
0.023211
0.0233381
0.0234654
0.0235916
0.0237161
0.0238435
0.0239701
0.0240976
0.0242248
0.0243514
0.0244804
0.0246073
0.024734
0.0248605
0.0249888
0.0251152
0.0252427
0.0253698
0.0254972
0.0256259
0.0257534
0.0258807
0.0260097
0.0261386
0.0262653
0.0263927
0.0265207
0.0266492
0.0267785
0.0269056
0.0270328
0.0271612
0.0272904
0.0274166
0.0275442
0.0276731
0.0278011
0.0279289
0.0280562
0.028185
0.0283128
0.0284429
0.028569
0.0286977
0.028826
0.0289548
0.029083
0.0292123
0.0293408
0.0294692
0.0296004
0.0297268
0.0298554
0.0299851
0.0301137
0.0302433
0.0303717
0.0305002
0.0306292
0.0307609
0.0308902
0.0310171
0.0311468
0.0312763
0.0314033
0.0315327
0.0316634
0.0317919
0.0319221
0.0320539
0.0321818
0.032312
0.0324415
0.0325701
0.0326999
0.0328307
0.0329613
0.0330901
0.0332225
0.03335
0.033481
0.0336111
0.0337419
0.033871
0.0340019
0.0341327
0.0342632
0.0343937
0.0345266
0.0346551
0.0347866
0.0349165
0.0350479
0.0351776
0.0353101
0.0354405
0.0355717
0.0357049
0.0358338
0.0359646
0.0360953
0.0362273
0.0363584
0.0364902
0.0366209
0.0367522
0.036884
0.0370178
0.037147
0.0372799
0.0374113
0.0375441
0.0376748
0.0378071
0.0379396
0.0380715
0.0382031
0.0383391
0.0384674
0.0385986
0.0387323
0.0388638
0.0389961
0.0391285
0.03926
0.0393926
0.0395285
0.0396624
0.0397922
0.0399261
0.0400588
0.0401917
0.0403247
0.0404571
0.0405904
0.040724
0.0408573
0.0409933
0.0411248
0.0412571
0.0413906
0.0415225
0.0416577
0.0417923
0.0419247
0.0420588
0.0421969
0.042331
0.0424623
0.0425968
0.0427315
0.0428649
0.043
0.0431341
0.043268
0.0434026
0.0435345
0.0436728
0.0438058
0.0439416
0.0440756
0.0442109
0.0443471
0.0444821
0.0446165
0.0447516
0.0448901
0.0450277
0.0451596
0.0452941
0.0454309
0.0455665
0.0457018
0.0458365
0.0459721
0.0461066
0.0462405
0.0463822
0.0465157
0.0466519
0.0467888
0.0469242
0.0470617
0.047198
0.0473345
0.0474703
0.0476105
0.0477485
0.0478802
0.0480187
0.0481569
0.048292
0.0484295
0.0485679
0.0487061
0.0488416
0.0489791
0.0491227
0.0492555
0.0493948
0.0495345
0.0496738
0.0498095
0.0499496
0.0500858
0.0502216
0.0503648
0.0505028
0.0506377
0.0507776
0.0509158
0.0510592
0.0511969
0.0513364
0.0514761
0.0516167
0.0517621
0.0518967
0.052037
0.052177
0.0523178
0.0524583
0.0525988
0.0527366
0.0528774
0.0530175
0.0531657
0.0533026
0.0534465
0.0535864
0.0537294
0.053872
0.0540146
0.0541541
0.0542976
0.0544385
0.0545918
0.0547264
0.0548713
0.0550126
0.0551585
0.0552993
0.0554408
0.0555867
0.0557256
0.0558803
0.0560188
0.0561638
0.0563105
0.0564548
0.0565998
0.0567437
0.0568876
0.0570316
0.0571883
0.0573254
0.0574738
0.05762
0.0577688
0.057915
0.0580588
0.0582077
0.0583574
0.0585168
0.0586584
0.0588097
0.0589577
0.0591068
0.059256
0.0594042
0.0595583
0.0597166
0.0598589
0.0600125
0.0601625
0.0603111
0.0604624
0.0606129
0.0607649
0.0609305
0.0610702
0.0612264
0.0613831
0.0615351
0.0616927
0.0618466
0.062
0.0621557
0.062315
0.0624736
0.0626264
0.0627833
0.0629417
0.0631
0.0632691
0.063417
0.0635732
0.063734
0.0638943
0.0640546
0.0642162
0.0643779
0.0645445
0.0647079
0.0648723
0.0650364
0.0651959
0.0653594
0.0655283
0.0656972
0.0658672
0.0660336
0.0662021
0.0663702
0.0665402
0.0667309
0.0668818
0.0670612
0.0672388
0.067415
0.0675909
0.0677717
0.0679567
0.0681428
0.0683298
0.0685155
0.0687072
0.0689034
0.0690967
0.0692928
0.0694872
0.0696959
0.0699129
0.0701219
0.0703315
0.0705506
0.0707808
0.0710178
0.0712648
0.0715382
0.0717967
0.0720997
0.0723567
0.0726164
0.0728808
0.0731616
0.0734533
0.0737568
0.0740621
0.0743733
0.0746989
0.0750629
0.0753904
0.07577
0.0761513
0.076551
0.0769616
0.0774035
0.0778774
0.0783814
0.0788648
0.0793723
0.0799583
0.0804963
0.0811137
0.0818542
0.082415
0.083255
0.0839247
0.0848732
0.0856107
0.0867143
0.087551
