-4.98335
-4.98335
-4.98335
-4.98335
-4.98335
-4.98335
-4.98335
-4.98335
-4.98335
-4.98335
-4.98335
-4.98335
-4.98335
-4.98335
-4.98335
-4.98335
-4.98335
-4.98335
-4.98335
-4.98335
-4.98335
-4.98335
-4.98335
-4.98335
-4.98335
-4.98335
-4.98335
-4.98335
-4.98335
-4.98335
-4.98335
-4.98335
-4.98335
-4.98335
-4.98335
-4.98335
-4.98335
-4.98335
-4.98335
-4.98335
-4.98335
-4.98335
-4.98335
-4.98335
-4.98335
-4.98335
-4.98335
-4.98335
-4.98335
-4.98335
-4.98335
-4.98335
-4.98335
-4.98335
-4.98335
-4.98335
-4.98335
-4.98335
-4.98335
-4.98335
-4.98335
-4.98335
-4.98335
-4.98335
-4.98335
-4.98335
-4.98335
-4.98335
-4.98335
-4.98335
-4.98335
-4.98335
-4.98335
-4.98335
-4.98335
-4.98335
-4.98335
-4.98335
-4.98335
-4.98335
-4.98335
-4.98335
-4.98335
-4.98335
-4.98335
-4.98335
-4.98335
-4.98335
-4.98335
-4.98335
-4.98335
-4.98335
-4.98335
-4.98335
-4.98335
-4.98335
-4.98335
-4.98335
-4.98335
-4.98335
-4.98335
-4.98335
-4.98335
-4.98335
-4.98335
-4.98335
-4.98335
-4.98335
-4.98335
-4.98335
-4.98335
-4.98335
-4.98335
-4.98335
-4.98335
-4.98335
-4.98335
-4.98335
-4.98335
-4.98335
-4.98335
-4.98335
-4.98335
-4.98335
-4.98335
-4.98335
-4.98335
-4.98335
-4.98335
-4.98335
-4.98335
-4.98335
-4.98335
-4.98335
-4.98335
-4.98335
-4.98335
-4.98335
-4.98335
-4.98335
-4.98335
-4.98335
-4.98335
-4.98335
-4.98335
-4.98335
-4.98335
-4.98335
-4.98335
-4.98335
-4.98335
-4.98335
-4.98335
-4.98335
-4.98335
-4.98335
-4.98335
-4.98335
-4.98335
-4.98335
-4.98335
-4.98335
-4.98335
-4.98335
-4.98335
-4.98335
-4.98335
-4.98335
-4.98335
-4.98335
-4.98335
-4.98335
-4.98335
-4.98335
-4.98335
-4.98335
-4.98335
-4.98335
-4.98335
-4.98335
-4.98335
-4.98335
-4.98335
-4.98335
-4.98335
-4.98335
-4.98335
-4.98335
-4.98335
-4.98335
-4.98335
-4.98335
-4.98335
-4.98335
-4.98335
-4.98335
-4.98335
-4.98335
-4.98335
-4.98335
-4.98335
-4.98335
-4.98335
-4.98335
-4.98335
-4.98335
-4.98335
-4.98335
-4.98335
-4.98335
-4.98335
-4.98335
-4.98335
-4.98335
-4.98335
-4.98335
-4.98335
-4.98335
-4.98335
-4.98335
-4.98335
-4.98335
-4.98335
-4.98335
-4.98335
-4.98335
-4.98335
-4.98335
-4.98335
-4.98335
-4.98335
-4.98335
-4.98335
-4.98335
-4.98335
-4.98335
-4.98335
-4.98335
-4.98335
-4.98335
-4.98335
-4.98335
-4.98335
-4.98335
-4.98335
-4.98335
-4.98335
-4.98335
-4.98335
-4.98335
-4.98335
-4.98335
-4.98335
-4.98335
-4.98335
-4.98335
-4.98335
-4.98335
-4.98335
-4.98335
-4.98335
-4.98335
-4.98335
-4.98335
-4.98335
-4.98335
-4.98335
-4.98335
-4.98335
-4.98335
-4.98335
-4.98335
-4.98335
-4.98335
-4.98335
-4.98335
-4.98335
-4.98335
-4.98335
-4.98335
-4.98335
-4.98335
-4.98335
-4.98335
-4.98335
-4.98335
-4.98335
-4.98335
-4.98335
-4.98335
-4.98335
-4.98335
-4.98335
-4.98335
-4.98335
-4.98335
-4.98335
-4.98335
-4.98335
-4.98335
-4.98335
-4.98335
-4.98335
-4.98335
-4.98335
-4.98335
-4.98335
-4.98335
-4.98335
-4.98335
-4.98335
-4.98335
-4.98335
-4.98335
-4.98335
-4.98335
-4.98335
-4.98335
-4.98335
-4.98335
-4.98335
-4.98335
-4.98335
-4.98335
-4.98335
-4.98335
-4.98335
-4.98335
-4.98335
-4.98335
-4.98335
-4.98335
-4.98335
-4.98335
-4.98335
-4.98335
-4.98335
-4.98335
-4.98335
-4.98335
-4.98335
-4.98335
-4.98335
-4.98335
-4.98335
-4.98335
-4.98335
-4.98335
-4.98335
-4.98335
-4.98335
-4.98335
-4.98335
-4.98335
-4.98335
-4.98335
-4.98335
-4.98335
-4.98335
-4.98335
-4.98335
-4.98335
-4.98335
-4.98335
-4.98335
-4.98335
-4.98335
-4.98335
-4.98335
-4.98335
-4.98335
-4.98335
-4.98335
-4.98335
-4.98335
-4.98335
-4.98335
-4.98335
-4.98335
-4.98335
-4.98335
-4.98335
-4.98335
-4.98335
-4.98335
-4.98335
-4.98335
-4.98335
-4.98335
-4.98335
-4.98335
-4.98335
-4.98335
-4.98335
-4.98335
-4.98335
-4.98335
-4.98335
-4.98335
-4.98335
-4.98335
-4.98335
-4.98335
-4.98335
-4.98335
-4.98335
-4.98335
-4.98335
-4.98335
-4.98335
-4.98335
-4.98335
-4.98335
-4.98335
-4.98335
-4.98335
-4.98335
-4.98335
-4.98335
-4.98335
-4.98335
-4.98335
-4.98335
-4.98335
-4.98335
-4.98335
-4.98335
-4.98335
-4.98335
-4.98335
-4.98335
-4.98335
-4.98335
-4.98335
-4.98335
-4.98335
-4.98335
-4.98335
-4.98335
-4.98335
-4.98335
-4.98335
-4.98335
-4.98335
-4.98335
-4.98335
-4.98335
-4.98335
-4.98335
-4.98335
-4.98335
-4.98335
-4.98335
-4.98335
-4.98335
-4.98335
-4.98335
-4.98335
-4.98335
-4.98335
-4.98335
-4.98335
-4.98335
-4.98335
-4.98335
-4.98335
-4.98335
-4.98335
-4.98335
-4.98335
-4.98335
-4.98335
-4.98335
-4.98335
-4.98335
-4.98335
-4.98335
-4.98335
-4.98335
-4.98335
-4.98335
-4.98335
-4.98335
-4.98335
-4.98335
-4.98335
-4.98335
-4.98335
-4.98335
-4.98335
-4.98335
-4.98335
-4.98335
-4.98335
-4.98335
-4.98335
-4.98335
-4.98335
-4.98335
-4.98335
-4.98335
-4.98335
-4.98335
-4.98335
-4.98335
-4.98335
-4.98335
-4.98335
-4.98335
-4.98335
-4.98335
-4.98335
-4.98335
-4.98335
-4.98335
-4.98335
-4.98335
-4.98335
-4.98335
-4.98335
-4.98335
-4.98335
-4.98335
-4.98335
-4.98335
-4.98335
-4.98335
-4.98335
-4.98335
-4.98335
-4.98335
-4.98335
-4.98335
-4.98335
-4.98335
-4.98335
-4.98335
-4.98335
-4.98335
-4.98335
-4.98335
-4.98335
-4.98335
-4.98335
-4.98335
-4.98335
-4.98335
-4.98335
-4.98335
-4.98335
-4.98335
-4.98335
-4.98335
-4.98335
-4.98335
-4.98335
-4.98335
-4.98335
-4.98335
-4.98335
-4.98335
-4.98335
-4.98335
-4.98335
-4.98335
-4.98335
-4.98335
-4.98335
-4.98335
-4.98335
-4.98335
-4.98335
-4.98335
-4.98335
-4.98335
-4.98335
-4.98335
-4.98335
-4.98335
-4.98335
-4.98335
-4.98335
-4.98335
-4.98335
-4.98335
-4.98335
-4.98335
-4.98335
-4.98335
-4.98335
-4.98335
-4.98335
-4.98335
-4.98335
-4.98335
-4.98335
-4.98335
-4.98335
-4.98335
-4.98335
-4.98335
-4.98335
-4.98335
-4.98335
-4.98335
-4.98335
-4.98335
-4.98335
-4.98335
-4.98335
-4.98335
-4.98335
-4.98335
-4.98335
-4.98335
-4.98335
-4.98335
-4.98335
-4.98335
-4.98335
-4.98335
-4.98335
-4.98335
-4.98335
-4.98335
-4.98335
-4.98335
-4.98335
-4.98335
-4.98335
-4.98335
-4.98335
-4.98335
-4.98335
-4.98335
-4.98335
-4.98335
-4.98335
-4.98335
-4.98335
-4.98335
-4.98335
-4.98335
-4.98335
-4.98335
-4.98335
-4.98335
-4.98335
-4.98335
-4.98335
-4.98335
-4.98335
-4.98335
-4.98335
-4.98335
-4.98335
-4.98335
-4.98335
-4.98335
-4.98335
-4.98335
-4.98335
-4.98335
-4.98335
-4.98335
-4.98335
-4.98335
-4.98335
-4.98335
-4.98335
-4.98335
-4.98335
-4.98335
-4.98335
-4.98335
-4.98335
-4.98335
-4.98335
-4.98335
-4.98335
-4.98335
-4.98335
-4.98335
-4.98335
-4.98335
-4.98335
-4.98335
-4.98335
-4.98335
-4.98335
-4.98335
-4.98335
-4.98335
-4.98335
-4.98335
-4.98335
-4.98335
-4.98335
-4.98335
-4.98335
-4.98335
-4.98335
-4.98335
-4.98335
-4.98335
-4.98335
-4.98335
-4.98335
-4.98335
-4.98335
-4.98335
-4.98335
-4.98335
-4.98335
-4.98335
-4.98335
-4.98335
-4.98335
-4.98335
-4.98335
-4.98335
-4.98335
-4.98335
-4.98335
-4.98335
-4.98335
-4.98335
-4.98335
-4.98335
-4.98335
-4.98335
-4.98335
-4.98335
-4.98335
-4.98335
-4.98335
-4.98335
-4.98335
-4.98335
-4.98335
-4.98335
-4.98335
-4.98335
-4.98335
-4.98335
-4.98335
-4.98335
-4.98335
-4.98335
-4.98335
-4.98335
-4.98335
-4.98335
-4.98335
-4.98335
-4.98335
-4.98335
-4.98335
-4.98335
-4.98335
-4.98335
-4.98335
-4.98335
-4.98335
-4.98335
-4.98335
-4.98335
-4.98335
-4.98335
-4.98335
-4.98335
-4.98335
-4.98335
-4.98335
-4.98335
-4.98335
-4.98335
-4.98335
-4.98335
-4.98335
-4.98335
-4.98335
-4.98335
-4.98335
-4.98335
-4.98335
-4.98335
-4.98335
-4.98335
-4.98335
-4.98335
-4.98335
-4.98335
-4.98335
-4.98335
-4.98335
-4.98335
-4.98335
-4.98335
-4.98335
-4.98335
-4.98335
-4.98335
-4.98335
-4.98335
-4.98335
-4.98335
-4.98335
-4.98335
-4.98335
-4.98335
-4.98335
-4.98335
-4.98335
-4.98335
-4.98335
-4.98335
-4.98335
-4.98335
-4.98335
-4.98335
-4.98335
-4.98335
-4.98335
-4.98335
-4.98335
-4.98335
-4.98335
-4.98335
-4.98335
-4.98335
-4.98335
-4.98335
-4.98335
-4.98335
-4.98335
-4.98167
-4.98167
-4.98167
-4.98167
-4.98167
-4.98167
-4.98167
-4.98167
-4.98167
-4.98167
-4.98167
-4.98167
-4.98167
-4.98167
-4.98167
-4.98167
-4.98167
-4.98167
-4.98167
-4.98167
-4.98167
-4.98167
-4.98167
-4.98167
-4.98167
-4.98167
-4.98167
-4.98167
-4.98167
-4.98167
-4.98167
-4.98167
-4.98167
-4.98167
-4.98167
-4.98167
-4.98167
-4.98167
-4.98167
-4.98167
-4.98167
-4.98167
-4.98167
-4.98167
-4.98167
-4.98167
-4.98167
-4.98167
-4.98167
-4.98167
-4.98167
-4.98167
-4.98167
-4.98167
-4.98167
-4.98167
-4.98167
-4.98167
-4.98167
-4.98167
-4.98167
-4.98167
-4.98167
-4.98167
-4.98167
-4.98167
-4.98167
-4.98167
-4.98167
-4.98167
-4.98167
-4.98167
-4.98167
-4.98167
-4.98167
-4.98167
-4.98167
-4.98167
-4.98167
-4.98167
-4.98167
-4.98167
-4.98167
-4.98167
-4.98167
-4.98167
-4.98167
-4.98167
-4.98167
-4.98167
-4.98167
-4.98167
-4.98167
-4.98167
-4.98167
-4.98167
-4.98167
-4.98167
-4.98167
-4.98167
-4.98167
-4.98167
-4.98167
-4.98167
-4.98167
-4.98167
-4.98167
-4.98167
-4.98167
-4.98167
-4.98167
-4.98167
-4.98167
-4.98167
-4.98167
-4.98167
-4.98167
-4.98167
-4.98167
-4.98167
-4.98167
-4.98167
-4.98167
-4.98167
-4.98167
-4.98167
-4.98167
-4.98167
-4.98167
-4.98167
-4.98167
-4.98167
-4.98167
-4.98167
-4.98167
-4.98167
-4.98167
-4.98167
-4.98167
-4.98167
-4.98167
-4.98167
-4.98167
-4.98167
-4.98167
-4.98167
-4.98167
-4.98167
-4.98167
-4.98167
-4.98167
-4.98167
-4.98167
-4.98167
-4.98167
-4.98167
-4.98167
-4.98167
-4.98167
-4.98167
-4.98167
-4.98167
-4.98167
-4.98167
0.243984
0.24396
0.242615
0.241258
0.239913
0.238572
0.237216
0.235954
0.234681
0.233396
0.23211
0.230838
0.229557
0.22808
0.226906
0.225721
0.224562
0.223396
0.222219
0.22105
0.219873
0.218717
0.217282
0.21623
0.215156
0.214087
0.213023
0.211963
0.210906
0.209831
0.208771
0.207718
0.206486
0.205509
0.204528
0.20353
0.202538
0.201538
0.200563
0.199568
0.198584
0.197588
0.196588
0.195604
0.194579
0.193644
0.192706
0.191786
0.190845
0.189892
0.188961
0.188033
0.187081
0.186131
0.185204
0.18429
0.183396
0.182495
0.181596
0.180685
0.179787
0.178889
0.178002
0.177105
0.176204
0.175386
0.174443
0.173571
0.172713
0.171842
0.17097
0.170112
0.169246
0.168378
0.167526
0.166696
0.165784
0.164941
0.164085
0.163222
0.162373
0.161534
0.160698
0.159829
0.159008
0.158201
0.157334
0.156517
0.155685
0.154855
0.15404
0.153209
0.152394
0.151565
0.150786
0.149967
0.14913
0.148328
0.147524
0.146709
0.145912
0.145108
0.144292
0.143503
0.142726
0.141908
0.141104
0.140318
0.139556
0.13876
0.13797
0.13717
0.136373
0.135596
0.134791
0.134015
0.133227
0.132445
0.131665
0.130873
0.130075
0.129295
0.128538
0.127749
0.126966
0.126187
0.125417
0.124645
0.12388
0.123117
0.122372
0.121589
0.120818
0.12006
0.119293
0.118547
0.117788
0.117026
0.116279
0.115527
0.114753
0.113993
0.113252
0.112498
0.111736
0.110995
0.110235
0.109478
0.108729
0.107966
0.107208
0.106471
0.105711
0.104953
0.104201
0.10344
0.102685
0.101923
0.101172
0.100419
0.0996567
0.0989082
0.0981418
0.0973881
0.0966355
0.0958825
0.0951415
0.094393
0.0936493
0.0928953
0.0921488
0.0914095
0.0906591
0.089913
0.0891713
0.0884305
0.0876931
0.086953
0.086217
0.0854756
0.0847409
0.0840233
0.0832759
0.0825517
0.0818315
0.0810959
0.0803728
0.0796733
0.0789472
0.0782357
0.0775286
0.0768203
0.0761153
0.0754327
0.0747177
0.0740304
0.0733476
0.072655
0.0719662
0.0712932
0.070611
0.0699355
0.069262
0.0685898
0.0679373
0.0672566
0.0665951
0.0659412
0.0652851
0.0646257
0.0639784
0.0633167
0.0626774
0.0620374
0.0613871
0.0607618
0.0601207
0.0594922
0.0588602
0.0582316
0.0576137
0.0569945
0.0563758
0.0557646
0.0551452
0.0545387
0.0539416
0.0533408
0.0527434
0.0521556
0.0515638
0.0509843
0.0503863
0.0498141
0.0492369
0.0486557
0.0480876
0.0475329
0.0469789
0.046417
0.0458598
0.0453056
0.044775
0.0442323
0.0436929
0.0431555
0.0426338
0.0421261
0.0416086
0.0410993
0.0405847
0.0400897
0.0395963
0.0391024
0.038603
0.0381126
0.0376412
0.0371676
0.0366911
0.0362229
0.0357591
0.0353082
0.0348512
0.0343976
0.0339397
0.0334975
0.0330578
0.0326235
0.0321875
0.0317503
0.0313292
0.0309082
0.0304896
0.0300697
0.029651
0.02925
0.0288474
0.0284494
0.0280378
0.0276644
0.0272761
0.026892
0.0265076
0.0261273
0.0257583
0.0253942
0.0250266
0.0246592
0.0243117
0.0239585
0.0236093
0.0232588
0.0229144
0.0225828
0.0222501
0.0219226
0.0215862
0.02127
0.0209551
0.0206367
0.0203198
0.0200082
0.0197086
0.0194095
0.019108
0.0188097
0.0185217
0.0182384
0.0179532
0.0176684
0.0173866
0.017114
0.0168438
0.0165711
0.0163
0.0160416
0.0157852
0.0155281
0.0152659
0.0150137
0.0147673
0.0145207
0.0142718
0.0140234
0.0137898
0.0135487
0.0133118
0.0130723
0.012843
0.0126206
0.0123915
0.0121639
0.0119441
0.011727
0.0115063
0.0112914
0.0110719
0.0108673
0.0106622
0.010455
0.0102447
0.0100522
0.0098541
0.00965825
0.00946596
0.00927474
0.00909726
0.00891367
0.00873456
0.00855115
0.00838154
0.00821354
0.00804393
0.00786988
0.00771314
0.00755402
0.00739841
0.00723853
0.00708407
0.00693643
0.00679028
0.00664216
0.00649378
0.00635561
0.00621817
0.00608244
0.00594548
0.00580955
0.00567958
0.00554838
0.00541913
0.00529354
0.00516979
0.00504809
0.00492727
0.00480738
0.00468861
0.00457272
0.00445741
0.00434132
0.00422727
0.00411922
0.00401404
0.00390609
0.00379849
0.00369551
0.00359793
0.00349838
0.00339793
0.00329626
0.00320607
0.00311319
0.00302429
0.0029323
0.00283857
0.00275468
0.0026689
0.0025858
0.00250049
0.00241597
0.00233695
0.00225988
0.00218002
0.0021035
0.00202219
0.00195092
0.00187973
0.00180659
0.00173599
0.00166148
0.00159277
0.00152573
0.00145902
0.00139365
0.00132416
0.00126087
0.00119762
0.0011349
0.00107349
0.00101093
0.000948407
0.0008914
0.000832145
0.000774658
0.000718265
0.000660401
0.000607415
0.000551211
0.000497979
0.000445143
0.000392441
0.000341097
0.000293086
0.000244402
0.00019347
0.000145238
9.91358e-05
5.63408e-05
1.11607e-05
-3.16957e-05
-7.72931e-05
-0.000115608
-0.000153219
-0.000191925
-0.000233118
-0.000269911
-0.000302744
-0.000338119
-0.000368597
-0.000401495
-0.000436832
-0.000462189
-0.000491327
-0.000518108
-0.00054485
-0.000550771
-0.000593611
-0.000611776
-0.000634606
-0.000655236
-0.000655736
-0.000691707
-0.000704772
-0.000719999
-0.000733412
-0.000748176
-0.000755615
-0.000765755
-0.000773101
-0.000780394
-0.000769556
-0.000792687
-0.000792228
-0.000795265
-0.000797662
-0.000782612
-0.000797278
-0.000793094
-0.000789102
-0.000784649
-0.000778994
-0.000773072
-0.000763698
-0.000752322
-0.000745
-0.000722086
-0.000723339
-0.000706891
-0.000694726
-0.000678228
-0.000665985
-0.000648563
-0.000630953
-0.00061019
-0.000591393
-0.000572586
-0.000537571
-0.00052947
-0.000508719
-0.000483795
-0.000460976
-0.000430021
-0.000411802
-0.000385178
-0.000358483
-0.000331602
-0.000304855
-0.000277025
-0.000247306
-0.000213852
-0.000183395
-0.000153281
-0.000106415
-8.6257e-05
-5.1566e-05
-1.69368e-05
1.83591e-05
5.34633e-05
9.17901e-05
0.000133296
0.000172125
0.000211771
0.0002537
0.000293461
0.000339382
0.000383647
0.000428285
0.000475214
0.000520205
0.000583164
0.000616313
0.000668623
0.000718435
0.000767781
0.000819083
0.000884232
0.000924956
0.000978134
0.00103435
0.00108797
0.00114346
0.0012117
0.00125773
0.00131573
0.00137547
0.00143448
0.00149456
0.00156797
0.00161795
0.00168096
0.0017456
0.00180834
0.00187332
0.00195435
0.00200598
0.00207452
0.00214156
0.00220845
0.00227818
0.00235871
0.00241688
0.00249085
0.00256527
0.0026377
0.00270953
0.00278178
0.00285866
0.00293729
0.0030162
0.00309244
0.00317092
0.0032477
0.00334598
0.00341102
0.00349357
0.0035753
0.00365796
0.00374345
0.00382258
0.00392437
0.00399497
0.00408344
0.0041694
0.00425878
0.00434617
0.00443498
0.00454649
0.00461751
0.00470814
0.00480203
0.00489387
0.00498922
0.00508314
0.0051995
0.00527721
0.00537498
0.00547449
0.00557123
0.00567083
0.00576755
0.00586772
0.0059898
0.00607398
0.00617875
0.00628129
0.00638759
0.00649095
0.0065938
0.00669942
0.00680838
0.00691923
0.00703133
0.00713901
0.00725001
0.00735869
0.00746954
0.00759825
0.00769351
0.00780715
0.0079209
0.00803783
0.00815107
0.00826766
0.00838123
0.00851801
0.00861833
0.00874047
0.00886185
0.00898119
0.00910442
0.00922206
0.00934013
0.00946247
0.00958515
0.00970922
0.00983805
0.00996023
0.0100877
0.0102134
0.0103381
0.0104652
0.0106187
0.0107231
0.0108541
0.0109867
0.0111141
0.0112475
0.0113782
0.0115133
0.011646
0.0118052
0.0119185
0.0120551
0.0121929
0.012333
0.0124722
0.0126076
0.0127454
0.0128849
0.0130576
0.0131706
0.0133142
0.0134612
0.0136041
0.0137513
0.0138948
0.0140423
0.014184
0.0143733
0.0144861
0.0146418
0.0147936
0.0149489
0.0150992
0.0152573
0.0154079
0.0155614
0.0157613
0.0158818
0.0160408
0.0162047
0.0163664
0.0165319
0.0166909
0.016853
0.0170132
0.0172196
0.0173911
0.0175201
0.0176893
0.0178619
0.0180295
0.0181999
0.0183731
0.0185442
0.0187166
0.0189311
0.019075
0.0192544
0.0194331
0.0196088
0.0197875
0.0199673
0.02015
0.0203264
0.0205512
0.0206955
0.0208869
0.0210736
0.0212648
0.0214479
0.0216387
0.0218254
0.0220154
0.0222009
0.0224376
0.0225927
0.0227913
0.0229885
0.0231873
0.0233784
0.0235795
0.0237779
0.0239711
0.0242195
0.0243772
0.0245851
0.0247853
0.0249974
0.0252029
0.0254098
0.0256128
0.0258195
0.0260231
0.0262865
0.0264511
0.0266687
0.0268819
0.0271014
0.0273123
0.0275291
0.0277458
0.0279608
0.0281808
0.0284554
0.0286236
0.0288499
0.0290769
0.0293005
0.0295292
0.0297525
0.0299783
0.0302053
0.0304887
0.0307205
0.0309046
0.0311413
0.0313751
0.0316165
0.0318501
0.032086
0.0323259
0.0325631
0.0327985
0.0331035
0.0332951
0.0335363
0.0337882
0.034029
0.0342851
0.0345301
0.0347781
0.0350248
0.0353374
0.0355915
0.0357954
0.0360529
0.036317
0.0365746
0.0368378
0.0370966
0.0373518
0.0376173
0.0378731
0.0381974
0.0384176
0.0386861
0.0389617
0.0392345
0.039504
0.0397809
0.0400511
0.0403238
0.0406573
0.0409508
0.0411667
0.0414446
0.0417363
0.0420213
0.0423031
0.0425836
0.0428712
0.0431559
0.0434366
0.0438068
0.044033
0.0443336
0.0446304
0.0449289
0.0452324
0.0455267
0.0458268
0.0461266
0.0464977
0.0468154
0.0470451
0.0473636
0.0476801
0.0479917
0.0483057
0.048625
0.0489373
0.0492484
0.0495631
0.0499853
0.0502236
0.0505578
0.0508942
0.0512274
0.0515527
0.0518919
0.0522124
0.0525409
0.0529678
0.053309
0.0535687
0.0539205
0.0542661
0.0546318
0.0549777
0.0553272
0.0556779
0.0560331
0.0564906
0.0567566
0.0571245
0.0574984
0.0578649
0.0582397
0.0586078
0.0589719
0.0593473
0.059714
0.0602097
0.0604978
0.0608906
0.0612788
0.06168
0.0620745
0.0624656
0.0628527
0.0632507
0.0636444
0.0641961
0.0644807
0.0649088
0.0653257
0.0657506
0.0661635
0.0665761
0.0670064
0.0674134
0.0680044
0.0683094
0.0687652
0.0692213
0.0696727
0.0701248
0.0705732
0.0710213
0.071475
0.0721204
0.0724339
0.0729321
0.0734157
0.0739165
0.0744001
0.0748821
0.0753783
0.0758764
0.0765766
0.0769429
0.0774748
0.0780043
0.0785318
0.0790627
0.0795915
0.0801364
0.0808458
0.0812508
0.0818302
0.0823972
0.0829535
0.0835225
0.0840903
0.0846638
0.0854425
0.085857
0.0864804
0.0871057
0.087709
0.0883382
0.0889513
0.0895621
0.0902023
0.0908739
0.0915443
0.0921831
0.0928525
0.0935161
0.0941877
0.0950731
0.0955692
0.0962721
0.0969897
0.0977165
0.098437
0.099164
0.0998904
0.10068
0.10146
0.102255
0.103039
0.103811
0.104594
0.105403
0.106279
0.107156
0.108017
0.108896
0.109766
0.110646
0.111943
0.112535
0.113546
0.114552
0.115544
0.116539
0.117626
0.118771
0.119932
0.12109
0.122241
0.123489
0.124836
0.126159
0.127501
0.128838
0.130387
0.13204
0.133627
0.135221
0.13704
0.13901
0.141032
0.143243
0.145897
0.148399
0.151588
0.153961
0.156416
0.159006
0.161788
0.164733
0.167919
0.17115
0.174556
0.178126
0.182351
0.186053
0.190545
0.1951
0.200036
0.205197
0.210794
0.216991
0.223715
0.230106
0.236874
0.245097
0.252546
0.261309
0.272274
0.280203
0.292977
0.30277
0.317711
0.328806
0.346615
0.359731
