-4.55788
-4.55788
-4.55788
-4.55788
-4.55788
-4.55788
-4.55788
-4.55788
-4.55788
-4.55788
-4.55788
-4.55788
-4.55788
-4.55788
-4.55788
-4.55788
-4.55788
-4.55788
-4.55788
-4.55788
-4.55788
-4.55788
-4.55788
-4.55788
-4.55788
-4.55788
-4.55788
-4.55788
-4.55788
-4.55788
-4.55788
-4.55788
-4.55788
-4.55788
-4.55788
-4.55788
-4.55788
-4.55788
-4.55788
-4.55788
-4.55788
-4.55788
-4.55788
-4.55788
-4.55788
-4.55788
-4.55788
-4.55788
-4.55788
-4.55788
-4.55788
-4.55788
-4.55788
-4.55788
-4.55788
-4.55788
-4.55788
-4.55788
-4.55788
-4.55788
-4.55788
-4.55788
-4.55788
-4.55788
-4.55788
-4.55788
-4.55788
-4.55788
-4.55788
-4.55788
-4.55788
-4.55788
-4.55788
-4.55788
-4.55788
-4.55788
-4.55788
-4.55788
-4.55788
-4.55788
-4.55788
-4.55788
-4.55788
-4.55788
-4.55788
-4.55788
-4.55788
-4.55788
-4.55788
-4.55788
-4.55788
-4.55788
-4.55788
-4.55788
-4.55788
-4.55788
-4.55788
-4.55788
-4.55788
-4.55788
-4.55788
-4.55788
-4.55788
-4.55788
-4.55788
-4.55788
-4.55788
-4.55788
-4.55788
-4.55788
-4.55788
-4.55788
-4.55788
-4.55788
-4.55788
-4.55788
-4.55788
-4.55788
-4.55788
-4.55788
-4.55788
-4.55788
-4.55788
-4.55788
-4.55788
-4.55788
-4.55788
-4.55788
-4.55788
-4.55788
-4.55788
-4.55788
-4.55788
-4.55788
-4.55788
-4.55788
-4.55788
-4.55788
-4.55788
-4.55788
-4.55788
-4.55788
-4.55788
-4.55788
-4.55788
-4.55788
-4.55788
-4.55788
-4.55788
-4.55788
-4.55788
-4.55788
-4.55788
-4.55788
-4.55788
-4.55788
-4.55788
-4.55788
-4.55788
-4.55788
-4.55788
-4.55788
-4.55788
-4.55788
-4.55788
-4.55788
-4.55788
-4.55788
-4.55788
-4.55788
-4.55788
-4.55788
-4.55788
-4.55788
-4.55788
-4.55788
-4.55788
-4.55788
-4.55788
-4.55788
-4.55788
-4.55788
-4.55788
-4.55788
-4.55788
-4.55788
-4.55788
-4.55788
-4.55788
-4.55788
-4.55788
-4.55788
-4.55788
-4.55788
-4.55788
-4.55788
-4.55788
-4.55788
-4.55788
-4.55788
-4.55788
-4.55788
-4.55788
-4.55788
-4.55788
-4.55788
-4.55788
-4.55788
-4.55788
-4.55788
-4.55788
-4.55788
-4.55788
-4.55788
-4.55788
-4.55788
-4.55788
-4.55788
-4.55788
-4.55788
-4.55788
-4.55788
-4.55788
-4.55788
-4.55788
-4.55788
-4.55788
-4.55788
-4.55788
-4.55788
-4.55788
-4.55788
-4.55788
-4.55788
-4.55788
-4.55788
-4.55788
-4.55788
-4.55788
-4.55788
-4.55788
-4.55788
-4.55788
-4.55788
-4.55788
-4.55788
-4.55788
-4.55788
-4.55788
-4.55788
-4.55788
-4.55788
-4.55788
-4.55788
-4.55788
-4.55788
-4.55788
-4.55788
-4.55788
-4.55788
-4.55788
-4.55788
-4.55788
-4.55788
-4.55788
-4.55788
-4.55788
-4.55788
-4.55788
-4.55788
-4.55788
-4.55788
-4.55788
-4.55788
-4.55788
-4.55788
-4.55788
-4.55788
-4.55788
-4.55788
-4.55788
-4.55788
-4.55788
-4.55788
-4.55788
-4.55788
-4.55788
-4.55788
-4.55788
-4.55788
-4.55788
-4.55788
-4.55788
-4.55788
-4.55788
-4.55788
-4.55788
-4.55788
-4.55788
-4.55788
-4.55788
-4.55788
-4.55788
-4.55788
-4.55788
-4.55788
-4.55788
-4.55788
-4.55788
-4.55788
-4.55788
-4.55788
-4.55788
-4.55788
-4.55788
-4.55788
-4.55788
-4.55788
-4.55788
-4.55788
-4.55788
-4.55788
-4.55788
-4.55788
-4.55788
-4.55788
-4.55788
-4.55788
-4.55788
-4.55788
-4.55788
-4.55788
-4.55788
-4.55788
-4.55788
-4.55788
-4.55788
-4.55788
-4.55788
-4.55788
-4.55788
-4.55788
-4.55788
-4.55788
-4.55788
-4.55788
-4.55788
-4.55788
-4.55788
-4.55788
-4.55788
-4.55788
-4.55788
-4.55788
-4.55788
-4.55788
-4.55788
-4.55788
-4.55788
-4.55788
-4.55788
-4.55788
-4.55788
-4.55788
-4.55788
-4.55788
-4.55788
-4.55788
-4.55788
-4.55788
-4.55788
-4.55788
-4.55788
-4.55788
-4.55788
-4.55788
-4.55788
-4.55788
-4.55788
-4.55788
-4.55788
-4.55788
-4.55788
-4.55788
-4.55788
-4.55788
-4.55788
-4.55788
-4.55788
-4.55788
-4.55788
-4.55788
-4.55788
-4.55788
-4.55788
-4.55788
-4.55788
-4.55788
-4.55788
-4.55788
-4.55788
-4.55788
-4.55788
-4.55788
-4.55788
-4.55788
-4.55788
-4.55788
-4.55788
-4.55788
-4.55788
-4.55788
-4.55788
-4.55788
-4.55788
-4.55788
-4.55788
-4.55788
-4.55788
-4.55788
-4.55788
-4.55788
-4.55788
-4.55788
-4.55788
-4.55788
-4.55788
-4.55788
-4.55788
-4.55788
-4.55788
-4.55788
-4.55788
-4.55788
-4.55788
-4.55788
-4.55788
-4.55788
-4.55788
-4.55788
-4.55788
-4.55788
-4.55788
-4.55788
-4.55788
-4.55788
-4.55788
-4.55788
-4.55788
-4.55788
-4.55788
-4.55788
-4.55788
-4.55788
-4.55788
-4.55788
-4.55788
-4.55788
-4.55788
-4.55788
-4.55788
-4.55788
-4.55788
-4.55788
-4.55788
-4.55788
-4.55788
-4.55788
-4.55788
-4.55788
-4.55788
-4.55788
-4.55788
-4.55788
-4.55788
-4.55788
-4.55788
-4.55788
-4.55788
-4.55788
-4.55788
-4.55788
-4.55788
-4.55788
-4.55788
-4.55788
-4.55788
-4.55788
-4.55788
-4.55788
-4.55788
-4.55788
-4.55788
-4.55788
-4.55788
-4.55788
-4.55788
-4.55788
-4.55788
-4.55788
-4.55788
-4.55788
-4.55788
-4.55788
-4.55788
-4.55788
-4.55788
-4.55788
-4.55788
-4.55788
-4.55788
-4.55788
-4.55788
-4.55788
-4.55788
-4.55788
-4.55788
-4.55788
-4.55788
-4.55788
-4.55788
-4.55788
-4.55788
-4.55788
-4.55788
-4.55788
-4.55788
-4.55788
-4.55788
-4.55788
-4.55788
-4.55788
-4.55788
-4.55788
-4.55788
-4.55788
-4.55788
-4.55788
-4.55788
-4.55788
-4.55788
-4.55788
-4.55788
-4.55788
-4.55788
-4.55788
-4.55788
-4.55788
-4.55788
-4.55788
-4.55788
-4.55788
-4.55788
-4.55788
-4.55788
-4.55788
-4.55788
-4.55788
-4.55788
-4.55788
-4.55788
-4.55788
-4.55788
-4.55788
-4.55788
-4.55788
-4.55788
-4.55788
-4.55788
-4.55788
-4.55788
-4.55788
-4.55788
-4.55788
-4.55788
-4.55788
-4.55788
-4.55788
-4.55788
-4.55788
-4.55788
-4.55788
-4.55788
-4.55788
-4.55788
-4.55788
-4.55788
-4.55788
-4.55788
-4.55788
-4.55788
-4.55788
-4.55788
-4.55788
-4.55788
-4.55788
-4.55788
-4.55788
-4.55788
-4.55788
-4.55788
-4.55788
-4.55788
-4.55788
-4.55788
-4.55788
-4.55788
-4.55788
-4.55788
-4.55788
-4.55788
-4.55788
-4.55788
-4.55788
-4.55788
-4.55788
-4.55788
-4.55788
-4.55788
-4.55788
-4.55788
-4.55788
-4.55788
-4.55788
-4.55788
-4.55788
-4.55788
-4.55788
-4.55788
-4.55788
-4.55788
-4.55788
-4.55788
-4.55788
-4.55788
-4.55788
-4.55788
-4.55788
-4.55788
-4.55788
-4.55788
-4.55788
-4.55788
-4.55788
-4.55788
-4.55788
-4.55788
-4.55788
-4.55788
-4.55788
-4.55788
-4.55788
-4.55788
-4.55788
-4.55788
-4.55788
-4.55788
-4.55788
-4.55788
-4.55788
-4.55788
-4.55788
-4.55788
-4.55788
-4.55788
-4.55788
-4.55788
-4.55788
-4.55788
-4.55788
-4.55788
-4.55788
-4.55788
-4.55788
-4.55788
-4.55788
-4.55788
-4.55788
-4.55788
-4.55788
-4.55788
-4.55788
-4.55788
-4.55788
-4.55788
-4.55788
-4.55788
-4.55788
-4.55788
-4.55788
-4.55788
-4.55788
-4.55788
-4.55788
-4.55788
-4.55788
-4.55788
-4.55788
-4.55788
-4.55788
-4.55788
-4.55788
-4.55788
-4.55788
-4.55788
-4.55788
-4.55788
-4.55788
-4.55788
-4.55788
-4.55788
-4.55788
-4.55788
-4.55788
-4.55788
-4.55788
-4.55788
-4.55788
-4.55788
-4.55788
-4.55788
-4.55788
-4.55788
-4.55788
-4.55788
-4.55788
-4.55788
-4.55788
-4.55788
-4.55788
-4.55788
-4.55788
-4.55788
-4.55788
-4.55788
-4.55788
-4.55788
-4.55788
-4.55788
-4.55788
-4.55788
-4.55788
-4.55788
-4.55788
-4.55788
-4.55788
-4.55788
-4.55788
-4.55788
-4.55788
-4.55788
-4.55788
-4.55788
-4.55788
-4.55788
-4.55788
-4.55788
-4.55788
-4.55788
-4.55788
-4.55788
-4.55788
-4.55788
-4.55788
-4.55788
-4.55788
-4.55788
-4.55788
-4.55788
-4.55788
-4.55788
-4.55788
-4.55788
-4.55788
-4.55788
-4.55788
-4.55788
-4.55788
-4.55788
-4.55788
-4.55788
-4.55788
-4.55788
-4.55788
-4.55788
-4.55788
-4.55788
-4.55788
-4.55788
-4.55788
-4.55788
-4.55788
-4.55788
-4.55788
-4.55788
-4.55788
-4.55788
-4.55788
-4.55788
-4.55788
-4.55788
-4.55788
-4.55788
-4.55788
-4.55788
-4.55788
-4.55788
-4.55788
-4.55788
-4.55788
-4.55788
-4.55788
-4.55788
-4.55788
-4.55788
-4.55788
-4.55788
-4.55788
-4.55788
-4.55788
-4.55788
-4.55788
-4.55788
-4.55788
-4.55788
-4.55788
-4.55788
-4.55788
-4.55788
-4.55788
-4.55788
-4.55788
-4.55788
-4.55788
-4.55788
-4.55788
-4.55788
-4.55788
-4.55788
-4.55788
-4.55788
-4.55788
-4.55788
-4.55788
-4.55788
-4.55788
-4.55788
-4.55788
-4.55788
-4.55788
-4.55788
-4.55788
-4.55788
-4.55788
-4.55788
-4.55788
-4.55788
-4.55788
-4.55788
-4.55788
-4.55788
-4.55788
-4.55788
-4.55788
-4.55788
-4.55788
-4.55788
-4.55788
-4.55788
-4.55788
-4.55788
-4.55788
-4.55788
-4.55788
-4.55788
-4.55788
-4.55788
-4.55788
-4.55788
-4.55788
-4.55788
-4.55788
-4.55788
-4.55788
-4.55788
-4.55788
-4.55788
-4.55788
-4.55788
-4.55788
-4.55788
-4.55788
-4.55788
-4.55788
-4.55788
-4.55788
-4.55788
-4.55788
-4.55788
-4.55788
-4.55788
-4.55788
-4.55788
-4.55788
-4.55788
-4.55788
-4.55788
-4.55788
-4.55788
-4.55788
-4.55788
-4.55788
-4.55788
-4.55788
-4.55788
-4.55788
-4.55788
-4.55788
-4.55788
-4.55788
-4.55788
-4.55788
-4.55788
-4.55788
-4.55788
-4.55788
-4.55788
-4.55788
-4.55788
-4.55788
-4.55788
-4.55788
-4.55788
-4.55788
-4.55788
-4.55788
-4.55788
-4.55788
-4.55788
-4.55788
-4.55788
-4.55788
-4.55788
-4.55788
-4.55788
-4.55788
-4.55788
-4.55788
-4.55788
-4.55788
-4.55788
-4.55788
-4.55788
-4.55788
-4.55788
-4.55788
-4.55788
-4.55788
-4.55788
-4.55788
-4.55788
-4.55788
-4.55788
-4.55788
-4.55788
-4.55788
-4.55788
-4.55788
-4.55788
-4.55788
-4.55788
-4.55788
-4.55788
-4.55788
-4.55788
-4.55788
-4.55788
-4.55788
-4.55788
-4.55788
-4.55788
-4.55788
-4.55788
-4.55788
-4.55788
-4.55788
-4.55788
-4.55788
-4.55788
-4.55788
-4.55788
-4.55788
-4.55788
-4.55788
-4.55788
-4.55788
-4.55788
-4.55788
-4.55788
-4.55788
-0.000628843
0.0111522
-0.000209472
-2.5145e-05
0.112822
0.0656678
0.00803852
0.0213511
0.00743636
0.00398697
0.0213511
0.0512921
-0.000795773
0.0556687
0.112822
0.00891618
0.0962561
0.00260946
-0.000716293
0.0231955
0.0123435
0.0164298
0.0105965
0.0393027
0.000814844
0.0496738
0.131992
0.0196122
0.0393027
0.0734937
0.000814844
0.025448
0.00803852
0.00220003
0.0393027
0.0622797
0.00135823
0.082728
0.00553688
0.0293968
0.0393164
0.0658361
0.0512921
0.00398697
-0.000628843
0.0656678
0.0581626
-0.000499807
-0.000716293
0.034107
0.078196
-0.000366822
0.0480835
0.0149789
0.139029
0.112822
0.0111522
0.0512921
0.108249
-0.000366822
0.0316931
0.0622797
0.154175
0.000530169
0.036642
0.101512
0.0348535
0.0738444
0.0156944
0.0156944
0.102746
0.00145744
0.0588934
0.0912496
0.0272161
0.00630777
0.00891618
-2.5145e-05
0.0136178
0.0420937
0.00973107
0.00305707
0.00350369
0.00220003
0.0222995
0.0164298
0.0696696
0.00900366
0.0622797
-0.000209472
0.00714103
0.092349
-0.000628843
0.0136178
0.0196122
0.0213511
0.101512
0.0196122
-0.000209472
0.0348535
0.0149789
0.00304419
0.0864808
0.118904
0.0124791
-0.000209472
0.036642
0.00743636
0.154175
-0.000755767
0.000189876
0.0442397
0.077613
0.036642
0.000269723
0.0213511
0.00900366
0.000714642
3.39058e-05
0.036642
0.101512
0.0222995
0.0196122
0.131992
0.00803852
0.0271454
0.0588934
0.078196
0.139029
0.118904
0.112822
0.00743636
0.0525979
0.0222995
0.0588934
0.00350369
0.0021294
0.0136178
0.00398697
0.025448
0.0134968
-2.5145e-05
0.0149789
-0.000716293
0.154175
0.0442397
0.0738444
0.00556663
0.036642
0.00630777
0.0231955
0.0327808
0.0136178
0.00260946
-0.000771664
0.131992
0.00305707
0.000189876
0.0874441
0.0622797
0.0656678
0.0021294
0.0588934
0.0912496
0.0420937
0.0136178
0.00556663
0.0327808
0.139029
0.10703
3.39058e-05
0.0035919
0.0588934
0.000189876
0.000714642
0.00172644
-0.000609327
-0.000209472
0.0864808
0.00418084
-0.000755767
-0.000755767
0.0168825
0.000189876
0.0035919
0.034107
0.0546501
0.0696696
0.078196
0.0136178
0.0912496
0.0213511
0.0021294
0.092349
0.0293968
0.0622797
0.000269723
0.112822
0.0546501
0.131992
0.0168825
0.0316931
0.0021294
0.0442397
0.10703
0.0962561
0.0100403
0.0231955
-0.000755767
0.0111522
-0.000795773
0.097448
0.00398697
0.10703
-0.000609327
0.0658361
0.00112383
0.0417174
0.0021294
0.00350369
0.0622797
0.00145744
0.00304419
0.00714103
0.00449248
0.0658361
0.00973107
0.0618338
0.019453
0.00630777
0.0588934
0.0272161
0.00891618
0.0289305
0.10703
0.000269723
0.00449248
-0.000716293
0.118904
0.0450191
0.036642
0.139029
-2.5145e-05
0.036642
0.00714103
0.00815157
0.0168825
0.036642
0.000189876
0.025448
0.0238341
0.036642
0.0100403
0.0819387
-0.000628843
0.0420937
0.112822
0.0496738
0.00305707
0.00172644
0.0393164
0.025448
0.082728
0.0251496
0.0021294
-0.000609327
0.0819387
0.00220003
0.077613
0.0393027
0.00398697
0.00257131
0.0525979
0.0512921
0.0136178
0.0156944
0.10703
0.0556687
3.39058e-05
0.019453
0.0348535
0.0656678
0.00449248
0.0272161
0.0819387
0.00260946
0.0618338
0.036642
0.0738444
0.00172644
0.0316931
0.00556663
0.0196122
0.00418084
0.077613
0.077613
-0.000628843
0.0111522
0.077613
0.112822
0.0308077
0.118904
0.131992
0.0100403
0.00305707
-0.000509131
-0.000366822
0.00418084
0.00714103
0.0370303
0.077613
0.000436989
0.00398697
0.0618338
0.0293968
0.0123435
0.00145744
-0.000209472
0.0695711
0.00112383
0.0417174
0.00112383
0.00630777
0.00556663
0.00891618
0.00220003
0.0231955
0.13239
0.0393164
0.0393164
0.00418084
0.0658361
0.00172644
0.0393027
0.0196122
0.0010216
0.0048282
0.00614697
0.000269723
0.00398697
0.000530169
0.00135823
0.112822
0.000714642
0.118904
0.0420937
0.0393027
0.092349
0.0156944
0.112822
0.0156944
0.0393164
0.0100403
0.0525979
0.154175
0.0100403
-0.000771664
-0.000357715
0.0512921
0.146418
0.00135823
0.131992
0.000714642
0.0696696
0.0213511
0.00260946
0.0115126
0.0222995
0.0136178
0.0962561
0.0105965
0.00714103
-0.000628843
0.00112383
0.102746
0.00501841
0.00714103
0.101512
0.0222995
0.154175
0.078196
0.0819387
0.0327808
0.025448
0.0420937
0.0546501
0.126023
0.0196122
0.00714103
0.0450191
0.0134968
0.036642
0.0231955
0.00304419
0.0035919
0.0251496
0.0512921
-0.000609327
0.0123435
0.0156944
0.00145744
0.000714642
0.0271454
-0.000509131
0.034107
0.0196122
0.00112383
0.00900366
0.0115126
0.0546501
0.000814844
0.0035919
0.10703
0.00181607
0.0136178
0.00220003
0.0181347
0.0316931
0.00803852
0.00260946
0.0348535
0.0512921
0.102746
0.0658361
0.101512
0.00304419
0.0238341
0.0222995
-0.000366822
0.000814844
0.00172644
0.0293968
0.0734937
0.0370303
0.0105965
0.00676894
0.0111522
0.0556687
0.0480835
0.0238341
0.0450191
0.108249
0.0111522
0.00181607
-0.000795773
0.0134968
3.39058e-05
0.00900366
0.0100403
0.0156944
0.118904
0.0222995
-0.000795773
0.0222995
-0.000795773
0.036642
0.0622797
0.0231955
0.00630777
0.0181347
0.0272161
0.0393027
0.0738444
0.036642
0.0450191
0.0450191
0.000530169
0.00398697
0.034107
0.000530169
0.000814844
0.108249
0.0734937
0.0271454
0.0658361
0.10703
0.0179733
0.0179733
0.036642
0.0181347
0.00553688
0.0164298
0.0912496
0.025448
0.000714642
0.125288
0.00614697
0.0156944
0.0450191
0.000189876
0.0271454
0.034107
0.131992
0.00449248
0.0105965
0.0581626
0.036642
0.00257131
0.0105965
0.131992
0.0231955
0.0874441
0.0622797
0.0123435
0.0556687
0.0293968
0.0021294
-0.000366822
0.00257131
0.00556663
0.0213511
0.0556687
0.0525979
0.034107
0.036642
0.118904
0.0370303
0.00350369
0.0316931
0.0179733
0.0136178
0.0136178
0.0468898
0.0136178
0.0496738
-2.5145e-05
0.0100403
0.034107
0.0695711
0.139029
0.0912496
0.0293968
0.00553688
0.00891618
0.0179733
0.00973107
0.0512921
0.0480835
0.0293968
0.112822
0.00743636
0.0588934
0.10703
0.0271454
0.00556663
0.097448
0.0656678
0.00803852
0.0208403
-0.000789929
0.0512921
0.0442397
0.034107
0.0468898
0.0156944
0.0123435
0.025448
0.00501841
0.00891618
0.0696696
0.0105965
0.118904
-0.000366822
0.0048282
0.00714103
0.0525979
0.00145744
0.0293968
0.00172644
0.0864808
0.00900366
0.0496738
-0.000628843
0.0525979
0.0035919
0.00556663
0.0912496
0.0272161
0.0695711
0.077613
0.0021294
0.119891
0.00304419
0.102746
0.00714103
0.00501841
0.0525979
0.0912496
0.077613
0.000530169
0.00172644
0.0622797
0.0912496
0.0618338
0.0238341
0.00257131
-0.000209472
0.00260946
0.00135823
0.019453
0.118904
0.0272161
0.0308077
0.0124791
0.0658361
0.0111522
0.0556687
0.101512
0.0271454
0.00350369
0.0123435
0.146418
0.0468898
0.118904
0.0512921
0.0496738
0.108249
0.0696696
-0.000357715
0.00614697
0.0164298
0.0450191
0.00803852
-0.000795773
0.019453
0.00172644
0.0658361
0.0213511
0.0123435
0.00257131
-0.000771664
0.0348535
0.0468898
-0.000771664
0.00815157
-0.000366822
0.0738444
-0.000755767
0.0581626
0.0546501
0.0105965
0.082728
0.00257131
0.00304419
0.125288
0.00257131
0.0316931
0.0525979
0.0100403
0.0656678
0.00398697
0.019453
-0.000789929
0.0316931
0.10703
0.092349
0.00973107
0.0308077
0.0393164
0.00257131
0.0348535
0.00501841
0.0327808
0.0111522
0.0208403
0.0417174
0.112822
0.00501841
0.0658361
0.0450191
0.0420937
0.078196
0.00350369
0.00743636
0.0656678
0.0618338
0.0695711
0.00553688
0.00418084
0.00350369
0.0124791
0.0442397
0.000714642
0.0231955
0.0251496
0.0420937
0.00743636
0.0316931
0.0417174
0.0393164
0.102746
0.00398697
-0.000509131
0.0696696
0.0181347
0.0450191
0.0618338
0.0525979
0.000436989
0.131992
0.0622797
0.00260946
0.0164298
0.0864808
0.0734937
0.0512921
0.131992
0.0556687
-0.000755767
0.0658361
0.0289305
0.0327808
0.0308077
0.146418
0.0123435
0.0738444
0.0393164
0.00418084
0.139029
0.00714103
0.0962561
-0.000209472
0.154175
0.0010216
0.0123435
0.0181347
0.0271454
0.0912496
-0.000716293
0.0213511
0.00172644
0.0035919
0.0289305
0.097448
0.0100403
0.0251496
0.0658361
-0.000755767
0.139029
0.0864808
-0.000357715
0.00305707
0.0035919
-0.000755767
0.00112383
0.0496738
0.00135823
0.000189876
0.0588934
0.00112383
0.118904
0.025448
0.034107
0.00676894
0.00350369
0.125288
0.00172644
0.00630777
0.0238341
0.00714103
0.00676894
0.00305707
0.0010216
-0.000609327
0.146418
3.39058e-05
-0.000509131
0.0100403
0.00112383
0.0134968
0.00676894
0.0864808
0.0450191
0.0581626
0.0393027
0.00556663
0.000714642
0.0393164
-0.000695033
0.0213511
-0.000357715
0.0164298
0.0272161
0.0272161
-0.000499807
0.146418
0.0696696
-0.000695033
0.0738444
-0.000499807
0.00350369
0.0525979
0.078196
0.00418084
-0.000628843
0.0213511
0.0123435
0.0496738
0.0238341
0.019453
0.118904
0.00630777
0.00501841
0.082728
0.0450191
0.00501841
0.0196122
-0.000755767
-0.000695033
0.0874441
0.0149789
0.0179733
0.0316931
0.00257131
0.0181347
0.000269723
0.0819387
0.0145673
0.00900366
-0.000789929
0.00112383
0.00676894
0.00145744
3.39058e-05
0.0912496
0.00172644
0.00260946
0.0417174
0.00305707
0.0316931
0.0658361
0.0105965
0.092349
0.0213511
0.000530169
-0.000175978
0.0251496
0.0316931
0.10703
0.0021294
0.0618338
-0.000366822
0.0251496
0.0010216
0.000814844
0.0179733
0.00553688
0.0111522
0.0035919
0.0370303
0.0105965
-0.000716293
0.034107
0.0450191
0.0271454
0.0618338
0.0316931
0.0581626
0.036642
0.0251496
0.00630777
0.000814844
0.00449248
0.00553688
3.39058e-05
0.0149789
0.0272161
0.0348535
0.0293968
0.113962
0.00614697
0.0316931
0.0156944
-0.000366822
0.036642
0.00220003
0.0864808
0.0010216
0.0546501
0.0316931
3.39058e-05
0.0327808
0.0450191
-0.000509131
0.00172644
-0.000716293
0.00676894
0.0695711
0.078196
0.0656678
0.0010216
0.0417174
0.0308077
0.000714642
0.0293968
0.0327808
0.131992
0.0035919
0.00135823
-0.000509131
0.0134968
0.000189876
0.0010216
0.0512921
0.0035919
-0.000499807
0.0231955
0.00501841
0.119891
0.0695711
0.0327808
0.0695711
0.0420937
0.00815157
0.0496738
0.0100403
0.113962
0.0450191
-0.000771664
-0.000609327
0.00145744
0.10703
0.0251496
0.0271454
-0.000609327
-0.000509131
0.0048282
0.0100403
0.0136178
0.0581626
0.0618338
0.119891
0.0124791
0.0348535
0.078196
0.00803852
0.0164298
-0.000795773
0.078196
0.00305707
0.0111522
0.0420937
0.0168825
0.139029
0.00815157
0.0021294
0.000814844
0.00900366
-0.000795773
0.00449248
0.0035919
0.112822
0.0293968
0.00418084
0.118904
0.0149789
0.0213511
0.00260946
0.000269723
-0.000509131
0.0231955
-0.000209472
0.0021294
0.0048282
0.0420937
0.0164298
0.0912496
0.101512
0.0468898
0.00614697
0.097448
0.0308077
0.0213511
0.000436989
0.108249
0.00172644
0.00630777
0.0525979
0.0136178
0.0658361
0.078196
0.00556663
0.00418084
0.0100403
0.0238341
0.0658361
0.0738444
0.125288
0.0149789
0.00350369
0.0420937
0.0179733
0.0136178
0.0181347
0.0546501
0.00350369
0.0179733
0.0149789
0.0696696
0.0912496
