-0.171273
-0.168616
-0.171273
-0.171273
-0.171273
-0.0952791
-0.171273
-0.168616
-0.171273
-0.171273
-0.168616
-0.131944
-0.171273
-0.171273
-0.171273
-0.171273
-0.171273
-0.171273
-0.171273
-0.168616
-0.168616
-0.168616
-0.171273
-0.131944
-0.171273
-0.171273
-0.171273
-0.168616
-0.131944
-0.171273
-0.171273
-0.171273
-0.171273
-0.171273
-0.131944
-0.171273
-0.171273
-0.0952791
-0.171273
-0.131944
-0.171273
-0.171273
-0.131944
-0.171273
-0.171273
-0.0952791
-0.0952791
-0.171273
-0.171273
-0.131944
-0.0952791
-0.171273
-0.131944
-0.168616
-0.171273
-0.171273
-0.168616
-0.131944
-0.0952791
-0.171273
-0.131944
-0.171273
-0.171273
-0.171273
-0.131944
-0.171273
-0.171273
-0.0952791
-0.171273
-0.171273
-0.0952791
-0.171273
-0.171273
-0.171273
-0.131944
-0.171273
-0.171273
-0.171273
-0.168616
-0.131944
-0.171273
-0.171273
-0.171273
-0.171273
-0.171273
-0.168616
-0.0952791
-0.168616
-0.171273
-0.171273
-0.171273
-0.0952791
-0.171273
-0.168616
-0.168616
-0.168616
-0.171273
-0.168616
-0.171273
-0.171273
-0.168616
-0.171273
-0.171273
-0.171273
-0.171273
-0.171273
-0.131944
-0.171273
-0.171273
-0.171273
-0.171273
-0.171273
-0.171273
-0.131944
-0.171273
-0.168616
-0.168616
-0.171273
-0.171273
-0.131944
-0.171273
-0.171273
-0.168616
-0.171273
-0.171273
-0.171273
-0.171273
-0.0952791
-0.171273
-0.171273
-0.171273
-0.171273
-0.171273
-0.171273
-0.171273
-0.171273
-0.171273
-0.168616
-0.171273
-0.171273
-0.171273
-0.171273
-0.168616
-0.171273
-0.171273
-0.171273
-0.0952791
-0.171273
-0.131944
-0.171273
-0.168616
-0.171273
-0.168616
-0.171273
-0.171273
-0.171273
-0.171273
-0.171273
-0.0952791
-0.171273
-0.0952791
-0.171273
-0.171273
-0.171273
-0.131944
-0.168616
-0.171273
-0.171273
-0.171273
-0.171273
-0.171273
-0.171273
-0.171273
-0.171273
-0.171273
-0.171273
-0.171273
-0.171273
-0.171273
-0.171273
-0.171273
-0.171273
-0.171273
-0.171273
-0.171273
-0.131944
-0.131944
-0.0952791
-0.0952791
-0.168616
-0.171273
-0.168616
-0.171273
-0.0952791
-0.131944
-0.171273
-0.171273
-0.171273
-0.131944
-0.171273
-0.171273
-0.131944
-0.171273
-0.171273
-0.171273
-0.171273
-0.168616
-0.168616
-0.171273
-0.168616
-0.171273
-0.0952791
-0.171273
-0.171273
-0.171273
-0.171273
-0.171273
-0.171273
-0.171273
-0.171273
-0.171273
-0.171273
-0.171273
-0.171273
-0.171273
-0.171273
-0.171273
-0.0952791
-0.171273
-0.171273
-0.171273
-0.131944
-0.171273
-0.171273
-0.171273
-0.171273
-0.171273
-0.171273
-0.171273
-0.131944
-0.131944
-0.171273
-0.171273
-0.131944
-0.171273
-0.171273
-0.171273
-0.131944
-0.171273
-0.171273
-0.171273
-0.131944
-0.168616
-0.171273
-0.171273
-0.131944
-0.171273
-0.171273
-0.171273
-0.171273
-0.171273
-0.171273
-0.0952791
-0.168616
-0.171273
-0.171273
-0.171273
-0.171273
-0.171273
-0.131944
-0.171273
-0.171273
-0.171273
-0.131944
-0.168616
-0.171273
-0.171273
-0.171273
-0.171273
-0.171273
-0.171273
-0.0952791
-0.171273
-0.131944
-0.171273
-0.171273
-0.0952791
-0.131944
-0.0952791
-0.171273
-0.131944
-0.171273
-0.168616
-0.171273
-0.171273
-0.171273
-0.171273
-0.168616
-0.171273
-0.171273
-0.171273
-0.171273
-0.171273
-0.168616
-0.171273
-0.171273
-0.171273
-0.171273
-0.171273
-0.171273
-0.171273
-0.171273
-0.171273
-0.0952791
-0.131944
-0.168616
-0.171273
-0.171273
-0.171273
-0.171273
-0.171273
-0.171273
-0.171273
-0.171273
-0.171273
-0.171273
-0.168616
-0.0952791
-0.171273
-0.171273
-0.171273
-0.171273
-0.171273
-0.131944
-0.168616
-0.171273
-0.171273
-0.171273
-0.171273
-0.171273
-0.171273
-0.171273
-0.171273
-0.171273
-0.171273
-0.131944
-0.131944
-0.0952791
-0.171273
-0.171273
-0.171273
-0.171273
-0.168616
-0.171273
-0.171273
-0.168616
-0.171273
-0.171273
-0.131944
-0.171273
-0.171273
-0.171273
-0.171273
-0.0952791
-0.168616
-0.171273
-0.171273
-0.171273
-0.168616
-0.171273
-0.171273
-0.171273
-0.171273
-0.171273
-0.0952791
-0.171273
-0.171273
-0.171273
-0.171273
-0.171273
-0.0952791
-0.171273
-0.171273
-0.171273
-0.131944
-0.0952791
-0.0952791
-0.168616
-0.171273
-0.131944
-0.171273
-0.131944
-0.168616
-0.171273
-0.171273
-0.168616
-0.131944
-0.171273
-0.168616
-0.171273
-0.171273
-0.171273
-0.171273
-0.171273
-0.131944
-0.168616
-0.171273
-0.168616
-0.171273
-0.0952791
-0.171273
-0.171273
-0.171273
-0.171273
-0.168616
-0.171273
-0.171273
-0.131944
-0.171273
-0.171273
-0.171273
-0.131944
-0.0952791
-0.171273
-0.171273
-0.171273
-0.171273
-0.171273
-0.171273
-0.171273
-0.171273
-0.131944
-0.171273
-0.171273
-0.171273
-0.171273
-0.168616
-0.171273
-0.131944
-0.171273
-0.131944
-0.0952791
-0.168616
-0.171273
-0.171273
-0.171273
-0.171273
-0.168616
-0.168616
-0.171273
-0.171273
-0.171273
-0.171273
-0.171273
-0.171273
-0.131944
-0.171273
-0.168616
-0.171273
-0.171273
-0.131944
-0.131944
-0.0952791
-0.131944
-0.131944
-0.131944
-0.171273
-0.171273
-0.131944
-0.171273
-0.171273
-0.0952791
-0.171273
-0.171273
-0.171273
-0.171273
-0.168616
-0.168616
-0.131944
-0.171273
-0.171273
-0.168616
-0.171273
-0.171273
-0.171273
-0.171273
-0.171273
-0.171273
-0.131944
-0.171273
-0.171273
-0.131944
-0.171273
-0.171273
-0.171273
-0.0952791
-0.131944
-0.171273
-0.171273
-0.171273
-0.168616
-0.0952791
-0.171273
-0.168616
-0.171273
-0.131944
-0.171273
-0.171273
-0.171273
-0.171273
-0.168616
-0.171273
-0.171273
-0.131944
-0.131944
-0.171273
-0.171273
-0.171273
-0.131944
-0.168616
-0.168616
-0.168616
-0.171273
-0.168616
-0.171273
-0.171273
-0.168616
-0.131944
-0.171273
-0.171273
-0.171273
-0.131944
-0.171273
-0.171273
-0.168616
-0.171273
-0.131944
-0.131944
-0.131944
-0.171273
-0.171273
-0.171273
-0.171273
-0.171273
-0.171273
-0.0952791
-0.0952791
-0.171273
-0.171273
-0.171273
-0.131944
-0.171273
-0.131944
-0.171273
-0.171273
-0.168616
-0.171273
-0.171273
-0.171273
-0.0952791
-0.171273
-0.171273
-0.171273
-0.171273
-0.171273
-0.171273
-0.171273
-0.131944
-0.171273
-0.171273
-0.168616
-0.171273
-0.171273
-0.171273
-0.171273
-0.171273
-0.171273
-0.131944
-0.171273
-0.171273
-0.171273
-0.0952791
-0.171273
-0.0952791
-0.171273
-0.171273
-0.171273
-0.171273
-0.171273
-0.171273
-0.171273
-0.171273
-0.171273
-0.0952791
-0.171273
-0.171273
-0.171273
-0.171273
-0.171273
-0.171273
-0.171273
-0.131944
-0.171273
-0.171273
-0.171273
-0.168616
-0.171273
-0.171273
-0.171273
-0.171273
-0.168616
-0.171273
-0.171273
-0.171273
-0.131944
-0.171273
-0.0952791
-0.0952791
-0.171273
-0.171273
-0.168616
-0.131944
-0.171273
-0.171273
-0.171273
-0.171273
-0.171273
-0.168616
-0.168616
-0.171273
-0.171273
-0.171273
-0.171273
-0.171273
-0.171273
-0.171273
-0.0952791
-0.171273
-0.0952791
-0.0952791
-0.171273
-0.0952791
-0.171273
-0.171273
-0.171273
-0.171273
-0.131944
-0.171273
-0.168616
-0.0952791
-0.171273
-0.171273
-0.171273
-0.131944
-0.171273
-0.0952791
-0.171273
-0.171273
-0.171273
-0.171273
-0.171273
-0.171273
-0.171273
-0.168616
-0.171273
-0.171273
-0.171273
-0.171273
-0.171273
-0.131944
-0.131944
-0.0952791
-0.171273
-0.171273
-0.0952791
-0.0952791
-0.171273
-0.171273
-0.171273
-0.171273
-0.171273
-0.171273
-0.171273
-0.168616
-0.131944
-0.131944
-0.171273
-0.131944
-0.171273
-0.171273
-0.0952791
-0.171273
-0.171273
-0.0952791
-0.171273
-0.131944
-0.0952791
-0.171273
-0.171273
-0.171273
-0.171273
-0.171273
-0.168616
-0.171273
-0.171273
-0.131944
-0.171273
-0.171273
-0.171273
-0.171273
-0.171273
-0.171273
-0.171273
-0.171273
-0.168616
-0.0952791
-0.171273
-0.171273
-0.171273
-0.171273
-0.171273
-0.171273
-0.171273
-0.171273
-0.168616
-0.171273
-0.171273
-0.171273
-0.171273
-0.168616
-0.171273
-0.171273
-0.171273
-0.0952791
-0.168616
-0.168616
-0.171273
-0.171273
-0.171273
-0.171273
-0.171273
-0.171273
-0.171273
-0.171273
-0.171273
-0.171273
-0.171273
-0.171273
-0.171273
-0.171273
-0.171273
-0.171273
-0.131944
-0.171273
-0.171273
-0.171273
-0.171273
-0.171273
-0.171273
-0.171273
-0.171273
-0.171273
-0.171273
-0.171273
-0.171273
-0.171273
-0.171273
-0.168616
-0.171273
-0.171273
-0.171273
-0.171273
-0.131944
-0.0952791
-0.131944
-0.171273
-0.171273
-0.171273
-0.171273
-0.168616
-0.171273
-0.168616
-0.131944
-0.131944
-0.171273
-0.171273
-0.0952791
-0.171273
-0.0952791
-0.171273
-0.171273
-0.171273
-0.0952791
-0.171273
-0.171273
-0.168616
-0.168616
-0.171273
-0.171273
-0.171273
-0.171273
-0.171273
-0.171273
-0.0952791
-0.131944
-0.171273
-0.168616
-0.171273
-0.171273
-0.0952791
-0.168616
-0.168616
-0.131944
-0.171273
-0.171273
-0.171273
-0.171273
-0.171273
-0.168616
-0.171273
-0.171273
-0.171273
-0.171273
-0.171273
-0.171273
-0.171273
-0.171273
-0.171273
-0.171273
-0.131944
-0.171273
-0.171273
-0.0952791
-0.168616
-0.171273
-0.171273
-0.168616
-0.131944
-0.171273
-0.171273
-0.0952791
-0.171273
-0.168616
-0.171273
-0.171273
-0.168616
-0.171273
-0.168616
-0.171273
-0.171273
-0.171273
-0.171273
-0.131944
-0.131944
-0.171273
-0.0952791
-0.131944
-0.0952791
-0.131944
-0.168616
-0.171273
-0.171273
-0.171273
-0.171273
-0.171273
-0.168616
-0.131944
-0.171273
-0.131944
-0.0952791
-0.171273
-0.131944
-0.171273
-0.171273
-0.131944
-0.171273
-0.171273
-0.171273
-0.131944
-0.131944
-0.171273
-0.171273
-0.131944
-0.171273
-0.171273
-0.171273
-0.171273
-0.171273
-0.0952791
-0.0952791
-0.171273
-0.171273
-0.171273
-0.171273
-0.131944
-0.171273
-0.171273
-0.171273
-0.171273
-0.171273
-0.171273
-0.171273
-0.171273
-0.131944
-0.171273
-0.171273
-0.168616
-0.171273
-0.0952791
-0.171273
-0.171273
-0.171273
-0.131944
-0.171273
-0.171273
-0.168616
-0.0952791
-0.131944
-0.171273
-0.171273
-0.171273
-0.171273
-0.168616
-0.171273
-0.171273
-0.171273
-0.171273
-0.168616
-0.168616
-0.0952791
-0.0952791
-0.0952791
-0.171273
-0.171273
-0.0952791
-0.171273
-0.168616
-0.171273
-0.0952791
-0.171273
-0.168616
-0.131944
-0.171273
-0.171273
-0.171273
-0.171273
-0.171273
-0.168616
-0.171273
-0.171273
-0.171273
-0.171273
-0.131944
-0.171273
-0.171273
-0.168616
-0.168616
-0.171273
-0.171273
-0.171273
-0.168616
-0.171273
-0.171273
-0.171273
-0.131944
-0.168616
-0.171273
-0.171273
-0.171273
-0.171273
-0.0952791
-0.171273
-0.168616
-0.171273
-0.0952791
-0.171273
-0.171273
-0.171273
-0.168616
-0.171273
-0.0952791
-0.171273
-0.171273
-0.168616
-0.171273
-0.171273
-0.0952791
-0.171273
-0.168616
-0.171273
-0.131944
-0.168616
-0.168616
-0.171273
-0.131944
-0.171273
-0.168616
-0.168616
-0.0952791
-0.171273
-0.00766196
0.0697454
0.0113308
0.0142824
-0.0935787
0.203504
0.0596189
0.125951
-0.0408921
-0.0321485
0.117636
0.189403
-0.0019255
-0.0732923
-0.0938125
-0.043461
-0.0807537
-0.0278408
-0.00607636
0.130654
0.0751205
0.0974502
-0.0470041
0.177263
-0.0199363
-0.0713248
-0.100938
0.11407
0.178014
-0.0766668
-0.0204358
-0.0616934
0.0582764
-0.0271766
0.177539
-0.0745428
0.0255321
0.203863
0.0497563
0.154671
-0.068321
-0.0777077
0.189403
-0.0321485
-0.00866588
0.203504
0.189403
0.00656907
-0.00662144
0.167
0.203504
0.00921491
0.189403
0.0902465
-0.108582
-0.0935787
0.0710449
0.189403
0.219
0.00921491
0.155079
-0.0751946
-0.108582
-0.019422
0.166343
-0.0871718
-0.066632
0.203504
-0.0517126
-0.0523667
0.218643
-0.0247285
-0.075638
-0.0819065
0.15377
0.0511632
-0.043461
0.0135249
0.0823577
0.176268
-0.0444003
0.0338019
-0.0314505
-0.0271766
-0.0586897
0.0997248
0.203504
0.0624225
-0.074758
0.0120523
0.0540238
0.203504
-0.00866588
0.0850122
0.117637
0.117612
-0.0869398
0.110844
0.0106169
-0.0648795
0.0864032
-0.030632
-0.0819151
-0.0938125
-0.0483181
0.0113308
0.166611
-0.0408921
-0.108582
0.00168354
0.0166917
-0.0696604
-0.0764205
0.166179
-0.0174426
0.121418
0.0638429
0.0203341
-0.0155292
0.166343
-0.0869398
-0.0586897
0.11407
-0.100938
0.0582764
-0.0618194
-0.0758589
0.203504
-0.108582
-0.0935787
-0.0938125
-0.0408921
-0.07374
-0.0583676
-0.0758589
-0.0314505
0.030163
0.0810651
-0.0330532
-0.0616934
-0.050407
0.0135249
0.0878554
-0.00766196
-0.108582
-0.0694421
0.203504
-0.0367114
0.166343
0.0497742
0.130936
-0.0649344
0.0850122
-0.0292451
-0.00434595
-0.100938
0.0350531
0.0166917
0.203863
-0.0745428
0.203504
0.0289801
-0.0754159
-0.0816169
0.176268
0.0797788
-0.0375907
-0.0649344
-0.100938
-0.0871718
-0.0160123
0.0389172
-0.0758589
0.0150596
0.0203341
0.0278114
0.00532196
0.0120523
-0.0818716
0.042897
0.000474669
0.000474669
-0.0530239
0.0142824
0.0376131
0.166977
0.189403
0.203504
0.203863
0.0823577
-0.0818449
0.121577
0.0289801
0.219
0.154881
-0.0745428
-0.0179242
-0.0938125
0.189403
-0.100938
-0.0530239
0.155495
0.0313592
-0.0696604
-0.0871718
-0.0809837
0.0680529
0.130722
0.000474669
0.0738698
-0.0019255
0.219
-0.0330532
-0.0871718
0.00471006
-0.0782056
-0.0219869
-0.0680116
0.030163
-0.0321485
-0.0745428
-0.0236108
-0.030632
0.0554465
-0.0348108
-0.0780366
-0.0444003
0.189403
-0.0556587
0.0511849
-0.0754159
0.15377
-0.0431111
-0.0632017
-0.0871718
-0.017935
-0.0348108
-0.00662144
-0.0935787
0.176268
0.166611
-0.108582
0.0120523
0.166179
0.0540238
-0.042159
-0.0530239
0.166343
0.0166917
-0.0602793
-0.0600647
0.166343
0.0667436
-0.0814616
-0.00916824
0.176268
-0.0938125
-0.0713248
0.0363241
0.0278114
-0.068321
-0.0602793
0.203504
0.143707
0.0289801
0.00532196
-0.081349
-0.0271766
-0.08129
0.176628
-0.0338186
0.0313592
-0.0735217
0.189403
0.0804768
-0.0523667
-0.0869398
-0.0730522
-0.015043
-0.0556587
-0.066632
0.203504
-0.0348108
0.153203
-0.0815079
-0.028529
0.189403
0.166804
0.203504
0.0289801
0.166784
-0.0367114
0.110765
0.042897
-0.0764205
-0.0764205
-0.00766196
0.0723172
-0.0813231
-0.0935787
-0.0633543
-0.0938125
-0.100938
0.0665953
0.0350531
-0.0111492
0.00921491
0.0415607
0.0554089
-0.0664752
-0.0813043
0.01845
-0.0330532
0.189403
0.154228
0.0780068
-0.0236108
0.0106169
-0.0772551
-0.0214749
-0.0698638
-0.0219869
0.0511632
-0.0367114
-0.043461
-0.0271766
0.125762
0.219
-0.0680116
-0.0681814
0.0415607
-0.0782056
0.0278114
0.177539
0.110765
0.0233604
0.042897
-0.0375907
-0.0179242
-0.0321485
-0.019422
0.0255321
-0.0935787
0.0213147
-0.0938125
0.176268
0.177263
0.203504
-0.0517126
-0.0935787
-0.0523667
-0.0680116
0.0667436
-0.0735217
-0.108582
0.0652822
-0.00551427
-0.0116347
0.189403
-0.108582
0.0244309
-0.100938
0.0203341
0.203504
0.117636
-0.029122
-0.0483181
-0.0586897
0.0855331
-0.0809837
-0.0456994
0.0554465
-0.00866588
-0.0215077
0.219
-0.0348108
0.0540238
-0.0871718
-0.0586897
-0.108582
0.203504
-0.081419
-0.0649344
-0.0602793
0.176268
0.189403
0.219
0.110816
0.0540238
0.176268
-0.0496485
0.166875
0.125762
-0.029858
0.0376131
0.136439
0.189403
0.00471006
0.0751205
-0.0517126
-0.0241623
0.0203341
-0.0618194
-0.00966928
0.166903
0.110844
-0.0225036
0.0624225
-0.0483181
0.189403
-0.0214749
0.0389172
-0.0871718
-0.0265344
0.0804768
-0.0271766
-0.0556587
0.15526
0.0568648
-0.0292451
-0.064927
0.189403
0.219
-0.0778702
-0.0869398
-0.030632
-0.0600647
-0.0586897
0.00991091
-0.0209388
0.0278114
0.155079
-0.0766668
-0.0664752
-0.0470041
-0.0408921
0.0710449
-0.072803
0.189403
-0.0600647
0.176268
0.219
0.0738698
-0.024794
-0.0019255
-0.0496485
-0.0164922
0.0610166
0.0652822
-0.0530239
-0.0938125
-0.0586897
-0.00374569
-0.0586897
-0.00313971
0.166343
-0.0745428
0.130654
0.0525757
-0.0543379
0.144023
0.178014
0.203504
0.166929
0.176268
0.176268
-0.019422
-0.0330532
0.167
-0.0199156
-0.0199363
0.218643
-0.0766668
-0.0616934
-0.0782056
-0.0869398
0.102314
0.107723
0.178215
-0.0543379
0.0469615
0.0958348
-0.0819065
-0.0602793
0.0193781
-0.0935787
-0.0387441
-0.0530239
0.176268
0.0150596
-0.0618194
0.166995
-0.100703
-0.0348108
-0.0456994
0.189403
0.166929
0.0325711
-0.0470041
-0.100938
0.130654
0.203863
-0.0751946
0.0751205
-0.0758589
0.154981
0.030163
0.00853166
0.0325711
-0.0375907
0.121577
-0.076076
-0.07374
0.166977
0.166343
-0.0938125
-0.0664752
-0.0321485
0.155495
0.102314
0.0850122
0.0836686
-0.0719545
0.0810651
-0.0715458
0.0135249
0.0680529
0.166977
-0.0773989
-0.100938
-0.0817887
0.154114
0.0483552
-0.0431111
0.104995
-0.0444003
0.189403
0.189403
0.154777
-0.0935787
-0.0408921
-0.075638
-0.0869398
-0.0616934
-0.0375907
0.218643
0.203504
0.0582221
-0.0573718
-0.000125766
0.189403
-0.0698638
0.166849
-0.071756
-0.0530239
0.076755
-0.0602793
-0.0356368
-0.0431111
0.203504
-0.0461263
-0.0938125
0.00991091
0.042897
0.0540238
-0.07374
-0.0247285
0.154453
0.0278114
-0.0818
0.0610949
-0.0710936
-0.00916824
-0.0739473
0.0376131
-0.0375907
-0.0818449
0.153655
-0.0775501
-0.0813043
0.0313592
0.219
-0.029858
0.219
0.0540238
-0.0356368
-0.07374
-0.0816169
-0.0813231
-0.0184178
0.0278114
-0.0751946
-0.0817133
0.189403
-0.0600647
0.0338019
0.00991091
-0.0278408
0.0244309
-0.0556587
-0.0935787
0.153655
-0.0649344
-0.0483181
-0.0782056
0.0738698
-0.072803
-0.0871718
-0.0618194
-0.0314505
0.0751205
-0.108582
-0.0719545
-0.0938125
0.189403
-0.0710936
0.219
0.203504
-0.0126018
-0.0387441
0.0974502
0.176268
0.0596842
-0.00374569
-0.0560943
0.0266605
-0.0777077
0.117645
0.0763498
0.0313592
-0.00551427
-0.066632
-0.0719545
-0.00551427
-0.042159
0.00853166
0.203504
0.00168354
0.189403
0.189403
-0.0470041
0.203863
0.0325711
-0.030632
-0.100938
0.0313592
0.166708
-0.0732923
0.0654162
0.203504
-0.0330532
-0.0556587
-0.00132274
0.155561
-0.0871718
0.203863
-0.0444003
-0.0633543
-0.068321
0.0338019
-0.066632
-0.0356368
-0.0649344
0.0723172
-0.0569969
-0.0702134
-0.0935787
-0.0356368
-0.0782056
0.176268
0.176268
0.203504
-0.0321485
-0.0418422
0.203504
0.189403
-0.0772551
0.0483701
0.042897
-0.0321485
-0.0491131
-0.0696604
0.0203341
0.125898
0.14384
0.176268
-0.0408921
0.155495
-0.0700493
-0.068321
0.219
-0.0330532
-0.00966928
0.203504
-0.0543379
0.176268
0.189403
-0.07374
0.0193781
-0.100938
-0.074758
-0.028529
0.0999396
-0.0818391
-0.0768753
0.189403
-0.100938
-0.0732923
-0.000125766
-0.0777077
-0.0633018
-0.064927
-0.0633543
-0.108582
0.0763498
0.203504
-0.0681814
0.0415607
-0.108582
0.0540238
-0.0813537
0.0106169
-0.108582
0.0223221
0.0754875
-0.0543379
-0.0618194
-0.0819065
-0.0071494
0.121577
0.0266605
0.0389172
-0.0633018
0.219
0.0654162
0.143707
-0.0780366
0.00107837
-0.100938
-0.0817559
-0.0121183
0.0363241
0.0389172
0.00107837
-0.0215077
-0.0739473
0.0244309
0.0150596
-0.075638
-0.0220233
-0.0935787
-0.0602793
0.166977
-0.0399481
-0.0314505
-0.0938125
0.0266605
0.0511632
-0.0600647
0.0554465
-0.0399481
0.0350531
0.0223221
0.00410265
-0.108582
-0.0164922
-0.00966928
0.0669037
-0.0220233
-0.0496485
-0.0399481
-0.0817559
0.176268
0.189403
0.176628
-0.0367114
0.0213147
-0.0680116
0.0028933
0.117572
-0.0126018
0.0934852
0.14384
0.144112
0.00656907
-0.108582
0.203504
0.0028933
0.203504
0.00786302
-0.0321485
-0.0739473
0.203504
0.042897
-0.00916824
0.125951
0.076755
-0.0713248
-0.0600647
-0.0556587
-0.0935787
0.0497742
-0.0356368
0.203863
0.176268
-0.0356368
0.110765
0.000474669
0.0022887
0.203863
0.0918181
0.102129
0.155495
0.0338019
-0.0543379
-0.0174426
-0.0815568
-0.0509989
0.0624225
-0.000723693
-0.0230722
-0.0399481
-0.0241623
-0.0164922
-0.0817887
0.0278114
-0.029122
-0.0700493
0.0350531
0.166623
-0.0778702
-0.0456994
0.203504
0.121418
-0.0199156
-0.0135747
0.136592
0.166708
-0.0869398
0.0313592
0.189403
0.00786302
0.13627
0.0223221
-0.0209662
0.102314
0.0455986
0.0725959
0.0376131
-0.0664752
-0.0470041
-0.00607636
0.166977
0.176268
-0.0618194
0.189403
0.166623
0.189403
0.166875
0.13627
0.0497563
-0.0209662
-0.0338186
0.0483552
-0.0155292
0.0883274
0.144023
-0.0665729
0.154777
0.219
-0.0387441
0.155561
-0.0517126
0.00921491
0.166179
-0.0278408
-0.0817082
0.0233604
0.189403
0.155422
-0.0155292
-0.064927
0.176268
-0.0111492
0.0278114
-0.00607636
-0.0396681
-0.076993
0.203504
0.203504
0.0223221
-0.0698638
-0.0633543
0.0203341
0.154
-0.064927
-0.100938
0.0376131
0.0233604
-0.0111492
-0.0496485
0.0158613
0.0213147
0.189403
0.0389172
0.00720918
0.130654
-0.0356368
0.219
-0.076993
-0.064927
-0.0775501
0.176268
-0.042159
-0.0710936
0.0654162
0.219
0.176268
-0.00551427
0.00410265
-0.0236108
-0.0871718
0.136312
-0.0616934
0.00532196
-0.0106602
0.042897
0.0652822
0.0842227
0.189403
0.189403
0.219
-0.0483181
-0.0665729
0.203504
0.0582221
0.0958348
-0.00374569
0.203504
0.0338019
0.0725959
0.176268
-0.0537467
-0.100938
-0.042159
0.0289801
-0.0214749
0.0610949
-0.00253187
-0.0338186
0.0363241
-0.0935787
0.154228
0.0402339
-0.0935787
0.0864032
0.117572
-0.0292451
-0.0164922
-0.0101669
0.130654
0.0113308
0.0289801
0.042897
0.176268
0.0997248
-0.0818836
-0.0869398
-0.0719545
-0.0387441
0.219
-0.0648999
0.125951
0.01845
0.219
0.0266605
0.0511632
-0.07374
0.0836686
-0.0778702
0.203504
-0.0367114
0.0402339
0.0682299
-0.0600647
-0.0777077
0.203504
-0.100938
0.0898338
-0.0314505
0.176268
0.0999396
0.0864032
-0.0543379
0.189403
-0.0321485
0.0999396
0.0868973
0.203504
-0.0819151
-0.00766196
0.075905
0.0113308
0.0142824
-0.0935787
0.203504
0.0590058
0.152245
-0.0408479
-0.032378
0.152245
0.189403
-0.0019255
-0.0599684
-0.0938125
-0.0432522
-0.0807537
-0.0277889
-0.00607636
0.152245
0.120739
0.141626
-0.0443302
0.175878
-0.0202706
-0.0556359
-0.100938
0.152245
0.176268
-0.0696222
-0.0202706
-0.0381129
0.0590058
-0.0266826
0.176268
-0.064623
0.0255321
0.203863
0.0496969
0.164031
-0.0478542
-0.0696222
0.189403
-0.032378
-0.00866588
0.203504
0.189403
0.00656907
-0.00662144
0.164031
0.203504
0.00921491
0.189403
0.141626
-0.108582
-0.0935787
0.0829137
0.189403
0.219
0.00921491
0.163644
-0.064623
-0.108582
-0.0193253
0.176268
-0.0871718
-0.047613
0.203504
-0.0463982
-0.0462691
0.218643
-0.0245867
-0.064623
-0.0807537
0.163644
0.0510631
-0.0432522
0.0135249
0.141626
0.176268
-0.0431823
0.0338019
-0.0309191
-0.0266826
-0.0397394
0.141626
0.203504
0.0626579
-0.064623
0.0120523
0.0551255
0.203504
-0.00866588
0.141626
0.152245
0.152245
-0.0869398
0.152245
0.0106169
-0.0443668
0.141626
-0.0302341
-0.0807537
-0.0938125
-0.0453901
0.0113308
0.176268
-0.0398213
-0.108582
0.00168354
0.0166917
-0.0556359
-0.0749905
0.176268
-0.0174426
0.152245
0.0649672
0.0203341
-0.0155292
0.176268
-0.0869398
-0.0350772
0.152245
-0.100938
0.0590058
-0.0411251
-0.064623
0.203504
-0.108582
-0.0935787
-0.0938125
-0.0398213
-0.0599684
-0.0394078
-0.064623
-0.0316363
0.030163
0.141626
-0.0331409
-0.037875
-0.0460426
0.0135249
0.141626
-0.00766196
-0.108582
-0.0556359
0.203504
-0.0364141
0.175878
0.0496969
0.152245
-0.0441273
0.14122
-0.0289629
-0.00434595
-0.100938
0.0350531
0.0166917
0.203863
-0.064623
0.203504
0.0289801
-0.064623
-0.0807537
0.176268
0.141626
-0.0364141
-0.0441273
-0.100938
-0.0871718
-0.0160123
0.0389172
-0.0599684
0.0150596
0.0203341
0.0278114
0.00532196
0.0120523
-0.0807537
0.042897
0.000474669
0.000474669
-0.0461716
0.0142824
0.0376131
0.164031
0.189403
0.203504
0.203863
0.141626
-0.0807537
0.152245
0.0289801
0.219
0.163644
-0.064623
-0.0179142
-0.0938125
0.189403
-0.100938
-0.0462591
0.164031
0.0313592
-0.0516044
-0.0871718
-0.0809837
0.0708707
0.152245
0.000474669
0.11281
-0.0019255
0.219
-0.032378
-0.0871718
0.00471006
-0.064623
-0.0216888
-0.0516044
0.030163
-0.0316363
-0.064623
-0.0231112
-0.0302341
0.0564487
-0.0339279
-0.064623
-0.0437135
0.189403
-0.0437068
0.0510631
-0.064623
0.163644
-0.0426822
-0.0411251
-0.0871718
-0.0179142
-0.0339279
-0.00662144
-0.0935787
0.176268
0.176268
-0.108582
0.0120523
0.176268
0.0551255
-0.0426092
-0.0461716
0.176268
0.0166917
-0.037875
-0.0353152
0.176268
0.069766
-0.0749905
-0.00916824
0.176268
-0.0938125
-0.0556359
0.0363241
0.0278114
-0.0478542
-0.037875
0.203504
0.152245
0.0289801
0.00532196
-0.0749905
-0.0272298
-0.0749905
0.176268
-0.0331409
0.0313592
-0.0599684
0.189403
0.141626
-0.0462691
-0.0869398
-0.0599684
-0.015043
-0.0445932
-0.0478542
0.203504
-0.0339279
0.163644
-0.0749905
-0.0283652
0.189403
0.176268
0.203504
0.0289801
0.164031
-0.035571
0.152245
0.042897
-0.0749905
-0.0749905
-0.00766196
0.0895883
-0.0749905
-0.0935787
-0.0411251
-0.0938125
-0.100938
0.0698419
0.0350531
-0.0111492
0.00921491
0.0415607
0.0551255
-0.0478542
-0.0749905
0.01845
-0.032378
0.189403
0.163644
0.131731
-0.0235957
0.0106169
-0.0696222
-0.0216888
-0.0516044
-0.0216888
0.0510631
-0.0364141
-0.0432522
-0.0272298
0.152245
0.219
-0.0516044
-0.0516044
0.0415607
-0.064623
0.0278114
0.176268
0.152245
0.0233604
0.042897
-0.0372671
-0.0179142
-0.0316363
-0.0193253
0.0255321
-0.0935787
0.0213147
-0.0938125
0.176268
0.176268
0.203504
-0.0463432
-0.0935787
-0.0462691
-0.051361
0.0702175
-0.0599684
-0.108582
0.0688796
-0.00551427
-0.0116347
0.189403
-0.108582
0.0244309
-0.100938
0.0203341
0.203504
0.152245
-0.0283652
-0.0449702
-0.0350772
0.141626
-0.0809837
-0.043944
0.0551255
-0.00866588
-0.0216888
0.219
-0.0347399
0.0537808
-0.0871718
-0.0370524
-0.108582
0.203504
-0.0749905
-0.0441273
-0.037875
0.176268
0.189403
0.219
0.152245
0.0537808
0.176268
-0.0460001
0.176268
0.152245
-0.029584
0.0376131
0.152245
0.189403
0.00471006
0.126506
-0.0463432
-0.0240872
0.0203341
-0.0408866
-0.00966928
0.164031
0.152245
-0.0221598
0.0626579
-0.0449702
0.189403
-0.0212172
0.0389172
-0.0871718
-0.026144
0.14122
-0.0266826
-0.0448515
0.164031
0.0564487
-0.0289629
-0.0441273
0.189403
0.219
-0.0696222
-0.0869398
-0.029584
-0.037875
-0.0363816
0.00991091
-0.0207442
0.0278114
0.163644
-0.0696222
-0.0478542
-0.0443302
-0.0389841
0.0815777
-0.0599684
0.189403
-0.0353152
0.176268
0.219
0.102588
-0.0245867
-0.0019255
-0.0456295
-0.0164922
0.0614617
0.0688055
-0.0464179
-0.0938125
-0.0390125
-0.00374569
-0.03597
-0.00313971
0.176268
-0.064623
0.152245
0.0524249
-0.0458665
0.163644
0.176268
0.203504
0.176268
0.176268
0.176268
-0.0193253
-0.0331409
0.164031
-0.0197973
-0.0202706
0.218643
-0.0696222
-0.0381129
-0.064623
-0.0869398
0.141626
0.152245
0.176268
-0.0453222
0.0469615
0.141626
-0.0807537
-0.037875
0.0193781
-0.0935787
-0.0381275
-0.0463418
0.176268
0.0150596
-0.0411251
0.164031
-0.100703
-0.0347399
-0.0440823
0.189403
0.176268
0.0325711
-0.0444073
-0.100938
0.152245
0.203863
-0.064623
0.127307
-0.0599684
0.164031
0.030163
0.00853166
0.0325711
-0.0364141
0.152245
-0.0599684
-0.0599684
0.164031
0.176268
-0.0938125
-0.0478542
-0.0316363
0.164031
0.141626
0.14122
0.14122
-0.0556359
0.141626
-0.0556359
0.0135249
0.0708435
0.164031
-0.0696222
-0.100938
-0.0807537
0.163644
0.0483287
-0.0426822
0.141626
-0.0431823
0.189403
0.189403
0.164031
-0.0935787
-0.0398213
-0.064623
-0.0869398
-0.037875
-0.0364141
0.218643
0.203504
0.0577422
-0.0413404
-0.000125766
0.189403
-0.0516044
0.164031
-0.0556359
-0.0464179
0.131731
-0.037875
-0.035571
-0.0426822
0.203504
-0.0444073
-0.0938125
0.00991091
0.042897
0.0551255
-0.0599684
-0.0245867
0.163644
0.0278114
-0.0749905
0.0614617
-0.0556359
-0.00916824
-0.0599684
0.0376131
-0.0364141
-0.0807537
0.163644
-0.0696222
-0.0749905
0.0313592
0.219
-0.029584
0.219
0.0537808
-0.035571
-0.0599684
-0.0807537
-0.0749905
-0.0183846
0.0278114
-0.064623
-0.0809837
0.189403
-0.0381129
0.0338019
0.00991091
-0.0277889
0.0244309
-0.0431253
-0.0935787
0.163644
-0.0441273
-0.0452849
-0.064623
0.11281
-0.0599684
-0.0871718
-0.0408866
-0.0309191
0.126593
-0.108582
-0.0556359
-0.0938125
0.189403
-0.0556359
0.219
0.203504
-0.0126018
-0.0372671
0.141626
0.176268
0.0602442
-0.00374569
-0.0439993
0.0266605
-0.0696222
0.152245
0.131331
0.0313592
-0.00551427
-0.0478542
-0.0556359
-0.00551427
-0.0416353
0.00853166
0.203504
0.00168354
0.189403
0.189403
-0.0443302
0.203863
0.0325711
-0.0302341
-0.100938
0.0313592
0.164031
-0.0599684
0.0702111
0.203504
-0.032378
-0.0437068
-0.00132274
0.164031
-0.0871718
0.203863
-0.0437135
-0.0408866
-0.047613
0.0338019
-0.047613
-0.0347399
-0.0443668
0.0843187
-0.0421892
-0.0516044
-0.0935787
-0.0347399
-0.064623
0.176268
0.176268
0.203504
-0.0316363
-0.0408479
0.203504
0.189403
-0.0696222
0.0483287
0.042897
-0.0316363
-0.0455646
-0.0556359
0.0203341
0.152245
0.163644
0.176268
-0.0389841
0.164031
-0.0516044
-0.047613
0.219
-0.032378
-0.00966928
0.203504
-0.0453222
0.176268
0.189403
-0.0599684
0.0193781
-0.100938
-0.064623
-0.0283652
0.141626
-0.0807537
-0.0696222
0.189403
-0.100938
-0.0599684
-0.000125766
-0.0696222
-0.0408866
-0.0443668
-0.0443668
-0.108582
0.131331
0.203504
-0.0516044
0.0415607
-0.108582
0.0537808
-0.0809837
0.0106169
-0.108582
0.0223221
0.13387
-0.0458417
-0.0411251
-0.0807537
-0.0071494
0.152245
0.0266605
0.0389172
-0.0408866
0.219
0.0702111
0.152245
-0.064623
0.00107837
-0.100938
-0.0749905
-0.0121183
0.0363241
0.0389172
0.00107837
-0.0216888
-0.0599684
0.0244309
0.0150596
-0.064623
-0.0221598
-0.0935787
-0.0381129
0.164031
-0.0389841
-0.0309191
-0.0938125
0.0266605
0.0510631
-0.037875
0.0551255
-0.0389841
0.0350531
0.0223221
0.00410265
-0.108582
-0.0164922
-0.00966928
0.0702175
-0.0221598
-0.0456295
-0.0389841
-0.0749905
0.176268
0.189403
0.176268
-0.0364141
0.0213147
-0.051361
0.0028933
0.152245
-0.0126018
0.141626
0.163644
0.163644
0.00656907
-0.108582
0.203504
0.0028933
0.203504
0.00786302
-0.0316363
-0.0599684
0.203504
0.042897
-0.00916824
0.152245
0.131331
-0.0556359
-0.0350772
-0.0442747
-0.0935787
0.0496969
-0.0347399
0.203863
0.176268
-0.0347399
0.152245
0.000474669
0.0022887
0.203863
0.141626
0.141626
0.164031
0.0338019
-0.0453547
-0.0174426
-0.0749905
-0.046162
0.0626579
-0.000723693
-0.0226329
-0.0389841
-0.0240872
-0.0164922
-0.0807537
0.0278114
-0.0283652
-0.0516044
0.0350531
0.163644
-0.0696222
-0.0440823
0.203504
0.152245
-0.0197973
-0.0135747
0.152245
0.163644
-0.0869398
0.0313592
0.189403
0.00786302
0.152245
0.0223221
-0.0207442
0.141626
0.0455986
0.0920015
0.0376131
-0.0478542
-0.0443302
-0.00607636
0.163644
0.176268
-0.0408866
0.189403
0.163644
0.189403
0.176268
0.152245
0.0496969
-0.0207442
-0.0339279
0.0483287
-0.0155292
0.141626
0.163644
-0.047613
0.164031
0.219
-0.0372671
0.163644
-0.0463982
0.00921491
0.176268
-0.0272298
-0.0752184
0.0233604
0.189403
0.164031
-0.0155292
-0.0441273
0.176268
-0.0111492
0.0278114
-0.00607636
-0.0389841
-0.0696222
0.203504
0.203504
0.0223221
-0.0516044
-0.0443668
0.0203341
0.163644
-0.0441273
-0.100938
0.0376131
0.0233604
-0.0111492
-0.0457523
0.0158613
0.0213147
0.189403
0.0389172
0.00720918
0.152245
-0.0347399
0.219
-0.0696222
-0.0443668
-0.0696222
0.176268
-0.0416353
-0.0556359
0.0702111
0.219
0.176268
-0.00551427
0.00410265
-0.0235957
-0.0871718
0.152245
-0.037875
0.00532196
-0.0106602
0.042897
0.0688055
0.14122
0.189403
0.189403
0.219
-0.0450517
-0.0478542
0.203504
0.0577422
0.141626
-0.00374569
0.203504
0.0338019
0.0946345
0.176268
-0.0461716
-0.100938
-0.0416353
0.0289801
-0.0216888
0.0614617
-0.00253187
-0.0331409
0.0363241
-0.0935787
0.164031
0.0402339
-0.0935787
0.141626
0.152245
-0.0289629
-0.0164922
-0.0101669
0.152245
0.0113308
0.0289801
0.042897
0.176268
0.141626
-0.0807537
-0.0869398
-0.0556359
-0.0372671
0.219
-0.0441273
0.152245
0.01845
0.219
0.0266605
0.0510631
-0.0599684
0.141626
-0.0696222
0.203504
-0.035571
0.0402339
0.0709001
-0.0350772
-0.0696222
0.203504
-0.100938
0.141626
-0.0309191
0.176268
0.141626
0.141626
-0.0458417
0.189403
-0.0316363
0.141626
0.141626
0.203504
-0.0807537
