0.168929
0.112619
0.112619
0.112619
0.112619
0.112619
0.168929
0.112619
0.112619
0.112619
0.112619
0.168929
0.112619
0.112619
0.112619
0.168929
0.112619
0.112619
0.168929
0.112619
0.112619
0.168929
0.112619
0.112619
0.168929
0.112619
0.168929
0.112619
0.112619
0.168929
0.112619
0.168929
0.112619
0.112619
0.168929
0.112619
0.168929
0.112619
0.168929
0.112619
0.168929
0.112619
0.168929
0.112619
0.168929
0.112619
0.168929
0.168929
0.112619
0.168929
0.112619
0.168929
0.112619
0.168929
0.168929
0.112619
0.168929
0.168929
0.112619
0.168929
0.112619
0.168929
0.168929
0.112619
0.168929
0.168929
0.112619
0.168929
0.168929
0.112619
0.168929
0.168929
0.168929
0.112619
0.168929
0.168929
0.112619
0.168929
0.168929
0.168929
0.112619
0.168929
0.168929
0.168929
0.112619
0.168929
0.168929
0.168929
0.168929
0.112619
0.168929
0.168929
0.168929
0.168929
0.112619
0.168929
0.168929
0.168929
0.112619
0.168929
0.168929
0.168929
0.168929
0.112619
0.168929
0.168929
0.168929
0.168929
0.168929
0.112619
0.168929
0.168929
0.168929
0.168929
0.168929
0.168929
0.112619
0.168929
0.168929
0.168929
0.168929
0.168929
0.168929
0.168929
0.168929
0.168929
0.168929
0.225238
0.168929
0.168929
0.168929
0.168929
0.168929
0.168929
0.225238
0.168929
0.168929
0.168929
0.225238
0.168929
0.168929
0.225238
0.168929
0.225238
0.168929
0.168929
0.225238
0.168929
0.225238
0.225238
0.168929
0.225238
0.225238
0.168929
0.225238
0.225238
0.225238
0.225238
0.225238
0.225238
0.225238
0.281548
0.225238
0.225238
0.281548
0.281548
0.225238
0.281548
0.281548
0.281548
0.281548
0.281548
0.280661
0.277082
0.32713
0.268124
0.314853
0.309751
0.301571
0.296957
0.341062
0.283878
0.326025
0.322134
0.316336
0.351703
0.346424
0.341097
0.337034
0.333173
0.370387
0.363515
0.397567
0.392245
0.388371
0.424823
0.462666
0.463688
0.505439
0.510471
0.558482
0.569496
0.622615
0.638831
0.697048
0.714471
0.733399
0.804644
0.839547
0.884469
0.988171
0.952553
0.914843
0.869848
0.840996
0.817783
0.793219
0.7266
0.706533
0.690207
0.635429
0.625739
0.575345
0.608051
0.56159
0.556378
0.512637
0.509187
0.506487
0.504176
0.502502
0.462814
0.461872
0.461447
0.461242
0.422732
0.461462
0.384693
0.462602
0.38629
0.425789
0.388819
0.428493
0.392604
0.353625
0.396619
0.35731
0.401063
0.36134
0.324765
0.365934
0.369425
0.329929
0.375134
0.335228
0.335227
0.383915
0.298605
0.388152
0.304516
0.348051
0.31122
0.355699
0.31335
0.318668
0.318712
0.322199
0.326844
0.326814
0.283903
0.335615
0.287687
0.339835
0.29599
0.29601
0.297613
0.356374
0.30551
0.305524
0.263607
0.316405
0.318518
0.274121
0.328941
0.274132
0.274133
0.336379
0.281548
0.281548
0.281548
0.281548
0.281548
0.281548
0.281548
0.225238
0.281548
0.225238
0.225238
0.281548
0.281548
0.225238
0.225238
0.225238
0.225238
0.225238
0.225238
0.225238
0.168929
0.225238
0.225238
0.112619
0.225238
0.225238
0.168929
0.168929
0.168929
0.168929
0.168929
0.225238
0.112619
0.225238
0.112619
0.168929
0.168929
0.112619
0.168929
0.168929
0.112619
0.168929
0.112619
0.168929
0.112619
0.112619
0.168929
0.112619
