Determining initial impinging trajectory...
Yhit = -0.269697
Determining lower impingement limit...
IndHit = 98, Yhit = -0.274043, Ymiss = -0.278390
IndHit = 87, Yhit = -0.274570, Ymiss = -0.274614
IndHit = 1, Yhit = -0.274614, Ymiss = -0.274614
Ylower = -0.274614
Determining upper impingement limit...
IndHit = 61, Yhit = -0.167023, Ymiss = -0.165260
IndHit = 89, Yhit = -0.165438, Ymiss = -0.165420
IndHit = 0, Yhit = -0.165438, Ymiss = -0.165438
Yupper = -0.165438
stagPtS = 1.008357, stagPtX = -0.000164, stagPtY = 0.000479
maxiter = 2000
ITER = 0	20000	20000
ITER = 1	20000	20000
ITER = 2	20000	20000
ITER = 3	20000	20000
ITER = 4	20000	20000
ITER = 5	20000	20000
ITER = 6	20000	20000
ITER = 7	20000	20000
ITER = 8	20000	20000
ITER = 9	20000	20000
ITER = 10	20000	20000
ITER = 11	20000	20000
ITER = 12	20000	20000
ITER = 13	20000	20000
ITER = 14	20000	20000
ITER = 15	20000	20000
ITER = 16	20000	20000
ITER = 17	20000	20000
ITER = 18	20000	20000
ITER = 19	20000	20000
ITER = 20	20000	20000
ITER = 21	20000	20000
ITER = 22	20000	20000
ITER = 23	20000	20000
ITER = 24	20000	20000
ITER = 25	20000	20000
ITER = 26	20000	20000
ITER = 27	20000	20000
ITER = 28	20000	20000
ITER = 29	20000	20000
ITER = 30	20000	20000
ITER = 31	20000	20000
ITER = 32	20000	20000
ITER = 33	20000	20000
ITER = 34	20000	20000
ITER = 35	20000	20000
ITER = 36	20000	20000
ITER = 37	20000	20000
ITER = 38	20000	20000
ITER = 39	20000	20000
ITER = 40	20000	20000
ITER = 41	20000	20000
ITER = 42	20000	20000
ITER = 43	20000	20000
ITER = 44	20000	20000
ITER = 45	20000	20000
ITER = 46	20000	20000
ITER = 47	20000	20000
ITER = 48	20000	20000
ITER = 49	20000	20000
ITER = 50	20000	20000
ITER = 51	20000	20000
ITER = 52	20000	20000
ITER = 53	20000	20000
ITER = 54	20000	20000
ITER = 55	20000	20000
ITER = 56	20000	20000
ITER = 57	20000	20000
ITER = 58	20000	20000
ITER = 59	20000	20000
ITER = 60	20000	20000
ITER = 61	20000	20000
ITER = 62	20000	20000
ITER = 63	20000	20000
ITER = 64	20000	20000
ITER = 65	20000	20000
ITER = 66	20000	20000
ITER = 67	20000	20000
ITER = 68	20000	20000
ITER = 69	20000	20000
ITER = 70	20000	20000
ITER = 71	20000	20000
ITER = 72	20000	20000
ITER = 73	20000	20000
ITER = 74	20000	20000
ITER = 75	20000	20000
ITER = 76	20000	20000
ITER = 77	20000	20000
ITER = 78	20000	20000
ITER = 79	20000	20000
ITER = 80	20000	20000
ITER = 81	20000	20000
ITER = 82	20000	20000
ITER = 83	20000	20000
ITER = 84	20000	20000
ITER = 85	20000	20000
ITER = 86	20000	20000
ITER = 87	20000	20000
ITER = 88	20000	20000
ITER = 89	20000	20000
ITER = 90	20000	20000
ITER = 91	20000	20000
ITER = 92	20000	20000
ITER = 93	20000	20000
ITER = 94	20000	20000
ITER = 95	20000	20000
ITER = 96	20000	20000
ITER = 97	20000	20000
ITER = 98	20000	20000
ITER = 99	20000	20000
ITER = 100	20000	20000
ITER = 101	20000	20000
ITER = 102	20000	20000
ITER = 103	20000	20000
ITER = 104	20000	20000
ITER = 105	20000	20000
ITER = 106	20000	20000
ITER = 107	20000	20000
ITER = 108	20000	20000
ITER = 109	20000	20000
ITER = 110	20000	20000
ITER = 111	20000	20000
ITER = 112	20000	20000
ITER = 113	20000	20000
ITER = 114	20000	20000
ITER = 115	20000	20000
ITER = 116	20000	20000
ITER = 117	20000	20000
ITER = 118	20000	20000
ITER = 119	20000	20000
ITER = 120	20000	20000
ITER = 121	20000	20000
ITER = 122	20000	20000
ITER = 123	20000	20000
ITER = 124	20000	20000
ITER = 125	20000	20000
ITER = 126	20000	20000
ITER = 127	20000	20000
ITER = 128	20000	20000
ITER = 129	20000	20000
ITER = 130	20000	20000
ITER = 131	20000	20000
ITER = 132	20000	20000
ITER = 133	20000	20000
ITER = 134	20000	20000
ITER = 135	20000	20000
ITER = 136	20000	20000
ITER = 137	20000	20000
ITER = 138	20000	20000
ITER = 139	20000	20000
ITER = 140	20000	20000
ITER = 141	20000	20000
ITER = 142	20000	20000
ITER = 143	20000	20000
ITER = 144	20000	20000
ITER = 145	20000	20000
ITER = 146	20000	20000
ITER = 147	20000	20000
ITER = 148	20000	20000
ITER = 149	20000	20000
ITER = 150	20000	20000
ITER = 151	20000	20000
ITER = 152	20000	20000
ITER = 153	20000	20000
ITER = 154	20000	20000
ITER = 155	20000	20000
ITER = 156	20000	20000
ITER = 157	20000	20000
ITER = 158	20000	20000
ITER = 159	20000	20000
ITER = 160	20000	20000
ITER = 161	20000	20000
ITER = 162	20000	20000
ITER = 163	20000	20000
ITER = 164	20000	20000
ITER = 165	20000	20000
ITER = 166	20000	20000
ITER = 167	20000	20000
ITER = 168	20000	20000
ITER = 169	20000	20000
ITER = 170	20000	20000
ITER = 171	20000	20000
ITER = 172	20000	20000
ITER = 173	20000	20000
ITER = 174	20000	20000
ITER = 175	20000	20000
ITER = 176	20000	20000
ITER = 177	20000	20000
ITER = 178	20000	20000
ITER = 179	20000	20000
ITER = 180	20000	20000
ITER = 181	20000	20000
ITER = 182	20000	20000
ITER = 183	20000	20000
ITER = 184	20000	20000
ITER = 185	20000	20000
ITER = 186	20000	20000
ITER = 187	20000	20000
ITER = 188	20000	20000
ITER = 189	20000	20000
ITER = 190	20000	20000
ITER = 191	20000	20000
ITER = 192	20000	20000
ITER = 193	20000	20000
ITER = 194	20000	20000
ITER = 195	20000	20000
ITER = 196	20000	20000
ITER = 197	20000	20000
ITER = 198	20000	20000
ITER = 199	20000	20000
ITER = 200	20000	20000
ITER = 201	20000	20000
ITER = 202	20000	20000
ITER = 203	20000	20000
ITER = 204	20000	20000
ITER = 205	20000	20000
ITER = 206	20000	20000
ITER = 207	20000	20000
ITER = 208	20000	20000
ITER = 209	20000	20000
ITER = 210	20000	20000
ITER = 211	20000	20000
ITER = 212	20000	20000
ITER = 213	20000	20000
ITER = 214	20000	20000
ITER = 215	20000	20000
ITER = 216	20000	20000
ITER = 217	20000	20000
ITER = 218	20000	20000
ITER = 219	20000	20000
ITER = 220	20000	20000
ITER = 221	20000	20000
ITER = 222	20000	20000
ITER = 223	20000	20000
ITER = 224	20000	20000
ITER = 225	20000	20000
ITER = 226	20000	20000
ITER = 227	20000	20000
ITER = 228	20000	20000
ITER = 229	20000	20000
ITER = 230	20000	20000
ITER = 231	20000	20000
ITER = 232	20000	20000
ITER = 233	20000	20000
ITER = 234	20000	20000
ITER = 235	20000	20000
ITER = 236	20000	20000
ITER = 237	20000	20000
ITER = 238	20000	20000
ITER = 239	20000	20000
ITER = 240	20000	20000
ITER = 241	20000	20000
ITER = 242	20000	20000
ITER = 243	20000	20000
ITER = 244	20000	20000
ITER = 245	20000	20000
ITER = 246	20000	20000
ITER = 247	20000	20000
ITER = 248	20000	20000
ITER = 249	20000	20000
ITER = 250	20000	20000
ITER = 251	20000	20000
ITER = 252	20000	20000
ITER = 253	20000	20000
ITER = 254	20000	20000
ITER = 255	20000	20000
ITER = 256	20000	20000
ITER = 257	20000	20000
ITER = 258	20000	20000
ITER = 259	20000	20000
ITER = 260	20000	20000
ITER = 261	20000	20000
ITER = 262	20000	20000
ITER = 263	20000	20000
ITER = 264	20000	20000
ITER = 265	20000	20000
ITER = 266	20000	20000
ITER = 267	20000	20000
ITER = 268	20000	20000
ITER = 269	20000	20000
ITER = 270	20000	20000
ITER = 271	20000	20000
ITER = 272	20000	20000
ITER = 273	20000	20000
ITER = 274	20000	20000
ITER = 275	20000	20000
ITER = 276	20000	20000
ITER = 277	20000	20000
ITER = 278	20000	20000
ITER = 279	20000	20000
ITER = 280	20000	20000
ITER = 281	20000	20000
ITER = 282	20000	20000
ITER = 283	20000	20000
ITER = 284	20000	20000
ITER = 285	20000	20000
ITER = 286	20000	20000
ITER = 287	20000	20000
ITER = 288	20000	20000
ITER = 289	20000	20000
ITER = 290	20000	20000
ITER = 291	20000	20000
ITER = 292	20000	20000
ITER = 293	20000	20000
ITER = 294	20000	20000
ITER = 295	20000	20000
ITER = 296	20000	20000
ITER = 297	20000	20000
ITER = 298	20000	20000
ITER = 299	20000	20000
ITER = 300	20000	20000
ITER = 301	20000	20000
ITER = 302	20000	20000
ITER = 303	20000	20000
ITER = 304	20000	20000
ITER = 305	20000	20000
ITER = 306	20000	20000
ITER = 307	20000	20000
ITER = 308	20000	20000
ITER = 309	20000	20000
ITER = 310	20000	20000
ITER = 311	20000	20000
ITER = 312	20000	20000
ITER = 313	20000	20000
ITER = 314	20000	20000
ITER = 315	20000	20000
ITER = 316	20000	20000
ITER = 317	20000	20000
ITER = 318	20000	20000
ITER = 319	20000	20000
ITER = 320	20000	20000
ITER = 321	20000	20000
ITER = 322	20000	20000
ITER = 323	20000	20000
ITER = 324	20000	20000
ITER = 325	20000	20000
ITER = 326	20000	20000
ITER = 327	20000	20000
ITER = 328	20000	20000
ITER = 329	20000	20000
ITER = 330	20000	20000
ITER = 331	20000	20000
ITER = 332	20000	20000
ITER = 333	20000	20000
ITER = 334	20000	20000
ITER = 335	20000	20000
ITER = 336	20000	20000
ITER = 337	20000	20000
ITER = 338	20000	20000
ITER = 339	20000	20000
ITER = 340	20000	20000
ITER = 341	20000	20000
ITER = 342	20000	20000
ITER = 343	20000	20000
ITER = 344	20000	20000
ITER = 345	20000	20000
ITER = 346	20000	20000
ITER = 347	20000	20000
ITER = 348	20000	20000
ITER = 349	20000	20000
ITER = 350	20000	20000
ITER = 351	20000	20000
ITER = 352	20000	20000
ITER = 353	20000	20000
ITER = 354	20000	20000
ITER = 355	20000	20000
ITER = 356	20000	20000
ITER = 357	20000	20000
ITER = 358	20000	20000
ITER = 359	20000	20000
ITER = 360	20000	20000
ITER = 361	20000	20000
ITER = 362	20000	20000
ITER = 363	20000	20000
ITER = 364	20000	20000
ITER = 365	20000	20000
ITER = 366	20000	20000
ITER = 367	20000	20000
ITER = 368	20000	20000
ITER = 369	20000	20000
ITER = 370	20000	20000
ITER = 371	20000	20000
ITER = 372	20000	20000
ITER = 373	20000	20000
ITER = 374	20000	20000
ITER = 375	20000	20000
ITER = 376	20000	20000
ITER = 377	20000	20000
ITER = 378	20000	20000
ITER = 379	20000	20000
ITER = 380	20000	20000
ITER = 381	20000	20000
ITER = 382	20000	20000
ITER = 383	20000	20000
ITER = 384	20000	20000
ITER = 385	20000	20000
ITER = 386	20000	20000
ITER = 387	20000	20000
ITER = 388	20000	20000
ITER = 389	20000	20000
ITER = 390	20000	20000
ITER = 391	20000	20000
ITER = 392	20000	20000
ITER = 393	20000	20000
ITER = 394	20000	20000
ITER = 395	20000	20000
ITER = 396	20000	20000
ITER = 397	20000	20000
ITER = 398	20000	20000
ITER = 399	20000	20000
ITER = 400	20000	20000
ITER = 401	20000	20000
ITER = 402	20000	20000
ITER = 403	20000	20000
ITER = 404	20000	20000
ITER = 405	20000	20000
ITER = 406	20000	20000
ITER = 407	20000	20000
ITER = 408	20000	20000
ITER = 409	20000	20000
ITER = 410	20000	20000
ITER = 411	20000	20000
ITER = 412	20000	20000
ITER = 413	20000	20000
ITER = 414	20000	20000
ITER = 415	20000	20000
ITER = 416	20000	20000
ITER = 417	20000	20000
ITER = 418	20000	20000
ITER = 419	20000	20000
ITER = 420	20000	20000
ITER = 421	20000	20000
ITER = 422	20000	20000
ITER = 423	20000	20000
ITER = 424	20000	20000
ITER = 425	20000	20000
ITER = 426	20000	20000
ITER = 427	20000	20000
ITER = 428	20000	20000
ITER = 429	20000	20000
ITER = 430	20000	20000
ITER = 431	20000	20000
ITER = 432	20000	20000
ITER = 433	20000	20000
ITER = 434	20000	20000
ITER = 435	20000	20000
ITER = 436	20000	20000
ITER = 437	20000	20000
ITER = 438	20000	20000
ITER = 439	20000	20000
ITER = 440	20000	20000
ITER = 441	20000	20000
ITER = 442	20000	20000
ITER = 443	20000	20000
ITER = 444	20000	20000
ITER = 445	20000	20000
ITER = 446	20000	20000
ITER = 447	20000	20000
ITER = 448	20000	20000
ITER = 449	20000	20000
ITER = 450	20000	20000
ITER = 451	20000	20000
ITER = 452	20000	20000
ITER = 453	20000	20000
ITER = 454	20000	20000
ITER = 455	20000	20000
ITER = 456	20000	20000
ITER = 457	20000	20000
ITER = 458	20000	20000
ITER = 459	20000	20000
ITER = 460	20000	20000
ITER = 461	20000	20000
ITER = 462	20000	20000
ITER = 463	20000	20000
ITER = 464	20000	20000
ITER = 465	20000	20000
ITER = 466	20000	20000
ITER = 467	20000	20000
ITER = 468	20000	20000
ITER = 469	20000	20000
ITER = 470	20000	20000
ITER = 471	20000	20000
ITER = 472	20000	20000
ITER = 473	20000	20000
ITER = 474	20000	20000
ITER = 475	20000	20000
ITER = 476	20000	20000
ITER = 477	20000	20000
ITER = 478	20000	20000
ITER = 479	20000	20000
ITER = 480	20000	20000
ITER = 481	20000	20000
ITER = 482	20000	20000
ITER = 483	20000	20000
ITER = 484	20000	20000
ITER = 485	20000	20000
ITER = 486	20000	20000
ITER = 487	20000	20000
ITER = 488	20000	20000
ITER = 489	20000	20000
ITER = 490	20000	20000
ITER = 491	20000	20000
ITER = 492	20000	20000
ITER = 493	20000	20000
ITER = 494	20000	20000
ITER = 495	20000	20000
ITER = 496	20000	20000
ITER = 497	20000	20000
ITER = 498	20000	20000
ITER = 499	20000	20000
ITER = 500	20000	20000
ITER = 501	20000	20000
ITER = 502	20000	20000
ITER = 503	20000	20000
ITER = 504	20000	20000
ITER = 505	20000	20000
ITER = 506	20000	20000
ITER = 507	20000	20000
ITER = 508	20000	20000
ITER = 509	20000	20000
ITER = 510	20000	20000
ITER = 511	20000	20000
ITER = 512	20000	20000
ITER = 513	20000	20000
ITER = 514	20000	20000
ITER = 515	20000	20000
ITER = 516	20000	20000
ITER = 517	20000	20000
ITER = 518	20000	20000
ITER = 519	20000	20000
ITER = 520	20000	20000
ITER = 521	20000	20000
ITER = 522	20000	20000
ITER = 523	20000	20000
ITER = 524	20000	20000
ITER = 525	20000	20000
ITER = 526	20000	20000
ITER = 527	20000	20000
ITER = 528	20000	20000
ITER = 529	20000	20000
ITER = 530	20000	20000
ITER = 531	20000	20000
ITER = 532	20000	20000
ITER = 533	20000	20000
ITER = 534	20000	20000
ITER = 535	20000	20000
ITER = 536	20000	20000
ITER = 537	20000	20000
ITER = 538	20000	20000
ITER = 539	20000	20000
ITER = 540	20000	20000
ITER = 541	20000	20000
ITER = 542	20000	20000
ITER = 543	20000	20000
ITER = 544	20000	20000
ITER = 545	20000	20000
ITER = 546	20000	20000
ITER = 547	20000	20000
ITER = 548	20000	20000
ITER = 549	20000	20000
ITER = 550	20000	20000
ITER = 551	20000	20000
ITER = 552	20000	20000
ITER = 553	20000	20000
ITER = 554	20000	20000
ITER = 555	20000	20000
ITER = 556	20000	20000
ITER = 557	20000	20000
ITER = 558	20000	20000
ITER = 559	20000	20000
ITER = 560	20000	20000
ITER = 561	20000	20000
ITER = 562	20000	20000
ITER = 563	20000	20000
ITER = 564	20000	20000
ITER = 565	20000	20000
ITER = 566	20000	20000
ITER = 567	20000	20000
ITER = 568	20000	20000
ITER = 569	20000	20000
ITER = 570	20000	20000
ITER = 571	20000	20000
ITER = 572	20000	20000
ITER = 573	20000	20000
ITER = 574	20000	20000
ITER = 575	20000	20000
ITER = 576	20000	20000
ITER = 577	20000	20000
ITER = 578	20000	20000
ITER = 579	20000	20000
ITER = 580	20000	20000
ITER = 581	20000	20000
ITER = 582	20000	20000
ITER = 583	20000	20000
ITER = 584	20000	20000
ITER = 585	20000	20000
ITER = 586	20000	20000
ITER = 587	20000	20000
ITER = 588	20000	20000
ITER = 589	20000	20000
ITER = 590	20000	20000
ITER = 591	20000	20000
ITER = 592	20000	20000
ITER = 593	20000	20000
ITER = 594	20000	20000
ITER = 595	20000	20000
ITER = 596	20000	20000
ITER = 597	20000	20000
ITER = 598	20000	20000
ITER = 599	20000	20000
ITER = 600	20000	20000
ITER = 601	20000	20000
ITER = 602	20000	20000
ITER = 603	20000	20000
ITER = 604	20000	20000
ITER = 605	20000	20000
ITER = 606	20000	20000
ITER = 607	20000	20000
ITER = 608	20000	20000
ITER = 609	20000	20000
ITER = 610	20000	20000
ITER = 611	20000	20000
ITER = 612	20000	20000
ITER = 613	20000	20000
ITER = 614	20000	20000
ITER = 615	20000	20000
ITER = 616	20000	20000
ITER = 617	20000	20000
ITER = 618	20000	20000
ITER = 619	20000	20000
ITER = 620	20000	20000
ITER = 621	20000	20000
ITER = 622	20000	20000
ITER = 623	20000	20000
ITER = 624	20000	20000
ITER = 625	20000	20000
ITER = 626	20000	20000
ITER = 627	20000	20000
ITER = 628	20000	20000
ITER = 629	20000	20000
ITER = 630	20000	20000
ITER = 631	20000	20000
ITER = 632	20000	20000
ITER = 633	20000	20000
ITER = 634	20000	20000
ITER = 635	20000	20000
ITER = 636	20000	20000
ITER = 637	20000	20000
ITER = 638	20000	20000
ITER = 639	20000	20000
ITER = 640	20000	20000
ITER = 641	20000	20000
ITER = 642	20000	20000
ITER = 643	20000	20000
ITER = 644	20000	20000
ITER = 645	20000	20000
ITER = 646	20000	20000
ITER = 647	20000	20000
ITER = 648	20000	20000
ITER = 649	20000	20000
ITER = 650	20000	20000
ITER = 651	20000	20000
ITER = 652	20000	20000
ITER = 653	20000	20000
ITER = 654	20000	20000
ITER = 655	20000	20000
ITER = 656	20000	20000
ITER = 657	20000	20000
ITER = 658	20000	20000
ITER = 659	20000	20000
ITER = 660	20000	20000
ITER = 661	20000	20000
ITER = 662	20000	20000
ITER = 663	20000	20000
ITER = 664	20000	20000
ITER = 665	20000	20000
ITER = 666	20000	20000
ITER = 667	20000	20000
ITER = 668	20000	20000
ITER = 669	20000	20000
ITER = 670	20000	20000
ITER = 671	20000	20000
ITER = 672	20000	20000
ITER = 673	20000	20000
ITER = 674	20000	20000
ITER = 675	20000	20000
ITER = 676	20000	20000
ITER = 677	20000	20000
ITER = 678	20000	20000
ITER = 679	20000	20000
ITER = 680	20000	20000
ITER = 681	20000	20000
ITER = 682	20000	20000
ITER = 683	20000	20000
ITER = 684	20000	20000
ITER = 685	20000	20000
ITER = 686	20000	20000
ITER = 687	20000	20000
ITER = 688	20000	20000
ITER = 689	20000	20000
ITER = 690	20000	20000
ITER = 691	20000	20000
ITER = 692	20000	20000
ITER = 693	20000	20000
ITER = 694	20000	20000
ITER = 695	20000	20000
ITER = 696	20000	20000
ITER = 697	20000	20000
ITER = 698	20000	20000
ITER = 699	20000	20000
ITER = 700	20000	20000
ITER = 701	20000	20000
ITER = 702	20000	20000
ITER = 703	20000	20000
ITER = 704	20000	20000
ITER = 705	20000	20000
ITER = 706	20000	20000
ITER = 707	20000	20000
ITER = 708	20000	20000
ITER = 709	20000	20000
ITER = 710	20000	20000
ITER = 711	20000	20000
ITER = 712	20000	20000
ITER = 713	20000	20000
ITER = 714	20000	20000
ITER = 715	20000	20000
ITER = 716	20000	20000
ITER = 717	20000	20000
ITER = 718	20000	20000
ITER = 719	20000	20000
ITER = 720	20000	20000
ITER = 721	20000	20000
ITER = 722	20000	20000
ITER = 723	20000	20000
ITER = 724	20000	20000
ITER = 725	20000	20000
ITER = 726	20000	20000
ITER = 727	20000	20000
ITER = 728	20000	20000
ITER = 729	20000	20000
ITER = 730	20000	20000
ITER = 731	20000	20000
ITER = 732	20000	20000
ITER = 733	20000	20000
ITER = 734	20000	20000
ITER = 735	20000	20000
ITER = 736	20000	20000
ITER = 737	20000	20000
ITER = 738	20000	20000
ITER = 739	20000	20000
ITER = 740	20000	20000
ITER = 741	20000	20000
ITER = 742	20000	20000
ITER = 743	20000	20000
ITER = 744	20000	20000
ITER = 745	20000	20000
ITER = 746	20000	20000
ITER = 747	20000	20000
ITER = 748	20000	20000
ITER = 749	20000	20000
ITER = 750	20000	20000
ITER = 751	20000	20000
ITER = 752	20000	20000
ITER = 753	20000	20000
ITER = 754	20000	20000
ITER = 755	20000	20000
ITER = 756	20000	20000
ITER = 757	20000	20000
ITER = 758	20000	20000
ITER = 759	20000	20000
ITER = 760	20000	20000
ITER = 761	20000	20000
ITER = 762	20000	20000
ITER = 763	20000	20000
ITER = 764	20000	20000
ITER = 765	20000	20000
ITER = 766	20000	20000
ITER = 767	20000	20000
ITER = 768	20000	20000
ITER = 769	20000	20000
ITER = 770	20000	20000
ITER = 771	20000	20000
ITER = 772	20000	20000
ITER = 773	20000	20000
ITER = 774	20000	20000
ITER = 775	20000	20000
ITER = 776	20000	20000
ITER = 777	20000	20000
ITER = 778	20000	20000
ITER = 779	20000	20000
ITER = 780	20000	20000
ITER = 781	20000	20000
ITER = 782	20000	20000
ITER = 783	20000	20000
ITER = 784	20000	20000
ITER = 785	20000	20000
ITER = 786	20000	20000
ITER = 787	20000	20000
ITER = 788	20000	20000
ITER = 789	20000	20000
ITER = 790	20000	20000
ITER = 791	20000	20000
ITER = 792	20000	20000
ITER = 793	20000	20000
ITER = 794	20000	20000
ITER = 795	20000	20000
ITER = 796	20000	20000
ITER = 797	20000	20000
ITER = 798	20000	20000
ITER = 799	20000	20000
ITER = 800	20000	20000
ITER = 801	20000	20000
ITER = 802	20000	20000
ITER = 803	20000	20000
ITER = 804	20000	20000
ITER = 805	20000	20000
ITER = 806	20000	20000
ITER = 807	20000	20000
ITER = 808	20000	20000
ITER = 809	20000	20000
ITER = 810	20000	20000
ITER = 811	20000	20000
ITER = 812	20000	20000
ITER = 813	20000	19941
ITER = 814	20000	19586
ITER = 815	20000	19334
ITER = 816	20000	19083
ITER = 817	20000	18781
ITER = 818	20000	18601
ITER = 819	20000	18421
ITER = 820	20000	18239
ITER = 821	20000	18068
ITER = 822	20000	17943
ITER = 823	20000	17800
ITER = 824	20000	17665
ITER = 825	20000	17608
ITER = 826	20000	17507
ITER = 827	20000	17367
ITER = 828	20000	17318
ITER = 829	20000	17228
ITER = 830	20000	17122
ITER = 831	20000	17039
ITER = 832	20000	16952
ITER = 833	20000	16846
ITER = 834	20000	16757
ITER = 835	20000	16642
ITER = 836	20000	16547
ITER = 837	20000	16479
ITER = 838	20000	16381
ITER = 839	20000	16301
ITER = 840	20000	16211
ITER = 841	20000	16137
ITER = 842	20000	16065
ITER = 843	20000	15960
ITER = 844	20000	15876
ITER = 845	20000	15783
ITER = 846	20000	15698
ITER = 847	20000	15594
ITER = 848	20000	15508
ITER = 849	20000	15437
ITER = 850	20000	15395
ITER = 851	20000	15321
ITER = 852	20000	15236
ITER = 853	20000	15175
ITER = 854	20000	15124
ITER = 855	20000	15045
ITER = 856	20000	14963
ITER = 857	20000	14888
ITER = 858	20000	14825
ITER = 859	20000	14773
ITER = 860	20000	14688
ITER = 861	20000	14618
ITER = 862	20000	14571
ITER = 863	20000	14490
ITER = 864	20000	14424
ITER = 865	20000	14340
ITER = 866	20000	14274
ITER = 867	20000	14221
ITER = 868	20000	14165
ITER = 869	20000	14080
ITER = 870	20000	14014
ITER = 871	20000	13968
ITER = 872	20000	13883
ITER = 873	20000	13803
ITER = 874	20000	13747
ITER = 875	20000	13674
ITER = 876	20000	13632
ITER = 877	20000	13563
ITER = 878	20000	13511
ITER = 879	20000	13451
ITER = 880	20000	13400
ITER = 881	20000	13366
ITER = 882	20000	13311
ITER = 883	20000	13270
ITER = 884	20000	13217
ITER = 885	20000	13170
ITER = 886	20000	13132
ITER = 887	20000	13079
ITER = 888	20000	13043
ITER = 889	20000	12987
ITER = 890	20000	12928
ITER = 891	20000	12884
ITER = 892	20000	12837
ITER = 893	20000	12796
ITER = 894	20000	12760
ITER = 895	20000	12706
ITER = 896	20000	12659
ITER = 897	20000	12606
ITER = 898	20000	12577
ITER = 899	20000	12528
ITER = 900	20000	12490
ITER = 901	20000	12439
ITER = 902	20000	12400
ITER = 903	20000	12354
ITER = 904	20000	12320
ITER = 905	20000	12279
ITER = 906	20000	12214
ITER = 907	20000	12159
ITER = 908	20000	12122
ITER = 909	20000	12081
ITER = 910	20000	12045
ITER = 911	20000	11997
ITER = 912	20000	11948
ITER = 913	20000	11905
ITER = 914	20000	11862
ITER = 915	20000	11834
ITER = 916	20000	11793
ITER = 917	20000	11756
ITER = 918	20000	11708
ITER = 919	20000	11644
ITER = 920	20000	11613
ITER = 921	20000	11568
ITER = 922	20000	11538
ITER = 923	20000	11489
ITER = 924	20000	11469
ITER = 925	20000	11413
ITER = 926	20000	11365
ITER = 927	20000	11327
ITER = 928	20000	11276
ITER = 929	20000	11238
ITER = 930	20000	11208
ITER = 931	20000	11158
ITER = 932	20000	11101
ITER = 933	20000	11055
ITER = 934	20000	11041
ITER = 935	20000	11004
ITER = 936	20000	10970
ITER = 937	20000	10936
ITER = 938	20000	10904
ITER = 939	20000	10868
ITER = 940	20000	10803
ITER = 941	20000	10762
ITER = 942	20000	10745
ITER = 943	20000	10723
ITER = 944	20000	10692
ITER = 945	20000	10656
ITER = 946	20000	10614
ITER = 947	20000	10573
ITER = 948	20000	10523
ITER = 949	20000	10490
ITER = 950	20000	10480
ITER = 951	20000	10450
ITER = 952	20000	10415
ITER = 953	20000	10390
ITER = 954	20000	10359
ITER = 955	20000	10315
ITER = 956	20000	10263
ITER = 957	20000	10224
ITER = 958	20000	10198
ITER = 959	20000	10165
ITER = 960	20000	10141
ITER = 961	20000	10121
ITER = 962	20000	10093
ITER = 963	20000	10069
ITER = 964	20000	10035
ITER = 965	20000	9977
ITER = 966	20000	9953
ITER = 967	20000	9943
ITER = 968	20000	9920
ITER = 969	20000	9897
ITER = 970	20000	9873
ITER = 971	20000	9845
ITER = 972	20000	9814
ITER = 973	20000	9790
ITER = 974	20000	9730
ITER = 975	20000	9699
ITER = 976	20000	9687
ITER = 977	20000	9675
ITER = 978	20000	9640
ITER = 979	20000	9623
ITER = 980	20000	9602
ITER = 981	20000	9576
ITER = 982	20000	9547
ITER = 983	20000	9515
ITER = 984	20000	9470
ITER = 985	20000	9437
ITER = 986	20000	9421
ITER = 987	20000	9407
ITER = 988	20000	9391
ITER = 989	20000	9359
ITER = 990	20000	9337
ITER = 991	20000	9308
ITER = 992	20000	9279
ITER = 993	20000	9251
ITER = 994	20000	9219
ITER = 995	20000	9169
ITER = 996	20000	9133
ITER = 997	20000	9117
ITER = 998	20000	9104
ITER = 999	20000	9092
ITER = 1000	20000	9065
ITER = 1001	20000	9042
ITER = 1002	20000	9014
ITER = 1003	20000	8990
ITER = 1004	20000	8963
ITER = 1005	20000	8923
ITER = 1006	20000	8889
ITER = 1007	20000	8860
ITER = 1008	20000	8840
ITER = 1009	20000	8831
ITER = 1010	20000	8822
ITER = 1011	20000	8816
ITER = 1012	20000	8785
ITER = 1013	20000	8761
ITER = 1014	20000	8730
ITER = 1015	20000	8716
ITER = 1016	20000	8701
ITER = 1017	20000	8681
ITER = 1018	20000	8637
ITER = 1019	20000	8596
ITER = 1020	20000	8575
ITER = 1021	20000	8549
ITER = 1022	20000	8536
ITER = 1023	20000	8530
ITER = 1024	20000	8520
ITER = 1025	20000	8506
ITER = 1026	20000	8490
ITER = 1027	20000	8466
ITER = 1028	20000	8441
ITER = 1029	20000	8419
ITER = 1030	20000	8403
ITER = 1031	20000	8375
ITER = 1032	20000	8341
ITER = 1033	20000	8308
ITER = 1034	20000	8283
ITER = 1035	20000	8255
ITER = 1036	20000	8241
ITER = 1037	20000	8233
ITER = 1038	20000	8223
ITER = 1039	20000	8212
ITER = 1040	20000	8197
ITER = 1041	20000	8178
ITER = 1042	20000	8149
ITER = 1043	20000	8127
ITER = 1044	20000	8108
ITER = 1045	20000	8095
ITER = 1046	20000	8065
ITER = 1047	20000	8026
ITER = 1048	20000	8010
ITER = 1049	20000	7992
ITER = 1050	20000	7963
ITER = 1051	20000	7943
ITER = 1052	20000	7922
ITER = 1053	20000	7910
ITER = 1054	20000	7898
ITER = 1055	20000	7879
ITER = 1056	20000	7869
ITER = 1057	20000	7849
ITER = 1058	20000	7831
ITER = 1059	20000	7815
ITER = 1060	20000	7796
ITER = 1061	20000	7783
ITER = 1062	20000	7766
ITER = 1063	20000	7746
ITER = 1064	20000	7722
ITER = 1065	20000	7703
ITER = 1066	20000	7681
ITER = 1067	20000	7662
ITER = 1068	20000	7642
ITER = 1069	20000	7618
ITER = 1070	20000	7599
ITER = 1071	20000	7590
ITER = 1072	20000	7583
ITER = 1073	20000	7575
ITER = 1074	20000	7569
ITER = 1075	20000	7561
ITER = 1076	20000	7551
ITER = 1077	20000	7549
ITER = 1078	20000	7532
ITER = 1079	20000	7513
ITER = 1080	20000	7498
ITER = 1081	20000	7468
ITER = 1082	20000	7448
ITER = 1083	20000	7431
ITER = 1084	20000	7411
ITER = 1085	20000	7374
ITER = 1086	20000	7363
ITER = 1087	20000	7349
ITER = 1088	20000	7330
ITER = 1089	20000	7307
ITER = 1090	20000	7296
ITER = 1091	20000	7284
ITER = 1092	20000	7281
ITER = 1093	20000	7278
ITER = 1094	20000	7276
ITER = 1095	20000	7267
ITER = 1096	20000	7254
ITER = 1097	20000	7241
ITER = 1098	20000	7231
ITER = 1099	20000	7227
ITER = 1100	20000	7209
ITER = 1101	20000	7195
ITER = 1102	20000	7182
ITER = 1103	20000	7168
ITER = 1104	20000	7153
ITER = 1105	20000	7134
ITER = 1106	20000	7122
ITER = 1107	20000	7106
ITER = 1108	20000	7086
ITER = 1109	20000	7069
ITER = 1110	20000	7059
ITER = 1111	20000	7047
ITER = 1112	20000	7028
ITER = 1113	20000	7009
ITER = 1114	20000	6993
ITER = 1115	20000	6983
ITER = 1116	20000	6975
ITER = 1117	20000	6971
ITER = 1118	20000	6963
ITER = 1119	20000	6957
ITER = 1120	20000	6950
ITER = 1121	20000	6943
ITER = 1122	20000	6932
ITER = 1123	20000	6920
ITER = 1124	20000	6912
ITER = 1125	20000	6901
ITER = 1126	20000	6888
ITER = 1127	20000	6877
ITER = 1128	20000	6861
ITER = 1129	20000	6850
ITER = 1130	20000	6828
ITER = 1131	20000	6801
ITER = 1132	20000	6785
ITER = 1133	20000	6762
ITER = 1134	20000	6756
ITER = 1135	20000	6738
ITER = 1136	20000	6728
ITER = 1137	20000	6720
ITER = 1138	20000	6702
ITER = 1139	20000	6687
ITER = 1140	20000	6675
ITER = 1141	20000	6666
ITER = 1142	20000	6662
ITER = 1143	20000	6648
ITER = 1144	20000	6636
ITER = 1145	20000	6633
ITER = 1146	20000	6615
ITER = 1147	20000	6594
ITER = 1148	20000	6580
ITER = 1149	20000	6565
ITER = 1150	20000	6553
ITER = 1151	20000	6527
ITER = 1152	20000	6512
ITER = 1153	20000	6501
ITER = 1154	20000	6493
ITER = 1155	20000	6474
ITER = 1156	20000	6459
ITER = 1157	20000	6444
ITER = 1158	20000	6436
ITER = 1159	20000	6429
ITER = 1160	20000	6423
ITER = 1161	20000	6416
ITER = 1162	20000	6402
ITER = 1163	20000	6385
ITER = 1164	20000	6373
ITER = 1165	20000	6361
ITER = 1166	20000	6347
ITER = 1167	20000	6339
ITER = 1168	20000	6324
ITER = 1169	20000	6318
ITER = 1170	20000	6309
ITER = 1171	20000	6297
ITER = 1172	20000	6287
ITER = 1173	20000	6279
ITER = 1174	20000	6274
ITER = 1175	20000	6265
ITER = 1176	20000	6255
ITER = 1177	20000	6249
ITER = 1178	20000	6227
ITER = 1179	20000	6215
ITER = 1180	20000	6205
ITER = 1181	20000	6190
ITER = 1182	20000	6178
ITER = 1183	20000	6161
ITER = 1184	20000	6148
ITER = 1185	20000	6132
ITER = 1186	20000	6126
ITER = 1187	20000	6120
ITER = 1188	20000	6113
ITER = 1189	20000	6103
ITER = 1190	20000	6097
ITER = 1191	20000	6080
ITER = 1192	20000	6066
ITER = 1193	20000	6033
ITER = 1194	20000	6019
ITER = 1195	20000	6010
ITER = 1196	20000	6000
ITER = 1197	20000	5996
ITER = 1198	20000	5983
ITER = 1199	20000	5975
ITER = 1200	20000	5962
ITER = 1201	20000	5957
ITER = 1202	20000	5945
ITER = 1203	20000	5942
ITER = 1204	20000	5927
ITER = 1205	20000	5923
ITER = 1206	20000	5919
ITER = 1207	20000	5905
ITER = 1208	20000	5883
ITER = 1209	20000	5866
ITER = 1210	20000	5853
ITER = 1211	20000	5846
ITER = 1212	20000	5835
ITER = 1213	20000	5817
ITER = 1214	20000	5810
ITER = 1215	20000	5804
ITER = 1216	20000	5790
ITER = 1217	20000	5772
ITER = 1218	20000	5765
ITER = 1219	20000	5756
ITER = 1220	20000	5746
ITER = 1221	20000	5731
ITER = 1222	20000	5704
ITER = 1223	20000	5680
ITER = 1224	20000	5657
ITER = 1225	20000	5648
ITER = 1226	20000	5639
ITER = 1227	20000	5636
ITER = 1228	20000	5630
ITER = 1229	20000	5625
ITER = 1230	20000	5611
ITER = 1231	20000	5601
ITER = 1232	20000	5583
ITER = 1233	20000	5579
ITER = 1234	20000	5576
ITER = 1235	20000	5567
ITER = 1236	20000	5558
ITER = 1237	20000	5527
ITER = 1238	20000	5516
ITER = 1239	20000	5505
ITER = 1240	20000	5497
ITER = 1241	20000	5485
ITER = 1242	20000	5477
ITER = 1243	20000	5465
ITER = 1244	20000	5450
ITER = 1245	20000	5444
ITER = 1246	20000	5429
ITER = 1247	20000	5421
ITER = 1248	20000	5414
ITER = 1249	20000	5410
ITER = 1250	20000	5400
ITER = 1251	20000	5376
ITER = 1252	20000	5362
ITER = 1253	20000	5358
ITER = 1254	20000	5351
ITER = 1255	20000	5337
ITER = 1256	20000	5325
ITER = 1257	20000	5318
ITER = 1258	20000	5297
ITER = 1259	20000	5282
ITER = 1260	20000	5276
ITER = 1261	20000	5267
ITER = 1262	20000	5261
ITER = 1263	20000	5257
ITER = 1264	20000	5253
ITER = 1265	20000	5237
ITER = 1266	20000	5217
ITER = 1267	20000	5206
ITER = 1268	20000	5192
ITER = 1269	20000	5183
ITER = 1270	20000	5174
ITER = 1271	20000	5157
ITER = 1272	20000	5146
ITER = 1273	20000	5141
ITER = 1274	20000	5125
ITER = 1275	20000	5112
ITER = 1276	20000	5105
ITER = 1277	20000	5090
ITER = 1278	20000	5088
ITER = 1279	20000	5075
ITER = 1280	20000	5067
ITER = 1281	20000	5040
ITER = 1282	20000	5024
ITER = 1283	20000	5012
ITER = 1284	20000	5001
ITER = 1285	20000	4986
ITER = 1286	20000	4972
ITER = 1287	20000	4963
ITER = 1288	20000	4953
ITER = 1289	20000	4937
ITER = 1290	20000	4923
ITER = 1291	20000	4916
ITER = 1292	20000	4901
ITER = 1293	20000	4895
ITER = 1294	20000	4884
ITER = 1295	20000	4870
ITER = 1296	20000	4844
ITER = 1297	20000	4824
ITER = 1298	20000	4810
ITER = 1299	20000	4801
ITER = 1300	20000	4789
ITER = 1301	20000	4784
ITER = 1302	20000	4781
ITER = 1303	20000	4770
ITER = 1304	20000	4762
ITER = 1305	20000	4750
ITER = 1306	20000	4739
ITER = 1307	20000	4731
ITER = 1308	20000	4725
ITER = 1309	20000	4701
ITER = 1310	20000	4683
ITER = 1311	20000	4668
ITER = 1312	20000	4654
ITER = 1313	20000	4648
ITER = 1314	20000	4639
ITER = 1315	20000	4624
ITER = 1316	20000	4614
ITER = 1317	20000	4599
ITER = 1318	20000	4592
ITER = 1319	20000	4577
ITER = 1320	20000	4566
ITER = 1321	20000	4546
ITER = 1322	20000	4526
ITER = 1323	20000	4510
ITER = 1324	20000	4488
ITER = 1325	20000	4473
ITER = 1326	20000	4466
ITER = 1327	20000	4451
ITER = 1328	20000	4434
ITER = 1329	20000	4421
ITER = 1330	20000	4399
ITER = 1331	20000	4389
ITER = 1332	20000	4361
ITER = 1333	20000	4332
ITER = 1334	20000	4315
ITER = 1335	20000	4299
ITER = 1336	20000	4285
ITER = 1337	20000	4270
ITER = 1338	20000	4250
ITER = 1339	20000	4231
ITER = 1340	20000	4215
ITER = 1341	20000	4200
ITER = 1342	20000	4139
ITER = 1343	20000	4111
ITER = 1344	20000	4098
ITER = 1345	20000	4076
ITER = 1346	20000	4059
ITER = 1347	20000	4045
ITER = 1348	20000	4037
ITER = 1349	20000	4005
ITER = 1350	20000	3960
ITER = 1351	20000	3923
ITER = 1352	20000	3897
ITER = 1353	20000	3867
ITER = 1354	20000	3847
ITER = 1355	20000	3842
ITER = 1356	20000	3827
ITER = 1357	20000	3786
ITER = 1358	20000	3764
ITER = 1359	20000	3735
ITER = 1360	20000	3722
ITER = 1361	20000	3696
ITER = 1362	20000	3676
ITER = 1363	20000	3661
ITER = 1364	20000	3657
ITER = 1365	20000	3635
ITER = 1366	20000	3596
ITER = 1367	20000	3578
ITER = 1368	20000	3556
ITER = 1369	20000	3546
ITER = 1370	20000	3529
ITER = 1371	20000	3513
ITER = 1372	20000	3494
ITER = 1373	20000	3487
ITER = 1374	20000	3483
ITER = 1375	20000	3448
ITER = 1376	20000	3414
ITER = 1377	20000	3374
ITER = 1378	20000	3367
ITER = 1379	20000	3352
ITER = 1380	20000	3340
ITER = 1381	20000	3324
ITER = 1382	20000	3301
ITER = 1383	20000	3287
ITER = 1384	20000	3272
ITER = 1385	20000	3268
ITER = 1386	20000	3258
ITER = 1387	20000	3205
ITER = 1388	20000	3183
ITER = 1389	20000	3175
ITER = 1390	20000	3160
ITER = 1391	20000	3137
ITER = 1392	20000	3124
ITER = 1393	20000	3102
ITER = 1394	20000	3088
ITER = 1395	20000	3081
ITER = 1396	20000	3069
ITER = 1397	20000	3051
ITER = 1398	20000	3015
ITER = 1399	20000	2999
ITER = 1400	20000	2972
ITER = 1401	20000	2960
ITER = 1402	20000	2937
ITER = 1403	20000	2916
ITER = 1404	20000	2898
ITER = 1405	20000	2882
ITER = 1406	20000	2875
ITER = 1407	20000	2861
ITER = 1408	20000	2861
ITER = 1409	20000	2847
ITER = 1410	20000	2830
ITER = 1411	20000	2805
ITER = 1412	20000	2787
ITER = 1413	20000	2769
ITER = 1414	20000	2763
ITER = 1415	20000	2750
ITER = 1416	20000	2739
ITER = 1417	20000	2728
ITER = 1418	20000	2706
ITER = 1419	20000	2700
ITER = 1420	20000	2690
ITER = 1421	20000	2674
ITER = 1422	20000	2672
ITER = 1423	20000	2667
ITER = 1424	20000	2653
ITER = 1425	20000	2635
ITER = 1426	20000	2610
ITER = 1427	20000	2586
ITER = 1428	20000	2572
ITER = 1429	20000	2565
ITER = 1430	20000	2555
ITER = 1431	20000	2541
ITER = 1432	20000	2526
ITER = 1433	20000	2515
ITER = 1434	20000	2502
ITER = 1435	20000	2487
ITER = 1436	20000	2474
ITER = 1437	20000	2458
ITER = 1438	20000	2451
ITER = 1439	20000	2444
ITER = 1440	20000	2426
ITER = 1441	20000	2406
ITER = 1442	20000	2384
ITER = 1443	20000	2355
ITER = 1444	20000	2338
ITER = 1445	20000	2322
ITER = 1446	20000	2314
ITER = 1447	20000	2286
ITER = 1448	20000	2280
ITER = 1449	20000	2274
ITER = 1450	20000	2258
ITER = 1451	20000	2249
ITER = 1452	20000	2241
ITER = 1453	20000	2229
ITER = 1454	20000	2221
ITER = 1455	20000	2208
ITER = 1456	20000	2204
ITER = 1457	20000	2202
ITER = 1458	20000	2190
ITER = 1459	20000	2173
ITER = 1460	20000	2157
ITER = 1461	20000	2136
ITER = 1462	20000	2120
ITER = 1463	20000	2109
ITER = 1464	20000	2101
ITER = 1465	20000	2096
ITER = 1466	20000	2089
ITER = 1467	20000	2067
ITER = 1468	20000	2054
ITER = 1469	20000	2046
ITER = 1470	20000	2035
ITER = 1471	20000	2022
ITER = 1472	20000	2009
ITER = 1473	20000	1994
ITER = 1474	20000	1984
ITER = 1475	20000	1974
ITER = 1476	20000	1958
ITER = 1477	20000	1942
ITER = 1478	20000	1933
ITER = 1479	20000	1923
ITER = 1480	20000	1915
ITER = 1481	20000	1904
ITER = 1482	20000	1897
ITER = 1483	20000	1888
ITER = 1484	20000	1883
ITER = 1485	20000	1881
ITER = 1486	20000	1872
ITER = 1487	20000	1862
ITER = 1488	20000	1853
ITER = 1489	20000	1842
ITER = 1490	20000	1836
ITER = 1491	20000	1829
ITER = 1492	20000	1825
ITER = 1493	20000	1821
ITER = 1494	20000	1814
ITER = 1495	20000	1806
ITER = 1496	20000	1800
ITER = 1497	20000	1791
ITER = 1498	20000	1771
ITER = 1499	20000	1765
ITER = 1500	20000	1755
ITER = 1501	20000	1739
ITER = 1502	20000	1729
ITER = 1503	20000	1716
ITER = 1504	20000	1704
ITER = 1505	20000	1694
ITER = 1506	20000	1691
ITER = 1507	20000	1690
ITER = 1508	20000	1687
ITER = 1509	20000	1678
ITER = 1510	20000	1671
ITER = 1511	20000	1666
ITER = 1512	20000	1663
ITER = 1513	20000	1662
ITER = 1514	20000	1647
ITER = 1515	20000	1642
ITER = 1516	20000	1638
ITER = 1517	20000	1629
ITER = 1518	20000	1625
ITER = 1519	20000	1623
ITER = 1520	20000	1615
ITER = 1521	20000	1609
ITER = 1522	20000	1601
ITER = 1523	20000	1596
ITER = 1524	20000	1591
ITER = 1525	20000	1584
ITER = 1526	20000	1575
ITER = 1527	20000	1567
ITER = 1528	20000	1561
ITER = 1529	20000	1555
ITER = 1530	20000	1545
ITER = 1531	20000	1533
ITER = 1532	20000	1528
ITER = 1533	20000	1520
ITER = 1534	20000	1514
ITER = 1535	20000	1508
ITER = 1536	20000	1501
ITER = 1537	20000	1490
ITER = 1538	20000	1482
ITER = 1539	20000	1472
ITER = 1540	20000	1464
ITER = 1541	20000	1454
ITER = 1542	20000	1453
ITER = 1543	20000	1452
ITER = 1544	20000	1447
ITER = 1545	20000	1446
ITER = 1546	20000	1445
ITER = 1547	20000	1444
ITER = 1548	20000	1443
ITER = 1549	20000	1442
ITER = 1550	20000	1435
ITER = 1551	20000	1429
ITER = 1552	20000	1422
ITER = 1553	20000	1417
ITER = 1554	20000	1414
ITER = 1555	20000	1410
ITER = 1556	20000	1405
ITER = 1557	20000	1399
ITER = 1558	20000	1389
ITER = 1559	20000	1385
ITER = 1560	20000	1377
ITER = 1561	20000	1375
ITER = 1562	20000	1371
ITER = 1563	20000	1371
ITER = 1564	20000	1363
ITER = 1565	20000	1348
ITER = 1566	20000	1345
ITER = 1567	20000	1334
ITER = 1568	20000	1330
ITER = 1569	20000	1322
ITER = 1570	20000	1320
ITER = 1571	20000	1309
ITER = 1572	20000	1307
ITER = 1573	20000	1300
ITER = 1574	20000	1295
ITER = 1575	20000	1289
ITER = 1576	20000	1279
ITER = 1577	20000	1270
ITER = 1578	20000	1266
ITER = 1579	20000	1257
ITER = 1580	20000	1245
ITER = 1581	20000	1238
ITER = 1582	20000	1234
ITER = 1583	20000	1228
ITER = 1584	20000	1224
ITER = 1585	20000	1224
ITER = 1586	20000	1224
ITER = 1587	20000	1223
ITER = 1588	20000	1222
ITER = 1589	20000	1222
ITER = 1590	20000	1222
ITER = 1591	20000	1220
ITER = 1592	20000	1220
ITER = 1593	20000	1220
ITER = 1594	20000	1219
ITER = 1595	20000	1219
ITER = 1596	20000	1218
ITER = 1597	20000	1218
ITER = 1598	20000	1218
ITER = 1599	20000	1215
ITER = 1600	20000	1208
ITER = 1601	20000	1203
ITER = 1602	20000	1193
ITER = 1603	20000	1190
ITER = 1604	20000	1184
ITER = 1605	20000	1182
ITER = 1606	20000	1180
ITER = 1607	20000	1175
ITER = 1608	20000	1172
ITER = 1609	20000	1165
ITER = 1610	20000	1158
ITER = 1611	20000	1154
ITER = 1612	20000	1148
ITER = 1613	20000	1146
ITER = 1614	20000	1143
ITER = 1615	20000	1137
ITER = 1616	20000	1132
ITER = 1617	20000	1127
ITER = 1618	20000	1126
ITER = 1619	20000	1125
ITER = 1620	20000	1123
ITER = 1621	20000	1120
ITER = 1622	20000	1117
ITER = 1623	20000	1112
ITER = 1624	20000	1107
ITER = 1625	20000	1103
ITER = 1626	20000	1098
ITER = 1627	20000	1096
ITER = 1628	20000	1091
ITER = 1629	20000	1084
ITER = 1630	20000	1080
ITER = 1631	20000	1071
ITER = 1632	20000	1066
ITER = 1633	20000	1061
ITER = 1634	20000	1061
ITER = 1635	20000	1055
ITER = 1636	20000	1046
ITER = 1637	20000	1041
ITER = 1638	20000	1039
ITER = 1639	20000	1034
ITER = 1640	20000	1029
ITER = 1641	20000	1024
ITER = 1642	20000	1017
ITER = 1643	20000	1015
ITER = 1644	20000	1015
ITER = 1645	20000	1013
ITER = 1646	20000	1012
ITER = 1647	20000	1012
ITER = 1648	20000	1009
ITER = 1649	20000	1002
ITER = 1650	20000	999
ITER = 1651	20000	996
ITER = 1652	20000	994
ITER = 1653	20000	990
ITER = 1654	20000	988
ITER = 1655	20000	982
ITER = 1656	20000	979
ITER = 1657	20000	967
ITER = 1658	20000	964
ITER = 1659	20000	962
ITER = 1660	20000	958
ITER = 1661	20000	953
ITER = 1662	20000	948
ITER = 1663	20000	946
ITER = 1664	20000	942
ITER = 1665	20000	940
ITER = 1666	20000	940
ITER = 1667	20000	939
ITER = 1668	20000	937
ITER = 1669	20000	932
ITER = 1670	20000	927
ITER = 1671	20000	923
ITER = 1672	20000	918
ITER = 1673	20000	917
ITER = 1674	20000	910
ITER = 1675	20000	906
ITER = 1676	20000	904
ITER = 1677	20000	901
ITER = 1678	20000	897
ITER = 1679	20000	891
ITER = 1680	20000	887
ITER = 1681	20000	884
ITER = 1682	20000	881
ITER = 1683	20000	879
ITER = 1684	20000	878
ITER = 1685	20000	876
ITER = 1686	20000	875
ITER = 1687	20000	871
ITER = 1688	20000	867
ITER = 1689	20000	858
ITER = 1690	20000	855
ITER = 1691	20000	855
ITER = 1692	20000	854
ITER = 1693	20000	848
ITER = 1694	20000	843
ITER = 1695	20000	839
ITER = 1696	20000	836
ITER = 1697	20000	825
ITER = 1698	20000	821
ITER = 1699	20000	818
ITER = 1700	20000	812
ITER = 1701	20000	810
ITER = 1702	20000	807
ITER = 1703	20000	805
ITER = 1704	20000	802
ITER = 1705	20000	800
ITER = 1706	20000	797
ITER = 1707	20000	795
ITER = 1708	20000	791
ITER = 1709	20000	789
ITER = 1710	20000	782
ITER = 1711	20000	779
ITER = 1712	20000	776
ITER = 1713	20000	774
ITER = 1714	20000	766
ITER = 1715	20000	763
ITER = 1716	20000	760
ITER = 1717	20000	754
ITER = 1718	20000	752
ITER = 1719	20000	751
ITER = 1720	20000	751
ITER = 1721	20000	749
ITER = 1722	20000	749
ITER = 1723	20000	749
ITER = 1724	20000	749
ITER = 1725	20000	749
ITER = 1726	20000	749
ITER = 1727	20000	748
ITER = 1728	20000	748
ITER = 1729	20000	744
ITER = 1730	20000	744
ITER = 1731	20000	743
ITER = 1732	20000	743
ITER = 1733	20000	743
ITER = 1734	20000	743
ITER = 1735	20000	742
ITER = 1736	20000	742
ITER = 1737	20000	741
ITER = 1738	20000	740
ITER = 1739	20000	739
ITER = 1740	20000	738
ITER = 1741	20000	738
ITER = 1742	20000	738
ITER = 1743	20000	738
ITER = 1744	20000	737
ITER = 1745	20000	736
ITER = 1746	20000	735
ITER = 1747	20000	734
ITER = 1748	20000	734
ITER = 1749	20000	733
ITER = 1750	20000	733
ITER = 1751	20000	733
ITER = 1752	20000	732
ITER = 1753	20000	731
ITER = 1754	20000	731
ITER = 1755	20000	731
ITER = 1756	20000	728
ITER = 1757	20000	728
ITER = 1758	20000	727
ITER = 1759	20000	727
ITER = 1760	20000	724
ITER = 1761	20000	724
ITER = 1762	20000	724
ITER = 1763	20000	724
ITER = 1764	20000	723
ITER = 1765	20000	723
ITER = 1766	20000	723
ITER = 1767	20000	723
ITER = 1768	20000	722
ITER = 1769	20000	722
ITER = 1770	20000	721
ITER = 1771	20000	721
ITER = 1772	20000	718
ITER = 1773	20000	716
ITER = 1774	20000	715
ITER = 1775	20000	714
ITER = 1776	20000	714
ITER = 1777	20000	714
ITER = 1778	20000	714
ITER = 1779	20000	714
ITER = 1780	20000	713
ITER = 1781	20000	713
ITER = 1782	20000	713
ITER = 1783	20000	713
ITER = 1784	20000	713
ITER = 1785	20000	713
ITER = 1786	20000	713
ITER = 1787	20000	713
ITER = 1788	20000	713
ITER = 1789	20000	712
ITER = 1790	20000	712
ITER = 1791	20000	711
ITER = 1792	20000	710
ITER = 1793	20000	709
ITER = 1794	20000	709
ITER = 1795	20000	709
ITER = 1796	20000	708
ITER = 1797	20000	707
ITER = 1798	20000	707
ITER = 1799	20000	707
ITER = 1800	20000	707
ITER = 1801	20000	707
ITER = 1802	20000	707
ITER = 1803	20000	707
ITER = 1804	20000	707
ITER = 1805	20000	706
ITER = 1806	20000	705
ITER = 1807	20000	705
ITER = 1808	20000	705
ITER = 1809	20000	704
ITER = 1810	20000	703
ITER = 1811	20000	703
ITER = 1812	20000	703
ITER = 1813	20000	703
ITER = 1814	20000	703
ITER = 1815	20000	702
ITER = 1816	20000	702
ITER = 1817	20000	702
ITER = 1818	20000	702
ITER = 1819	20000	702
ITER = 1820	20000	702
ITER = 1821	20000	702
ITER = 1822	20000	702
ITER = 1823	20000	702
ITER = 1824	20000	701
ITER = 1825	20000	701
ITER = 1826	20000	701
ITER = 1827	20000	701
ITER = 1828	20000	699
ITER = 1829	20000	698
ITER = 1830	20000	696
ITER = 1831	20000	696
ITER = 1832	20000	696
ITER = 1833	20000	696
ITER = 1834	20000	696
ITER = 1835	20000	696
ITER = 1836	20000	696
ITER = 1837	20000	695
ITER = 1838	20000	694
ITER = 1839	20000	693
ITER = 1840	20000	693
ITER = 1841	20000	692
ITER = 1842	20000	692
ITER = 1843	20000	692
ITER = 1844	20000	692
ITER = 1845	20000	690
ITER = 1846	20000	690
ITER = 1847	20000	690
ITER = 1848	20000	690
ITER = 1849	20000	690
ITER = 1850	20000	689
ITER = 1851	20000	689
ITER = 1852	20000	689
ITER = 1853	20000	689
ITER = 1854	20000	688
ITER = 1855	20000	688
ITER = 1856	20000	688
ITER = 1857	20000	688
ITER = 1858	20000	687
ITER = 1859	20000	687
ITER = 1860	20000	687
ITER = 1861	20000	686
ITER = 1862	20000	683
ITER = 1863	20000	683
ITER = 1864	20000	682
ITER = 1865	20000	682
ITER = 1866	20000	682
ITER = 1867	20000	681
ITER = 1868	20000	680
ITER = 1869	20000	680
ITER = 1870	20000	680
ITER = 1871	20000	680
ITER = 1872	20000	678
ITER = 1873	20000	678
ITER = 1874	20000	678
ITER = 1875	20000	677
ITER = 1876	20000	677
ITER = 1877	20000	677
ITER = 1878	20000	676
ITER = 1879	20000	676
ITER = 1880	20000	675
ITER = 1881	20000	675
ITER = 1882	20000	674
ITER = 1883	20000	674
ITER = 1884	20000	674
ITER = 1885	20000	674
ITER = 1886	20000	674
ITER = 1887	20000	674
ITER = 1888	20000	673
ITER = 1889	20000	673
ITER = 1890	20000	671
ITER = 1891	20000	671
ITER = 1892	20000	671
ITER = 1893	20000	671
ITER = 1894	20000	671
ITER = 1895	20000	669
ITER = 1896	20000	669
ITER = 1897	20000	669
ITER = 1898	20000	669
ITER = 1899	20000	668
ITER = 1900	20000	667
ITER = 1901	20000	667
ITER = 1902	20000	666
ITER = 1903	20000	665
ITER = 1904	20000	665
ITER = 1905	20000	665
ITER = 1906	20000	665
ITER = 1907	20000	664
ITER = 1908	20000	661
ITER = 1909	20000	660
ITER = 1910	20000	660
ITER = 1911	20000	660
ITER = 1912	20000	660
ITER = 1913	20000	660
ITER = 1914	20000	660
ITER = 1915	20000	660
ITER = 1916	20000	660
ITER = 1917	20000	660
ITER = 1918	20000	660
ITER = 1919	20000	660
ITER = 1920	20000	660
ITER = 1921	20000	660
ITER = 1922	20000	660
ITER = 1923	20000	660
ITER = 1924	20000	660
ITER = 1925	20000	659
ITER = 1926	20000	659
ITER = 1927	20000	659
ITER = 1928	20000	659
ITER = 1929	20000	659
ITER = 1930	20000	658
ITER = 1931	20000	658
ITER = 1932	20000	658
ITER = 1933	20000	658
ITER = 1934	20000	658
ITER = 1935	20000	658
ITER = 1936	20000	658
ITER = 1937	20000	658
ITER = 1938	20000	658
ITER = 1939	20000	658
ITER = 1940	20000	658
ITER = 1941	20000	658
ITER = 1942	20000	657
ITER = 1943	20000	656
ITER = 1944	20000	656
ITER = 1945	20000	656
ITER = 1946	20000	656
ITER = 1947	20000	656
ITER = 1948	20000	655
ITER = 1949	20000	655
ITER = 1950	20000	655
ITER = 1951	20000	655
ITER = 1952	20000	655
ITER = 1953	20000	655
ITER = 1954	20000	655
ITER = 1955	20000	655
ITER = 1956	20000	655
ITER = 1957	20000	655
ITER = 1958	20000	655
ITER = 1959	20000	655
ITER = 1960	20000	654
ITER = 1961	20000	654
ITER = 1962	20000	654
ITER = 1963	20000	654
ITER = 1964	20000	653
ITER = 1965	20000	653
ITER = 1966	20000	653
ITER = 1967	20000	653
ITER = 1968	20000	652
ITER = 1969	20000	652
ITER = 1970	20000	652
ITER = 1971	20000	652
ITER = 1972	20000	652
ITER = 1973	20000	652
ITER = 1974	20000	652
ITER = 1975	20000	652
ITER = 1976	20000	652
ITER = 1977	20000	651
ITER = 1978	20000	650
ITER = 1979	20000	649
ITER = 1980	20000	649
ITER = 1981	20000	649
ITER = 1982	20000	649
ITER = 1983	20000	649
ITER = 1984	20000	649
ITER = 1985	20000	649
ITER = 1986	20000	649
ITER = 1987	20000	649
ITER = 1988	20000	649
ITER = 1989	20000	648
ITER = 1990	20000	648
ITER = 1991	20000	648
ITER = 1992	20000	648
ITER = 1993	20000	648
ITER = 1994	20000	647
ITER = 1995	20000	647
ITER = 1996	20000	647
ITER = 1997	20000	647
ITER = 1998	20000	647
ITER = 1999	20000	647
