0.117404
0.093923
0.093923
0.117404
0.093923
0.093923
0.093923
0.0704422
0.117404
0.117404
0.117404
0.117404
0.093923
0.117404
0.117404
0.117404
0.093923
0.117404
0.117404
0.093923
0.117404
0.117404
0.117404
0.117404
0.140884
0.117404
0.117404
0.117404
0.117404
0.117404
0.117404
0.117404
0.140884
0.117404
0.140884
0.117404
0.117404
0.140884
0.117404
0.117404
0.140884
0.140884
0.117404
0.140884
0.117404
0.140884
0.117404
0.140884
0.140884
0.140884
0.140884
0.117404
0.140884
0.140884
0.140884
0.117404
0.140884
0.140884
0.140884
0.140884
0.140884
0.140884
0.140884
0.140884
0.140884
0.140884
0.140884
0.140884
0.140884
0.140884
0.140884
0.164365
0.140884
0.140884
0.140884
0.140884
0.140884
0.140884
0.164365
0.140884
0.140884
0.164365
0.140884
0.164365
0.140884
0.140884
0.140884
0.164365
0.140884
0.164365
0.140884
0.164365
0.140884
0.164365
0.140884
0.164365
0.140884
0.164365
0.140884
0.164365
0.140884
0.164365
0.140884
0.164365
0.164365
0.140884
0.164365
0.164365
0.140884
0.164365
0.164365
0.140884
0.164365
0.164365
0.140884
0.164365
0.164365
0.164365
0.140884
0.164365
0.164365
0.164365
0.140884
0.164365
0.164365
0.140884
0.164365
0.164365
0.164365
0.140884
0.164365
0.164365
0.164365
0.164365
0.140884
0.164365
0.164365
0.164365
0.164365
0.140884
0.164365
0.164365
0.164365
0.164365
0.164365
0.164365
0.187846
0.140884
0.187846
0.164365
0.164365
0.164365
0.187846
0.164365
0.164365
0.187846
0.164365
0.187846
0.164365
0.187846
0.187846
0.164365
0.187846
0.187846
0.187846
0.187846
0.187846
0.187846
0.187846
0.187846
0.187846
0.187846
0.211327
0.187846
0.211327
0.187846
0.211327
0.211327
0.211327
0.187846
0.234807
0.211327
0.211327
0.211327
0.2323
0.230598
0.229045
0.222938
0.222913
0.239641
0.215941
0.23436
0.230558
0.228769
0.224053
0.243247
0.237499
0.235741
0.230534
0.246871
0.223656
0.238393
0.253129
0.247255
0.244634
0.238593
0.251885
0.264749
0.258341
0.270247
0.252164
0.278562
0.272465
0.284138
0.280745
0.292452
0.290169
0.301363
0.311616
0.322635
0.348114
0.346915
0.375
0.404843
0.40856
0.441765
0.463161
0.489507
0.532381
0.578572
0.596713
0.628861
0.66641
0.685181
0.752628
0.790634
0.83944
0.942145
0.938976
0.863961
0.838381
0.789843
0.762283
0.720319
0.678695
0.65619
0.607477
0.594659
0.582261
0.555876
0.531904
0.509447
0.503225
0.48318
0.464052
0.459961
0.441872
0.425046
0.423117
0.421448
0.405558
0.390726
0.389943
0.388772
0.388371
0.360144
0.373765
0.345969
0.346256
0.346335
0.347261
0.319723
0.334926
0.321288
0.322876
0.309029
0.325254
0.311097
0.313764
0.299614
0.288372
0.302781
0.274828
0.306503
0.291896
0.280404
0.281228
0.267139
0.300769
0.2707
0.273129
0.275553
0.275552
0.263806
0.265318
0.265324
0.269546
0.254905
0.270829
0.259267
0.244423
0.260737
0.248175
0.26736
0.233953
0.23541
0.275052
0.240685
0.261741
0.24843
0.230708
0.248461
0.232637
0.257382
0.239009
0.257385
0.226353
0.24832
0.229233
0.248347
0.216436
0.238676
0.238663
0.238689
0.226656
0.229621
0.229634
0.233537
0.199579
0.266114
0.221752
0.24393
0.178727
0.258288
0.211327
0.234807
0.211327
0.234807
0.187846
0.211327
0.211327
0.164365
0.234807
0.187846
0.187846
0.187846
0.187846
0.164365
0.187846
0.187846
0.164365
0.164365
0.187846
0.164365
0.164365
0.140884
0.164365
0.140884
0.164365
0.140884
0.164365
0.117404
0.164365
0.140884
0.140884
0.140884
0.117404
0.140884
0.117404
0.140884
0.117404
0.117404
0.117404
0.093923
0.117404
0.117404
0.093923
0.117404
0.093923
