-4.98344
-4.98343
-4.98336
-4.98345
-4.98345
-4.9817
-4.9834
-4.98338
-4.98345
-4.98337
-4.98335
-4.98176
-4.98341
-4.98342
-4.98336
-4.9834
-4.9834
-4.98344
-4.98336
-4.98345
-4.98344
-4.98339
-4.98336
-4.9834
-4.98337
-4.9834
-4.98339
-4.9834
-4.98336
-4.98343
-4.98342
-4.98338
-4.98342
-4.98338
-4.98344
-4.98335
-4.98341
-4.98172
-4.98343
-4.98339
-4.9834
-4.98336
-4.98172
-4.98343
-4.98344
-4.98172
-4.98174
-4.98336
-4.98337
-4.98339
-4.9817
-4.98342
-4.98172
-4.98338
-4.98338
-4.9834
-4.9834
-4.98167
-4.98175
-4.98341
-4.98341
-4.98343
-4.98339
-4.98338
-4.98338
-4.98337
-4.98339
-4.98173
-4.98342
-4.98337
-4.98176
-4.98337
-4.98343
-4.98342
-4.98339
-4.98337
-4.98339
-4.98344
-4.98339
-4.98175
-4.98339
-4.9834
-4.98341
-4.98341
-4.98344
-4.98338
-4.98167
-4.9834
-4.98339
-4.98342
-4.98345
-4.98167
-4.98337
-4.98345
-4.98341
-4.98338
-4.98345
-4.98336
-4.98345
-4.9834
-4.98339
-4.98342
-4.98342
-4.98337
-4.98343
-4.9834
-4.98344
-4.98339
-4.98335
-4.98345
-4.98338
-4.98344
-4.98339
-4.98335
-4.98342
-4.98336
-4.9834
-4.98343
-4.98343
-4.98338
-4.98335
-4.98337
-4.98337
-4.98338
-4.98343
-4.98341
-4.98343
-4.9817
-4.98339
-4.98338
-4.9834
-4.98335
-4.98338
-4.98336
-4.98344
-4.98344
-4.98342
-4.98337
-4.98336
-4.9834
-4.98341
-4.98343
-4.98336
-4.98341
-4.98337
-4.98338
-4.98175
-4.98339
-4.9834
-4.98342
-4.98345
-4.9834
-4.98344
-4.98342
-4.98343
-4.98335
-4.98345
-4.98342
-4.98173
-4.98336
-4.9817
-4.98337
-4.98336
-4.98342
-4.98176
-4.98338
-4.98343
-4.98344
-4.98339
-4.98337
-4.98336
-4.98337
-4.9834
-4.98339
-4.98338
-4.98338
-4.98341
-4.98345
-4.98345
-4.98339
-4.98337
-4.98338
-4.98338
-4.98342
-4.98343
-4.98336
-4.98174
-4.9817
-4.98168
-4.98344
-4.98344
-4.98342
-4.98342
-4.98175
-4.9834
-4.98343
-4.98341
-4.98339
-4.98168
-4.98343
-4.9834
-4.98339
-4.98336
-4.98336
-4.98338
-4.98336
-4.98341
-4.98337
-4.98336
-4.98341
-4.98344
-4.98174
-4.98338
-4.98337
-4.9834
-4.98336
-4.98344
-4.98335
-4.98343
-4.98339
-4.98339
-4.98335
-4.98337
-4.9834
-4.98337
-4.98342
-4.98338
-4.98171
-4.9834
-4.98337
-4.9834
-4.98338
-4.98342
-4.98338
-4.98341
-4.98339
-4.98342
-4.98339
-4.98336
-4.98171
-4.98344
-4.98338
-4.98343
-4.98338
-4.98338
-4.9834
-4.98341
-4.98344
-4.98342
-4.98336
-4.98339
-4.98343
-4.98339
-4.98336
-4.98338
-4.98176
-4.98338
-4.98342
-4.98336
-4.98338
-4.98341
-4.98342
-4.98172
-4.98343
-4.98335
-4.98344
-4.9834
-4.98338
-4.98337
-4.98339
-4.98344
-4.98338
-4.98343
-4.9817
-4.98342
-4.98337
-4.98343
-4.98338
-4.98337
-4.98336
-4.98337
-4.98173
-4.98339
-4.98343
-4.98345
-4.98338
-4.98173
-4.98341
-4.98175
-4.98341
-4.98337
-4.98341
-4.98336
-4.98337
-4.98342
-4.98344
-4.98338
-4.98343
-4.98336
-4.98336
-4.98344
-4.98339
-4.98337
-4.98335
-4.98343
-4.98343
-4.98336
-4.98336
-4.98339
-4.98345
-4.98339
-4.98344
-4.98336
-4.98174
-4.98335
-4.98341
-4.9834
-4.9834
-4.98336
-4.98338
-4.98345
-4.98342
-4.98338
-4.98345
-4.9834
-4.98344
-4.98344
-4.98167
-4.98342
-4.9834
-4.9834
-4.98337
-4.9834
-4.98338
-4.98342
-4.98341
-4.98339
-4.98345
-4.98343
-4.98338
-4.98344
-4.98342
-4.9834
-4.98344
-4.98344
-4.98167
-4.9834
-4.9817
-4.98343
-4.98339
-4.98336
-4.98341
-4.98337
-4.98338
-4.98336
-4.98343
-4.9834
-4.98344
-4.9817
-4.98343
-4.98344
-4.98343
-4.98336
-4.98172
-4.9834
-4.98343
-4.98335
-4.98336
-4.98337
-4.9834
-4.98337
-4.98337
-4.98343
-4.98343
-4.98175
-4.98342
-4.98342
-4.98345
-4.9834
-4.98338
-4.98176
-4.98343
-4.98335
-4.98342
-4.98171
-4.98171
-4.98169
-4.98341
-4.98337
-4.98176
-4.98336
-4.98335
-4.98343
-4.98345
-4.98343
-4.9834
-4.98169
-4.98335
-4.98338
-4.98343
-4.98336
-4.98336
-4.98342
-4.98342
-4.98338
-4.9834
-4.98337
-4.98338
-4.98342
-4.98167
-4.98335
-4.98337
-4.98344
-4.98341
-4.98339
-4.98345
-4.98339
-4.98343
-4.98343
-4.98344
-4.9834
-4.98173
-4.98172
-4.98339
-4.9834
-4.98343
-4.98343
-4.98337
-4.9834
-4.98341
-4.98336
-4.98341
-4.98345
-4.98335
-4.98337
-4.98335
-4.98344
-4.98343
-4.98175
-4.98344
-4.98171
-4.98171
-4.98337
-4.98339
-4.98341
-4.98337
-4.9834
-4.9834
-4.98339
-4.98338
-4.98345
-4.98343
-4.98338
-4.98336
-4.98338
-4.9834
-4.98335
-4.98341
-4.9834
-4.98338
-4.98343
-4.98344
-4.98167
-4.98341
-4.98174
-4.98167
-4.98338
-4.98341
-4.98343
-4.98335
-4.98338
-4.98171
-4.98345
-4.98338
-4.98338
-4.98339
-4.98343
-4.98335
-4.98343
-4.98343
-4.98337
-4.9834
-4.98341
-4.98341
-4.98339
-4.98344
-4.9834
-4.98336
-4.9817
-4.98343
-4.98338
-4.98343
-4.98336
-4.9834
-4.98343
-4.98175
-4.98339
-4.98343
-4.98343
-4.98341
-4.98344
-4.98174
-4.98338
-4.98339
-4.9834
-4.98345
-4.98339
-4.98338
-4.9834
-4.98338
-4.98345
-4.98341
-4.98345
-4.98336
-4.98342
-4.98341
-4.98339
-4.98338
-4.98344
-4.9834
-4.9834
-4.98338
-4.98341
-4.98342
-4.9834
-4.98343
-4.98342
-4.98339
-4.98344
-4.98336
-4.98342
-4.98337
-4.98345
-4.98342
-4.98337
-4.98344
-4.98176
-4.9817
-4.98341
-4.98339
-4.98339
-4.98343
-4.98338
-4.98343
-4.98343
-4.98173
-4.9817
-4.98337
-4.98343
-4.98345
-4.98167
-4.98336
-4.98343
-4.9834
-4.98336
-4.98341
-4.98345
-4.98339
-4.98342
-4.9817
-4.98337
-4.98342
-4.98343
-4.9834
-4.98335
-4.98343
-4.98336
-4.98343
-4.98337
-4.98344
-4.98338
-4.9834
-4.98342
-4.98335
-4.9834
-4.98338
-4.98335
-4.98344
-4.98341
-4.98344
-4.98338
-4.98171
-4.98344
-4.98174
-4.98344
-4.98338
-4.98336
-4.9834
-4.98344
-4.98344
-4.98342
-4.98343
-4.98339
-4.98173
-4.98336
-4.98337
-4.98337
-4.98338
-4.98343
-4.98338
-4.98344
-4.98345
-4.98342
-4.9834
-4.98344
-4.98337
-4.98343
-4.98338
-4.98344
-4.98336
-4.98343
-4.98337
-4.98343
-4.98336
-4.98167
-4.98342
-4.98175
-4.9817
-4.98337
-4.98344
-4.98341
-4.98169
-4.98341
-4.98339
-4.98337
-4.98344
-4.98342
-4.98338
-4.98344
-4.98335
-4.98345
-4.98341
-4.98337
-4.98337
-4.98341
-4.98336
-4.98175
-4.9834
-4.98174
-4.98176
-4.9834
-4.98173
-4.98338
-4.9834
-4.9834
-4.98344
-4.98339
-4.98339
-4.98338
-4.98169
-4.98344
-4.98343
-4.98339
-4.98338
-4.98345
-4.98177
-4.98339
-4.98337
-4.98342
-4.98339
-4.98341
-4.98335
-4.98344
-4.98344
-4.98338
-4.98335
-4.98343
-4.98339
-4.98341
-4.98171
-4.98167
-4.98167
-4.98336
-4.98345
-4.98171
-4.98168
-4.98336
-4.98344
-4.98336
-4.9834
-4.9834
-4.98339
-4.98337
-4.98345
-4.9834
-4.98176
-4.98338
-4.98343
-4.98344
-4.98343
-4.98176
-4.9834
-4.98342
-4.98172
-4.98341
-4.98175
-4.98167
-4.98345
-4.98342
-4.98345
-4.98339
-4.98339
-4.9834
-4.98344
-4.98335
-4.98175
-4.98339
-4.98343
-4.98344
-4.98338
-4.98336
-4.98343
-4.98338
-4.98344
-4.98336
-4.98174
-4.98342
-4.98336
-4.98337
-4.98336
-4.98336
-4.98336
-4.9834
-4.98343
-4.98335
-4.98338
-4.98341
-4.98341
-4.98341
-4.98339
-4.98341
-4.98341
-4.9834
-4.98171
-4.98341
-4.98343
-4.98343
-4.98338
-4.98337
-4.98338
-4.98337
-4.98343
-4.98337
-4.98343
-4.98338
-4.98336
-4.98336
-4.9834
-4.98339
-4.98338
-4.98345
-4.98335
-4.98341
-4.98342
-4.98339
-4.98343
-4.98339
-4.98341
-4.98338
-4.98337
-4.98338
-4.98335
-4.98345
-4.98342
-4.98342
-4.98337
-4.98345
-4.98341
-4.98339
-4.9834
-4.98336
-4.98336
-4.98176
-4.98176
-4.98169
-4.98335
-4.98343
-4.98344
-4.98336
-4.98341
-4.98338
-4.98339
-4.98338
-4.98336
-4.9834
-4.9834
-4.98172
-4.98337
-4.98176
-4.98338
-4.98344
-4.98341
-4.98176
-4.98341
-4.98343
-4.98341
-4.98344
-4.98343
-4.98337
-4.98339
-4.98341
-4.98336
-4.98335
-4.98168
-4.98168
-4.98345
-4.98339
-4.98342
-4.98344
-4.98174
-4.98339
-4.98337
-4.98341
-4.9834
-4.98338
-4.98338
-4.98337
-4.98338
-4.98343
-4.98345
-4.98344
-4.9834
-4.98345
-4.98339
-4.98341
-4.9834
-4.98344
-4.98339
-4.98344
-4.98336
-4.98337
-4.98343
-4.9817
-4.98336
-4.98343
-4.98344
-4.98337
-4.98345
-4.98339
-4.98342
-4.9817
-4.98337
-4.98335
-4.98335
-4.98336
-4.9834
-4.98337
-4.9834
-4.98338
-4.98337
-4.98336
-4.98342
-4.98344
-4.98174
-4.98337
-4.98171
-4.98335
-4.98168
-4.98339
-4.98339
-4.9834
-4.98344
-4.98338
-4.9834
-4.98336
-4.98345
-4.98344
-4.9834
-4.9834
-4.98175
-4.98341
-4.98343
-4.98341
-4.98341
-4.98342
-4.9834
-4.98344
-4.98342
-4.98168
-4.98343
-4.98337
-4.98338
-4.98171
-4.98338
-4.98343
-4.98341
-4.98341
-4.98336
-4.98175
-4.98173
-4.98338
-4.98336
-4.98336
-4.98336
-4.98342
-4.98342
-4.98336
-4.9834
-4.9834
-4.98337
-4.98339
-4.98344
-4.98337
-4.98174
-4.98337
-4.98336
-4.98342
-4.98343
-4.9817
-4.98339
-4.98341
-4.98335
-4.98168
-4.98336
-4.98345
-4.98345
-4.9817
-4.98174
-4.98344
-4.98335
-4.98338
-4.98336
-4.98343
-4.9834
-4.98344
-4.98345
-4.98343
-4.9834
-4.9834
-4.98168
-4.98173
-4.98171
-4.98337
-4.98336
-4.98167
-4.98343
-4.98341
-4.98342
-4.98168
-4.98339
-4.98344
-4.98169
-4.98338
-4.98342
-4.9834
-4.98341
-4.98337
-4.98342
-4.98344
-4.98337
-4.98341
-4.98336
-4.98344
-4.98343
-4.98344
-4.98336
-4.98344
-4.98336
-4.98341
-4.98345
-4.98344
-4.98337
-4.98339
-4.98345
-4.98167
-4.9834
-4.98345
-4.98343
-4.98345
-4.98341
-4.98175
-4.9834
-4.98342
-4.98337
-4.98173
-4.98343
-4.98342
-4.9834
-4.98337
-4.98339
-4.98173
-4.98342
-4.98335
-4.98337
-4.98338
-4.98335
-4.98171
-4.98339
-4.98337
-4.9834
-4.98174
-4.98343
-4.98335
-4.98335
-4.98174
-4.98344
-4.98337
-4.98335
-4.9817
-4.98342
-4.98339
-4.98344
-4.98343
-4.98342
-4.9834
-4.98343
-4.98338
-4.98337
-4.98341
-4.98344
-4.98341
-4.98342
-4.9834
-4.98171
-4.98168
-4.98342
-4.98339
-4.98343
-4.98337
-4.98345
-4.98336
-4.98345
-4.98172
-4.98337
-4.98174
-4.98338
-4.9834
-4.98337
-4.98343
-4.98174
-4.98335
-4.98168
-4.98341
-4.98341
-4.98339
-4.98341
-4.98341
-4.98337
-4.98339
-4.98335
-4.98337
-4.98342
-4.98335
-4.98338
-4.98343
-4.98341
-4.98167
-4.9834
-4.98338
-4.98168
-4.9834
-4.98344
-4.98343
-4.98167
-4.98338
-4.98338
-4.98176
-4.98169
-4.98173
-4.98335
-4.98343
-4.98335
-4.98174
-4.98337
-4.98172
-4.98341
-4.98341
-4.98339
-4.98337
-4.98341
-4.98175
-4.9817
-4.98344
-4.98339
-4.98339
-4.98343
-4.98337
-4.98337
-4.98344
-4.9834
-4.98172
-4.98167
-4.9834
-4.98345
-4.98338
-4.98338
-4.9834
-4.98342
-4.98339
-4.98343
-4.98341
-4.98344
-4.98341
-4.98336
-4.98342
-4.98335
-4.98338
-4.98341
-4.98339
-4.98341
-4.98338
-4.98338
-4.98336
-4.98336
-4.9834
-4.9834
-4.98339
-4.98342
-4.98343
-4.98337
-4.98176
-4.98339
-4.98335
-4.98341
-4.98342
-4.98336
-4.98341
-4.98344
-4.98336
-4.98344
-4.98341
-4.98341
-4.98342
-4.98337
-4.98344
-4.98335
-4.98339
-4.98336
-4.9817
-4.98337
-4.9834
-4.98336
-4.98337
-4.98336
-4.98338
-4.98339
-4.98339
-4.98337
-4.98335
-4.98337
-4.98338
-4.98341
-4.98343
-4.98342
-4.98337
-4.98343
-4.98339
-4.98336
-4.98343
-4.98342
-4.98337
-4.98339
-4.9834
-4.98335
-4.98344
-4.98339
-4.98344
-4.98173
-4.98345
-4.98345
-4.98344
-4.98338
-4.98335
-4.98338
-4.98175
-4.98336
-4.98336
-4.98345
-4.98337
-4.98175
-4.98343
-4.9834
-4.98337
-4.98339
-4.98336
-4.98338
-4.98335
-4.98172
-4.98338
-4.98173
-4.98168
-4.98339
-4.98339
-4.9834
-4.98343
-4.98341
-4.98172
-4.98339
-4.9834
-4.98342
-4.98168
-4.9834
-4.98339
-4.98343
-4.98336
-4.98339
-4.98338
-4.98171
-4.98339
-4.98339
-4.98343
-4.98337
-4.98342
-4.98344
-4.9817
-4.98167
-4.98344
-4.98172
-4.98342
-4.98174
-4.98339
-4.98344
-4.98339
-4.98342
-4.98167
-4.98336
-4.98344
-4.98173
-4.98339
-4.98335
-4.98343
-4.98344
-4.98343
-4.98339
-4.98341
-4.98338
-4.98336
-4.98341
-4.9834
-4.98335
-4.98344
-4.98342
-4.98171
-4.98342
-4.98339
-4.98174
-4.98337
-4.98343
-4.98338
-4.98339
-4.98342
-4.98341
-4.98168
-4.98336
-4.98337
-4.98336
-4.98336
-4.98342
-4.98341
-4.9834
-4.98336
-4.98341
-4.98343
-4.98337
-4.98174
-4.98343
-4.98339
-4.98338
-4.98343
-4.98171
-4.9834
-4.98175
-4.98336
-4.98344
-4.98342
-4.98343
-4.98345
-4.98337
-4.98337
-4.98339
-4.98344
-4.98339
-4.98337
-4.98339
-4.98339
-4.98343
-4.98342
-4.98341
-4.98337
-4.98342
-4.98335
-4.98337
-4.98336
-4.98336
-4.98171
-4.98344
-4.98343
-4.98336
-4.98341
-4.98342
-4.98341
-4.98345
-4.98335
-4.98344
-4.98176
-4.98338
-4.98172
-4.98336
-4.98345
-4.98172
-4.98344
-4.98343
-4.98336
-4.98339
-4.98336
-4.98338
-4.98336
-4.98344
-4.98335
-4.98337
-4.98336
-4.98338
-4.98344
-4.98338
-4.98172
-4.98336
-4.98172
-4.9834
-4.98336
-4.9817
-4.98337
-4.98344
-4.98176
-4.98337
-4.9834
-4.98341
-4.98344
-4.98336
-4.98337
-4.98337
-4.98343
-4.98342
-4.98344
-4.98341
-4.98337
-4.98339
-4.98172
-4.98176
-4.98341
-4.98342
-4.98338
-4.98168
-4.98342
-4.98342
-4.98343
-4.98342
-4.9817
-4.9834
-4.98344
-4.98337
-4.98337
-4.9834
-4.98338
-4.98174
-4.98343
-4.98176
-4.98168
-4.98339
-4.98343
-4.98345
-4.98172
-4.98169
-4.9834
-4.98337
-4.98174
-4.98336
-4.98335
-4.98336
-4.98345
-4.98341
-4.98343
-4.98175
-4.98335
-4.98343
-4.98344
-4.9834
-4.98339
-4.98338
-4.98336
-4.98337
-4.98336
-4.98339
-4.98336
-4.98338
-4.98345
-4.98336
-4.98338
-4.98337
-4.98338
-4.98167
-4.98335
-4.9834
-4.98337
-4.98344
-4.98172
-4.9834
-4.98339
-4.98338
-4.98339
-4.98339
-4.9834
-4.98168
-4.98339
-4.98343
-4.98338
-4.98342
-4.9834
-4.98344
-4.98338
-4.98173
-4.98339
-4.98344
-4.98339
-4.98168
-4.98343
-4.98338
-4.98342
-4.98336
-4.98167
-4.98342
-4.98338
-4.98169
-4.98342
-4.98337
-4.9834
-4.98344
-4.98167
-4.98343
-4.98336
-4.98337
-4.98167
-4.98339
-4.98341
-4.98341
-4.98343
-4.98335
-4.98344
-4.98337
-4.98337
-4.9834
-4.98338
-4.98341
-4.9834
-4.98339
-4.98342
-4.98341
-4.98337
-4.98341
-4.98336
-4.9834
-4.9834
-4.98337
-4.98335
-4.98343
-4.98343
-4.98341
-4.98345
-4.98339
-4.98344
-4.98169
-4.98168
-4.98338
-4.98343
-4.98168
-4.98345
-4.98341
-4.98341
-4.98343
-4.9834
-4.98344
-4.98341
-4.98339
-4.98338
-4.98336
-4.98172
-4.9834
-4.98336
-4.9834
-4.98174
-4.98338
-4.98339
-4.98342
-4.98342
-4.98343
-4.98174
-4.98344
-4.98341
-4.98337
-4.98342
-4.98341
-4.98336
-4.98338
-4.9834
-4.98339
-4.98339
-4.98169
-4.98343
-4.98343
-4.98342
-4.98169
-4.98335
-4.98167
-4.9834
-4.98336
-4.98171
-4.98175
-4.98335
-4.98336
-4.98339
-4.98343
-4.98336
-4.98335
-4.98339
-4.98342
-4.98336
-4.98167
-4.98339
-4.9834
-4.98172
-4.98174
-4.98344
-4.98345
-4.98338
-4.98336
-4.98176
-4.98167
-4.98172
-4.98343
-4.98338
-4.9834
-4.98336
-4.98335
-4.9834
-4.98339
-4.98344
-4.98342
-4.98341
-4.98344
-4.98335
-4.98341
-4.98339
-4.98337
-4.98172
-4.98174
-4.9834
-4.98172
-4.98344
-4.98169
-4.98343
-4.9834
-4.98168
-4.98339
-4.98336
-4.98167
-4.98171
-4.98173
-4.9834
-4.98342
-4.98337
-4.98345
-4.98173
-4.98337
-4.98341
-4.9834
-4.98337
-4.98343
-4.98344
-4.98341
-4.98173
-4.98335
-4.98335
-4.9834
-4.98342
-4.98339
-4.9834
-4.98339
-4.98336
-4.98338
-4.98336
-4.98336
-4.98336
-4.98341
-4.98345
-4.98339
-4.98343
-4.98337
-4.98167
-4.98167
-4.98337
-4.98337
-4.98174
-4.98335
-4.98336
-4.98336
-4.98337
-4.98338
-4.98341
-4.98171
-4.98343
-4.98344
-4.98345
-4.98175
-4.98338
-4.98338
-4.98343
-4.98342
-4.98342
-4.98343
-4.9834
-4.98337
-4.98337
-4.98335
-4.98337
-4.98339
-4.98343
-4.98337
-4.98336
-4.98339
-4.98337
-4.98343
-4.98339
-4.98341
-4.98172
-4.98345
-4.98344
-4.98342
-4.98337
-4.98335
-4.98337
-4.9834
-4.98343
-4.9817
-4.98171
-4.9834
-4.98337
-4.9834
-4.98174
-4.98343
-4.98344
-4.98336
-4.98335
-4.98338
-4.98342
-4.98341
-4.9834
-4.98344
-4.98341
-4.98345
-4.98343
-4.9834
-4.98336
-4.98336
-4.9834
-4.98168
-4.98169
-4.98341
-4.98171
-4.98343
-4.98169
-4.98344
-4.9834
-4.98336
-4.98341
-4.98336
-4.98338
-4.98337
-4.98175
-4.98338
-4.98174
-4.98339
-4.9834
-4.98336
-4.98338
-4.98338
-4.98338
-4.98339
-4.98339
-4.98341
-4.98339
-4.9817
-4.98343
-4.98171
-4.98342
-4.98337
-4.9834
-4.98336
-4.98335
-4.98337
-4.98344
-4.98336
-4.98345
-4.98343
-4.98343
-4.98336
-4.98343
-4.98344
-4.98344
-4.98338
-4.9834
-4.98337
-4.98344
-4.98336
-4.98337
-4.98337
-4.98337
-4.98337
-4.98336
-4.98337
-4.9834
-4.98344
-4.98341
-4.98335
-4.98337
-4.98337
-4.98344
-4.98344
-4.98168
-4.98336
-4.98337
-4.98344
-4.98343
-4.98342
-4.98342
-4.98345
-4.98344
-4.98342
-4.98336
-4.9817
-4.98341
-4.98343
-4.9834
-4.98335
-4.98338
-4.98344
-4.98343
-4.98171
-4.98341
-4.98344
-4.9834
-4.98176
-4.98344
-4.98338
-4.98335
-4.98343
-4.98339
-4.98342
-4.98343
-4.98168
-4.98337
-4.98343
-4.98171
-4.98339
-4.98343
-4.98172
-4.98173
-4.98174
-4.98335
-4.98335
-4.9834
-4.98343
-4.98341
-4.98174
-4.98338
-4.98336
-4.98338
-4.98174
-4.98337
-4.98344
-4.98341
-4.98344
-4.98336
-4.98344
-4.98335
-4.98336
-4.98343
-4.98341
-4.98344
-4.98339
-4.98344
-4.9834
-4.98339
-4.98343
-4.98342
-4.98345
-4.9834
-4.98336
-4.98343
-4.98343
-4.98336
-4.98343
-4.98173
-4.98344
-4.98339
-4.98345
-4.9834
-4.98337
-4.9834
-4.98341
-4.98339
-4.98339
-4.98338
-4.9834
-4.98341
-4.98339
-4.98168
-4.98336
-4.98339
-4.9834
-4.98341
-4.98336
-4.98167
-4.98336
-4.98336
-4.98338
-4.98344
-4.98341
-4.98172
-4.98342
-4.9817
-4.98345
-4.98338
-4.98343
-4.98339
-4.98169
-4.98172
-4.98344
-4.98337
-4.98339
-4.98337
-4.98176
-4.98337
-4.98338
-4.98338
-4.98167
-4.9817
-4.9817
-4.98343
-4.98177
-4.98337
-4.98339
-4.98172
-4.98335
-4.98342
-4.9834
-4.98341
-4.98342
-4.98345
-4.98342
-4.98343
-4.9817
-4.98338
-4.98336
-4.98341
-4.98344
-4.98335
-4.98342
-4.9834
-4.98342
-4.98338
-4.98344
-4.9834
-4.98337
-4.98336
-4.98337
-4.9817
-4.98336
-4.98342
-4.98339
-4.98344
-4.98342
-4.98338
-4.98338
-4.98335
-4.98167
-4.98345
-4.98337
-4.98336
-4.98341
-4.98337
-4.98167
-4.98174
-4.98342
-4.98339
-4.98339
-4.98335
-4.9834
-4.9834
-4.98338
-4.98167
-4.98339
-4.98344
-4.98341
-4.98168
-4.98342
-4.9834
-4.98344
-4.98337
-4.98336
-4.98341
-4.98344
-4.98337
-4.98167
-4.98344
-4.98341
-4.98336
-4.98338
-4.98343
-4.98337
-4.98338
-4.98337
-4.9834
-4.98336
-4.98337
-4.98339
-4.98345
-4.98335
-4.98337
-4.98343
-4.98174
-4.9834
-4.98342
-4.98336
-4.98169
-4.98335
-4.98169
-4.98341
-4.98341
-4.98339
-4.98342
-4.98344
-4.98343
-4.9834
-4.98345
-4.98171
-4.98335
-4.98335
-4.98342
-4.98341
-4.98342
-4.98176
-4.98335
-4.98343
-4.9834
-4.98341
-4.98342
-4.98345
-4.98339
-4.98335
-4.98339
-4.98339
-4.98176
-4.98176
-4.98343
-4.98167
-4.98342
-4.98343
-4.98336
-4.98339
-4.98337
-4.98343
-4.9834
-4.98337
-4.98341
-4.98168
-4.98339
-4.98337
-4.9834
-4.98341
-4.9834
-4.98337
-4.98338
-4.98345
-4.9817
-4.98339
-4.98343
-4.98339
-4.98173
-4.98337
-4.98343
-4.98337
-4.98338
-4.98169
-4.98339
-4.98342
-4.98339
-4.98343
-4.98341
-4.98344
-4.98345
-4.98344
-4.98341
-4.98172
-4.98335
-4.98174
-4.98336
-4.9834
-4.98338
-4.98338
-4.98338
-4.98345
-4.98335
-4.98339
-4.98169
-4.98167
-4.98339
-4.98173
-4.98342
-4.98339
-4.98336
-4.98344
-4.98175
-4.98339
-4.98339
-4.98338
-4.98345
-4.98343
-4.98341
-4.9834
-4.98335
-4.98345
-4.98335
-4.98341
-4.98337
-4.98339
-4.98344
-4.98343
-4.98342
-4.98172
-4.98343
-4.98344
-4.98173
-4.98338
-4.98171
-4.98176
-4.98341
-4.98342
-4.98336
-4.98343
-4.98343
-4.98345
-4.98337
-4.98344
-4.98343
-4.9834
-4.98336
-4.98176
-4.98341
-4.98343
-4.98336
-4.98337
-4.98338
-4.98335
-4.98174
-4.98341
-4.98335
-4.98344
-4.98339
-4.98339
-4.98342
-4.98344
-4.98338
-4.98343
-4.98339
-4.98336
-4.98335
-4.98339
-4.98339
-4.98338
-4.98341
-4.98342
-4.98338
-4.98339
-4.98343
-4.9834
-4.9834
-4.98342
-4.98339
-4.98343
-4.98335
-4.98337
-4.98339
-4.98341
-4.9834
-4.98345
-4.98345
-4.98174
-4.98344
-4.9834
-4.98337
-4.98336
-4.98343
-4.98341
-4.98339
-4.98342
-4.98336
-4.98341
-4.98168
-4.98344
-4.98342
-4.9834
-4.98339
-4.98341
-4.98335
-4.98343
-4.98342
-4.9817
-4.98171
-4.98341
-4.98338
-4.98344
-4.98338
-4.98336
-4.98343
-4.98337
-4.98344
-4.98338
-4.98337
-4.98337
-4.98341
-4.98345
-4.9834
-4.98344
-4.98345
-4.9834
-4.9834
-4.98339
-4.98171
-4.98342
-4.9817
-4.98168
-4.98345
-4.98169
-4.98335
-4.98336
-4.98342
-4.9834
-4.9834
-4.98338
-4.98339
-4.98345
-4.98336
-4.98342
-4.98337
-4.98339
-4.98335
-4.9834
-4.98175
-4.98345
-4.98339
-4.98343
-4.9834
-4.98335
-4.98338
-4.98335
-4.98339
-4.98337
-4.98338
-4.98342
-4.98172
-4.98336
-4.98341
-4.98343
-4.98335
-4.98341
-4.98341
-4.98343
-4.98338
-4.9817
-4.98335
-4.98344
-4.98344
-4.98337
-4.98339
-4.98336
-4.98174
-4.98336
-4.9834
-4.98176
-4.98345
-4.9817
-4.98339
-4.98335
-4.98343
-4.98339
-4.98336
-4.98341
-4.98336
-4.98337
-4.98335
-4.98345
-4.98342
-4.9817
-4.98336
-4.98338
-4.98336
-4.98344
-4.98338
-4.98345
-4.98341
-4.98337
-4.98175
-4.98336
-4.98339
-4.98338
-4.98339
-4.98336
-4.98337
-4.98343
-4.98342
-4.98341
-4.98345
-4.98341
-4.98174
-4.98168
-4.98345
-4.98342
-4.98342
-4.9834
-4.98339
-4.98338
-4.98344
-4.98341
-4.98342
-4.98336
-4.98336
-4.98345
-4.98338
-4.98338
-4.98342
-4.98344
-4.98167
-4.98337
-4.98175
-4.98175
-4.98338
-4.9834
-4.98344
-4.98338
-4.98338
-4.98335
-4.98344
-4.98338
-4.9834
-4.98345
-4.98342
-4.98342
-4.9817
-4.98176
-4.98339
-4.98338
-4.98339
-4.98337
-4.9817
-4.98339
-4.98341
-4.98176
-4.98345
-4.98337
-4.98169
-4.98335
-4.98335
-4.98339
-4.98344
-4.9817
-4.98337
-4.98339
-4.9834
-4.9834
-4.98175
-4.98173
-4.98339
-4.98345
-4.9834
-4.98338
-4.98338
-4.98175
-4.98336
-4.98341
-4.98337
-4.98339
-4.98344
-4.9834
-4.98337
-4.98335
-4.98338
-4.98344
-4.98344
-4.98338
-4.98337
-4.98337
-4.98337
-4.9834
-4.98335
-4.98339
-4.98335
-4.98339
-4.98344
-4.98338
-4.98344
-4.98341
-4.98339
-4.98167
-4.9834
-4.98344
-4.98341
-4.98172
-4.98175
-4.9834
-4.98336
-4.98341
-4.98175
-4.98343
-4.98336
-4.98167
-4.98343
-4.98335
-4.98344
-4.98168
-4.98343
-4.98341
-4.98167
-4.98336
-4.98341
-4.98344
-4.98337
-4.98336
-4.98341
-4.98338
-4.9834
-4.98168
-4.9834
-4.98335
-4.98337
-4.98339
-4.9834
-4.98341
-4.98342
-4.98336
-4.98344
-4.9817
-4.98169
-4.98339
-4.98342
-4.98338
-4.98337
-4.98341
-4.98335
-4.98176
-4.98172
-4.98339
-4.98339
-4.98336
-4.98344
-4.98336
-4.9834
-4.98342
-4.98336
-4.98341
-4.9834
-4.98345
-4.98338
-4.98338
-4.98341
-4.98343
-4.98338
-4.98343
-4.98175
-4.9834
-4.98175
-4.98345
-4.9817
-4.98337
-4.98343
-4.98342
-4.98336
-4.98339
-4.98338
-4.98335
-4.9834
-4.98342
-4.9834
-4.98173
-4.98343
-4.98342
-4.98342
-4.9834
-4.98342
-4.98338
-4.9834
-4.98338
-4.98338
-4.9834
-4.98343
-4.98338
-4.98338
-4.98342
-4.98345
-4.98342
-4.98343
-4.98342
-4.98344
-4.98335
-4.98343
-4.9834
-4.98335
-4.98344
-4.98336
-4.98345
-4.98336
-4.98345
-4.98341
-4.98344
-4.98344
-4.98338
-4.9834
-4.98341
-4.98337
-4.98338
-4.98169
-4.98338
-4.98338
-4.9834
-4.98337
-4.98339
-4.9817
-4.98338
-4.98335
-4.98338
-4.98337
-4.98342
-4.98344
-4.98337
-4.98345
-4.98345
-4.98337
-4.98336
-4.98341
-4.98335
-4.9834
-4.98336
-4.98341
-4.98337
-4.98176
-4.98335
-4.98336
-4.98342
-4.9817
-4.98338
-4.98338
-4.98338
-4.98341
-4.98343
-4.9834
-4.98335
-4.98336
-4.98344
-4.9834
-4.9834
-4.98341
-4.98344
-4.98338
-4.98343
-4.98344
-4.98175
-4.98344
-4.98344
-4.98338
-4.98345
-4.98171
-4.9834
-4.98344
-4.98341
-4.98342
-4.9834
-4.9834
-4.98338
-4.98341
-4.98176
-4.98343
-4.9817
-4.98343
-4.98337
-4.98338
-4.98343
-4.98343
-4.98338
-4.98338
-4.98341
-4.98335
-4.98342
-4.98343
-4.98168
-4.98339
-4.98339
-4.98343
-4.98169
-4.98344
-4.98344
-4.98339
-4.98341
-4.98336
-4.98342
-4.98341
-4.98344
-4.98343
-4.98343
-4.98342
-4.98341
-4.98167
-4.98338
-4.9834
-4.9834
-4.98338
-4.98338
-4.98337
-4.98343
-4.98344
-4.98343
-4.98339
-4.98343
-4.98338
-4.98339
-4.98343
-4.98336
-4.98174
-4.98338
-4.9834
-4.98342
-4.98338
-4.98343
-4.98341
-4.98176
-4.98338
-4.98343
-4.98341
-4.98338
-4.98337
-4.98338
-4.98336
-4.98339
-4.98341
-4.98342
-4.98343
-4.98335
-4.9834
-4.98172
-4.98343
-4.98343
-4.98168
-4.98338
-4.98167
-4.98176
-4.9834
-4.98344
-4.9834
-4.98343
-4.98337
-4.98341
-4.9834
-4.9834
-4.98337
-4.98345
-4.98336
-4.98336
-4.98338
-4.98174
-4.9834
-4.98175
-4.98344
-4.98336
-4.98338
-4.98339
-4.98335
-4.98345
-4.98344
-4.98337
-4.9834
-4.98175
-4.98335
-4.98177
-4.98336
-4.98339
-4.98343
-4.98342
-4.98345
-4.98342
-4.98344
-4.98338
-4.98337
-4.98341
-4.98338
-4.9834
-4.98342
-4.98172
-4.98337
-4.98338
-4.98342
-4.98342
-4.9834
-4.9817
-4.9834
-4.98338
-4.98342
-4.98341
-4.98338
-4.98175
-4.98338
-4.98336
-4.98343
-4.98344
-4.98174
-4.98167
-4.98338
-4.9834
-4.98345
-4.98336
-4.98343
-4.98343
-4.98336
-4.9834
-4.98345
-4.98169
-4.98336
-4.98338
-4.98337
-4.98339
-4.9834
-4.98342
-4.98343
-4.98338
-4.98342
-4.98167
-4.98341
-4.98336
-4.98172
-4.98342
-4.98339
-4.98339
-4.98337
-4.98343
-4.9834
-4.98336
-4.98337
-4.98172
-4.98171
-4.98343
-4.98337
-4.98342
-4.98339
-4.98339
-4.98343
-4.98342
-4.98345
-4.98339
-4.9834
-4.98343
-4.98338
-4.98175
-4.98337
-4.98341
-4.98344
-4.9834
-4.98339
-4.98344
-4.98345
-4.98336
-4.98343
-4.98337
-4.9834
-4.98173
-4.98343
-4.98175
-4.98339
-4.98171
-4.98342
-4.98341
-4.98342
-4.98342
-4.98173
-4.98344
-4.98341
-4.98336
-4.98341
-4.98341
-4.98337
-4.98176
-4.98338
-4.98336
-4.98339
-4.98336
-4.98344
-4.9834
-4.98342
-4.98345
-4.98343
-4.98339
-4.98335
-4.98342
-4.98341
-4.98338
-4.9834
-4.98343
-4.98168
-4.9834
-4.98343
-4.98171
-4.98344
-4.98336
-4.98337
-4.98172
-4.98341
-4.98345
-4.98345
-4.98335
-4.98339
-4.98343
-4.98336
-4.98338
-4.98175
-4.98345
-4.98341
-4.98341
-4.98345
-4.98344
-4.98339
-4.98344
-4.98341
-4.98338
-4.98338
-4.98344
-4.98176
-4.98338
-4.98343
-4.98341
-4.98344
-4.98339
-4.98345
-4.98336
-4.98175
-4.98338
-4.98339
-4.98345
-4.98337
-4.98175
-4.98171
-4.98337
-4.98342
-4.98337
-4.98341
-4.98338
-4.98342
-4.98345
-4.98168
-4.98169
-4.98345
-4.98344
-4.9834
-4.98344
-4.98177
-4.98338
-4.9834
-4.98339
-4.98167
-4.98169
-4.98172
-4.98174
-4.98341
-4.9834
-4.98342
-4.98337
-4.9834
-4.98336
-4.98343
-4.98336
-4.98343
-4.98336
-4.98343
-4.98344
-4.98344
-4.98342
-4.98336
-4.9834
-4.98168
-4.98336
-4.98343
-4.98338
-4.98344
-4.98337
-4.98336
-4.98342
-4.98343
-4.98343
-4.98345
-4.98342
-4.98174
-4.98168
-4.98345
-4.98335
-4.98335
-4.98337
-4.9817
-4.98343
-4.98343
-4.9834
-4.98337
-4.98167
-4.98336
-4.98338
-4.98337
-4.98338
-4.98339
-4.98345
-4.9834
-4.98342
-4.98168
-4.98345
-4.98343
-4.98338
-4.98341
-4.98341
-4.98336
-4.98345
-4.98339
-4.98172
-4.98336
-4.98336
-4.98339
-4.98337
-4.98338
-4.98342
-4.98344
-4.98341
-4.98173
-4.98339
-4.9834
-4.98343
-4.98339
-4.9834
-4.98342
-4.98343
-4.98342
-4.98335
-4.9834
-4.98338
-4.98335
-4.98336
-4.98343
-4.9834
-4.98336
-4.98339
-4.98341
-4.9834
-4.98341
-4.98339
-4.98341
-4.98173
-4.98339
-4.98336
-4.98339
-4.98341
-4.98337
-4.98341
-4.98171
-4.9834
-4.98174
-4.9834
-4.98345
-4.98341
-4.98173
-4.98342
-4.98343
-4.98343
-4.98343
-4.98344
-4.9817
-4.98338
-4.98344
-4.98172
-4.98343
-4.98342
-4.98339
-4.98337
-4.98335
-4.98338
-4.98174
-4.98337
-4.98167
-4.98344
-4.98335
-4.98337
-4.98342
-4.9817
-4.98339
-4.98168
-4.98172
-4.9834
-4.98344
-4.98169
-4.98339
-4.98339
-4.98341
-4.9834
-4.98341
-4.98344
-4.98345
-4.98168
-4.98339
-4.98173
-4.98342
-4.98344
-4.98342
-4.98336
-4.98339
-4.98337
-4.9834
-4.98338
-4.98344
-4.98343
-4.98343
-4.98342
-4.98175
-4.98335
-4.98336
-4.98336
-4.98343
-4.98342
-4.9834
-4.98343
-4.98342
-4.9834
-4.98341
-4.98343
-4.98336
-4.98341
-4.98342
-4.98175
-4.98341
-4.9817
-4.98338
-4.98342
-4.98173
-4.98338
-4.98336
-4.98339
-4.98338
-4.98338
-4.98339
-4.98339
-4.98344
-4.98171
-4.98173
-4.98339
-4.98341
-4.98336
-4.98337
-4.98339
-4.98343
-4.9834
-4.98344
-4.98176
-4.98344
-4.98337
-4.98343
-4.98344
-4.98339
-4.98344
-4.98344
-4.98338
-4.98336
-4.98344
-4.9834
-4.98343
-4.98344
-4.98336
-4.98339
-4.98336
-4.98344
-4.98335
-4.98338
-4.9834
-4.98338
-4.98342
-4.98343
-4.98171
-4.98344
-4.9834
-4.98342
-4.98176
-4.98339
-4.98343
-4.98176
-4.98342
-4.98337
-4.98176
-4.98341
-4.98341
-4.98344
-4.9834
-4.98344
-4.98339
-4.98168
-4.98341
-4.98335
-4.98343
-4.98338
-4.98341
-4.98339
-4.98168
-4.98337
-4.98341
-4.98344
-4.98337
-4.98336
-4.98338
-4.98343
-4.98175
-4.98336
-4.98344
-4.98175
-4.98337
-4.98335
-4.98336
-4.98341
-4.98344
-4.98341
-4.98344
-4.9834
-4.98344
-4.9834
-4.98335
-4.98341
-4.98342
-4.98338
-4.98342
-4.98336
-4.98336
-4.98343
-4.98172
-4.98343
-4.98337
-4.98338
-4.98342
-4.98174
-4.98336
-4.98336
-4.98336
-4.98337
-4.98175
-4.9817
-4.9834
-4.98172
-4.98343
-4.98341
-4.98167
-4.98338
-4.98343
-4.98339
-4.98345
-4.9834
-4.98344
-4.98345
-4.98339
-4.98339
-4.98341
-4.98175
-4.98341
-4.98345
-4.98339
-4.98344
-4.98175
-4.98337
-4.98336
-4.98345
-4.98167
-4.98345
-4.98343
-4.98335
-4.98338
-4.98342
-4.98345
-4.98344
-4.98345
-4.98342
-4.98341
-4.9834
-4.98339
-4.98167
-4.98175
-4.98167
-4.98342
-4.9834
-4.98338
-4.98174
-4.98336
-4.98169
-4.98341
-4.98345
-4.98337
-4.98174
-4.98343
-4.98171
-4.98336
-4.98343
-4.98344
-4.98338
-4.98337
-4.98341
-4.9834
-4.98175
-4.98336
-4.98173
-4.98339
-4.98343
-4.98174
-4.9817
-4.98343
-4.98342
-4.98172
-4.98338
-4.98176
-4.98343
-4.98339
-4.98339
-4.98337
-4.98336
-4.98344
-4.9817
-4.98341
-4.9817
-4.98341
-4.98343
-4.98338
-4.98344
-4.98336
-4.98336
-4.98176
-4.98342
-4.98338
-4.98343
-4.9834
-4.98344
-4.98169
-4.98335
-4.98337
-4.98344
-4.98338
-4.98336
-4.98344
-4.98339
-4.98337
-4.98341
-4.98337
-4.98342
-4.98338
-4.98338
-4.98343
-4.98336
-4.9834
-4.98341
-4.9834
-4.98342
-4.98341
-4.98336
-4.98336
-4.98176
-4.98337
-4.98339
-4.98344
-4.98341
-4.98336
-4.9834
-4.98335
-4.98343
-4.98336
-4.9834
-4.98344
-4.98338
-4.98344
-4.98343
-4.9834
-4.98173
-4.9834
-4.98343
-4.98341
-4.98174
-4.9834
-4.98172
-4.98343
-4.98335
-4.98338
-4.98341
-4.98345
-4.98336
-4.98176
-4.98175
-4.9834
-4.98336
-4.98343
-4.9834
-4.98342
-4.98174
-4.98338
-4.98337
-4.98337
-4.98343
-4.98344
-4.98172
-4.9834
-4.98336
-4.98341
-4.9834
-4.98345
-4.9834
-4.98168
-4.98177
-4.98344
-4.98336
-4.98336
-4.98335
-4.98344
-4.98167
-4.98338
-4.98345
-4.98343
-4.98343
-4.98344
-4.98338
-4.98336
-4.9834
-4.98337
-4.98339
-4.98175
-4.9834
-4.98339
-4.98342
-4.98336
-4.98342
-4.9834
-4.9834
-4.98343
-4.98342
-4.98339
-4.98336
-4.98344
-4.98337
-4.98339
-4.9834
-4.98341
-4.98175
-4.98339
-4.98167
-4.98335
-4.98345
-4.9834
-4.98341
-4.98336
-4.98339
-4.98175
-4.98171
-4.98175
-4.98176
-4.98339
-4.98343
-4.98169
-4.98339
-4.98342
-4.98339
-4.98337
-4.98335
-4.98335
-4.98336
-4.98338
-4.98337
-4.98337
-4.98337
-4.98338
-4.98341
-4.9834
-4.98167
-4.98173
-4.98171
-4.98173
-4.98337
-4.98336
-4.98335
-4.98337
-4.9834
-4.98171
-4.98345
-4.98342
-4.98172
-4.9834
-4.98338
-4.98344
-4.98343
-4.98342
-4.98336
-4.98175
-4.98342
-4.98345
-4.98344
-4.98344
-4.98337
-4.98169
-4.98335
-4.98337
-4.98337
-4.98338
-4.98342
-4.98343
-4.98336
-4.98341
-4.98336
-4.98343
-4.98336
-4.98342
-4.98338
-4.98339
-4.9834
-4.98167
-4.98174
-4.98339
-4.98343
-4.98336
-4.98342
-4.98343
-4.98169
-4.98339
-4.98167
-4.98344
-4.98174
-4.98342
-4.98173
-4.98342
-4.98336
-4.98342
-4.98338
-4.98341
-4.98344
-4.98344
-4.98345
-4.9834
-4.98341
-4.98344
-4.98339
-4.98344
-4.98339
-4.98342
-4.98168
-4.98342
-4.98337
-4.98345
-4.98339
-4.98345
-4.98339
-4.98175
-4.98343
-4.98344
-4.98344
-4.98338
-4.98173
-4.98336
-4.98336
-4.98336
-4.9817
-4.98337
-4.98337
-4.98337
-4.98342
-4.98172
-4.98344
-4.98343
-4.98337
-4.98337
-4.98336
-4.98337
-4.98337
-4.98337
-4.98338
-4.98336
-4.98342
-4.98173
-4.98338
-4.98171
-4.98343
-4.98338
-4.98337
-4.98337
-4.98345
-4.98344
-4.98345
-4.98338
-4.98344
-4.98343
-4.98336
-4.9834
-4.98345
-4.98337
-4.98337
-4.98341
-4.98338
-4.98337
-4.98339
-4.98341
-4.98336
-4.98344
-4.98341
-4.98336
-4.98345
-4.9817
-4.9834
-4.98343
-4.9834
-4.98335
-4.98338
-4.98345
-4.98341
-4.98342
-4.98342
-4.98339
-4.98341
-4.9834
-4.98336
-4.98335
-4.98336
-4.98343
-4.98344
-4.98337
-4.98337
-4.98339
-4.98344
-4.9834
-4.98169
-4.98341
-4.9834
-4.98175
-4.9834
-4.98172
-4.98335
-4.98344
-4.98335
-4.98342
-4.98337
-4.98341
-4.98343
-4.98341
-4.98337
-4.98338
-4.98345
-4.98341
-4.98341
-4.98339
-4.98342
-4.98338
-4.98342
-4.9834
-4.98341
-4.98167
-4.98167
-4.98341
-4.98173
-4.98337
-4.98344
-4.98339
-4.98342
-4.9834
-4.98339
-4.98339
-4.98339
-4.98339
-4.98341
-4.98172
-4.98343
-4.98337
-4.98338
-4.98342
-4.98335
-4.98341
-4.98343
-4.98172
-4.98343
-4.98337
-4.98341
-4.98341
-4.98167
-4.98341
-4.98336
-4.98344
-4.98342
-4.98335
-4.98339
-4.98343
-4.98339
-4.98342
-4.98339
-4.9834
-4.98336
-4.9834
-4.98176
-4.98342
-4.98337
-4.98344
-4.98345
-4.98336
-4.98336
-4.98339
-4.98345
-4.98167
-4.98338
-4.98343
-4.98337
-4.9834
-4.98177
-4.98344
-4.98344
-4.98342
-4.98339
-4.98342
-4.98343
-4.98341
-4.98341
-4.9834
-4.98342
-4.98344
-4.98337
-4.98343
-4.98335
-4.98343
-4.98172
-4.98342
-4.98342
-4.9817
-4.98337
-4.98343
-4.98171
-4.98342
-4.98175
-4.98172
-4.98174
-4.98342
-4.9817
-4.98338
-4.98336
-4.98341
-4.98341
-4.98337
-4.98339
-4.98336
-4.98339
-4.98339
-4.98336
-4.98341
-4.98173
-4.98173
-4.98344
-4.98345
-4.98345
-4.98336
-4.98339
-4.9834
-4.98344
-4.98341
-4.98343
-4.98336
-4.9817
-4.98341
-4.98339
-4.98342
-4.98342
-4.98337
-4.98335
-4.98335
-4.98337
-4.98338
-4.98345
-4.98335
-4.98176
-4.98339
-4.98339
-4.98338
-4.98343
-4.98338
-4.98343
-4.98341
-4.98344
-4.98344
-4.98342
-4.98338
-4.98338
-4.98335
-4.98343
-4.98342
-4.98169
-4.98335
-4.98338
-4.98345
-4.98337
-4.98338
-4.98336
-4.9834
-4.98339
-4.98341
-4.98342
-4.98345
-4.98169
-4.98342
-4.98335
-4.9834
-4.9834
-4.9834
-4.98341
-4.98337
-4.98343
-4.98339
-4.98342
-4.98342
-4.98339
-4.9834
-4.98335
-4.98344
-4.98343
-4.98169
-4.98342
-4.98172
-4.98336
-4.98343
-4.98341
-4.98169
-4.98339
-4.9834
-4.98337
-4.98167
-4.98344
-4.98343
-4.98339
-4.98341
-4.98338
-4.98343
-4.98345
-4.98343
-4.98171
-4.98341
-4.98341
-4.98337
-4.98169
-4.98337
-4.98341
-4.98337
-4.9834
-4.98338
-4.98167
-4.98176
-4.98338
-4.98335
-4.98344
-4.98344
-4.98341
-4.98344
-4.98341
-4.98337
-4.98168
-4.98173
-4.98335
-4.98339
-4.98175
-4.98343
-4.98173
-4.9834
-4.98338
-4.98336
-4.98343
-4.98173
-4.98338
-4.98338
-4.98337
-4.98337
-4.98337
-4.98338
-4.98343
-4.98341
-4.98338
-4.98171
-4.98175
-4.98343
-4.98173
-4.98169
-4.98336
-4.98336
-4.98343
-4.98345
-4.98336
-4.98339
-4.98345
-4.98343
-4.98344
-4.98341
-4.98336
-4.98337
-4.98335
-4.9834
-4.98341
-4.98341
-4.98167
-4.98345
-4.98169
-4.98342
-4.98335
-4.98335
-4.9834
-4.98336
-4.98344
-4.98341
-4.98336
-4.98345
-4.98337
-4.98336
-4.98343
-4.98344
-4.98338
-4.98345
-4.98344
-4.9817
-4.98339
-4.98338
-4.98343
-4.98343
-4.98339
-4.9834
-4.98336
-4.98342
-4.98335
-4.98343
-4.98336
-4.98339
-4.9834
-4.98338
-4.98339
-4.9834
-4.98342
-4.98343
-4.98342
-4.98342
-4.98341
-4.9834
-4.98174
-4.98341
-4.98172
-4.98169
-4.98339
-4.9834
-4.98168
-4.98343
-4.98343
-4.98343
-4.98168
-4.98338
-4.98341
-4.9834
-4.98342
-4.98337
-4.98344
-4.98336
-4.98338
-4.98337
-4.98341
-4.98342
-4.9834
-4.98336
-4.98342
-4.98338
-4.98335
-4.98337
-4.98338
-4.98169
-4.98338
-4.9834
-4.98342
-4.98167
-4.98338
-4.98344
-4.98341
-4.98174
-4.98174
-4.98341
-4.98343
-4.98172
-4.98336
-4.98169
-4.9834
-4.98341
-4.98337
-4.9817
-4.98337
-4.98336
-4.98341
-4.98339
-4.98342
-4.98344
-4.98337
-4.98343
-4.98341
-4.98343
-4.98344
-4.98343
-4.98337
-4.98337
-4.98172
-4.98174
-4.9834
-4.98343
-4.98345
-4.98345
-4.98344
-4.98343
-4.98344
-4.98341
-4.98338
-4.98343
-4.98168
-4.98337
-4.98342
-4.98336
-4.98173
-4.98343
-4.98343
-4.9834
-4.98335
-4.98339
-4.9834
-4.98337
-4.98337
-4.98343
-4.98343
-4.98344
-4.98341
-4.98341
-4.98342
-4.98345
-4.98336
-4.98338
-4.98339
-4.9834
-4.98344
-4.98341
-4.98343
-4.98339
-4.98339
-4.98341
-4.9834
-4.98337
-4.98336
-4.98175
-4.98345
-4.98339
-4.98343
-4.9817
-4.98343
-4.98343
-4.98341
-4.98172
-4.98335
-4.98169
-4.9834
-4.98172
-4.9834
-4.98343
-4.98167
-4.98167
-4.98338
-4.98337
-4.98341
-4.98344
-4.98337
-4.98172
-4.98338
-4.98173
-4.98339
-4.98345
-4.98344
-4.98339
-4.98342
-4.98343
-4.98338
-4.98344
-4.9834
-4.98342
-4.98339
-4.98342
-4.98176
-4.98343
-4.98342
-4.9834
-4.98167
-4.98341
-4.98168
-4.98342
-4.98343
-4.98343
-4.98343
-4.98344
-4.98168
-4.98175
-4.98338
-4.98339
-4.98341
-4.98345
-4.9834
-4.98172
-4.98341
-4.98344
-4.98344
-4.98337
-4.98336
-4.98337
-4.98343
-4.98338
-4.98339
-4.98342
-4.98344
-4.98167
-4.98172
-4.98337
-4.98169
-4.98339
-4.98344
-4.98345
-4.98167
-4.98336
-4.98342
-4.98169
-4.98168
-4.98337
-4.98338
-4.98337
-4.98343
-4.98336
-4.98173
-4.98342
-4.98341
-4.98173
-4.98343
-4.98337
-4.98343
-4.98343
-4.98344
-4.98338
-4.9834
-4.98343
-4.98341
-4.98343
-4.9817
-4.9834
-4.98335
-4.98174
-4.98342
-4.98343
-4.98339
-4.98338
-4.98344
-4.98341
-4.9834
-4.98335
-4.98336
-4.9834
-4.98344
-4.98339
-4.9834
-4.98342
-4.98337
-4.98344
-4.9834
-4.98344
-4.9834
-4.9834
-4.98341
-4.98339
-4.98171
-4.9817
-4.98344
-4.98335
-4.98337
-4.98336
-4.98337
-4.98341
-4.98336
-4.98338
-4.98343
-4.98342
-4.98344
-4.98335
-4.98175
-4.98169
-4.98337
-4.98345
-4.98344
-4.98337
-4.98338
-4.98335
-4.98169
-4.9834
-4.98337
-4.98173
-4.98339
-4.98171
-4.98339
-4.98343
-4.98342
-4.98341
-4.98335
-4.98168
-4.98336
-4.98342
-4.98343
-4.98173
-4.98337
-4.98344
-4.98344
-4.98172
-4.98338
-4.98337
-4.98336
-4.98337
-4.98342
-4.98335
-4.98343
-4.98341
-4.98343
-4.98342
-4.98338
-4.98344
-4.98336
-4.98342
-4.98176
-4.98168
-4.98336
-4.98174
-4.98341
-4.98342
-4.98341
-4.9834
-4.98336
-4.98339
-4.98175
-4.9834
-4.98343
-4.98339
-4.98343
-4.98339
-4.9834
-4.98339
-4.98338
-4.98337
-4.98344
-4.98339
-4.98337
-4.98343
-4.9834
-4.98343
-4.98344
-4.98341
-4.98342
-4.98337
-4.98335
-4.98341
-4.98176
-4.98336
-4.9834
-4.98343
-4.98344
-4.98336
-4.98343
-4.98345
-4.98344
-4.98337
-4.98171
-4.9834
-4.98344
-4.98342
-4.98341
-4.98337
-4.98167
-4.9834
-4.98344
-4.98169
-4.98336
-4.98176
-4.98171
-4.98338
-4.98336
-4.98342
-4.98338
-4.98337
-4.98342
-4.98342
-4.98171
-4.98169
-4.98338
-4.98175
-4.98338
-4.98342
-4.98342
-4.98341
-4.98168
-4.98341
-4.98335
-4.9834
-4.98337
-4.98341
-4.9834
-4.98344
-4.98336
-4.98167
-4.98342
-4.98337
-4.98344
-4.98343
-4.98338
-4.98339
-4.98341
-4.98337
-4.98345
-4.98336
-4.98337
-4.98341
-4.98339
-4.98336
-4.98336
-4.98344
-4.98342
-4.98174
-4.98171
-4.98341
-4.9834
-4.98343
-4.98343
-4.98343
-4.98343
-4.98336
-4.98338
-4.9834
-4.98339
-4.9834
-4.98344
-4.98167
-4.98343
-4.98342
-4.98338
-4.98345
-4.98343
-4.98341
-4.98341
-4.98335
-4.98341
-4.98174
-4.98339
-4.98338
-4.9834
-4.98343
-4.98343
-4.98342
-4.98174
-4.98338
-4.98337
-4.98343
-4.98344
-4.98337
-4.98337
-4.98176
-4.98345
-4.98338
-4.98335
-4.98344
-4.98336
-4.98341
-4.98336
-4.98343
-4.9834
-4.98344
-4.98339
-4.98174
-4.9834
-4.98337
-4.98338
-4.98172
-4.98337
-4.98338
-4.98341
-4.98338
-4.98175
-4.9834
-4.98337
-4.98343
-4.98336
-4.98341
-4.98337
-4.98338
-4.98343
-4.98339
-4.98344
-4.98337
-4.98336
-4.98173
-4.9834
-4.98338
-4.98344
-4.98345
-4.98342
-4.98176
-4.98344
-4.9817
-4.98337
-4.98341
-4.98338
-4.98339
-4.98339
-4.9834
-4.98344
-4.98341
-4.98343
-4.98345
-4.98339
-4.9834
-4.98172
-4.98169
-4.98344
-4.98338
-4.98342
-4.98336
-4.98344
-4.98335
-4.98335
-4.98171
-4.98168
-4.98335
-4.98338
-4.98339
-4.9834
-4.98339
-4.98337
-4.98342
-4.98344
-4.98342
-4.98338
-4.98344
-4.98344
-4.98341
-4.98175
-4.98337
-4.98337
-4.98341
-4.98342
-4.98343
-4.98343
-4.98167
-4.98171
-4.98343
-4.98337
-4.98338
-4.98336
-4.98345
-4.98174
-4.98341
-4.9834
-4.98338
-4.98342
-4.98335
-4.98344
-4.98338
-4.98335
-4.98344
-4.98344
-4.98336
-4.98341
-4.98343
-4.98338
-4.98341
-4.98336
-4.98337
-4.98342
-4.98345
-4.98344
-4.98341
-4.98336
-4.98343
-4.98172
-4.98169
-4.98343
-4.98335
-4.98337
-4.98336
-4.98341
-4.98344
-4.98341
-4.98174
-4.98345
-4.98341
-4.9834
-4.98337
-4.98339
-4.98343
-4.98338
-4.98338
-4.98338
-4.98341
-4.98336
-4.98336
-4.98342
-4.98343
-4.98339
-4.98337
-4.98338
-4.98338
-4.98342
-4.98343
-4.98345
-4.98338
-4.98341
-4.98335
-4.98342
-4.98338
-4.98342
-4.98337
-4.98338
-4.98338
-4.98342
-4.98344
-4.98341
-4.98341
-4.9834
-4.98344
-4.98342
-4.98342
-4.9817
-4.98336
-4.9834
-4.98338
-4.98338
-4.98345
-4.98339
-4.98337
-4.98338
-4.98337
-4.98167
-4.98344
-4.98343
-4.98339
-4.9834
-4.98342
-4.98171
-4.98337
-4.98168
-4.98337
-4.98342
-4.98343
-4.98339
-4.9834
-4.98344
-4.98339
-4.98174
-4.98341
-4.98343
-4.98339
-4.98336
-4.98342
-4.98345
-4.98339
-4.98337
-4.98339
-4.98338
-4.98343
-4.98342
-4.98336
-4.98167
-4.98343
-4.98344
-4.98342
-4.98341
-4.98338
-4.98335
-4.98341
-4.9834
-4.98342
-4.9817
-4.9834
-4.98168
-4.98337
-4.98337
-4.98176
-4.98338
-4.98337
-4.9817
-4.98338
-4.98344
-4.98337
-4.98172
-4.98343
-4.98336
-4.98342
-4.98338
-4.98344
-4.98342
-4.98336
-4.98345
-4.9834
-4.98173
-4.98339
-4.98341
-4.98345
-4.98336
-4.98345
-4.98336
-4.98344
-4.98337
-4.98341
-4.98341
-4.98175
-4.98172
-4.98168
-4.98172
-4.98344
-4.98339
-4.98168
-4.98167
-4.98343
-4.98172
-4.98339
-4.98336
-4.98336
-4.98337
-4.98344
-4.98338
-4.98344
-4.98337
-4.98337
-4.98338
-4.98336
-4.9834
-4.98339
-4.98344
-4.98343
-4.98176
-4.98342
-4.9834
-4.98335
-4.98339
-4.98338
-4.98335
-4.98342
-4.98337
-4.98337
-4.98341
-4.98339
-4.98167
-4.98167
-4.98339
-4.98344
-4.9817
-4.98344
-4.98335
-4.98342
-4.98168
-4.98345
-4.98338
-4.98173
-4.98344
-4.9834
-4.98171
-4.98167
-4.98341
-4.98343
-4.98335
-4.9834
-4.98169
-4.98345
-4.98341
-4.98176
-4.98335
-4.98338
-4.98175
-4.98341
-4.98336
-4.98343
-4.98343
-4.9834
-4.98341
-4.98341
-4.9817
-4.98342
-4.98341
-4.98341
-4.98336
-4.9834
-4.98341
-4.98343
-4.98344
-4.98336
-4.98341
-4.98343
-4.98339
-4.98336
-4.98345
-4.98336
-4.9834
-4.98342
-4.98172
-4.98338
-4.9834
-4.98343
-4.98167
-4.9834
-4.98336
-4.98339
-4.98338
-4.9834
-4.98341
-4.9834
-4.98173
-4.98169
-4.9817
-4.98339
-4.98338
-4.98345
-4.98343
-4.98173
-4.98341
-4.98176
-4.98342
-4.98344
-4.98338
-4.9834
-4.98342
-4.9834
-4.98341
-4.98174
-4.98169
-4.98337
-4.9834
-4.98336
-4.98341
-4.98341
-4.98339
-4.98337
-4.9834
-4.98342
-4.98341
-4.98343
-4.9834
-4.9834
-4.9834
-4.98339
-4.98345
-4.98338
-4.98344
-4.98342
-4.98168
-4.98172
-4.98337
-4.98175
-4.98343
-4.98344
-4.98344
-4.9834
-4.98341
-4.98175
-4.9834
-4.9817
-4.98338
-4.98338
-4.98343
-4.98336
-4.98342
-4.98339
-4.98342
-4.98337
-4.98344
-4.98338
-4.98344
-4.98174
-4.98336
-4.98174
-4.98343
-4.98345
-4.98344
-4.98344
-4.98338
-4.98169
-4.98344
-4.9834
-4.98337
-4.98339
-4.98343
-4.98345
-4.98344
-4.98176
-4.98342
-4.98169
-4.98342
-4.98336
-4.98341
-4.98339
-4.9817
-4.98345
-4.98341
-4.98175
-4.98342
-4.98336
-4.98169
-4.98344
-4.98344
-4.98341
-4.98337
-4.98339
-4.98344
-4.98342
-4.98343
-4.98336
-4.98337
-4.9834
-4.98338
-4.98339
-4.98341
-4.98342
-4.98337
-4.98344
-4.98338
-4.98167
-4.98344
-4.98339
-4.98339
-4.98336
-4.9834
-4.98338
-4.98335
-4.98337
-4.9834
-4.98339
-4.98339
-4.98336
-4.9834
-4.98336
-4.98344
-4.98337
-4.98338
-4.98341
-4.98341
-4.98339
-4.98338
-4.98341
-4.98171
-4.98169
-4.98335
-4.98337
-4.98338
-4.98172
-4.98339
-4.98344
-4.98341
-4.98175
-4.9834
-4.98337
-4.98337
-4.98338
-4.9817
-4.9834
-4.98343
-4.98338
-4.98336
-4.98343
-4.98335
-4.98342
-4.98344
-4.98344
-4.98344
-4.98337
-4.98337
-4.98339
-4.98339
-4.98337
-4.98342
-4.98344
-4.98336
-4.98337
-4.98341
-4.98174
-4.98338
-4.98342
-4.98342
-4.9834
-4.98343
-4.98341
-4.98337
-4.98335
-4.98339
-4.98341
-4.98343
-4.9834
-4.98336
-4.98339
-4.9834
-4.98339
-4.98335
-4.98339
-4.98336
-4.98338
-4.9834
-4.98339
-4.98343
-4.98336
-4.98342
-4.98171
-4.98335
-4.98342
-4.98341
-4.98338
-4.98342
-4.9834
-4.9834
-4.98336
-4.98336
-4.98337
-4.98341
-4.98344
-4.98344
-4.98169
-4.9834
-4.98338
-4.98339
-4.98344
-4.98344
-4.9817
-4.98343
-4.98342
-4.98339
-4.98342
-4.98337
-4.98171
-4.98338
-4.98172
-4.98337
-4.98338
-4.98344
-4.98344
-4.98341
-4.98337
-4.98342
-4.98168
-4.98342
-4.98339
-4.98339
-4.98342
-4.98337
-4.98171
-4.98341
-4.98337
-4.98343
-4.98339
-4.98336
-4.98345
-4.9834
-4.98338
-4.98338
-4.98339
-4.9834
-4.9817
-4.98341
-4.98344
-4.98338
-4.98171
-4.98344
-4.98344
-4.9834
-4.9834
-4.98339
-4.9834
-4.98343
-4.98342
-4.98338
-4.98344
-4.98338
-4.98337
-4.98341
-4.98338
-4.9817
-4.98345
-4.98341
-4.9834
-4.9834
-4.98169
-4.98172
-4.98338
-4.98345
-4.98336
-4.98344
-4.98339
-4.9834
-4.98337
-4.98172
-4.98335
-4.98338
-4.98338
-4.98338
-4.98336
-4.98337
-4.98344
-4.9834
-4.98339
-4.98337
-4.98171
-4.98336
-4.98175
-4.98345
-4.98339
-4.98342
-4.98336
-4.9834
-4.98335
-4.98338
-4.98343
-4.98343
-4.98336
-4.98343
-4.98344
-4.98341
-4.98339
-4.98344
-4.98337
-4.98339
-4.98335
-4.98343
-4.98345
-4.98341
-4.98343
-4.98339
-4.98345
-4.9834
-4.98172
-4.98342
-4.98337
-4.98339
-4.98342
-4.98341
-4.98336
-4.9817
-4.98343
-4.98339
-4.98337
-4.98336
-4.98336
-4.98344
-4.9817
-4.98344
-4.98337
-4.98336
-4.98335
-4.98338
-4.98337
-4.98168
-4.98344
-4.98342
-4.98341
-4.9834
-4.98336
-4.98343
-4.98338
-4.9834
-4.98335
-4.9817
-4.9834
-4.98342
-4.98337
-4.9834
-4.98343
-4.98336
-4.98338
-4.98344
-4.98336
-4.9834
-4.9834
-4.9834
-4.98344
-4.98167
-4.98338
-4.98337
-4.9834
-4.98339
-4.98336
-4.98337
-4.98344
-4.9834
-4.98339
-4.98343
-4.98341
-4.9834
-4.98336
-4.98176
-4.98173
-4.98167
-4.98339
-4.98342
-4.98338
-4.98344
-4.9834
-4.98344
-4.98342
-4.98336
-4.98167
-4.98336
-4.98337
-4.98336
-4.98344
-4.98176
-4.98339
-4.98338
-4.98173
-4.98342
-4.98341
-4.98338
-4.9834
-4.98342
-4.98335
-4.98343
-4.98341
-4.98169
-4.98341
-4.98338
-4.98336
-4.9834
-4.98169
-4.98167
-4.98338
-4.98176
-4.9834
-4.98341
-4.98341
-4.98337
-4.98337
-4.98171
-4.9834
-4.9817
-4.98336
-4.98342
-4.98344
-4.98167
-4.98335
-4.98173
-4.98335
-4.98344
-4.98343
-4.98168
-4.98341
-4.98341
-4.98339
-4.98337
-4.98341
-4.9817
-4.98341
-4.98342
-4.98341
-4.98344
-4.98338
-4.98337
-4.98341
-4.98336
-4.98338
-4.98338
-4.98169
-4.98341
-4.98175
-4.98339
-4.98336
-4.98339
-4.98345
-4.98173
-4.98336
-4.9834
-4.98173
-4.98342
-4.98345
-4.9834
-4.98343
-4.98337
-4.98171
-4.9834
-4.98339
-4.98339
-4.98176
-4.9834
-4.98336
-4.98176
-4.98344
-4.98339
-4.98345
-4.98344
-4.98341
-4.98335
-4.98344
-4.98171
-4.98342
-4.98345
-4.98338
-0.000604538
0.0154162
2.01931e-05
0.00044361
0.173953
0.0998299
0.0118245
0.0316905
0.0133096
0.00637559
0.0296367
0.0723839
-0.000798164
0.0954841
0.179565
0.0155605
0.153795
0.00406181
-0.000694045
0.0336349
0.0169546
0.0236806
0.0190374
0.056171
0.00142015
0.0867609
0.205597
0.0285449
0.0547765
0.122552
0.00149207
0.0467679
0.0115454
0.00368788
0.056028
0.109256
0.00251935
0.138229
0.00868095
0.0423936
0.069265
0.113842
0.072665
0.0063718
-0.00049926
0.100809
0.0854704
-0.000394614
-0.000658215
0.0489362
0.123009
-0.000150031
0.068422
0.0217781
0.221037
0.17547
0.0159132
0.0748134
0.248716
-0.000144055
0.0434124
0.105155
0.244146
0.00126459
0.0528167
0.161274
0.0625434
0.115101
0.0264454
0.0271702
0.205862
0.00271753
0.102053
0.144998
0.0400438
0.00917727
0.0156252
0.000282976
0.0194564
0.0615823
0.0163363
0.00439105
0.00571659
0.00367664
0.0394546
0.0243717
0.107959
0.0128179
0.107561
0.000150736
0.0103642
0.154224
-0.000508008
0.0201665
0.0292714
0.0297568
0.16278
0.0281348
-1.2262e-05
0.0610762
0.0206347
0.00550085
0.14328
0.184256
0.021904
4.03302e-05
0.0519091
0.0126336
0.24312
-0.000716591
0.000759667
0.0795755
0.125998
0.0533907
0.000864147
0.0313154
0.013413
0.00134937
0.000442516
0.0527469
0.162445
0.0413388
0.0287104
0.202327
0.0116199
0.0502824
0.100521
0.116697
0.222358
0.185728
0.175305
0.0131223
0.0918751
0.0389671
0.100274
0.00593381
0.00342514
0.018917
0.0068489
0.0464741
0.0243645
0.000341686
0.0210107
-0.000608148
0.240983
0.080607
0.113602
0.00925504
0.0521243
0.00897748
0.0329135
0.0581528
0.020079
0.00470596
-0.000758793
0.204439
0.00470759
0.000773489
0.14694
0.109068
0.100994
0.00310898
0.103803
0.149081
0.0603667
0.0186434
0.00955884
0.0574527
0.212802
0.164978
0.000523431
0.00566264
0.0992893
0.0005194
0.00145228
0.0030169
-0.000484268
0.000119458
0.140606
0.00663643
-0.00074985
-0.000748299
0.0293309
0.00047811
0.00525616
0.0478257
0.079846
0.104296
0.120642
0.0193629
0.146411
0.0306613
0.00314226
0.166675
0.0429206
0.108403
0.000875931
0.179938
0.080781
0.20741
0.0291071
0.0449903
0.00367852
0.0786786
0.168788
0.154529
0.0147745
0.0334163
-0.000751942
0.0168097
-0.000798445
0.1719
0.0068012
0.168231
-0.000545781
0.110715
0.00191916
0.0727548
0.00335477
0.00598605
0.108762
0.00233639
0.00520867
0.0108138
0.00751822
0.111678
0.0166913
0.0929476
0.0346686
0.00932139
0.103456
0.0400725
0.0151476
0.0513182
0.167927
0.000966169
0.00753956
-0.000655235
0.188722
0.0631391
0.0518088
0.221235
0.000161422
0.0531464
0.0103676
0.0144594
0.0293197
0.052808
0.000743285
0.0449673
0.0429605
0.0526835
0.0143509
0.134036
-0.00047845
0.0595729
0.180096
0.0881485
0.00494253
0.00284303
0.0693235
0.0443851
0.138725
0.0367508
0.003157
-0.000495722
0.131846
0.00378536
0.127925
0.0571716
0.00700664
0.00376873
0.0935403
0.073089
0.018891
0.0271466
0.168496
0.0969239
0.000341543
0.0337087
0.0623091
0.0984477
0.00772562
0.039054
0.134842
0.00424353
0.0886854
0.0511934
0.10972
0.00304087
0.0466867
0.00895113
0.0276794
0.0067616
0.125998
0.12591
-0.00059056
0.0162221
0.130467
0.179832
0.053907
0.185695
0.206982
0.0142233
0.00455479
-0.000265778
-0.000179275
0.00646436
0.0105401
0.0662799
0.130056
0.00109759
0.00677455
0.0878155
0.0409657
0.0178734
0.00242803
-4.37511e-05
0.117609
0.00184291
0.0764696
0.00188795
0.0091191
0.00945314
0.0156842
0.00376427
0.0324879
0.373687
0.072115
0.0703551
0.00631847
0.110354
0.00302063
0.0556933
0.0275743
0.00187067
0.0069414
0.0100179
0.000892091
0.00633524
0.0012359
0.00245214
0.179836
0.00149829
0.180623
0.0608841
0.0562848
0.163233
0.0267134
0.177496
0.0271458
0.0723687
0.0144715
0.0940209
0.240196
0.0138178
-0.000731539
-0.000159908
0.0710731
0.224529
0.00225026
0.208849
0.00137168
0.104871
0.029636
0.00447005
0.020526
0.0412417
0.0204751
0.153154
0.0185821
0.0106927
-0.000496301
0.0018545
0.219996
0.00805165
0.0101626
0.164222
0.0400561
0.243096
0.124655
0.133359
0.0582393
0.0450652
0.0582838
0.0812479
0.360717
0.0278854
0.0101992
0.0628206
0.023881
0.0508803
0.032413
0.00505985
0.0052259
0.0353724
0.0716255
-0.000541457
0.0171526
0.0269054
0.00261904
0.00142933
0.0490537
-0.000413826
0.0472075
0.0280532
0.0020231
0.0127913
0.0204939
0.0814249
0.00179312
0.00569842
0.168628
0.00336737
0.0187852
0.00371837
0.0327083
0.0439111
0.011031
0.00463437
0.0608292
0.075872
0.200167
0.112915
0.160531
0.00516119
0.0437764
0.041038
-0.000109135
0.00162897
0.00278809
0.0433255
0.122795
0.0666532
0.0191115
0.0122549
0.0158914
0.0973986
0.0663585
0.042926
0.0647269
0.227933
0.0166223
0.00283944
-0.000798769
0.02265
0.000585344
0.0123654
0.013723
0.028109
0.180753
0.0395874
-0.000789899
0.0410836
-0.000790188
0.0523644
0.108837
0.0337313
0.00955283
0.0311938
0.0381824
0.0544512
0.113483
0.0502352
0.0620586
0.0651502
0.00128361
0.00684971
0.0485893
0.00132451
0.00143938
0.232867
0.12274
0.0485037
0.110854
0.168056
0.025147
0.0267899
0.0537682
0.0317788
0.00793234
0.0236477
0.14451
0.045356
0.00121145
0.190769
0.0110363
0.0285656
0.0657399
0.000497581
0.04935
0.048188
0.20007
0.00789036
0.0178819
0.0840066
0.0504484
0.00388565
0.0186751
0.203689
0.0337346
0.147597
0.104528
0.017036
0.0990124
0.0430886
0.00334954
-0.000261996
0.00413482
0.00969732
0.0306505
0.0984559
0.0916006
0.0474827
0.0523582
0.180911
0.0655551
0.00614863
0.0453874
0.0252025
0.0201382
0.0198649
0.0823666
0.0190043
0.0860878
0.000352904
0.0147625
0.0477574
0.116305
0.217137
0.146967
0.0408236
0.00839643
0.0151461
0.0261057
0.0162846
0.0717472
0.0691592
0.0426058
0.177335
0.0126107
0.101213
0.169554
0.0479055
0.00984511
0.189605
0.0987095
0.0114367
0.0378767
-0.000777365
0.0725705
0.0770634
0.0468133
0.0833097
0.0282011
0.0177547
0.0445229
0.00859364
0.015115
0.102661
0.0186814
0.180774
-0.000103989
0.00679297
0.0103894
0.0916376
0.0027801
0.0418964
0.00296355
0.139079
0.0125879
0.0886167
-0.000480906
0.0897997
0.00519066
0.00956019
0.146689
0.0399009
0.115462
0.129799
0.00365571
0.317555
0.00500824
0.203666
0.0102006
0.00859375
0.0917264
0.149522
0.130229
0.0010238
0.00288907
0.104573
0.148589
0.0903789
0.0437745
0.004273
-8.41818e-05
0.00413538
0.00214867
0.0347431
0.18805
0.03983
0.0565047
0.021197
0.110349
0.0168089
0.098071
0.160751
0.0500383
0.00592957
0.0171938
0.22799
0.0824729
0.185185
0.0725712
0.0887711
0.221792
0.106381
-7.01136e-05
0.0105506
0.0236742
0.0640154
0.0119734
-0.000774933
0.0348479
0.00260795
0.114106
0.0293844
0.017397
0.00384005
-0.000723857
0.0627582
0.0816584
-0.000732919
0.0138777
-0.000261762
0.10975
-0.000708014
0.08219
0.0814062
0.0190859
0.13743
0.00400317
0.00550323
0.19442
0.00371409
0.0462734
0.0944431
0.01407
0.100681
0.00672787
0.0344347
-0.000788507
0.0454228
0.170719
0.161011
0.0166606
0.0538494
0.0698736
0.00427664
0.0624962
0.0081723
0.0580706
0.0159873
0.036791
0.0737279
0.178943
0.00846653
0.110521
0.062669
0.0615085
0.118028
0.0060759
0.0134783
0.0995705
0.0902001
0.118184
0.00851804
0.00661788
0.00612766
0.0222088
0.0803768
0.00143721
0.0320202
0.0372424
0.0607478
0.0123517
0.0450079
0.0750771
0.068692
0.194805
0.00647118
-0.000394294
0.101796
0.0319424
0.0641604
0.0914487
0.0912405
0.00115878
0.207145
0.107052
0.00426141
0.0245978
0.140503
0.121409
0.07632
0.199901
0.094914
-0.000767331
0.114348
0.052124
0.0589932
0.0549862
0.234807
0.0174147
0.114716
0.0720446
0.00657518
0.220414
0.0102467
0.151011
-7.87584e-06
0.237926
0.00175149
0.0172669
0.0316032
0.0499202
0.144525
-0.00064114
0.0307147
0.00261193
0.00580142
0.0515986
0.183206
0.0140409
0.0366982
0.11123
-0.00073849
0.210925
0.138619
-0.000117399
0.00492822
0.00572084
-0.000738624
0.00185747
0.0893119
0.0021013
0.000588494
0.101665
0.00200645
0.181234
0.046274
0.0476895
0.0120441
0.00579771
0.192323
0.00272553
0.00915535
0.0436408
0.0107271
0.0118014
0.00474106
0.00176627
-0.000586471
0.235546
0.000620093
-0.000411943
0.0145149
0.00197236
0.0225865
0.0120045
0.138292
0.0657544
0.0856963
0.0574208
0.00943574
0.00148957
0.0722739
-0.000638377
0.0301042
-8.04029e-05
0.0227995
0.0373246
0.0387614
-0.000428554
0.223487
0.105083
-0.000646083
0.112551
-0.000310552
0.00612224
0.089925
0.123959
0.00662569
-0.000467165
0.0317226
0.0175536
0.0878067
0.043406
0.0343975
0.186451
0.0088475
0.00820412
0.138261
0.0646325
0.00820267
0.0275711
-0.000762884
-0.000684364
0.149222
0.0224413
0.0249351
0.045398
0.00430412
0.031487
0.000795188
0.1357
0.0251192
0.012851
-0.000784388
0.0021739
0.0121285
0.00253681
0.000631321
0.146837
0.00283406
0.00446687
0.0757224
0.00474001
0.0459838
0.113143
0.0177946
0.155422
0.0313471
0.00132651
6.95677e-05
0.0347625
0.0462334
0.166308
0.00360643
0.0895681
-0.000283708
0.0359935
0.00179752
0.00165764
0.0253133
0.00775573
0.0162923
0.00524572
0.0654417
0.0191895
-0.00070777
0.047507
0.0661033
0.049979
0.0926169
0.0458179
0.0863563
0.0508708
0.0361236
0.00873392
0.00167092
0.00742715
0.00836646
0.000443091
0.0213983
0.0382513
0.0639126
0.0425421
0.28301
0.010381
0.0454152
0.0265975
-0.000197714
0.0532222
0.00397483
0.137926
0.00202493
0.0808073
0.0449749
0.000459381
0.0592312
0.0646718
-0.000252305
0.00285392
-0.000704197
0.0116985
0.119513
0.121158
0.0944237
0.00174746
0.0765186
0.0552976
0.00134522
0.0404631
0.0585424
0.203692
0.0053896
0.00205431
-0.000238869
0.022895
0.000697686
0.00165749
0.0715584
0.00561751
-0.000372942
0.0337376
0.00833164
0.314421
0.119781
0.060525
0.115376
0.0618181
0.0140112
0.0888567
0.0140271
0.264438
0.0622674
-0.000728248
-0.000583771
0.00241438
0.168013
0.035751
0.047937
-0.000513931
-0.000278461
0.00682243
0.0137875
0.0199672
0.0829999
0.0896152
0.301824
0.0211013
0.0634339
0.11789
0.0114
0.0236067
-0.000773094
0.116989
0.00439627
0.0163709
0.0613481
0.0296398
0.216661
0.0138506
0.00323014
0.00180651
0.0125987
-0.000795607
0.0073606
0.00508773
0.178099
0.041131
0.00612093
0.183582
0.0206097
0.0301865
0.00465422
0.00064487
-0.000372011
0.0335795
0.000102984
0.00320446
0.00681562
0.0614976
0.024389
0.14559
0.157764
0.0818091
0.0103691
0.190548
0.0558437
0.0315835
0.00101362
0.256715
0.0027579
0.00910944
0.090301
0.0198298
0.113352
0.123782
0.0089252
0.0059174
0.0148193
0.0430926
0.11442
0.115253
0.194403
0.0214838
0.00576496
0.0604016
0.024753
0.0205838
0.0316397
0.077417
0.00612147
0.0247845
0.0209015
0.107028
0.143708
0.0214064
0.001633
0.000326603
0.0939634
0.145893
0.191918
0.090312
0.0282552
0.00743434
0.13814
0.0640387
0.0464021
0.171037
0.103452
0.0603911
0.048538
0.00546344
0.0285732
0.0220024
0.157662
0.00591424
-0.000633944
0.103977
0.171474
0.0768376
0.0095412
0.0962774
0.00853015
0.00875398
0.273097
-6.88659e-05
0.0591622
0.180062
0.000860239
0.0179594
0.0197963
0.0205047
0.00785637
0.00277226
0.00125935
0.06784
-0.000735077
0.000954753
-0.000208538
0.0447753
0.0710449
0.185927
0.00167222
0.107057
0.271309
0.0367215
0.0655322
0.100036
0.10732
0.205626
0.000268221
0.122534
0.200019
0.0847516
0.00185971
0.00175803
0.186343
0.067599
0.108599
0.114713
0.00510077
-0.000736894
0.0860777
0.0341479
0.00606852
0.109744
0.0970504
0.0321929
0.126763
0.0120818
0.0488989
0.0137117
0.0658212
0.0475075
0.03662
0.0839432
0.356052
0.0413352
0.0231675
0.0280364
-0.000698792
0.00026053
0.156232
0.0490204
0.0145777
0.138273
0.0194773
0.159756
0.155985
0.169728
0.0174063
0.0525045
0.00358627
0.00955738
0.0649389
0.144395
-0.000398329
0.2132
0.00334178
0.00299003
0.023274
-0.000558254
0.0213937
0.0213375
0.0167381
0.214168
0.1845
0.114885
-0.000642231
0.00447248
0.00306584
0.00114152
0.00570454
0.0152879
0.18668
0.0381966
0.00258415
0.0258386
0.208387
0.021469
0.141216
0.0441029
0.00119148
0.087254
0.157017
0.0854779
0.159183
0.0262593
0.182722
0.0443697
0.120456
0.0424206
0.127457
0.0298467
0.169728
0.051741
0.0316978
0.0205528
0.20568
0.0258759
6.42735e-05
0.13545
0.0185649
0.011952
0.0473259
0.00307191
0.138791
0.0481705
-0.000734109
0.243211
0.0186757
0.000367381
0.103282
0.05345
0.0996981
0.0159262
0.0168934
0.175778
0.00317617
0.146809
-0.000764081
0.000787892
-0.000139875
0.0446256
0.209254
0.0116518
-0.000134095
0.0894184
0.0472033
0.0215685
0.000250458
0.164117
0.069531
-0.000208829
0.107036
0.0585963
0.0175252
0.0175073
0.225222
0.100985
0.0390161
0.112061
0.046573
0.14131
0.182626
0.121098
0.026337
0.00554921
0.0029595
0.0350976
0.000234409
0.00392686
0.0636129
0.0957446
0.023758
0.0216837
0.0349086
0.00628253
0.0150651
0.0692331
0.102202
0.193108
0.125392
0.0660303
0.0747481
0.00212843
0.0261581
0.196406
0.00114684
0.0955154
0.0217356
0.200351
0.168028
0.00959364
0.0542027
0.0598732
0.0347403
0.0453902
0.0496336
6.49575e-05
0.0409001
0.00453891
0.0167687
0.10147
-0.000719597
0.0212956
0.164689
0.0885928
0.00923242
0.000717451
0.0743962
0.00415663
0.0172861
0.0243093
0.00882734
-0.000231819
0.00199136
0.283283
0.212273
0.0144479
-0.000615111
0.0124575
0.0522896
0.00270581
-0.000573568
0.0501774
0.0800882
0.0177587
0.000215875
0.212967
0.0243237
0.0484872
0.0807295
-0.000641704
0.12456
0.164385
0.0715034
0.0307945
0.170299
0.105845
0.0485617
0.0143503
0.057317
0.0505687
0.0240504
0.0361174
-0.000748879
0.00830676
0.197441
0.0326121
0.136339
0.196549
-0.000746393
0.00485138
0.0593596
0.19463
0.00511738
-0.000684461
0.00711973
0.163166
0.0200173
0.0516508
0.100224
0.0276533
0.0112124
0.135299
0.0942185
0.0297585
0.1735
0.105864
0.134122
0.0724419
0.00135215
0.0855073
0.104376
0.0016714
0.0313323
0.0616325
0.181575
0.0342236
0.0188042
0.0155201
0.0198885
0.0936214
0.00454322
0.159123
0.120612
0.0109762
0.0287612
0.0831343
0.00718597
0.102279
0.116187
0.165309
0.0878162
0.0179868
0.0173774
0.0842356
0.023399
0.163097
0.000335168
0.198261
0.169823
0.0196366
0.12717
0.0312787
0.00491789
0.0126623
0.00105367
0.182772
0.15498
0.1587
0.0644648
0.0117886
-0.000284778
0.00282507
0.0868387
0.0057073
0.0824087
0.00835694
0.155748
0.148928
0.00270586
0.182665
0.0333768
0.000428047
0.00481557
0.171454
0.24818
0.000581463
0.119626
0.263804
0.178269
0.072805
0.00842061
0.0669829
0.0614104
-0.000737884
0.0474913
0.0801229
0.0372893
0.0491748
0.102124
0.044104
0.0149653
0.15018
0.183427
0.0125811
0.0789439
0.0904631
0.00492858
0.0161549
0.184585
0.00077106
0.0288676
0.0763514
0.00308455
0.0261434
0.0559815
0.0173037
-0.00028697
0.167976
0.0225022
0.0213103
0.0695566
0.0238999
-0.000321249
0.173318
0.0206729
0.144321
0.021756
0.127103
0.227597
0.0137639
0.00197842
0.00794253
0.0613724
-0.000706951
0.142504
0.0158479
0.0933905
0.172184
0.0181575
0.0188298
0.10709
0.000201472
0.020093
0.0157831
0.0664456
0.00131917
0.0169468
0.235026
0.0150085
0.0979662
0.0260501
0.00774852
0.121559
0.0550804
0.00465804
0.00424294
0.0155808
0.395708
0.226129
0.0457823
0.0110143
0.0722028
0.0426122
0.0901268
0.00336105
0.0512039
0.00257783
-0.000719694
0.0181905
0.203609
0.00260571
0.0440053
0.177971
0.0431208
0.0114461
-0.000397145
0.000212069
0.0327459
-0.000557542
0.00240088
-0.000237828
0.221815
0.00423243
0.232555
-0.000117469
0.0143873
0.0318504
0.000238009
0.0714246
0.0873146
0.108602
0.120709
0.193554
0.0084671
0.0743312
0.00302623
0.0381744
0.00722508
0.122868
0.0894308
-0.000305545
-0.000595168
0.229343
-0.000305131
0.0295506
0.073975
-0.000201719
0.056807
0.128589
0.303129
-0.000796975
0.012868
-0.000329146
0.00572777
0.0206277
0.0577088
0.00103742
0.0196194
0.0162898
0.0132413
-0.000783832
0.167489
0.215656
0.0384869
0.0112302
0.145548
0.0931549
0.0481118
0.186512
0.0454365
0.073372
0.170002
0.14314
0.0205344
0.245066
0.0975874
0.0617055
0.22485
0.0004984
-0.000242463
0.041123
0.0113047
0.141776
0.0144949
0.0283438
-0.000744154
0.0804889
0.0197754
0.0260941
0.127528
0.0613987
0.0058312
0.00599141
-0.000335282
0.00232884
0.127953
0.145528
0.0771854
0.034089
0.0488829
0.0137546
0.122426
0.0701192
0.148844
0.0375947
0.0252095
0.11457
-0.000278562
0.00384139
0.002398
0.0557456
0.0826951
0.177505
0.0586588
0.190608
0.0214411
0.0915601
0.00441416
0.086418
0.00716876
0.0104628
0.0682907
0.136633
0.056109
0.317002
0.0997848
0.08497
0.190582
0.102935
0.0175493
0.00480989
0.0676508
-0.000184617
0.0685329
-0.000799608
0.148439
0.0103986
0.162919
0.00305542
0.0628382
0.118636
-0.000782649
0.0265439
0.0088918
0.0775492
0.0107038
0.00420381
0.0159016
0.0579763
0.0172429
0.00635087
-0.000798491
0.0163251
0.0270712
0.0451554
0.0196197
-0.000659394
0.0907805
0.0771868
-0.000391804
0.000104085
0.154759
0.00223906
0.00472907
-0.000472869
-0.000798438
0.047036
0.00840423
0.080138
0.00154305
0.0377763
0.00788994
0.168016
0.200759
0.00163534
0.0355756
0.195984
0.0327736
0.061816
-9.68304e-05
0.174351
0.0119263
0.106683
0.0347095
0.0133734
0.018977
0.00162866
0.230666
0.0494715
0.01007
0.0492277
0.0483809
0.0180839
0.0623582
0.000338348
0.00365727
0.00542719
0.0333106
0.0602082
-0.000325714
0.013497
0.245315
0.0630897
0.0943831
0.033204
-0.000797163
0.0110341
0.0573489
0.042278
-0.000388249
0.00433898
0.00925217
0.00429872
-0.000541025
0.0491582
0.0506177
0.020865
-0.000441315
0.00693876
0.0348942
-0.000314515
0.0081504
0.0151104
0.12382
0.0778779
0.0628332
0.0398863
0.093159
0.154685
0.105419
0.0468558
0.00552373
0.219488
0.0911978
0.0661533
0.0204867
-0.000627184
0.12381
0.00126937
0.061721
0.0978609
0.0996567
0.056741
0.00233119
0.00343309
0.00962068
0.054394
0.0545009
-0.000680826
0.000648071
0.385553
0.000133986
0.0615349
-0.000398055
0.0412026
0.0526039
0.187663
5.00007e-05
0.00736387
0.212503
0.0492984
0.00343649
0.110654
0.0135402
0.00592486
0.0356194
0.0203285
0.067169
0.0982531
0.0319807
0.174969
0.0171943
-0.000714033
0.00981176
0.0363367
0.213016
0.00186248
0.195882
0.0166185
-0.000691248
0.100157
0.0312384
0.154809
0.0697063
0.00619635
0.0789685
0.00882862
0.0952791
0.00371405
0.113007
0.0293276
0.0184065
0.152764
0.048628
0.00257393
0.00693589
0.00418127
0.00893223
0.110753
0.00169547
0.00218756
0.0327621
0.0534561
0.0224423
0.120861
0.00238247
0.104634
0.176963
0.0305982
0.0469096
0.0769235
0.02894
0.000209093
0.0163404
0.0180259
0.0432347
0.0663494
0.0390412
0.0893471
0.024266
0.0167396
0.0921232
0.0054917
0.18762
0.17368
0.0654815
0.0991926
0.20287
0.0420404
0.0372386
0.000604749
0.130526
0.0707277
-0.000797898
0.0145112
0.0183938
0.176683
0.0121317
0.136811
0.00901746
0.00933536
0.00680957
0.136623
0.00011361
0.194071
0.0774244
0.173942
0.106465
0.0174892
0.216673
0.0368903
0.169947
0.0191134
0.00383232
0.034335
0.0553995
0.0431846
0.180129
0.0265006
0.0219367
0.00585837
0.126419
0.04607
0.0531449
0.0522008
0.027854
0.0765945
0.0762606
-4.94664e-05
0.110784
0.0431141
0.0649832
0.000608677
0.000381854
0.0862976
0.12387
0.18338
0.00344321
0.00283753
-0.000551461
-0.000649044
0.107693
0.0569511
0.0368098
0.121742
0.151073
0.0103941
0.0992129
0.0164786
0.118906
0.0532559
0.0467751
0.0903663
0.116831
0.277797
0.128379
0.00372435
0.0896512
-0.000243158
0.0897277
0.085975
0.0375691
0.0293755
0.131395
0.232498
0.221801
0.0619813
0.0475323
0.117839
0.00127376
0.159446
0.144642
0.177711
0.0440642
0.244793
0.0454282
0.00846459
0.00203893
0.0292397
-0.000433706
0.0915191
0.0103646
0.0261146
0.0940306
0.0122882
0.00285442
0.00678527
0.0148753
0.130005
0.0168838
0.0519714
0.226232
0.0159891
-0.0007619
0.0163538
0.18257
0.156614
0.0377543
0.117009
0.0478465
0.0800948
0.00880394
0.0671775
0.0031203
0.0901427
0.0378821
-0.000670976
0.0196373
0.0196653
0.0116529
0.0937128
0.213454
0.00447366
0.0979152
0.00071081
0.122831
-0.000756737
0.103193
0.0103714
0.0989882
0.0527596
0.0351672
0.166004
0.150332
0.0224508
-0.000770531
0.0455756
0.198812
0.000211107
0.0331427
0.0518649
0.0068421
0.255106
0.0339497
0.010659
0.0071918
0.167361
0.0565783
-0.000543313
0.053454
0.00772572
0.0271692
0.0384791
0.0567266
0.108556
0.122349
0.146624
0.0331461
0.109211
0.0758543
0.00592412
0.0970416
0.00262365
0.205048
0.0458691
0.0700466
0.0060474
-3.74634e-05
0.167903
3.29696e-05
1.1365e-05
0.0859028
0.202592
0.0032829
0.0810413
0.0126366
0.000127256
0.214521
0.0128406
0.0915456
0.0921178
0.00234437
0.0289763
0.00744372
0.00730561
0.0184706
0.00241933
0.0838012
0.0504273
0.241059
0.00107251
0.187612
0.127184
-0.000110459
0.0951603
0.11977
0.0026672
-0.000690471
-0.000413821
0.00352019
0.057934
0.104344
0.208495
0.00133494
0.116383
0.00795713
0.00347801
0.00710809
0.001105
-0.000769277
0.150055
0.0766289
-0.000780243
0.0673908
0.241664
0.00405693
-0.000394788
0.079625
0.0278678
0.028643
0.0868911
0.0901959
0.111914
0.130245
0.00286839
0.00345103
0.232318
0.117122
0.00434554
-0.000300617
0.027189
0.0296023
0.182685
0.0498483
0.0633009
0.00465324
0.0567716
0.134239
0.00145582
0.0255639
0.0861607
0.0139818
0.0364569
0.102777
0.103535
0.122957
0.065067
0.0158882
0.0116623
0.0138642
0.000897052
0.120405
0.157197
0.119932
0.000595375
0.100659
0.00494038
0.000250853
0.0134413
0.0212257
0.164584
0.00170132
0.0560561
-0.000555804
0.0285171
0.0248529
0.0642865
-0.000553984
0.0942604
0.0053364
0.0465553
0.110517
0.00269275
0.112442
0.307965
1.76895e-05
0.0029944
0.148065
0.0370773
0.0111956
0.0971998
0.227467
0.0152275
0.00758819
0.0276184
0.0782089
0.14324
0.000464526
0.00168963
0.177835
-0.000798195
0.0363198
0.0376896
0.0727967
-9.50918e-05
0.0464321
0.001425
-0.000416801
0.00141549
0.242951
0.0155559
0.00216649
0.054758
0.0146434
0.00764555
0.204533
0.0216091
0.000190282
0.0144605
0.0281037
0.000124492
0.046489
0.00542444
0.0287095
0.00895439
0.0994544
0.187902
0.0412956
0.0127816
0.00187783
0.0166101
0.0123135
0.041491
-8.65628e-05
0.0299199
0.0479395
0.0743058
0.00707484
0.00394688
0.15424
0.0284051
0.017592
0.00917574
0.167898
0.235929
0.206282
0.00679314
0.108895
0.00140373
0.12574
0.17451
0.00663396
0.0378743
0.00844235
0.0282177
0.00566314
0.0611129
0.0985899
0.00517203
0.00126014
0.0152268
0.0246182
0.189962
0.0101725
0.0560819
0.0179119
0.0224814
0.0057845
0.0435387
0.0734092
0.00660825
0.03912
0.0280435
0.0100435
0.158533
0.160809
-0.000797552
0.0950638
0.0269347
0.0735343
0.203746
0.0991691
0.0747709
-0.000783368
0.00475812
0.0359967
0.00933144
-0.000459788
0.0177201
0.0412532
0.0035298
0.0221355
0.0233625
-0.000141907
0.00599423
0.0514885
0.151209
0.19472
0.157041
0.0240403
0.0100645
0.0392335
0.0337253
-0.000144589
-0.000704932
0.171342
0.0015712
0.00741965
0.0345904
0.0711063
0.0074866
0.000514193
0.00435565
-0.000525766
0.0132885
0.0295878
0.0253634
3.99472e-05
0.235286
0.197752
0.0602935
0.0184987
0.114914
0.0154121
0.00115903
0.144139
0.165606
0.000105524
0.241574
0.0103339
0.301954
0.188146
0.219521
0.0564976
0.0548757
0.00286701
0.0541683
0.0129019
0.0107362
0.0490375
0.0410298
0.136426
0.21437
0.121444
0.00420087
-0.000338339
0.124686
0.0698859
0.0243477
-0.000359516
0.148299
0.157126
0.0535306
0.00794124
0.102408
0.0314383
-0.000758488
0.00544336
0.000262225
0.139845
0.038929
0.00557027
0.00405069
0.0717833
0.094453
-0.000721046
0.119003
0.0355043
0.00190137
0.0508997
0.0244233
0.0754053
0.0201193
0.106296
0.00018121
0.00196203
0.014355
0.033115
0.0141791
-8.06796e-05
0.0168975
0.16376
0.228746
0.0781287
0.251673
-0.000342406
-0.000762829
0.181216
0.0305294
0.0127673
0.00808594
0.083673
0.00409634
0.0914004
0.0388427
0.0914071
0.211677
0.0714992
0.0663527
0.0209979
0.0925941
0.0687322
0.00531635
0.371625
0.0529914
0.0333628
0.199365
0.0571698
0.0121594
0.0753024
0.00360441
-0.000586465
0.001079
0.0172261
0.250651
0.0183646
-0.000755057
0.0530361
0.0154041
0.118428
0.241845
0.00377528
0.0057611
0.000607853
0.233784
0.0225622
0.276424
-0.000225778
0.0216182
0.0277023
0.0481179
0.231305
0.1939
0.000323856
0.115
0.00288472
0.0315317
0.0292487
0.177798
0.202682
0.196446
0.153392
0.0301635
-0.000707239
0.00710818
0.00605135
0.0045429
0.000359623
0.0041874
0.0319929
0.00909113
-0.00062855
0.193569
0.11561
0.0569522
0.000725132
0.0807867
0.153552
0.213377
0.173725
-0.000737627
0.107605
0.0227141
0.0287622
0.0946431
0.0517719
-0.000684915
0.00455482
0.0606717
0.211974
0.0338183
0.0845719
0.117411
0.0169636
0.0489627
0.0250463
0.0175135
0.00127417
0.0103943
0.00613049
0.152799
0.00212319
-0.000785146
-0.000634401
0.0791018
0.00709675
0.1388
0.0614233
-0.000427115
0.0581352
0.149966
0.0643258
-0.000289308
0.106247
0.207045
0.0298018
0.00348276
0.117743
0.170577
0.235744
0.000215519
0.010763
0.0177519
0.0134222
0.222629
0.00250536
0.0128044
0.206407
0.0341131
0.167278
0.0741561
0.0708571
0.000661639
-0.00016442
0.0513801
0.000561503
0.202052
0.101277
0.0138455
0.277206
0.0296263
0.0675875
0.0991282
0.00299398
-0.000340538
0.0170259
0.0466831
0.0411078
0.0161266
-0.000791962
0.034605
0.0165955
0.0585018
0.00315021
0.111339
0.141759
0.000729953
0.0120073
-0.000411674
0.00187636
0.0251744
0.0454728
0.00113136
0.0163116
9.99001e-05
0.000132106
-0.000320371
0.0365535
-0.000497724
0.0213936
0.000889009
0.0247779
0.0245127
0.00463609
-0.000731729
0.0102662
0.0897448
0.0368316
0.00300157
0.126656
0.00196108
0.0189977
0.0046068
0.00179
0.195517
0.00668811
0.102822
0.0234916
0.0307747
0.0816716
0.110707
0.0322333
0.149235
0.0146754
0.187287
0.15057
0.0350069
0.00121267
0.0226332
0.0493498
-0.000592374
0.0131116
0.00559388
0.156301
0.214275
0.213977
0.00923959
0.0308965
0.00261778
0.168831
0.00567699
0.0210196
-0.000738757
0.0597998
0.0286797
0.0164285
0.00142025
0.209861
0.131219
0.000738305
0.109345
0.0290356
0.00148785
0.152519
0.00309879
0.00272177
0.0199633
0.0548734
0.0149478
0.044091
0.0214077
0.0170486
0.0308232
0.220765
0.0707091
0.0568608
0.0200205
-0.000353695
0.208014
0.0613582
0.0607641
0.00763681
0.0215931
0.0379493
0.00127523
0.0330991
0.00585291
0.0246748
0.0873236
0.155358
0.106478
0.00133308
0.00463181
0.000296178
0.134647
-0.000786644
0.00433326
0.127056
0.0108866
0.00936078
0.141455
-0.000314914
0.316621
0.0131554
0.122575
0.00732864
0.085915
0.235107
0.0339092
0.0115581
-0.000756374
0.0783994
0.0616722
0.110193
0.0411089
0.00364284
0.0505351
0.145391
0.0144781
0.108357
0.00679073
0.031739
0.00712042
0.0831954
0.0190794
0.0145081
0.0239763
0.080733
0.0692044
0.120721
0.0263029
0.0325962
0.111001
0.0096059
0.0382007
0.0911959
0.0171643
0.0814977
0.0028382
0.175476
0.0128322
0.0382434
0.0596561
0.13366
0.162577
0.00100194
0.00764972
0.174872
0.159252
0.00255002
0.226704
0.241724
0.0239184
0.00842956
0.0140244
0.0506677
0.0632079
0.120575
0.00214621
0.0677296
0.160423
0.139983
0.0587845
-0.000784444
0.00940282
0.000844262
-9.3725e-05
0.000601684
0.0496756
-0.000698348
0.0246
0.0190578
0.029487
0.059702
0.0999641
0.000688508
0.233346
0.0362434
0.0751246
0.0102112
0.0434496
0.0354831
0.136708
0.000704766
0.0145274
0.148089
-0.000719645
0.0074206
0.158889
0.0243692
0.0751491
0.0315205
0.146791
0.00344712
0.210509
0.224427
0.00680374
0.0594121
0.0256365
0.0407676
0.071217
0.046908
0.0422497
0.000185227
0.0828688
0.0183115
0.0163861
0.00255555
0.0180778
0.0660456
0.11424
0.0272735
0.00119089
0.0930919
0.0021444
0.0171246
0.0892688
0.0651985
0.128663
0.00278841
0.0571333
0.0603229
0.0624094
0.0577036
0.132028
0.00404952
0.012565
0.118679
0.00712007
0.071972
0.179969
0.0142857
0.32982
0.0296783
0.123521
0.00362428
0.0454489
0.091391
0.0431716
0.13318
0.00844105
0.00344056
0.0849301
0.0493675
0.244608
0.197883
0.00512596
0.0298322
0.0136228
0.0246017
0.0122676
0.243341
0.0136533
0.000177539
0.063189
0.225928
0.214986
0.0231204
0.00213048
0.0476718
0.0619125
0.0777538
0.0536422
0.017983
0.00631663
0.0295173
0.112977
0.00198218
0.295654
0.00936026
0.0963278
0.0025399
0.0984798
0.0146156
0.0555299
0.0335095
0.11709
0.0177062
0.00983889
0.0073018
0.0953482
0.00240916
0.259408
0.23013
0.217694
0.0153186
0.178208
0.00516642
0.0265807
0.124466
-0.00030493
-0.000543519
0.0451736
0.114438
0.0216764
0.0130096
0.0682106
0.154186
0.0389508
0.00791939
0.0366655
0.182468
0.0239766
0.0250072
0.11258
0.107656
0.0781248
-0.000460233
0.00291835
0.0169734
0.053871
0.000824495
0.00679097
0.0768653
0.148198
0.00824529
0.124643
0.0483723
0.115578
0.0043575
0.104838
-0.000612912
0.0948602
0.00497982
0.0543479
0.0254671
0.000526305
0.183345
0.00893416
0.0741972
0.00697682
0.1149
0.00176798
0.180554
0.149819
0.0061507
0.00215953
0.0153507
0.19938
0.00159244
0.0131413
0.0608032
-0.000780123
0.0365942
0.0248137
0.00353656
0.00632047
0.0281396
0.00410834
0.079809
0.0164569
0.0112972
-7.65431e-05
0.140182
0.105013
0.0658289
0.2156
0.139889
0.0190003
0.0141143
0.00830383
0.00809539
0.0372943
0.0630081
0.05942
0.0220319
0.146917
0.0327874
-0.000783147
0.118947
0.0198528
0.00817913
0.00886559
0.293609
0.271459
0.163187
0.267523
-0.000787941
0.0300355
0.0405616
0.163632
0.0189956
0.0564876
0.0140704
-0.000768574
0.0104319
0.0686
0.00502566
0.176519
0.000284097
0.00565411
0.0230697
0.163045
0.367955
0.204261
0.0189541
0.167638
0.0222033
0.0439493
0.0690098
0.0154342
0.00297163
0.122693
0.0273949
0.0116649
0.0849276
0.118175
0.0221325
0.0425335
0.015767
0.0226776
0.0669764
0.0252179
0.130568
0.000677536
0.0232752
0.115625
0.0335039
0.190359
0.0247966
0.00121903
0.00391873
-0.000544658
0.169924
0.0197644
0.100902
0.137509
0.0452963
0.0477112
0.0417986
0.108136
0.0112216
0.00138761
0.0367834
0.0770011
0.143004
0.00669747
0.0338254
0.130401
0.0742379
0.240654
0.00947789
0.029004
0.0908336
0.240427
0.0372403
-0.000464634
0.0144466
0.01445
0.015628
0.0427468
0.0104174
0.00782095
-0.000579121
0.0932879
0.0973739
-0.000281429
0.00654218
-0.000575933
0.0871331
0.0651204
0.112492
0.0249766
0.0135935
0.160234
0.00769939
0.0613219
0.0399705
0.00189643
0.0130599
0.0500405
0.0157217
0.0154135
0.0612189
0.179722
0.0731953
0.00019553
0.0326031
0.0203165
0.0913618
0.0150423
0.00241481
0.0999939
0.0141234
-0.000574356
0.121322
0.0348919
0.104201
0.148203
0.00881152
0.00406348
0.00602115
0.0152939
0.0209534
0.0203994
0.104293
-0.000772885
0.0709689
0.00275284
0.0267979
0.0105571
0.0497087
0.247972
0.00159591
0.144723
0.0814948
0.0506192
0.00819641
0.0577942
0.0464407
0.00100847
0.0285315
0.0800725
0.0100628
0.0294732
0.000851843
0.092721
0.107423
0.0737086
0.0479667
0.020175
0.0659874
0.034405
0.0108987
0.0326562
0.0142108
0.16718
0.171178
0.19075
0.0357349
0.0196904
0.161115
0.000208602
0.0517611
0.212551
0.0360171
-0.00023999
0.116211
0.00702818
0.00771205
0.160878
0.0209837
0.0156092
0.018562
0.0830477
0.00281316
0.118026
0.215347
0.0842246
0.00422113
0.1677
0.163525
0.0438597
0.0318263
0.0185335
0.031013
-0.00040981
0.0420092
0.0595957
0.13393
0.114288
0.0641395
0.0282156
0.00555185
0.00361939
0.163123
0.22094
-0.000449147
0.0268578
0.0360397
0.106883
0.222323
0.0283634
0.00524104
0.0161637
0.00281246
-0.000708554
-0.000680831
0.0083679
0.119008
0.0421907
0.0388037
0.00665844
0.0456939
0.0257851
0.215119
0.0469652
-0.000722616
0.0270979
0.119303
0.0521839
0.00942966
0.0359754
0.00704153
0.0962053
0.01151
0.0550562
0.0879575
0.282239
0.234323
0.0119032
0.0601713
0.166815
0.0288222
0.198796
0.000287297
0.173161
0.0938122
0.00537456
0.0273802
0.0711376
0.092475
0.0536841
0.0313395
0.0548421
0.00540227
-0.000170533
0.00377745
0.119371
0.00276159
0.00683875
0.0526337
0.0047456
0.212555
0.0547631
0.0131956
0.0690297
0.000170591
0.0286614
0.0801205
0.006086
0.00298126
0.000143415
0.00549302
0.0538111
0.00371066
0.000195766
0.10575
0.0147721
0.232282
0.000752955
0.206017
0.0475326
0.121086
0.0148129
-0.000795411
0.18912
0.0183189
0.0691629
0.110989
0.00276586
0.1056
0.0234599
0.0788461
0.0284047
0.000977052
0.04704
0.212441
0.0746038
0.109781
0.00334003
0.206624
0.00864705
0.0119097
0.209581
0.090664
0.0420412
0.199202
0.0159691
0.00679662
0.0107127
0.00954385
0.0132592
0.121109
0.00194873
0.0730333
0.0257361
-0.000388269
0.161275
0.0157405
0.217251
0.0457752
0.0177559
0.0330296
0.0742053
0.0500897
-0.000785487
0.0176354
0.0357491
0.0246647
0.01634
-0.000772834
0.0496423
0.167559
0.000328748
0.0111346
0.0167158
0.136459
0.101482
0.178128
0.00434225
0.00185304
0.0310672
0.0735177
-0.000647988
0.0747432
0.00206267
0.0108333
0.180813
0.101868
0.0105889
0.0576326
0.0494433
0.00406827
0.00163824
0.163012
0.0142218
0.000482495
-0.00072672
0.0602522
0.181722
0.0834277
0.00836267
0.0248761
0.0774526
0.0673772
0.00842696
0.0196981
0.0784693
0.00654067
0.0872616
0.000270958
0.0227436
0.112515
0.00682761
0.0273631
0.0147989
0.322372
0.00549352
0.104245
0.0111784
0.00364374
0.113961
0.00880737
0.0326299
0.0364078
0.10534
0.0354864
0.0155754
0.00474619
0.177668
0.0406322
0.149547
0.0203093
0.225517
-0.000720882
0.197437
0.151626
0.0591128
0.112778
0.00241995
0.0122295
0.0361653
0.00261052
0.00748018
0.205066
0.000977234
-0.000261562
0.0206359
0.192403
0.161745
0.0509264
0.109258
0.0937739
0.0302846
0.0980888
0.0171379
0.073756
0.0166537
0.0462606
0.00349504
0.000541982
0.025607
0.169225
0.050448
0.0040338
0.187871
0.231539
0.0782065
0.0539899
0.0252749
0.0905767
0.169705
0.0503144
0.00689881
0.257405
0.0314164
0.0640348
0.0094844
0.000440561
0.0139461
0.00813213
0.160513
0.0117845
0.140969
0.0734143
0.0911498
0.0021023
0.0109184
0.0312201
0.0567786
0.244813
0.0312029
0.215798
0.238589
0.00370236
0.0108572
0.0826481
0.0060294
0.21437
0.0301412
0.0783855
0.0265855
0.00238934
0.0972696
0.102709
0.0733069
-0.000650468
0.00380934
0.00680123
0.03381
0.106177
0.0052497
0.00577118
0.0839339
0.0324575
0.0238698
0.0346705
0.0338524
0.000359642
0.215728
0.00374
0.0970962
0.169196
0.0746883
0.13765
0.0296336
0.00800531
-0.000798259
0.00842509
0.0821725
0.0238457
0.133175
0.00730799
0.00370191
0.008894
0.0467162
-0.000787183
0.0362577
0.146234
0.00669572
0.108455
0.0210662
0.0245445
0.0476766
0.236457
0.0252459
0.000469896
0.259608
0.215332
0.153301
0.112527
0.205925
0.00443746
0.0580388
0.233975
0.00882324
-0.000452948
0.0205675
0.0201254
0.0746502
0.10003
-0.000702991
0.232398
0.0161533
0.0641084
0.0236921
0.0268807
0.0228023
0.153444
0.210221
0.0834638
0.250315
0.0843492
0.00435022
0.00149699
0.202227
0.00101048
0.102603
0.0181853
0.0143934
0.0774371
0.0340978
0.050544
0.0758534
0.00626455
-0.000774896
-0.000639449
0.124094
0.144539
0.13328
0.0340076
0.209129
0.180345
0.0628417
0.0557125
0.00874645
0.0389336
0.0248602
0.0450319
0.0346373
0.0976731
0.00446055
-0.000692399
0.0897235
0.0248599
-0.000253797
0.0269481
0.11175
0.0334371
0.0885605
0.161706
0.0141392
0.178478
0.207487
-0.000253146
0.0539551
0.0993266
0.149944
0.0984156
0.000506296
0.072816
0.144303
0.08398
0.195302
0.00531384
0.12757
0.00129349
0.0174514
0.00263012
0.010662
0.024525
0.0541475
0.00179519
0.003077
0.00322487
0.027934
0.00741554
0.101775
0.0684668
0.0570985
0.0420771
-0.000694436
0.0437273
0.012469
0.0372894
0.111988
0.240378
0.186622
0.0598733
0.0565458
0.0836756
-0.000311379
0.00751995
0.00200431
0.0723827
0.048391
0.00211141
0.100582
0.0264381
0.306272
0.00239875
0.108353
0.00131503
0.167484
0.00353302
0.184704
0.00926112
0.0330958
0.01062
0.0007221
0.0467496
0.0675234
0.05024
0.114587
0.0323535
0.13668
-0.000727192
0.00662368
0.00345054
0.00673208
0.00177643
0.0101625
0.0041723
0.0128776
0.00766053
-0.000763667
0.000131686
0.0361723
0.0674508
0.150139
0.0587476
0.0184384
0.0880283
0.099321
0.0550685
0.0100385
0.00271441
0.0401995
0.0596696
0.0891699
0.00297119
0.00363963
-0.000775075
-0.00052797
0.0163737
0.0195187
0.010841
0.0994101
0.0501254
0.0418098
0.126874
0.0475154
0.000537254
0.075343
0.183126
0.0776676
0.0147029
0.00637366
0.0357917
0.0300716
0.0103642
0.00388487
0.190486
0.123346
0.0586376
0.0985466
0.029624
0.321698
0.0095577
0.00392408
0.00366642
0.0539073
0.00811306
0.0779416
0.00128467
0.0318586
0.0330075
0.00505689
0.0367478
0.110084
0.107824
0.0394099
-0.000319889
0.205124
0.0510501
0.00599215
-0.000797347
0.159444
0.122357
0.185668
0.2932
0.0066248
0.00249767
0.00194966
0.0209714
0.143561
0.0375701
0.00244225
0.0206535
0.0350631
0.0611346
0.180647
0.0356291
0.00303956
0.00414377
0.00106666
0.000394301
0.0195306
0.00346337
0.0737201
0.00154665
0.0210512
0.0381894
0.022201
0.119274
0.00118818
0.0126791
0.00399767
0.072902
0.211404
-0.000633259
0.0459259
0.0151347
0.129007
0.00606901
0.226147
0.0353556
0.0782095
0.360742
0.0609507
0.0443088
0.234368
0.0551925
0.140036
0.025791
0.0532748
-0.000347649
0.141274
0.200811
0.155987
0.018388
0.0161667
0.0871062
0.00927884
-0.000374762
-0.000495656
0.0377697
0.0128505
0.0303232
0.0507181
0.0772607
-0.000243081
0.171129
0.0276726
0.00028524
0.0236175
-8.97692e-05
0.0522164
0.086572
0.0741898
0.00643957
0.180807
0.112832
-0.000674427
0.0802816
0.032241
0.064958
0.153366
0.151479
0.106658
0.0875671
0.0564959
0.0194057
0.0683749
0.0168828
0.0139244
0.0728971
0.00916844
0.0368187
-0.000600377
0.00272777
0.0042567
0.0860195
0.109024
0.127226
0.212532
0.0235675
-0.000646914
0.00108404
0.0555916
0.00229463
0.00562651
0.00273978
0.0176025
0.0853292
0.054689
0.171537
0.212201
0.00120525
0.0506633
0.0287289
0.0358486
0.00141006
0.0525412
0.00366521
-0.000597218
0.120369
0.224135
0.196952
0.00332108
0.150228
0.0110492
0.00744601
0.17841
0.00557925
0.200922
0.0159778
0.0355143
0.0654414
-0.000475451
-0.000355848
0.00201655
0.10143
0.0138655
0.197357
0.00368491
-0.000796675
0.0692684
-0.000380037
0.0111171
0.0113531
0.0585893
0.194842
0.215548
0.0574269
0.113808
0.0224534
0.0498077
0.0826035
0.00316016
0.000208333
0.0172365
0.0361631
0.0352219
0.0093725
0.000534548
0.0373927
0.0106556
0.0171249
0.0743487
0.00215174
0.0756095
0.00589356
0.0991425
0.00868469
0.0399003
0.0151708
0.0741374
0.00237943
0.00839717
0.00149267
0.0732634
0.0299787
0.0260043
0.101951
0.181004
0.158119
0.0109347
0.0189597
0.15466
0.0628833
0.000664446
0.0166736
0.0162413
0.0586919
0.0225039
0.00157036
0.232662
2.44734e-06
0.0132928
0.0976451
0.266372
0.0654605
-0.00021046
0.0299527
-0.000253362
0.0049668
0.109863
0.00912881
0.00838603
0.118883
0.127412
0.0512855
0.127248
0.103854
0.0015451
0.0933058
0.186268
0.141903
0.0521225
0.00261046
0.282627
0.00889141
0.122465
0.00433682
0.00162052
0.0837918
0.0113193
0.0357898
0.196135
0.0219336
0.0586564
0.19105
0.00671853
0.170242
0.107108
0.0194092
0.0433377
0.000219991
0.0171564
0.0134605
0.0010686
0.00698018
0.0318646
0.119015
0.0535266
0.0028898
0.060766
0.0142373
0.0168019
0.0528973
0.0123742
0.058543
0.045711
0.0654029
0.0204449
0.0151391
0.0230365
0.0150254
0.00213997
0.019619
-0.00063403
0.000422281
0.0127188
0.0163196
0.0119425
0.0352002
0.212711
-0.000423108
0.176792
0.00402728
0.08936
0.0226552
-0.000798374
0.226094
0.0600358
0.00674432
0.111575
0.0716789
-0.000759467
0.0951524
0.00872139
0.0182841
0.173757
0.0381256
0.0753401
0.00322873
-0.00062554
0.0309023
0.0260673
0.00702407
0.149755
0.137394
0.0304412
0.124406
0.192476
0.0767019
0.06414
0.00282126
0.0285823
0.0608403
0.00713783
0.0027595
0.0158593
0.0740786
0.00801657
0.0173206
-0.000746527
0.000387267
0.0322253
0.00193856
-0.000168574
0.0431539
0.00210177
0.0631015
0.00803982
0.000353779
0.0316172
0.00553691
0.000485915
0.00216642
0.2152
0.0184122
0.0579889
0.224593
0.00206248
0.00413248
0.0657682
0.0127146
-0.000792401
0.00151133
0.0970107
0.163158
0.150844
0.000600635
0.203546
0.0990623
0.166154
0.00203468
0.0114459
0.0193429
0.103003
0.00858214
-0.000142212
0.0119576
0.0116371
0.0679313
0.0519565
-0.000774583
0.0556419
0.0220312
0.0395706
0.0034437
0.0531005
0.00909507
-0.000166859
0.126521
0.0742462
0.00165033
0.150988
0.00244488
0.0068253
0.237373
0.205321
0.139009
0.00015775
0.0808796
0.00241722
0.0609603
0.0082132
0.113392
0.00844164
0.152567
0.0333062
0.175733
-0.000294494
0.244424
0.200557
0.00141347
0.105903
0.00452822
0.243973
0.000730512
0.0118528
-0.000780403
0.0240152
0.0201859
0.0428624
0.114955
0.00897493
0.0420824
0.145558
0.00837147
-0.000720282
0.0301891
0.0656854
0.0209809
0.013654
0.2254
0.00825153
0.217841
0.0988288
0.0180887
0.0381796
0.0368826
0.0758922
-0.000327109
0.00398691
0.169487
0.164701
0.00517894
0.100506
0.0272557
0.0815203
0.0383048
0.018824
0.348103
0.108914
0.00595819
0.00570683
0.0491928
0.106402
0.00831875
0.206284
0.152936
0.0630625
0.00389402
0.000895776
0.00357794
0.0422578
-0.000366221
-0.000701474
0.152513
-0.000130598
0.026742
0.0014951
0.0925599
0.00638999
0.278388
0.00676955
0.00303079
0.000497809
0.0656305
0.199229
0.17452
0.00643449
0.0492489
0.0492077
0.00514348
0.0438438
0.282732
0.0745403
0.0338199
0.0938022
0.0532501
0.0125764
0.0182415
0.182968
0.0837136
0.00391497
0.0113783
0.00826919
0.0189856
0.00349703
0.00869752
0.0173683
0.00683879
0.00713786
0.0113377
0.106145
0.0808534
0.0328029
0.200038
0.00257789
0.0135467
0.0369801
0.066852
0.030118
0.0599746
0.0880555
0.0784308
0.0147143
0.0026221
0.0109699
0.0139126
0.0328414
0.0801281
0.00132719
0.0540412
0.0921609
0.00863532
0.0437086
0.00492025
0.0478291
0.107049
0.0139569
0.00364228
0.00548722
0.000867176
0.0930154
0.0781032
0.0276927
0.0137678
0.0593021
0.0108171
0.0329794
0.002749
0.0359132
0.0101135
0.0565741
0.0390604
0.0563211
0.00285066
0.178859
0.035417
0.00149361
0.0548906
0.0160044
0.0179082
0.0156941
0.0473089
0.000399258
0.0010466
0.0135737
0.00571992
0.00910829
0.0796023
0.0873143
0.00235509
0.00959126
0.0228234
0.0208309
0.0679223
0.00454727
-0.000330927
0.0698152
0.0325865
0.0121797
-0.000431049
0.00384408
0.124351
0.0684889
0.00788138
0.000630184
-8.81991e-05
0.114856
0.181109
0.171948
0.0706992
-0.000769042
0.020966
0.144697
0.175954
0.0762413
0.118242
0.00198201
-0.000768823
-0.000369175
0.244224
0.0908284
0.0150911
0.0521848
0.110717
0.075785
-0.000597417
0.0196625
0.0269954
0.110533
0.074657
0.193013
0.0123712
0.049883
0.202755
0.102745
-0.000412204
0.0121085
-0.000580735
-0.000557741
0.000915696
0.0432006
0.0438047
0.0235527
0.11836
0.0963155
0.00915239
0.0750394
0.0129031
0.0103095
0.0657678
0.00361684
0.0217374
0.0259202
0.072229
0.0251391
0.0149029
0.000133873
0.053748
0.0459137
0.112192
2.62714e-05
0.000756594
0.0240705
0.0517867
0.0316106
0.137475
0.00268728
-0.000196263
0.165563
0.0100796
0.0406781
0.00821024
0.00675181
0.00570078
0.145871
0.0802305
9.91732e-05
0.00309499
-7.16146e-05
0.107949
0.00670237
-0.000773803
0.0945125
0.0493245
0.0149239
0.0723617
0.00727872
0.0530626
0.001617
0.00833027
0.0725378
0.0805621
0.034526
-9.62721e-05
0.0601368
0.0196067
0.307178
0.104026
0.132561
0.00507633
0.00157776
0.0216509
0.0265674
0.000961227
0.0468614
0.146351
0.194288
0.000486639
0.14653
0.00306681
0.0194291
0.00576916
0.000977722
0.0582705
0.0239974
0.0462153
0.0383023
0.0371035
0.00910936
0.102288
9.08176e-05
0.0892209
0.12175
0.00486791
0.00166696
0.067859
0.0168848
0.00759577
0.131069
0.0185271
0.0618036
-0.000780437
0.0835982
0.0459101
0.136341
0.0524429
0.144889
0.000447031
0.0120843
0.0496516
0.231754
0.0845966
0.0185794
0.0021502
0.0261217
0.00275557
0.202053
0.0793755
0.0560608
0.00305803
0.0420256
0.0124823
0.220931
0.0238565
0.103674
0.0109485
0.0253604
-0.00064235
-0.000774376
-0.000684049
0.00417027
0.00222895
0.0363303
0.00549822
0.0895309
0.195759
0.0137879
0.144486
0.0232285
0.0986463
0.000489783
0.174533
0.110926
0.122512
0.141501
0.221063
0.0372078
0.11142
0.0856195
0.0450897
0.0176378
0.0149266
0.00350276
0.121482
-0.000274512
0.004569
0.0342431
0.0523148
0.211237
-0.000456541
0.0803552
-0.000762716
0.0471748
0.0005599
0.0868223
0.00537479
0.000146802
0.0153103
0.173667
0.153824
-0.000601261
-0.000797731
0.0342568
0.00901925
0.0560116
0.0274671
0.0107275
0.102306
0.019341
0.138958
0.0105759
0.0418131
0.147872
0.208075
-0.000760156
0.0194775
0.00399179
-0.000551644
0.271902
0.215442
0.0667572
0.000282611
0.0026221
0.0270384
0.0522133
0.0282357
0.00303312
0.0479733
0.000141036
-0.000775182
0.021411
0.00613022
-4.41813e-05
0.122228
0.112936
0.0154062
0.0129898
0.142703
0.027156
0.0988625
0.00821611
0.0563093
0.184685
0.10929
0.00729462
0.00927166
0.0726982
0.108684
0.0174116
0.112661
0.0380239
0.000736756
0.0312819
0.166269
0.00911113
0.000508937
0.0169293
0.136783
0.0650956
0.113848
0.125968
0.047063
0.142164
0.0410064
0.0668151
0.143468
-0.000795626
0.0748636
0.151306
0.181388
0.16259
0.106327
0.00509874
0.0147847
0.000739232
0.00303485
0.194
0.00616248
0.00752654
0.00902836
0.00178189
0.00138148
0.00157684
0.0195697
0.141111
0.000542306
0.0116672
0.0803195
0.0496544
0.0388084
0.0181733
-0.000532828
0.0282196
0.00204872
0.0119351
0.0615863
0.0764377
0.139444
0.000770453
0.0015134
0.0384084
0.011069
0.0324992
0.0342766
0.115626
0.00115591
-0.000381336
0.103271
0.0199043
0.00105794
0.128881
0.0182307
0.0317156
0.00859543
0.0818402
0.146785
0.00609703
0.00217549
0.157868
0.109351
0.117803
0.0151274
0.000780485
0.00182154
0.025698
-0.000381028
0.00636504
0.0106103
0.00438419
0.00399434
0.20211
0.153386
0.15145
0.0203066
0.0294208
4.10832e-05
0.00454704
-0.000624466
0.00556688
0.175899
0.00368612
0.0201629
0.0344084
0.0724641
0.0193266
-0.000521777
0.012063
0.00160848
0.0370383
0.0926852
0.182134
-0.000692351
0.00864983
0.0615065
0.136215
0.219383
0.00835496
0.037617
0.165638
0.138595
0.0143788
0.100275
0.00363343
0.00204601
0.0867284
0.0215997
-0.000206685
0.00959672
0.0826368
0.0738747
0.00503969
0.0259816
0.0468589
0.0507098
0.000224023
0.0554218
0.0307327
0.111136
0.0232456
0.185274
0.1844
-0.000193872
0.0899849
0.0937763
0.0675142
0.147198
0.0795382
0.00790084
0.0858693
0.0530184
0.211332
0.213213
0.0676089
0.0745566
0.0151041
0.0620691
0.019061
0.0403539
0.0880166
-0.000766733
0.0278319
0.108356
0.219548
0.0897185
0.00375646
0.319472
0.0149353
0.0022516
0.0168038
0.000446224
-0.000473579
0.0238723
0.0382045
0.238005
0.0313994
0.0774176
0.151057
0.0191284
0.0178637
0.222067
0.0201206
0.00614077
-0.000678907
-0.000287428
0.00244774
0.000216025
0.145507
0.112596
0.262356
0.0801492
0.132792
-0.000133784
0.224214
0.10236
0.00445775
0.0753384
0.0469785
0.0800092
0.154208
-0.000764996
0.0463911
-0.000792954
0.215258
0.176261
0.148313
0.175906
-0.000164581
0.213245
0.00137925
0.00019722
0.0191579
0.0629276
0.00180181
0.109224
0.0178575
0.0819278
0.0134359
0.0134216
0.00414219
0.0447892
0.00781525
0.0388678
0.00327303
0.0828583
0.0580545
0.0361512
0.00186211
0.0581247
0.0664437
0.0547526
0.0702646
0.0998905
0.157798
0.011062
0.0901746
-0.000482026
0.000427805
0.265589
0.114026
0.0206045
0.0105283
0.0071733
0.0453434
0.078102
0.0351245
0.00396638
0.0588309
0.00213763
0.0155534
0.104782
0.0253902
0.00469653
-0.000632377
0.0228419
0.00373283
0.00393092
0.02168
0.0609792
0.00090197
0.209116
0.00271372
0.016099
0.031268
0.169414
0.0346738
0.117639
0.0957797
0.000715344
0.00564685
-0.000795323
-0.000725774
0.0046911
-0.000258722
0.0943464
0.0375718
0.0915169
0.0551412
-0.000575971
0.0557162
0.0775924
0.000762419
0.0388252
-5.4139e-05
-0.000515676
0.0821365
0.0175712
0.0343718
0.224657
0.0774213
0.0814743
0.0295081
0.160266
0.0814716
0.0691962
0.0575974
0.00124376
0.12498
0.00772021
0.0813294
-0.00058752
0.166883
0.0377963
0.0848371
0.0032819
0.103316
0.16791
0.00867285
0.0091293
0.0158821
0.0627446
0.00532246
0.0396113
0.00808284
0.0251334
0.0775188
0.00404846
0.238932
0.0242046
0.00964396
0.0390352
0.138684
0.155354
8.04867e-05
-0.00037736
0.00215588
0.0593783
0.168317
0.00342332
0.0690386
0.209843
0.00241455
0.160865
-0.000645007
0.000878013
0.114069
0.0012883
0.0820903
0.03076
0.00021403
0.0496424
0.00708703
0.119115
0.0747762
0.0560251
0.00619436
0.00713037
-0.00036971
0.00390707
0.147059
0.121659
0.0686138
3.27505e-05
0.0238332
0.0319138
0.143368
0.176999
0.0667432
0.00883122
0.00111569
0.139576
0.00773923
0.162944
0.000519451
0.00650874
0.0688104
0.00583814
0.0711802
0.00460995
0.00105803
0.0246816
0.00111863
0.168
0.00266448
0.00793148
0.08344
0.0120436
0.00616079
0.194776
0.0575817
-9.00081e-05
0.032297
1.07609e-05
0.0129143
0.0177615
0.222184
0.026204
0.0332486
0.234032
0.166837
-0.000755516
0.01124
-0.00064097
0.211969
0.0129876
0.19046
0.0350666
0.120203
0.0708218
0.00583723
0.100152
0.220484
0.0422189
9.76647e-05
0.0887362
0.0813921
0.0242212
0.0549962
0.0403267
0.0130171
0.0165047
0.159005
0.00314843
0.207649
0.166199
0.046195
0.15182
0.0077953
0.00730849
0.000982523
0.141005
0.111939
0.00126823
0.00691518
0.00939063
0.0913991
0.0170879
0.103544
-0.000690636
0.118154
0.0174152
0.158019
0.0349052
0.00162022
0.0786815
0.0161186
0.193499
0.00531516
0.0133819
0.00236971
0.18598
0.00560535
0.0281148
0.0175458
0.00201657
0.122449
0.00675697
0.0286651
0.103353
0.0105616
0.0455868
0.0929013
0.005666
0.189612
-0.000515938
0.0775257
0.00389233
0.00664042
0.0222644
0.00473251
0.0129321
0.0760217
0.102234
0.00235392
0.0384027
0.0114457
0.00623867
-0.00074343
0.00105864
0.208795
0.134004
0.119306
-0.0005516
0.00375778
0.00573607
0.074344
0.00121478
0.0382744
0.00979591
0.00501798
-0.000685995
0.0666245
0.0344415
0.0263878
0.0102953
0.0014329
0.012265
0.0813567
0.0113014
0.0126484
0.198301
0.00442122
0.0158642
0.188542
-0.000677919
0.0727355
0.0545742
0.0116247
0.000320735
0.0367396
0.221168
0.275515
0.00988164
0.0458571
0.0322968
0.0395222
0.00834189
0.083326
0.00120594
0.279059
0.0425141
0.00330951
0.00782773
0.0288785
0.00265851
-0.000582257
0.0383812
0.0768532
0.0047098
0.167012
0.00611139
0.0795396
0.0273134
0.0667202
0.135111
0.0203693
-0.000382771
0.00356589
0.00294412
0.00763427
0.0120037
-0.000268132
0.031314
0.000665923
0.119121
0.0743146
0.0182817
0.0309195
0.00395302
0.189209
0.0203364
0.0450684
0.00258312
0.0158978
0.0496757
0.0105404
0.0549868
0.00940293
-0.000620674
0.0901596
-0.000719225
0.0307595
0.0911956
0.0167146
0.145719
0.0357597
0.0334071
0.00560657
0.0455061
0.0776776
0.276216
0.168304
0.000526742
0.0301787
0.034464
0.0149838
-0.000359782
-0.000102057
0.127837
0.205731
0.144524
0.00768189
0.0517564
0.031225
0.0004023
-0.000692703
-0.000782783
0.00840954
0.00445044
0.306632
0.0183128
0.139854
0.0184511
0.0448254
0.053443
0.0526876
0.0357696
0.0280939
0.0231699
0.00140035
0.0305486
0.0858719
0.161031
-0.000319285
0.00287312
0.114829
0.223555
0.065403
0.0466033
0.00224866
0.194369
0.0270411
0.011307
0.0186319
0.144717
0.155454
0.232897
0.0821568
0.00278623
0.000626453
0.159246
0.00252367
0.12861
0.0159673
0.102965
0.0639475
-0.000165157
0.000418378
-0.000771704
0.034714
-0.000550292
0.0681774
-0.000204833
0.00183935
0.0411395
0.155286
0.0154547
0.00419453
0.207487
0.188805
0.0381133
0.0355022
0.0127769
0.06623
0.0322808
0.0475741
0.0208086
0.0237509
0.0631743
0.026248
0.235488
0.020665
0.0200767
0.225733
0.0489129
0.0189939
0.103437
0.00622189
0.00535537
0.0018155
0.0186485
0.029096
0.25952
0.117398
0.0811607
0.0415214
0.0344961
0.000295617
0.0219463
0.0084105
0.0251169
0.205389
0.0119876
0.0205847
0.0136067
0.0118738
0.0720902
0.128061
0.114507
0.0661429
0.00704488
0.0235969
0.0415784
0.22614
0.0027738
0.00195062
0.181814
0.0620378
4.84114e-05
0.00210352
-0.000307261
0.00332965
0.373906
0.0486588
0.00494841
0.0597545
0.0362861
0.0193968
0.0286477
0.0450097
0.010862
0.00936759
0.00493863
0.00879515
0.0632491
0.0663432
0.00261299
0.0308721
0.00238489
0.0698992
0.0633314
0.0439765
0.137526
0.0121318
0.00907129
0.0209396
0.070857
0.0309944
0.0577472
0.00321247
0.108216
5.6651e-05
0.0287831
-0.000606369
0.078595
0.159085
0.250817
0.00183595
0.231328
0.00181316
0.0729181
0.129896
0.0445404
0.174513
0.0438787
0.0399491
0.0778998
0.000755278
0.0218162
0.0932866
0.0353525
0.00902609
0.0075977
0.0559401
0.0168764
0.00218507
0.0453323
0.160129
0.00294724
0.216187
0.012505
0.117918
0.184558
0.103931
0.0642139
0.0280952
0.00254009
0.0756756
0.0171767
0.0477283
-0.000590378
0.077556
0.0512501
0.0845405
0.140796
0.00901725
0.0541668
0.0823212
0.0595341
0.0148347
0.0839775
0.0330065
-0.000782399
0.0759732
0.0380763
0.00523224
0.00218744
0.0340913
0.0917398
-0.000796392
0.0386791
0.0170163
