0.17232
0.134027
0.134027
0.153173
0.153173
0.134027
0.153173
0.153173
0.134027
0.153173
0.153173
0.134027
0.153173
0.153173
0.153173
0.153173
0.153173
0.153173
0.153173
0.153173
0.153173
0.153173
0.153173
0.17232
0.134027
0.17232
0.153173
0.153173
0.153173
0.153173
0.153173
0.153173
0.17232
0.153173
0.17232
0.153173
0.153173
0.17232
0.17232
0.17232
0.17232
0.17232
0.17232
0.17232
0.191467
0.191467
0.17232
0.191467
0.191467
0.191467
0.191467
0.210613
0.191467
0.210613
0.22976
0.210613
0.22976
0.248907
0.22976
0.268053
0.248907
0.268053
0.2872
0.2872
0.306347
0.325493
0.34464
0.363787
0.382933
0.40208
0.440373
0.45952
0.497813
0.536107
0.593547
0.650987
0.708427
0.785013
0.823307
0.880747
0.91904
0.938187
0.957333
0.995627
0.91904
0.91904
0.880747
0.842453
0.80416
0.785013
0.727573
0.708427
0.670133
0.670133
0.63184
0.612693
0.593547
0.593547
0.555253
0.51696
0.497813
0.497813
0.478667
0.440373
0.45952
0.421227
0.421227
0.40208
0.382933
0.363787
0.382933
0.34464
0.34464
0.34464
0.325493
0.306347
0.306347
0.306347
0.2872
0.268053
0.268053
0.268053
0.248907
0.22976
0.248907
0.210613
0.22976
0.210613
0.191467
0.191467
0.191467
0.17232
0.17232
0.153173
0.153173
0.134027
0.153173
0.134027
0.134027
0.0957333
0.11488
0.11488
0.0957333
0.11488
0.0957333
0.0957333
0.0765867
0.0957333
0.0765867
0.05744
0.0765867
0.05744
0.0382933
0.0382933
0.0382933
0.0382933
