-4.98344
-4.98343
-4.98336
-4.98345
-4.98345
-4.98338
-4.9834
-4.98338
-4.98345
-4.98337
-4.98335
-4.98344
-4.98341
-4.98342
-4.98336
-4.9834
-4.9834
-4.98344
-4.98336
-4.98345
-4.98344
-4.98339
-4.98336
-4.9834
-4.98337
-4.9834
-4.98339
-4.9834
-4.98336
-4.98343
-4.98342
-4.98338
-4.98342
-4.98338
-4.98344
-4.98335
-4.98341
-4.9834
-4.98343
-4.98339
-4.9834
-4.98336
-4.98341
-4.98343
-4.98344
-4.98341
-4.98343
-4.98336
-4.98337
-4.98339
-4.98338
-4.98342
-4.98341
-4.98338
-4.98338
-4.9834
-4.9834
-4.98336
-4.98344
-4.98341
-4.98341
-4.98343
-4.98339
-4.98338
-4.98338
-4.98337
-4.98339
-4.98341
-4.98342
-4.98337
-4.98345
-4.98337
-4.98343
-4.98342
-4.98339
-4.98338
-4.98339
-4.98344
-4.98339
-4.98343
-4.98339
-4.9834
-4.98341
-4.98341
-4.98344
-4.98338
-4.98336
-4.9834
-4.98339
-4.98342
-4.98345
-4.98336
-4.98337
-4.98345
-4.98341
-4.98338
-4.98345
-4.98336
-4.98345
-4.9834
-4.98339
-4.98342
-4.98342
-4.98337
-4.98343
-4.9834
-4.98344
-4.98339
-4.98335
-4.98345
-4.98338
-4.98344
-4.98339
-4.98336
-4.98342
-4.98336
-4.98341
-4.98343
-4.98343
-4.98338
-4.98335
-4.98337
-4.98337
-4.98338
-4.98343
-4.98341
-4.98343
-4.98338
-4.98339
-4.98338
-4.9834
-4.98335
-4.98338
-4.98336
-4.98344
-4.98344
-4.98342
-4.98337
-4.98336
-4.9834
-4.98341
-4.98343
-4.98336
-4.98341
-4.98337
-4.98338
-4.98344
-4.98339
-4.9834
-4.98342
-4.98345
-4.9834
-4.98344
-4.98342
-4.98343
-4.98335
-4.98345
-4.98342
-4.98341
-4.98336
-4.98339
-4.98337
-4.98336
-4.98342
-4.98345
-4.98338
-4.98343
-4.98344
-4.98339
-4.98337
-4.98336
-4.98337
-4.9834
-4.98339
-4.98338
-4.98338
-4.98341
-4.98345
-4.98345
-4.9834
-4.98337
-4.98338
-4.98338
-4.98342
-4.98343
-4.98336
-4.98343
-4.98339
-4.98336
-4.98344
-4.98344
-4.98342
-4.98342
-4.98343
-4.9834
-4.98343
-4.98341
-4.98339
-4.98336
-4.98343
-4.9834
-4.98339
-4.98336
-4.98336
-4.98338
-4.98336
-4.98341
-4.98337
-4.98336
-4.98341
-4.98344
-4.98343
-4.98338
-4.98337
-4.9834
-4.98336
-4.98344
-4.98335
-4.98343
-4.98339
-4.98339
-4.98335
-4.98337
-4.9834
-4.98337
-4.98342
-4.98338
-4.98339
-4.9834
-4.98337
-4.9834
-4.98338
-4.98342
-4.98338
-4.98341
-4.98339
-4.98342
-4.98339
-4.98336
-4.98339
-4.98344
-4.98338
-4.98343
-4.98338
-4.98338
-4.9834
-4.98341
-4.98344
-4.98342
-4.98336
-4.98339
-4.98343
-4.98339
-4.98336
-4.98338
-4.98345
-4.98338
-4.98342
-4.98336
-4.98338
-4.98341
-4.98342
-4.9834
-4.98343
-4.98335
-4.98344
-4.9834
-4.98338
-4.98337
-4.98339
-4.98344
-4.98338
-4.98343
-4.98338
-4.98342
-4.98337
-4.98343
-4.98338
-4.98337
-4.98336
-4.98337
-4.98341
-4.98339
-4.98343
-4.98345
-4.98339
-4.98342
-4.98341
-4.98344
-4.98342
-4.98337
-4.98341
-4.98336
-4.98337
-4.98342
-4.98344
-4.98338
-4.98343
-4.98337
-4.98336
-4.98344
-4.98339
-4.98337
-4.98335
-4.98343
-4.98343
-4.98336
-4.98336
-4.98339
-4.98345
-4.98339
-4.98344
-4.98336
-4.98342
-4.98335
-4.98341
-4.9834
-4.9834
-4.98336
-4.98338
-4.98345
-4.98342
-4.98338
-4.98345
-4.9834
-4.98344
-4.98344
-4.98335
-4.98342
-4.9834
-4.9834
-4.98337
-4.9834
-4.98338
-4.98342
-4.98341
-4.98339
-4.98345
-4.98343
-4.98338
-4.98344
-4.98342
-4.9834
-4.98344
-4.98344
-4.98336
-4.9834
-4.98338
-4.98343
-4.98339
-4.98336
-4.98341
-4.98337
-4.98338
-4.98336
-4.98343
-4.9834
-4.98344
-4.98339
-4.98343
-4.98344
-4.98343
-4.98336
-4.9834
-4.9834
-4.98343
-4.98335
-4.98336
-4.98337
-4.9834
-4.98337
-4.98337
-4.98344
-4.98343
-4.98343
-4.98342
-4.98342
-4.98345
-4.9834
-4.98338
-4.98344
-4.98343
-4.98335
-4.98343
-4.9834
-4.98339
-4.98337
-4.98341
-4.98337
-4.98344
-4.98336
-4.98335
-4.98343
-4.98345
-4.98343
-4.9834
-4.98338
-4.98335
-4.98338
-4.98343
-4.98336
-4.98336
-4.98342
-4.98342
-4.98338
-4.9834
-4.98337
-4.98338
-4.98342
-4.98336
-4.98335
-4.98337
-4.98344
-4.98341
-4.98339
-4.98345
-4.98339
-4.98343
-4.98343
-4.98344
-4.9834
-4.98342
-4.98341
-4.98339
-4.9834
-4.98343
-4.98343
-4.98337
-4.9834
-4.98342
-4.98336
-4.98341
-4.98345
-4.98335
-4.98337
-4.98335
-4.98344
-4.98343
-4.98343
-4.98344
-4.9834
-4.98339
-4.98337
-4.98339
-4.98341
-4.98337
-4.9834
-4.9834
-4.98339
-4.98339
-4.98345
-4.98343
-4.98338
-4.98336
-4.98338
-4.9834
-4.98335
-4.98341
-4.98341
-4.98338
-4.98343
-4.98344
-4.98336
-4.98341
-4.98343
-4.98336
-4.98338
-4.98341
-4.98343
-4.98335
-4.98338
-4.98339
-4.98345
-4.98338
-4.98338
-4.98339
-4.98343
-4.98335
-4.98343
-4.98343
-4.98337
-4.9834
-4.98341
-4.98341
-4.98339
-4.98344
-4.9834
-4.98337
-4.98338
-4.98343
-4.98338
-4.98343
-4.98336
-4.9834
-4.98343
-4.98344
-4.98339
-4.98343
-4.98343
-4.98341
-4.98344
-4.98342
-4.98338
-4.98339
-4.9834
-4.98345
-4.98339
-4.98338
-4.9834
-4.98338
-4.98345
-4.98341
-4.98345
-4.98336
-4.98342
-4.98341
-4.98339
-4.98338
-4.98344
-4.9834
-4.9834
-4.98338
-4.98341
-4.98342
-4.9834
-4.98343
-4.98342
-4.98339
-4.98345
-4.98336
-4.98342
-4.98337
-4.98345
-4.98342
-4.98337
-4.98344
-4.98344
-4.98339
-4.98341
-4.98339
-4.98339
-4.98343
-4.98338
-4.98343
-4.98343
-4.98342
-4.98338
-4.98337
-4.98343
-4.98345
-4.98335
-4.98336
-4.98343
-4.9834
-4.98336
-4.98342
-4.98345
-4.98339
-4.98342
-4.98338
-4.98337
-4.98342
-4.98343
-4.9834
-4.98335
-4.98343
-4.98336
-4.98343
-4.98337
-4.98344
-4.98338
-4.9834
-4.98342
-4.98335
-4.9834
-4.98338
-4.98335
-4.98344
-4.98341
-4.98344
-4.98338
-4.98339
-4.98344
-4.98343
-4.98344
-4.98338
-4.98336
-4.9834
-4.98344
-4.98344
-4.98342
-4.98343
-4.98339
-4.98342
-4.98336
-4.98337
-4.98337
-4.98338
-4.98343
-4.98338
-4.98344
-4.98345
-4.98342
-4.9834
-4.98344
-4.98337
-4.98343
-4.98338
-4.98344
-4.98336
-4.98343
-4.98337
-4.98343
-4.98336
-4.98336
-4.98342
-4.98343
-4.98339
-4.98337
-4.98344
-4.98341
-4.98337
-4.98341
-4.98339
-4.98337
-4.98344
-4.98342
-4.98338
-4.98344
-4.98335
-4.98345
-4.98341
-4.98337
-4.98337
-4.98341
-4.98336
-4.98344
-4.9834
-4.98342
-4.98345
-4.9834
-4.98341
-4.98338
-4.9834
-4.9834
-4.98344
-4.98339
-4.98339
-4.98338
-4.98338
-4.98344
-4.98343
-4.98339
-4.98338
-4.98345
-4.98345
-4.98339
-4.98337
-4.98342
-4.98339
-4.98341
-4.98336
-4.98344
-4.98344
-4.98338
-4.98335
-4.98343
-4.98339
-4.98341
-4.9834
-4.98336
-4.98336
-4.98336
-4.98345
-4.98339
-4.98336
-4.98337
-4.98344
-4.98336
-4.9834
-4.9834
-4.98339
-4.98337
-4.98345
-4.9834
-4.98345
-4.98338
-4.98343
-4.98344
-4.98343
-4.98344
-4.9834
-4.98342
-4.9834
-4.98341
-4.98344
-4.98336
-4.98345
-4.98342
-4.98345
-4.98339
-4.98339
-4.98341
-4.98344
-4.98335
-4.98344
-4.98339
-4.98343
-4.98344
-4.98338
-4.98336
-4.98343
-4.98339
-4.98344
-4.98336
-4.98342
-4.98342
-4.98336
-4.98337
-4.98336
-4.98336
-4.98336
-4.9834
-4.98343
-4.98335
-4.98338
-4.98341
-4.98341
-4.98341
-4.98339
-4.98341
-4.98341
-4.9834
-4.9834
-4.98341
-4.98343
-4.98343
-4.98338
-4.98337
-4.98338
-4.98337
-4.98344
-4.98337
-4.98343
-4.98338
-4.98336
-4.98336
-4.9834
-4.98339
-4.98338
-4.98345
-4.98335
-4.98341
-4.98342
-4.98339
-4.98344
-4.98339
-4.98341
-4.98338
-4.98337
-4.98338
-4.98335
-4.98345
-4.98342
-4.98342
-4.98338
-4.98345
-4.98341
-4.9834
-4.9834
-4.98336
-4.98336
-4.98345
-4.98344
-4.98337
-4.98335
-4.98343
-4.98344
-4.98336
-4.98341
-4.98338
-4.9834
-4.98338
-4.98336
-4.9834
-4.9834
-4.98341
-4.98337
-4.98344
-4.98338
-4.98344
-4.98341
-4.98344
-4.98341
-4.98343
-4.98341
-4.98344
-4.98343
-4.98337
-4.98339
-4.98341
-4.98336
-4.98335
-4.98337
-4.98336
-4.98345
-4.98339
-4.98342
-4.98344
-4.98342
-4.98339
-4.98337
-4.98341
-4.9834
-4.98338
-4.98338
-4.98337
-4.98338
-4.98343
-4.98345
-4.98344
-4.9834
-4.98345
-4.98339
-4.98341
-4.9834
-4.98344
-4.98339
-4.98344
-4.98336
-4.98337
-4.98343
-4.98339
-4.98336
-4.98343
-4.98344
-4.98337
-4.98345
-4.98339
-4.98342
-4.98339
-4.98337
-4.98335
-4.98336
-4.98336
-4.9834
-4.98337
-4.9834
-4.98338
-4.98337
-4.98336
-4.98342
-4.98344
-4.98342
-4.98337
-4.98339
-4.98335
-4.98336
-4.98339
-4.98339
-4.9834
-4.98344
-4.98338
-4.9834
-4.98336
-4.98345
-4.98344
-4.98341
-4.9834
-4.98343
-4.98341
-4.98343
-4.98341
-4.98341
-4.98342
-4.9834
-4.98344
-4.98342
-4.98336
-4.98343
-4.98337
-4.98338
-4.98339
-4.98338
-4.98343
-4.98341
-4.98341
-4.98336
-4.98344
-4.98341
-4.98338
-4.98336
-4.98336
-4.98336
-4.98342
-4.98342
-4.98336
-4.9834
-4.9834
-4.98337
-4.98339
-4.98344
-4.98337
-4.98342
-4.98337
-4.98336
-4.98342
-4.98343
-4.98338
-4.98339
-4.98341
-4.98335
-4.98337
-4.98336
-4.98345
-4.98345
-4.98338
-4.98342
-4.98344
-4.98335
-4.98338
-4.98336
-4.98344
-4.9834
-4.98344
-4.98345
-4.98343
-4.9834
-4.9834
-4.98336
-4.98342
-4.9834
-4.98337
-4.98337
-4.98336
-4.98343
-4.98341
-4.98342
-4.98337
-4.98339
-4.98344
-4.98338
-4.98338
-4.98342
-4.9834
-4.98341
-4.98337
-4.98342
-4.98344
-4.98337
-4.98341
-4.98336
-4.98344
-4.98343
-4.98344
-4.98336
-4.98344
-4.98336
-4.98341
-4.98345
-4.98344
-4.98337
-4.98339
-4.98345
-4.98336
-4.9834
-4.98345
-4.98343
-4.98345
-4.98341
-4.98343
-4.9834
-4.98342
-4.98337
-4.98341
-4.98343
-4.98343
-4.9834
-4.98337
-4.98339
-4.98341
-4.98342
-4.98335
-4.98337
-4.98338
-4.98335
-4.9834
-4.98339
-4.98337
-4.9834
-4.98342
-4.98343
-4.98335
-4.98335
-4.98342
-4.98344
-4.98337
-4.98335
-4.98339
-4.98342
0.00125724
0.0485204
-0.00075881
-0.000780309
1.00046
1.00172
0.00868653
1.00004
0.0330108
0.0121917
1.0001
1.00065
0.000315589
0.838933
1.00125
0.0561205
1.00027
0.00833843
0.000919663
1.00177
0.303195
1.00067
0.124241
1.00095
0.00430888
0.771557
1.00024
1.00104
1.00146
1.00099
0.00441057
0.449181
0.00825721
0.00781973
1.00151
0.928623
-0.000215545
1.00014
0.00455644
1.00176
0.64433
0.953712
1.00108
0.0122429
0.00143935
1.00156
1.00013
-0.000609299
0.0010603
1.00087
1.0016
-0.00071206
1.00048
1.00177
1.00095
1.00061
0.102158
1.0011
1.00174
-0.000715947
1.0007
0.907449
1.00082
0.00412436
1.0009
1.00023
0.592343
1.00027
0.232533
0.243122
1.00165
0.00631025
0.891057
1.00018
1.0008
0.00502396
0.0572488
-0.000793418
0.912261
1.00042
0.0701214
0.000705965
0.0110639
0.00779582
0.383974
1.00093
1.00021
0.0107645
0.91879
-0.000779988
0.00646595
1.00047
0.00139345
1.00038
1.00073
1.00087
1.00069
1.00041
-0.000752836
0.578766
1.00128
0.0106424
1.00113
1.00135
0.174548
-0.000763726
1.0009
0.0333053
1.00009
-0.000137463
-0.000745924
0.719079
1.0003
1.0007
0.00360527
1.00074
0.0119729
-0.000599783
0.00295483
1.00034
1.00006
0.396764
1.00043
1.00087
0.00838482
0.483521
0.874776
1.00069
1.00019
1.00087
1.00144
0.0330548
0.816518
0.38159
0.872818
0.0114465
0.000212669
0.802344
0.012998
0.449891
0.209257
-0.000796076
1.00105
0.00119483
1.00117
0.72488
1.00158
0.0173649
1.0003
0.00482554
1.00016
0.550492
1.00049
0.00940037
0.000673033
1.00114
0.00089837
-0.000720038
1.00172
0.926437
1.00007
5.44471e-05
0.899341
1.00044
1.00119
0.756458
0.018029
0.545625
1.00091
1.0012
0.00307577
0.00158504
0.867473
-0.000791321
-0.000573406
-1.94363e-05
-0.000549229
-0.000775365
1.00132
0.00241749
-4.93439e-05
-5.05115e-05
0.271214
-0.000795311
0.0012827
1.00064
1.00113
1.00132
1.00123
0.89035
1.00109
1.0008
9.43675e-05
1.00033
1.00081
0.921835
0.00362433
1.00095
1.0001
1.00117
0.267784
1.00107
0.000304852
0.713428
1.00049
1.00068
0.0236265
1.00019
-4.31706e-05
0.294608
0.00031511
1.00167
0.0129156
1.0009
-0.00041751
0.93583
0.00514503
0.670131
0.000162083
0.0115382
0.924434
0.0057986
0.0101564
0.00706143
0.014174
0.939431
0.0771289
1.00073
0.327734
0.00525236
0.898723
1.00127
0.050905
0.490921
1.00012
0.00374571
0.01423
0.001026
1.00067
1.00118
1.00168
1.00113
-0.000782174
1.00133
0.00642347
0.0419106
0.271147
1.00137
-0.000749955
0.440051
0.417347
1.00159
0.0178193
1.00019
0.00148446
1.00114
1.00002
0.786831
0.00103803
-8.79287e-05
0.644723
0.428638
1.00161
1.00076
7.20474e-05
-0.000540569
1.00112
0.00796845
1.0013
1.00105
0.0132817
0.000353739
0.828382
1.00108
0.806388
0.24186
1.00138
0.848819
0.002802
0.321849
0.589737
1.00093
0.01451
1.00113
1.00035
0.00866444
1.00074
1.0009
1.0001
-7.59746e-06
1.00121
0.0167767
1.00016
0.00250271
1.00041
1.00111
0.00124881
0.177587
1.0013
1.00141
0.523398
1.00095
1.00057
0.0181494
0.000778106
0.00184895
-0.000704603
0.0022321
0.00671484
0.622798
1.00062
-0.000659864
0.0128395
1.00088
1.001
0.580276
0.00593806
-0.000745567
0.991862
0.00504221
0.701903
0.0050969
0.00495116
0.017708
0.057849
0.00792161
1.00019
1.00181
0.666253
0.651775
0.00212381
0.932652
-1.849e-05
1.00028
1.00072
-0.000443568
0.00271014
0.0190333
0.00364988
0.0120881
0.00406999
-0.000243078
1.00091
-0.000550253
1.00024
1.00098
1.00081
1.00043
0.234022
1.00087
0.241379
0.667585
0.0198912
0.830173
1.00013
0.0159391
0.000830862
0.00198488
1.00114
1.0004
-0.000318478
1.00133
-0.000595084
1.00158
1.0006
0.00903269
0.151735
0.395824
1.00061
1.00006
0.118432
0.00689923
0.00144574
0.00504945
1.00017
0.0151192
0.00617119
1.00118
0.387366
1.0002
1.00024
1.00133
0.549896
0.440128
1.00105
1.00027
1.00002
1.00105
0.00615712
1.00101
0.200989
1.00127
1.00104
0.00993115
0.00126323
1.00077
1.00021
-0.000439553
0.372618
0.235603
0.00623595
-0.000579428
0.473061
0.00157876
1.00099
1.00063
0.00532671
0.0106634
0.152575
1.00006
0.00497379
0.00160031
1.00138
0.0073247
0.784131
0.00786881
0.308899
1.00146
0.00736379
0.00928927
0.577096
1.0011
1.0002
0.949242
1.00062
0.0100682
0.424033
0.393922
-0.000721674
0.00465897
-0.000102138
1.0008
1.00062
0.625393
0.128168
0.031514
0.103497
0.851846
1.00012
0.41693
1.00021
1.00081
0.239317
0.00652724
0.000311087
0.183994
0.00316006
0.00972803
0.0153575
0.252852
1.00139
0.384288
0.000513621
0.39379
0.000473323
1.0009
0.925563
1.00075
0.00542092
0.293238
1.00048
1.00019
1.00143
1.00089
1.00048
1.00058
0.00419472
0.0129958
1.00032
0.00418385
0.00432753
1.00041
1.00084
0.467972
0.934636
1.00039
1.00131
1.00002
1.00091
0.297062
0.00372746
1.0004
1.00085
0.440871
-0.000633285
1.00139
0.0215885
0.258822
1.00038
-0.00079396
0.477707
1.00097
1.00055
0.0148326
0.100186
1.00075
1.00112
0.000401983
0.118541
1.00047
1.00164
1.00164
0.904169
0.34949
0.864747
1.00081
0.000163682
-0.000656716
0.000559587
0.0183132
1.00123
0.858954
0.812814
1.00102
1.00155
1.00003
0.617447
0.0118193
1.00177
1.00134
1.0007
0.985451
0.734976
0.819075
0.76537
-0.000796406
0.0235053
1.00085
0.96444
1.00066
1.00081
1.00052
0.00426158
0.0508385
1.00149
0.0685041
1.00166
1.0012
1.00146
1.00134
0.0332702
0.880201
1.00087
0.464823
0.0185354
1.00173
1.00156
0.0079813
0.370801
7.25101e-05
1.00108
0.705458
1.00084
0.740038
0.253967
0.544675
0.431207
0.0161845
0.0505818
1.00147
0.118787
1.00071
-0.000727548
0.00250846
0.0064127
0.81328
0.00645095
1.00074
-3.23213e-05
1.00002
0.0101363
0.789985
0.00147446
0.801086
0.00124619
0.0180582
1.00098
1.00075
0.961299
1.00021
0.000286189
1.00179
0.00983326
1.0017
0.00621936
0.0162136
0.813454
1.00008
1.00033
0.00382912
-6.96303e-05
0.903482
1.00124
1.00153
0.424151
0.000620513
-0.000733345
0.00848706
-0.000345219
0.328573
1.00035
1.00009
0.540457
0.163343
0.931919
0.294582
0.856391
1.00105
0.480772
0.011454
0.377843
1.00047
0.735222
1.00088
1.00108
0.789221
1.00011
1.00156
0.00212292
0.0202235
1.00007
1.00102
0.00891207
0.000513088
0.329832
-0.00017422
0.95352
1.00074
0.445214
0.000390612
0.000853377
0.59587
0.731658
0.00082657
0.0367578
-0.000670882
1.00016
-0.000153847
1.00118
1.0005
0.125643
1.00053
0.000493151
0.0106723
1.00002
0.00030966
1.00083
0.833597
0.0179946
1.00085
0.0128359
0.323474
0.000187104
1.00143
1.00116
1.00013
0.076886
0.523753
0.647678
0.000627964
0.591802
0.0153701
0.549905
0.122431
0.353958
0.684011
1.00144
0.0159298
0.932807
1.0006
1.00099
1.00147
0.0116635
0.0337898
1.00149
1.00166
0.997457
0.00435422
0.0023909
0.0117996
0.178606
0.723648
-0.000577216
1.00013
1.00038
1.00035
0.031979
1.00145
0.694223
0.641206
1.00169
0.0123782
0.00163707
1.00168
0.297689
1.00009
1.00004
0.809709
-0.000646212
1.00137
0.916484
0.00871781
1.00066
1.00067
1.00053
1.00109
1.00034
0.83518
-5.17526e-06
0.955218
0.499588
0.558863
0.530801
1.00106
0.457593
1.0016
0.663791
0.00230519
1.00051
0.00623004
1.00078
-0.000753068
1.00009
-0.000478299
0.422446
0.294291
0.48109
1.00085
0.00108729
1.00016
-0.000176566
0.0016958
0.497724
1.00168
0.0176975
1.00112
0.937907
-9.08972e-05
1.00086
1.00029
0.00205282
0.00104392
0.00160925
-9.61032e-05
0.00505765
0.791665
-0.000364538
-0.000785132
0.885769
0.00530068
1.0009
0.445999
1.00085
0.0307405
0.011183
1.00086
-0.000130306
0.00501544
0.422702
0.00696975
0.0236595
0.000921888
-0.000474744
-0.000370218
1.00112
0.00321643
0.00158239
0.0196276
0.00522555
0.183727
0.0245577
1.00039
1.0006
1.00173
1.00096
0.0178017
-0.000563221
0.666856
-0.000290071
1.00173
0.00210281
1.00071
1.00064
1.00078
-0.000591944
1.00099
1.00157
-0.000281948
1.00159
-0.000645867
0.0117936
0.801087
1.00158
0.00239636
0.00150474
1.00075
0.501838
0.785139
0.420304
0.323696
1.00022
0.004688
0.0154208
1.00013
1.0018
0.0153943
1.00181
-2.10608e-05
-0.000192882
1.00073
1.00168
1.00027
1.00082
0.000644609
0.292001
0.003484
1.00045
0.218348
0.0107808
0.000139045
0.00550459
0.0312027
0.0060843
0.00322578
1.00123
-9.06332e-05
0.00903006
0.698065
0.000924911
1.00002
0.951026
0.0986609
1.00164
1.00074
0.00417763
0.00237761
1.00073
1.00083
1.0007
0.000264502
1.00072
-0.000656305
1.00077
-0.00046661
0.0046973
1.00107
0.00360048
0.192369
0.00127086
0.614905
0.128831
0.000909868
1.00099
1.00065
0.479947
1
1.00128
1.00134
1.00022
1.00147
0.00461332
0.00468886
0.013978
0.00423072
0.00296757
1.00073
1.00014
0.606911
1.00106
1.00177
0.019937
1.00003
0.234132
-0.000695033
1.00091
0.00823686
1.00001
-0.000387005
1.00039
1.00081
0.00298405
0.557275
1.0015
0.00187672
-9.16146e-05
0.000918156
0.0234537
1.00103
1.00005
1.00075
-0.000487085
0.702595
0.533114
-0.000599781
1.00145
0.554987
1.00051
0.00140137
-0.00038051
0.00189224
0.188669
-0.000768563
-0.000515934
1.00107
0.00154359
-0.000616454
1.00161
0.0157131
1.00019
1.0005
0.572395
0.96177
1.001
0.0376102
0.789116
0.018009
1.00072
1.00138
0.000839799
-0.000376804
0.00591303
1.00023
1.00038
0.463819
-0.000488944
0.00181513
0.00261713
0.01549
1.00071
1.00124
1.00153
1.00085
0.160101
0.598408
1.00161
0.00796538
1.00087
0.000517657
1.00159
0.000712724
0.196657
1.00042
0.273266
1.00061
0.0364121
0.00011425
0.00498506
0.0101734
0.000364872
0.0139065
0.00115415
1.00136
1.00043
0.00197823
1.00084
1.00116
1.00126
0.00933012
0.00323903
0.00167553
1.00177
-0.00077123
0.00012209
0.00259264
1.00124
1.00142
1.00059
1.00111
0.73181
0.0199273
1.00169
0.534952
1.00074
-0.000681236
1.00047
-0.000105427
0.00494644
0.80414
0.974892
0.952762
1.00059
0.0167333
0.00175314
0.0253444
0.417182
0.956429
1.00032
1.00003
1.00071
0.0111294
1.00119
1.00045
1.00052
0.296175
1.00112
0.0117916
1.00101
1.00109
1.00094
1.0012
