-0.253306
-0.251312
-0.249318
-0.247325
-0.245331
-0.243337
-0.241343
-0.23935
-0.237356
-0.235362
-0.233368
-0.231375
-0.229381
-0.227387
-0.225393
-0.223399
-0.221406
-0.219412
-0.217418
-0.215424
-0.213431
-0.211437
-0.209443
-0.207449
-0.205456
-0.203462
-0.201468
-0.199474
-0.197481
-0.195487
-0.193493
-0.191499
-0.189506
-0.187512
-0.185518
-0.183524
-0.18153
-0.179537
-0.177543
-0.175549
-0.173555
-0.171562
-0.169568
-0.167574
-0.16558
-0.163587
-0.161593
-0.159599
-0.157605
-0.155612
-0.153618
-0.151624
-0.14963
-0.147636
-0.145643
-0.143649
-0.141655
-0.139661
-0.137668
-0.135674
-0.13368
-0.131686
-0.129693
-0.127699
-0.125705
-0.123711
-0.121718
-0.119724
-0.11773
-0.115736
-0.113742
-0.111749
-0.109755
-0.107761
-0.105767
-0.103774
-0.10178
-0.0997861
-0.0977923
-0.0957986
-0.0938048
-0.0918111
-0.0898173
-0.0878235
-0.0858298
-0.083836
-0.0818422
-0.0798485
-0.0778547
-0.0758609
-0.0738672
-0.0718734
-0.0698796
-0.0678859
-0.0658921
-0.0638984
-0.0619046
-0.0599108
-0.0579171
-0.0559233
-0.0539295
-0.0519358
-0.049942
-0.0479482
-0.0459545
-0.0439607
-0.0419669
-0.0399732
-0.0379794
-0.0359857
-0.0339919
-0.0319981
-0.0300044
-0.0280106
-0.0260168
-0.0240231
-0.0220293
-0.0200355
-0.0180418
-0.016048
-0.0140542
-0.0120605
-0.0100667
-0.00807295
-0.00607919
-0.00408542
-0.00209166
-9.78949e-05
0.00189587
0.00388963
0.0058834
0.00787716
0.00987093
0.0118647
0.0138585
0.0158522
0.017846
0.0198397
0.0218335
0.0238273
0.025821
0.0278148
0.0298086
0.0318023
0.0337961
0.0357899
0.0377836
0.0397774
0.0417712
0.0437649
0.0457587
0.0477524
0.0497462
0.05174
0.0537337
0.0557275
0.0577213
0.059715
0.0617088
0.0637026
0.0656963
0.0676901
0.0696839
0.0716776
0.0736714
0.0756651
0.0776589
0.0796527
0.0816464
0.0836402
0.085634
0.0876277
0.0896215
0.0916153
0.093609
0.0956028
0.0975966
0.0995903
0.101584
0.103578
0.105572
0.107565
0.109559
0.111553
0.113547
0.11554
0.117534
0.119528
0.121522
0.123515
0.125509
0.127503
0.129497
0.131491
0.133484
0.135478
0.137472
0.139466
0.141459
0.143453
0.145447
0.147441
0.149434
0.151428
0.153422
0.155416
0.157409
0.159403
0.161397
0.163391
0.165385
0.167378
0.169372
0.171366
0.17336
0.175353
0.177347
