-4.98335
-4.98335
-4.98335
-4.98335
-4.98335
-4.98335
-4.98335
-4.98335
-4.98335
-4.98335
-4.98335
-4.98335
-4.98335
-4.98335
-4.98335
-4.98335
-4.98335
-4.98335
-4.98335
-4.98335
-4.98335
-4.98335
-4.98335
-4.98335
-4.98335
-4.98335
-4.98335
-4.98335
-4.98335
-4.98335
-4.98335
-4.98335
-4.98335
-4.98335
-4.98335
-4.98335
-4.98335
-4.98335
-4.98335
-4.98335
-4.98335
-4.98335
-4.98335
-4.98335
-4.98335
-4.98335
-4.98335
-4.98335
-4.98335
-4.98335
-4.98335
-4.98335
-4.98335
-4.98335
-4.98335
-4.98335
-4.98335
-4.98335
-4.98335
-4.98335
-4.98335
-4.98335
-4.98335
-4.98335
-4.98335
-4.98335
-4.98335
-4.98335
-4.98335
-4.98335
-4.98335
-4.98335
-4.98335
-4.98335
-4.98335
-4.98335
-4.98335
-4.98335
-4.98335
-4.98335
-4.98335
-4.98335
-4.98335
-4.98335
-4.98335
-4.98335
-4.98335
-4.98335
-4.98335
-4.98335
-4.98335
-4.98335
-4.98335
-4.98335
-4.98335
-4.98335
-4.98335
-4.98335
-4.98335
-4.98335
-4.98335
-4.98335
-4.98335
-4.98335
-4.98335
-4.98335
-4.98335
-4.98335
-4.98335
-4.98335
-4.98335
-4.98335
-4.98335
-4.98335
-4.98335
-4.98335
-4.98335
-4.98335
-4.98335
-4.98335
-4.98335
-4.98335
-4.98335
-4.98335
-4.98335
-4.98335
-4.98335
-4.98335
-4.98335
-4.98335
-4.98335
-4.98335
-4.98335
-4.98335
-4.98335
-4.98335
-4.98335
-4.98335
-4.98335
-4.98335
-4.98335
-4.98335
-4.98335
-4.98335
-4.98335
-4.98335
-4.98335
-4.98335
-4.98335
-4.98335
-4.98335
-4.98335
-4.98335
-4.98335
-4.98335
-4.98335
-4.98335
-4.98335
-4.98335
-4.98335
-4.98335
-4.98335
-4.98335
-4.98335
-4.98335
-4.98335
-4.98335
-4.98335
-4.98335
-4.98335
-4.98335
-4.98335
-4.98335
-4.98335
-4.98335
-4.98335
-4.98335
-4.98335
-4.98335
-4.98335
-4.98335
-4.98335
-4.98335
-4.98335
-4.98335
-4.98335
-4.98335
-4.98335
-4.98335
-4.98335
-4.98335
-4.98335
-4.98335
-4.98335
-4.98335
-4.98335
-4.98335
-4.98335
-4.98335
-4.98335
-4.98335
-4.98335
-4.98335
-4.98335
-4.98335
-4.98335
-4.98335
-4.98335
-4.98335
-4.98335
-4.98335
-4.98335
-4.98335
-4.98335
-4.98335
-4.98335
-4.98335
-4.98335
-4.98335
-4.98335
-4.98335
-4.98335
-4.98335
-4.98335
-4.98335
-4.98335
-4.98335
-4.98335
-4.98335
-4.98335
-4.98335
-4.98335
-4.98335
-4.98335
-4.98335
-4.98335
-4.98335
-4.98335
-4.98335
-4.98335
-4.98335
-4.98335
-4.98335
-4.98335
-4.98335
-4.98335
-4.98335
-4.98335
-4.98335
-4.98335
-4.98335
-4.98335
-4.98335
-4.98335
-4.98335
-4.98335
-4.98335
-4.98335
-4.98335
-4.98335
-4.98335
-4.98335
-4.98335
-4.98335
-4.98335
-4.98335
-4.98335
-4.98335
-4.98335
-4.98335
-4.98335
-4.98335
-4.98335
-4.98335
-4.98335
-4.98335
-4.98335
-4.98335
-4.98335
-4.98335
-4.98335
-4.98335
-4.98335
-4.98335
-4.98335
-4.98335
-4.98335
-4.98335
-4.98335
-4.98335
-4.98335
-4.98335
-4.98335
-4.98335
-4.98335
-4.98335
-4.98335
-4.98335
-4.98335
-4.98335
-4.98335
-4.98335
-4.98335
-4.98335
-4.98335
-4.98335
-4.98335
-4.98335
-4.98335
-4.98335
-4.98335
-4.98335
-4.98335
-4.98335
-4.98335
-4.98335
-4.98335
-4.98335
-4.98335
-4.98335
-4.98335
-4.98335
-4.98335
-4.98335
-4.98335
-4.98335
-4.98335
-4.98335
-4.98335
-4.98335
-4.98335
-4.98335
-4.98335
-4.98335
-4.98335
-4.98335
-4.98335
-4.98335
-4.98335
-4.98335
-4.98335
-4.98335
-4.98335
-4.98335
-4.98335
-4.98335
-4.98335
-4.98335
-4.98335
-4.98335
-4.98335
-4.98335
-4.98335
-4.98335
-4.98335
-4.98335
-4.98335
-4.98335
-4.98335
-4.98335
-4.98335
-4.98335
-4.98335
-4.98335
-4.98335
-4.98335
-4.98335
-4.98335
-4.98335
-4.98335
-4.98335
-4.98335
-4.98335
-4.98335
-4.98335
-4.98335
-4.98335
-4.98335
-4.98335
-4.98335
-4.98335
-4.98335
-4.98335
-4.98335
-4.98335
-4.98335
-4.98335
-4.98335
-4.98335
-4.98335
-4.98335
-4.98335
-4.98335
-4.98335
-4.98335
-4.98335
-4.98335
-4.98335
-4.98335
-4.98335
-4.98335
-4.98335
-4.98335
-4.98335
-4.98335
-4.98335
-4.98335
-4.98335
-4.98335
-4.98335
-4.98335
-4.98335
-4.98335
-4.98335
-4.98335
-4.98335
-4.98335
-4.98335
-4.98335
-4.98335
-4.98335
-4.98335
-4.98335
-4.98335
-4.98335
-4.98335
-4.98335
-4.98335
-4.98335
-4.98335
-4.98335
-4.98335
-4.98335
-4.98335
-4.98335
-4.98335
-4.98335
-4.98335
-4.98335
-4.98335
-4.98335
-4.98335
-4.98335
-4.98335
-4.98335
-4.98335
-4.98335
-4.98335
-4.98335
-4.98335
-4.98335
-4.98335
-4.98335
-4.98335
-4.98335
-4.98335
-4.98335
-4.98335
-4.98335
-4.98335
-4.98335
-4.98335
-4.98335
-4.98335
-4.98335
-4.98335
-4.98335
-4.98335
-4.98335
-4.98335
-4.98335
-4.98335
-4.98335
-4.98335
-4.98335
-4.98335
-4.98335
-4.98335
-4.98335
-4.98335
-4.98335
-4.98335
-4.98335
-4.98335
-4.98335
-4.98335
-4.98335
-4.98335
-4.98335
-4.98335
-4.98335
-4.98335
-4.98335
-4.98335
-4.98335
-4.98335
-4.98335
-4.98335
-4.98335
-4.98335
-4.98335
-4.98335
-4.98335
-4.98335
-4.98335
-4.98335
-4.98335
-4.98335
-4.98335
-4.98335
-4.98335
-4.98335
-4.98335
-4.98335
-4.98335
-4.98335
-4.98335
-4.98335
-4.98335
-4.98335
-4.98335
-4.98335
-4.98335
-4.98335
-4.98335
-4.98335
-4.98335
-4.98335
-4.98335
-4.98335
-4.98335
-4.98335
-4.98335
-4.98335
-4.98335
-4.98335
-4.98335
-4.98335
-4.98335
-4.98335
-4.98335
-4.98335
-4.98335
-4.98335
-4.98335
-4.98335
-4.98335
-4.98335
-4.98335
-4.98335
-4.98335
-4.98335
-4.98335
-4.98335
-4.98335
-4.98335
-4.98335
-4.98335
-4.98335
-4.98335
-4.98335
-4.98335
-4.98335
-4.98335
-4.98335
-4.98335
-4.98335
-4.98335
-4.98335
-4.98335
-4.98335
-4.98335
-4.98335
-4.98335
-4.98335
-4.98335
-4.98335
-4.98335
-4.98335
-4.98335
-4.98335
-4.98335
-4.98335
-4.98335
-4.98335
-4.98335
-4.98335
-4.98335
-4.98335
-4.98335
-4.98335
-4.98335
-4.98335
-4.98335
-4.98335
-4.98335
-4.98335
-4.98335
-4.98335
-4.98335
-4.98335
-4.98335
-4.98335
-4.98335
-4.98335
-4.98335
-4.98335
-4.98335
-4.98335
-4.98335
-4.98335
-4.98335
-4.98335
-4.98335
-4.98335
-4.98335
-4.98335
-4.98335
-4.98335
-4.98335
-4.98335
-4.98335
-4.98335
-4.98335
-4.98335
-4.98335
-4.98335
-4.98335
-4.98335
-4.98335
-4.98335
-4.98335
-4.98335
-4.98335
-4.98335
-4.98335
-4.98335
-4.98335
-4.98335
-4.98335
-4.98335
-4.98335
-4.98335
-4.98335
-4.98335
-4.98335
-4.98335
-4.98335
-4.98335
-4.98335
-4.98335
-4.98335
-4.98335
-4.98335
-4.98335
-4.98335
-4.98335
-4.98335
-4.98335
-4.98335
-4.98335
-4.98335
-4.98335
-4.98335
-4.98335
-4.98335
-4.98335
-4.98335
-4.98335
-4.98335
-4.98335
-4.98335
-4.98335
-4.98335
-4.98335
-4.98335
-4.98335
-4.98335
-4.98335
-4.98335
-4.98335
-4.98335
-4.98335
-4.98335
-4.98335
-4.98335
-4.98335
-4.98335
-4.98335
-4.98335
-4.98335
-4.98335
-4.98335
-4.98335
-4.98335
-4.98335
-4.98335
-4.98335
-4.98335
-4.98335
-4.98335
-4.98335
-4.98335
-4.98335
-4.98335
-4.98335
-4.98335
-4.98335
-4.98335
-4.98335
-4.98335
-4.98335
-4.98335
-4.98335
-4.98335
-4.98335
-4.98335
-4.98335
-4.98335
-4.98335
-4.98335
-4.98335
-4.98335
-4.98335
-4.98335
-4.98335
-4.98335
-4.98335
-4.98335
-4.98335
-4.98335
-4.98335
-4.98335
-4.98335
-4.98335
-4.98335
-4.98335
-4.98335
-4.98335
-4.98335
-4.98335
-4.98335
-4.98335
-4.98335
-4.98335
-4.98335
-4.98335
-4.98335
-4.98335
-4.98335
-4.98335
-4.98335
-4.98335
-4.98335
-4.98335
-4.98335
-4.98335
-4.98335
-4.98335
-4.98335
-4.98335
-4.98335
-4.98335
-4.98335
-4.98335
-4.98335
-4.98335
-4.98335
-4.98335
-4.98335
-4.98335
-4.98335
-4.98335
-4.98335
-4.98335
-4.98335
-4.98335
-4.98335
-4.98335
-4.98335
-4.98335
-4.98335
-4.98335
-4.98335
-4.98335
-4.98335
-4.98335
-4.98335
-4.98335
-4.98335
-4.98335
-4.98335
-4.98335
-4.98335
-4.98335
-4.98335
-4.98335
-4.98335
-4.98335
-4.98335
-4.98335
-4.98335
-4.98335
-4.98335
-4.98335
-4.98335
-4.98335
-4.98335
-4.98335
-4.98335
-4.98335
-4.98335
-4.98335
-4.98335
-4.98335
-4.98335
-4.98335
-4.98335
-4.98335
-4.98335
-4.98335
-4.98335
-4.98335
-4.98335
-4.98335
-4.98335
-4.98335
-4.98335
-4.98335
-4.98335
-4.98335
-4.98335
-4.98335
-4.98335
-4.98335
-4.98335
-4.98335
-4.98335
-4.98335
-4.98335
-4.98335
-4.98335
-4.98335
-4.98335
-4.98335
-4.98335
-4.98335
-4.98335
-4.98335
-4.98335
-4.98335
-4.98335
-4.98335
-4.98335
-4.98335
-4.98335
-4.98335
-4.98335
-4.98335
-4.98335
-4.98335
-4.98335
-4.98335
-4.98335
-4.98335
-4.98335
-4.98335
-4.98335
-4.98335
-4.98335
-4.98335
-4.98335
-4.98335
-4.98335
-4.98335
-4.98335
-4.98335
-4.98335
-4.98335
-4.98335
-4.98335
-4.98335
-4.98335
-4.98335
-4.98335
-4.98335
-4.98335
-4.98335
-4.98335
-4.98335
-4.98335
-4.98335
-4.98335
-4.98335
-4.98335
-4.98335
-4.98335
-4.98335
-4.98335
-4.98335
-4.98335
-4.98335
-4.98335
-4.98335
-4.98335
-4.98335
-4.98335
-4.98335
-4.98335
-4.98335
-4.98335
-4.98335
-4.98335
-4.98335
-4.98335
-4.98335
-4.98335
-4.98335
-4.98335
-4.98335
-4.98335
-4.98335
-4.98335
-4.98335
-4.98335
-4.98335
-4.98335
-4.98335
-4.98335
-4.98335
-4.98335
-4.98335
-4.98335
-4.98335
-4.98335
-4.98335
-4.98335
-4.98335
-4.98335
-4.98335
-4.98335
-4.98335
-4.98335
-4.98335
-4.98335
-4.98335
-4.98335
-4.98335
-4.98335
-4.98335
-4.98335
-4.98335
-4.98335
-4.98335
-4.98335
-4.98335
-4.98335
-4.98335
-4.98335
-4.98335
-4.98335
-4.98335
-4.98335
-4.98335
-4.98335
-4.98335
-4.98335
-4.98335
-4.98335
-4.98335
-4.98335
-4.98335
-4.98335
-4.98335
-4.98335
-4.98335
-4.98335
-4.98335
-4.98335
-4.98335
-4.98335
-4.98335
-4.98335
-4.98335
-4.98335
-4.98335
-4.98335
-4.98335
-4.98335
-4.98335
-4.98335
-4.98335
-4.98335
-4.98335
-4.98335
-4.98335
-4.98335
-4.98335
-4.98335
-4.98335
-4.98335
-4.98335
-4.98335
-4.98335
-4.98335
-4.98335
-4.98335
-4.98335
-4.98335
-4.98335
-4.98335
-4.98335
-4.98335
-4.98335
-4.98335
-4.98335
-4.98335
-4.98335
-4.98335
-4.98335
-4.98335
-4.98335
-4.98335
-4.98335
-4.98335
-4.98335
-4.98335
-4.98335
-4.98335
-4.98335
-4.98335
-4.98335
-4.98335
-4.98335
-4.98335
-4.98335
-4.98335
-4.98335
-4.98335
-4.98335
-4.98335
-4.98335
-4.98335
-4.98335
-4.98335
-4.98335
-4.98335
-4.98335
-4.98335
-4.98335
-4.98335
-4.98335
-4.98335
-4.98335
-4.98335
-4.98335
-4.98335
-4.98335
-4.98335
-4.98335
-4.98335
-4.98335
-4.98335
-4.98335
-4.98335
-4.98335
-4.98335
-4.98335
-4.98335
-4.98335
-4.98335
-4.98335
-4.98335
-4.98335
-4.98335
-4.98335
-4.98335
-4.98335
-4.98335
-4.98335
-4.98335
-4.98335
-4.98335
-4.98335
-4.98335
-4.98335
-4.98335
-4.98335
-4.98335
-4.98335
-4.98335
-4.98335
-4.98335
-4.98335
-4.98335
-4.98335
-4.98335
-4.98335
-4.98335
-4.98335
-4.98335
-4.98335
-4.98335
-4.98335
-4.98335
-4.98335
-4.98335
-4.98335
-4.98335
-4.98335
-4.98335
-4.98335
-4.98335
-4.98335
-4.98335
-4.98335
-4.98335
-4.98335
-4.98335
-4.98335
-4.98335
-4.98335
-4.98335
-4.98335
-4.98335
-4.98335
-4.98335
-4.98335
-4.98335
-4.98335
-4.98335
-4.98335
-4.98335
-4.98335
-4.98335
-4.98335
-4.98335
-4.98335
-4.98335
-4.98335
-4.98335
-4.98335
-4.98335
-4.98335
-4.98335
-4.98335
-4.98335
-4.98335
-4.98335
-4.98335
-4.98335
-4.98335
-4.98335
-4.98335
-4.98335
-4.98335
-4.98335
-4.98335
-4.98335
-4.98335
-4.98335
-4.98335
-4.98335
-4.98335
-4.98335
-4.98335
-4.98335
-4.98335
-4.98335
-4.98335
-4.98335
-4.98335
-4.98335
-4.98335
-4.98335
-4.98335
-4.98335
-4.98335
-4.98335
-4.98335
-4.98335
-4.98335
-4.98335
-4.98335
-4.98335
-4.98335
-4.98335
-4.98335
-4.98335
-4.98335
-4.98335
-4.98335
-4.98335
-4.98335
-4.98335
-4.98335
-4.98335
-4.98335
-4.98335
-4.98335
-4.98335
-4.98335
-4.98335
-4.98335
-4.98335
-4.98335
-4.98335
-4.98335
-4.98335
-4.98335
-4.98335
-4.98335
-4.98335
-4.98335
-4.98335
-4.98335
-4.98335
-4.98335
-4.98335
-4.98335
-4.98335
-4.98335
-4.98335
-4.98335
-4.98335
-4.98335
-4.98335
-4.98335
-4.98335
-4.98335
-4.98335
-4.98335
-4.98335
-4.98335
-4.98335
-4.98335
-4.98335
-4.98335
-4.98335
-4.98335
-4.98335
-4.98335
-4.98335
-4.98335
-4.98335
-4.98335
-4.98335
-4.98335
-4.98335
-4.98335
-4.98335
-4.98335
-4.98335
-4.98335
-4.98335
-4.98335
-4.98335
-4.98335
-4.98335
-4.98335
-4.98335
-4.98335
-4.98335
-4.98335
-4.98335
-4.98335
-4.98335
-4.98335
-4.98335
-4.98335
-4.98335
-4.98335
-4.98335
-4.98335
-4.98335
-4.98335
-4.98335
-4.98335
-4.98335
-4.98335
-4.98335
-4.98335
-4.98335
-4.98335
-4.98335
-4.98335
-4.98335
-4.98335
-4.98335
-4.98335
-4.98335
-4.98335
-4.98335
-4.98335
-4.98335
-4.98335
-4.98335
-4.98335
-4.98335
-4.98335
-4.98335
-4.98335
-4.98335
-4.98335
-4.98335
-4.98335
-4.98335
-4.98335
-4.98335
-4.98335
-4.98335
-4.98335
-4.98335
-4.98335
-4.98335
-4.98335
-4.98335
-4.98335
-4.98335
-4.98335
-4.98335
-4.98335
-4.98335
-4.98335
-4.98335
-4.98335
-4.98335
-4.98335
-4.98335
-4.98335
-4.98335
-4.98335
-4.98335
-4.98335
-4.98335
-4.98335
-4.98335
-4.98335
-4.98335
-4.98335
-4.98335
-4.98335
-4.98335
-4.98335
-4.98335
-4.98335
-4.98335
-4.98335
-4.98335
-4.98335
-4.98335
-4.98335
-4.98335
-4.98335
-4.98335
-4.98335
-4.98335
-4.98335
-4.98335
-4.98335
-4.98335
-4.98335
-4.98335
-4.98335
-4.98335
-4.98335
-4.98335
-4.98335
-4.98335
-4.98335
-4.98335
-4.98335
-4.98335
-4.98335
-4.98335
-4.98335
-4.98335
-4.98335
-4.98335
-4.98335
-4.98335
-4.98335
-4.98335
-4.98335
-4.98335
-4.98335
-4.98335
-4.98335
-4.98335
-4.98335
-4.98335
-4.98335
-4.98335
-4.98335
-4.98335
-4.98335
-4.98335
-4.98335
-4.98335
-4.98335
-4.98335
-4.98335
-4.98335
-4.98335
-4.98335
-4.98335
-4.98335
-4.98335
-4.98335
-4.98335
-4.98335
-4.98335
-4.98335
-4.98335
-4.98335
-4.98335
-4.98335
-4.98335
-4.98335
-4.98335
-4.98335
-4.98335
-4.98335
-4.98335
-4.98335
-4.98335
-4.98335
-4.98335
-4.98335
-4.98335
-4.98335
-4.98335
-4.98335
-4.98335
-4.98335
-4.98335
-4.98335
-4.98335
-4.98335
-4.98335
-4.98335
-4.98335
-4.98335
-4.98335
-4.98335
-4.98335
-4.98335
-4.98335
-4.98335
-4.98335
-4.98335
-4.98335
-4.98335
-4.98335
-4.98335
-4.98335
-4.98335
-4.98335
-4.98335
-4.98335
-4.98335
-4.98335
-4.98335
-4.98335
-4.98335
-4.98335
-4.98335
-4.98335
-4.98335
-4.98335
-4.98335
-4.98335
-4.98335
-4.98335
-4.98335
-4.98335
-4.98335
-4.98335
-4.98335
-4.98335
-4.98335
-4.98335
-4.98335
-4.98335
-4.98335
-4.98335
-4.98335
-4.98335
-4.98335
-4.98335
-4.98335
-4.98335
-4.98335
-4.98335
-4.98335
-4.98335
-4.98335
-4.98335
-4.98335
-4.98335
-4.98335
-4.98335
-4.98335
-4.98335
-4.98335
-4.98335
-4.98335
-4.98335
-4.98335
-4.98335
-4.98335
-4.98335
-4.98335
-4.98335
-4.98335
-4.98335
-4.98335
-4.98335
-4.98335
-4.98335
-4.98335
-4.98335
-4.98335
-4.98335
-4.98335
-4.98335
-4.98335
-4.98335
-4.98335
-4.98335
-4.98335
-4.98335
-4.98335
-4.98335
-4.98335
-4.98335
-4.98335
-4.98335
-4.98335
-4.98335
-4.98335
-4.98335
-4.98335
-4.98335
-4.98335
-4.98335
-4.98335
-4.98335
-4.98335
-4.98335
-4.98335
-4.98335
-4.98335
-4.98335
-4.98335
-4.98335
-4.98335
-4.98335
-4.98335
-4.98335
-4.98335
-4.98335
-4.98335
-4.98335
-4.98335
-4.98335
-4.98335
-4.98335
-4.98335
-4.98335
-4.98335
-4.98335
-4.98335
-4.98335
-4.98335
-4.98335
-4.98335
-4.98335
-4.98335
-4.98335
-4.98335
-4.98335
-4.98335
-4.98335
-4.98335
-4.98335
-4.98335
-4.98335
-4.98335
-4.98335
-4.98335
-4.98335
-4.98335
-4.98335
-4.98335
-4.98335
-4.98335
-4.98335
-4.98335
-4.98335
-4.98335
-4.98335
-4.98335
-4.98335
-4.98335
-4.98335
-4.98335
-4.98335
-4.98335
-4.98335
-4.98335
-4.98335
-4.98335
-4.98335
-4.98335
-4.98335
-4.98335
-4.98335
-4.98335
-4.98335
-4.98335
-4.98335
-4.98335
-4.98335
-4.98335
-4.98335
-4.98335
-4.98335
-4.98335
-4.98335
-4.98335
-4.98335
-4.98335
-4.98335
-4.98335
-4.98335
-4.98335
-4.98335
-4.98335
-4.98335
-4.98335
-4.98335
-4.98335
-4.98335
-4.98335
-4.98335
-4.98335
-4.98335
-4.98335
-4.98335
-4.98335
-4.98335
-4.98335
-4.98335
-4.98335
-4.98335
-4.98335
-4.98335
-4.98335
-4.98335
-4.98335
-4.98335
-4.98335
-4.98335
-4.98335
-4.98335
-4.98335
-4.98335
-4.98335
-4.98335
-4.98335
-4.98335
-4.98335
-4.98335
-4.98335
-4.98335
-4.98335
-4.98335
-4.98335
-4.98335
-4.98335
-4.98335
-4.98335
-4.98335
-4.98335
-4.98335
-4.98335
-4.98335
-4.98335
-4.98335
-4.98335
-4.98335
-4.98335
-4.98335
-4.98335
-4.98335
-4.98335
-4.98335
-4.98335
-4.98335
-4.98335
-4.98335
-4.98335
-4.98335
-4.98335
-4.98335
-4.98335
-4.98335
-4.98335
-4.98335
-4.98335
-4.98335
-4.98335
-4.98335
-4.98335
-4.98335
-4.98335
-4.98335
-4.98335
-4.98335
-4.98335
-4.98335
-4.98335
-4.98335
-4.98335
-4.98335
-4.98335
-4.98335
-4.98335
-4.98335
-4.98335
-4.98335
-4.98335
-4.98335
-4.98335
-4.98335
-4.98335
-4.98335
-4.98335
-4.98335
-4.98335
-4.98335
-4.98335
-4.98335
-4.98335
-4.98335
-4.98335
-4.98335
-4.98335
-4.98335
-4.98335
-4.98335
-4.98335
-4.98335
-4.98335
-4.98335
-4.98335
-4.98335
-4.98335
-4.98335
-4.98335
-4.98335
-4.98335
-4.98335
-4.98335
-4.98335
-4.98335
-4.98335
-4.98335
-4.98335
-4.98335
-4.98335
-4.98335
-4.98335
-4.98335
-4.98335
-4.98335
-4.98335
-4.98335
-4.98335
-4.98335
-4.98335
-4.98335
-4.98335
-4.98335
-4.98335
-4.98335
-4.98167
-4.98167
-4.98167
-4.98167
-4.98167
-4.98167
-4.98167
-4.98167
-4.98167
-4.98167
-4.98167
-4.98167
-4.98167
-4.98167
-4.98167
-4.98167
-4.98167
-4.98167
-4.98167
-4.98167
-4.98167
-4.98167
-4.98167
-4.98167
-4.98167
-4.98167
-4.98167
-4.98167
-4.98167
-4.98167
-4.98167
-4.98167
-4.98167
-4.98167
-4.98167
-4.98167
-4.98167
-4.98167
-4.98167
-4.98167
-4.98167
-4.98167
-4.98167
-4.98167
-4.98167
-4.98167
-4.98167
-4.98167
-4.98167
-4.98167
-4.98167
-4.98167
-4.98167
-4.98167
-4.98167
-4.98167
-4.98167
-4.98167
-4.98167
-4.98167
-4.98167
-4.98167
-4.98167
-4.98167
-4.98167
-4.98167
-4.98167
-4.98167
-4.98167
-4.98167
-4.98167
-4.98167
-4.98167
-4.98167
-4.98167
-4.98167
-4.98167
-4.98167
-4.98167
-4.98167
-4.98167
-4.98167
-4.98167
-4.98167
-4.98167
-4.98167
-4.98167
-4.98167
-4.98167
-4.98167
-4.98167
-4.98167
-4.98167
-4.98167
-4.98167
-4.98167
-4.98167
-4.98167
-4.98167
-4.98167
-4.98167
-4.98167
-4.98167
-4.98167
-4.98167
-4.98167
-4.98167
-4.98167
-4.98167
-4.98167
-4.98167
-4.98167
-4.98167
-4.98167
-4.98167
-4.98167
-4.98167
-4.98167
-4.98167
-4.98167
-4.98167
-4.98167
-4.98167
-4.98167
-4.98167
-4.98167
-4.98167
-4.98167
-4.98167
-4.98167
-4.98167
-4.98167
-4.98167
-4.98167
-4.98167
-4.98167
-4.98167
-4.98167
-4.98167
-4.98167
-4.98167
-4.98167
-4.98167
-4.98167
-4.98167
-4.98167
-4.98167
-4.98167
-4.98167
-4.98167
-4.98167
-4.98167
-4.98167
-4.98167
-4.98167
-4.98167
-4.98167
-4.98167
-4.98167
-4.98167
-4.98167
-4.98167
-4.98167
-4.98167
-4.98167
-4.98167
-4.98167
-4.98167
-4.98167
-4.98167
-4.98167
-4.98167
-4.98167
-4.98167
-4.98167
-4.98167
-4.98167
-4.98167
-4.98167
-4.98167
-4.98167
-4.98167
-4.98167
-4.98167
-4.98167
-4.98167
-4.98167
-4.98167
-4.98167
-4.98167
-4.98167
-4.98167
-4.98167
-4.98167
-4.98167
-4.98167
-4.98167
-4.98167
-4.98167
-4.98167
-4.98167
-4.98167
-4.98167
-4.98167
-4.98167
-4.98167
-4.98167
-4.98167
-4.98167
-4.98167
-4.98167
-4.98167
-4.98167
0.247904
0.248449
0.247895
0.247317
0.24673
0.246143
0.245561
0.24498
0.24434
0.243491
0.242841
0.242205
0.24163
0.240992
0.240358
0.239757
0.239196
0.238632
0.23804
0.237528
0.236962
0.236412
0.235882
0.234951
0.234392
0.233812
0.233077
0.232511
0.230786
0.23024
0.229721
0.229187
0.22864
0.228109
0.227561
0.22703
0.226454
0.225942
0.225407
0.224873
0.224417
0.223246
0.222778
0.22225
0.221721
0.221205
0.220715
0.214852
0.214327
0.213798
0.213273
0.212736
0.212219
0.211705
0.211176
0.210666
0.210169
0.20965
0.209122
0.208601
0.208101
0.207579
0.207059
0.206386
0.205899
0.205416
0.204934
0.204451
0.203956
0.203468
0.202989
0.202499
0.202015
0.201512
0.201025
0.200539
0.200068
0.199572
0.199113
0.198638
0.198154
0.19766
0.197185
0.196703
0.196222
0.195736
0.195203
0.194739
0.194272
0.193827
0.193363
0.192919
0.192464
0.191995
0.191547
0.191086
0.190626
0.190156
0.189719
0.189264
0.188796
0.188356
0.187904
0.187443
0.186986
0.186524
0.186061
0.185608
0.185149
0.184683
0.184242
0.183792
0.183364
0.182937
0.182474
0.182048
0.181602
0.181176
0.180732
0.180304
0.17986
0.179418
0.178985
0.178546
0.178068
0.177699
0.177258
0.176835
0.176385
0.175986
0.175561
0.175118
0.174612
0.174194
0.173768
0.173369
0.172944
0.172522
0.172142
0.171714
0.171296
0.170869
0.170449
0.170018
0.169618
0.169209
0.168772
0.168348
0.167914
0.167505
0.167116
0.166699
0.166264
0.165819
0.165412
0.164964
0.164556
0.16415
0.163752
0.163337
0.162935
0.16254
0.162131
0.161717
0.161299
0.160892
0.160476
0.160059
0.159648
0.159238
0.158849
0.158472
0.158066
0.157628
0.157212
0.156806
0.156383
0.155988
0.155569
0.155162
0.154754
0.154357
0.153978
0.15359
0.153192
0.15279
0.152384
0.151993
0.151587
0.151192
0.150818
0.150439
0.150011
0.149604
0.149213
0.148816
0.148425
0.148032
0.147637
0.147251
0.146869
0.146445
0.146059
0.145698
0.145303
0.14491
0.144515
0.14413
0.143722
0.14331
0.142941
0.142558
0.142144
0.141781
0.141394
0.141051
0.14067
0.140281
0.139895
0.139509
0.139132
0.138748
0.138365
0.137976
0.137585
0.137204
0.136819
0.136444
0.136062
0.135671
0.135283
0.134884
0.13451
0.134119
0.133752
0.133371
0.133004
0.132613
0.132235
0.131857
0.13146
0.131094
0.130711
0.130324
0.12995
0.12957
0.129208
0.128844
0.128454
0.128081
0.127681
0.12732
0.126948
0.126564
0.126185
0.125816
0.125436
0.125074
0.124695
0.124306
0.123956
0.123584
0.123213
0.122838
0.122483
0.122112
0.121737
0.121345
0.120976
0.12062
0.120253
0.119891
0.119511
0.119139
0.118769
0.118399
0.118047
0.117675
0.117354
0.116986
0.116613
0.116254
0.115894
0.115509
0.115125
0.114767
0.114395
0.114033
0.113664
0.113325
0.112939
0.112573
0.112214
0.111854
0.111482
0.111116
0.110747
0.110368
0.11001
0.109626
0.109252
0.108892
0.108534
0.108157
0.107799
0.107435
0.107065
0.106706
0.106328
0.105972
0.105622
0.105262
0.104904
0.104539
0.104157
0.103786
0.103419
0.103049
0.102682
0.102328
0.101947
0.101587
0.101217
0.10086
0.100482
0.100117
0.0997453
0.0993778
0.0990222
0.0986767
0.0982958
0.0979264
0.0975717
0.0972058
0.0968547
0.0964926
0.0961407
0.0957752
0.095416
0.0950509
0.0946838
0.0943256
0.0939703
0.0936078
0.0932369
0.0928762
0.0925147
0.0921544
0.0917896
0.091431
0.0910538
0.090693
0.0903479
0.0899795
0.0896573
0.0892905
0.0889377
0.0885785
0.0882164
0.0878573
0.087524
0.0871721
0.0868071
0.0864546
0.0860949
0.0857335
0.0853845
0.0850204
0.0846827
0.08433
0.0839608
0.0836057
0.0832573
0.0829089
0.0825552
0.0821912
0.0818451
0.0814903
0.0811412
0.0807884
0.0804426
0.0800996
0.0797665
0.0794071
0.0790556
0.0787216
0.0783753
0.0780413
0.0777041
0.0773725
0.0770297
0.0766876
0.0763601
0.0760302
0.0756881
0.0753609
0.0750055
0.0746678
0.0743392
0.074004
0.0736678
0.07334
0.0730161
0.0726803
0.0723405
0.0720052
0.0717005
0.0713663
0.0710247
0.070692
0.0703683
0.0700455
0.0697185
0.0693933
0.0690708
0.0687524
0.0684267
0.0681106
0.0677868
0.06746
0.0671296
0.0668229
0.0664935
0.066178
0.0658579
0.0655443
0.0652271
0.0649072
0.064592
0.064292
0.0639597
0.0636219
0.0633174
0.0630119
0.062699
0.0623802
0.0620748
0.061771
0.0614538
0.0611388
0.0608421
0.0605375
0.0602203
0.0599186
0.0596229
0.0593207
0.0590145
0.0587194
0.0584138
0.0581138
0.0578081
0.0575129
0.0572272
0.0569105
0.0566159
0.0563243
0.0560257
0.0557327
0.0554405
0.0551407
0.0548528
0.0545582
0.0542927
0.0539848
0.0536848
0.0534019
0.0531203
0.0528345
0.0525415
0.052252
0.0519693
0.051686
0.0514013
0.0511273
0.0508225
0.0505448
0.0502715
0.0499962
0.0497166
0.0494461
0.0491532
0.0488896
0.0486102
0.0483516
0.0480577
0.0477943
0.0475193
0.0472585
0.0469797
0.0467129
0.0464457
0.0461745
0.0459069
0.0456458
0.0453747
0.0451131
0.0448535
0.0445953
0.044335
0.0440765
0.0438175
0.0435593
0.0433035
0.0430436
0.0427788
0.0425268
0.0422831
0.0420366
0.0417854
0.0415342
0.0412964
0.0410474
0.0408009
0.0405496
0.040321
0.0400846
0.0398481
0.0396037
0.0393736
0.0391378
0.0389022
0.0386576
0.0384179
0.0381802
0.0379678
0.0377368
0.0375062
0.037283
0.0370526
0.0368247
0.0365965
0.0363675
0.0361435
0.0359142
0.0356908
0.0354683
0.0352508
0.0350314
0.0348084
0.034591
0.0343699
0.0341496
0.0339361
0.0337117
0.0335052
0.0332942
0.0330832
0.0328754
0.0326667
0.0324525
0.0322393
0.0320379
0.0318423
0.0316247
0.0314199
0.0312171
0.0310184
0.0308144
0.0306088
0.0304076
0.0302039
0.0300021
0.0298004
0.0296082
0.0294142
0.0292176
0.0290219
0.028831
0.0286355
0.0284386
0.0282455
0.0280479
0.0278624
0.0276742
0.027492
0.0273051
0.0271171
0.0269314
0.0267496
0.0265602
0.0263671
0.0261976
0.0260156
0.0258386
0.0256659
0.0254921
0.02531
0.0251374
0.0249518
0.0247787
0.0246022
0.0244329
0.024258
0.0240933
0.0239295
0.0237585
0.0235952
0.023425
0.0232542
0.0230852
0.0229244
0.0227626
0.0225997
0.0224415
0.0222808
0.0221214
0.0219572
0.0217971
0.0216326
0.0214795
0.0213274
0.0211736
0.0210181
0.0208645
0.0207109
0.0205629
0.0204102
0.0202508
0.0201049
0.019959
0.0198169
0.0196679
0.0195212
0.0193756
0.0192316
0.0190756
0.0189356
0.0187906
0.0186537
0.0185218
0.0183828
0.0182422
0.0181072
0.017975
0.0178332
0.0176973
0.0175533
0.0174233
0.0172959
0.0171637
0.0170312
0.0168992
0.0167697
0.0166359
0.0165071
0.0163696
0.016245
0.016126
0.0160026
0.0158748
0.0157524
0.0156265
0.0155022
0.0153802
0.0152548
0.0151281
0.0150075
0.0148892
0.0147722
0.014653
0.0145288
0.0144079
0.0142908
0.0141746
0.0140534
0.0139374
0.0138237
0.0137108
0.013595
0.0134807
0.0133632
0.0132504
0.0131365
0.0130213
0.0129104
0.0127977
0.0126903
0.0125826
0.0124723
0.0123636
0.0122556
0.0121459
0.0120366
0.011932
0.0118236
0.0117216
0.0116144
0.0115098
0.0114061
0.0112968
0.0111912
0.0110843
0.0109824
0.0108832
0.0107873
0.0106872
0.0105867
0.0104871
0.0103871
0.0102874
0.0101886
0.0100939
0.0100013
0.00990882
0.00981499
0.00971936
0.00962551
0.00953207
0.00943248
0.00933806
0.00925289
0.00916212
0.00907296
0.00898771
0.00889927
0.00880864
0.00872581
0.00863288
0.00854866
0.00846951
0.00838669
0.00830396
0.00822209
0.00814066
0.0080589
0.00797946
0.00788851
0.00781174
0.00773557
0.00765954
0.00757932
0.0075017
0.00742766
0.00734923
0.0072773
0.00720004
0.00712198
0.00705129
0.00698006
0.00690764
0.00683683
0.00677108
0.00669756
0.00662947
0.00655862
0.00648356
0.00641589
0.00634926
0.00628544
0.00621664
0.00615165
0.00608761
0.00602003
0.00595267
0.00588265
0.00581761
0.00575635
0.0056941
0.00562866
0.00556811
0.00550635
0.00544379
0.00538046
0.00531702
0.00525991
0.00519843
0.00514081
0.00508426
0.00502447
0.00496283
0.00490513
0.00484735
0.00478404
0.00472904
0.00467312
0.00461894
0.00456441
0.00450818
0.00445372
0.00439587
0.00434122
0.00428324
0.00423129
0.00417787
0.0041273
0.00407406
0.00402218
0.00397143
0.00391674
0.00386645
0.00381299
0.00376184
0.00371339
0.00366393
0.00361551
0.00356896
0.00351882
0.00347081
0.00342452
0.0033772
0.00332644
0.0032795
0.00323377
0.00319018
0.00314377
0.00310127
0.0030569
0.00301035
0.00296551
0.00292235
0.00287786
0.00283304
0.00279237
0.00274928
0.00270843
0.00266953
0.00262951
0.00258631
0.00254346
0.00250454
0.00246263
0.00241913
0.00238149
0.00234474
0.00230664
0.00226995
0.00222992
0.00219192
0.00215474
0.00211773
0.00208015
0.00204144
0.00200462
0.00197006
0.00193495
0.00190077
0.00186346
0.00182941
0.00179533
0.0017598
0.00172366
0.00168994
0.00165309
0.00161933
0.00158777
0.00155524
0.0015231
0.00149091
0.00145729
0.00142533
0.00139259
0.00136112
0.0013272
0.00129307
0.00126441
0.00123336
0.00120323
0.00117467
0.00114195
0.00111242
0.00108247
0.00105276
0.00102218
0.000991648
0.000962964
0.000934546
0.000906506
0.000878738
0.000848134
0.000821616
0.000793845
0.000766322
0.000738216
0.000710083
0.000689531
0.000653514
0.000627548
0.00059884
0.000573614
0.00054796
0.00052323
0.000498067
0.000472232
0.000443494
0.000426993
0.000393784
0.000368156
0.000345014
0.000321943
0.00029895
0.000274967
0.000249121
0.000226901
0.000201248
0.000178174
0.000152603
0.000130582
0.000109585
8.87565e-05
6.75753e-05
4.5732e-05
2.24239e-05
1.56443e-06
-1.9805e-05
-4.03389e-05
-5.00236e-05
-8.42805e-05
-0.000101494
-0.000120163
-0.00013898
-0.000157498
-0.000176404
-0.000195243
-0.000214071
-0.000233157
-0.000254318
-0.000270091
-0.00028617
-0.00030224
-0.000318311
-0.000335627
-0.000351635
-0.000367526
-0.000385917
-0.00039939
-0.000414905
-0.000415426
-0.000445254
-0.000458271
-0.00047358
-0.000486653
-0.000499807
-0.000512878
-0.0005238
-0.00053658
-0.00055244
-0.00054738
-0.000575903
-0.00058811
-0.000597634
-0.00060556
-0.00061782
-0.000627723
-0.000637723
-0.000647863
-0.000656897
-0.000667197
-0.000657441
-0.000685518
-0.000690136
-0.000697094
-0.000705592
-0.00071218
-0.000718845
-0.00072673
-0.000734305
-0.000740958
-0.000727893
-0.000752207
-0.000755133
-0.000761065
-0.00076487
-0.00076751
-0.000772415
-0.000776092
-0.000779392
-0.000782716
-0.000787652
-0.000776117
-0.000790925
-0.000793178
-0.000793973
-0.000794871
-0.000795541
-0.000795893
-0.000795272
-0.000798256
-0.000798918
-0.000783183
-0.000796497
-0.000796609
-0.000792423
-0.000792532
-0.000790445
-0.000788411
-0.000786357
-0.000784248
-0.000781582
-0.000780399
-0.000774697
-0.000772203
-0.000765474
-0.000763057
-0.000758481
-0.000753898
-0.000749324
-0.000744702
-0.000740156
-0.000722166
-0.000716118
-0.000723775
-0.000716801
-0.000707755
-0.000700944
-0.000695983
-0.000686546
-0.000679652
-0.000674842
-0.000665723
-0.000647802
-0.00065058
-0.000641398
-0.000632367
-0.000623639
-0.000614591
-0.000605474
-0.000598427
-0.000587204
-0.000580318
-0.000568991
-0.00055003
-0.000550454
-0.00053849
-0.00052689
-0.000515686
-0.000505121
-0.00049396
-0.000482962
-0.000471923
-0.000460592
-0.000449501
-0.000429297
-0.000425619
-0.000412719
-0.000399699
-0.000386628
-0.000373687
-0.000360664
-0.000347886
-0.000334875
-0.000321499
-0.000308893
-0.000281973
-0.000281661
-0.000265436
-0.000249763
-0.000234846
-0.000220013
-0.000205663
-0.000190991
-0.000175588
-0.000161596
-0.000146931
-0.000130804
-9.9983e-05
-9.93485e-05
-8.04582e-05
-6.38646e-05
-4.71676e-05
-2.9408e-05
-1.26875e-05
4.66119e-06
2.29191e-05
3.99307e-05
5.664e-05
9.09652e-05
9.21448e-05
0.000113528
0.000132259
0.00015216
0.000171018
0.00019257
0.0002123
0.000231126
0.000251262
0.000269627
0.000289623
0.000329425
0.000336161
0.000357534
0.000379285
0.000402672
0.000424774
0.000446588
0.000467899
0.000490258
0.000511638
0.000533582
0.000555504
0.000594235
0.000603198
0.000628243
0.00065209
0.00067603
0.000700377
0.000727409
0.000751219
0.000775624
0.000799799
0.00082722
0.000866566
0.000891457
0.000905798
0.000931138
0.00095933
0.000985471
0.00101197
0.00103814
0.00106658
0.00108952
0.00111741
0.00114405
0.00118365
0.00121076
0.0012285
0.00125946
0.00128798
0.00131865
0.00134479
0.00137343
0.00140171
0.00143271
0.00145921
0.0014895
0.00151849
0.00156705
0.00158362
0.00161283
0.00164373
0.00167715
0.00170778
0.00173861
0.00177374
0.00180439
0.00183501
0.00186755
0.00189778
0.00194318
0.00196294
0.00199584
0.00203111
0.00206278
0.00209578
0.00213128
0.00216383
0.00219643
0.00222869
0.00226251
0.00229502
0.00234418
0.00238101
0.00239953
0.00243473
0.00247152
0.00250615
0.00254181
0.00257909
0.00261406
0.00264975
0.0026838
0.00272138
0.00275612
0.00280547
0.00284571
0.00286587
0.00290533
0.00294262
0.00297964
0.0030203
0.00305743
0.00309489
0.00313191
0.00317173
0.00320967
0.00324669
0.00328402
0.00334152
0.00336536
0.00340472
0.00344407
0.00348703
0.00352674
0.00356637
0.00360559
0.00364874
0.00368924
0.00372815
0.00376749
0.00380756
0.00384926
0.00390858
0.00393234
0.00397767
0.00401925
0.00406252
0.00410408
0.00414998
0.00419288
0.00423453
0.00427677
0.00432147
0.00436526
0.00440611
0.00444847
0.00451186
0.0045583
0.00457927
0.00462525
0.00467121
0.00471603
0.00476305
0.00480808
0.00485271
0.00490083
0.00494537
0.00498894
0.005035
0.00507994
0.00512687
0.00519284
0.00524052
0.0052668
0.00531786
0.00536683
0.00541483
0.00546291
0.00550984
0.00555634
0.00560432
0.00565598
0.0057031
0.00575003
0.00580052
0.0058486
0.00592203
0.00597058
0.00599997
0.00604975
0.00609968
0.00615289
0.00620693
0.00625769
0.00631042
0.00636121
0.00641034
0.00646121
0.00651479
0.00656628
0.0066155
0.00666695
0.00674339
0.00679599
0.00682667
0.00688241
0.00693603
0.0069895
0.00703918
0.00709306
0.00714973
0.00720225
0.00725532
0.0073072
0.00736122
0.00741639
0.00746929
0.00752059
0.00760174
0.00765807
0.00768986
0.00774539
0.00780425
0.00785769
0.0079144
0.00796949
0.00802732
0.00808626
0.00814256
0.00819783
0.00825743
0.00831281
0.00836833
0.00842397
0.00848322
0.00857449
0.00861308
0.00867034
0.00872884
0.00879163
0.00884893
0.00890772
0.00896551
0.00902675
0.00908668
0.009142
0.00920086
0.00925782
0.00931608
0.00937832
0.0094375
0.009521
0.00958548
0.00962198
0.00968343
0.00974229
0.00980273
0.00986773
0.00992825
0.00998865
0.0100529
0.0101133
0.0101748
0.0102403
0.010299
0.0103616
0.010423
0.0104884
0.0105446
0.0106338
0.0106739
0.0107377
0.0108097
0.0108739
0.0109391
0.0110038
0.0110652
0.0111287
0.0111935
0.0112576
0.0113213
0.0113885
0.0114525
0.0115155
0.0115796
0.011637
0.0117027
0.0118053
0.0118657
0.0119079
0.0119749
0.0120419
0.01211
0.0121793
0.0122496
0.012317
0.0123841
0.0124515
0.0125184
0.012589
0.0126579
0.0127249
0.0127988
0.0128646
0.0129687
0.0130364
0.0131082
0.0131452
0.0132212
0.0132903
0.0133577
0.0134324
0.0135021
0.0135732
0.0136433
0.0137174
0.0137887
0.0138584
0.0139309
0.0140075
0.0140769
0.0141468
0.0142199
0.0143368
0.0144113
0.0144842
0.0145234
0.014596
0.0146753
0.0147457
0.0148197
0.0148997
0.0149743
0.0150536
0.015128
0.0152068
0.015283
0.0153609
0.0154355
0.0155112
0.0155883
0.0156626
0.0157819
0.0158661
0.0159049
0.0159873
0.0160625
0.0161429
0.0162273
0.0163034
0.0163822
0.0164657
0.016547
0.0166312
0.0167105
0.0167907
0.0168788
0.016955
0.0170346
0.0171141
0.0172359
0.0173253
0.0174139
0.0174519
0.0175353
0.0176249
0.0177076
0.017793
0.0178768
0.0179595
0.0180472
0.0181299
0.0182125
0.0182953
0.0183824
0.0184657
0.0185538
0.018638
0.0187207
0.0188526
0.0189367
0.0189874
0.0190757
0.0191622
0.0192542
0.0193381
0.019434
0.019521
0.0196112
0.0197005
0.0197849
0.0198725
0.019965
0.020056
0.0201434
0.0202359
0.0203214
0.0204085
0.0205429
0.020635
0.0206836
0.0207779
0.0208699
0.0209646
0.0210576
0.0211502
0.0212432
0.0213384
0.0214328
0.0215251
0.0216201
0.0217111
0.0218034
0.0218905
0.0219891
0.0220778
0.0221696
0.0223135
0.0224057
0.0224651
0.0225596
0.0226554
0.0227569
0.0228515
0.0229516
0.0230436
0.0231462
0.0232396
0.0233359
0.0234358
0.023536
0.0236377
0.023733
0.0238308
0.0239278
0.0240266
0.0241724
0.0242677
0.0243727
0.0244294
0.0245317
0.0246325
0.0247392
0.0248404
0.0249404
0.025043
0.025143
0.0252523
0.0253549
0.0254581
0.0255591
0.0256581
0.0257616
0.0258684
0.0259673
0.0261145
0.0262222
0.0263289
0.0264369
0.0264902
0.0266017
0.0267076
0.0268187
0.0269239
0.0270316
0.0271344
0.0272443
0.0273534
0.0274598
0.0275646
0.0276729
0.0277792
0.0278871
0.0279932
0.0280996
0.0282626
0.0283755
0.0284853
0.0285446
0.0286616
0.0287766
0.0288865
0.0289918
0.0291084
0.0292217
0.0293331
0.0294461
0.0295583
0.0296734
0.0297844
0.0299001
0.0300137
0.0301271
0.0302415
0.0303481
0.03052
0.0306432
0.0307579
0.0308171
0.0309353
0.0310546
0.03117
0.0312901
0.031402
0.0315149
0.0316344
0.0317552
0.0318747
0.0319917
0.0321088
0.0322368
0.032356
0.0324763
0.0325962
0.0327102
0.0328911
0.0330206
0.0331305
0.0332041
0.0333235
0.033451
0.033572
0.0336989
0.0338194
0.0339484
0.0340695
0.0341869
0.0343118
0.0344393
0.0345621
0.0346884
0.03481
0.0349367
0.0350592
0.035184
0.0353587
0.0354894
0.0356208
0.0356882
0.0358211
0.0359447
0.0360773
0.0362113
0.036341
0.036472
0.0366049
0.0367403
0.0368716
0.0370035
0.0371342
0.0372605
0.0373932
0.0375239
0.037649
0.0377805
0.037973
0.0381161
0.0382511
0.0383204
0.0384622
0.0386009
0.0387371
0.0388731
0.0390119
0.0391503
0.039284
0.0394138
0.0395525
0.0396805
0.0398209
0.0399503
0.0400865
0.0402262
0.0403636
0.0405061
0.0407048
0.0408464
0.041001
0.0410641
0.041207
0.0413571
0.0415011
0.0416461
0.0417899
0.0419294
0.0420626
0.0422124
0.0423547
0.0425002
0.042645
0.0427896
0.042935
0.0430798
0.0432207
0.04337
0.0435862
0.0437392
0.0438173
0.0439685
0.0441161
0.0442684
0.0444144
0.0445678
0.0447205
0.0448629
0.0450136
0.0451619
0.0453146
0.0454718
0.0456192
0.045765
0.0459197
0.0460682
0.0462211
0.0463713
0.0466063
0.0467698
0.0469274
0.0470089
0.0471733
0.0473325
0.0474909
0.0476543
0.0478158
0.0479669
0.0481282
0.0482826
0.0484422
0.0486079
0.0487567
0.0489261
0.0490775
0.0492417
0.049403
0.0495472
0.0497954
0.0499833
0.0501514
0.0502262
0.0503904
0.050549
0.05072
0.0508861
0.0510622
0.051225
0.0514002
0.0515765
0.0517484
0.0519111
0.0520763
0.0522457
0.0524152
0.0525827
0.0527532
0.0530167
0.0531851
0.05337
0.0534446
0.0536197
0.0537992
0.0539675
0.0541452
0.0543271
0.0545058
0.0546823
0.0548646
0.0550406
0.0552218
0.0553985
0.0555824
0.0557607
0.055939
0.0561077
0.0563908
0.0565871
0.0567619
0.0568528
0.0570407
0.0572351
0.0574171
0.0576104
0.057799
0.0579762
0.0581688
0.0583706
0.0585746
0.0587494
0.0589427
0.0591334
0.0593209
0.0595185
0.0597132
0.0599922
0.0601983
0.0604185
0.0605055
0.0607054
0.0608657
0.0610756
0.0612745
0.0614819
0.0616855
0.0618858
0.0620914
0.062276
0.062474
0.0626774
0.0628728
0.0630804
0.063286
0.0634815
0.0636792
0.0640287
0.0641101
0.0643321
0.0645433
0.0647565
0.0649747
0.0652043
0.0654039
0.0656229
0.0658403
0.0660555
0.0662687
0.066485
0.0667009
0.0669185
0.0671446
0.067349
0.0675649
0.0679596
0.0681916
0.0682708
0.0684987
0.0687272
0.0689637
0.0691934
0.069432
0.0696736
0.0699262
0.0701567
0.0703836
0.0705939
0.070844
0.0710725
0.0713027
0.0715362
0.0717723
0.0722081
0.072283
0.0725457
0.0727949
0.0730552
0.0733024
0.0735843
0.0738465
0.0740959
0.0743352
0.0745938
0.07486
0.0751207
0.0753585
0.0756171
0.0758697
0.0763594
0.0766479
0.0767311
0.076983
0.0772856
0.0775601
0.0778413
0.078115
0.0783931
0.0786615
0.0789525
0.0792347
0.0795214
0.0797893
0.080065
0.0803351
0.0808236
0.0809444
0.0812314
0.0815327
0.0818396
0.0821357
0.0824541
0.0827657
0.0830745
0.0833759
0.0836834
0.0839995
0.0843046
0.084565
0.0849382
0.0853921
0.0855059
0.08583
0.0861667
0.0864904
0.0868229
0.0871513
0.0874868
0.0878475
0.0881887
0.088513
0.0888433
0.0891683
0.0895035
0.0899257
0.0901735
0.0905416
0.0908925
0.0912811
0.0916007
0.0919272
0.0922204
0.0925682
0.0928897
0.0932805
0.0936454
0.0939977
0.0943372
0.0947132
0.0950846
0.0954672
0.0958711
0.0962759
0.0966605
0.09707
0.0974672
0.0978502
0.0982517
0.0986378
0.0990313
0.0994742
0.0998625
0.10029
0.100686
0.101132
0.101567
0.101996
0.102424
0.102859
0.103297
0.103732
0.104164
0.104607
0.105033
0.105822
0.10597
0.106468
0.106921
0.107403
0.107892
0.108374
0.108869
0.10934
0.109889
0.110369
0.110856
0.118052
0.118458
0.119018
0.119517
0.119912
0.120642
0.121212
0.121804
0.122562
0.123128
0.127085
0.127535
0.127864
0.128198
0.128579
0.129064
0.129681
0.13029
0.131035
0.131741
0.131833
0.132071
0.132449
0.132919
0.133466
0.13412
0.134845
0.134651
0.135116
0.135624
0.13631
0.136918
0.13768
0.138323
0.139131
0.140059
0.141084
0.142169
0.143387
0.144563
0.145783
0.146926
0.148179
0.14935
0.150856
0.152244
0.15377
0.155294
0.156883
0.158419
0.160321
0.161764
0.163502
0.165313
0.167499
0.16928
0.171084
0.173429
0.17554
0.177822
0.180459
0.182485
0.185396
0.187425
0.190984
0.19287
0.196732
0.199017
0.201669
0.205205
0.207977
0.211836
0.215489
0.218767
0.22374
0.226843
0.230916
0.235985
0.240289
0.245049
0.250871
0.255254
0.259328
0.26525
0.272266
0.277733
0.283777
0.292059
0.299795
0.305087
0.311856
