0.182399
0.149236
0.149236
0.165818
0.149236
0.165818
0.165818
0.149236
0.165818
0.165818
0.165818
0.165818
0.165818
0.182399
0.182399
0.165818
0.182399
0.182399
0.182399
0.198981
0.182399
0.198981
0.198981
0.198981
0.215563
0.215563
0.215563
0.232145
0.248727
0.232145
0.248727
0.265308
0.265308
0.28189
0.298472
0.315054
0.315054
0.348217
0.364799
0.364799
0.414544
0.431126
0.464289
0.497453
0.530617
0.596944
0.663271
0.713016
0.762761
0.829088
0.878834
0.895415
0.928579
0.945161
0.961742
0.928579
0.878834
0.84567
0.829088
0.795925
0.762761
0.729598
0.679852
0.663271
0.630107
0.613525
0.596944
0.56378
0.547198
0.547198
0.514035
0.480871
0.464289
0.464289
0.447708
0.431126
0.414544
0.381381
0.381381
0.381381
0.348217
0.348217
0.331635
0.315054
0.331635
0.298472
0.298472
0.265308
0.28189
0.265308
0.265308
0.248727
0.248727
0.232145
0.215563
0.215563
0.215563
0.198981
0.182399
0.165818
0.182399
0.165818
0.149236
0.132654
0.165818
0.116072
0.116072
0.132654
0.116072
0.116072
0.0829088
0.0994906
0.0994906
0.0829088
0.0663271
0.0829088
0.0663271
0.0663271
0.0497453
