-4.98344
-4.98343
-4.98336
-4.98345
-4.98345
-4.98338
-4.9834
-4.98338
-4.98345
-4.98337
-4.98335
-4.98344
-4.98341
-4.98342
-4.98336
-4.9834
-4.9834
-4.98344
-4.98336
-4.98345
-4.98344
-4.98339
-4.98336
-4.9834
-4.98337
-4.9834
-4.98339
-4.9834
-4.98336
-4.98343
-4.98342
-4.98338
-4.98342
-4.98338
-4.98344
-4.98335
-4.98341
-4.9834
-4.98343
-4.98339
-4.9834
-4.98336
-4.98341
-4.98343
-4.98344
-4.98341
-4.98343
-4.98336
-4.98337
-4.98339
-4.98338
-4.98342
-4.98341
-4.98338
-4.98338
-4.9834
-4.9834
-4.98336
-4.98344
-4.98341
-4.98341
-4.98343
-4.98339
-4.98338
-4.98338
-4.98337
-4.98339
-4.98341
-4.98342
-4.98337
-4.98345
-4.98337
-4.98343
-4.98342
-4.98339
-4.98338
-4.98339
-4.98344
-4.98339
-4.98343
-4.98339
-4.9834
-4.98341
-4.98341
-4.98344
-4.98338
-4.98336
-4.9834
-4.98339
-4.98342
-4.98345
-4.98336
-4.98337
-4.98345
-4.98341
-4.98338
-4.98345
-4.98336
-4.98345
-4.9834
-4.98339
-4.98342
-4.98342
-4.98337
-4.98343
-4.9834
-4.98344
-4.98339
-4.98335
-4.98345
-4.98338
-4.98344
-4.98339
-4.98335
-4.98342
-4.98336
-4.98341
-4.98343
-4.98343
-4.98338
-4.98335
-4.98337
-4.98337
-4.98338
-4.98343
-4.98341
-4.98343
-4.98338
-4.98339
-4.98338
-4.9834
-4.98335
-4.98338
-4.98336
-4.98344
-4.98344
-4.98342
-4.98337
-4.98336
-4.9834
-4.98341
-4.98343
-4.98336
-4.98341
-4.98337
-4.98338
-4.98344
-4.98339
-4.9834
-4.98342
-4.98345
-4.9834
-4.98344
-4.98342
-4.98343
-4.98335
-4.98345
-4.98342
-4.98341
-4.98336
-4.98339
-4.98337
-4.98336
-4.98342
-4.98345
-4.98338
-4.98343
-4.98344
-4.98339
-4.98337
-4.98336
-4.98337
-4.9834
-4.98339
-4.98338
-4.98338
-4.98341
-4.98345
-4.98345
-4.9834
-4.98337
-4.98338
-4.98338
-4.98342
-4.98343
-4.98336
-4.98343
-4.98339
-4.98336
-4.98344
-4.98344
-4.98342
-4.98342
-4.98343
-4.9834
-4.98343
-4.98341
-4.98339
-4.98336
-4.98343
-4.9834
-4.98339
-4.98336
-4.98336
-4.98338
-4.98336
-4.98341
-4.98337
-4.98336
-4.98341
-4.98344
-4.98343
-4.98338
-4.98337
-4.9834
-4.98336
-4.98344
-4.98335
-4.98343
-4.98339
-4.98339
-4.98335
-4.98337
-4.9834
-4.98337
-4.98342
-4.98338
-4.98339
-4.9834
-4.98337
-4.9834
-4.98338
-4.98342
-4.98338
-4.98341
-4.98339
-4.98342
-4.98339
-4.98336
-4.98339
-4.98344
-4.98338
-4.98343
-4.98338
-4.98338
-4.9834
-4.98341
-4.98344
-4.98342
-4.98336
-4.98339
-4.98343
-4.98339
-4.98336
-4.98338
-4.98345
-4.98338
-4.98342
-4.98336
-4.98338
-4.98341
-4.98342
-4.9834
-4.98343
-4.98335
-4.98344
-4.9834
-4.98338
-4.98337
-4.98339
-4.98344
-4.98338
-4.98343
-4.98338
-4.98342
-4.98337
-4.98343
-4.98338
-4.98337
-4.98336
-4.98337
-4.98341
-4.98339
-4.98343
-4.98345
-4.98338
-4.98342
-4.98341
-4.98344
-4.98342
-4.98337
-4.98341
-4.98336
-4.98337
-4.98342
-4.98344
-4.98338
-4.98343
-4.98336
-4.98336
-4.98344
-4.98339
-4.98337
-4.98335
-4.98343
-4.98343
-4.98336
-4.98336
-4.98339
-4.98345
-4.98339
-4.98344
-4.98336
-4.98342
-4.98335
-4.98341
-4.9834
-4.9834
-4.98336
-4.98338
-4.98345
-4.98342
-4.98338
-4.98345
-4.9834
-4.98344
-4.98344
-4.98335
-4.98342
-4.9834
-4.9834
-4.98337
-4.9834
-4.98338
-4.98342
-4.98341
-4.98339
-4.98345
-4.98343
-4.98338
-4.98344
-4.98342
-4.9834
-4.98344
-4.98344
-4.98336
-4.9834
-4.98338
-4.98343
-4.98339
-4.98336
-4.98341
-4.98337
-4.98338
-4.98336
-4.98343
-4.9834
-4.98344
-4.98339
-4.98343
-4.98344
-4.98343
-4.98336
-4.9834
-4.9834
-4.98343
-4.98335
-4.98336
-4.98337
-4.9834
-4.98337
-4.98337
-4.98343
-4.98343
-4.98343
-4.98342
-4.98342
-4.98345
-4.9834
-4.98338
-4.98344
-4.98343
-4.98335
-4.98342
-4.9834
-4.98339
-4.98337
-4.98341
-4.98337
-4.98344
-4.98336
-4.98335
-4.98343
-4.98345
-4.98343
-4.9834
-4.98338
-4.98335
-4.98338
-4.98343
-4.98336
-4.98336
-4.98342
-4.98342
-4.98338
-4.9834
-4.98337
-4.98338
-4.98342
-4.98335
-4.98335
-4.98337
-4.98344
-4.98341
-4.98339
-4.98345
-4.98339
-4.98343
-4.98343
-4.98344
-4.9834
-4.98342
-4.98341
-4.98339
-4.9834
-4.98343
-4.98343
-4.98337
-4.9834
-4.98342
-4.98336
-4.98341
-4.98345
-4.98335
-4.98337
-4.98335
-4.98344
-4.98343
-4.98343
-4.98344
-4.9834
-4.98339
-4.98337
-4.98339
-4.98341
-4.98337
-4.9834
-4.9834
-4.98339
-4.98339
-4.98345
-4.98343
-4.98338
-4.98336
-4.98338
-4.9834
-4.98335
-4.98341
-4.9834
-4.98338
-4.98343
-4.98344
-4.98336
-4.98341
-4.98343
-4.98335
-4.98338
-4.98341
-4.98343
-4.98335
-4.98338
-4.98339
-4.98345
-4.98338
-4.98338
-4.98339
-4.98343
-4.98335
-4.98343
-4.98343
-4.98337
-4.9834
-4.98341
-4.98341
-4.98339
-4.98344
-4.9834
-4.98336
-4.98338
-4.98343
-4.98338
-4.98343
-4.98336
-4.9834
-4.98343
-4.98344
-4.98339
-4.98343
-4.98343
-4.98341
-4.98344
-4.98342
-4.98338
-4.98339
-4.9834
-4.98345
-4.98339
-4.98338
-4.9834
-4.98338
-4.98345
-4.98341
-4.98345
-4.98336
-4.98342
-4.98341
-4.98339
-4.98338
-4.98344
-4.9834
-4.9834
-4.98338
-4.98341
-4.98342
-4.9834
-4.98343
-4.98342
-4.98339
-4.98345
-4.98336
-4.98342
-4.98337
-4.98345
-4.98342
-4.98337
-4.98344
-4.98344
-4.98339
-4.98341
-4.98339
-4.98339
-4.98343
-4.98338
-4.98343
-4.98343
-4.98342
-4.98338
-4.98337
-4.98343
-4.98345
-4.98335
-4.98336
-4.98343
-4.9834
-4.98336
-4.98342
-4.98345
-4.98339
-4.98342
-4.98338
-4.98337
-4.98342
-4.98343
-4.9834
-4.98335
-4.98343
-4.98336
-4.98343
-4.98337
-4.98344
-4.98338
-4.9834
-4.98342
-4.98335
-4.9834
-4.98338
-4.98335
-4.98344
-4.98341
-4.98344
-4.98338
-4.98339
-4.98344
-4.98343
-4.98344
-4.98338
-4.98336
-4.9834
-4.98344
-4.98344
-4.98342
-4.98343
-4.98339
-4.98342
-4.98336
-4.98337
-4.98337
-4.98338
-4.98343
-4.98338
-4.98344
-4.98345
-4.98342
-4.9834
-4.98344
-4.98337
-4.98343
-4.98338
-4.98344
-4.98336
-4.98343
-4.98337
-4.98343
-4.98336
-4.98336
-4.98342
-4.98343
-4.98339
-4.98337
-4.98344
-4.98341
-4.98337
-4.98341
-4.98339
-4.98337
-4.98344
-4.98342
-4.98338
-4.98344
-4.98335
-4.98345
-4.98341
-4.98337
-4.98337
-4.98341
-4.98336
-4.98344
-4.9834
-4.98342
-4.98345
-4.9834
-4.98341
-4.98338
-4.9834
-4.9834
-4.98344
-4.98339
-4.98339
-4.98338
-4.98338
-4.98344
-4.98343
-4.98339
-4.98338
-4.98345
-4.98345
-4.98339
-4.98337
-4.98342
-4.98339
-4.98341
-4.98335
-4.98344
-4.98344
-4.98338
-4.98335
-4.98343
-4.98339
-4.98341
-4.9834
-4.98335
-4.98336
-4.98336
-4.98345
-4.98339
-4.98336
-4.98336
-4.98344
-4.98336
-4.9834
-4.9834
-4.98339
-4.98337
-4.98345
-4.9834
-4.98345
-4.98338
-4.98343
-4.98344
-4.98343
-4.98344
-4.9834
-4.98342
-4.9834
-4.98341
-4.98344
-4.98336
-4.98345
-4.98342
-4.98345
-4.98339
-4.98339
-4.98341
-4.98344
-4.98335
-4.98344
-4.98339
-4.98343
-4.98344
-4.98338
-4.98336
-4.98343
-4.98339
-4.98344
-4.98336
-4.98342
-4.98342
-4.98336
-4.98337
-4.98336
-4.98336
-4.98336
-4.9834
-4.98343
-4.98335
-4.98338
-4.98341
-4.98341
-4.98341
-4.98339
-4.98341
-4.98341
-4.9834
-4.9834
-4.98341
-4.98343
-4.98343
-4.98338
-4.98337
-4.98338
-4.98337
-4.98343
-4.98337
-4.98343
-4.98338
-4.98336
-4.98336
-4.9834
-4.98339
-4.98338
-4.98345
-4.98335
-4.98341
-4.98342
-4.98339
-4.98343
-4.98339
-4.98341
-4.98338
-4.98337
-4.98338
-4.98335
-4.98345
-4.98342
-4.98342
-4.98337
-4.98345
-4.98341
-4.9834
-4.9834
-4.98336
-4.98336
-4.98345
-4.98344
-4.98337
-4.98335
-4.98343
-4.98344
-4.98336
-4.98341
-4.98338
-4.9834
-4.98338
-4.98336
-4.9834
-4.9834
-4.98341
-4.98337
-4.98344
-4.98338
-4.98344
-4.98341
-4.98344
-4.98341
-4.98343
-4.98341
-4.98344
-4.98343
-4.98337
-4.98339
-4.98341
-4.98336
-4.98335
-4.98337
-4.98336
-4.98345
-4.98339
-4.98342
-4.98344
-4.98342
-4.98339
-4.98337
-4.98341
-4.9834
-4.98338
-4.98338
-4.98337
-4.98338
-4.98343
-4.98345
-4.98344
-4.9834
-4.98345
-4.98339
-4.98341
-4.9834
-4.98344
-4.98339
-4.98344
-4.98336
-4.98337
-4.98343
-4.98339
-4.98336
-4.98343
-4.98344
-4.98337
-4.98345
-4.98339
-4.98342
-4.98339
-4.98337
-4.98335
-4.98335
-4.98336
-4.9834
-4.98337
-4.9834
-4.98338
-4.98337
-4.98336
-4.98342
-4.98344
-4.98342
-4.98337
-4.98339
-4.98335
-4.98336
-4.98339
-4.98339
-4.9834
-4.98344
-4.98338
-4.9834
-4.98336
-4.98345
-4.98344
-4.98341
-4.9834
-4.98343
-4.98341
-4.98343
-4.98341
-4.98341
-4.98342
-4.9834
-4.98344
-4.98342
-4.98336
-4.98343
-4.98337
-4.98338
-4.98339
-4.98338
-4.98343
-4.98341
-4.98341
-4.98336
-4.98344
-4.98341
-4.98338
-4.98336
-4.98336
-4.98336
-4.98342
-4.98342
-4.98336
-4.9834
-4.9834
-4.98337
-4.98339
-4.98344
-4.98337
-4.98342
-4.98337
-4.98336
-4.98342
-4.98343
-4.98338
-4.98339
-4.98341
-4.98335
-4.98337
-4.98336
-4.98345
-4.98345
-4.98338
-4.98342
-4.98344
-4.98335
-4.98338
-4.98336
-4.98343
-4.9834
-4.98344
-4.98345
-4.98343
-4.9834
-4.9834
-4.98336
-4.98342
-4.9834
-4.98337
-4.98337
-4.98336
-4.98343
-4.98341
-4.98342
-4.98337
-4.98339
-4.98344
-4.98338
-4.98338
-4.98342
-4.9834
-4.98341
-4.98337
-4.98342
-4.98344
-4.98337
-4.98341
-4.98336
-4.98344
-4.98343
-4.98344
-4.98336
-4.98344
-4.98336
-4.98341
-4.98345
-4.98344
-4.98337
-4.98339
-4.98345
-4.98336
-4.9834
-4.98345
-4.98343
-4.98345
-4.98341
-4.98343
-4.9834
-4.98342
-4.98337
-4.98341
-4.98343
-4.98342
-4.9834
-4.98337
-4.98339
-4.98341
-4.98342
-4.98335
-4.98337
-4.98338
-4.98335
-4.9834
-4.98339
-4.98337
-4.9834
-4.98342
-4.98343
-4.98335
-4.98335
-4.98342
-4.98344
-4.98337
-4.98335
-4.98339
-4.98342
0.00139759
0.0321013
-0.000794046
-0.000687504
1.00043
1.00113
0.0139035
1.00096
0.0546844
0.0168075
1.00022
1.00093
0.000261847
1.00071
1.00028
0.0543523
1.00172
0.0115594
0.00100544
1.00004
0.104639
1.00054
0.0687914
1.00028
0.0057684
0.879573
1.00157
1.00001
1.00107
1.00068
0.00594907
0.328933
0.0133621
0.010637
1.00077
1.00108
0.000609501
1.00184
0.0081197
1.0007
0.633524
1.00157
1.00141
0.0167998
0.00163052
1.00117
1.00102
-0.000731545
0.00114198
1.00038
1.00186
-0.000791518
1.00137
1.00134
1.00118
1.00093
0.0420864
1.00095
1.0019
-0.000791987
1.00178
1.00087
1.00008
0.00538051
1.00051
1.00091
0.537871
1.00046
0.130353
0.137432
1.00187
0.00855749
1.00144
1.00033
1.00156
0.00891694
0.0523679
-0.00074635
0.975067
1.00153
0.0537377
0.00227156
0.0152767
0.0106388
0.246241
1.00173
1.00074
0.0164983
1.00111
-0.000779635
0.0110167
1.00185
0.00161067
1.00084
1.00002
1.00056
1.00121
1.00046
-0.000797703
0.515564
1.00075
0.0148351
1.00103
1.00096
0.091372
-0.000792103
1.00099
0.0444927
1.00173
-0.000300027
-0.000545942
0.779186
1.00153
1.00111
0.00456442
1.00002
0.0183299
-0.000187761
0.00369864
1.00025
1.00105
0.264815
1.00003
1.00051
0.0135204
0.37272
1.00118
1.00178
1.00055
1.00094
1.00005
0.0528067
0.957193
0.238946
1.00108
0.0157471
0.00136887
0.8195
0.0178021
0.320532
0.113307
-0.000717316
1.00043
0.00132763
1.00004
0.791702
1.00181
0.0237657
1.00075
0.00862678
1.00005
0.476623
1.00073
0.0130138
0.000691053
1.00012
0.00261636
-0.000551097
1.00035
1.00003
1.00129
0.00110011
1.00023
1.00044
1.0018
0.746454
0.0245958
0.470993
1.0013
1.00108
0.00387866
0.00373694
1.00074
-0.00064823
-0.000129957
0.00101093
-0.000639124
-0.000783103
1.00045
0.00497662
-0.000155259
-0.000163149
0.155316
-0.000677594
0.0032473
1.00074
1.00101
1.00161
1.00182
0.919102
1.00011
1.00185
0.0011226
1.00185
1.0015
1.00046
0.00454716
1.00081
1.00141
1.00044
0.152829
1.00066
0.0016033
0.769847
1.00063
1.0009
0.030824
1.00158
-0.000145707
0.0875513
0.000263126
1.00158
0.0176982
1.00068
-0.000551921
1.00054
0.00679813
0.684704
0.00130163
0.0158642
1.00105
0.00770511
0.014164
0.0118545
0.0194417
1.00092
0.0547551
1.0015
0.199809
0.00914802
1.00153
1.00002
0.0541515
0.383606
1.00086
0.00472295
0.0195284
0.00110141
1.00171
1.00132
1.00074
1.0017
-0.000762131
1.00075
0.0110367
0.0591299
0.154871
1.00026
-0.000551576
0.304768
0.28134
1.00126
0.0349369
1.00063
0.00169785
1.00078
1.00175
0.901299
0.00288836
0.000892557
0.632787
0.299396
1.00072
1.00108
0.00114295
-0.000630501
1.00101
0.0109168
1.00132
1.00077
0.0182274
0.00168702
0.986908
1.00087
0.802135
0.137223
1.00147
1.00155
0.00349886
0.190198
0.535887
1.00112
0.0199842
1.00025
1.00024
0.0119753
1.00082
1.00075
1.00182
0.00102841
1.00046
0.0229533
1.00113
0.00509527
1.00136
1.00116
0.00138615
0.0512154
1.00117
1.00028
0.417888
1.001
1.00156
0.0342239
0.0024508
0.00220699
-0.000790142
0.00474312
0.0113181
0.591032
1.00134
-0.000327996
0.0176243
1.00104
1.0007
0.420644
0.00794604
-0.000782806
1.00035
0.00663385
0.733955
0.00672365
0.00883952
0.0242799
0.052891
0.0108537
1.00052
1
0.674101
0.646165
0.00459295
1.00102
0.00101822
1.00146
1.00002
0.000125158
0.005326
0.0258345
0.00457846
0.0167049
0.00530119
0.000559849
1.00053
-8.79696e-05
1.00102
1.00026
1.00077
1.00157
0.132414
1.0004
0.135944
0.681073
0.0344441
0.992166
1.00094
0.024744
0.000852415
0.0024352
1.00091
1.00165
0.000413056
1.00013
-0.000177087
1.0013
1.00077
0.012453
0.0801348
0.264344
1.00148
1.00082
0.0658667
0.0115438
0.00164258
0.00665094
1.00045
0.0207943
0.0106978
1.00123
0.251393
1.00107
1.00183
1.00155
0.474457
0.305218
1.00191
1.00018
1.00047
1.00003
0.0107186
1.00081
0.109472
1.00075
1.0009
0.0138058
0.00318888
1.00117
1.00091
-0.000553885
0.142347
0.134219
0.0082892
-0.000144552
0.352506
0.00181776
1.00086
1.0017
0.00706611
0.0164023
0.0798128
1.00101
0.0065181
0.00377369
1.00039
0.00998503
0.777513
0.0106946
0.183444
1.00071
0.0122714
0.0128296
0.512908
1.00097
1.00038
1.00011
1.00032
0.0140531
0.290431
0.261538
-0.000793062
0.00617358
0.000827431
1.0014
1.00005
0.602185
0.0693258
0.0413903
0.0394678
1.001
1.00131
0.27988
1.00083
1.00031
0.0708983
0.00885715
0.000260792
0.0988884
0.00399728
0.0153186
0.0240182
0.145141
1.00156
0.247042
0.000487486
0.26242
0.000450185
1.00074
1.00099
1.00084
0.00957427
0.168968
1.00015
1.00066
1.00181
1.00108
1.00028
1.00084
0.00542015
0.017785
1.00073
0.00559284
0.00581188
1.00191
1.00104
0.345831
1.00013
1.00155
1.00026
1.00171
1.00098
0.174928
0.00683816
1.001
1.00098
0.308559
-0.000269311
1.00158
0.0286485
0.14866
1.00115
-0.000667914
0.356533
1.00072
1.00132
0.0203906
0.0604611
1.00101
1.00065
0.00180426
0.0663998
1.00043
1.00119
1.00067
1.00128
0.110564
1.0005
1.0007
0.00129478
-0.000774647
0.00206105
0.0248995
1.00002
1.00063
0.951283
1.00072
1.00074
1.00068
0.576832
0.016254
1.00071
1.0015
1.00028
1.00061
0.811664
0.838085
0.871599
-0.000713509
0.0307379
1.00061
1.00085
1.00095
1.00168
1.00069
0.00775739
0.0541977
1.0018
0.0535673
1.00044
1.00102
1.0007
1.00109
0.0440221
1.00017
1.00019
0.339177
0.0253602
1.00194
1.00111
0.0131845
0.228686
-3.66842e-05
1.00092
0.740911
1.00071
0.821458
0.144875
0.369222
0.300112
0.0221615
0.0569019
1.00117
0.0664038
1.00084
-0.000794536
0.00514555
0.0110795
0.951419
0.00869837
1.0007
0.000974624
1.00042
0.0159513
0.906328
0.00168261
0.923325
0.00313924
0.024568
1.00174
1.00072
1.00047
1.00158
0.00159025
1.00193
0.0137025
1.00188
0.0106918
0.0221576
0.952949
1.00119
1.00157
0.00485323
0.000912134
1.00074
1.0004
1.00113
0.292311
0.00217101
-0.000795438
0.0117444
0.000343668
0.199363
1.00156
1.00031
0.454585
0.086243
1.00032
0.0893278
1.00056
1.00035
0.368861
0.0157513
0.153494
1.00002
0.812642
1.00007
1.00092
0.907772
1.00082
1.0015
0.00265338
0.0272878
1.00154
1.00152
0.0143136
0.000490373
0.200895
0.000681134
1.00138
1
0.222996
0.00177367
0.0008866
0.539899
0.803302
0.000842354
0.0589593
-0.000773473
1.00181
-0.000322025
1.00101
1.001
0.0690057
1.00184
0.00194896
0.0148381
1.00175
0.00162886
1.00186
0.996848
0.0333432
1.00113
0.0174721
0.197794
9.82059e-05
1.00071
1.00087
1.00137
0.0546055
0.41775
0.640156
0.00217174
0.537127
0.0211194
0.474935
0.0431898
0.219295
0.691948
1.00118
0.0218588
1.00114
1.00081
1.00105
1.00163
0.0160604
0.0575525
1.00026
1.00104
1.00124
0.00793163
0.00493692
0.0162222
0.0943435
0.789532
-0.000139109
1.00033
1.00012
1.0008
0.0419806
1.00071
0.709334
0.624711
1.00145
0.0169243
0.00188032
1.00048
0.175338
1.00082
1.00105
0.945533
-0.000285002
1.00024
1.00066
0.0120162
1.00188
1.00083
1.00099
1.00055
1.00091
1.00068
-8.36032e-05
1.00062
0.392066
0.487845
0.432779
1.00091
0.218747
1.00181
0.671645
0.00488329
1.00044
0.0107932
1.00155
-0.000798163
1.00082
5.13342e-05
0.149541
0.173088
0.364025
1.00098
0.00120106
1.00028
0.000685567
0.00391663
0.388045
1.00037
0.0335422
1.00127
1.00111
-0.000197644
1.00068
1.00103
0.00255016
0.00287159
0.00380128
-0.000191293
0.00665524
0.915533
0.00028561
-0.000639377
1.0014
0.00703946
1.00076
0.318136
1.00003
0.0314953
0.015413
1.00056
0.00077481
0.00888835
0.287711
0.0116691
0.0307514
0.00265597
6.0677e-05
-0.000511921
1.00102
0.00407465
0.00182374
0.0342021
0.00695393
0.0991107
0.0314101
1.00035
1.00084
1.00114
1.00052
0.0242539
-9.7452e-05
0.680846
-0.000441817
1.00164
0.00262667
1.00186
1.00178
1.00089
-0.000717005
1.00148
1.00121
-0.000412071
1.00143
-0.00075948
0.0161903
0.924268
1.00165
0.00495427
0.00172886
1.00004
0.296047
0.896438
0.285586
0.197621
1.00012
0.00838074
0.0212034
1.00157
1.00044
0.021142
1
-0.000103453
-0.000358277
1.00185
1.00186
1.00187
1.00191
0.00219508
0.172328
0.00444681
1.00037
0.119532
0.0165839
2.87547e-05
0.00737875
0.0317504
0.00817486
0.00409675
1.00061
0.000872777
0.0124491
0.722069
0.00265886
1.00127
1.00045
0.0603561
1.00037
1.00027
0.00559099
0.00290785
1.00175
1.00072
1.0017
0.00155285
1.00105
-0.000764542
1.00129
9.80608e-05
0.0062158
1.00188
0.00652161
0.0534842
0.00322993
0.576295
0.0698924
0.000950992
1.00178
1.00085
0.368443
1.00088
1.00071
1.00109
1.00075
1.00131
0.00819913
0.006228
0.0192213
0.00770999
0.00370479
1.00014
1.00013
0.554512
1.00068
1.00192
0.0268397
1.00072
0.13119
-0.000773599
1.00074
0.0113294
1.00008
0.000237129
1.00052
1.00032
0.00373126
0.490613
1.00082
0.00223582
0.000899528
0.000961963
0.0305446
1.00078
1.00054
1.00108
4.75287e-05
0.734219
0.433287
-0.000193935
1.00021
0.480694
1.00058
0.00341981
0.000257462
0.00226228
0.100404
-0.00058735
-5.88268e-06
1.00092
0.00366504
-0.000739787
1.00071
0.0214417
1.00193
1.00046
0.508349
1.00097
1.0008
0.0586535
0.908751
0.0334892
1.0008
1.0008
0.00086821
-0.000518683
0.00788609
1.00009
1.00008
0.340038
-0.000603039
0.00217496
0.00522218
0.0248034
1.00073
1.00002
1.00107
1.00193
0.0852422
0.548192
1.00182
0.0131156
1.00055
0.000503171
1.00181
0.00228618
0.0575269
1.00057
0.15655
1.00004
0.058864
0.00121599
0.00656072
0.0160255
0.000331865
0.0190883
0.00302548
1.00094
1.00155
0.00429453
1.0016
1.0003
1.00026
0.0128821
0.00412521
0.00193915
1.00115
-0.000786289
0.001173
0.00525123
1.00098
1.00187
1.00138
1.00023
0.80436
0.0267463
1.00069
0.444901
1.00003
-0.000369377
1.00191
0.000804881
0.00881538
0.930618
1.00086
1.00168
1.00191
0.0229314
0.00400304
0.0305154
0.282279
1.00165
1.00092
1.00176
1.00184
0.0153498
1.00101
1.00187
1.00036
0.17302
1.00045
0.0161873
1.00188
1.00173
1.00127
1.00011
-0.000919443
0.0127513
-0.000371047
0.00574701
-0.00084318
0.00166293
-0.000960829
0.00646595
-0.000897263
0.00216682
-0.00081248
0.00467352
-0.000129121
0.00360356
-0.000965971
-0.000803428
