-4.55788
-4.55788
-4.55788
-4.55788
-4.55788
-5.24243
-4.55788
-5.24087
-4.55788
-4.55788
-5.24087
-5.24243
-4.55788
-4.55788
-4.55788
-4.55788
-4.55788
-4.55788
-4.55788
-5.24087
-4.55788
-5.24087
-4.55788
-5.24087
-4.55788
-4.55788
-4.55788
-5.24087
-5.24087
-4.55788
-4.55788
-4.55788
-4.55788
-4.55788
-5.24087
-4.55788
-4.55788
-5.24243
-4.55788
-5.24087
-4.55788
-4.55788
-5.24243
-4.55788
-4.55788
-5.24243
-5.24243
-4.55788
-4.55788
-5.24087
-5.24243
-4.55788
-5.24243
-5.24087
-4.55788
-4.55788
-4.55788
-5.24243
-5.24243
-4.55788
-5.24087
-4.55788
-4.55788
-4.55788
-5.24087
-4.55788
-4.55788
-5.24243
-4.55788
-4.55788
-5.24243
-4.55788
-4.55788
-4.55788
-5.24087
-4.55788
-4.55788
-4.55788
-5.24087
-5.24243
-4.55788
-4.55788
-4.55788
-4.55788
-4.55788
-5.24087
-5.24243
-4.55788
-4.55788
-4.55788
-4.55788
-5.24243
-4.55788
-5.24087
-5.24087
-5.24087
-4.55788
-5.24087
-4.55788
-4.55788
-5.24087
-4.55788
-4.55788
-4.55788
-4.55788
-4.55788
-5.24087
-4.55788
-4.55788
-4.55788
-4.55788
-4.55788
-4.55788
-5.24087
-4.55788
-5.24087
-4.55788
-4.55788
-4.55788
-5.24087
-4.55788
-4.55788
-5.24087
-4.55788
-4.55788
-4.55788
-4.55788
-5.24243
-4.55788
-4.55788
-4.55788
-4.55788
-4.55788
-4.55788
-4.55788
-4.55788
-4.55788
-4.55788
-4.55788
-4.55788
-4.55788
-4.55788
-5.24087
-4.55788
-4.55788
-4.55788
-5.24243
-4.55788
-5.24087
-4.55788
-5.24087
-4.55788
-5.24087
-4.55788
-4.55788
-4.55788
-4.55788
-4.55788
-5.24243
-4.55788
-5.24243
-4.55788
-4.55788
-4.55788
-5.24243
-4.55788
-4.55788
-4.55788
-4.55788
-4.55788
-4.55788
-4.55788
-4.55788
-4.55788
-4.55788
-4.55788
-4.55788
-4.55788
-4.55788
-4.55788
-4.55788
-4.55788
-4.55788
-4.55788
-4.55788
-5.24087
-5.24243
-5.24243
-5.24243
-4.55788
-4.55788
-5.24087
-4.55788
-5.24243
-5.24087
-4.55788
-4.55788
-4.55788
-5.24243
-4.55788
-4.55788
-5.24087
-4.55788
-4.55788
-4.55788
-4.55788
-4.55788
-5.24087
-4.55788
-4.55788
-4.55788
-5.24243
-4.55788
-4.55788
-4.55788
-4.55788
-4.55788
-4.55788
-4.55788
-4.55788
-4.55788
-4.55788
-4.55788
-4.55788
-4.55788
-4.55788
-4.55788
-5.24243
-4.55788
-4.55788
-4.55788
-5.24087
-4.55788
-4.55788
-4.55788
-4.55788
-4.55788
-4.55788
-4.55788
-5.24243
-5.24087
-4.55788
-4.55788
-5.24087
-4.55788
-4.55788
-4.55788
-5.24087
-4.55788
-4.55788
-4.55788
-5.24087
-4.55788
-4.55788
-4.55788
-5.24243
-4.55788
-4.55788
-4.55788
-4.55788
-4.55788
-4.55788
-5.24243
-5.24087
-4.55788
-4.55788
-4.55788
-4.55788
-4.55788
-5.24087
-4.55788
-4.55788
-4.55788
-5.24243
-4.55788
-4.55788
-4.55788
-4.55788
-4.55788
-4.55788
-4.55788
-5.24243
-4.55788
-5.24087
-4.55788
-4.55788
-5.24243
-5.24087
-5.24243
-4.55788
-5.24087
-4.55788
-5.24087
-4.55788
-4.55788
-4.55788
-4.55788
-4.55788
-4.55788
-4.55788
-4.55788
-4.55788
-4.55788
-4.55788
-4.55788
-4.55788
-4.55788
-4.55788
-4.55788
-4.55788
-4.55788
-4.55788
-4.55788
-5.24243
-5.24087
-4.55788
-4.55788
-4.55788
-4.55788
-4.55788
-4.55788
-4.55788
-4.55788
-4.55788
-4.55788
-4.55788
-5.24087
-5.24382
-4.55788
-4.55788
-4.55788
-4.55788
-4.55788
-5.24087
-5.24087
-4.55788
-4.55788
-4.55788
-4.55788
-4.55788
-4.55788
-4.55788
-4.55788
-4.55788
-4.55788
-5.24243
-5.24087
-5.24243
-4.55788
-4.55788
-4.55788
-4.55788
-4.55788
-4.55788
-4.55788
-4.55788
-4.55788
-4.55788
-5.24243
-4.55788
-4.55788
-4.55788
-4.55788
-5.24243
-5.24087
-4.55788
-4.55788
-4.55788
-5.24087
-4.55788
-4.55788
-4.55788
-4.55788
-4.55788
-5.24243
-4.55788
-4.55788
-4.55788
-4.55788
-4.55788
-5.24243
-4.55788
-4.55788
-4.55788
-5.24243
-5.24243
-5.24382
-5.24087
-4.55788
-5.24243
-4.55788
-5.24087
-5.24087
-4.55788
-4.55788
-5.24087
-5.24243
-4.55788
-4.55788
-4.55788
-4.55788
-4.55788
-4.55788
-4.55788
-5.24087
-5.24087
-4.55788
-4.55788
-4.55788
-5.24243
-4.55788
-4.55788
-4.55788
-4.55788
-4.55788
-4.55788
-4.55788
-5.24087
-4.55788
-4.55788
-4.55788
-5.24243
-5.24243
-4.55788
-4.55788
-4.55788
-4.55788
-4.55788
-4.55788
-4.55788
-4.55788
-5.24087
-4.55788
-4.55788
-4.55788
-4.55788
-4.55788
-4.55788
-5.24243
-4.55788
-5.24243
-5.24243
-4.55788
-4.55788
-4.55788
-4.55788
-4.55788
-4.55788
-4.55788
-4.55788
-4.55788
-4.55788
-4.55788
-4.55788
-4.55788
-5.24087
-4.55788
-5.24087
-4.55788
-4.55788
-5.24087
-5.24087
-5.24243
-5.24087
-5.24243
-5.24243
-4.55788
-4.55788
-5.24087
-4.55788
-4.55788
-5.24243
-4.55788
-4.55788
-4.55788
-4.55788
-5.24087
-5.24087
-5.24087
-4.55788
-4.55788
-5.24087
-4.55788
-4.55788
-4.55788
-4.55788
-4.55788
-4.55788
-5.24243
-4.55788
-4.55788
-5.24087
-4.55788
-4.55788
-4.55788
-5.24243
-5.24087
-4.55788
-4.55788
-4.55788
-5.24087
-5.24243
-4.55788
-4.55788
-4.55788
-5.24087
-4.55788
-4.55788
-4.55788
-4.55788
-5.24087
-4.55788
-4.55788
-5.24087
-5.24087
-4.55788
-4.55788
-4.55788
-5.24087
-5.24087
-5.24087
-5.24087
-4.55788
-4.55788
-4.55788
-4.55788
-4.55788
-5.24087
-4.55788
-4.55788
-4.55788
-5.24087
-4.55788
-4.55788
-5.24087
-4.55788
-5.24243
-5.24243
-5.24087
-4.55788
-4.55788
-4.55788
-4.55788
-4.55788
-4.55788
-5.24243
-5.24243
-4.55788
-4.55788
-4.55788
-5.24243
-4.55788
-5.24087
-4.55788
-4.55788
-4.55788
-4.55788
-4.55788
-4.55788
-5.24243
-4.55788
-4.55788
-4.55788
-4.55788
-4.55788
-4.55788
-4.55788
-5.24087
-4.55788
-4.55788
-4.55788
-4.55788
-4.55788
-4.55788
-4.55788
-4.55788
-4.55788
-5.24087
-4.55788
-4.55788
-4.55788
-5.24382
-4.55788
-5.24243
-4.55788
-4.55788
-4.55788
-4.55788
-4.55788
-4.55788
-4.55788
-4.55788
-4.55788
-5.24243
-4.55788
-4.55788
-4.55788
-4.55788
-4.55788
-4.55788
-4.55788
-5.24087
-4.55788
-4.55788
-4.55788
-4.55788
-4.55788
-4.55788
-4.55788
-4.55788
-4.55788
-4.55788
-4.55788
-4.55788
-5.24243
-4.55788
-5.24243
-5.24243
-4.55788
-4.55788
-5.24087
-5.24243
-4.55788
-4.55788
-4.55788
-4.55788
-4.55788
-5.24087
-4.55788
-4.55788
-4.55788
-4.55788
-4.55788
-4.55788
-4.55788
-4.55788
-5.24243
-4.55788
-5.24243
-5.24243
-4.55788
-5.24243
-4.55788
-4.55788
-4.55788
-4.55788
-5.24087
-4.55788
-4.55788
-5.24243
-4.55788
-4.55788
-4.55788
-5.24087
-4.55788
-5.24243
-4.55788
-4.55788
-4.55788
-4.55788
-4.55788
-4.55788
-4.55788
-4.55788
-4.55788
-4.55788
-4.55788
-4.55788
-4.55788
-5.24243
-5.24243
-5.24243
-4.55788
-4.55788
-5.24243
-5.24243
-4.55788
-4.55788
-4.55788
-4.55788
-4.55788
-4.55788
-4.55788
-5.24087
-5.24087
-5.24243
-4.55788
-5.24087
-4.55788
-4.55788
-5.24243
-4.55788
-4.55788
-5.24243
-4.55788
-5.24243
-5.24243
-4.55788
-4.55788
-4.55788
-4.55788
-4.55788
-5.24087
-4.55788
-4.55788
-5.24243
-4.55788
-4.55788
-4.55788
-4.55788
-4.55788
-4.55788
-4.55788
-4.55788
-4.55788
-5.24243
-4.55788
-4.55788
-4.55788
-4.55788
-4.55788
-4.55788
-4.55788
-4.55788
-4.55788
-4.55788
-4.55788
-4.55788
-4.55788
-5.24087
-4.55788
-4.55788
-4.55788
-5.24243
-4.55788
-5.24087
-4.55788
-4.55788
-4.55788
-4.55788
-4.55788
-4.55788
-4.55788
-4.55788
-4.55788
-4.55788
-4.55788
-4.55788
-4.55788
-4.55788
-4.55788
-4.55788
-5.24087
-4.55788
-4.55788
-4.55788
-4.55788
-4.55788
-4.55788
-4.55788
-4.55788
-4.55788
-4.55788
-4.55788
-4.55788
-4.55788
-4.55788
-4.55788
-4.55788
-4.55788
-4.55788
-4.55788
-5.24243
-5.24243
-5.24087
-4.55788
-4.55788
-4.55788
-4.55788
-5.24087
-4.55788
-5.24087
-5.24087
-5.24087
-4.55788
-4.55788
-5.24243
-4.55788
-5.24243
-4.55788
-4.55788
-4.55788
-5.24243
-4.55788
-4.55788
-5.24087
-4.55788
-4.55788
-4.55788
-4.55788
-4.55788
-4.55788
-4.55788
-5.24243
-5.24243
-4.55788
-5.24087
-4.55788
-4.55788
-5.24243
-5.24087
-5.24087
-5.24087
-4.55788
-4.55788
-4.55788
-4.55788
-4.55788
-4.55788
-4.55788
-4.55788
-4.55788
-4.55788
-4.55788
-4.55788
-4.55788
-4.55788
-4.55788
-4.55788
-5.24087
-4.55788
-4.55788
-5.24243
-5.24087
-4.55788
-4.55788
-5.24087
-5.24087
-4.55788
-4.55788
-5.24243
-4.55788
-5.24087
-4.55788
-4.55788
-5.24087
-4.55788
-4.55788
-4.55788
-4.55788
-4.55788
-4.55788
-5.24087
-5.24243
-4.55788
-5.24243
-5.24087
-5.24243
-5.24087
-5.24087
-4.55788
-4.55788
-4.55788
-4.55788
-4.55788
-5.24087
-5.24087
-4.55788
-5.24087
-5.24382
-4.55788
-5.24087
-4.55788
-4.55788
-5.24087
-4.55788
-4.55788
-4.55788
-5.24243
-5.24087
-4.55788
-4.55788
-5.24243
-4.55788
-4.55788
-4.55788
-4.55788
-4.55788
-5.24243
-5.24243
-4.55788
-4.55788
-4.55788
-4.55788
-5.24087
-4.55788
-4.55788
-4.55788
-4.55788
-4.55788
-4.55788
-4.55788
-4.55788
-5.24243
-4.55788
-4.55788
-5.24087
-4.55788
-5.24382
-4.55788
-4.55788
-4.55788
-5.24243
-4.55788
-4.55788
-4.55788
-5.24382
-5.24243
-4.55788
-4.55788
-4.55788
-4.55788
-5.24087
-4.55788
-4.55788
-4.55788
-4.55788
-4.55788
-5.24087
-5.24243
-5.24243
-5.24382
-4.55788
-4.55788
-5.24243
-4.55788
-5.24087
-4.55788
-5.24243
-4.55788
-4.55788
-5.24243
-4.55788
-4.55788
-4.55788
-4.55788
-4.55788
-4.55788
-4.55788
-4.55788
-4.55788
-4.55788
-5.24087
-4.55788
-4.55788
-5.24087
-5.24087
-4.55788
-4.55788
-4.55788
-5.24087
-4.55788
-4.55788
-4.55788
-5.24243
-5.24087
-4.55788
-4.55788
-4.55788
-4.55788
-5.24243
-4.55788
-5.24087
-4.55788
-5.24243
-4.55788
-4.55788
-4.55788
-5.24087
-4.55788
-5.24243
-4.55788
-4.55788
-4.55788
-4.55788
-4.55788
-5.24243
-4.55788
-5.24087
-4.55788
-5.24243
-5.24087
-5.24087
-4.55788
-5.24243
-4.55788
-5.24087
-5.24087
-5.24243
-4.55788
0.00220003
0.0919775
0.0010216
0.00257131
0.814444
0.998934
0.0617065
0.355667
0.124997
0.0694428
0.315634
0.98427
-0.000175978
0.451613
0.841637
0.138708
0.71053
0.0468224
0.00145744
0.403445
0.107744
0.197201
0.153826
0.866979
0.019453
0.413727
0.954459
0.283657
0.852579
0.569872
0.019453
0.269179
0.0580475
0.044185
0.866979
0.512458
0.0100403
1.00052
0.042088
0.651129
0.34876
0.524245
0.98427
0.0694428
0.00304419
0.998934
0.998934
-0.000366822
0.00181607
0.781603
1.00052
0.000436989
0.962291
0.166958
1.00097
0.821435
0.0970209
0.993044
0.995937
0.000436989
0.670422
0.488504
0.996917
0.0181347
0.837874
0.74521
0.335606
0.998934
0.188857
0.198775
1.00052
0.0327581
0.476323
0.663825
0.583495
0.0450008
0.138708
0.00172644
0.131733
0.917644
0.138708
0.0179733
0.0621617
0.044185
0.243668
0.204863
0.998934
0.0694839
0.500549
0.00135823
0.0512336
1.00052
0.00304419
0.145222
0.299637
0.315634
0.753511
0.275637
0.000714642
0.322341
0.14516
0.0621726
0.663825
0.860663
0.170498
0.0010216
0.822846
0.11864
1.00097
-0.000771664
0.0035919
0.387978
0.580897
0.84281
0.0134968
0.34771
0.0736243
0.00553688
0.0105965
0.832901
0.753511
0.256229
0.291607
0.945418
0.0617208
0.282376
0.476323
1.00052
1.00097
0.872713
0.814444
0.11864
0.439091
0.243668
0.476323
0.0657188
0.0149789
0.125407
0.0733535
0.269179
0.179451
0.0021294
0.15224
0.00220003
0.996917
0.400904
0.998934
0.0960509
0.827892
0.0420681
0.387572
0.309049
0.138359
0.0525166
0.000814844
0.949972
0.0196122
0.0035919
1.00052
0.512458
0.998934
0.0136178
0.488504
0.682992
0.908594
0.125459
0.0960509
0.309049
0.976038
0.76166
0.0105965
0.0251496
0.464028
0.00257131
0.00630777
0.0123435
-0.000499807
0.00135823
0.643969
0.0293968
-0.000716293
-0.000716293
0.19874
0.00257131
0.0231955
0.765193
0.998934
0.998934
1.00052
0.13179
0.673491
0.331641
0.0136178
1.00052
0.664043
0.500549
0.0145673
0.841637
0.998934
0.96325
0.19874
0.713298
0.0149789
0.387978
0.785184
0.719407
0.0871231
0.39552
-0.000716293
0.102259
-0.000175978
0.995937
0.0733535
0.785184
-0.000609327
0.512458
0.0238341
0.361908
0.0136178
0.0657188
0.500549
0.028922
0.0587956
0.0545715
0.0817862
0.512474
0.146096
0.998934
0.22007
0.0449937
0.488504
0.583495
0.131698
0.282376
0.777496
0.0145673
0.0817862
0.00181607
0.884291
0.935652
0.817763
1.00097
0.00135823
0.837874
0.0512336
0.131698
0.19874
0.837874
0.0035919
0.269214
0.256229
0.832901
0.0824524
0.613114
0.00304419
0.904071
0.841637
0.426455
0.0213511
0.0123435
0.34876
0.269214
1.00052
0.488614
0.0136178
-0.000499807
0.602534
0.044185
0.591772
0.881096
0.0774736
0.0164298
0.439091
0.988657
0.125407
0.198775
0.785184
0.464028
0.00973107
0.220105
0.322341
0.998934
0.0817715
0.555086
0.623546
0.0495998
0.998934
0.812642
0.998934
0.0123435
0.742622
0.0910646
0.267702
0.0293968
0.580897
0.580897
0.00220003
0.0970209
0.602534
0.841637
0.295686
0.872713
0.958883
0.0824524
0.0196122
0.00501841
0.000189876
0.0293968
0.0545824
0.348786
0.602534
0.0048282
0.0733535
0.998934
0.604223
0.113395
0.0307961
0.000714642
0.547343
0.0238341
0.374968
0.0238341
0.0450008
0.0960509
0.138708
0.044185
0.379602
1.00052
0.361908
0.361908
0.0272161
0.512458
0.0123435
0.862211
0.267702
0.00803852
0.0316931
0.101303
0.0145673
0.0694428
0.0168825
0.0100403
0.841637
0.00630777
0.841637
0.913095
0.866979
0.995937
0.188857
0.828299
0.198775
0.361908
0.0824256
0.451616
0.996917
0.0779372
0.00112383
0.00556663
0.979881
0.996917
0.00900366
0.96325
0.00553688
0.998934
0.315634
0.0525247
0.161942
0.256229
0.145222
0.71053
0.153826
0.0545715
0.00304419
0.0238341
0.995937
0.0863132
0.051243
0.76166
0.243668
0.996917
1.00052
0.613114
0.309049
0.269179
0.894958
0.998934
0.995937
0.275637
0.0512336
0.93117
0.179451
0.807482
0.379663
0.0587956
0.0231955
0.450334
0.979881
-0.000609327
0.107744
0.188857
0.0327621
0.00630777
0.282411
0.00350369
0.754007
0.275637
0.025448
0.0694839
0.161942
0.998934
0.0238341
0.0251496
0.785184
0.0392712
0.125407
0.044185
0.220105
0.68894
0.0580736
0.0525166
0.322341
0.998934
1.00052
0.524245
0.74521
0.0587956
0.256229
0.256229
0.000436989
0.0208403
0.0111522
0.670422
0.569872
0.348786
0.153826
0.11864
0.0970568
0.464028
0.949023
0.256229
0.940122
1.00052
0.102259
0.034827
-0.000175978
0.170498
0.0115126
0.0655126
0.0779609
0.198775
0.841637
0.243668
0.000269723
0.256263
0.000269723
0.832901
0.500549
0.403445
0.0480508
0.209169
0.526043
0.847712
0.998934
0.79704
0.922167
0.944578
0.0181347
0.0733535
0.781603
0.0181347
0.019453
1.00052
0.569872
0.282411
0.512458
0.777496
0.220301
0.251793
0.84281
0.209134
0.036642
0.189506
0.663825
0.269179
0.00553688
0.89543
0.106796
0.198775
0.944578
0.00257131
0.282376
0.776182
0.936096
0.0817715
0.146067
0.998934
0.802282
0.0164298
0.153826
0.949972
0.403445
1.00052
0.488504
0.107744
0.464028
0.664043
0.0136178
-2.5145e-05
0.0179733
0.0960509
0.331641
0.464028
0.439091
0.759625
0.832901
0.848109
0.335579
0.0694428
0.719262
0.220301
0.138359
0.138359
0.400889
0.125407
0.413727
0.0021294
0.0871231
0.765193
0.535869
0.988412
0.673491
0.604223
0.0393027
0.131698
0.235978
0.138708
0.979881
0.966697
0.657612
0.828299
0.11864
0.476323
0.785184
0.282411
0.101303
1.00052
0.998934
0.0580475
0.243668
-0.000628843
0.98427
0.387978
0.742622
0.400889
0.198775
0.113395
0.269214
0.0910646
0.131698
0.998934
0.153826
0.848109
0.000436989
0.0316931
0.0512336
0.439091
0.0348313
0.637999
0.0123435
0.643969
0.065495
0.426455
0.00304419
0.426455
0.0231955
0.0960509
0.673491
0.576455
0.535869
0.602496
0.0149789
0.995937
0.0555795
1.00052
0.0512336
0.0910646
0.439091
0.692329
0.602534
0.0156944
0.0123435
0.488504
0.682992
0.998934
0.256229
0.0179733
0.000436989
0.0468224
0.00900366
0.231607
0.884291
0.576455
0.309049
0.170498
0.512458
0.102259
0.464028
0.74521
0.282376
0.0657188
0.107744
0.996917
0.400889
0.866749
0.98427
0.426455
1.00052
0.998934
0.00614697
0.101283
0.197201
0.940122
0.0616911
0.000269723
0.22007
0.0111522
0.524245
0.307669
0.107698
0.0164298
0.00112383
0.335606
0.400889
0.00112383
0.124997
-2.5145e-05
0.998934
-0.000771664
0.998934
0.998934
0.153826
1.00052
0.0164298
0.0621726
0.911372
0.0149789
0.736856
0.451616
0.0779116
0.998934
0.0733535
0.220105
-0.000357715
0.719262
0.792724
1.00052
0.146096
0.295686
0.361908
0.0179733
0.335606
0.0863132
0.309049
0.0970209
0.231607
0.374989
0.835033
0.0862973
0.512458
0.93117
0.917576
1.00052
0.0657188
0.124997
0.998934
0.998934
0.547343
0.0420819
0.0293968
0.0694428
0.170498
0.400904
0.00630777
0.363682
0.503715
0.913095
0.11864
0.713298
0.374968
0.348786
1.00052
0.0694428
0.00398697
0.998934
0.209134
0.940122
0.998934
0.439091
0.0048282
0.958883
0.500549
0.0495998
0.212562
0.643969
0.558696
0.998934
0.936096
0.451616
-0.000628843
0.524245
0.295722
0.322341
0.295686
1.00097
0.107698
0.998934
0.361908
0.0293968
0.996917
0.0512336
0.692329
0.000714642
0.996917
0.00714103
0.107744
0.209134
0.282376
0.663825
0.00181607
0.331641
0.0111522
0.0251496
0.295722
1.00052
0.0779372
0.488614
0.512458
-0.000716293
0.971824
0.633832
0.00556663
0.0213511
0.0251496
-0.000716293
0.0238341
0.426455
0.00900366
0.00305707
0.476323
0.025448
0.848109
0.269179
0.759625
0.112562
0.0657188
0.900844
0.0111522
0.0450008
0.256229
0.0545715
0.112562
0.0196122
0.00714103
-0.000695033
1.00097
0.0115126
0.00350369
0.0824256
0.025448
0.170498
0.112562
0.633832
0.944578
0.998934
0.885744
0.0960509
0.00630777
0.361908
-0.000789929
0.323673
0.00614697
0.18192
0.503715
0.547876
-0.000366822
1.00097
0.998934
-0.000789929
0.998934
-2.5145e-05
0.0694428
0.426455
1.00052
0.0293968
0.00304419
0.355667
0.113442
0.426464
0.256229
0.220105
0.872713
0.0420819
0.0863132
1.00052
0.940122
0.0863132
0.267702
-0.000628843
-0.000795773
1.00052
0.174376
0.212562
0.719262
0.0179733
0.209169
0.0134968
0.623546
0.188891
0.0694839
-0.000509131
0.0271427
0.112562
0.0307926
0.0115126
0.673491
0.0123435
0.0525247
0.374968
0.0196122
0.73104
0.524245
0.146067
1.00052
0.34771
0.0181347
0.00743636
0.434838
0.73104
0.769655
0.0149789
0.998934
-2.5145e-05
0.465765
0.00803852
0.0222995
0.220301
0.036642
0.096982
0.0231955
0.335579
0.153826
0.00145744
0.759625
0.949023
0.282376
0.998934
0.725176
0.998934
0.807482
0.473433
0.0420819
0.0222995
0.07746
0.0393027
0.0105965
0.159563
0.533392
0.335579
0.651129
1.00052
0.101283
0.719262
0.188857
0.000189876
0.837874
0.0468296
0.633832
0.00900366
0.998934
0.713298
0.0105965
0.322341
0.940122
0.00501841
0.0123435
0.00145744
0.112562
0.547343
1.00052
0.998934
0.00714103
0.374968
0.309049
0.00553688
0.590494
0.309015
0.949972
0.0231955
0.00900366
0.00501841
0.179451
0.00305707
0.00714103
0.979881
0.0251496
-0.000209472
0.403445
0.0862973
0.995937
0.558666
0.322341
0.535869
0.917644
0.124997
0.426455
0.0779116
1.00052
0.926675
0.00112383
-0.000695033
0.0289187
0.777496
0.458065
0.282411
-0.000609327
0.00449248
0.0316931
0.0779372
0.138359
0.998934
0.998934
1.00052
0.161942
0.335606
1.00052
0.0580611
0.189506
0.000269723
1.00052
0.0179733
0.102299
0.917576
0.209169
0.988412
0.124997
0.0136178
0.0238341
0.065495
3.39058e-05
0.07746
0.0213511
0.828299
0.617892
0.0272161
0.860663
0.145222
0.323673
0.0525166
0.0124791
0.00398697
0.403445
0.0010216
0.0136178
0.0316931
0.917576
0.204786
0.673491
0.728171
0.400889
0.101283
1.00052
0.309049
0.355667
0.00418084
0.995937
0.0111522
0.0450008
0.426455
0.138359
0.524245
1.00052
0.0910646
0.0251496
0.0871231
0.256229
0.524245
0.998934
0.911372
0.159499
0.0657188
0.908594
0.212562
0.145222
0.209134
0.998934
0.0694428
0.212562
0.152303
0.998934
0.663825
0.00220003
0.113801
0.0010216
0.00257131
0.999569
0.998934
0.0618338
0.998891
0.146407
0.0734937
0.998891
0.99743
-0.000175978
0.99788
1
0.162276
0.999171
0.0496738
0.00145744
0.998891
0.182493
0.998891
0.189164
0.99743
0.019453
0.997622
1.00047
0.998891
0.99743
0.998469
0.019453
0.46374
0.0618338
0.0442397
1.00182
0.998161
0.0100403
1.00052
0.0420937
1.00031
0.997172
0.998161
0.99743
0.0734937
0.00304419
0.998934
0.998934
-0.000366822
0.00181607
0.996013
1.00052
0.000436989
0.99743
0.998891
1.00097
1
0.119884
0.998934
0.995937
0.000436989
0.996013
0.998161
0.996917
0.0181347
0.99743
0.999569
0.841101
0.998934
0.243967
0.24397
1.00052
0.0327808
0.99788
0.999171
1.00031
0.0450191
0.162276
0.00172644
0.997568
1.00182
0.170801
0.0179733
0.0695711
0.0442397
0.362028
0.998891
0.998934
0.0696696
0.998161
0.00135823
0.0512921
1.00052
0.00304419
0.997568
0.998891
0.998891
0.999569
0.998891
0.000714642
0.79176
0.997568
0.0658361
0.999171
1
0.209435
0.0010216
1.00182
0.139027
1.00097
-0.000771664
0.0035919
0.997387
0.998469
1.00182
0.0134968
0.998891
0.078196
0.00553688
0.0105965
0.99743
0.999569
0.375053
0.998891
1.00047
0.0618338
0.523654
0.99788
1.00052
1.00097
1
1
0.146407
1.00122
0.348938
0.99788
0.0695711
0.0149789
0.997568
0.0819387
0.451385
0.231882
0.0021294
0.997568
0.00220003
0.996917
0.997387
0.998934
0.10703
0.99743
0.0420937
0.998891
0.700392
0.997568
0.0556687
0.000814844
1.00047
0.0196122
0.0035919
1.00052
0.998161
0.998934
0.0136178
0.998161
0.999171
0.99743
0.912895
0.10703
0.681864
1.00047
0.999569
0.0105965
0.0251496
0.99788
0.00257131
0.00630777
0.0123435
-0.000499807
0.00135823
0.998804
0.0293968
-0.000716293
-0.000716293
0.25657
0.00257131
0.0231955
0.996013
0.998934
0.998934
1.00052
0.997568
0.999171
0.998891
0.0136178
1.00052
1.00031
0.998161
0.0145673
1
0.998934
1.00047
0.25657
1.00031
0.0149789
1.00095
0.999569
0.999171
0.11936
0.998891
-0.000716293
0.167507
-0.000175978
0.995937
0.0819387
0.999569
-0.000609327
0.998161
0.0238341
0.997172
0.0136178
0.0695711
0.998161
0.0289305
0.0622797
0.0546501
0.0864808
0.998161
0.170801
0.998934
0.30938
0.0450191
0.998161
1.00031
0.162276
0.535238
0.999569
0.0145673
0.0864808
0.00181607
1
0.99743
0.99743
1.00097
0.00135823
0.99743
0.0512921
0.15415
0.25657
0.99743
0.0035919
0.426338
0.400874
1.00182
0.107892
0.998804
0.00304419
0.99743
1
0.997622
0.0213511
0.0123435
0.997172
0.426333
1.00052
1.00031
0.0136178
-0.000499807
0.998804
0.0468898
0.998804
0.99743
0.0819387
0.0164298
1.00151
0.99743
0.997568
0.24397
0.999569
0.99788
0.00973107
0.296131
0.834444
0.998934
0.0912496
1.00031
0.998804
0.0525979
0.998934
0.99743
0.998934
0.0123435
1.00031
0.101512
0.998891
0.0293968
0.998469
0.998469
0.00220003
0.13239
0.998804
1
0.590989
1
1.00047
0.107892
0.0196122
0.00501841
0.000189876
0.0293968
0.0546501
1.00071
0.998804
0.0048282
0.077613
0.998934
1.00031
0.387649
0.0308077
0.000714642
0.998469
0.0238341
1.00095
0.0238341
0.0450191
0.10703
0.162276
0.0468898
0.998891
1.00052
1.00071
0.997172
0.0272161
0.998161
0.0123435
0.99743
0.998891
0.00803852
0.0316931
0.112822
0.0145673
0.0734937
0.0168825
0.0100403
1
0.00630777
1
0.99743
0.99743
0.995937
0.243969
1
0.24397
1.00071
0.113395
0.99788
0.996917
0.0922788
0.00112383
0.00556663
0.99743
0.996917
0.00900366
1.00047
0.00553688
0.998934
0.998891
0.0525979
0.209435
0.375053
0.997568
0.999171
0.189164
0.0546501
0.00304419
0.0238341
0.995937
0.0912496
0.0512921
0.999569
0.362028
0.996917
1.00052
0.998804
0.700392
0.426338
0.99743
0.998934
0.995937
0.998891
0.0512921
0.99743
0.231869
1.00031
0.998891
0.0588934
0.0231955
1.00031
0.99743
-0.000609327
0.205342
0.243969
0.0327808
0.00630777
0.500077
0.00350369
0.996013
0.998891
0.025448
0.0696696
0.209435
0.998934
0.0238341
0.0251496
0.999569
0.0417174
0.964369
0.0442397
0.282873
0.996013
0.0581626
0.0556687
0.776503
0.998934
1.00052
0.998161
0.999569
0.0622797
0.413653
0.375053
0.000436989
0.0208403
0.0111522
1.00031
0.998469
0.997172
0.189164
0.139027
0.11988
0.99788
0.99743
0.400874
0.99743
1.00052
0.152889
0.0348535
-0.000175978
0.22036
0.0115126
0.0656678
0.0922964
0.256568
1
0.362028
0.000269723
0.375053
0.000269723
1.00182
0.998161
0.998891
0.0480835
0.269612
1.00031
0.99743
0.998934
1.00031
0.99743
0.99743
0.0181347
0.0819387
0.996013
0.0181347
0.019453
1.00052
0.998469
0.48809
0.998161
0.999569
0.998891
0.998891
0.99743
0.269621
0.036642
0.998891
0.999171
0.438916
0.00553688
1
0.118904
0.256569
0.99743
0.00257131
0.500077
1.00031
1.00047
0.0912496
0.189184
0.998934
1.00031
0.0164298
0.189164
1.00047
0.998891
1.00052
0.998161
0.190068
0.99788
1.00031
0.0136178
-2.5145e-05
0.0179733
0.10703
0.998891
0.99788
1.00122
1.00031
1.00182
1
0.958476
0.0734937
1.00031
0.998891
0.997568
0.997568
0.997622
0.997568
1.00122
0.0021294
0.11936
0.996013
0.998469
1.00047
0.999171
1.00031
0.0393027
0.162276
0.998891
0.170801
0.99743
0.99743
1.00031
1
0.139027
0.99788
0.999569
0.475976
0.10703
1.00052
0.998934
0.0618338
0.335794
-0.000628843
0.99743
0.997387
1.00031
0.997622
0.256568
0.339852
0.426333
0.0962561
0.162276
0.998934
0.189164
1
0.000436989
0.0316931
0.0512921
1.00122
0.0348535
1.00031
0.0123435
0.998804
0.0696696
0.997622
0.00304419
0.997622
0.0231955
0.10703
0.999171
1.00031
0.998469
0.998804
0.0149789
0.995937
0.0588934
1.00052
0.0512921
0.0962561
1.00122
0.999171
0.998804
0.0156944
0.0123435
0.998161
0.999171
0.998934
0.413653
0.0179733
0.000436989
0.0496738
0.00900366
0.30938
0.996065
1.00031
0.662717
0.209435
0.998161
0.167507
0.99788
0.999569
0.511933
0.0695711
0.20536
0.996917
0.997622
1
0.99743
0.997622
1.00052
0.998934
0.00614697
0.118904
0.998891
0.99743
0.0656678
0.000269723
0.309379
0.0111522
0.998161
0.998891
0.244277
0.0164298
0.00112383
0.84773
0.997387
0.00112383
0.146404
-2.5145e-05
0.998934
-0.000771664
0.998934
0.998934
0.189164
1.00052
0.0164298
0.0658361
1
0.0149789
1.00031
0.99788
0.102403
0.998934
0.077613
0.30938
-0.000357715
0.996013
0.999569
1.00052
0.170801
0.590956
0.997172
0.0179733
0.834444
0.0962561
0.700392
0.126038
0.322603
1.00095
1
0.0962561
0.998161
0.99743
0.99743
1.00052
0.0734937
0.146407
0.998934
0.998934
0.998469
0.0393027
0.0293968
0.0734937
0.22036
0.997387
0.00630777
0.998891
1.00031
0.99743
0.139027
1.00031
0.997387
1.00071
1.00052
0.077613
0.00398697
0.998934
0.282867
0.99743
0.998934
0.997622
0.0048282
1.00047
0.998161
0.0525979
0.998891
0.998804
0.998469
0.998934
1.00047
0.99788
-0.000628843
0.998161
0.557956
0.718323
0.62263
1.00097
0.252187
0.998934
1.00071
0.0293968
0.996917
0.0512921
0.999171
0.000714642
0.996917
0.00714103
0.220813
0.269616
0.511933
0.999171
0.00181607
0.998891
0.0111522
0.0251496
0.546681
1.00052
0.102403
1.00031
0.998161
-0.000716293
0.996475
0.998804
0.00556663
0.0213511
0.0251496
-0.000716293
0.0238341
0.997622
0.00900366
0.00305707
1.00151
0.025448
1
0.451385
0.996013
0.125288
0.0695711
1
0.0111522
0.0450191
0.413653
0.0546501
0.125288
0.0196122
0.00714103
-0.000695033
1.00097
0.0115126
0.00350369
0.113395
0.025448
0.22036
0.125288
0.998804
0.99743
0.998934
0.99743
0.10703
0.00630777
0.997172
-0.000789929
0.998891
0.00614697
0.998891
1.00031
1.00031
-0.000366822
1.00097
0.998934
-0.000789929
0.998934
-2.5145e-05
0.0734937
1.00122
1.00052
0.0293968
0.00304419
0.998891
0.283944
1.00122
0.413653
0.30938
0.996065
0.0420937
0.0962561
1.00052
0.99743
0.0962561
0.998891
-0.000628843
-0.000795773
1.00052
0.998891
0.998891
1.00031
0.0179733
0.269616
0.0134968
0.998804
0.231893
0.0738444
-0.000509131
0.0271454
0.131992
0.0308077
0.0115126
0.999171
0.0123435
0.0525979
1.00095
0.0196122
0.996013
0.998161
0.179755
1.00052
0.998891
0.0181347
0.00743636
1.00031
0.996013
0.999569
0.0149789
0.998934
-2.5145e-05
1.00031
0.00803852
0.0222995
0.998891
0.036642
0.132379
0.0231955
0.954211
0.199065
0.00145744
1.00031
0.99743
0.511933
0.998934
0.996013
0.998934
1.00031
1.00031
0.0420937
0.0222995
0.0864808
0.0393027
0.0105965
0.998891
1.00031
0.895486
0.996013
1.00052
0.112822
1.00031
0.243969
0.000189876
1.00182
0.0468898
0.998804
0.00900366
0.998934
1.00031
0.0105965
0.727041
0.99743
0.00501841
0.0123435
0.00145744
0.125288
0.998469
1.00052
0.998934
0.00714103
1.00095
0.632866
0.00553688
1.00031
0.709463
1.00047
0.0231955
0.00900366
0.00501841
0.22036
0.00305707
0.00714103
0.99743
0.0251496
-0.000209472
0.998891
0.0962561
0.995937
0.998469
0.768655
0.998469
0.99743
0.154154
0.997622
0.102403
1.00052
0.99743
0.00112383
-0.000695033
0.0308077
0.999569
1.00031
0.475976
-0.000609327
0.00449248
0.0316931
0.0922879
0.997568
0.998934
0.998934
1.00052
0.209435
0.872562
1.00052
0.0581626
0.998891
0.000269723
1.00052
0.0179733
0.138982
0.99743
0.256571
0.996475
0.146404
0.0136178
0.0238341
0.0696696
3.39058e-05
0.0864808
0.0213511
1
1.00031
0.0272161
1
0.997568
0.998891
0.0556687
0.0124791
0.00398697
0.998891
0.0010216
0.0136178
0.0316931
0.99743
0.998891
0.999171
0.999569
0.997387
0.112822
1.00052
0.642999
0.998891
0.00418084
0.995937
0.0111522
0.0450191
1.00122
0.997568
0.998161
1.00052
0.101512
0.0251496
0.119403
0.400874
0.998161
0.998934
1
0.998891
0.0695711
0.99743
0.998891
0.997568
0.269616
0.998934
0.0734937
0.998891
0.997568
0.998934
0.999171
