-4.98344
-4.98343
-4.98336
-4.98345
-4.98345
-4.9817
-4.9834
-4.98338
-4.98345
-4.98337
-4.98335
-4.98344
-4.98341
-4.98342
-4.98336
-4.9834
-4.9834
-4.98344
-4.98336
-4.98345
-4.98344
-4.98339
-4.98336
-4.9834
-4.98337
-4.9834
-4.98339
-4.9834
-4.98336
-4.98343
-4.98342
-4.98338
-4.98342
-4.98338
-4.98344
-4.98335
-4.98341
-4.98172
-4.98343
-4.98339
-4.9834
-4.98336
-4.98341
-4.98343
-4.98344
-4.98172
-4.98174
-4.98336
-4.98337
-4.98339
-4.9817
-4.98342
-4.98341
-4.98338
-4.98338
-4.9834
-4.9834
-4.98336
-4.98175
-4.98341
-4.98341
-4.98343
-4.98339
-4.98338
-4.98338
-4.98337
-4.98339
-4.98173
-4.98342
-4.98337
-4.98176
-4.98337
-4.98343
-4.98342
-4.98339
-4.98337
-4.98339
-4.98344
-4.98339
-4.98343
-4.98339
-4.9834
-4.98341
-4.98341
-4.98344
-4.98338
-4.98167
-4.9834
-4.98339
-4.98342
-4.98345
-4.98167
-4.98337
-4.98345
-4.98341
-4.98338
-4.98345
-4.98336
-4.98345
-4.9834
-4.98339
-4.98342
-4.98342
-4.98337
-4.98343
-4.9834
-4.98344
-4.98339
-4.98335
-4.98345
-4.98338
-4.98344
-4.98339
-4.98335
-4.98342
-4.98336
-4.9834
-4.98343
-4.98343
-4.98338
-4.98335
-4.98337
-4.98337
-4.98338
-4.98343
-4.98341
-4.98343
-4.9817
-4.98339
-4.98338
-4.9834
-4.98335
-4.98338
-4.98336
-4.98344
-4.98344
-4.98342
-4.98337
-4.98336
-4.9834
-4.98341
-4.98343
-4.98336
-4.98341
-4.98337
-4.98338
-4.98175
-4.98339
-4.9834
-4.98342
-4.98345
-4.9834
-4.98344
-4.98342
-4.98343
-4.98335
-4.98345
-4.98342
-4.98173
-4.98336
-4.9817
-4.98337
-4.98336
-4.98342
-4.98345
-4.98338
-4.98343
-4.98344
-4.98339
-4.98337
-4.98336
-4.98337
-4.9834
-4.98339
-4.98338
-4.98338
-4.98341
-4.98345
-4.98345
-4.98339
-4.98337
-4.98338
-4.98338
-4.98342
-4.98343
-4.98336
-4.98174
-4.9817
-4.98168
-4.98344
-4.98344
-4.98342
-4.98342
-4.98175
-4.9834
-4.98343
-4.98341
-4.98339
-4.98168
-4.98343
-4.9834
-4.98339
-4.98336
-4.98336
-4.98338
-4.98336
-4.98341
-4.98337
-4.98336
-4.98341
-4.98344
-4.98174
-4.98338
-4.98337
-4.9834
-4.98336
-4.98344
-4.98335
-4.98343
-4.98339
-4.98339
-4.98335
-4.98337
-4.9834
-4.98337
-4.98342
-4.98338
-4.98171
-4.9834
-4.98337
-4.9834
-4.98338
-4.98342
-4.98338
-4.98341
-4.98339
-4.98342
-4.98339
-4.98336
-4.98339
-4.98344
-4.98338
-4.98343
-4.98338
-4.98338
-4.9834
-4.98341
-4.98344
-4.98342
-4.98336
-4.98339
-4.98343
-4.98339
-4.98336
-4.98338
-4.98345
-4.98338
-4.98342
-4.98336
-4.98338
-4.98341
-4.98342
-4.98172
-4.98343
-4.98335
-4.98344
-4.9834
-4.98338
-4.98337
-4.98339
-4.98344
-4.98338
-4.98343
-4.98338
-4.98342
-4.98337
-4.98343
-4.98338
-4.98337
-4.98336
-4.98337
-4.98173
-4.98339
-4.98343
-4.98345
-4.98338
-4.98173
-4.98341
-4.98175
-4.98341
-4.98337
-4.98341
-4.98336
-4.98337
-4.98342
-4.98344
-4.98338
-4.98343
-4.98336
-4.98336
-4.98344
-4.98339
-4.98337
-4.98335
-4.98343
-4.98343
-4.98336
-4.98336
-4.98339
-4.98345
-4.98339
-4.98344
-4.98336
-4.98174
-4.98335
-4.98341
-4.9834
-4.9834
-4.98336
-4.98338
-4.98345
-4.98342
-4.98338
-4.98345
-4.9834
-4.98344
-4.98344
-4.98167
-4.98342
-4.9834
-4.9834
-4.98337
-4.9834
-4.98338
-4.98342
-4.98341
-4.98339
-4.98345
-4.98343
-4.98338
-4.98344
-4.98342
-4.9834
-4.98344
-4.98344
-4.98336
-4.9834
-4.9817
-4.98343
-4.98339
-4.98336
-4.98341
-4.98337
-4.98338
-4.98336
-4.98343
-4.9834
-4.98344
-4.98338
-4.98343
-4.98344
-4.98343
-4.98336
-4.98172
-4.9834
-4.98343
-4.98335
-4.98336
-4.98337
-4.9834
-4.98337
-4.98337
-4.98343
-4.98343
-4.98175
-4.98342
-4.98342
-4.98345
-4.9834
-4.98338
-4.98176
-4.98343
-4.98335
-4.98342
-4.9834
-4.98171
-4.98169
-4.98341
-4.98337
-4.98344
-4.98336
-4.98335
-4.98343
-4.98345
-4.98343
-4.9834
-4.98338
-4.98335
-4.98338
-4.98343
-4.98336
-4.98336
-4.98342
-4.98342
-4.98338
-4.9834
-4.98337
-4.98338
-4.98342
-4.98167
-4.98335
-4.98337
-4.98344
-4.98341
-4.98339
-4.98345
-4.98339
-4.98343
-4.98343
-4.98344
-4.9834
-4.98341
-4.98172
-4.98339
-4.9834
-4.98343
-4.98343
-4.98337
-4.9834
-4.98341
-4.98336
-4.98341
-4.98345
-4.98335
-4.98337
-4.98335
-4.98344
-4.98343
-4.98343
-4.98344
-4.9834
-4.98171
-4.98337
-4.98339
-4.98341
-4.98337
-4.9834
-4.9834
-4.98339
-4.98338
-4.98345
-4.98343
-4.98338
-4.98336
-4.98338
-4.9834
-4.98335
-4.98341
-4.9834
-4.98338
-4.98343
-4.98344
-4.98167
-4.98341
-4.98343
-4.98335
-4.98338
-4.98341
-4.98343
-4.98335
-4.98338
-4.98171
-4.98345
-4.98338
-4.98338
-4.98339
-4.98343
-4.98335
-4.98343
-4.98343
-4.98337
-4.9834
-4.98341
-4.98341
-4.98339
-4.98344
-4.9834
-4.98336
-4.98338
-4.98343
-4.98338
-4.98343
-4.98336
-4.9834
-4.98343
-4.98175
-4.98339
-4.98343
-4.98343
-4.98341
-4.98344
-4.98174
-4.98338
-4.98339
-4.9834
-4.98345
-4.98339
-4.98338
-4.9834
-4.98338
-4.98345
-4.98341
-4.98345
-4.98336
-4.98342
-4.98341
-4.98339
-4.98338
-4.98344
-4.9834
-4.9834
-4.98338
-4.98341
-4.98342
-4.9834
-4.98343
-4.98342
-4.98339
-4.98344
-4.98336
-4.98342
-4.98337
-4.98345
-4.98342
-4.98337
-4.98344
-4.98344
-4.98339
-4.98341
-4.98339
-4.98339
-4.98343
-4.98338
-4.98343
-4.98343
-4.98173
-4.9817
-4.98337
-4.98343
-4.98345
-4.98335
-4.98336
-4.98343
-4.9834
-4.98336
-4.98341
-4.98345
-4.98339
-4.98342
-4.9817
-4.98337
-4.98342
-4.98343
-4.9834
-4.98335
-4.98343
-4.98336
-4.98343
-4.98337
-4.98344
-4.98338
-4.9834
-4.98342
-4.98335
-4.9834
-4.98338
-4.98335
-4.98344
-4.98341
-4.98344
-4.98338
-4.98171
-4.98344
-4.98174
-4.98344
-4.98338
-4.98336
-4.9834
-4.98344
-4.98344
-4.98342
-4.98343
-4.98339
-4.98173
-4.98336
-4.98337
-4.98337
-4.98338
-4.98343
-4.98338
-4.98344
-4.98345
-4.98342
-4.9834
-4.98344
-4.98337
-4.98343
-4.98338
-4.98344
-4.98336
-4.98343
-4.98337
-4.98343
-4.98336
-4.98336
-4.98342
-4.98175
-4.9817
-4.98337
-4.98344
-4.98341
-4.98337
-4.98341
-4.98339
-4.98337
-4.98344
-4.98342
-4.98338
-4.98344
-4.98335
-4.98345
-4.98341
-4.98337
-4.98337
-4.98341
-4.98336
-4.98175
-4.9834
-4.98174
-4.98176
-4.9834
-4.98173
-4.98338
-4.9834
-4.9834
-4.98344
-4.98339
-4.98339
-4.98338
-4.98169
-4.98344
-4.98343
-4.98339
-4.98338
-4.98345
-4.98177
-4.98339
-4.98337
-4.98342
-4.98339
-4.98341
-4.98335
-4.98344
-4.98344
-4.98338
-4.98335
-4.98343
-4.98339
-4.98341
-4.9834
-4.98335
-4.98167
-4.98336
-4.98345
-4.98171
-4.98168
-4.98336
-4.98344
-4.98336
-4.9834
-4.9834
-4.98339
-4.98337
-4.98345
-4.9834
-4.98345
-4.98338
-4.98343
-4.98344
-4.98343
-4.98176
-4.9834
-4.98342
-4.98172
-4.98341
-4.98344
-4.98167
-4.98345
-4.98342
-4.98345
-4.98339
-4.98339
-4.9834
-4.98344
-4.98335
-4.98175
-4.98339
-4.98343
-4.98344
-4.98338
-4.98336
-4.98343
-4.98338
-4.98344
-4.98336
-4.98174
-4.98342
-4.98336
-4.98337
-4.98336
-4.98336
-4.98336
-4.9834
-4.98343
-4.98335
-4.98338
-4.98341
-4.98341
-4.98341
-4.98339
-4.98341
-4.98341
-4.9834
-4.98171
-4.98341
-4.98343
-4.98343
-4.98338
-4.98337
-4.98338
-4.98337
-4.98343
-4.98337
-4.98343
-4.98338
-4.98336
-4.98336
-4.9834
-4.98339
-4.98338
-4.98345
-4.98335
-4.98341
-4.98342
-4.98339
-4.98343
-4.98339
-4.98341
-4.98338
-4.98337
-4.98338
-4.98335
-4.98345
-4.98342
-4.98342
-4.98337
-4.98345
-4.98341
-4.98339
-4.9834
-4.98336
-4.98336
-4.98345
-4.98176
-4.98337
-4.98335
-4.98343
-4.98344
-4.98336
-4.98341
-4.98338
-4.98339
-4.98338
-4.98336
-4.9834
-4.9834
-4.98172
-4.98337
-4.98176
-4.98338
-4.98344
-4.98341
-4.98176
-4.98341
-4.98343
-4.98341
-4.98344
-4.98343
-4.98337
-4.98339
-4.98341
-4.98336
-4.98335
-4.98168
-4.98336
-4.98345
-4.98339
-4.98342
-4.98344
-4.98174
-4.98339
-4.98337
-4.98341
-4.9834
-4.98338
-4.98338
-4.98337
-4.98338
-4.98343
-4.98345
-4.98344
-4.9834
-4.98345
-4.98339
-4.98341
-4.9834
-4.98344
-4.98339
-4.98344
-4.98336
-4.98337
-4.98343
-4.9817
-4.98336
-4.98343
-4.98344
-4.98337
-4.98345
-4.98339
-4.98342
-4.9817
-4.98337
-4.98335
-4.98335
-4.98336
-4.9834
-4.98337
-4.9834
-4.98338
-4.98337
-4.98336
-4.98342
-4.98344
-4.98342
-4.98337
-4.98171
-4.98335
-4.98168
-4.98339
-4.98339
-4.9834
-4.98344
-4.98338
-4.9834
-4.98336
-4.98345
-4.98344
-4.9834
-4.9834
-4.98175
-4.98341
-4.98343
-4.98341
-4.98341
-4.98342
-4.9834
-4.98344
-4.98342
-4.98168
-4.98343
-4.98337
-4.98338
-4.98339
-4.98338
-4.98343
-4.98341
-4.98341
-4.98336
-4.98175
-4.98173
-4.98338
-4.98336
-4.98336
-4.98336
-4.98342
-4.98342
-4.98336
-4.9834
-4.9834
-4.98337
-4.98339
-4.98344
-4.98337
-4.98342
-4.98337
-4.98336
-4.98342
-4.98343
-4.9817
-4.98339
-4.98341
-4.98335
-4.98337
-4.98336
-4.98345
-4.98345
-4.9817
-4.98342
-4.98344
-4.98335
-4.98338
-4.98336
-4.98343
-4.9834
-4.98344
-4.98345
-4.98343
-4.9834
-4.9834
-4.98168
-4.98173
-4.98171
-4.98337
-4.98336
-4.98167
-4.98343
-4.98341
-4.98342
-4.98168
-4.98339
-4.98344
-4.98338
-4.98338
-4.98342
-4.9834
-4.98341
-4.98337
-4.98342
-4.98344
-4.98337
-4.98341
-4.98336
-4.98344
-4.98343
-4.98344
-4.98336
-4.98344
-4.98336
-4.98341
-4.98345
-4.98344
-4.98337
-4.98339
-4.98345
-4.98336
-4.9834
-4.98345
-4.98343
-4.98345
-4.98341
-4.98175
-4.9834
-4.98342
-4.98337
-4.98173
-4.98343
-4.98342
-4.9834
-4.98337
-4.98339
-4.98173
-4.98342
-4.98335
-4.98337
-4.98338
-4.98335
-4.98171
-4.98339
-4.98337
-4.9834
-4.98342
-4.98343
-4.98335
-4.98335
-4.98174
-4.98344
-4.98337
-4.98335
-4.9817
-4.98342
-0.000324924
0.0133347
-0.000335879
-2.07168e-05
0.173691
0.0908755
0.0100398
0.0283872
0.0149094
0.00750655
0.0264303
0.0657877
-0.000736872
0.0970502
0.179145
0.0172446
0.153987
0.00498939
-0.000471965
0.0301384
0.0147326
0.0209256
0.0208719
0.0511399
0.00204304
0.0885657
0.204599
0.0253875
0.0499034
0.123458
0.00212493
0.0491138
0.0098068
0.00458011
0.0510086
0.110468
0.00170448
0.118513
0.00717399
0.0382845
0.0713938
0.114958
0.0661815
0.00750892
-0.000172476
0.0916955
0.0775703
-0.000632482
-0.000411125
0.0444028
0.110679
-0.000460417
0.0623821
0.0191736
0.219566
0.175105
0.013787
0.0682786
0.202301
-0.000455522
0.0392631
0.106444
0.242048
0.00187812
0.0480186
0.161315
0.0647577
0.104188
0.0285499
0.029288
0.171144
0.00349318
0.103439
0.14538
0.0360936
0.00764289
0.0173116
-0.000140508
0.0170201
0.0560834
0.0180622
0.00335281
0.00678878
0.00456783
0.0417411
0.0215199
0.0979782
0.0109757
0.108817
-0.000238438
0.0087272
0.132911
-0.000191754
0.0176893
0.0261324
0.0265406
0.162796
0.0250519
-0.000358959
0.0633094
0.0180863
0.00654715
0.143652
0.183758
0.0238612
-0.000320343
0.0471579
0.0142136
0.241033
-0.000797048
0.000224456
0.081504
0.126827
0.0485514
0.00142831
0.0279826
0.0115033
0.000704953
0.000960944
0.0479496
0.162468
0.0436448
0.0255815
0.201394
0.00987675
0.0526031
0.101952
0.10594
0.22086
0.185191
0.174949
0.0147195
0.0935487
0.0412328
0.10172
0.00702077
0.00249385
0.0165006
0.00802478
0.0488122
0.0264001
-9.82432e-05
0.0184605
-0.000331362
0.238945
0.0825208
0.102918
0.0106597
0.0473602
0.00744124
0.0294315
0.060417
0.0176076
0.00569384
-0.000600066
0.203466
0.00361787
0.000234999
0.12691
0.11029
0.0918268
0.00221758
0.105174
0.149374
0.054902
0.0162876
0.0109762
0.0597117
0.21157
0.164906
0.0010495
0.00445645
0.100755
3.90139e-05
0.000792523
0.00213558
-0.000690751
-0.000260073
0.141088
0.00532775
-0.000795579
-0.000795698
0.0314936
6.30805e-06
0.00410077
0.0433534
0.072622
0.0946633
0.108744
0.016941
0.146734
0.0273483
0.00224416
0.143804
0.0387972
0.10964
0.00144072
0.17951
0.0735021
0.206177
0.0312667
0.0407624
0.00271249
0.0806195
0.168662
0.15469
0.0127472
0.0299429
-0.00079563
0.0145968
-0.000735475
0.147363
0.00797243
0.168121
-0.000725252
0.111923
0.0026019
0.074825
0.0024172
0.00707818
0.109985
0.00307016
0.00623305
0.00913534
0.0087601
0.112845
0.018425
0.0844911
0.036908
0.00775344
0.104818
0.0361244
0.016825
0.0536388
0.16782
0.00154437
0.00878165
-0.000438593
0.188121
0.0575627
0.0470625
0.21977
-0.000229906
0.0482297
0.00872912
0.0161022
0.0314818
0.0480147
0.000213252
0.0473107
0.0452937
0.0478876
0.0123304
0.134634
-0.000144177
0.0542621
0.179667
0.0899066
0.00382254
0.00198755
0.0714504
0.0467147
0.118937
0.0330857
0.00225632
-0.000696361
0.13251
0.00469169
0.128716
0.0520468
0.00820321
0.00280395
0.0951712
0.0665549
0.0164802
0.0292656
0.168394
0.0984417
0.000847034
0.0359266
0.0644984
0.0895394
0.0089934
0.0351756
0.135452
0.00519717
0.0808139
0.0464733
0.0995299
0.00215956
0.0422366
0.0103261
0.0246204
0.00541945
0.126837
0.126743
-0.000302469
0.0140631
0.131162
0.179404
0.0562005
0.185158
0.205791
0.0122474
0.00346253
0.00013334
-0.000483933
0.00518865
0.00889061
0.0684464
0.130763
0.000497295
0.00794006
0.0798585
0.0369127
0.0155653
0.00317234
-0.000382249
0.118621
0.00251273
0.0784778
0.00256341
0.00758857
0.0108637
0.0173703
0.00466719
0.0290887
0.296298
0.0741983
0.0724618
0.00503711
0.111572
0.00213893
0.0506717
0.0245225
0.00114411
0.00559641
0.0114738
0.00145948
0.00745901
0.00184361
0.00164786
0.179409
0.000830697
0.180183
0.055474
0.0512471
0.140738
0.0288208
0.177144
0.0292636
0.0744509
0.0124761
0.0956531
0.238155
0.0118718
-0.000538703
0.000262672
0.0647602
0.222968
0.00147368
0.207737
0.000724545
0.0951915
0.0264329
0.0054345
0.0224282
0.0435436
0.017939
0.153365
0.0204055
0.0089994
-0.000168288
0.00252924
0.181058
0.00934306
0.00856252
0.164163
0.0423368
0.240992
0.111864
0.133972
0.0604995
0.0474136
0.0531397
0.0738867
0.28351
0.0248198
0.0085942
0.0572595
0.0259052
0.0461957
0.0290121
0.00607167
0.0040576
0.0317143
0.0652844
-0.000725264
0.0149203
0.029018
0.00338497
0.000770742
0.0513818
-8.38623e-05
0.0427844
0.0249748
0.00271897
0.010953
0.0223924
0.0740362
0.00245694
0.00450804
0.168519
0.00422431
0.0163763
0.00461451
0.0349126
0.039713
0.0093371
0.00561705
0.0630439
0.069107
0.167428
0.114061
0.160594
0.00618047
0.0461093
0.0433388
-0.000432368
0.00228148
0.00195713
0.0391889
0.123736
0.0688223
0.0209533
0.0138219
0.0137341
0.0989332
0.0604796
0.0452545
0.0589947
0.187294
0.0144624
0.00363939
-0.000737428
0.02462
0.00112122
0.010541
0.0118171
0.0302631
0.180314
0.0418519
-0.000673185
0.0433879
-0.000685675
0.0475922
0.110065
0.0302335
0.00794934
0.0333765
0.0343259
0.0495078
0.102795
0.0456157
0.056626
0.0593975
0.00189334
0.00802639
0.0440758
0.0019397
0.00206477
0.191638
0.123675
0.0508137
0.112063
0.167944
0.0223116
0.0237989
0.0488964
0.0339872
0.0064914
0.0208898
0.144908
0.0476986
0.000602697
0.190121
0.0125611
0.0307229
0.059904
2.26095e-05
0.0516774
0.0437649
0.199187
0.00918214
0.0196667
0.0765486
0.0457968
0.00287965
0.0204965
0.202746
0.0302306
0.127484
0.105891
0.0148092
0.100475
0.0389606
0.00241408
-0.000541025
0.00310979
0.0111155
0.0273406
0.099924
0.0932612
0.0430337
0.0475922
0.180461
0.0677286
0.00724996
0.0410691
0.0223579
0.0176632
0.0174022
0.0842756
0.0165751
0.0879091
-9.01004e-05
0.0127374
0.0432871
0.117382
0.215836
0.147307
0.0367881
0.00690878
0.0168231
0.0231248
0.0180123
0.0654012
0.0630365
0.0384963
0.176976
0.0141893
0.102624
0.169426
0.0502447
0.0112836
0.159948
0.0899717
0.00970542
0.04015
-0.000770119
0.0661129
0.0790357
0.0424315
0.0851878
0.0303522
0.0154596
0.046857
0.00995455
0.0167912
0.0932597
0.0205043
0.180336
-0.0004266
0.0054494
0.00875122
0.0932968
0.0035689
0.0378202
0.0020918
0.139591
0.0107632
0.0903478
-0.000147935
0.0914933
0.00403045
0.0109774
0.147039
0.035962
0.116547
0.130513
0.00269041
0.250987
0.00601624
0.170266
0.00859636
0.00995602
0.0933905
0.149805
0.130945
0.00160552
0.00202793
0.105914
0.148893
0.0822249
0.0461066
0.00322617
-0.000412764
0.00507361
0.00138337
0.0369819
0.187453
0.0358963
0.0587837
0.0231165
0.111559
0.014597
0.0995481
0.160805
0.0523514
0.00701981
0.0149154
0.226362
0.0843783
0.184632
0.0661155
0.0905149
0.182589
0.0965503
0.000371907
0.0120354
0.020916
0.058269
0.0102008
-0.000673277
0.037094
0.00178504
0.11521
0.0262359
0.0151403
0.00285329
-0.000525265
0.0649653
0.0835592
-0.000543572
0.0155045
-0.000542245
0.0995577
-0.000792994
0.0747271
0.0740284
0.0209266
0.117645
0.00299448
0.00654778
0.193688
0.00274102
0.0419198
0.0960477
0.0121069
0.0915897
0.00788079
0.0366699
-0.000766656
0.0411084
0.17056
0.138676
0.0183901
0.0561504
0.0719762
0.00323226
0.0647021
0.00947892
0.060329
0.0138525
0.0390639
0.0758035
0.178485
0.00981104
0.111724
0.0571231
0.0560239
0.106642
0.00716632
0.0150856
0.090633
0.0818852
0.119175
0.00700493
0.00530988
0.00722719
0.0241679
0.0823065
0.000777249
0.0286441
0.0335048
0.0553477
0.0139161
0.040789
0.0771196
0.0708168
0.163624
0.00761393
-3.56227e-05
0.0924919
0.0341409
0.0583823
0.0831651
0.0929156
0.000545615
0.205931
0.108303
0.00521785
0.021772
0.141
0.122365
0.0693646
0.199013
0.0965059
-0.000792931
0.11543
0.0544424
0.0612285
0.057293
0.233006
0.015154
0.103862
0.0741355
0.00527088
0.218985
0.00861349
0.151248
-0.000355858
0.236062
0.00104341
0.0149877
0.0337958
0.0522426
0.14492
-0.000386997
0.0274011
0.00178958
0.00458737
0.053928
0.155648
0.0120791
0.0330434
0.112405
-0.000798149
0.209748
0.139158
0.000316524
0.00380849
0.00452677
-0.000798031
0.00252994
0.0910316
0.00134106
9.56863e-05
0.103058
0.00270309
0.180766
0.0486285
0.043227
0.0136046
0.00687612
0.191649
0.0018851
0.00762584
0.0459725
0.00905904
0.013352
0.00364803
0.00105591
-0.000748531
0.233716
0.00116
-7.90095e-05
0.012512
0.00266467
0.024556
0.0135664
0.138845
0.0600197
0.077974
0.052272
0.0108569
0.000823764
0.0743577
-0.00077318
0.0268809
0.000359782
0.0201109
0.0335756
0.0349069
-0.000643329
0.221969
0.0954
-0.000777753
0.102036
-0.000577738
0.00722314
0.0916135
0.111798
0.0053176
-0.00012859
0.0284125
0.0152788
0.0895888
0.0457279
0.036629
0.185876
0.00732056
0.00950981
0.118551
0.0589385
0.00951213
0.0245217
-0.000793812
-0.000786925
0.128821
0.0197488
0.0220697
0.0410829
0.00325585
0.0336691
0.00135157
0.136295
0.027183
0.0110075
-0.000777939
0.00288336
0.0136916
0.00328577
0.00117302
0.147186
0.00196373
0.00543068
0.0777493
0.00364635
0.0416543
0.11427
0.0195752
0.133814
0.0280045
0.00194286
0.000536676
0.0311949
0.0418783
0.166243
0.0026498
0.0814847
-0.000554929
0.032338
0.00108027
0.00230969
0.0224655
0.00633381
0.014122
0.00409463
0.0676248
0.0210339
-0.000497086
0.0430581
0.060369
0.0523038
0.0842049
0.0414933
0.078558
0.0461817
0.0324604
0.0072211
0.00230935
0.00866129
0.00689077
0.000961352
0.0188547
0.0344438
0.066101
0.0384326
0.227938
0.0118584
0.0410975
0.0287031
-0.000494679
0.0483056
0.00489399
0.13846
0.00127823
0.0733513
0.0407385
0.000977195
0.061463
0.0589725
0.000148163
0.00199542
-0.000490464
0.0132503
0.120496
0.109183
0.0858684
0.0010373
0.0785186
0.057597
0.000698954
0.0364984
0.0608021
0.202718
0.00421992
0.00130178
0.000174032
0.0248834
0.000174651
0.000965081
0.0652244
0.00441837
-0.000618106
0.0302339
0.00965645
0.248919
0.120756
0.0627419
0.116477
0.056403
0.0156467
0.0905919
0.0120662
0.214172
0.0567347
-0.000533699
-0.000747239
0.00315626
0.167896
0.0321212
0.0502764
-0.000709479
0.000115583
0.00549324
0.0118723
0.0175008
0.075423
0.0815243
0.241677
0.0230172
0.0656415
0.106199
0.00967024
0.0208564
-0.000668623
0.105896
0.00335548
0.0141901
0.0558872
0.0318056
0.21539
0.0154767
0.00232141
0.00247526
0.0107706
-0.000718969
0.00858332
0.00395376
0.177729
0.0371261
0.00486358
0.183083
0.0180628
0.0269551
0.00563361
0.00118763
-3.49255e-06
0.030087
-0.000277521
0.00229679
0.00548779
0.0560164
0.0215796
0.14597
0.157903
0.0837023
0.0118451
0.160889
0.0581251
0.028285
0.000428855
0.20774
0.00192733
0.00758052
0.0919975
0.0174172
0.114467
0.110819
0.0102969
0.00466792
0.0127875
0.0454236
0.115519
0.10432
0.193666
0.0189317
0.0068391
0.0549307
0.0219071
0.0180356
0.0338419
0.0704686
0.0072197
0.0219366
0.0183628
0.0971658
0.1441
