-0.171273
-0.171273
-0.171273
-0.171273
-0.171273
-0.171273
-0.171273
-0.171273
-0.171273
-0.171273
-0.171273
-0.171273
-0.171273
-0.171273
-0.171273
-0.171273
-0.171273
-0.171273
-0.171273
-0.171273
-0.171273
-0.171273
-0.171273
-0.171273
-0.171273
-0.171273
-0.171273
-0.171273
-0.171273
-0.171273
-0.171273
-0.171273
-0.171273
-0.171273
-0.171273
-0.171273
-0.171273
-0.171273
-0.171273
-0.171273
-0.171273
-0.171273
-0.171273
-0.171273
-0.171273
-0.171273
-0.171273
-0.171273
-0.171273
-0.171273
-0.171273
-0.171273
-0.171273
-0.171273
-0.171273
-0.171273
-0.171273
-0.171273
-0.171273
-0.171273
-0.171273
-0.171273
-0.171273
-0.171273
-0.171273
-0.171273
-0.171273
-0.171273
-0.171273
-0.171273
-0.171273
-0.171273
-0.171273
-0.171273
-0.171273
-0.171273
-0.171273
-0.171273
-0.171273
-0.171273
-0.171273
-0.171273
-0.171273
-0.171273
-0.171273
-0.171273
-0.171273
-0.171273
-0.171273
-0.171273
-0.171273
-0.171273
-0.171273
-0.171273
-0.171273
-0.171273
-0.171273
-0.171273
-0.171273
-0.171273
-0.171273
-0.171273
-0.171273
-0.171273
-0.171273
-0.171273
-0.171273
-0.171273
-0.171273
-0.171273
-0.171273
-0.171273
-0.171273
-0.171273
-0.171273
-0.171273
-0.171273
-0.171273
-0.171273
-0.171273
-0.171273
-0.171273
-0.171273
-0.171273
-0.171273
-0.171273
-0.171273
-0.171273
-0.171273
-0.171273
-0.171273
-0.171273
-0.171273
-0.171273
-0.171273
-0.171273
-0.171273
-0.171273
-0.171273
-0.171273
-0.171273
-0.171273
-0.171273
-0.171273
-0.171273
-0.171273
-0.171273
-0.171273
-0.171273
-0.171273
-0.171273
-0.171273
-0.171273
-0.171273
-0.171273
-0.171273
-0.171273
-0.171273
-0.171273
-0.171273
-0.171273
-0.171273
-0.171273
-0.171273
-0.171273
-0.171273
-0.171273
-0.171273
-0.171273
-0.171273
-0.171273
-0.171273
-0.171273
-0.171273
-0.171273
-0.171273
-0.171273
-0.171273
-0.171273
-0.171273
-0.171273
-0.171273
-0.171273
-0.171273
-0.171273
-0.171273
-0.171273
-0.171273
-0.171273
-0.171273
-0.171273
-0.171273
-0.171273
-0.171273
-0.171273
-0.171273
-0.171273
-0.171273
-0.171273
-0.171273
-0.171273
-0.171273
-0.171273
-0.171273
-0.171273
-0.171273
-0.171273
-0.171273
-0.171273
-0.171273
-0.171273
-0.171273
-0.171273
-0.171273
-0.171273
-0.171273
-0.171273
-0.171273
-0.171273
-0.171273
-0.171273
-0.171273
-0.171273
-0.171273
-0.171273
-0.171273
-0.171273
-0.171273
-0.171273
-0.171273
-0.171273
-0.171273
-0.171273
-0.171273
-0.171273
-0.171273
-0.171273
-0.171273
-0.171273
-0.171273
-0.171273
-0.171273
-0.171273
-0.171273
-0.171273
-0.171273
-0.171273
-0.171273
-0.171273
-0.171273
-0.171273
-0.171273
-0.171273
-0.171273
-0.171273
-0.171273
-0.171273
-0.171273
-0.171273
-0.171273
-0.171273
-0.171273
-0.171273
-0.171273
-0.171273
-0.171273
-0.171273
-0.171273
-0.171273
-0.171273
-0.171273
-0.171273
-0.171273
-0.171273
-0.171273
-0.171273
-0.171273
-0.171273
-0.171273
-0.171273
-0.171273
-0.171273
-0.171273
-0.171273
-0.171273
-0.171273
-0.171273
-0.171273
-0.171273
-0.171273
-0.171273
-0.171273
-0.171273
-0.171273
-0.171273
-0.171273
-0.171273
-0.171273
-0.171273
-0.171273
-0.171273
-0.171273
-0.171273
-0.171273
-0.171273
-0.171273
-0.171273
-0.171273
-0.171273
-0.171273
-0.171273
-0.171273
-0.171273
-0.171273
-0.171273
-0.171273
-0.171273
-0.171273
-0.171273
-0.171273
-0.171273
-0.171273
-0.171273
-0.171273
-0.171273
-0.171273
-0.171273
-0.171273
-0.171273
-0.171273
-0.171273
-0.171273
-0.171273
-0.171273
-0.171273
-0.171273
-0.171273
-0.171273
-0.171273
-0.171273
-0.171273
-0.171273
-0.171273
-0.171273
-0.171273
-0.171273
-0.171273
-0.171273
-0.171273
-0.171273
-0.171273
-0.171273
-0.171273
-0.171273
-0.171273
-0.171273
-0.171273
-0.171273
-0.171273
-0.171273
-0.171273
-0.171273
-0.171273
-0.171273
-0.171273
-0.171273
-0.171273
-0.171273
-0.171273
-0.171273
-0.171273
-0.171273
-0.171273
-0.171273
-0.171273
-0.171273
-0.171273
-0.171273
-0.171273
-0.171273
-0.171273
-0.171273
-0.171273
-0.171273
-0.171273
-0.171273
-0.171273
-0.171273
-0.171273
-0.171273
-0.171273
-0.171273
-0.171273
-0.171273
-0.171273
-0.171273
-0.171273
-0.171273
-0.171273
-0.171273
-0.171273
-0.171273
-0.171273
-0.171273
-0.171273
-0.171273
-0.171273
-0.171273
-0.171273
-0.171273
-0.171273
-0.171273
-0.171273
-0.171273
-0.171273
-0.171273
-0.171273
-0.171273
-0.171273
-0.171273
-0.171273
-0.171273
-0.171273
-0.171273
-0.171273
-0.171273
-0.171273
-0.171273
-0.171273
-0.171273
-0.171273
-0.171273
-0.171273
-0.171273
-0.171273
-0.171273
-0.171273
-0.171273
-0.171273
-0.171273
-0.171273
-0.171273
-0.171273
-0.171273
-0.171273
-0.171273
-0.171273
-0.171273
-0.171273
-0.171273
-0.171273
-0.171273
-0.171273
-0.171273
-0.171273
-0.171273
-0.171273
-0.171273
-0.171273
-0.171273
-0.171273
-0.171273
-0.171273
-0.171273
-0.171273
-0.171273
-0.171273
-0.171273
-0.171273
-0.171273
-0.171273
-0.171273
-0.171273
-0.171273
-0.171273
-0.171273
-0.171273
-0.171273
-0.171273
-0.171273
-0.171273
-0.171273
-0.171273
-0.171273
-0.171273
-0.171273
-0.171273
-0.171273
-0.171273
-0.171273
-0.171273
-0.171273
-0.171273
-0.171273
-0.171273
-0.171273
-0.171273
-0.171273
-0.171273
-0.171273
-0.171273
-0.171273
-0.171273
-0.171273
-0.171273
-0.171273
-0.171273
-0.171273
-0.171273
-0.171273
-0.171273
-0.171273
-0.171273
-0.171273
-0.171273
-0.171273
-0.171273
-0.171273
-0.171273
-0.171273
-0.171273
-0.171273
-0.171273
-0.171273
-0.171273
-0.171273
-0.171273
-0.171273
-0.171273
-0.171273
-0.171273
-0.171273
-0.171273
-0.171273
-0.171273
-0.171273
-0.171273
-0.171273
-0.171273
-0.171273
-0.171273
-0.171273
-0.171273
-0.171273
-0.171273
-0.171273
-0.171273
-0.171273
-0.171273
-0.171273
-0.171273
-0.171273
-0.171273
-0.171273
-0.171273
-0.171273
-0.171273
-0.171273
-0.171273
-0.171273
-0.171273
-0.171273
-0.171273
-0.171273
-0.171273
-0.171273
-0.171273
-0.171273
-0.171273
-0.171273
-0.171273
-0.171273
-0.171273
-0.171273
-0.171273
-0.171273
-0.171273
-0.171273
-0.171273
-0.171273
-0.171273
-0.171273
-0.171273
-0.171273
-0.171273
-0.171273
-0.171273
-0.171273
-0.171273
-0.171273
-0.171273
-0.171273
-0.171273
-0.171273
-0.171273
-0.171273
-0.171273
-0.171273
-0.171273
-0.171273
-0.171273
-0.171273
-0.171273
-0.171273
-0.171273
-0.171273
-0.171273
-0.171273
-0.171273
-0.171273
-0.171273
-0.171273
-0.171273
-0.171273
-0.171273
-0.171273
-0.171273
-0.171273
-0.171273
-0.171273
-0.171273
-0.171273
-0.171273
-0.171273
-0.171273
-0.171273
-0.171273
-0.171273
-0.171273
-0.171273
-0.171273
-0.171273
-0.171273
-0.171273
-0.171273
-0.171273
-0.171273
-0.171273
-0.171273
-0.171273
-0.171273
-0.171273
-0.171273
-0.171273
-0.171273
-0.171273
-0.171273
-0.171273
-0.171273
-0.171273
-0.171273
-0.171273
-0.171273
-0.171273
-0.171273
-0.171273
-0.171273
-0.171273
-0.171273
-0.171273
-0.171273
-0.171273
-0.171273
-0.171273
-0.171273
-0.171273
-0.171273
-0.171273
-0.171273
-0.171273
-0.171273
-0.171273
-0.171273
-0.171273
-0.171273
-0.171273
-0.171273
-0.171273
-0.171273
-0.171273
-0.171273
-0.171273
-0.171273
-0.171273
-0.171273
-0.171273
-0.171273
-0.171273
-0.171273
-0.171273
-0.171273
-0.171273
-0.171273
-0.171273
-0.171273
-0.171273
-0.171273
-0.171273
-0.171273
-0.171273
-0.171273
-0.171273
-0.171273
-0.171273
-0.171273
-0.171273
-0.171273
-0.171273
-0.171273
-0.171273
-0.171273
-0.171273
-0.171273
-0.171273
-0.171273
-0.171273
-0.171273
-0.171273
-0.171273
-0.171273
-0.171273
-0.171273
-0.171273
-0.171273
-0.171273
-0.171273
-0.171273
-0.171273
-0.171273
-0.171273
-0.171273
-0.171273
-0.171273
-0.171273
-0.171273
-0.171273
-0.171273
-0.171273
-0.171273
-0.171273
-0.171273
-0.171273
-0.171273
-0.171273
-0.171273
-0.171273
-0.171273
-0.171273
-0.171273
-0.171273
-0.171273
-0.171273
-0.171273
-0.171273
-0.171273
-0.171273
-0.171273
-0.171273
-0.171273
-0.171273
-0.171273
-0.171273
-0.171273
-0.171273
-0.171273
-0.171273
-0.171273
-0.171273
-0.171273
-0.171273
-0.171273
-0.171273
-0.171273
-0.171273
-0.171273
-0.171273
-0.171273
-0.171273
-0.171273
-0.171273
-0.171273
-0.171273
-0.171273
-0.171273
-0.171273
-0.171273
-0.171273
-0.171273
-0.171273
-0.171273
-0.171273
-0.171273
-0.171273
-0.171273
-0.171273
-0.171273
-0.171273
-0.171273
-0.171273
-0.171273
-0.171273
-0.171273
-0.171273
-0.171273
-0.171273
-0.171273
-0.171273
-0.171273
-0.171273
-0.171273
-0.171273
-0.171273
-0.171273
-0.171273
-0.171273
-0.171273
-0.171273
-0.171273
-0.171273
-0.171273
-0.171273
-0.171273
-0.171273
-0.171273
-0.171273
-0.171273
-0.171273
-0.171273
-0.171273
-0.171273
-0.171273
-0.171273
-0.171273
-0.171273
-0.171273
-0.171273
-0.171273
-0.171273
-0.171273
-0.171273
-0.171273
-0.171273
-0.171273
-0.171273
-0.171273
-0.171273
-0.171273
-0.171273
-0.171273
-0.171273
-0.171273
-0.171273
-0.171273
-0.171273
-0.171273
-0.171273
-0.171273
-0.171273
-0.171273
-0.171273
-0.171273
-0.171273
-0.171273
-0.171273
-0.171273
-0.171273
-0.171273
-0.171273
-0.171273
-0.171273
-0.171273
-0.171273
-0.171273
-0.171273
-0.171273
-0.171273
-0.171273
-0.171273
-0.171273
-0.171273
-0.171273
-0.171273
-0.171273
-0.171273
-0.171273
-0.171273
-0.171273
-0.171273
-0.171273
-0.171273
-0.171273
-0.171273
-0.171273
-0.171273
-0.171273
-0.171273
-0.171273
-0.171273
-0.171273
-0.171273
-0.171273
-0.171273
-0.171273
-0.171273
-0.171273
-0.171273
-0.171273
-0.171273
-0.171273
-0.171273
-0.171273
-0.171273
-0.171273
-0.171273
-0.171273
-0.171273
-0.171273
-0.171273
-0.171273
-0.171273
-0.171273
-0.171273
-0.171273
-0.171273
-0.171273
-0.171273
-0.171273
-0.171273
-0.171273
-0.171273
-0.171273
-0.171273
-0.171273
-0.171273
-0.171273
-0.171273
-0.171273
-0.171273
-0.171273
-0.171273
-0.171273
-0.171273
-0.171273
-0.171273
-0.171273
-0.171273
-0.171273
-0.171273
-0.171273
-0.171273
-0.171273
-0.171273
-0.171273
-0.171273
-0.171273
-0.171273
-0.171273
-0.171273
-0.171273
-0.171273
-0.171273
-0.171273
-0.171273
-0.171273
-0.171273
-0.171273
-0.171273
-0.171273
-0.171273
-0.171273
-0.171273
-0.171273
-0.171273
-0.171273
-0.171273
-0.171273
-0.171273
-0.171273
-0.171273
-0.171273
-0.171273
-0.171273
-0.171273
-0.171273
-0.171273
-0.171273
-0.171273
-0.171273
-0.171273
-0.171273
-0.171273
-0.171273
-0.171273
-0.171273
-0.171273
-0.171273
-0.171273
-0.171273
-0.171273
-0.171273
-0.000723693
0.0445939
0.00921491
0.0113308
-0.0596266
0.161441
0.037669
0.0771273
-0.0204606
-0.015043
0.0728415
0.149482
0.0022887
-0.0436972
-0.0613779
-0.0220233
-0.0562752
-0.0126018
-0.000125766
0.080987
0.0475276
0.0602522
-0.0236643
0.128272
-0.00766196
-0.0422844
-0.0658307
0.0697863
0.127547
-0.0506662
-0.00766196
-0.0327022
0.0363539
-0.0116347
0.128272
-0.04762
0.017554
0.164038
0.0313592
0.101503
-0.0387038
-0.04762
0.149635
-0.015043
-0.00132274
0.161608
0.159657
0.00720918
-0.000125766
0.116612
0.163513
0.00853166
0.148581
0.0554259
-0.0678005
-0.0601549
0.0446335
0.150172
0.165805
0.00853166
0.104328
-0.0461389
-0.0703126
-0.0071494
0.122815
-0.0579301
-0.0366202
0.162985
-0.026719
-0.0268225
0.165363
-0.0101669
-0.0461389
-0.0546549
0.0973664
0.0325711
-0.0220233
0.0106169
0.0521544
0.140416
-0.0220626
0.0223221
-0.0145544
-0.0116347
-0.0309454
0.0620553
0.162288
0.0390226
-0.0466625
0.00991091
0.0350619
0.16472
-0.00132274
0.0536566
0.0715782
0.0733992
-0.0579301
0.0693304
0.00921491
-0.0366202
0.0537689
-0.0140644
-0.0538705
-0.0618521
-0.0248648
0.00921491
0.121973
-0.0199586
-0.0703126
0.00410265
0.0120523
-0.040928
-0.0506662
0.127144
-0.00607636
0.076446
0.040383
0.0142824
-0.00493661
0.122815
-0.0579301
-0.031797
0.0710739
-0.0655066
0.0363654
-0.033665
-0.0451596
0.163161
-0.0680413
-0.0618521
-0.0601549
-0.0204358
-0.0436972
-0.0309454
-0.0451596
-0.0145544
0.0203341
0.0505786
-0.0155292
-0.0327022
-0.0260799
0.0106169
0.0538901
-0.000723693
-0.0703126
-0.040928
0.162985
-0.0179242
0.122409
0.0313592
0.080987
-0.0355028
0.0522552
-0.013087
0.00107837
-0.0655066
0.0233604
0.0120523
0.164553
-0.04762
0.161608
0.0193781
-0.0461389
-0.0555408
0.134646
0.0505786
-0.017935
-0.0355028
-0.0658307
-0.0579301
-0.00551427
0.0244309
-0.0446854
0.0113308
0.0142824
0.01845
0.00656907
0.00991091
-0.0538705
0.0266605
0.00349761
0.00349761
-0.0274953
0.0113308
0.0244309
0.113055
0.158657
0.161945
0.163337
0.0507528
-0.0546549
0.0752487
0.0193781
0.164886
0.103615
-0.0466625
-0.00607636
-0.0613779
0.158829
-0.0658307
-0.0274953
0.108032
0.0203341
-0.040928
-0.0596266
-0.0562752
0.0431669
0.080987
0.00349761
0.0460947
0.0022887
0.165048
-0.0155292
-0.0596266
0.00594079
-0.04762
-0.00866588
-0.0396308
0.0193781
-0.0145544
-0.0466625
-0.00966928
-0.0140644
0.0350619
-0.0160123
-0.04762
-0.0225875
0.160623
-0.0295216
0.0325711
-0.0461389
0.0973664
-0.0215077
-0.0344448
-0.0596266
-0.00662144
-0.0164922
-0.000125766
-0.0632017
0.140934
0.121973
-0.0678005
0.00991091
0.122815
0.0350619
-0.0209958
-0.0274953
0.122815
0.0120523
-0.0327022
-0.031797
0.122815
0.041791
-0.0522456
-0.00132274
0.134381
-0.0613779
-0.0422844
0.0233604
0.01845
-0.0387038
-0.0327022
0.164038
0.0893427
0.0193781
0.00532196
-0.0522456
-0.0121183
-0.0506662
0.133454
-0.0155292
0.0203341
-0.0436972
0.149635
0.0505786
-0.0268225
-0.0596266
-0.0446854
-0.00493661
-0.0295216
-0.0366202
0.161441
-0.0164922
0.0948684
-0.0522456
-0.0126018
0.160141
0.121507
0.16246
0.0193781
0.112513
-0.0174426
0.0676123
0.0266605
-0.0506662
-0.0506662
-0.000723693
0.0460469
-0.0522456
-0.0613779
-0.0344448
-0.0618521
-0.0658307
0.041764
0.0223221
-0.00253187
0.00853166
0.0266605
0.0350531
-0.0374947
-0.0506662
0.0135249
-0.0155292
0.15998
0.0981411
0.0490374
-0.00966928
0.00921491
-0.0491272
-0.00866588
-0.0399744
-0.00866588
0.0313592
-0.017935
-0.0220233
-0.0121183
0.0790381
0.166198
-0.0387038
-0.0387038
0.0266605
-0.04762
0.01845
0.127923
0.0676123
0.0158613
0.0278114
-0.0184178
-0.00607636
-0.015043
-0.0071494
0.017554
-0.0613779
0.0150596
-0.0613779
0.13489
0.128272
0.164886
-0.026719
-0.0613779
-0.0268225
-0.0387038
0.041791
-0.0436972
-0.0703126
0.0404053
0.000474669
-0.00313971
0.149321
-0.0680413
0.0166917
-0.0658307
0.0142824
0.161945
0.0728415
-0.013087
-0.0242854
-0.031797
0.0537689
-0.0562752
-0.0231726
0.0350531
-0.00132274
-0.00866588
0.165515
-0.0169688
0.0338019
-0.0579301
-0.0311211
-0.0703126
0.163513
-0.0522456
-0.0355028
-0.0327022
0.133786
0.158829
0.166198
0.0693304
0.0338019
0.140934
-0.0254623
0.121507
0.0790381
-0.0135747
0.0244309
0.0850331
0.149321
0.00594079
0.0475276
-0.026719
-0.0101669
0.0142824
-0.033665
-0.0019255
0.112513
0.0693304
-0.00916824
0.0390226
-0.0242854
0.158829
-0.00866588
0.0255321
-0.0596266
-0.0111492
0.0505786
-0.0121183
-0.028779
0.104998
0.0350817
-0.013087
-0.0366202
0.150291
0.165363
-0.04762
-0.0579301
-0.0135747
-0.0319913
-0.0311211
0.00853166
-0.00816472
0.01845
0.104328
-0.0497665
-0.0374947
-0.0236643
-0.0199363
0.0446335
-0.0446854
0.141772
-0.031797
0.141384
0.165662
0.0460947
-0.0106602
0.0022887
-0.0249412
-0.00551427
0.037683
0.0404053
-0.0273808
-0.0613779
-0.0311211
0.00168354
-0.031797
0.00168354
0.122409
-0.04762
0.080987
0.0325711
-0.0281933
0.0925057
0.127547
0.162985
0.117606
0.140684
0.141384
-0.0071494
-0.0155292
0.116612
-0.00766196
-0.00766196
0.165662
-0.0497665
-0.033665
-0.04762
-0.0596266
0.0623145
0.0659189
0.127144
-0.028779
0.0289801
0.0602522
-0.0538705
-0.0327022
0.0142824
-0.0636295
-0.018932
-0.0273808
0.141585
0.0113308
-0.033665
0.116061
-0.0655066
-0.0164922
-0.0231204
0.159495
0.12101
0.0213147
-0.0231726
-0.0655066
0.080987
0.164553
-0.0461389
0.0475276
-0.0446854
0.104328
0.0193781
0.00786302
0.0213147
-0.017935
0.0752487
-0.0446854
-0.0436972
0.112513
0.122409
-0.0613779
-0.0374947
-0.015043
0.108657
0.0636494
0.0522552
0.0522552
-0.040928
0.0506623
-0.0422844
0.0106169
0.0431669
0.113055
-0.0491272
-0.0678005
-0.0546549
0.0981411
0.030163
-0.0215077
0.0655745
-0.0220626
0.149482
0.148782
0.103615
-0.0613779
-0.0199586
-0.0451596
-0.0596266
-0.0334453
-0.0184178
0.165207
0.161441
0.0363539
-0.0303001
0.0028933
0.149482
-0.0399744
0.112513
-0.040928
-0.0273808
0.0476475
-0.0327022
-0.0169688
-0.0215077
0.161776
-0.0231726
-0.0613779
0.00853166
0.0266605
0.0350619
-0.0436972
-0.0101669
0.100785
0.01845
-0.0538705
0.0390056
-0.0422844
-0.00132274
-0.0432678
0.0244309
-0.017935
-0.0546549
0.0973664
-0.0481984
-0.0506662
0.0203341
0.166073
-0.0135747
0.165363
0.0338019
-0.0169688
-0.0436972
-0.0555408
-0.0522456
-0.00662144
0.01845
-0.0461389
-0.0555408
0.160301
-0.0319913
0.0223221
0.00853166
-0.0126018
0.0166917
-0.0295216
-0.0632017
0.0973664
-0.0355028
-0.0243544
-0.04762
0.0460947
-0.0446854
-0.0579301
-0.033665
-0.0145544
0.0475276
-0.0680413
-0.040928
-0.0618521
0.149482
-0.0422844
0.165515
0.162116
-0.00313971
-0.0189164
0.0602522
0.141167
0.037669
0.00168354
-0.0295216
0.017554
-0.04762
0.0728415
0.0475853
0.0213147
0.000474669
-0.0366202
-0.040928
0.000474669
-0.0209662
0.00786302
0.16246
0.00410265
0.158998
0.158829
-0.0236643
0.163864
0.0213147
-0.0140644
-0.0636295
0.0203341
0.11193
-0.0436972
0.041764
0.161608
-0.0155292
-0.0295216
0.0028933
0.108657
-0.0596266
0.164886
-0.0225875
-0.0344448
-0.0387038
0.0223221
-0.0366202
-0.0169688
-0.0355028
0.0446335
-0.0303001
-0.0396308
-0.0613779
-0.0169688
-0.04762
0.140684
0.140416
0.163161
-0.015043
-0.0204606
0.161441
0.160141
-0.0491272
0.030163
0.0266605
-0.015043
-0.0248648
-0.040928
0.0142824
0.0782852
0.090257
0.134646
-0.0199363
0.108032
-0.0396308
-0.0387038
0.165363
-0.015043
-0.0019255
0.161776
-0.028779
0.141167
0.160462
-0.0432678
0.0135249
-0.0658307
-0.0461389
-0.0126018
0.0620553
-0.0538705
-0.0491272
0.150291
-0.0655066
-0.0436972
0.00349761
-0.04762
-0.0344448
-0.0363455
-0.0355028
-0.0701393
0.0475853
0.162985
-0.0387038
0.0266605
-0.0678005
0.0338019
-0.0555408
0.00921491
-0.0701393
0.0158613
0.0475853
-0.028779
-0.033665
-0.0538705
-0.000125766
0.0752487
0.017554
0.0255321
-0.0344448
0.165207
0.041764
0.0893427
-0.04762
0.00410265
-0.0658307
-0.0538705
-0.00313971
0.0233604
0.0255321
0.00410265
-0.00866588
-0.0422844
0.0166917
0.0113308
-0.0451596
-0.00916824
-0.0613779
-0.0327022
0.113055
-0.0194406
-0.0145544
-0.0636295
0.01845
0.0325711
-0.031797
0.0350531
-0.0194406
0.0233604
0.0158613
0.00532196
-0.0701393
-0.00551427
-0.0019255
0.041791
-0.00866588
-0.0249412
-0.0194406
-0.0530691
0.141585
0.159657
0.133454
-0.0179242
0.0150596
-0.0387038
0.00532196
0.0733992
-0.00313971
0.0586905
0.090257
0.0940183
0.00656907
-0.0680413
0.161945
0.00532196
0.162809
0.00720918
-0.015043
-0.0432678
0.163513
0.0266605
-0.00132274
0.0771273
0.0475853
-0.0422844
-0.031797
-0.0295216
-0.0618521
0.0313592
-0.0169688
0.164038
0.141384
-0.0169688
0.0676123
0.00349761
0.00471006
0.164553
0.0571295
0.0623145
0.108657
0.0223221
-0.028779
-0.00607636
-0.0522456
-0.0260799
0.0390226
0.0028933
-0.00916824
-0.0194608
-0.0101669
-0.00551427
-0.0546549
0.01845
-0.013087
-0.0399744
0.0233604
0.111304
-0.04762
-0.0231204
0.16472
0.0771273
-0.00766196
-0.00374569
0.0850331
0.11193
-0.0590119
0.0203341
0.160141
0.00786302
0.0871495
0.0158613
-0.00816472
0.0636494
0.0289801
0.0460469
0.0244309
-0.0374947
-0.0236643
0.000474669
0.112513
0.141585
-0.033665
0.160623
0.108657
0.159819
0.121507
0.0871495
0.0313592
-0.00816472
-0.0160123
0.030163
-0.00493661
0.0554259
0.0925057
-0.0374947
0.103615
0.166073
-0.0184308
0.108657
-0.026719
0.00786302
0.122815
-0.0121183
-0.0530691
0.0166917
0.158829
0.108032
-0.00493661
-0.0363455
0.141384
-0.00253187
0.01845
0.000474669
-0.019422
-0.0491272
0.163337
0.160947
0.0158613
-0.0399744
-0.0355028
0.0142824
0.0973664
-0.0363455
-0.0655066
0.0244309
0.0166917
-0.00253187
-0.0254623
0.0120523
0.0150596
0.149321
0.0244309
0.00720918
0.080987
-0.0169688
0.166073
-0.0491272
-0.0363455
-0.0491272
0.140416
-0.0209662
-0.0422844
0.041764
0.165942
0.140684
0.000474669
0.00532196
-0.00966928
-0.0596266
0.0871495
-0.0334453
0.00594079
-0.00253187
0.0278114
0.0404053
0.0522552
0.159166
0.160141
0.166073
-0.0242854
-0.0374947
0.163161
0.0363539
0.0602522
0.00168354
0.163161
0.0223221
0.0460469
0.14013
-0.0280667
-0.0678005
-0.0209662
0.0193781
-0.00866588
0.0390056
0.00168354
-0.0160123
0.0233604
-0.0613779
0.100785
0.0255321
-0.0618521
0.0537689
0.0733992
-0.013087
-0.00551427
-0.0019255
0.080987
0.00991091
0.0193781
0.0278114
0.14013
0.0607017
-0.0546549
-0.0572542
-0.040928
-0.0184308
0.165207
-0.0355028
0.0771273
0.0135249
0.165942
0.01845
0.0313592
-0.0432678
0.0522552
-0.04762
0.163513
-0.0174426
0.0255321
0.0431669
-0.031797
-0.04762
0.162985
-0.0636295
0.0554259
-0.0145544
0.134646
0.0620553
0.0537689
-0.028779
0.150406
-0.015043
0.0620553
0.0538901
0.162116
-0.0538705
-0.000723693
0.135172
0.00921491
0.0113308
-0.0516044
0.163644
0.0376131
0.152245
-0.0286867
-0.015043
0.152245
0.152245
0.0022887
-0.0462661
-0.0516044
-0.0676475
-0.0516044
-0.0126018
-0.000125766
0.152245
0.127168
0.141626
-0.0710233
0.152245
-0.00766196
-0.0438512
-0.0556359
0.152245
0.152245
-0.0537571
-0.00766196
-0.0371492
0.0363241
-0.0116347
0.152245
-0.0508458
0.017554
0.164031
0.0313592
0.152245
-0.039203
-0.0518891
0.152245
-0.015043
-0.00132274
0.163644
0.163644
0.00720918
-0.000125766
0.152245
0.163644
0.00853166
0.152245
0.0925187
-0.0599684
-0.0516044
0.15636
0.163644
0.163644
0.00853166
0.152245
-0.0492919
-0.0599684
-0.0071494
0.152245
-0.0516044
-0.0378977
0.163644
-0.0469799
-0.0461216
0.164031
-0.0101669
-0.0482197
-0.0478542
0.152245
0.0325711
-0.0676475
0.0106169
0.0551255
0.152245
-0.0723145
0.0223221
-0.0145544
-0.0116347
-0.0377983
0.141626
0.163644
0.0389172
-0.0500176
0.00991091
0.0338019
0.164031
-0.00132274
0.060654
0.152245
0.152245
-0.0516044
0.152245
0.00921491
-0.0380496
0.0650431
-0.0140644
-0.047613
-0.0556359
-0.0587223
0.00921491
0.152245
-0.0220626
-0.0599684
0.00410265
0.0120523
-0.0415119
-0.0554197
0.152245
-0.00607636
0.152245
0.0402339
0.0142824
-0.00493661
0.152245
-0.0516044
-0.0374947
0.152245
-0.0556359
0.0363241
-0.0374772
-0.0477975
0.163644
-0.0599684
-0.0556359
-0.0516044
-0.0278592
-0.0448552
-0.0377983
-0.0477975
-0.0145544
0.0203341
0.0570846
-0.0155292
-0.0371492
-0.054838
0.0106169
0.0712971
-0.000723693
-0.0599684
-0.0415499
0.163644
-0.0179142
0.152245
0.0313592
0.152245
-0.0381347
0.0605656
-0.013087
0.00107837
-0.0556359
0.0233604
0.0120523
0.163644
-0.0508458
0.163644
0.0193781
-0.0489057
-0.0478542
0.152245
0.0593882
-0.0179142
-0.0375478
-0.0556359
-0.0516044
-0.00551427
0.0244309
-0.0475672
0.0113308
0.0142824
0.01845
0.00656907
0.00991091
-0.0499614
0.0266605
0.00349761
0.00349761
-0.0412762
0.0113308
0.0244309
0.152245
0.163644
0.163644
0.164031
0.0566111
-0.0478542
0.152245
0.0193781
0.164031
0.152245
-0.0503701
-0.00607636
-0.0516044
0.163644
-0.0556359
-0.0412762
0.152245
0.0203341
-0.0407049
-0.0516044
-0.0516044
0.0773582
0.152245
0.00349761
0.155112
0.0022887
0.163644
-0.0155292
-0.0516044
0.00594079
-0.0512475
-0.00866588
-0.0399033
0.0193781
-0.0145544
-0.0503701
-0.00966928
-0.0140644
0.0350531
-0.0160123
-0.0516644
-0.0723145
0.163644
-0.0375822
0.0325711
-0.0489057
0.152245
-0.0663396
-0.0374772
-0.0516044
-0.00662144
-0.0164922
-0.000125766
-0.0556359
0.152245
0.152245
-0.0599684
0.00991091
0.152245
0.0338019
-0.0549097
-0.0412762
0.152245
0.0120523
-0.0375907
-0.0381049
0.152245
0.0474742
-0.0537488
-0.00132274
0.152245
-0.0516044
-0.0440113
0.0233604
0.01845
-0.039203
-0.0375907
0.163644
0.152245
0.0193781
0.00532196
-0.0542932
-0.0121183
-0.0540663
0.152245
-0.0155292
0.0203341
-0.0455787
0.163644
0.0570846
-0.0461216
-0.0516044
-0.0464284
-0.00493661
-0.0383578
-0.0387742
0.163644
-0.0164922
0.152245
-0.0530115
-0.0126018
0.163644
0.152245
0.163644
0.0193781
0.152245
-0.0174426
0.152245
0.0266605
-0.0554197
-0.0538479
-0.000723693
0.134274
-0.0555607
-0.0516044
-0.0379122
-0.0556359
-0.0556359
0.0474248
0.0223221
-0.00253187
0.00853166
0.0266605
0.0350531
-0.0393912
-0.0540049
0.0135249
-0.0155292
0.163644
0.152245
0.0875711
-0.00966928
0.00921491
-0.0530329
-0.00866588
-0.0406756
-0.00866588
0.0313592
-0.0179142
-0.0676475
-0.0121183
0.152245
0.164031
-0.039969
-0.0391641
0.0266605
-0.0512475
0.01845
0.152245
0.152245
0.0158613
0.0278114
-0.0183846
-0.00607636
-0.015043
-0.0071494
0.017554
-0.0516044
0.0150596
-0.0516044
0.152245
0.152245
0.164031
-0.0469799
-0.0516044
-0.0461216
-0.039969
0.0684247
-0.045715
-0.0599684
0.0444626
0.000474669
-0.00313971
0.152245
-0.0599684
0.0166917
-0.0556359
0.0142824
0.163644
0.152245
-0.013087
-0.0676475
-0.0374947
0.063471
-0.0478542
-0.0723145
0.0350531
-0.00132274
-0.00866588
0.163644
-0.0169688
0.0338019
-0.0516044
-0.0377983
-0.0599684
0.163644
-0.0545209
-0.0381347
-0.0375907
0.152245
0.163644
0.163644
0.152245
0.0338019
0.152245
-0.054838
0.152245
0.152245
-0.0135747
0.0244309
0.152245
0.152245
0.00594079
0.122392
-0.0469799
-0.0101669
0.0142824
-0.0376503
-0.0019255
0.152245
0.152245
-0.00916824
0.0389172
-0.0676475
0.163644
-0.00866588
0.0255321
-0.0516044
-0.0111492
0.0570846
-0.0121183
-0.0383578
0.152245
0.0350531
-0.013087
-0.0380496
0.163644
0.164031
-0.0521053
-0.0516044
-0.0135747
-0.0381049
-0.0374947
0.00853166
-0.00816472
0.01845
0.152245
-0.0550128
-0.0393387
-0.0710233
-0.0214446
0.15636
-0.0469235
0.152245
-0.0381049
0.152245
0.163644
0.153761
-0.0106602
0.0022887
-0.0587223
-0.00551427
0.0376131
0.0444357
-0.0435487
-0.0516044
-0.0377983
0.00168354
-0.0374947
0.00168354
0.152245
-0.0508458
0.152245
0.0325711
-0.0392615
0.152245
0.152245
0.163644
0.152245
0.152245
0.152245
-0.0071494
-0.0155292
0.152245
-0.00766196
-0.00766196
0.164031
-0.0550128
-0.0378371
-0.0512475
-0.0516044
0.141626
0.152245
0.152245
-0.0392615
0.0289801
0.142686
-0.0478542
-0.0375907
0.0142824
-0.0556359
-0.0188546
-0.0435487
0.152245
0.0113308
-0.0376503
0.152245
-0.0556359
-0.0164922
-0.0723145
0.163644
0.152245
0.0213147
-0.0723145
-0.0556359
0.152245
0.164031
-0.0492919
0.122392
-0.0471168
0.152245
0.0193781
0.00786302
0.0213147
-0.0179142
0.152245
-0.0471168
-0.0448552
0.152245
0.152245
-0.0516044
-0.0385252
-0.015043
0.152245
0.141626
0.060654
0.0578348
-0.0423668
0.0570232
-0.0431823
0.0106169
0.0750108
0.152245
-0.0528249
-0.0599684
-0.0478542
0.152245
0.030163
-0.0663396
0.141626
-0.0723145
0.152245
0.152245
0.152245
-0.0516044
-0.0220626
-0.0482197
-0.0516044
-0.0378371
-0.0183846
0.163644
0.163644
0.0363241
-0.038126
0.0028933
0.152245
-0.0406756
0.152245
-0.0423668
-0.0435487
0.0875711
-0.0375907
-0.0169688
-0.0663396
0.163644
-0.0723145
-0.0516044
0.00853166
0.0266605
0.0338019
-0.0448552
-0.0101669
0.152245
0.01845
-0.0513017
0.0389172
-0.0440113
-0.00132274
-0.0446505
0.0244309
-0.0179142
-0.0478542
0.152245
-0.0528249
-0.0540049
0.0203341
0.164031
-0.0135747
0.163644
0.0338019
-0.0169688
-0.0448552
-0.0478542
-0.0535567
-0.00662144
0.01845
-0.0492919
-0.0478542
0.163644
-0.0381049
0.0223221
0.00853166
-0.0126018
0.0166917
-0.0375822
-0.0556359
0.152245
-0.0375478
-0.0631953
-0.0512475
0.155112
-0.0471168
-0.0516044
-0.0374772
-0.0145544
0.122392
-0.0599684
-0.0423668
-0.0556359
0.152245
-0.0440113
0.163644
0.163644
-0.00313971
-0.0188546
0.142004
0.152245
0.0376131
0.00168354
-0.0375822
0.017554
-0.0518891
0.152245
0.0930762
0.0213147
0.000474669
-0.0387047
-0.0423168
0.000474669
-0.0408475
0.00786302
0.163644
0.00410265
0.163644
0.163644
-0.0710233
0.163644
0.0213147
-0.0140644
-0.0556359
0.0203341
0.152245
-0.0461158
0.0459616
0.163644
-0.0155292
-0.0379552
0.0028933
0.152245
-0.0516044
0.163644
-0.0723145
-0.0379122
-0.039203
0.0223221
-0.03783
-0.0169688
-0.0383254
0.156948
-0.038126
-0.0399033
-0.0516044
-0.0169688
-0.0512475
0.152245
0.152245
0.163644
-0.015043
-0.0392052
0.163644
0.163644
-0.0539532
0.030163
0.0266605
-0.015043
-0.0587223
-0.0415499
0.0142824
0.152245
0.152245
0.152245
-0.0219533
0.152245
-0.0398467
-0.0392448
0.164031
-0.015043
-0.0019255
0.163644
-0.0392615
0.152245
0.163644
-0.0448552
0.0135249
-0.0556359
-0.0500544
-0.0126018
0.141626
-0.0501074
-0.0545854
0.163644
-0.0556359
-0.0461158
0.00349761
-0.0525787
-0.0371682
-0.0381347
-0.0376601
-0.0599684
0.0787626
0.163644
-0.039969
0.0266605
-0.0599684
0.0338019
-0.0478542
0.00921491
-0.0599684
0.0158613
0.122392
-0.0392615
-0.0374772
-0.0478542
-0.000125766
0.152245
0.017554
0.0255321
-0.0373168
0.163644
0.0459616
0.152245
-0.0510911
0.00410265
-0.0556359
-0.051717
-0.00313971
0.0233604
0.0255321
0.00410265
-0.00866588
-0.0441008
0.0166917
0.0113308
-0.0482197
-0.00916824
-0.0516044
-0.0371492
0.152245
-0.0213906
-0.0145544
-0.0556359
0.01845
0.0325711
-0.0381049
0.0350531
-0.0193253
0.0233604
0.0158613
0.00532196
-0.0599684
-0.00551427
-0.0019255
0.0705506
-0.00866588
-0.0587223
-0.0213906
-0.0519391
0.152245
0.163644
0.152245
-0.0179142
0.0150596
-0.039969
0.00532196
0.152245
-0.00313971
0.143944
0.152245
0.152245
0.00656907
-0.0599684
0.163644
0.00532196
0.163644
0.00720918
-0.015043
-0.0446505
0.163644
0.0266605
-0.00132274
0.152245
0.0902593
-0.0439282
-0.037838
-0.0379552
-0.0556359
0.0313592
-0.0169688
0.164031
0.152245
-0.0169688
0.152245
0.00349761
0.00471006
0.163644
0.136601
0.141626
0.152245
0.0223221
-0.0392615
-0.00607636
-0.0523051
-0.0512472
0.0389172
0.0028933
-0.00916824
-0.0213906
-0.0101669
-0.00551427
-0.047613
0.01845
-0.013087
-0.0406484
0.0233604
0.152245
-0.0521053
-0.0723145
0.163644
0.152245
-0.00766196
-0.00374569
0.152245
0.152245
-0.0516044
0.0203341
0.163644
0.00786302
0.152245
0.0158613
-0.00816472
0.141626
0.0289801
0.155748
0.0244309
-0.0385252
-0.0710233
0.000474669
0.152245
0.152245
-0.0374772
0.163644
0.152245
0.163644
0.152245
0.152245
0.0313592
-0.00816472
-0.0160123
0.030163
-0.00493661
0.0801813
0.152245
-0.0387047
0.152245
0.163644
-0.0183846
0.152245
-0.0469799
0.00786302
0.152245
-0.0121183
-0.052171
0.0166917
0.163644
0.152245
-0.00493661
-0.0381347
0.152245
-0.00253187
0.01845
0.000474669
-0.0193253
-0.054248
0.163644
0.163644
0.0158613
-0.0406756
-0.0376601
0.0142824
0.152245
-0.0381347
-0.0556359
0.0244309
0.0166917
-0.00253187
-0.0587223
0.0120523
0.0150596
0.152245
0.0244309
0.00720918
0.152245
-0.0169688
0.164031
-0.0538597
-0.0380496
-0.0530923
0.152245
-0.0417901
-0.0440113
0.0459616
0.163644
0.152245
0.000474669
0.00532196
-0.00966928
-0.0516044
0.152245
-0.0378371
0.00594079
-0.00253187
0.0278114
0.0444626
0.0591803
0.163644
0.163644
0.164031
-0.0631953
-0.0387047
0.163644
0.0363241
0.142004
0.00168354
0.163644
0.0223221
0.15445
0.152245
-0.0412762
-0.0556359
-0.0400962
0.0193781
-0.00866588
0.0389172
0.00168354
-0.0160123
0.0233604
-0.0516044
0.152245
0.0255321
-0.0556359
0.063739
0.152245
-0.013087
-0.00551427
-0.0019255
0.152245
0.00991091
0.0193781
0.0278114
0.152245
0.141626
-0.0478542
-0.0516044
-0.0423168
-0.0183846
0.163644
-0.0376601
0.152245
0.0135249
0.163644
0.01845
0.0313592
-0.044749
0.0578348
-0.0521053
0.163644
-0.0174426
0.0255321
0.0783622
-0.0381049
-0.0525787
0.163644
-0.0556359
0.0823704
-0.0145544
0.152245
0.141626
0.063739
-0.0392615
0.163644
-0.015043
0.141626
0.0684211
0.163644
-0.047613
