-4.55788
-4.55788
-4.55788
-4.55788
-4.55788
-4.55788
-4.55788
-4.55788
-4.55788
-4.55788
-4.55788
-4.55788
-4.55788
-4.55788
-4.55788
-4.55788
-4.55788
-4.55788
-4.55788
-4.55788
-4.55788
-4.55788
-4.55788
-4.55788
-4.55788
-4.55788
-4.55788
-4.55788
-4.55788
-4.55788
-4.55788
-4.55788
-4.55788
-4.55788
-4.55788
-4.55788
-4.55788
-4.55788
-4.55788
-4.55788
-4.55788
-4.55788
-4.55788
-4.55788
-4.55788
-4.55788
-4.55788
-4.55788
-4.55788
-4.55788
-4.55788
-4.55788
-4.55788
-4.55788
-4.55788
-4.55788
-4.55788
-4.55788
-4.55788
-4.55788
-4.55788
-4.55788
-4.55788
-4.55788
-4.55788
-4.55788
-4.55788
-4.55788
-4.55788
-4.55788
-4.55788
-4.55788
-4.55788
-4.55788
-4.55788
-4.55788
-4.55788
-4.55788
-4.55788
-4.55788
-4.55788
-4.55788
-4.55788
-4.55788
-4.55788
-4.55788
-4.55788
-4.55788
-4.55788
-4.55788
-4.55788
-4.55788
-4.55788
-4.55788
-4.55788
-4.55788
-4.55788
-4.55788
-4.55788
-4.55788
-4.55788
-4.55788
-4.55788
-4.55788
-4.55788
-4.55788
-4.55788
-4.55788
-4.55788
-4.55788
-4.55788
-4.55788
-4.55788
-4.55788
-4.55788
-4.55788
-4.55788
-4.55788
-4.55788
-4.55788
-4.55788
-4.55788
-4.55788
-4.55788
-4.55788
-4.55788
-4.55788
-4.55788
-4.55788
-4.55788
-4.55788
-4.55788
-4.55788
-4.55788
-4.55788
-4.55788
-4.55788
-4.55788
-4.55788
-4.55788
-4.55788
-4.55788
-4.55788
-4.55788
-4.55788
-4.55788
-4.55788
-4.55788
-4.55788
-4.55788
-4.55788
-4.55788
-4.55788
-4.55788
-4.55788
-4.55788
-4.55788
-4.55788
-4.55788
-4.55788
-4.55788
-4.55788
-4.55788
-4.55788
-4.55788
-4.55788
-4.55788
-4.55788
-4.55788
-4.55788
-4.55788
-4.55788
-4.55788
-4.55788
-4.55788
-4.55788
-4.55788
-4.55788
-4.55788
-4.55788
-4.55788
-4.55788
-4.55788
-4.55788
-4.55788
-4.55788
-4.55788
-4.55788
-4.55788
-4.55788
-4.55788
-4.55788
-4.55788
-4.55788
-4.55788
-4.55788
-4.55788
-4.55788
-4.55788
-4.55788
-4.55788
-4.55788
-4.55788
-4.55788
-4.55788
-4.55788
-4.55788
-4.55788
-4.55788
-4.55788
-4.55788
-4.55788
-4.55788
-4.55788
-4.55788
-4.55788
-4.55788
-4.55788
-4.55788
-4.55788
-4.55788
-4.55788
-4.55788
-4.55788
-4.55788
-4.55788
-4.55788
-4.55788
-4.55788
-4.55788
-4.55788
-4.55788
-4.55788
-4.55788
-4.55788
-4.55788
-4.55788
-4.55788
-4.55788
-4.55788
-4.55788
-4.55788
-4.55788
-4.55788
-4.55788
-4.55788
-4.55788
-4.55788
-4.55788
-4.55788
-4.55788
-4.55788
-4.55788
-4.55788
-4.55788
-4.55788
-4.55788
-4.55788
-4.55788
-4.55788
-4.55788
-4.55788
-4.55788
-4.55788
-4.55788
-4.55788
-4.55788
-4.55788
-4.55788
-4.55788
-4.55788
-4.55788
-4.55788
-4.55788
-4.55788
-4.55788
-4.55788
-4.55788
-4.55788
-4.55788
-4.55788
-4.55788
-4.55788
-4.55788
-4.55788
-4.55788
-4.55788
-4.55788
-4.55788
-4.55788
-4.55788
-4.55788
-4.55788
-4.55788
-4.55788
-4.55788
-4.55788
-4.55788
-4.55788
-4.55788
-4.55788
-4.55788
-4.55788
-4.55788
-4.55788
-4.55788
-4.55788
-4.55788
-4.55788
-4.55788
-4.55788
-4.55788
-4.55788
-4.55788
-4.55788
-4.55788
-4.55788
-4.55788
-4.55788
-4.55788
-4.55788
-4.55788
-4.55788
-4.55788
-4.55788
-4.55788
-4.55788
-4.55788
-4.55788
-4.55788
-4.55788
-4.55788
-4.55788
-4.55788
-4.55788
-4.55788
-4.55788
-4.55788
-4.55788
-4.55788
-4.55788
-4.55788
-4.55788
-4.55788
-4.55788
-4.55788
-4.55788
-4.55788
-4.55788
-4.55788
-4.55788
-4.55788
-4.55788
-4.55788
-4.55788
-4.55788
-4.55788
-4.55788
-4.55788
-4.55788
-4.55788
-4.55788
-4.55788
-4.55788
-4.55788
-4.55788
-4.55788
-4.55788
-4.55788
-4.55788
-4.55788
-4.55788
-4.55788
-4.55788
-4.55788
-4.55788
-4.55788
-4.55788
-4.55788
-4.55788
-4.55788
-4.55788
-4.55788
-4.55788
-4.55788
-4.55788
-4.55788
-4.55788
-4.55788
-4.55788
-4.55788
-4.55788
-4.55788
-4.55788
-4.55788
-4.55788
-4.55788
-4.55788
-4.55788
-4.55788
-4.55788
-4.55788
-4.55788
-4.55788
-4.55788
-4.55788
-4.55788
-4.55788
-4.55788
-4.55788
-4.55788
-4.55788
-4.55788
-4.55788
-4.55788
-4.55788
-4.55788
-4.55788
-4.55788
-4.55788
-4.55788
-4.55788
-4.55788
-4.55788
-4.55788
-4.55788
-4.55788
-4.55788
-4.55788
-4.55788
-4.55788
-4.55788
-4.55788
-4.55788
-4.55788
-4.55788
-4.55788
-4.55788
-4.55788
-4.55788
-4.55788
-4.55788
-4.55788
-4.55788
-4.55788
-4.55788
-4.55788
-4.55788
-4.55788
-4.55788
-4.55788
-4.55788
-4.55788
-4.55788
-4.55788
-4.55788
-4.55788
-4.55788
-4.55788
-4.55788
-4.55788
-4.55788
-4.55788
-4.55788
-4.55788
-4.55788
-4.55788
-4.55788
-4.55788
-4.55788
-4.55788
-4.55788
-4.55788
-4.55788
-4.55788
-4.55788
-4.55788
-4.55788
-4.55788
-4.55788
-4.55788
-4.55788
-4.55788
-4.55788
-4.55788
-4.55788
-4.55788
-4.55788
-4.55788
-4.55788
-4.55788
-4.55788
-4.55788
-4.55788
-4.55788
-4.55788
-4.55788
-4.55788
-4.55788
-4.55788
-4.55788
-4.55788
-4.55788
-4.55788
-4.55788
-4.55788
-4.55788
-4.55788
-4.55788
-4.55788
-4.55788
-4.55788
-4.55788
-4.55788
-4.55788
-4.55788
-4.55788
-4.55788
-4.55788
-4.55788
-4.55788
-4.55788
-4.55788
-4.55788
-4.55788
-4.55788
-4.55788
-4.55788
-4.55788
-4.55788
-4.55788
-4.55788
-4.55788
-4.55788
-4.55788
-4.55788
-4.55788
-4.55788
-4.55788
-4.55788
-4.55788
-4.55788
-4.55788
-4.55788
-4.55788
-4.55788
-4.55788
-4.55788
-4.55788
-4.55788
-4.55788
-4.55788
-4.55788
-4.55788
-4.55788
-4.55788
-4.55788
-4.55788
-4.55788
-4.55788
-4.55788
-4.55788
-4.55788
-4.55788
-4.55788
-4.55788
-4.55788
-4.55788
-4.55788
-4.55788
-4.55788
-4.55788
-4.55788
-4.55788
-4.55788
-4.55788
-4.55788
-4.55788
-4.55788
-4.55788
-4.55788
-4.55788
-4.55788
-4.55788
-4.55788
-4.55788
-4.55788
-4.55788
-4.55788
-4.55788
-4.55788
-4.55788
-4.55788
-4.55788
-4.55788
-4.55788
-4.55788
-4.55788
-4.55788
-4.55788
-4.55788
-4.55788
-4.55788
-4.55788
-4.55788
-4.55788
-4.55788
-4.55788
-4.55788
-4.55788
-4.55788
-4.55788
-4.55788
-4.55788
-4.55788
-4.55788
-4.55788
-4.55788
-4.55788
-4.55788
-4.55788
-4.55788
-4.55788
-4.55788
-4.55788
-4.55788
-4.55788
-4.55788
-4.55788
-4.55788
-4.55788
-4.55788
-4.55788
-4.55788
-4.55788
-4.55788
-4.55788
-4.55788
-4.55788
-4.55788
-4.55788
-4.55788
-4.55788
-4.55788
-4.55788
-4.55788
-4.55788
-4.55788
-4.55788
-4.55788
-4.55788
-4.55788
-4.55788
-4.55788
-4.55788
-4.55788
-4.55788
-4.55788
-4.55788
-4.55788
-4.55788
-4.55788
-4.55788
-4.55788
-4.55788
-4.55788
-4.55788
-4.55788
-4.55788
-4.55788
-4.55788
-4.55788
-4.55788
-4.55788
-4.55788
-4.55788
-4.55788
-4.55788
-4.55788
-4.55788
-4.55788
-4.55788
-4.55788
-4.55788
-4.55788
-4.55788
-4.55788
-4.55788
-4.55788
-4.55788
-4.55788
-4.55788
-4.55788
-4.55788
-4.55788
-4.55788
-4.55788
-4.55788
-4.55788
-4.55788
-4.55788
-4.55788
-4.55788
-4.55788
-4.55788
-4.55788
-4.55788
-4.55788
-4.55788
-4.55788
-4.55788
-4.55788
-4.55788
-4.55788
-4.55788
-4.55788
-4.55788
-4.55788
-4.55788
-4.55788
-4.55788
-4.55788
-4.55788
-4.55788
-4.55788
-4.55788
-4.55788
-4.55788
-4.55788
-4.55788
-4.55788
-4.55788
-4.55788
-4.55788
-4.55788
-4.55788
-4.55788
-4.55788
-4.55788
-4.55788
-4.55788
-4.55788
-4.55788
-4.55788
-4.55788
-4.55788
-4.55788
-4.55788
-4.55788
-4.55788
-4.55788
-4.55788
-4.55788
-4.55788
-4.55788
-4.55788
-4.55788
-4.55788
-4.55788
-4.55788
-4.55788
-4.55788
-4.55788
-4.55788
-4.55788
-4.55788
-4.55788
-4.55788
-4.55788
-4.55788
-4.55788
-4.55788
-4.55788
-4.55788
-4.55788
-4.55788
-4.55788
-4.55788
-4.55788
-4.55788
-4.55788
-4.55788
-4.55788
-4.55788
-4.55788
-4.55788
-4.55788
-4.55788
-4.55788
-4.55788
-4.55788
-4.55788
-4.55788
-4.55788
-4.55788
-4.55788
-4.55788
-4.55788
-4.55788
-4.55788
-4.55788
-4.55788
-4.55788
-4.55788
-4.55788
-4.55788
-4.55788
-4.55788
-4.55788
-4.55788
-4.55788
-4.55788
-4.55788
-4.55788
-4.55788
-4.55788
-4.55788
-4.55788
-4.55788
-4.55788
-4.55788
-4.55788
-4.55788
-4.55788
-4.55788
-4.55788
-4.55788
-4.55788
-4.55788
-4.55788
-4.55788
-4.55788
-4.55788
-4.55788
-4.55788
-4.55788
-4.55788
-4.55788
-4.55788
-4.55788
-4.55788
-4.55788
-4.55788
-4.55788
-4.55788
-4.55788
-4.55788
-4.55788
-4.55788
-4.55788
-4.55788
-4.55788
-4.55788
-4.55788
-4.55788
-4.55788
-4.55788
-4.55788
-4.55788
-4.55788
-4.55788
-4.55788
-4.55788
-4.55788
-4.55788
-4.55788
-4.55788
-4.55788
-4.55788
-4.55788
-4.55788
-4.55788
-4.55788
-4.55788
-4.55788
-4.55788
-4.55788
-4.55788
-4.55788
-4.55788
-4.55788
-4.55788
-4.55788
-4.55788
-4.55788
-4.55788
-4.55788
-4.55788
-4.55788
-4.55788
-4.55788
-4.55788
-4.55788
-4.55788
-4.55788
-4.55788
-4.55788
-4.55788
-4.55788
-4.55788
-4.55788
-4.55788
-4.55788
-4.55788
-4.55788
-4.55788
-4.55788
-4.55788
-4.55788
-4.55788
-4.55788
-4.55788
-4.55788
-4.55788
-4.55788
-4.55788
-4.55788
-4.55788
-4.55788
-4.55788
-4.55788
-4.55788
-4.55788
-4.55788
-4.55788
-4.55788
-4.55788
-4.55788
-4.55788
-4.55788
-4.55788
-4.55788
-4.55788
-4.55788
-4.55788
-4.55788
-4.55788
-4.55788
-4.55788
-4.55788
-4.55788
-4.55788
-4.55788
-4.55788
-4.55788
-4.55788
-4.55788
-4.55788
-4.55788
-4.55788
-4.55788
-4.55788
-4.55788
-4.55788
-4.55788
-4.55788
-4.55788
-4.55788
-4.55788
-4.55788
-4.55788
-4.55788
-4.55788
-4.55788
-4.55788
-4.55788
-4.55788
-4.55788
-4.55788
-4.55788
-4.55788
-4.55788
-4.55788
-4.55788
-4.55788
-4.55788
-4.55788
-4.55788
-4.55788
-4.55788
-4.55788
-4.55788
-4.55788
-4.55788
-4.55788
-4.55788
-4.55788
-4.55788
-4.55788
-4.55788
-4.55788
-4.55788
-4.55788
-4.55788
-4.55788
-4.55788
-4.55788
-4.55788
-4.55788
-4.55788
0.000269723
0.0391285
-2.5145e-05
0.000714642
0.308883
0.706812
0.0271819
0.118297
0.0369896
0.0181347
0.106859
0.525597
-0.000628843
0.17929
0.322179
0.0441783
0.282244
0.0124791
3.39058e-05
0.13079
0.0447593
0.0730694
0.0525078
0.355133
0.00501841
0.170346
0.374877
0.0960501
0.338993
0.231446
0.00501841
0.106726
0.0251308
0.0105965
0.355133
0.209007
0.00418084
0.791755
0.0179733
0.211704
0.145964
0.209007
0.532954
0.0181347
0.000530169
0.712816
0.637366
-0.000499807
3.39058e-05
0.274788
0.775633
-0.000209472
0.488113
0.0612333
0.387867
0.322228
0.0391087
0.561902
0.847712
-0.000209472
0.219379
0.198615
0.426398
0.00449248
0.323046
0.295554
0.131577
0.759086
0.0694164
0.0694015
0.832901
0.00815157
0.198615
0.269051
0.188527
0.0196122
0.0441783
0.000436989
0.0542118
0.418589
0.044171
0.00803852
0.0168825
0.0105965
0.0960109
0.077307
0.736341
0.0293346
0.198566
0.000189876
0.0231897
0.812642
0.000530169
0.0576913
0.101288
0.106737
0.295554
0.0961623
-2.5145e-05
0.131577
0.0576477
0.0156944
0.256058
0.335469
0.0587744
-2.5145e-05
0.306879
0.0348173
0.426398
-0.000795773
0.0010216
0.161831
0.231446
0.330909
0.00350369
0.118427
0.0316084
0.0021294
0.00260946
0.323046
0.295554
0.101239
0.101405
0.361774
0.0251235
0.112485
0.188687
0.76465
0.400815
0.335469
0.322228
0.036995
0.17929
0.0960109
0.188687
0.0168825
0.00630777
0.0509212
0.019453
0.106726
0.0656943
0.000436989
0.0576005
0.000269723
0.426398
0.161831
0.759086
0.0271427
0.314963
0.0179733
0.13079
0.12491
0.0541708
0.0134968
-0.000357715
0.361774
0.00900366
0.0010216
0.807482
0.209007
0.712816
0.00553688
0.198615
0.268999
0.402974
0.0509212
0.0271398
0.12491
0.374877
0.295554
0.00304419
0.0100403
0.188735
0.000714642
0.0021294
0.0048282
-0.000609327
0.000189876
0.256058
0.0123435
-0.000771664
-0.000771664
0.0733091
0.000714642
0.0100403
0.266936
0.59675
0.724677
0.770165
0.0508471
0.269051
0.112404
0.00553688
0.817763
0.211505
0.198566
0.00350369
0.322179
0.603649
0.374877
0.0733091
0.235041
0.00630777
0.161831
0.308883
0.282244
0.0365022
0.13079
-0.000771664
0.0418566
-0.000628843
0.822846
0.019453
0.308883
-0.000695033
0.209007
0.00614697
0.153723
0.00553688
0.0168825
0.198566
0.00743636
0.0156944
0.0231897
0.0208403
0.209007
0.0468147
0.676027
0.0862612
0.0196122
0.198615
0.188527
0.0416612
0.118561
0.308883
0.00398697
0.0222995
3.39058e-05
0.33542
0.43432
0.306879
0.387867
0.000189876
0.323046
0.0231897
0.0392651
0.0733091
0.323046
0.0010216
0.106726
0.101239
0.323046
0.033982
0.243504
0.000530169
0.395016
0.322179
0.170346
0.00900366
0.0048282
0.145964
0.106726
0.791755
0.158527
0.00553688
-0.000755767
0.243504
0.0115126
0.231446
0.371003
0.019453
0.00630777
0.17929
0.532954
0.0509212
0.0694015
0.308883
0.188735
0.00260946
0.0862612
0.131577
0.706812
0.0222995
0.180995
0.243504
0.0124791
0.656937
0.298795
0.7421
0.00553688
0.258881
0.025448
0.0911224
0.0123435
0.231446
0.231446
0.000269723
0.0418796
0.243504
0.322179
0.118561
0.335469
0.374877
0.0339966
0.00803852
0.00112383
-0.000209472
0.0123435
0.0231955
0.138613
0.231446
0.00172644
0.019453
0.650468
0.196278
0.0477718
0.00743636
-2.5145e-05
0.219944
0.00614697
0.153682
0.00614697
0.0179733
0.0271398
0.0441783
0.0115126
0.124424
0.862211
0.145964
0.145964
0.0123435
0.209007
0.0048282
0.347069
0.0911224
0.00305707
0.0136178
0.028922
0.00350369
0.0181347
0.00449248
0.00418084
0.322179
0.00257131
0.322179
0.410906
0.355133
0.817763
0.0694164
0.322179
0.0694015
0.145964
0.033982
0.17929
0.426398
0.0315958
-0.000175978
0.00145744
0.518191
0.400815
0.0035919
0.374877
0.0021294
0.724677
0.106859
0.0134968
0.0555598
0.101239
0.0576477
0.282244
0.0495826
0.0231955
0.000530169
0.00614697
0.837874
0.0238341
0.0213511
0.295554
0.0959883
0.426398
0.775633
0.243504
0.12491
0.106726
0.379028
0.603649
0.862211
0.0961623
0.0213511
0.43432
0.0621499
0.298795
0.124424
0.0145673
0.0100403
0.144243
0.518191
-0.000695033
0.0447593
0.0694164
0.00815157
0.0021294
0.112485
0.000814844
0.258881
0.0961623
0.00676894
0.0293346
0.0555598
0.603649
0.00614697
0.0111522
0.308883
0.00973107
0.0509212
0.0115126
0.0817383
0.22729
0.0231768
0.0134968
0.131577
0.569025
0.832901
0.209007
0.295554
0.0145673
0.101214
0.0959883
-0.000209472
0.00556663
0.0048282
0.219379
0.219893
0.138613
0.0525078
0.0348223
0.0391087
0.188735
0.465394
0.101239
0.449923
0.84281
0.0418566
0.00891618
-0.000628843
0.0587625
0.00304419
0.0271733
0.0315958
0.0733251
0.322179
0.0959883
-0.000509131
0.101239
-0.000509131
0.314963
0.209007
0.13079
0.0196122
0.0774121
0.173495
0.338993
0.759086
0.290936
0.426471
0.449923
0.00449248
0.019453
0.274788
0.00501841
0.00501841
0.84281
0.219893
0.112485
0.209007
0.308883
0.077229
0.0862774
0.330909
0.0817383
0.0149789
0.0730694
0.256058
0.106726
0.0021294
0.348651
0.0307888
0.0733251
0.457675
0.000714642
0.112485
0.266717
0.361774
0.0222995
0.0495916
0.630731
0.290711
0.00714103
0.0495826
0.361774
0.13079
0.807482
0.198615
0.0447593
0.188735
0.219379
0.00553688
-0.000366822
0.00714103
0.0271398
0.112404
0.188735
0.17929
0.258881
0.314963
0.322179
0.138613
0.0181347
0.24303
0.0817911
0.0541708
0.0541708
0.161831
0.0508856
0.170346
0.000436989
0.0365022
0.266936
0.219944
0.387867
0.269051
0.196278
0.0164298
0.0416612
0.0863711
0.044171
0.525597
0.495696
0.211505
0.322179
0.0348173
0.188687
0.308883
0.112513
0.028922
0.827892
0.706812
0.0251308
0.0910078
-0.000716293
0.525597
0.153682
0.258881
0.161831
0.0733251
0.0447039
0.106726
0.0238341
0.0416612
0.718771
0.0495826
0.322179
-0.000209472
0.0123435
0.0231897
0.17929
0.00815157
0.203877
0.0048282
0.256058
0.0293446
0.170346
0.000530169
0.179335
0.0100403
0.0271398
0.269051
0.188527
0.208957
0.231446
0.00630777
0.857412
0.0145673
0.832901
0.0213511
0.0238341
0.17929
0.268999
0.243504
0.00398697
0.0048282
0.198615
0.268999
0.663352
0.101214
0.00803852
-0.000209472
0.0124791
0.0035919
0.0862612
0.33542
0.188527
0.12491
0.0555487
0.209007
0.0418566
0.188735
0.295554
0.112485
0.0168825
0.0447593
0.400815
0.161831
0.335469
0.525597
0.170346
0.837874
0.730533
0.00145744
0.0307926
0.0730694
0.442138
0.0271819
-0.000509131
0.0862612
0.00418084
0.209007
0.106859
0.0447327
0.00714103
-0.000175978
0.131577
0.161831
-0.000175978
0.0392712
-0.000366822
0.7421
-0.000795773
0.610499
0.603649
0.0525078
0.786427
0.00714103
0.0156944
0.348651
0.00630777
0.250838
0.17929
0.0339966
0.712816
0.019453
0.0862612
-0.000716293
0.24303
0.308883
0.817763
0.0468147
0.118561
0.145964
0.00803852
0.131577
0.0238341
0.12491
0.0391087
0.0910078
0.153723
0.322179
0.0238341
0.209007
0.426471
0.418589
0.76465
0.0181347
0.0369896
0.706812
0.656937
0.219944
0.0164298
0.0123435
0.0181347
0.0587744
0.161831
0.0021294
0.124557
0.166048
0.402974
0.0348223
0.235041
0.153723
0.145964
0.832901
0.0181347
0.000814844
0.718771
0.0817383
0.442138
0.669716
0.179335
0.00172644
0.374877
0.198615
0.0124791
0.077307
0.256058
0.219944
0.569025
0.361774
0.17929
-0.000771664
0.209007
0.118561
0.131611
0.12491
0.413637
0.0447327
0.759086
0.145964
0.0123435
0.387867
0.0213511
0.268999
-2.5145e-05
0.413637
0.00305707
0.0447327
0.0817383
0.112485
0.256058
3.39058e-05
0.112404
0.00418084
0.0111522
0.118561
0.827892
0.0339966
0.158527
0.209007
-0.000795773
0.374877
0.256058
0.00145744
0.00900366
0.0111522
-0.000795773
0.00614697
0.170346
0.0035919
0.000714642
0.188687
0.00676894
0.322179
0.106726
0.266936
0.0327537
0.0168825
0.348651
0.0048282
0.0196122
0.101239
0.0231955
0.0327537
0.00900366
0.00305707
-0.000755767
0.413637
0.00304419
0.000814844
0.033982
0.00614697
0.0587625
0.0327537
0.256107
0.457675
0.637366
0.371003
0.0271427
0.00257131
0.145964
-0.000755767
0.106737
0.00145744
0.068935
0.166048
0.17332
-0.000609327
0.400815
0.724677
-0.000755767
0.753473
-0.000499807
0.0181347
0.179335
0.775633
0.0123435
0.000530169
0.118297
0.0447327
0.170346
0.101239
0.0862612
0.335469
0.0179733
0.0238341
0.791755
0.449923
0.0238341
0.0911224
-0.000771664
-0.000789929
0.807482
0.0649728
0.077229
0.24303
0.00803852
0.0817383
0.00350369
0.243504
0.0656943
0.0293346
-0.000716293
0.00676894
0.032749
0.00815157
0.00304419
0.269051
0.0048282
0.0134968
0.153682
0.00900366
0.242813
0.209007
0.0495916
0.812642
0.118297
0.00501841
0.00181607
0.144243
0.250838
0.295499
0.00630777
0.656937
-0.000366822
0.151298
0.00305707
0.00556663
0.0817911
0.0149789
0.0418796
0.0100403
0.138613
0.0525078
-0.000175978
0.258881
0.457675
0.112485
0.676027
0.24303
0.643944
0.298795
0.151298
0.0179733
0.00556663
0.0208403
0.0164298
0.00260946
0.0612333
0.173495
0.138613
0.211505
0.857412
0.0289187
0.24303
0.0694164
-0.000366822
0.323046
0.0115126
0.256107
0.0035919
0.603649
0.235041
0.00260946
0.131611
0.449923
0.00112383
0.0048282
-0.000175978
0.0327581
0.219944
0.770165
0.688494
0.00305707
0.153682
0.12491
0.0021294
0.188527
0.131611
0.361774
0.0100403
0.0035919
0.00112383
0.0621499
0.0010216
0.00257131
0.518191
0.0100403
-0.000499807
0.13079
0.0238341
0.857412
0.219944
0.131611
0.219944
0.418589
0.0392712
0.170346
0.0339966
0.852579
0.426471
-0.000175978
-0.000755767
0.00743636
0.308883
0.151298
0.112513
-0.000695033
0.00112383
0.0136178
0.0315958
0.0541708
0.617297
0.656937
0.857412
0.0555598
0.138613
0.76465
0.0251308
0.0730694
-0.000509131
0.76465
0.00803852
0.0418796
0.410678
0.0774294
0.387867
0.0392712
0.00553688
0.00614697
0.0293446
-0.000509131
0.0208403
0.00900366
0.322179
0.203877
0.0111522
0.335469
0.0576477
0.106737
0.0134968
0.00304419
0.000814844
0.13079
0.000189876
0.00553688
0.0136178
0.410678
0.0729268
0.269051
0.28219
0.161831
0.0289187
0.827892
0.12491
0.118297
0.00172644
0.852579
0.0048282
0.0179733
0.179335
0.0541708
0.209007
0.775633
0.025448
0.0111522
0.0365022
0.101239
0.209007
0.759086
0.348651
0.0612333
0.0168825
0.402974
0.077307
0.0576477
0.0817383
0.576105
0.0181347
0.077307
0.0576005
0.730533
0.256058
0.000269723
0.264887
-2.5145e-05
0.000714642
0.998161
1.00031
0.0272161
0.998891
0.0691233
0.0181347
0.998891
0.998891
-0.000628843
0.296045
0.998161
0.229926
0.998161
0.0124791
3.39058e-05
0.998891
0.233011
0.997568
0.241896
0.998891
0.00501841
0.256566
0.998469
0.998891
0.998891
0.569435
0.00501841
0.146148
0.0251496
0.0105965
0.998891
0.400917
0.00418084
0.996013
0.0179733
0.998891
0.189254
0.451498
0.998891
0.0181347
0.000530169
1.00031
1.00031
-0.000499807
3.39058e-05
0.998891
1.00031
-0.000209472
0.998891
0.204601
0.998804
0.998161
0.377503
1.00031
1.00031
-0.000209472
0.998891
0.362028
0.998804
0.00449248
0.998891
0.998161
0.170808
1.00031
0.152789
0.152905
0.996013
0.00815157
0.335776
0.99788
0.998891
0.0196122
0.229926
0.000436989
0.0656678
0.998891
0.254573
0.00803852
0.0168825
0.0105965
0.138575
0.997568
1.00031
0.0293968
0.38803
0.000189876
0.0213511
0.996013
0.000530169
0.0826188
0.998891
0.998891
0.998161
0.998891
-2.5145e-05
0.170793
0.097175
0.0156944
1.00151
0.998469
0.197272
-2.5145e-05
0.998891
0.044171
0.998804
-0.000795773
0.0010216
0.220461
0.633349
0.998891
0.00350369
0.998891
0.0316931
0.0021294
0.00260946
0.998891
0.998161
0.138613
0.998891
0.998469
0.0251496
0.153969
0.322571
1.00031
0.998804
0.998469
0.998161
0.0654229
0.269547
0.138575
0.322571
0.0168825
0.00630777
0.0694639
0.019453
0.146148
0.177962
0.000436989
0.11936
0.000269723
0.998804
0.220459
1.00031
0.0271454
0.998891
0.0179733
0.998891
0.170785
0.0826425
0.0134968
-0.000357715
0.998469
0.00900366
0.0010216
1.00031
0.400917
1.00031
0.00553688
0.348928
0.99788
0.998891
0.0733402
0.0271454
0.162202
0.998469
0.998161
0.00304419
0.0100403
0.322575
0.000714642
0.0021294
0.0048282
-0.000609327
0.000189876
0.945619
0.0123435
-0.000771664
-0.000771664
0.138128
0.000714642
0.0100403
0.998891
1.00031
1.00031
0.996013
0.0696171
0.99788
0.998891
0.00553688
0.996013
0.998891
0.400914
0.00350369
0.998161
1.00031
0.998469
0.138128
0.998891
0.00630777
0.209555
0.998161
0.998161
0.0998753
0.998891
-0.000771664
0.361358
-0.000628843
1.00031
0.019453
0.998161
-0.000695033
0.413715
0.00614697
0.199163
0.00553688
0.0168825
0.400914
0.00743636
0.0156944
0.0231955
0.0208403
0.426416
0.254573
1.00031
0.131455
0.0196122
0.348928
0.998891
0.218282
0.153969
0.998161
0.00398697
0.0222995
3.39058e-05
0.998469
0.998891
0.998891
0.998804
0.000189876
0.998891
0.0213511
0.168757
0.138128
0.998891
0.0010216
0.146096
0.146036
0.998891
0.0447839
0.792338
0.000530169
0.998891
0.998161
0.256562
0.00900366
0.0048282
0.189254
0.146096
1.00031
0.998891
0.00553688
-0.000755767
0.736204
0.0115126
0.663221
0.998891
0.019453
0.00630777
0.282757
1.00031
0.0694639
0.152905
0.998161
0.296038
0.00260946
0.131355
0.179787
1.00031
0.0222995
0.998891
0.807046
0.0124791
1.00031
0.998891
1.00031
0.00553688
0.998891
0.025448
0.998891
0.0123435
0.633349
0.633287
0.000269723
0.256759
0.710014
0.998161
0.162164
0.998469
0.998469
0.0448067
0.00803852
0.00112383
-0.000209472
0.0123435
0.0231955
0.189238
0.700914
0.00172644
0.019453
1.00031
0.998891
0.129626
0.00743636
-2.5145e-05
0.500287
0.00614697
0.209557
0.00614697
0.0179733
0.0271454
0.229926
0.0115126
0.998891
0.996013
0.199158
0.189258
0.0123435
0.413715
0.0048282
0.998891
0.998891
0.00305707
0.0136178
0.0289305
0.00350369
0.0181347
0.00449248
0.00418084
0.998161
0.00257131
0.998161
0.998891
0.998891
0.996013
0.152789
0.998161
0.152905
0.199158
0.0803747
0.28275
0.998804
0.039194
-0.000175978
0.00145744
0.998891
0.998804
0.0035919
0.998469
0.0021294
1.00031
0.998891
0.0134968
0.229926
0.138613
0.0921554
0.99788
0.254573
0.0231955
0.000530169
0.00614697
1.00031
0.0238341
0.0213511
0.998161
0.138575
0.998804
1.00031
0.777073
0.170785
0.146096
0.998891
1.00031
1.00031
0.998891
0.0213511
0.998891
0.177962
0.998891
0.998891
0.0145673
0.0100403
0.998891
0.998891
-0.000695033
0.225466
0.152789
0.00815157
0.0021294
0.153949
0.000814844
0.998891
0.998891
0.00676894
0.0293968
0.229926
1.00031
0.00614697
0.0111522
0.998161
0.00973107
0.0694639
0.0115126
0.131355
0.998891
0.0231955
0.0134968
0.170793
1.00031
0.996013
0.439017
0.998161
0.0145673
0.146036
0.138613
-0.000209472
0.00556663
0.0048282
0.998891
0.56948
0.189242
0.241896
0.0416735
0.377503
0.309329
0.998891
0.146036
0.998891
1.00031
0.345141
0.00891618
-0.000628843
0.197272
0.00304419
0.0272161
0.0392074
0.145347
0.998161
0.138575
-0.000509131
0.138613
-0.000509131
0.998891
0.400917
0.998891
0.0196122
0.131236
0.998891
0.998891
1.00031
0.998891
0.998891
0.998891
0.00449248
0.019453
0.998891
0.00501841
0.00501841
0.996013
0.56948
0.153929
0.413715
0.998161
0.997568
0.998891
0.998891
0.131236
0.0149789
0.985166
0.99788
0.146096
0.0021294
0.998469
0.0308077
0.145347
0.998891
0.000714642
0.153949
0.998891
0.998469
0.0222995
0.254573
1.00031
0.998891
0.00714103
0.254573
0.998469
0.998891
0.996013
0.362028
0.225466
0.309323
0.998891
0.00553688
-0.000366822
0.00714103
0.0271454
0.998891
0.309323
0.269547
0.998891
0.998891
0.998161
0.179811
0.0181347
0.998891
0.997568
0.0826188
0.0738164
0.23192
0.0694839
0.243971
0.000436989
0.094704
0.998891
0.476143
0.998804
0.99788
0.998891
0.0164298
0.218282
0.997568
0.254573
0.998891
0.998891
0.998891
0.998161
0.044171
0.335776
0.998161
0.153929
0.0289305
1.00031
1.00031
0.0251496
0.138535
-0.000716293
0.998891
0.209557
0.998891
0.23192
0.145347
0.129626
0.146096
0.0238341
0.218282
1.00031
0.254573
0.998161
-0.000209472
0.0123435
0.0213511
0.269547
0.00815157
0.998891
0.0048282
0.906629
0.0293968
0.256562
0.000530169
0.269558
0.0100403
0.0271454
0.99788
0.998891
0.476143
0.700914
0.00630777
0.996013
0.0145673
1.00031
0.0213511
0.0238341
0.269547
0.99788
0.709928
0.00398697
0.0048282
0.362028
0.99788
1.00031
0.146036
0.00803852
-0.000209472
0.0124791
0.0035919
0.131455
0.998469
0.998891
0.162202
0.207414
0.413715
0.361358
0.309323
0.998161
0.153969
0.0168825
0.225466
0.998804
0.23192
0.998469
0.998891
0.256562
1.00031
1.00031
0.00145744
0.0308077
0.99344
0.998891
0.0272161
-0.000509131
0.131455
0.00418084
0.451498
0.998891
0.142978
0.00714103
-0.000175978
0.179794
0.231921
-0.000175978
0.111474
-0.000366822
1.00031
-0.000795773
1.00031
1.00031
0.241896
1.00031
0.00714103
0.0156944
0.998469
0.00630777
0.998891
0.296051
0.0419205
1.00031
0.019453
0.131407
-0.000716293
0.998891
0.998161
1.00031
0.254573
0.162164
0.189254
0.00803852
0.170815
0.0238341
0.170765
0.385544
0.138535
0.199163
0.998161
0.0238341
0.413715
0.998891
0.998891
1.00031
0.0181347
0.105814
1.00031
1.00031
0.500312
0.0164298
0.0123435
0.0181347
0.197272
0.220459
0.0021294
0.998891
0.998891
0.998891
0.0441912
0.998891
0.199168
0.189251
0.996013
0.0181347
0.000814844
1.00031
0.131236
0.998891
1.00031
0.269547
0.00172644
0.998469
0.375065
0.0124791
0.997568
0.94108
0.546997
1.00031
0.998469
0.296051
-0.000771664
0.45151
0.154003
0.170785
0.16219
0.998804
0.105507
1.00031
0.199158
0.0123435
0.998804
0.0213511
0.99788
-2.5145e-05
0.998804
0.00305707
0.225466
0.131236
0.153969
0.99788
3.39058e-05
0.998891
0.00418084
0.0111522
0.153986
1.00031
0.0419205
0.998891
0.426409
-0.000795773
0.998469
0.895859
0.00145744
0.00900366
0.0111522
-0.000795773
0.00614697
0.25656
0.0035919
0.000714642
0.335776
0.00676894
0.998161
0.146148
0.998891
0.041684
0.0168825
0.998469
0.0048282
0.0196122
0.146036
0.0231955
0.0327808
0.00900366
0.00305707
-0.000755767
0.998804
0.00304419
0.000814844
0.084963
0.00614697
0.197272
0.041684
0.890311
0.998891
1.00031
0.998891
0.0271454
0.00257131
0.199158
-0.000755767
0.998891
0.00145744
0.731403
0.998891
0.998891
-0.000609327
0.998804
1.00031
-0.000755767
1.00031
-0.000499807
0.0181347
0.269558
1.00031
0.0123435
0.000530169
0.998891
0.136189
0.256564
0.146067
0.131407
0.998469
0.0179733
0.0238341
0.996013
0.998891
0.0238341
0.998891
-0.000771664
-0.000789929
1.00031
0.511114
0.997568
0.998891
0.00803852
0.131236
0.00350369
0.821239
0.169255
0.0293968
-0.000716293
0.00676894
0.041684
0.00815157
0.00304419
1.00151
0.0048282
0.0134968
0.209559
0.00900366
0.998891
0.439017
0.254573
1.00031
0.998891
0.00501841
0.00181607
0.998891
0.998891
0.998161
0.00630777
1.00031
-0.000366822
0.998891
0.00305707
0.00556663
0.997568
0.0149789
0.36944
0.0100403
0.179811
0.241896
-0.000175978
0.998891
0.998891
0.153969
1.00031
0.998891
1.00031
0.998891
0.998891
0.0179733
0.00556663
0.0208403
0.0164298
0.00260946
0.152171
0.998891
0.179794
0.998891
1.00031
0.0289305
0.998891
0.152789
-0.000366822
0.998891
0.0115126
0.884651
0.0035919
1.00031
0.998891
0.00260946
0.170785
0.998891
0.00112383
0.0048282
-0.000175978
0.0327808
0.523935
1.00031
1.00031
0.00305707
0.209557
0.16219
0.0021294
0.998891
0.170785
0.998469
0.0100403
0.0035919
0.00112383
0.197272
0.0010216
0.00257131
0.998891
0.0100403
-0.000499807
0.998891
0.0238341
0.996013
0.53552
0.170793
0.463893
0.998891
0.117538
0.256562
0.0419205
1.00031
0.998891
-0.000175978
-0.000755767
0.00743636
0.998161
0.998891
0.153929
-0.000695033
0.00112383
0.0136178
0.039194
0.0781466
1.00031
1.00031
0.996013
0.207414
0.179794
1.00031
0.0251496
0.99344
-0.000509131
1.00031
0.00803852
0.353257
0.998891
0.138128
0.998469
0.111588
0.00553688
0.00614697
0.0293968
-0.000509131
0.0208403
0.00900366
0.998161
0.998891
0.0111522
0.998469
0.0920909
0.998891
0.0134968
0.00304419
0.000814844
0.998891
0.000189876
0.00553688
0.0136178
0.998891
0.997568
0.99788
0.998161
0.231921
0.0289305
1.00031
0.16219
0.998891
0.00172644
1.00031
0.0048282
0.0179733
0.269553
0.0738164
0.439017
1.00031
0.025448
0.0111522
0.0996169
0.146036
0.45151
1.00031
0.998469
0.159352
0.0168825
0.998891
0.997568
0.0920909
0.131236
1.00031
0.0181347
0.997568
0.107785
1.00031
1.00151
