-0.246014
-0.19765
-0.232669
-0.23041
-0.332065
-0.142316
-0.203129
-0.179348
-0.274657
-0.266508
-0.18129
-0.15236
-0.241824
-0.310176
-0.333444
-0.276678
-0.326818
-0.262378
-0.244742
-0.177507
-0.195544
-0.187427
-0.279469
-0.160865
-0.255514
-0.30758
-0.339486
-0.182402
-0.16173
-0.3181
-0.255756
-0.294055
-0.203537
-0.261591
-0.160954
-0.314208
-0.22268
-0.135583
-0.208542
-0.170288
-0.302106
-0.315554
-0.152153
-0.266508
-0.246749
-0.142044
-0.147041
-0.235625
-0.245225
-0.165539
-0.13705
-0.233763
-0.154148
-0.189573
-0.342552
-0.332427
-0.196951
-0.151193
-0.129375
-0.233713
-0.169503
-0.31301
-0.346552
-0.255003
-0.162965
-0.328794
-0.299845
-0.138559
-0.284364
-0.284777
-0.13072
-0.259303
-0.312104
-0.324423
-0.172112
-0.207628
-0.276734
-0.231196
-0.192352
-0.157736
-0.277342
-0.21758
-0.265434
-0.261568
-0.290978
-0.186725
-0.14018
-0.201495
-0.313715
-0.231924
-0.205531
-0.133608
-0.246651
-0.191482
-0.181651
-0.181178
-0.329194
-0.182756
-0.232875
-0.299345
-0.190961
-0.265065
-0.323949
-0.334605
-0.281512
-0.232543
-0.163566
-0.274011
-0.346381
-0.239206
-0.228968
-0.305395
-0.319087
-0.162595
-0.253551
-0.179695
-0.200584
-0.226616
-0.251888
-0.163011
-0.329098
-0.291805
-0.182191
-0.338758
-0.203413
-0.295421
-0.311659
-0.138205
-0.342804
-0.334953
-0.332391
-0.274476
-0.309106
-0.29075
-0.311587
-0.2658
-0.220071
-0.193054
-0.267223
-0.293939
-0.283105
-0.230907
-0.190468
-0.24577
-0.346036
-0.305714
-0.138888
-0.270428
-0.163422
-0.207995
-0.178197
-0.298315
-0.191589
-0.263647
-0.243632
-0.339225
-0.216818
-0.22891
-0.134306
-0.314155
-0.141992
-0.220943
-0.312613
-0.325543
-0.158472
-0.193346
-0.270783
-0.298064
-0.34096
-0.329763
-0.252209
-0.214611
-0.311294
-0.230031
-0.226229
-0.221212
-0.236433
-0.232087
-0.323206
-0.21253
-0.239858
-0.239821
-0.285987
-0.230237
-0.215525
-0.166312
-0.149106
-0.141108
-0.137486
-0.192465
-0.324812
-0.180353
-0.22086
-0.132672
-0.169884
-0.313966
-0.253595
-0.333536
-0.148733
-0.339848
-0.285866
-0.168351
-0.219393
-0.305116
-0.330741
-0.327011
-0.198566
-0.177693
-0.239904
-0.195736
-0.241844
-0.132336
-0.267153
-0.3306
-0.237008
-0.314637
-0.257099
-0.303242
-0.220312
-0.265879
-0.314068
-0.258294
-0.264551
-0.204759
-0.268192
-0.314922
-0.27763
-0.144426
-0.288735
-0.207367
-0.312512
-0.172088
-0.276331
-0.295815
-0.330526
-0.253942
-0.268224
-0.245046
-0.335658
-0.15687
-0.163633
-0.342591
-0.231866
-0.162819
-0.205521
-0.275712
-0.285982
-0.162974
-0.229036
-0.293326
-0.292504
-0.163057
-0.199235
-0.321355
-0.246916
-0.158866
-0.333577
-0.307999
-0.216253
-0.221704
-0.302127
-0.293091
-0.135508
-0.174812
-0.220812
-0.236526
-0.320742
-0.261815
-0.319634
-0.160269
-0.267468
-0.21915
-0.309605
-0.151964
-0.193087
-0.284763
-0.330672
-0.310595
-0.251444
-0.288262
-0.299764
-0.142735
-0.268486
-0.172909
-0.321592
-0.262758
-0.145845
-0.164034
-0.139761
-0.221144
-0.16716
-0.270062
-0.183217
-0.212322
-0.31909
-0.319066
-0.245957
-0.196534
-0.320351
-0.33351
-0.296783
-0.334946
-0.339753
-0.19936
-0.217231
-0.248394
-0.233968
-0.212891
-0.205221
-0.301118
-0.320239
-0.227577
-0.267111
-0.146145
-0.171431
-0.194342
-0.258554
-0.233069
-0.316658
-0.256858
-0.304435
-0.257001
-0.207736
-0.27066
-0.276784
-0.26177
-0.178533
-0.127238
-0.30304
-0.302465
-0.213209
-0.314533
-0.221202
-0.161159
-0.183328
-0.224754
-0.211912
-0.271307
-0.253658
-0.266441
-0.254906
-0.222881
-0.333515
-0.226058
-0.333711
-0.158113
-0.160789
-0.132926
-0.284518
-0.332934
-0.28476
-0.303121
-0.198995
-0.309742
-0.345907
-0.199976
-0.244188
-0.248986
-0.152877
-0.343215
-0.223507
-0.340148
-0.226522
-0.140961
-0.181294
-0.263194
-0.280553
-0.291761
-0.191146
-0.326642
-0.279132
-0.205011
-0.246772
-0.256906
-0.130238
-0.268926
-0.205883
-0.329568
-0.291242
-0.34638
-0.136808
-0.321172
-0.298342
-0.293374
-0.15962
-0.148562
-0.127414
-0.18301
-0.20582
-0.157048
-0.282798
-0.164228
-0.178604
-0.26429
-0.215641
-0.176018
-0.15261
-0.236983
-0.195269
-0.284629
-0.259047
-0.226311
-0.29495
-0.247281
-0.166745
-0.182843
-0.257413
-0.201534
-0.280537
-0.148495
-0.256708
-0.21453
-0.330704
-0.260887
-0.193221
-0.261666
-0.287757
-0.169138
-0.204395
-0.263517
-0.299252
-0.150725
-0.130955
-0.315285
-0.328605
-0.264469
-0.292843
-0.291675
-0.233575
-0.256214
-0.22186
-0.169568
-0.318172
-0.301237
-0.279527
-0.273639
-0.197037
-0.310741
-0.155188
-0.292492
-0.156031
-0.129953
-0.195988
-0.25963
-0.241818
-0.282001
-0.252473
-0.202218
-0.200119
-0.285318
-0.333744
-0.291035
-0.242821
-0.291695
-0.24266
-0.163262
-0.314086
-0.177416
-0.206994
-0.286978
-0.173663
-0.161933
-0.138906
-0.164659
-0.157472
-0.155806
-0.255061
-0.267229
-0.165785
-0.255197
-0.255579
-0.129799
-0.318155
-0.294731
-0.314682
-0.330556
-0.185849
-0.184118
-0.162363
-0.287293
-0.20996
-0.187466
-0.324287
-0.293491
-0.227129
-0.336145
-0.272413
-0.285566
-0.155507
-0.23014
-0.295062
-0.166066
-0.338255
-0.268723
-0.27859
-0.147528
-0.164521
-0.218898
-0.279205
-0.339065
-0.177422
-0.134231
-0.312828
-0.195427
-0.311211
-0.169757
-0.220318
-0.234555
-0.218225
-0.270933
-0.180364
-0.311049
-0.309029
-0.166551
-0.163269
-0.333777
-0.300869
-0.266139
-0.168057
-0.185785
-0.19151
-0.191844
-0.306256
-0.192956
-0.30738
-0.230852
-0.198584
-0.166366
-0.316286
-0.341858
-0.324964
-0.171538
-0.209079
-0.276329
-0.18487
-0.277305
-0.152556
-0.153786
-0.17013
-0.332894
-0.273987
-0.311857
-0.330936
-0.294506
-0.271107
-0.1314
-0.142653
-0.203717
-0.290261
-0.240508
-0.152189
-0.304612
-0.167022
-0.306541
-0.285366
-0.194495
-0.293152
-0.269636
-0.276302
-0.14155
-0.279205
-0.333747
-0.233446
-0.212255
-0.205478
-0.30904
-0.259469
-0.170672
-0.221355
-0.322774
-0.20186
-0.308138
-0.246897
-0.308488
-0.215713
-0.270779
-0.324882
-0.172228
-0.316034
-0.32017
-0.219456
-0.128063
-0.264195
-0.130798
-0.205818
-0.269635
-0.309061
-0.32566
-0.320292
-0.254154
-0.221575
-0.31284
-0.325406
-0.145262
-0.292837
-0.217879
-0.233322
-0.262529
-0.223838
-0.288768
-0.335506
-0.172286
-0.297728
-0.281025
-0.314534
-0.195734
-0.310938
-0.328659
-0.295327
-0.265786
-0.19528
-0.343859
-0.306288
-0.33482
-0.152189
-0.308184
-0.13016
-0.140575
-0.249491
-0.27189
-0.187441
-0.15646
-0.202839
-0.242821
-0.28882
-0.22241
-0.315639
-0.181538
-0.19496
-0.218962
-0.244323
-0.29992
-0.306033
-0.244143
-0.275184
-0.234566
-0.139753
-0.239069
-0.148207
-0.148506
-0.279509
-0.135723
-0.218554
-0.265065
-0.336999
-0.219303
-0.167403
-0.309864
-0.199591
-0.142076
-0.267047
-0.288622
-0.24116
-0.168025
-0.331242
-0.133083
-0.277605
-0.296757
-0.302311
-0.217871
-0.29983
-0.269079
-0.298288
-0.196852
-0.289753
-0.303556
-0.333295
-0.269465
-0.314583
-0.157129
-0.15777
-0.13796
-0.266021
-0.274818
-0.142393
-0.145378
-0.316826
-0.208885
-0.212568
-0.266107
-0.281712
-0.305646
-0.226285
-0.179051
-0.174393
-0.1582
-0.273733
-0.168327
-0.303995
-0.301922
-0.131174
-0.266664
-0.247524
-0.141781
-0.287371
-0.156393
-0.144915
-0.308924
-0.227332
-0.339792
-0.313565
-0.262792
-0.18643
-0.323176
-0.317766
-0.150612
-0.338217
-0.310009
-0.240274
-0.315703
-0.296116
-0.298614
-0.297176
-0.345009
-0.194934
-0.138641
-0.30302
-0.21266
-0.342435
-0.205734
-0.326056
-0.232842
-0.34554
-0.225168
-0.195168
-0.287195
-0.295284
-0.324291
-0.245403
-0.180299
-0.222395
-0.214299
-0.295924
-0.131691
-0.199638
-0.174853
-0.314791
-0.239592
-0.340569
-0.322646
-0.249229
-0.216291
-0.21448
-0.2396
-0.256903
-0.308343
-0.223996
-0.229781
-0.311985
-0.257363
-0.333859
-0.293861
-0.166411
-0.273438
-0.265567
-0.336511
-0.222053
-0.207671
-0.292783
-0.204899
-0.273194
-0.216729
-0.225117
-0.237483
-0.345134
-0.252606
-0.247309
-0.198939
-0.257262
-0.281963
-0.273396
-0.322554
-0.155504
-0.146888
-0.160123
-0.270643
-0.226089
-0.303095
-0.238088
-0.180836
-0.249433
-0.188411
-0.174326
-0.173139
-0.235894
-0.343017
-0.140904
-0.23818
-0.139112
-0.234935
-0.266103
-0.30853
-0.136914
-0.212556
-0.247012
-0.179321
-0.194758
-0.307897
-0.292685
-0.288601
-0.335123
-0.20823
-0.269118
-0.135579
-0.156076
-0.269125
-0.183328
-0.240167
-0.238744
-0.134067
-0.188858
-0.186072
-0.168046
-0.217803
-0.287132
-0.253295
-0.321827
-0.283566
-0.201443
-0.240842
-0.257842
-0.273517
-0.258833
-0.252655
-0.324929
-0.221781
-0.263189
-0.304192
-0.216739
-0.167612
-0.315352
-0.278523
-0.133513
-0.17967
-0.255214
-0.250191
-0.176501
-0.167441
-0.330103
-0.219586
-0.145527
-0.234791
-0.175443
-0.225005
-0.256291
-0.185667
-0.210304
-0.19644
-0.215543
-0.300831
-0.279582
-0.244556
-0.166543
-0.15532
-0.295302
-0.144536
-0.167734
-0.146652
-0.164238
-0.175336
-0.208442
-0.256298
-0.268067
-0.209133
-0.251882
-0.190024
-0.173561
-0.300312
-0.170175
-0.128605
-0.271706
-0.168036
-0.28445
-0.234101
-0.162767
-0.262199
-0.32245
-0.224241
-0.148794
-0.16836
-0.251942
-0.298692
-0.156059
-0.248465
-0.221679
-0.244591
-0.273095
-0.317216
-0.137394
-0.143956
-0.225179
-0.304444
-0.297287
-0.226626
-0.171778
-0.298456
-0.339059
-0.215226
-0.224144
-0.248531
-0.282169
-0.229241
-0.225495
-0.152647
-0.214713
-0.235451
-0.177416
-0.269291
-0.128086
-0.317298
-0.299149
-0.316005
-0.157604
-0.275306
-0.30821
-0.199662
-0.128993
-0.157354
-0.244253
-0.237445
-0.258512
-0.330542
-0.175647
-0.294517
-0.236723
-0.248302
-0.212156
-0.200019
-0.191719
-0.1479
-0.145515
-0.128264
-0.280956
-0.30015
-0.138069
-0.203784
-0.187512
-0.242876
-0.13814
-0.217565
-0.196335
-0.15786
-0.286156
-0.341765
-0.275158
-0.220608
-0.256753
-0.201847
-0.242136
-0.267972
-0.215906
-0.333081
-0.171261
-0.213629
-0.334442
-0.190988
-0.180757
-0.263543
-0.252712
-0.247692
-0.177555
-0.232271
-0.220679
-0.21217
-0.157778
-0.186656
-0.324589
-0.327877
-0.306086
-0.271692
-0.13135
-0.297487
-0.179451
-0.227916
-0.129189
-0.221955
-0.207757
-0.308642
-0.191888
-0.315415
-0.137024
-0.270029
-0.214098
-0.198497
-0.292557
-0.315722
-0.138524
-0.336994
-0.189918
-0.265511
-0.158451
-0.18627
-0.191016
-0.287211
-0.150087
-0.266101
-0.18623
-0.190597
-0.14041
-0.324068
-0.000194744
0.0592691
0.013898
0.0163968
-0.070425
0.184087
0.0506945
0.101646
-0.0264797
-0.0197127
0.0960284
0.172125
0.0040661
-0.0549763
-0.0712363
-0.0281131
-0.0670273
-0.0160961
0.00102288
0.107264
0.0629039
0.0796143
-0.0303557
0.158211
-0.00970974
-0.0529566
-0.0747727
0.0927979
0.156467
-0.0609129
-0.00993989
-0.0421547
0.0500911
-0.0153898
0.157944
-0.0580305
0.0252803
0.190859
0.0429941
0.13173
-0.0486295
-0.0590447
0.172408
-0.0197052
-0.00102036
0.184352
0.178756
0.0106695
0.000534614
0.147342
0.189684
0.0127064
0.169468
0.0746612
-0.0764021
-0.0706355
0.0604321
0.173461
0.196137
0.0127592
0.133776
-0.057138
-0.078356
-0.00922419
0.154124
-0.0683202
-0.0468356
0.188514
-0.034286
-0.034623
0.194895
-0.0132881
-0.0564411
-0.0653884
0.125465
0.0442471
-0.0281599
0.0155228
0.0688106
0.163895
-0.0286511
0.0313733
-0.0187818
-0.0153664
-0.0396367
0.081262
0.186314
0.0531313
-0.0576488
0.0147214
0.0472049
0.192685
-0.000925799
0.070597
0.0946928
0.0962599
-0.0685838
0.0915517
0.0136773
-0.046429
0.0716708
-0.0184588
-0.0650721
-0.0719741
-0.0320077
0.0140406
0.152115
-0.0259538
-0.0782844
0.00679723
0.0180033
-0.0512363
-0.0616399
0.154748
-0.00780532
0.100704
0.0545229
0.0206593
-0.00616564
0.153718
-0.0685316
-0.0403124
0.0932837
-0.0743728
0.0502766
-0.0432643
-0.0560987
0.188787
-0.076533
-0.0721871
-0.070621
-0.026333
-0.0541412
-0.0394553
-0.0560476
-0.0190959
0.0283683
0.0674861
-0.020327
-0.0420552
-0.0332838
0.0158417
0.072662
-1.69436e-05
-0.0780944
-0.0514914
0.188227
-0.0230094
0.152489
0.0437502
0.105165
-0.0456036
0.0703684
-0.0172191
0.00216575
-0.0746196
0.03232
0.0180647
0.192176
-0.0579933
0.184397
0.0273427
-0.0568165
-0.0661515
0.162678
0.0669186
-0.023304
-0.0454065
-0.0755248
-0.0689485
-0.00649068
0.0350733
-0.0558197
0.0168154
0.0211005
0.0270271
0.00976774
0.0145393
-0.064535
0.0376783
0.0061153
0.00614405
-0.0355983
0.0165876
0.0339348
0.144233
0.17611
0.185375
0.189272
0.0686017
-0.0656447
0.0985639
0.0274287
0.193257
0.132775
-0.0578529
-0.00785115
-0.0712833
0.176792
-0.0749415
-0.0355005
0.137693
0.0291811
-0.0510289
-0.0695638
-0.0671463
0.0577331
0.106621
0.00606554
0.0625886
0.00404665
0.19361
-0.0202675
-0.0694603
0.00914366
-0.0583512
-0.0112188
-0.049539
0.0280842
-0.0191658
-0.0579217
-0.0123438
-0.0180005
0.0482925
-0.02114
-0.058567
-0.028886
0.181821
-0.0378238
0.0446041
-0.0567689
0.125497
-0.0278414
-0.0435803
-0.0694225
-0.00819963
-0.0211636
0.000710535
-0.0725997
0.165347
0.151947
-0.0764325
0.014784
0.154375
0.047215
-0.0273414
-0.0355942
0.154072
0.0179281
-0.041549
-0.0408826
0.153558
0.0566781
-0.0632515
-0.00119719
0.162065
-0.0713132
-0.0532681
0.0330086
0.0264319
-0.0486462
-0.0413575
0.190917
0.115944
0.0274955
0.00967887
-0.0628188
-0.0155917
-0.0620324
0.159513
-0.0205363
0.0294791
-0.0545155
0.172612
0.0674353
-0.0346072
-0.0695141
-0.0552895
-0.00573956
-0.037438
-0.0467608
0.183679
-0.0213878
0.122313
-0.0634132
-0.0164401
0.180023
0.150842
0.186757
0.0271077
0.141716
-0.0227059
0.0904493
0.0379467
-0.061646
-0.0616307
-0.000210131
0.0611388
-0.0625395
-0.0712761
-0.0443536
-0.0721855
-0.0749055
0.0564724
0.0318117
-0.00268191
0.0124762
0.0372098
0.0476174
-0.0478463
-0.0624571
0.0195686
-0.0202318
0.179602
0.127383
0.0650675
-0.0125863
0.0134605
-0.0598526
-0.0109948
-0.0504882
-0.0111266
0.0440935
-0.0231994
-0.0281988
-0.0155443
0.1042
0.197973
-0.0493809
-0.0489178
0.0368093
-0.0582656
0.0270414
0.157572
0.0901671
0.022812
0.0384814
-0.0237269
-0.00791257
-0.0196502
-0.00913484
0.025047
-0.071275
0.0213042
-0.0713946
0.163269
0.158359
0.193111
-0.0344112
-0.0709267
-0.0346068
-0.0494455
0.0570363
-0.0546459
-0.0780435
0.0554954
0.00159705
-0.00327803
0.171523
-0.0767314
0.0242893
-0.0750845
0.0207631
0.185542
0.0960056
-0.0168272
-0.0312283
-0.0402766
0.0713222
-0.066909
-0.0300903
0.0479163
-0.00104402
-0.0110359
0.195329
-0.0217469
0.0466961
-0.0688227
-0.039855
-0.0782917
0.189957
-0.063119
-0.0456248
-0.0415883
0.160955
0.17694
0.197671
0.090904
0.0467791
0.16507
-0.0330401
0.150312
0.103999
-0.0177874
0.033786
0.111996
0.171713
0.00917489
0.0633929
-0.0344895
-0.0130486
0.0210081
-0.0428677
-0.00156718
0.142768
0.0913129
-0.0115181
0.0530682
-0.0312123
0.17705
-0.0108529
0.0351729
-0.0695342
-0.0147491
0.0671356
-0.0154516
-0.0370369
0.134978
0.0488122
-0.0171121
-0.0463535
0.174018
0.194744
-0.0588381
-0.0681884
-0.01793
-0.0411573
-0.0402056
0.0129089
-0.0103776
0.0262713
0.133643
-0.0609574
-0.0479351
-0.0304027
-0.0256515
0.060276
-0.0553955
0.168009
-0.0408689
0.166852
0.195582
0.0621176
-0.0135845
0.00407228
-0.0324048
-0.00675185
0.0520407
0.0552621
-0.0350466
-0.0714198
-0.0396858
0.00301429
-0.0402253
0.00318025
0.152947
-0.0579424
0.107688
0.0451292
-0.0364026
0.120035
0.15616
0.188192
0.149367
0.164296
0.167115
-0.00928088
-0.0203294
0.146303
-0.00940567
-0.00977083
0.195759
-0.0609535
-0.0427033
-0.0583862
-0.0694351
0.0833474
0.087867
0.155235
-0.036653
0.0410988
0.0795402
-0.0653025
-0.0416809
0.020078
-0.0728685
-0.0246394
-0.0352677
0.16756
0.0166926
-0.0429709
0.145203
-0.0740865
-0.0215903
-0.0296579
0.178068
0.149723
0.0297833
-0.0301554
-0.0745391
0.107595
0.192261
-0.0570047
0.0631135
-0.0557555
0.133208
0.0280739
0.0118438
0.030598
-0.0234299
0.0985109
-0.0556335
-0.0540761
0.14349
0.15294
-0.071446
-0.0476384
-0.0193903
0.139246
0.0834823
0.0705315
0.0698798
-0.0519222
0.0676443
-0.0528069
0.0159004
0.0577053
0.14401
-0.0595672
-0.0760345
-0.0657452
0.127071
0.0422497
-0.0278402
0.085879
-0.0286179
0.171787
0.169941
0.13215
-0.0709065
-0.0259353
-0.0562545
-0.0696897
-0.0425206
-0.0235624
0.194431
0.183836
0.0498053
-0.0390592
0.00543022
0.172345
-0.050627
0.141994
-0.0521377
-0.0351032
0.0647491
-0.0414053
-0.0223539
-0.0278175
0.184884
-0.030153
-0.0714229
0.0130495
0.0380319
0.047246
-0.0540836
-0.0134439
0.129749
0.0268531
-0.0642495
0.0525735
-0.0533729
-0.00117448
-0.0536725
0.0336914
-0.0233048
-0.0657006
0.125122
-0.059386
-0.0624164
0.0291045
0.196907
-0.0177042
0.194949
0.0467906
-0.0223556
-0.0541088
-0.0662234
-0.0624911
-0.00839981
0.0265873
-0.0570109
-0.066055
0.180575
-0.0411565
0.0310064
0.0131839
-0.0162296
0.0239132
-0.0378536
-0.0724958
0.124906
-0.045124
-0.0316111
-0.0582662
0.0625872
-0.0555515
-0.0682244
-0.0431852
-0.0190872
0.0633876
-0.0770368
-0.0519496
-0.0721095
0.172345
-0.0534094
0.195399
0.185891
-0.00379178
-0.0242084
0.079587
0.166265
0.0511328
0.00301553
-0.037895
0.0256016
-0.0590969
0.0950912
0.0638983
0.029703
0.00145826
-0.0468943
-0.0517522
0.00164138
-0.0269105
0.0118304
0.186736
0.00693753
0.177408
0.176997
-0.0303881
0.190731
0.0301981
-0.0184596
-0.0733609
0.0292993
0.140962
-0.0547316
0.0561046
0.184296
-0.0201669
-0.0377327
0.00476775
0.139273
-0.069893
0.193077
-0.0288657
-0.0443305
-0.0487875
0.0310197
-0.0468236
-0.0218772
-0.0455831
0.0606003
-0.0386477
-0.0497912
-0.0711545
-0.0221991
-0.0583092
0.164991
0.16387
0.188877
-0.019293
-0.0266094
0.183954
0.180535
-0.0599805
0.0425288
0.0376295
-0.0193617
-0.0321743
-0.0514396
0.0210415
0.10269
0.117409
0.163122
-0.025715
0.137784
-0.0501369
-0.0484807
0.194646
-0.0198441
-0.00179887
0.184657
-0.0367286
0.166381
0.181171
-0.0539998
0.0198527
-0.0749166
-0.0575412
-0.0164714
0.0818421
-0.0645131
-0.0606684
0.174062
-0.0740732
-0.0548446
0.00567455
-0.0591439
-0.0438301
-0.0458466
-0.044672
-0.0775514
0.0639724
0.188415
-0.0493657
0.0375042
-0.0763478
0.0469055
-0.0665106
0.0137062
-0.077843
0.0223426
0.0635681
-0.0365777
-0.043155
-0.0653061
0.000362995
0.0987564
0.0256174
0.0354659
-0.0436652
0.194178
0.0560368
0.115846
-0.0584624
0.00638583
-0.0753005
-0.0641581
-0.00352623
0.0329654
0.0352369
0.00638101
-0.0110374
-0.0535324
0.0237225
0.0170895
-0.0563584
-0.0114719
-0.0714976
-0.0419858
0.143878
-0.025479
-0.0188891
-0.0730573
0.0260257
0.0441859
-0.0411082
0.0480786
-0.0252804
0.0324213
0.022403
0.00864317
-0.0776099
-0.00689115
-0.00159319
0.0571454
-0.0113744
-0.0323727
-0.0254473
-0.0640924
0.167573
0.178925
0.159807
-0.0231904
0.0212663
-0.0494255
0.0079833
0.0971948
-0.0037321
0.0771716
0.117799
0.121516
0.0103744
-0.0766355
0.185601
0.00788622
0.188146
0.0114554
-0.0193563
-0.0537008
0.189873
0.0376425
-0.001292
0.101725
0.0642772
-0.0532035
-0.0410286
-0.0377192
-0.0722849
0.0434269
-0.0219076
0.190836
0.166781
-0.0219094
0.0901365
0.00578513
0.00728431
0.192263
0.0761373
0.0828514
0.139258
0.0311088
-0.0365232
-0.00756165
-0.063588
-0.0336504
0.0532119
0.00508472
-0.0119184
-0.0255471
-0.0128457
-0.00693861
-0.0657207
0.0263441
-0.016821
-0.0503029
0.0324123
0.140382
-0.0588975
-0.029604
0.19281
0.100745
-0.00943011
-0.00449182
0.110434
0.140776
-0.0691607
0.0289549
0.180324
0.0116089
0.114154
0.0225196
-0.010457
0.0837862
0.0406365
0.0613151
0.0339055
-0.0476073
-0.0304517
0.00121282
0.143546
0.167777
-0.0431731
0.181615
0.140057
0.179032
0.150316
0.114421
0.0431285
-0.0104579
-0.0210316
0.0421648
-0.00616677
0.0736796
0.120263
-0.0471979
0.132088
0.196458
-0.0240584
0.139269
-0.0343578
0.0123348
0.154495
-0.0159359
-0.0640192
0.0234242
0.176728
0.137687
-0.00622448
-0.0459082
0.166795
-0.00275737
0.0264632
0.00117668
-0.0251996
-0.0602685
0.189344
0.182461
0.0223235
-0.0504986
-0.0447671
0.020642
0.126383
-0.0457124
-0.0745573
0.0342951
0.0235385
-0.00282402
-0.032546
0.017695
0.0219891
0.171718
0.0349328
0.0108684
0.107718
-0.022049
0.196814
-0.0603297
-0.0462668
-0.0593667
0.164121
-0.0270131
-0.0534276
0.0559997
0.196259
0.164547
0.00153158
0.008679
-0.0125452
-0.0694373
0.113547
-0.0425308
0.00945984
-0.0025918
0.0381723
0.0554176
0.0701209
0.177785
0.180375
0.196665
-0.0315571
-0.0470622
0.188959
0.0497045
0.0793842
0.00296135
0.188862
0.0313922
0.0615026
0.163767
-0.0357409
-0.0759919
-0.0268906
0.027734
-0.0108912
0.0526037
0.00372533
-0.020952
0.0334475
-0.0710356
0.127878
0.0362767
-0.0718705
0.0716081
0.0974134
-0.0171248
-0.00699123
-0.00196767
0.107069
0.0143323
0.0276462
0.0381579
0.16384
0.0814065
-0.0654961
-0.0677039
-0.0517938
-0.0240465
0.194486
-0.0449304
0.101381
0.0192039
0.196134
0.0261536
0.0440621
-0.053786
0.0697865
-0.0589463
0.189697
-0.0226783
0.0357186
0.057836
-0.0409255
-0.0591576
0.188566
-0.0733555
0.0738506
-0.0188405
0.162676
0.0822731
0.0715676
-0.0365916
0.174743
-0.0193546
0.0823995
0.0724035
0.186051
-0.0651532
-0.000194744
0.0756345
0.013898
0.0163968
-0.0553122
0.185058
0.0508676
0.158308
-0.0279554
-0.0196948
0.157018
0.177327
0.0040661
-0.046357
-0.0565928
-0.0318762
-0.0505226
-0.0160961
0.00102288
0.159348
0.0670541
0.153553
-0.0349647
0.170878
-0.00970974
-0.0473943
-0.0621685
0.156338
0.170238
-0.0426967
-0.00993989
-0.0429284
0.0502364
-0.0153898
0.170762
-0.0391137
0.0252803
0.190859
0.0429967
0.164131
-0.0459821
-0.0403891
0.17751
-0.0196873
-0.00102036
0.185243
0.181524
0.0106695
0.000534614
0.167548
0.189684
0.0127064
0.175985
0.152389
-0.0650063
-0.0556184
0.0672416
0.178144
0.196137
0.0127592
0.164654
-0.042257
-0.0687566
-0.00922419
0.169417
-0.0522949
-0.0447874
0.188514
-0.0403465
-0.040671
0.194895
-0.0132881
-0.0441582
-0.048369
0.163022
0.0442618
-0.0319389
0.0155228
0.127387
0.173121
-0.0327816
0.0313733
-0.0187742
-0.0153664
-0.0440626
0.153856
0.186714
0.0534425
-0.0407363
0.0147214
0.0472677
0.192685
-0.000925799
0.151205
0.156798
0.157093
-0.0527041
0.156121
0.0136773
-0.0444881
0.151522
-0.0184542
-0.0479693
-0.0576396
-0.0369601
0.0140406
0.168881
-0.0268719
-0.068574
0.00679723
0.0180033
-0.0471947
-0.0436171
0.169624
-0.00780532
0.158056
0.0549517
0.0206593
-0.00616564
0.169262
-0.0525762
-0.0444188
0.15647
-0.0614627
0.0504478
-0.0429027
-0.0448555
0.188787
-0.0652053
-0.0579674
-0.0555525
-0.0277565
-0.0470252
-0.0440623
-0.0449238
-0.019085
0.0283683
0.0985854
-0.0203002
-0.0435669
-0.0390098
0.0158417
0.151772
-1.69436e-05
-0.0682404
-0.047267
0.188227
-0.0229189
0.169027
0.0437597
0.15907
-0.0438888
0.150412
-0.0172191
0.00216575
-0.0618808
0.03232
0.0180647
0.192176
-0.0392503
0.185289
0.0273427
-0.0433753
-0.0493647
0.172602
0.0898744
-0.023204
-0.043786
-0.0634728
-0.0532291
-0.00649068
0.0350733
-0.0453415
0.0168154
0.0211005
0.0270271
0.00976774
0.0145393
-0.0472494
0.0376783
0.0061153
0.00614405
-0.0419077
0.0165876
0.0339348
0.166911
0.17971
0.186101
0.189272
0.123088
-0.0487538
0.157551
0.0274287
0.193257
0.164457
-0.0396263
-0.00785115
-0.0566009
0.180115
-0.0624905
-0.0417338
0.165476
0.0291811
-0.0471312
-0.0541372
-0.0506759
0.0814296
0.159264
0.00606554
0.0664691
0.00404665
0.19361
-0.0202417
-0.0539902
0.00914366
-0.039484
-0.0112188
-0.0464896
0.0280842
-0.0191542
-0.0394469
-0.0123438
-0.0179994
0.0483815
-0.0210986
-0.0397793
-0.033032
0.183451
-0.0437669
0.0446231
-0.0434881
0.162951
-0.0314874
-0.0430433
-0.053894
-0.00819963
-0.0211216
0.000710535
-0.0585994
0.173739
0.168871
-0.0650307
0.014784
0.169469
0.0472768
-0.0304153
-0.0419028
0.169372
0.0179281
-0.0433388
-0.0438227
0.169262
0.0757771
-0.0456528
-0.00119719
0.172313
-0.0566946
-0.04733
0.0330086
0.0264319
-0.0459933
-0.0435047
0.190917
0.161142
0.0274955
0.00967887
-0.0451065
-0.0155917
-0.0441051
0.171363
-0.0205068
0.0294791
-0.046754
0.177612
0.0977239
-0.0406839
-0.0540358
-0.0460428
-0.00573956
-0.0436276
-0.0447325
0.184813
-0.0213415
0.162345
-0.0458718
-0.0164401
0.182336
0.168478
0.186996
0.0271077
0.166452
-0.0226247
0.155924
0.0379467
-0.0436237
-0.0436031
-0.000210131
0.0658758
-0.0447535
-0.056642
-0.043337
-0.0579725
-0.0624215
0.0754175
0.0318117
-0.00268191
0.0124762
0.0372098
0.0477019
-0.0454885
-0.0446385
0.0195686
-0.0202065
0.182
0.163399
0.0740974
-0.0125863
0.0134605
-0.0413915
-0.0109948
-0.0469295
-0.0111266
0.0441069
-0.023103
-0.0319627
-0.0155443
0.158833
0.197973
-0.0464066
-0.0461498
0.0368093
-0.0393594
0.0270414
0.17066
0.155911
0.022812
0.0384814
-0.0236128
-0.00791257
-0.0196329
-0.00913484
0.025047
-0.0566351
0.0213042
-0.0567878
0.172801
0.170904
0.193111
-0.0404992
-0.0560583
-0.0406856
-0.0464431
0.0758371
-0.0466929
-0.068153
0.0615366
0.00159705
-0.00327803
0.176938
-0.0655756
0.0242893
-0.0627516
0.0207631
0.186187
0.15698
-0.0168272
-0.0358535
-0.0443817
0.151527
-0.0504019
-0.0347522
0.0479958
-0.00104402
-0.0110359
0.195329
-0.0216917
0.0467493
-0.0530035
-0.0440621
-0.0685881
0.189957
-0.0454563
-0.0439007
-0.0433229
0.171826
0.180165
0.197671
0.155973
0.0468327
0.173622
-0.0385601
0.168226
0.158774
-0.0177874
0.033786
0.160243
0.177008
0.00917489
0.0681965
-0.0405775
-0.0130486
0.0210081
-0.0430502
-0.00156718
0.166502
0.156109
-0.0115181
0.0533731
-0.0358305
0.180275
-0.0108529
0.0351729
-0.0540903
-0.0147491
0.0925705
-0.0154516
-0.043263
0.164998
0.0489129
-0.0171121
-0.0444316
0.1785
0.194744
-0.0401108
-0.0521554
-0.0179295
-0.0439599
-0.0442938
0.0129089
-0.0103776
0.0262713
0.164669
-0.0427375
-0.0455461
-0.0350199
-0.0265187
0.0666572
-0.0458425
0.175132
-0.0438249
0.174458
0.195582
0.0659666
-0.0135845
0.00407228
-0.0375
-0.00675185
0.0522834
0.0608542
-0.0413171
-0.0568297
-0.0441097
0.00301429
-0.044296
0.00318025
0.169172
-0.0393935
0.159358
0.045156
-0.0427649
0.161944
0.170125
0.188192
0.168006
0.173354
0.174606
-0.00928088
-0.0203026
0.167301
-0.00940567
-0.00977083
0.195759
-0.0427798
-0.0429723
-0.0395477
-0.0539342
0.154306
0.155434
0.169781
-0.0427958
0.0410988
0.153561
-0.0482539
-0.0433731
0.020078
-0.0590178
-0.0244937
-0.0415034
0.174824
0.0166926
-0.0428157
0.16722
-0.0610185
-0.0215393
-0.0342523
0.180929
0.16825
0.0297833
-0.0347992
-0.0617244
0.159362
0.192261
-0.0428739
0.0675217
-0.0454684
0.164543
0.0280739
0.0118438
0.030598
-0.0233262
0.157501
-0.0456457
-0.0470309
0.166716
0.169165
-0.05687
-0.045351
-0.0193761
0.165775
0.154345
0.151184
0.146388
-0.047328
0.101147
-0.0473578
0.0159004
0.0816824
0.166842
-0.0410119
-0.0643613
-0.0488363
0.163422
0.0422531
-0.0315591
0.155009
-0.0327159
0.176993
0.176141
0.164293
-0.0559948
-0.0268452
-0.0446392
-0.0542955
-0.0429048
-0.0234548
0.194431
0.184969
0.0499411
-0.0442102
0.00543022
0.17745
-0.046986
0.166409
-0.0473939
-0.0413589
0.0725282
-0.0435585
-0.0222831
-0.0314987
0.185693
-0.0347892
-0.0568217
0.0130495
0.0380319
0.0473077
-0.0470315
-0.0134439
0.163883
0.0268531
-0.0469341
0.0528445
-0.0473344
-0.00117448
-0.0472213
0.0336914
-0.0232048
-0.0488112
0.162986
-0.040815
-0.0446112
0.0291045
0.196907
-0.0177042
0.194949
0.0468458
-0.0222843
-0.0470303
-0.0495007
-0.044703
-0.00839981
0.0265873
-0.0428493
-0.0492273
0.182624
-0.0439592
0.0310064
0.0131839
-0.0162296
0.0239132
-0.0437531
-0.0584701
0.162841
-0.0436693
-0.0363131
-0.0393982
0.0664656
-0.0457368
-0.0521589
-0.0428773
-0.0190766
0.0681927
-0.0662071
-0.0473416
-0.0578116
0.17745
-0.0473252
0.195399
0.186452
-0.00379178
-0.0240787
0.15355
0.17412
0.0513246
0.00301553
-0.0437822
0.0256016
-0.0404628
0.156871
0.0695728
0.029703
0.00145826
-0.0448296
-0.0473249
0.00164138
-0.0291487
0.0118304
0.186975
0.00693753
0.180544
0.180221
-0.0349614
0.190731
0.0301981
-0.018455
-0.0598364
0.0292993
0.166194
-0.0466173
0.0630002
0.185186
-0.0201424
-0.0437096
0.00476775
0.165794
-0.0545229
0.193077
-0.0330255
-0.0433222
-0.046076
0.0310197
-0.0447783
-0.0218188
-0.0438785
0.0670618
-0.0440423
-0.0466164
-0.0564012
-0.0221318
-0.0394244
0.173667
0.173115
0.188877
-0.01928
-0.0281151
0.184924
0.18267
-0.041558
0.0425288
0.0376295
-0.0193478
-0.037146
-0.0472469
0.0210415
0.158563
0.161366
0.172771
-0.0265848
0.165494
-0.0467813
-0.0458915
0.194646
-0.0198248
-0.00179887
0.185548
-0.0429783
0.174142
0.183055
-0.0470455
0.0198527
-0.0624122
-0.0411789
-0.0164714
0.153999
-0.0472654
-0.0423902
0.178458
-0.0609634
-0.0464018
0.00567455
-0.0405037
-0.0430827
-0.0440479
-0.0434312
-0.0672863
0.0697955
0.188415
-0.0463995
0.0375042
-0.0648528
0.0469623
-0.0498388
0.0137062
-0.0678313
0.0223426
0.0686719
-0.0429286
-0.0428711
-0.0483098
0.000362995
0.157573
0.0256174
0.0354659
-0.0430989
0.194178
0.0627679
0.161161
-0.0396082
0.00638583
-0.0631063
-0.0468208
-0.00352623
0.0329654
0.0352369
0.00638101
-0.0110374
-0.0472044
0.0237225
0.0170895
-0.044416
-0.0114719
-0.056916
-0.04352
0.166796
-0.0253013
-0.0188804
-0.0593969
0.0260257
0.0442005
-0.0439735
0.0481618
-0.0251106
0.0324213
0.022403
0.00864317
-0.0673653
-0.00689115
-0.00159319
0.0764281
-0.0113744
-0.0374394
-0.0252709
-0.0467181
0.174835
0.181603
0.171443
-0.0230944
0.0212663
-0.0464317
0.0079833
0.157376
-0.0037321
0.152886
0.16155
0.162248
0.0103744
-0.0653902
0.186246
0.00788622
0.188146
0.0114554
-0.0193425
-0.0472183
0.189873
0.0376425
-0.001292
0.158358
0.0707689
-0.0473185
-0.0439124
-0.0436923
-0.0581336
0.0434331
-0.0218486
0.190836
0.174398
-0.0218504
0.155923
0.00578513
0.00728431
0.192263
0.152629
0.154196
0.165783
0.0311088
-0.0428785
-0.00756165
-0.0460494
-0.0395232
0.0535293
0.00508472
-0.0119184
-0.0263648
-0.0128457
-0.00693861
-0.0488439
0.0263441
-0.016821
-0.0468562
0.0324123
0.166049
-0.0402151
-0.0340211
0.19281
0.158096
-0.00943011
-0.00449182
0.159991
0.166134
-0.0534998
0.0289549
0.182461
0.0116089
0.160816
0.0225196
-0.010457
0.154481
0.0406365
0.0658503
0.0339055
-0.0453306
-0.0350457
0.00121282
0.166774
0.174904
-0.0428725
0.183327
0.16613
0.18161
0.168343
0.160809
0.043132
-0.0104579
-0.0209928
0.0421648
-0.00616677
0.152133
0.162004
-0.0450493
0.164225
0.196458
-0.0239338
0.165794
-0.0404235
0.0123348
0.169487
-0.0159359
-0.0466186
0.0234242
0.18005
0.165479
-0.00622448
-0.0440954
0.174413
-0.00275737
0.0264632
0.00117668
-0.0250325
-0.0419037
0.189344
0.18384
0.0223235
-0.0469337
-0.0434769
0.020642
0.16318
-0.0439497
-0.0617574
0.0342951
0.0235385
-0.00282402
-0.0375651
0.017695
0.0219891
0.177019
0.0349328
0.0108684
0.159394
-0.0219864
0.196814
-0.0419549
-0.0443657
-0.0407586
0.173226
-0.0293103
-0.0473167
0.0626612
0.196259
0.173469
0.00153158
0.008679
-0.0125452
-0.0539594
0.160576
-0.042911
0.00945984
-0.0025918
0.0381723
0.0599663
0.148376
0.180829
0.182513
0.196665
-0.0362574
-0.0449507
0.188959
0.0498368
0.153465
0.00296135
0.188862
0.0313922
0.0659646
0.173132
-0.0419017
-0.0642208
-0.0291435
0.027734
-0.0108912
0.0528767
0.00372533
-0.0209148
0.0334475
-0.0562537
0.16352
0.0362767
-0.0574877
0.151491
0.157412
-0.0171248
-0.00699123
-0.00196767
0.159296
0.0143323
0.0276462
0.0381579
0.173084
0.153877
-0.0485206
-0.0514733
-0.0473373
-0.0239224
0.194486
-0.0435592
0.158255
0.0192039
0.196134
0.0261536
0.0440746
-0.0471998
0.145621
-0.0402656
0.189697
-0.0225977
0.0357186
0.0810273
-0.0438187
-0.0404967
0.188566
-0.0598302
0.15205
-0.0188322
0.172597
0.154142
0.151553
-0.042944
0.178833
-0.0193408
0.154165
0.151622
0.186532
-0.048047
