Determining initial impinging trajectory...
Yhit = -0.275758
Determining lower impingement limit...
IndHit = 99, Yhit = -0.275758, Ymiss = -0.280043
IndHit = 15, Yhit = -0.279394, Ymiss = -0.279437
IndHit = 72, Yhit = -0.279405, Ymiss = -0.279406
Ylower = -0.279405
Determining upper impingement limit...
IndHit = 51, Yhit = -0.186984, Ymiss = -0.185172
IndHit = 18, Yhit = -0.186655, Ymiss = -0.186637
IndHit = 99, Yhit = -0.186637, Ymiss = -0.186637
Yupper = -0.186637
stagPtS = 1.008357, stagPtX = -0.000164, stagPtY = 0.000479
maxiter = 2000
ITER = 0	5000	5000
ITER = 1	5000	5000
ITER = 2	5000	5000
ITER = 3	5000	5000
ITER = 4	5000	5000
ITER = 5	5000	5000
ITER = 6	5000	5000
ITER = 7	5000	5000
ITER = 8	5000	5000
ITER = 9	5000	5000
ITER = 10	5000	5000
ITER = 11	5000	5000
ITER = 12	5000	5000
ITER = 13	5000	5000
ITER = 14	5000	5000
ITER = 15	5000	5000
ITER = 16	5000	5000
ITER = 17	5000	5000
ITER = 18	5000	5000
ITER = 19	5000	5000
ITER = 20	5000	5000
ITER = 21	5000	5000
ITER = 22	5000	5000
ITER = 23	5000	5000
ITER = 24	5000	5000
ITER = 25	5000	5000
ITER = 26	5000	5000
ITER = 27	5000	5000
ITER = 28	5000	5000
ITER = 29	5000	5000
ITER = 30	5000	5000
ITER = 31	5000	5000
ITER = 32	5000	5000
ITER = 33	5000	5000
ITER = 34	5000	5000
ITER = 35	5000	5000
ITER = 36	5000	5000
ITER = 37	5000	5000
ITER = 38	5000	5000
ITER = 39	5000	5000
ITER = 40	5000	5000
ITER = 41	5000	5000
ITER = 42	5000	5000
ITER = 43	5000	5000
ITER = 44	5000	5000
ITER = 45	5000	5000
ITER = 46	5000	5000
ITER = 47	5000	5000
ITER = 48	5000	5000
ITER = 49	5000	5000
ITER = 50	5000	5000
ITER = 51	5000	5000
ITER = 52	5000	5000
ITER = 53	5000	5000
ITER = 54	5000	5000
ITER = 55	5000	5000
ITER = 56	5000	5000
ITER = 57	5000	5000
ITER = 58	5000	5000
ITER = 59	5000	5000
ITER = 60	5000	5000
ITER = 61	5000	5000
ITER = 62	5000	5000
ITER = 63	5000	5000
ITER = 64	5000	5000
ITER = 65	5000	5000
ITER = 66	5000	5000
ITER = 67	5000	5000
ITER = 68	5000	5000
ITER = 69	5000	5000
ITER = 70	5000	5000
ITER = 71	5000	5000
ITER = 72	5000	5000
ITER = 73	5000	5000
ITER = 74	5000	5000
ITER = 75	5000	5000
ITER = 76	5000	5000
ITER = 77	5000	5000
ITER = 78	5000	5000
ITER = 79	5000	5000
ITER = 80	5000	5000
ITER = 81	5000	5000
ITER = 82	5000	5000
ITER = 83	5000	5000
ITER = 84	5000	5000
ITER = 85	5000	5000
ITER = 86	5000	5000
ITER = 87	5000	5000
ITER = 88	5000	5000
ITER = 89	5000	5000
ITER = 90	5000	5000
ITER = 91	5000	5000
ITER = 92	5000	5000
ITER = 93	5000	5000
ITER = 94	5000	5000
ITER = 95	5000	5000
ITER = 96	5000	5000
ITER = 97	5000	5000
ITER = 98	5000	5000
ITER = 99	5000	5000
ITER = 100	5000	5000
ITER = 101	5000	5000
ITER = 102	5000	5000
ITER = 103	5000	5000
ITER = 104	5000	5000
ITER = 105	5000	5000
ITER = 106	5000	5000
ITER = 107	5000	5000
ITER = 108	5000	5000
ITER = 109	5000	5000
ITER = 110	5000	5000
ITER = 111	5000	5000
ITER = 112	5000	5000
ITER = 113	5000	5000
ITER = 114	5000	5000
ITER = 115	5000	5000
ITER = 116	5000	5000
ITER = 117	5000	5000
ITER = 118	5000	5000
ITER = 119	5000	5000
ITER = 120	5000	5000
ITER = 121	5000	5000
ITER = 122	5000	5000
ITER = 123	5000	5000
ITER = 124	5000	5000
ITER = 125	5000	5000
ITER = 126	5000	5000
ITER = 127	5000	5000
ITER = 128	5000	5000
ITER = 129	5000	5000
ITER = 130	5000	5000
ITER = 131	5000	5000
ITER = 132	5000	5000
ITER = 133	5000	5000
ITER = 134	5000	5000
ITER = 135	5000	5000
ITER = 136	5000	5000
ITER = 137	5000	5000
ITER = 138	5000	5000
ITER = 139	5000	5000
ITER = 140	5000	5000
ITER = 141	5000	5000
ITER = 142	5000	5000
ITER = 143	5000	5000
ITER = 144	5000	5000
ITER = 145	5000	5000
ITER = 146	5000	5000
ITER = 147	5000	5000
ITER = 148	5000	5000
ITER = 149	5000	5000
ITER = 150	5000	5000
ITER = 151	5000	5000
ITER = 152	5000	5000
ITER = 153	5000	5000
ITER = 154	5000	5000
ITER = 155	5000	5000
ITER = 156	5000	5000
ITER = 157	5000	5000
ITER = 158	5000	5000
ITER = 159	5000	5000
ITER = 160	5000	5000
ITER = 161	5000	5000
ITER = 162	5000	5000
ITER = 163	5000	5000
ITER = 164	5000	5000
ITER = 165	5000	5000
ITER = 166	5000	5000
ITER = 167	5000	5000
ITER = 168	5000	5000
ITER = 169	5000	5000
ITER = 170	5000	5000
ITER = 171	5000	5000
ITER = 172	5000	5000
ITER = 173	5000	5000
ITER = 174	5000	5000
ITER = 175	5000	5000
ITER = 176	5000	5000
ITER = 177	5000	5000
ITER = 178	5000	5000
ITER = 179	5000	5000
ITER = 180	5000	5000
ITER = 181	5000	5000
ITER = 182	5000	5000
ITER = 183	5000	5000
ITER = 184	5000	5000
ITER = 185	5000	5000
ITER = 186	5000	5000
ITER = 187	5000	5000
ITER = 188	5000	5000
ITER = 189	5000	5000
ITER = 190	5000	5000
ITER = 191	5000	5000
ITER = 192	5000	5000
ITER = 193	5000	5000
ITER = 194	5000	5000
ITER = 195	5000	5000
ITER = 196	5000	5000
ITER = 197	5000	5000
ITER = 198	5000	5000
ITER = 199	5000	5000
ITER = 200	5000	5000
ITER = 201	5000	5000
ITER = 202	5000	5000
ITER = 203	5000	5000
ITER = 204	5000	5000
ITER = 205	5000	5000
ITER = 206	5000	5000
ITER = 207	5000	5000
ITER = 208	5000	5000
ITER = 209	5000	5000
ITER = 210	5000	5000
ITER = 211	5000	5000
ITER = 212	5000	5000
ITER = 213	5000	5000
ITER = 214	5000	5000
ITER = 215	5000	5000
ITER = 216	5000	5000
ITER = 217	5000	5000
ITER = 218	5000	5000
ITER = 219	5000	5000
ITER = 220	5000	5000
ITER = 221	5000	5000
ITER = 222	5000	5000
ITER = 223	5000	5000
ITER = 224	5000	5000
ITER = 225	5000	5000
ITER = 226	5000	5000
ITER = 227	5000	5000
ITER = 228	5000	5000
ITER = 229	5000	5000
ITER = 230	5000	5000
ITER = 231	5000	5000
ITER = 232	5000	5000
ITER = 233	5000	5000
ITER = 234	5000	5000
ITER = 235	5000	5000
ITER = 236	5000	5000
ITER = 237	5000	5000
ITER = 238	5000	5000
ITER = 239	5000	5000
ITER = 240	5000	5000
ITER = 241	5000	5000
ITER = 242	5000	5000
ITER = 243	5000	5000
ITER = 244	5000	5000
ITER = 245	5000	5000
ITER = 246	5000	5000
ITER = 247	5000	5000
ITER = 248	5000	5000
ITER = 249	5000	5000
ITER = 250	5000	5000
ITER = 251	5000	5000
ITER = 252	5000	5000
ITER = 253	5000	5000
ITER = 254	5000	5000
ITER = 255	5000	5000
ITER = 256	5000	5000
ITER = 257	5000	5000
ITER = 258	5000	5000
ITER = 259	5000	5000
ITER = 260	5000	5000
ITER = 261	5000	5000
ITER = 262	5000	5000
ITER = 263	5000	5000
ITER = 264	5000	5000
ITER = 265	5000	5000
ITER = 266	5000	5000
ITER = 267	5000	5000
ITER = 268	5000	5000
ITER = 269	5000	5000
ITER = 270	5000	5000
ITER = 271	5000	5000
ITER = 272	5000	5000
ITER = 273	5000	5000
ITER = 274	5000	5000
ITER = 275	5000	5000
ITER = 276	5000	5000
ITER = 277	5000	5000
ITER = 278	5000	5000
ITER = 279	5000	5000
ITER = 280	5000	5000
ITER = 281	5000	5000
ITER = 282	5000	5000
ITER = 283	5000	5000
ITER = 284	5000	5000
ITER = 285	5000	5000
ITER = 286	5000	5000
ITER = 287	5000	5000
ITER = 288	5000	5000
ITER = 289	5000	5000
ITER = 290	5000	5000
ITER = 291	5000	5000
ITER = 292	5000	5000
ITER = 293	5000	5000
ITER = 294	5000	5000
ITER = 295	5000	5000
ITER = 296	5000	5000
ITER = 297	5000	5000
ITER = 298	5000	5000
ITER = 299	5000	5000
ITER = 300	5000	5000
ITER = 301	5000	5000
ITER = 302	5000	5000
ITER = 303	5000	5000
ITER = 304	5000	5000
ITER = 305	5000	5000
ITER = 306	5000	5000
ITER = 307	5000	5000
ITER = 308	5000	5000
ITER = 309	5000	5000
ITER = 310	5000	5000
ITER = 311	5000	5000
ITER = 312	5000	5000
ITER = 313	5000	5000
ITER = 314	5000	5000
ITER = 315	5000	5000
ITER = 316	5000	5000
ITER = 317	5000	5000
ITER = 318	5000	5000
ITER = 319	5000	5000
ITER = 320	5000	5000
ITER = 321	5000	5000
ITER = 322	5000	5000
ITER = 323	5000	5000
ITER = 324	5000	5000
ITER = 325	5000	5000
ITER = 326	5000	5000
ITER = 327	5000	5000
ITER = 328	5000	5000
ITER = 329	5000	5000
ITER = 330	5000	5000
ITER = 331	5000	5000
ITER = 332	5000	5000
ITER = 333	5000	5000
ITER = 334	5000	5000
ITER = 335	5000	5000
ITER = 336	5000	5000
ITER = 337	5000	5000
ITER = 338	5000	5000
ITER = 339	5000	5000
ITER = 340	5000	5000
ITER = 341	5000	5000
ITER = 342	5000	5000
ITER = 343	5000	5000
ITER = 344	5000	5000
ITER = 345	5000	5000
ITER = 346	5000	5000
ITER = 347	5000	5000
ITER = 348	5000	5000
ITER = 349	5000	5000
ITER = 350	5000	5000
ITER = 351	5000	5000
ITER = 352	5000	5000
ITER = 353	5000	5000
ITER = 354	5000	5000
ITER = 355	5000	5000
ITER = 356	5000	5000
ITER = 357	5000	5000
ITER = 358	5000	5000
ITER = 359	5000	5000
ITER = 360	5000	5000
ITER = 361	5000	5000
ITER = 362	5000	5000
ITER = 363	5000	5000
ITER = 364	5000	5000
ITER = 365	5000	5000
ITER = 366	5000	5000
ITER = 367	5000	5000
ITER = 368	5000	5000
ITER = 369	5000	5000
ITER = 370	5000	5000
ITER = 371	5000	5000
ITER = 372	5000	5000
ITER = 373	5000	5000
ITER = 374	5000	5000
ITER = 375	5000	5000
ITER = 376	5000	5000
ITER = 377	5000	5000
ITER = 378	5000	5000
ITER = 379	5000	5000
ITER = 380	5000	5000
ITER = 381	5000	5000
ITER = 382	5000	5000
ITER = 383	5000	5000
ITER = 384	5000	5000
ITER = 385	5000	5000
ITER = 386	5000	5000
ITER = 387	5000	5000
ITER = 388	5000	5000
ITER = 389	5000	5000
ITER = 390	5000	5000
ITER = 391	5000	5000
ITER = 392	5000	5000
ITER = 393	5000	5000
ITER = 394	5000	5000
ITER = 395	5000	5000
ITER = 396	5000	5000
ITER = 397	5000	5000
ITER = 398	5000	5000
ITER = 399	5000	5000
ITER = 400	5000	5000
ITER = 401	5000	5000
ITER = 402	5000	5000
ITER = 403	5000	5000
ITER = 404	5000	5000
ITER = 405	5000	5000
ITER = 406	5000	5000
ITER = 407	5000	5000
ITER = 408	5000	5000
ITER = 409	5000	5000
ITER = 410	5000	5000
ITER = 411	5000	5000
ITER = 412	5000	5000
ITER = 413	5000	5000
ITER = 414	5000	5000
ITER = 415	5000	5000
ITER = 416	5000	5000
ITER = 417	5000	5000
ITER = 418	5000	5000
ITER = 419	5000	5000
ITER = 420	5000	5000
ITER = 421	5000	5000
ITER = 422	5000	5000
ITER = 423	5000	5000
ITER = 424	5000	5000
ITER = 425	5000	5000
ITER = 426	5000	5000
ITER = 427	5000	5000
ITER = 428	5000	5000
ITER = 429	5000	5000
ITER = 430	5000	5000
ITER = 431	5000	5000
ITER = 432	5000	5000
ITER = 433	5000	5000
ITER = 434	5000	5000
ITER = 435	5000	5000
ITER = 436	5000	5000
ITER = 437	5000	5000
ITER = 438	5000	5000
ITER = 439	5000	5000
ITER = 440	5000	5000
ITER = 441	5000	5000
ITER = 442	5000	5000
ITER = 443	5000	5000
ITER = 444	5000	5000
ITER = 445	5000	5000
ITER = 446	5000	5000
ITER = 447	5000	5000
ITER = 448	5000	5000
ITER = 449	5000	5000
ITER = 450	5000	5000
ITER = 451	5000	5000
ITER = 452	5000	5000
ITER = 453	5000	5000
ITER = 454	5000	5000
ITER = 455	5000	5000
ITER = 456	5000	5000
ITER = 457	5000	5000
ITER = 458	5000	5000
ITER = 459	5000	5000
ITER = 460	5000	5000
ITER = 461	5000	5000
ITER = 462	5000	5000
ITER = 463	5000	5000
ITER = 464	5000	5000
ITER = 465	5000	5000
ITER = 466	5000	5000
ITER = 467	5000	5000
ITER = 468	5000	5000
ITER = 469	5000	5000
ITER = 470	5000	5000
ITER = 471	5000	5000
ITER = 472	5000	5000
ITER = 473	5000	5000
ITER = 474	5000	5000
ITER = 475	5000	5000
ITER = 476	5000	5000
ITER = 477	5000	5000
ITER = 478	5000	5000
ITER = 479	5000	5000
ITER = 480	5000	5000
ITER = 481	5000	5000
ITER = 482	5000	5000
ITER = 483	5000	5000
ITER = 484	5000	5000
ITER = 485	5000	5000
ITER = 486	5000	5000
ITER = 487	5000	5000
ITER = 488	5000	5000
ITER = 489	5000	5000
ITER = 490	5000	5000
ITER = 491	5000	5000
ITER = 492	5000	5000
ITER = 493	5000	5000
ITER = 494	5000	5000
ITER = 495	5000	5000
ITER = 496	5000	5000
ITER = 497	5000	5000
ITER = 498	5000	5000
ITER = 499	5000	5000
ITER = 500	5000	5000
ITER = 501	5000	5000
ITER = 502	5000	5000
ITER = 503	5000	5000
ITER = 504	5000	5000
ITER = 505	5000	5000
ITER = 506	5000	5000
ITER = 507	5000	5000
ITER = 508	5000	5000
ITER = 509	5000	5000
ITER = 510	5000	5000
ITER = 511	5000	5000
ITER = 512	5000	5000
ITER = 513	5000	5000
ITER = 514	5000	5000
ITER = 515	5000	5000
ITER = 516	5000	5000
ITER = 517	5000	5000
ITER = 518	5000	5000
ITER = 519	5000	5000
ITER = 520	5000	5000
ITER = 521	5000	5000
ITER = 522	5000	5000
ITER = 523	5000	5000
ITER = 524	5000	5000
ITER = 525	5000	5000
ITER = 526	5000	5000
ITER = 527	5000	5000
ITER = 528	5000	5000
ITER = 529	5000	5000
ITER = 530	5000	5000
ITER = 531	5000	5000
ITER = 532	5000	5000
ITER = 533	5000	5000
ITER = 534	5000	5000
ITER = 535	5000	5000
ITER = 536	5000	5000
ITER = 537	5000	5000
ITER = 538	5000	5000
ITER = 539	5000	5000
ITER = 540	5000	5000
ITER = 541	5000	5000
ITER = 542	5000	5000
ITER = 543	5000	5000
ITER = 544	5000	5000
ITER = 545	5000	5000
ITER = 546	5000	5000
ITER = 547	5000	5000
ITER = 548	5000	5000
ITER = 549	5000	5000
ITER = 550	5000	5000
ITER = 551	5000	5000
ITER = 552	5000	5000
ITER = 553	5000	5000
ITER = 554	5000	5000
ITER = 555	5000	5000
ITER = 556	5000	5000
ITER = 557	5000	5000
ITER = 558	5000	5000
ITER = 559	5000	5000
ITER = 560	5000	5000
ITER = 561	5000	5000
ITER = 562	5000	5000
ITER = 563	5000	5000
ITER = 564	5000	5000
ITER = 565	5000	5000
ITER = 566	5000	5000
ITER = 567	5000	5000
ITER = 568	5000	5000
ITER = 569	5000	5000
ITER = 570	5000	5000
ITER = 571	5000	5000
ITER = 572	5000	5000
ITER = 573	5000	5000
ITER = 574	5000	5000
ITER = 575	5000	5000
ITER = 576	5000	5000
ITER = 577	5000	5000
ITER = 578	5000	5000
ITER = 579	5000	5000
ITER = 580	5000	5000
ITER = 581	5000	5000
ITER = 582	5000	5000
ITER = 583	5000	5000
ITER = 584	5000	5000
ITER = 585	5000	5000
ITER = 586	5000	5000
ITER = 587	5000	5000
ITER = 588	5000	5000
ITER = 589	5000	5000
ITER = 590	5000	5000
ITER = 591	5000	5000
ITER = 592	5000	5000
ITER = 593	5000	5000
ITER = 594	5000	5000
ITER = 595	5000	5000
ITER = 596	5000	5000
ITER = 597	5000	5000
ITER = 598	5000	5000
ITER = 599	5000	5000
ITER = 600	5000	5000
ITER = 601	5000	5000
ITER = 602	5000	5000
ITER = 603	5000	5000
ITER = 604	5000	5000
ITER = 605	5000	5000
ITER = 606	5000	5000
ITER = 607	5000	5000
ITER = 608	5000	5000
ITER = 609	5000	5000
ITER = 610	5000	5000
ITER = 611	5000	5000
ITER = 612	5000	5000
ITER = 613	5000	5000
ITER = 614	5000	5000
ITER = 615	5000	5000
ITER = 616	5000	5000
ITER = 617	5000	5000
ITER = 618	5000	5000
ITER = 619	5000	5000
ITER = 620	5000	5000
ITER = 621	5000	5000
ITER = 622	5000	5000
ITER = 623	5000	5000
ITER = 624	5000	5000
ITER = 625	5000	5000
ITER = 626	5000	5000
ITER = 627	5000	5000
ITER = 628	5000	5000
ITER = 629	5000	5000
ITER = 630	5000	5000
ITER = 631	5000	5000
ITER = 632	5000	5000
ITER = 633	5000	5000
ITER = 634	5000	5000
ITER = 635	5000	5000
ITER = 636	5000	5000
ITER = 637	5000	5000
ITER = 638	5000	5000
ITER = 639	5000	5000
ITER = 640	5000	5000
ITER = 641	5000	5000
ITER = 642	5000	5000
ITER = 643	5000	5000
ITER = 644	5000	5000
ITER = 645	5000	5000
ITER = 646	5000	5000
ITER = 647	5000	5000
ITER = 648	5000	5000
ITER = 649	5000	5000
ITER = 650	5000	5000
ITER = 651	5000	5000
ITER = 652	5000	5000
ITER = 653	5000	5000
ITER = 654	5000	5000
ITER = 655	5000	5000
ITER = 656	5000	5000
ITER = 657	5000	5000
ITER = 658	5000	5000
ITER = 659	5000	5000
ITER = 660	5000	5000
ITER = 661	5000	5000
ITER = 662	5000	5000
ITER = 663	5000	5000
ITER = 664	5000	5000
ITER = 665	5000	5000
ITER = 666	5000	5000
ITER = 667	5000	5000
ITER = 668	5000	5000
ITER = 669	5000	5000
ITER = 670	5000	5000
ITER = 671	5000	5000
ITER = 672	5000	5000
ITER = 673	5000	5000
ITER = 674	5000	5000
ITER = 675	5000	5000
ITER = 676	5000	5000
ITER = 677	5000	5000
ITER = 678	5000	5000
ITER = 679	5000	5000
ITER = 680	5000	5000
ITER = 681	5000	5000
ITER = 682	5000	5000
ITER = 683	5000	5000
ITER = 684	5000	5000
ITER = 685	5000	5000
ITER = 686	5000	5000
ITER = 687	5000	5000
ITER = 688	5000	5000
ITER = 689	5000	5000
ITER = 690	5000	5000
ITER = 691	5000	5000
ITER = 692	5000	5000
ITER = 693	5000	5000
ITER = 694	5000	5000
ITER = 695	5000	5000
ITER = 696	5000	5000
ITER = 697	5000	5000
ITER = 698	5000	5000
ITER = 699	5000	5000
ITER = 700	5000	5000
ITER = 701	5000	5000
ITER = 702	5000	5000
ITER = 703	5000	5000
ITER = 704	5000	5000
ITER = 705	5000	5000
ITER = 706	5000	5000
ITER = 707	5000	5000
ITER = 708	5000	5000
ITER = 709	5000	5000
ITER = 710	5000	5000
ITER = 711	5000	5000
ITER = 712	5000	5000
ITER = 713	5000	5000
ITER = 714	5000	5000
ITER = 715	5000	5000
ITER = 716	5000	5000
ITER = 717	5000	5000
ITER = 718	5000	5000
ITER = 719	5000	5000
ITER = 720	5000	5000
ITER = 721	5000	5000
ITER = 722	5000	5000
ITER = 723	5000	5000
ITER = 724	5000	5000
ITER = 725	5000	5000
ITER = 726	5000	5000
ITER = 727	5000	5000
ITER = 728	5000	5000
ITER = 729	5000	5000
ITER = 730	5000	5000
ITER = 731	5000	5000
ITER = 732	5000	5000
ITER = 733	5000	5000
ITER = 734	5000	5000
ITER = 735	5000	5000
ITER = 736	5000	5000
ITER = 737	5000	5000
ITER = 738	5000	5000
ITER = 739	5000	5000
ITER = 740	5000	5000
ITER = 741	5000	5000
ITER = 742	5000	5000
ITER = 743	5000	5000
ITER = 744	5000	5000
ITER = 745	5000	5000
ITER = 746	5000	5000
ITER = 747	5000	5000
ITER = 748	5000	5000
ITER = 749	5000	5000
ITER = 750	5000	5000
ITER = 751	5000	5000
ITER = 752	5000	5000
ITER = 753	5000	5000
ITER = 754	5000	5000
ITER = 755	5000	5000
ITER = 756	5000	5000
ITER = 757	5000	5000
ITER = 758	5000	5000
ITER = 759	5000	5000
ITER = 760	5000	5000
ITER = 761	5000	5000
ITER = 762	5000	5000
ITER = 763	5000	5000
ITER = 764	5000	5000
ITER = 765	5000	5000
ITER = 766	5000	5000
ITER = 767	5000	5000
ITER = 768	5000	5000
ITER = 769	5000	5000
ITER = 770	5000	5000
ITER = 771	5000	5000
ITER = 772	5000	5000
ITER = 773	5000	5000
ITER = 774	5000	5000
ITER = 775	5000	5000
ITER = 776	5000	5000
ITER = 777	5000	5000
ITER = 778	5000	5000
ITER = 779	5000	5000
ITER = 780	5000	5000
ITER = 781	5000	5000
ITER = 782	5000	5000
ITER = 783	5000	5000
ITER = 784	5000	5000
ITER = 785	5000	5000
ITER = 786	5000	5000
ITER = 787	5000	5000
ITER = 788	5000	5000
ITER = 789	5000	5000
ITER = 790	5000	5000
ITER = 791	5000	5000
ITER = 792	5000	5000
ITER = 793	5000	5000
ITER = 794	5000	5000
ITER = 795	5000	5000
ITER = 796	5000	5000
ITER = 797	5000	5000
ITER = 798	5000	5000
ITER = 799	5000	5000
ITER = 800	5000	5000
ITER = 801	5000	5000
ITER = 802	5000	5000
ITER = 803	5000	5000
ITER = 804	5000	5000
ITER = 805	5000	5000
ITER = 806	5000	5000
ITER = 807	5000	5000
ITER = 808	5000	5000
ITER = 809	5000	5000
ITER = 810	5000	5000
ITER = 811	6357	5000
ITER = 812	11988	6326
ITER = 813	15379	11840
ITER = 814	18238	15157
ITER = 815	20990	17947
ITER = 816	23497	20649
ITER = 817	27952	23116
ITER = 818	32041	27518
ITER = 819	35770	31559
ITER = 820	41467	35246
ITER = 821	43481	40883
ITER = 822	47621	42876
ITER = 823	50321	46974
ITER = 824	53415	49647
ITER = 825	55415	52710
ITER = 826	58515	54690
ITER = 827	60715	57759
ITER = 828	63215	59937
ITER = 829	65315	62412
ITER = 830	67615	64491
ITER = 831	69915	66768
ITER = 832	73215	69045
ITER = 833	76515	72312
ITER = 834	79015	75579
ITER = 835	81115	78054
ITER = 836	83315	80133
ITER = 837	86815	82311
ITER = 838	89015	85776
ITER = 839	90715	87954
ITER = 840	93415	89637
ITER = 841	95615	92310
ITER = 842	98615	94488
ITER = 843	101115	97458
ITER = 844	103715	99933
ITER = 845	105015	102507
ITER = 846	106815	103794
ITER = 847	109315	105576
ITER = 848	112015	108051
ITER = 849	113015	110724
ITER = 850	114515	111714
ITER = 851	115615	113199
ITER = 852	117615	114288
ITER = 853	119715	116268
ITER = 854	121815	118347
ITER = 855	123915	120426
ITER = 856	126215	122505
ITER = 857	128415	124782
ITER = 858	129615	126960
ITER = 859	130315	128147
ITER = 860	132515	128840
ITER = 861	134615	131018
ITER = 862	136015	133097
ITER = 863	138415	134483
ITER = 864	140615	136859
ITER = 865	141915	139037
ITER = 866	142615	140324
ITER = 867	144615	141017
ITER = 868	145015	142997
ITER = 869	146215	143393
ITER = 870	147715	144581
ITER = 871	149515	146066
ITER = 872	151115	147848
ITER = 873	152715	149432
ITER = 874	153915	151016
ITER = 875	155515	152204
ITER = 876	157015	153788
ITER = 877	158215	155273
ITER = 878	159915	156461
ITER = 879	162115	158144
ITER = 880	163315	160322
ITER = 881	164415	161510
ITER = 882	166015	162599
ITER = 883	168315	164183
ITER = 884	169515	166460
ITER = 885	171015	167648
ITER = 886	172615	169133
ITER = 887	174915	170717
ITER = 888	175615	172994
ITER = 889	176515	173687
ITER = 890	177215	174578
ITER = 891	178615	175271
ITER = 892	179815	176657
ITER = 893	181615	177845
ITER = 894	183215	179627
ITER = 895	183915	181211
ITER = 896	184915	181904
ITER = 897	185915	182894
ITER = 898	187015	183884
ITER = 899	188215	184973
ITER = 900	189615	186161
ITER = 901	191191	187547
ITER = 902	191979	189107
ITER = 903	193079	189887
ITER = 904	193755	190976
ITER = 905	194555	191645
ITER = 906	196355	192437
ITER = 907	196825	194219
ITER = 908	197889	194684
ITER = 909	199100	195737
ITER = 910	199885	196934
ITER = 911	200865	197711
ITER = 912	202455	198681
ITER = 913	203830	200255
ITER = 914	204605	201616
ITER = 915	204998	202383
ITER = 916	206771	202772
ITER = 917	207611	204526
ITER = 918	208598	205357
ITER = 919	209277	206332
ITER = 920	211051	207004
ITER = 921	211823	208759
ITER = 922	212851	209520
ITER = 923	214041	210537
ITER = 924	214757	211713
ITER = 925	215315	212421
ITER = 926	216789	212973
ITER = 927	218331	214431
ITER = 928	218740	215956
ITER = 929	219252	216357
ITER = 930	219518	216863
ITER = 931	220354	217124
ITER = 932	221239	217947
ITER = 933	221995	218820
ITER = 934	222885	219565
ITER = 935	223866	220444
ITER = 936	224068	221407
ITER = 937	224702	221606
ITER = 938	225192	222230
ITER = 939	225502	222712
ITER = 940	225938	223012
ITER = 941	226605	223438
ITER = 942	227393	224095
ITER = 943	227897	224870
ITER = 944	228003	225367
ITER = 945	228117	225468
ITER = 946	228237	225579
ITER = 947	228543	225692
ITER = 948	228771	225991
ITER = 949	228979	226212
ITER = 950	229400	226413
ITER = 951	229643	226822
ITER = 952	229745	227058
ITER = 953	229863	227156
ITER = 954	229863	227267
ITER = 955	229950	227267
ITER = 956	230017	227351
ITER = 957	230252	227412
ITER = 958	230324	227638
ITER = 959	230538	227703
ITER = 960	230641	227908
ITER = 961	230876	228002
ITER = 962	231116	228227
ITER = 963	231132	228455
ITER = 964	231212	228465
ITER = 965	231308	228538
ITER = 966	231340	228628
ITER = 967	231452	228656
ITER = 968	231580	228761
ITER = 969	231725	228878
ITER = 970	231886	229008
ITER = 971	232078	229157
ITER = 972	232142	229333
ITER = 973	232142	229393
ITER = 974	232147	229391
ITER = 975	232172	229393
ITER = 976	232197	229411
ITER = 977	232212	229429
ITER = 978	232227	229438
ITER = 979	232242	229448
ITER = 980	232287	229458
ITER = 981	232341	229493
ITER = 982	232356	229536
ITER = 983	232361	229547
ITER = 984	232361	229546
ITER = 985	232361	229545
ITER = 986	232361	229540
ITER = 987	232361	229526
ITER = 988	232361	229515
ITER = 989	232361	229508
ITER = 990	232361	229503
ITER = 991	232361	229499
ITER = 992	232371	229489
ITER = 993	232371	229489
ITER = 994	232371	229478
ITER = 995	232371	229471
ITER = 996	232371	229468
ITER = 997	232371	229466
ITER = 998	232371	229459
ITER = 999	232371	229452
ITER = 1000	232371	229445
ITER = 1001	232371	229437
ITER = 1002	232371	229430
ITER = 1003	232371	229418
ITER = 1004	232371	229409
ITER = 1005	232371	229398
ITER = 1006	232371	229391
ITER = 1007	232371	229388
ITER = 1008	232371	229384
ITER = 1009	232371	229378
ITER = 1010	232371	229374
ITER = 1011	232371	229366
ITER = 1012	232371	229362
ITER = 1013	232371	229358
ITER = 1014	232371	229351
ITER = 1015	232371	229337
ITER = 1016	232371	229329
ITER = 1017	232371	229320
ITER = 1018	232371	229317
ITER = 1019	232371	229307
ITER = 1020	232371	229296
ITER = 1021	232371	229286
ITER = 1022	232371	229279
ITER = 1023	232371	229270
ITER = 1024	232371	229265
ITER = 1025	232371	229258
ITER = 1026	232371	229251
ITER = 1027	232371	229248
ITER = 1028	232371	229246
ITER = 1029	232371	229237
ITER = 1030	232371	229236
ITER = 1031	232371	229232
ITER = 1032	232371	229223
ITER = 1033	232371	229221
ITER = 1034	232371	229213
ITER = 1035	232371	229208
ITER = 1036	232371	229202
ITER = 1037	232371	229199
ITER = 1038	232371	229196
ITER = 1039	232371	229194
ITER = 1040	232371	229190
ITER = 1041	232371	229182
ITER = 1042	232371	229178
ITER = 1043	232371	229175
ITER = 1044	232371	229172
ITER = 1045	232371	229170
ITER = 1046	232371	229162
ITER = 1047	232371	229156
ITER = 1048	232371	229149
ITER = 1049	232371	229143
ITER = 1050	232371	229134
ITER = 1051	232371	229127
ITER = 1052	232371	229124
ITER = 1053	232371	229121
ITER = 1054	232371	229117
ITER = 1055	232371	229113
ITER = 1056	232371	229105
ITER = 1057	232371	229101
ITER = 1058	232371	229097
ITER = 1059	232371	229091
ITER = 1060	232371	229080
ITER = 1061	232371	229072
ITER = 1062	232371	229065
ITER = 1063	232371	229055
ITER = 1064	232371	229048
ITER = 1065	232371	229038
ITER = 1066	232371	229037
ITER = 1067	232371	229028
ITER = 1068	232371	229021
ITER = 1069	232371	229015
ITER = 1070	232371	229011
ITER = 1071	232371	229007
ITER = 1072	232371	229004
ITER = 1073	232371	229001
ITER = 1074	232371	228990
ITER = 1075	232371	228985
ITER = 1076	232371	228979
ITER = 1077	232371	228978
ITER = 1078	232371	228971
ITER = 1079	232371	228967
ITER = 1080	232371	228962
ITER = 1081	232371	228954
ITER = 1082	232371	228946
ITER = 1083	232371	228939
ITER = 1084	232371	228934
ITER = 1085	232371	228926
ITER = 1086	232371	228923
ITER = 1087	232371	228915
ITER = 1088	232371	228913
ITER = 1089	232371	228912
ITER = 1090	232371	228910
ITER = 1091	232371	228907
ITER = 1092	232371	228906
ITER = 1093	232371	228900
ITER = 1094	232371	228894
ITER = 1095	232371	228890
ITER = 1096	232371	228888
ITER = 1097	232371	228881
ITER = 1098	232371	228876
ITER = 1099	232371	228871
ITER = 1100	232371	228867
ITER = 1101	232371	228864
ITER = 1102	232371	228857
ITER = 1103	232371	228850
ITER = 1104	232371	228839
ITER = 1105	232371	228833
ITER = 1106	232371	228829
ITER = 1107	232371	228825
ITER = 1108	232371	228822
ITER = 1109	232371	228819
ITER = 1110	232371	228811
ITER = 1111	232371	228810
ITER = 1112	232371	228806
ITER = 1113	232371	228803
ITER = 1114	232371	228800
ITER = 1115	232371	228795
ITER = 1116	232371	228794
ITER = 1117	232371	228792
ITER = 1118	232371	228787
ITER = 1119	232371	228783
ITER = 1120	232371	228777
ITER = 1121	232371	228772
ITER = 1122	232371	228769
ITER = 1123	232371	228765
ITER = 1124	232371	228759
ITER = 1125	232371	228752
ITER = 1126	232371	228749
ITER = 1127	232371	228743
ITER = 1128	232371	228742
ITER = 1129	232371	228737
ITER = 1130	232371	228734
ITER = 1131	232371	228731
ITER = 1132	232371	228728
ITER = 1133	232371	228725
ITER = 1134	232371	228722
ITER = 1135	232371	228716
ITER = 1136	232371	228714
ITER = 1137	232371	228714
ITER = 1138	232371	228714
ITER = 1139	232371	228711
ITER = 1140	232371	228709
ITER = 1141	232371	228709
ITER = 1142	232371	228708
ITER = 1143	232371	228704
ITER = 1144	232371	228698
ITER = 1145	232371	228697
ITER = 1146	232371	228692
ITER = 1147	232371	228688
ITER = 1148	232371	228681
ITER = 1149	232371	228680
ITER = 1150	232371	228674
ITER = 1151	232371	228671
ITER = 1152	232371	228668
ITER = 1153	232371	228668
ITER = 1154	232371	228662
ITER = 1155	232371	228656
ITER = 1156	232371	228651
ITER = 1157	232371	228642
ITER = 1158	232371	228638
ITER = 1159	232371	228637
ITER = 1160	232371	228628
ITER = 1161	232371	228627
ITER = 1162	232371	228619
ITER = 1163	232371	228616
ITER = 1164	232371	228614
ITER = 1165	232371	228608
ITER = 1166	232371	228602
ITER = 1167	232371	228599
ITER = 1168	232371	228599
ITER = 1169	232371	228598
ITER = 1170	232371	228594
ITER = 1171	232371	228590
ITER = 1172	232371	228588
ITER = 1173	232371	228582
ITER = 1174	232371	228580
ITER = 1175	232371	228578
ITER = 1176	232371	228575
ITER = 1177	232371	228572
ITER = 1178	232371	228569
ITER = 1179	232371	228565
ITER = 1180	232371	228559
ITER = 1181	232371	228557
ITER = 1182	232371	228554
ITER = 1183	232371	228553
ITER = 1184	232371	228551
ITER = 1185	232371	228548
ITER = 1186	232371	228536
ITER = 1187	232371	228532
ITER = 1188	232371	228530
ITER = 1189	232371	228526
ITER = 1190	232371	228518
ITER = 1191	232371	228514
ITER = 1192	232371	228506
ITER = 1193	232371	228504
ITER = 1194	232371	228502
ITER = 1195	232371	228497
ITER = 1196	232371	228493
ITER = 1197	232371	228488
ITER = 1198	232371	228487
ITER = 1199	232371	228485
ITER = 1200	232371	228474
ITER = 1201	232371	228472
ITER = 1202	232371	228466
ITER = 1203	232371	228464
ITER = 1204	232371	228461
ITER = 1205	232371	228456
ITER = 1206	232371	228452
ITER = 1207	232371	228449
ITER = 1208	232371	228448
ITER = 1209	232371	228436
ITER = 1210	232371	228430
ITER = 1211	232371	228425
ITER = 1212	232371	228425
ITER = 1213	232371	228424
ITER = 1214	232371	228420
ITER = 1215	232371	228418
ITER = 1216	232371	228413
ITER = 1217	232371	228410
ITER = 1218	232371	228409
ITER = 1219	232371	228405
ITER = 1220	232371	228401
ITER = 1221	232371	228399
ITER = 1222	232371	228398
ITER = 1223	232371	228392
ITER = 1224	232371	228390
ITER = 1225	232371	228386
ITER = 1226	232371	228382
ITER = 1227	232371	228380
ITER = 1228	232371	228377
ITER = 1229	232371	228365
ITER = 1230	232371	228357
ITER = 1231	232371	228356
ITER = 1232	232371	228352
ITER = 1233	232371	228347
ITER = 1234	232371	228341
ITER = 1235	232371	228331
ITER = 1236	232371	228327
ITER = 1237	232371	228321
ITER = 1238	232371	228317
ITER = 1239	232371	228309
ITER = 1240	232371	228303
ITER = 1241	232371	228300
ITER = 1242	232371	228298
ITER = 1243	232371	228297
ITER = 1244	232371	228293
ITER = 1245	232371	228287
ITER = 1246	232371	228284
ITER = 1247	232371	228283
ITER = 1248	232371	228281
ITER = 1249	232371	228278
ITER = 1250	232371	228275
ITER = 1251	232371	228272
ITER = 1252	232371	228267
ITER = 1253	232371	228263
ITER = 1254	232371	228261
ITER = 1255	232371	228259
ITER = 1256	232371	228255
ITER = 1257	232371	228249
ITER = 1258	232371	228242
ITER = 1259	232371	228232
ITER = 1260	232371	228222
ITER = 1261	232371	228220
ITER = 1262	232371	228215
ITER = 1263	232371	228211
ITER = 1264	232371	228206
ITER = 1265	232371	228200
ITER = 1266	232371	228198
ITER = 1267	232371	228194
ITER = 1268	232371	228186
ITER = 1269	232371	228183
ITER = 1270	232371	228180
ITER = 1271	232371	228177
ITER = 1272	232371	228175
ITER = 1273	232371	228175
ITER = 1274	232371	228170
ITER = 1275	232371	228161
ITER = 1276	232371	228157
ITER = 1277	232371	228151
ITER = 1278	232371	228145
ITER = 1279	232371	228145
ITER = 1280	232371	228141
ITER = 1281	232371	228140
ITER = 1282	232371	228138
ITER = 1283	232371	228131
ITER = 1284	232371	228127
ITER = 1285	232371	228126
ITER = 1286	232371	228116
ITER = 1287	232371	228115
ITER = 1288	232371	228110
ITER = 1289	232371	228104
ITER = 1290	232371	228091
ITER = 1291	232371	228083
ITER = 1292	232371	228083
ITER = 1293	232371	228077
ITER = 1294	232371	228074
ITER = 1295	232371	228066
ITER = 1296	232371	228064
ITER = 1297	232371	228060
ITER = 1298	232371	228058
ITER = 1299	232371	228049
ITER = 1300	232371	228041
ITER = 1301	232371	228040
ITER = 1302	232371	228038
ITER = 1303	232371	228036
ITER = 1304	232371	228032
ITER = 1305	232371	228018
ITER = 1306	232371	228014
ITER = 1307	232371	228012
ITER = 1308	232371	228009
ITER = 1309	232371	228001
ITER = 1310	232371	227997
ITER = 1311	232371	227991
ITER = 1312	232371	227991
ITER = 1313	232371	227986
ITER = 1314	232371	227983
ITER = 1315	232371	227980
ITER = 1316	232371	227976
ITER = 1317	232371	227961
ITER = 1318	232371	227960
ITER = 1319	232371	227958
ITER = 1320	232371	227955
ITER = 1321	232371	227954
ITER = 1322	232371	227952
ITER = 1323	232371	227948
ITER = 1324	232371	227946
ITER = 1325	232371	227940
ITER = 1326	232371	227934
ITER = 1327	232371	227925
ITER = 1328	232371	227918
ITER = 1329	232371	227914
ITER = 1330	232371	227904
ITER = 1331	232371	227903
ITER = 1332	232371	227900
ITER = 1333	232371	227897
ITER = 1334	232371	227896
ITER = 1335	232371	227894
ITER = 1336	232371	227888
ITER = 1337	232371	227885
ITER = 1338	232371	227875
ITER = 1339	232371	227867
ITER = 1340	232371	227864
ITER = 1341	232371	227860
ITER = 1342	232371	227854
ITER = 1343	232371	227849
ITER = 1344	232371	227843
ITER = 1345	232371	227828
ITER = 1346	232371	227822
ITER = 1347	232371	227813
ITER = 1348	232371	227806
ITER = 1349	232371	227800
ITER = 1350	232371	227793
ITER = 1351	232371	227787
ITER = 1352	232371	227784
ITER = 1353	232371	227777
ITER = 1354	232371	227769
ITER = 1355	232371	227757
ITER = 1356	232371	227748
ITER = 1357	232371	227724
ITER = 1358	232371	227720
ITER = 1359	232371	227717
ITER = 1360	232371	227713
ITER = 1361	232371	227707
ITER = 1362	232372	227706
ITER = 1363	232372	227693
ITER = 1364	232372	227687
ITER = 1365	232379	227656
ITER = 1366	232379	227652
ITER = 1367	232379	227645
ITER = 1368	232379	227639
ITER = 1369	232379	227635
ITER = 1370	232379	227632
ITER = 1371	232379	227632
ITER = 1372	232379	227624
ITER = 1373	232379	227621
ITER = 1374	232379	227618
ITER = 1375	232379	227613
ITER = 1376	232379	227603
ITER = 1377	232379	227595
ITER = 1378	232379	227587
ITER = 1379	232379	227581
ITER = 1380	232379	227578
ITER = 1381	232379	227568
ITER = 1382	232379	227567
ITER = 1383	232379	227564
ITER = 1384	232379	227558
ITER = 1385	232379	227557
ITER = 1386	232379	227556
ITER = 1387	232379	227546
ITER = 1388	232379	227540
ITER = 1389	232379	227531
ITER = 1390	232379	227527
ITER = 1391	232379	227523
ITER = 1392	232379	227514
ITER = 1393	232386	227511
ITER = 1394	232386	227484
ITER = 1395	232386	227478
ITER = 1396	232386	227467
ITER = 1397	232386	227467
ITER = 1398	232386	227466
ITER = 1399	232386	227460
ITER = 1400	232386	227433
ITER = 1401	232386	227425
ITER = 1402	232390	227422
ITER = 1403	232390	227419
ITER = 1404	232390	227415
ITER = 1405	232390	227415
ITER = 1406	232390	227398
ITER = 1407	232390	227396
ITER = 1408	232390	227394
ITER = 1409	232390	227389
ITER = 1410	232390	227384
ITER = 1411	232390	227381
ITER = 1412	232390	227381
ITER = 1413	232390	227381
ITER = 1414	232390	227381
ITER = 1415	232390	227380
ITER = 1416	232390	227380
ITER = 1417	232390	227380
ITER = 1418	232390	227380
ITER = 1419	232390	227376
ITER = 1420	232390	227373
ITER = 1421	232390	227373
ITER = 1422	232390	227370
ITER = 1423	232390	227369
ITER = 1424	232390	227369
ITER = 1425	232390	227368
ITER = 1426	232390	227367
ITER = 1427	232390	227367
ITER = 1428	232390	227364
ITER = 1429	232390	227354
ITER = 1430	232390	227352
ITER = 1431	232390	227351
ITER = 1432	232390	227351
ITER = 1433	232390	227351
ITER = 1434	232390	227348
ITER = 1435	232390	227347
ITER = 1436	232390	227347
ITER = 1437	232390	227345
ITER = 1438	232390	227345
ITER = 1439	232390	227342
ITER = 1440	232390	227342
ITER = 1441	232390	227342
ITER = 1442	232390	227342
ITER = 1443	232390	227342
ITER = 1444	232390	227342
ITER = 1445	232390	227333
ITER = 1446	232390	227333
ITER = 1447	232390	227332
ITER = 1448	232390	227329
ITER = 1449	232390	227328
ITER = 1450	232390	227326
ITER = 1451	232390	227326
ITER = 1452	232390	227324
ITER = 1453	232390	227323
ITER = 1454	232390	227323
ITER = 1455	232390	227322
ITER = 1456	232390	227321
ITER = 1457	232390	227320
ITER = 1458	232390	227318
ITER = 1459	232390	227317
ITER = 1460	232390	227317
ITER = 1461	232390	227310
ITER = 1462	232390	227310
ITER = 1463	232390	227310
ITER = 1464	232390	227309
ITER = 1465	232390	227307
ITER = 1466	232390	227305
ITER = 1467	232390	227304
ITER = 1468	232390	227304
ITER = 1469	232390	227303
ITER = 1470	232390	227302
ITER = 1471	232390	227301
ITER = 1472	232390	227301
ITER = 1473	232390	227296
ITER = 1474	232390	227296
ITER = 1475	232390	227296
ITER = 1476	232390	227296
ITER = 1477	232390	227295
ITER = 1478	232390	227291
ITER = 1479	232390	227290
ITER = 1480	232390	227290
ITER = 1481	232390	227289
ITER = 1482	232390	227289
ITER = 1483	232390	227287
ITER = 1484	232390	227287
ITER = 1485	232390	227287
ITER = 1486	232390	227285
ITER = 1487	232390	227285
ITER = 1488	232390	227281
ITER = 1489	232390	227273
ITER = 1490	232390	227272
ITER = 1491	232390	227271
ITER = 1492	232390	227265
ITER = 1493	232390	227264
ITER = 1494	232390	227264
ITER = 1495	232390	227259
ITER = 1496	232390	227256
ITER = 1497	232390	227255
ITER = 1498	232390	227253
ITER = 1499	232390	227253
ITER = 1500	232390	227253
ITER = 1501	232390	227253
ITER = 1502	232390	227251
ITER = 1503	232390	227249
ITER = 1504	232390	227249
ITER = 1505	232390	227249
ITER = 1506	232390	227249
ITER = 1507	232390	227248
ITER = 1508	232390	227248
ITER = 1509	232390	227246
ITER = 1510	232390	227246
ITER = 1511	232390	227246
ITER = 1512	232390	227246
ITER = 1513	232390	227246
ITER = 1514	232390	227246
ITER = 1515	232390	227246
ITER = 1516	232390	227246
ITER = 1517	232390	227246
ITER = 1518	232390	227244
ITER = 1519	232390	227243
ITER = 1520	232390	227239
ITER = 1521	232390	227239
ITER = 1522	232390	227239
ITER = 1523	232390	227239
ITER = 1524	232390	227238
ITER = 1525	232390	227237
ITER = 1526	232390	227236
ITER = 1527	232390	227236
ITER = 1528	232390	227236
ITER = 1529	232390	227236
ITER = 1530	232390	227196
ITER = 1531	232390	227188
ITER = 1532	232390	227188
ITER = 1533	232390	227187
ITER = 1534	232390	227186
ITER = 1535	232390	227184
ITER = 1536	232390	227183
ITER = 1537	232390	227183
ITER = 1538	232390	227182
ITER = 1539	232390	227182
ITER = 1540	232390	227181
ITER = 1541	232390	227180
ITER = 1542	232390	227179
ITER = 1543	232390	227179
ITER = 1544	232390	227179
ITER = 1545	232390	227178
ITER = 1546	232390	227178
ITER = 1547	232390	227178
ITER = 1548	232390	227177
ITER = 1549	232390	227176
ITER = 1550	232390	227176
ITER = 1551	232390	227175
ITER = 1552	232390	227173
ITER = 1553	232390	227173
ITER = 1554	232390	227171
ITER = 1555	232390	227171
ITER = 1556	232390	227170
ITER = 1557	232390	227170
ITER = 1558	232390	227166
ITER = 1559	232390	227158
ITER = 1560	232390	227157
ITER = 1561	232390	227155
ITER = 1562	232390	227152
ITER = 1563	232390	227150
ITER = 1564	232390	227148
ITER = 1565	232390	227138
ITER = 1566	232390	227136
ITER = 1567	232390	227135
ITER = 1568	232390	227135
ITER = 1569	232390	227131
ITER = 1570	232390	227131
ITER = 1571	232390	227130
ITER = 1572	232390	227129
ITER = 1573	232390	227129
ITER = 1574	232390	227128
ITER = 1575	232390	227119
ITER = 1576	232390	227117
ITER = 1577	232390	227115
ITER = 1578	232390	227113
ITER = 1579	232390	227110
ITER = 1580	232390	227105
ITER = 1581	232390	227101
ITER = 1582	232390	227099
ITER = 1583	232390	227099
ITER = 1584	232390	227096
ITER = 1585	232390	227092
ITER = 1586	232390	227084
ITER = 1587	232390	227082
ITER = 1588	232390	227079
ITER = 1589	232390	227076
ITER = 1590	232390	227074
ITER = 1591	232390	227068
ITER = 1592	232390	227063
ITER = 1593	232390	227061
ITER = 1594	232390	227058
ITER = 1595	232390	227054
ITER = 1596	232390	227053
ITER = 1597	232390	227050
ITER = 1598	232390	227046
ITER = 1599	232390	227043
ITER = 1600	232390	227038
ITER = 1601	232390	227037
ITER = 1602	232390	227034
ITER = 1603	232390	227030
ITER = 1604	232390	227026
ITER = 1605	232390	227017
ITER = 1606	232390	227005
ITER = 1607	232390	227001
ITER = 1608	232390	226996
ITER = 1609	232390	226987
ITER = 1610	232390	226978
ITER = 1611	232390	226970
ITER = 1612	232390	226962
ITER = 1613	232390	226954
ITER = 1614	232390	226948
ITER = 1615	232390	226931
ITER = 1616	232390	226924
ITER = 1617	232390	226922
ITER = 1618	232390	226911
ITER = 1619	232390	226906
ITER = 1620	232390	226900
ITER = 1621	232390	226890
ITER = 1622	232390	226884
ITER = 1623	232390	226879
ITER = 1624	232390	226873
ITER = 1625	232390	226868
ITER = 1626	232390	226865
ITER = 1627	232390	226859
ITER = 1628	232390	226850
ITER = 1629	232390	226845
ITER = 1630	232390	226837
ITER = 1631	232390	226832
ITER = 1632	232390	226827
ITER = 1633	232390	226822
ITER = 1634	232390	226815
ITER = 1635	232390	226808
ITER = 1636	232390	226801
ITER = 1637	232390	226793
ITER = 1638	232390	226784
ITER = 1639	232390	226776
ITER = 1640	232390	226762
ITER = 1641	232390	226755
ITER = 1642	232390	226748
ITER = 1643	232390	226739
ITER = 1644	232390	226734
ITER = 1645	232390	226726
ITER = 1646	232390	226722
ITER = 1647	232390	226715
ITER = 1648	232390	226706
ITER = 1649	232390	226697
ITER = 1650	232390	226687
ITER = 1651	232390	226678
ITER = 1652	232390	226672
ITER = 1653	232390	226662
ITER = 1654	232390	226655
ITER = 1655	232390	226644
ITER = 1656	232390	226632
ITER = 1657	232390	226621
ITER = 1658	232390	226613
ITER = 1659	232390	226603
ITER = 1660	232390	226593
ITER = 1661	232390	226581
ITER = 1662	232390	226566
ITER = 1663	232390	226550
ITER = 1664	232390	226540
ITER = 1665	232390	226529
ITER = 1666	232390	226517
ITER = 1667	232390	226509
ITER = 1668	232390	226502
ITER = 1669	232390	226494
ITER = 1670	232390	226485
ITER = 1671	232390	226477
ITER = 1672	232390	226465
ITER = 1673	232390	226451
ITER = 1674	232390	226440
ITER = 1675	232390	226429
ITER = 1676	232390	226423
ITER = 1677	232390	226400
ITER = 1678	232390	226387
ITER = 1679	232390	226372
ITER = 1680	232390	226364
ITER = 1681	232390	226318
ITER = 1682	232390	226306
ITER = 1683	232390	226294
ITER = 1684	232390	226271
ITER = 1685	232390	226257
ITER = 1686	232390	226247
ITER = 1687	232390	226232
ITER = 1688	232390	226215
ITER = 1689	232390	226195
ITER = 1690	232390	226181
ITER = 1691	232390	226168
ITER = 1692	232390	226154
ITER = 1693	232390	226141
ITER = 1694	232390	226125
ITER = 1695	232390	226109
ITER = 1696	232390	226096
ITER = 1697	232390	226082
ITER = 1698	232390	226073
ITER = 1699	232390	226056
ITER = 1700	232390	226041
ITER = 1701	232390	226025
ITER = 1702	232390	226006
ITER = 1703	232390	225989
ITER = 1704	232390	225972
ITER = 1705	232390	225957
ITER = 1706	232390	225944
ITER = 1707	232390	225928
ITER = 1708	232390	225909
ITER = 1709	232390	225895
ITER = 1710	232390	225877
ITER = 1711	232390	225861
ITER = 1712	232390	225842
ITER = 1713	232390	225820
ITER = 1714	232390	225803
ITER = 1715	232390	225792
ITER = 1716	232390	225766
ITER = 1717	232390	225749
ITER = 1718	232390	225736
ITER = 1719	232390	225720
ITER = 1720	232390	225700
ITER = 1721	232390	225687
ITER = 1722	232390	225673
ITER = 1723	232390	225654
ITER = 1724	232390	225633
ITER = 1725	232390	225610
ITER = 1726	232390	225596
ITER = 1727	232390	225581
ITER = 1728	232390	225562
ITER = 1729	232390	225546
ITER = 1730	232390	225533
ITER = 1731	232390	225518
ITER = 1732	232390	225504
ITER = 1733	232390	225479
ITER = 1734	232390	225463
ITER = 1735	232390	225441
ITER = 1736	232390	225416
ITER = 1737	232390	225395
ITER = 1738	232390	225370
ITER = 1739	232390	225350
ITER = 1740	232390	225323
ITER = 1741	232390	225295
ITER = 1742	232390	225279
ITER = 1743	232390	225261
ITER = 1744	232390	225246
ITER = 1745	232390	225215
ITER = 1746	232390	225184
ITER = 1747	232390	225161
ITER = 1748	232390	225132
ITER = 1749	232390	225105
ITER = 1750	232390	225088
ITER = 1751	232390	225057
ITER = 1752	232390	225029
ITER = 1753	232390	225005
ITER = 1754	232390	224983
ITER = 1755	232390	224965
ITER = 1756	232390	224942
ITER = 1757	232390	224915
ITER = 1758	232390	224896
ITER = 1759	232390	224873
ITER = 1760	232390	224844
ITER = 1761	232390	224821
ITER = 1762	232390	224787
ITER = 1763	232390	224763
ITER = 1764	232390	224737
ITER = 1765	232390	224714
ITER = 1766	232390	224688
ITER = 1767	232390	224660
ITER = 1768	232390	224636
ITER = 1769	232390	224610
ITER = 1770	232390	224592
ITER = 1771	232390	224558
ITER = 1772	232390	224538
ITER = 1773	232390	224519
ITER = 1774	232390	224493
ITER = 1775	232390	224461
ITER = 1776	232390	224432
ITER = 1777	232390	224405
ITER = 1778	232390	224384
ITER = 1779	232390	224359
ITER = 1780	232390	224327
ITER = 1781	232390	224304
ITER = 1782	232390	224272
ITER = 1783	232390	224241
ITER = 1784	232390	224223
ITER = 1785	232390	224191
ITER = 1786	232390	224163
ITER = 1787	232390	224136
ITER = 1788	232390	224104
ITER = 1789	232390	224070
ITER = 1790	232390	224033
ITER = 1791	232390	223998
ITER = 1792	232390	223963
ITER = 1793	232390	223937
ITER = 1794	232390	223910
ITER = 1795	232390	223874
ITER = 1796	232390	223850
ITER = 1797	232390	223818
ITER = 1798	232390	223782
ITER = 1799	232390	223749
ITER = 1800	232390	223724
ITER = 1801	232390	223700
ITER = 1802	232390	223678
ITER = 1803	232390	223650
ITER = 1804	232390	223621
ITER = 1805	232390	223583
ITER = 1806	232390	223555
ITER = 1807	232390	223525
ITER = 1808	232390	223497
ITER = 1809	232390	223457
ITER = 1810	232390	223422
ITER = 1811	232390	223385
ITER = 1812	232390	223353
ITER = 1813	232390	223312
ITER = 1814	232390	223284
ITER = 1815	232390	223259
ITER = 1816	232390	223209
ITER = 1817	232390	223172
ITER = 1818	232390	223137
ITER = 1819	232390	223106
ITER = 1820	232390	223073
ITER = 1821	232390	223037
ITER = 1822	232390	223000
ITER = 1823	232390	222968
ITER = 1824	232390	222933
ITER = 1825	232390	222898
ITER = 1826	232390	222863
ITER = 1827	232390	222828
ITER = 1828	232390	222799
ITER = 1829	232390	222768
ITER = 1830	232390	222731
ITER = 1831	232390	222689
ITER = 1832	232390	222656
ITER = 1833	232390	222621
ITER = 1834	232390	222582
ITER = 1835	232390	222541
ITER = 1836	232390	222511
ITER = 1837	232390	222483
ITER = 1838	232390	222438
ITER = 1839	232390	222406
ITER = 1840	232390	222371
ITER = 1841	232390	222335
ITER = 1842	232390	222301
ITER = 1843	232390	222271
ITER = 1844	232390	222240
ITER = 1845	232390	222199
ITER = 1846	232390	222164
ITER = 1847	232390	222118
ITER = 1848	232390	222063
ITER = 1849	232390	222025
ITER = 1850	232390	221988
ITER = 1851	232390	221954
ITER = 1852	232390	221914
ITER = 1853	232390	221878
ITER = 1854	232390	221839
ITER = 1855	232390	221803
ITER = 1856	232390	221772
ITER = 1857	232390	221728
ITER = 1858	232390	221694
ITER = 1859	232390	221658
ITER = 1860	232390	221619
ITER = 1861	232390	221583
ITER = 1862	232390	221550
ITER = 1863	232390	221496
ITER = 1864	232390	221464
ITER = 1865	232390	221423
ITER = 1866	232390	221386
ITER = 1867	232390	221348
ITER = 1868	232390	221310
ITER = 1869	232390	221277
ITER = 1870	232390	221234
ITER = 1871	232390	221193
ITER = 1872	232390	221153
ITER = 1873	232390	221114
ITER = 1874	232390	221073
ITER = 1875	232390	221031
ITER = 1876	232390	220980
ITER = 1877	232390	220935
ITER = 1878	232390	220893
ITER = 1879	232390	220844
ITER = 1880	232390	220786
ITER = 1881	232390	220738
ITER = 1882	232390	220700
ITER = 1883	232390	220664
ITER = 1884	232390	220615
ITER = 1885	232390	220575
ITER = 1886	232390	220538
ITER = 1887	232390	220502
ITER = 1888	232390	220442
ITER = 1889	232390	220405
ITER = 1890	232390	220360
ITER = 1891	232390	220306
ITER = 1892	232390	220254
ITER = 1893	232390	220210
ITER = 1894	232390	220164
ITER = 1895	232390	220120
ITER = 1896	232390	220082
ITER = 1897	232390	220035
ITER = 1898	232390	219997
ITER = 1899	232390	219950
ITER = 1900	232390	219911
ITER = 1901	232390	219873
ITER = 1902	232390	219836
ITER = 1903	232390	219797
ITER = 1904	232390	219752
ITER = 1905	232390	219709
ITER = 1906	232390	219655
ITER = 1907	232390	219607
ITER = 1908	232390	219558
ITER = 1909	232390	219507
ITER = 1910	232390	219454
ITER = 1911	232390	219400
ITER = 1912	232390	219353
ITER = 1913	232390	219307
ITER = 1914	232390	219254
ITER = 1915	232390	219210
ITER = 1916	232390	219162
ITER = 1917	232390	219116
ITER = 1918	232390	219065
ITER = 1919	232390	219024
ITER = 1920	232390	218972
ITER = 1921	232390	218932
ITER = 1922	232390	218876
ITER = 1923	232390	218822
ITER = 1924	232390	218763
ITER = 1925	232390	218707
ITER = 1926	232390	218661
ITER = 1927	232390	218607
ITER = 1928	232390	218568
ITER = 1929	232390	218517
ITER = 1930	232390	218476
ITER = 1931	232390	218428
ITER = 1932	232390	218392
ITER = 1933	232390	218349
ITER = 1934	232390	218287
ITER = 1935	232390	218239
ITER = 1936	232390	218193
ITER = 1937	232390	218143
ITER = 1938	232390	218086
ITER = 1939	232390	218043
ITER = 1940	232390	217992
ITER = 1941	232390	217942
ITER = 1942	232390	217905
ITER = 1943	232390	217849
ITER = 1944	232390	217801
ITER = 1945	232390	217733
ITER = 1946	232390	217676
ITER = 1947	232390	217613
ITER = 1948	232390	217561
ITER = 1949	232390	217500
ITER = 1950	232390	217457
ITER = 1951	232390	217411
ITER = 1952	232390	217348
ITER = 1953	232390	217295
ITER = 1954	232390	217244
ITER = 1955	232390	217190
ITER = 1956	232390	217116
ITER = 1957	232390	217071
ITER = 1958	232390	216993
ITER = 1959	232390	216941
ITER = 1960	232390	216875
ITER = 1961	232390	216807
ITER = 1962	232390	216760
ITER = 1963	232390	216718
ITER = 1964	232390	216661
ITER = 1965	232390	216603
ITER = 1966	232390	216546
ITER = 1967	232390	216492
ITER = 1968	232390	216441
ITER = 1969	232390	216388
ITER = 1970	232390	216335
ITER = 1971	232390	216276
ITER = 1972	232390	216212
ITER = 1973	232390	216175
ITER = 1974	232390	216104
ITER = 1975	232390	216042
ITER = 1976	232390	215980
ITER = 1977	232390	215929
ITER = 1978	232390	215883
ITER = 1979	232390	215823
ITER = 1980	232390	215775
ITER = 1981	232390	215711
ITER = 1982	232390	215650
ITER = 1983	232390	215601
ITER = 1984	232390	215563
ITER = 1985	232390	215514
ITER = 1986	232390	215459
ITER = 1987	232390	215383
ITER = 1988	232390	215323
ITER = 1989	232390	215263
ITER = 1990	232390	215208
ITER = 1991	232390	215147
ITER = 1992	232390	215086
ITER = 1993	232390	215031
ITER = 1994	232390	214979
ITER = 1995	232392	214932
ITER = 1996	232392	214866
ITER = 1997	232392	214814
ITER = 1998	232392	214743
ITER = 1999	232392	214686
