Determining initial impinging trajectory...
Yhit = -0.275758
Determining lower impingement limit...
IndHit = 99, Yhit = -0.275758, Ymiss = -0.280043
IndHit = 38, Yhit = -0.278398, Ymiss = -0.278441
IndHit = 3, Yhit = -0.278440, Ymiss = -0.278440
Ylower = -0.278440
Determining upper impingement limit...
IndHit = 58, Yhit = -0.173899, Ymiss = -0.172097
IndHit = 36, Yhit = -0.173244, Ymiss = -0.173226
IndHit = 0, Yhit = -0.173244, Ymiss = -0.173244
Yupper = -0.173244
maxiter = 2000
ITER = 0	2000	2000
ITER = 1	2000	2000
ITER = 2	2000	2000
ITER = 3	2000	2000
ITER = 4	2000	2000
ITER = 5	2000	2000
ITER = 6	2000	2000
ITER = 7	2000	2000
ITER = 8	2000	2000
ITER = 9	2000	2000
ITER = 10	2000	2000
ITER = 11	2000	2000
ITER = 12	2000	2000
ITER = 13	2000	2000
ITER = 14	2000	2000
ITER = 15	2000	2000
ITER = 16	2000	2000
ITER = 17	2000	2000
ITER = 18	2000	2000
ITER = 19	2000	2000
ITER = 20	2000	2000
ITER = 21	2000	2000
ITER = 22	2000	2000
ITER = 23	2000	2000
ITER = 24	2000	2000
ITER = 25	2000	2000
ITER = 26	2000	2000
ITER = 27	2000	2000
ITER = 28	2000	2000
ITER = 29	2000	2000
ITER = 30	2000	2000
ITER = 31	2000	2000
ITER = 32	2000	2000
ITER = 33	2000	2000
ITER = 34	2000	2000
ITER = 35	2000	2000
ITER = 36	2000	2000
ITER = 37	2000	2000
ITER = 38	2000	2000
ITER = 39	2000	2000
ITER = 40	2000	2000
ITER = 41	2000	2000
ITER = 42	2000	2000
ITER = 43	2000	2000
ITER = 44	2000	2000
ITER = 45	2000	2000
ITER = 46	2000	2000
ITER = 47	2000	2000
ITER = 48	2000	2000
ITER = 49	2000	2000
ITER = 50	2000	2000
ITER = 51	2000	2000
ITER = 52	2000	2000
ITER = 53	2000	2000
ITER = 54	2000	2000
ITER = 55	2000	2000
ITER = 56	2000	2000
ITER = 57	2000	2000
ITER = 58	2000	2000
ITER = 59	2000	2000
ITER = 60	2000	2000
ITER = 61	2000	2000
ITER = 62	2000	2000
ITER = 63	2000	2000
ITER = 64	2000	2000
ITER = 65	2000	2000
ITER = 66	2000	2000
ITER = 67	2000	2000
ITER = 68	2000	2000
ITER = 69	2000	2000
ITER = 70	2000	2000
ITER = 71	2000	2000
ITER = 72	2000	2000
ITER = 73	2000	2000
ITER = 74	2000	2000
ITER = 75	2000	2000
ITER = 76	2000	2000
ITER = 77	2000	2000
ITER = 78	2000	2000
ITER = 79	2000	2000
ITER = 80	2000	2000
ITER = 81	2000	2000
ITER = 82	2000	2000
ITER = 83	2000	2000
ITER = 84	2000	2000
ITER = 85	2000	2000
ITER = 86	2000	2000
ITER = 87	2000	2000
ITER = 88	2000	2000
ITER = 89	2000	2000
ITER = 90	2000	2000
ITER = 91	2000	2000
ITER = 92	2000	2000
ITER = 93	2000	2000
ITER = 94	2000	2000
ITER = 95	2000	2000
ITER = 96	2000	2000
ITER = 97	2000	2000
ITER = 98	2000	2000
ITER = 99	2000	2000
ITER = 100	2000	2000
ITER = 101	2000	2000
ITER = 102	2000	2000
ITER = 103	2000	2000
ITER = 104	2000	2000
ITER = 105	2000	2000
ITER = 106	2000	2000
ITER = 107	2000	2000
ITER = 108	2000	2000
ITER = 109	2000	2000
ITER = 110	2000	2000
ITER = 111	2000	2000
ITER = 112	2000	2000
ITER = 113	2000	2000
ITER = 114	2000	2000
ITER = 115	2000	2000
ITER = 116	2000	2000
ITER = 117	2000	2000
ITER = 118	2000	2000
ITER = 119	2000	2000
ITER = 120	2000	2000
ITER = 121	2000	2000
ITER = 122	2000	2000
ITER = 123	2000	2000
ITER = 124	2000	2000
ITER = 125	2000	2000
ITER = 126	2000	2000
ITER = 127	2000	2000
ITER = 128	2000	2000
ITER = 129	2000	2000
ITER = 130	2000	2000
ITER = 131	2000	2000
ITER = 132	2000	2000
ITER = 133	2000	2000
ITER = 134	2000	2000
ITER = 135	2000	2000
ITER = 136	2000	2000
ITER = 137	2000	2000
ITER = 138	2000	2000
ITER = 139	2000	2000
ITER = 140	2000	2000
ITER = 141	2000	2000
ITER = 142	2000	2000
ITER = 143	2000	2000
ITER = 144	2000	2000
ITER = 145	2000	2000
ITER = 146	2000	2000
ITER = 147	2000	2000
ITER = 148	2000	2000
ITER = 149	2000	2000
ITER = 150	2000	2000
ITER = 151	2000	2000
ITER = 152	2000	2000
ITER = 153	2000	2000
ITER = 154	2000	2000
ITER = 155	2000	2000
ITER = 156	2000	2000
ITER = 157	2000	2000
ITER = 158	2000	2000
ITER = 159	2000	2000
ITER = 160	2000	2000
ITER = 161	2000	2000
ITER = 162	2000	2000
ITER = 163	2000	2000
ITER = 164	2000	2000
ITER = 165	2000	2000
ITER = 166	2000	2000
ITER = 167	2000	2000
ITER = 168	2000	2000
ITER = 169	2000	2000
ITER = 170	2000	2000
ITER = 171	2000	2000
ITER = 172	2000	2000
ITER = 173	2000	2000
ITER = 174	2000	2000
ITER = 175	2000	2000
ITER = 176	2000	2000
ITER = 177	2000	2000
ITER = 178	2000	2000
ITER = 179	2000	2000
ITER = 180	2000	2000
ITER = 181	2000	2000
ITER = 182	2000	2000
ITER = 183	2000	2000
ITER = 184	2000	2000
ITER = 185	2000	2000
ITER = 186	2000	2000
ITER = 187	2000	2000
ITER = 188	2000	2000
ITER = 189	2000	2000
ITER = 190	2000	2000
ITER = 191	2000	2000
ITER = 192	2000	2000
ITER = 193	2000	2000
ITER = 194	2000	2000
ITER = 195	2000	2000
ITER = 196	2000	2000
ITER = 197	2000	2000
ITER = 198	2000	2000
ITER = 199	2000	2000
ITER = 200	2000	2000
ITER = 201	2000	2000
ITER = 202	2000	2000
ITER = 203	2000	2000
ITER = 204	2000	2000
ITER = 205	2000	2000
ITER = 206	2000	2000
ITER = 207	2000	2000
ITER = 208	2000	2000
ITER = 209	2000	2000
ITER = 210	2000	2000
ITER = 211	2000	2000
ITER = 212	2000	2000
ITER = 213	2000	2000
ITER = 214	2000	2000
ITER = 215	2000	2000
ITER = 216	2000	2000
ITER = 217	2000	2000
ITER = 218	2000	2000
ITER = 219	2000	2000
ITER = 220	2000	2000
ITER = 221	2000	2000
ITER = 222	2000	2000
ITER = 223	2000	2000
ITER = 224	2000	2000
ITER = 225	2000	2000
ITER = 226	2000	2000
ITER = 227	2000	2000
ITER = 228	2000	2000
ITER = 229	2000	2000
ITER = 230	2000	2000
ITER = 231	2000	2000
ITER = 232	2000	2000
ITER = 233	2000	2000
ITER = 234	2000	2000
ITER = 235	2000	2000
ITER = 236	2000	2000
ITER = 237	2000	2000
ITER = 238	2000	2000
ITER = 239	2000	2000
ITER = 240	2000	2000
ITER = 241	2000	2000
ITER = 242	2000	2000
ITER = 243	2000	2000
ITER = 244	2000	2000
ITER = 245	2000	2000
ITER = 246	2000	2000
ITER = 247	2000	2000
ITER = 248	2000	2000
ITER = 249	2000	2000
ITER = 250	2000	2000
ITER = 251	2000	2000
ITER = 252	2000	2000
ITER = 253	2000	2000
ITER = 254	2000	2000
ITER = 255	2000	2000
ITER = 256	2000	2000
ITER = 257	2000	2000
ITER = 258	2000	2000
ITER = 259	2000	2000
ITER = 260	2000	2000
ITER = 261	2000	2000
ITER = 262	2000	2000
ITER = 263	2000	2000
ITER = 264	2000	2000
ITER = 265	2000	2000
ITER = 266	2000	2000
ITER = 267	2000	2000
ITER = 268	2000	2000
ITER = 269	2000	2000
ITER = 270	2000	2000
ITER = 271	2000	2000
ITER = 272	2000	2000
ITER = 273	2000	2000
ITER = 274	2000	2000
ITER = 275	2000	2000
ITER = 276	2000	2000
ITER = 277	2000	2000
ITER = 278	2000	2000
ITER = 279	2000	2000
ITER = 280	2000	2000
ITER = 281	2000	2000
ITER = 282	2000	2000
ITER = 283	2000	2000
ITER = 284	2000	2000
ITER = 285	2000	2000
ITER = 286	2000	2000
ITER = 287	2000	2000
ITER = 288	2000	2000
ITER = 289	2000	2000
ITER = 290	2000	2000
ITER = 291	2000	2000
ITER = 292	2000	2000
ITER = 293	2000	2000
ITER = 294	2000	2000
ITER = 295	2000	2000
ITER = 296	2000	2000
ITER = 297	2000	2000
ITER = 298	2000	2000
ITER = 299	2000	2000
ITER = 300	2000	2000
ITER = 301	2000	2000
ITER = 302	2000	2000
ITER = 303	2000	2000
ITER = 304	2000	2000
ITER = 305	2000	2000
ITER = 306	2000	2000
ITER = 307	2000	2000
ITER = 308	2000	2000
ITER = 309	2000	2000
ITER = 310	2000	2000
ITER = 311	2000	2000
ITER = 312	2000	2000
ITER = 313	2000	2000
ITER = 314	2000	2000
ITER = 315	2000	2000
ITER = 316	2000	2000
ITER = 317	2000	2000
ITER = 318	2000	2000
ITER = 319	2000	2000
ITER = 320	2000	2000
ITER = 321	2000	2000
ITER = 322	2000	2000
ITER = 323	2000	2000
ITER = 324	2000	2000
ITER = 325	2000	2000
ITER = 326	2000	2000
ITER = 327	2000	2000
ITER = 328	2000	2000
ITER = 329	2000	2000
ITER = 330	2000	2000
ITER = 331	2000	2000
ITER = 332	2000	2000
ITER = 333	2000	2000
ITER = 334	2000	2000
ITER = 335	2000	2000
ITER = 336	2000	2000
ITER = 337	2000	2000
ITER = 338	2000	2000
ITER = 339	2000	2000
ITER = 340	2000	2000
ITER = 341	2000	2000
ITER = 342	2000	2000
ITER = 343	2000	2000
ITER = 344	2000	2000
ITER = 345	2000	2000
ITER = 346	2000	2000
ITER = 347	2000	2000
ITER = 348	2000	2000
ITER = 349	2000	2000
ITER = 350	2000	2000
ITER = 351	2000	2000
ITER = 352	2000	2000
ITER = 353	2000	2000
ITER = 354	2000	2000
ITER = 355	2000	2000
ITER = 356	2000	2000
ITER = 357	2000	2000
ITER = 358	2000	2000
ITER = 359	2000	2000
ITER = 360	2000	2000
ITER = 361	2000	2000
ITER = 362	2000	2000
ITER = 363	2000	2000
ITER = 364	2000	2000
ITER = 365	2000	2000
ITER = 366	2000	2000
ITER = 367	2000	2000
ITER = 368	2000	2000
ITER = 369	2000	2000
ITER = 370	2000	2000
ITER = 371	2000	2000
ITER = 372	2000	2000
ITER = 373	2000	2000
ITER = 374	2000	2000
ITER = 375	2000	2000
ITER = 376	2000	2000
ITER = 377	2000	2000
ITER = 378	2000	2000
ITER = 379	2000	2000
ITER = 380	2000	2000
ITER = 381	2000	2000
ITER = 382	2000	2000
ITER = 383	2000	2000
ITER = 384	2000	2000
ITER = 385	2000	2000
ITER = 386	2000	2000
ITER = 387	2000	2000
ITER = 388	2000	2000
ITER = 389	2000	2000
ITER = 390	2000	2000
ITER = 391	2000	2000
ITER = 392	2000	2000
ITER = 393	2000	2000
ITER = 394	2000	2000
ITER = 395	2000	2000
ITER = 396	2000	2000
ITER = 397	2000	2000
ITER = 398	2000	2000
ITER = 399	2000	2000
ITER = 400	2000	2000
ITER = 401	2000	2000
ITER = 402	2000	2000
ITER = 403	2000	2000
ITER = 404	2000	2000
ITER = 405	2000	2000
ITER = 406	2000	2000
ITER = 407	2000	2000
ITER = 408	2000	2000
ITER = 409	2000	2000
ITER = 410	2000	2000
ITER = 411	2000	2000
ITER = 412	2000	2000
ITER = 413	2000	2000
ITER = 414	2000	2000
ITER = 415	2000	2000
ITER = 416	2000	2000
ITER = 417	2000	2000
ITER = 418	2000	2000
ITER = 419	2000	2000
ITER = 420	2000	2000
ITER = 421	2000	2000
ITER = 422	2000	2000
ITER = 423	2000	2000
ITER = 424	2000	2000
ITER = 425	2000	2000
ITER = 426	2000	2000
ITER = 427	2000	2000
ITER = 428	2000	2000
ITER = 429	2000	2000
ITER = 430	2000	2000
ITER = 431	2000	2000
ITER = 432	2000	2000
ITER = 433	2000	2000
ITER = 434	2000	2000
ITER = 435	2000	2000
ITER = 436	2000	2000
ITER = 437	2000	2000
ITER = 438	2000	2000
ITER = 439	2000	2000
ITER = 440	2000	2000
ITER = 441	2000	2000
ITER = 442	2000	2000
ITER = 443	2000	2000
ITER = 444	2000	2000
ITER = 445	2000	2000
ITER = 446	2000	2000
ITER = 447	2000	2000
ITER = 448	2000	2000
ITER = 449	2000	2000
ITER = 450	2000	2000
ITER = 451	2000	2000
ITER = 452	2000	2000
ITER = 453	2000	2000
ITER = 454	2000	2000
ITER = 455	2000	2000
ITER = 456	2000	2000
ITER = 457	2000	2000
ITER = 458	2000	2000
ITER = 459	2000	2000
ITER = 460	2000	2000
ITER = 461	2000	2000
ITER = 462	2000	2000
ITER = 463	2000	2000
ITER = 464	2000	2000
ITER = 465	2000	2000
ITER = 466	2000	2000
ITER = 467	2000	2000
ITER = 468	2000	2000
ITER = 469	2000	2000
ITER = 470	2000	2000
ITER = 471	2000	2000
ITER = 472	2000	2000
ITER = 473	2000	2000
ITER = 474	2000	2000
ITER = 475	2000	2000
ITER = 476	2000	2000
ITER = 477	2000	2000
ITER = 478	2000	2000
ITER = 479	2000	2000
ITER = 480	2000	2000
ITER = 481	2000	2000
ITER = 482	2000	2000
ITER = 483	2000	2000
ITER = 484	2000	2000
ITER = 485	2000	2000
ITER = 486	2000	2000
ITER = 487	2000	2000
ITER = 488	2000	2000
ITER = 489	2000	2000
ITER = 490	2000	2000
ITER = 491	2000	2000
ITER = 492	2000	2000
ITER = 493	2000	2000
ITER = 494	2000	2000
ITER = 495	2000	2000
ITER = 496	2000	2000
ITER = 497	2000	2000
ITER = 498	2000	2000
ITER = 499	2000	2000
ITER = 500	2000	2000
ITER = 501	2000	2000
ITER = 502	2000	2000
ITER = 503	2000	2000
ITER = 504	2000	2000
ITER = 505	2000	2000
ITER = 506	2000	2000
ITER = 507	2000	2000
ITER = 508	2000	2000
ITER = 509	2000	2000
ITER = 510	2000	2000
ITER = 511	2000	2000
ITER = 512	2000	2000
ITER = 513	2000	2000
ITER = 514	2000	2000
ITER = 515	2000	2000
ITER = 516	2000	2000
ITER = 517	2000	2000
ITER = 518	2000	2000
ITER = 519	2000	2000
ITER = 520	2000	2000
ITER = 521	2000	2000
ITER = 522	2000	2000
ITER = 523	2000	2000
ITER = 524	2000	2000
ITER = 525	2000	2000
ITER = 526	2000	2000
ITER = 527	2000	2000
ITER = 528	2000	2000
ITER = 529	2000	2000
ITER = 530	2000	2000
ITER = 531	2000	2000
ITER = 532	2000	2000
ITER = 533	2000	2000
ITER = 534	2000	2000
ITER = 535	2000	2000
ITER = 536	2000	2000
ITER = 537	2000	2000
ITER = 538	2000	2000
ITER = 539	2000	2000
ITER = 540	2000	2000
ITER = 541	2000	2000
ITER = 542	2000	2000
ITER = 543	2000	2000
ITER = 544	2000	2000
ITER = 545	2000	2000
ITER = 546	2000	2000
ITER = 547	2000	2000
ITER = 548	2000	2000
ITER = 549	2000	2000
ITER = 550	2000	2000
ITER = 551	2000	2000
ITER = 552	2000	2000
ITER = 553	2000	2000
ITER = 554	2000	2000
ITER = 555	2000	2000
ITER = 556	2000	2000
ITER = 557	2000	2000
ITER = 558	2000	2000
ITER = 559	2000	2000
ITER = 560	2000	2000
ITER = 561	2000	2000
ITER = 562	2000	2000
ITER = 563	2000	2000
ITER = 564	2000	2000
ITER = 565	2000	2000
ITER = 566	2000	2000
ITER = 567	2000	2000
ITER = 568	2000	2000
ITER = 569	2000	2000
ITER = 570	2000	2000
ITER = 571	2000	2000
ITER = 572	2000	2000
ITER = 573	2000	2000
ITER = 574	2000	2000
ITER = 575	2000	2000
ITER = 576	2000	2000
ITER = 577	2000	2000
ITER = 578	2000	2000
ITER = 579	2000	2000
ITER = 580	2000	2000
ITER = 581	2000	2000
ITER = 582	2000	2000
ITER = 583	2000	2000
ITER = 584	2000	2000
ITER = 585	2000	2000
ITER = 586	2000	2000
ITER = 587	2000	2000
ITER = 588	2000	2000
ITER = 589	2000	2000
ITER = 590	2000	2000
ITER = 591	2000	2000
ITER = 592	2000	2000
ITER = 593	2000	2000
ITER = 594	2000	2000
ITER = 595	2000	2000
ITER = 596	2000	2000
ITER = 597	2000	2000
ITER = 598	2000	2000
ITER = 599	2000	2000
ITER = 600	2000	2000
ITER = 601	2000	2000
ITER = 602	2000	2000
ITER = 603	2000	2000
ITER = 604	2000	2000
ITER = 605	2000	2000
ITER = 606	2000	2000
ITER = 607	2000	2000
ITER = 608	2000	2000
ITER = 609	2000	2000
ITER = 610	2000	2000
ITER = 611	2000	2000
ITER = 612	2000	2000
ITER = 613	2000	2000
ITER = 614	2000	2000
ITER = 615	2000	2000
ITER = 616	2000	2000
ITER = 617	2000	2000
ITER = 618	2000	2000
ITER = 619	2000	2000
ITER = 620	2000	2000
ITER = 621	2000	2000
ITER = 622	2000	2000
ITER = 623	2000	2000
ITER = 624	2000	2000
ITER = 625	2000	2000
ITER = 626	2000	2000
ITER = 627	2000	2000
ITER = 628	2000	2000
ITER = 629	2000	2000
ITER = 630	2000	2000
ITER = 631	2000	2000
ITER = 632	2000	2000
ITER = 633	2000	2000
ITER = 634	2000	2000
ITER = 635	2000	2000
ITER = 636	2000	2000
ITER = 637	2000	2000
ITER = 638	2000	2000
ITER = 639	2000	2000
ITER = 640	2000	2000
ITER = 641	2000	2000
ITER = 642	2000	2000
ITER = 643	2000	2000
ITER = 644	2000	2000
ITER = 645	2000	2000
ITER = 646	2000	2000
ITER = 647	2000	2000
ITER = 648	2000	2000
ITER = 649	2000	2000
ITER = 650	2000	2000
ITER = 651	2000	2000
ITER = 652	2000	2000
ITER = 653	2000	2000
ITER = 654	2000	2000
ITER = 655	2000	2000
ITER = 656	2000	2000
ITER = 657	2000	2000
ITER = 658	2000	2000
ITER = 659	2000	2000
ITER = 660	2000	2000
ITER = 661	2000	2000
ITER = 662	2000	2000
ITER = 663	2000	2000
ITER = 664	2000	2000
ITER = 665	2000	2000
ITER = 666	2000	2000
ITER = 667	2000	2000
ITER = 668	2000	2000
ITER = 669	2000	2000
ITER = 670	2000	2000
ITER = 671	2000	2000
ITER = 672	2000	2000
ITER = 673	2000	2000
ITER = 674	2000	2000
ITER = 675	2000	2000
ITER = 676	2000	2000
ITER = 677	2000	2000
ITER = 678	2000	2000
ITER = 679	2000	2000
ITER = 680	2000	2000
ITER = 681	2000	2000
ITER = 682	2000	2000
ITER = 683	2000	2000
ITER = 684	2000	2000
ITER = 685	2000	2000
ITER = 686	2000	2000
ITER = 687	2000	2000
ITER = 688	2000	2000
ITER = 689	2000	2000
ITER = 690	2000	2000
ITER = 691	2000	2000
ITER = 692	2000	2000
ITER = 693	2000	2000
ITER = 694	2000	2000
ITER = 695	2000	2000
ITER = 696	2000	2000
ITER = 697	2000	2000
ITER = 698	2000	2000
ITER = 699	2000	2000
ITER = 700	2000	2000
ITER = 701	2000	2000
ITER = 702	2000	2000
ITER = 703	2000	2000
ITER = 704	2000	2000
ITER = 705	2000	2000
ITER = 706	2000	2000
ITER = 707	2000	2000
ITER = 708	2000	2000
ITER = 709	2000	2000
ITER = 710	2000	2000
ITER = 711	2000	2000
ITER = 712	2000	2000
ITER = 713	2000	2000
ITER = 714	2000	2000
ITER = 715	2000	2000
ITER = 716	2000	2000
ITER = 717	2000	2000
ITER = 718	2000	2000
ITER = 719	2000	2000
ITER = 720	2000	2000
ITER = 721	2000	2000
ITER = 722	2000	2000
ITER = 723	2000	2000
ITER = 724	2000	2000
ITER = 725	2000	2000
ITER = 726	2000	2000
ITER = 727	2000	2000
ITER = 728	2000	2000
ITER = 729	2000	2000
ITER = 730	2000	2000
ITER = 731	2000	2000
ITER = 732	2000	2000
ITER = 733	2000	2000
ITER = 734	2000	2000
ITER = 735	2000	2000
ITER = 736	2000	2000
ITER = 737	2000	2000
ITER = 738	2000	2000
ITER = 739	2000	2000
ITER = 740	2000	2000
ITER = 741	2000	2000
ITER = 742	2000	2000
ITER = 743	2000	2000
ITER = 744	2000	2000
ITER = 745	2000	2000
ITER = 746	2000	2000
ITER = 747	2000	2000
ITER = 748	2000	2000
ITER = 749	2000	2000
ITER = 750	2000	2000
ITER = 751	2000	2000
ITER = 752	2000	2000
ITER = 753	2000	2000
ITER = 754	2000	2000
ITER = 755	2000	2000
ITER = 756	2000	2000
ITER = 757	2000	2000
ITER = 758	2000	2000
ITER = 759	2000	2000
ITER = 760	2000	2000
ITER = 761	2000	2000
ITER = 762	2000	2000
ITER = 763	2000	2000
ITER = 764	2000	2000
ITER = 765	2000	2000
ITER = 766	2000	2000
ITER = 767	2000	2000
ITER = 768	2000	2000
ITER = 769	2000	2000
ITER = 770	2000	2000
ITER = 771	2000	2000
ITER = 772	2000	2000
ITER = 773	2000	2000
ITER = 774	2000	2000
ITER = 775	2000	2000
ITER = 776	2000	2000
ITER = 777	2000	2000
ITER = 778	2000	2000
ITER = 779	2000	2000
ITER = 780	2000	2000
ITER = 781	2000	2000
ITER = 782	2000	2000
ITER = 783	2000	2000
ITER = 784	2000	2000
ITER = 785	2000	2000
ITER = 786	2000	2000
ITER = 787	2000	2000
ITER = 788	2000	2000
ITER = 789	2000	2000
ITER = 790	2000	2000
ITER = 791	2000	2000
ITER = 792	2000	2000
ITER = 793	2000	2000
ITER = 794	2000	2000
ITER = 795	2000	2000
ITER = 796	2000	2000
ITER = 797	2000	2000
ITER = 798	2000	2000
ITER = 799	2000	2000
ITER = 800	2000	2000
ITER = 801	2000	2000
ITER = 802	2000	2000
ITER = 803	2000	2000
ITER = 804	2000	2000
ITER = 805	2000	2000
ITER = 806	2000	2000
ITER = 807	2000	2000
ITER = 808	2000	2000
ITER = 809	2000	2000
ITER = 810	2000	2000
ITER = 811	2000	2000
ITER = 812	2000	1999
ITER = 813	2000	1972
ITER = 814	2000	1932
ITER = 815	2000	1907
ITER = 816	2000	1890
ITER = 817	2000	1870
ITER = 818	2000	1848
ITER = 819	2000	1828
ITER = 820	2000	1805
ITER = 821	2000	1791
ITER = 822	2000	1776
ITER = 823	2000	1768
ITER = 824	2000	1758
ITER = 825	2000	1748
ITER = 826	2000	1734
ITER = 827	2000	1727
ITER = 828	2000	1719
ITER = 829	2000	1706
ITER = 830	2000	1696
ITER = 831	2000	1691
ITER = 832	2000	1680
ITER = 833	2000	1672
ITER = 834	2000	1667
ITER = 835	2000	1654
ITER = 836	2000	1648
ITER = 837	2000	1641
ITER = 838	2000	1633
ITER = 839	2000	1623
ITER = 840	2000	1615
ITER = 841	2000	1608
ITER = 842	2000	1599
ITER = 843	2000	1591
ITER = 844	2000	1583
ITER = 845	2000	1576
ITER = 846	2000	1565
ITER = 847	2000	1562
ITER = 848	2000	1552
ITER = 849	2000	1545
ITER = 850	2000	1537
ITER = 851	2000	1530
ITER = 852	2000	1524
ITER = 853	2000	1517
ITER = 854	2000	1510
ITER = 855	2000	1501
ITER = 856	2000	1493
ITER = 857	2000	1489
ITER = 858	2000	1482
ITER = 859	2000	1475
ITER = 860	2000	1470
ITER = 861	2000	1462
ITER = 862	2000	1455
ITER = 863	2000	1449
ITER = 864	2000	1443
ITER = 865	2000	1434
ITER = 866	2000	1429
ITER = 867	2000	1426
ITER = 868	2000	1415
ITER = 869	2000	1410
ITER = 870	2000	1405
ITER = 871	2000	1399
ITER = 872	2000	1394
ITER = 873	2000	1385
ITER = 874	2000	1380
ITER = 875	2000	1374
ITER = 876	2000	1366
ITER = 877	2000	1361
ITER = 878	2000	1355
ITER = 879	2000	1353
ITER = 880	2000	1346
ITER = 881	2000	1341
ITER = 882	2000	1334
ITER = 883	2000	1330
ITER = 884	2000	1326
ITER = 885	2000	1322
ITER = 886	2000	1318
ITER = 887	2000	1312
ITER = 888	2000	1306
ITER = 889	2000	1300
ITER = 890	2000	1297
ITER = 891	2000	1292
ITER = 892	2000	1291
ITER = 893	2000	1286
ITER = 894	2000	1279
ITER = 895	2000	1276
ITER = 896	2000	1271
ITER = 897	2000	1266
ITER = 898	2000	1264
ITER = 899	2000	1259
ITER = 900	2000	1254
ITER = 901	2000	1250
ITER = 902	2000	1244
ITER = 903	2000	1242
ITER = 904	2000	1238
ITER = 905	2000	1231
ITER = 906	2000	1226
ITER = 907	2000	1222
ITER = 908	2000	1217
ITER = 909	2000	1214
ITER = 910	2000	1209
ITER = 911	2000	1206
ITER = 912	2000	1198
ITER = 913	2000	1196
ITER = 914	2000	1192
ITER = 915	2000	1187
ITER = 916	2000	1185
ITER = 917	2000	1181
ITER = 918	2000	1176
ITER = 919	2000	1170
ITER = 920	2000	1167
ITER = 921	2000	1164
ITER = 922	2000	1160
ITER = 923	2000	1156
ITER = 924	2000	1153
ITER = 925	2000	1145
ITER = 926	2000	1142
ITER = 927	2000	1138
ITER = 928	2000	1136
ITER = 929	2000	1133
ITER = 930	2000	1128
ITER = 931	2000	1124
ITER = 932	2000	1120
ITER = 933	2000	1115
ITER = 934	2000	1113
ITER = 935	2000	1109
ITER = 936	2000	1106
ITER = 937	2000	1103
ITER = 938	2000	1098
ITER = 939	2000	1096
ITER = 940	2000	1090
ITER = 941	2000	1087
ITER = 942	2000	1086
ITER = 943	2000	1082
ITER = 944	2000	1078
ITER = 945	2000	1074
ITER = 946	2000	1070
ITER = 947	2000	1068
ITER = 948	2000	1063
ITER = 949	2000	1059
ITER = 950	2000	1058
ITER = 951	2000	1054
ITER = 952	2000	1051
ITER = 953	2000	1047
ITER = 954	2000	1044
ITER = 955	2000	1042
ITER = 956	2000	1037
ITER = 957	2000	1033
ITER = 958	2000	1031
ITER = 959	2000	1028
ITER = 960	2000	1026
ITER = 961	2000	1023
ITER = 962	2000	1020
ITER = 963	2000	1017
ITER = 964	2000	1014
ITER = 965	2000	1010
ITER = 966	2000	1006
ITER = 967	2000	1003
ITER = 968	2000	1002
ITER = 969	2000	1000
ITER = 970	2000	997
ITER = 971	2000	994
ITER = 972	2000	991
ITER = 973	2000	989
ITER = 974	2000	984
ITER = 975	2000	979
ITER = 976	2000	975
ITER = 977	2000	974
ITER = 978	2000	973
ITER = 979	2000	969
ITER = 980	2000	968
ITER = 981	2000	964
ITER = 982	2000	961
ITER = 983	2000	961
ITER = 984	2000	956
ITER = 985	2000	953
ITER = 986	2000	950
ITER = 987	2000	948
ITER = 988	2000	946
ITER = 989	2000	945
ITER = 990	2000	941
ITER = 991	2000	939
ITER = 992	2000	937
ITER = 993	2000	935
ITER = 994	2000	932
ITER = 995	2000	928
ITER = 996	2000	925
ITER = 997	2000	921
ITER = 998	2000	918
ITER = 999	2000	917
ITER = 1000	2000	917
ITER = 1001	2000	914
ITER = 1002	2000	912
ITER = 1003	2000	910
ITER = 1004	2000	909
ITER = 1005	2000	905
ITER = 1006	2000	904
ITER = 1007	2000	901
ITER = 1008	2000	897
ITER = 1009	2000	894
ITER = 1010	2000	890
ITER = 1011	2000	889
ITER = 1012	2000	888
ITER = 1013	2000	888
ITER = 1014	2000	886
ITER = 1015	2000	883
ITER = 1016	2000	882
ITER = 1017	2000	879
ITER = 1018	2000	876
ITER = 1019	2000	875
ITER = 1020	2000	872
ITER = 1021	2000	869
ITER = 1022	2000	865
ITER = 1023	2000	862
ITER = 1024	2000	860
ITER = 1025	2000	859
ITER = 1026	2000	858
ITER = 1027	2000	856
ITER = 1028	2000	854
ITER = 1029	2000	853
ITER = 1030	2000	851
ITER = 1031	2000	849
ITER = 1032	2000	847
ITER = 1033	2000	844
ITER = 1034	2000	843
ITER = 1035	2000	839
ITER = 1036	2000	836
ITER = 1037	2000	833
ITER = 1038	2000	831
ITER = 1039	2000	829
ITER = 1040	2000	829
ITER = 1041	2000	826
ITER = 1042	2000	825
ITER = 1043	2000	823
ITER = 1044	2000	822
ITER = 1045	2000	820
ITER = 1046	2000	817
ITER = 1047	2000	816
ITER = 1048	2000	814
ITER = 1049	2000	811
ITER = 1050	2000	808
ITER = 1051	2000	807
ITER = 1052	2000	805
ITER = 1053	2000	802
ITER = 1054	2000	800
ITER = 1055	2000	799
ITER = 1056	2000	798
ITER = 1057	2000	798
ITER = 1058	2000	796
ITER = 1059	2000	795
ITER = 1060	2000	793
ITER = 1061	2000	792
ITER = 1062	2000	790
ITER = 1063	2000	788
ITER = 1064	2000	785
ITER = 1065	2000	785
ITER = 1066	2000	780
ITER = 1067	2000	778
ITER = 1068	2000	776
ITER = 1069	2000	774
ITER = 1070	2000	772
ITER = 1071	2000	770
ITER = 1072	2000	768
ITER = 1073	2000	767
ITER = 1074	2000	766
ITER = 1075	2000	766
ITER = 1076	2000	764
ITER = 1077	2000	763
ITER = 1078	2000	763
ITER = 1079	2000	761
ITER = 1080	2000	759
ITER = 1081	2000	757
ITER = 1082	2000	756
ITER = 1083	2000	754
ITER = 1084	2000	753
ITER = 1085	2000	750
ITER = 1086	2000	748
ITER = 1087	2000	745
ITER = 1088	2000	744
ITER = 1089	2000	743
ITER = 1090	2000	740
ITER = 1091	2000	739
ITER = 1092	2000	737
ITER = 1093	2000	735
ITER = 1094	2000	734
ITER = 1095	2000	733
ITER = 1096	2000	732
ITER = 1097	2000	732
ITER = 1098	2000	731
ITER = 1099	2000	730
ITER = 1100	2000	729
ITER = 1101	2000	728
ITER = 1102	2000	726
ITER = 1103	2000	725
ITER = 1104	2000	723
ITER = 1105	2000	723
ITER = 1106	2000	721
ITER = 1107	2000	720
ITER = 1108	2000	717
ITER = 1109	2000	716
ITER = 1110	2000	713
ITER = 1111	2000	712
ITER = 1112	2000	710
ITER = 1113	2000	708
ITER = 1114	2000	707
ITER = 1115	2000	705
ITER = 1116	2000	702
ITER = 1117	2000	702
ITER = 1118	2000	701
ITER = 1119	2000	699
ITER = 1120	2000	699
ITER = 1121	2000	698
ITER = 1122	2000	697
ITER = 1123	2000	696
ITER = 1124	2000	695
ITER = 1125	2000	695
ITER = 1126	2000	693
ITER = 1127	2000	693
ITER = 1128	2000	691
ITER = 1129	2000	690
ITER = 1130	2000	688
ITER = 1131	2000	687
ITER = 1132	2000	686
ITER = 1133	2000	685
ITER = 1134	2000	683
ITER = 1135	2000	682
ITER = 1136	2000	680
ITER = 1137	2000	678
ITER = 1138	2000	677
ITER = 1139	2000	676
ITER = 1140	2000	674
ITER = 1141	2000	673
ITER = 1142	2000	671
ITER = 1143	2000	671
ITER = 1144	2000	670
ITER = 1145	2000	668
ITER = 1146	2000	667
ITER = 1147	2000	666
ITER = 1148	2000	666
ITER = 1149	2000	664
ITER = 1150	2000	664
ITER = 1151	2000	663
ITER = 1152	2000	662
ITER = 1153	2000	661
ITER = 1154	2000	660
ITER = 1155	2000	659
ITER = 1156	2000	658
ITER = 1157	2000	658
ITER = 1158	2000	657
ITER = 1159	2000	654
ITER = 1160	2000	653
ITER = 1161	2000	651
ITER = 1162	2000	648
ITER = 1163	2000	647
ITER = 1164	2000	645
ITER = 1165	2000	644
ITER = 1166	2000	643
ITER = 1167	2000	641
ITER = 1168	2000	640
ITER = 1169	2000	639
ITER = 1170	2000	638
ITER = 1171	2000	636
ITER = 1172	2000	635
ITER = 1173	2000	634
ITER = 1174	2000	632
ITER = 1175	2000	631
ITER = 1176	2000	630
ITER = 1177	2000	629
ITER = 1178	2000	628
ITER = 1179	2000	628
ITER = 1180	2000	626
ITER = 1181	2000	625
ITER = 1182	2000	624
ITER = 1183	2000	624
ITER = 1184	2000	622
ITER = 1185	2000	621
ITER = 1186	2000	621
ITER = 1187	2000	620
ITER = 1188	2000	619
ITER = 1189	2000	617
ITER = 1190	2000	614
ITER = 1191	2000	613
ITER = 1192	2000	611
ITER = 1193	2000	610
ITER = 1194	2000	608
ITER = 1195	2000	608
ITER = 1196	2000	606
ITER = 1197	2000	606
ITER = 1198	2000	605
ITER = 1199	2000	603
ITER = 1200	2000	601
ITER = 1201	2000	601
ITER = 1202	2000	600
ITER = 1203	2000	598
ITER = 1204	2000	597
ITER = 1205	2000	595
ITER = 1206	2000	595
ITER = 1207	2000	594
ITER = 1208	2000	593
ITER = 1209	2000	592
ITER = 1210	2000	591
ITER = 1211	2000	590
ITER = 1212	2000	589
ITER = 1213	2000	587
ITER = 1214	2000	586
ITER = 1215	2000	585
ITER = 1216	2000	585
ITER = 1217	2000	583
ITER = 1218	2000	582
ITER = 1219	2000	580
ITER = 1220	2000	578
ITER = 1221	2000	577
ITER = 1222	2000	576
ITER = 1223	2000	574
ITER = 1224	2000	572
ITER = 1225	2000	572
ITER = 1226	2000	570
ITER = 1227	2000	568
ITER = 1228	2000	567
ITER = 1229	2000	566
ITER = 1230	2000	566
ITER = 1231	2000	564
ITER = 1232	2000	564
ITER = 1233	2000	561
ITER = 1234	2000	559
ITER = 1235	2000	558
ITER = 1236	2000	557
ITER = 1237	2000	556
ITER = 1238	2000	554
ITER = 1239	2000	553
ITER = 1240	2000	553
ITER = 1241	2000	552
ITER = 1242	2000	550
ITER = 1243	2000	549
ITER = 1244	2000	549
ITER = 1245	2000	548
ITER = 1246	2000	547
ITER = 1247	2000	544
ITER = 1248	2000	543
ITER = 1249	2000	543
ITER = 1250	2000	542
ITER = 1251	2000	540
ITER = 1252	2000	539
ITER = 1253	2000	539
ITER = 1254	2000	537
ITER = 1255	2000	536
ITER = 1256	2000	534
ITER = 1257	2000	533
ITER = 1258	2000	533
ITER = 1259	2000	532
ITER = 1260	2000	530
ITER = 1261	2000	529
ITER = 1262	2000	526
ITER = 1263	2000	525
ITER = 1264	2000	524
ITER = 1265	2000	523
ITER = 1266	2000	521
ITER = 1267	2000	520
ITER = 1268	2000	518
ITER = 1269	2000	517
ITER = 1270	2000	516
ITER = 1271	2000	515
ITER = 1272	2000	513
ITER = 1273	2000	513
ITER = 1274	2000	511
ITER = 1275	2000	511
ITER = 1276	2000	511
ITER = 1277	2000	508
ITER = 1278	2000	506
ITER = 1279	2000	505
ITER = 1280	2000	505
ITER = 1281	2000	503
ITER = 1282	2000	503
ITER = 1283	2000	502
ITER = 1284	2000	500
ITER = 1285	2000	499
ITER = 1286	2000	499
ITER = 1287	2000	498
ITER = 1288	2000	497
ITER = 1289	2000	496
ITER = 1290	2000	496
ITER = 1291	2000	495
ITER = 1292	2000	494
ITER = 1293	2000	490
ITER = 1294	2000	489
ITER = 1295	2000	487
ITER = 1296	2000	486
ITER = 1297	2000	486
ITER = 1298	2000	484
ITER = 1299	2000	482
ITER = 1300	2000	481
ITER = 1301	2000	479
ITER = 1302	2000	478
ITER = 1303	2000	477
ITER = 1304	2000	476
ITER = 1305	2000	476
ITER = 1306	2000	473
ITER = 1307	2000	470
ITER = 1308	2000	469
ITER = 1309	2000	468
ITER = 1310	2000	466
ITER = 1311	2000	465
ITER = 1312	2000	464
ITER = 1313	2000	462
ITER = 1314	2000	461
ITER = 1315	2000	459
ITER = 1316	2000	458
ITER = 1317	2000	458
ITER = 1318	2000	456
ITER = 1319	2000	453
ITER = 1320	2000	452
ITER = 1321	2000	451
ITER = 1322	2000	449
ITER = 1323	2000	448
ITER = 1324	2000	447
ITER = 1325	2000	446
ITER = 1326	2000	445
ITER = 1327	2000	443
ITER = 1328	2000	442
ITER = 1329	2000	440
ITER = 1330	2000	437
ITER = 1331	2000	436
ITER = 1332	2000	434
ITER = 1333	2000	432
ITER = 1334	2000	431
ITER = 1335	2000	429
ITER = 1336	2000	428
ITER = 1337	2000	427
ITER = 1338	2000	426
ITER = 1339	2000	420
ITER = 1340	2000	418
ITER = 1341	2000	416
ITER = 1342	2000	414
ITER = 1343	2000	411
ITER = 1344	2000	410
ITER = 1345	2000	408
ITER = 1346	2000	405
ITER = 1347	2000	401
ITER = 1348	2000	399
ITER = 1349	2000	397
ITER = 1350	2000	394
ITER = 1351	2000	391
ITER = 1352	2000	390
ITER = 1353	2000	388
ITER = 1354	2000	387
ITER = 1355	2000	382
ITER = 1356	2000	380
ITER = 1357	2000	378
ITER = 1358	2000	376
ITER = 1359	2000	374
ITER = 1360	2000	371
ITER = 1361	2000	370
ITER = 1362	2000	370
ITER = 1363	2000	367
ITER = 1364	2000	363
ITER = 1365	2000	361
ITER = 1366	2000	360
ITER = 1367	2000	357
ITER = 1368	2000	354
ITER = 1369	2000	353
ITER = 1370	2000	352
ITER = 1371	2000	350
ITER = 1372	2000	350
ITER = 1373	2000	348
ITER = 1374	2000	345
ITER = 1375	2000	341
ITER = 1376	2000	340
ITER = 1377	2000	339
ITER = 1378	2000	337
ITER = 1379	2000	336
ITER = 1380	2000	334
ITER = 1381	2000	333
ITER = 1382	2000	332
ITER = 1383	2000	331
ITER = 1384	2000	329
ITER = 1385	2000	326
ITER = 1386	2000	322
ITER = 1387	2000	321
ITER = 1388	2000	319
ITER = 1389	2000	317
ITER = 1390	2000	316
ITER = 1391	2000	314
ITER = 1392	2000	312
ITER = 1393	2000	311
ITER = 1394	2000	310
ITER = 1395	2000	310
ITER = 1396	2000	309
ITER = 1397	2000	304
ITER = 1398	2000	301
ITER = 1399	2000	300
ITER = 1400	2000	299
ITER = 1401	2000	296
ITER = 1402	2000	295
ITER = 1403	2000	293
ITER = 1404	2000	292
ITER = 1405	2000	290
ITER = 1406	2000	288
ITER = 1407	2000	288
ITER = 1408	2000	287
ITER = 1409	2000	284
ITER = 1410	2000	282
ITER = 1411	2000	279
ITER = 1412	2000	279
ITER = 1413	2000	277
ITER = 1414	2000	275
ITER = 1415	2000	273
ITER = 1416	2000	272
ITER = 1417	2000	271
ITER = 1418	2000	269
ITER = 1419	2000	267
ITER = 1420	2000	266
ITER = 1421	2000	265
ITER = 1422	2000	264
ITER = 1423	2000	263
ITER = 1424	2000	261
ITER = 1425	2000	260
ITER = 1426	2000	257
ITER = 1427	2000	256
ITER = 1428	2000	254
ITER = 1429	2000	253
ITER = 1430	2000	252
ITER = 1431	2000	251
ITER = 1432	2000	250
ITER = 1433	2000	249
ITER = 1434	2000	248
ITER = 1435	2000	247
ITER = 1436	2000	246
ITER = 1437	2000	245
ITER = 1438	2000	244
ITER = 1439	2000	244
ITER = 1440	2000	243
ITER = 1441	2000	242
ITER = 1442	2000	239
ITER = 1443	2000	237
ITER = 1444	2000	236
ITER = 1445	2000	234
ITER = 1446	2000	234
ITER = 1447	2000	232
ITER = 1448	2000	232
ITER = 1449	2000	230
ITER = 1450	2000	229
ITER = 1451	2000	228
ITER = 1452	2000	227
ITER = 1453	2000	226
ITER = 1454	2000	225
ITER = 1455	2000	224
ITER = 1456	2000	223
ITER = 1457	2000	222
ITER = 1458	2000	222
ITER = 1459	2000	222
ITER = 1460	2000	219
ITER = 1461	2000	218
ITER = 1462	2000	217
ITER = 1463	2000	215
ITER = 1464	2000	215
ITER = 1465	2000	213
ITER = 1466	2000	213
ITER = 1467	2000	212
ITER = 1468	2000	211
ITER = 1469	2000	210
ITER = 1470	2000	209
ITER = 1471	2000	208
ITER = 1472	2000	207
ITER = 1473	2000	206
ITER = 1474	2000	204
ITER = 1475	2000	203
ITER = 1476	2000	203
ITER = 1477	2000	201
ITER = 1478	2000	200
ITER = 1479	2000	200
ITER = 1480	2000	198
ITER = 1481	2000	198
ITER = 1482	2000	197
ITER = 1483	2000	196
ITER = 1484	2000	195
ITER = 1485	2000	195
ITER = 1486	2000	194
ITER = 1487	2000	193
ITER = 1488	2000	193
ITER = 1489	2000	192
ITER = 1490	2000	191
ITER = 1491	2000	190
ITER = 1492	2000	190
ITER = 1493	2000	189
ITER = 1494	2000	188
ITER = 1495	2000	188
ITER = 1496	2000	186
ITER = 1497	2000	186
ITER = 1498	2000	185
ITER = 1499	2000	184
ITER = 1500	2000	183
ITER = 1501	2000	182
ITER = 1502	2000	181
ITER = 1503	2000	180
ITER = 1504	2000	179
ITER = 1505	2000	179
ITER = 1506	2000	178
ITER = 1507	2000	177
ITER = 1508	2000	176
ITER = 1509	2000	176
ITER = 1510	2000	176
ITER = 1511	2000	175
ITER = 1512	2000	175
ITER = 1513	2000	174
ITER = 1514	2000	174
ITER = 1515	2000	174
ITER = 1516	2000	173
ITER = 1517	2000	172
ITER = 1518	2000	172
ITER = 1519	2000	171
ITER = 1520	2000	170
ITER = 1521	2000	170
ITER = 1522	2000	169
ITER = 1523	2000	169
ITER = 1524	2000	168
ITER = 1525	2000	167
ITER = 1526	2000	167
ITER = 1527	2000	166
ITER = 1528	2000	165
ITER = 1529	2000	164
ITER = 1530	2000	164
ITER = 1531	2000	163
ITER = 1532	2000	162
ITER = 1533	2000	162
ITER = 1534	2000	161
ITER = 1535	2000	160
ITER = 1536	2000	159
ITER = 1537	2000	159
ITER = 1538	2000	158
ITER = 1539	2000	157
ITER = 1540	2000	156
ITER = 1541	2000	155
ITER = 1542	2000	155
ITER = 1543	2000	154
ITER = 1544	2000	153
ITER = 1545	2000	153
ITER = 1546	2000	153
ITER = 1547	2000	153
ITER = 1548	2000	153
ITER = 1549	2000	153
ITER = 1550	2000	153
ITER = 1551	2000	153
ITER = 1552	2000	153
ITER = 1553	2000	153
ITER = 1554	2000	152
ITER = 1555	2000	152
ITER = 1556	2000	151
ITER = 1557	2000	151
ITER = 1558	2000	150
ITER = 1559	2000	150
ITER = 1560	2000	149
ITER = 1561	2000	149
ITER = 1562	2000	149
ITER = 1563	2000	148
ITER = 1564	2000	147
ITER = 1565	2000	147
ITER = 1566	2000	146
ITER = 1567	2000	146
ITER = 1568	2000	145
ITER = 1569	2000	144
ITER = 1570	2000	144
ITER = 1571	2000	143
ITER = 1572	2000	142
ITER = 1573	2000	142
ITER = 1574	2000	141
ITER = 1575	2000	141
ITER = 1576	2000	140
ITER = 1577	2000	140
ITER = 1578	2000	139
ITER = 1579	2000	138
ITER = 1580	2000	138
ITER = 1581	2000	137
ITER = 1582	2000	137
ITER = 1583	2000	137
ITER = 1584	2000	137
ITER = 1585	2000	137
ITER = 1586	2000	137
ITER = 1587	2000	137
ITER = 1588	2000	137
ITER = 1589	2000	137
ITER = 1590	2000	137
ITER = 1591	2000	137
ITER = 1592	2000	137
ITER = 1593	2000	137
ITER = 1594	2000	137
ITER = 1595	2000	137
ITER = 1596	2000	137
ITER = 1597	2000	137
ITER = 1598	2000	137
ITER = 1599	2000	137
ITER = 1600	2000	137
ITER = 1601	2000	137
ITER = 1602	2000	137
ITER = 1603	2000	137
ITER = 1604	2000	137
ITER = 1605	2000	137
ITER = 1606	2000	137
ITER = 1607	2000	137
ITER = 1608	2000	137
ITER = 1609	2000	137
ITER = 1610	2000	137
ITER = 1611	2000	137
ITER = 1612	2000	137
ITER = 1613	2000	137
ITER = 1614	2000	137
ITER = 1615	2000	137
ITER = 1616	2000	137
ITER = 1617	2000	137
ITER = 1618	2000	137
ITER = 1619	2000	137
ITER = 1620	2000	137
ITER = 1621	2000	137
ITER = 1622	2000	137
ITER = 1623	2000	137
ITER = 1624	2000	137
ITER = 1625	2000	137
ITER = 1626	2000	137
ITER = 1627	2000	137
ITER = 1628	2000	137
ITER = 1629	2000	137
ITER = 1630	2000	137
ITER = 1631	2000	137
ITER = 1632	2000	137
ITER = 1633	2000	137
ITER = 1634	2000	137
ITER = 1635	2000	137
ITER = 1636	2000	137
ITER = 1637	2000	137
ITER = 1638	2000	137
ITER = 1639	2000	137
ITER = 1640	2000	137
ITER = 1641	2000	137
ITER = 1642	2000	137
ITER = 1643	2000	137
ITER = 1644	2000	137
ITER = 1645	2000	137
ITER = 1646	2000	137
ITER = 1647	2000	137
ITER = 1648	2000	137
ITER = 1649	2000	137
ITER = 1650	2000	137
ITER = 1651	2000	137
ITER = 1652	2000	137
ITER = 1653	2000	137
ITER = 1654	2000	137
ITER = 1655	2000	137
ITER = 1656	2000	137
ITER = 1657	2000	137
ITER = 1658	2000	137
ITER = 1659	2000	137
ITER = 1660	2000	137
ITER = 1661	2000	137
ITER = 1662	2000	137
ITER = 1663	2000	137
ITER = 1664	2000	137
ITER = 1665	2000	137
ITER = 1666	2000	137
ITER = 1667	2000	137
ITER = 1668	2000	137
ITER = 1669	2000	137
ITER = 1670	2000	137
ITER = 1671	2000	137
ITER = 1672	2000	137
ITER = 1673	2000	137
ITER = 1674	2000	137
ITER = 1675	2000	137
ITER = 1676	2000	137
ITER = 1677	2000	137
ITER = 1678	2000	137
ITER = 1679	2000	137
ITER = 1680	2000	137
ITER = 1681	2000	137
ITER = 1682	2000	137
ITER = 1683	2000	137
ITER = 1684	2000	137
ITER = 1685	2000	137
ITER = 1686	2000	137
ITER = 1687	2000	137
ITER = 1688	2000	137
ITER = 1689	2000	137
ITER = 1690	2000	137
ITER = 1691	2000	137
ITER = 1692	2000	137
ITER = 1693	2000	137
ITER = 1694	2000	137
ITER = 1695	2000	137
ITER = 1696	2000	137
ITER = 1697	2000	137
ITER = 1698	2000	137
ITER = 1699	2000	137
ITER = 1700	2000	137
ITER = 1701	2000	137
ITER = 1702	2000	137
ITER = 1703	2000	137
ITER = 1704	2000	137
ITER = 1705	2000	137
ITER = 1706	2000	137
ITER = 1707	2000	137
ITER = 1708	2000	137
ITER = 1709	2000	137
ITER = 1710	2000	137
ITER = 1711	2000	137
ITER = 1712	2000	137
ITER = 1713	2000	137
ITER = 1714	2000	137
ITER = 1715	2000	137
ITER = 1716	2000	137
ITER = 1717	2000	137
ITER = 1718	2000	137
ITER = 1719	2000	137
ITER = 1720	2000	137
ITER = 1721	2000	137
ITER = 1722	2000	137
ITER = 1723	2000	137
ITER = 1724	2000	137
ITER = 1725	2000	137
ITER = 1726	2000	137
ITER = 1727	2000	137
ITER = 1728	2000	137
ITER = 1729	2000	137
ITER = 1730	2000	137
ITER = 1731	2000	137
ITER = 1732	2000	137
ITER = 1733	2000	137
ITER = 1734	2000	137
ITER = 1735	2000	137
ITER = 1736	2000	137
ITER = 1737	2000	137
ITER = 1738	2000	137
ITER = 1739	2000	137
ITER = 1740	2000	137
ITER = 1741	2000	137
ITER = 1742	2000	137
ITER = 1743	2000	137
ITER = 1744	2000	137
ITER = 1745	2000	137
ITER = 1746	2000	137
ITER = 1747	2000	137
ITER = 1748	2000	137
ITER = 1749	2000	137
ITER = 1750	2000	137
ITER = 1751	2000	137
ITER = 1752	2000	137
ITER = 1753	2000	137
ITER = 1754	2000	137
ITER = 1755	2000	137
ITER = 1756	2000	137
ITER = 1757	2000	137
ITER = 1758	2000	137
ITER = 1759	2000	137
ITER = 1760	2000	137
ITER = 1761	2000	137
ITER = 1762	2000	137
ITER = 1763	2000	137
ITER = 1764	2000	137
ITER = 1765	2000	137
ITER = 1766	2000	137
ITER = 1767	2000	137
ITER = 1768	2000	137
ITER = 1769	2000	137
ITER = 1770	2000	137
ITER = 1771	2000	137
ITER = 1772	2000	137
ITER = 1773	2000	137
ITER = 1774	2000	137
ITER = 1775	2000	137
ITER = 1776	2000	137
ITER = 1777	2000	137
ITER = 1778	2000	137
ITER = 1779	2000	137
ITER = 1780	2000	137
ITER = 1781	2000	137
ITER = 1782	2000	137
ITER = 1783	2000	137
ITER = 1784	2000	137
ITER = 1785	2000	137
ITER = 1786	2000	137
ITER = 1787	2000	137
ITER = 1788	2000	137
ITER = 1789	2000	137
ITER = 1790	2000	137
ITER = 1791	2000	137
ITER = 1792	2000	137
ITER = 1793	2000	137
ITER = 1794	2000	137
ITER = 1795	2000	137
ITER = 1796	2000	137
ITER = 1797	2000	137
ITER = 1798	2000	137
ITER = 1799	2000	137
ITER = 1800	2000	137
ITER = 1801	2000	137
ITER = 1802	2000	137
ITER = 1803	2000	137
ITER = 1804	2000	137
ITER = 1805	2000	137
ITER = 1806	2000	137
ITER = 1807	2000	137
ITER = 1808	2000	137
ITER = 1809	2000	137
ITER = 1810	2000	137
ITER = 1811	2000	137
ITER = 1812	2000	137
ITER = 1813	2000	137
ITER = 1814	2000	137
ITER = 1815	2000	137
ITER = 1816	2000	137
ITER = 1817	2000	137
ITER = 1818	2000	137
ITER = 1819	2000	137
ITER = 1820	2000	137
ITER = 1821	2000	137
ITER = 1822	2000	137
ITER = 1823	2000	137
ITER = 1824	2000	137
ITER = 1825	2000	137
ITER = 1826	2000	137
ITER = 1827	2000	137
ITER = 1828	2000	137
ITER = 1829	2000	137
ITER = 1830	2000	137
ITER = 1831	2000	137
ITER = 1832	2000	137
ITER = 1833	2000	137
ITER = 1834	2000	137
ITER = 1835	2000	137
ITER = 1836	2000	137
ITER = 1837	2000	137
ITER = 1838	2000	137
ITER = 1839	2000	137
ITER = 1840	2000	137
ITER = 1841	2000	137
ITER = 1842	2000	137
ITER = 1843	2000	137
ITER = 1844	2000	137
ITER = 1845	2000	137
ITER = 1846	2000	137
ITER = 1847	2000	137
ITER = 1848	2000	137
ITER = 1849	2000	137
ITER = 1850	2000	137
ITER = 1851	2000	137
ITER = 1852	2000	137
ITER = 1853	2000	137
ITER = 1854	2000	137
ITER = 1855	2000	137
ITER = 1856	2000	137
ITER = 1857	2000	137
ITER = 1858	2000	137
ITER = 1859	2000	137
ITER = 1860	2000	137
ITER = 1861	2000	137
ITER = 1862	2000	137
ITER = 1863	2000	137
ITER = 1864	2000	137
ITER = 1865	2000	137
ITER = 1866	2000	137
ITER = 1867	2000	137
ITER = 1868	2000	137
ITER = 1869	2000	137
ITER = 1870	2000	137
ITER = 1871	2000	137
ITER = 1872	2000	137
ITER = 1873	2000	137
ITER = 1874	2000	137
ITER = 1875	2000	137
ITER = 1876	2000	137
ITER = 1877	2000	137
ITER = 1878	2000	137
ITER = 1879	2000	137
ITER = 1880	2000	137
ITER = 1881	2000	137
ITER = 1882	2000	137
ITER = 1883	2000	137
ITER = 1884	2000	137
ITER = 1885	2000	137
ITER = 1886	2000	137
ITER = 1887	2000	137
ITER = 1888	2000	137
ITER = 1889	2000	137
ITER = 1890	2000	137
ITER = 1891	2000	137
ITER = 1892	2000	137
ITER = 1893	2000	137
ITER = 1894	2000	137
ITER = 1895	2000	137
ITER = 1896	2000	137
ITER = 1897	2000	137
ITER = 1898	2000	137
ITER = 1899	2000	137
ITER = 1900	2000	137
ITER = 1901	2000	137
ITER = 1902	2000	137
ITER = 1903	2000	137
ITER = 1904	2000	137
ITER = 1905	2000	137
ITER = 1906	2000	137
ITER = 1907	2000	137
ITER = 1908	2000	137
ITER = 1909	2000	137
ITER = 1910	2000	137
ITER = 1911	2000	137
ITER = 1912	2000	137
ITER = 1913	2000	137
ITER = 1914	2000	137
ITER = 1915	2000	137
ITER = 1916	2000	137
ITER = 1917	2000	137
ITER = 1918	2000	137
ITER = 1919	2000	137
ITER = 1920	2000	137
ITER = 1921	2000	137
ITER = 1922	2000	137
ITER = 1923	2000	137
ITER = 1924	2000	137
ITER = 1925	2000	137
ITER = 1926	2000	137
ITER = 1927	2000	137
ITER = 1928	2000	137
ITER = 1929	2000	137
ITER = 1930	2000	137
ITER = 1931	2000	137
ITER = 1932	2000	137
ITER = 1933	2000	137
ITER = 1934	2000	137
ITER = 1935	2000	137
ITER = 1936	2000	137
ITER = 1937	2000	137
ITER = 1938	2000	137
ITER = 1939	2000	137
ITER = 1940	2000	137
ITER = 1941	2000	137
ITER = 1942	2000	137
ITER = 1943	2000	137
ITER = 1944	2000	137
ITER = 1945	2000	137
ITER = 1946	2000	137
ITER = 1947	2000	137
ITER = 1948	2000	137
ITER = 1949	2000	137
ITER = 1950	2000	137
ITER = 1951	2000	137
ITER = 1952	2000	137
ITER = 1953	2000	137
ITER = 1954	2000	137
ITER = 1955	2000	137
ITER = 1956	2000	137
ITER = 1957	2000	137
ITER = 1958	2000	137
ITER = 1959	2000	137
ITER = 1960	2000	137
ITER = 1961	2000	137
ITER = 1962	2000	137
ITER = 1963	2000	137
ITER = 1964	2000	137
ITER = 1965	2000	137
ITER = 1966	2000	137
ITER = 1967	2000	137
ITER = 1968	2000	137
ITER = 1969	2000	137
ITER = 1970	2000	137
ITER = 1971	2000	137
ITER = 1972	2000	137
ITER = 1973	2000	137
ITER = 1974	2000	137
ITER = 1975	2000	137
ITER = 1976	2000	137
ITER = 1977	2000	137
ITER = 1978	2000	137
ITER = 1979	2000	137
ITER = 1980	2000	137
ITER = 1981	2000	137
ITER = 1982	2000	137
ITER = 1983	2000	137
ITER = 1984	2000	137
ITER = 1985	2000	137
ITER = 1986	2000	137
ITER = 1987	2000	137
ITER = 1988	2000	137
ITER = 1989	2000	137
ITER = 1990	2000	137
ITER = 1991	2000	137
ITER = 1992	2000	137
ITER = 1993	2000	137
ITER = 1994	2000	137
ITER = 1995	2000	137
ITER = 1996	2000	137
ITER = 1997	2000	137
ITER = 1998	2000	137
ITER = 1999	2000	137
