-0.208089
-0.20709
-0.206092
-0.205093
-0.204095
-0.203096
-0.202098
-0.201099
-0.2001
-0.199102
-0.198103
-0.197105
-0.196106
-0.195108
-0.194109
-0.193111
-0.192112
-0.191114
-0.190115
-0.189117
-0.188118
-0.18712
-0.186121
-0.185123
-0.184124
-0.183126
-0.182127
-0.181129
-0.18013
-0.179132
-0.178133
-0.177135
-0.176136
-0.175138
-0.174139
-0.173141
-0.172142
-0.171144
-0.170145
-0.169147
-0.168148
-0.16715
-0.166151
-0.165153
-0.164154
-0.163155
-0.162157
-0.161158
-0.16016
-0.159161
-0.158163
-0.157164
-0.156166
-0.155167
-0.154169
-0.15317
-0.152172
-0.151173
-0.150175
-0.149176
-0.148178
-0.147179
-0.146181
-0.145182
-0.144184
-0.143185
-0.142187
-0.141188
-0.14019
-0.139191
-0.138193
-0.137194
-0.136196
-0.135197
-0.134199
-0.1332
-0.132202
-0.131203
-0.130205
-0.129206
-0.128208
-0.127209
-0.126211
-0.125212
-0.124213
-0.123215
-0.122216
-0.121218
-0.120219
-0.119221
-0.118222
-0.117224
-0.116225
-0.115227
-0.114228
-0.11323
-0.112231
-0.111233
-0.110234
-0.109236
-0.108237
-0.107239
-0.10624
-0.105242
-0.104243
-0.103245
-0.102246
-0.101248
-0.100249
-0.0992507
-0.0982522
-0.0972536
-0.0962551
-0.0952566
-0.0942581
-0.0932596
-0.0922611
-0.0912626
-0.0902641
-0.0892655
-0.088267
-0.0872685
-0.08627
-0.0852715
-0.084273
-0.0832745
-0.082276
-0.0812774
-0.0802789
-0.0792804
-0.0782819
-0.0772834
-0.0762849
-0.0752864
-0.0742878
-0.0732893
-0.0722908
-0.0712923
-0.0702938
-0.0692953
-0.0682968
-0.0672983
-0.0662997
-0.0653012
-0.0643027
-0.0633042
-0.0623057
-0.0613072
-0.0603087
-0.0593102
-0.0583116
-0.0573131
-0.0563146
-0.0553161
-0.0543176
-0.0533191
-0.0523206
-0.0513221
-0.0503235
-0.049325
-0.0483265
-0.047328
-0.0463295
-0.045331
-0.0443325
-0.0433339
-0.0423354
-0.0413369
-0.0403384
-0.0393399
-0.0383414
-0.0373429
-0.0363444
-0.0353458
-0.0343473
-0.0333488
-0.0323503
-0.0313518
-0.0303533
-0.0293548
-0.0283563
-0.0273577
-0.0263592
-0.0253607
-0.0243622
-0.0233637
-0.0223652
-0.0213667
-0.0203681
-0.0193696
-0.0183711
-0.0173726
-0.0163741
-0.0153756
-0.0143771
-0.0133786
-0.01238
-0.0113815
-0.010383
-0.00938451
-0.00838599
-0.00738748
-0.00638897
-0.00539045
-0.00439194
-0.00339343
-0.00239492
-0.0013964
-0.00039789
0.000600623
0.00159914
0.00259765
0.00359616
0.00459467
0.00559319
0.0065917
0.00759021
0.00858873
0.00958724
0.0105858
0.0115843
0.0125828
0.0135813
0.0145798
0.0155783
0.0165768
0.0175753
0.0185739
0.0195724
0.0205709
0.0215694
0.0225679
0.0235664
0.0245649
0.0255634
0.026562
0.0275605
0.028559
0.0295575
0.030556
0.0315545
0.032553
0.0335515
0.0345501
0.0355486
0.0365471
0.0375456
0.0385441
0.0395426
0.0405411
0.0415397
0.0425382
0.0435367
0.0445352
0.0455337
0.0465322
0.0475307
0.0485292
0.0495278
0.0505263
0.0515248
0.0525233
0.0535218
0.0545203
0.0555188
0.0565173
0.0575159
0.0585144
0.0595129
0.0605114
0.0615099
0.0625084
0.0635069
0.0645055
0.065504
0.0665025
0.067501
0.0684995
0.069498
0.0704965
0.071495
0.0724936
0.0734921
0.0744906
0.0754891
0.0764876
0.0774861
0.0784846
0.0794831
0.0804817
0.0814802
0.0824787
0.0834772
0.0844757
0.0854742
0.0864727
0.0874712
0.0884698
0.0894683
0.0904668
0.0914653
0.0924638
0.0934623
0.0944608
0.0954594
0.0964579
0.0974564
0.0984549
0.0994534
0.100452
0.10145
0.102449
0.103447
0.104446
0.105444
