-0.252461
-0.251463
-0.250466
-0.249468
-0.248471
-0.247473
-0.246476
-0.245478
-0.244481
-0.243483
-0.242486
-0.241488
-0.24049
-0.239493
-0.238495
-0.237498
-0.2365
-0.235503
-0.234505
-0.233508
-0.23251
-0.231512
-0.230515
-0.229517
-0.22852
-0.227522
-0.226525
-0.225527
-0.22453
-0.223532
-0.222535
-0.221537
-0.220539
-0.219542
-0.218544
-0.217547
-0.216549
-0.215552
-0.214554
-0.213557
-0.212559
-0.211561
-0.210564
-0.209566
-0.208569
-0.207571
-0.206574
-0.205576
-0.204579
-0.203581
-0.202583
-0.201586
-0.200588
-0.199591
-0.198593
-0.197596
-0.196598
-0.195601
-0.194603
-0.193606
-0.192608
-0.19161
-0.190613
-0.189615
-0.188618
-0.18762
-0.186623
-0.185625
-0.184628
-0.18363
-0.182632
-0.181635
-0.180637
-0.17964
-0.178642
-0.177645
-0.176647
-0.17565
-0.174652
-0.173654
-0.172657
-0.171659
-0.170662
-0.169664
-0.168667
-0.167669
-0.166672
-0.165674
-0.164677
-0.163679
-0.162681
-0.161684
-0.160686
-0.159689
-0.158691
-0.157694
-0.156696
-0.155699
-0.154701
-0.153703
-0.152706
-0.151708
-0.150711
-0.149713
-0.148716
-0.147718
-0.146721
-0.145723
-0.144725
-0.143728
-0.14273
-0.141733
-0.140735
-0.139738
-0.13874
-0.137743
-0.136745
-0.135748
-0.13475
-0.133752
-0.132755
-0.131757
-0.13076
-0.129762
-0.128765
-0.127767
-0.12677
-0.125772
-0.124774
-0.123777
-0.122779
-0.121782
-0.120784
-0.119787
-0.118789
-0.117792
-0.116794
-0.115797
-0.114799
-0.113801
-0.112804
-0.111806
-0.110809
-0.109811
-0.108814
-0.107816
-0.106819
-0.105821
-0.104823
-0.103826
-0.102828
-0.101831
-0.100833
-0.0998357
-0.0988381
-0.0978406
-0.096843
-0.0958455
-0.0948479
-0.0938504
-0.0928528
-0.0918553
-0.0908577
-0.0898602
-0.0888626
-0.0878651
-0.0868675
-0.08587
-0.0848724
-0.0838749
-0.0828773
-0.0818798
-0.0808822
-0.0798847
-0.0788871
-0.0778896
-0.076892
-0.0758944
-0.0748969
-0.0738993
-0.0729018
-0.0719042
-0.0709067
-0.0699091
-0.0689116
-0.067914
-0.0669165
-0.0659189
-0.0649214
-0.0639238
-0.0629263
-0.0619287
-0.0609312
-0.0599336
-0.0589361
-0.0579385
-0.056941
-0.0559434
-0.0549459
-0.0539483
-0.0529508
-0.0519532
-0.0509557
-0.0499581
-0.0489606
-0.047963
-0.0469655
-0.0459679
-0.0449704
-0.0439728
-0.0429753
-0.0419777
-0.0409801
-0.0399826
-0.038985
-0.0379875
-0.0369899
-0.0359924
-0.0349948
-0.0339973
-0.0329997
-0.0320022
-0.0310046
-0.0300071
-0.0290095
-0.028012
-0.0270144
-0.0260169
-0.0250193
-0.0240218
-0.0230242
-0.0220267
-0.0210291
-0.0200316
-0.019034
-0.0180365
-0.0170389
-0.0160414
-0.0150438
-0.0140463
-0.0130487
-0.0120512
-0.0110536
-0.0100561
-0.00905851
-0.00806095
-0.0070634
-0.00606585
-0.0050683
-0.00407075
-0.0030732
-0.00207565
-0.00107809
-8.05432e-05
0.000917008
0.00191456
0.00291211
0.00390966
0.00490721
0.00590477
0.00690232
0.00789987
0.00889742
0.00989497
0.0108925
0.0118901
0.0128876
0.0138852
0.0148827
0.0158803
0.0168778
0.0178754
0.0188729
0.0198705
0.020868
0.0218656
0.0228631
0.0238607
0.0248582
0.0258558
0.0268533
0.0278509
0.0288484
0.029846
0.0308435
0.0318411
0.0328387
0.0338362
0.0348338
0.0358313
0.0368289
0.0378264
0.038824
0.0398215
0.0408191
0.0418166
0.0428142
0.0438117
0.0448093
0.0458068
0.0468044
0.0478019
0.0487995
0.049797
0.0507946
0.0517921
0.0527897
0.0537872
0.0547848
0.0557823
0.0567799
0.0577774
0.058775
0.0597725
0.0607701
0.0617676
0.0627652
0.0637627
0.0647603
0.0657578
0.0667554
0.067753
0.0687505
0.0697481
0.0707456
0.0717432
0.0727407
0.0737383
0.0747358
0.0757334
0.0767309
0.0777285
0.078726
0.0797236
0.0807211
0.0817187
0.0827162
0.0837138
0.0847113
0.0857089
0.0867064
0.087704
0.0887015
0.0896991
0.0906966
0.0916942
0.0926917
0.0936893
0.0946868
0.0956844
0.0966819
0.0976795
0.098677
0.0996746
0.100672
0.10167
0.102667
0.103665
0.104662
0.10566
0.106657
0.107655
0.108653
0.10965
0.110648
0.111645
0.112643
0.11364
0.114638
0.115635
0.116633
0.117631
0.118628
0.119626
0.120623
0.121621
0.122618
0.123616
0.124613
0.125611
0.126608
0.127606
0.128604
0.129601
0.130599
0.131596
0.132594
0.133591
0.134589
0.135586
0.136584
0.137582
0.138579
0.139577
0.140574
0.141572
0.142569
0.143567
0.144564
0.145562
0.14656
0.147557
0.148555
0.149552
0.15055
