-4.55788
-4.55788
-4.55788
-4.55788
-4.55788
-4.55788
-4.55788
-4.55788
-4.55788
-4.55788
-4.55788
-4.55788
-4.55788
-4.55788
-4.55788
-4.55788
-4.55788
-4.55788
-4.55788
-4.55788
-4.55788
-4.55788
-4.55788
-4.55788
-4.55788
-4.55788
-4.55788
-4.55788
-4.55788
-4.55788
-4.55788
-4.55788
-4.55788
-4.55788
-4.55788
-4.55788
-4.55788
-4.55788
-4.55788
-4.55788
-4.55788
-4.55788
-4.55788
-4.55788
-4.55788
-4.55788
-4.55788
-4.55788
-4.55788
-4.55788
-4.55788
-4.55788
-4.55788
-4.55788
-4.55788
-4.55788
-4.55788
-4.55788
-4.55788
-4.55788
-4.55788
-4.55788
-4.55788
-4.55788
-4.55788
-4.55788
-4.55788
-4.55788
-4.55788
-4.55788
-4.55788
-4.55788
-4.55788
-4.55788
-4.55788
-4.55788
-4.55788
-4.55788
-4.55788
-4.55788
-4.55788
-4.55788
-4.55788
-4.55788
-4.55788
-4.55788
-4.55788
-4.55788
-4.55788
-4.55788
-4.55788
-4.55788
-4.55788
-4.55788
-4.55788
-4.55788
-4.55788
-4.55788
-4.55788
-4.55788
-4.55788
-4.55788
-4.55788
-4.55788
-4.55788
-4.55788
-4.55788
-4.55788
-4.55788
-4.55788
-4.55788
-4.55788
-4.55788
-4.55788
-4.55788
-4.55788
-4.55788
-4.55788
-4.55788
-4.55788
-4.55788
-4.55788
-4.55788
-4.55788
-4.55788
-4.55788
-4.55788
-4.55788
-4.55788
-4.55788
-4.55788
-4.55788
-4.55788
-4.55788
-4.55788
-4.55788
-4.55788
-4.55788
-4.55788
-4.55788
-4.55788
-4.55788
-4.55788
-4.55788
-4.55788
-4.55788
-4.55788
-4.55788
-4.55788
-4.55788
-4.55788
-4.55788
-4.55788
-4.55788
-4.55788
-4.55788
-4.55788
-4.55788
-4.55788
-4.55788
-4.55788
-4.55788
-4.55788
-4.55788
-4.55788
-4.55788
-4.55788
-4.55788
-4.55788
-4.55788
-4.55788
-4.55788
-4.55788
-4.55788
-4.55788
-4.55788
-4.55788
-4.55788
-4.55788
-4.55788
-4.55788
-4.55788
-4.55788
-4.55788
-4.55788
-4.55788
-4.55788
-4.55788
-4.55788
-4.55788
-4.55788
-4.55788
-4.55788
-4.55788
-4.55788
-4.55788
-4.55788
-4.55788
-4.55788
-4.55788
-4.55788
-4.55788
-4.55788
-4.55788
-4.55788
-4.55788
-4.55788
-4.55788
-4.55788
-4.55788
-4.55788
-4.55788
-4.55788
-4.55788
-4.55788
-4.55788
-4.55788
-4.55788
-4.55788
-4.55788
-4.55788
-4.55788
-4.55788
-4.55788
-4.55788
-4.55788
-4.55788
-4.55788
-4.55788
-4.55788
-4.55788
-4.55788
-4.55788
-4.55788
-4.55788
-4.55788
-4.55788
-4.55788
-4.55788
-4.55788
-4.55788
-4.55788
-4.55788
-4.55788
-4.55788
-4.55788
-4.55788
-4.55788
-4.55788
-4.55788
-4.55788
-4.55788
-4.55788
-4.55788
-4.55788
-4.55788
-4.55788
-4.55788
-4.55788
-4.55788
-4.55788
-4.55788
-4.55788
-4.55788
-4.55788
-4.55788
-4.55788
-4.55788
-4.55788
-4.55788
-4.55788
-4.55788
-4.55788
-4.55788
-4.55788
-4.55788
-4.55788
-4.55788
-4.55788
-4.55788
-4.55788
-4.55788
-4.55788
-4.55788
-4.55788
-4.55788
-4.55788
-4.55788
-4.55788
-4.55788
-4.55788
-4.55788
-4.55788
-4.55788
-4.55788
-4.55788
-4.55788
-4.55788
-4.55788
-4.55788
-4.55788
-4.55788
-4.55788
-4.55788
-4.55788
-4.55788
-4.55788
-4.55788
-4.55788
-4.55788
-4.55788
-4.55788
-4.55788
-4.55788
-4.55788
-4.55788
-4.55788
-4.55788
-4.55788
-4.55788
-4.55788
-4.55788
-4.55788
-4.55788
-4.55788
-4.55788
-4.55788
-4.55788
-4.55788
-4.55788
-4.55788
-4.55788
-4.55788
-4.55788
-4.55788
-4.55788
-4.55788
-4.55788
-4.55788
-4.55788
-4.55788
-4.55788
-4.55788
-4.55788
-4.55788
-4.55788
-4.55788
-4.55788
-4.55788
-4.55788
-4.55788
-4.55788
-4.55788
-4.55788
-4.55788
-4.55788
-4.55788
-4.55788
-4.55788
-4.55788
-4.55788
-4.55788
-4.55788
-4.55788
-4.55788
-4.55788
-4.55788
-4.55788
-4.55788
-4.55788
-4.55788
-4.55788
-4.55788
-4.55788
-4.55788
-4.55788
-4.55788
-4.55788
-4.55788
-4.55788
-4.55788
-4.55788
-4.55788
-4.55788
-4.55788
-4.55788
-4.55788
-4.55788
-4.55788
-4.55788
-4.55788
-4.55788
-4.55788
-4.55788
-4.55788
-4.55788
-4.55788
-4.55788
-4.55788
-4.55788
-4.55788
-4.55788
-4.55788
-4.55788
-4.55788
-4.55788
-4.55788
-4.55788
-4.55788
-4.55788
-4.55788
-4.55788
-4.55788
-4.55788
-4.55788
-4.55788
-4.55788
-4.55788
-4.55788
-4.55788
-4.55788
-4.55788
-4.55788
-4.55788
-4.55788
-4.55788
-4.55788
-4.55788
-4.55788
-4.55788
-4.55788
-4.55788
-4.55788
-4.55788
-4.55788
-4.55788
-4.55788
-4.55788
-4.55788
-4.55788
-4.55788
-4.55788
-4.55788
-4.55788
-4.55788
-4.55788
-4.55788
-4.55788
-4.55788
-4.55788
-4.55788
-4.55788
-4.55788
-4.55788
-4.55788
-4.55788
-4.55788
-4.55788
-4.55788
-4.55788
-4.55788
-4.55788
-4.55788
-4.55788
-4.55788
-4.55788
-4.55788
-4.55788
-4.55788
-4.55788
-4.55788
-4.55788
-4.55788
-4.55788
-4.55788
-4.55788
-4.55788
-4.55788
-4.55788
-4.55788
-4.55788
-4.55788
-4.55788
-4.55788
-4.55788
-4.55788
-4.55788
-4.55788
-4.55788
-4.55788
-4.55788
-4.55788
-4.55788
-4.55788
-4.55788
-4.55788
-4.55788
-4.55788
-4.55788
-4.55788
-4.55788
-4.55788
-4.55788
-4.55788
-4.55788
-4.55788
-4.55788
-4.55788
-4.55788
-4.55788
-4.55788
-4.55788
-4.55788
-4.55788
-4.55788
-4.55788
-4.55788
-4.55788
-4.55788
-4.55788
-4.55788
-4.55788
-4.55788
-4.55788
-4.55788
-4.55788
-4.55788
-4.55788
-4.55788
-4.55788
-4.55788
-4.55788
-4.55788
-4.55788
-4.55788
-4.55788
-4.55788
-4.55788
-4.55788
-4.55788
-4.55788
-4.55788
-4.55788
-4.55788
-4.55788
-4.55788
-4.55788
-4.55788
-4.55788
-4.55788
-4.55788
-4.55788
-4.55788
-4.55788
-4.55788
-4.55788
-4.55788
-4.55788
-4.55788
-4.55788
-4.55788
-4.55788
-4.55788
-4.55788
-4.55788
-4.55788
-4.55788
-4.55788
-4.55788
-4.55788
-4.55788
-4.55788
-4.55788
-4.55788
-4.55788
-4.55788
-4.55788
-4.55788
-4.55788
-4.55788
-4.55788
-4.55788
-4.55788
-4.55788
-4.55788
-4.55788
-4.55788
-4.55788
-4.55788
-4.55788
-4.55788
-4.55788
-4.55788
-4.55788
-4.55788
-4.55788
-4.55788
-4.55788
-4.55788
-4.55788
-4.55788
-4.55788
-4.55788
-4.55788
-4.55788
-4.55788
-4.55788
-4.55788
-4.55788
-4.55788
-4.55788
-4.55788
-4.55788
-4.55788
-4.55788
-4.55788
-4.55788
-4.55788
-4.55788
-4.55788
-4.55788
-4.55788
-4.55788
-4.55788
-4.55788
-4.55788
-4.55788
-4.55788
-4.55788
-4.55788
-4.55788
-4.55788
-4.55788
-4.55788
-4.55788
-4.55788
-4.55788
-4.55788
-4.55788
-4.55788
-4.55788
-4.55788
-4.55788
-4.55788
-4.55788
-4.55788
-4.55788
-4.55788
-4.55788
-4.55788
-4.55788
-4.55788
-4.55788
-4.55788
-4.55788
-4.55788
-4.55788
-4.55788
-4.55788
-4.55788
-4.55788
-4.55788
-4.55788
-4.55788
-4.55788
-4.55788
-4.55788
-4.55788
-4.55788
-4.55788
-4.55788
-4.55788
-4.55788
-4.55788
-4.55788
-4.55788
-4.55788
-4.55788
-4.55788
-4.55788
-4.55788
-4.55788
-4.55788
-4.55788
-4.55788
-4.55788
-4.55788
-4.55788
-4.55788
-4.55788
-4.55788
-4.55788
-4.55788
-4.55788
-4.55788
-4.55788
-4.55788
-4.55788
-4.55788
-4.55788
-4.55788
-4.55788
-4.55788
-4.55788
-4.55788
-4.55788
-4.55788
-4.55788
-4.55788
-4.55788
-4.55788
-4.55788
-4.55788
-4.55788
-4.55788
-4.55788
-4.55788
-4.55788
-4.55788
-4.55788
-4.55788
-4.55788
-4.55788
-4.55788
-4.55788
-4.55788
-4.55788
-4.55788
-4.55788
-4.55788
-4.55788
-4.55788
-4.55788
-4.55788
-4.55788
-4.55788
-4.55788
-4.55788
-4.55788
-4.55788
-4.55788
-4.55788
-4.55788
-4.55788
-4.55788
-4.55788
-4.55788
-4.55788
-4.55788
-4.55788
-4.55788
-4.55788
-4.55788
-4.55788
-4.55788
-4.55788
-4.55788
-4.55788
-4.55788
-4.55788
-4.55788
-4.55788
-4.55788
-4.55788
-4.55788
-4.55788
-4.55788
-4.55788
-4.55788
-4.55788
-4.55788
-4.55788
-4.55788
-4.55788
-4.55788
-4.55788
-4.55788
-4.55788
-4.55788
-4.55788
-4.55788
-4.55788
-4.55788
-4.55788
-4.55788
-4.55788
-4.55788
-4.55788
-4.55788
-4.55788
-4.55788
-4.55788
-4.55788
-4.55788
-4.55788
-4.55788
-4.55788
-4.55788
-4.55788
-4.55788
-4.55788
-4.55788
-4.55788
-4.55788
-4.55788
-4.55788
-4.55788
-4.55788
-4.55788
-4.55788
-4.55788
-4.55788
-4.55788
-4.55788
-4.55788
-4.55788
-4.55788
-4.55788
-4.55788
-4.55788
-4.55788
-4.55788
-4.55788
-4.55788
-4.55788
-4.55788
-4.55788
-4.55788
-4.55788
-4.55788
-4.55788
-4.55788
-4.55788
-4.55788
-4.55788
-4.55788
-4.55788
-4.55788
-4.55788
-4.55788
-4.55788
-4.55788
-4.55788
-4.55788
-4.55788
-4.55788
-4.55788
-4.55788
-4.55788
-4.55788
-4.55788
-4.55788
-4.55788
-4.55788
-4.55788
-4.55788
-4.55788
-4.55788
-4.55788
-4.55788
-4.55788
-4.55788
-4.55788
-4.55788
-4.55788
-4.55788
-4.55788
-4.55788
-4.55788
-4.55788
-4.55788
-4.55788
-4.55788
-4.55788
-4.55788
-4.55788
-4.55788
-4.55788
-4.55788
-4.55788
-4.55788
-4.55788
-4.55788
-4.55788
-4.55788
-4.55788
-4.55788
-4.55788
-4.55788
-4.55788
-4.55788
-4.55788
-4.55788
-4.55788
-4.55788
-4.55788
-4.55788
-4.55788
-4.55788
-4.55788
-4.55788
-4.55788
-4.55788
-4.55788
-4.55788
-4.55788
-4.55788
-4.55788
-4.55788
-4.55788
-4.55788
-4.55788
-4.55788
-4.55788
-4.55788
-4.55788
-4.55788
-4.55788
-4.55788
-4.55788
-4.55788
-4.55788
-4.55788
-4.55788
-4.55788
-4.55788
-4.55788
-4.55788
-4.55788
-4.55788
-4.55788
-4.55788
-4.55788
-4.55788
-4.55788
-4.55788
-4.55788
-4.55788
-4.55788
-4.55788
-4.55788
-4.55788
-4.55788
-4.55788
-4.55788
-4.55788
-4.55788
-4.55788
-4.55788
-4.55788
-4.55788
-4.55788
-4.55788
-4.55788
-4.55788
-4.55788
-4.55788
-4.55788
-4.55788
-4.55788
-4.55788
-4.55788
-4.55788
-4.55788
-4.55788
-4.55788
-4.55788
-4.55788
-4.55788
-4.55788
-4.55788
-4.55788
-4.55788
-4.55788
-4.55788
-4.55788
-4.55788
-4.55788
-4.55788
-4.55788
-4.55788
-4.55788
-4.55788
-4.55788
-4.55788
-4.55788
-4.55788
-4.55788
-4.55788
-4.55788
-4.55788
-4.55788
-4.55788
-4.55788
-4.55788
-4.55788
-4.55788
-4.55788
-4.55788
-4.55788
-4.55788
-4.55788
-4.55788
-4.55788
-4.55788
-4.55788
-4.55788
-4.55788
-4.55788
-4.55788
-4.55788
-4.55788
-4.55788
-4.55788
-4.55788
-4.55788
-4.55788
-4.55788
-4.55788
-4.55788
-4.55788
-4.55788
-4.55788
-4.55788
-4.55788
-4.55788
-4.55788
-4.55788
-4.55788
-4.55788
-4.55788
-4.55788
-4.55788
-4.55788
-4.55788
-4.55788
-4.55788
-4.55788
-4.55788
-4.55788
-4.55788
-4.55788
-4.55788
-4.55788
-4.55788
-4.55788
-4.55788
-4.55788
-4.55788
-4.55788
-4.55788
-4.55788
-4.55788
-4.55788
-4.55788
-4.55788
-4.55788
-4.55788
-4.55788
-4.55788
-4.55788
-4.55788
-4.55788
-4.55788
-4.55788
-4.55788
-4.55788
-4.55788
-4.55788
-4.55788
-4.55788
-4.55788
-4.55788
-4.55788
-4.55788
-4.55788
-4.55788
-4.55788
-4.55788
-4.55788
-4.55788
-4.55788
-4.55788
-4.55788
-4.55788
-4.55788
-4.55788
-4.55788
-4.55788
-4.55788
-4.55788
-4.55788
-4.55788
-4.55788
-4.55788
-4.55788
-4.55788
-4.55788
-4.55788
-4.55788
-4.55788
-4.55788
-4.55788
-4.55788
-4.55788
-4.55788
-4.55788
-4.55788
-4.55788
-4.55788
-4.55788
-4.55788
-4.55788
-4.55788
-4.55788
-4.55788
-4.55788
-4.55788
-4.55788
-4.55788
-4.55788
-4.55788
-4.55788
-4.55788
-4.55788
-4.55788
-4.55788
-4.55788
-4.55788
-4.55788
-4.55788
-4.55788
-4.55788
-4.55788
-4.55788
-4.55788
-4.55788
-4.55788
-4.55788
-4.55788
-4.55788
-4.55788
-4.55788
-4.55788
-4.55788
-4.55788
-4.55788
-4.55788
-4.55788
-4.55788
-4.55788
-4.55788
-4.55788
-4.55788
-4.55788
-4.55788
-4.55788
-4.55788
-4.55788
-4.55788
-4.55788
-4.55788
-4.55788
-4.55788
-4.55788
-4.55788
-4.55788
-4.55788
-4.55788
-4.55788
-4.55788
-4.55788
-4.55788
-4.55788
-4.55788
-4.55788
-4.55788
-4.55788
-4.55788
-4.55788
-4.55788
-4.55788
-4.55788
-4.55788
-4.55788
-4.55788
-4.55788
-4.55788
-4.55788
-4.55788
-4.55788
-4.55788
-4.55788
-4.55788
-4.55788
-4.55788
-4.55788
-4.55788
-4.55788
-4.55788
-4.55788
-4.55788
-4.55788
-4.55788
-4.55788
-4.55788
-4.55788
-4.55788
-4.55788
-4.55788
-4.55788
-4.55788
-4.55788
-4.55788
-4.55788
-4.55788
-4.55788
-4.55788
-4.55788
-4.55788
-4.55788
-4.55788
-4.55788
-4.55788
-4.55788
-4.55788
-4.55788
-4.55788
-4.55788
-4.55788
-4.55788
-4.55788
-4.55788
-4.55788
-4.55788
-4.55788
-4.55788
-4.55788
-4.55788
-4.55788
-4.55788
-4.55788
-4.55788
-4.55788
-4.55788
-4.55788
-4.55788
-4.55788
-4.55788
-4.55788
-4.55788
-4.55788
-4.55788
-4.55788
-4.55788
-4.55788
-4.55788
-4.55788
-4.55788
-4.55788
-4.55788
-4.55788
-4.55788
-4.55788
-4.55788
-4.55788
-4.55788
-4.55788
-4.55788
-4.55788
-4.55788
-4.55788
-4.55788
-4.55788
-4.55788
-4.55788
-4.55788
-4.55788
-4.55788
-4.55788
-4.55788
-4.55788
-4.55788
-4.55788
-4.55788
-4.55788
-4.55788
-4.55788
-4.55788
-4.55788
-4.55788
-4.55788
-4.55788
-4.55788
-4.55788
-4.55788
-4.55788
-4.55788
-4.55788
-4.55788
-4.55788
-4.55788
-4.55788
-4.55788
-4.55788
-4.55788
-4.55788
-4.55788
-4.55788
-4.55788
-4.55788
-4.55788
-4.55788
-4.55788
-4.55788
-4.55788
-4.55788
-4.55788
-4.55788
-4.55788
-4.55788
-4.55788
-4.55788
-4.55788
-4.55788
-4.55788
-4.55788
-4.55788
-4.55788
-4.55788
-4.55788
-4.55788
-4.55788
-4.55788
-4.55788
-4.55788
-4.55788
-4.55788
-4.55788
-4.55788
-4.55788
-4.55788
-4.55788
-4.55788
-4.55788
-4.55788
-4.55788
-4.55788
-4.55788
-4.55788
-4.55788
-4.55788
-4.55788
-4.55788
-4.55788
-4.55788
-4.55788
-4.55788
-4.55788
-4.55788
-4.55788
-4.55788
-4.55788
-4.55788
-4.55788
-4.55788
-4.55788
-4.55788
-4.55788
-4.55788
-4.55788
-4.55788
-4.55788
-4.55788
-4.55788
-4.55788
-4.55788
-4.55788
-4.55788
-4.55788
-4.55788
-4.55788
-4.55788
-4.55788
-4.55788
-4.55788
-4.55788
-4.55788
-4.55788
-4.55788
-4.55788
-4.55788
-4.55788
-4.55788
-4.55788
-4.55788
-4.55788
-4.55788
-4.55788
-4.55788
-4.55788
-4.55788
-4.55788
-4.55788
-4.55788
-4.55788
-4.55788
-4.55788
-4.55788
-4.55788
-4.55788
-4.55788
-4.55788
-4.55788
-4.55788
-4.55788
-4.55788
-4.55788
-4.55788
-4.55788
-4.55788
-4.55788
-4.55788
-4.55788
-4.55788
-4.55788
-4.55788
-4.55788
-4.55788
-4.55788
-4.55788
-4.55788
-4.55788
-4.55788
-4.55788
-4.55788
-4.55788
-4.55788
-4.55788
-4.55788
-4.55788
-4.55788
-4.55788
-4.55788
-4.55788
-4.55788
-4.55788
-4.55788
-4.55788
-4.55788
-4.55788
-4.55788
-4.55788
-4.55788
-4.55788
-4.55788
-4.55788
-4.55788
-4.55788
-4.55788
-4.55788
-4.55788
-4.55788
-4.55788
-4.55788
-4.55788
-4.55788
-4.55788
-4.55788
-4.55788
-4.55788
-4.55788
-4.55788
-4.55788
-4.55788
-4.55788
-4.55788
-4.55788
-4.55788
-4.55788
-4.55788
-4.55788
-4.55788
-4.55788
-4.55788
-4.55788
-4.55788
-4.55788
-4.55788
-4.55788
-4.55788
-4.55788
-4.55788
-4.55788
-4.55788
-4.55788
-4.55788
-4.55788
-4.55788
-4.55788
-4.55788
-4.55788
-4.55788
-4.55788
-4.55788
-4.55788
-4.55788
-4.55788
-4.55788
-4.55788
-4.55788
-4.55788
-4.55788
-4.55788
-4.55788
-4.55788
-4.55788
-4.55788
-4.55788
-4.55788
-4.55788
-4.55788
-4.55788
-4.55788
-4.55788
-4.55788
-4.55788
-4.55788
-4.55788
-4.55788
-4.55788
-4.55788
-4.55788
-4.55788
-4.55788
-4.55788
-4.55788
-4.55788
-4.55788
-4.55788
-4.55788
-4.55788
-4.55788
-4.55788
-4.55788
-4.55788
-4.55788
-4.55788
-4.55788
-4.55788
-4.55788
-4.55788
-4.55788
-4.55788
-4.55788
-4.55788
-4.55788
-4.55788
-4.55788
-4.55788
-4.55788
-4.55788
-4.55788
-4.55788
-4.55788
-4.55788
-4.55788
-4.55788
-4.55788
-4.55788
-4.55788
-4.55788
-4.55788
-4.55788
-4.55788
-4.55788
-4.55788
-4.55788
-4.55788
-4.55788
-4.55788
-4.55788
-4.55788
-4.55788
-4.55788
-4.55788
-4.55788
-4.55788
-4.55788
-4.55788
-4.55788
-4.55788
-4.55788
-4.55788
-4.55788
-4.55788
-4.55788
-4.55788
-4.55788
-4.55788
-4.55788
-4.55788
-4.55788
-4.55788
-4.55788
-4.55788
-4.55788
-4.55788
-4.55788
-4.55788
-4.55788
-4.55788
-4.55788
-4.55788
-4.55788
-4.55788
-4.55788
-4.55788
-4.55788
-4.55788
-4.55788
-4.55788
-4.55788
-4.55788
-4.55788
-4.55788
-4.55788
-4.55788
-4.55788
-4.55788
-4.55788
-4.55788
-4.55788
-4.55788
-4.55788
-4.55788
-4.55788
-4.55788
-4.55788
-4.55788
-4.55788
-4.55788
-4.55788
-4.55788
-4.55788
-4.55788
-4.55788
-4.55788
-4.55788
-4.55788
-4.55788
-4.55788
-4.55788
-4.55788
-4.55788
-4.55788
-4.55788
-4.55788
-4.55788
-4.55788
-4.55788
-4.55788
-4.55788
-4.55788
-4.55788
-4.55788
-4.55788
-4.55788
-4.55788
-4.55788
-4.55788
-4.55788
-4.55788
-4.55788
-4.55788
-4.55788
-4.55788
-4.55788
-4.55788
-4.55788
-4.55788
-4.55788
-4.55788
-4.55788
-4.55788
-4.55788
-4.55788
-4.55788
-4.55788
-4.55788
-4.55788
-4.55788
-4.55788
-4.55788
-4.55788
-4.55788
-4.55788
-4.55788
-4.55788
-4.55788
-4.55788
-4.55788
-4.55788
-4.55788
-4.55788
-4.55788
-4.55788
-4.55788
-4.55788
-4.55788
-4.55788
-4.55788
-4.55788
-4.55788
-4.55788
-4.55788
-4.55788
-4.55788
-4.55788
-4.55788
-4.55788
-4.55788
-4.55788
-4.55788
-4.55788
-4.55788
-4.55788
-4.55788
-4.55788
-4.55788
-4.55788
-4.55788
-4.55788
-4.55788
-4.55788
-4.55788
-4.55788
-4.55788
-4.55788
-4.55788
-4.55788
-4.55788
-4.55788
-4.55788
-4.55788
-4.55788
-4.55788
-4.55788
-4.55788
-4.55788
-4.55788
-4.55788
-4.55788
-4.55788
-4.55788
-4.55788
-4.55788
-4.55788
-4.55788
-4.55788
-4.55788
-4.55788
-4.55788
-4.55788
-4.55788
-4.55788
-4.55788
-4.55788
-4.55788
-4.55788
-4.55788
-4.55788
-4.55788
-4.55788
-4.55788
-4.55788
-4.55788
-4.55788
-4.55788
-4.55788
-4.55788
-4.55788
-4.55788
-4.55788
-4.55788
-4.55788
-4.55788
-4.55788
-4.55788
-4.55788
-4.55788
-4.55788
-4.55788
-4.55788
-4.55788
-4.55788
-4.55788
-4.55788
-4.55788
-4.55788
-4.55788
-4.55788
-4.55788
-4.55788
-4.55788
-4.55788
-4.55788
-4.55788
-4.55788
-4.55788
-4.55788
-4.55788
-4.55788
-4.55788
-4.55788
-4.55788
-4.55788
-4.55788
-4.55788
-4.55788
-4.55788
-4.55788
-4.55788
-4.55788
-4.55788
-4.55788
-4.55788
-4.55788
-4.55788
-4.55788
-4.55788
-4.55788
-4.55788
-4.55788
-4.55788
-4.55788
-4.55788
-4.55788
-4.55788
-4.55788
-4.55788
-4.55788
-4.55788
-4.55788
-4.55788
-4.55788
-4.55788
-4.55788
-4.55788
-4.55788
-4.55788
-4.55788
-4.55788
-4.55788
-4.55788
-4.55788
-4.55788
-4.55788
-4.55788
-4.55788
-4.55788
-4.55788
-4.55788
-4.55788
-4.55788
-4.55788
-4.55788
-4.55788
-4.55788
-4.55788
-4.55788
-4.55788
-4.55788
-4.55788
-4.55788
-4.55788
-4.55788
-4.55788
-4.55788
-4.55788
-4.55788
-4.55788
-4.55788
-4.55788
-4.55788
-4.55788
-4.55788
-4.55788
-4.55788
-4.55788
-4.55788
-4.55788
-4.55788
-4.55788
-4.55788
-4.55788
-4.55788
-4.55788
-4.55788
-4.55788
-4.55788
-4.55788
-4.55788
-4.55788
-4.55788
-4.55788
-4.55788
-4.55788
-4.55788
-4.55788
-4.55788
-4.55788
-4.55788
-4.55788
-4.55788
-4.55788
-4.55788
-4.55788
-4.55788
-4.55788
-4.55788
-4.55788
-4.55788
-4.55788
-4.55788
-4.55788
-4.55788
-4.55788
-4.55788
-4.55788
-4.55788
-4.55788
-4.55788
-4.55788
-4.55788
-4.55788
-4.55788
-4.55788
-4.55788
-4.55788
-4.55788
-4.55788
-4.55788
-4.55788
-4.55788
-4.55788
-4.55788
-4.55788
-4.55788
-4.55788
-4.55788
-4.55788
-4.55788
-4.55788
-4.55788
-4.55788
-4.55788
-4.55788
-4.55788
-4.55788
-4.55788
-4.55788
-4.55788
-4.55788
-4.55788
-4.55788
-4.55788
-4.55788
-4.55788
-4.55788
-4.55788
-4.55788
-4.55788
-4.55788
-4.55788
-4.55788
-4.55788
-4.55788
-4.55788
-4.55788
-4.55788
-4.55788
-4.55788
-4.55788
-4.55788
-4.55788
-4.55788
-4.55788
-4.55788
-4.55788
-4.55788
-4.55788
-4.55788
-4.55788
-4.55788
-4.55788
-4.55788
-4.55788
-4.55788
-4.55788
0.196884
0.196884
0.196884
0.196884
0.177587
0.177587
0.187089
0.177587
0.177587
0.177587
0.177587
0.177784
0.177784
0.177784
0.177784
0.177784
0.177784
0.152367
0.152367
0.152367
0.152367
0.152367
0.152367
0.152367
0.152367
0.152367
0.152367
0.152367
0.144602
0.144602
0.144602
0.144602
0.144602
0.144602
0.144602
0.144602
0.144602
0.144602
0.137368
0.111692
0.111692
0.105917
0.105917
0.105917
0.10601
0.10601
0.10601
0.10601
0.100509
0.100509
0.100509
0.100509
0.100509
0.100509
0.100509
0.100593
0.100593
0.100593
0.0731196
0.0691947
0.0691947
0.0692261
0.0692261
0.0692261
0.0692261
0.0692261
0.0654889
0.0655179
0.0655179
0.0655179
0.0655179
0.0655446
0.0655446
0.0619864
0.0619864
0.0496074
0.0496074
0.0496144
0.0496144
0.0496144
0.0496209
0.0496209
0.0468423
0.0468423
0.0468423
0.0468479
0.0468479
0.0468479
0.0468531
0.0468531
0.0442072
0.0442072
0.0442072
0.0370303
0.0370303
0.0370303
0.0370303
0.0370303
0.0370303
0.0370303
0.0370303
0.0370303
0.0370303
0.0370303
0.0370303
0.0370303
0.0370303
0.0370303
0.0370303
0.0370303
0.0348535
0.0348535
0.0348535
0.0348535
0.0348535
0.0348535
0.0348535
0.0348535
0.0348535
0.0348535
0.0348535
0.0348535
0.0348535
0.0348535
0.0348535
0.0348535
0.0348535
0.0348535
0.0327808
0.0327808
0.0327808
0.0327808
0.0327808
0.0327808
0.0327808
0.0327808
0.0327808
0.0327808
0.0327808
0.0327808
0.0327808
0.0327808
0.0327808
0.0327808
0.0327808
0.0308077
0.0308077
0.0308077
0.0308077
0.0308077
0.0308077
0.0308077
0.0308077
0.0308077
0.0308077
0.0308077
0.0308077
0.0308077
0.0308077
0.0308077
0.0308077
0.0308077
0.0289305
0.0289305
0.0289305
0.0289305
0.0289305
0.0289305
0.0289305
0.0289305
0.0289305
0.0289305
0.0289305
0.0289305
0.0289305
0.0289305
0.0289305
0.0289305
0.0289305
0.0271454
0.0271454
0.0271454
0.0271454
0.0271454
0.0271454
0.0271454
0.0271454
0.0271454
0.0271454
0.0271454
0.0271454
0.0271454
0.0271454
0.0271454
0.0271454
0.0271454
0.025448
0.025448
0.025448
0.025448
0.025448
0.025448
0.025448
0.025448
0.025448
0.025448
0.025448
0.025448
0.025448
0.025448
0.025448
0.025448
0.0238341
0.0238341
0.0238341
0.0238341
0.0238341
0.0238341
0.0238341
0.0238341
0.0238341
0.0238341
0.0238341
0.0238341
0.0238341
0.0238341
0.0238341
0.0238341
0.0222995
0.0222995
0.0222995
0.0222995
0.0222995
0.0222995
0.0222995
0.0222995
0.0222995
0.0222995
0.0222995
0.0222995
0.0222995
0.0222995
0.0222995
0.0222995
0.0222995
0.0208403
0.0208403
0.0208403
0.0208403
0.0208403
0.0208403
0.0208403
0.0208403
0.0208403
0.0208403
0.0208403
0.0208403
0.0208403
0.0208403
0.0208403
0.0208403
0.0208403
0.019453
0.019453
0.019453
0.019453
0.019453
0.019453
0.019453
0.019453
0.019453
0.019453
0.019453
0.019453
0.019453
0.019453
0.019453
0.019453
0.019453
0.019453
0.0181347
0.0181347
0.0181347
0.0181347
0.0181347
0.0181347
0.0181347
0.0181347
0.0181347
0.0181347
0.0181347
0.0181347
0.0181347
0.0181347
0.0181347
0.0181347
0.0168825
0.0168825
0.0168825
0.0168825
0.0168825
0.0168825
0.0168825
0.0168825
0.0168825
0.0168825
0.0168825
0.0168825
0.0168825
0.0168825
0.0168825
0.0168825
0.0168825
0.0156944
0.0156944
0.0156944
0.0156944
0.0156944
0.0156944
0.0156944
0.0156944
0.0156944
0.0156944
0.0156944
0.0156944
0.0156944
0.0156944
0.0156944
0.0156944
0.0156944
0.0156944
0.0145673
0.0145673
0.0145673
0.0145673
0.0145673
0.0145673
0.0145673
0.0145673
0.0145673
0.0145673
0.0145673
0.0145673
0.0145673
0.0145673
0.0145673
0.0145673
0.0145673
0.0134968
0.0134968
0.0134968
0.0134968
0.0134968
0.0134968
0.0134968
0.0134968
0.0134968
0.0134968
0.0134968
0.0134968
0.0134968
0.0134968
0.0134968
0.0134968
0.0134968
0.0124791
0.0124791
0.0124791
0.0124791
0.0124791
0.0124791
0.0124791
0.0124791
0.0124791
0.0124791
0.0124791
0.0124791
0.0124791
0.0124791
0.0124791
0.0115126
0.0115126
0.0115126
0.0115126
0.0115126
0.0115126
0.0115126
0.0115126
0.0115126
0.0115126
0.0115126
0.0115126
0.0115126
0.0115126
0.0115126
0.0115126
0.0115126
0.0105965
0.0105965
0.0105965
0.0105965
0.0105965
0.0105965
0.0105965
0.0105965
0.0105965
0.0105965
0.0105965
0.0105965
0.0105965
0.0105965
0.0105965
0.00973107
0.00973107
0.00973107
0.00973107
0.00973107
0.00973107
0.00973107
0.00973107
0.00973107
0.00973107
0.00973107
0.00973107
0.00973107
0.00973107
0.00973107
0.00973107
0.00973107
0.00891618
0.00891618
0.00891618
0.00891618
0.00891618
0.00891618
0.00891618
0.00891618
0.00891618
0.00891618
0.00891618
0.00891618
0.00891618
0.00891618
0.00891618
0.00891618
0.00815157
0.00815157
0.00815157
0.00815157
0.00815157
0.00815157
0.00815157
0.00815157
0.00815157
0.00815157
0.00815157
0.00815157
0.00815157
0.00815157
0.00815157
0.00815157
0.00815157
0.00743636
0.00743636
0.00743636
0.00743636
0.00743636
0.00743636
0.00743636
0.00743636
0.00743636
0.00743636
0.00743636
0.00743636
0.00743636
0.00743636
0.00743636
0.00743636
0.00676894
0.00676894
0.00676894
0.00676894
0.00676894
0.00676894
0.00676894
0.00676894
0.00676894
0.00676894
0.00676894
0.00676894
0.00676894
0.00676894
0.00676894
0.00676894
0.00676894
0.00614697
0.00614697
0.00614697
0.00614697
0.00614697
0.00614697
0.00614697
0.00614697
0.00614697
0.00614697
0.00614697
0.00614697
0.00614697
0.00614697
0.00614697
0.00614697
0.00614697
0.00556663
0.00556663
0.00556663
0.00556663
0.00556663
0.00556663
0.00556663
0.00556663
0.00556663
0.00556663
0.00556663
0.00556663
0.00556663
0.00556663
0.00556663
0.00556663
0.00556663
0.00501841
0.00501841
0.00501841
0.00501841
0.00501841
0.00501841
0.00501841
0.00501841
0.00501841
0.00501841
0.00501841
0.00501841
0.00501841
0.00501841
0.00501841
0.00501841
0.00501841
0.00449248
0.00449248
0.00449248
0.00449248
0.00449248
0.00449248
0.00449248
0.00449248
0.00449248
0.00449248
0.00449248
0.00449248
0.00449248
0.00449248
0.00449248
0.00449248
0.00398697
0.00398697
0.00398697
0.00398697
0.00398697
0.00398697
0.00398697
0.00398697
0.00398697
0.00398697
0.00398697
0.00398697
0.00398697
0.00398697
0.00398697
0.00398697
0.00398697
0.00350369
0.00350369
0.00350369
0.00350369
0.00350369
0.00350369
0.00350369
0.00350369
0.00350369
0.00350369
0.00350369
0.00350369
0.00350369
0.00350369
0.00350369
0.00350369
0.00350369
0.00350369
0.00304419
0.00304419
0.00304419
0.00304419
0.00304419
0.00304419
0.00304419
0.00304419
0.00304419
0.00304419
0.00304419
0.00304419
0.00304419
0.00304419
0.00304419
0.00304419
0.00304419
0.00304419
0.00260946
0.00260946
0.00260946
0.00260946
0.00260946
0.00260946
0.00260946
0.00260946
0.00260946
0.00260946
0.00260946
0.00260946
0.00260946
0.00260946
0.00260946
0.00260946
0.00260946
0.00260946
0.00260946
0.00220003
0.00220003
0.00220003
0.00220003
0.00220003
0.00220003
0.00220003
0.00220003
0.00220003
0.00220003
0.00220003
0.00220003
0.00220003
0.00220003
0.00220003
0.00220003
0.00220003
0.00220003
0.00220003
0.00220003
0.00181607
0.00181607
0.00181607
0.00181607
0.00181607
0.00181607
0.00181607
0.00181607
0.00181607
0.00181607
0.00181607
0.00181607
0.00181607
0.00181607
0.00181607
0.00181607
0.00181607
0.00181607
0.00181607
0.00181607
0.00145744
0.00145744
0.00145744
0.00145744
0.00145744
0.00145744
0.00145744
0.00145744
0.00145744
0.00145744
0.00145744
0.00145744
0.00145744
0.00145744
0.00145744
0.00145744
0.00145744
0.00145744
0.00145744
0.00112383
0.00112383
0.00112383
0.00112383
0.00112383
0.00112383
0.00112383
0.00112383
0.00112383
0.00112383
0.00112383
0.00112383
0.00112383
0.00112383
0.00112383
0.00112383
0.00112383
0.00112383
0.00112383
0.000814844
0.000814844
0.000814844
0.000814844
0.000814844
0.000814844
0.000814844
0.000814844
0.000814844
0.000814844
0.000814844
0.000814844
0.000814844
0.000814844
0.000814844
0.000814844
0.000814844
0.000814844
0.000814844
0.000814844
0.000530169
0.000530169
0.000530169
0.000530169
0.000530169
0.000530169
0.000530169
0.000530169
0.000530169
0.000530169
0.000530169
0.000530169
0.000530169
0.000530169
0.000530169
0.000530169
0.000530169
0.000269723
0.000269723
0.000269723
0.000269723
0.000269723
0.000269723
0.000269723
0.000269723
0.000269723
0.000269723
0.000269723
0.000269723
0.000269723
0.000269723
0.000269723
0.000269723
0.000269723
0.000269723
0.000269723
3.39058e-05
3.39058e-05
3.39058e-05
3.39058e-05
3.39058e-05
3.39058e-05
3.39058e-05
3.39058e-05
3.39058e-05
3.39058e-05
3.39058e-05
3.39058e-05
3.39058e-05
3.39058e-05
3.39058e-05
3.39058e-05
3.39058e-05
3.39058e-05
3.39058e-05
-0.000175978
-0.000175978
-0.000175978
-0.000175978
-0.000175978
-0.000175978
-0.000175978
-0.000175978
-0.000175978
-0.000175978
-0.000175978
-0.000175978
-0.000175978
-0.000175978
-0.000175978
-0.000175978
-0.000175978
-0.000175978
-0.000175978
-0.000357715
-0.000357715
-0.000357715
-0.000357715
-0.000357715
-0.000357715
-0.000357715
-0.000357715
-0.000357715
-0.000357715
-0.000357715
-0.000357715
-0.000357715
-0.000357715
-0.000357715
-0.000357715
-0.000357715
-0.000357715
-0.000509131
-0.000509131
-0.000509131
-0.000509131
-0.000509131
-0.000509131
-0.000509131
-0.000509131
-0.000509131
-0.000509131
-0.000509131
-0.000509131
-0.000509131
-0.000509131
-0.000509131
-0.000509131
-0.000509131
-0.000509131
-0.000628843
-0.000628843
-0.000628843
-0.000628843
-0.000628843
-0.000628843
-0.000628843
-0.000628843
-0.000628843
-0.000628843
-0.000628843
-0.000628843
-0.000628843
-0.000628843
-0.000628843
-0.000628843
-0.000628843
-0.000628843
-0.000628843
-0.000716293
-0.000716293
-0.000716293
-0.000716293
-0.000716293
-0.000716293
-0.000716293
-0.000716293
-0.000716293
-0.000716293
-0.000716293
-0.000716293
-0.000716293
-0.000716293
-0.000716293
-0.000716293
-0.000716293
-0.000716293
-0.000771664
-0.000771664
-0.000771664
-0.000771664
-0.000771664
-0.000771664
-0.000771664
-0.000771664
-0.000771664
-0.000771664
-0.000771664
-0.000771664
-0.000771664
-0.000771664
-0.000771664
-0.000771664
-0.000771664
-0.000795773
-0.000795773
-0.000795773
-0.000795773
-0.000795773
-0.000795773
-0.000795773
-0.000795773
-0.000795773
-0.000795773
-0.000795773
-0.000795773
-0.000795773
-0.000795773
-0.000795773
-0.000795773
-0.000795773
-0.000795773
-0.000795773
-0.000795773
-0.000789929
-0.000789929
-0.000789929
-0.000789929
-0.000789929
-0.000789929
-0.000789929
-0.000789929
-0.000789929
-0.000789929
-0.000789929
-0.000789929
-0.000789929
-0.000789929
-0.000789929
-0.000789929
-0.000789929
-0.000789929
-0.000795773
-0.000755767
-0.000755767
-0.000755767
-0.000755767
-0.000755767
-0.000755767
-0.000755767
-0.000755767
-0.000755767
-0.000755767
-0.000755767
-0.000755767
-0.000755767
-0.000755767
-0.000755767
-0.000755767
-0.000755767
-0.000755767
-0.000755767
-0.000755767
-0.000695033
-0.000695033
-0.000695033
-0.000695033
-0.000695033
-0.000695033
-0.000695033
-0.000695033
-0.000695033
-0.000695033
-0.000695033
-0.000695033
-0.000695033
-0.000695033
-0.000695033
-0.000695033
-0.000695033
-0.000695033
-0.000609327
-0.000609327
-0.000755767
-0.000609327
-0.000609327
-0.000609327
-0.000609327
-0.000609327
-0.000609327
-0.000609327
-0.000609327
-0.000609327
-0.000609327
-0.000609327
-0.000609327
-0.000609327
-0.000609327
-0.000609327
-0.000609327
-0.000499807
-0.000499807
-0.000499807
-0.000499807
-0.000499807
-0.000499807
-0.000499807
-0.000499807
-0.000499807
-0.000499807
-0.000499807
-0.000499807
-0.000499807
-0.000499807
-0.000499807
-0.000499807
-0.000499807
-0.000499807
-0.000499807
-0.000366822
-0.000366822
-0.000366822
-0.000366822
-0.000366822
-0.000366822
-0.000366822
-0.000366822
-0.000366822
-0.000366822
-0.000366822
-0.000366822
-0.000366822
-0.000366822
-0.000366822
-0.000366822
-0.000366822
-0.000366822
-0.000366822
-0.000209472
-0.000209472
-0.000209472
-0.000209472
-0.000209472
-0.000209472
-0.000209472
-0.000209472
-0.000209472
-0.000209472
-0.000209472
-0.000209472
-0.000209472
-0.000209472
-0.000209472
-0.000209472
-0.000209472
-0.000209472
-0.000209472
-2.5145e-05
-2.5145e-05
-2.5145e-05
-2.5145e-05
-2.5145e-05
-2.5145e-05
-2.5145e-05
-2.5145e-05
-2.5145e-05
-2.5145e-05
-2.5145e-05
-2.5145e-05
-2.5145e-05
-2.5145e-05
-2.5145e-05
-2.5145e-05
-2.5145e-05
-2.5145e-05
-2.5145e-05
0.000189876
0.000189876
0.000189876
0.000189876
0.000189876
0.000189876
0.000189876
0.000189876
0.000189876
0.000189876
0.000189876
0.000189876
0.000189876
0.000189876
0.000189876
0.000189876
0.000189876
0.000189876
0.000189876
0.000189876
0.000436989
0.000436989
0.000436989
0.000436989
0.000436989
0.000436989
0.000436989
0.000436989
0.000436989
0.000436989
0.000436989
0.000436989
0.000436989
0.000436989
0.000436989
0.000436989
0.000436989
0.000436989
0.000436989
0.000436989
0.000714642
0.000714642
0.000714642
0.000714642
0.000714642
0.000714642
0.000714642
0.000714642
0.000714642
0.000714642
0.000714642
0.000714642
0.000714642
0.000714642
0.000714642
0.000714642
0.000714642
0.000714642
0.000714642
0.000714642
0.000714642
0.0010216
0.0010216
0.0010216
0.0010216
0.0010216
0.0010216
0.0010216
0.0010216
0.0010216
0.0010216
0.0010216
0.0010216
0.0010216
0.0010216
0.0010216
0.0010216
0.0010216
0.0010216
0.0010216
0.0010216
0.0010216
0.00135823
0.00135823
0.00135823
0.00135823
0.00135823
0.00135823
0.00135823
0.00135823
0.00135823
0.00135823
0.00135823
0.00135823
0.00135823
0.00135823
0.00135823
0.00135823
0.00135823
0.00135823
0.00135823
0.00135823
0.00135823
0.00172644
0.00172644
0.00172644
0.00172644
0.00172644
0.00172644
0.00172644
0.00172644
0.00172644
0.00172644
0.00172644
0.00172644
0.00172644
0.00172644
0.00172644
0.00172644
0.00172644
0.00172644
0.00172644
0.00172644
0.00172644
0.0021294
0.0021294
0.0021294
0.0021294
0.0021294
0.0021294
0.0021294
0.0021294
0.0021294
0.0021294
0.0021294
0.0021294
0.0021294
0.0021294
0.0021294
0.0021294
0.0021294
0.0021294
0.0021294
0.0021294
0.0021294
0.00257131
0.00257131
0.00257131
0.00257131
0.00257131
0.00257131
0.00257131
0.00257131
0.00257131
0.00257131
0.00257131
0.00257131
0.00257131
0.00257131
0.00257131
0.00257131
0.00257131
0.00257131
0.00257131
0.00257131
0.00257131
0.00305707
0.00305707
0.00305707
0.00305707
0.00305707
0.00305707
0.00305707
0.00305707
0.00305707
0.00305707
0.00305707
0.00305707
0.00305707
0.00305707
0.00305707
0.00305707
0.00305707
0.00305707
0.00305707
0.00305707
0.00305707
0.00305707
0.00305707
0.0035919
0.0035919
0.0035919
0.0035919
0.0035919
0.0035919
0.0035919
0.0035919
0.0035919
0.0035919
0.0035919
0.0035919
0.0035919
0.0035919
0.0035919
0.0035919
0.0035919
0.0035919
0.0035919
0.0035919
0.0035919
0.0035919
0.0035919
0.00418084
0.00418084
0.00418084
0.00418084
0.00418084
0.00418084
0.00418084
0.00418084
0.00418084
0.00418084
0.00418084
0.00418084
0.00418084
0.00418084
0.00418084
0.00418084
0.00418084
0.00418084
0.00418084
0.00418084
0.00418084
0.00418084
0.00418084
0.00418084
0.0048282
0.0048282
0.0048282
0.0048282
0.0048282
0.0048282
0.0048282
0.0048282
0.0048282
0.0048282
0.0048282
0.0048282
0.0048282
0.0048282
0.0048282
0.0048282
0.0048282
0.0048282
0.0048282
0.0048282
0.0048282
0.0048282
0.0048282
0.0048282
0.0048282
0.00553688
0.00553688
0.00553688
0.00553688
0.00553688
0.00553688
0.00553688
0.00553688
0.00553688
0.00553688
0.00553688
0.00553688
0.00553688
0.00553688
0.00553688
0.00553688
0.00553688
0.00553688
0.00553688
0.00553688
0.00553688
0.00553688
0.00553688
0.00553688
0.00553688
0.00630777
0.00630777
0.00630777
0.00630777
0.00630777
0.00630777
0.00630777
0.00630777
0.00630777
0.00630777
0.00630777
0.00630777
0.00630777
0.00630777
0.00630777
0.00630777
0.00630777
0.00630777
0.00630777
0.00630777
0.00630777
0.00630777
0.00630777
0.00630777
0.00714103
0.00714103
0.00714103
0.00714103
0.00714103
0.00714103
0.00714103
0.00714103
0.00714103
0.00714103
0.00714103
0.00714103
0.00714103
0.00714103
0.00714103
0.00714103
0.00714103
0.00714103
0.00714103
0.00714103
0.00714103
0.00714103
0.00714103
0.00714103
0.00714103
0.00714103
0.00803852
0.00803852
0.00803852
0.00803852
0.00803852
0.00803852
0.00803852
0.00803852
0.00803852
0.00803852
0.00803852
0.00803852
0.00803852
0.00803852
0.00803852
0.00803852
0.00803852
0.00803852
0.00803852
0.00803852
0.00803852
0.00803852
0.00803852
0.00803852
0.00803852
0.00803852
0.00900366
0.00900366
0.00900366
0.00900366
0.00900366
0.00900366
0.00900366
0.00900366
0.00900366
0.00900366
0.00900366
0.00900366
0.00900366
0.00900366
0.00900366
0.00900366
0.00900366
0.00900366
0.00900366
0.00900366
0.00900366
0.00900366
0.00900366
0.00900366
0.00900366
0.00900366
0.0100403
0.0100403
0.0100403
0.0100403
0.0100403
0.0100403
0.0100403
0.0100403
0.0100403
0.0100403
0.0100403
0.0100403
0.0100403
0.0100403
0.0100403
0.0100403
0.0100403
0.0100403
0.0100403
0.0100403
0.0100403
0.0100403
0.0100403
0.0100403
0.0100403
0.0100403
0.0100403
0.0111522
0.0111522
0.0111522
0.0111522
0.0111522
0.0111522
0.0111522
0.0111522
0.0111522
0.0111522
0.0111522
0.0111522
0.0111522
0.0111522
0.0111522
0.0111522
0.0111522
0.0111522
0.0111522
0.0111522
0.0111522
0.0111522
0.0111522
0.0111522
0.0111522
0.0111522
0.0111522
0.0111522
0.0111522
0.0123435
0.0123435
0.0123435
0.0123435
0.0123435
0.0123435
0.0123435
0.0123435
0.0123435
0.0123435
0.0123435
0.0123435
0.0123435
0.0123435
0.0123435
0.0123435
0.0123435
0.0123435
0.0123435
0.0123435
0.0123435
0.0123435
0.0123435
0.0123435
0.0123435
0.0123435
0.0123435
0.0123435
0.0123435
0.0136178
0.0136178
0.0136178
0.0136178
0.0136178
0.0136178
0.0136178
0.0136178
0.0136178
0.0136178
0.0136178
0.0136178
0.0136178
0.0136178
0.0136178
0.0136178
0.0136178
0.0136178
0.0136178
0.0136178
0.0136178
0.0136178
0.0136178
0.0136178
0.0136178
0.0136178
0.0136178
0.0136178
0.0136178
0.0149789
0.0149789
0.0149789
0.0149789
0.0149789
0.0149789
0.0149789
0.0149789
0.0149789
0.0149789
0.0149789
0.0149789
0.0149789
0.0149789
0.0149789
0.0149789
0.0149789
0.0149789
0.0149789
0.0149789
0.0149789
0.0149789
0.0149789
0.0149789
0.0149789
0.0149789
0.0149789
0.0149789
0.0164298
0.0164298
0.0164298
0.0164298
0.0164298
0.0164298
0.0164298
0.0164298
0.0164298
0.0164298
0.0164298
0.0164298
0.0164298
0.0164298
0.0164298
0.0164298
0.0164298
0.0164298
0.0164298
0.0164298
0.0164298
0.0164298
0.0164298
0.0164298
0.0164298
0.0164298
0.0164298
0.0164298
0.0179733
0.0179733
0.0179733
0.0179733
0.0179733
0.0179733
0.0179733
0.0179733
0.0179733
0.0179733
0.0179733
0.0179733
0.0179733
0.0179733
0.0179733
0.0179733
0.0179733
0.0179733
0.0179733
0.0179733
0.0179733
0.0179733
0.0179733
0.0179733
0.0179733
0.0179733
0.0179733
0.0196122
0.0196122
0.0196122
0.0196122
0.0196122
0.0196122
0.0196122
0.0196122
0.0196122
0.0196122
0.0196122
0.0196122
0.0196122
0.0196122
0.0196122
0.0196122
0.0196122
0.0196122
0.0196122
0.0196122
0.0196122
0.0196122
0.0196122
0.0196122
0.0196122
0.0196122
0.0196122
0.0213511
0.0213511
0.0213511
0.0213511
0.0213511
0.0213511
0.0213511
0.0213511
0.0213511
0.0213511
0.0213511
0.0213511
0.0213511
0.0213511
0.0213511
0.0213511
0.0213511
0.0213511
0.0213511
0.0213511
0.0213511
0.0213511
0.0213511
0.0213511
0.0213511
0.0213511
0.0231955
0.0231955
0.0231955
0.0231955
0.0231955
0.0231955
0.0231955
0.0231955
0.0231955
0.0231955
0.0231955
0.0231955
0.0231955
0.0231955
0.0231955
0.0231955
0.0231955
0.0231955
0.0231955
0.0231955
0.0231955
0.0231955
0.0231955
0.0231955
0.0231955
0.0231955
0.0231955
0.0231955
0.0231955
0.0251496
0.0251496
0.0251496
0.0251496
0.0251496
0.0251496
0.0251496
0.0251496
0.0251496
0.0251496
0.0251496
0.0251496
0.0251496
0.0251496
0.0251496
0.0251496
0.0251496
0.0251496
0.0251496
0.0251496
0.0251496
0.0251496
0.0251496
0.0251496
0.0251496
0.0251496
0.0251496
0.0272161
0.0272161
0.0272161
0.0272161
0.0272161
0.0272161
0.0272161
0.0272161
0.0272161
0.0272161
0.0272161
0.0272161
0.0272161
0.0272161
0.0272161
0.0272161
0.0272161
0.0272161
0.0272161
0.0272161
0.0272161
0.0272161
0.0272161
0.0272161
0.0272161
0.0272161
0.0293968
0.0293968
0.0293968
0.0293968
0.0293968
0.0293968
0.0293968
0.0293968
0.0293968
0.0293968
0.0293968
0.0293968
0.0293968
0.0293968
0.0293968
0.0293968
0.0293968
0.0293968
0.0293968
0.0293968
0.0293968
0.0293968
0.0293968
0.0293968
0.0293968
0.0293968
0.0316931
0.0316931
0.0316931
0.0316931
0.0316931
0.0316931
0.0316931
0.0316931
0.0316931
0.0316931
0.0316931
0.0316931
0.0316931
0.0316931
0.0316931
0.0316931
0.0316931
0.0316931
0.0316931
0.0316931
0.0316931
0.0316931
0.0316931
0.0316931
0.0316931
0.034107
0.034107
0.034107
0.034107
0.034107
0.034107
0.034107
0.034107
0.034107
0.034107
0.034107
0.034107
0.034107
0.034107
0.034107
0.034107
0.034107
0.034107
0.034107
0.034107
0.034107
0.034107
0.034107
0.034107
0.034107
0.034107
0.034107
0.034107
0.036642
0.036642
0.036642
0.036642
0.036642
0.036642
0.036642
0.036642
0.036642
0.036642
0.036642
0.036642
0.036642
0.036642
0.036642
0.036642
0.036642
0.036642
0.036642
0.036642
0.036642
0.036642
0.036642
0.0393027
0.0393027
0.0393027
0.0393027
0.0393027
0.0393027
0.0393027
0.0393027
0.0393027
0.0393027
0.0393027
0.0393027
0.0393027
0.0393027
0.0393027
0.0393027
0.0393027
0.0393027
0.0393027
0.0393027
0.051085
0.0543471
0.0543471
0.051085
0.0543471
0.0543172
0.0543172
0.0543172
0.0542848
0.0542848
0.0542848
0.0542848
0.0542848
0.0542497
0.0577316
0.0577316
0.0577316
0.0576913
0.0576913
0.0576477
0.0576477
0.0612833
0.0612833
0.0612333
0.0901434
0.0901434
0.117213
0.117213
0.116966
0.117213
0.117213
0.116966
0.116966
0.116966
0.116966
0.123043
0.123043
0.123043
0.129626
0.129356
0.129356
0.129356
0.135905
0.142978
0.142677
0.149966
0.186828
0.186828
0.273019
0.273019
0.264887
0.264887
0.273019
0.273019
0.273019
0.273019
0.281153
0.281153
0.281153
0.288748
0.288748
0.288748
0.296893
0.337013
0.337013
0.345141
0.353257
0.249161
0.241074
0.361358
0.353257
0.345141
0.345141
0.345141
0.345141
0.345141
0.345141
0.345141
0.345141
0.345141
0.353257
0.353257
0.353257
0.361358
0.36944
0.36944
0.376869
0.194227
0.289286
0.289286
