-4.98344
-4.98343
-4.98336
-4.98345
-4.98345
-4.98338
-4.9834
-4.98338
-4.98345
-4.98337
-4.98335
-4.98344
-4.98341
-4.98342
-4.98336
-4.9834
-4.9834
-4.98344
-4.98336
-4.98345
-4.98344
-4.98339
-4.98336
-4.9834
-4.98337
-4.9834
-4.98339
-4.9834
-4.98336
-4.98343
-4.98342
-4.98338
-4.98342
-4.98338
-4.98344
-4.98335
-4.98341
-4.9834
-4.98343
-4.98339
-4.9834
-4.98336
-4.98341
-4.98343
-4.98344
-4.9834
-4.98343
-4.98336
-4.98337
-4.98339
-4.98338
-4.98342
-4.98341
-4.98338
-4.98338
-4.9834
-4.9834
-4.98336
-4.98344
-4.98341
-4.98341
-4.98343
-4.98339
-4.98338
-4.98338
-4.98337
-4.98339
-4.98341
-4.98342
-4.98337
-4.98345
-4.98337
-4.98343
-4.98342
-4.98339
-4.98337
-4.98339
-4.98344
-4.98339
-4.98343
-4.98339
-4.9834
-4.98341
-4.98341
-4.98344
-4.98338
-4.98336
-4.9834
-4.98339
-4.98342
-4.98345
-4.98336
-4.98337
-4.98345
-4.98341
-4.98338
-4.98345
-4.98336
-4.98345
-4.9834
-4.98339
-4.98342
-4.98342
-4.98337
-4.98343
-4.9834
-4.98344
-4.98339
-4.98335
-4.98345
-4.98338
-4.98344
-4.98339
-4.98335
-4.98342
-4.98336
-4.9834
-4.98343
-4.98343
-4.98338
-4.98335
-4.98337
-4.98337
-4.98338
-4.98343
-4.98341
-4.98343
-4.98338
-4.98339
-4.98338
-4.9834
-4.98335
-4.98338
-4.98336
-4.98344
-4.98344
-4.98342
-4.98337
-4.98336
-4.9834
-4.98341
-4.98343
-4.98336
-4.98341
-4.98337
-4.98338
-4.98344
-4.98339
-4.9834
-4.98342
-4.98345
-4.9834
-4.98344
-4.98342
-4.98343
-4.98335
-4.98345
-4.98342
-4.98341
-4.98336
-4.98339
-4.98337
-4.98336
-4.98342
-4.98345
-4.98338
-4.98343
-4.98344
-4.98339
-4.98337
-4.98336
-4.98337
-4.9834
-4.98339
-4.98338
-4.98338
-4.98341
-4.98345
-4.98345
-4.9834
-4.98337
-4.98338
-4.98338
-4.98342
-4.98343
-4.98336
-4.98343
-4.98339
-4.98336
-4.98344
-4.98344
-4.98342
-4.98342
-4.98343
-4.9834
-4.98343
-4.98341
-4.98339
-4.98336
-4.98343
-4.9834
-4.98339
-4.98336
-4.98336
-4.98338
-4.98336
-4.98341
-4.98337
-4.98336
-4.98341
-4.98344
-4.98343
-4.98338
-4.98337
-4.9834
-4.98336
-4.98344
-4.98335
-4.98343
-4.98339
-4.98339
-4.98335
-4.98337
-4.9834
-4.98337
-4.98342
-4.98338
-4.98339
-4.9834
-4.98337
-4.9834
-4.98338
-4.98342
-4.98338
-4.98341
-4.98339
-4.98342
-4.98339
-4.98336
-4.98339
-4.98344
-4.98338
-4.98343
-4.98338
-4.98338
-4.9834
-4.98341
-4.98344
-4.98342
-4.98336
-4.98339
-4.98343
-4.98339
-4.98336
-4.98338
-4.98345
-4.98338
-4.98342
-4.98336
-4.98338
-4.98341
-4.98342
-4.9834
-4.98343
-4.98335
-4.98344
-4.9834
-4.98338
-4.98337
-4.98339
-4.98344
-4.98338
-4.98343
-4.98338
-4.98342
-4.98337
-4.98343
-4.98338
-4.98337
-4.98336
-4.98337
-4.98341
-4.98339
-4.98343
-4.98345
-4.98338
-4.98342
-4.98341
-4.98344
-4.98341
-4.98337
-4.98341
-4.98336
-4.98337
-4.98342
-4.98344
-4.98338
-4.98343
-4.98336
-4.98336
-4.98344
-4.98339
-4.98337
-4.98335
-4.98343
-4.98343
-4.98336
-4.98336
-4.98339
-4.98345
-4.98339
-4.98344
-4.98336
-4.98342
-4.98335
-4.98341
-4.9834
-4.9834
-4.98336
-4.98338
-4.98345
-4.98342
-4.98338
-4.98345
-4.9834
-4.98344
-4.98344
-4.98335
-4.98342
-4.9834
-4.9834
-4.98337
-4.9834
-4.98338
-4.98342
-4.98341
-4.98339
-4.98345
-4.98343
-4.98338
-4.98344
-4.98342
-4.9834
-4.98344
-4.98344
-4.98336
-4.9834
-4.98338
-4.98343
-4.98339
-4.98336
-4.98341
-4.98337
-4.98338
-4.98336
-4.98343
-4.9834
-4.98344
-4.98338
-4.98343
-4.98344
-4.98343
-4.98336
-4.9834
-4.9834
-4.98343
-4.98335
-4.98336
-4.98337
-4.9834
-4.98337
-4.98337
-4.98343
-4.98343
-4.98343
-4.98342
-4.98342
-4.98345
-4.9834
-4.98338
-4.98344
-4.98343
-4.98335
-4.98342
-4.9834
-4.98339
-4.98337
-4.98341
-4.98337
-4.98344
-4.98336
-4.98335
-4.98343
-4.98345
-4.98343
-4.9834
-4.98338
-4.98335
-4.98338
-4.98343
-4.98336
-4.98336
-4.98342
-4.98342
-4.98338
-4.9834
-4.98337
-4.98338
-4.98342
-4.98335
-4.98335
-4.98337
-4.98344
-4.98341
-4.98339
-4.98345
-4.98339
-4.98343
-4.98343
-4.98344
-4.9834
-4.98341
-4.98341
-4.98339
-4.9834
-4.98343
-4.98343
-4.98337
-4.9834
-4.98341
-4.98336
-4.98341
-4.98345
-4.98335
-4.98337
-4.98335
-4.98344
-4.98343
-4.98343
-4.98344
-4.9834
-4.98339
-4.98337
-4.98339
-4.98341
-4.98337
-4.9834
-4.9834
-4.98339
-4.98338
-4.98345
-4.98343
-4.98338
-4.98336
-4.98338
-4.9834
-4.98335
-4.98341
-4.9834
-4.98338
-4.98343
-4.98344
-4.98336
-4.98341
-4.98343
-4.98335
-4.98338
-4.98341
-4.98343
-4.98335
-4.98338
-4.98339
-4.98345
-4.98338
-4.98338
-4.98339
-4.98343
-4.98335
-4.98343
-4.98343
-4.98337
-4.9834
-4.98341
-4.98341
-4.98339
-4.98344
-4.9834
-4.98336
-4.98338
-4.98343
-4.98338
-4.98343
-4.98336
-4.9834
-4.98343
-4.98344
-4.98339
-4.98343
-4.98343
-4.98341
-4.98344
-4.98342
-4.98338
-4.98339
-4.9834
-4.98345
-4.98339
-4.98338
-4.9834
-4.98338
-4.98345
-4.98341
-4.98345
-4.98336
-4.98342
-4.98341
-4.98339
-4.98338
-4.98344
-4.9834
-4.9834
-4.98338
-4.98341
-4.98342
-4.9834
-4.98343
-4.98342
-4.98339
-4.98344
-4.98336
-4.98342
-4.98337
-4.98345
-4.98342
-4.98337
-4.98344
-4.98344
-4.98339
-4.98341
-4.98339
-4.98339
-4.98343
-4.98338
-4.98343
-4.98343
-4.98342
-4.98338
-4.98337
-4.98343
-4.98345
-4.98335
-4.98336
-4.98343
-4.9834
-4.98336
-4.98342
-4.98345
-4.98339
-4.98342
-4.98338
-4.98337
-4.98342
-4.98343
-4.9834
-4.98335
-4.98343
-4.98336
-4.98343
-4.98337
-4.98344
-4.98338
-4.9834
-4.98342
-4.98335
-4.9834
-4.98338
-4.98335
-4.98344
-4.98341
-4.98344
-4.98338
-4.98339
-4.98344
-4.98343
-4.98344
-4.98338
-4.98336
-4.9834
-4.98344
-4.98344
-4.98342
-4.98343
-4.98339
-4.98342
-4.98336
-4.98337
-4.98337
-4.98338
-4.98343
-4.98338
-4.98344
-4.98345
-4.98342
-4.9834
-4.98344
-4.98337
-4.98343
-4.98338
-4.98344
-4.98336
-4.98343
-4.98337
-4.98343
-4.98336
-4.98336
-4.98342
-4.98343
-4.98339
-4.98337
-4.98344
-4.98341
-4.98337
-4.98341
-4.98339
-4.98337
-4.98344
-4.98342
-4.98338
-4.98344
-4.98335
-4.98345
-4.98341
-4.98337
-4.98337
-4.98341
-4.98336
-4.98344
-4.9834
-4.98342
-4.98345
-4.9834
-4.98341
-4.98338
-4.9834
-4.9834
-4.98344
-4.98339
-4.98339
-4.98338
-4.98338
-4.98344
-4.98343
-4.98339
-4.98338
-4.98345
-4.98345
-4.98339
-4.98337
-4.98342
-4.98339
-4.98341
-4.98335
-4.98344
-4.98344
-4.98338
-4.98335
-4.98343
-4.98339
-4.98341
-4.9834
-4.98335
-4.98336
-4.98336
-4.98345
-4.98339
-4.98336
-4.98336
-4.98344
-4.98336
-4.9834
-4.9834
-4.98339
-4.98337
-4.98345
-4.9834
-4.98345
-4.98338
-4.98343
-4.98344
-4.98343
-4.98344
-4.9834
-4.98342
-4.9834
-4.98341
-4.98344
-4.98336
-4.98345
-4.98342
-4.98345
-4.98339
-4.98339
-4.9834
-4.98344
-4.98335
-4.98344
-4.98339
-4.98343
-4.98344
-4.98338
-4.98336
-4.98343
-4.98338
-4.98344
-4.98336
-4.98342
-4.98342
-4.98336
-4.98337
-4.98336
-4.98336
-4.98336
-4.9834
-4.98343
-4.98335
-4.98338
-4.98341
-4.98341
-4.98341
-4.98339
-4.98341
-4.98341
-4.9834
-4.9834
-4.98341
-4.98343
-4.98343
-4.98338
-4.98337
-4.98338
-4.98337
-4.98343
-4.98337
-4.98343
-4.98338
-4.98336
-4.98336
-4.9834
-4.98339
-4.98338
-4.98345
-4.98335
-4.98341
-4.98342
-4.98339
-4.98343
-4.98339
-4.98341
-4.98338
-4.98337
-4.98338
-4.98335
-4.98345
-4.98342
-4.98342
-4.98337
-4.98345
-4.98341
-4.98339
-4.9834
-4.98336
-4.98336
-4.98345
-4.98344
-4.98337
-4.98335
-4.98343
-4.98344
-4.98336
-4.98341
-4.98338
-4.98339
-4.98338
-4.98336
-4.9834
-4.9834
-4.98341
-4.98337
-4.98344
-4.98338
-4.98344
-4.98341
-4.98344
-4.98341
-4.98343
-4.98341
-4.98344
-4.98343
-4.98337
-4.98339
-4.98341
-4.98336
-4.98335
-4.98337
-4.98336
-4.98345
-4.98339
-4.98342
-4.98344
-4.98342
-4.98339
-4.98337
-4.98341
-4.9834
-4.98338
-4.98338
-4.98337
-4.98338
-4.98343
-4.98345
-4.98344
-4.9834
-4.98345
-4.98339
-4.98341
-4.9834
-4.98344
-4.98339
-4.98344
-4.98336
-4.98337
-4.98343
-4.98339
-4.98336
-4.98343
-4.98344
-4.98337
-4.98345
-4.98339
-4.98342
-4.98339
-4.98337
-4.98335
-4.98335
-4.98336
-4.9834
-4.98337
-4.9834
-4.98338
-4.98337
-4.98336
-4.98342
-4.98344
-4.98342
-4.98337
-4.98339
-4.98335
-4.98336
-4.98339
-4.98339
-4.9834
-4.98344
-4.98338
-4.9834
-4.98336
-4.98345
-4.98344
-4.9834
-4.9834
-4.98343
-4.98341
-4.98343
-4.98341
-4.98341
-4.98342
-4.9834
-4.98344
-4.98342
-4.98336
-4.98343
-4.98337
-4.98338
-4.98339
-4.98338
-4.98343
-4.98341
-4.98341
-4.98336
-4.98344
-4.98341
-4.98338
-4.98336
-4.98336
-4.98336
-4.98342
-4.98342
-4.98336
-4.9834
-4.9834
-4.98337
-4.98339
-4.98344
-4.98337
-4.98342
-4.98337
-4.98336
-4.98342
-4.98343
-4.98338
-4.98339
-4.98341
-4.98335
-4.98337
-4.98336
-4.98345
-4.98345
-4.98338
-4.98342
-4.98344
-4.98335
-4.98338
-4.98336
-4.98343
-4.9834
-4.98344
-4.98345
-4.98343
-4.9834
-4.9834
-4.98336
-4.98342
-4.9834
-4.98337
-4.98336
-4.98336
-4.98343
-4.98341
-4.98342
-4.98337
-4.98339
-4.98344
-4.98338
-4.98338
-4.98342
-4.9834
-4.98341
-4.98337
-4.98342
-4.98344
-4.98337
-4.98341
-4.98336
-4.98344
-4.98343
-4.98344
-4.98336
-4.98344
-4.98336
-4.98341
-4.98345
-4.98344
-4.98337
-4.98339
-4.98345
-4.98336
-4.9834
-4.98345
-4.98343
-4.98345
-4.98341
-4.98343
-4.9834
-4.98342
-4.98337
-4.98341
-4.98343
-4.98342
-4.9834
-4.98337
-4.98339
-4.98341
-4.98342
-4.98335
-4.98337
-4.98338
-4.98335
-4.9834
-4.98339
-4.98337
-4.9834
-4.98342
-4.98343
-4.98335
-4.98335
-4.98342
-4.98344
-4.98337
-4.98335
-4.98339
-4.98342
-4.98339
-4.98344
-4.98343
-4.98342
-4.9834
-4.98343
-4.98338
-4.98337
-4.98341
-4.98344
-4.98341
-4.98342
-4.9834
-4.9834
-4.98336
-4.98342
-4.98339
-4.98343
-4.98337
-4.98345
-4.98336
-4.98345
-4.9834
-4.98337
-4.98342
-4.98338
-4.9834
-4.98337
-4.98343
-4.98342
-4.98335
-4.98337
-4.98341
-4.98341
-4.98339
-4.98341
-4.98341
-4.98337
-4.98339
-4.98335
-4.98337
-4.98342
-4.98335
-4.98338
-4.98343
-4.98341
-4.98336
-4.9834
-4.98338
-4.98336
-4.9834
-4.98344
-4.98343
-4.98336
-4.98338
-4.98338
-4.98344
-4.98337
-4.98341
-4.98335
-4.98343
-4.98335
-4.98343
-4.98337
-4.9834
-4.98341
-4.98341
-4.98339
-4.98337
-4.98341
-4.98344
-4.98339
-4.98344
-4.98339
-4.98339
-4.98343
-4.98337
-4.98337
-4.98344
-4.9834
-4.98341
-4.98336
-4.9834
-4.98345
-4.98338
-4.98338
-4.9834
-4.98342
-4.98339
-4.98343
-4.98341
-4.98344
-4.98341
-4.98336
-4.98342
-4.98335
-4.98338
-4.98341
-4.98339
-4.98341
-4.98338
-4.98338
-4.98336
-4.98336
-4.9834
-4.9834
-4.98339
-4.98342
-4.98343
-4.98337
-4.98344
-4.98339
-4.98335
-4.98341
-4.98342
-4.98336
-4.98341
-4.98344
-4.98336
-4.98345
-4.98341
-4.98341
-4.98342
-4.98337
-4.98344
-4.98335
-4.98339
-4.98336
-4.98338
-4.98337
-4.9834
-4.98336
-4.98337
-4.98336
-4.98338
-4.98339
-4.98339
-4.98337
-4.98335
-4.98337
-4.98338
-4.98341
-4.98343
-4.98342
-4.98337
-4.98343
-4.98339
-4.98336
-4.98343
-4.98342
-4.98337
-4.98339
-4.9834
-4.98335
-4.98344
-4.98339
-4.98344
-4.98341
-4.98345
-4.98345
-4.98344
-4.98338
-4.98335
-4.98338
-4.98343
-4.98336
-4.98336
-4.98345
-4.98337
-4.98343
-4.98343
-4.9834
-4.98337
-4.98339
-4.98336
-4.98338
-4.98335
-4.9834
-4.98338
-4.98341
-4.98337
-4.98339
-4.98339
-4.9834
-4.98343
-4.98341
-4.9834
-4.98339
-4.9834
-4.98342
-4.98337
-4.9834
-4.98339
-4.98343
-4.98336
-4.98339
-4.98338
-4.9834
-4.98339
-4.98339
-4.98343
-4.98337
-4.98342
-4.98344
-4.98338
-4.98335
-4.98344
-4.98341
-4.98342
-4.98343
-4.98339
-4.98344
-4.98339
-4.98342
-4.98336
-4.98336
-4.98344
-4.98341
-4.98339
-4.98335
-4.98343
-4.98344
-4.98343
-4.98339
-4.98341
-4.98338
-4.98336
-4.98341
-4.9834
-4.98335
-4.98344
-4.98342
-4.9834
-4.98342
-4.98339
-4.98343
-4.98337
-4.98343
-4.98338
-4.98339
-4.98342
-4.98341
-4.98336
-4.98336
-4.98337
-4.98336
-4.98336
-4.98342
-4.98341
-4.9834
-4.98336
-4.98341
-4.98343
-4.98337
-4.98342
-4.98343
-4.98339
-4.98338
-4.98343
-4.9834
-4.9834
-4.98343
-4.98336
-4.98344
-4.98342
-4.98343
-4.98345
-4.98337
-4.98337
-4.98339
-4.98344
-4.98339
-4.98337
-4.98339
-4.98339
-4.98343
-4.98342
-4.98341
-4.98337
-4.98342
-4.98335
-4.98337
-4.98336
-4.98336
-4.98339
-4.98344
-4.98343
-4.98336
-4.98341
-4.98342
-4.98341
-4.98345
-4.98335
-4.98344
-4.98345
-4.98338
-4.98341
-4.98336
-4.98345
-4.98341
-4.98344
-4.98343
-4.98336
-4.98339
-4.98336
-4.98338
-4.98336
-4.98344
-4.98335
-4.98337
-4.98336
-4.98338
-4.98344
-4.98338
-4.98341
-4.98336
-4.98341
-4.9834
-4.98336
-4.98338
-4.98337
-4.98344
-4.98344
-4.98337
-4.9834
-4.98341
-4.98344
-4.98336
-4.98337
-4.98337
-4.98343
-4.98342
-4.98344
-4.98341
-4.98337
-4.98339
-4.9834
-4.98344
-4.98341
-4.98342
-4.98338
-4.98337
-4.98342
-4.98342
-4.98343
-4.98342
-4.98339
-4.9834
-4.98344
-4.98337
-4.98337
-4.9834
-4.98338
-4.98343
-4.98343
-4.98345
-4.98336
-4.98339
-4.98343
-4.98345
-4.9834
-4.98338
-4.9834
-4.98337
-4.98342
-4.98336
-4.98335
-4.98336
-4.98345
-4.98341
-4.98343
-4.98344
-4.98335
-4.98343
-4.98344
-4.9834
-4.98339
-4.98338
-4.98336
-4.98337
-4.98336
-4.98339
-4.98336
-4.98338
-4.98345
-4.98336
-4.98338
-4.98337
-4.98338
-4.98335
-4.98335
-4.9834
-4.98337
-4.98344
-4.98341
-4.9834
-4.98339
-4.98338
-4.98339
-4.98339
-4.9834
-4.98337
-4.98339
-4.98343
-4.98338
-4.98342
-4.9834
-4.98344
-4.98338
-4.98341
-4.98339
-4.98344
-4.98339
-4.98337
-4.98343
-4.98338
-4.98342
-4.98336
-4.98335
-4.98342
-4.98338
-4.98338
-4.98342
-4.98337
-4.9834
-4.98344
-4.98335
-4.98343
-4.98336
-4.98337
-4.98335
-4.98339
-4.98341
-4.98341
-4.98343
-4.98335
-4.98344
-4.98337
-4.98337
-4.9834
-4.98338
-4.98341
-4.9834
-4.98339
-4.98342
-4.98341
-4.98337
-4.98341
-4.98336
-4.9834
-4.9834
-4.98337
-4.98335
-4.98343
-4.98343
-4.98341
-4.98345
-4.98339
-4.98344
-4.98337
-4.98336
-4.98338
-4.98343
-4.98336
-4.98345
-4.98341
-4.98341
-4.98343
-4.9834
-4.98344
-4.98341
-4.98339
-4.98338
-4.98336
-4.98341
-4.9834
-4.98336
-4.9834
-4.98343
-4.98338
-4.98339
-4.98342
-4.98342
-4.98343
-4.98343
-4.98344
-4.98341
-4.98337
-4.98342
-4.98341
-4.98336
-4.98338
-4.9834
-4.98339
-4.98339
-4.98337
-4.98343
-4.98343
-4.98342
-4.98337
-4.98335
-4.98336
-4.9834
-4.98336
-4.9834
-4.98344
-4.98335
-4.98336
-4.98339
-4.98343
-4.98336
-4.98335
-4.98339
-4.98342
-4.98336
-4.98336
-4.98339
-4.9834
-4.9834
-4.98342
-4.98344
-4.98345
-4.98338
-4.98336
-4.98344
-4.98335
-4.9834
-4.98343
-4.98338
-4.9834
-4.98336
-4.98335
-4.9834
-4.98339
-4.98344
-4.98342
-4.98341
-4.98344
-4.98335
-4.98341
-4.98339
-4.98337
-4.98341
-4.98343
-4.9834
-4.9834
-4.98344
-4.98338
-4.98343
-4.9834
-4.98336
-4.98339
-4.98336
-4.98335
-4.98339
-4.98341
-4.9834
-4.98342
-4.98337
-4.98345
-4.98341
-4.98337
-4.98341
-4.9834
-4.98337
-4.98343
-4.98344
-4.98341
-4.98342
-4.98335
-4.98335
-4.9834
-4.98342
-4.98339
-4.9834
-4.98339
-4.98336
-4.98338
-4.98336
-4.98336
-4.98336
-4.98341
-4.98345
-4.98339
-4.98343
-4.98337
-4.98335
-4.98336
-4.98337
-4.98337
-4.98343
-4.98335
-4.98336
-4.98336
-4.98337
-4.98338
-4.98341
-4.98339
-4.98343
-4.98344
-4.98345
-4.98343
-4.98338
-4.98338
-4.98343
-4.98342
-4.98342
-4.98343
-4.9834
-4.98337
-4.98337
-4.98335
-4.98337
-4.98339
-4.98343
-4.98337
-4.98336
-4.98339
-4.98337
-4.98343
-4.98339
-4.98341
-4.9834
-4.98345
-4.98344
-4.98342
-4.98337
-4.98335
-4.98337
-4.9834
-4.98343
-4.98338
-4.9834
-4.9834
-4.98337
-4.9834
-4.98343
-4.98343
-4.98344
-4.98336
-4.98335
-4.98338
-4.98342
-4.98341
-4.9834
-4.98344
-4.98341
-4.98345
-4.98343
-4.9834
-4.98336
-4.98336
-4.9834
-4.98336
-4.98337
-4.98341
-4.9834
-4.98343
-4.98337
-4.98344
-4.9834
-4.98336
-4.98341
-4.98336
-4.98338
-4.98337
-4.98343
-4.98338
-4.98343
-4.98339
-4.9834
-4.98336
-4.98338
-4.98338
-4.98338
-4.98339
-4.98339
-4.98341
-4.98339
-4.98339
-4.98343
-4.98339
-4.98342
-4.98337
-4.9834
-4.98336
-4.98335
-4.98337
-4.98344
-4.98336
-4.98345
-4.98343
-4.98343
-4.98336
-4.98343
-4.98344
-4.98344
-4.98338
-4.9834
-4.98337
-4.98344
-4.98336
-4.98337
-4.98337
-4.98337
-4.98337
-4.98336
-4.98337
-4.9834
-4.98344
-4.98341
-4.98335
-4.98337
-4.98337
-4.98344
-4.98344
-4.98336
-4.98336
-4.98337
-4.98344
-4.98343
-4.98342
-4.98342
-4.98345
-4.98344
-4.98342
-4.98336
-4.98338
-4.98341
-4.98343
-4.9834
-4.98335
-4.98338
-4.98344
-4.98343
-4.98339
-4.98341
-4.98344
-4.9834
-4.98345
-4.98344
-4.98338
-4.98335
-4.98343
-4.98339
-4.98342
-4.98343
-4.98336
-4.98337
-4.98343
-4.98339
-4.98339
-4.98343
-4.9834
-4.98341
-4.98343
-4.98335
-4.98335
-4.9834
-4.98343
-4.98341
-4.98343
-4.98338
-4.98336
-4.98338
-4.98343
-4.98337
-4.98344
-4.98341
-4.98344
-4.98336
-4.98344
-4.98335
-4.98336
-4.98343
-4.98341
-4.98344
-4.98339
-4.98344
-4.9834
-4.98339
-4.98343
-4.98342
-4.98345
-4.9834
-4.98336
-4.98343
-4.98343
-4.98336
-4.98343
-4.98341
-4.98344
-4.98339
-4.98345
-4.9834
-4.98337
-4.9834
-4.98341
-4.98339
-4.98339
-4.98338
-4.9834
-4.98341
-4.98339
-4.98336
-4.98336
-4.98339
-4.9834
-4.98341
-4.98336
-4.98335
-4.98336
-4.98336
-4.98338
-4.98344
-4.98341
-4.9834
-4.98342
-4.98339
-4.98345
-4.98338
-4.98343
-4.98339
-4.98338
-4.98341
-4.98344
-4.98337
-4.98339
-4.98337
-4.98344
-4.98337
-4.98338
-4.98338
-4.98336
-4.98339
-4.98338
-4.98343
-4.98345
-4.98337
-4.98339
-4.9834
-4.98335
-4.98342
-4.9834
-4.98341
-4.98342
-4.98345
-4.98342
-4.98343
-4.98339
-4.98338
-4.98336
-4.98341
-4.98344
-4.98335
-4.98342
-4.9834
-4.98342
-4.98338
-4.98344
-4.9834
-4.98337
-4.98336
-4.98337
-4.98338
-4.98336
-4.98342
-4.98339
-4.98344
-4.98342
-4.98338
-4.98338
-4.98335
-4.98335
-4.98345
-4.98337
-4.98336
-4.98341
-4.98337
-4.98336
-4.98342
-4.98342
-4.98339
-4.98339
-4.98335
-4.9834
-4.9834
-4.98338
-4.98335
-4.98339
-4.98344
-4.98341
-4.98336
-4.98342
-4.9834
-4.98344
-4.98337
-4.98336
-4.98341
-4.98344
-4.98337
-4.98336
-4.98344
-4.98341
-4.98336
-4.98338
-4.98343
-4.98337
-4.98338
-4.98337
-4.9834
-4.98336
-4.98337
-4.98339
-4.98345
-4.98335
-4.98337
-4.98343
-4.98342
-4.9834
-4.98342
-4.98336
-4.98338
-4.98335
-4.98338
-4.98341
-4.98341
-4.98339
-4.98342
-4.98344
-4.98343
-4.9834
-4.98345
-4.98339
-4.98335
-4.98335
-4.98342
-4.98341
-4.98342
-4.98345
-4.98335
-4.98343
-4.9834
-4.98341
-4.98342
-4.98345
-4.98339
-4.98335
-4.98339
-4.98339
-4.98345
-4.98345
-4.98343
-4.98335
-4.98342
-4.98343
-4.98336
-4.98339
-4.98337
-4.98343
-4.9834
-4.98337
-4.98341
-4.98336
-4.98339
-4.98337
-4.9834
-4.98341
-4.9834
-4.98337
-4.98338
-4.98345
-4.98338
-4.98339
-4.98343
-4.98339
-4.98341
-4.98337
-4.98343
-4.98337
-4.98338
-4.98337
-4.98339
-4.98342
-4.98339
-4.98343
-4.98341
-4.98344
-4.98345
-4.98344
-4.98341
-4.98341
-4.98335
-4.98342
-4.98336
-4.9834
-4.98338
-4.98338
-4.98338
-4.98345
-4.98335
-4.98339
-4.98337
-4.98336
-4.98339
-4.98341
-4.98342
-4.98339
-4.98336
-4.98344
-4.98343
-4.98339
-4.98339
-4.98338
-4.98345
-4.98343
-4.98341
-4.9834
-4.98335
-4.98345
-4.98335
-4.98341
-4.98337
-4.98339
-4.98344
-4.98343
-4.98342
-4.9834
-4.98343
-4.98344
-4.98341
-4.98338
-4.98339
-4.98345
-4.98341
-4.98342
-4.98336
-4.98343
-4.98343
-4.98345
-4.98337
-4.98344
-4.98343
-4.9834
-4.98336
-4.98345
-4.98341
-4.98343
-4.98336
-4.98337
-4.98338
-4.98335
-4.98342
-4.98341
-4.98335
-4.98344
-4.98339
-4.98339
-4.98342
-4.98344
-4.98338
-4.98343
-4.98339
-4.98336
-4.98335
-4.98339
-4.98339
-4.98338
-4.98341
-4.98342
-4.98338
-4.98339
-4.98343
-4.9834
-4.9834
-4.98342
-4.98339
-4.98343
-4.98335
-4.98337
-4.98339
-4.98341
-4.9834
-4.98345
-4.98345
-4.98343
-4.98344
-4.9834
-4.98337
-4.98336
-4.98343
-4.98341
-4.98339
-4.98342
-4.98336
-4.98341
-4.98337
-4.98344
-4.98342
-4.9834
-4.98339
-4.98341
-4.98335
-4.98343
-4.98342
-4.98338
-4.98339
-4.98341
-4.98338
-4.98344
-4.98338
-4.98336
-4.98343
-4.98337
-4.98344
-4.98338
-4.98337
-4.98337
-4.98341
-4.98345
-4.9834
-4.98344
-4.98345
-4.9834
-4.9834
-4.98339
-4.98339
-4.98342
-4.98338
-4.98336
-4.98345
-4.98337
-4.98335
-4.98336
-4.98342
-4.9834
-4.9834
-4.98338
-4.98339
-4.98345
-4.98336
-4.98342
-4.98337
-4.98339
-4.98335
-4.9834
-4.98343
-4.98345
-4.98339
-4.98343
-4.9834
-4.98335
-4.98338
-4.98335
-4.98339
-4.98337
-4.98338
-4.98342
-4.98341
-4.98336
-4.98341
-4.98343
-4.98335
-4.98341
-4.98341
-4.98343
-4.98338
-4.98339
-4.98335
-4.98344
-4.98344
-4.98337
-4.98339
-4.98336
-4.98343
-4.98336
-4.9834
-4.98345
-4.98345
-4.98338
-4.98339
-4.98335
-4.98343
-4.98339
-4.98336
-4.98341
-4.98336
-4.98337
-4.98335
-4.98345
-4.98342
-4.98339
-4.98336
-4.98338
-4.98336
-4.98344
-4.98338
-4.98345
-4.98341
-4.98337
-4.98343
-4.98336
-4.98339
-4.98338
-4.98339
-4.98336
-4.98337
-4.98343
-4.98342
-4.98341
-4.98345
-4.98341
-4.98343
-4.98337
-4.98345
-4.98342
-4.98342
-4.9834
-4.98339
-4.98338
-4.98344
-4.98341
-4.98342
-4.98336
-4.98336
-4.98345
-4.98338
-4.98338
-4.98342
-4.98344
-4.98336
-4.98337
-4.98344
-4.98343
-4.98338
-4.9834
-4.98344
-4.98338
-4.98338
-4.98335
-4.98344
-4.98338
-4.9834
-4.98345
-4.98342
-4.98342
-4.98338
-4.98345
-4.98339
-4.98338
-4.98339
-4.98337
-4.98339
-4.98339
-4.98341
-4.98344
-4.98345
-4.98337
-4.98337
-4.98335
-4.98335
-4.98339
-4.98344
-4.98338
-4.98337
-4.98339
-4.9834
-4.9834
-4.98344
-4.98342
-4.98339
-4.98345
-4.9834
-4.98338
-4.98338
-4.98343
-4.98336
-4.98341
-4.98337
-4.98339
-4.98344
-4.9834
-4.98337
-4.98335
-4.98338
-4.98344
-4.98344
-4.98338
-4.98337
-4.98337
-4.98337
-4.9834
-4.98335
-4.98339
-4.98335
-4.98339
-4.98344
-4.98338
-4.98344
-4.98341
-4.98339
-4.98335
-4.9834
-4.98344
-4.98341
-4.9834
-4.98343
-4.9834
-4.98336
-4.98341
-4.98343
-4.98343
-4.98336
-4.98335
-4.98343
-4.98335
-4.98344
-4.98336
-4.98343
-4.98341
-4.98335
-4.98336
-4.98341
-4.98344
-4.98337
-4.98336
-4.98341
-4.98338
-4.9834
-4.98337
-4.9834
-4.98335
-4.98337
-4.98339
-4.9834
-4.98341
-4.98342
-4.98336
-4.98344
-4.98338
-4.98338
-4.98339
-4.98342
-4.98338
-4.98337
-4.98341
-4.98335
-4.98345
-4.98341
-4.98339
-4.98339
-4.98336
-4.98344
-4.98336
-4.9834
-4.98342
-4.98336
-4.98341
-4.9834
-4.98345
-4.98338
-4.98338
-4.98341
-4.98343
-4.98338
-4.98343
-4.98344
-4.9834
-4.98343
-4.98345
-4.98339
-4.98337
-4.98343
-4.98342
-4.98336
-4.98339
-4.98338
-4.98335
-4.9834
-4.98342
-4.9834
-4.98342
-4.98343
-4.98342
-4.98342
-4.9834
-4.98342
-4.98338
-4.9834
-4.98338
-4.98338
-4.9834
-4.98343
-4.98338
-4.98338
-4.98342
-4.98345
-4.98342
-4.98343
-4.98342
-4.98344
-4.98335
-4.98343
-4.9834
-4.98335
-4.98344
-4.98336
-4.98345
-4.98336
-4.98345
-4.98341
-4.98344
-4.98344
-4.98338
-4.9834
-4.98341
-4.98337
-4.98338
-4.98338
-4.98338
-4.98338
-4.9834
-4.98337
-4.98339
-4.98339
-4.98338
-4.98335
-4.98338
-4.98337
-4.98342
-4.98344
-4.98337
-4.98345
-4.98345
-4.98337
-4.98336
-4.98341
-4.98335
-4.9834
-4.98336
-4.98341
-4.98337
-4.98345
-4.98335
-4.98336
-4.98342
-4.98339
-4.98338
-4.98338
-4.98338
-4.98341
-4.98343
-4.9834
-4.98335
-4.98336
-4.98344
-4.9834
-4.9834
-4.98341
-4.98344
-4.98338
-4.98343
-4.98344
-4.98344
-4.98344
-4.98344
-4.98338
-4.98345
-4.9834
-4.9834
-4.98344
-4.98341
-4.98342
-4.9834
-4.9834
-4.98338
-4.98341
-4.98344
-4.98343
-4.98339
-4.98343
-4.98337
-4.98338
-4.98343
-4.98343
-4.98338
-4.98338
-4.98341
-4.98335
-4.98342
-4.98343
-4.98336
-4.98339
-4.98339
-4.98343
-4.98337
-4.98344
-4.98344
-4.98339
-4.98341
-4.98336
-4.98342
-4.98341
-4.98344
-4.98343
-4.98343
-4.98342
-4.98341
-4.98336
-4.98338
-4.9834
-4.9834
-4.98338
-4.98338
-4.98337
-4.98343
-4.98344
-4.98343
-4.98339
-4.98343
-4.98338
-4.98339
-4.98343
-4.98336
-4.98343
-4.98338
-4.9834
-4.98342
-4.98338
-4.98343
-4.98341
-4.98345
-4.98338
-4.98343
-4.98341
-4.98338
-4.98337
-4.98338
-4.98336
-4.98339
-4.98341
-4.98342
-4.98343
-4.98335
-4.9834
-4.98341
-4.98343
-4.98343
-4.98337
-4.98338
-4.98335
-4.98344
-4.9834
-4.98344
-4.9834
-4.98343
-4.98337
-4.98341
-4.9834
-4.9834
-4.98337
-4.98345
-4.98336
-4.98336
-4.98338
-4.98342
-4.9834
-4.98343
-4.98344
-4.98336
-4.98338
-4.98339
-4.98335
-4.98345
-4.98344
-4.98337
-4.9834
-4.98344
-4.98335
-4.98345
-4.98336
-4.98339
-4.98343
-4.98342
-4.98345
-4.98342
-4.98344
-4.98338
-4.98337
-4.98341
-4.98338
-4.9834
-4.98342
-4.98341
-4.98337
-4.98338
-4.98342
-4.98342
-4.9834
-4.98338
-4.9834
-4.98338
-4.98342
-4.98341
-4.98338
-4.98344
-4.98338
-4.98336
-4.98343
-4.98344
-4.98342
-4.98336
-4.98338
-4.9834
-4.98345
-4.98336
-4.98343
-4.98343
-4.98336
-4.9834
-4.98345
-4.98338
-4.98336
-4.98338
-4.98337
-4.98339
-4.9834
-4.98342
-4.98343
-4.98338
-4.98342
-4.98336
-4.98341
-4.98336
-4.9834
-4.98342
-4.98339
-4.98339
-4.98337
-4.98343
-4.9834
-4.98336
-4.98337
-4.9834
-4.9834
-4.98343
-4.98337
-4.98342
-4.98339
-4.98339
-4.98343
-4.98342
-4.98345
-4.98339
-4.9834
-4.98343
-4.98338
-4.98343
-4.98337
-4.98341
-4.98344
-4.9834
-4.98339
-4.98344
-4.98345
-4.98336
-4.98343
-4.98337
-4.9834
-4.98341
-4.98343
-4.98344
-4.98339
-4.98339
-4.98342
-4.98341
-4.98342
-4.98342
-4.98341
-4.98344
-4.98341
-4.98336
-4.98341
-4.98341
-4.98337
-4.98345
-4.98338
-4.98336
-4.98339
-4.98336
-4.98344
-4.9834
-4.98342
-4.98345
-4.98343
-4.98339
-4.98335
-4.98342
-4.98341
-4.98338
-4.9834
-4.98343
-4.98336
-4.9834
-4.98343
-4.9834
-4.98344
-4.98336
-4.98337
-4.9834
-4.98341
-4.98345
-4.98345
-4.98335
-4.98339
-4.98343
-4.98336
-4.98338
-4.98344
-4.98345
-4.98341
-4.98341
-4.98345
-4.98344
-4.98339
-4.98344
-4.98341
-4.98338
-4.98338
-4.98344
-4.98345
-4.98338
-4.98343
-4.98341
-4.98344
-4.98339
-4.98345
-4.98336
-4.98343
-4.98338
-4.98339
-4.98345
-4.98337
-4.98344
-4.98339
-4.98337
-4.98342
-4.98337
-4.98341
-4.98338
-4.98342
-4.98345
-4.98336
-4.98337
-4.98345
-4.98344
-4.9834
-4.98344
-4.98345
-4.98338
-4.9834
-4.98339
-4.98336
-4.98337
-4.98341
-4.98342
-4.98341
-4.9834
-4.98342
-4.98337
-4.9834
-4.98336
-4.98343
-4.98336
-4.98343
-4.98336
-4.98343
-4.98344
-4.98344
-4.98342
-4.98336
-4.9834
-4.98336
-4.98336
-4.98343
-4.98338
-4.98344
-4.98337
-4.98336
-4.98342
-4.98343
-4.98343
-4.98345
-4.98342
-4.98342
-4.98336
-4.98345
-4.98335
-4.98335
-4.98337
-4.98338
-4.98343
-4.98343
-4.9834
-4.98337
-4.98336
-4.98336
-4.98338
-4.98337
-4.98338
-4.98339
-4.98345
-4.9834
-4.98342
-4.98336
-4.98345
-4.98343
-4.98338
-4.98341
-4.98341
-4.98336
-4.98345
-4.98339
-4.98341
-4.98336
-4.98336
-4.98339
-4.98337
-4.98338
-4.98342
-4.98344
-4.98341
-4.98342
-4.98339
-4.9834
-4.98343
-4.98339
-4.9834
-4.98342
-4.98343
-4.98342
-4.98335
-4.9834
-4.98338
-4.98335
-4.98336
-4.98343
-4.9834
-4.98336
-4.98339
-4.98341
-4.9834
-4.98341
-4.98339
-4.98341
-4.98341
-4.98339
-4.98336
-4.98339
-4.98341
-4.98337
-4.98341
-4.98339
-4.9834
-4.98342
-4.9834
-4.98345
-4.98341
-4.98341
-4.98342
-4.98343
-4.98343
-4.98343
-4.98344
-4.98338
-4.98338
-4.98344
-4.98341
-4.98343
-4.98342
-4.98339
-4.98337
-4.98335
-4.98338
-4.98342
-4.98337
-4.98336
-4.98344
-4.98335
-4.98337
-4.98342
-4.98338
-4.98339
-4.98336
-4.9834
-4.9834
-4.98344
-4.98337
-4.98339
-4.98339
-4.98341
-4.9834
-4.98341
-4.98344
-4.98345
-4.98336
-4.98339
-4.98341
-4.98342
-4.98344
-4.98342
-4.98336
-4.98339
-4.98337
-4.9834
-4.98338
-4.98344
-4.98343
-4.98343
-4.98342
-4.98344
-4.98335
-4.98336
-4.98336
-4.98343
-4.98342
-4.9834
-4.98343
-4.98342
-4.9834
-4.98341
-4.98343
-4.98336
-4.98341
-4.98342
-4.98343
-4.98341
-4.98338
-4.98338
-4.98342
-4.98342
-4.98338
-4.98336
-4.98339
-4.98338
-4.98338
-4.98339
-4.98339
-4.98344
-4.9834
-4.98342
-4.98339
-4.98341
-4.98336
-4.98337
-4.98339
-4.98343
-4.9834
-4.98344
-4.98344
-4.98344
-4.98337
-4.98343
-4.98344
-4.98339
-4.98344
-4.98344
-4.98338
-4.98336
-4.98344
-4.9834
-4.98343
-4.98344
-4.98336
-4.98339
-4.98336
-4.98344
-4.98335
-4.98338
-4.9834
-4.98338
-4.98342
-4.98343
-4.9834
-4.98344
-4.9834
-4.98342
-4.98344
-4.98339
-4.98343
-4.98345
-4.98342
-4.98337
-4.98344
-4.98341
-4.98341
-4.98344
-4.9834
-4.98344
-4.98339
-4.98336
-4.98341
-4.98335
-4.98343
-4.98338
-4.98341
-4.98339
-4.98336
-4.98337
-4.98341
-4.98344
-4.98337
-4.98336
-4.98338
-4.98343
-4.98343
-4.98336
-4.98344
-4.98344
-4.98337
-4.98335
-4.98336
-4.98341
-4.98344
-4.98341
-4.98344
-4.9834
-4.98344
-4.9834
-4.98335
-4.98341
-4.98342
-4.98338
-4.98342
-4.98336
-4.98336
-4.98343
-4.98341
-4.98343
-4.98337
-4.98338
-4.98342
-4.98343
-4.98336
-4.98336
-4.98336
-4.98337
-4.98343
-4.98339
-4.9834
-4.9834
-4.98343
-4.98341
-4.98336
-4.98338
-4.98343
-4.98339
-4.98345
-4.9834
-4.98344
-4.98345
-4.98339
-4.98339
-4.98341
-4.98344
-4.98341
-4.98345
-4.98339
-4.98344
-4.98344
-4.98337
-4.98336
-4.98345
-4.98335
-4.98345
-4.98343
-4.98335
-4.98338
-4.98342
-4.98345
-4.98344
-4.98345
-4.98342
-4.98341
-4.9834
-4.98339
-4.98335
-4.98344
-4.98336
-4.98342
-4.9834
-4.98338
-4.98343
-4.98336
-4.98338
-4.98341
-4.98345
-4.98337
-4.98342
-4.98343
-4.98339
-4.98336
-4.98343
-4.98344
-4.98338
-4.98337
-4.98341
-4.9834
-4.98343
-4.98336
-4.98341
-4.98339
-4.98343
-4.98343
-4.98338
-4.98343
-4.98342
-4.9834
-4.98338
-4.98345
-4.98343
-4.98339
-4.98339
-4.98337
-4.98336
-4.98344
-4.98338
-4.98341
-4.98338
-4.98341
-4.98343
-4.98338
-4.98344
-4.98336
-4.98336
-4.98345
-4.98342
-4.98338
-4.98343
-4.9834
-4.98344
-4.98337
-4.98335
-4.98337
-4.98344
-4.98338
-4.98336
-4.98344
-4.98339
-4.98337
-4.98341
-4.98337
-4.98342
-4.98338
-4.98338
-4.98343
-4.98336
-4.9834
-4.98341
-4.9834
-4.98342
-4.98341
-4.98336
-4.98336
-4.98345
-4.98337
-4.98339
-4.98344
-4.98341
-4.98336
-4.9834
-4.98335
-4.98343
-4.98336
-4.9834
-4.98344
-4.98338
-4.98344
-4.98343
-4.9834
-4.98341
-4.9834
-4.98343
-4.98341
-4.98342
-4.9834
-4.9834
-4.98343
-4.98335
-4.98338
-4.98341
-4.98345
-4.98336
-4.98345
-4.98343
-4.9834
-4.98336
-4.98343
-4.9834
-4.98342
-4.98342
-4.98338
-4.98337
-4.98337
-4.98343
-4.98344
-4.9834
-4.9834
-4.98336
-4.98341
-4.9834
-4.98345
-4.9834
-4.98336
-4.98345
-4.98344
-4.98336
-4.98336
-4.98335
-4.98344
-4.98336
-4.98338
-4.98345
-4.98343
-4.98343
-4.98344
-4.98338
-4.98336
-4.9834
-4.98337
-4.98339
-4.98344
-4.9834
-4.98339
-4.98342
-4.98336
-4.98342
-4.9834
-4.9834
-4.98343
-4.98342
-4.98339
-4.98336
-4.98344
-4.98337
-4.98339
-4.9834
-4.98341
-4.98343
-4.98339
-4.98336
-4.98335
-4.98345
-4.9834
-4.98341
-4.98336
-4.98339
-4.98343
-4.9834
-4.98343
-4.98344
-4.98339
-4.98343
-4.98338
-4.98339
-4.98342
-4.98339
-4.98337
-4.98335
-4.98335
-4.98336
-4.98338
-4.98337
-4.98337
-4.98337
-4.98338
-4.98341
-4.9834
-4.98336
-4.98342
-4.9834
-4.98341
-4.98337
-4.98336
-4.98335
-4.98337
-4.9834
-4.9834
-4.98345
-4.98342
-4.9834
-4.9834
-4.98338
-4.98344
-4.98343
-4.98342
-4.98336
-4.98344
-4.98342
-4.98345
-4.98344
-4.98344
-4.98337
-4.98338
-4.98335
-4.98337
-4.98337
-4.98338
-4.98342
-4.98343
-4.98336
-4.98341
-4.98336
-4.98343
-4.98336
-4.98342
-4.98338
-4.98339
-4.9834
-4.98336
-4.98342
-4.98339
-4.98343
-4.98336
-4.98342
-4.98343
-4.98337
-4.98339
-4.98335
-4.98344
-4.98342
-4.98342
-4.98342
-4.98342
-4.98336
-4.98342
-4.98338
-4.98341
-4.98344
-4.98344
-4.98345
-4.9834
-4.98341
-4.98344
-4.98339
-4.98344
-4.98339
-4.98342
-4.98337
-4.98342
-4.98337
-4.98345
-4.98339
-4.98345
-4.98339
-4.98343
-4.98343
-4.98344
-4.98344
-4.98338
-4.98342
-4.98336
-4.98336
-4.98336
-4.98338
-4.98337
-4.98337
-4.98337
-4.98342
-4.98341
-4.98344
-4.98343
-4.98337
-4.98337
-4.98336
-4.98337
-4.98337
-4.98337
-4.98338
-4.98336
-4.98342
-4.98341
-4.98338
-4.9834
-4.98343
-4.98338
-4.98337
-4.98337
-4.98345
-4.98344
-4.98345
-4.98338
-4.98344
-4.98343
-4.98336
-4.9834
-4.98345
-4.98337
-4.98337
-4.98341
-4.98338
-4.98337
-4.98339
-4.98341
-4.98336
-4.98344
-4.98341
-4.98336
-4.98345
-4.98338
-4.9834
-4.98343
-4.9834
-4.98335
-4.98338
-4.98345
-4.98341
-4.98342
-4.98342
-4.98339
-4.98341
-4.9834
-4.98336
-4.98335
-4.98336
-4.98343
-4.98344
-4.98337
-4.98337
-4.98339
-4.98344
-4.9834
-4.98338
-4.98341
-4.9834
-4.98343
-4.9834
-4.9834
-4.98335
-4.98344
-4.98335
-4.98342
-4.98337
-4.98341
-4.98343
-4.98341
-4.98337
-4.98338
-4.98345
-4.98341
-4.98341
-4.98339
-4.98342
-4.98338
-4.98342
-4.9834
-4.98341
-4.98336
-4.98336
-4.98341
-4.98341
-4.98337
-4.98344
-4.98339
-4.98342
-4.9834
-4.98339
-4.98339
-4.98339
-4.98339
-4.98341
-4.9834
-4.98343
-4.98337
-4.98338
-4.98342
-4.98335
-4.98341
-4.98343
-4.9834
-4.98343
-4.98337
-4.98341
-4.98341
-4.98335
-4.98341
-4.98336
-4.98344
-4.98342
-4.98335
-4.98339
-4.98343
-4.98339
-4.98342
-4.98339
-4.9834
-4.98336
-4.9834
-4.98345
-4.98342
-4.98337
-4.98344
-4.98345
-4.98336
-4.98336
-4.98339
-4.98345
-4.98335
-4.98338
-4.98343
-4.98337
-4.9834
-4.98345
-4.98344
-4.98344
-4.98342
-4.98339
-4.98342
-4.98343
-4.98341
-4.98341
-4.9834
-4.98342
-4.98344
-4.98337
-4.98343
-4.98335
-4.98343
-4.9834
-4.98342
-4.98342
-4.98338
-4.98337
-4.98343
-4.98339
-4.98342
-4.98344
-4.9834
-4.98342
-4.98342
-4.98338
-4.98338
-4.98336
-4.98341
-4.98341
-4.98337
-4.98339
-4.98336
-4.98339
-4.98339
-4.98336
-4.98341
-4.98341
-4.98342
-4.98344
-4.98345
-4.98345
-4.98336
-4.98339
-4.9834
-4.98344
-4.98341
-4.98343
-4.98336
-4.98339
-4.98341
-4.98339
-4.98342
-4.98342
-4.98337
-4.98335
-4.98335
-4.98337
-4.98338
-4.98345
-4.98335
-4.98345
-4.98339
-4.98339
-4.98338
-4.98343
-4.98338
-4.98343
-4.98341
-4.98344
-4.98344
-4.98342
-4.98338
-4.98338
-4.98335
-4.98343
-4.98342
-4.98338
-4.98335
-4.98338
-4.98345
-4.98337
-4.98338
-4.98336
-4.9834
-4.98339
-4.98341
-4.98342
-4.98345
-4.98337
-4.98342
-4.98335
-4.9834
-4.9834
-4.9834
-4.98341
-4.98337
-4.98343
-4.98339
-4.98342
-4.98342
-4.98339
-4.9834
-4.98335
-4.98344
-4.98343
-4.98338
-4.98342
-4.98341
-4.98336
-4.98343
-4.98341
-4.98337
-4.98339
-4.9834
-4.98337
-4.98336
-4.98344
-4.98343
-4.98339
-4.98341
-4.98338
-4.98343
-4.98345
-4.98343
-4.98339
-4.98341
-4.98341
-4.98337
-4.98337
-4.98337
-4.98341
-4.98337
-4.9834
-4.98338
-4.98336
-4.98345
-4.98338
-4.98335
-4.98344
-4.98344
-4.98341
-4.98344
-4.98341
-4.98337
-4.98337
-4.98342
-4.98335
-4.98339
-4.98344
-4.98343
-4.98341
-4.9834
-4.98338
-4.98336
-4.98343
-4.98342
-4.98338
-4.98338
-4.98337
-4.98337
-4.98337
-4.98338
-4.98343
-4.98341
-4.98338
-4.98339
-4.98344
-4.98343
-4.98341
-4.98337
-4.98336
-4.98336
-4.98343
-4.98345
-4.98336
-4.98339
-4.98345
-4.98343
-4.98344
-4.98341
-4.98336
-4.98337
-4.98335
-4.9834
-4.98341
-4.98341
-4.98335
-4.98345
-4.98337
-4.98342
-4.98335
-4.98335
-4.9834
-4.98336
-4.98344
-4.98341
-4.98336
-4.98345
-4.98337
-4.98336
-4.98343
-4.98344
-4.98338
-4.98345
-4.98344
-4.98339
-4.98339
-4.98338
-4.98343
-4.98343
-4.98339
-4.9834
-4.98336
-4.98342
-4.98335
-4.98343
-4.98336
-4.98339
-4.9834
-4.98338
-4.98339
-4.9834
-4.98342
-4.98343
-4.98342
-4.98342
-4.98341
-4.9834
-4.98343
-4.98341
-4.9834
-4.98337
-4.98339
-4.9834
-4.98336
-4.98343
-4.98343
-4.98343
-4.98336
-4.98338
-4.98341
-4.9834
-4.98342
-4.98337
-4.98344
-4.98336
-4.98338
-4.98337
-4.98341
-4.98342
-4.9834
-4.98336
-4.98342
-4.98338
-4.98335
-4.98337
-4.98338
-4.98338
-4.98338
-4.9834
-4.98342
-4.98336
-4.98338
-4.98344
-4.98341
-4.98343
-4.98343
-4.98341
-4.98343
-4.98341
-4.98336
-4.98338
-4.98341
-4.98341
-4.98337
-4.98338
-4.98337
-4.98336
-4.98341
-4.98339
-4.98342
-4.98344
-4.98337
-4.98343
-4.98341
-4.98343
-4.98344
-4.98343
-4.98337
-4.98337
-4.9834
-4.98342
-4.9834
-4.98343
-4.98345
-4.98345
-4.98344
-4.98343
-4.98344
-4.98341
-4.98338
-4.98343
-4.98337
-4.98337
-4.98342
-4.98336
-4.98342
-4.98343
-4.98343
-4.9834
-4.98335
-4.98339
-4.9834
-4.98337
-4.98337
-4.98343
-4.98343
-4.98344
-4.98341
-4.98341
-4.98342
-4.98345
-4.98336
-4.98338
-4.98339
-4.9834
-4.98344
-4.98341
-4.98343
-4.98339
-4.98339
-4.98341
-4.9834
-4.98337
-4.98336
-4.98343
-4.98345
-4.98339
-4.98343
-4.98338
-4.98343
-4.98343
-4.98341
-4.98341
-4.98335
-4.98337
-4.9834
-4.98341
-4.9834
-4.98343
-4.98336
-4.98336
-4.98338
-4.98337
-4.98341
-4.98344
-4.98337
-4.9834
-4.98338
-4.98342
-4.98339
-4.98345
-4.98344
-4.98339
-4.98342
-4.98343
-4.98338
-4.98344
-4.9834
-4.98342
-4.98339
-4.98342
-4.98345
-4.98343
-4.98342
-4.9834
-4.98335
-4.98341
-4.98337
-4.98342
-4.98343
-4.98343
-4.98343
-4.98344
-4.98337
-4.98344
-4.98338
-4.98339
-4.98341
-4.98345
-4.9834
-4.98341
-4.98341
-4.98344
-4.98344
-4.98337
-4.98336
-4.98337
-4.98343
-4.98338
-4.98339
-4.98342
-4.98344
-4.98335
-4.9834
-4.98337
-4.98338
-4.98339
-4.98344
-4.98345
-4.98335
-4.98336
-4.98342
-4.98337
-4.98336
-4.98337
-4.98338
-4.98337
-4.98343
-4.98336
-4.98342
-4.98342
-4.98341
-4.98341
-4.98343
-4.98337
-4.98343
-4.98343
-4.98344
-4.98338
-4.9834
-4.98343
-4.98341
-4.98343
-4.98338
-4.9834
-4.98335
-4.98343
-4.98342
-4.98343
-4.98339
-4.98338
-4.98344
-4.98341
-4.9834
-4.98335
-4.98336
-4.9834
-4.98344
-4.98339
-4.9834
-4.98342
-4.98337
-4.98344
-4.9834
-4.98344
-4.9834
-4.9834
-4.98341
-4.98339
-4.9834
-4.98339
-4.98344
-4.98335
-4.98337
-4.98336
-4.98337
-4.98341
-4.98336
-4.98338
-4.98343
-4.98342
-4.98344
-4.98335
-4.98343
-4.98337
-4.98337
-4.98345
-4.98344
-4.98337
-4.98338
-4.98335
-4.98337
-4.9834
-4.98337
-4.98341
-4.98339
-4.98339
-4.98339
-4.98343
-4.98342
-4.98341
-4.98335
-4.98336
-4.98336
-4.98342
-4.98343
-4.98342
-4.98337
-4.98344
-4.98344
-4.98341
-4.98338
-4.98337
-4.98336
-4.98337
-4.98342
-4.98335
-4.98343
-4.98341
-4.98343
-4.98342
-4.98338
-4.98344
-4.98336
-4.98342
-4.98344
-4.98337
-4.98336
-4.98343
-4.98341
-4.98342
-4.98342
-4.9834
-4.98336
-4.98339
-4.98344
-4.9834
-4.98343
-4.98339
-4.98343
-4.98339
-4.9834
-4.98339
-4.98338
-4.98337
-4.98344
-4.98339
-4.98337
-4.98343
-4.9834
-4.98343
-4.98344
-4.98341
-4.98342
-4.98337
-4.98335
-4.98341
-4.98344
-4.98336
-4.9834
-4.98343
-4.98344
-4.98336
-4.98343
-4.98345
-4.98344
-4.98337
-4.9834
-4.9834
-4.98344
-4.98342
-4.98341
-4.98337
-4.98335
-4.9834
-4.98344
-4.98337
-4.98336
-4.98344
-4.9834
-4.98338
-4.98336
-4.98342
-4.98338
-4.98337
-4.98342
-4.98342
-4.98339
-4.98338
-4.98338
-4.98343
-4.98338
-4.98342
-4.98342
-4.98341
-4.98336
-4.98341
-4.98335
-4.9834
-4.98337
-4.98341
-4.9834
-4.98344
-4.98336
-4.98336
-4.98342
-4.98337
-4.98344
-4.98343
-4.98338
-4.98339
-4.98341
-4.98337
-4.98345
-4.98336
-4.98337
-4.98341
-4.98339
-4.98336
-4.98336
-4.98344
-4.98342
-4.98342
-4.9834
-4.98341
-4.9834
-4.98343
-4.98343
-4.98343
-4.98343
-4.98336
-4.98338
-4.9834
-4.98339
-4.9834
-4.98344
-4.98336
-4.98343
-4.98342
-4.98338
-4.98345
-4.98343
-4.98341
-4.98341
-4.98335
-4.98341
-4.98342
-4.98339
-4.98338
-4.9834
-4.98343
-4.98343
-4.98342
-4.98343
-4.98338
-4.98337
-4.98343
-4.98344
-4.98337
-4.98337
-4.98345
-4.98345
-4.98338
-4.98335
-4.98344
-4.98336
-4.98341
-4.98336
-4.98343
-4.9834
-4.98344
-4.98339
-4.98343
-4.9834
-4.98337
-4.98338
-4.98341
-4.98337
-4.98338
-4.98341
-4.98338
-4.98344
-4.9834
-4.98337
-4.98343
-4.98336
-4.98341
-4.98337
-4.98338
-4.98343
-4.98339
-4.98344
-4.98337
-4.98336
-4.98342
-4.9834
-4.98338
-4.98344
-4.98345
-4.98342
-4.98344
-4.98344
-4.98338
-4.98337
-4.98341
-4.98338
-4.98339
-4.98339
-4.9834
-4.98344
-4.98341
-4.98343
-4.98345
-4.98339
-4.9834
-4.98341
-4.98338
-4.98344
-4.98338
-4.98342
-4.98336
-4.98344
-4.98335
-4.98335
-4.98339
-4.98337
-4.98335
-4.98338
-4.98339
-4.9834
-4.98339
-4.98337
-4.98342
-4.98344
-4.98342
-4.98338
-4.98344
-4.98344
-4.98341
-4.98343
-4.98337
-4.98337
-4.98341
-4.98342
-4.98343
-4.98343
-4.98336
-4.9834
-4.98343
-4.98337
-4.98338
-4.98336
-4.98345
-4.98343
-4.98341
-4.9834
-4.98338
-4.98342
-4.98335
-4.98344
-4.98338
-4.98335
-4.98344
-4.98344
-4.98336
-4.98341
-4.98343
-4.98338
-4.98341
-4.98336
-4.98337
-4.98342
-4.98345
-4.98344
-4.98341
-4.98336
-4.98343
-4.98341
-4.98337
-4.98343
-4.98335
-4.98337
-4.98336
-4.98341
-4.98344
-4.98341
-4.98342
-4.98345
-4.98341
-4.9834
-4.98337
-4.98339
-4.98343
-4.98338
-4.98338
-4.98338
-4.98341
-4.98336
-4.98336
-4.98342
-4.98343
-4.98339
-4.98337
-4.98338
-4.98338
-4.98342
-4.98343
-4.98345
-4.98338
-4.98341
-4.98335
-4.98342
-4.98338
-4.98342
-4.98337
-4.98338
-4.98338
-4.98342
-4.98344
-4.98341
-4.98341
-4.9834
-4.98344
-4.98342
-4.98342
-4.98339
-4.98336
-4.9834
-4.98338
-4.98338
-4.98345
-4.98339
-4.98337
-4.98338
-4.98337
-4.98335
-4.98344
-4.98343
-4.98339
-4.9834
-4.98342
-4.98339
-4.98337
-4.98336
-4.98337
-4.98342
-4.98343
-4.98339
-4.9834
-4.98344
-4.98339
-4.98342
-4.98341
-4.98343
-4.98339
-4.98336
-4.98342
-4.98345
-4.98339
-4.98337
-4.98339
-4.98338
-4.98343
-4.98342
-4.98336
-4.98335
-4.98343
-4.98344
-4.98342
-4.98341
-4.98338
-4.98335
-4.98341
-4.9834
-4.98342
-4.98338
-4.9834
-4.98337
-4.98337
-4.98337
-4.98344
-4.98338
-4.98337
-4.98338
-4.98338
-4.98344
-4.98337
-4.98341
-4.98343
-4.98336
-4.98342
-4.98338
-4.98344
-4.98342
-4.98336
-4.98345
-4.9834
-4.98342
-4.98339
-4.98341
-4.98345
-4.98336
-4.98345
-4.98336
-4.98344
-4.98337
-4.98341
-4.98341
-4.98343
-4.9834
-4.98336
-4.9834
-4.98344
-4.98339
-4.98337
-4.98335
-4.98343
-4.98341
-4.98339
-4.98336
-4.98336
-4.98337
-4.98344
-4.98338
-4.98344
-4.98337
-4.98337
-4.98338
-4.98336
-4.9834
-4.98339
-4.98344
-4.98343
-4.98345
-4.98342
-4.9834
-4.98335
-4.98339
-4.98338
-4.98335
-4.98342
-4.98337
-4.98337
-4.98341
-4.98339
-4.98335
-4.98335
-4.98339
-4.98344
-4.98339
-4.98344
-4.98335
-4.98342
-4.98337
-4.98345
-4.98338
-4.98341
-4.98344
-4.9834
-4.98339
-4.98336
-4.98341
-4.98343
-4.98335
-4.9834
-4.98337
-4.98345
-4.98341
-4.98344
-4.98335
-4.98338
-4.98344
-4.98341
-4.98336
-4.98343
-4.98343
-4.9834
-4.98341
-4.98341
-4.98338
-4.98342
-4.98341
-4.98341
-4.98336
-4.9834
-4.98341
-4.98343
-4.98344
-4.98336
-4.98341
-4.98343
-4.98339
-4.98336
-4.98345
-4.98336
-4.9834
-4.98342
-4.98341
-4.98338
-4.9834
-4.98343
-4.98335
-4.9834
-4.98336
-4.98339
-4.98338
-4.9834
-4.98341
-4.9834
-4.98342
-4.98338
-4.98339
-4.98339
-4.98338
-4.98345
-4.98343
-4.98342
-4.98341
-4.98345
-4.98342
-4.98344
-4.98338
-4.9834
-4.98342
-4.9834
-4.98341
-4.98343
-4.98338
-4.98337
-4.9834
-4.98336
-4.98341
-4.98341
-4.98339
-4.98337
-4.9834
-4.98342
-4.98341
-4.98343
-4.9834
-4.9834
-4.9834
-4.98339
-4.98345
-4.98338
-4.98344
-4.98342
-4.98337
-4.9834
-4.98337
-4.98343
-4.98343
-4.98344
-4.98344
-4.9834
-4.98341
-4.98343
-4.9834
-4.98338
-4.98338
-4.98338
-4.98343
-4.98336
-4.98342
-4.98339
-4.98342
-4.98337
-4.98344
-4.98338
-4.98344
-4.98342
-4.98336
-4.98342
-4.98343
-4.98345
-4.98344
-4.98344
-4.98338
-4.98337
-4.98344
-4.9834
-4.98337
-4.98339
-4.98343
-4.98345
-4.98344
-4.98344
-4.98342
-4.98337
-4.98342
-4.98336
-4.98341
-4.98339
-4.98338
-4.98345
-4.98341
-4.98344
-4.98342
-4.98336
-4.98338
-4.98344
-4.98344
-4.98341
-4.98337
-4.98339
-4.98344
-4.98342
-4.98343
-4.98336
-4.98337
-4.9834
-4.98338
-4.98339
-4.98341
-4.98342
-4.98337
-4.98344
-4.98338
-4.98336
-4.98344
-4.98339
-4.98339
-4.98336
-4.9834
-4.98338
-4.98335
-4.98337
-4.9834
-4.98339
-4.98339
-4.98336
-4.9834
-4.98336
-4.98344
-4.98337
-4.98338
-4.98341
-4.98341
-4.98339
-4.98338
-4.98341
-4.9834
-4.98338
-4.98335
-4.98337
-4.98338
-4.98341
-4.98339
-4.98344
-4.98341
-4.98344
-4.9834
-4.98337
-4.98337
-4.98338
-4.98338
-4.9834
-4.98343
-4.98338
-4.98336
-4.98343
-4.98335
-4.98342
-4.98344
-4.98344
-4.98344
-4.98337
-4.98337
-4.98339
-4.98339
-4.98337
-4.98342
-4.98344
-4.98336
-4.98337
-4.98341
-4.98342
-4.98338
-4.98342
-4.98342
-4.9834
-4.98343
-4.98341
-4.98337
-4.98335
-4.98339
-4.98341
-4.98343
-4.9834
-4.98336
-4.98339
-4.9834
-4.98339
-4.98335
-4.98339
-4.98336
-4.98338
-4.9834
-4.98339
-4.98343
-4.98336
-4.98342
-4.9834
-4.98335
-4.98342
-4.98341
-4.98338
-4.98342
-4.9834
-4.9834
-4.98336
-4.98336
-4.98337
-4.98341
-4.98344
-4.98344
-4.98337
-4.9834
-4.98338
-4.98339
-4.98344
-4.98344
-4.98339
-4.98343
-4.98342
-4.98339
-4.98342
-4.98337
-4.9834
-4.98338
-4.98341
-4.98337
-4.98338
-4.98344
-4.98344
-4.98341
-4.98337
-4.98342
-4.98336
-4.98342
-4.98339
-4.98339
-4.98342
-4.98337
-4.98339
-4.98341
-4.98337
-4.98343
-4.98339
-4.98336
-4.98345
-4.9834
-4.98338
-4.98338
-4.98339
-4.9834
-4.98339
-4.98341
-4.98344
-4.98338
-4.98339
-4.98344
-4.98344
-4.9834
-4.9834
-4.98339
-4.9834
-4.98343
-4.98342
-4.98338
-4.98344
-4.98338
-4.98337
-4.98341
-4.98338
-4.98338
-4.98345
-4.98341
-4.9834
-4.9834
-4.98338
-4.98341
-4.98338
-4.98345
-4.98336
-4.98344
-4.98339
-4.9834
-4.98337
-4.98341
-4.98335
-4.98338
-4.98338
-4.98338
-4.98336
-4.98337
-4.98344
-4.9834
-4.98339
-4.98337
-4.98339
-4.98336
-4.98344
-4.98345
-4.98339
-4.98342
-4.98336
-4.9834
-4.98335
-4.98338
-4.98343
-4.98343
-4.98336
-4.98343
-4.98344
-4.98341
-4.98339
-4.98344
-4.98337
-4.98339
-4.98335
-4.98343
-4.98345
-4.98341
-4.98343
-4.98339
-4.98345
-4.9834
-4.9834
-4.98342
-4.98337
-4.98339
-4.98342
-4.98341
-4.98336
-4.98338
-4.98343
-4.98339
-4.98337
-4.98336
-4.98336
-4.98344
-4.98339
-4.98344
-4.98337
-4.98336
-4.98335
-4.98338
-4.98337
-4.98336
-4.98344
-4.98342
-4.98341
-4.9834
-4.98336
-4.98343
-4.98338
-4.9834
-4.98335
-4.98338
-4.9834
-4.98342
-4.98337
-4.9834
-4.98343
-4.98336
-4.98338
-4.98344
-4.98336
-4.9834
-4.9834
-4.9834
-4.98344
-4.98336
-4.98338
-4.98337
-4.9834
-4.98339
-4.98336
-4.98337
-4.98344
-4.9834
-4.98339
-4.98343
-4.98341
-4.9834
-4.98336
-4.98344
-4.98341
-4.98336
-4.98339
-4.98342
-4.98338
-4.98344
-4.9834
-4.98344
-4.98342
-4.98336
-4.98335
-4.98336
-4.98337
-4.98336
-4.98344
-4.98345
-4.98339
-4.98338
-4.98341
-4.98342
-4.98341
-4.98338
-4.9834
-4.98342
-4.98335
-4.98343
-4.98341
-4.98337
-4.98341
-4.98338
-4.98336
-4.9834
-4.98338
-4.98335
-4.98338
-4.98345
-4.9834
-4.98341
-4.98341
-4.98337
-4.98337
-4.98339
-4.9834
-4.98338
-4.98336
-4.98342
-4.98344
-4.98335
-4.98335
-4.98341
-4.98335
-4.98344
-4.98343
-4.98337
-4.98341
-4.98341
-4.98339
-4.98337
-4.98341
-4.98339
-4.98341
-4.98342
-4.98341
-4.98344
-4.98338
-4.98337
-4.98341
-4.98336
-4.98338
-4.98338
-4.98337
-4.98341
-4.98343
-4.98339
-4.98336
-4.98339
-4.98345
-4.98341
-4.98336
-4.9834
-4.98342
-4.98342
-4.98345
-4.9834
-4.98343
-4.98337
-4.98339
-4.9834
-4.98339
-4.98339
-4.98345
-4.9834
-4.98336
-4.98345
-4.98344
-4.98339
-4.98345
-4.98344
-4.98341
-4.98335
-4.98344
-4.98339
-4.98342
-4.98345
-4.98338
-0.000702882
0.00887771
0.000348849
0.000648014
0.039013
0.0461573
0.00699819
0.0168617
0.00175492
0.000402966
0.0157906
0.0357359
-0.00049436
0.0169101
0.0409318
0.00217773
0.03253
-0.000122727
-0.000645604
0.0177639
0.00964556
0.0129047
0.00281018
0.0286796
-0.000654857
0.0150601
0.0629931
0.0152042
0.0280036
0.0233612
-0.000661088
0.00759516
0.00686259
-0.000203695
0.0286134
0.0199912
0.00194101
0.0795622
0.00535258
0.0220089
0.0116758
0.0211348
0.0359275
0.000401708
-0.000739623
0.0464318
0.0409181
1.05211e-05
-0.000674689
0.0253029
0.0528371
0.000226981
0.0340957
0.0120098
0.0878467
0.0395062
0.00912304
0.036821
0.201061
0.000231748
0.0225114
0.0190605
0.119528
-0.000696994
0.0271264
0.0349098
0.0103999
0.0508497
0.00411089
0.00423435
0.230233
-0.000408057
0.0183543
0.0297896
0.0209577
0.00562109
0.00218892
0.000537039
0.0108721
0.0311224
0.00232031
0.00300332
0.00025924
-0.000206934
0.0063556
0.0132097
0.0487985
0.00755354
0.0195821
0.000448103
0.00624521
0.145924
-0.000739087
0.0112242
0.0155728
0.0158657
0.0353758
0.0150609
0.000344294
0.0101149
0.0114214
0.000211153
0.0293106
0.0425633
0.0033183
0.000368383
0.0266949
0.00164078
0.119378
-0.000309757
0.000853047
0.0136868
0.0243392
0.0273862
-0.000754155
0.0166855
0.00787442
0.00121629
-0.000788348
0.0270879
0.0352807
0.00666706
0.0153213
0.0565351
0.00690019
0.00819237
0.018005
0.0513125
0.0885811
0.0431168
0.0394614
0.00172558
0.0161471
0.00626528
0.0179535
0.000308508
0.00245706
0.0106273
0.000504787
0.00754147
0.00374867
0.000587745
0.011628
-0.000697458
0.117027
0.0138674
0.0504283
0.00100904
0.0267755
0.00551147
0.0174377
0.00958321
0.0111841
2.75346e-05
-0.000597452
0.062521
0.00318403
0.000875997
0.13997
0.019947
0.0466309
0.00227118
0.0187516
0.0310508
0.0305967
0.0104816
0.0010693
0.00943342
0.073751
0.0360946
-0.000781673
0.00373075
0.0177367
0.000698934
0.00129157
0.0022151
-6.94142e-05
0.000427109
0.0284772
0.0042621
-0.000359046
-0.000356353
0.00460619
0.000670692
0.00349084
0.0247532
0.0388191
0.0476387
0.0522464
0.0108359
0.0302248
0.0162545
0.00229068
0.162555
0.0222915
0.0197805
-0.000753055
0.0410502
0.0391869
0.0639928
0.00456501
0.0233276
0.00260267
0.0134838
0.0372892
0.0327606
0.00856509
0.0176517
-0.000364335
0.00959204
-0.00049501
0.161248
0.000496959
0.037102
-0.000110522
0.0203409
-0.000589603
0.0123464
0.00240613
0.000320898
0.0198688
-0.000502124
0.000142259
0.00647493
0.000650405
0.0205698
0.00238208
0.0438746
0.005542
0.00569251
0.0186758
0.0209714
0.00210795
0.00836531
0.0369985
-0.000738788
0.000661193
-0.000669491
0.044144
0.031857
0.0266547
0.0879704
0.000456109
0.0272295
0.00624788
0.00197572
0.00460239
0.0271278
0.000843743
0.00725607
0.00694283
0.0270616
0.00834318
0.0265718
-0.00074664
0.0301765
0.0411162
0.0153548
0.00332445
0.00211694
0.0116856
0.00717338
0.0797389
0.0192745
0.00229897
-7.75663e-05
0.0259498
-0.000179971
0.0248515
0.029136
0.000539951
0.00265616
0.0164878
0.0360905
0.0106111
0.00423135
0.0371755
0.0172184
-0.000792805
0.00537711
0.0103575
0.0456641
0.000697449
0.0205098
0.026794
-7.79687e-05
0.0422209
0.0263913
0.0493002
0.00222847
0.0241571
0.000945867
0.0148351
0.00431329
0.0243378
0.024308
-0.000709046
0.00927479
0.0255656
0.0410275
0.00882854
0.0430996
0.0637423
0.00828872
0.00308783
-0.000783172
0.000199892
0.00416724
0.00633242
0.011084
0.0254462
0.00105804
0.000486044
0.0419074
0.0212914
0.0101057
-0.000482879
0.000315894
0.0220704
-0.000602689
0.0130774
-0.000594979
0.00558391
0.00104856
0.00220013
-0.000188957
0.0172434
0.137927
0.0122172
0.0118869
0.00409214
0.0202508
0.00221793
0.0285185
0.0147737
0.00155917
0.00442326
0.00115637
-0.000734888
0.000410674
-0.000701168
0.00188662
0.0410156
0.00132024
0.0412777
0.0308927
0.0287264
0.156061
0.00415658
0.0402121
0.00423141
0.0122563
0.00842261
0.0165923
0.108508
0.00808177
-0.000626989
-0.000789834
0.0352185
0.0898356
0.00176984
0.0650052
0.00122838
0.0478108
0.0158031
-2.60833e-05
0.00307872
0.00664967
0.0113523
0.0323287
0.00273355
0.00639895
-0.000740272
-0.000598091
0.153577
0.000767198
0.00613462
0.0358314
0.00644431
0.119362
0.0738274
0.0263635
0.0095744
0.00730028
0.0296026
0.0393467
0.136786
0.0149215
0.00615464
0.0317022
0.00366725
0.0262619
0.0172089
0.000105382
0.00345822
0.0185778
0.0355346
-0.000108823
0.00973421
0.00418757
-0.000444613
0.00127659
0.00799124
-0.000756904
0.0243815
0.0150042
-0.000564499
0.00752006
0.00307066
0.0393853
-0.000610339
0.00374086
0.0372203
-0.000283112
0.0105326
-0.000200082
0.00520553
0.0227839
0.00659007
1.39051e-05
0.0100684
0.0372742
0.22577
0.0209034
0.0346735
0.000127564
0.00707078
0.00661562
0.000247006
-0.000637249
0.00208572
0.0224704
0.0234639
0.0111731
0.00282252
0.00157314
0.00909125
0.0173219
0.0332892
0.00693185
0.0325293
0.204302
0.00949098
-0.000394491
-0.000494221
0.00345407
-0.000775581
0.0072927
0.00803095
0.00439847
0.0413193
0.00636339
-0.000545773
0.0066258
-0.000546339
0.0268517
0.0198918
0.0178148
0.00580222
0.00494925
0.0199562
0.0278691
0.0504146
0.0258717
0.0313517
0.0327073
-0.000694598
0.00051001
0.0251355
-0.000689007
-0.000654125
0.203092
0.0234483
0.0078861
0.0203707
0.0370421
0.0136093
0.0144501
0.027572
0.00505354
0.00494663
0.0128903
0.0296563
0.00735227
0.00112958
0.0448613
0.00135553
0.00447692
0.0330756
0.000687352
0.00803529
0.0249627
0.0550319
0.0007341
0.00260046
0.0404053
0.0259809
0.00271147
0.00274557
0.0619654
0.0178112
0.14051
0.0189282
0.00968581
0.0176726
0.0223926
0.00240561
0.000123413
0.00285642
0.00109533
0.0162518
0.0175574
0.0160731
0.0245063
0.0268536
0.0413872
0.010971
0.000352943
0.0234991
0.013632
0.0112143
0.0110794
0.0142028
0.0106628
0.0149456
0.000595378
0.00855964
0.0247195
0.0217514
0.076735
0.0304049
0.0212252
0.00522104
0.00210743
0.0140506
0.00231358
0.0356397
0.0344152
0.0220977
0.0401641
0.00163574
0.0181651
0.0375526
0.00778339
0.00112156
0.215969
0.0457739
0.00679763
0.00608409
-0.000406327
0.0358803
0.0131677
0.0242617
0.0143903
0.00441244
0.0100453
0.00720327
0.000878136
0.00210201
0.0470217
0.00274649
0.0413298
0.000262637
0.00433208
0.0062589
0.0160825
-0.000408726
0.0217565
0.00218591
0.0280303
0.00740976
0.0154542
-0.000746098
0.0157159
0.00344711
0.00106946
0.0303297
0.020874
0.0215307
0.025372
0.00259099
0.140841
9.46809e-05
0.228461
0.00615447
0.000878217
0.0161156
0.0311889
0.0254895
-0.000732482
0.00214291
0.0189267
0.030907
0.0428549
0.00707594
0.00293649
0.000275008
-0.000102626
0.00170771
0.00555539
0.0439008
0.0208332
0.0092746
0.00319495
0.0202365
0.00958909
0.0174698
0.0347385
0.00815522
0.000308966
0.00973766
0.0928966
0.0142482
0.0428658
0.0358804
0.0154808
0.154993
0.0482813
-0.000795683
0.00125786
0.0129018
0.0321558
0.00709196
-0.000546173
0.00557279
0.00197686
0.0211925
0.0156133
0.00986424
0.00269413
-0.00063354
0.0104357
0.0140591
-0.000625206
0.00186958
0.000121567
0.0493092
-0.000300667
0.0397107
0.0394105
0.00281699
0.0788387
0.00278137
0.000211409
0.0525268
0.0026233
0.0239346
0.0166905
0.00821049
0.0464178
0.000481838
0.00549866
-0.000453464
0.0235219
0.0379252
0.153435
0.00237546
0.0088115
0.0117914
0.00293988
0.0103859
0.000788778
0.00956247
0.00915644
0.005899
0.0125348
0.0407079
0.000847467
0.0202832
0.031643
0.0310829
0.0515656
0.000341464
0.00179211
0.046069
0.0426847
0.0222244
0.00525377
0.00425619
0.000348244
0.00337353
0.01382
0.00128191
0.0170125
0.0195209
0.0308437
0.00158917
0.0233536
0.0128037
0.0115636
0.218666
0.000427023
-0.000761409
0.0468605
0.0050799
0.0322448
0.0432307
0.0160027
0.00109853
0.0637432
0.0194899
-7.40427e-05
0.0133383
0.0284434
0.0230567
0.0373857
0.0549402
0.0167924
-0.000389993
0.0212556
0.00850687
0.00973253
0.00901677
0.10572
0.00986853
0.050733
0.0122059
0.0042274
0.0876803
0.00618391
0.0316559
0.000327639
0.108037
0.00147557
0.0097749
0.00502258
0.00813268
0.0296604
-0.000681325
0.0162801
0.00197786
0.00379078
0.00841753
0.212362
0.00819918
0.0192482
0.0204649
-0.000340986
0.0726614
0.0278949
-0.000792973
0.00332099
0.00375286
-0.000341089
-0.000597889
0.0156014
0.00167389
0.000736162
0.0182725
-0.000552465
0.0414977
0.00751675
0.0246906
0.00154554
0.000277553
0.0453779
0.00204604
0.00561129
0.00705132
0.00643332
0.00150313
0.00319853
0.00148186
-0.000164877
0.106281
-0.000773012
-0.000755343
0.00846844
-0.000577253
0.00344163
0.00153357
0.0278013
0.0330785
0.0410897
0.029242
0.00104158
0.00131353
0.0122439
-0.000220312
0.0160023
-0.000795004
0.0124883
0.0195381
0.0202603
-1.5878e-05
0.0893996
0.0479026
-0.000228007
0.0501533
9.63098e-05
0.000349531
0.0157372
0.0684093
0.00425757
-0.000749267
0.0168798
0.00994552
0.0152931
0.00701403
0.0054925
0.0433381
0.00543569
0.000794804
0.0798855
0.032492
0.000800407
0.0147913
-0.000381825
-0.000260043
0.141364
0.0123001
0.0135054
0.0235176
0.00295925
0.00500362
-0.000759383
0.0270631
0.00388244
0.0075509
-0.0004166
-0.000535304
0.00156116
-0.00046064
-0.000772256
0.0303659
0.00210242
-2.70613e-05
0.0129278
0.00320343
0.0237707
0.0209589
0.00258542
0.148027
0.0167005
-0.000688713
-0.000798362
0.0183092
0.023903
0.0364763
0.00256397
0.0425573
9.55967e-05
0.0189465
0.00149861
-0.000633694
0.0136868
0.00485567
0.00930338
0.00349002
0.0109524
0.00283471
-0.000645585
0.0245355
0.033224
0.00814564
0.0437283
0.0236961
0.0413272
0.0262537
0.0190222
0.00537778
-0.000634108
0.000631934
0.00519826
-0.000770918
0.0118544
0.0200051
0.0106587
0.0220604
0.143996
0.00122791
0.0235307
0.00413963
0.000179843
0.0272739
-0.000137902
0.0276757
0.00163684
0.0391293
0.0233333
-0.000786637
0.00975931
0.0325077
-0.000783982
0.00212401
-0.00064747
0.00148257
0.022566
0.0524096
0.044339
0.00147019
0.013064
0.00906671
0.0012127
0.0210845
0.00965457
0.0619866
0.00358537
0.00164964
-0.000784836
0.00349594
0.000816007
0.00141454
0.035519
0.00370648
2.66577e-05
0.0178122
0.000818927
0.142108
0.0226184
0.010011
0.021522
0.0312392
0.00189674
0.0154947
0.00819571
0.204652
0.0314581
-0.000630079
-0.000163633
-0.000485788
0.0370357
0.0188356
0.00779256
-9.82723e-05
-0.000779966
0.00435862
0.00806391
0.0111224
0.039995
0.042581
0.114272
0.0031783
0.0105672
0.0514377
0.00680469
0.0128717
-0.000548738
0.0513836
0.00300666
0.00934998
0.0310161
0.00465936
0.0761291
0.00186498
0.00236068
-0.000607587
0.00741994
-0.000513323
0.000617687
0.00339462
0.0403993
0.0214119
0.00399014
0.0423017
0.0114132
0.016045
1.99466e-05
-0.000771365
-0.000766699
0.0177297
0.000400915
0.00234109
0.00435717
0.0310796
0.0132343
0.0299744
0.0337725
0.0141118
0.00122294
0.216015
0.00915612
0.0168148
0.00101756
0.203067
0.00206641
0.00558081
0.0158147
0.0110607
0.021011
0.0529156
0.000942341
0.00385184
0.00859099
0.00696375
0.0212815
0.0509067
0.0524937
0.011894
0.00026914
0.0306019
0.0134192
0.0113997
0.0050281
0.0379534
0.000349363
0.0134497
0.0115719
0.0485109
0.0294376
0.00323275
-0.000637508
-0.000793065
0.0165761
0.0300766
0.0452465
0.0158209
0.01508
0.000638395
0.0277322
0.0106811
0.00753111
0.0380219
0.0473188
0.0305965
0.025109
0.000202003
0.0152619
0.012117
0.0337349
0.00385093
-0.000684772
0.0474947
0.0381661
0.0376588
0.00106549
0.0170857
0.000860672
0.00539034
0.207194
0.000273984
0.0299939
0.041094
0.000912245
0.00261958
0.00294766
0.011367
0.00490763
-0.000411344
-0.000697764
0.0114002
-0.000338813
0.000983124
0.000166205
0.0232217
0.0120166
0.216844
0.00142363
0.0194913
0.206297
0.0192528
0.0109586
0.0179003
0.0485962
0.0628951
-0.000794166
0.0527289
0.226744
0.0408033
0.00154948
-0.000616534
0.043318
0.0337891
0.0198356
0.0507351
0.000116461
-0.000338107
0.0149291
0.0180057
0.000338452
0.0493043
0.0451462
0.0170994
0.0245377
0.00155247
0.00796391
0.00802463
0.0110207
0.0077135
0.0192118
0.0403773
0.136128
0.0215015
0.00354035
0.0149923
-0.000278933
-0.000794437
0.0332937
0.0253448
0.00850326
0.027786
0.0108819
0.0344187
0.0332386
0.0376076
0.00984674
0.00856794
0.00255188
0.00106818
0.0108511
0.0296239
-0.000761479
0.0739726
-0.000285108
0.0021983
0.0127165
-0.000724592
0.0118532
0.0118198
0.00955126
0.241356
0.0426448
0.0213971
-0.000680612
-2.53056e-05
0.00224142
0.00108523
0.000255857
0.0021341
0.0434178
0.0199647
-0.000451144
0.00400761
0.0644171
0.00324115
0.0286842
0.0229151
0.00111543
0.0416992
0.0335537
0.0148174
0.0342579
0.0141231
0.0420263
0.0230243
0.0227987
0.00683513
0.0247198
0.0159084
0.0376131
0.00843579
0.0168652
0.0113879
0.0628705
0.0139605
0.000386635
0.0269781
0.00272914
0.00708464
0.0244297
-0.000345817
0.0279422
0.024947
-0.000624965
0.119126
0.0105003
-0.000792209
0.0472524
0.0273666
0.0178254
0.00912679
0.0024109
0.0396299
0.00231235
0.140072
-0.000593243
-0.00076011
0.00023508
0.00722785
0.2355
0.00147252
0.000239683
0.0156266
0.0243813
0.0119002
0.000517695
0.0358077
0.034591
0.00016625
0.0485039
0.0297382
0.00992314
0.00991682
0.0903001
0.0181144
0.00627155
0.0499671
0.0240203
0.0287004
0.041978
0.052364
0.014156
0.00367084
-0.000367834
0.0184774
0.000507648
-0.00014906
0.0320489
0.0169679
0.0129431
0.0119519
0.00558148
0.00407067
0.00868931
0.0344651
0.0468878
0.0518084
0.0744195
0.0110407
0.0368221
-0.000544093
0.0140846
0.0532994
0.00108882
0.0446719
0.0119865
0.0555955
0.16593
0.00582361
0.00887989
0.00987085
0.0183141
0.00735678
0.00808498
0.000387164
0.0212696
0.00307825
0.00239349
0.0182246
-0.000315593
0.0117924
0.0360088
0.0421983
0.00565093
-0.00076569
0.0366789
-0.00010002
0.00978651
0.0131835
0.00542529
-0.000785299
-0.000554821
0.143658
0.0734138
0.00197723
-0.000692995
0.00160802
0.0268164
-0.000410024
-0.00015258
0.00818021
0.013794
0.0100507
0.000494246
0.239558
0.0131966
0.0250658
0.013891
-0.000220649
0.0688586
0.0358945
0.0354973
0.0163101
0.0377857
0.0192308
0.0251231
0.00195455
0.00939292
0.0260458
0.00369689
0.0189681
-0.000612329
0.00514052
0.0537771
0.0173066
0.02723
0.053376
-0.000353299
0.00325662
0.00978042
0.0525684
0.00341484
-0.000271419
0.000564987
0.156065
0.00298758
0.00842367
0.0179551
0.0148223
0.00668507
0.0269319
0.016632
0.0158668
0.0388786
0.0480634
0.0265908
0.0358372
-0.000685278
0.0148476
0.0476455
-0.000631888
0.0167061
0.0102233
0.0416269
0.0180502
0.0105449
0.0089276
0.0110856
0.0165167
-8.18979e-06
0.0342241
0.0228432
0.00656002
0.0153445
0.0400607
0.00457005
0.0469
0.021728
0.0362055
0.041911
0.0101605
0.00983627
0.0404959
0.012773
0.0354976
0.000574041
0.0541805
0.0376433
0.00292092
0.0246482
0.0165825
0.00329484
0.00745185
-0.000728907
0.0420434
0.0329096
0.151471
0.032438
0.00697787
9.55076e-05
-0.000398802
0.0415516
0.00374048
0.0142089
0.00519478
0.0331442
0.141819
0.00203172
0.0419875
0.00531848
0.000635067
0.00323914
0.0381583
0.201029
0.000732523
0.0519822
0.205103
0.0404752
0.0123439
0.000843796
0.0335674
0.0310328
-0.00062243
0.00771397
0.0389465
0.0195335
0.00799895
0.018378
0.0071247
0.00207137
0.0313699
0.214915
0.0074049
0.0135654
0.0158465
0.00330086
0.00228783
0.0426664
-0.000761402
0.0153937
0.0130242
0.00225772
0.0140705
0.00918114
0.00979609
9.19411e-05
0.0370135
0.0124301
0.0032149
0.0345891
0.00366722
-0.000754116
0.0388307
0.011444
0.112475
0.0120002
0.0246302
0.092329
0.00184779
0.00160742
0.000743383
0.0310197
-0.00029976
0.0290455
0.00907248
0.0164587
0.038395
0.0102453
0.00277171
0.0485263
0.000484189
0.00300134
0.00904223
0.0333318
-0.000689748
0.00242221
0.10586
0.00865436
0.0454823
0.00404321
0.00485109
0.0524643
0.0281471
0.00315464
0.00292161
0.00895842
0.138247
0.0913433
0.023684
0.00657778
0.0356534
0.00686632
0.0157742
0.00241069
0.00834509
0.00195875
-0.000332328
0.010257
0.0618645
-0.000447278
0.0228259
0.0403459
0.00696571
0.00143149
8.69217e-06
-0.000793316
0.0173775
-0.00072466
-0.000488266
0.000142674
0.0884024
0.00291432
0.104086
0.000244885
0.00836793
0.0169321
0.000510852
0.0120821
0.0151746
0.0490127
0.0522619
0.0519711
0.000846945
0.0366448
0.00222183
0.00614374
0.000595493
0.0234811
0.0156322
-0.000765098
-0.000705152
0.101284
-0.000766537
0.0156978
0.0364835
0.000174652
0.0289603
0.0250257
0.145873
-0.000502509
0.00168378
7.921e-05
0.000261397
0.0114248
0.0293663
0.00102699
0.0109596
0.00231278
0.00778352
-0.000485311
0.0368512
0.0755811
0.00618294
0.00139274
0.0299723
0.0439544
0.0249194
0.0433625
0.00736515
0.0362263
0.0376938
0.0847688
0.0113794
0.120175
0.0453641
0.0311792
0.0903283
-0.000783336
0.0001379
0.0214018
0.00140188
0.0288474
0.00198932
0.0151328
-0.000349578
0.0390031
0.0110362
0.0140538
0.076038
0.0310376
0.00380896
0.00392949
-0.000774793
-0.000504387
0.0762471
0.141532
0.0377996
0.0179854
0.0252546
0.00184779
0.0233031
0.0118383
0.0309834
0.0196839
0.00389705
0.0213124
9.85313e-05
0.00269627
0.00185022
0.00913962
0.0142694
0.0402197
0.0297832
0.216007
0.00323857
0.0432311
-3.86794e-05
0.0413662
0.00456453
0.00629379
0.0340063
0.0273287
0.00918799
0.14075
0.046153
0.0408588
0.0448022
0.0185458
0.009937
5.3308e-05
0.0338078
0.000198062
0.0115336
-0.000482794
0.0308432
0.00122951
0.035427
0.00223545
0.0317084
0.0223374
-0.000423612
0.00412806
0.00546567
0.0132933
0.00640634
-8.9155e-05
0.00224355
0.00955265
0.00248696
0.000413691
-0.000493741
0.00231783
0.0145436
0.00731716
0.00291469
-0.000674223
0.0429725
0.0377857
-0.000762172
-0.000798059
0.147167
0.00175998
3.71365e-05
-0.000745917
-0.000479807
0.0243612
0.000833697
0.038953
0.00133877
0.0197781
0.000736983
0.163301
0.0555269
-0.000636348
0.00568936
0.0530477
0.0173933
0.0102456
0.000254442
0.0391549
0.00706824
0.0194106
0.00555092
0.00785127
0.0106714
0.00139919
0.102271
0.00805567
0.00608822
0.025448
0.00786513
0.0102074
0.0314899
0.000563469
-0.000213786
0.00360901
0.0176001
0.00995386
8.12649e-05
0.00179623
0.119773
0.031828
0.0443377
0.00528868
-0.000508125
0.00135537
0.0292031
0.0219443
1.63191e-05
0.0029791
0.00565726
-7.00399e-05
-0.000106723
0.0254195
0.0260688
0.0115535
-0.000754935
0.00442246
0.00557658
-0.000763216
0.00505651
0.0021031
0.0237439
0.0381293
0.031711
0.00641339
0.0439617
0.0328141
0.0479945
0.0242976
0.000216712
0.0858253
0.016001
0.0110722
0.00307137
-0.00068789
0.0529212
0.001163
0.0311875
0.0174119
0.0178219
0.0289357
0.00181459
-0.00026904
0.005848
0.0278434
0.00893209
-0.0002662
-0.000771027
0.137544
-0.000797211
0.0310973
7.39256e-06
0.00664342
0.00858895
0.0437892
0.0003733
0.00464702
0.073527
0.0254762
-0.000247977
0.0203162
0.00794011
0.000308396
0.0186953
0.0113009
0.0112622
0.017496
0.00508596
0.0393592
0.00247461
-0.00064171
0.00596675
0.00582415
0.0738638
0.00155629
0.0530546
0.00237028
-0.000281719
0.0179311
0.00495935
0.0328487
0.0117614
0.00402551
0.0135697
0.00543217
0.0445323
-0.000198911
0.0209285
0.0156115
0.0103687
0.032205
0.00791451
0.00195612
0.000524701
0.00288531
0.00548186
0.049755
-0.000627514
-0.000532152
0.00521496
0.00874758
0.0123794
0.0228926
-0.000491789
0.0477489
0.0400317
0.0162281
0.0076179
0.0376848
0.0154362
0.000489294
0.00232192
0.0101809
0.0224644
0.011105
0.00628705
0.0424527
0.00373401
0.00955045
0.0434212
0.00365192
0.0437529
0.221112
0.0329238
0.0459217
0.0567648
0.0067752
0.0195188
-0.000774492
0.025573
0.035081
-0.000499683
0.00844197
0.00269583
0.217068
0.00717404
0.0273716
0.000959575
0.00102582
0.00433716
0.0273035
0.000419955
0.0523104
0.0132649
0.0390193
0.0193445
0.00990352
0.0761929
0.00591728
0.0376751
0.00282214
0.0026914
0.00548164
0.0283609
0.0224374
0.0411132
0.00411911
0.0120821
0.00382278
0.0750716
0.00747198
0.0272356
0.0268317
0.00435802
0.0131087
0.013039
-0.000793515
0.0203492
0.0223961
0.010863
-0.000774445
0.000602546
0.014973
0.0683938
0.0422484
0.00246679
0.00210476
-0.000717141
-0.000228618
0.0487041
0.0290291
0.00589135
0.0231308
0.0316571
0.00625711
0.0459086
0.00939955
0.0518011
0.00871878
0.0241958
0.015824
0.0218673
0.141908
0.0764291
0.00263207
0.0156794
0.000137458
0.0156959
0.0412131
0.00602614
0.0156092
0.0258304
0.203861
0.212115
0.0313089
0.00771765
0.0515321
0.00116665
0.0343358
0.112047
0.0402819
0.0228632
0.119687
0.00736347
0.00525563
0.00164018
0.0155592
-2.8494e-05
0.0432624
0.00624501
0.00405614
0.0165893
0.00157615
0.00211418
0.000493543
0.00858858
0.0254286
0.00241564
0.00848245
0.091288
0.00916137
-0.000380827
0.00933181
0.214985
0.0334282
0.0060665
0.0219124
0.0247737
0.0137954
0.000916759
0.011273
0.00227626
0.0426615
0.00608432
-0.000257729
0.00292196
0.00292476
0.00146964
0.0440872
0.237895
-2.50746e-05
0.0174227
-0.000766149
0.0234814
-0.000605814
0.018615
0.00624848
0.0458053
0.0270958
0.0185237
0.0364252
0.142403
0.0123235
-0.000395321
0.0235793
0.054386
0.000489928
0.0175213
0.0266756
0.00436738
0.203176
0.00541495
0.00638486
0.004573
0.0368082
0.028822
-0.000136105
0.0274224
0.00484071
0.00423191
0.00618268
0.0288784
0.0198207
0.0232867
0.0303107
0.0174928
0.0199666
0.0372526
0.000306607
0.0172504
0.00198602
0.230225
0.0237203
0.0347855
0.00393686
0.000320992
0.0369923
0.000362493
-0.000782054
0.0149066
0.056569
-0.000295935
0.0392092
0.0074331
0.000430059
0.0749089
0.0075659
0.0160682
0.0434537
0.00181376
0.0154514
0.00469185
0.00461398
0.010398
0.00186913
0.0144948
0.00821646
0.117223
-0.000726206
0.215723
0.0758025
0.000257826
0.0445594
0.0226292
-0.000436893
-0.000280182
-0.000754977
-0.000246234
0.00953946
0.0188832
0.0647697
0.00122116
0.0512425
0.00495908
0.0024871
0.000567937
0.00106958
-0.000585653
0.0313446
0.0131175
-0.00041909
0.0337341
0.11809
0.00283075
9.84009e-06
0.0387297
0.0149314
0.00448743
0.0150812
0.015798
0.0499165
0.0254945
0.00213173
-0.000247712
0.104385
0.0219388
0.00297622
-0.000766864
0.0146098
0.0157831
0.214254
0.0256618
0.0319223
0.00315214
0.0093235
0.0266281
0.0012937
0.0138134
0.014955
0.00189081
0.019133
0.0470519
0.047343
0.0235124
0.0326736
0.0022386
0.00692738
0.00810136
0.000939678
0.0521874
0.0336075
0.0226622
0.00074118
0.0180351
8.06689e-05
-0.000794606
0.0078899
0.0117241
0.0359625
0.00143945
0.0286308
-0.00014406
0.0151916
0.00383601
0.0107193
-0.000725011
0.0443184
0.00355927
0.0240276
0.0495157
-0.000412471
0.0500753
0.143878
0.000349283
-0.000361354
0.0307389
0.0194403
0.00667215
0.0172762
0.0921779
0.00877856
0.00476008
0.00431473
0.0133959
0.0858369
-0.000786113
0.00143516
0.0403222
-0.00049561
0.0190663
0.0197291
0.0359654
0.000269418
0.0240094
-0.000673814
-0.00075745
-0.000675444
0.119247
0.00894672
0.00171647
0.0280026
0.00853513
0.00479645
0.0625527
0.0119242
-0.000795962
0.00198312
0.00439863
0.000429199
0.0239976
0.000192905
0.0153331
0.000948689
0.0177757
0.0438628
0.00665944
0.00166735
0.00156488
0.00948541
0.00726785
0.00669166
-0.000794499
0.0159629
0.0077877
0.0366462
0.000554217
0.00275056
0.0326734
0.00444973
0.00254782
0.000991073
0.0369902
0.106162
0.0632319
0.000495468
0.0490786
0.00125095
0.0242653
0.0392063
0.000461821
0.0198223
0.00523917
0.00441639
0.00024665
0.0309184
0.0457381
0.000130394
-0.000697967
0.00877712
0.00378823
0.0444578
0.00613955
0.00919889
0.010123
0.0124136
0.00377971
0.00703518
0.0124685
0.000454883
0.020548
0.0149989
0.00116122
0.0340172
0.0347557
-0.000503583
0.0444437
0.00419275
0.0363025
0.229219
0.0177179
0.0368088
-0.000428343
0.00320777
0.0189533
0.00102551
-0.00075027
0.0100244
0.00664967
0.00252197
0.0121828
0.0127563
0.000231562
0.00392774
0.0264775
0.0317082
0.217124
0.0335429
0.0131154
0.0011648
0.0206023
0.00538028
0.000230166
-0.000649084
0.0381192
0.00135804
0.00467526
0.00552547
0.035227
0.00471298
0.000698101
-5.49896e-05
-0.000722919
0.0078094
0.0157787
0.0137195
0.000366222
0.20294
0.053913
0.00996481
0.0104146
0.0214022
0.00886876
-0.000712477
0.112057
0.036303
0.0004037
0.201347
0.00121703
0.11439
0.0439387
0.0857259
0.00927242
0.0280429
0.00212936
0.0277408
0.0016834
0.00643606
0.00797481
0.0213614
0.0272526
0.242067
0.0230623
0.00289672
-0.000774219
0.0239784
0.0117966
0.0037446
3.8398e-05
0.0308017
0.149811
0.00875928
0.00495367
0.0184416
0.0049945
-0.000598165
0.00361525
0.000521256
0.0282562
0.00625784
0.000225516
0.00282661
0.0356497
0.0443324
-0.000333807
0.0224284
0.00567796
-0.000592956
0.0262659
0.0132618
0.0128655
0.0112013
0.0193359
0.00047069
-0.000577599
0.00835171
0.0174745
0.00192638
0.000278739
0.00241851
0.157968
0.0923696
0.0381443
0.200237
5.15637e-05
-0.000410571
0.0414962
0.0161831
0.00166738
0.00502301
0.0144931
-0.000110986
0.016041
0.00625026
0.016037
0.0731614
0.0354915
0.0332524
0.00316319
0.0162922
0.0115763
0.00354143
0.137066
0.027166
0.0176268
0.223332
0.0291296
0.00156091
0.0370279
0.00256065
-0.000708656
-0.000723951
0.0024828
0.201054
0.00269071
-0.000605533
0.0271895
0.00886855
0.0517353
0.200688
0.00265894
0.000268539
0.000757515
0.10439
0.0124551
0.141876
-0.000785615
0.00326914
0.0148505
0.0249195
0.104187
0.0521872
0.00055287
0.0214299
0.00214147
0.0167903
0.00459202
0.0403108
0.0566368
0.0533224
0.0324069
0.01603
-0.00029944
0.00452864
0.000336153
-7.81774e-06
0.000603945
-9.04563e-05
0.0169989
0.00556988
-0.000687554
0.220046
0.0215707
0.00935152
-0.000765032
0.0392053
0.146591
0.0739177
0.0389446
-0.000339427
0.0487115
0.00346346
0.0153406
0.0443927
0.0266362
-0.000326449
0.00309953
0.0307789
0.0730805
0.0178508
0.0407148
0.0220155
0.00964893
0.00797211
0.00386856
0.00253767
0.00116711
0.00626004
0.00399226
0.145688
-0.000545859
-0.000420639
-0.000683819
0.0135913
0.0045255
0.0279398
0.0101798
-2.29396e-05
0.00957681
0.142335
0.0323591
0.000106809
0.019326
0.063823
0.00470935
0.00248916
0.0221067
0.161588
0.203569
0.000493644
0.00129815
0.0100406
0.00788112
0.0886029
0.00193423
0.00752325
0.0633437
0.00544379
0.0367868
0.0126241
0.0119727
-0.000770057
-0.000789518
0.0264276
-0.000778399
0.056398
0.0467022
0.00809567
0.141384
0.0158077
0.0338274
0.0177074
-0.000358614
5.49016e-05
0.00967923
0.00757835
0.0213911
0.00228303
-0.000535533
0.0182379
0.00945945
0.0297163
0.00229828
0.0204938
0.0288311
0.000835004
0.00711147
-0.000755809
-0.000597116
0.013617
0.00737435
-0.000716349
0.00932019
0.000411518
0.000436036
8.74924e-05
0.00585611
-0.000739932
0.0118513
0.000940197
0.0134318
0.0133092
1.4131e-05
-0.000627352
0.0012005
0.0157103
0.0193128
-0.000357723
0.0245172
-0.000578826
0.0106805
6.75572e-06
0.00149511
0.0528516
0.000472379
0.0185222
0.00359877
0.0163039
0.0395108
0.0203361
0.0171236
0.0310934
0.00851059
0.0436426
0.144265
0.0184372
0.00113694
0.00345111
0.0254968
-0.000704302
0.00171806
0.0036925
0.0333113
0.0746297
0.0744787
0.00565079
0.0163937
0.00198154
0.037301
0.000250677
0.0116296
-0.000341229
0.030286
0.0153028
0.00936663
-0.000674863
0.235689
0.0257757
0.000840737
0.0200102
0.00455307
-0.000662237
0.0321347
0.00226429
-0.000407972
0.0111228
0.0280444
0.00206744
0.00712578
0.00323102
0.00244294
0.0048811
0.0876963
0.0350768
0.00933401
0.0111546
-0.000771966
0.0641961
0.0310241
0.0100557
0.00478344
0.00326494
0.00610117
-0.000695601
0.017499
0.00381845
0.00380551
0.0417378
0.0330284
0.0483102
0.00122108
0.00313967
0.000545762
0.0267434
-0.000425848
0.00297715
0.0246214
0.00650919
0.00102639
0.0287417
9.21513e-05
0.140421
0.00173217
0.0233737
0.00463157
0.0411659
0.106233
0.0054073
0.00145063
-0.000370409
0.0134306
0.0102238
0.020208
0.0213998
0.00258368
0.00823877
0.0299213
0.00197787
0.0489503
0.00433096
0.0168805
0.00453513
0.0143713
0.00281684
0.00198787
0.0130891
0.0138978
0.0116638
0.0228679
0.0141462
0.00518688
0.02041
0.00582593
0.0199534
0.0431163
0.00246621
0.0140226
-0.000393781
0.0395141
0.00756264
0.0200095
0.0302236
0.0264641
0.0353162
0.00100443
0.00480056
0.0393307
0.0342726
-0.000460687
0.0916721
0.118122
0.0130639
0.00083916
0.00189973
0.0260882
0.031893
0.0228229
-0.000541314
0.0338687
0.0346449
0.0811533
0.0298287
-0.000555635
0.00573437
0.000910723
0.000270836
0.00075193
0.00808678
-0.000275772
0.00378671
0.0107037
0.0156797
0.00982692
0.0178953
0.000808282
0.203457
0.0190312
0.036958
0.00615708
0.00702507
0.0186237
0.0273581
0.000817354
0.0084565
0.0307398
-0.000636989
0.00467746
0.151414
0.0132234
0.0369768
0.0167787
0.0303556
0.00246788
0.0721881
0.0899604
0.00433797
0.0097876
0.0138553
0.0211952
0.0120469
0.0243037
0.0219276
-0.000796121
0.0399503
0.0103153
0.00934884
0.00196188
0.010205
0.011046
0.0506079
0.014642
-0.000707869
0.0163972
0.00170266
0.00972092
0.0424614
0.0109038
0.0250543
-0.000407991
0.0291181
0.0306179
0.0315111
0.00950094
0.0259991
0.00282764
0.00162641
0.0223438
0.00453616
0.0121997
0.0410558
0.00831293
0.138631
0.00466659
0.0236635
-0.000219392
0.00736949
0.0160393
0.02244
0.0263151
0.00524013
0.00246701
0.0408299
0.00803702
0.119746
0.224314
0.00341577
0.00471357
0.00181993
0.0037853
0.00724116
0.119489
0.00799585
-0.000796606
0.0318805
0.213614
0.0751153
0.0126411
-0.000544262
0.0246906
0.0102781
0.0133291
0.0275029
0.010158
0.00409179
0.0156877
0.0209123
-0.00057567
0.14823
0.00571373
0.0170965
-0.000462354
0.0175465
0.00200892
0.0284258
0.0176973
0.0219316
0.00257041
0.00111638
0.00461075
0.0446062
0.00186186
0.203219
0.102874
0.153182
0.00882444
0.0404264
0.000128818
0.00413417
0.0688382
-0.00077811
-0.000109415
0.0233872
0.0212788
0.0119576
0.00170332
0.0339565
0.0326519
0.00626291
0.000738996
0.0192313
0.0419241
0.0130796
0.0135454
0.0208083
0.0195972
0.0134054
-0.00074834
-0.000379736
0.00965528
0.00881484
0.000897924
0.00433145
0.0376643
0.0307748
0.000808563
0.0739341
0.00785973
0.0215689
0.00299451
0.0478096
-0.00018998
0.0167716
0.00334822
0.00890493
0.0137667
0.000705321
0.0422396
0.000942873
0.0366018
0.00444234
0.0213939
-0.000614805
0.0412554
0.0312696
0.0003536
0.00171433
0.00214507
0.0546814
0.00137605
0.00768866
0.0308677
-0.000414847
0.0192037
0.0134493
0.00252653
0.00409214
0.0150573
0.00285621
0.0388051
0.00234102
0.00140421
0.000276355
0.0283614
0.0478837
0.0330888
0.07551
0.0282648
0.00280143
0.00191353
0.00081365
0.000768729
0.0195297
0.0317863
0.0301086
0.0121311
0.030384
0.00521871
-0.000427293
0.051827
0.00295804
0.00507824
0.00544867
0.146539
0.204591
0.155988
0.203023
-0.000445167
0.0047489
0.0211258
0.0356615
0.010678
0.028765
0.00821693
-0.000586782
0.0012361
0.0115541
9.85502e-05
0.0398881
-0.000793918
0.00372525
0.00352677
0.0354743
0.136615
0.0624216
0.0106441
0.036906
0.0122107
0.00710542
0.0116338
0.00215495
-0.000366049
0.023432
0.0146902
0.00692457
0.0408491
0.0516024
0.00335845
0.00685578
0.0022166
0.00345931
0.0335577
0.00390002
0.0255875
0.000803505
0.00356167
0.0509985
0.0176934
0.044718
0.0134386
0.00113407
0.00272834
-0.000715255
0.0376694
0.00294256
0.0466083
0.02756
0.00733894
0.0247068
0.00674565
0.0197218
0.00668637
-0.000680662
0.0192938
0.0377237
0.0292133
0.000470153
0.0178493
0.0255457
0.0126424
0.115969
0.00105367
0.0154617
0.0429803
0.108392
0.0195188
-0.000749826
0.0083933
0.00841492
0.00898145
0.0221616
0.00627183
0.00488894
-0.000711876
0.0164406
0.0173131
-0.000781919
0.000440403
-0.000713556
0.0151272
0.0108909
0.0207947
0.00386083
0.0018131
0.0345755
0.00482455
0.0310072
0.0209219
0.00157698
0.00766755
0.0257425
0.00220749
0.00215204
0.0309624
0.0409797
0.0361451
0.000480135
0.017312
0.0112938
0.0431711
0.00867599
0.0018651
0.0178911
0.00191369
-0.000715202
0.0524276
0.0183735
0.0188337
0.14048
0.000917963
0.00283423
0.000328607
0.00880994
0.00315472
0.0113321
0.0476267
-0.000401927
0.0351618
-0.000417036
0.0144574
0.00634339
0.0256174
0.200992
-0.000643602
0.112069
0.039438
0.0260635
0.000798901
0.0293999
0.00753946
0.00100856
0.015234
0.0137971
0.00607901
0.00462754
-0.000754174
0.0437876
0.0195512
0.0363776
0.0248414
0.0112289
0.0110331
0.00549604
0.00651495
0.0173324
0.00828932
0.036753
0.0380661
0.0448502
0.0188279
0.0109859
0.154836
-0.00079351
0.0266254
0.0734863
0.0189661
-0.000784785
0.0217361
0.00448758
0.00483165
0.0347768
0.0116083
0.00897035
0.0104398
0.0143391
0.00209311
0.051619
0.0752698
0.0404959
-8.31084e-05
0.0369198
0.156587
0.0227485
0.0169224
0.0104288
0.0164413
-2.21185e-06
0.0067806
0.00982462
0.026537
0.0506259
0.0322967
0.0150611
0.0036725
-0.00022087
0.0355011
0.0876947
-3.47582e-05
0.00418084
0.0189876
0.048476
0.088381
0.0151325
0.000145698
0.0092437
0.00209241
-0.000645714
-0.000255489
0.00519752
0.0224397
0.0218945
0.0203377
0.00427676
0.0236416
0.00399943
0.0753017
0.0243287
-0.000316623
0.0145546
0.0225164
0.00852008
0.00575231
0.018942
0.00054749
0.0448624
0.001441
0.00902836
0.0153269
0.143248
0.105731
0.007051
0.0304134
0.0366273
0.0153703
0.224281
-0.000793894
0.0387712
0.0165452
0.000181637
0.0146824
0.0120271
0.0436539
0.00879018
0.0166985
0.0280374
0.003593
-0.000787011
-0.000182744
0.0519073
-0.000414098
0.00436708
0.0270482
0.00320243
0.0734287
0.00897946
0.00173843
0.0343713
0.000463083
0.0153044
0.0389403
0.00395994
-0.000362882
0.000442649
0.00365069
0.0275894
0.00262186
0.000481781
0.0192132
0.00856461
0.104339
0.000849457
0.0632632
0.024543
0.0229628
0.00858693
-0.000521373
0.0442848
0.00268025
0.0344239
0.0204008
0.00207148
0.019181
0.012809
0.0384412
0.0151458
-0.000738814
0.0243621
0.0734156
0.0367715
0.0493404
-0.000286358
0.232598
0.000888448
0.00705888
0.237465
0.0158913
0.021825
0.0545784
0.00914848
0.000495805
0.00642991
0.00578899
0.00779183
0.0229668
-0.000584292
0.0360751
0.0139048
-0.000763156
0.0349011
0.00901481
0.242021
0.0236831
0.0100436
0.0174421
0.0365851
0.00816325
-0.000550687
0.00998316
0.0188311
0.00380337
0.00232273
-0.000402523
0.0080847
0.0368788
-0.00079291
0.00664981
0.00238554
0.0778393
0.0467428
0.215718
-5.74477e-05
0.00154851
0.0164722
0.0363067
-0.000228338
0.0367989
-0.000559382
0.00648501
0.0413605
0.0467554
0.00126577
0.0293195
0.0255313
-0.000118602
0.00140696
0.0354716
0.00829012
0.000674496
-0.00063007
0.030595
0.0416795
0.0401734
0.00519538
0.0134884
0.0379671
0.0337325
0.000837568
0.00292937
0.0382807
0.00421026
0.0417189
0.000528014
0.0124608
0.0208053
0.000499661
0.0146847
0.00203615
0.139375
0.00020924
0.0476099
0.00138084
0.00258616
0.0211639
0.00541878
0.0173118
0.0191057
0.0479964
0.0186228
0.00895545
4.00008e-05
0.0402536
0.0211295
0.142657
0.00304301
0.0905686
-0.000333798
0.0537765
0.0318431
0.0097326
0.0208721
-0.00048426
0.00156815
0.0189879
0.00197784
0.00471155
0.0627377
0.000989286
0.000121792
0.0114212
0.0454079
0.0350533
0.0262767
0.0199802
0.0165475
0.0160863
0.0455618
0.00245925
0.0125355
0.00237566
0.00750937
0.00249601
0.000715903
0.0138318
0.0374778
0.0259709
-0.000125775
0.043847
0.104147
0.01342
0.00884535
0.0136692
0.0429123
0.0376042
0.0259184
0.00439718
0.203243
0.00498903
0.0321707
0.00105577
0.00064372
0.00188393
0.000778279
0.0346649
0.00149328
0.0823395
0.036254
0.0159865
0.00167393
0.00652798
0.0165497
0.0289458
0.199263
0.0165336
0.0757889
0.108501
-0.000203417
0.00649627
0.039857
0.000329939
0.0746784
0.0160196
0.0134541
0.00413353
-0.000490825
0.0452519
0.0470456
0.0124468
-0.000680408
-0.000175009
0.00433204
0.0178451
0.0482018
0.00349171
0.000269711
0.0145164
0.0172275
0.00366343
0.0182677
0.0178759
-0.000791437
0.0756213
0.00264093
0.0451601
0.037472
0.012731
0.0275988
0.00465943
0.0049854
-0.000497212
0.00523467
0.0141847
0.0130296
0.0263209
0.00461483
0.00261867
0.00546263
0.0241143
-0.000427646
0.0190351
0.140832
0.0042828
0.0489863
0.00317606
0.0133195
0.0246898
0.106914
0.0136499
0.000663807
0.203217
0.213461
0.147103
0.0501352
0.0631159
-3.61358e-05
0.0295074
0.105335
0.000919988
-0.000749767
0.00308461
0.0112123
0.0127257
0.0179097
-0.000650185
0.103752
0.0022877
0.0106971
0.0129108
0.00418449
0.0124889
0.145774
0.234533
0.040178
0.199847
0.0145792
0.00298819
-0.000660225
0.0564972
-0.000733351
0.0470163
0.00265728
0.00196233
0.0379775
0.0054424
0.00824508
0.0129524
0.000377185
-0.000405993
-0.00021739
0.0685123
0.0296611
0.0263398
0.005428
0.0647974
0.0411423
0.0317155
0.0285123
0.00538351
0.020446
0.0134716
0.0233609
0.0182514
0.0173783
-2.79079e-05
-0.000647922
0.0156859
0.00383505
0.000118142
0.0145292
0.0205795
0.0176644
0.0421782
0.154698
0.00191856
0.0405329
0.0640823
-0.000783871
0.00884138
0.0459352
0.0313088
0.0456548
0.000693347
0.035969
0.02959
0.0403934
0.0528863
0.00354229
0.0247416
-0.000692699
0.00988785
-0.000442772
0.00638802
0.00377394
0.00887121
-0.00061016
-0.000340656
-0.000313216
0.004369
0.000629097
0.0182977
0.0341299
0.0290988
0.0218376
-0.000646009
0.00706963
0.00160848
0.0195271
0.0499686
0.108448
0.0433923
0.00987305
0.0288021
0.0402671
-0.000764089
0.00472855
0.0016221
0.0358135
0.025059
-0.000550697
0.018032
0.0142338
0.142483
-0.000488883
0.019768
-0.00069194
0.0368502
0.00252057
0.0427122
0.00566344
0.0174617
0.00127194
0.000829566
0.00758922
0.0337454
0.0258844
0.0506952
0.00514934
0.0273459
-0.000630151
0.000459965
0.00247121
0.000481528
0.00148765
0.0061399
-9.49067e-05
0.00168412
0.00480536
-0.000387258
-0.000797304
0.0189937
0.0113252
0.0313601
0.00969132
0.0103783
0.0153369
0.0177431
0.00903292
0.00606558
0.00204008
0.0210336
0.00983196
0.0424024
0.00218968
0.00258386
-0.000537718
-9.59264e-05
0.00232777
0.0109065
0.00648906
0.0177603
0.0257849
0.00674623
0.0245717
0.0245323
-0.000780665
0.0128608
0.0421693
0.0133116
0.00852443
0.00412158
0.0188498
0.0159817
0.00122089
-0.000161871
0.216767
0.0236119
0.0096676
0.0457108
0.0157935
0.139939
0.00106368
0.00274276
0.00259513
0.0276289
0.00503876
0.0133692
-0.000693969
0.0169354
0.00525659
0.00337939
0.0192767
0.0201724
0.0196463
0.0206861
8.74826e-05
0.0627163
0.0083164
0.000321675
-0.000475135
0.153952
0.0526645
0.0430849
0.146343
0.00425372
0.00192258
-0.00058395
0.00315505
0.029382
0.0196682
0.00187716
0.0114274
0.0184628
0.0101235
0.214875
0.00569926
-0.000353234
-0.000100304
0.00104438
0.000609938
0.01092
-0.000243196
0.036378
0.00134312
0.00317137
0.0199573
0.00337346
0.0519232
-0.000707931
0.00745859
0.00278077
0.0123675
0.0730824
-0.000213479
0.0237501
0.0087257
0.0251443
0.00033894
0.0912031
0.0185678
0.0134259
0.137121
0.0100917
0.00716568
0.105768
0.00905634
0.0283188
0.004
0.0272956
-0.000770676
0.0836565
0.0555631
0.0332211
0.0103522
0.00228916
0.0416498
0.00567242
-0.00076841
-7.75132e-05
0.00605886
0.00757272
0.0161164
0.00827349
0.0132317
0.00013768
0.0380479
0.0148234
0.000536435
0.00362227
-0.000794469
0.026833
0.0414446
0.0126288
0.00415506
0.213505
0.0208891
-0.000258106
0.0390065
0.0171245
0.0326407
0.145628
0.144054
0.0193932
0.0417796
0.00927362
0.0108479
0.0114993
0.00960374
0.00813118
0.0123683
0.00561249
0.00590197
-0.000177441
0.00204358
-7.57443e-05
0.0412172
0.0491378
0.0246595
0.0734717
0.00361286
-0.000226174
-0.000724191
0.00911264
-0.000507044
0.00370831
0.00205443
0.00255466
0.0409439
0.00896315
0.038181
0.0732317
0.00112692
0.00826122
0.0153323
0.018877
0.00126341
0.0269793
-0.000212891
-0.000703822
0.0521916
0.0898894
0.053478
0.00238827
0.0313843
0.00135884
0.000640464
0.0405212
0.000228267
0.0554718
0.0022551
0.00567923
0.0109489
-6.00321e-05
-0.000771519
0.00163178
0.0467388
0.00186966
0.0537286
0.00260662
-0.00047382
0.0116787
2.15426e-05
0.00663436
0.00678158
0.00966181
0.052632
0.0753678
0.0292448
0.021115
0.00342185
0.00811357
0.0142512
-0.000326524
0.000490304
0.00975561
0.0189902
0.0185387
0.00103372
-0.000780795
0.0195787
0.00638275
0.0097242
0.0126617
0.00171046
0.0371526
0.000301254
0.0458877
0.00535183
0.0208716
0.00211223
0.0365415
0.00184146
0.00521813
0.00131557
0.0361766
0.00473338
0.00403572
0.0183378
0.0414181
0.0339018
0.00653944
0.0106653
0.0327998
0.0317364
0.000795737
0.00951926
0.00230465
0.0297961
0.0124307
0.00135388
0.104026
0.000334999
0.00780842
0.0453913
0.205099
0.0109537
0.000163687
0.015928
-0.000784022
8.68387e-05
0.0201229
0.000991028
0.00520924
0.0517794
0.0758069
0.0263664
0.024665
0.0474713
0.00133965
0.0439266
0.0432786
0.0288815
0.0267864
0.00197835
0.143027
0.0054627
0.023346
-5.91388e-05
0.001394
0.0144715
0.00676525
0.00572495
0.053195
0.00332555
0.0297859
0.217541
0.00429568
0.160467
0.0485392
0.00287509
0.0224782
0.000497565
0.00974618
0.00789792
0.0010452
0.00053126
0.0169429
0.022425
0.00876276
0.00214286
0.0100587
0.00193728
0.00958915
0.00863629
0.00159193
0.0297215
0.0236431
0.0328799
0.00306283
0.00210925
0.0126784
0.00866692
0.00169876
0.0109564
-0.000211414
-0.000774645
0.00748494
0.00931581
0.0015231
0.00562405
0.0736471
-0.000756606
0.0399813
0.00281452
0.0424679
0.0124208
-0.00049727
0.0913191
0.00992124
0.000484372
0.0205382
0.0121367
-0.000596468
0.0168492
0.000900922
0.0103
0.0389701
0.00613445
0.0128574
0.00235931
-0.000205118
0.0163992
0.0140692
0.00446548
0.0312487
0.0275213
0.0047998
0.0686789
0.045434
0.0375192
0.0322828
-0.000397159
0.00447853
0.0308731
0.000573562
0.00206846
0.0022302
0.0365187
0.00498969
0.00250095
-0.00035386
-0.000791955
0.00512595
0.00157928
-0.000789274
0.00697254
-0.000552728
0.0105062
0.000764291
0.000595633
0.00502358
0.00366088
-0.000784542
0.00171428
0.0752965
0.00270009
0.0294846
0.0899499
0.00165456
0.00285418
0.0330746
0.00167047
-0.000545223
0.00132642
0.0451383
0.156903
0.0315879
0.000745736
0.230744
0.0176901
0.16167
0.00164181
0.00142964
0.00285986
0.04715
0.00528509
-0.000791202
0.00708424
0.00147193
0.0114127
0.0267153
-0.000405171
0.0284863
0.0121212
0.0207279
0.00246693
0.0272214
0.000975137
0.000212447
0.0748089
0.036612
0.00141152
0.0316344
-0.000479716
0.000501321
0.107225
0.062839
0.0279829
-0.000796717
0.0139193
-0.000484723
0.0309233
0.000796099
0.0210136
0.000843013
0.145524
0.0176064
0.0395912
-0.000766104
0.119544
0.0554582
-0.000675906
0.019257
0.00307284
0.119997
0.000836403
0.00701673
-0.000415585
0.00368747
0.0112311
0.0222761
0.0214178
0.0055065
0.0218416
0.0299764
0.0052032
-0.000332297
0.0160418
0.0109928
0.0116095
0.00799986
0.0906481
0.00511377
0.0774552
0.0458086
0.0026369
0.0199824
0.0193448
0.03727
8.11757e-05
-0.000136472
0.0375616
0.160584
0.000133458
0.0463635
0.0146335
0.0394576
0.006152
0.0105754
0.137357
0.0490755
0.000314542
0.000257905
0.00800568
0.0193302
0.00514699
0.232738
0.0322566
0.03181
0.00271399
0.000938623
-0.000234434
0.0219292
-0.000767384
-0.00027923
0.0321198
-0.000789764
0.0144336
0.00131776
0.0162865
0.000404591
0.141814
0.000489213
0.00222294
-0.000782724
0.0330038
0.0546132
0.218461
0.000426131
0.0254532
0.0254438
0.000123858
0.022704
0.143038
0.0367412
0.017846
0.0165489
0.0087112
0.00162686
0.0102836
0.214899
0.0144782
0.00272781
0.00679684
0.000807687
0.0106493
0.0024962
0.00536045
0.00251129
0.00436966
0.00455065
0.00141015
0.0481205
0.039165
0.0174062
0.22507
0.00195977
0.00180539
0.0193892
0.0335051
0.0160039
0.00989299
0.0419897
0.0382587
0.00852799
0.00198484
0.00655776
0.00813115
0.00522979
0.038947
0.00121706
0.00885215
0.0435545
0.00532843
0.022633
7.67681e-05
0.0247644
0.019481
0.00188545
0.00258449
0.000206865
-0.00075167
0.0163692
0.0381271
0.00432787
0.00805168
0.0300499
0.00132485
0.00525371
-0.000416737
0.0189082
0.00117487
0.0288081
0.00627786
0.00922448
-0.000391881
0.0406849
0.0185979
-0.000659691
0.0280584
0.00916231
0.00261
0.00899573
0.00768432
0.000617216
0.0010326
0.00181017
0.00025979
0.000992751
0.0387143
0.0417045
0.00182266
0.00581747
0.0125834
0.0115366
0.0114157
-7.46489e-06
7.62779e-05
0.0117818
0.0051875
0.00155711
-1.71731e-05
0.00269603
0.0686204
0.0340921
0.00491967
-0.000772327
0.000269467
0.0213897
0.0414707
0.0383146
0.0350594
-0.000586194
0.0116064
0.142732
0.0396855
0.0373516
0.0222372
-0.000576346
-0.000586055
3.14469e-05
0.119762
0.042997
0.00869962
0.0268128
0.0203299
0.037221
-0.000703105
0.00292251
0.0145091
0.0495166
0.0127258
0.0455071
0.00729467
0.0256605
0.0566494
0.0185131
-0.000760578
0.00155595
-0.000160193
-0.000722648
-0.000727787
0.0224579
0.0226811
0.00360968
0.051718
0.0449164
0.000996375
0.0369285
0.00760464
0.00121125
0.0110041
0.0025689
0.0119882
0.0139851
0.03567
0.013602
0.00860723
-0.000797252
0.027563
0.00745283
0.0206876
0.000354788
0.000851463
0.0131299
0.0266488
0.016832
0.0275698
0.00202357
-0.000787564
0.0362832
0.00608686
0.00655146
0.00508825
0.00430864
0.00374571
0.0300667
0.0389976
0.000410755
0.00226437
0.000287277
0.0196877
0.000470761
-0.000578617
0.0166914
0.0254824
0.00206464
0.0358032
0.000599639
0.0272022
0.00139349
0.000818161
0.0122921
0.0390233
0.00551496
0.000263593
0.0303959
0.0109507
0.142539
0.0475332
0.0261491
0.00339035
0.00136748
0.0119437
0.0143331
0.000979701
0.0242912
0.140334
0.219952
-0.000784318
0.141022
-0.000344656
0.0108641
0.00377267
-0.000738098
0.0295971
0.0131
0.00747429
0.0200333
0.0194527
0.00558076
0.0184092
-0.000798059
0.0155799
0.0525178
0.00326931
-0.000632145
0.0113963
0.00241388
0.00476255
0.0257347
0.00272133
0.0102533
-0.00055876
0.0144313
0.0237452
0.0272277
0.00856498
0.0297756
-0.000772381
0.00155117
0.00808348
0.204732
0.0407267
0.00273032
-0.000540038
0.00405469
-0.000416377
0.0563973
0.0136536
0.0286187
0.00223758
0.00677152
0.00161076
0.0877335
0.00365992
0.0473982
0.00654731
0.0137174
-0.000221647
-0.000405119
-0.000662898
0.00287421
-0.000525577
0.0190708
0.000210514
0.0425533
0.052985
0.00185508
0.0296465
0.0126954
0.0175955
0.000680048
0.218467
0.0203979
0.0233572
0.0287527
0.0877221
0.0195019
0.020507
0.0410376
0.0073029
0.0025576
0.00206565
-0.000248704
0.0230733
-0.000782249
-3.11854e-06
0.0180715
0.0268225
0.0730285
-0.00074927
0.0390515
-0.000380717
0.0243815
-0.000776646
0.0415422
0.00357715
0.000445527
0.0021364
0.0389417
0.147741
-0.000180435
-0.000504065
0.0180759
0.0055316
0.0286058
0.0147424
0.0064334
0.0184113
0.00285773
0.0279651
0.00635387
0.0217131
0.140512
0.0643231
-0.000598613
0.00288459
0.00277798
-0.000117362
0.20398
0.0752652
0.0334475
0.00053469
-0.000446522
0.00421324
0.00852571
0.0150713
-0.000352812
0.024847
0.000440085
-0.000402884
0.0118571
0.000348555
-0.000794944
0.052666
0.0502638
0.00887101
0.00762789
0.0291126
0.014592
0.0176564
0.00509424
0.00922259
0.214349
0.0492016
0.004607
0.00566858
0.0123222
0.0198484
0.00986827
0.0208452
0.00611423
0.000840424
0.0166733
0.0364656
0.00558549
0.000693742
0.0024172
0.0780433
0.0108896
0.0211358
0.0243318
0.0243322
0.0289481
0.0213458
0.0334909
0.085593
-0.000516942
0.0127667
0.031742
0.0415651
0.0353173
0.0482949
0.00339697
0.00203542
-0.000764106
0.00222509
0.0523298
0.000354812
0.00473378
0.00553329
0.00148899
0.00123757
-0.00064629
0.01094
0.0286365
-0.00077999
0.00692572
0.0138101
0.00808644
0.00624484
0.0102528
-0.000719414
0.0150641
0.00164179
0.00707304
0.0311353
0.0374903
0.0281357
0.000873131
-0.000655962
0.0200714
0.00136162
0.00517213
0.00546999
0.0509911
0.00109752
2.13476e-05
0.0186314
0.0110976
0.00103866
0.0251052
0.0026685
0.016868
0.00530307
0.014121
0.030361
0.00396801
-0.000534864
0.0337988
0.0200084
0.0221205
0.00210339
-0.000760702
-0.000605859
0.0138856
2.19801e-05
0.000399853
0.00636173
0.00300978
0.00277874
0.0564211
0.03241
0.0317913
0.0112855
0.0156307
-0.000797883
0.00308194
-0.000203975
0.00367797
0.0396621
-0.000204958
0.0112247
0.00549321
0.0358512
0.0108086
-0.000723938
0.00713707
-0.000640876
0.00594066
0.0163111
0.0418215
-0.000647902
0.00533454
0.0310815
0.0271914
0.0861151
0.00519293
0.0196987
0.0363109
0.0797192
0.00196784
0.0462147
0.00257751
-0.000547362
0.0150629
0.0119197
0.000168002
0.00581664
0.0142571
0.0364312
0.00336488
0.00403223
0.0242295
0.0261044
0.00050153
0.0283666
0.0048678
0.0204404
0.00355507
0.0428984
0.0425909
0.000182488
0.0157508
0.0441055
0.0113324
0.0304662
0.0136848
0.00493293
0.0148836
0.0271832
0.0730215
0.0740478
0.0113501
0.0367248
0.00871122
0.0313522
0.00281355
0.0211015
0.0419751
-0.000589011
0.00435695
0.0489558
0.0858104
0.0156859
0.00264979
0.139956
0.00206482
-0.00052106
0.00959372
-0.000771285
-0.000747679
0.0130451
0.0199604
0.107644
0.016725
0.0379644
0.0316656
0.00282352
0.0100981
0.0886403
0.00300626
0.00399588
-0.000263669
9.12614e-05
-0.000477004
0.000495121
0.141698
0.0501734
0.205255
0.0389627
0.0262013
0.000239594
0.210819
0.0469385
0.00304852
0.0370561
0.00763016
0.0137487
0.0326585
-0.000591705
0.0239753
-0.00054084
0.0752824
0.0398081
0.0308066
0.0396674
-0.000789611
0.0740678
-0.000681818
-0.000795759
0.00282824
0.0317579
-0.000609001
0.019973
0.0100929
0.0141151
0.0017852
0.00787606
0.00285758
0.0232346
0.000717207
0.00624219
0.00238358
0.0399518
0.0295065
0.0189828
0.0015547
0.0295456
0.0111168
0.00898042
0.0118668
0.0461642
0.0337839
0.0066015
0.0427736
-6.47738e-05
-0.000770264
0.204845
0.0505486
0.00308971
0.00632718
0.000576957
0.0234861
0.0381302
0.00561364
0.00276159
0.0298515
0.00169599
0.00894642
0.0478058
0.0137324
0.00317416
-0.000212229
0.0125125
0.00263642
-0.000148986
0.011959
0.0308568
-0.000729605
0.0647765
0.00204063
0.00920979
0.00496138
0.0375417
0.0182693
0.0220753
0.0169776
-0.000765851
0.000243704
-0.000511649
-0.000632318
0.00317636
0.000111927
0.0166692
0.0196728
0.0432187
0.0281782
-0.000152629
0.00913259
0.0380157
-0.000762101
0.0203474
0.000313195
-9.83445e-05
0.0141564
0.00254475
0.018123
0.213082
0.0379626
0.0394222
0.0156773
0.0345903
0.0140443
0.0116615
0.0293113
0.0011493
0.0741449
0.00483707
0.0140156
-0.000164741
0.0366485
0.0197865
0.0146938
-0.000300805
0.0472679
0.163452
0.00534259
0.00559083
0.00223734
0.0104336
0.00354745
0.0207471
0.000768605
0.0038841
0.0132836
0.00282593
0.108488
0.0131739
0.00108456
0.0204983
0.0279033
0.0330264
0.000385547
-0.00076571
-0.000539162
0.0300873
0.164021
-0.000270071
0.0343739
0.0717501
0.00186509
0.0347637
-0.000226372
-0.000752992
0.0505711
0.00118789
0.0396781
0.0162979
-0.000795423
0.00808725
0.00451351
0.0224629
0.012747
0.0286039
0.000363945
0.00454112
2.98827e-05
0.00272281
0.140984
0.0231075
0.0341811
0.000362626
0.0130174
0.0169553
0.0293373
0.0400559
0.0334404
0.005431
-0.000719187
0.0281757
0.00484625
0.0354346
0.000703079
0.000434983
0.0342727
0.000288538
0.0353443
8.30776e-06
-0.000727929
0.0133843
0.00107824
0.163696
0.00201116
0.00494967
0.0401805
0.00154533
0.000355801
0.22005
0.00946793
-0.000794448
0.00513725
0.0003413
0.00760997
0.0100507
0.0885075
0.004069
0.0175691
0.104536
0.0366353
-0.000601975
0.00669922
-0.000682128
0.0732275
0.00169855
0.0447369
0.018467
0.0521365
0.0119698
0.00381089
0.0179362
0.0877464
0.00680169
0.00039643
0.0154825
0.014008
0.00372384
0.00901816
0.0210792
0.00764893
0.0023477
0.0341864
0.00229811
0.0642057
0.0364418
0.0238786
0.0319057
0.00487679
0.0046169
0.000992327
0.0821636
0.0499323
0.00116245
0.000518851
0.00103756
0.0431775
0.00971057
0.0186902
-0.000648665
0.0516606
0.00986895
0.0338884
0.0183798
-0.000638246
0.0383682
0.00921571
0.0521369
0.00017769
0.00785446
0.00182768
0.043199
0.000234908
0.00439958
0.00993486
0.00163257
0.0233421
0.00431158
0.0152957
0.0186447
0.00634574
0.00738548
0.0163465
0.00372878
0.0444627
-0.000100373
0.0379986
-0.000159865
0.000462511
0.0122187
3.70279e-05
0.00168658
0.0129861
0.0184015
0.00181912
0.0061676
0.00143038
0.000372657
-0.000352142
0.0010447
0.0649461
0.0265573
0.0225161
-0.000131674
-0.00018984
0.00376564
0.0126666
0.00112415
0.0199953
0.00595421
0.00337394
-0.000276986
0.0334004
0.0181567
0.0041006
0.001211
0.00128001
0.00723826
0.0140108
0.00140476
0.00164182
0.0541718
-3.94394e-05
0.00907688
0.0440664
-0.000262708
0.035943
0.0279185
0.00690204
-0.00079331
0.0192712
0.0878428
0.205845
0.00599953
0.023718
0.0171959
0.020696
0.00515905
0.0401316
0.00111744
0.142026
0.00685214
-0.000294316
0.000724293
0.0154109
-0.000436506
-0.000713832
0.020059
0.0376607
0.00318393
0.0366951
0.000348795
0.0136852
0.00426033
0.0334386
0.0268872
0.00305135
2.05937e-05
0.0025406
0.00217699
0.00478428
0.0015395
0.000118313
0.0166853
-0.000769598
0.0224703
0.0366348
0.010304
0.0164061
-0.000145219
0.217544
0.0113042
0.0233633
0.00196349
0.00911619
0.0255996
0.00125546
0.0281108
0.00104052
-0.000198801
0.0157961
-0.000637431
0.0048758
0.0160006
0.00238616
0.14158
0.00571926
0.0176447
0.00369781
0.0235669
0.0380577
0.205849
0.0371219
0.000705015
0.00477273
0.0181781
0.00207486
-0.000768791
0.000262581
0.0760492
0.0630223
0.0296608
0.0048172
0.00843949
0.0165472
0.000614579
-0.000647555
-0.000557839
0.00522277
0.00304131
0.144419
0.00268271
0.0811682
0.0103917
0.0232359
0.0274109
0.0270417
0.00572477
0.0150381
0.0126659
-0.000660503
0.0162019
0.0148902
0.034825
-0.00076145
-0.000387886
0.0213744
0.0894653
0.010945
0.0240608
0.00176567
0.0525046
0.0145323
0.00675359
0.0104749
0.0297167
0.0330542
0.104508
0.0397216
-0.000408294
0.000768641
0.0342725
-0.000462497
0.0250283
0.00225388
0.0471414
0.0106598
-0.00078949
-0.000773002
-0.000549731
0.0182836
-0.000114786
0.0339675
0.000171461
-0.000600328
0.00663362
0.0330077
0.00216106
-9.07937e-05
0.234598
0.044155
0.00612951
0.00567549
0.00751428
0.0110843
0.00513594
0.024633
0.0115307
0.003644
0.0318671
0.00407819
0.106244
0.0114335
0.011182
0.0910671
0.00796014
0.0106557
0.018667
0.000370879
0.000185625
-0.000605325
0.0104891
0.00456584
0.202141
0.022011
0.0139767
0.0215753
0.0181823
0.000543565
0.0120873
0.00522757
0.0135944
0.0629342
0.00709952
0.0114029
0.00181697
0.00702448
0.0356262
0.0761568
0.0506654
0.0110618
0.00054864
0.0128671
0.00670329
0.0912443
-0.000409426
-0.00058424
0.0417072
0.0313346
0.000373648
0.00167551
9.89022e-05
0.00239385
0.137631
0.00791859
8.35634e-05
0.03026
0.00581092
0.010847
0.0152917
0.00729045
0.00650005
0.00102577
0.00332635
0.00541054
0.031898
0.0111051
-0.000448509
0.00489407
-0.000491636
0.0347407
0.0319357
0.0228118
0.0789897
0.00156186
0.00555947
0.00314916
0.0119729
0.00491426
0.0293777
0.00235147
0.0488891
0.000379589
0.015364
-0.000184211
0.0383182
0.0342211
0.20122
0.00153362
0.103726
-0.000605071
0.0360256
0.0254035
0.0231096
0.039209
0.00709421
0.0209101
0.0381369
0.000851857
0.00330179
0.0164368
0.0185724
0.00553629
0.000667826
0.0285627
0.00240875
0.00172671
0.0234817
0.152516
-0.000373008
0.214622
0.00161561
0.0221596
0.0426567
0.0187744
0.0322785
0.00439623
-0.000459953
0.0371776
0.00246399
0.0247193
-0.000708735
0.0132921
0.0263586
0.0406879
0.0285413
0.000961051
0.00886915
0.0397691
0.00981324
0.00859837
0.0403848
0.00525768
-0.000487989
0.0129743
0.00612151
0.00346307
0.00172645
0.0179855
0.0433383
-0.000505226
0.0202181
0.00243538
