-4.55788
-4.55788
-4.55788
-4.55788
-4.55788
-5.24087
-4.55788
-4.55788
-4.55788
-4.55788
-4.55788
-5.24087
-4.55788
-4.55788
-4.55788
-4.55788
-4.55788
-4.55788
-4.55788
-4.55788
-4.55788
-4.55788
-4.55788
-5.24087
-4.55788
-4.55788
-4.55788
-4.55788
-5.24087
-4.55788
-4.55788
-4.55788
-4.55788
-4.55788
-5.24087
-4.55788
-4.55788
-5.24087
-4.55788
-4.55788
-4.55788
-4.55788
-5.24087
-4.55788
-4.55788
-5.24087
-5.24087
-4.55788
-4.55788
-5.24087
-5.24087
-4.55788
-5.24087
-4.55788
-4.55788
-4.55788
-4.55788
-5.24087
-5.24087
-4.55788
-4.55788
-4.55788
-4.55788
-4.55788
-5.24087
-4.55788
-4.55788
-5.24087
-4.55788
-4.55788
-5.24087
-4.55788
-4.55788
-4.55788
-4.55788
-4.55788
-4.55788
-4.55788
-4.55788
-5.24087
-4.55788
-4.55788
-4.55788
-4.55788
-4.55788
-4.55788
-5.24087
-4.55788
-4.55788
-4.55788
-4.55788
-5.24087
-4.55788
-4.55788
-4.55788
-4.55788
-4.55788
-4.55788
-4.55788
-4.55788
-4.55788
-4.55788
-4.55788
-4.55788
-4.55788
-4.55788
-5.24087
-4.55788
-4.55788
-4.55788
-4.55788
-4.55788
-4.55788
-5.24087
-4.55788
-4.55788
-4.55788
-4.55788
-4.55788
-5.24087
-4.55788
-4.55788
-4.55788
-4.55788
-4.55788
-4.55788
-4.55788
-5.24087
-4.55788
-4.55788
-4.55788
-4.55788
-4.55788
-4.55788
-4.55788
-4.55788
-4.55788
-4.55788
-4.55788
-4.55788
-4.55788
-4.55788
-4.55788
-4.55788
-4.55788
-4.55788
-5.24087
-4.55788
-5.24087
-4.55788
-4.55788
-4.55788
-4.55788
-4.55788
-4.55788
-4.55788
-4.55788
-4.55788
-5.24087
-4.55788
-5.24087
-4.55788
-4.55788
-4.55788
-5.24087
-4.55788
-4.55788
-4.55788
-4.55788
-4.55788
-4.55788
-4.55788
-4.55788
-4.55788
-4.55788
-4.55788
-4.55788
-4.55788
-4.55788
-4.55788
-4.55788
-4.55788
-4.55788
-4.55788
-4.55788
-5.24087
-5.24087
-5.24087
-5.24087
-4.55788
-4.55788
-4.55788
-4.55788
-5.24087
-4.55788
-4.55788
-4.55788
-4.55788
-5.24087
-4.55788
-4.55788
-4.55788
-4.55788
-4.55788
-4.55788
-4.55788
-4.55788
-4.55788
-4.55788
-4.55788
-4.55788
-5.24087
-4.55788
-4.55788
-4.55788
-4.55788
-4.55788
-4.55788
-4.55788
-4.55788
-4.55788
-4.55788
-4.55788
-4.55788
-4.55788
-4.55788
-4.55788
-5.24087
-4.55788
-4.55788
-4.55788
-4.55788
-4.55788
-4.55788
-4.55788
-4.55788
-4.55788
-4.55788
-4.55788
-5.24087
-5.24087
-4.55788
-4.55788
-5.24087
-4.55788
-4.55788
-4.55788
-5.24087
-4.55788
-4.55788
-4.55788
-5.24087
-4.55788
-4.55788
-4.55788
-5.24087
-4.55788
-4.55788
-4.55788
-4.55788
-4.55788
-4.55788
-5.24087
-4.55788
-4.55788
-4.55788
-4.55788
-4.55788
-4.55788
-5.24087
-4.55788
-4.55788
-4.55788
-5.24087
-4.55788
-4.55788
-4.55788
-4.55788
-4.55788
-4.55788
-4.55788
-5.24087
-4.55788
-4.55788
-4.55788
-4.55788
-5.24087
-5.24087
-5.24087
-4.55788
-4.55788
-4.55788
-4.55788
-4.55788
-4.55788
-4.55788
-4.55788
-4.55788
-4.55788
-4.55788
-4.55788
-4.55788
-4.55788
-4.55788
-4.55788
-4.55788
-4.55788
-4.55788
-4.55788
-4.55788
-4.55788
-4.55788
-4.55788
-5.24087
-4.55788
-4.55788
-4.55788
-4.55788
-4.55788
-4.55788
-4.55788
-4.55788
-4.55788
-4.55788
-4.55788
-4.55788
-4.55788
-5.24087
-4.55788
-4.55788
-4.55788
-4.55788
-4.55788
-5.24087
-4.55788
-4.55788
-4.55788
-4.55788
-4.55788
-4.55788
-4.55788
-4.55788
-4.55788
-4.55788
-4.55788
-5.24087
-5.24087
-5.24087
-4.55788
-4.55788
-4.55788
-4.55788
-4.55788
-4.55788
-4.55788
-4.55788
-4.55788
-4.55788
-5.24087
-4.55788
-4.55788
-4.55788
-4.55788
-5.24087
-4.55788
-4.55788
-4.55788
-4.55788
-4.55788
-4.55788
-4.55788
-4.55788
-4.55788
-4.55788
-5.24087
-4.55788
-4.55788
-4.55788
-4.55788
-4.55788
-5.24087
-4.55788
-4.55788
-4.55788
-5.24087
-5.24087
-5.24087
-4.55788
-4.55788
-5.24087
-4.55788
-5.24087
-4.55788
-4.55788
-4.55788
-4.55788
-5.24087
-4.55788
-4.55788
-4.55788
-4.55788
-4.55788
-4.55788
-4.55788
-4.55788
-4.55788
-4.55788
-4.55788
-4.55788
-5.24087
-4.55788
-4.55788
-4.55788
-4.55788
-4.55788
-4.55788
-4.55788
-4.55788
-4.55788
-4.55788
-4.55788
-5.24087
-5.24087
-4.55788
-4.55788
-4.55788
-4.55788
-4.55788
-4.55788
-4.55788
-4.55788
-4.55788
-4.55788
-4.55788
-4.55788
-4.55788
-4.55788
-4.55788
-5.24087
-4.55788
-5.24087
-5.24087
-4.55788
-4.55788
-4.55788
-4.55788
-4.55788
-4.55788
-4.55788
-4.55788
-4.55788
-4.55788
-4.55788
-4.55788
-4.55788
-5.24087
-4.55788
-4.55788
-4.55788
-4.55788
-4.55788
-5.24087
-5.24087
-5.24087
-5.24087
-5.24087
-4.55788
-4.55788
-5.24087
-4.55788
-4.55788
-5.24087
-4.55788
-4.55788
-4.55788
-4.55788
-4.55788
-4.55788
-5.24087
-4.55788
-4.55788
-4.55788
-4.55788
-4.55788
-4.55788
-4.55788
-4.55788
-4.55788
-5.24087
-4.55788
-4.55788
-5.24087
-4.55788
-4.55788
-4.55788
-5.24087
-5.24087
-4.55788
-4.55788
-4.55788
-4.55788
-5.24087
-4.55788
-4.55788
-4.55788
-4.55788
-4.55788
-4.55788
-4.55788
-4.55788
-4.55788
-4.55788
-4.55788
-4.55788
-5.24087
-4.55788
-4.55788
-4.55788
-4.55788
-4.55788
-4.55788
-4.55788
-4.55788
-4.55788
-4.55788
-4.55788
-4.55788
-5.24087
-4.55788
-4.55788
-4.55788
-4.55788
-4.55788
-4.55788
-4.55788
-4.55788
-5.24087
-5.24087
-4.55788
-4.55788
-4.55788
-4.55788
-4.55788
-4.55788
-4.55788
-5.24087
-5.24087
-4.55788
-4.55788
-4.55788
-5.24087
-4.55788
-4.55788
-4.55788
-4.55788
-4.55788
-4.55788
-4.55788
-4.55788
-5.24087
-4.55788
-4.55788
-4.55788
-4.55788
-4.55788
-4.55788
-4.55788
-4.55788
-4.55788
-4.55788
-4.55788
-4.55788
-4.55788
-4.55788
-4.55788
-4.55788
-4.55788
-4.55788
-4.55788
-4.55788
-4.55788
-5.24087
-4.55788
-5.24087
-4.55788
-4.55788
-4.55788
-4.55788
-4.55788
-4.55788
-4.55788
-4.55788
-4.55788
-5.24087
-4.55788
-4.55788
-4.55788
-4.55788
-4.55788
-4.55788
-4.55788
-4.55788
-4.55788
-4.55788
-4.55788
-4.55788
-4.55788
-4.55788
-4.55788
-4.55788
-4.55788
-4.55788
-4.55788
-4.55788
-5.24087
-4.55788
-5.24087
-5.24087
-4.55788
-4.55788
-4.55788
-5.24087
-4.55788
-4.55788
-4.55788
-4.55788
-4.55788
-4.55788
-4.55788
-4.55788
-4.55788
-4.55788
-4.55788
-4.55788
-4.55788
-4.55788
-5.24087
-4.55788
-5.24087
-5.24087
-4.55788
-5.24087
-4.55788
-4.55788
-4.55788
-4.55788
-4.55788
-4.55788
-4.55788
-5.24087
-4.55788
-4.55788
-4.55788
-4.55788
-4.55788
-5.24087
-4.55788
-4.55788
-4.55788
-4.55788
-4.55788
-4.55788
-4.55788
-4.55788
-4.55788
-4.55788
-4.55788
-4.55788
-4.55788
-5.24087
-5.24087
-5.24087
-4.55788
-4.55788
-5.24087
-5.24087
-4.55788
-4.55788
-4.55788
-4.55788
-4.55788
-4.55788
-4.55788
-4.55788
-4.55788
-5.24087
-4.55788
-4.55788
-4.55788
-4.55788
-5.24087
-4.55788
-4.55788
-5.24087
-4.55788
-5.24087
-5.24087
-4.55788
-4.55788
-4.55788
-4.55788
-4.55788
-4.55788
-4.55788
-4.55788
-5.24087
-4.55788
-4.55788
-4.55788
-4.55788
-4.55788
-4.55788
-4.55788
-4.55788
-4.55788
-5.24087
-4.55788
-4.55788
-4.55788
-4.55788
-4.55788
-4.55788
-4.55788
-4.55788
-4.55788
-4.55788
-4.55788
-4.55788
-4.55788
-4.55788
-4.55788
-4.55788
-4.55788
-5.24087
-4.55788
-4.55788
-4.55788
-4.55788
-4.55788
-4.55788
-4.55788
-4.55788
-4.55788
-4.55788
-4.55788
-4.55788
-4.55788
-4.55788
-4.55788
-4.55788
-4.55788
-4.55788
-5.24087
-4.55788
-4.55788
-4.55788
-4.55788
-4.55788
-4.55788
-4.55788
-4.55788
-4.55788
-4.55788
-4.55788
-4.55788
-4.55788
-4.55788
-4.55788
-4.55788
-4.55788
-4.55788
-4.55788
-5.24087
-5.24087
-5.24087
-4.55788
-4.55788
-4.55788
-4.55788
-4.55788
-4.55788
-4.55788
-4.55788
-4.55788
-4.55788
-4.55788
-5.24087
-4.55788
-5.24087
-4.55788
-4.55788
-4.55788
-5.24087
-4.55788
-4.55788
-4.55788
-4.55788
-4.55788
-4.55788
-4.55788
-4.55788
-4.55788
-4.55788
-5.24087
-5.24087
-4.55788
-4.55788
-4.55788
-4.55788
-5.24087
-4.55788
-4.55788
-4.55788
-4.55788
-4.55788
-4.55788
-4.55788
-4.55788
-4.55788
-4.55788
-4.55788
-4.55788
-4.55788
-4.55788
-4.55788
-4.55788
-4.55788
-4.55788
-4.55788
-4.55788
-4.55788
-4.55788
-5.24087
-4.55788
-4.55788
-4.55788
-4.55788
-4.55788
-4.55788
-4.55788
-5.24087
-4.55788
-4.55788
-4.55788
-4.55788
-4.55788
-4.55788
-4.55788
-4.55788
-4.55788
-4.55788
-4.55788
-4.55788
-5.24087
-4.55788
-5.24087
-4.55788
-5.24087
-5.24087
-4.55788
-4.55788
-4.55788
-4.55788
-4.55788
-4.55788
-4.55788
-4.55788
-4.55788
-4.55788
-5.24087
-4.55788
-4.55788
-4.55788
-4.55788
-5.24087
-4.55788
-4.55788
-4.55788
-5.24087
-4.55788
-4.55788
-4.55788
-5.24087
-4.55788
-4.55788
-4.55788
-4.55788
-4.55788
-5.24087
-5.24087
-4.55788
-4.55788
-4.55788
-4.55788
-4.55788
-4.55788
-4.55788
-4.55788
-4.55788
-4.55788
-4.55788
-4.55788
-4.55788
-5.24087
-4.55788
-4.55788
-4.55788
-4.55788
-5.24087
-4.55788
-4.55788
-4.55788
-5.24087
-4.55788
-4.55788
-4.55788
-5.24087
-5.24087
-4.55788
-4.55788
-4.55788
-4.55788
-4.55788
-4.55788
-4.55788
-4.55788
-4.55788
-4.55788
-4.55788
-5.24087
-5.24087
-5.24087
-4.55788
-4.55788
-5.24087
-4.55788
-4.55788
-4.55788
-5.24087
-4.55788
-4.55788
-5.24087
-4.55788
-4.55788
-4.55788
-4.55788
-4.55788
-4.55788
-4.55788
-4.55788
-4.55788
-4.55788
-4.55788
-4.55788
-4.55788
-4.55788
-4.55788
-4.55788
-4.55788
-4.55788
-4.55788
-4.55788
-4.55788
-4.55788
-5.24087
-4.55788
-4.55788
-4.55788
-4.55788
-4.55788
-5.24087
-4.55788
-4.55788
-4.55788
-5.24087
-4.55788
-4.55788
-4.55788
-4.55788
-4.55788
-5.24087
-4.55788
-4.55788
-4.55788
-4.55788
-4.55788
-5.24087
-4.55788
-4.55788
-4.55788
-5.24087
-4.55788
-4.55788
-4.55788
-5.24087
-4.55788
-4.55788
-4.55788
-5.24087
-4.55788
-4.55788
-4.55788
-4.55788
-4.55788
-4.55788
-4.55788
-4.55788
-4.55788
-4.55788
-4.55788
-4.55788
-4.55788
-4.55788
-5.24087
-5.24087
-5.24087
-4.55788
-4.55788
-4.55788
-4.55788
-4.55788
-4.55788
-5.24087
-4.55788
-5.24087
-4.55788
-4.55788
-4.55788
-4.55788
-5.24087
-4.55788
-5.24087
-4.55788
-4.55788
-4.55788
-4.55788
-4.55788
-4.55788
-4.55788
-4.55788
-4.55788
-4.55788
-4.55788
-4.55788
-4.55788
-4.55788
-5.24087
-4.55788
-4.55788
-5.24087
-4.55788
-4.55788
-4.55788
-5.24087
-4.55788
-4.55788
-5.24087
-5.24087
-5.24087
-4.55788
-4.55788
-4.55788
-5.24087
-4.55788
-5.24087
-4.55788
-4.55788
-4.55788
-4.55788
-4.55788
-5.24087
-5.24087
-4.55788
-4.55788
-4.55788
-4.55788
-4.55788
-4.55788
-4.55788
-4.55788
-5.24087
-5.24087
-4.55788
-4.55788
-4.55788
-4.55788
-4.55788
-4.55788
-5.24087
-4.55788
-4.55788
-4.55788
-4.55788
-4.55788
-4.55788
-4.55788
-4.55788
-4.55788
-4.55788
-4.55788
-4.55788
-4.55788
-4.55788
-4.55788
-4.55788
-4.55788
-4.55788
-4.55788
-4.55788
-4.55788
-5.24087
-4.55788
-4.55788
-4.55788
-4.55788
-4.55788
-4.55788
-4.55788
-4.55788
-4.55788
-4.55788
-4.55788
-4.55788
-4.55788
-4.55788
-4.55788
-4.55788
-4.55788
-5.24087
-4.55788
-4.55788
-4.55788
-4.55788
-4.55788
-4.55788
-4.55788
-4.55788
-4.55788
-4.55788
-4.55788
-4.55788
-4.55788
-4.55788
-4.55788
-4.55788
-4.55788
-4.55788
-4.55788
-4.55788
-4.55788
-4.55788
-4.55788
-5.24087
-4.55788
-4.55788
-4.55788
-4.55788
-5.24087
-5.24087
-4.55788
-4.55788
-4.55788
-4.55788
-4.55788
-5.24087
-4.55788
-4.55788
-4.55788
-4.55788
-5.24087
-4.55788
-4.55788
-4.55788
-4.55788
-4.55788
-4.55788
-4.55788
-5.24087
-4.55788
-5.24087
-5.24087
-4.55788
-4.55788
-4.55788
-4.55788
-4.55788
-5.24087
-4.55788
-4.55788
-4.55788
-5.24087
-4.55788
-4.55788
-4.55788
-4.55788
-4.55788
-4.55788
-5.24087
-4.55788
-4.55788
-4.55788
-4.55788
-4.55788
-4.55788
-5.24087
-5.24087
-4.55788
-5.24087
-4.55788
-5.24087
-4.55788
-4.55788
-4.55788
-4.55788
-5.24087
-4.55788
-4.55788
-5.24087
-4.55788
-4.55788
-4.55788
-4.55788
-4.55788
-4.55788
-4.55788
-4.55788
-4.55788
-4.55788
-4.55788
-4.55788
-4.55788
-4.55788
-5.24087
-4.55788
-4.55788
-5.24087
-4.55788
-4.55788
-4.55788
-4.55788
-4.55788
-4.55788
-5.24087
-4.55788
-4.55788
-4.55788
-4.55788
-5.24087
-4.55788
-4.55788
-4.55788
-4.55788
-4.55788
-4.55788
-5.24087
-4.55788
-5.24087
-4.55788
-4.55788
-5.24087
-4.55788
-5.24087
-4.55788
-4.55788
-4.55788
-5.24087
-4.55788
-4.55788
-5.24087
-4.55788
-4.55788
-4.55788
-4.55788
-4.55788
-4.55788
-4.55788
-4.55788
-4.55788
-4.55788
-4.55788
-4.55788
-4.55788
-4.55788
-4.55788
-5.24087
-4.55788
-4.55788
-4.55788
-4.55788
-4.55788
-4.55788
-4.55788
-4.55788
-4.55788
-5.24087
-4.55788
-5.24087
-4.55788
-4.55788
-5.24087
-4.55788
-4.55788
-4.55788
-4.55788
-4.55788
-4.55788
-4.55788
-4.55788
-4.55788
-4.55788
-4.55788
-4.55788
-4.55788
-4.55788
-5.24087
-4.55788
-5.24087
-4.55788
-4.55788
-5.24087
-4.55788
-4.55788
-5.24087
-4.55788
-4.55788
-4.55788
-4.55788
-4.55788
-4.55788
-4.55788
-4.55788
-4.55788
-4.55788
-4.55788
-4.55788
-4.55788
-5.24087
-5.24087
-4.55788
-4.55788
-4.55788
-5.24087
-4.55788
-4.55788
-4.55788
-4.55788
-5.24087
-4.55788
-4.55788
-4.55788
-4.55788
-4.55788
-4.55788
-5.24087
-4.55788
-5.24087
-5.24087
-4.55788
-4.55788
-4.55788
-5.24087
-5.24087
-4.55788
-4.55788
-5.24087
-4.55788
-4.55788
-4.55788
-4.55788
-4.55788
-4.55788
-5.24087
-4.55788
-4.55788
-4.55788
-4.55788
-4.55788
-4.55788
-4.55788
-4.55788
-4.55788
-4.55788
-4.55788
-4.55788
-4.55788
-4.55788
-4.55788
-4.55788
-4.55788
-5.24087
-4.55788
-4.55788
-4.55788
-4.55788
-5.24087
-4.55788
-4.55788
-4.55788
-4.55788
-4.55788
-4.55788
-5.24087
-4.55788
-4.55788
-4.55788
-4.55788
-4.55788
-4.55788
-4.55788
-5.24087
-4.55788
-4.55788
-4.55788
-5.24087
-4.55788
-4.55788
-4.55788
-4.55788
-5.24087
-4.55788
-4.55788
-5.24087
-5.24087
-4.55788
-4.55788
-4.55788
-5.24087
-4.55788
-4.55788
-4.55788
-5.24087
-4.55788
-4.55788
-4.55788
-4.55788
-4.55788
-4.55788
-4.55788
-4.55788
-4.55788
-4.55788
-4.55788
-4.55788
-4.55788
-4.55788
-4.55788
-4.55788
-4.55788
-4.55788
-4.55788
-4.55788
-4.55788
-4.55788
-4.55788
-4.55788
-4.55788
-4.55788
-4.55788
-4.55788
-5.24087
-5.24087
-4.55788
-4.55788
-5.24087
-4.55788
-4.55788
-4.55788
-4.55788
-4.55788
-4.55788
-4.55788
-4.55788
-4.55788
-4.55788
-5.24087
-4.55788
-5.24087
-4.55788
-5.24087
-4.55788
-4.55788
-4.55788
-4.55788
-4.55788
-5.24087
-4.55788
-4.55788
-4.55788
-4.55788
-4.55788
-4.55788
-4.55788
-4.55788
-4.55788
-4.55788
-5.24087
-5.24087
-4.55788
-4.55788
-5.24087
-4.55788
-5.24087
-4.55788
-4.55788
-5.24087
-5.24087
-4.55788
-4.55788
-4.55788
-4.55788
-4.55788
-4.55788
-4.55788
-4.55788
-4.55788
-5.24087
-4.55788
-4.55788
-5.24087
-5.24087
-4.55788
-4.55788
-4.55788
-4.55788
-5.24087
-5.24087
-5.24087
-4.55788
-5.24087
-4.55788
-4.55788
-4.55788
-4.55788
-4.55788
-4.55788
-4.55788
-4.55788
-4.55788
-4.55788
-4.55788
-4.55788
-4.55788
-5.24087
-5.24087
-4.55788
-5.24087
-4.55788
-5.24087
-4.55788
-4.55788
-5.24087
-4.55788
-4.55788
-5.24087
-5.24087
-5.24087
-4.55788
-4.55788
-4.55788
-4.55788
-5.24087
-4.55788
-4.55788
-4.55788
-4.55788
-4.55788
-4.55788
-4.55788
-5.24087
-4.55788
-4.55788
-4.55788
-4.55788
-4.55788
-4.55788
-4.55788
-4.55788
-4.55788
-4.55788
-4.55788
-4.55788
-4.55788
-4.55788
-4.55788
-4.55788
-4.55788
-5.24087
-5.24087
-4.55788
-4.55788
-5.24087
-4.55788
-4.55788
-4.55788
-4.55788
-4.55788
-4.55788
-5.24087
-4.55788
-4.55788
-4.55788
-5.24087
-4.55788
-4.55788
-4.55788
-4.55788
-4.55788
-4.55788
-4.55788
-4.55788
-4.55788
-4.55788
-4.55788
-4.55788
-4.55788
-4.55788
-4.55788
-4.55788
-4.55788
-5.24087
-4.55788
-4.55788
-5.24087
-4.55788
-4.55788
-4.55788
-4.55788
-4.55788
-4.55788
-4.55788
-4.55788
-5.24087
-5.24087
-4.55788
-4.55788
-4.55788
-5.24087
-4.55788
-4.55788
-4.55788
-4.55788
-4.55788
-4.55788
-5.24087
-5.24087
-4.55788
-4.55788
-4.55788
-4.55788
-4.55788
-4.55788
-4.55788
-4.55788
-5.24087
-5.24087
-4.55788
-5.24087
-4.55788
-5.24087
-4.55788
-4.55788
-4.55788
-4.55788
-4.55788
-4.55788
-4.55788
-5.24087
-4.55788
-5.24087
-4.55788
-4.55788
-5.24087
-4.55788
-4.55788
-4.55788
-5.24087
-4.55788
-4.55788
-4.55788
-5.24087
-4.55788
-5.24087
-4.55788
-4.55788
-4.55788
-4.55788
-4.55788
-4.55788
-4.55788
-5.24087
-4.55788
-4.55788
-4.55788
-4.55788
-4.55788
-4.55788
-4.55788
-4.55788
-4.55788
-4.55788
-4.55788
-4.55788
-4.55788
-4.55788
-4.55788
-4.55788
-4.55788
-4.55788
-4.55788
-4.55788
-4.55788
-4.55788
-4.55788
-4.55788
-4.55788
-4.55788
-5.24087
-4.55788
-4.55788
-4.55788
-4.55788
-4.55788
-4.55788
-4.55788
-4.55788
-4.55788
-4.55788
-5.24087
-4.55788
-4.55788
-4.55788
-4.55788
-4.55788
-4.55788
-4.55788
-5.24087
-4.55788
-4.55788
-4.55788
-5.24087
-4.55788
-4.55788
-4.55788
-4.55788
-4.55788
-4.55788
-4.55788
-5.24087
-4.55788
-4.55788
-5.24087
-4.55788
-4.55788
-5.24087
-5.24087
-5.24087
-4.55788
-4.55788
-4.55788
-4.55788
-4.55788
-5.24087
-4.55788
-4.55788
-4.55788
-5.24087
-4.55788
-4.55788
-4.55788
-4.55788
-4.55788
-4.55788
-4.55788
-4.55788
-4.55788
-4.55788
-4.55788
-4.55788
-4.55788
-4.55788
-4.55788
-4.55788
-4.55788
-4.55788
-5.24087
-4.55788
-4.55788
-4.55788
-4.55788
-4.55788
-5.24087
-4.55788
-5.24087
-5.24087
-4.55788
-4.55788
-4.55788
-4.55788
-4.55788
-4.55788
-4.55788
-4.55788
-4.55788
-4.55788
-5.24087
-4.55788
-4.55788
-4.55788
-4.55788
-4.55788
-5.24087
-5.24087
-4.55788
-4.55788
-4.55788
-4.55788
-5.24087
-4.55788
-5.24087
-4.55788
-4.55788
-4.55788
-4.55788
-5.24087
-5.24087
-4.55788
-4.55788
-4.55788
-4.55788
-5.24087
-4.55788
-4.55788
-4.55788
-5.24087
-5.24087
-5.24087
-4.55788
-5.24087
-4.55788
-4.55788
-5.24087
-4.55788
-4.55788
-4.55788
-4.55788
-4.55788
-4.55788
-4.55788
-4.55788
-5.24087
-4.55788
-4.55788
-4.55788
-4.55788
-4.55788
-4.55788
-4.55788
-4.55788
-4.55788
-4.55788
-4.55788
-4.55788
-4.55788
-4.55788
-5.24087
-4.55788
-4.55788
-4.55788
-5.24087
-4.55788
-4.55788
-4.55788
-4.55788
-5.24087
-4.55788
-4.55788
-4.55788
-4.55788
-4.55788
-5.24087
-5.24087
-4.55788
-4.55788
-4.55788
-4.55788
-4.55788
-4.55788
-4.55788
-5.24087
-5.24087
-4.55788
-4.55788
-5.24087
-4.55788
-4.55788
-4.55788
-4.55788
-4.55788
-4.55788
-5.24087
-4.55788
-5.24087
-4.55788
-4.55788
-4.55788
-4.55788
-5.24087
-4.55788
-5.24087
-4.55788
-4.55788
-4.55788
-5.24087
-4.55788
-4.55788
-4.55788
-4.55788
-4.55788
-5.24087
-4.55788
-4.55788
-4.55788
-5.24087
-4.55788
-5.24087
-4.55788
-4.55788
-4.55788
-4.55788
-4.55788
-4.55788
-4.55788
-4.55788
-5.24087
-4.55788
-4.55788
-4.55788
-4.55788
-4.55788
-5.24087
-4.55788
-4.55788
-4.55788
-4.55788
-4.55788
-4.55788
-4.55788
-4.55788
-4.55788
-4.55788
-5.24087
-5.24087
-4.55788
-5.24087
-4.55788
-4.55788
-4.55788
-4.55788
-4.55788
-4.55788
-4.55788
-4.55788
-4.55788
-5.24087
-4.55788
-4.55788
-4.55788
-4.55788
-4.55788
-4.55788
-4.55788
-4.55788
-5.24087
-4.55788
-4.55788
-4.55788
-5.24087
-4.55788
-4.55788
-4.55788
-4.55788
-5.24087
-4.55788
-4.55788
-4.55788
-4.55788
-4.55788
-4.55788
-4.55788
-4.55788
-4.55788
-5.24087
-5.24087
-5.24087
-4.55788
-4.55788
-4.55788
-4.55788
-4.55788
-4.55788
-4.55788
-4.55788
-5.24087
-5.24087
-4.55788
-5.24087
-4.55788
-4.55788
-4.55788
-4.55788
-5.24087
-4.55788
-4.55788
-4.55788
-4.55788
-4.55788
-4.55788
-4.55788
-4.55788
-4.55788
-4.55788
-5.24087
-4.55788
-4.55788
-4.55788
-4.55788
-4.55788
-5.24087
-4.55788
-4.55788
-5.24087
-4.55788
-5.24087
-5.24087
-4.55788
-4.55788
-4.55788
-4.55788
-4.55788
-4.55788
-4.55788
-4.55788
-4.55788
-4.55788
-4.55788
-5.24087
-4.55788
-4.55788
-4.55788
-4.55788
-4.55788
-4.55788
-5.24087
-4.55788
-4.55788
-4.55788
-4.55788
-4.55788
-4.55788
-4.55788
-4.55788
-5.24087
-4.55788
-4.55788
-4.55788
-4.55788
-4.55788
-4.55788
-4.55788
-4.55788
-4.55788
-4.55788
-4.55788
-4.55788
-4.55788
-4.55788
-4.55788
-4.55788
-4.55788
-4.55788
-4.55788
-4.55788
-4.55788
-4.55788
-4.55788
-5.24087
-4.55788
-4.55788
-4.55788
-4.55788
-4.55788
-4.55788
-4.55788
-4.55788
-4.55788
-4.55788
-5.24087
-4.55788
-4.55788
-4.55788
-4.55788
-4.55788
-4.55788
-4.55788
-4.55788
-5.24087
-5.24087
-4.55788
-4.55788
-4.55788
-4.55788
-4.55788
-4.55788
-4.55788
-4.55788
-4.55788
-4.55788
-4.55788
-4.55788
-4.55788
-4.55788
-4.55788
-4.55788
-4.55788
-4.55788
-4.55788
-5.24087
-4.55788
-5.24087
-5.24087
-4.55788
-5.24087
-4.55788
-4.55788
-4.55788
-4.55788
-4.55788
-4.55788
-4.55788
-4.55788
-4.55788
-4.55788
-4.55788
-4.55788
-5.24087
-4.55788
-5.24087
-4.55788
-4.55788
-4.55788
-4.55788
-4.55788
-4.55788
-4.55788
-4.55788
-4.55788
-4.55788
-4.55788
-5.24087
-4.55788
-4.55788
-4.55788
-4.55788
-4.55788
-4.55788
-4.55788
-4.55788
-5.24087
-4.55788
-4.55788
-4.55788
-4.55788
-4.55788
-4.55788
-5.24087
-4.55788
-4.55788
-5.24087
-4.55788
-5.24087
-4.55788
-4.55788
-4.55788
-5.24087
-4.55788
-5.24087
-4.55788
-4.55788
-4.55788
-4.55788
-4.55788
-5.24087
-4.55788
-4.55788
-4.55788
-4.55788
-4.55788
-4.55788
-4.55788
-4.55788
-5.24087
-4.55788
-4.55788
-4.55788
-4.55788
-4.55788
-4.55788
-4.55788
-4.55788
-4.55788
-4.55788
-4.55788
-5.24087
-5.24087
-4.55788
-4.55788
-4.55788
-4.55788
-5.24087
-4.55788
-4.55788
-4.55788
-4.55788
-4.55788
-4.55788
-4.55788
-4.55788
-4.55788
-4.55788
-4.55788
-5.24087
-4.55788
-5.24087
-5.24087
-4.55788
-4.55788
-4.55788
-4.55788
-4.55788
-4.55788
-4.55788
-4.55788
-4.55788
-4.55788
-4.55788
-4.55788
-5.24087
-5.24087
-4.55788
-4.55788
-4.55788
-4.55788
-5.24087
-5.24087
-4.55788
-5.24087
-5.24087
-4.55788
-5.24087
-4.55788
-4.55788
-4.55788
-4.55788
-5.24087
-4.55788
-4.55788
-5.24087
-4.55788
-5.24087
-5.24087
-4.55788
-4.55788
-4.55788
-4.55788
-4.55788
-5.24087
-4.55788
-4.55788
-4.55788
-5.24087
-4.55788
-4.55788
-4.55788
-4.55788
-4.55788
-4.55788
-4.55788
-4.55788
-4.55788
-4.55788
-4.55788
-4.55788
-4.55788
-4.55788
-4.55788
-4.55788
-4.55788
-4.55788
-4.55788
-4.55788
-4.55788
-5.24087
-4.55788
-4.55788
-4.55788
-5.24087
-5.24087
-4.55788
-4.55788
-4.55788
-5.24087
-4.55788
-4.55788
-5.24087
-5.24087
-4.55788
-4.55788
-5.24087
-4.55788
-4.55788
-5.24087
-4.55788
-4.55788
-4.55788
-4.55788
-4.55788
-4.55788
-4.55788
-4.55788
-5.24087
-4.55788
-4.55788
-4.55788
-4.55788
-4.55788
-4.55788
-4.55788
-4.55788
-4.55788
-5.24087
-5.24087
-4.55788
-4.55788
-4.55788
-4.55788
-4.55788
-4.55788
-5.24087
-5.24087
-4.55788
-4.55788
-4.55788
-4.55788
-4.55788
-4.55788
-4.55788
-4.55788
-4.55788
-4.55788
-4.55788
-4.55788
-4.55788
-4.55788
-5.24087
-4.55788
-4.55788
-5.24087
-4.55788
-5.24087
-4.55788
-5.24087
-4.55788
-4.55788
-4.55788
-4.55788
-4.55788
-4.55788
-4.55788
-4.55788
-4.55788
-4.55788
-5.24087
-4.55788
-4.55788
-4.55788
-4.55788
-4.55788
-4.55788
-4.55788
-4.55788
-4.55788
-4.55788
-4.55788
-4.55788
-4.55788
-4.55788
-4.55788
-4.55788
-4.55788
-4.55788
-4.55788
-4.55788
-4.55788
-4.55788
-4.55788
-4.55788
-4.55788
-4.55788
-4.55788
-4.55788
-4.55788
-4.55788
-4.55788
-4.55788
-4.55788
-4.55788
-4.55788
-4.55788
-5.24087
-4.55788
-4.55788
-4.55788
-4.55788
-4.55788
-5.24087
-4.55788
-4.55788
-4.55788
-5.24087
-4.55788
-4.55788
-4.55788
-4.55788
-4.55788
-4.55788
-4.55788
-4.55788
-4.55788
-4.55788
-4.55788
-4.55788
-4.55788
-5.24087
-4.55788
-4.55788
-4.55788
-5.24087
-4.55788
-4.55788
-4.55788
-4.55788
-4.55788
-4.55788
-4.55788
-4.55788
-4.55788
-5.24087
-4.55788
-4.55788
-4.55788
-4.55788
-4.55788
-4.55788
-5.24087
-4.55788
-4.55788
-4.55788
-4.55788
-5.24087
-4.55788
-4.55788
-4.55788
-4.55788
-4.55788
-4.55788
-4.55788
-4.55788
-5.24087
-4.55788
-5.24087
-4.55788
-4.55788
-4.55788
-4.55788
-4.55788
-4.55788
-4.55788
-4.55788
-4.55788
-4.55788
-4.55788
-5.24087
-4.55788
-4.55788
-4.55788
-5.24087
-4.55788
-4.55788
-4.55788
-4.55788
-4.55788
-4.55788
-4.55788
-4.55788
-4.55788
-4.55788
-4.55788
-4.55788
-5.24087
-4.55788
-4.55788
-4.55788
-4.55788
-4.55788
-4.55788
-4.55788
-4.55788
-4.55788
-4.55788
-4.55788
-4.55788
-4.55788
-4.55788
-4.55788
-5.24087
-4.55788
-4.55788
-4.55788
-4.55788
-4.55788
-4.55788
-5.24087
-4.55788
-4.55788
-4.55788
-4.55788
-4.55788
-4.55788
-4.55788
-4.55788
-4.55788
-4.55788
-4.55788
-4.55788
-5.24087
-5.24087
-4.55788
-4.55788
-5.24087
-4.55788
-5.24087
-5.24087
-4.55788
-4.55788
-4.55788
-4.55788
-4.55788
-4.55788
-4.55788
-4.55788
-4.55788
-4.55788
-4.55788
-4.55788
-4.55788
-5.24087
-4.55788
-5.24087
-4.55788
-4.55788
-4.55788
-4.55788
-4.55788
-4.55788
-4.55788
-4.55788
-4.55788
-5.24087
-4.55788
-5.24087
-4.55788
-4.55788
-4.55788
-4.55788
-4.55788
-4.55788
-4.55788
-4.55788
-4.55788
-4.55788
-4.55788
-4.55788
-4.55788
-5.24087
-4.55788
-4.55788
-4.55788
-4.55788
-4.55788
-5.24087
-4.55788
-4.55788
-4.55788
-4.55788
-4.55788
-5.24087
-4.55788
-4.55788
-4.55788
-5.24087
-5.24087
-5.24087
-4.55788
-4.55788
-4.55788
-4.55788
-4.55788
-4.55788
-4.55788
-4.55788
-4.55788
-5.24087
-4.55788
-4.55788
-4.55788
-4.55788
-4.55788
-4.55788
-4.55788
-4.55788
-4.55788
-5.24087
-4.55788
-4.55788
-5.24087
-4.55788
-4.55788
-4.55788
-4.55788
-4.55788
-4.55788
-4.55788
-4.55788
-5.24087
-5.24087
-4.55788
-4.55788
-4.55788
-5.24087
-4.55788
-4.55788
-5.24087
-4.55788
-4.55788
-4.55788
-4.55788
-4.55788
-5.24087
-4.55788
-4.55788
-4.55788
-4.55788
-4.55788
-5.24087
-4.55788
-4.55788
-4.55788
-4.55788
-4.55788
-5.24087
-4.55788
-5.24087
-4.55788
-5.24087
-4.55788
-4.55788
-4.55788
-4.55788
-5.24087
-4.55788
-4.55788
-4.55788
-4.55788
-4.55788
-4.55788
-5.24087
-4.55788
-4.55788
-4.55788
-4.55788
-4.55788
-4.55788
-4.55788
-4.55788
-4.55788
-4.55788
-4.55788
-4.55788
-4.55788
-4.55788
-4.55788
-4.55788
-5.24087
-4.55788
-4.55788
-5.24087
-4.55788
-4.55788
-4.55788
-5.24087
-4.55788
-4.55788
-4.55788
-4.55788
-4.55788
-4.55788
-4.55788
-4.55788
-5.24087
-4.55788
-4.55788
-4.55788
-4.55788
-4.55788
-4.55788
-4.55788
-4.55788
-4.55788
-4.55788
-4.55788
-5.24087
-4.55788
-4.55788
-4.55788
-4.55788
-4.55788
-4.55788
-4.55788
-5.24087
-4.55788
-4.55788
-4.55788
-4.55788
-5.24087
-5.24087
-4.55788
-4.55788
-4.55788
-4.55788
-4.55788
-4.55788
-4.55788
-5.24087
-5.24087
-4.55788
-4.55788
-4.55788
-4.55788
-5.24087
-4.55788
-4.55788
-4.55788
-5.24087
-5.24087
-5.24087
-5.24087
-4.55788
-4.55788
-4.55788
-4.55788
-4.55788
-5.24087
-4.55788
-4.55788
-4.55788
-4.55788
-4.55788
-4.55788
-4.55788
-4.55788
-4.55788
-4.55788
-5.24087
-4.55788
-4.55788
-4.55788
-4.55788
-4.55788
-4.55788
-4.55788
-4.55788
-4.55788
-4.55788
-4.55788
-5.24087
-5.24087
-4.55788
-4.55788
-4.55788
-4.55788
-5.24087
-4.55788
-4.55788
-4.55788
-4.55788
-5.24087
-4.55788
-4.55788
-4.55788
-4.55788
-4.55788
-4.55788
-4.55788
-4.55788
-5.24087
-4.55788
-4.55788
-5.24087
-4.55788
-4.55788
-4.55788
-4.55788
-4.55788
-5.24087
-4.55788
-4.55788
-4.55788
-4.55788
-4.55788
-4.55788
-4.55788
-4.55788
-5.24087
-4.55788
-4.55788
-4.55788
-4.55788
-4.55788
-4.55788
-4.55788
-4.55788
-4.55788
-4.55788
-4.55788
-4.55788
-4.55788
-4.55788
-4.55788
-4.55788
-4.55788
-4.55788
-4.55788
-4.55788
-4.55788
-4.55788
-5.24087
-4.55788
-4.55788
-4.55788
-5.24087
-4.55788
-4.55788
-5.24087
-4.55788
-5.24087
-4.55788
-4.55788
-4.55788
-5.24087
-4.55788
-4.55788
-4.55788
-4.55788
-4.55788
-5.24087
-4.55788
-4.55788
-5.24087
-4.55788
-4.55788
-4.55788
-4.55788
-4.55788
-4.55788
-5.24087
-4.55788
-5.24087
-4.55788
-4.55788
-4.55788
-5.24087
-5.24087
-4.55788
-5.24087
-5.24087
-5.24087
-4.55788
-5.24087
-4.55788
-4.55788
-4.55788
-4.55788
-4.55788
-4.55788
-4.55788
-5.24087
-4.55788
-5.24087
-5.24087
-4.55788
-4.55788
-4.55788
-4.55788
-4.55788
-4.55788
-4.55788
-4.55788
-4.55788
-4.55788
-4.55788
-5.24087
-4.55788
-5.24087
-4.55788
-4.55788
-4.55788
-4.55788
-4.55788
-4.55788
-4.55788
-4.55788
-4.55788
-4.55788
-4.55788
-4.55788
-5.24087
-4.55788
-5.24087
-4.55788
-4.55788
-5.24087
-4.55788
-4.55788
-4.55788
-4.55788
-4.55788
-4.55788
-4.55788
-4.55788
-5.24087
-5.24087
-4.55788
-4.55788
-4.55788
-4.55788
-4.55788
-4.55788
-4.55788
-4.55788
-5.24087
-4.55788
-4.55788
-4.55788
-4.55788
-4.55788
-4.55788
-4.55788
-4.55788
-4.55788
-4.55788
-4.55788
-4.55788
-4.55788
-4.55788
-4.55788
-4.55788
-4.55788
-4.55788
-4.55788
-4.55788
-4.55788
-4.55788
-4.55788
-5.24087
-4.55788
-4.55788
-4.55788
-5.24087
-4.55788
-4.55788
-5.24087
-4.55788
-4.55788
-5.24087
-4.55788
-4.55788
-4.55788
-4.55788
-4.55788
-4.55788
-5.24087
-4.55788
-4.55788
-5.24087
-4.55788
-4.55788
-4.55788
-5.24087
-4.55788
-4.55788
-5.24087
-4.55788
-4.55788
-4.55788
-4.55788
-5.24087
-4.55788
-4.55788
-5.24087
-4.55788
-4.55788
-4.55788
-4.55788
-5.24087
-4.55788
-4.55788
-4.55788
-4.55788
-4.55788
-4.55788
-4.55788
-5.24087
-4.55788
-4.55788
-4.55788
-4.55788
-4.55788
-5.24087
-4.55788
-4.55788
-4.55788
-4.55788
-5.24087
-4.55788
-4.55788
-4.55788
-4.55788
-5.24087
-5.24087
-4.55788
-5.24087
-4.55788
-4.55788
-5.24087
-4.55788
-4.55788
-4.55788
-4.55788
-4.55788
-4.55788
-4.55788
-4.55788
-4.55788
-4.55788
-5.24087
-4.55788
-4.55788
-4.55788
-4.55788
-5.24087
-4.55788
-4.55788
-4.55788
-5.24087
-4.55788
-4.55788
-4.55788
-4.55788
-4.55788
-4.55788
-4.55788
-4.55788
-4.55788
-4.55788
-4.55788
-4.55788
-5.24087
-5.24087
-5.24087
-4.55788
-4.55788
-4.55788
-5.24087
-4.55788
-5.24087
-4.55788
-4.55788
-4.55788
-5.24087
-4.55788
-5.24087
-5.24087
-4.55788
-4.55788
-4.55788
-4.55788
-4.55788
-4.55788
-5.24087
-4.55788
-5.24087
-4.55788
-4.55788
-5.24087
-5.24087
-4.55788
-4.55788
-5.24087
-4.55788
-5.24087
-4.55788
-4.55788
-4.55788
-4.55788
-4.55788
-4.55788
-5.24087
-4.55788
-5.24087
-4.55788
-4.55788
-4.55788
-4.55788
-4.55788
-4.55788
-5.24087
-4.55788
-4.55788
-4.55788
-4.55788
-4.55788
-5.24087
-4.55788
-4.55788
-4.55788
-4.55788
-4.55788
-4.55788
-4.55788
-4.55788
-4.55788
-4.55788
-4.55788
-4.55788
-4.55788
-4.55788
-4.55788
-4.55788
-4.55788
-4.55788
-5.24087
-4.55788
-4.55788
-4.55788
-5.24087
-4.55788
-4.55788
-4.55788
-4.55788
-4.55788
-4.55788
-4.55788
-4.55788
-5.24087
-4.55788
-4.55788
-4.55788
-4.55788
-4.55788
-4.55788
-5.24087
-4.55788
-5.24087
-4.55788
-5.24087
-4.55788
-5.24087
-4.55788
-4.55788
-4.55788
-4.55788
-4.55788
-4.55788
-5.24087
-5.24087
-4.55788
-4.55788
-4.55788
-4.55788
-5.24087
-5.24087
-4.55788
-4.55788
-4.55788
-4.55788
-4.55788
-5.24087
-4.55788
-4.55788
-4.55788
-4.55788
-4.55788
-4.55788
-5.24087
-5.24087
-4.55788
-4.55788
-4.55788
-4.55788
-4.55788
-5.24087
-4.55788
-4.55788
-4.55788
-4.55788
-4.55788
-4.55788
-4.55788
-4.55788
-4.55788
-4.55788
-5.24087
-4.55788
-4.55788
-4.55788
-4.55788
-4.55788
-4.55788
-4.55788
-4.55788
-4.55788
-4.55788
-4.55788
-4.55788
-4.55788
-4.55788
-4.55788
-4.55788
-5.24087
-4.55788
-5.24087
-4.55788
-4.55788
-5.24087
-4.55788
-4.55788
-4.55788
-5.24087
-5.24087
-5.24087
-5.24087
-4.55788
-4.55788
-5.24087
-4.55788
-4.55788
-4.55788
-4.55788
-4.55788
-4.55788
-4.55788
-4.55788
-4.55788
-4.55788
-4.55788
-4.55788
-4.55788
-4.55788
-5.24087
-5.24087
-5.24087
-5.24087
-4.55788
-4.55788
-4.55788
-4.55788
-4.55788
-5.24087
-4.55788
-4.55788
-5.24087
-4.55788
-4.55788
-4.55788
-4.55788
-4.55788
-4.55788
-5.24087
-4.55788
-4.55788
-4.55788
-4.55788
-4.55788
-5.24087
-5.24087
-4.55788
-4.55788
-4.55788
-4.55788
-4.55788
-4.55788
-4.55788
-4.55788
-4.55788
-4.55788
-4.55788
-4.55788
-4.55788
-4.55788
-5.24087
-5.24087
-4.55788
-4.55788
-4.55788
-4.55788
-4.55788
-5.24087
-4.55788
-5.24087
-4.55788
-5.24087
-4.55788
-5.24087
-4.55788
-4.55788
-4.55788
-4.55788
-4.55788
-4.55788
-4.55788
-4.55788
-4.55788
-4.55788
-4.55788
-4.55788
-4.55788
-4.55788
-4.55788
-5.24087
-5.24087
-4.55788
-4.55788
-4.55788
-4.55788
-4.55788
-5.24087
-4.55788
-4.55788
-4.55788
-5.24087
-5.24087
-4.55788
-4.55788
-4.55788
-5.24087
-5.24087
-4.55788
-4.55788
-4.55788
-5.24087
-4.55788
-4.55788
-4.55788
-4.55788
-4.55788
-4.55788
-4.55788
-4.55788
-4.55788
-4.55788
-4.55788
-5.24087
-5.24087
-5.24087
-4.55788
-4.55788
-4.55788
-4.55788
-4.55788
-4.55788
-4.55788
-4.55788
-4.55788
-4.55788
-4.55788
-4.55788
-4.55788
-4.55788
-4.55788
-4.55788
-4.55788
-4.55788
-4.55788
-4.55788
-4.55788
-4.55788
-4.55788
-4.55788
-4.55788
-5.24087
-4.55788
-4.55788
-4.55788
-4.55788
-4.55788
-4.55788
-4.55788
-4.55788
-5.24087
-4.55788
-4.55788
-4.55788
-4.55788
-4.55788
-4.55788
-4.55788
-4.55788
-4.55788
-4.55788
-4.55788
-4.55788
-4.55788
-5.24087
-4.55788
-4.55788
-5.24087
-4.55788
-5.24087
-4.55788
-4.55788
-4.55788
-5.24087
-4.55788
-4.55788
-4.55788
-4.55788
-4.55788
-4.55788
-4.55788
-4.55788
-4.55788
-4.55788
-4.55788
-4.55788
-4.55788
-4.55788
-4.55788
-5.24087
-5.24087
-4.55788
-5.24087
-4.55788
-4.55788
-4.55788
-4.55788
-4.55788
-4.55788
-4.55788
-4.55788
-4.55788
-4.55788
-5.24087
-4.55788
-4.55788
-4.55788
-4.55788
-4.55788
-4.55788
-4.55788
-5.24087
-4.55788
-4.55788
-4.55788
-4.55788
-5.24087
-4.55788
-4.55788
-4.55788
-4.55788
-4.55788
-4.55788
-4.55788
-4.55788
-4.55788
-4.55788
-4.55788
-4.55788
-4.55788
-5.24087
-4.55788
-4.55788
-4.55788
-4.55788
-4.55788
-4.55788
-5.24087
-4.55788
-5.24087
-4.55788
-4.55788
-4.55788
-4.55788
-5.24087
-4.55788
-4.55788
-4.55788
-4.55788
-4.55788
-4.55788
-4.55788
-4.55788
-4.55788
-4.55788
-4.55788
-4.55788
-4.55788
-4.55788
-5.24087
-5.24087
-4.55788
-4.55788
-5.24087
-4.55788
-4.55788
-5.24087
-4.55788
-5.24087
-5.24087
-5.24087
-4.55788
-5.24087
-4.55788
-4.55788
-4.55788
-4.55788
-4.55788
-4.55788
-4.55788
-4.55788
-4.55788
-4.55788
-4.55788
-5.24087
-5.24087
-4.55788
-4.55788
-4.55788
-4.55788
-4.55788
-4.55788
-4.55788
-4.55788
-4.55788
-4.55788
-5.24087
-4.55788
-4.55788
-4.55788
-4.55788
-4.55788
-4.55788
-4.55788
-4.55788
-5.24087
-4.55788
-4.55788
-5.24087
-4.55788
-4.55788
-4.55788
-4.55788
-4.55788
-4.55788
-4.55788
-4.55788
-4.55788
-4.55788
-4.55788
-4.55788
-4.55788
-4.55788
-4.55788
-5.24087
-4.55788
-4.55788
-4.55788
-4.55788
-4.55788
-4.55788
-4.55788
-4.55788
-4.55788
-4.55788
-4.55788
-5.24087
-4.55788
-4.55788
-4.55788
-4.55788
-4.55788
-4.55788
-4.55788
-4.55788
-4.55788
-4.55788
-4.55788
-4.55788
-4.55788
-4.55788
-4.55788
-4.55788
-5.24087
-4.55788
-5.24087
-4.55788
-4.55788
-4.55788
-5.24087
-4.55788
-4.55788
-4.55788
-5.24087
-4.55788
-4.55788
-4.55788
-4.55788
-4.55788
-4.55788
-4.55788
-4.55788
-5.24087
-4.55788
-4.55788
-4.55788
-5.24087
-4.55788
-4.55788
-4.55788
-4.55788
-4.55788
-5.24087
-5.24087
-4.55788
-4.55788
-4.55788
-4.55788
-4.55788
-4.55788
-4.55788
-4.55788
-5.24087
-5.24087
-5.24087
-4.55788
-5.24087
-4.55788
-5.24087
-4.55788
-4.55788
-5.24087
-4.55788
-5.24087
-4.55788
-4.55788
-4.55788
-4.55788
-4.55788
-4.55788
-4.55788
-4.55788
-4.55788
-5.24087
-5.24087
-4.55788
-5.24087
-5.24087
-4.55788
-4.55788
-4.55788
-4.55788
-4.55788
-4.55788
-4.55788
-4.55788
-4.55788
-4.55788
-4.55788
-4.55788
-4.55788
-4.55788
-4.55788
-4.55788
-5.24087
-4.55788
-5.24087
-4.55788
-4.55788
-4.55788
-4.55788
-4.55788
-4.55788
-4.55788
-4.55788
-4.55788
-4.55788
-4.55788
-4.55788
-4.55788
-4.55788
-4.55788
-4.55788
-5.24087
-4.55788
-4.55788
-4.55788
-4.55788
-4.55788
-4.55788
-4.55788
-4.55788
-4.55788
-4.55788
-4.55788
-4.55788
-4.55788
-4.55788
-4.55788
-4.55788
-4.55788
-4.55788
-4.55788
-4.55788
-4.55788
-4.55788
-5.24087
-4.55788
-5.24087
-5.24087
-4.55788
-4.55788
-5.24087
-4.55788
-4.55788
-4.55788
-5.24087
-4.55788
-4.55788
-4.55788
-4.55788
-4.55788
-4.55788
-4.55788
-4.55788
-4.55788
-4.55788
-4.55788
-4.55788
-4.55788
-4.55788
-4.55788
-4.55788
-4.55788
-4.55788
-5.24087
-4.55788
-4.55788
-4.55788
-5.24087
-4.55788
-4.55788
-4.55788
-5.24087
-5.24087
-4.55788
-4.55788
-5.24087
-4.55788
-5.24087
-4.55788
-4.55788
-4.55788
-5.24087
-4.55788
-4.55788
-4.55788
-4.55788
-4.55788
-5.24087
-4.55788
-5.24087
-4.55788
-4.55788
-4.55788
-5.24087
-4.55788
-4.55788
-5.24087
-5.24087
-4.55788
-4.55788
-4.55788
-4.55788
-4.55788
-4.55788
-4.55788
-4.55788
-4.55788
-4.55788
-5.24087
-4.55788
-4.55788
-4.55788
-5.24087
-4.55788
-4.55788
-4.55788
-4.55788
-4.55788
-4.55788
-4.55788
-4.55788
-4.55788
-4.55788
-4.55788
-4.55788
-4.55788
-4.55788
-4.55788
-4.55788
-4.55788
-4.55788
-4.55788
-4.55788
-4.55788
-4.55788
-4.55788
-4.55788
-4.55788
-4.55788
-4.55788
-4.55788
-5.24087
-4.55788
-4.55788
-4.55788
-5.24087
-4.55788
-4.55788
-4.55788
-5.24087
-4.55788
-5.24087
-4.55788
-5.24087
-4.55788
-4.55788
-5.24087
-5.24087
-4.55788
-4.55788
-4.55788
-4.55788
-4.55788
-5.24087
-4.55788
-5.24087
-4.55788
-4.55788
-4.55788
-4.55788
-4.55788
-4.55788
-4.55788
-4.55788
-4.55788
-4.55788
-4.55788
-4.55788
-5.24087
-4.55788
-4.55788
-4.55788
-5.24087
-4.55788
-5.24087
-4.55788
-5.24087
-5.24087
-4.55788
-4.55788
-5.24087
-5.24087
-4.55788
-4.55788
-4.55788
-4.55788
-4.55788
-5.24087
-4.55788
-4.55788
-4.55788
-4.55788
-4.55788
-4.55788
-4.55788
-4.55788
-4.55788
-4.55788
-4.55788
-5.24087
-5.24087
-4.55788
-5.24087
-4.55788
-4.55788
-4.55788
-5.24087
-4.55788
-4.55788
-5.24087
-5.24087
-4.55788
-4.55788
-4.55788
-4.55788
-4.55788
-5.24087
-4.55788
-4.55788
-5.24087
-4.55788
-4.55788
-4.55788
-5.24087
-4.55788
-4.55788
-4.55788
-4.55788
-4.55788
-4.55788
-5.24087
-4.55788
-4.55788
-5.24087
-4.55788
-4.55788
-4.55788
-4.55788
-4.55788
-5.24087
-4.55788
-4.55788
-4.55788
-4.55788
-4.55788
-4.55788
-5.24087
-4.55788
-4.55788
-4.55788
-4.55788
-4.55788
-4.55788
-4.55788
-4.55788
-4.55788
-5.24087
-5.24087
-4.55788
-4.55788
-4.55788
-4.55788
-4.55788
-4.55788
-4.55788
-4.55788
-4.55788
-4.55788
-4.55788
-4.55788
-5.24087
-5.24087
-4.55788
-4.55788
-4.55788
-4.55788
-4.55788
-4.55788
-5.24087
-4.55788
-4.55788
-5.24087
-4.55788
-5.24087
-4.55788
-4.55788
-4.55788
-4.55788
-4.55788
-5.24087
-4.55788
-5.24087
-4.55788
-5.24087
-4.55788
-4.55788
-4.55788
-5.24087
-4.55788
-4.55788
-4.55788
-5.24087
-4.55788
-4.55788
-4.55788
-4.55788
-4.55788
-4.55788
-4.55788
-4.55788
-4.55788
-4.55788
-5.24087
-5.24087
-4.55788
-5.24087
-4.55788
-4.55788
-4.55788
-4.55788
-4.55788
-4.55788
-5.24087
-4.55788
-4.55788
-4.55788
-5.24087
-4.55788
-4.55788
-4.55788
-4.55788
-4.55788
-5.24087
-4.55788
-4.55788
-4.55788
-4.55788
-4.55788
-4.55788
-4.55788
-4.55788
-4.55788
-4.55788
-4.55788
-5.24087
-4.55788
-4.55788
-4.55788
-4.55788
-4.55788
-4.55788
-4.55788
-5.24087
-4.55788
-5.24087
-4.55788
-5.24087
-4.55788
-4.55788
-4.55788
-5.24087
-4.55788
-4.55788
-5.24087
-4.55788
-5.24087
-5.24087
-4.55788
-4.55788
-4.55788
-4.55788
-4.55788
-4.55788
-4.55788
-5.24087
-5.24087
-4.55788
-5.24087
-4.55788
-4.55788
-4.55788
-4.55788
-5.24087
-4.55788
-4.55788
-4.55788
-4.55788
-4.55788
-4.55788
-4.55788
-4.55788
-5.24087
-4.55788
-4.55788
-4.55788
-4.55788
-4.55788
-4.55788
-4.55788
-4.55788
-4.55788
-4.55788
-4.55788
-4.55788
-4.55788
-4.55788
-4.55788
-4.55788
-4.55788
-5.24087
-5.24087
-4.55788
-4.55788
-4.55788
-4.55788
-4.55788
-4.55788
-5.24087
-4.55788
-4.55788
-4.55788
-4.55788
-4.55788
-5.24087
-4.55788
-4.55788
-4.55788
-4.55788
-4.55788
-4.55788
-4.55788
-4.55788
-4.55788
-5.24087
-4.55788
-4.55788
-4.55788
-4.55788
-4.55788
-4.55788
-5.24087
-4.55788
-4.55788
-4.55788
-4.55788
-4.55788
-4.55788
-5.24087
-4.55788
-4.55788
-4.55788
-4.55788
-4.55788
-4.55788
-4.55788
-4.55788
-5.24087
-4.55788
-4.55788
-5.24087
-4.55788
-4.55788
-4.55788
-5.24087
-4.55788
-4.55788
-4.55788
-4.55788
-5.24087
-4.55788
-4.55788
-4.55788
-4.55788
-5.24087
-4.55788
-4.55788
-4.55788
-4.55788
-4.55788
-4.55788
-4.55788
-5.24087
-4.55788
-4.55788
-4.55788
-4.55788
-4.55788
-5.24087
-4.55788
-5.24087
-4.55788
-4.55788
-4.55788
-4.55788
-4.55788
-4.55788
-5.24087
-4.55788
-4.55788
-4.55788
-4.55788
-4.55788
-5.24087
-5.24087
-4.55788
-4.55788
-4.55788
-4.55788
-4.55788
-4.55788
-4.55788
-5.24087
-5.24087
-4.55788
-4.55788
-4.55788
-4.55788
-4.55788
-4.55788
-4.55788
-4.55788
-4.55788
-4.55788
-4.55788
-4.55788
-4.55788
-5.24087
-4.55788
-4.55788
-4.55788
-4.55788
-4.55788
-4.55788
-5.24087
-5.24087
-4.55788
-4.55788
-4.55788
-4.55788
-4.55788
-5.24087
-4.55788
-4.55788
-4.55788
-4.55788
-4.55788
-4.55788
-4.55788
-4.55788
-4.55788
-4.55788
-4.55788
-4.55788
-4.55788
-4.55788
-4.55788
-4.55788
-4.55788
-4.55788
-4.55788
-4.55788
-4.55788
-4.55788
-4.55788
-5.24087
-5.24087
-4.55788
-4.55788
-4.55788
-4.55788
-4.55788
-4.55788
-4.55788
-5.24087
-4.55788
-4.55788
-4.55788
-4.55788
-4.55788
-4.55788
-4.55788
-4.55788
-4.55788
-4.55788
-4.55788
-4.55788
-4.55788
-4.55788
-4.55788
-4.55788
-4.55788
-4.55788
-4.55788
-4.55788
-4.55788
-4.55788
-4.55788
-4.55788
-4.55788
-4.55788
-4.55788
-4.55788
-4.55788
-4.55788
-4.55788
-4.55788
-4.55788
-4.55788
-4.55788
-4.55788
-4.55788
-4.55788
-5.24087
-4.55788
-4.55788
-4.55788
-4.55788
-4.55788
-4.55788
-4.55788
-4.55788
-4.55788
-5.24087
-4.55788
-4.55788
-4.55788
-4.55788
-4.55788
-5.24087
-4.55788
-5.24087
-4.55788
-4.55788
-4.55788
-4.55788
-4.55788
-4.55788
-4.55788
-5.24087
-4.55788
-4.55788
-4.55788
-5.24087
-4.55788
-5.24087
-4.55788
-4.55788
-4.55788
-4.55788
-4.55788
-4.55788
-4.55788
-5.24087
-4.55788
-4.55788
-4.55788
-4.55788
-4.55788
-5.24087
-4.55788
-4.55788
-4.55788
-5.24087
-4.55788
-5.24087
-4.55788
-4.55788
-5.24087
-4.55788
-4.55788
-5.24087
-4.55788
-4.55788
-4.55788
-5.24087
-4.55788
-4.55788
-4.55788
-4.55788
-4.55788
-4.55788
-4.55788
-4.55788
-4.55788
-5.24087
-4.55788
-4.55788
-4.55788
-4.55788
-4.55788
-4.55788
-4.55788
-4.55788
-4.55788
-4.55788
-5.24087
-5.24087
-5.24087
-5.24087
-4.55788
-4.55788
-5.24087
-5.24087
-4.55788
-5.24087
-4.55788
-4.55788
-4.55788
-4.55788
-4.55788
-4.55788
-4.55788
-4.55788
-4.55788
-4.55788
-4.55788
-4.55788
-4.55788
-4.55788
-4.55788
-5.24087
-4.55788
-4.55788
-4.55788
-4.55788
-4.55788
-4.55788
-4.55788
-4.55788
-4.55788
-4.55788
-4.55788
-5.24087
-5.24087
-4.55788
-4.55788
-5.24087
-4.55788
-4.55788
-4.55788
-5.24087
-4.55788
-4.55788
-5.24087
-4.55788
-4.55788
-5.24087
-5.24087
-4.55788
-4.55788
-4.55788
-4.55788
-5.24087
-4.55788
-4.55788
-5.24087
-4.55788
-4.55788
-5.24087
-4.55788
-4.55788
-4.55788
-4.55788
-4.55788
-4.55788
-4.55788
-5.24087
-4.55788
-4.55788
-4.55788
-4.55788
-4.55788
-4.55788
-4.55788
-4.55788
-4.55788
-4.55788
-4.55788
-4.55788
-4.55788
-4.55788
-4.55788
-4.55788
-4.55788
-5.24087
-5.24087
-4.55788
-4.55788
-5.24087
-4.55788
-4.55788
-4.55788
-4.55788
-4.55788
-4.55788
-4.55788
-5.24087
-5.24087
-5.24087
-4.55788
-4.55788
-4.55788
-4.55788
-5.24087
-4.55788
-5.24087
-4.55788
-4.55788
-4.55788
-4.55788
-4.55788
-4.55788
-4.55788
-5.24087
-5.24087
-4.55788
-4.55788
-4.55788
-4.55788
-4.55788
-4.55788
-4.55788
-4.55788
-4.55788
-4.55788
-4.55788
-4.55788
-4.55788
-4.55788
-4.55788
-4.55788
-4.55788
-4.55788
-4.55788
-5.24087
-5.24087
-4.55788
-5.24087
-4.55788
-4.55788
-4.55788
-4.55788
-4.55788
-5.24087
-4.55788
-5.24087
-4.55788
-4.55788
-4.55788
-4.55788
-4.55788
-4.55788
-5.24087
-4.55788
-4.55788
-4.55788
-4.55788
-5.24087
-4.55788
-5.24087
-4.55788
-4.55788
-4.55788
-4.55788
-4.55788
-5.24087
-4.55788
-4.55788
-4.55788
-4.55788
-4.55788
-4.55788
-4.55788
-5.24087
-4.55788
-5.24087
-4.55788
-4.55788
-4.55788
-4.55788
-5.24087
-4.55788
-4.55788
-5.24087
-4.55788
-4.55788
-5.24087
-4.55788
-4.55788
-4.55788
-4.55788
-4.55788
-4.55788
-4.55788
-4.55788
-4.55788
-4.55788
-4.55788
-4.55788
-4.55788
-4.55788
-4.55788
-4.55788
-4.55788
-4.55788
-5.24087
-4.55788
-4.55788
-4.55788
-4.55788
-4.55788
-4.55788
-4.55788
-4.55788
-4.55788
-4.55788
-4.55788
-4.55788
-4.55788
-4.55788
-4.55788
-4.55788
-4.55788
-4.55788
-4.55788
-4.55788
-4.55788
-4.55788
-5.24087
-5.24087
-4.55788
-4.55788
-4.55788
-5.24087
-4.55788
-4.55788
-4.55788
-5.24087
-4.55788
-4.55788
-4.55788
-4.55788
-5.24087
-4.55788
-4.55788
-4.55788
-4.55788
-4.55788
-4.55788
-4.55788
-4.55788
-4.55788
-4.55788
-4.55788
-4.55788
-4.55788
-4.55788
-4.55788
-4.55788
-4.55788
-4.55788
-4.55788
-4.55788
-5.24087
-4.55788
-4.55788
-4.55788
-4.55788
-4.55788
-4.55788
-4.55788
-4.55788
-4.55788
-4.55788
-4.55788
-4.55788
-4.55788
-4.55788
-4.55788
-4.55788
-4.55788
-4.55788
-4.55788
-4.55788
-4.55788
-4.55788
-4.55788
-4.55788
-4.55788
-5.24087
-4.55788
-4.55788
-4.55788
-4.55788
-4.55788
-4.55788
-4.55788
-4.55788
-4.55788
-4.55788
-4.55788
-4.55788
-4.55788
-5.24087
-5.24087
-4.55788
-4.55788
-4.55788
-4.55788
-5.24087
-4.55788
-4.55788
-4.55788
-4.55788
-4.55788
-5.24087
-4.55788
-5.24087
-4.55788
-4.55788
-4.55788
-4.55788
-4.55788
-4.55788
-4.55788
-5.24087
-4.55788
-4.55788
-4.55788
-4.55788
-4.55788
-5.24087
-4.55788
-4.55788
-4.55788
-4.55788
-4.55788
-4.55788
-4.55788
-4.55788
-4.55788
-4.55788
-4.55788
-5.24087
-4.55788
-4.55788
-4.55788
-5.24087
-4.55788
-4.55788
-4.55788
-4.55788
-5.24087
-4.55788
-5.24087
-4.55788
-4.55788
-4.55788
-4.55788
-4.55788
-4.55788
-4.55788
-5.24087
-4.55788
-4.55788
-4.55788
-4.55788
-5.24087
-5.24087
-4.55788
-4.55788
-4.55788
-4.55788
-4.55788
-4.55788
-4.55788
-5.24087
-4.55788
-4.55788
-4.55788
-4.55788
-4.55788
-4.55788
-4.55788
-4.55788
-4.55788
-4.55788
-5.24087
-4.55788
-5.24087
-4.55788
-4.55788
-5.24087
-5.24087
-4.55788
-4.55788
-4.55788
-4.55788
-4.55788
-4.55788
-4.55788
-4.55788
-4.55788
-4.55788
-4.55788
-4.55788
-4.55788
-4.55788
-4.55788
-4.55788
-4.55788
-4.55788
-4.55788
-4.55788
-4.55788
-5.24087
-4.55788
-4.55788
-4.55788
-4.55788
-4.55788
-4.55788
-5.24087
-4.55788
-4.55788
-4.55788
-4.55788
-4.55788
-4.55788
-5.24087
-4.55788
-4.55788
-4.55788
-4.55788
-4.55788
-4.55788
-5.24087
-4.55788
-4.55788
-4.55788
-4.55788
-4.55788
-4.55788
-5.24087
-4.55788
-4.55788
-5.24087
-4.55788
-4.55788
-4.55788
-4.55788
-4.55788
-4.55788
-4.55788
-4.55788
-4.55788
-4.55788
-4.55788
-4.55788
-4.55788
-5.24087
-4.55788
-4.55788
-4.55788
-4.55788
-4.55788
-4.55788
-4.55788
-4.55788
-4.55788
-4.55788
-4.55788
-4.55788
-4.55788
-5.24087
-5.24087
-5.24087
-4.55788
-4.55788
-4.55788
-4.55788
-4.55788
-4.55788
-4.55788
-4.55788
-5.24087
-4.55788
-4.55788
-4.55788
-4.55788
-5.24087
-4.55788
-4.55788
-5.24087
-4.55788
-4.55788
-4.55788
-4.55788
-4.55788
-4.55788
-4.55788
-4.55788
-5.24087
-4.55788
-4.55788
-4.55788
-4.55788
-5.24087
-5.24087
-4.55788
-5.24087
-4.55788
-4.55788
-4.55788
-4.55788
-4.55788
-5.24087
-4.55788
-5.24087
-4.55788
-4.55788
-4.55788
-5.24087
-4.55788
-5.24087
-4.55788
-4.55788
-4.55788
-5.24087
-4.55788
-4.55788
-4.55788
-4.55788
-4.55788
-5.24087
-4.55788
-4.55788
-4.55788
-4.55788
-4.55788
-4.55788
-5.24087
-4.55788
-4.55788
-4.55788
-5.24087
-4.55788
-5.24087
-4.55788
-4.55788
-4.55788
-4.55788
-5.24087
-4.55788
-4.55788
-5.24087
-4.55788
-5.24087
-4.55788
-4.55788
-5.24087
-5.24087
-4.55788
-4.55788
-4.55788
-5.24087
-4.55788
-4.55788
-5.24087
-4.55788
-4.55788
-4.55788
-4.55788
-4.55788
-4.55788
-4.55788
-5.24087
-4.55788
-4.55788
-4.55788
-0.000716293
0.0164298
0.000189876
0.000714642
0.170871
0.102746
0.0123435
0.034107
0.0124791
0.00556663
0.0316931
0.0738444
-0.000755767
0.0962561
0.179848
0.0145673
0.154175
0.00350369
-0.000771664
0.036642
0.0179733
0.0251496
0.0181347
0.0581626
0.00112383
0.0864808
0.19917
0.0293968
0.0581626
0.118904
0.00112383
0.0442397
0.0123435
0.00304419
0.0581626
0.10703
0.00305707
0.13903
0.0100403
0.0450191
0.0695711
0.112822
0.0738444
0.00556663
-0.000628843
0.102746
0.0874441
-0.000209472
-0.000771664
0.0512921
0.126041
-2.5145e-05
0.0696696
0.0231955
0.220471
0.179848
0.0164298
0.078196
0.236552
0.000189876
0.0450191
0.101512
0.243949
0.000814844
0.0546501
0.16232
0.0622797
0.119891
0.025448
0.025448
0.205498
0.00220003
0.101512
0.146418
0.0420937
0.0100403
0.0145673
0.000436989
0.0213511
0.0656678
0.0156944
0.0048282
0.00501841
0.00304419
0.0370303
0.0251496
0.108249
0.0136178
0.10703
0.000436989
0.0111522
0.160257
-0.000628843
0.0213511
0.0316931
0.0316931
0.16232
0.0293968
0.000189876
0.0588934
0.0213511
0.00501841
0.146418
0.179848
0.0208403
0.000189876
0.0546501
0.0115126
0.243949
-0.000609327
0.0010216
0.077613
0.125288
0.0546501
0.000530169
0.034107
0.0149789
0.00172644
0.000269723
0.0546501
0.16232
0.0393164
0.0293968
0.19917
0.0123435
0.0496738
0.101512
0.119891
0.220471
0.189273
0.179848
0.0124791
0.0912496
0.0370303
0.101512
0.00501841
0.00418084
0.0196122
0.00614697
0.0442397
0.0222995
0.000714642
0.0231955
-0.000716293
0.243949
0.077613
0.113962
0.00815157
0.0546501
0.0100403
0.034107
0.0556687
0.0213511
0.00398697
-0.000795773
0.19917
0.00553688
0.0010216
0.152968
0.10703
0.102746
0.0035919
0.101512
0.146418
0.0618338
0.0196122
0.00891618
0.0556687
0.209561
0.16232
0.000269723
0.00630777
0.0962561
0.000714642
0.00172644
0.0035919
-0.000366822
0.000436989
0.139029
0.00714103
-0.000695033
-0.000695033
0.0271454
0.000714642
0.00630777
0.0512921
0.082728
0.108249
0.126041
0.0213511
0.146418
0.0316931
0.0035919
0.167636
0.0450191
0.10703
0.000530169
0.179848
0.082728
0.209561
0.0271454
0.0480835
0.00418084
0.077613
0.170871
0.154175
0.0164298
0.034107
-0.000695033
0.0179733
-0.000755767
0.175109
0.00614697
0.170871
-0.000366822
0.112822
0.00145744
0.0695711
0.00418084
0.00556663
0.10703
0.00181607
0.00449248
0.0111522
0.00676894
0.112822
0.0156944
0.097448
0.0327808
0.0100403
0.101512
0.0420937
0.0145673
0.0496738
0.170871
0.000530169
0.00676894
-0.000771664
0.189273
0.0656678
0.0546501
0.220471
0.000436989
0.0546501
0.0111522
0.0134968
0.0271454
0.0546501
0.0010216
0.0442397
0.0417174
0.0546501
0.0149789
0.131992
-0.000628843
0.0618338
0.179848
0.0864808
0.00553688
0.0035919
0.0695711
0.0417174
0.13903
0.0393027
0.0035919
-0.000366822
0.131992
0.00304419
0.125288
0.0581626
0.00614697
0.00418084
0.0912496
0.0738444
0.0196122
0.025448
0.170871
0.0962561
3.39058e-05
0.0327808
0.0622797
0.102746
0.00676894
0.0420937
0.131992
0.00350369
0.092349
0.0546501
0.113962
0.0035919
0.0480835
0.00815157
0.0293968
0.00714103
0.125288
0.125288
-0.000716293
0.0179733
0.131992
0.179848
0.0525979
0.189273
0.209561
0.0149789
0.0048282
-0.000509131
-2.5145e-05
0.00714103
0.0111522
0.0658361
0.131992
0.00135823
0.00614697
0.092349
0.0420937
0.0196122
0.00181607
0.000189876
0.118904
0.00145744
0.0734937
0.00145744
0.0100403
0.00815157
0.0145673
0.00304419
0.034107
0.331776
0.0695711
0.0695711
0.00714103
0.10703
0.0035919
0.0581626
0.0293968
0.0021294
0.00803852
0.00891618
0.000530169
0.00556663
0.000814844
0.00305707
0.179848
0.00172644
0.179848
0.0618338
0.0581626
0.167644
0.025448
0.179848
0.025448
0.0695711
0.0149789
0.0912496
0.243949
0.0149789
-0.000771664
-0.000357715
0.0738444
0.220471
0.00257131
0.209561
0.00172644
0.108249
0.0316931
0.00398697
0.019453
0.0393164
0.0213511
0.154175
0.0168825
0.0111522
-0.000628843
0.00145744
0.213202
0.00743636
0.0111522
0.16232
0.0393164
0.243949
0.126041
0.131992
0.0556687
0.0442397
0.0618338
0.082728
0.3238
0.0293968
0.0111522
0.0656678
0.0222995
0.0512921
0.034107
0.00449248
0.00553688
0.036642
0.0738444
-0.000366822
0.0179733
0.025448
0.00220003
0.00172644
0.0468898
-0.000628843
0.0480835
0.0293968
0.00145744
0.0136178
0.019453
0.082728
0.00145744
0.00630777
0.170871
0.00304419
0.0196122
0.00304419
0.0308077
0.0450191
0.0123435
0.00398697
0.0588934
0.078196
0.19783
0.112822
0.16232
0.00449248
0.0417174
0.0393164
0.000189876
0.00112383
0.00305707
0.0450191
0.125288
0.0658361
0.0181347
0.0115126
0.0164298
0.0962561
0.0696696
0.0417174
0.0656678
0.220949
0.0179733
0.00220003
-0.000755767
0.0208403
0.000269723
0.0136178
0.0149789
0.0271454
0.179848
0.0370303
-0.000789929
0.0393164
-0.000789929
0.0546501
0.10703
0.036642
0.0100403
0.0289305
0.0393027
0.0581626
0.113962
0.0512921
0.0656678
0.0656678
0.000814844
0.00614697
0.0512921
0.000814844
0.00112383
0.228742
0.118904
0.0468898
0.112822
0.170871
0.0272161
0.0272161
0.0546501
0.0308077
0.00900366
0.0251496
0.146418
0.0442397
0.00172644
0.189273
0.00973107
0.0271454
0.0696696
0.000714642
0.0468898
0.0512921
0.19917
0.00676894
0.0168825
0.0874441
0.0512921
0.00418084
0.0168825
0.19917
0.036642
0.152969
0.101512
0.0179733
0.0962561
0.0450191
0.00418084
-2.5145e-05
0.0048282
0.00891618
0.0316931
0.0962561
0.0912496
0.0480835
0.0546501
0.179848
0.0658361
0.00556663
0.0480835
0.0272161
0.0213511
0.0213511
0.0819387
0.0196122
0.0864808
0.000714642
0.0164298
0.0512921
0.112822
0.209561
0.146418
0.0420937
0.00900366
0.0145673
0.0272161
0.0156944
0.0738444
0.0696696
0.0450191
0.179848
0.0115126
0.101512
0.170871
0.0468898
0.00891618
0.190205
0.102746
0.0123435
0.0370303
-0.000695033
0.0738444
0.077613
0.0480835
0.0819387
0.0271454
0.0196122
0.0417174
0.00743636
0.0145673
0.108249
0.0168825
0.179848
0.000189876
0.00714103
0.0111522
0.0912496
0.00220003
0.0450191
0.0035919
0.139029
0.0136178
0.0864808
-0.000628843
0.0864808
0.00553688
0.00891618
0.146418
0.0420937
0.112822
0.131992
0.00418084
0.291929
0.00449248
0.205503
0.0111522
0.00743636
0.0912496
0.146418
0.131992
0.000814844
0.0035919
0.101512
0.146418
0.092349
0.0417174
0.0048282
0.000189876
0.00350369
0.00257131
0.0327808
0.189273
0.0420937
0.0556687
0.019453
0.10703
0.0179733
0.0962561
0.16232
0.0496738
0.00501841
0.0179733
0.220471
0.0819387
0.189273
0.0738444
0.0864808
0.213202
0.108249
-0.000357715
0.00973107
0.0251496
0.0656678
0.0123435
-0.000789929
0.0327808
0.00305707
0.112822
0.0316931
0.0179733
0.00418084
-0.000771664
0.0622797
0.0819387
-0.000795773
0.0124791
-2.5145e-05
0.113962
-0.000609327
0.0874441
0.082728
0.0181347
0.132419
0.0048282
0.00501841
0.189273
0.00418084
0.0480835
0.0912496
0.0149789
0.102746
0.00614697
0.0327808
-0.000755767
0.0480835
0.170871
0.160243
0.0156944
0.0525979
0.0695711
0.0048282
0.0622797
0.00743636
0.0556687
0.0164298
0.0348535
0.0734937
0.179848
0.00743636
0.10703
0.0656678
0.0656678
0.119891
0.00556663
0.0124791
0.102746
0.092349
0.118904
0.00900366
0.00714103
0.00556663
0.0208403
0.077613
0.00172644
0.034107
0.0393027
0.0618338
0.0115126
0.0480835
0.0734937
0.0658361
0.1902
0.00556663
-0.000509131
0.102746
0.0308077
0.0656678
0.092349
0.0912496
0.00172644
0.209561
0.10703
0.00350369
0.0251496
0.139029
0.118904
0.078196
0.19917
0.0912496
-0.000695033
0.112822
0.0496738
0.0588934
0.0525979
0.231924
0.0179733
0.119891
0.0695711
0.00714103
0.220471
0.0111522
0.154175
0.000189876
0.243949
0.0021294
0.0179733
0.0308077
0.0496738
0.146418
-0.000716293
0.0316931
0.00305707
0.00630777
0.0496738
0.182626
0.0149789
0.0393027
0.112822
-0.000609327
0.209561
0.139029
-0.000357715
0.00553688
0.00630777
-0.000609327
0.00145744
0.0864808
0.00257131
0.0010216
0.101512
0.00145744
0.179848
0.0442397
0.0512921
0.0105965
0.00501841
0.189273
0.00305707
0.0100403
0.0417174
0.0111522
0.0105965
0.00553688
0.0021294
-0.000499807
0.231924
0.000269723
-0.000628843
0.0149789
0.00145744
0.0208403
0.0105965
0.139029
0.0696696
0.0874441
0.0581626
0.00815157
0.00172644
0.0695711
-0.000499807
0.0316931
-0.000357715
0.0251496
0.0393027
0.0393027
-0.000209472
0.220471
0.108249
-0.000499807
0.113962
-2.5145e-05
0.00556663
0.0864808
0.126041
0.00714103
-0.000628843
0.034107
0.0179733
0.0864808
0.0417174
0.0327808
0.189273
0.0100403
0.00743636
0.13903
0.0656678
0.00743636
0.0293968
-0.000695033
-0.000609327
0.152969
0.0231955
0.0272161
0.0480835
0.0048282
0.0308077
0.000530169
0.131992
0.0238341
0.0136178
-0.000755767
0.00181607
0.0115126
0.00220003
0.000269723
0.146418
0.0035919
0.00398697
0.0734937
0.00553688
0.0480835
0.112822
0.0168825
0.160254
0.034107
0.000814844
-0.000175978
0.036642
0.0480835
0.16232
0.00418084
0.092349
-2.5145e-05
0.036642
0.0021294
0.00112383
0.0272161
0.00900366
0.0179733
0.00630777
0.0622797
0.0181347
-0.000771664
0.0480835
0.0696696
0.0496738
0.097448
0.0480835
0.0874441
0.0512921
0.036642
0.0100403
0.00112383
0.00676894
0.00900366
3.39058e-05
0.0231955
0.0393027
0.0622797
0.0450191
0.268095
0.00973107
0.0480835
0.025448
-2.5145e-05
0.0546501
0.00350369
0.139029
0.00257131
0.082728
0.0480835
0.000269723
0.0588934
0.0656678
-0.000509131
0.0035919
-0.000771664
0.0105965
0.118904
0.126041
0.097448
0.0021294
0.0734937
0.0525979
0.00172644
0.0420937
0.0556687
0.19917
0.00630777
0.00257131
-0.000509131
0.0208403
0.0010216
0.0021294
0.0738444
0.00630777
-0.000209472
0.036642
0.00743636
0.291929
0.118904
0.0588934
0.112822
0.0656678
0.0124791
0.0864808
0.0149789
0.252279
0.0656678
-0.000771664
-0.000499807
0.00181607
0.170871
0.036642
0.0468898
-0.000366822
-0.000509131
0.00803852
0.0149789
0.0213511
0.0874441
0.092349
0.276028
0.019453
0.0622797
0.119891
0.0123435
0.0251496
-0.000789929
0.119891
0.0048282
0.0179733
0.0618338
0.0289305
0.209561
0.0124791
0.0035919
0.00145744
0.0136178
-0.000789929
0.00676894
0.00553688
0.179848
0.0420937
0.00714103
0.179848
0.0213511
0.0316931
0.00398697
0.000269723
-0.000509131
0.034107
0.000436989
0.0035919
0.00803852
0.0656678
0.0251496
0.146418
0.154175
0.0819387
0.00973107
0.190205
0.0556687
0.034107
0.00135823
0.244402
0.00305707
0.0100403
0.0912496
0.0213511
0.112822
0.126041
0.00815157
0.00630777
0.0164298
0.0417174
0.112822
0.119891
0.189273
0.0231955
0.00501841
0.0618338
0.0272161
0.0213511
0.0308077
0.078196
0.00556663
0.0272161
0.0213511
0.108249
0.146418
0.019453
0.00112383
3.39058e-05
0.0912496
0.146418
0.189273
0.0912496
0.0293968
0.00676894
0.139029
0.0622797
0.0442397
0.170871
0.108249
0.0618338
0.0512921
0.00501841
0.0293968
0.0231955
0.154175
0.00630777
-0.000716293
0.108249
0.170871
0.078196
0.00891618
0.0962561
0.00743636
0.0100403
0.260178
0.000189876
0.0618338
0.179848
0.00135823
0.0168825
0.0181347
0.0213511
0.00900366
0.00220003
0.000814844
0.0658361
-0.000609327
0.00135823
-2.5145e-05
0.0480835
0.0695711
0.182626
0.0021294
0.10703
0.252275
0.0393027
0.0622797
0.101512
0.108249
0.19917
3.39058e-05
0.126041
0.19783
0.0874441
0.0021294
0.00145744
0.189273
0.0696696
0.10703
0.119891
0.00449248
-0.000609327
0.0864808
0.036642
0.00556663
0.113962
0.102746
0.034107
0.125288
0.0105965
0.0468898
0.0149789
0.0658361
0.0468898
0.0393027
0.0874441
0.315834
0.0420937
0.0222995
0.0293968
-0.000609327
3.39058e-05
0.154175
0.0512921
0.0149789
0.139029
0.0213511
0.16232
0.154175
0.170871
0.0179733
0.0496738
0.00418084
0.00891618
0.0622797
0.146418
-0.000509131
0.209561
0.00260946
0.0035919
0.0251496
-0.000716293
0.0231955
0.0231955
0.0179733
0.213208
0.179848
0.112822
-0.000716293
0.00398697
0.0035919
0.00135823
0.00501841
0.0145673
0.189273
0.0393027
0.00220003
0.0238341
0.209561
0.019453
0.139029
0.0450191
0.00172644
0.092349
0.154175
0.0864808
0.16232
0.0272161
0.179848
0.0450191
0.118904
0.0417174
0.125288
0.0316931
0.170871
0.0496738
0.034107
0.0213511
0.19917
0.0272161
0.000436989
0.131992
0.0168825
0.0123435
0.0480835
0.00260946
0.139029
0.0512921
-0.000795773
0.243949
0.0196122
3.39058e-05
0.108249
0.0546501
0.0962561
0.0164298
0.0156944
0.179848
0.0035919
0.152969
-0.000795773
0.000530169
0.000189876
0.0442397
0.205493
0.0105965
0.000189876
0.0864808
0.0480835
0.0231955
0.000436989
0.16232
0.0738444
-2.5145e-05
0.108249
0.0618338
0.0179733
0.0179733
0.220471
0.101512
0.0370303
0.113962
0.0480835
0.139029
0.179848
0.126041
0.0272161
0.00630777
0.00260946
0.036642
0.000436989
0.00350369
0.0656678
0.0962561
0.0251496
0.0231955
0.0327808
0.00714103
0.0164298
0.0696696
0.108249
0.189273
0.126041
0.0658361
0.078196
0.00181607
0.0272161
0.19917
0.00135823
0.097448
0.0231955
0.19917
0.167636
0.0100403
0.0525979
0.0588934
0.036642
0.0442397
0.0468898
0.000436989
0.0420937
0.0048282
0.0156944
0.101512
-0.000609327
0.0231955
0.16232
0.092349
0.0100403
0.000269723
0.078196
0.00350369
0.0179733
0.0251496
0.0100403
-0.000509131
0.00145744
0.268095
0.209561
0.0134968
-0.000716293
0.0115126
0.0546501
0.00220003
-0.000366822
0.0496738
0.077613
0.0196122
0.000436989
0.205493
0.0251496
0.0512921
0.077613
-0.000499807
0.126041
0.16232
0.0738444
0.0316931
0.170871
0.10703
0.0512921
0.0134968
0.0556687
0.0512921
0.0222995
0.036642
-0.000795773
0.00900366
0.19917
0.034107
0.139029
0.19917
-0.000695033
0.00553688
0.0588934
0.189273
0.00553688
-0.000609327
0.00614697
0.167644
0.0181347
0.0496738
0.101512
0.0293968
0.0123435
0.131992
0.0912496
0.0316931
0.170871
0.108249
0.131992
0.0738444
0.00112383
0.0864808
0.108249
0.00112383
0.034107
0.0588934
0.179848
0.036642
0.0196122
0.0164298
0.0213511
0.0912496
0.00398697
0.16232
0.118904
0.0123435
0.0293968
0.0874441
0.00803852
0.102746
0.112822
0.16232
0.092349
0.0196122
0.0179733
0.0874441
0.0251496
0.16232
0.000714642
0.19917
0.170871
0.0181347
0.125288
0.034107
0.00553688
0.0136178
0.000814844
0.179848
0.154175
0.160247
0.0656678
0.0123435
-2.5145e-05
0.00220003
0.092349
0.00630777
0.0819387
0.00900366
0.154175
0.152969
0.00305707
0.179848
0.0327808
0.000714642
0.00553688
0.170871
0.236552
0.0010216
0.126041
0.252279
0.179848
0.0695711
0.00743636
0.0696696
0.0656678
-0.000795773
0.0468898
0.082728
0.0393027
0.0468898
0.101512
0.0417174
0.0134968
0.146418
0.182626
0.0136178
0.077613
0.0912496
0.00553688
0.0145673
0.179848
0.000530169
0.0293968
0.0734937
0.0035919
0.0272161
0.0556687
0.0179733
-2.5145e-05
0.170871
0.0231955
0.019453
0.0738444
0.0222995
-0.000509131
0.170871
0.0213511
0.145877
0.0231955
0.125288
0.220471
0.0124791
0.00257131
0.00676894
0.0618338
-0.000609327
0.139029
0.0164298
0.0912496
0.170871
0.0196122
0.0181347
0.108249
0.000436989
0.019453
0.0164298
0.0696696
0.000814844
0.0156944
0.231924
0.0164298
0.102746
0.0238341
0.00900366
0.126041
0.0581626
0.00553688
0.0048282
0.0164298
0.347725
0.220471
0.0480835
0.0123435
0.0738444
0.0417174
0.0912496
0.00418084
0.0496738
0.00305707
-0.000609327
0.0196122
0.19917
0.00220003
0.0450191
0.179848
0.0417174
0.0105965
-0.000209472
3.39058e-05
0.034107
-0.000716293
0.00181607
-2.5145e-05
0.220471
0.0048282
0.231924
0.000189876
0.0149789
0.034107
0.000436989
0.0695711
0.0864808
0.113962
0.126041
0.189273
0.00743636
0.078196
0.0035919
0.0370303
0.00614697
0.125288
0.0864808
-0.000509131
-0.000716293
0.231924
-0.000509131
0.0316931
0.078196
-2.5145e-05
0.0581626
0.125288
0.283974
-0.000789929
0.0115126
-0.000209472
0.00501841
0.0213511
0.0618338
0.00135823
0.0213511
0.0156944
0.0136178
-0.000755767
0.170871
0.209561
0.0370303
0.0105965
0.146418
0.097448
0.0512921
0.189273
0.0442397
0.078196
0.170871
0.145877
0.0213511
0.243949
0.102746
0.0656678
0.220471
0.000269723
-2.5145e-05
0.0420937
0.0105965
0.139029
0.0134968
0.0293968
-0.000695033
0.082728
0.0213511
0.0272161
0.132419
0.0656678
0.00630777
0.00630777
-0.000509131
0.00181607
0.132419
0.145878
0.078196
0.036642
0.0512921
0.0124791
0.118904
0.0695711
0.146418
0.0393027
0.0238341
0.112822
-2.5145e-05
0.00418084
0.00305707
0.0556687
0.0819387
0.179848
0.0618338
0.190205
0.019453
0.092349
0.00398697
0.0874441
0.00803852
0.0111522
0.0696696
0.139029
0.0556687
0.291929
0.102746
0.0874441
0.189273
0.101512
0.0179733
0.00398697
0.0696696
-2.5145e-05
0.0658361
-0.000755767
0.146418
0.00973107
0.16232
0.0035919
0.0656678
0.118904
-0.000695033
0.025448
0.0100403
0.077613
0.0111522
0.00350369
0.0145673
0.0556687
0.0156944
0.00556663
-0.000755767
0.0156944
0.0293968
0.0442397
0.0181347
-0.000771664
0.092349
0.078196
-0.000509131
-0.000175978
0.160257
0.00257131
0.00398697
-0.000628843
-0.000755767
0.0480835
0.00743636
0.082728
0.0021294
0.0393027
0.00676894
0.167636
0.19917
0.00112383
0.0348535
0.19917
0.034107
0.0588934
0.000189876
0.170871
0.0123435
0.10703
0.0327808
0.0149789
0.0196122
0.0021294
0.231924
0.0468898
0.0111522
0.0512921
0.0468898
0.0196122
0.0656678
0.000714642
0.00304419
0.00630777
0.034107
0.0588934
-0.000209472
0.0124791
0.243949
0.0656678
0.097448
0.0308077
-0.000789929
0.00973107
0.0581626
0.0450191
-0.000209472
0.0048282
0.0100403
0.00350369
-0.000366822
0.0512921
0.0512921
0.0213511
-0.000628843
0.00803852
0.0327808
-0.000509131
0.00900366
0.0145673
0.125288
0.082728
0.0656678
0.0393164
0.097448
0.154175
0.108249
0.0480835
0.00501841
0.220471
0.0912496
0.0658361
0.019453
-0.000716293
0.126041
0.00172644
0.0656678
0.0962561
0.0962561
0.0581626
0.00305707
0.00304419
0.0100403
0.0581626
0.0525979
-0.000609327
0.000269723
0.347706
-0.000175978
0.0656678
-0.000209472
0.0393164
0.0496738
0.189273
0.000189876
0.00803852
0.209561
0.0512921
0.00304419
0.10703
0.0149789
0.00501841
0.036642
0.0213511
0.0658361
0.0962561
0.0308077
0.170871
0.0156944
-0.000771664
0.0111522
0.0348535
0.209561
0.0021294
0.19917
0.0156944
-0.000609327
0.101512
0.0289305
0.154175
0.0695711
0.00714103
0.077613
0.0100403
0.097448
0.00304419
0.112822
0.0316931
0.0196122
0.154175
0.0468898
0.00305707
0.00614697
0.0048282
0.0100403
0.113962
0.00145744
0.00181607
0.0308077
0.0525979
0.0231955
0.118904
0.00181607
0.108249
0.179848
0.0316931
0.0442397
0.078196
0.0293968
0.000436989
0.0156944
0.0196122
0.0450191
0.0658361
0.0370303
0.092349
0.0222995
0.0179733
0.097448
0.00630777
0.189273
0.175105
0.0696696
0.102746
0.19917
0.0393164
0.0393027
0.000269723
0.131992
0.0738444
-0.000755767
0.0149789
0.0168825
0.1751
0.0136178
0.139029
0.00815157
0.00815157
0.00714103
0.139029
0.000436989
0.189273
0.077613
0.170871
0.10703
0.0179733
0.209561
0.0348535
0.170871
0.0181347
0.00418084
0.0327808
0.0581626
0.0450191
0.179848
0.025448
0.0231955
0.00630777
0.132419
0.0442397
0.0546501
0.0546501
0.0271454
0.0734937
0.0734937
-0.000357715
0.112822
0.0450191
0.0622797
0.000269723
0.000714642
0.0864808
0.126041
0.179848
0.00418084
0.0035919
-0.000716293
-0.000499807
0.108249
0.0581626
0.0348535
0.118904
0.154175
0.0111522
0.102746
0.0179733
0.119891
0.0525979
0.0480835
0.0912496
0.118904
0.260176
0.132419
0.00418084
0.0864808
-2.5145e-05
0.0864808
0.0874441
0.0370303
0.0316931
0.131992
0.228742
0.213202
0.0656678
0.0468898
0.119891
0.00172644
0.16232
0.145877
0.179848
0.0450191
0.243949
0.0442397
0.00900366
0.00257131
0.0316931
-0.000209472
0.092349
0.0111522
0.025448
0.0912496
0.0115126
0.0035919
0.00614697
0.0164298
0.131992
0.0156944
0.0496738
0.220471
0.0164298
-0.000695033
0.0179733
0.18263
0.154175
0.0370303
0.118904
0.0512921
0.077613
0.00815157
0.0658361
0.0035919
0.092349
0.0370303
-0.000499807
0.0181347
0.0181347
0.0105965
0.097448
0.213208
0.00398697
0.0962561
0.000530169
0.118904
-0.000795773
0.101512
0.0111522
0.102746
0.0546501
0.036642
0.16232
0.152971
0.0231955
-0.000695033
0.0480835
0.19917
0.000436989
0.034107
0.0546501
0.00803852
0.244402
0.0327808
0.0111522
0.00803852
0.170871
0.0581626
-0.000366822
0.0546501
0.00900366
0.025448
0.0370303
0.0581626
0.10703
0.118904
0.146418
0.034107
0.10703
0.078196
0.00501841
0.0962561
0.00305707
0.205498
0.0480835
0.0738444
0.00714103
0.000189876
0.170871
0.000189876
-0.000175978
0.0864808
0.19917
0.00260946
0.082728
0.0136178
0.000436989
0.209561
0.0136178
0.0912496
0.097448
0.00305707
0.0316931
0.00803852
0.00803852
0.0196122
0.00305707
0.0819387
0.0496738
0.243949
0.000814844
0.190209
0.132419
0.000189876
0.097448
0.118904
0.00220003
-0.000609327
-0.000628843
0.00304419
0.0556687
0.101512
0.209561
0.00172644
0.119891
0.00900366
0.00418084
0.00614697
0.00135823
-0.000795773
0.146418
0.0734937
-0.000695033
0.0696696
0.243949
0.0048282
-0.000209472
0.082728
0.0293968
0.0271454
0.0864808
0.0912496
0.113962
0.131992
0.0035919
0.00304419
0.231924
0.118904
0.0048282
-0.000509131
0.0293968
0.0316931
0.18263
0.0512921
0.0656678
0.00553688
0.0556687
0.131992
0.00172644
0.0272161
0.0864808
0.0124791
0.0393027
0.108249
0.108249
0.125288
0.0656678
0.0145673
0.0123435
0.0149789
0.00135823
0.126041
0.154175
0.118904
0.0010216
0.101512
0.00449248
3.39058e-05
0.0149789
0.0231955
0.16232
0.0021294
0.0581626
-0.000366822
0.0293968
0.0238341
0.0622797
-0.000716293
0.097448
0.00630777
0.0480835
0.113962
0.00220003
0.113962
0.283974
0.000189876
0.00260946
0.146418
0.0393027
0.0123435
0.0962561
0.220471
0.0164298
0.00803852
0.025448
0.077613
0.145877
0.000269723
0.0021294
0.179848
-0.000755767
0.0393027
0.0393027
0.0738444
0.000189876
0.0480835
0.00112383
-0.000628843
0.00112383
0.243949
0.0164298
0.00257131
0.0581626
0.0149789
0.00803852
0.19917
0.0231955
-0.000175978
0.0134968
0.0271454
0.000436989
0.0480835
0.00501841
0.0293968
0.00815157
0.0962561
0.189273
0.0393164
0.0115126
0.0021294
0.0179733
0.0136178
0.0393164
-0.000357715
0.0316931
0.0468898
0.078196
0.00614697
0.0048282
0.154175
0.0271454
0.0168825
0.00815157
0.170871
0.231924
0.209561
0.00614697
0.113962
0.00172644
0.125288
0.170871
0.00614697
0.0393027
0.00900366
0.0271454
0.00501841
0.0618338
0.102746
0.00449248
0.000814844
0.0164298
0.0238341
0.189273
0.0111522
0.0556687
0.0196122
0.0231955
0.00630777
0.0417174
0.0734937
0.00614697
0.0420937
0.0293968
0.00891618
0.16232
0.16232
-0.000789929
0.097448
0.025448
0.078196
0.205503
0.0962561
0.078196
-0.000695033
0.00553688
0.036642
0.00815157
-0.000628843
0.0196122
0.0393164
0.00418084
0.0231955
0.0251496
0.000189876
0.00630777
0.0546501
0.154175
0.1902
0.154175
0.0251496
0.00891618
0.0420937
0.0327808
0.000189876
-0.000771664
0.170871
0.0021294
0.00803852
0.0327808
0.0738444
0.00803852
0.000714642
0.00398697
-0.000628843
0.0136178
0.0316931
0.0272161
0.000189876
0.228737
0.19917
0.0588934
0.0196122
0.112822
0.0164298
0.000814844
0.145877
0.16232
0.000436989
0.228731
0.00973107
0.276028
0.189273
0.220471
0.0556687
0.0581626
0.0035919
0.0581626
0.0115126
0.0111522
0.0468898
0.0420937
0.139029
0.213208
0.118904
0.0048282
-0.000509131
0.125288
0.0695711
0.0222995
-0.000209472
0.146418
0.16025
0.0525979
0.00900366
0.101512
0.0308077
-0.000795773
0.00630777
0.000436989
0.139029
0.0370303
0.00501841
0.0048282
0.0738444
0.097448
-0.000609327
0.118904
0.0348535
0.00145744
0.0546501
0.0251496
0.0734937
0.0213511
0.10703
0.000436989
0.00145744
0.0149789
0.034107
0.0134968
0.000189876
0.0156944
0.167644
0.231924
0.082728
0.244407
-0.000209472
-0.000695033
0.179848
0.0316931
0.0115126
0.00900366
0.0819387
0.00350369
0.0912496
0.0370303
0.0912496
0.209561
0.0738444
0.0696696
0.019453
0.0912496
0.0658361
0.00630777
0.331776
0.0546501
0.034107
0.19783
0.0581626
0.0115126
0.078196
0.00418084
-0.000716293
0.000814844
0.0156944
0.236552
0.0168825
-0.000795773
0.0546501
0.0164298
0.119891
0.228731
0.00418084
0.00501841
0.0010216
0.231924
0.0231955
0.260176
-0.000357715
0.0208403
0.0293968
0.0512921
0.231924
0.189273
0.000714642
0.112822
0.0035919
0.034107
0.0271454
0.179848
0.19917
0.19917
0.154175
0.0316931
-0.000609327
0.00803852
0.00556663
0.00398697
0.000714642
0.00350369
0.034107
0.0100403
-0.000716293
0.1902
0.112822
0.0556687
0.000530169
0.082728
0.160254
0.209561
0.170871
-0.000609327
0.108249
0.0208403
0.0293968
0.097448
0.0546501
-0.000609327
0.00553688
0.0618338
0.209561
0.036642
0.0874441
0.118904
0.0179733
0.0468898
0.0238341
0.0168825
0.00172644
0.0111522
0.00714103
0.152971
0.00181607
-0.000755767
-0.000716293
0.077613
0.00803852
0.139029
0.0588934
-0.000209472
0.0556687
0.152969
0.0656678
-2.5145e-05
0.10703
0.209561
0.0289305
0.00418084
0.118904
0.175113
0.228737
0.000436989
0.00973107
0.0196122
0.0149789
0.220471
0.00305707
0.0136178
0.209561
0.0327808
0.170871
0.0734937
0.0695711
0.000269723
-0.000357715
0.0546501
0.000269723
0.19917
0.102746
0.0149789
0.260176
0.0316931
0.0696696
0.0962561
0.00260946
-0.000209472
0.0179733
0.0442397
0.0420937
0.0145673
-0.000789929
0.036642
0.0179733
0.0618338
0.0035919
0.112822
0.139029
0.0010216
0.0123435
-0.000628843
0.00145744
0.0272161
0.0442397
0.000814844
0.0179733
0.000436989
0.000436989
-0.000209472
0.0348535
-0.000628843
0.0231955
0.00135823
0.0272161
0.0251496
0.00398697
-0.000771664
0.00891618
0.0864808
0.0393027
0.00260946
0.125288
0.00145744
0.0196122
0.00398697
0.0021294
0.19917
0.00614697
0.101512
0.0222995
0.0316931
0.082728
0.112822
0.034107
0.146418
0.0164298
0.189273
0.152971
0.036642
0.00172644
0.0208403
0.0512921
-0.000716293
0.0124791
0.00630777
0.154175
0.209561
0.209561
0.0100403
0.0316931
0.00305707
0.170871
0.00501841
0.0231955
-0.000609327
0.0618338
0.0293968
0.0179733
0.00112383
0.205493
0.131992
0.0010216
0.10703
0.0271454
0.00112383
0.154175
0.0035919
0.00220003
0.0213511
0.0581626
0.0134968
0.0417174
0.019453
0.0156944
0.0289305
0.220471
0.0738444
0.0556687
0.0213511
-0.000509131
0.209561
0.0618338
0.0588934
0.00803852
0.0208403
0.0370303
0.000814844
0.034107
0.00630777
0.0238341
0.092349
0.154175
0.108249
0.00172644
0.00553688
0.000714642
0.131992
-0.000755767
0.0048282
0.125288
0.0123435
0.00815157
0.139029
-2.5145e-05
0.291929
0.0124791
0.118904
0.00803852
0.0874441
0.231924
0.0327808
0.0105965
-0.000695033
0.077613
0.0588934
0.10703
0.0420937
0.00418084
0.0496738
0.146418
0.0134968
0.113962
0.00714103
0.034107
0.00803852
0.0819387
0.0181347
0.0134968
0.0251496
0.077613
0.0695711
0.118904
0.0272161
0.0308077
0.112822
0.0100403
0.0393027
0.092349
0.0156944
0.0819387
0.00220003
0.179848
0.0136178
0.0393027
0.0618338
0.131992
0.16232
0.00135823
0.00803852
0.170871
0.16232
0.00220003
0.220471
0.243949
0.0251496
0.00743636
0.0124791
0.0512921
0.0656678
0.118904
0.00181607
0.0696696
0.16232
0.13903
0.0618338
-0.000789929
0.0100403
0.00135823
0.000189876
0.0010216
0.0468898
-0.000609327
0.0238341
0.0196122
0.0316931
0.0588934
0.0962561
0.0010216
0.228737
0.0393027
0.078196
0.0111522
0.0417174
0.036642
0.139029
0.0010216
0.0149789
0.146418
-0.000771664
0.00803852
0.160247
0.0251496
0.078196
0.034107
0.146418
0.00418084
0.209561
0.220471
0.00714103
0.0588934
0.0272161
0.0420937
0.0695711
0.0480835
0.0450191
-0.000175978
0.0874441
0.0196122
0.0179733
0.00305707
0.0196122
0.0658361
0.119891
0.0293968
0.000814844
0.0912496
0.00257131
0.0179733
0.092349
0.0622797
0.125288
0.00220003
0.0581626
0.0618338
0.0656678
0.0556687
0.131992
0.0048282
0.0115126
0.118904
0.00803852
0.0695711
0.179848
0.0149789
0.299892
0.0289305
0.125288
0.00304419
0.0442397
0.0912496
0.0450191
0.131992
0.00900366
0.00418084
0.0874441
0.0468898
0.243949
0.19783
0.00553688
0.0289305
0.0124791
0.0238341
0.0136178
0.243949
0.0149789
-0.000175978
0.0656678
0.220955
0.209561
0.0251496
0.00181607
0.0480835
0.0588934
0.077613
0.0546501
0.0196122
0.00714103
0.0316931
0.112822
0.00145744
0.276028
0.0100403
0.0962561
0.00220003
0.0962561
0.0134968
0.0581626
0.034107
0.118904
0.0168825
0.00891618
0.00803852
0.097448
0.00305707
0.244402
0.231924
0.213202
0.0164298
0.179848
0.00449248
0.025448
0.126041
-0.000509131
-0.000366822
0.0480835
0.112822
0.0231955
0.0115126
0.0696696
0.154175
0.0370303
0.00676894
0.0393027
0.179848
0.0251496
0.0272161
0.112822
0.10703
0.077613
-0.000628843
0.00260946
0.0179733
0.0525979
0.0010216
0.00714103
0.078196
0.146418
0.00743636
0.126041
0.0468898
0.112822
0.0048282
0.108249
-0.000499807
0.0962561
0.00553688
0.0525979
0.0272161
0.000714642
0.179848
0.00815157
0.078196
0.00803852
0.112822
0.00145744
0.179848
0.146418
0.00556663
0.00257131
0.0145673
0.19917
0.0021294
0.0136178
0.0618338
-0.000695033
0.0393027
0.0272161
0.00418084
0.00714103
0.0293968
0.0048282
0.082728
0.0156944
0.0105965
0.000189876
0.139029
0.108249
0.0696696
0.209561
0.139029
0.0181347
0.0134968
0.00743636
0.00743636
0.0393027
0.0656678
0.0618338
0.0231955
0.146418
0.0308077
-0.000695033
0.119891
0.0181347
0.00900366
0.0100403
0.276028
0.252275
0.167644
0.252279
-0.000755767
0.0289305
0.0420937
0.16232
0.0196122
0.0581626
0.0149789
-0.000795773
0.00973107
0.0658361
0.00449248
0.179848
3.39058e-05
0.00630777
0.0222995
0.16232
0.331776
0.19917
0.0196122
0.170871
0.0231955
0.0417174
0.0658361
0.0145673
0.00260946
0.118904
0.0293968
0.0123435
0.0874441
0.119891
0.0208403
0.0417174
0.0145673
0.0208403
0.0696696
0.0238341
0.131992
0.0010216
0.0222995
0.119891
0.034107
0.189273
0.0272161
0.00172644
0.00418084
-0.000628843
0.170871
0.0181347
0.102746
0.139029
0.0442397
0.0512921
0.0393164
0.10703
0.0123435
0.00112383
0.0393027
0.078196
0.139029
0.00614697
0.036642
0.131992
0.0734937
0.243949
0.00815157
0.0316931
0.092349
0.243949
0.0393027
-0.000628843
0.0149789
0.0149789
0.0164298
0.0450191
0.0111522
0.00900366
-0.000716293
0.0912496
0.0962561
-0.000509131
0.00556663
-0.000716293
0.0864808
0.0622797
0.112822
0.0238341
0.0124791
0.16232
0.00900366
0.0618338
0.0420937
0.00257131
0.0136178
0.0512921
0.0145673
0.0145673
0.0618338
0.179848
0.0738444
0.000436989
0.034107
0.0213511
0.092349
0.0164298
0.00305707
0.101512
0.0134968
-0.000716293
0.126041
0.036642
0.101512
0.152968
0.00815157
0.0048282
0.00556663
0.0164298
0.019453
0.0213511
0.108249
-0.000695033
0.0738444
0.00220003
0.0272161
0.0111522
0.0512921
0.236552
0.00112383
0.145877
0.082728
0.0512921
0.00743636
0.0618338
0.0442397
0.00135823
0.0293968
0.077613
0.0111522
0.0271454
0.000530169
0.097448
0.10703
0.078196
0.0512921
0.0213511
0.0658361
0.0327808
0.0123435
0.034107
0.0149789
0.170871
0.170871
0.189273
0.036642
0.0213511
0.160243
3.39058e-05
0.0546501
0.209561
0.036642
-0.000509131
0.112822
0.00803852
0.00900366
0.16232
0.0231955
0.0164298
0.0196122
0.0819387
0.0035919
0.119891
0.209561
0.0874441
0.00350369
0.170871
0.167644
0.0450191
0.034107
0.0196122
0.0316931
-0.000209472
0.0393164
0.0588934
0.131992
0.119891
0.0656678
0.0293968
0.00630777
0.00304419
0.16232
0.220471
-0.000209472
0.025448
0.036642
0.108249
0.220471
0.0293968
0.00449248
0.0179733
0.0035919
-0.000771664
-0.000609327
0.00900366
0.118904
0.0450191
0.0420937
0.00714103
0.0480835
0.0238341
0.209561
0.0480835
-0.000609327
0.0293968
0.118904
0.0496738
0.0100403
0.036642
0.00614697
0.097448
0.0105965
0.0525979
0.0864808
0.268095
0.231924
0.0123435
0.0618338
0.170871
0.0293968
0.19783
3.39058e-05
0.170871
0.0912496
0.00449248
0.0293968
0.0695711
0.097448
0.0525979
0.034107
0.0581626
0.00630777
-0.000357715
0.00304419
0.119891
0.00220003
0.00803852
0.0546501
0.00553688
0.209561
0.0525979
0.0124791
0.0696696
0.000436989
0.0293968
0.082728
0.00714103
0.00260946
0.000436989
0.00630777
0.0546501
0.00418084
0.000436989
0.10703
0.0164298
0.231924
0.0010216
0.19917
0.0480835
0.118904
0.0164298
-0.000789929
0.189273
0.0168825
0.0696696
0.112822
0.00305707
0.10703
0.0251496
0.082728
0.0293968
0.000530169
0.0480835
0.209561
0.078196
0.113962
0.00260946
0.205498
0.00743636
0.0123435
0.205493
0.0912496
0.0450191
0.19917
0.0164298
0.00614697
0.0111522
0.0100403
0.0136178
0.118904
0.00145744
0.0738444
0.0272161
-0.000509131
0.16232
0.0164298
0.213202
0.0480835
0.0196122
0.034107
0.078196
0.0496738
-0.000789929
0.0196122
0.036642
0.0238341
0.0156944
-0.000695033
0.0468898
0.170871
3.39058e-05
0.0123435
0.0156944
0.132419
0.102746
0.175096
0.00350369
0.0021294
0.0316931
0.078196
-0.000499807
0.078196
0.00181607
0.0123435
0.179848
0.102746
0.00973107
0.0618338
0.0512921
0.00350369
0.0021294
0.16232
0.0149789
0.000714642
-0.000771664
0.0618338
0.179848
0.0874441
0.00900366
0.0272161
0.078196
0.0696696
0.00743636
0.0181347
0.082728
0.00714103
0.092349
0.000436989
0.0231955
0.112822
0.00614697
0.0293968
0.0134968
0.291929
0.00501841
0.108249
0.00973107
0.00418084
0.112822
0.0100403
0.034107
0.0393027
0.108249
0.036642
0.0164298
0.00398697
0.179848
0.0420937
0.152969
0.019453
0.220471
-0.000609327
0.19917
0.154175
0.0588934
0.112822
0.00181607
0.0115126
0.0393027
0.00305707
0.00803852
0.19917
0.00135823
-2.5145e-05
0.0213511
0.189273
0.16232
0.0512921
0.10703
0.0912496
0.0316931
0.102746
0.0156944
0.0734937
0.0156944
0.0442397
0.00418084
0.0010216
0.0272161
0.170871
0.0512921
0.00350369
0.189273
0.231924
0.077613
0.0525979
0.0272161
0.092349
0.170871
0.0512921
0.00803852
0.244402
0.0308077
0.0656678
0.00815157
0.000714642
0.0124791
0.00743636
0.16232
0.0105965
0.13903
0.078196
0.0912496
0.00257131
0.0123435
0.0316931
0.0581626
0.236557
0.0316931
0.209561
0.243949
0.00304419
0.0123435
0.0874441
0.00556663
0.209561
0.0316931
0.077613
0.025448
0.00181607
0.102746
0.108249
0.0734937
-0.000716293
0.00304419
0.00714103
0.036642
0.108249
0.00630777
0.00501841
0.0819387
0.034107
0.0222995
0.036642
0.036642
3.39058e-05
0.209561
0.00418084
0.102746
0.170871
0.0734937
0.139029
0.0289305
0.00900366
-0.000755767
0.00900366
0.0819387
0.0251496
0.131992
0.00803852
0.00418084
0.0100403
0.0480835
-0.000755767
0.0393027
0.145878
0.00714103
0.113962
0.019453
0.0251496
0.0512921
0.231924
0.0272161
0.000714642
0.244402
0.213208
0.152968
0.113962
0.19917
0.00398697
0.0618338
0.231924
0.00815157
-0.000628843
0.019453
0.0213511
0.0734937
0.0962561
-0.000771664
0.231924
0.0145673
0.0622797
0.0251496
0.025448
0.0251496
0.152968
0.205493
0.0874441
0.236552
0.0819387
0.0048282
0.00112383
0.19917
0.000530169
0.108249
0.0168825
0.0134968
0.078196
0.0327808
0.0496738
0.0734937
0.00556663
-0.000695033
-0.000499807
0.126041
0.146418
0.131992
0.0327808
0.209561
0.179848
0.0656678
0.0581626
0.0100403
0.0420937
0.0272161
0.0480835
0.036642
0.0962561
0.00398697
-0.000771664
0.0864808
0.0238341
-2.5145e-05
0.0293968
0.112822
0.034107
0.092349
0.167648
0.0134968
0.179848
0.209561
-0.000509131
0.0525979
0.102746
0.146418
0.102746
0.000714642
0.0738444
0.146418
0.0874441
0.19917
0.00630777
0.125288
0.000814844
0.0179733
0.00220003
0.0111522
0.0238341
0.0525979
0.00145744
0.00260946
0.00260946
0.0271454
0.00676894
0.101512
0.0696696
0.0581626
0.0450191
-0.000771664
0.0417174
0.0115126
0.0393027
0.113962
0.243949
0.189273
0.0588934
0.0581626
0.0874441
-0.000509131
0.00803852
0.00257131
0.0738444
0.0512921
0.00181607
0.101512
0.0272161
0.283974
0.00181607
0.10703
0.000814844
0.170871
0.00418084
0.179848
0.0100403
0.034107
0.00973107
0.0010216
0.0442397
0.0696696
0.0512921
0.119891
0.0308077
0.139029
-0.000771664
0.00614697
0.00418084
0.00614697
0.0021294
0.0111522
0.00350369
0.0115126
0.00803852
-0.000695033
-0.000175978
0.0393027
0.0658361
0.146418
0.0556687
0.0196122
0.0864808
0.0962561
0.0525979
0.0111522
0.00305707
0.0420937
0.0588934
0.092349
0.0035919
0.00418084
-0.000789929
-0.000366822
0.0156944
0.0213511
0.0123435
0.0962561
0.0512921
0.0393164
0.125288
0.0480835
0.000269723
0.0734937
0.179848
0.077613
0.0164298
0.00714103
0.036642
0.0316931
0.00973107
0.00350369
0.190205
0.125288
0.0556687
0.102746
0.0316931
0.291929
0.00891618
0.0048282
0.00418084
0.0546501
0.00900366
0.077613
0.000814844
0.034107
0.0308077
0.00553688
0.0393027
0.10703
0.10703
0.0420937
-0.000209472
0.19917
0.0496738
0.00556663
-0.000755767
0.160247
0.126041
0.189273
0.276028
0.00714103
0.00305707
0.00145744
0.019453
0.146418
0.0393027
0.00305707
0.0213511
0.036642
0.0588934
0.18263
0.0348535
0.00260946
0.00350369
0.00135823
0.000714642
0.0213511
0.00304419
0.078196
0.0021294
0.019453
0.0393027
0.0208403
0.119891
0.000814844
0.0136178
0.0048282
0.0734937
0.209561
-0.000499807
0.0480835
0.0164298
0.125288
0.00556663
0.220471
0.036642
0.077613
0.3238
0.0588934
0.0417174
0.231924
0.0525979
0.139029
0.0238341
0.0546501
-0.000509131
0.13903
0.19917
0.154175
0.0196122
0.0145673
0.092349
0.0100403
-0.000509131
-0.000366822
0.0370303
0.0136178
0.0316931
0.0496738
0.077613
-2.5145e-05
0.170871
0.0293968
0.000714642
0.0222995
-0.000357715
0.0546501
0.0874441
0.0734937
0.00714103
0.18263
0.112822
-0.000609327
0.082728
0.034107
0.0656678
0.160254
0.152971
0.10703
0.092349
0.0556687
0.0213511
0.0658361
0.0179733
0.0149789
0.0734937
0.0100403
0.0348535
-0.000499807
0.00305707
0.00350369
0.0874441
0.113962
0.125288
0.209561
0.0222995
-0.000499807
0.000814844
0.0525979
0.00181607
0.00630777
0.00305707
0.0168825
0.0874441
0.0525979
0.170871
0.209561
0.00172644
0.0496738
0.0293968
0.036642
0.00172644
0.0546501
0.00304419
-0.000716293
0.126041
0.220471
0.19917
0.0035919
0.146418
0.00973107
0.00676894
0.179848
0.00501841
0.19917
0.0145673
0.0348535
0.0622797
-0.000366822
-0.000509131
0.00257131
0.102746
0.0124791
0.19917
0.00418084
-0.000755767
0.0695711
-0.000209472
0.0123435
0.0123435
0.0556687
0.189273
0.209561
0.0581626
0.112822
0.0208403
0.0468898
0.0819387
0.00260946
0.000436989
0.0179733
0.036642
0.036642
0.00815157
0.000269723
0.0393027
0.0111522
0.0179733
0.0734937
0.00257131
0.078196
0.00501841
0.102746
0.0100403
0.0420937
0.0145673
0.078196
0.00305707
0.00900366
0.00172644
0.0738444
0.0289305
0.0238341
0.101512
0.179848
0.154175
0.0123435
0.0196122
0.154175
0.0656678
0.0010216
0.0179733
0.0145673
0.0618338
0.0231955
0.0021294
0.231924
0.000189876
0.0136178
0.102746
0.252279
0.0622797
-2.5145e-05
0.0316931
-0.000509131
0.00449248
0.10703
0.00815157
0.00900366
0.119891
0.132419
0.0546501
0.125288
0.108249
0.0021294
0.097448
0.189273
0.139029
0.0546501
0.00305707
0.268095
0.0100403
0.118904
0.00350369
0.0021294
0.0819387
0.0123435
0.0348535
0.19917
0.0208403
0.0618338
0.190205
0.00714103
0.175113
0.108249
0.0181347
0.0450191
0.000436989
0.0179733
0.0149789
0.00135823
0.00614697
0.034107
0.118904
0.0525979
0.0035919
0.0588934
0.0134968
0.0179733
0.0525979
0.0115126
0.0618338
0.0480835
0.0696696
0.019453
0.0145673
0.0251496
0.0164298
0.00257131
0.0213511
-0.000499807
3.39058e-05
0.0136178
0.0179733
0.0105965
0.0327808
0.209561
-0.000628843
0.179848
0.0048282
0.092349
0.0231955
-0.000755767
0.220471
0.0588934
0.00614697
0.112822
0.0695711
-0.000795773
0.0962561
0.00815157
0.0196122
0.170871
0.0370303
0.0734937
0.0035919
-0.000499807
0.0316931
0.0272161
0.00803852
0.146418
0.139029
0.0289305
0.126041
0.189273
0.078196
0.0656678
0.00220003
0.0271454
0.0618338
0.00614697
0.00305707
0.0145673
0.078196
0.00900366
0.0156944
-0.000695033
3.39058e-05
0.0308077
0.00257131
-0.000357715
0.0417174
0.00181607
0.0622797
0.00743636
0.000714642
0.0308077
0.00630777
0.000269723
0.00257131
0.209561
0.0168825
0.0618338
0.220471
0.00257131
0.0048282
0.0696696
0.0115126
-0.000789929
0.0021294
0.102746
0.167644
0.154175
0.0010216
0.197825
0.0962561
0.16764
0.00257131
0.0105965
0.0181347
0.108249
0.00900366
-0.000357715
0.0123435
0.0105965
0.0658361
0.0546501
-0.000695033
0.0581626
0.0231955
0.0420937
0.00418084
0.0546501
0.00815157
-2.5145e-05
0.132419
0.078196
0.0021294
0.154175
0.00181607
0.00614697
0.231924
0.19917
0.139029
-0.000175978
0.077613
0.00181607
0.0618338
0.00743636
0.112822
0.00743636
0.152971
0.034107
0.179848
-0.000509131
0.243949
0.19917
0.00112383
0.10703
0.0048282
0.243949
0.0010216
0.0123435
-0.000695033
0.0222995
0.0213511
0.0450191
0.112822
0.0100403
0.0450191
0.146418
0.00900366
-0.000609327
0.0316931
0.0658361
0.0231955
0.0149789
0.220471
0.00900366
0.220471
0.102746
0.0168825
0.0393027
0.0393027
0.078196
-0.000209472
0.00350369
0.170871
0.16764
0.00449248
0.102746
0.0293968
0.082728
0.0370303
0.0196122
0.315834
0.113962
0.00501841
0.00501841
0.0468898
0.10703
0.00900366
0.205498
0.154175
0.0656678
0.00418084
0.00135823
0.00304419
0.0450191
-0.000509131
-0.000609327
0.154175
-0.000357715
0.0272161
0.00172644
0.0912496
0.00556663
0.260176
0.00614697
0.0035919
0.000269723
0.0696696
0.19917
0.175105
0.00556663
0.0512921
0.0512921
0.00449248
0.0450191
0.268095
0.078196
0.036642
0.0912496
0.0525979
0.0115126
0.0196122
0.18263
0.0819387
0.00418084
0.0123435
0.00743636
0.0196122
0.00418084
0.0100403
0.0156944
0.00803852
0.00803852
0.0105965
0.108249
0.082728
0.034107
0.19783
0.00305707
0.0124791
0.0393027
0.0696696
0.0316931
0.0588934
0.092349
0.082728
0.0164298
0.00305707
0.0123435
0.0149789
0.0308077
0.082728
0.00172644
0.0525979
0.097448
0.00900366
0.0450191
0.00449248
0.0512921
0.10703
0.0124791
0.00418084
0.00501841
0.000530169
0.0912496
0.082728
0.025448
0.0149789
0.0618338
0.00973107
0.0308077
0.00220003
0.036642
0.00891618
0.0581626
0.0370303
0.0556687
0.00220003
0.179848
0.036642
0.00112383
0.0581626
0.0164298
0.0168825
0.0164298
0.0468898
0.000714642
0.00135823
0.0124791
0.00501841
0.00815157
0.082728
0.092349
0.00305707
0.0100403
0.0251496
0.0213511
0.0658361
0.00398697
-0.000209472
0.0695711
0.0308077
0.0115126
-0.000209472
0.00418084
0.126041
0.0696696
0.00900366
0.000269723
0.000189876
0.112822
0.179848
0.170871
0.0738444
-0.000795773
0.0231955
0.145877
0.179848
0.078196
0.118904
0.00145744
-0.000795773
-0.000209472
0.243949
0.092349
0.0164298
0.0546501
0.112822
0.078196
-0.000716293
0.0181347
0.0293968
0.113962
0.0734937
0.189273
0.0136178
0.0512921
0.19917
0.101512
-0.000628843
0.0115126
-0.000499807
-0.000716293
0.000530169
0.0450191
0.0450191
0.0222995
0.119891
0.097448
0.00815157
0.078196
0.0136178
0.00891618
0.0658361
0.00418084
0.0231955
0.0272161
0.0738444
0.0272161
0.0164298
-0.000175978
0.0546501
0.0442397
0.112822
0.000189876
0.0010216
0.0251496
0.0546501
0.034107
0.139029
0.00305707
-0.000357715
0.16232
0.0111522
0.0393164
0.00900366
0.00714103
0.00630777
0.146418
0.082728
0.000436989
0.0035919
0.000189876
0.10703
0.00614697
-0.000795773
0.0912496
0.0512921
0.0134968
0.0738444
0.00676894
0.0546501
0.0021294
0.00743636
0.0695711
0.082728
0.0327808
0.000189876
0.0618338
0.0213511
0.283974
0.108249
0.131992
0.00553688
0.0021294
0.0231955
0.0272161
0.00135823
0.0480835
0.145878
0.1902
0.000269723
0.152969
0.00260946
0.0213511
0.00630777
0.000530169
0.0618338
0.0251496
0.0442397
0.0393027
0.0393027
0.0100403
0.101512
-0.000175978
0.0864808
0.126041
0.00553688
0.00112383
0.0658361
0.0156944
0.00803852
0.131992
0.0168825
0.0588934
-0.000789929
0.0819387
0.0480835
0.139029
0.0496738
0.146418
3.39058e-05
0.0105965
0.0468898
0.228742
0.0874441
0.0168825
0.00181607
0.025448
0.00220003
0.19917
0.077613
0.0581626
0.0035919
0.0393164
0.0115126
0.220471
0.0222995
0.108249
0.0123435
0.0272161
-0.000499807
-0.000695033
-0.000771664
0.0048282
0.00181607
0.0393027
0.00501841
0.092349
0.19917
0.0124791
0.146418
0.0251496
0.0962561
0.000714642
0.175105
0.112822
0.118904
0.139029
0.220471
0.0393027
0.112822
0.0874441
0.0442397
0.0168825
0.0134968
0.00304419
0.118904
-0.000509131
0.00398697
0.036642
0.0546501
0.209561
-0.000628843
0.082728
-0.000695033
0.0480835
0.000269723
0.092349
0.00630777
0.000436989
0.0145673
0.170871
0.160257
-0.000499807
-0.000789929
0.036642
0.0100403
0.0581626
0.0293968
0.0111522
0.101512
0.0181347
0.139029
0.0111522
0.0450191
0.152968
0.209561
-0.000795773
0.0181347
0.0048282
-0.000366822
0.260178
0.209561
0.0696696
0.000714642
0.00220003
0.025448
0.0496738
0.0293968
0.00260946
0.0512921
0.000436989
-0.000695033
0.0231955
0.00556663
-0.000357715
0.126041
0.113962
0.0164298
0.0136178
0.139029
0.0293968
0.0962561
0.00900366
0.0556687
0.182626
0.113962
0.00803852
0.0100403
0.0695711
0.10703
0.0179733
0.112822
0.0370303
0.0010216
0.034107
0.16232
0.0100403
0.000714642
0.0156944
0.132419
0.0622797
0.112822
0.125288
0.0480835
0.139029
0.0420937
0.0696696
0.145877
-0.000789929
0.0734937
0.154175
0.179848
0.16232
0.108249
0.00553688
0.0134968
0.000530169
0.0035919
0.189273
0.00556663
0.00803852
0.0100403
0.0021294
0.00172644
0.00112383
0.0213511
0.139029
0.000269723
0.0123435
0.077613
0.0468898
0.0370303
0.0196122
-0.000628843
0.0293968
0.00257131
0.0123435
0.0656678
0.078196
0.139029
0.0010216
0.00112383
0.0393027
0.00973107
0.0308077
0.0327808
0.119891
0.00172644
-0.000209472
0.101512
0.0213511
0.00135823
0.125288
0.0168825
0.034107
0.00900366
0.0819387
0.146418
0.00714103
0.00181607
0.154175
0.10703
0.118904
0.0145673
0.000530169
0.00145744
0.0272161
-0.000209472
0.00556663
0.0111522
0.0048282
0.0048282
0.19917
0.154175
0.154175
0.0213511
0.0316931
-0.000175978
0.0048282
-0.000499807
0.00630777
0.179848
0.00304419
0.0213511
0.0327808
0.0738444
0.0213511
-0.000628843
0.0136178
0.00112383
0.0348535
0.0912496
0.179848
-0.000771664
0.00900366
0.0656678
0.139029
0.220471
0.00900366
0.0393027
0.16232
0.13903
0.0134968
0.102746
0.00418084
0.00145744
0.0864808
0.0231955
-2.5145e-05
0.0100403
0.0819387
0.078196
0.00553688
0.0238341
0.0480835
0.0512921
0.000436989
0.0581626
0.0289305
0.112822
0.0222995
0.189273
0.179848
-2.5145e-05
0.0864808
0.097448
0.0658361
0.146418
0.077613
0.00900366
0.0864808
0.0546501
0.209561
0.209561
0.0658361
0.078196
0.0164298
0.0656678
0.0181347
0.0420937
0.092349
-0.000795773
0.0271454
0.113962
0.220471
0.0864808
0.00418084
0.291929
0.0134968
0.00181607
0.0179733
3.39058e-05
-0.000628843
0.0251496
0.0393027
0.243949
0.034107
0.078196
0.154175
0.0181347
0.0196122
0.220471
0.019453
0.00714103
-0.000609327
-2.5145e-05
0.00181607
0.000436989
0.145878
0.113962
0.252279
0.082728
0.131992
0.000189876
0.220955
0.102746
0.0048282
0.078196
0.0442397
0.077613
0.154175
-0.000795773
0.0480835
-0.000789929
0.209561
0.179848
0.146418
0.179848
-0.000357715
0.209561
0.00112383
3.39058e-05
0.0181347
0.0656678
0.00145744
0.10703
0.0196122
0.0819387
0.0124791
0.0149789
0.0048282
0.0480835
0.00676894
0.0370303
0.0035919
0.0874441
0.0618338
0.0393027
0.0021294
0.0618338
0.0658361
0.0525979
0.0695711
0.102746
0.154175
0.0123435
0.092349
-0.000366822
3.39058e-05
0.252279
0.119891
0.019453
0.0111522
0.00614697
0.0480835
0.082728
0.0327808
0.0048282
0.0618338
0.00257131
0.0164298
0.108249
0.0272161
0.00553688
-0.000499807
0.0251496
0.00418084
0.00350369
0.0231955
0.0618338
0.000530169
0.209561
0.00305707
0.0179733
0.0289305
0.170871
0.036642
0.118904
0.0962561
0.000269723
0.00501841
-0.000789929
-0.000771664
0.00553688
-2.5145e-05
0.0912496
0.0393027
0.092349
0.0581626
-0.000366822
0.0556687
0.082728
0.000530169
0.0420937
0.000189876
-0.000366822
0.0819387
0.0168825
0.036642
0.220955
0.078196
0.082728
0.0316931
0.16232
0.0819387
0.0695711
0.0581626
0.00172644
0.126041
0.00900366
0.0819387
-0.000499807
0.170871
0.0393027
0.0819387
0.00260946
0.108249
0.167636
0.0100403
0.0100403
0.0145673
0.0622797
0.00630777
0.0420937
0.00743636
0.0238341
0.077613
0.0048282
0.243949
0.0251496
0.00891618
0.0420937
0.139029
0.154175
0.000436989
-0.000509131
0.00181607
0.0618338
0.167636
0.00304419
0.0696696
0.209561
0.00305707
0.16232
-0.000499807
0.000530169
0.119891
0.00172644
0.0874441
0.0316931
3.39058e-05
0.0468898
0.00803852
0.118904
0.0734937
0.0581626
0.00556663
0.00803852
-0.000209472
0.00418084
0.152968
0.118904
0.0696696
0.000189876
0.0251496
0.034107
0.146418
0.179848
0.0696696
0.0100403
0.000814844
0.139029
0.00900366
0.16232
0.000714642
0.00556663
0.0696696
0.00501841
0.0738444
0.00398697
0.000814844
0.0251496
0.00135823
0.167636
0.00305707
0.00900366
0.0874441
0.0105965
0.00556663
0.1902
0.0556687
-0.000357715
0.0308077
0.000189876
0.0136178
0.0196122
0.220471
0.025448
0.034107
0.231924
0.170871
-0.000795773
0.0123435
-0.000716293
0.209561
0.0115126
0.189273
0.036642
0.126041
0.0695711
0.00630777
0.101512
0.220471
0.0417174
0.000436989
0.0864808
0.0819387
0.0222995
0.0525979
0.0420937
0.0136178
0.0156944
0.16232
0.0035919
0.209561
0.16232
0.0480835
0.154175
0.00900366
0.00803852
0.00135823
0.13903
0.113962
0.00172644
0.00614697
0.00815157
0.092349
0.0179733
0.101512
-0.000771664
0.119891
0.0179733
0.154175
0.036642
0.00112383
0.082728
0.0179733
0.189273
0.00449248
0.0149789
0.00305707
0.189273
0.00501841
0.0271454
0.0179733
0.00257131
0.118904
0.00714103
0.0293968
0.101512
0.0111522
0.0442397
0.0912496
0.00630777
0.189273
-0.000366822
0.082728
0.00350369
0.00614697
0.0231955
0.00398697
0.0115126
0.0734937
0.101512
0.00305707
0.0370303
0.0105965
0.00556663
-0.000695033
0.00135823
0.209561
0.131992
0.118904
-0.000366822
0.00304419
0.00630777
0.0734937
0.00172644
0.0393027
0.0111522
0.00553688
-0.000609327
0.0696696
0.036642
0.025448
0.00891618
0.00172644
0.0136178
0.0819387
0.0105965
0.0115126
0.19917
0.00398697
0.0164298
0.189273
-0.000609327
0.0738444
0.0581626
0.0123435
3.39058e-05
0.0393027
0.220471
0.260176
0.0111522
0.0480835
0.034107
0.0420937
0.00900366
0.0874441
0.00172644
0.260176
0.0417174
0.00260946
0.00676894
0.0293968
0.00220003
-0.000716293
0.0393027
0.078196
0.00553688
0.170871
0.00556663
0.077613
0.025448
0.0696696
0.131992
0.019453
-0.000209472
0.00418084
0.0035919
0.00803852
0.0105965
-2.5145e-05
0.034107
0.000269723
0.118904
0.078196
0.0196122
0.0316931
0.00350369
0.190209
0.0213511
0.0480835
0.00305707
0.0164298
0.0512921
0.00973107
0.0581626
0.00815157
-0.000499807
0.0912496
-0.000771664
0.0289305
0.0912496
0.0156944
0.145878
0.0348535
0.034107
0.00630777
0.0480835
0.082728
0.260176
0.170871
0.000714642
0.0289305
0.036642
0.0134968
-0.000509131
0.000189876
0.132419
0.19917
0.146418
0.00803852
0.0496738
0.0316931
0.000714642
-0.000771664
-0.000795773
0.00900366
0.0048282
0.283974
0.0168825
0.13903
0.0196122
0.0480835
0.0546501
0.0546501
0.0348535
0.0293968
0.0251496
0.00112383
0.0316931
0.0864808
0.16232
-0.000509131
0.00220003
0.112822
0.220471
0.0622797
0.0480835
0.00257131
0.189273
0.0293968
0.0123435
0.0196122
0.146418
0.154175
0.231924
0.0874441
0.00220003
0.0010216
0.16232
0.00220003
0.125288
0.0145673
0.108249
0.0622797
-0.000357715
3.39058e-05
-0.000789929
0.036642
-0.000366822
0.0696696
-2.5145e-05
0.00145744
0.0393164
0.154175
0.0145673
0.00350369
0.205498
0.189273
0.0370303
0.0348535
0.0136178
0.0658361
0.0308077
0.0480835
0.0213511
0.0222995
0.0656678
0.025448
0.231924
0.0213511
0.0213511
0.220471
0.0468898
0.0196122
0.101512
0.00556663
0.00449248
0.00145744
0.0196122
0.0271454
0.244402
0.118904
0.077613
0.0420937
0.036642
0.000714642
0.0231955
0.00900366
0.0272161
0.19917
0.0123435
0.0213511
0.0124791
0.0123435
0.0738444
0.132419
0.119891
0.0658361
0.00614697
0.0251496
0.0393164
0.220471
0.00220003
0.00145744
0.179848
0.0656678
0.000189876
0.00257131
-2.5145e-05
0.0035919
0.331776
0.0468898
0.00449248
0.0618338
0.0348535
0.0213511
0.0293968
0.0442397
0.0123435
0.00815157
0.00553688
0.0100403
0.0656678
0.0658361
0.00220003
0.0289305
0.00181607
0.0738444
0.0656678
0.0450191
0.132419
0.0115126
0.0100403
0.019453
0.0695711
0.0289305
0.0618338
0.0035919
0.113962
0.000436989
0.0293968
-0.000499807
0.082728
0.16232
0.236552
0.0021294
0.231924
0.00145744
0.0738444
0.131992
0.0450191
0.170871
0.0417174
0.0420937
0.082728
0.0010216
0.0208403
0.0912496
0.036642
0.0100403
0.00676894
0.0581626
0.0156944
0.00257131
0.0480835
0.160247
0.00260946
0.213208
0.0115126
0.118904
0.179848
0.101512
0.0656678
0.0271454
0.00220003
0.078196
0.0156944
0.0512921
-0.000716293
0.077613
0.0546501
0.0874441
0.139029
0.00815157
0.0525979
0.0874441
0.0588934
0.0164298
0.0874441
0.0308077
-0.000755767
0.0734937
0.0370303
0.00553688
0.00257131
0.036642
0.097448
-0.000789929
0.0393027
0.0156944
