-4.98344
-4.98343
-4.98336
-4.98345
-4.98345
-4.9817
-4.9834
-4.98338
-4.98345
-4.98337
-4.98335
-4.98176
-4.98341
-4.98342
-4.98336
-4.9834
-4.9834
-4.98344
-4.98336
-4.98345
-4.98344
-4.98339
-4.98336
-4.9834
-4.98337
-4.9834
-4.98339
-4.9834
-4.98336
-4.98343
-4.98342
-4.98338
-4.98342
-4.98338
-4.98344
-4.98335
-4.98341
-4.98172
-4.98343
-4.98339
-4.9834
-4.98336
-4.98172
-4.98343
-4.98344
-4.98172
-4.98174
-4.98336
-4.98337
-4.98339
-4.9817
-4.98342
-4.98172
-4.98338
-4.98338
-4.9834
-4.9834
-4.98167
-4.98175
-4.98341
-4.98341
-4.98343
-4.98339
-4.98338
-4.98338
-4.98337
-4.98339
-4.98173
-4.98342
-4.98337
-4.98176
-4.98337
-4.98343
-4.98342
-4.98339
-4.98337
-4.98339
-4.98344
-4.98339
-4.98343
-4.98339
-4.9834
-4.98341
-4.98341
-4.98344
-4.98338
-4.98167
-4.9834
-4.98339
-4.98342
-4.98345
-4.98167
-4.98337
-4.98345
-4.98341
-4.98338
-4.98345
-4.98336
-4.98345
-4.9834
-4.98339
-4.98342
-4.98342
-4.98337
-4.98343
-4.9834
-4.98344
-4.98339
-4.98335
-4.98345
-4.98338
-4.98344
-4.98339
-4.98335
-4.98342
-4.98336
-4.9834
-4.98343
-4.98343
-4.98338
-4.98335
-4.98337
-4.98337
-4.98338
-4.98343
-4.98341
-4.98343
-4.9817
-4.98339
-4.98338
-4.9834
-4.98335
-4.98338
-4.98336
-4.98344
-4.98344
-4.98342
-4.98337
-4.98336
-4.9834
-4.98341
-4.98343
-4.98336
-4.98341
-4.98337
-4.98338
-4.98175
-4.98339
-4.9834
-4.98342
-4.98345
-4.9834
-4.98344
-4.98342
-4.98343
-4.98335
-4.98345
-4.98342
-4.98173
-4.98336
-4.9817
-4.98337
-4.98336
-4.98342
-4.98345
-4.98338
-4.98343
-4.98344
-4.98339
-4.98337
-4.98336
-4.98337
-4.9834
-4.98339
-4.98338
-4.98338
-4.98341
-4.98345
-4.98345
-4.98339
-4.98337
-4.98338
-4.98338
-4.98342
-4.98343
-4.98336
-4.98174
-4.9817
-4.98168
-4.98344
-4.98344
-4.98342
-4.98342
-4.98175
-4.9834
-4.98343
-4.98341
-4.98339
-4.98168
-4.98343
-4.9834
-4.98339
-4.98336
-4.98336
-4.98338
-4.98336
-4.98341
-4.98337
-4.98336
-4.98341
-4.98344
-4.98174
-4.98338
-4.98337
-4.9834
-4.98336
-4.98344
-4.98335
-4.98343
-4.98339
-4.98339
-4.98335
-4.98337
-4.9834
-4.98337
-4.98342
-4.98338
-4.98171
-4.9834
-4.98337
-4.9834
-4.98338
-4.98342
-4.98338
-4.98341
-4.98339
-4.98342
-4.98339
-4.98336
-4.98171
-4.98344
-4.98338
-4.98343
-4.98338
-4.98338
-4.9834
-4.98341
-4.98344
-4.98342
-4.98336
-4.98339
-4.98343
-4.98339
-4.98336
-4.98338
-4.98345
-4.98338
-4.98342
-4.98336
-4.98338
-4.98341
-4.98342
-4.98172
-4.98343
-4.98335
-4.98344
-4.9834
-4.98338
-4.98337
-4.98339
-4.98344
-4.98338
-4.98343
-4.9817
-4.98342
-4.98337
-4.98343
-4.98338
-4.98337
-4.98336
-4.98337
-4.98173
-4.98339
-4.98343
-4.98345
-4.98338
-4.98173
-4.98341
-4.98175
-4.98341
-4.98337
-4.98341
-4.98336
-4.98337
-4.98342
-4.98344
-4.98338
-4.98343
-4.98336
-4.98336
-4.98344
-4.98339
-4.98337
-4.98335
-4.98343
-4.98343
-4.98336
-4.98336
-4.98339
-4.98345
-4.98339
-4.98344
-4.98336
-4.98174
-4.98335
-4.98341
-4.9834
-4.9834
-4.98336
-4.98338
-4.98345
-4.98342
-4.98338
-4.98345
-4.9834
-4.98344
-4.98344
-4.98167
-4.98342
-4.9834
-4.9834
-4.98337
-4.9834
-4.98338
-4.98342
-4.98341
-4.98339
-4.98345
-4.98343
-4.98338
-4.98344
-4.98342
-4.9834
-4.98344
-4.98344
-4.98336
-4.9834
-4.9817
-4.98343
-4.98339
-4.98336
-4.98341
-4.98337
-4.98338
-4.98336
-4.98343
-4.9834
-4.98344
-4.9817
-4.98343
-4.98344
-4.98343
-4.98336
-4.98172
-4.9834
-4.98343
-4.98335
-4.98336
-4.98337
-4.9834
-4.98337
-4.98337
-4.98343
-4.98343
-4.98175
-4.98342
-4.98342
-4.98345
-4.9834
-4.98338
-4.98176
-4.98343
-4.98335
-4.98342
-4.9834
-4.98171
-4.98169
-4.98341
-4.98337
-4.98176
-4.98336
-4.98335
-4.98343
-4.98345
-4.98343
-4.9834
-4.98169
-4.98335
-4.98338
-4.98343
-4.98336
-4.98336
-4.98342
-4.98342
-4.98338
-4.9834
-4.98337
-4.98338
-4.98342
-4.98167
-4.98335
-4.98337
-4.98344
-4.98341
-4.98339
-4.98345
-4.98339
-4.98343
-4.98343
-4.98344
-4.9834
-4.98173
-4.98172
-4.98339
-4.9834
-4.98343
-4.98343
-4.98337
-4.9834
-4.98341
-4.98336
-4.98341
-4.98345
-4.98335
-4.98337
-4.98335
-4.98344
-4.98343
-4.98175
-4.98344
-4.98171
-4.98171
-4.98337
-4.98339
-4.98341
-4.98337
-4.9834
-4.9834
-4.98339
-4.98338
-4.98345
-4.98343
-4.98338
-4.98336
-4.98338
-4.9834
-4.98335
-4.98341
-4.9834
-4.98338
-4.98343
-4.98344
-4.98167
-4.98341
-4.98343
-4.98167
-4.98338
-4.98341
-4.98343
-4.98335
-4.98338
-4.98171
-4.98345
-4.98338
-4.98338
-4.98339
-4.98343
-4.98335
-4.98343
-4.98343
-4.98337
-4.9834
-4.98341
-4.98341
-4.98339
-4.98344
-4.9834
-4.98336
-4.9817
-4.98343
-4.98338
-4.98343
-4.98336
-4.9834
-4.98343
-4.98175
-4.98339
-4.98343
-4.98343
-4.98341
-4.98344
-4.98174
-4.98338
-4.98339
-4.9834
-4.98345
-4.98339
-4.98338
-4.9834
-4.98338
-4.98345
-4.98341
-4.98345
-4.98336
-4.98342
-4.98341
-4.98339
-4.98338
-4.98344
-4.9834
-4.9834
-4.98338
-4.98341
-4.98342
-4.9834
-4.98343
-4.98342
-4.98339
-4.98344
-4.98336
-4.98342
-4.98337
-4.98345
-4.98342
-4.98337
-4.98344
-4.98176
-4.9817
-4.98341
-4.98339
-4.98339
-4.98343
-4.98338
-4.98343
-4.98343
-4.98173
-4.9817
-4.98337
-4.98343
-4.98345
-4.98167
-4.98336
-4.98343
-4.9834
-4.98336
-4.98341
-4.98345
-4.98339
-4.98342
-4.9817
-4.98337
-4.98342
-4.98343
-4.9834
-4.98335
-4.98343
-4.98336
-4.98343
-4.98337
-4.98344
-4.98338
-4.9834
-4.98342
-4.98335
-4.9834
-4.98338
-4.98335
-4.98344
-4.98341
-4.98344
-4.98338
-4.98171
-4.98344
-4.98174
-4.98344
-4.98338
-4.98336
-4.9834
-4.98344
-4.98344
-4.98342
-4.98343
-4.98339
-4.98173
-4.98336
-4.98337
-4.98337
-4.98338
-4.98343
-4.98338
-4.98344
-4.98345
-4.98342
-4.9834
-4.98344
-4.98337
-4.98343
-4.98338
-4.98344
-4.98336
-4.98343
-4.98337
-4.98343
-4.98336
-4.98167
-4.98342
-4.98175
-4.9817
-4.98337
-4.98344
-4.98341
-4.98169
-4.98341
-4.98339
-4.98337
-4.98344
-4.98342
-4.98338
-4.98344
-4.98335
-4.98345
-4.98341
-4.98337
-4.98337
-4.98341
-4.98336
-4.98175
-4.9834
-4.98174
-4.98176
-4.9834
-4.98173
-4.98338
-4.9834
-4.9834
-4.98344
-4.98339
-4.98339
-4.98338
-4.98169
-4.98344
-4.98343
-4.98339
-4.98338
-4.98345
-4.98177
-4.98339
-4.98337
-4.98342
-4.98339
-4.98341
-4.98335
-4.98344
-4.98344
-4.98338
-4.98335
-4.98343
-4.98339
-4.98341
-4.98171
-4.98335
-4.98167
-4.98336
-4.98345
-4.98171
-4.98168
-4.98336
-4.98344
-4.98336
-4.9834
-4.9834
-4.98339
-4.98337
-4.98345
-4.9834
-4.98345
-4.98338
-4.98343
-4.98344
-4.98343
-4.98176
-4.9834
-4.98342
-4.98172
-4.98341
-4.98175
-4.98167
-4.98345
-4.98342
-4.98345
-4.98339
-4.98339
-4.9834
-4.98344
-4.98335
-4.98175
-4.98339
-4.98343
-4.98344
-4.98338
-4.98336
-4.98343
-4.98338
-4.98344
-4.98336
-4.98174
-4.98342
-4.98336
-4.98337
-4.98336
-4.98336
-4.98336
-4.9834
-4.98343
-4.98335
-4.98338
-4.98341
-4.98341
-4.98341
-4.98339
-4.98341
-4.98341
-4.9834
-4.98171
-4.98341
-4.98343
-4.98343
-4.98338
-4.98337
-4.98338
-4.98337
-4.98343
-4.98337
-4.98343
-4.98338
-4.98336
-4.98336
-4.9834
-4.98339
-4.98338
-4.98345
-4.98335
-4.98341
-4.98342
-4.98339
-4.98343
-4.98339
-4.98341
-4.98338
-4.98337
-4.98338
-4.98335
-4.98345
-4.98342
-4.98342
-4.98337
-4.98345
-4.98341
-4.98339
-4.9834
-4.98336
-4.98336
-4.98176
-4.98176
-4.98337
-4.98335
-4.98343
-4.98344
-4.98336
-4.98341
-4.98338
-4.98339
-4.98338
-4.98336
-4.9834
-4.9834
-4.98172
-4.98337
-4.98176
-4.98338
-4.98344
-4.98341
-4.98176
-4.98341
-4.98343
-4.98341
-4.98344
-4.98343
-4.98337
-4.98339
-4.98341
-4.98336
-4.98335
-4.98168
-4.98168
-4.98345
-4.98339
-4.98342
-4.98344
-4.98174
-4.98339
-4.98337
-4.98341
-4.9834
-4.98338
-4.98338
-4.98337
-4.98338
-4.98343
-4.98345
-4.98344
-4.9834
-4.98345
-4.98339
-4.98341
-4.9834
-4.98344
-4.98339
-4.98344
-4.98336
-4.98337
-4.98343
-4.9817
-4.98336
-4.98343
-4.98344
-4.98337
-4.98345
-4.98339
-4.98342
-4.9817
-4.98337
-4.98335
-4.98335
-4.98336
-4.9834
-4.98337
-4.9834
-4.98338
-4.98337
-4.98336
-4.98342
-4.98344
-4.98174
-4.98337
-4.98171
-4.98335
-4.98168
-4.98339
-4.98339
-4.9834
-4.98344
-4.98338
-4.9834
-4.98336
-4.98345
-4.98344
-4.9834
-4.9834
-4.98175
-4.98341
-4.98343
-4.98341
-4.98341
-4.98342
-4.9834
-4.98344
-4.98342
-4.98168
-4.98343
-4.98337
-4.98338
-4.98171
-4.98338
-4.98343
-4.98341
-4.98341
-4.98336
-4.98175
-4.98173
-4.98338
-4.98336
-4.98336
-4.98336
-4.98342
-4.98342
-4.98336
-4.9834
-4.9834
-4.98337
-4.98339
-4.98344
-4.98337
-4.98174
-4.98337
-4.98336
-4.98342
-4.98343
-4.9817
-4.98339
-4.98341
-4.98335
-4.98337
-4.98336
-4.98345
-4.98345
-4.9817
-4.98342
-4.98344
-4.98335
-4.98338
-4.98336
-4.98343
-4.9834
-4.98344
-4.98345
-4.98343
-4.9834
-4.9834
-4.98168
-4.98173
-4.98171
-4.98337
-4.98336
-4.98167
-4.98343
-4.98341
-4.98342
-4.98168
-4.98339
-4.98344
-4.98338
-4.98338
-4.98342
-4.9834
-4.98341
-4.98337
-4.98342
-4.98344
-4.98337
-4.98341
-4.98336
-4.98344
-4.98343
-4.98344
-4.98336
-4.98344
-4.98336
-4.98341
-4.98345
-4.98344
-4.98337
-4.98339
-4.98345
-4.98336
-4.9834
-4.98345
-4.98343
-4.98345
-4.98341
-4.98175
-4.9834
-4.98342
-4.98337
-4.98173
-4.98343
-4.98342
-4.9834
-4.98337
-4.98339
-4.98173
-4.98342
-4.98335
-4.98337
-4.98338
-4.98335
-4.98171
-4.98339
-4.98337
-4.9834
-4.98342
-4.98343
-4.98335
-4.98335
-4.98174
-4.98344
-4.98337
-4.98335
-4.9817
-4.98342
-0.000527956
0.0147722
-0.000104529
0.000283345
0.174165
0.0974776
0.0112445
0.030724
0.0138395
0.00674165
0.0286615
0.0703572
-0.000793286
0.0961622
0.179687
0.0161098
0.154111
0.00435468
-0.000637656
0.0325741
0.0162724
0.0228409
0.0196571
0.0547205
0.00161204
0.0874805
0.205585
0.0275556
0.0533278
0.123037
0.00168769
0.0476182
0.011003
0.00396506
0.0545787
0.109823
0.00225282
0.129332
0.00821388
0.0411604
0.0700624
0.114365
0.0707995
0.00674086
-0.000406987
0.0984213
0.0831834
-0.000479638
-0.000590822
0.0476052
0.119913
-0.000257683
0.0666717
0.0209772
0.220924
0.175667
0.0152585
0.0729242
0.242112
-0.000252833
0.0421885
0.10574
0.243935
0.00145725
0.0514203
0.161503
0.0633661
0.112223
0.027169
0.027888
0.198873
0.0029593
0.102654
0.145348
0.0388633
0.00869586
0.016175
0.00013828
0.0186983
0.0600765
0.0169164
0.00404923
0.00605981
0.00395313
0.0402472
0.0234654
0.105237
0.0122441
0.108148
1.36552e-05
0.00984724
0.149853
-0.000422919
0.0194069
0.028353
0.0287747
0.163003
0.0271982
-0.00013486
0.0619267
0.0198252
0.00583267
0.143619
0.184381
0.0225624
-8.27587e-05
0.0505127
0.0131576
0.24291
-0.000753185
0.000591069
0.0803199
0.126483
0.0519765
0.00103739
0.0303067
0.0128114
0.00113699
0.000605782
0.05135
0.162671
0.0421568
0.0277589
0.202336
0.0110803
0.0511193
0.101142
0.11394
0.222259
0.185825
0.175525
0.0136554
0.0925765
0.039763
0.100904
0.00628306
0.00312422
0.0181517
0.00721877
0.0473195
0.0250614
0.000191846
0.0202242
-0.000532752
0.240777
0.0813861
0.110748
0.00971134
0.0507259
0.00851784
0.0318339
0.0589885
0.0193139
0.00502626
-0.000721538
0.20443
0.00435456
0.000588478
0.141277
0.109642
0.0985971
0.00283549
0.104413
0.149377
0.0587139
0.0179242
0.0100202
0.0582779
0.212764
0.165206
0.000698266
0.00528078
0.0999488
0.000357348
0.00123561
0.00272889
-0.000551519
-1.21282e-05
0.140946
0.00621826
-0.000766855
-0.000762567
0.030079
0.000333094
0.00489026
0.0465825
0.0778431
0.101738
0.117565
0.0186089
0.146753
0.0296346
0.00284718
0.161599
0.0416882
0.108991
0.00104986
0.180055
0.0787368
0.207397
0.0298457
0.043773
0.00336215
0.0794589
0.168979
0.154837
0.0141383
0.0323703
-0.000779592
0.0161272
-0.000793057
0.16666
0.00716241
0.168435
-0.000612427
0.111267
0.00213375
0.0735591
0.0030388
0.00633484
0.10934
0.00256481
0.0055389
0.0102848
0.00791118
0.11221
0.0172637
0.0906057
0.0354475
0.00883813
0.104054
0.0388988
0.015711
0.0521666
0.168136
0.00114733
0.00793317
-0.000609928
0.188836
0.0615231
0.0504103
0.221125
2.29347e-05
0.0516382
0.00985054
0.0150056
0.0300662
0.0514127
0.000576194
0.0457891
0.043807
0.0512893
0.013695
0.134416
-0.000381269
0.0580354
0.180214
0.0888801
0.00457988
0.00256661
0.0701228
0.0452063
0.130001
0.0356234
0.00286353
-0.000568841
0.13225
0.00407715
0.128411
0.0556735
0.00738662
0.0034539
0.094239
0.0711892
0.0181283
0.027865
0.1687
0.0975809
0.000498338
0.0344915
0.0631359
0.0960463
0.00813659
0.0379485
0.135241
0.00455172
0.0865172
0.0498798
0.107038
0.00275342
0.0453359
0.00938874
0.026752
0.00631454
0.12648
0.126389
-0.000509453
0.0155498
0.130879
0.179958
0.0547562
0.185793
0.206961
0.0136107
0.00418996
-0.00014332
-0.000277005
0.00604815
0.0100209
0.0670855
0.130493
0.000897539
0.00713666
0.0856371
0.0397075
0.0171551
0.00266292
-0.000161424
0.118118
0.00205009
0.0772642
0.00210026
0.00863748
0.00991042
0.0162331
0.00405352
0.0314686
0.367131
0.0729221
0.0711558
0.00591902
0.110897
0.00273203
0.0542389
0.0266439
0.00163753
0.00651133
0.0104889
0.00106824
0.00669886
0.00142625
0.00219046
0.179964
0.00128183
0.18075
0.0593154
0.0548379
0.157958
0.0274368
0.177648
0.0278635
0.0731737
0.0138537
0.0947158
0.239995
0.0132068
-0.000684225
-3.7701e-05
0.0692613
0.224448
0.00200036
0.208846
0.00115793
0.102298
0.0286605
0.00477625
0.0211572
0.0420596
0.0196711
0.153415
0.0192008
0.0101391
-0.000403387
0.00206487
0.21252
0.00846594
0.00964536
0.164432
0.0408573
0.242887
0.121344
0.133745
0.0590704
0.0459126
0.0567404
0.079172
0.352714
0.0269557
0.00968118
0.0612149
0.0245625
0.0495003
0.0313908
0.00538448
0.00484177
0.0342431
0.0698207
-0.00061066
0.0164713
0.0276257
0.00285113
0.00122446
0.0498943
-0.000327719
0.0459121
0.0271188
0.00224548
0.0122192
0.0211311
0.079338
0.00199878
0.00531693
0.168813
0.00363336
0.0180244
0.00400097
0.0334699
0.0426783
0.0104994
0.00495304
0.0616631
0.0739804
0.192827
0.113459
0.160778
0.00548709
0.0446089
0.0418585
-0.000233859
0.00183795
0.00251658
0.0421051
0.123291
0.0674701
0.019732
0.0127771
0.0152032
0.0980602
0.0646482
0.0437697
0.0630524
0.221248
0.015942
0.00309325
-0.000791106
0.0233131
0.000752752
0.011822
0.0131099
0.0288588
0.180868
0.0403794
-0.000764005
0.0419123
-0.000768056
0.050972
0.109413
0.0326724
0.00904371
0.0319475
0.0369869
0.0530961
0.110633
0.0488781
0.0604425
0.0634467
0.00147681
0.00722038
0.0472689
0.0015176
0.00163295
0.226736
0.123225
0.0493431
0.111407
0.168257
0.0243116
0.0258785
0.0523424
0.0325559
0.00747566
0.0228085
0.144863
0.0462056
0.00100641
0.190834
0.0115419
0.0293091
0.0641666
0.000336386
0.0501836
0.046943
0.200108
0.00831463
0.0184782
0.0818679
0.0490702
0.0035481
0.0192915
0.203692
0.03267
0.142033
0.105143
0.0163565
0.0996665
0.0418645
0.00303563
-0.00035792
0.0037998
0.0101486
0.029625
0.0991184
0.0923005
0.0461774
0.050965
0.181016
0.0663713
0.00649463
0.0441137
0.024368
0.0193765
0.0191081
0.0831324
0.0182308
0.0868257
0.000199887
0.0141255
0.0464995
0.11682
0.217055
0.14731
0.0395817
0.00793425
0.01571
0.0251747
0.0168646
0.0699419
0.0673853
0.0413722
0.177481
0.0131303
0.101824
0.169745
0.0487485
0.0103103
0.18339
0.0963155
0.0108923
0.0386809
-0.00079196
0.0707201
0.0778522
0.0455362
0.0840747
0.02895
0.0170419
0.0453434
0.00904482
0.0156803
0.100374
0.0192978
0.180895
-0.000213908
0.00634993
0.00987298
0.0923402
0.00302668
0.0407374
0.00268198
0.139438
0.0120117
0.089333
-0.000384385
0.0905207
0.00481229
0.0100145
0.14703
0.03873
0.115984
0.130244
0.00335745
0.304861
0.00532663
0.197169
0.00968501
0.00904428
0.0924306
0.14981
0.130675
0.00120506
0.00261179
0.105173
0.148909
0.0881605
0.0446109
0.0039505
-0.000197401
0.00443261
0.00189962
0.0355158
0.188171
0.0386613
0.0573583
0.0218391
0.110882
0.0161269
0.0987311
0.161
0.0508629
0.00627983
0.0164657
0.227866
0.0832298
0.185279
0.0707207
0.0894757
0.214861
0.103733
6.67682e-05
0.011029
0.0228305
0.0622736
0.0114191
-0.000764079
0.0356254
0.00235239
0.114634
0.028465
0.0167018
0.00352242
-0.00067681
0.063572
0.0824238
-0.000689309
0.0144186
-0.000359571
0.107071
-0.000747619
0.0800535
0.0793145
0.0197059
0.128379
0.00367627
0.0058338
0.194463
0.0033974
0.0450049
0.0951225
0.0134619
0.0983028
0.00709059
0.0352175
-0.000798199
0.0441462
0.1709
0.156028
0.0172334
0.0546908
0.0706753
0.00393562
0.0633129
0.00858919
0.0589049
0.0153289
0.0375913
0.0745266
0.179069
0.00890388
0.111052
0.0610593
0.0600103
0.115119
0.00642432
0.0140104
0.0972248
0.0878288
0.118704
0.00803237
0.00620026
0.00647419
0.0228636
0.0811553
0.00122056
0.0309879
0.0361213
0.0591787
0.0128684
0.0438093
0.0758753
0.069499
0.188475
0.00684113
-0.000291929
0.0993125
0.0327125
0.0624043
0.0891237
0.0919608
0.000955746
0.207117
0.107632
0.00456988
0.0237317
0.140844
0.121905
0.0742448
0.19992
0.0955979
-0.000787656
0.114839
0.0529632
0.0598249
0.055834
0.234642
0.0167161
0.111854
0.0728629
0.00615679
0.2203
0.00972843
0.151263
-0.000131081
0.237739
0.00153319
0.0165461
0.0323727
0.0507493
0.144877
-0.000575884
0.0296896
0.00235398
0.00541703
0.0524558
0.1774
0.0134342
0.0355723
0.111767
-0.000769704
0.210875
0.138977
1.24382e-05
0.00456683
0.00533796
-0.000770061
0.00206481
0.0900176
0.00185242
0.000408209
0.102267
0.00222503
0.181338
0.047134
0.0463691
0.0125604
0.00614298
0.192379
0.00245403
0.00866959
0.0444718
0.0102054
0.012314
0.00438592
0.00154759
-0.000650492
0.23538
0.000787687
-0.000324033
0.0138906
0.00219083
0.0232475
0.012523
0.138657
0.0641789
0.0835812
0.0559115
0.00989682
0.00127487
0.073078
-0.000693029
0.0291347
5.37056e-05
0.0219701
0.0361989
0.0376054
-0.000509028
0.223384
0.102514
-0.000698877
0.109809
-0.000405787
0.00646963
0.0906447
0.120744
0.00620724
-0.000367502
0.0307606
0.0168535
0.0885405
0.0442416
0.0351778
0.186541
0.00837274
0.00861827
0.129329
0.0629685
0.00861688
0.0266421
-0.000785652
-0.000720575
0.144449
0.0215895
0.02405
0.0441242
0.00396269
0.0322515
0.00096782
0.136092
0.0258228
0.0122753
-0.000796032
0.00239169
0.0126422
0.00276949
0.000800206
0.14718
0.00254312
0.00477325
0.0765118
0.00438514
0.0447163
0.113684
0.0183957
0.150947
0.0303333
0.00151847
0.000209988
0.033691
0.0449595
0.166546
0.00329432
0.0874253
-0.00038629
0.0348852
0.00156164
0.0018617
0.0244304
0.0073038
0.0156133
0.00488091
0.06626
0.0198076
-0.000654806
0.0461963
0.0643967
0.0508007
0.0902601
0.0445529
0.0841842
0.0494839
0.0350135
0.00826355
0.00186171
0.00781267
0.00790042
0.000603273
0.0206466
0.0371137
0.0647163
0.041307
0.275748
0.0108632
0.0441404
0.0273223
-0.000303575
0.051726
0.00426029
0.138285
0.00178458
0.0785853
0.0437675
0.000617613
0.0600594
0.0630011
-0.000130444
0.00257632
-0.000651471
0.0122173
0.120023
0.118138
0.0921245
0.0015146
0.0773181
0.0561435
0.0011328
0.0392858
0.0593811
0.203688
0.00501627
0.00181161
-0.000118453
0.0235693
0.000518397
0.00143136
0.0697452
0.00525248
-0.000461791
0.0326717
0.00876017
0.303558
0.120299
0.0613623
0.115904
0.0603161
0.0145583
0.08956
0.01342
0.257359
0.0606567
-0.000681444
-0.000648607
0.00264857
0.168218
0.0346675
0.0487891
-0.000585435
-0.000159541
0.00639567
0.0131784
0.0192057
0.081021
0.0874562
0.294982
0.0217377
0.0642701
0.114565
0.0108606
0.0227671
-0.00076234
0.114254
0.00405509
0.0157342
0.0597535
0.0304015
0.216612
0.0143923
0.00293362
0.00201263
0.0120226
-0.000771194
0.00774969
0.00473251
0.178243
0.0399296
0.00571285
0.183685
0.0198026
0.0292175
0.0049709
0.000814608
-0.000269571
0.0325219
-4.0345e-05
0.00291227
0.00639069
0.0599982
0.0235295
0.145935
0.158051
0.0825752
0.0108501
0.184491
0.0566829
0.0306195
0.000814976
0.248864
0.002487
0.0086285
0.0910247
0.019071
0.113888
0.120088
0.00936342
0.00550358
0.0141813
0.0439378
0.114907
0.112412
0.194444
0.0206845
0.00610749
0.0587492
0.0238817
0.0197787
0.0324096
0.0754775
0.00646844
0.0239079
0.0201215
0.104359
0.144059
