-4.98335
-4.98335
-4.98335
-4.98335
-4.98335
-4.98335
-4.98335
-4.98335
-4.98335
-4.98335
-4.98335
-4.98335
-4.98335
-4.98335
-4.98335
-4.98335
-4.98335
-4.98335
-4.98335
-4.98335
-4.98335
-4.98335
-4.98335
-4.98335
-4.98335
-4.98335
-4.98335
-4.98335
-4.98335
-4.98335
-4.98335
-4.98335
-4.98335
-4.98335
-4.98335
-4.98335
-4.98335
-4.98335
-4.98335
-4.98335
-4.98335
-4.98335
-4.98335
-4.98335
-4.98335
-4.98335
-4.98335
-4.98335
-4.98335
-4.98335
-4.98335
-4.98335
-4.98335
-4.98335
-4.98335
-4.98335
-4.98335
-4.98335
-4.98335
-4.98335
-4.98335
-4.98335
-4.98335
-4.98335
-4.98335
-4.98335
-4.98335
-4.98335
-4.98335
-4.98335
-4.98335
-4.98335
-4.98335
-4.98335
-4.98335
-4.98335
-4.98335
-4.98335
-4.98335
-4.98335
-4.98335
-4.98335
-4.98335
-4.98335
-4.98335
-4.98335
-4.98335
-4.98335
-4.98335
-4.98335
-4.98335
-4.98335
-4.98335
-4.98335
-4.98335
-4.98335
-4.98335
-4.98335
-4.98335
-4.98335
-4.98335
-4.98335
-4.98335
-4.98335
-4.98335
-4.98335
-4.98335
-4.98335
-4.98335
-4.98335
-4.98335
-4.98335
-4.98335
-4.98335
-4.98335
-4.98335
-4.98335
-4.98335
-4.98335
-4.98335
-4.98335
-4.98335
-4.98335
-4.98335
-4.98335
-4.98335
-4.98335
-4.98335
-4.98335
-4.98335
-4.98335
-4.98335
-4.98335
-4.98335
-4.98335
-4.98335
-4.98335
-4.98335
-4.98335
-4.98335
-4.98335
-4.98335
-4.98335
-4.98335
-4.98335
-4.98335
-4.98335
-4.98335
-4.98335
-4.98335
-4.98335
-4.98335
-4.98335
-4.98335
-4.98335
-4.98335
-4.98335
-4.98335
-4.98335
-4.98335
-4.98335
-4.98335
-4.98335
-4.98335
-4.98335
-4.98335
-4.98335
-4.98335
-4.98335
-4.98335
-4.98335
-4.98335
-4.98335
-4.98335
-4.98335
-4.98335
-4.98335
-4.98335
-4.98335
-4.98335
-4.98335
-4.98335
-4.98335
-4.98335
-4.98335
-4.98335
-4.98335
-4.98335
-4.98335
-4.98335
-4.98335
-4.98335
-4.98335
-4.98335
-4.98335
-4.98335
-4.98335
-4.98335
-4.98335
-4.98335
-4.98335
-4.98335
-4.98335
-4.98335
-4.98335
-4.98335
-4.98335
-4.98335
-4.98335
-4.98335
-4.98335
-4.98335
-4.98335
-4.98335
-4.98335
-4.98335
-4.98335
-4.98335
-4.98335
-4.98335
-4.98335
-4.98335
-4.98335
-4.98335
-4.98335
-4.98335
-4.98335
-4.98335
-4.98335
-4.98335
-4.98335
-4.98335
-4.98335
-4.98335
-4.98335
-4.98335
-4.98335
-4.98335
-4.98335
-4.98335
-4.98335
-4.98335
-4.98335
-4.98335
-4.98335
-4.98335
-4.98335
-4.98335
-4.98335
-4.98335
-4.98335
-4.98335
-4.98335
-4.98335
-4.98335
-4.98335
-4.98335
-4.98335
-4.98335
-4.98335
-4.98335
-4.98335
-4.98335
-4.98335
-4.98335
-4.98335
-4.98335
-4.98335
-4.98335
-4.98335
-4.98335
-4.98335
-4.98335
-4.98335
-4.98335
-4.98335
-4.98335
-4.98335
-4.98335
-4.98335
-4.98335
-4.98335
-4.98335
-4.98335
-4.98335
-4.98335
-4.98335
-4.98335
-4.98335
-4.98335
-4.98335
-4.98335
-4.98335
-4.98335
-4.98335
-4.98335
-4.98335
-4.98335
-4.98335
-4.98335
-4.98335
-4.98335
-4.98335
-4.98335
-4.98335
-4.98335
-4.98335
-4.98335
-4.98335
-4.98335
-4.98335
-4.98335
-4.98335
-4.98335
-4.98335
-4.98335
-4.98335
-4.98335
-4.98335
-4.98335
-4.98335
-4.98335
-4.98335
-4.98335
-4.98335
-4.98335
-4.98335
-4.98335
-4.98335
-4.98335
-4.98335
-4.98335
-4.98335
-4.98335
-4.98335
-4.98335
-4.98335
-4.98335
-4.98335
-4.98335
-4.98335
-4.98335
-4.98335
-4.98335
-4.98335
-4.98335
-4.98335
-4.98335
-4.98335
-4.98335
-4.98335
-4.98335
-4.98335
-4.98335
-4.98335
-4.98335
-4.98335
-4.98335
-4.98335
-4.98335
-4.98335
-4.98335
-4.98335
-4.98335
-4.98335
-4.98335
-4.98335
-4.98335
-4.98335
-4.98335
-4.98335
-4.98335
-4.98335
-4.98335
-4.98335
-4.98335
-4.98335
-4.98335
-4.98335
-4.98335
-4.98335
-4.98335
-4.98335
-4.98335
-4.98335
-4.98335
-4.98335
-4.98335
-4.98335
-4.98335
-4.98335
-4.98335
-4.98335
-4.98335
-4.98335
-4.98335
-4.98335
-4.98335
-4.98335
-4.98335
-4.98335
-4.98335
-4.98335
-4.98335
-4.98335
-4.98335
-4.98335
-4.98335
-4.98335
-4.98335
-4.98335
-4.98335
-4.98335
-4.98335
-4.98335
-4.98335
-4.98335
-4.98335
-4.98335
-4.98335
-4.98335
-4.98335
-4.98335
-4.98335
-4.98335
-4.98335
-4.98335
-4.98335
-4.98335
-4.98335
-4.98335
-4.98335
-4.98335
-4.98335
-4.98335
-4.98335
-4.98335
-4.98335
-4.98335
-4.98335
-4.98335
-4.98335
-4.98335
-4.98335
-4.98335
-4.98335
-4.98335
-4.98335
-4.98335
-4.98335
-4.98335
-4.98335
-4.98335
-4.98335
-4.98335
-4.98335
-4.98335
-4.98335
-4.98335
-4.98335
-4.98335
-4.98335
-4.98335
-4.98335
-4.98335
-4.98335
-4.98335
-4.98335
-4.98335
-4.98335
-4.98335
-4.98335
-4.98335
-4.98335
-4.98335
-4.98335
-4.98335
-4.98335
-4.98335
-4.98335
-4.98335
-4.98335
-4.98335
-4.98335
-4.98335
-4.98335
-4.98335
-4.98335
-4.98335
-4.98335
-4.98335
-4.98335
-4.98335
-4.98335
-4.98335
-4.98335
-4.98335
-4.98335
-4.98335
-4.98335
-4.98335
-4.98335
-4.98335
-4.98335
-4.98335
-4.98335
-4.98335
-4.98335
-4.98335
-4.98335
-4.98335
-4.98335
-4.98335
-4.98335
-4.98335
-4.98335
-4.98335
-4.98335
-4.98335
-4.98335
-4.98335
-4.98335
-4.98335
-4.98335
-4.98335
-4.98335
-4.98335
-4.98335
-4.98335
-4.98335
-4.98335
-4.98335
-4.98335
-4.98335
-4.98335
-4.98335
-4.98335
-4.98335
-4.98335
-4.98335
-4.98335
-4.98335
-4.98335
-4.98335
-4.98335
-4.98335
-4.98335
-4.98335
-4.98335
-4.98335
-4.98335
-4.98335
-4.98335
-4.98335
-4.98335
-4.98335
-4.98335
-4.98335
-4.98335
-4.98335
-4.98335
-4.98335
-4.98335
-4.98335
-4.98335
-4.98335
-4.98335
-4.98335
-4.98335
-4.98335
-4.98335
-4.98335
-4.98335
-4.98335
-4.98335
-4.98335
-4.98335
-4.98335
-4.98335
-4.98335
-4.98335
-4.98335
-4.98335
-4.98335
-4.98335
-4.98335
-4.98335
-4.98335
-4.98335
-4.98335
-4.98335
-4.98335
-4.98335
-4.98335
-4.98335
-4.98335
-4.98335
-4.98335
-4.98335
-4.98335
-4.98335
-4.98335
-4.98335
-4.98335
-4.98335
-4.98335
-4.98335
-4.98335
-4.98335
-4.98335
-4.98335
-4.98335
-4.98335
-4.98335
-4.98335
-4.98335
-4.98335
-4.98335
-4.98335
-4.98335
-4.98335
-4.98335
-4.98335
-4.98335
-4.98335
-4.98335
-4.98335
-4.98335
-4.98335
-4.98335
-4.98335
-4.98335
-4.98335
-4.98335
-4.98335
-4.98335
-4.98335
-4.98335
-4.98335
-4.98335
-4.98335
-4.98335
-4.98335
-4.98335
-4.98335
-4.98335
-4.98335
-4.98335
-4.98335
-4.98335
-4.98335
-4.98335
-4.98335
-4.98335
-4.98335
-4.98335
-4.98335
-4.98335
-4.98335
-4.98335
-4.98335
-4.98335
-4.98335
-4.98335
-4.98335
-4.98335
-4.98335
-4.98335
-4.98335
-4.98335
-4.98335
-4.98335
-4.98335
-4.98335
-4.98335
-4.98335
-4.98335
-4.98335
-4.98335
-4.98335
-4.98335
-4.98335
-4.98335
-4.98335
-4.98335
-4.98335
-4.98335
-4.98335
-4.98335
-4.98335
-4.98335
-4.98335
-4.98335
-4.98335
-4.98335
-4.98335
-4.98335
-4.98335
-4.98335
-4.98335
-4.98335
-4.98335
-4.98335
-4.98335
-4.98335
-4.98335
-4.98335
-4.98335
-4.98335
-4.98335
-4.98335
-4.98335
-4.98335
-4.98335
-4.98335
-4.98335
-4.98335
-4.98335
-4.98335
-4.98335
-4.98335
-4.98335
-4.98335
-4.98335
-4.98335
-4.98335
-4.98335
-4.98335
-4.98335
-4.98335
-4.98335
-4.98335
-4.98335
-4.98335
-4.98335
-4.98335
-4.98335
-4.98335
-4.98335
-4.98335
-4.98335
-4.98335
-4.98335
-4.98335
-4.98335
-4.98335
-4.98335
-4.98335
-4.98335
-4.98335
-4.98335
-4.98335
-4.98335
-4.98335
-4.98335
-4.98335
-4.98335
-4.98335
-4.98335
-4.98335
-4.98335
-4.98335
-4.98335
-4.98335
-4.98335
-4.98335
-4.98335
-4.98335
-4.98335
-4.98335
-4.98335
-4.98335
-4.98335
-4.98335
-4.98335
-4.98335
-4.98335
-4.98335
-4.98335
-4.98335
-4.98335
-4.98335
-4.98335
-4.98335
-4.98335
-4.98335
-4.98335
-4.98335
-4.98335
-4.98335
-4.98335
-4.98335
-4.98335
-4.98335
-4.98335
-4.98335
-4.98335
-4.98335
-4.98335
-4.98335
-4.98335
-4.98335
-4.98335
-4.98335
-4.98335
-4.98335
-4.98335
-4.98335
-4.98335
-4.98335
-4.98335
-4.98335
-4.98335
-4.98335
-4.98335
-4.98335
-4.98335
-4.98335
-4.98335
-4.98335
-4.98335
-4.98335
-4.98335
-4.98335
-4.98335
-4.98335
-4.98335
-4.98335
-4.98335
-4.98335
-4.98335
-4.98335
-4.98335
-4.98335
-4.98335
-4.98335
-4.98335
-4.98335
-4.98335
-4.98335
-4.98335
-4.98335
-4.98335
-4.98335
-4.98335
-4.98335
-4.98335
-4.98335
-4.98335
-4.98335
-4.98335
-4.98335
-4.98335
-4.98335
-4.98335
-4.98335
-4.98335
-4.98335
-4.98335
-4.98335
-4.98335
-4.98335
-4.98335
-4.98335
-4.98335
-4.98335
-4.98335
-4.98335
-4.98335
-4.98335
-4.98335
-4.98335
-4.98335
-4.98335
-4.98335
-4.98335
-4.98335
-4.98335
-4.98335
-4.98335
-4.98335
-4.98335
-4.98335
-4.98335
-4.98335
-4.98335
-4.98335
-4.98335
-4.98335
-4.98335
-4.98335
-4.98335
-4.98335
-4.98335
-4.98335
-4.98335
-4.98335
-4.98335
-4.98335
-4.98335
-4.98335
-4.98335
-4.98335
-4.98335
-4.98335
-4.98335
-4.98335
-4.98335
-4.98335
-4.98335
-4.98335
-4.98335
-4.98335
-4.98335
-4.98335
-4.98335
-4.98335
-4.98335
-4.98335
-4.98335
-4.98335
-4.98335
-4.98335
-4.98335
-4.98335
-4.98335
-4.98335
-4.98335
-4.98335
-4.98335
-4.98335
-4.98335
-4.98335
-4.98335
-4.98335
-4.98335
-4.98335
-4.98335
-4.98335
-4.98335
-4.98335
-4.98335
-4.98335
-4.98335
-4.98335
-4.98335
-4.98335
-4.98335
-4.98335
-4.98335
-4.98335
-4.98335
-4.98335
-4.98335
-4.98335
-4.98335
-4.98335
-4.98335
-4.98335
-4.98335
-4.98335
-4.98335
-4.98335
-4.98335
-4.98335
-4.98335
-4.98335
-4.98335
-4.98335
-4.98335
-4.98335
-4.98335
-4.98335
-4.98335
-4.98335
-4.98335
-4.98335
-4.98335
-4.98335
-4.98335
-4.98335
-4.98335
-4.98335
-4.98335
-4.98335
-4.98335
-4.98335
-4.98335
-4.98335
-4.98335
-4.98335
-4.98335
-4.98335
-4.98335
-4.98335
-4.98335
-4.98335
-4.98335
-4.98335
-4.98335
-4.98335
-4.98335
-4.98335
-4.98335
-4.98335
-4.98335
-4.98335
-4.98335
-4.98335
-4.98335
-4.98335
-4.98335
-4.98335
-4.98335
-4.98335
-4.98335
-4.98335
-4.98335
-4.98335
-4.98335
-4.98335
-4.98335
-4.98335
-4.98335
-4.98335
-4.98335
-4.98335
-4.98335
-4.98335
-4.98335
-4.98335
-4.98335
-4.98335
-4.98335
-4.98335
-4.98335
-4.98335
-4.98335
-4.98335
-4.98335
-4.98335
-4.98335
-4.98335
-4.98335
-4.98335
-4.98335
-4.98335
-4.98335
-4.98335
-4.98335
-4.98335
-4.98335
-4.98335
-4.98335
-4.98335
-4.98335
-4.98335
-4.98335
-4.98335
-4.98335
-4.98335
-4.98335
-4.98335
-4.98335
-4.98335
-4.98335
-4.98335
-4.98335
-4.98335
-4.98335
-4.98335
-4.98335
-4.98335
-4.98335
-4.98335
-4.98335
-4.98335
-4.98335
-4.98335
-4.98335
-4.98335
-4.98335
-4.98335
-4.98335
-4.98335
-4.98335
-4.98335
-4.98335
-4.98335
-4.98335
-4.98335
-4.98335
-4.98335
-4.98335
-4.98335
-4.98335
-4.98335
-4.98335
-4.98335
-4.98335
-4.98335
-4.98335
-4.98335
-4.98335
-4.98335
-4.98335
-4.98335
-4.98335
-4.98335
-4.98335
-4.98335
-4.98335
-4.98335
-4.98335
-4.98335
-4.98335
-4.98335
-4.98335
-4.98335
-4.98335
-4.98335
-4.98335
-4.98335
-4.98335
-4.98335
-4.98335
-4.98335
-4.98335
-4.98335
-4.98335
-4.98335
-4.98335
-4.98335
-4.98335
-4.98335
-4.98335
-4.98335
-4.98335
-4.98335
-4.98335
-4.98335
-4.98335
-4.98335
-4.98335
-4.98335
-4.98335
-4.98335
-4.98335
-4.98335
-4.98335
-4.98335
-4.98335
-4.98335
-4.98335
-4.98335
-4.98335
-4.98335
-4.98335
-4.98335
-4.98335
-4.98335
-4.98335
-4.98335
-4.98335
-4.98335
-4.98335
-4.98335
-4.98335
-4.98335
-4.98335
-4.98335
-4.98335
-4.98335
-4.98335
-4.98335
-4.98335
-4.98335
-4.98335
-4.98335
-4.98335
-4.98335
-4.98335
-4.98335
-4.98335
-4.98335
-4.98335
-4.98335
-4.98335
-4.98335
-4.98335
-4.98335
-4.98335
-4.98335
-4.98335
-4.98335
-4.98335
-4.98335
-4.98335
-4.98335
-4.98335
-4.98335
-4.98335
-4.98335
-4.98335
-4.98335
-4.98335
-4.98335
-4.98335
-4.98335
-4.98335
-4.98335
-4.98335
-4.98335
-4.98335
-4.98335
-4.98335
-4.98335
-4.98335
-4.98335
-4.98335
-4.98335
-4.98335
-4.98335
-4.98335
-4.98335
-4.98335
-4.98335
-4.98335
-4.98335
-4.98335
-4.98335
-4.98335
-4.98335
-4.98335
-4.98335
-4.98335
-4.98335
-4.98335
-4.98335
-4.98335
-4.98335
-4.98335
-4.98335
-4.98335
-4.98335
-4.98335
-4.98335
-4.98335
-4.98335
-4.98335
-4.98335
-4.98335
-4.98335
-4.98335
-4.98335
-4.98335
-4.98335
-4.98335
-4.98335
-4.98335
-4.98335
-4.98335
-4.98335
-4.98335
-4.98335
-4.98335
-4.98335
-4.98335
-4.98335
-4.98335
-4.98335
-4.98335
-4.98335
-4.98335
-4.98335
-4.98335
-4.98335
-4.98335
-4.98335
-4.98335
-4.98335
-4.98335
-4.98335
-4.98335
-4.98335
-4.98335
-4.98335
-4.98335
-4.98335
-4.98335
-4.98335
-4.98335
-4.98335
-4.98335
-4.98335
-4.98335
-4.98335
-4.98335
-4.98335
-4.98335
-4.98335
-4.98335
-4.98335
-4.98335
-4.98335
-4.98335
-4.98335
-4.98335
-4.98335
-4.98335
-4.98335
-4.98335
-4.98335
-4.98335
-4.98335
-4.98335
-4.98335
-4.98335
-4.98335
-4.98335
-4.98335
-4.98335
-4.98335
-4.98335
-4.98335
-4.98335
-4.98335
-4.98335
-4.98335
-4.98335
-4.98335
-4.98335
-4.98335
-4.98335
-4.98335
-4.98335
-4.98335
-4.98335
-4.98335
-4.98335
-4.98335
-4.98335
-4.98335
-4.98335
-4.98335
-4.98335
-4.98335
-4.98335
-4.98335
-4.98335
-4.98335
-4.98335
-4.98335
-4.98335
-4.98335
-4.98335
-4.98335
-4.98335
-4.98335
-4.98335
-4.98335
-4.98335
-4.98335
-4.98335
-4.98335
-4.98335
-4.98335
-4.98335
-4.98335
-4.98335
-4.98335
-4.98335
-4.98335
-4.98335
-4.98335
-4.98335
-4.98335
-4.98335
-4.98335
-4.98335
-4.98335
-4.98335
-4.98335
-4.98335
-4.98335
-4.98335
-4.98335
-4.98335
-4.98335
-4.98335
-4.98335
-4.98335
-4.98335
-4.98335
-4.98335
-4.98335
-4.98335
-4.98335
-4.98335
-4.98335
-4.98335
-4.98335
-4.98335
-4.98335
-4.98335
-4.98335
-4.98335
-4.98335
-4.98335
-4.98335
-4.98335
-4.98335
-4.98335
-4.98335
-4.98335
-4.98335
-4.98335
-4.98335
-4.98335
-4.98335
-4.98335
-4.98335
-4.98335
-4.98335
-4.98335
-4.98335
-4.98335
-4.98335
-4.98335
-4.98335
-4.98335
-4.98335
-4.98335
-4.98335
-4.98335
-4.98335
-4.98335
-4.98335
-4.98335
-4.98335
-4.98335
-4.98335
-4.98335
-4.98335
-4.98335
-4.98335
-4.98335
-4.98335
-4.98335
-4.98335
-4.98335
-4.98335
-4.98335
-4.98335
-4.98335
-4.98335
-4.98335
-4.98335
-4.98335
-4.98335
-4.98335
-4.98335
-4.98335
-4.98335
-4.98335
-4.98335
-4.98335
-4.98335
-4.98335
-4.98335
-4.98335
-4.98335
-4.98335
-4.98335
-4.98335
-4.98335
-4.98335
-4.98335
-4.98335
-4.98335
-4.98335
-4.98335
-4.98335
-4.98335
-4.98335
-4.98335
-4.98335
-4.98335
-4.98335
-4.98335
-4.98335
-4.98335
-4.98335
-4.98335
-4.98335
-4.98335
-4.98335
-4.98335
-4.98335
-4.98335
-4.98335
-4.98335
-4.98335
-4.98335
-4.98335
-4.98335
-4.98335
-4.98335
-4.98335
-4.98335
-4.98335
-4.98335
-4.98335
-4.98335
-4.98335
-4.98335
-4.98335
-4.98335
-4.98335
-4.98335
-4.98335
-4.98335
-4.98335
-4.98335
-4.98335
-4.98335
-4.98335
-4.98335
-4.98335
-4.98335
-4.98335
-4.98335
-4.98335
-4.98335
-4.98335
-4.98335
-4.98335
-4.98335
-4.98335
-4.98335
-4.98335
-4.98335
-4.98335
-4.98335
-4.98335
-4.98335
-4.98335
-4.98335
-4.98335
-4.98335
-4.98335
-4.98335
-4.98335
-4.98335
-4.98335
-4.98335
-4.98335
-4.98335
-4.98335
-4.98335
-4.98335
-4.98335
-4.98335
-4.98335
-4.98335
-4.98335
-4.98335
-4.98335
-4.98335
-4.98335
-4.98335
-4.98335
-4.98335
-4.98335
-4.98335
-4.98335
-4.98335
-4.98335
-4.98335
-4.98335
-4.98335
-4.98335
-4.98335
-4.98335
-4.98335
-4.98335
-4.98335
-4.98335
-4.98335
-4.98335
-4.98335
-4.98335
-4.98335
-4.98335
-4.98335
-4.98335
-4.98335
-4.98335
-4.98335
-4.98335
-4.98335
-4.98335
-4.98335
-4.98335
-4.98335
-4.98335
-4.98335
-4.98335
-4.98335
-4.98335
-4.98335
-4.98335
-4.98335
-4.98335
-4.98335
-4.98335
-4.98335
-4.98335
-4.98335
-4.98335
-4.98335
-4.98335
-4.98335
-4.98335
-4.98335
-4.98335
-4.98335
-4.98335
-4.98335
-4.98335
-4.98335
-4.98335
-4.98335
-4.98335
-4.98335
-4.98335
-4.98335
-4.98335
-4.98335
-4.98335
-4.98335
-4.98335
-4.98335
-4.98335
-4.98335
-4.98335
-4.98335
-4.98335
-4.98335
-4.98335
-4.98335
-4.98335
-4.98335
-4.98335
-4.98335
-4.98335
-4.98335
-4.98335
-4.98335
-4.98335
-4.98335
-4.98335
-4.98335
-4.98335
-4.98335
-4.98335
-4.98335
-4.98335
-4.98335
-4.98335
-4.98335
-4.98335
-4.98335
-4.98335
-4.98335
-4.98335
-4.98335
-4.98335
-4.98335
-4.98335
-4.98335
-4.98335
-4.98335
-4.98335
-4.98335
-4.98335
-4.98335
-4.98335
-4.98335
-4.98335
-4.98335
-4.98335
-4.98335
-4.98335
-4.98335
-4.98335
-4.98335
-4.98335
-4.98335
-4.98335
-4.98335
-4.98335
-4.98335
-4.98335
-4.98335
-4.98335
-4.98335
-4.98335
-4.98335
-4.98335
-4.98335
-4.98335
-4.98335
-4.98335
-4.98335
-4.98335
-4.98335
-4.98335
-4.98335
-4.98335
-4.98335
-4.98335
-4.98335
-4.98335
-4.98335
-4.98335
-4.98335
-4.98335
-4.98335
-4.98335
-4.98335
-4.98335
-4.98335
-4.98335
-4.98335
-4.98335
-4.98335
-4.98335
-4.98335
-4.98335
-4.98335
-4.98335
-4.98335
-4.98335
-4.98335
-4.98335
-4.98335
-4.98335
-4.98335
-4.98335
-4.98335
-4.98335
-4.98335
-4.98335
-4.98335
-4.98335
-4.98335
-4.98335
-4.98335
-4.98335
-4.98335
-4.98335
-4.98335
-4.98335
-4.98335
-4.98335
-4.98335
-4.98335
-4.98335
-4.98335
-4.98335
-4.98335
-4.98335
-4.98335
-4.98335
-4.98335
-4.98335
-4.98335
-4.98335
-4.98335
-4.98335
-4.98335
-4.98335
-4.98335
-4.98335
-4.98335
-4.98335
-4.98335
-4.98335
-4.98335
-4.98335
-4.98335
-4.98335
-4.98335
-4.98335
-4.98335
-4.98335
-4.98335
-4.98335
-4.98335
-4.98335
-4.98335
-4.98335
-4.98335
-4.98335
-4.98335
-4.98335
-4.98335
-4.98335
-4.98335
-4.98335
-4.98335
-4.98335
-4.98335
-4.98335
-4.98335
-4.98335
-4.98335
-4.98335
-4.98335
-4.98335
-4.98335
-4.98335
-4.98335
-4.98335
-4.98335
-4.98335
-4.98335
-4.98335
-4.98335
-4.98335
-4.98335
-4.98335
-4.98335
-4.98335
-4.98335
-4.98335
-4.98335
-4.98335
-4.98335
-4.98335
-4.98335
-4.98335
-4.98335
-4.98335
-4.98335
-4.98335
-4.98335
-4.98335
-4.98335
-4.98335
-4.98335
-4.98335
-4.98335
-4.98335
-4.98335
-4.98335
-4.98335
-4.98335
-4.98335
-4.98335
-4.98335
-4.98335
-4.98335
-4.98335
-4.98335
-4.98335
-4.98335
-4.98335
-4.98335
-4.98335
-4.98335
-4.98335
-4.98335
-4.98335
-4.98335
-4.98335
-4.98335
-4.98335
-4.98335
-4.98335
-4.98335
-4.98335
-4.98335
-4.98335
-4.98335
-4.98335
-4.98335
-4.98335
-4.98335
-4.98335
-4.98335
-4.98335
-4.98335
-4.98335
-4.98335
-4.98335
-4.98335
-4.98335
-4.98335
-4.98335
-4.98335
-4.98335
-4.98335
-4.98335
-4.98335
-4.98335
-4.98335
-4.98335
-4.98335
-4.98335
-4.98335
-4.98335
-4.98335
-4.98335
-4.98335
-4.98335
-4.98335
-4.98335
-4.98335
-4.98335
-4.98335
-4.98335
-4.98335
-4.98335
-4.98335
-4.98335
-4.98335
-4.98335
-4.98335
-4.98335
-4.98335
-4.98335
-4.98335
-4.98335
-4.98335
-4.98335
-4.98335
-4.98335
-4.98335
-4.98335
-4.98335
-4.98335
-4.98335
-4.98335
-4.98335
-4.98335
-4.98335
-4.98335
-4.98335
-4.98335
-4.98335
-4.98335
-4.98335
-4.98335
-4.98335
-4.98335
-4.98335
-4.98335
-4.98335
-4.98335
-4.98335
-4.98335
-4.98335
-4.98335
-4.98335
-4.98335
-4.98335
-4.98335
-4.98335
-4.98335
-4.98335
-4.98335
-4.98335
-4.98335
-4.98335
-4.98335
-4.98335
-4.98335
-4.98335
-4.98335
-4.98335
-4.98335
-4.98335
-4.98335
-4.98335
-4.98335
-4.98335
-4.98335
-4.98335
-4.98335
-4.98335
-4.98335
-4.98335
-4.98335
-4.98335
-4.98335
-4.98335
-4.98335
-4.98335
-4.98335
-4.98335
-4.98335
-4.98335
-4.98335
-4.98335
-4.98335
-4.98335
-4.98335
-4.98335
-4.98335
-4.98335
-4.98335
-4.98335
-4.98335
-4.98335
-4.98335
-4.98335
-4.98335
-4.98335
-4.98335
-4.98335
-4.98335
-4.98335
-4.98335
-4.98335
-4.98335
-4.98335
-4.98335
-4.98335
-4.98335
-4.98335
-4.98335
-4.98335
-4.98335
-4.98335
-4.98335
-4.98335
-4.98335
-4.98335
-4.98335
-4.98335
-4.98335
-4.98335
-4.98335
-4.98335
-4.98335
-4.98335
-4.98335
-4.98335
-4.98335
-4.98335
-4.98335
-4.98335
-4.98335
-4.98335
-4.98335
-4.98335
-4.98335
-4.98335
-4.98335
-4.98335
-4.98335
-4.98335
-4.98335
-4.98335
-4.98335
-4.98335
-4.98335
-4.98335
-4.98335
-4.98335
-4.98335
-4.98335
-4.98335
-4.98335
-4.98335
-4.98335
-4.98335
-4.98335
-4.98335
-4.98335
-4.98335
-4.98335
-4.98335
-4.98335
-4.98335
-4.98335
-4.98335
-4.98335
-4.98335
-4.98335
-4.98335
-4.98335
-4.98335
-4.98335
-4.98335
-4.98335
-4.98335
-4.98335
-4.98335
-4.98335
-4.98335
-4.98335
-4.98335
-4.98335
-4.98335
-4.98335
-4.98335
-4.98335
-4.98335
-4.98335
-4.98335
-4.98335
-4.98335
-4.98335
-4.98335
-4.98335
-4.98335
-4.98335
-4.98335
-4.98335
-4.98335
-4.98335
-4.98335
-4.98335
-4.98335
-4.98335
-4.98335
-4.98335
-4.98335
-4.98335
-4.98335
-4.98335
-4.98335
-4.98335
-4.98335
-4.98335
-4.98335
-4.98335
-4.98335
-4.98335
-4.98335
-4.98335
-4.98335
-4.98335
-4.98335
-4.98335
-4.98335
-4.98335
-4.98335
-4.98335
-4.98335
-4.98335
-4.98335
-4.98335
-4.98335
-4.98335
-4.98335
-4.98335
-4.98335
-4.98335
-4.98335
-4.98335
-4.98335
-4.98335
-4.98335
-4.98335
-4.98335
-4.98335
-4.98335
-4.98335
-4.98335
-4.98335
-4.98335
-4.98335
-4.98335
-4.98335
-4.98335
-4.98335
-4.98335
-4.98335
-4.98335
-4.98335
-4.98335
-4.98335
-4.98335
-4.98335
-4.98335
-4.98335
-4.98335
-4.98335
-4.98335
-4.98335
-4.98335
-4.98335
-4.98335
-4.98335
-4.98335
-4.98335
-4.98335
-4.98335
-4.98335
-4.98335
-4.98335
-4.98335
-4.98335
-4.98335
-4.98335
-4.98335
-4.98335
-4.98335
-4.98335
-4.98335
-4.98335
-4.98335
-4.98335
-4.98335
-4.98335
-4.98335
-4.98335
-4.98335
-4.98335
-4.98335
-4.98335
-4.98335
-4.98335
-4.98335
-4.98335
-4.98335
-4.98335
-4.98335
-4.98335
-4.98335
-4.98335
-4.98335
-4.98335
-4.98335
-4.98335
-4.98335
-4.98335
-4.98335
-4.98335
-4.98335
-4.98335
-4.98335
-4.98335
-4.98335
-4.98335
-4.98335
-4.98335
-4.98335
-4.98335
-4.98335
-4.98335
-4.98335
-4.98335
-4.98335
-4.98335
-4.98335
-4.98335
-4.98335
-4.98335
-4.98335
-4.98335
-4.98335
-4.98335
-4.98335
-4.98335
-4.98335
-4.98335
-4.98335
-4.98335
-4.98335
-4.98335
-4.98335
-4.98335
-4.98335
-4.98335
-4.98335
-4.98335
-4.98335
-4.98335
-4.98335
-4.98335
-4.98335
-4.98335
-4.98335
-4.98335
-4.98335
-4.98335
-4.98335
-4.98335
-4.98335
-4.98335
-4.98335
-4.98335
-4.98335
-4.98335
-4.98335
-4.98335
-4.98335
-4.98335
-4.98335
-4.98335
-4.98335
-4.98335
-4.98335
-4.98335
-4.98335
-4.98335
-4.98335
-4.98335
-4.98335
-4.98335
-4.98335
-4.98335
-4.98335
-4.98335
-4.98335
-4.98335
-4.98335
-4.98335
-4.98335
-4.98335
-4.98335
-4.98335
-4.98335
-4.98335
-4.98335
-4.98335
-4.98335
-4.98335
-4.98335
-4.98335
-4.98335
-4.98335
-4.98335
-4.98335
-4.98335
-4.98335
-4.98335
-4.98335
-4.98335
-4.98335
-4.98335
-4.98335
-4.98335
-4.98335
-4.98335
-4.98335
-4.98335
-4.98335
-4.98335
-4.98335
-4.98335
-4.98335
-4.98335
-4.98335
-4.98335
-4.98335
-4.98335
-4.98335
-4.98335
-4.98335
-4.98335
-4.98335
-4.98335
-4.98335
-4.98335
-4.98335
-4.98335
-4.98335
-4.98335
-4.98335
-4.98335
-4.98335
-4.98335
-4.98335
-4.98335
-4.98335
-4.98335
-4.98335
-4.98335
-4.98335
-4.98335
-4.98335
-4.98335
-4.98335
-4.98335
-4.98335
-4.98335
-4.98335
-4.98335
-4.98335
-4.98335
-4.98335
-4.98335
-4.98335
-4.98335
-4.98335
-4.98335
-4.98335
-4.98335
-4.98335
-4.98335
-4.98335
-4.98335
-4.98335
-4.98335
-4.98335
-4.98335
-4.98335
-4.98335
-4.98335
-4.98335
-4.98335
-4.98335
-4.98335
-4.98335
-4.98335
-4.98335
-4.98335
-4.98335
-4.98335
-4.98335
-4.98335
-4.98335
-4.98335
-4.98335
-4.98335
-4.98335
-4.98335
-4.98335
-4.98335
-4.98335
-4.98335
-4.98335
-4.98335
-4.98335
-4.98335
-4.98335
-4.98335
-4.98335
-4.98335
-4.98335
-4.98335
-4.98335
-4.98335
-4.98335
-4.98335
-4.98335
-4.98335
-4.98335
-4.98335
-4.98335
-4.98335
-4.98335
-4.98335
-4.98335
-4.98335
-4.98335
-4.98335
-4.98335
-4.98335
-4.98335
-4.98335
-4.98335
-4.98335
-4.98335
-4.98335
-4.98335
-4.98335
-4.98335
-4.98335
-4.98335
-4.98335
-4.98335
-4.98335
-4.98335
-4.98335
-4.98335
-4.98335
-4.98335
-4.98335
-4.98335
-4.98335
-4.98335
-4.98335
-4.98335
-4.98335
-4.98335
-4.98335
-4.98335
-4.98335
-4.98335
-4.98335
-4.98335
-4.98335
-4.98335
-4.98335
-4.98335
-4.98335
-4.98335
-4.98335
-4.98335
-4.98335
-4.98335
-4.98335
-4.98335
-4.98335
-4.98335
-4.98335
-4.98335
-4.98335
-4.98335
-4.98335
-4.98335
-4.98335
-4.98335
-4.98335
-4.98335
-4.98335
-4.98335
-4.98335
-4.98335
-4.98335
-4.98335
-4.98335
-4.98335
-4.98335
-4.98335
-4.98335
-4.98335
-4.98335
-4.98335
-4.98335
-4.98335
-4.98335
-4.98335
-4.98335
-4.98335
-4.98335
-4.98335
-4.98335
-4.98335
-4.98335
-4.98335
-4.98335
-4.98335
-4.98335
-4.98335
-4.98335
-4.98335
-4.98335
-4.98335
-4.98335
-4.98335
-4.98335
-4.98335
-4.98335
-4.98335
-4.98335
-4.98335
-4.98335
-4.98335
-4.98335
-4.98335
-4.98335
-4.98335
-4.98335
-4.98335
-4.98335
-4.98335
-4.98335
-4.98335
-4.98335
-4.98335
-4.98335
-4.98335
-4.98335
-4.98335
-4.98335
-4.98335
-4.98335
-4.98335
-4.98335
-4.98335
-4.98335
-4.98335
-4.98335
-4.98335
-4.98335
-4.98335
-4.98335
-4.98335
-4.98335
-4.98335
-4.98335
-4.98335
-4.98335
-4.98335
-4.98335
-4.98335
-4.98335
-4.98335
-4.98335
-4.98335
-4.98335
-4.98335
-4.98335
-4.98335
-4.98335
-4.98335
-4.98335
-4.98335
-4.98335
-4.98335
-4.98335
-4.98335
-4.98335
-4.98335
-4.98335
-4.98335
-4.98335
-4.98335
-4.98335
-4.98335
-4.98335
-4.98335
-4.98335
-4.98335
-4.98335
-4.98335
-4.98335
-4.98335
-4.98335
-4.98335
-4.98335
-4.98335
-4.98335
-4.98335
-4.98335
-4.98335
-4.98335
-4.98335
-4.98335
-4.98335
-4.98335
-4.98335
-4.98335
-4.98335
-4.98335
-4.98335
-4.98335
-4.98335
-4.98335
-4.98335
-4.98335
-4.98335
-4.98335
-4.98335
-4.98335
-4.98335
-4.98335
-4.98335
-4.98335
-4.98335
-4.98335
-4.98335
-4.98335
-4.98335
-4.98335
-4.98335
-4.98335
-4.98335
-4.98335
-4.98335
-4.98335
-4.98335
-4.98335
-4.98335
-4.98335
-4.98335
-4.98335
-4.98335
-4.98335
-4.98335
-4.98335
-4.98335
-4.98335
-4.98335
-4.98335
-4.98335
-4.98335
-4.98335
-4.98335
-4.98335
-4.98335
-4.98335
-4.98335
-4.98335
-4.98335
-4.98335
-4.98335
-4.98335
-4.98335
-4.98335
-4.98335
-4.98335
-4.98335
-4.98335
-4.98335
-4.98335
-4.98335
-4.98335
-4.98335
-4.98335
-4.98335
-4.98335
-4.98335
-4.98335
-4.98335
-4.98335
-4.98335
-4.98335
-4.98335
-4.98335
-4.98335
-4.98335
-4.98335
-4.98335
-4.98335
-4.98335
-4.98335
-4.98335
-4.98335
-4.98335
-4.98335
-4.98335
-4.98335
-4.98335
-4.98335
-4.98335
-4.98335
-4.98335
-4.98335
-4.98335
-4.98335
-4.98335
-4.98335
-4.98335
-4.98335
-4.98335
-4.98335
-4.98335
-4.98335
-4.98335
-4.98335
-4.98335
-4.98335
-4.98335
-4.98335
-4.98335
-4.98335
-4.98335
-4.98335
-4.98335
-4.98335
-4.98335
-4.98335
-4.98335
-4.98335
-4.98335
-4.98335
-4.98335
-4.98335
-4.98335
-4.98335
-4.98335
-4.98335
-4.98335
-4.98335
-4.98335
-4.98335
-4.98335
-4.98335
-4.98335
-4.98335
-4.98335
-4.98335
-4.98335
-4.98335
-4.98335
-4.98335
-4.98335
-4.98335
-4.98335
-4.98335
-4.98335
-4.98335
-4.98335
-4.98335
-4.98335
-4.98335
-4.98335
-4.98335
-4.98335
-4.98335
-4.98335
-4.98335
-4.98335
-4.98335
-4.98335
-4.98335
-4.98335
-4.98335
-4.98335
-4.98335
-4.98335
-4.98335
-4.98335
-4.98335
-4.98335
-4.98335
-4.98335
-4.98335
-4.98335
-4.98335
-4.98335
-4.98335
-4.98335
-4.98335
-4.98335
-4.98335
-4.98335
-4.98335
-4.98335
-4.98335
-4.98335
-4.98335
-4.98335
-4.98335
-4.98335
-4.98335
-4.98335
-4.98335
-4.98335
-4.98335
-4.98335
-4.98335
-4.98335
-4.98335
-4.98335
-4.98335
-4.98335
-4.98335
-4.98335
-4.98335
-4.98335
-4.98335
-4.98335
-4.98335
-4.98335
-4.98335
-4.98335
-4.98335
-4.98335
-4.98335
-4.98335
-4.98335
-4.98335
-4.98335
-4.98335
-4.98335
-4.98335
-4.98335
-4.98335
-4.98335
-4.98335
-4.98335
-4.98335
-4.98335
-4.98335
-4.98335
-4.98335
-4.98335
-4.98335
-4.98335
-4.98335
-4.98335
-4.98335
-4.98335
-4.98335
-4.98335
-4.98335
-4.98335
-4.98335
-4.98335
-4.98335
-4.98335
-4.98335
-4.98335
-4.98335
-4.98335
-4.98335
-4.98335
-4.98335
-4.98335
-4.98335
-4.98335
-4.98335
-4.98335
-4.98335
-4.98335
-4.98335
-4.98335
-4.98335
-4.98335
-4.98335
-4.98335
-4.98335
-4.98335
-4.98335
-4.98335
-4.98335
-4.98335
-4.98335
-4.98335
-4.98335
-4.98335
-4.98335
-4.98335
-4.98335
-4.98335
-4.98335
-4.98335
-4.98335
-4.98335
-4.98335
-4.98335
-4.98335
-4.98335
-4.98335
-4.98335
-4.98335
-4.98335
-4.98335
-4.98335
-4.98335
-4.98335
-4.98335
-4.98335
-4.98335
-4.98335
-4.98335
-4.98335
-4.98335
-4.98335
-4.98335
-4.98335
-4.98335
-4.98335
-4.98335
-4.98335
-4.98335
-4.98335
-4.98335
-4.98335
-4.98335
-4.98335
-4.98335
-4.98335
-4.98335
-4.98335
-4.98335
-4.98335
-4.98335
-4.98335
-4.98335
-4.98335
-4.98335
-4.98335
-4.98335
-4.98335
-4.98335
-4.98335
-4.98335
-4.98335
-4.98335
-4.98335
-4.98335
-4.98335
-4.98335
-4.98335
-4.98335
-4.98335
-4.98335
-4.98335
-4.98335
-4.98335
-4.98335
-4.98335
-4.98335
-4.98335
-4.98335
-4.98335
-4.98335
-4.98335
-4.98335
-4.98335
-4.98335
-4.98335
-4.98335
-4.98335
-4.98335
-4.98335
-4.98335
-4.98335
-4.98335
-4.98335
-4.98335
-4.98335
-4.98335
-4.98335
-4.98335
-4.98335
-4.98335
-4.98335
-4.98335
-4.98335
-4.98335
-4.98335
-4.98335
-4.98335
-4.98335
-4.98335
-4.98335
-4.98335
-4.98335
-4.98335
-4.98335
-4.98335
-4.98335
-4.98335
-4.98335
-4.98335
-4.98335
-4.98335
-4.98335
-4.98335
-4.98335
-4.98335
-4.98335
-4.98335
-4.98335
-4.98335
-4.98335
-4.98335
-4.98335
-4.98335
-4.98335
-4.98335
-4.98335
-4.98335
-4.98335
-4.98335
-4.98335
-4.98335
-4.98335
-4.98335
-4.98335
-4.98335
-4.98335
-4.98335
-4.98335
-4.98335
-4.98335
-4.98335
-4.98335
-4.98335
-4.98335
-4.98335
-4.98335
-4.98335
-4.98335
-4.98335
-4.98335
-4.98335
-4.98335
-4.98335
-4.98335
-4.98335
-4.98335
-4.98335
-4.98335
-4.98335
-4.98335
-4.98335
-4.98335
-4.98335
-4.98335
-4.98335
-4.98335
-4.98335
-4.98335
-4.98335
-4.98335
-4.98335
-4.98335
-4.98335
-4.98335
-4.98335
-4.98335
-4.98335
-4.98335
-4.98335
-4.98335
-4.98335
-4.98335
-4.98335
-4.98335
-4.98335
-4.98335
-4.98335
-4.98335
-4.98335
-4.98335
-4.98335
-4.98335
-4.98335
-4.98335
-4.98335
-4.98335
-4.98335
-4.98335
-4.98335
-4.98335
-4.98335
-4.98335
-4.98335
-4.98335
-4.98335
-4.98335
-4.98335
-4.98335
-4.98335
-4.98335
-4.98335
-4.98335
-4.98335
-4.98335
-4.98335
-4.98335
-4.98335
-4.98335
-4.98335
-4.98335
-4.98335
-4.98335
-4.98335
-4.98335
-4.98335
-4.98335
-4.98335
-4.98335
-4.98335
-4.98335
-4.98335
-4.98335
-4.98335
-4.98335
-4.98335
-4.98335
-4.98335
-4.98335
-4.98335
-4.98335
-4.98335
-4.98335
-4.98335
-4.98335
-4.98335
-4.98335
-4.98335
-4.98335
-4.98335
-4.98335
-4.98335
-4.98335
-4.98335
-4.98335
-4.98335
-4.98335
-4.98335
-4.98335
-4.98335
-4.98335
-4.98335
-4.98335
-4.98335
-4.98335
-4.98335
-4.98335
-4.98335
-4.98335
-4.98335
-4.98335
-4.98335
-4.98335
-4.98335
-4.98335
-4.98335
-4.98335
-4.98335
-4.98335
-4.98335
-4.98335
-4.98335
-4.98335
-4.98335
-4.98335
-4.98335
-4.98335
-4.98335
-4.98335
-4.98335
-4.98335
-4.98335
-4.98335
-4.98335
-4.98335
-4.98335
-4.98335
-4.98335
-4.98335
-4.98335
-4.98335
-4.98335
-4.98335
-4.98335
-4.98335
-4.98335
-4.98335
-4.98335
-4.98335
-4.98335
-4.98335
-4.98335
-4.98335
-4.98335
-4.98335
-4.98335
-4.98335
-4.98335
-4.98335
-4.98335
-4.98335
-4.98335
-4.98335
-4.98335
-4.98335
-4.98335
-4.98335
-4.98335
-4.98335
-4.98335
-4.98335
-4.98335
-4.98335
-4.98335
-4.98335
-4.98335
-4.98335
-4.98335
-4.98335
-4.98335
-4.98335
-4.98335
-4.98335
-4.98335
-4.98335
-4.98335
-4.98335
-4.98335
-4.98335
-4.98335
-4.98335
-4.98335
-4.98335
-4.98335
-4.98335
-4.98335
-4.98335
-4.98335
-4.98335
-4.98335
-4.98335
-4.98335
-4.98335
-4.98335
-4.98335
-4.98335
-4.98335
-4.98335
-4.98335
-4.98335
-4.98335
-4.98335
-4.98335
-4.98335
-4.98335
-4.98335
-4.98335
-4.98335
-4.98335
-4.98335
-4.98335
-4.98335
-4.98335
-4.98335
-4.98335
-4.98335
-4.98335
-4.98335
-4.98335
-4.98335
-4.98335
-4.98335
-4.98335
-4.98335
-4.98335
-4.98335
-4.98335
-4.98335
-4.98335
-4.98335
-4.98335
-4.98335
-4.98335
-4.98335
-4.98335
-4.98335
-4.98335
-4.98335
-4.98335
-4.98335
-4.98335
-4.98335
-4.98335
-4.98335
-4.98335
-4.98335
-4.98335
-4.98335
-4.98335
-4.98335
-4.98335
-4.98335
-4.98335
-4.98335
-4.98335
-4.98335
-4.98335
-4.98335
-4.98335
-4.98335
-4.98335
-4.98335
-4.98335
-4.98335
-4.98335
-4.98335
-4.98335
-4.98335
-4.98335
-4.98335
-4.98335
-4.98335
-4.98335
-4.98335
-4.98335
-4.98335
-4.98335
-4.98335
-4.98335
-4.98335
-4.98335
-4.98335
-4.98335
-4.98335
-4.98335
-4.98335
-4.98335
-4.98335
-4.98335
-4.98335
-4.98335
-4.98335
-4.98335
-4.98335
-4.98335
-4.98335
-4.98335
-4.98335
-4.98335
-4.98335
-4.98335
-4.98335
-4.98335
-4.98335
-4.98335
-4.98335
-4.98335
-4.98335
-4.98335
-4.98335
-4.98335
-4.98335
-4.98335
-4.98335
-4.98335
-4.98335
-4.98335
-4.98335
-4.98335
-4.98335
-4.98335
-4.98335
-4.98335
-4.98335
-4.98335
-4.98335
-4.98335
-4.98335
-4.98335
-4.98335
-4.98335
-4.98335
-4.98335
-4.98335
-4.98335
-4.98335
-4.98335
-4.98335
-4.98335
-4.98335
-4.98335
-4.98335
-4.98335
-4.98335
-4.98335
-4.98335
-4.98335
-4.98335
-4.98335
-4.98335
-4.98335
-4.98335
-4.98335
-4.98335
-4.98335
-4.98335
-4.98335
-4.98335
-4.98335
-4.98335
-4.98335
-4.98335
-4.98335
-4.98335
-4.98335
-4.98335
-4.98335
-4.98335
-4.98335
-4.98335
-4.98335
-4.98335
-4.98335
-4.98335
-4.98335
-4.98335
-4.98335
-4.98335
-4.98335
-4.98335
-4.98335
-4.98335
-4.98335
-4.98335
-4.98335
-4.98335
-4.98335
-4.98335
-4.98335
-4.98335
-4.98335
-4.98335
-4.98335
-4.98335
-4.98335
-4.98335
-4.98335
-4.98335
-4.98335
-4.98335
-4.98335
-4.98335
-4.98335
-4.98335
-4.98335
-4.98335
-4.98335
-4.98335
-4.98335
-4.98335
-4.98335
-4.98335
-4.98335
-4.98335
-4.98335
-4.98335
-4.98335
-4.98335
-4.98335
-4.98335
-4.98335
-4.98335
-4.98335
-4.98335
-4.98335
-4.98335
-4.98335
-4.98335
-4.98335
-4.98335
-4.98335
-4.98335
-4.98335
-4.98335
-4.98335
-4.98335
-4.98335
-4.98335
-4.98335
-4.98335
-4.98335
-4.98335
-4.98335
-4.98335
-4.98335
-4.98335
-4.98335
-4.98335
-4.98335
-4.98335
-4.98335
-4.98335
-4.98335
-4.98335
-4.98335
-4.98335
-4.98335
-4.98335
-4.98335
-4.98335
-4.98335
-4.98335
-4.98335
-4.98335
-4.98335
-4.98335
-4.98335
-4.98335
-4.98335
-4.98335
-4.98335
-4.98335
-4.98335
-4.98335
-4.98335
-4.98335
-4.98335
-4.98335
-4.98335
-4.98335
-4.98335
-4.98335
-4.98335
-4.98335
-4.98335
-4.98335
-4.98335
-4.98335
-4.98335
-4.98335
-4.98335
-4.98335
-4.98335
-4.98335
-4.98335
-4.98335
-4.98335
-4.98335
-4.98335
-4.98335
-4.98335
-4.98335
-4.98335
-4.98335
-4.98335
-4.98335
-4.98335
-4.98335
-4.98335
-4.98335
-4.98335
-4.98335
-4.98335
-4.98335
-4.98335
-4.98335
-4.98335
-4.98335
-4.98335
-4.98335
-4.98335
-4.98335
-4.98335
-4.98335
-4.98335
-4.98335
-4.98335
-4.98335
-4.98335
-4.98335
-4.98335
-4.98335
-4.98335
-4.98335
-4.98335
-4.98335
-4.98335
-4.98335
-4.98335
-4.98335
-4.98335
-4.98335
-4.98335
-4.98335
-4.98335
-4.98335
-4.98335
-4.98335
-4.98335
-4.98335
-4.98335
-4.98335
-4.98335
-4.98335
-4.98335
-4.98335
-4.98335
-4.98335
-4.98335
-4.98335
-4.98335
-4.98335
-4.98335
-4.98335
-4.98335
-4.98335
-4.98335
-4.98335
-4.98335
-4.98335
-4.98335
-4.98335
-4.98335
-4.98335
-4.98335
-4.98335
-4.98335
-4.98335
-4.98335
-4.98335
-4.98335
-4.98335
-4.98335
-4.98335
-4.98335
-4.98335
-4.98335
-4.98335
-4.98335
-4.98335
-4.98335
-4.98335
-4.98335
-4.98335
-4.98335
-4.98335
-4.98335
-4.98335
-4.98335
-4.98335
-4.98335
-4.98335
-4.98335
-4.98335
-4.98335
-4.98335
-4.98335
-4.98335
-4.98335
-4.98335
-4.98335
-4.98335
-4.98335
-4.98335
-4.98335
-4.98335
-4.98335
-4.98335
-4.98335
-4.98335
-4.98335
-4.98335
-4.98335
-4.98335
-4.98335
-4.98335
-4.98335
-4.98335
-4.98335
-4.98335
-4.98335
-4.98335
-4.98335
-4.98335
-4.98335
-4.98335
-4.98335
-4.98335
-4.98335
-4.98335
-4.98335
-4.98335
-4.98335
-4.98335
-4.98335
-4.98335
-4.98335
-4.98335
-4.98335
-4.98335
-4.98335
-4.98335
-4.98335
-4.98335
-4.98335
-4.98335
-4.98335
-4.98335
-4.98335
-4.98335
-4.98335
-4.98335
-4.98335
-4.98335
-4.98335
-4.98335
-4.98335
-4.98335
-4.98335
-4.98335
-4.98335
-4.98335
-4.98335
-4.98335
-4.98335
-4.98335
-4.98335
-4.98335
-4.98335
-4.98335
-4.98335
-4.98335
-4.98335
-4.98335
-4.98335
-4.98335
-4.98335
-4.98335
-4.98335
-4.98335
-4.98335
-4.98335
-4.98335
-4.98335
-4.98335
-4.98335
-4.98335
-4.98335
-4.98335
-4.98335
-4.98335
-4.98335
-4.98335
-4.98335
-4.98335
-4.98335
-4.98335
-4.98335
-4.98335
-4.98335
-4.98335
-4.98335
-4.98335
-4.98335
-4.98335
-4.98335
-4.98335
-4.98335
-4.98335
-4.98335
-4.98335
-4.98335
-4.98335
-4.98335
-4.98335
-4.98335
-4.98335
-4.98335
-4.98335
-4.98335
-4.98335
-4.98335
-4.98335
-4.98335
-4.98335
-4.98335
-4.98335
-4.98335
-4.98335
-4.98335
-4.98335
-4.98335
-4.98335
-4.98335
-4.98335
-4.98335
-4.98335
-4.98335
-4.98335
-4.98335
-4.98335
-4.98335
-4.98335
-4.98335
-4.98335
-4.98335
-4.98335
-4.98335
-4.98335
-4.98335
-4.98335
-4.98335
-4.98335
-4.98335
-4.98335
-4.98335
-4.98335
-4.98335
-4.98335
-4.98335
-4.98335
-4.98335
-4.98335
-4.98335
-4.98335
-4.98335
-4.98335
-4.98335
-4.98335
-4.98335
-4.98335
-4.98335
-4.98335
-4.98335
-4.98335
-4.98335
-4.98335
-4.98335
-4.98335
-4.98335
-4.98335
-4.98335
-4.98335
-4.98335
-4.98335
-4.98335
-4.98335
-4.98335
-4.98335
-4.98335
-4.98335
-4.98335
-4.98335
-4.98335
-4.98335
-4.98335
-4.98335
-4.98335
-4.98335
-4.98335
-4.98335
-4.98335
-4.98335
-4.98335
-4.98335
-4.98335
-4.98335
-4.98335
-4.98335
-4.98335
-4.98335
-4.98335
-4.98335
-4.98335
-4.98335
-4.98335
-4.98335
-4.98335
-4.98335
-4.98335
-4.98335
-4.98335
-4.98335
-4.98335
-4.98335
-4.98335
-4.98335
-4.98335
-4.98335
-4.98335
-4.98335
-4.98335
-4.98335
-4.98335
-4.98335
-4.98335
-4.98335
-4.98335
-4.98335
-4.98335
-4.98335
-4.98335
-4.98335
-4.98335
-4.98335
-4.98335
-4.98335
-4.98335
-4.98335
-4.98335
-4.98335
-4.98335
-4.98335
-4.98335
-4.98335
-4.98335
-4.98335
-4.98335
-4.98335
-4.98335
-4.98335
-4.98335
-4.98335
-4.98335
-4.98335
-4.98335
-4.98335
-4.98335
-4.98335
-4.98335
-4.98335
-4.98335
-4.98335
-4.98335
-4.98335
-4.98335
-4.98335
-4.98335
-4.98335
-4.98335
-4.98335
-4.98335
-4.98335
-4.98335
-4.98335
-4.98335
-4.98335
-4.98335
-4.98335
-4.98335
-4.98335
-4.98335
-4.98335
-4.98335
-4.98335
-4.98335
-4.98335
-4.98335
-4.98335
-4.98335
-4.98335
-4.98335
-4.98335
-4.98335
-4.98335
-4.98335
-4.98335
-4.98335
-4.98335
-4.98335
-4.98335
-4.98335
-4.98335
-4.98335
-4.98335
-4.98335
-4.98335
-4.98335
-4.98335
-4.98335
-4.98335
-4.98335
-4.98335
-4.98335
-4.98335
-4.98335
-4.98335
-4.98335
-4.98335
-4.98335
-4.98335
-4.98335
-4.98335
-4.98335
-4.98335
-4.98335
-4.98335
-4.98335
-4.98335
-4.98335
-4.98335
-4.98335
-4.98335
-4.98335
-4.98335
-4.98335
-4.98335
-4.98335
-4.98335
-4.98335
-4.98335
-4.98335
-4.98335
-4.98335
-4.98335
-4.98335
-4.98335
-4.98335
-4.98335
-4.98335
-4.98335
-4.98335
-4.98335
-4.98335
-4.98335
-4.98335
-4.98335
-4.98335
-4.98335
-4.98335
-4.98335
-4.98335
-4.98335
-4.98335
-4.98335
-4.98335
-4.98335
-4.98335
-4.98335
-4.98335
-4.98335
-4.98335
-4.98335
-4.98335
-4.98335
-4.98335
-4.98335
-4.98335
-4.98335
-4.98335
-4.98335
-4.98335
-4.98335
-4.98335
-4.98335
-4.98335
-4.98335
-4.98335
-4.98335
-4.98335
-4.98335
-4.98335
-4.98335
-4.98335
-4.98335
-4.98335
-4.98335
-4.98335
-4.98335
-4.98335
-4.98335
-4.98335
-4.98335
-4.98335
-4.98335
-4.98335
-4.98335
-4.98335
-4.98335
-4.98335
-4.98335
-4.98335
-4.98335
-4.98335
-4.98335
-4.98335
-4.98335
-4.98335
-4.98335
-4.98335
-4.98335
-4.98335
-4.98335
-4.98335
-4.98335
-4.98335
-4.98335
-4.98335
-4.98335
-4.98335
-4.98335
-4.98335
-4.98335
-4.98335
-4.98335
-4.98335
-4.98335
-4.98335
-4.98335
-4.98335
-4.98335
-4.98335
-4.98335
-4.98335
-4.98335
-4.98335
-4.98335
-4.98335
-4.98335
-4.98335
-4.98335
-4.98335
-4.98335
-4.98335
-4.98335
-4.98335
-4.98335
-4.98335
-4.98335
-4.98335
-4.98335
-4.98335
-4.98335
-4.98335
-4.98335
-4.98335
-4.98335
-4.98335
-4.98335
-4.98335
-4.98335
-4.98335
-4.98335
-4.98335
-4.98335
-4.98335
-4.98335
-4.98335
-4.98335
-4.98335
-4.98335
-4.98335
-4.98335
-4.98335
-4.98335
-4.98335
-4.98335
-4.98335
-4.98335
-4.98335
-4.98335
-4.98335
-4.98335
-4.98335
-4.98335
-4.98335
-4.98335
-4.98335
-4.98335
-4.98335
-4.98335
-4.98335
-4.98335
-4.98335
-4.98335
-4.98335
-4.98335
-4.98335
-4.98335
-4.98335
-4.98335
-4.98335
-4.98335
-4.98335
-4.98335
-4.98335
-4.98335
-4.98335
-4.98335
-4.98335
-4.98335
-4.98335
-4.98335
-4.98335
-4.98335
-4.98335
-4.98335
-4.98335
-4.98335
-4.98335
-4.98335
-4.98335
-4.98335
-4.98335
-4.98335
-4.98335
-4.98335
-4.98335
-4.98335
-4.98335
-4.98335
-4.98335
-4.98335
-4.98335
-4.98335
-4.98335
-4.98335
-4.98335
-4.98335
-4.98335
-4.98335
-4.98335
-4.98335
-4.98335
-4.98335
-4.98335
-4.98335
-4.98335
-4.98335
-4.98335
-4.98335
-4.98335
-4.98335
-4.98335
-4.98335
-4.98335
-4.98335
-4.98335
-4.98335
-4.98335
-4.98335
-4.98335
-4.98335
-4.98335
-4.98335
-4.98335
-4.98335
-4.98335
-4.98335
-4.98335
-4.98335
-4.98335
-4.98335
-4.98335
-4.98335
-4.98335
-4.98335
-4.98335
-4.98335
-4.98335
-4.98335
-4.98335
-4.98335
-4.98335
-4.98335
-4.98335
-4.98335
-4.98335
-4.98335
-4.98335
-4.98335
-4.98335
-4.98335
-4.98335
-4.98335
-4.98335
-4.98335
-4.98335
-4.98335
-4.98335
-4.98335
-4.98335
-4.98335
-4.98335
-4.98335
-4.98335
-4.98335
-4.98335
-4.98335
-4.98335
-4.98335
-4.98335
-4.98335
-4.98335
-4.98335
-4.98335
-4.98335
-4.98335
-4.98335
-4.98335
-4.98335
-4.98335
-4.98335
-4.98335
-4.98335
-4.98335
-4.98335
-4.98335
-4.98335
-4.98335
-4.98335
-4.98335
-4.98335
-4.98335
-4.98335
-4.98335
-4.98335
-4.98335
-4.98335
-4.98335
-4.98335
-4.98335
-4.98335
-4.98335
-4.98335
-4.98335
-4.98335
-4.98335
-4.98335
-4.98335
-4.98335
-4.98335
-4.98335
-4.98335
-4.98335
-4.98335
-4.98335
-4.98335
-4.98335
-4.98335
-4.98335
-4.98335
-4.98335
-4.98335
-4.98335
-4.98335
-4.98335
-4.98335
-4.98335
-4.98335
-4.98335
-4.98335
-4.98335
-4.98335
-4.98335
-4.98335
-4.98335
-4.98335
-4.98335
-4.98335
-4.98335
-4.98335
-4.98335
-4.98335
-4.98335
-4.98335
-4.98335
-4.98335
-4.98335
-4.98335
-4.98335
-4.98335
-4.98335
-4.98335
-4.98335
-4.98335
-4.98335
-4.98335
-4.98335
-4.98335
-4.98335
-4.98335
-4.98335
-4.98335
-4.98335
-4.98335
-4.98335
-4.98335
-4.98335
-4.98335
-4.98335
-4.98335
-4.98335
-4.98335
-4.98335
-4.98335
-4.98335
-4.98335
-4.98335
-4.98335
-4.98335
-4.98335
-4.98335
-4.98335
-4.98335
-4.98335
-4.98335
-4.98335
-4.98335
-4.98335
-4.98335
-4.98335
-4.98335
-4.98335
-4.98335
-4.98335
-4.98335
-4.98335
-4.98335
-4.98335
-4.98335
-4.98335
-4.98335
-4.98335
-4.98335
-4.98335
-4.98335
-4.98335
-4.98335
-4.98335
-4.98335
-4.98335
-4.98335
-4.98335
-4.98335
-4.98335
-4.98335
-4.98335
-4.98335
-4.98335
-4.98335
-4.98335
-4.98335
-4.98335
-4.98335
-4.98335
-4.98335
-4.98335
-4.98335
-4.98335
-4.98335
-4.98335
-4.98335
-4.98335
-4.98335
-4.98335
-4.98335
-4.98335
-4.98335
-4.98335
-4.98335
-4.98335
-4.98335
-4.98335
-4.98335
-4.98335
-4.98335
-4.98335
-4.98335
-4.98335
-4.98335
-4.98335
-4.98335
-4.98335
-4.98335
-4.98335
-4.98335
-4.98335
-4.98335
-4.98335
-4.98335
-4.98335
-4.98335
-4.98335
-4.98335
-4.98335
-4.98335
-4.98335
-4.98335
-4.98335
-4.98335
-4.98335
-4.98335
-4.98335
-4.98335
-4.98335
-4.98335
-4.98335
-4.98335
-4.98335
-4.98335
-4.98335
-4.98335
-4.98335
-4.98335
-4.98335
-4.98335
-4.98335
-4.98335
-4.98335
-4.98335
-4.98335
-4.98335
-4.98335
-4.98335
-4.98335
-4.98335
-4.98335
-4.98335
-4.98335
-4.98335
-4.98335
-4.98335
-4.98335
-4.98335
-4.98335
-4.98335
-4.98335
-4.98335
-4.98335
-4.98335
-4.98335
-4.98335
-4.98335
-4.98335
-4.98335
-4.98335
-4.98335
-4.98335
-4.98335
-4.98335
-4.98335
-4.98335
-4.98335
-4.98335
-4.98335
-4.98335
-4.98335
-4.98335
-4.98335
-4.98335
-4.98335
-4.98335
-4.98335
-4.98335
-4.98335
-4.98335
-4.98335
-4.98335
-4.98335
-4.98335
-4.98335
-4.98335
-4.98335
-4.98335
-4.98335
-4.98335
-4.98335
-4.98335
-4.98335
-4.98335
-4.98335
-4.98335
-4.98335
-4.98335
-4.98335
-4.98335
-4.98335
-4.98335
-4.98335
-4.98335
-4.98335
-4.98335
-4.98335
-4.98335
-4.98335
-4.98335
-4.98335
-4.98335
-4.98335
-4.98335
-4.98335
-4.98335
-4.98335
-4.98335
-4.98335
-4.98335
-4.98335
-4.98335
-4.98335
-4.98335
-4.98335
-4.98335
-4.98335
-4.98335
-4.98335
-4.98335
-4.98335
-4.98335
-4.98335
-4.98335
-4.98335
-4.98335
-4.98335
-4.98335
-4.98335
-4.98335
-4.98335
-4.98335
-4.98335
-4.98335
-4.98335
-4.98335
-4.98335
-4.98335
-4.98335
-4.98335
-4.98335
-4.98335
-4.98335
-4.98335
-4.98335
-4.98335
-4.98335
-4.98335
-4.98335
-4.98335
-4.98335
-4.98335
-4.98335
-4.98335
-4.98335
-4.98335
-4.98335
-4.98335
-4.98335
-4.98335
-4.98335
-4.98335
-4.98335
-4.98335
-4.98335
-4.98335
-4.98335
-4.98335
-4.98335
-4.98335
-4.98335
-4.98335
-4.98335
-4.98335
-4.98335
-4.98335
-4.98335
-4.98335
-4.98335
-4.98335
-4.98335
-4.98335
-4.98335
-4.98335
-4.98335
-4.98335
-4.98335
-4.98335
-4.98335
-4.98335
-4.98335
-4.98335
-4.98335
-4.98335
-4.98335
-4.98335
-4.98335
-4.98335
-4.98335
-4.98335
-4.98335
-4.98335
-4.98335
-4.98335
-4.98335
-4.98335
-4.98335
-4.98335
-4.98335
-4.98335
-4.98335
-4.98335
-4.98335
-4.98335
-4.98335
-4.98335
-4.98335
-4.98335
-4.98335
-4.98335
-4.98335
-4.98335
-4.98335
-4.98335
-4.98335
-4.98335
-4.98335
-4.98335
-4.98335
-4.98335
-4.98335
-4.98335
-4.98335
-4.98335
-4.98335
-4.98335
-4.98335
-4.98335
-4.98335
-4.98335
-4.98335
-4.98335
-4.98335
-4.98335
-4.98335
-4.98335
-4.98335
-4.98335
-4.98335
-4.98335
-4.98335
-4.98335
-4.98335
-4.98335
-4.98335
-4.98335
-4.98335
-4.98335
-4.98335
-4.98335
-4.98335
-4.98335
-4.98335
-4.98335
-4.98335
-4.98335
-4.98335
-4.98335
-4.98335
-4.98335
-4.98335
-4.98335
-4.98335
-4.98335
-4.98335
-4.98335
-4.98335
-4.98335
-4.98335
-4.98335
-4.98335
-4.98335
-4.98335
-4.98335
-4.98335
-4.98335
-4.98335
-4.98335
-4.98335
-4.98335
-4.98335
-4.98335
-4.98335
-4.98335
-4.98335
-4.98335
-4.98335
-4.98335
-4.98335
-4.98335
-4.98335
-4.98335
-4.98335
-4.98335
-4.98335
-4.98335
-4.98335
-4.98335
-4.98335
-4.98335
-4.98335
-4.98335
-4.98335
-4.98335
-4.98335
-4.98335
-4.98335
-4.98335
-4.98335
-4.98335
-4.98335
-4.98335
-4.98335
-4.98335
-4.98335
-4.98335
-4.98335
-4.98335
-4.98335
-4.98335
-4.98335
-4.98335
-4.98335
-4.98335
-4.98335
-4.98335
-4.98335
-4.98335
-4.98335
-4.98335
-4.98335
-4.98335
-4.98335
-4.98335
-4.98335
-4.98335
-4.98335
-4.98335
-4.98335
-4.98335
-4.98335
-4.98335
-4.98335
-4.98335
-4.98335
-4.98335
-4.98335
-4.98335
-4.98335
-4.98335
-4.98335
-4.98335
-4.98335
-4.98335
-4.98335
-4.98335
-4.98335
-4.98335
-4.98335
-4.98335
-4.98335
-4.98335
-4.98335
-4.98335
-4.98335
-4.98335
-4.98335
-4.98335
-4.98335
-4.98335
-4.98335
-4.98335
-4.98335
-4.98335
-4.98335
-4.98335
-4.98335
-4.98335
-4.98335
-4.98335
-4.98335
-4.98335
-4.98335
-4.98335
-4.98335
-4.98335
-4.98335
-4.98335
-4.98335
-4.98335
-4.98335
-4.98335
-4.98335
-4.98335
-4.98335
-4.98335
-4.98335
-4.98335
-4.98335
-4.98335
-4.98335
-4.98335
-4.98335
-4.98335
-4.98335
-4.98335
-4.98335
-4.98335
-4.98335
-4.98335
-4.98335
-4.98335
-4.98335
-4.98335
-4.98335
-4.98335
-4.98335
-4.98335
-4.98335
-4.98335
-4.98335
-4.98335
-4.98335
-4.98335
-4.98335
-4.98335
-4.98335
-4.98335
-4.98335
-4.98335
-4.98335
-4.98335
-4.98335
-4.98335
-4.98335
-4.98335
-4.98335
-4.98335
-4.98335
-4.98335
-4.98335
-4.98335
-4.98335
-4.98335
-4.98335
-4.98335
0.108781
0.109114
0.109029
0.109016
0.108853
0.108678
0.108859
0.108724
0.108457
0.108017
0.10813
0.107475
0.107485
0.107545
0.107283
0.103737
0.103446
0.10335
0.103299
0.103678
0.103587
0.103452
0.103189
0.10321
0.103047
0.102709
0.10279
0.10261
0.102541
0.102256
0.102263
0.102063
0.101772
0.101788
0.101646
0.101738
0.101521
0.101517
0.101347
0.101078
0.100867
0.100881
0.100713
0.10069
0.100488
0.100504
0.100344
0.100329
0.100146
0.0999856
0.0999941
0.0998205
0.099638
0.0994265
0.0990059
0.09904
0.0986444
0.0986657
0.0982115
0.094377
0.0943622
0.0939624
0.0941464
0.0939965
0.094161
0.0938945
0.0937297
0.0936651
0.093515
0.0933554
0.0932375
0.0930723
0.0929252
0.0929022
0.0928339
0.0926855
0.0924246
0.0923233
0.0922916
0.0922665
0.0920603
0.0919668
0.0918243
0.0916731
0.091598
0.0915009
0.0912512
0.0912368
0.0911944
0.0910938
0.0909083
0.0907476
0.0907157
0.0906016
0.0904441
0.0903747
0.0900902
0.0900531
0.0896839
0.0896047
0.0895977
0.089225
0.089193
0.0888805
0.0858538
0.0856102
0.0854746
0.085531
0.0853609
0.0852983
0.0851339
0.0849797
0.0848842
0.0847286
0.084728
0.0845555
0.0844377
0.0844458
0.0842876
0.0842203
0.0839941
0.0839267
0.0837214
0.0836836
0.0836657
0.0835244
0.0834349
0.0832483
0.0831518
0.0830206
0.0828906
0.0827693
0.0826367
0.08252
0.0824203
0.0823015
0.0822355
0.0820957
0.0820037
0.0818602
0.0818097
0.0816382
0.0813818
0.0813387
0.0810968
0.0809884
0.0808755
0.0782692
0.0781099
0.0779687
0.0779773
0.0779061
0.0777677
0.0776782
0.0775704
0.0774236
0.0772832
0.0771343
0.0771306
0.0769463
0.0768339
0.0767293
0.0765345
0.0764924
0.0763545
0.0762785
0.0761443
0.0760212
0.0758678
0.0757519
0.0756903
0.0755775
0.0754417
0.0753862
0.0752323
0.0751415
0.0750199
0.0748433
0.0747795
0.0747107
0.0745415
0.0744904
0.0743678
0.0743309
0.0741005
0.073966
0.0738188
0.0737196
0.0735827
0.0734919
0.0734129
0.0732608
0.073088
0.073205
0.0730255
0.0728223
0.0727791
0.0726038
0.0724565
0.0724123
0.0722224
0.0700867
0.0699448
0.0698598
0.069795
0.0696671
0.069611
0.0694973
0.0694277
0.0692796
0.0690782
0.0689214
0.0688159
0.0687458
0.0686386
0.0685152
0.0684544
0.0683329
0.0682319
0.0681401
0.0680882
0.0680318
0.0679157
0.0678612
0.0676268
0.0675486
0.0673937
0.0673832
0.0673283
0.0671805
0.0605122
0.0604247
0.0603367
0.0602494
0.0601562
0.0600842
0.0599895
0.0599129
0.0598284
0.0597471
0.0596694
0.0595874
0.0595026
0.0593986
0.0593223
0.0592354
0.0591456
0.0590701
0.0589887
0.0589116
0.0588319
0.0587514
0.0586669
0.058584
0.0584981
0.0584145
0.0583324
0.0582493
0.0581607
0.0580831
0.0579968
0.0579047
0.0578404
0.0577417
0.0576679
0.057587
0.0575146
0.0574322
0.0573489
0.0572644
0.0571894
0.057098
0.0570234
0.0569306
0.0568501
0.0567553
0.056678
0.0565961
0.0565131
0.0564329
0.0563557
0.0562347
0.056152
0.0560721
0.055998
0.0559204
0.0558394
0.0557562
0.0556801
0.0556047
0.0555255
0.0554496
0.0553699
0.0552891
0.0552055
0.0551496
0.0550718
0.0549834
0.0549111
0.0548231
0.05474
0.0546584
0.0545799
0.0544961
0.0544342
0.0543511
0.0542812
0.0542001
0.0541274
0.0540721
0.0539689
0.0539077
0.0538192
0.0537383
0.0536561
0.0535823
0.0535101
0.053426
0.0533438
0.0532664
0.0531907
0.0531091
0.0530263
0.0529548
0.0528775
0.0527995
0.0527237
0.0526605
0.0525943
0.052514
0.0524385
0.0523433
0.0522619
0.0521861
0.0521017
0.0520313
0.0519563
0.0518349
0.0517508
0.0516747
0.051598
0.0515179
0.0514405
0.0513768
0.0513022
0.0512306
0.0511526
0.0510676
0.0509779
0.050896
0.0508228
0.0507484
0.0506738
0.0505965
0.0505148
0.0504444
0.0503656
0.0502918
0.0502134
0.050137
0.0500613
0.0499887
0.0499212
0.0498533
0.0497634
0.0496926
0.0496132
0.0495375
0.0494747
0.0493852
0.0493199
0.0492334
0.0491615
0.0490817
0.0490099
0.0489302
0.0488575
0.0487811
0.0487093
0.0486267
0.0485581
0.0484965
0.0484151
0.048354
0.0482726
0.0482098
0.0481203
0.0480247
0.0479563
0.0478792
0.0478089
0.0477368
0.0476633
0.0475924
0.0475109
0.0474481
0.0473718
0.0473017
0.0472264
0.0471547
0.0470885
0.0470167
0.0469418
0.0468615
0.0467884
0.0467047
0.0466321
0.0465571
0.0464824
0.0464033
0.0463301
0.0462591
0.0462407
0.0461683
0.0460912
0.0460188
0.0459481
0.0458787
0.0458031
0.0457347
0.0456758
0.0456054
0.0455268
0.0454297
0.0453696
0.0453021
0.0452315
0.0451657
0.0450986
0.0450172
0.0449293
0.044873
0.0448029
0.0447314
0.0446636
0.044587
0.0445286
0.044457
0.0443892
0.0443219
0.0442521
0.0441855
0.0441155
0.0440507
0.043979
0.0439094
0.0438441
0.0437682
0.0436897
0.0436182
0.0435531
0.0434758
0.0434077
0.0433437
0.0432711
0.0432056
0.0431234
0.0430596
0.0429844
0.042924
0.0428506
0.042783
0.0427133
0.0426479
0.042584
0.0425146
0.0424487
0.0423837
0.0423158
0.0422587
0.042181
0.0421093
0.0420468
0.0419764
0.041908
0.041842
0.0417684
0.0417065
0.0416421
0.0415797
0.041504
0.0414369
0.0413664
0.0412981
0.0412339
0.0411661
0.0410986
0.041033
0.0409579
0.0408976
0.0408266
0.0407099
0.0406454
0.040578
0.0405108
0.0404448
0.040382
0.0403344
0.0402681
0.0402056
0.0401437
0.0400769
0.0400164
0.0399461
0.0398832
0.0398149
0.0397507
0.0396868
0.0396206
0.0395601
0.0394951
0.0394285
0.0393684
0.0393056
0.0392408
0.039183
0.0391162
0.0390484
0.0389861
0.0389157
0.038852
0.0387889
0.0387153
0.0386548
0.0385896
0.0385263
0.0384638
0.0383994
0.0383322
0.0383232
0.0382621
0.038216
0.0381032
0.038039
0.0380085
0.0379409
0.0378814
0.0378166
0.0377539
0.0376889
0.0376303
0.0375637
0.0375022
0.0374439
0.0373763
0.0373198
0.0372589
0.0371979
0.0371398
0.0370735
0.0370129
0.0369496
0.036888
0.036829
0.0367712
0.0367091
0.0366471
0.0365901
0.0365252
0.0364675
0.0364037
0.0363436
0.036282
0.0362232
0.0361551
0.0360907
0.03603
0.035985
0.0359022
0.0358459
0.0357895
0.0357343
0.0356652
0.0356092
0.0355533
0.0354926
0.0354376
0.0353602
0.0353061
0.0352448
0.0351879
0.0351315
0.0350699
0.0350096
0.034951
0.0348875
0.0348303
0.034767
0.0347098
0.03465
0.0346
0.0345382
0.0344791
0.0344186
0.0343649
0.0343018
0.0342462
0.0341829
0.0341284
0.0340631
0.034004
0.0339481
0.0338926
0.0338382
0.0337655
0.0337107
0.0336576
0.0335956
0.033543
0.0334828
0.0334242
0.0333706
0.0333142
0.033253
0.0331994
0.0331347
0.0330808
0.0330266
0.0329717
0.0329168
0.0328617
0.0327977
0.0327456
0.0326839
0.0326253
0.0325704
0.0325093
0.0324524
0.0323989
0.032341
0.0322835
0.0322279
0.0321721
0.0321161
0.0320522
0.0319997
0.0319477
0.0318851
0.0318399
0.0317709
0.0317147
0.0316618
0.0316024
0.0315472
0.0314979
0.0314428
0.0313844
0.0313346
0.0312722
0.0312139
0.0311601
0.0311084
0.03106
0.0309961
0.0309483
0.0308597
0.0308108
0.03075
0.0306938
0.0306377
0.0305852
0.0305447
0.0304852
0.0304328
0.0303809
0.0303686
0.0303139
0.030261
0.0302023
0.0301489
0.030095
0.0300436
0.0299923
0.0299347
0.0298791
0.0298522
0.0298005
0.0297445
0.0296967
0.0296388
0.0295848
0.0295361
0.0294874
0.0294187
0.0293647
0.0293143
0.029256
0.0292015
0.0291505
0.0291005
0.0290497
0.0289988
0.0289558
0.0289067
0.0288536
0.0287997
0.0287536
0.0286911
0.0286434
0.0285886
0.02854
0.0284832
0.0284323
0.028379
0.0283284
0.0282746
0.0282225
0.0281683
0.0281182
0.0280624
0.0280102
0.0279617
0.0279142
0.0278601
0.0278113
0.027763
0.0277141
0.0276649
0.0276145
0.027563
0.0275179
0.0274628
0.0274091
0.0273585
0.0272859
0.0272265
0.027181
0.0271332
0.0270896
0.0270389
0.0269797
0.0269311
0.026882
0.0268288
0.0267813
0.0267274
0.0266801
0.026634
0.0265869
0.026536
0.0264839
0.0264289
0.0263849
0.0263331
0.0262888
0.0262366
0.0261939
0.0261431
0.0261009
0.0260499
0.0260022
0.0259566
0.0259023
0.0258534
0.0257997
0.0257552
0.0257097
0.0256603
0.0256096
0.0255652
0.025519
0.0254675
0.0254158
0.0253705
0.0253187
0.0252444
0.0252281
0.0251823
0.0251305
0.0250817
0.0250375
0.0249846
0.0249394
0.0248911
0.0248411
0.0247967
0.0247448
0.0246918
0.0246495
0.0246029
0.0245568
0.0245068
0.0244589
0.024414
0.024369
0.0243222
0.0242807
0.0242353
0.0241899
0.0241387
0.0241138
0.0240672
0.0240052
0.023957
0.0239128
0.0238648
0.0238216
0.0237758
0.0237462
0.0237023
0.0236535
0.0236142
0.0235681
0.0235172
0.0234688
0.0234241
0.0233791
0.0233316
0.0232889
0.0232267
0.0231742
0.0231326
0.0230894
0.0230487
0.0229997
0.0229559
0.0229108
0.0228707
0.0228284
0.022783
0.0227361
0.0226949
0.0226623
0.022619
0.022578
0.0225313
0.0224897
0.0224456
0.0224047
0.0223563
0.0223207
0.0222799
0.0222383
0.0221922
0.0221516
0.0221068
0.0220656
0.0220236
0.0219746
0.0219257
0.0218862
0.02184
0.0217842
0.0217449
0.0216957
0.0216573
0.0216133
0.021568
0.0215266
0.0214876
0.0214457
0.0214078
0.0213666
0.0213223
0.0212748
0.0212363
0.0211962
0.0211517
0.0211128
0.021071
0.0210289
0.0209889
0.0209511
0.0209128
0.0208718
0.0208234
0.0207836
0.020744
0.020698
0.0206522
0.0206143
0.0205706
0.0205325
0.0204903
0.0204607
0.0204226
0.0203837
0.0203402
0.0203012
0.0202531
0.0202157
0.0201748
0.0201334
0.0200968
0.0200521
0.0200107
0.0199731
0.0199314
0.0198944
0.0198559
0.0198179
0.0197785
0.0197361
0.0196984
0.0196621
0.0196193
0.0195835
0.0195613
0.0195233
0.0194777
0.0194371
0.0193965
0.0193597
0.019322
0.0192814
0.0192455
0.0192002
0.0191635
0.0191482
0.019108
0.0190565
0.0190194
0.01898
0.018934
0.0188702
0.0188335
0.0187972
0.0187596
0.0187239
0.0186893
0.0186529
0.0186169
0.0185781
0.0185432
0.0185078
0.0184747
0.0184396
0.0183953
0.0183608
0.0183263
0.018287
0.0182505
0.0182154
0.018181
0.0181232
0.0180878
0.0180781
0.0180381
0.0180007
0.0179631
0.0179286
0.0178888
0.0178551
0.0178189
0.0177767
0.0177403
0.017701
0.0176623
0.0176181
0.0175844
0.017549
0.0175115
0.0174766
0.0174446
0.0174102
0.017378
0.0173406
0.0173034
0.0172695
0.0172347
0.0172005
0.0171621
0.017129
0.0170935
0.0170587
0.0170211
0.0169861
0.0169551
0.0169211
0.0168815
0.0168472
0.0168131
0.016776
0.0167396
0.0167026
0.016669
0.0166317
0.0165982
0.0165631
0.0165241
0.0164877
0.0164535
0.0164181
0.0163772
0.0163438
0.0163113
0.0162793
0.016237
0.0162029
0.016178
0.0161449
0.0161124
0.0160815
0.0160439
0.0160085
0.015976
0.0159444
0.0159069
0.0158775
0.0158394
0.0158078
0.01577
0.0157383
0.0156986
0.0156666
0.0156333
0.0156009
0.0155679
0.0155348
0.0155021
0.0154628
0.01543
0.015398
0.0153655
0.0153237
0.0152881
0.0152557
0.0152239
0.0151811
0.01515
0.0151209
0.0150897
0.0150565
0.0150206
0.0149875
0.0149647
0.0149297
0.0148955
0.0148786
0.0148439
0.0147996
0.0147678
0.014733
0.0147036
0.0146801
0.0146499
0.0146181
0.0145836
0.0145515
0.0145202
0.0144873
0.0144582
0.0144177
0.014387
0.0143559
0.0143242
0.014291
0.0142555
0.0142267
0.0141951
0.0141596
0.0141272
0.0140934
0.0140608
0.0140293
0.0140025
0.0139672
0.0139344
0.0139142
0.0138852
0.0138485
0.0138202
0.0137884
0.0137588
0.0137286
0.013697
0.0136625
0.0136324
0.0136033
0.0135709
0.0135405
0.0135116
0.01348
0.0134477
0.0134082
0.013377
0.0133448
0.0133099
0.0132793
0.0132507
0.013222
0.0131919
0.013159
0.0131315
0.0131036
0.0130717
0.0130408
0.0130085
0.0129793
0.0129378
0.0129081
0.0128788
0.0128487
0.0128183
0.0127908
0.0127621
0.0127337
0.0127028
0.0126743
0.0126399
0.0126112
0.0125822
0.0125522
0.0125233
0.0124949
0.0124599
0.0124342
0.0124045
0.012373
0.012343
0.0123148
0.0122829
0.0122557
0.0122214
0.0121941
0.0121602
0.0121309
0.0121003
0.0120758
0.012039
0.0120112
0.0119814
0.0119535
0.0119257
0.0118994
0.0118709
0.0118385
0.0118115
0.0117844
0.0117586
0.0117306
0.011697
0.0116678
0.0116391
0.0116119
0.0115843
0.0115545
0.0115272
0.0114884
0.011462
0.0114304
0.0114031
0.0113761
0.0113484
0.0113215
0.0112903
0.0112651
0.0112391
0.0112097
0.0111773
0.0111473
0.0111174
0.0110913
0.0110604
0.0110407
0.0110158
0.0109906
0.0109644
0.0109342
0.0109069
0.0108817
0.0108548
0.0108293
0.0107992
0.0107724
0.0107426
0.0107169
0.0106912
0.0106624
0.0106349
0.0106079
0.0105828
0.0105546
0.0105284
0.0105025
0.0104749
0.0104456
0.0104165
0.0103913
0.0103665
0.0103369
0.0103109
0.0102875
0.0102517
0.0102254
0.0102008
0.0101757
0.010152
0.010127
0.0100985
0.010071
0.010055
0.0100309
0.0100064
0.00997987
0.00995291
0.00992673
0.00990235
0.00988099
0.00985358
0.00982931
0.00980065
0.00977732
0.00975291
0.00972424
0.00969848
0.00967321
0.00964755
0.00962097
0.0095937
0.00956971
0.00954611
0.00951952
0.00949502
0.0094704
0.00944355
0.00940852
0.00938538
0.00936203
0.00934062
0.00931713
0.00929012
0.00926865
0.00924427
0.00922217
0.00919797
0.00917369
0.0091467
0.00912349
0.00909951
0.00907525
0.00905282
0.00903108
0.00900718
0.00898495
0.00896039
0.00893572
0.00890844
0.00888444
0.00886233
0.00883925
0.00881563
0.00878987
0.00876707
0.00874296
0.00871856
0.00869549
0.0086702
0.00863976
0.0086167
0.00859346
0.00856893
0.00854771
0.00852639
0.0085054
0.00847777
0.00845483
0.00843261
0.00841179
0.00838828
0.0083637
0.0083443
0.0083185
0.00829765
0.00826822
0.00824796
0.00822473
0.0082023
0.00817893
0.00815428
0.00813235
0.00810973
0.00809551
0.00807435
0.00805074
0.00802869
0.00800693
0.00798258
0.00796323
0.00793968
0.00791768
0.0078865
0.00786627
0.00784668
0.00782747
0.00780639
0.00778554
0.00776574
0.00774632
0.00772363
0.00770377
0.0076841
0.0076638
0.00764293
0.00762281
0.00759786
0.00757771
0.00755758
0.00753666
0.00751689
0.00749635
0.00747458
0.0074526
0.00743286
0.00741261
0.00739323
0.00737151
0.00734533
0.0073247
0.00730316
0.00728623
0.00726762
0.007247
0.00722748
0.00720871
0.00718144
0.00715938
0.00713972
0.00712495
0.00710559
0.00708763
0.00706828
0.00704676
0.00703018
0.00701104
0.00698881
0.00696839
0.00695355
0.00693047
0.00691398
0.00688801
0.00686876
0.00684991
0.00683135
0.00681248
0.00679176
0.00677137
0.00675248
0.00673602
0.00671419
0.00669468
0.00667495
0.00665478
0.00663693
0.00661578
0.00659735
0.0065778
0.006559
0.00654055
0.00651957
0.00649939
0.00648177
0.00646498
0.00644423
0.00642783
0.00641054
0.00639308
0.00637603
0.00635841
0.00633866
0.00631808
0.00630111
0.00628391
0.00626493
0.00624723
0.00623018
0.00621137
0.00619463
0.0061774
0.00615924
0.00614114
0.00611955
0.00610224
0.00608398
0.00606837
0.00605018
0.00602843
0.00601087
0.00599296
0.00597375
0.00595728
0.00593758
0.005922
0.00590032
0.00588406
0.0058672
0.00584909
0.00583397
0.00581642
0.00579746
0.00578409
0.00576334
0.00574722
0.00573006
0.00571236
0.0056959
0.00567796
0.00566086
0.00564518
0.00562489
0.00561039
0.00559095
0.00557383
0.00555575
0.00553973
0.00552422
0.00550471
0.00548894
0.00547265
0.00545592
0.0054358
0.00541772
0.00540074
0.0053836
0.00536806
0.00535286
0.00533797
0.00531866
0.00530167
0.0052892
0.0052702
0.00524592
0.0052299
0.00521536
0.00520631
0.00519033
0.00517429
0.00515779
0.0051403
0.00512498
0.00511007
0.00510096
0.00508631
0.00507046
0.00505357
0.00503534
0.00501844
0.00500181
0.00498658
0.00497137
0.00495623
0.00493916
0.00492158
0.0049079
0.00489003
0.00487417
0.00485859
0.00484387
0.00482748
0.00480839
0.00478971
0.00477601
0.0047613
0.00474639
0.00472899
0.00471559
0.00469737
0.00468447
0.00466887
0.00465459
0.0046394
0.00462558
0.00460729
0.00459279
0.00457847
0.004565
0.00454751
0.00453216
0.00451628
0.00450132
0.00448645
0.00447248
0.00445768
0.00443974
0.00442383
0.00440825
0.00439636
0.00438028
0.00436448
0.00434928
0.00433934
0.00432518
0.0043095
0.00429465
0.00427431
0.00426178
0.00424819
0.0042354
0.00422244
0.00420642
0.00419414
0.0041799
0.00416363
0.00414878
0.00413762
0.00412058
0.00410771
0.00409186
0.00407943
0.00406433
0.00405084
0.00403691
0.00402348
0.0040094
0.00399601
0.00398143
0.00395826
0.00394484
0.00392908
0.00391703
0.00389967
0.00388554
0.00387138
0.00385519
0.00384435
0.00382908
0.00381286
0.00379949
0.00378385
0.00377342
0.00376033
0.00374853
0.00373477
0.00372164
0.00370867
0.00369609
0.00368283
0.00367047
0.0036568
0.00364445
0.00362943
0.00361623
0.00360359
0.00359038
0.00357755
0.00356529
0.00355271
0.00353777
0.00352498
0.00351241
0.0034951
0.00348434
0.00346852
0.0034534
0.0034474
0.00343418
0.00342282
0.00340878
0.00339501
0.00338194
0.00336899
0.00335475
0.00334362
0.00333017
0.00331257
0.0032992
0.00328717
0.00327643
0.00326569
0.00325513
0.00324305
0.00323119
0.00321952
0.00320573
0.00319424
0.00318014
0.00317095
0.00315576
0.00314358
0.00313163
0.00312047
0.00310693
0.00309425
0.00308376
0.00307115
0.00305887
0.00304611
0.00302915
0.00301499
0.00300179
0.00299204
0.00297854
0.00296698
0.0029553
0.00294213
0.00293072
0.00291832
0.00290586
0.00289171
0.00288047
0.00286899
0.00285481
0.00284423
0.00283524
0.00282568
0.00281191
0.00280107
0.00279027
0.00277942
0.00276812
0.00275643
0.00274572
0.00273495
0.00272385
0.00271219
0.00270218
0.00268778
0.00267593
0.00266513
0.00265742
0.00264573
0.00263526
0.00261922
0.00260847
0.00259611
0.0025849
0.00257503
0.0025634
0.00255249
0.00254144
0.00252916
0.00251814
0.00250541
0.00249621
0.00248182
0.00247219
0.00246142
0.00244781
0.00243968
0.0024246
0.00241352
0.00240187
0.00239206
0.00238158
0.00237144
0.00236075
0.00235049
0.00234002
0.00232449
0.00231759
0.00230751
0.00229735
0.00228736
0.00227817
0.00226738
0.00225516
0.00224518
0.00223552
0.00222544
0.00221566
0.00220569
0.00219619
0.00219042
0.00217975
0.00216676
0.00215944
0.00214629
0.00213765
0.00212443
0.0021149
0.00210411
0.00209444
0.00208436
0.00207291
0.00206415
0.00205158
0.00204216
0.00204727
0.0020182
0.00201063
0.00200101
0.00198925
0.00198231
0.00197299
0.00196045
0.00195041
0.00194143
0.00193456
0.0019227
0.00191307
0.00190354
0.00189365
0.00188384
0.00187529
0.00186506
0.00185622
0.00184636
0.00183625
0.00182665
0.00181758
0.00180756
0.00180096
0.0017864
0.00177429
0.00176772
0.00175564
0.00174592
0.00174126
0.00173199
0.00172326
0.00171293
0.00170386
0.00169422
0.00168534
0.00167528
0.00166576
0.00167059
0.00164484
0.00163643
0.00162811
0.00161932
0.00161052
0.00160097
0.00159224
0.00158394
0.0015748
0.00156532
0.0015537
0.00154771
0.00153601
0.00152591
0.00151943
0.00150891
0.00150015
0.00149165
0.00148212
0.00147306
0.00146433
0.00145589
0.00144668
0.00143777
0.00142861
0.00141986
0.00141142
0.00140249
0.00139377
0.00138477
0.00137332
0.00136387
0.00135594
0.00134735
0.00133849
0.00133062
0.0013229
0.00132676
0.00131843
0.00129489
0.00128405
0.00127643
0.0012682
0.00126556
0.0012572
0.00124971
0.00124142
0.00123343
0.00122471
0.00121683
0.00120952
0.00120098
0.00119296
0.00118456
0.0011761
0.00116804
0.00115928
0.00115111
0.00114207
0.00113172
0.0011231
0.00111563
0.00110726
0.0010987
0.00109053
0.00108172
0.0010714
0.00106359
0.00105561
0.00104753
0.0010387
0.00103094
0.00102305
0.00101485
0.00100697
0.000996675
0.000998381
0.000996183
0.000972337
0.000965224
0.000956999
0.000950685
0.000942512
0.000934389
0.000927392
0.000919457
0.000911625
0.000904596
0.000896908
0.000889884
0.000881163
0.000873518
0.000863815
0.000856891
0.000848518
0.000840786
0.000834089
0.000825822
0.000819028
0.00081143
0.000804317
0.000796712
0.000788059
0.000781051
0.000773091
0.000766001
0.000757482
0.0007504
0.000743021
0.000734986
0.000727212
0.000719719
0.000710154
0.000703116
0.000694797
0.000695584
0.000688839
0.000687526
0.000664302
0.00065807
0.000649702
0.000641024
0.000636256
0.000629265
0.000621928
0.000614261
0.000606402
0.000600086
0.000593016
0.00058553
0.000578674
0.000570738
0.000563952
0.00055689
0.000550274
0.000541641
0.000534494
0.000527037
0.000521158
0.000511867
0.000506188
0.000499544
0.00049154
0.000484452
0.000476905
0.000468987
0.000462875
0.00045526
0.000446014
0.000439141
0.000431761
0.000424924
0.000427159
0.000421988
0.00040545
0.000397086
0.000393145
0.00038653
0.000380597
0.000371804
0.000366606
0.000357225
0.000350597
0.000345159
0.000337896
0.000331762
0.000325373
0.000318265
0.000312362
0.000305591
0.000298748
0.000292575
0.000285687
0.0002797
0.000272993
0.000266436
0.000260315
0.000251312
0.000246849
0.000238053
0.000232629
0.000225418
0.000220902
0.000213922
0.000207713
0.000201181
0.000193365
0.000185508
0.000181316
0.000175154
0.000166631
0.000170591
0.00015395
0.000147816
0.000141826
0.000136219
0.000130304
0.000124321
0.000116319
0.000110808
0.000104394
9.90299e-05
9.29963e-05
8.71317e-05
8.11051e-05
7.56424e-05
7.05775e-05
6.48569e-05
5.83269e-05
5.26876e-05
4.67317e-05
4.12877e-05
3.50692e-05
2.93812e-05
2.36298e-05
1.87106e-05
1.30162e-05
6.83637e-06
6.1117e-07
-7.80193e-06
-1.04193e-05
-1.66639e-05
-2.279e-05
-2.83029e-05
-3.44031e-05
-4.31902e-05
-4.93387e-05
-4.26275e-05
-6.00736e-05
-5.33618e-05
-7.06426e-05
-6.41268e-05
-8.23482e-05
-8.73435e-05
-9.24624e-05
-9.73619e-05
-0.000104869
-0.000107512
-0.000112838
-0.000118314
-0.000123356
-0.000128254
-0.00013371
-0.000138795
-0.000144102
-0.000149258
-0.000154755
-0.000159696
-0.000165122
-0.000170317
-0.000175671
-0.000180561
-0.000186052
-0.000191014
-0.000198571
-0.000203978
-0.000208922
-0.000211661
-0.00021932
-0.000221813
-0.000229263
-0.000233481
-0.000236317
-0.000241403
-0.000248347
-0.000252245
-0.000243816
-0.000247955
-0.000268714
-0.000273394
-0.000280023
-0.000281934
-0.000288002
-0.000290119
-0.00029679
-0.000299209
-0.000304682
-0.000307861
-0.000314669
-0.000316692
-0.00032081
-0.000325239
-0.000331816
-0.00033382
-0.000338525
-0.000343233
-0.000347593
-0.00035451
-0.00035894
-0.000360888
-0.0003652
-0.00036958
-0.000373843
-0.000378014
-0.00038477
-0.00038901
-0.000392434
-0.000395699
-0.000399861
-0.000406969
-0.000411418
-0.000415769
-0.000404805
-0.000407908
-0.000410886
-0.000415171
-0.000437036
-0.000439741
-0.000443399
-0.000449062
-0.000452719
-0.00045393
-0.000459776
-0.00046329
-0.000464619
-0.000468466
-0.000472393
-0.000477926
-0.000481679
-0.000485241
-0.000489062
-0.000492288
-0.000493558
-0.000499455
-0.00050076
-0.000507157
-0.000510541
-0.00051215
-0.0005158
-0.000521922
-0.000525989
-0.000529473
-0.000532938
-0.00053417
-0.000541575
-0.00054515
-0.000548564
-0.000552054
-0.000555589
-0.000559255
-0.00054577
-0.000549105
-0.000551154
-0.000572115
-0.000577055
-0.000578858
-0.000582592
-0.000585412
-0.000585775
-0.000590862
-0.000593588
-0.000596005
-0.000598598
-0.000601351
-0.000603979
-0.000606841
-0.000609746
-0.00061273
-0.000614819
-0.000618406
-0.000621301
-0.000624341
-0.000627194
-0.000629858
-0.000632334
-0.000635422
-0.000637913
-0.00064076
-0.000641859
-0.000645526
-0.000648828
-0.000651838
-0.000653547
-0.00065665
-0.000658665
-0.000662914
-0.00066537
-0.000667467
-0.000671248
-0.00067414
-0.000676817
-0.000680233
-0.000680017
-0.000682504
-0.00068621
-0.000688486
-0.000689321
-0.000693478
-0.000695367
-0.000697307
-0.000697288
-0.000698982
-0.000700839
-0.000702662
-0.00070225
-0.000706423
-0.000708189
-0.000710052
-0.000711771
-0.000712333
-0.000715422
-0.000717439
-0.000719325
-0.000718797
-0.000721165
-0.000724386
-0.000726391
-0.00072876
-0.000729428
-0.000732265
-0.000733535
-0.000734798
-0.000737044
-0.000738313
-0.000741904
-0.000743277
-0.000728345
-0.000728378
-0.000729465
-0.000750003
-0.000750861
-0.000752919
-0.000753004
-0.000756343
-0.000757563
-0.000756379
-0.000759717
-0.000760721
-0.0007618
-0.000762809
-0.000761578
-0.000764881
-0.000765773
-0.000766862
-0.000768
-0.00076929
-0.000770243
-0.000771283
-0.000771787
-0.00077238
-0.000772928
-0.000774048
-0.000776782
-0.000776782
-0.000778295
-0.000779742
-0.000780716
-0.000780851
-0.000781747
-0.000783231
-0.0007846
-0.000785006
-0.000786156
-0.000788027
-0.000771691
-0.000774651
-0.000771171
-0.000773685
-0.000789792
-0.000792256
-0.000791425
-0.000790523
-0.000792898
-0.000790978
-0.000793427
-0.000793736
-0.000793889
-0.000794199
-0.000794322
-0.000794689
-0.000794866
-0.000795084
-0.000793195
-0.000795602
-0.000795806
-0.000796183
-0.000796331
-0.000796588
-0.000796742
-0.000796971
-0.000797113
-0.000797318
-0.000797207
-0.000797134
-0.000797017
-0.000796965
-0.000799168
-0.000797583
-0.000797897
-0.000785212
-0.000781903
-0.000785048
-0.000796923
-0.000796511
-0.000796393
-0.000797268
-0.000797034
-0.000796422
-0.000793701
-0.000795342
-0.000794767
-0.000794328
-0.000793776
-0.000793255
-0.000792693
-0.000792159
-0.000791579
-0.000788925
-0.000790505
-0.000789977
-0.000787283
-0.000786786
-0.000788387
-0.000785702
-0.000787255
-0.000786735
-0.000784111
-0.000785662
-0.000785249
-0.000784702
-0.000784109
-0.000783532
-0.000783103
-0.000782464
-0.000781907
-0.000768674
-0.00076598
-0.000766589
-0.000779801
-0.000763207
-0.000777608
-0.000774348
-0.000773726
-0.000771727
-0.000772614
-0.000771436
-0.000767973
-0.000768881
-0.000765467
-0.000766342
-0.000765145
-0.000761692
-0.0007626
-0.000759164
-0.000760108
-0.000758792
-0.000757535
-0.000756356
-0.000752954
-0.00075157
-0.000752494
-0.00075123
-0.000749906
-0.00074894
-0.000747702
-0.000744283
-0.000745148
-0.000744463
-0.000741085
-0.000742053
-0.000740093
-0.000739449
-0.000738307
-0.000737018
-0.000723617
-0.000721214
-0.000718816
-0.000718288
-0.000715195
-0.000728584
-0.000725096
-0.000724388
-0.000720277
-0.000719066
-0.000719394
-0.000717567
-0.00071566
-0.0007116
-0.00070966
-0.0007078
-0.000705922
-0.000705981
-0.000701951
-0.000700001
-0.000698112
-0.000698242
-0.000694272
-0.000694538
-0.000692581
-0.000690535
-0.000686449
-0.000684586
-0.000684752
-0.000682017
-0.000680156
-0.000678217
-0.00067421
-0.000672213
-0.000670362
-0.000670484
-0.000666492
-0.00066446
-0.000653647
-0.000650837
-0.000648292
-0.000646089
-0.000640349
-0.000652574
-0.000650905
-0.000648838
-0.000644212
-0.000641638
-0.00063919
-0.000638855
-0.000634276
-0.000631369
-0.000628914
-0.000626401
-0.000623775
-0.000621324
-0.000618742
-0.000616347
-0.000616165
-0.000611262
-0.000608606
-0.000606125
-0.000605725
-0.000601079
-0.000598468
-0.000596064
-0.000593664
-0.000591201
-0.000588516
-0.00058824
-0.000585571
-0.00058089
-0.000580453
-0.000575749
-0.000574777
-0.000572211
-0.000569738
-0.000567187
-0.000556425
-0.000553
-0.000550562
-0.000547025
-0.000539725
-0.000550567
-0.000534075
-0.000531002
-0.000541515
-0.000538758
-0.000535523
-0.000532506
-0.000529985
-0.000526886
-0.00052413
-0.000521099
-0.000517882
-0.000514093
-0.000512365
-0.000507934
-0.000506296
-0.000502966
-0.00049858
-0.000495584
-0.000493369
-0.000490337
-0.000486277
-0.000485048
-0.000480477
-0.000477111
-0.000474433
-0.000470895
-0.000467171
-0.000464693
-0.000461662
-0.000459958
-0.000457286
-0.000453542
-0.000449298
-0.000445749
-0.000442586
-0.000431224
-0.000426642
-0.000419241
-0.000430525
-0.000425464
-0.000422449
-0.000419784
-0.00041492
-0.000412187
-0.000407784
-0.000404125
-0.000399972
-0.000396746
-0.000393406
-0.000390211
-0.000386001
-0.000382805
-0.000379174
-0.000373516
-0.000371602
-0.000366539
-0.000364405
-0.000360982
-0.000357406
-0.000351592
-0.000347728
-0.000344484
-0.000340232
-0.000336329
-0.000333118
-0.000329846
-0.000326027
-0.000319568
-0.000316103
-0.000312079
-0.000308639
-0.000305254
-0.00028936
-0.000284944
-0.000274407
-0.000269891
-0.000279839
-0.000276356
-0.000272643
-0.000268056
-0.000264303
-0.000259953
-0.000255673
-0.000252433
-0.000255516
-0.000251809
-0.000248332
-0.000242417
-0.000239684
-0.000236217
-0.000232073
-0.000226698
-0.000223699
-0.00021732
-0.000214066
-0.00020971
-0.00020527
-0.000200596
-0.000196687
-0.000193366
-0.000189469
-0.000183687
-0.000181856
-0.000176017
-0.00017188
-0.000167476
-0.000163574
-0.000159757
-0.000155415
-0.000151027
-0.000146418
-0.00014268
-0.000138742
-0.000119674
-0.000114669
-0.000109919
-0.000104306
-9.97134e-05
-0.000110225
-0.000105461
-0.000101655
-9.60322e-05
-9.14676e-05
-8.75256e-05
-8.32629e-05
-7.68703e-05
-7.26811e-05
-6.79758e-05
-6.21859e-05
-5.7762e-05
-5.23462e-05
-4.71221e-05
-4.19531e-05
-3.68737e-05
-3.18496e-05
-2.70538e-05
-2.29809e-05
-1.82971e-05
-1.29515e-05
-8.63869e-06
-4.0365e-06
2.74248e-06
7.34601e-06
1.203e-05
1.68061e-05
2.14321e-05
2.59846e-05
3.033e-05
3.55026e-05
4.01265e-05
4.5706e-05
5.04626e-05
5.54899e-05
6.02082e-05
8.20498e-05
8.67687e-05
9.30175e-05
9.897e-05
0.000104002
9.17277e-05
9.71107e-05
0.000104735
0.000109881
0.000115727
0.000121361
0.00012593
0.000130871
0.000136557
0.000142274
0.000147346
0.000156362
0.000161109
0.000166794
0.000172921
0.000180398
0.000186071
0.000192004
0.000197654
0.000201571
0.000208505
0.000214856
0.000220074
0.000225623
0.000230595
0.000236642
0.000241104
0.000246905
0.000251927
0.000253733
0.000259353
0.000265221
0.000270309
0.000275187
0.000282534
0.00028785
0.000293755
0.000314051
0.000320685
0.000327252
0.000333751
0.000338973
0.000330805
0.000337117
0.000341303
0.000348388
0.000353478
0.000359031
0.00036735
0.00037308
0.000379964
0.000385859
0.000391143
0.000397585
0.000403501
0.000409284
0.00041773
0.000421983
0.000429819
0.000436118
0.00044205
0.000448586
0.00045436
0.000461216
0.000468341
0.000474156
0.000483912
0.000491256
0.000497268
0.000504016
0.000505435
0.000512146
0.00051806
0.000523237
0.000528249
0.000534396
0.000544071
0.000549994
0.000557698
0.000577685
0.000584825
0.000591546
0.000597054
0.000608033
0.000597894
0.000604694
0.000611211
0.000618458
0.000625352
0.000633034
0.000640739
0.000650164
0.000657717
0.000664865
0.000671282
0.000677761
0.000681852
0.000688534
0.000695164
0.000701522
0.000708801
0.000715848
0.000722157
0.000729505
0.000735727
0.000742305
0.000749956
0.000756112
0.000764539
0.000771007
0.000777985
0.000785246
0.000792348
0.000801259
0.00080894
0.000815063
0.000821577
0.000828011
0.000839735
0.000848024
0.000868544
0.00087534
0.000882541
0.000893453
0.000883665
0.000892546
0.000898202
0.000905474
0.000913135
0.00092051
0.000928262
0.00093846
0.000945897
0.000956382
0.000963982
0.00096834
0.000976405
0.000983463
0.000990835
0.00099784
0.00100611
0.0010119
0.00101952
0.00102792
0.00103774
0.00104437
0.00105762
0.00106499
0.00107319
0.00108039
0.00108755
0.0010955
0.00110355
0.00111343
0.00111885
0.00112465
0.00113403
0.00113887
0.00115208
0.00116376
0.00116987
0.00118763
0.00119574
0.00120668
0.00121401
0.00122179
0.00121552
0.00122152
0.00123249
0.00124028
0.00124912
0.00125735
0.00126512
0.0012728
0.00128059
0.00128927
0.00129742
0.00130745
0.00131487
0.00132156
0.00133094
0.0013397
0.00134749
0.00135583
0.00136317
0.00137127
0.00137828
0.00138688
0.00139464
0.00140553
0.00141475
0.0014219
0.00143022
0.00143813
0.00144621
0.00145488
0.00146268
0.00147063
0.00147903
0.00148554
0.00149502
0.00150265
0.00151156
0.00151961
0.00152708
0.00154854
0.00155684
0.00157437
0.0015683
0.00157758
0.00158545
0.00159355
0.0016025
0.00161099
0.00161896
0.00163053
0.0016385
0.00164704
0.00165597
0.00166469
0.00167264
0.0016813
0.00169002
0.0016988
0.00170792
0.00171647
0.00172389
0.00173346
0.00174252
0.0017511
0.00175969
0.00176808
0.00177928
0.00178733
0.00179659
0.00180478
0.00181379
0.00182276
0.00183087
0.00183951
0.0018483
0.00185628
0.00186535
0.00187569
0.00188454
0.00189278
0.00190019
0.00192325
0.00193702
0.00194527
0.00195418
0.00196347
0.00195908
0.00195204
0.00196088
0.00197036
0.00197923
0.00198975
0.00200071
0.00200938
0.00201905
0.00202771
0.00203767
0.00204714
0.00205658
0.00206466
0.00207381
0.00208386
0.00209393
0.00210246
0.00211394
0.00212051
0.00213216
0.00214187
0.00215123
0.00216038
0.00217039
0.00217891
0.00218794
0.00219793
0.00220696
0.00221543
0.00222494
0.00223475
0.00224564
0.00225576
0.00226503
0.00227452
0.00228279
0.00229228
0.00230165
0.0023115
0.00232154
0.00234886
0.00235944
0.00236837
0.00237901
0.00238694
0.00240061
0.00239207
0.00240139
0.00241074
0.00242128
0.00243057
0.00244336
0.00245184
0.0024631
0.00247362
0.00248333
0.00249368
0.00250387
0.00251453
0.00252333
0.00253248
0.00254305
0.00255328
0.00256351
0.00257379
0.0025852
0.00259463
0.00260552
0.0026151
0.00262599
0.00263486
0.00264575
0.00265476
0.00266571
0.00267386
0.0026834
0.00269732
0.00270501
0.00271685
0.00272651
0.00273625
0.00274479
0.00275446
0.00276469
0.00277532
0.00278574
0.00281517
0.00282384
0.00283375
0.00284385
0.00285793
0.00285059
0.00286089
0.00287067
0.00288178
0.00289278
0.00290387
0.00291433
0.00292612
0.00293546
0.00294998
0.00295963
0.00297084
0.00298155
0.00299261
0.00300312
0.0030156
0.00302425
0.00303518
0.00304824
0.00305619
0.00307001
0.00308032
0.00309085
0.00310237
0.00311327
0.00312386
0.00313294
0.00314371
0.00315498
0.00316563
0.00317612
0.0031874
0.00319751
0.00320981
0.00322185
0.00322937
0.00324314
0.00325409
0.0032638
0.00327403
0.00328391
0.00329497
0.00332723
0.0033349
0.00334592
0.00335601
0.00337134
0.00338118
0.0033763
0.00338704
0.00340125
0.0034127
0.00342372
0.00343374
0.00344407
0.00345482
0.00346661
0.00347926
0.00349238
0.00350387
0.00351633
0.00352775
0.00353839
0.00355064
0.00356076
0.00357412
0.00358608
0.0035964
0.0036088
0.00361979
0.00363301
0.00364506
0.00365619
0.00366816
0.00367978
0.00369051
0.00370292
0.003714
0.00372471
0.00373572
0.00374723
0.00375838
0.00376994
0.0037841
0.00379509
0.00380568
0.00381798
0.00382756
0.003835
0.00384632
0.00385884
0.00389103
0.00389999
0.00391143
0.00392784
0.0039392
0.00393343
0.00394322
0.00395912
0.00397196
0.00398337
0.00399549
0.00400784
0.00401981
0.00403446
0.00404775
0.00406045
0.00407394
0.00408564
0.00409681
0.00410946
0.00412103
0.00413311
0.00414662
0.00415687
0.00417176
0.0041838
0.00419648
0.00420923
0.00423405
0.00424579
0.00425799
0.00427003
0.00428258
0.00429508
0.00430661
0.00431849
0.00433282
0.00434393
0.00435685
0.00435179
0.00436503
0.00437664
0.00438908
0.00440068
0.00441291
0.00442587
0.00443736
0.0044529
0.00446222
0.0044744
0.00450419
0.00452298
0.00453423
0.00454572
0.00455813
0.00457443
0.00456473
0.00457773
0.0045874
0.00460084
0.00461346
0.00462473
0.00464228
0.00465612
0.00466991
0.00468357
0.00469481
0.00470815
0.00472043
0.00473282
0.00474526
0.0047585
0.00477503
0.00478786
0.00480169
0.00481446
0.00482859
0.00484205
0.00485358
0.00486603
0.00487791
0.00489157
0.00490291
0.00491869
0.00492925
0.0049451
0.00495668
0.00496988
0.00498416
0.00499697
0.00500882
0.00502327
0.00503695
0.00504682
0.00505963
0.00507217
0.00508905
0.0051017
0.00511203
0.00512705
0.00513945
0.0051533
0.00518811
0.00520069
0.00521436
0.00522333
0.00524042
0.00525265
0.00524706
0.00526218
0.00527613
0.00528981
0.00530407
0.00531645
0.00532929
0.00534558
0.00535697
0.00537155
0.00538739
0.0054008
0.00541443
0.005427
0.00544117
0.00545624
0.00547008
0.00548188
0.00549677
0.00551197
0.00552567
0.00553999
0.00555383
0.00556854
0.00558088
0.00559418
0.00560899
0.00562154
0.00563498
0.00564836
0.00566214
0.00567574
0.00568854
0.00570474
0.00571581
0.00573056
0.00574343
0.00576026
0.00577521
0.00578751
0.0058014
0.00581662
0.00583008
0.00584471
0.00585812
0.00587029
0.00588366
0.00589904
0.00593975
0.00595452
0.00597033
0.005983
0.00599986
0.0060144
0.00600381
0.00601941
0.00603471
0.00605
0.0060652
0.00608005
0.00609478
0.00611013
0.00612411
0.00613428
0.00614816
0.00616315
0.00617928
0.00619326
0.00620863
0.00622521
0.00623943
0.00625482
0.00626931
0.00628325
0.00629828
0.00631276
0.00632681
0.00634101
0.0063535
0.00636993
0.00638366
0.00639557
0.00641049
0.00642832
0.00644323
0.00645963
0.00647347
0.00648791
0.00650194
0.00651272
0.0065273
0.0065435
0.00655863
0.00657659
0.00659081
0.00660482
0.00661991
0.00663384
0.00664909
0.00666332
0.00667797
0.00669636
0.00673475
0.00675073
0.00676645
0.00677901
0.00679778
0.00679156
0.0068039
0.00682122
0.00683487
0.00685068
0.00686235
0.00688289
0.00689865
0.00691707
0.00693145
0.00694748
0.0069578
0.00697139
0.00698635
0.00703831
0.00705491
0.00706858
0.00708537
0.0070992
0.00711762
0.00713485
0.00715007
0.00716628
0.00718289
0.00719666
0.00721198
0.00722698
0.00724115
0.00725739
0.00727306
0.0072881
0.00730591
0.00732036
0.00733601
0.00735172
0.00734093
0.00735741
0.00737154
0.00738945
0.00740543
0.00742058
0.00743553
0.0074499
0.00746485
0.00747681
0.00749397
0.00751105
0.00752684
0.00754352
0.00758265
0.00759633
0.00761186
0.00763301
0.00764718
0.00766124
0.0076716
0.00766595
0.00768277
0.00770329
0.00771597
0.00773205
0.00775089
0.00777099
0.00778871
0.00780116
0.0078171
0.00783432
0.00785331
0.00786769
0.00788356
0.00790342
0.00791936
0.00793544
0.00795152
0.00796854
0.0079817
0.00800327
0.00801942
0.00803293
0.00805072
0.00806366
0.00808367
0.0080981
0.00811872
0.00813457
0.00815175
0.00817043
0.00818648
0.00819876
0.00821574
0.00823152
0.00824913
0.00826495
0.0082822
0.00829756
0.00831061
0.00832888
0.00834602
0.00836136
0.00838025
0.00839423
0.00841074
0.00842735
0.00844387
0.00846195
0.00847813
0.0085182
0.00853674
0.00855741
0.00857588
0.00859458
0.00861129
0.00859893
0.008616
0.00863497
0.0086513
0.00867002
0.00868867
0.00870553
0.00872369
0.00874094
0.00875687
0.00877347
0.00879055
0.00880708
0.0088245
0.00884359
0.00885935
0.00887807
0.00889832
0.00891454
0.00893157
0.00894935
0.00896783
0.00898361
0.00900007
0.00901863
0.00903666
0.00905279
0.00907045
0.00908896
0.00910866
0.00912304
0.00914416
0.0091606
0.00917787
0.00919844
0.00921499
0.00922999
0.00924776
0.00926669
0.00928323
0.0093006
0.00931807
0.00933527
0.00935304
0.00936746
0.00938392
0.00940135
0.00941954
0.00943718
0.009455
0.00949739
0.00951804
0.0095325
0.00954908
0.0096085
0.00959928
0.00961684
0.00963515
0.00965189
0.00966829
0.00968267
0.00970523
0.00972212
0.00974217
0.00975694
0.00978014
0.00980079
0.00981772
0.00983449
0.00985268
0.00986969
0.00988786
0.00990558
0.00992463
0.00994041
0.00996252
0.00998228
0.00999873
0.0100164
0.0100341
0.0100515
0.0100425
0.0100612
0.0100786
0.0100952
0.0101113
0.0101293
0.010149
0.0101679
0.0101859
0.0102056
0.0102283
0.0102453
0.0102645
0.0102757
0.0103001
0.010316
0.0103349
0.0103545
0.010371
0.0103888
0.0104105
0.0104208
0.0104379
0.0104594
0.0104777
0.0104946
0.0105192
0.0105652
0.0105838
0.0106033
0.0106217
0.0106446
0.0106519
0.0106747
0.0106933
0.0106847
0.0107028
0.0107204
0.0107379
0.0107609
0.0107786
0.0107982
0.0108191
0.0108413
0.0108582
0.0108758
0.0108941
0.0109124
0.0109294
0.0109469
0.0109701
0.0109884
0.0110129
0.0110265
0.0110507
0.0110723
0.0110898
0.0111096
0.01113
0.0111508
0.011169
0.0111923
0.0112132
0.0112279
0.0112471
0.0112642
0.0112845
0.0113011
0.0113226
0.0113467
0.0113666
0.0113821
0.0113954
0.0114206
0.0114375
0.011461
0.011478
0.0114966
0.0115434
0.0115636
0.0115845
0.0116034
0.011622
0.0116371
0.0116553
0.0117056
0.0117238
0.0117422
0.0117642
0.0117817
0.0117947
0.0118164
0.0118443
0.0118588
0.0118807
0.0118718
0.0118894
0.0118783
0.0119002
0.0119185
0.0119425
0.0119605
0.0119845
0.0120041
0.0120265
0.012048
0.0120677
0.0120865
0.0121087
0.0121285
0.0121496
0.0121742
0.0121921
0.0122142
0.0122312
0.012252
0.0122709
0.0122884
0.0123087
0.0123325
0.0123523
0.0123726
0.012392
0.0124189
0.0124363
0.012459
0.0124806
0.0124997
0.0125201
0.0125408
0.0125612
0.0125779
0.0125974
0.0126156
0.0126393
0.0126584
0.0126773
0.0127007
0.012718
0.0127374
0.0127568
0.0127776
0.0127988
0.01282
0.0128437
0.0128826
0.0129034
0.0129226
0.0129826
0.0129666
0.0130265
0.0130515
0.0130705
0.0130881
0.0131159
0.013135
0.0131538
0.0131309
0.0131488
0.0131705
0.013194
0.013219
0.013248
0.0132688
0.013288
0.0133074
0.0133306
0.0133499
0.0133705
0.0133943
0.0134085
0.0134285
0.0134506
0.0134696
0.0134925
0.0135145
0.0135353
0.0135606
0.0135633
0.0135849
0.0136122
0.0136344
0.0136492
0.0136802
0.0137031
0.0137236
0.0137404
0.0137781
0.0138018
0.0138249
0.0138476
0.0138823
0.0139072
0.0139303
0.0139495
0.013972
0.0139973
0.0140203
0.0140388
0.0140609
0.0140804
0.0140993
0.0141198
0.0141416
0.0141643
0.0141844
0.0142098
0.0142339
0.0142367
0.0143066
0.014327
0.0143539
0.0143772
0.0144045
0.0144222
0.0144506
0.0144721
0.0144944
0.0145022
0.0144806
0.014505
0.0145286
0.0145518
0.0145714
0.0145927
0.0146158
0.014637
0.0146591
0.0146803
0.014708
0.0147222
0.0147523
0.0147742
0.0147968
0.0148187
0.0148459
0.0148627
0.0148879
0.0149117
0.0149323
0.0149544
0.0149763
0.0149974
0.0150216
0.0150421
0.015064
0.0150888
0.0151119
0.0151326
0.0151574
0.0151763
0.0151992
0.0152204
0.0152426
0.0152685
0.0152876
0.0153146
0.015336
0.0153625
0.0153837
0.0154026
0.0154251
0.0154457
0.0154668
0.0154892
0.0155098
0.0155386
0.0155643
0.0155856
0.0156095
0.0156316
0.0156523
0.0156782
0.0157457
0.0157739
0.0157941
0.0158156
0.0158411
0.0158622
0.0158892
0.0159113
0.0158939
0.0159146
0.0159416
0.0159538
0.0159809
0.016013
0.0160349
0.0160599
0.0160817
0.0161059
0.016132
0.0161549
0.0161737
0.0162001
0.0162251
0.0162495
0.0162726
0.0162981
0.0163213
0.0163503
0.0163773
0.0163994
0.0164221
0.0164456
0.0164667
0.0164906
0.0165138
0.0165427
0.0165675
0.0165878
0.0166114
0.0166348
0.0166574
0.0166827
0.016707
0.0167314
0.0167589
0.0167832
0.0168067
0.0168275
0.0168501
0.0168742
0.0168993
0.0169194
0.016947
0.0169708
0.016994
0.0170166
0.0170414
0.017067
0.0170936
0.0171184
0.0171411
0.0171639
0.0172306
0.0172623
0.0172883
0.0173134
0.0173479
0.0173742
0.0173941
0.0174285
0.017452
0.0174222
0.017447
0.0174719
0.0174918
0.0175165
0.0175418
0.0175682
0.0175981
0.0176191
0.0176455
0.0176765
0.0176982
0.0177279
0.0177555
0.0177821
0.0178055
0.0178273
0.0178533
0.017877
0.0178939
0.0179229
0.0179484
0.0179753
0.0179998
0.018024
0.0180536
0.0180714
0.0180992
0.018123
0.0181498
0.0181786
0.0182094
0.0182348
0.0182598
0.0182845
0.0183099
0.0183372
0.0183628
0.0183871
0.018414
0.0184355
0.0184596
0.0184841
0.0185086
0.0185357
0.0185607
0.0185852
0.0186125
0.0186413
0.018656
0.0186808
0.0187042
0.0187342
0.0188069
0.0188384
0.0188597
0.0188863
0.018915
0.0189415
0.0189762
0.0190035
0.0190195
0.0190022
0.0190331
0.019059
0.0190853
0.0191106
0.0191408
0.0191657
0.0191932
0.0192196
0.0192433
0.0192806
0.0193044
0.0193336
0.0193584
0.0193854
0.0194114
0.0194367
0.0194636
0.019491
0.0195192
0.0195418
0.0195703
0.0195968
0.019624
0.0196546
0.0196831
0.0197084
0.0197321
0.0197633
0.0197896
0.0198181
0.0198431
0.0198752
0.0199013
0.0199282
0.0199525
0.0199734
0.0200043
0.0200347
0.020061
0.0200873
0.0201153
0.0201421
0.0201677
0.0201977
0.0202306
0.0202548
0.0202845
0.0203111
0.0203342
0.0203649
0.0203865
0.0204526
0.0204954
0.020511
0.0205476
0.0205792
0.0206073
0.0206337
0.0206632
0.0206904
0.020673
0.0207009
0.0207258
0.020757
0.0207864
0.0207967
0.0208242
0.0208608
0.0208896
0.0209172
0.0209423
0.0209689
0.0209969
0.0210246
0.0210518
0.0210809
0.0211058
0.0211403
0.0211713
0.0211993
0.0212319
0.0212579
0.0212867
0.0213105
0.0213431
0.0213715
0.0214003
0.0214317
0.021455
0.021483
0.0215281
0.0215422
0.0215754
0.0216028
0.0216299
0.0216552
0.0216874
0.0217085
0.0217387
0.0217663
0.0217981
0.0218244
0.0218509
0.0218841
0.0219071
0.0219388
0.0219645
0.0219939
0.0220249
0.0220528
0.0220887
0.022115
0.0221434
0.0221739
0.0222503
0.0222824
0.022305
0.0223109
0.0223615
0.0223998
0.0224295
0.0224604
0.022489
0.0225181
0.022501
0.0225318
0.022561
0.0225905
0.0226209
0.0226408
0.0226748
0.0227107
0.0227393
0.022771
0.0228048
0.0228353
0.0228638
0.0229009
0.02293
0.0229537
0.0229847
0.023018
0.0230484
0.0230752
0.0231089
0.0231302
0.0231623
0.0231937
0.0232226
0.0232514
0.023275
0.0233109
0.0233443
0.0233742
0.0234029
0.0234291
0.0234519
0.0234799
0.0235094
0.0235412
0.0235802
0.0236056
0.0236369
0.0236654
0.0236928
0.0237274
0.023757
0.0237983
0.0238272
0.0238594
0.0238869
0.0239161
0.0239449
0.023973
0.0240035
0.0240416
0.0240512
0.0240797
0.0241101
0.0241941
0.0242194
0.0242797
0.0243075
0.024337
0.0243762
0.0244068
0.024379
0.024411
0.0244383
0.024471
0.0245019
0.0245323
0.0245615
0.0245935
0.0246283
0.0246562
0.0246826
0.0247135
0.0247521
0.0247807
0.0248116
0.0248481
0.0248882
0.0249143
0.0249495
0.024977
0.0250071
0.025037
0.0250847
0.0251137
0.0251449
0.0251712
0.0252024
0.0252324
0.0252624
0.0252822
0.0253162
0.025346
0.0253718
0.0254068
0.0254388
0.0254753
0.0255095
0.0255393
0.0255704
0.0255966
0.0256295
0.0256694
0.025696
0.0257386
0.0257696
0.0257896
0.0258203
0.0258507
0.0258797
0.0259154
0.025942
0.0259715
0.0260044
0.0260104
0.0260566
0.0261
0.0261348
0.0262148
0.0262647
0.0262982
0.0263298
0.0263577
0.0263908
0.0264124
0.02639
0.0264251
0.0264541
0.0264942
0.0265326
0.0265594
0.026596
0.0266253
0.0266619
0.0266905
0.0267286
0.0267553
0.0267939
0.0268183
0.0268635
0.0269016
0.0269344
0.0269742
0.0270099
0.0270484
0.0270796
0.0271091
0.0271478
0.0271811
0.0272157
0.0272495
0.0272803
0.0273189
0.0273483
0.0273813
0.027418
0.0274458
0.0274789
0.0275124
0.0275444
0.027578
0.0276041
0.0276376
0.0276737
0.0277036
0.0277372
0.0277722
0.0277928
0.0278232
0.0278564
0.0278979
0.0279292
0.0279614
0.0279998
0.0280342
0.0280715
0.0281053
0.0281372
0.028171
0.0282028
0.0282378
0.0283354
0.0283677
0.0284097
0.0284472
0.0284799
0.0285123
0.0285439
0.0285688
0.0286105
0.0285893
0.0286259
0.0286559
0.0286891
0.0287313
0.0287623
0.0287952
0.028837
0.0288689
0.0289063
0.0289365
0.0289783
0.0290209
0.0290534
0.0290826
0.029118
0.0291515
0.0291896
0.0292225
0.0292585
0.0292993
0.0293331
0.0293662
0.0294058
0.0294408
0.0294774
0.0295065
0.0295496
0.0295908
0.0296163
0.0296545
0.0296885
0.0297226
0.0297574
0.0297917
0.0298268
0.0298654
0.0298911
0.0299323
0.0299734
0.0299976
0.0300292
0.0300549
0.0300946
0.0301326
0.0301682
0.0302024
0.0302379
0.0302712
0.0303118
0.0303411
0.0303784
0.0304014
0.0304335
0.0304558
0.0305648
0.0306121
0.0306522
0.0306802
0.0307203
0.0307546
0.0307946
0.0308204
0.0307943
0.0308303
0.0308648
0.0308971
0.0309418
0.0309862
0.0310246
0.0310565
0.0310918
0.0311329
0.0311728
0.0312125
0.0312482
0.0312865
0.0313278
0.0313672
0.0314089
0.0314563
0.0314955
0.0315442
0.0315805
0.031617
0.0316575
0.0317054
0.031739
0.0317811
0.0318149
0.0318658
0.031909
0.0319439
0.0319735
0.0320098
0.0320538
0.0320825
0.0321194
0.0321646
0.0322064
0.0322482
0.0322838
0.0323189
0.0322686
0.0323199
0.0323569
0.0323942
0.0324263
0.0324614
0.0324974
0.0325391
0.0325716
0.0326089
0.0326464
0.032686
0.0327209
0.0327581
0.0328705
0.0328344
0.0329459
0.0329825
0.033023
0.0330558
0.033098
0.0330742
0.0331149
0.0331484
0.0331905
0.0332289
0.0332754
0.0333191
0.0333628
0.0334007
0.0334426
0.0334812
0.0335221
0.0335547
0.0336003
0.0336383
0.0336749
0.0337147
0.0337552
0.0337932
0.0338353
0.0338749
0.0339138
0.033952
0.0339959
0.0340317
0.0340743
0.0341126
0.0341573
0.0341978
0.0342357
0.0342737
0.0343103
0.034354
0.034385
0.0344234
0.0344623
0.0345
0.0345397
0.034566
0.0345854
0.0346281
0.034673
0.034704
0.0347488
0.0347934
0.0348301
0.034871
0.0348994
0.0349381
0.0349883
0.0350269
0.0350724
0.0351105
0.0351397
0.0351848
0.0352277
0.0352641
0.0353849
0.03543
0.035475
0.0355144
0.0355526
0.0355959
0.0356338
0.0356649
0.0357174
0.0356873
0.0357384
0.0357809
0.0358249
0.0358651
0.035906
0.0359496
0.0359812
0.0360195
0.0360525
0.0361052
0.0361489
0.0361803
0.0362129
0.0362536
0.0363022
0.0363422
0.0363826
0.0364258
0.036478
0.0365306
0.0365721
0.0366001
0.036663
0.0367031
0.036761
0.0367981
0.0368432
0.0368835
0.0369361
0.0369786
0.0370177
0.0370562
0.0370979
0.0371411
0.0371854
0.0372262
0.0372649
0.0373039
0.0373551
0.0373967
0.0374415
0.0374814
0.0375683
0.037597
0.0376386
0.037688
0.037732
0.0377702
0.0378214
0.0379318
0.0379808
0.038022
0.0380636
0.0381106
0.0381582
0.0382034
0.0382513
0.0382173
0.0382617
0.0383087
0.0383406
0.0383926
0.0384401
0.0384746
0.0385299
0.0385716
0.0386285
0.0386691
0.0387096
0.0387538
0.0387985
0.0388419
0.0388908
0.0389335
0.0389768
0.0390191
0.0390655
0.0391093
0.0391578
0.0391942
0.0392239
0.0392654
0.0393103
0.0393536
0.0393975
0.0394469
0.0394865
0.0395407
0.039582
0.0396405
0.0396866
0.0397301
0.039774
0.0398251
0.0398682
0.0399159
0.0399315
0.0399796
0.0400087
0.0400403
0.0400894
0.0401658
0.0402126
0.0401893
0.0402669
0.0403121
0.0403536
0.0404023
0.0404475
0.040489
0.0405433
0.0406825
0.0407253
0.0407603
0.0408008
0.0408492
0.0409037
0.0409481
0.0409089
0.0409534
0.0410021
0.0410537
0.0411014
0.0411416
0.0411932
0.0412289
0.0412941
0.0413396
0.0414109
0.0414558
0.0415053
0.0415596
0.0415841
0.0416451
0.0416903
0.0417485
0.0417898
0.0418395
0.0418926
0.041928
0.0419732
0.0420265
0.0420568
0.0420724
0.0421236
0.0421694
0.0422175
0.0422623
0.0423273
0.0423735
0.0424229
0.042473
0.0425172
0.0425475
0.0426008
0.0426463
0.0426954
0.0427427
0.0427932
0.0428277
0.0428781
0.042925
0.0429863
0.043025
0.0430722
0.0431146
0.0431681
0.0432203
0.0432777
0.0433246
0.0433701
0.0435135
0.0435522
0.0436086
0.0436636
0.0437213
0.0437608
0.0438233
0.0438805
0.0438298
0.0438871
0.0439275
0.0439682
0.0440058
0.0440652
0.0441192
0.0442095
0.0442569
0.0442829
0.0443398
0.044394
0.0444461
0.0444821
0.0445161
0.044574
0.0446119
0.0446545
0.0447079
0.0447666
0.0448212
0.0448802
0.0449481
0.0449794
0.0450315
0.0450792
0.045153
0.0451939
0.0452404
0.0452952
0.0453457
0.0453945
0.0454571
0.045519
0.0455658
0.0456239
0.0456869
0.0457403
0.0457897
0.0458401
0.0458919
0.0459331
0.0459796
0.0460516
0.0461012
0.0461511
0.0462108
0.0462641
0.0463225
0.0463728
0.0464384
0.0464834
0.0466413
0.0466974
0.0467495
0.046785
0.0467384
0.046895
0.0468527
0.0469085
0.0469349
0.0470055
0.0470273
0.0471011
0.0471566
0.0472138
0.0472655
0.0473384
0.0473988
0.0474531
0.0475094
0.0475607
0.0475926
0.0476522
0.0477053
0.0477684
0.0478242
0.0478837
0.0479334
0.0479945
0.0480507
0.0481154
0.0481736
0.048235
0.0482624
0.0483191
0.0483772
0.0484362
0.0484889
0.0484927
0.0485589
0.0486134
0.0486631
0.048725
0.0487808
0.0488032
0.0488492
0.0489245
0.0489849
0.0490453
0.0490943
0.0491504
0.0492137
0.0492581
0.0493122
0.0493706
0.0494305
0.0494892
0.0495443
0.0495999
0.0497707
0.0498277
0.0498789
0.0499261
0.049996
0.0500668
0.0501145
0.0500574
0.0501177
0.0501957
0.0502451
0.0503065
0.050361
0.0504166
0.0504643
0.0505296
0.0505551
0.0506178
0.0506612
0.0507228
0.0507925
0.0508631
0.0509317
0.0509778
0.0510205
0.051081
0.051145
0.0511921
0.0512408
0.0512835
0.0513239
0.0513831
0.0514615
0.0515294
0.0515799
0.0516312
0.0516966
0.0517786
0.0518067
0.0518178
0.0519491
0.0520125
0.0520733
0.0521347
0.0522024
0.052252
0.0523294
0.0524035
0.052464
0.0525332
0.0525941
0.0526257
0.0526894
0.0527492
0.0528028
0.0528858
0.0530847
0.0531422
0.0532036
0.0532475
0.0533023
0.0532324
0.0533015
0.0533612
0.0534256
0.0534845
0.0535521
0.0536226
0.0536823
0.0537426
0.0537992
0.0538896
0.0539185
0.0539801
0.0540293
0.0540949
0.0541665
0.0542111
0.0543
0.0543494
0.0544576
0.0545194
0.0545869
0.0546291
0.0546684
0.0547426
0.0547973
0.0548485
0.0549279
0.0549934
0.0550394
0.0551127
0.0551692
0.055264
0.055317
0.0553772
0.0554343
0.0554954
0.0555245
0.0555982
0.0556748
0.0557324
0.0557962
0.0558753
0.0559438
0.0559985
0.0560601
0.0561269
0.0561737
0.0562371
0.0562958
0.0565183
0.0565806
0.0566421
0.0567174
0.05666
0.0567302
0.0568033
0.05685
0.0569166
0.0569901
0.0570732
0.0571088
0.0571919
0.0572805
0.0573104
0.057385
0.0574501
0.0573997
0.0575161
0.0576338
0.0577216
0.0578344
0.0578878
0.057924
0.0580017
0.0580846
0.0581464
0.0582064
0.0582785
0.0583585
0.0584069
0.0584796
0.0585734
0.0586501
0.0586783
0.0587445
0.0588197
0.0588916
0.0589607
0.0590241
0.0590912
0.0591556
0.0592264
0.0592899
0.0593878
0.059465
0.0595121
0.0595835
0.0596479
0.059713
0.0597588
0.0598404
0.0599125
0.060148
0.0602377
0.0603059
0.0603911
0.0603054
0.0603861
0.0604688
0.060497
0.0605791
0.0606492
0.0607312
0.0607962
0.0608711
0.0609196
0.0609957
0.0610757
0.0611335
0.0612114
0.061246
0.0613159
0.061398
0.0614817
0.0615651
0.061659
0.0617578
0.0618357
0.0619161
0.0619906
0.0620693
0.0621553
0.0622191
0.0622928
0.06248
0.0625097
0.0626031
0.0625862
0.0627008
0.0627853
0.06286
0.0629259
0.0629984
0.063077
0.0631654
0.0632594
0.0633387
0.0634183
0.0634968
0.0635768
0.0636079
0.0636823
0.0727409
0.0727718
0.0729803
0.0755391
0.0731052
0.0756698
0.0758207
0.0759269
0.0761636
0.0762865
0.0763508
0.0764964
0.0764744
0.0766979
0.0767698
0.0768891
0.0770337
0.0771537
0.0773594
0.0775196
0.077634
0.0776602
0.0778766
0.0779662
0.0782385
0.078496
0.078465
0.0788447
0.0789721
0.0792261
0.079184
0.0793707
0.0796694
0.0797858
0.0800307
0.0801135
0.0802889
0.080515
0.080829
0.0811573
0.109077
0.110067
0.110466
0.111043
0.111899
0.112644
0.112504
0.113634
0.114027
0.114417
0.0990321
0.0987801
0.0994821
0.115994
0.115411
0.115217
0.114588
0.114764
0.115067
0.114592
0.114611
0.11483
0.114694
0.115116
0.115588
0.116283
0.11633
0.116667
0.116872
0.117053
0.117173
0.117837
0.118487
0.118569
0.118973
0.119088
0.119314
0.119725
0.120396
0.120736
0.122021
0.122439
0.123149
0.123991
0.124378
0.1248
0.125658
0.126145
0.126026
0.127345
0.127229
0.127679
0.149541
0.151516
0.119872
0.121118
0.14985
0.149407
0.148153
0.148169
0.147515
0.146539
0.146785
0.14626
0.145046
0.145155
0.145561
0.145381
0.145182
0.144977
0.145214
0.145368
0.145559
0.145028
0.144927
0.146102
0.145645
0.1464
0.146437
0.147118
0.147767
0.148119
0.148861
0.149041
0.149213
0.150086
0.150037
0.150675
0.152088
0.152166
0.1536
0.135409
0.136249
0.11421
0.135097
0.134288
0.134753
0.133097
0.132901
0.132654
0.132204
0.132085
0.131738
0.131037
0.130721
0.130452
0.130272
0.130206
0.130056
0.129753
0.129723
0.12951
0.12971
0.13
0.129857
0.130387
0.129873
0.130294
0.130354
0.130509
0.131021
0.131303
0.131477
0.131785
0.131855
0.132203
0.132541
0.133559
0.104178
0.103969
0.1146
0.114063
0.114076
0.113607
0.113566
0.113142
0.112657
0.112583
0.112532
0.112525
0.112271
0.112298
0.112428
0.112073
0.112163
0.11209
0.112242
0.112
0.112212
0.112119
0.112289
0.112192
0.112293
0.112294
0.11263
0.112675
0.112595
0.113011
0.112954
0.109634
0.101483
0.101192
0.10389
0.103707
0.103464
0.103403
0.103278
0.103139
0.103205
0.103089
0.103171
0.103089
0.103029
0.103091
0.102982
0.103049
0.103133
0.103197
0.103356
0.10333
0.103469
0.103629
0.103613
0.103748
0.103873
0.104002
0.104218
