Determining initial impinging trajectory...
Yhit = -0.275758
Determining lower impingement limit...
IndHit = 99, Yhit = -0.275758, Ymiss = -0.280043
IndHit = 39, Yhit = -0.278355, Ymiss = -0.278398
IndHit = 31, Yhit = -0.278384, Ymiss = -0.278385
Ylower = -0.278384
Determining upper impingement limit...
IndHit = 50, Yhit = -0.188291, Ymiss = -0.186489
IndHit = 17, Yhit = -0.187982, Ymiss = -0.187964
IndHit = 83, Yhit = -0.187967, Ymiss = -0.187966
Yupper = -0.187967
stagPtS = 1.008357, stagPtX = -0.000164, stagPtY = 0.000479
maxiter = 2000
ITER = 0	1000	1000
ITER = 1	1000	1000
ITER = 2	1000	1000
ITER = 3	1000	1000
ITER = 4	1000	1000
ITER = 5	1000	1000
ITER = 6	1000	1000
ITER = 7	1000	1000
ITER = 8	1000	1000
ITER = 9	1000	1000
ITER = 10	1000	1000
ITER = 11	1000	1000
ITER = 12	1000	1000
ITER = 13	1000	1000
ITER = 14	1000	1000
ITER = 15	1000	1000
ITER = 16	1000	1000
ITER = 17	1000	1000
ITER = 18	1000	1000
ITER = 19	1000	1000
ITER = 20	1000	1000
ITER = 21	1000	1000
ITER = 22	1000	1000
ITER = 23	1000	1000
ITER = 24	1000	1000
ITER = 25	1000	1000
ITER = 26	1000	1000
ITER = 27	1000	1000
ITER = 28	1000	1000
ITER = 29	1000	1000
ITER = 30	1000	1000
ITER = 31	1000	1000
ITER = 32	1000	1000
ITER = 33	1000	1000
ITER = 34	1000	1000
ITER = 35	1000	1000
ITER = 36	1000	1000
ITER = 37	1000	1000
ITER = 38	1000	1000
ITER = 39	1000	1000
ITER = 40	1000	1000
ITER = 41	1000	1000
ITER = 42	1000	1000
ITER = 43	1000	1000
ITER = 44	1000	1000
ITER = 45	1000	1000
ITER = 46	1000	1000
ITER = 47	1000	1000
ITER = 48	1000	1000
ITER = 49	1000	1000
ITER = 50	1000	1000
ITER = 51	1000	1000
ITER = 52	1000	1000
ITER = 53	1000	1000
ITER = 54	1000	1000
ITER = 55	1000	1000
ITER = 56	1000	1000
ITER = 57	1000	1000
ITER = 58	1000	1000
ITER = 59	1000	1000
ITER = 60	1000	1000
ITER = 61	1000	1000
ITER = 62	1000	1000
ITER = 63	1000	1000
ITER = 64	1000	1000
ITER = 65	1000	1000
ITER = 66	1000	1000
ITER = 67	1000	1000
ITER = 68	1000	1000
ITER = 69	1000	1000
ITER = 70	1000	1000
ITER = 71	1000	1000
ITER = 72	1000	1000
ITER = 73	1000	1000
ITER = 74	1000	1000
ITER = 75	1000	1000
ITER = 76	1000	1000
ITER = 77	1000	1000
ITER = 78	1000	1000
ITER = 79	1000	1000
ITER = 80	1000	1000
ITER = 81	1000	1000
ITER = 82	1000	1000
ITER = 83	1000	1000
ITER = 84	1000	1000
ITER = 85	1000	1000
ITER = 86	1000	1000
ITER = 87	1000	1000
ITER = 88	1000	1000
ITER = 89	1000	1000
ITER = 90	1000	1000
ITER = 91	1000	1000
ITER = 92	1000	1000
ITER = 93	1000	1000
ITER = 94	1000	1000
ITER = 95	1000	1000
ITER = 96	1000	1000
ITER = 97	1000	1000
ITER = 98	1000	1000
ITER = 99	1000	1000
ITER = 100	1000	1000
ITER = 101	1000	1000
ITER = 102	1000	1000
ITER = 103	1000	1000
ITER = 104	1000	1000
ITER = 105	1000	1000
ITER = 106	1000	1000
ITER = 107	1000	1000
ITER = 108	1000	1000
ITER = 109	1000	1000
ITER = 110	1000	1000
ITER = 111	1000	1000
ITER = 112	1000	1000
ITER = 113	1000	1000
ITER = 114	1000	1000
ITER = 115	1000	1000
ITER = 116	1000	1000
ITER = 117	1000	1000
ITER = 118	1000	1000
ITER = 119	1000	1000
ITER = 120	1000	1000
ITER = 121	1000	1000
ITER = 122	1000	1000
ITER = 123	1000	1000
ITER = 124	1000	1000
ITER = 125	1000	1000
ITER = 126	1000	1000
ITER = 127	1000	1000
ITER = 128	1000	1000
ITER = 129	1000	1000
ITER = 130	1000	1000
ITER = 131	1000	1000
ITER = 132	1000	1000
ITER = 133	1000	1000
ITER = 134	1000	1000
ITER = 135	1000	1000
ITER = 136	1000	1000
ITER = 137	1000	1000
ITER = 138	1000	1000
ITER = 139	1000	1000
ITER = 140	1000	1000
ITER = 141	1000	1000
ITER = 142	1000	1000
ITER = 143	1000	1000
ITER = 144	1000	1000
ITER = 145	1000	1000
ITER = 146	1000	1000
ITER = 147	1000	1000
ITER = 148	1000	1000
ITER = 149	1000	1000
ITER = 150	1000	1000
ITER = 151	1000	1000
ITER = 152	1000	1000
ITER = 153	1000	1000
ITER = 154	1000	1000
ITER = 155	1000	1000
ITER = 156	1000	1000
ITER = 157	1000	1000
ITER = 158	1000	1000
ITER = 159	1000	1000
ITER = 160	1000	1000
ITER = 161	1000	1000
ITER = 162	1000	1000
ITER = 163	1000	1000
ITER = 164	1000	1000
ITER = 165	1000	1000
ITER = 166	1000	1000
ITER = 167	1000	1000
ITER = 168	1000	1000
ITER = 169	1000	1000
ITER = 170	1000	1000
ITER = 171	1000	1000
ITER = 172	1000	1000
ITER = 173	1000	1000
ITER = 174	1000	1000
ITER = 175	1000	1000
ITER = 176	1000	1000
ITER = 177	1000	1000
ITER = 178	1000	1000
ITER = 179	1000	1000
ITER = 180	1000	1000
ITER = 181	1000	1000
ITER = 182	1000	1000
ITER = 183	1000	1000
ITER = 184	1000	1000
ITER = 185	1000	1000
ITER = 186	1000	1000
ITER = 187	1000	1000
ITER = 188	1000	1000
ITER = 189	1000	1000
ITER = 190	1000	1000
ITER = 191	1000	1000
ITER = 192	1000	1000
ITER = 193	1000	1000
ITER = 194	1000	1000
ITER = 195	1000	1000
ITER = 196	1000	1000
ITER = 197	1000	1000
ITER = 198	1000	1000
ITER = 199	1000	1000
ITER = 200	1000	1000
ITER = 201	1000	1000
ITER = 202	1000	1000
ITER = 203	1000	1000
ITER = 204	1000	1000
ITER = 205	1000	1000
ITER = 206	1000	1000
ITER = 207	1000	1000
ITER = 208	1000	1000
ITER = 209	1000	1000
ITER = 210	1000	1000
ITER = 211	1000	1000
ITER = 212	1000	1000
ITER = 213	1000	1000
ITER = 214	1000	1000
ITER = 215	1000	1000
ITER = 216	1000	1000
ITER = 217	1000	1000
ITER = 218	1000	1000
ITER = 219	1000	1000
ITER = 220	1000	1000
ITER = 221	1000	1000
ITER = 222	1000	1000
ITER = 223	1000	1000
ITER = 224	1000	1000
ITER = 225	1000	1000
ITER = 226	1000	1000
ITER = 227	1000	1000
ITER = 228	1000	1000
ITER = 229	1000	1000
ITER = 230	1000	1000
ITER = 231	1000	1000
ITER = 232	1000	1000
ITER = 233	1000	1000
ITER = 234	1000	1000
ITER = 235	1000	1000
ITER = 236	1000	1000
ITER = 237	1000	1000
ITER = 238	1000	1000
ITER = 239	1000	1000
ITER = 240	1000	1000
ITER = 241	1000	1000
ITER = 242	1000	1000
ITER = 243	1000	1000
ITER = 244	1000	1000
ITER = 245	1000	1000
ITER = 246	1000	1000
ITER = 247	1000	1000
ITER = 248	1000	1000
ITER = 249	1000	1000
ITER = 250	1000	1000
ITER = 251	1000	1000
ITER = 252	1000	1000
ITER = 253	1000	1000
ITER = 254	1000	1000
ITER = 255	1000	1000
ITER = 256	1000	1000
ITER = 257	1000	1000
ITER = 258	1000	1000
ITER = 259	1000	1000
ITER = 260	1000	1000
ITER = 261	1000	1000
ITER = 262	1000	1000
ITER = 263	1000	1000
ITER = 264	1000	1000
ITER = 265	1000	1000
ITER = 266	1000	1000
ITER = 267	1000	1000
ITER = 268	1000	1000
ITER = 269	1000	1000
ITER = 270	1000	1000
ITER = 271	1000	1000
ITER = 272	1000	1000
ITER = 273	1000	1000
ITER = 274	1000	1000
ITER = 275	1000	1000
ITER = 276	1000	1000
ITER = 277	1000	1000
ITER = 278	1000	1000
ITER = 279	1000	1000
ITER = 280	1000	1000
ITER = 281	1000	1000
ITER = 282	1000	1000
ITER = 283	1000	1000
ITER = 284	1000	1000
ITER = 285	1000	1000
ITER = 286	1000	1000
ITER = 287	1000	1000
ITER = 288	1000	1000
ITER = 289	1000	1000
ITER = 290	1000	1000
ITER = 291	1000	1000
ITER = 292	1000	1000
ITER = 293	1000	1000
ITER = 294	1000	1000
ITER = 295	1000	1000
ITER = 296	1000	1000
ITER = 297	1000	1000
ITER = 298	1000	1000
ITER = 299	1000	1000
ITER = 300	1000	1000
ITER = 301	1000	1000
ITER = 302	1000	1000
ITER = 303	1000	1000
ITER = 304	1000	1000
ITER = 305	1000	1000
ITER = 306	1000	1000
ITER = 307	1000	1000
ITER = 308	1000	1000
ITER = 309	1000	1000
ITER = 310	1000	1000
ITER = 311	1000	1000
ITER = 312	1000	1000
ITER = 313	1000	1000
ITER = 314	1000	1000
ITER = 315	1000	1000
ITER = 316	1000	1000
ITER = 317	1000	1000
ITER = 318	1000	1000
ITER = 319	1000	1000
ITER = 320	1000	1000
ITER = 321	1000	1000
ITER = 322	1000	1000
ITER = 323	1000	1000
ITER = 324	1000	1000
ITER = 325	1000	1000
ITER = 326	1000	1000
ITER = 327	1000	1000
ITER = 328	1000	1000
ITER = 329	1000	1000
ITER = 330	1000	1000
ITER = 331	1000	1000
ITER = 332	1000	1000
ITER = 333	1000	1000
ITER = 334	1000	1000
ITER = 335	1000	1000
ITER = 336	1000	1000
ITER = 337	1000	1000
ITER = 338	1000	1000
ITER = 339	1000	1000
ITER = 340	1000	1000
ITER = 341	1000	1000
ITER = 342	1000	1000
ITER = 343	1000	1000
ITER = 344	1000	1000
ITER = 345	1000	1000
ITER = 346	1000	1000
ITER = 347	1000	1000
ITER = 348	1000	1000
ITER = 349	1000	1000
ITER = 350	1000	1000
ITER = 351	1000	1000
ITER = 352	1000	1000
ITER = 353	1000	1000
ITER = 354	1000	1000
ITER = 355	1000	1000
ITER = 356	1000	1000
ITER = 357	1000	1000
ITER = 358	1000	1000
ITER = 359	1000	1000
ITER = 360	1000	1000
ITER = 361	1000	1000
ITER = 362	1000	1000
ITER = 363	1000	1000
ITER = 364	1000	1000
ITER = 365	1000	1000
ITER = 366	1000	1000
ITER = 367	1000	1000
ITER = 368	1000	1000
ITER = 369	1000	1000
ITER = 370	1000	1000
ITER = 371	1000	1000
ITER = 372	1000	1000
ITER = 373	1000	1000
ITER = 374	1000	1000
ITER = 375	1000	1000
ITER = 376	1000	1000
ITER = 377	1000	1000
ITER = 378	1000	1000
ITER = 379	1000	1000
ITER = 380	1000	1000
ITER = 381	1000	1000
ITER = 382	1000	1000
ITER = 383	1000	1000
ITER = 384	1000	1000
ITER = 385	1000	1000
ITER = 386	1000	1000
ITER = 387	1000	1000
ITER = 388	1000	1000
ITER = 389	1000	1000
ITER = 390	1000	1000
ITER = 391	1000	1000
ITER = 392	1000	1000
ITER = 393	1000	1000
ITER = 394	1000	1000
ITER = 395	1000	1000
ITER = 396	1000	1000
ITER = 397	1000	1000
ITER = 398	1000	1000
ITER = 399	1000	1000
ITER = 400	1000	1000
ITER = 401	1000	1000
ITER = 402	1000	1000
ITER = 403	1000	1000
ITER = 404	1000	1000
ITER = 405	1000	1000
ITER = 406	1000	1000
ITER = 407	1000	1000
ITER = 408	1000	1000
ITER = 409	1000	1000
ITER = 410	1000	1000
ITER = 411	1000	1000
ITER = 412	1000	1000
ITER = 413	1000	1000
ITER = 414	1000	1000
ITER = 415	1000	1000
ITER = 416	1000	1000
ITER = 417	1000	1000
ITER = 418	1000	1000
ITER = 419	1000	1000
ITER = 420	1000	1000
ITER = 421	1000	1000
ITER = 422	1000	1000
ITER = 423	1000	1000
ITER = 424	1000	1000
ITER = 425	1000	1000
ITER = 426	1000	1000
ITER = 427	1000	1000
ITER = 428	1000	1000
ITER = 429	1000	1000
ITER = 430	1000	1000
ITER = 431	1000	1000
ITER = 432	1000	1000
ITER = 433	1000	1000
ITER = 434	1000	1000
ITER = 435	1000	1000
ITER = 436	1000	1000
ITER = 437	1000	1000
ITER = 438	1000	1000
ITER = 439	1000	1000
ITER = 440	1000	1000
ITER = 441	1000	1000
ITER = 442	1000	1000
ITER = 443	1000	1000
ITER = 444	1000	1000
ITER = 445	1000	1000
ITER = 446	1000	1000
ITER = 447	1000	1000
ITER = 448	1000	1000
ITER = 449	1000	1000
ITER = 450	1000	1000
ITER = 451	1000	1000
ITER = 452	1000	1000
ITER = 453	1000	1000
ITER = 454	1000	1000
ITER = 455	1000	1000
ITER = 456	1000	1000
ITER = 457	1000	1000
ITER = 458	1000	1000
ITER = 459	1000	1000
ITER = 460	1000	1000
ITER = 461	1000	1000
ITER = 462	1000	1000
ITER = 463	1000	1000
ITER = 464	1000	1000
ITER = 465	1000	1000
ITER = 466	1000	1000
ITER = 467	1000	1000
ITER = 468	1000	1000
ITER = 469	1000	1000
ITER = 470	1000	1000
ITER = 471	1000	1000
ITER = 472	1000	1000
ITER = 473	1000	1000
ITER = 474	1000	1000
ITER = 475	1000	1000
ITER = 476	1000	1000
ITER = 477	1000	1000
ITER = 478	1000	1000
ITER = 479	1000	1000
ITER = 480	1000	1000
ITER = 481	1000	1000
ITER = 482	1000	1000
ITER = 483	1000	1000
ITER = 484	1000	1000
ITER = 485	1000	1000
ITER = 486	1000	1000
ITER = 487	1000	1000
ITER = 488	1000	1000
ITER = 489	1000	1000
ITER = 490	1000	1000
ITER = 491	1000	1000
ITER = 492	1000	1000
ITER = 493	1000	1000
ITER = 494	1000	1000
ITER = 495	1000	1000
ITER = 496	1000	1000
ITER = 497	1000	1000
ITER = 498	1000	1000
ITER = 499	1000	1000
ITER = 500	1000	1000
ITER = 501	1000	1000
ITER = 502	1000	1000
ITER = 503	1000	1000
ITER = 504	1000	1000
ITER = 505	1000	1000
ITER = 506	1000	1000
ITER = 507	1000	1000
ITER = 508	1000	1000
ITER = 509	1000	1000
ITER = 510	1000	1000
ITER = 511	1000	1000
ITER = 512	1000	1000
ITER = 513	1000	1000
ITER = 514	1000	1000
ITER = 515	1000	1000
ITER = 516	1000	1000
ITER = 517	1000	1000
ITER = 518	1000	1000
ITER = 519	1000	1000
ITER = 520	1000	1000
ITER = 521	1000	1000
ITER = 522	1000	1000
ITER = 523	1000	1000
ITER = 524	1000	1000
ITER = 525	1000	1000
ITER = 526	1000	1000
ITER = 527	1000	1000
ITER = 528	1000	1000
ITER = 529	1000	1000
ITER = 530	1000	1000
ITER = 531	1000	1000
ITER = 532	1000	1000
ITER = 533	1000	1000
ITER = 534	1000	1000
ITER = 535	1000	1000
ITER = 536	1000	1000
ITER = 537	1000	1000
ITER = 538	1000	1000
ITER = 539	1000	1000
ITER = 540	1000	1000
ITER = 541	1000	1000
ITER = 542	1000	1000
ITER = 543	1000	1000
ITER = 544	1000	1000
ITER = 545	1000	1000
ITER = 546	1000	1000
ITER = 547	1000	1000
ITER = 548	1000	1000
ITER = 549	1000	1000
ITER = 550	1000	1000
ITER = 551	1000	1000
ITER = 552	1000	1000
ITER = 553	1000	1000
ITER = 554	1000	1000
ITER = 555	1000	1000
ITER = 556	1000	1000
ITER = 557	1000	1000
ITER = 558	1000	1000
ITER = 559	1000	1000
ITER = 560	1000	1000
ITER = 561	1000	1000
ITER = 562	1000	1000
ITER = 563	1000	1000
ITER = 564	1000	1000
ITER = 565	1000	1000
ITER = 566	1000	1000
ITER = 567	1000	1000
ITER = 568	1000	1000
ITER = 569	1000	1000
ITER = 570	1000	1000
ITER = 571	1000	1000
ITER = 572	1000	1000
ITER = 573	1000	1000
ITER = 574	1000	1000
ITER = 575	1000	1000
ITER = 576	1000	1000
ITER = 577	1000	1000
ITER = 578	1000	1000
ITER = 579	1000	1000
ITER = 580	1000	1000
ITER = 581	1000	1000
ITER = 582	1000	1000
ITER = 583	1000	1000
ITER = 584	1000	1000
ITER = 585	1000	1000
ITER = 586	1000	1000
ITER = 587	1000	1000
ITER = 588	1000	1000
ITER = 589	1000	1000
ITER = 590	1000	1000
ITER = 591	1000	1000
ITER = 592	1000	1000
ITER = 593	1000	1000
ITER = 594	1000	1000
ITER = 595	1000	1000
ITER = 596	1000	1000
ITER = 597	1000	1000
ITER = 598	1000	1000
ITER = 599	1000	1000
ITER = 600	1000	1000
ITER = 601	1000	1000
ITER = 602	1000	1000
ITER = 603	1000	1000
ITER = 604	1000	1000
ITER = 605	1000	1000
ITER = 606	1000	1000
ITER = 607	1000	1000
ITER = 608	1000	1000
ITER = 609	1000	1000
ITER = 610	1000	1000
ITER = 611	1000	1000
ITER = 612	1000	1000
ITER = 613	1000	1000
ITER = 614	1000	1000
ITER = 615	1000	1000
ITER = 616	1000	1000
ITER = 617	1000	1000
ITER = 618	1000	1000
ITER = 619	1000	1000
ITER = 620	1000	1000
ITER = 621	1000	1000
ITER = 622	1000	1000
ITER = 623	1000	1000
ITER = 624	1000	1000
ITER = 625	1000	1000
ITER = 626	1000	1000
ITER = 627	1000	1000
ITER = 628	1000	1000
ITER = 629	1000	1000
ITER = 630	1000	1000
ITER = 631	1000	1000
ITER = 632	1000	1000
ITER = 633	1000	1000
ITER = 634	1000	1000
ITER = 635	1000	1000
ITER = 636	1000	1000
ITER = 637	1000	1000
ITER = 638	1000	1000
ITER = 639	1000	1000
ITER = 640	1000	1000
ITER = 641	1000	1000
ITER = 642	1000	1000
ITER = 643	1000	1000
ITER = 644	1000	1000
ITER = 645	1000	1000
ITER = 646	1000	1000
ITER = 647	1000	1000
ITER = 648	1000	1000
ITER = 649	1000	1000
ITER = 650	1000	1000
ITER = 651	1000	1000
ITER = 652	1000	1000
ITER = 653	1000	1000
ITER = 654	1000	1000
ITER = 655	1000	1000
ITER = 656	1000	1000
ITER = 657	1000	1000
ITER = 658	1000	1000
ITER = 659	1000	1000
ITER = 660	1000	1000
ITER = 661	1000	1000
ITER = 662	1000	1000
ITER = 663	1000	1000
ITER = 664	1000	1000
ITER = 665	1000	1000
ITER = 666	1000	1000
ITER = 667	1000	1000
ITER = 668	1000	1000
ITER = 669	1000	1000
ITER = 670	1000	1000
ITER = 671	1000	1000
ITER = 672	1000	1000
ITER = 673	1000	1000
ITER = 674	1000	1000
ITER = 675	1000	1000
ITER = 676	1000	1000
ITER = 677	1000	1000
ITER = 678	1000	1000
ITER = 679	1000	1000
ITER = 680	1000	1000
ITER = 681	1000	1000
ITER = 682	1000	1000
ITER = 683	1000	1000
ITER = 684	1000	1000
ITER = 685	1000	1000
ITER = 686	1000	1000
ITER = 687	1000	1000
ITER = 688	1000	1000
ITER = 689	1000	1000
ITER = 690	1000	1000
ITER = 691	1000	1000
ITER = 692	1000	1000
ITER = 693	1000	1000
ITER = 694	1000	1000
ITER = 695	1000	1000
ITER = 696	1000	1000
ITER = 697	1000	1000
ITER = 698	1000	1000
ITER = 699	1000	1000
ITER = 700	1000	1000
ITER = 701	1000	1000
ITER = 702	1000	1000
ITER = 703	1000	1000
ITER = 704	1000	1000
ITER = 705	1000	1000
ITER = 706	1000	1000
ITER = 707	1000	1000
ITER = 708	1000	1000
ITER = 709	1000	1000
ITER = 710	1000	1000
ITER = 711	1000	1000
ITER = 712	1000	1000
ITER = 713	1000	1000
ITER = 714	1000	1000
ITER = 715	1000	1000
ITER = 716	1000	1000
ITER = 717	1000	1000
ITER = 718	1000	1000
ITER = 719	1000	1000
ITER = 720	1000	1000
ITER = 721	1000	1000
ITER = 722	1000	1000
ITER = 723	1000	1000
ITER = 724	1000	1000
ITER = 725	1000	1000
ITER = 726	1000	1000
ITER = 727	1000	1000
ITER = 728	1000	1000
ITER = 729	1000	1000
ITER = 730	1000	1000
ITER = 731	1000	1000
ITER = 732	1000	1000
ITER = 733	1000	1000
ITER = 734	1000	1000
ITER = 735	1000	1000
ITER = 736	1000	1000
ITER = 737	1000	1000
ITER = 738	1000	1000
ITER = 739	1000	1000
ITER = 740	1000	1000
ITER = 741	1000	1000
ITER = 742	1000	1000
ITER = 743	1000	1000
ITER = 744	1000	1000
ITER = 745	1000	1000
ITER = 746	1000	1000
ITER = 747	1000	1000
ITER = 748	1000	1000
ITER = 749	1000	1000
ITER = 750	1000	1000
ITER = 751	1000	1000
ITER = 752	1000	1000
ITER = 753	1000	1000
ITER = 754	1000	1000
ITER = 755	1000	1000
ITER = 756	1000	1000
ITER = 757	1000	1000
ITER = 758	1000	1000
ITER = 759	1000	1000
ITER = 760	1000	1000
ITER = 761	1000	1000
ITER = 762	1000	1000
ITER = 763	1000	1000
ITER = 764	1000	1000
ITER = 765	1000	1000
ITER = 766	1000	1000
ITER = 767	1000	1000
ITER = 768	1000	1000
ITER = 769	1000	1000
ITER = 770	1000	1000
ITER = 771	1000	1000
ITER = 772	1000	1000
ITER = 773	1000	1000
ITER = 774	1000	1000
ITER = 775	1000	1000
ITER = 776	1000	1000
ITER = 777	1000	1000
ITER = 778	1000	1000
ITER = 779	1000	1000
ITER = 780	1000	1000
ITER = 781	1000	1000
ITER = 782	1000	1000
ITER = 783	1000	1000
ITER = 784	1000	1000
ITER = 785	1000	1000
ITER = 786	1000	1000
ITER = 787	1000	1000
ITER = 788	1000	1000
ITER = 789	1000	1000
ITER = 790	1000	1000
ITER = 791	1000	1000
ITER = 792	1000	1000
ITER = 793	1000	1000
ITER = 794	1000	1000
ITER = 795	1000	1000
ITER = 796	1000	1000
ITER = 797	1000	1000
ITER = 798	1000	1000
ITER = 799	1000	1000
ITER = 800	1000	1000
ITER = 801	1000	1000
ITER = 802	1000	1000
ITER = 803	1000	1000
ITER = 804	1000	1000
ITER = 805	1000	1000
ITER = 806	1000	1000
ITER = 807	1000	1000
ITER = 808	1000	1000
ITER = 809	1000	1000
ITER = 810	1000	1000
ITER = 811	1400	1000
ITER = 812	2300	1396
ITER = 813	2900	2287
ITER = 814	3100	2881
ITER = 815	3500	3079
ITER = 816	3900	3475
ITER = 817	4400	3871
ITER = 818	4700	4366
ITER = 819	4900	4663
ITER = 820	5200	4861
ITER = 821	5400	5158
ITER = 822	5600	5356
ITER = 823	5900	5554
ITER = 824	6100	5851
ITER = 825	6200	6049
ITER = 826	6400	6148
ITER = 827	6600	6346
ITER = 828	6800	6544
ITER = 829	7400	6742
ITER = 830	7700	7336
ITER = 831	7800	7633
ITER = 832	8000	7732
ITER = 833	8300	7930
ITER = 834	8500	8227
ITER = 835	8600	8425
ITER = 836	8800	8524
ITER = 837	8900	8722
ITER = 838	9000	8821
ITER = 839	9000	8920
ITER = 840	9300	8920
ITER = 841	9500	9217
ITER = 842	9700	9415
ITER = 843	9700	9613
ITER = 844	9900	9613
ITER = 845	10100	9811
ITER = 846	10300	10009
ITER = 847	10400	10207
ITER = 848	10400	10306
ITER = 849	10400	10306
ITER = 850	10500	10306
ITER = 851	10500	10405
ITER = 852	10700	10405
ITER = 853	10800	10603
ITER = 854	11000	10702
ITER = 855	11100	10900
ITER = 856	11100	10999
ITER = 857	11300	10999
ITER = 858	11300	11197
ITER = 859	11600	11197
ITER = 860	11800	11494
ITER = 861	11900	11692
ITER = 862	12081	11791
ITER = 863	12081	11970
ITER = 864	12281	11970
ITER = 865	12381	12168
ITER = 866	12481	12267
ITER = 867	12481	12366
ITER = 868	12581	12366
ITER = 869	12781	12465
ITER = 870	12881	12663
ITER = 871	13081	12762
ITER = 872	13081	12960
ITER = 873	13081	12960
ITER = 874	13081	12960
ITER = 875	13081	12960
ITER = 876	13181	12960
ITER = 877	13381	13059
ITER = 878	13381	13257
ITER = 879	13481	13257
ITER = 880	13757	13356
ITER = 881	13941	13629
ITER = 882	14033	13811
ITER = 883	14125	13902
ITER = 884	14125	13993
ITER = 885	14296	13992
ITER = 886	14438	14161
ITER = 887	14509	14301
ITER = 888	14793	14371
ITER = 889	14793	14651
ITER = 890	14793	14651
ITER = 891	14838	14651
ITER = 892	14838	14693
ITER = 893	14838	14692
ITER = 894	14973	14692
ITER = 895	14973	14824
ITER = 896	14994	14824
ITER = 897	15015	14843
ITER = 898	15036	14863
ITER = 899	15036	14883
ITER = 900	15078	14883
ITER = 901	15099	14923
ITER = 902	15099	14942
ITER = 903	15099	14941
ITER = 904	15099	14940
ITER = 905	15099	14939
ITER = 906	15099	14937
ITER = 907	15099	14937
ITER = 908	15099	14937
ITER = 909	15099	14937
ITER = 910	15099	14937
ITER = 911	15099	14935
ITER = 912	15099	14935
ITER = 913	15099	14935
ITER = 914	15099	14933
ITER = 915	15099	14930
ITER = 916	15099	14930
ITER = 917	15099	14930
ITER = 918	15099	14929
ITER = 919	15099	14927
ITER = 920	15099	14927
ITER = 921	15099	14924
ITER = 922	15099	14921
ITER = 923	15099	14918
ITER = 924	15099	14917
ITER = 925	15099	14913
ITER = 926	15099	14912
ITER = 927	15099	14909
ITER = 928	15099	14905
ITER = 929	15099	14898
ITER = 930	15099	14897
ITER = 931	15099	14894
ITER = 932	15099	14890
ITER = 933	15099	14890
ITER = 934	15099	14888
ITER = 935	15099	14888
ITER = 936	15099	14886
ITER = 937	15099	14883
ITER = 938	15099	14883
ITER = 939	15099	14883
ITER = 940	15099	14881
ITER = 941	15099	14877
ITER = 942	15099	14876
ITER = 943	15099	14876
ITER = 944	15099	14871
ITER = 945	15099	14870
ITER = 946	15099	14869
ITER = 947	15099	14865
ITER = 948	15099	14861
ITER = 949	15099	14858
ITER = 950	15099	14858
ITER = 951	15099	14854
ITER = 952	15099	14853
ITER = 953	15099	14852
ITER = 954	15099	14851
ITER = 955	15099	14846
ITER = 956	15099	14846
ITER = 957	15099	14841
ITER = 958	15099	14840
ITER = 959	15099	14838
ITER = 960	15099	14834
ITER = 961	15099	14831
ITER = 962	15099	14825
ITER = 963	15099	14822
ITER = 964	15099	14820
ITER = 965	15099	14818
ITER = 966	15099	14816
ITER = 967	15099	14814
ITER = 968	15099	14812
ITER = 969	15099	14809
ITER = 970	15099	14807
ITER = 971	15099	14807
ITER = 972	15099	14806
ITER = 973	15099	14806
ITER = 974	15099	14804
ITER = 975	15099	14803
ITER = 976	15099	14803
ITER = 977	15099	14801
ITER = 978	15099	14800
ITER = 979	15099	14798
ITER = 980	15099	14797
ITER = 981	15099	14794
ITER = 982	15099	14792
ITER = 983	15099	14785
ITER = 984	15099	14783
ITER = 985	15099	14781
ITER = 986	15099	14781
ITER = 987	15099	14778
ITER = 988	15099	14777
ITER = 989	15099	14777
ITER = 990	15099	14776
ITER = 991	15099	14775
ITER = 992	15099	14773
ITER = 993	15099	14773
ITER = 994	15099	14771
ITER = 995	15099	14769
ITER = 996	15099	14769
ITER = 997	15099	14768
ITER = 998	15099	14766
ITER = 999	15099	14758
ITER = 1000	15099	14757
ITER = 1001	15099	14753
ITER = 1002	15099	14749
ITER = 1003	15099	14748
ITER = 1004	15099	14748
ITER = 1005	15099	14743
ITER = 1006	15099	14743
ITER = 1007	15099	14741
ITER = 1008	15099	14740
ITER = 1009	15099	14740
ITER = 1010	15099	14736
ITER = 1011	15099	14736
ITER = 1012	15099	14735
ITER = 1013	15099	14735
ITER = 1014	15099	14732
ITER = 1015	15099	14731
ITER = 1016	15099	14729
ITER = 1017	15099	14728
ITER = 1018	15099	14727
ITER = 1019	15099	14722
ITER = 1020	15099	14720
ITER = 1021	15099	14718
ITER = 1022	15099	14716
ITER = 1023	15099	14713
ITER = 1024	15099	14711
ITER = 1025	15099	14708
ITER = 1026	15099	14703
ITER = 1027	15099	14702
ITER = 1028	15099	14698
ITER = 1029	15099	14695
ITER = 1030	15099	14695
ITER = 1031	15099	14695
ITER = 1032	15099	14694
ITER = 1033	15099	14692
ITER = 1034	15099	14690
ITER = 1035	15099	14689
ITER = 1036	15099	14687
ITER = 1037	15099	14687
ITER = 1038	15099	14685
ITER = 1039	15099	14684
ITER = 1040	15099	14684
ITER = 1041	15099	14683
ITER = 1042	15099	14681
ITER = 1043	15099	14679
ITER = 1044	15099	14677
ITER = 1045	15099	14670
ITER = 1046	15099	14667
ITER = 1047	15099	14664
ITER = 1048	15099	14664
ITER = 1049	15099	14663
ITER = 1050	15099	14660
ITER = 1051	15099	14660
ITER = 1052	15099	14660
ITER = 1053	15099	14660
ITER = 1054	15099	14658
ITER = 1055	15099	14657
ITER = 1056	15099	14656
ITER = 1057	15099	14655
ITER = 1058	15099	14655
ITER = 1059	15099	14654
ITER = 1060	15099	14652
ITER = 1061	15099	14650
ITER = 1062	15099	14647
ITER = 1063	15099	14647
ITER = 1064	15099	14641
ITER = 1065	15099	14639
ITER = 1066	15099	14638
ITER = 1067	15099	14633
ITER = 1068	15099	14632
ITER = 1069	15099	14627
ITER = 1070	15099	14625
ITER = 1071	15099	14620
ITER = 1072	15099	14619
ITER = 1073	15099	14617
ITER = 1074	15099	14616
ITER = 1075	15099	14615
ITER = 1076	15099	14615
ITER = 1077	15099	14615
ITER = 1078	15099	14614
ITER = 1079	15099	14612
ITER = 1080	15099	14611
ITER = 1081	15099	14611
ITER = 1082	15099	14610
ITER = 1083	15099	14608
ITER = 1084	15099	14606
ITER = 1085	15099	14605
ITER = 1086	15099	14603
ITER = 1087	15099	14602
ITER = 1088	15099	14600
ITER = 1089	15099	14597
ITER = 1090	15099	14594
ITER = 1091	15099	14593
ITER = 1092	15099	14593
ITER = 1093	15099	14592
ITER = 1094	15099	14590
ITER = 1095	15099	14588
ITER = 1096	15099	14588
ITER = 1097	15099	14586
ITER = 1098	15099	14585
ITER = 1099	15099	14585
ITER = 1100	15099	14584
ITER = 1101	15099	14584
ITER = 1102	15099	14584
ITER = 1103	15099	14581
ITER = 1104	15099	14580
ITER = 1105	15099	14580
ITER = 1106	15099	14579
ITER = 1107	15099	14576
ITER = 1108	15099	14576
ITER = 1109	15099	14575
ITER = 1110	15099	14573
ITER = 1111	15099	14573
ITER = 1112	15099	14572
ITER = 1113	15099	14570
ITER = 1114	15099	14570
ITER = 1115	15099	14570
ITER = 1116	15099	14568
ITER = 1117	15099	14566
ITER = 1118	15099	14564
ITER = 1119	15099	14564
ITER = 1120	15099	14563
ITER = 1121	15099	14562
ITER = 1122	15099	14560
ITER = 1123	15099	14558
ITER = 1124	15099	14556
ITER = 1125	15099	14555
ITER = 1126	15099	14555
ITER = 1127	15099	14555
ITER = 1128	15099	14555
ITER = 1129	15099	14554
ITER = 1130	15099	14552
ITER = 1131	15099	14551
ITER = 1132	15099	14550
ITER = 1133	15099	14549
ITER = 1134	15099	14548
ITER = 1135	15099	14546
ITER = 1136	15099	14545
ITER = 1137	15099	14544
ITER = 1138	15099	14540
ITER = 1139	15099	14540
ITER = 1140	15099	14538
ITER = 1141	15099	14537
ITER = 1142	15099	14533
ITER = 1143	15099	14530
ITER = 1144	15099	14527
ITER = 1145	15099	14526
ITER = 1146	15099	14526
ITER = 1147	15099	14526
ITER = 1148	15099	14525
ITER = 1149	15099	14524
ITER = 1150	15099	14523
ITER = 1151	15099	14523
ITER = 1152	15099	14521
ITER = 1153	15099	14521
ITER = 1154	15099	14520
ITER = 1155	15099	14520
ITER = 1156	15099	14520
ITER = 1157	15099	14518
ITER = 1158	15099	14518
ITER = 1159	15099	14517
ITER = 1160	15099	14516
ITER = 1161	15099	14516
ITER = 1162	15099	14513
ITER = 1163	15099	14512
ITER = 1164	15099	14512
ITER = 1165	15099	14512
ITER = 1166	15099	14512
ITER = 1167	15099	14512
ITER = 1168	15099	14512
ITER = 1169	15099	14511
ITER = 1170	15099	14509
ITER = 1171	15099	14508
ITER = 1172	15099	14506
ITER = 1173	15099	14505
ITER = 1174	15099	14505
ITER = 1175	15099	14504
ITER = 1176	15099	14503
ITER = 1177	15099	14503
ITER = 1178	15099	14502
ITER = 1179	15099	14499
ITER = 1180	15099	14498
ITER = 1181	15099	14498
ITER = 1182	15099	14497
ITER = 1183	15099	14497
ITER = 1184	15099	14497
ITER = 1185	15099	14496
ITER = 1186	15099	14494
ITER = 1187	15099	14493
ITER = 1188	15099	14492
ITER = 1189	15099	14492
ITER = 1190	15099	14492
ITER = 1191	15099	14492
ITER = 1192	15099	14489
ITER = 1193	15099	14486
ITER = 1194	15099	14484
ITER = 1195	15099	14483
ITER = 1196	15099	14483
ITER = 1197	15099	14483
ITER = 1198	15099	14483
ITER = 1199	15099	14483
ITER = 1200	15099	14483
ITER = 1201	15099	14482
ITER = 1202	15099	14481
ITER = 1203	15099	14479
ITER = 1204	15099	14479
ITER = 1205	15099	14478
ITER = 1206	15099	14478
ITER = 1207	15099	14478
ITER = 1208	15099	14477
ITER = 1209	15099	14477
ITER = 1210	15099	14476
ITER = 1211	15099	14476
ITER = 1212	15099	14473
ITER = 1213	15099	14473
ITER = 1214	15099	14473
ITER = 1215	15099	14470
ITER = 1216	15099	14468
ITER = 1217	15099	14468
ITER = 1218	15099	14467
ITER = 1219	15099	14467
ITER = 1220	15099	14466
ITER = 1221	15099	14466
ITER = 1222	15099	14466
ITER = 1223	15099	14465
ITER = 1224	15099	14465
ITER = 1225	15099	14464
ITER = 1226	15099	14464
ITER = 1227	15099	14464
ITER = 1228	15099	14463
ITER = 1229	15099	14461
ITER = 1230	15099	14460
ITER = 1231	15099	14458
ITER = 1232	15099	14457
ITER = 1233	15099	14457
ITER = 1234	15099	14456
ITER = 1235	15099	14455
ITER = 1236	15099	14454
ITER = 1237	15099	14454
ITER = 1238	15099	14454
ITER = 1239	15099	14454
ITER = 1240	15099	14453
ITER = 1241	15099	14452
ITER = 1242	15099	14452
ITER = 1243	15099	14451
ITER = 1244	15099	14447
ITER = 1245	15099	14445
ITER = 1246	15099	14445
ITER = 1247	15099	14444
ITER = 1248	15099	14444
ITER = 1249	15099	14444
ITER = 1250	15099	14442
ITER = 1251	15099	14442
ITER = 1252	15099	14441
ITER = 1253	15099	14439
ITER = 1254	15099	14439
ITER = 1255	15099	14438
ITER = 1256	15099	14438
ITER = 1257	15099	14438
ITER = 1258	15099	14438
ITER = 1259	15099	14436
ITER = 1260	15099	14436
ITER = 1261	15099	14436
ITER = 1262	15099	14435
ITER = 1263	15099	14434
ITER = 1264	15099	14434
ITER = 1265	15099	14432
ITER = 1266	15099	14430
ITER = 1267	15099	14430
ITER = 1268	15099	14430
ITER = 1269	15099	14429
ITER = 1270	15099	14429
ITER = 1271	15099	14427
ITER = 1272	15099	14426
ITER = 1273	15099	14424
ITER = 1274	15099	14421
ITER = 1275	15099	14421
ITER = 1276	15099	14421
ITER = 1277	15099	14421
ITER = 1278	15099	14420
ITER = 1279	15099	14418
ITER = 1280	15099	14416
ITER = 1281	15099	14415
ITER = 1282	15099	14412
ITER = 1283	15099	14412
ITER = 1284	15099	14411
ITER = 1285	15099	14408
ITER = 1286	15099	14406
ITER = 1287	15099	14405
ITER = 1288	15099	14405
ITER = 1289	15099	14398
ITER = 1290	15099	14398
ITER = 1291	15099	14396
ITER = 1292	15099	14395
ITER = 1293	15099	14394
ITER = 1294	15099	14393
ITER = 1295	15099	14391
ITER = 1296	15099	14389
ITER = 1297	15099	14385
ITER = 1298	15099	14373
ITER = 1299	15099	14371
ITER = 1300	15099	14371
ITER = 1301	15099	14370
ITER = 1302	15099	14368
ITER = 1303	15099	14366
ITER = 1304	15099	14364
ITER = 1305	15099	14363
ITER = 1306	15099	14363
ITER = 1307	15099	14363
ITER = 1308	15099	14362
ITER = 1309	15099	14360
ITER = 1310	15099	14360
ITER = 1311	15099	14360
ITER = 1312	15099	14360
ITER = 1313	15099	14360
ITER = 1314	15099	14360
ITER = 1315	15099	14359
ITER = 1316	15099	14359
ITER = 1317	15099	14356
ITER = 1318	15099	14356
ITER = 1319	15099	14353
ITER = 1320	15099	14353
ITER = 1321	15099	14352
ITER = 1322	15099	14351
ITER = 1323	15099	14350
ITER = 1324	15099	14349
ITER = 1325	15099	14348
ITER = 1326	15099	14348
ITER = 1327	15099	14348
ITER = 1328	15099	14347
ITER = 1329	15099	14347
ITER = 1330	15099	14345
ITER = 1331	15099	14345
ITER = 1332	15099	14343
ITER = 1333	15099	14342
ITER = 1334	15099	14340
ITER = 1335	15099	14340
ITER = 1336	15099	14340
ITER = 1337	15099	14339
ITER = 1338	15099	14338
ITER = 1339	15099	14338
ITER = 1340	15099	14336
ITER = 1341	15099	14335
ITER = 1342	15099	14335
ITER = 1343	15099	14335
ITER = 1344	15099	14333
ITER = 1345	15099	14333
ITER = 1346	15099	14331
ITER = 1347	15099	14330
ITER = 1348	15099	14329
ITER = 1349	15099	14327
ITER = 1350	15099	14327
ITER = 1351	15099	14327
ITER = 1352	15099	14325
ITER = 1353	15099	14325
ITER = 1354	15099	14324
ITER = 1355	15099	14320
ITER = 1356	15099	14320
ITER = 1357	15099	14318
ITER = 1358	15099	14318
ITER = 1359	15099	14317
ITER = 1360	15099	14316
ITER = 1361	15099	14316
ITER = 1362	15099	14316
ITER = 1363	15099	14316
ITER = 1364	15099	14314
ITER = 1365	15099	14314
ITER = 1366	15099	14314
ITER = 1367	15099	14312
ITER = 1368	15099	14312
ITER = 1369	15099	14311
ITER = 1370	15099	14310
ITER = 1371	15099	14310
ITER = 1372	15099	14309
ITER = 1373	15099	14309
ITER = 1374	15099	14309
ITER = 1375	15099	14309
ITER = 1376	15099	14309
ITER = 1377	15099	14307
ITER = 1378	15099	14307
ITER = 1379	15099	14307
ITER = 1380	15099	14307
ITER = 1381	15099	14306
ITER = 1382	15099	14306
ITER = 1383	15099	14305
ITER = 1384	15099	14304
ITER = 1385	15099	14304
ITER = 1386	15099	14304
ITER = 1387	15099	14302
ITER = 1388	15099	14302
ITER = 1389	15099	14302
ITER = 1390	15099	14301
ITER = 1391	15099	14301
ITER = 1392	15099	14301
ITER = 1393	15099	14301
ITER = 1394	15099	14301
ITER = 1395	15099	14300
ITER = 1396	15099	14300
ITER = 1397	15099	14300
ITER = 1398	15099	14300
ITER = 1399	15099	14300
ITER = 1400	15099	14299
ITER = 1401	15099	14298
ITER = 1402	15099	14298
ITER = 1403	15099	14298
ITER = 1404	15099	14298
ITER = 1405	15099	14298
ITER = 1406	15099	14297
ITER = 1407	15099	14297
ITER = 1408	15099	14297
ITER = 1409	15099	14296
ITER = 1410	15099	14296
ITER = 1411	15099	14296
ITER = 1412	15099	14294
ITER = 1413	15099	14294
ITER = 1414	15099	14294
ITER = 1415	15099	14293
ITER = 1416	15099	14292
ITER = 1417	15099	14292
ITER = 1418	15099	14292
ITER = 1419	15099	14292
ITER = 1420	15099	14292
ITER = 1421	15099	14290
ITER = 1422	15099	14288
ITER = 1423	15099	14288
ITER = 1424	15099	14287
ITER = 1425	15099	14287
ITER = 1426	15099	14287
ITER = 1427	15099	14286
ITER = 1428	15099	14286
ITER = 1429	15099	14285
ITER = 1430	15099	14285
ITER = 1431	15099	14285
ITER = 1432	15099	14285
ITER = 1433	15099	14283
ITER = 1434	15099	14282
ITER = 1435	15099	14282
ITER = 1436	15099	14282
ITER = 1437	15099	14280
ITER = 1438	15099	14280
ITER = 1439	15099	14280
ITER = 1440	15099	14279
ITER = 1441	15099	14279
ITER = 1442	15099	14279
ITER = 1443	15099	14279
ITER = 1444	15099	14278
ITER = 1445	15099	14278
ITER = 1446	15099	14278
ITER = 1447	15099	14278
ITER = 1448	15099	14276
ITER = 1449	15099	14273
ITER = 1450	15099	14272
ITER = 1451	15099	14272
ITER = 1452	15099	14271
ITER = 1453	15099	14271
ITER = 1454	15099	14271
ITER = 1455	15099	14271
ITER = 1456	15099	14271
ITER = 1457	15099	14271
ITER = 1458	15099	14271
ITER = 1459	15099	14270
ITER = 1460	15099	14270
ITER = 1461	15099	14270
ITER = 1462	15099	14269
ITER = 1463	15099	14268
ITER = 1464	15099	14268
ITER = 1465	15099	14268
ITER = 1466	15099	14266
ITER = 1467	15099	14266
ITER = 1468	15099	14265
ITER = 1469	15099	14263
ITER = 1470	15099	14263
ITER = 1471	15099	14263
ITER = 1472	15099	14262
ITER = 1473	15099	14261
ITER = 1474	15099	14261
ITER = 1475	15099	14261
ITER = 1476	15099	14260
ITER = 1477	15099	14260
ITER = 1478	15099	14259
ITER = 1479	15099	14257
ITER = 1480	15099	14256
ITER = 1481	15099	14256
ITER = 1482	15099	14256
ITER = 1483	15099	14255
ITER = 1484	15099	14254
ITER = 1485	15099	14254
ITER = 1486	15099	14245
ITER = 1487	15099	14244
ITER = 1488	15099	14244
ITER = 1489	15099	14244
ITER = 1490	15099	14243
ITER = 1491	15099	14243
ITER = 1492	15099	14243
ITER = 1493	15099	14243
ITER = 1494	15099	14243
ITER = 1495	15099	14243
ITER = 1496	15099	14243
ITER = 1497	15099	14243
ITER = 1498	15099	14243
ITER = 1499	15099	14243
ITER = 1500	15099	14243
ITER = 1501	15099	14243
ITER = 1502	15099	14242
ITER = 1503	15099	14242
ITER = 1504	15099	14242
ITER = 1505	15099	14242
ITER = 1506	15099	14241
ITER = 1507	15099	14241
ITER = 1508	15099	14241
ITER = 1509	15099	14241
ITER = 1510	15099	14241
ITER = 1511	15099	14241
ITER = 1512	15099	14240
ITER = 1513	15099	14240
ITER = 1514	15099	14239
ITER = 1515	15099	14239
ITER = 1516	15099	14239
ITER = 1517	15099	14239
ITER = 1518	15099	14239
ITER = 1519	15099	14239
ITER = 1520	15099	14239
ITER = 1521	15099	14238
ITER = 1522	15099	14237
ITER = 1523	15099	14237
ITER = 1524	15099	14237
ITER = 1525	15099	14237
ITER = 1526	15099	14237
ITER = 1527	15099	14237
ITER = 1528	15099	14237
ITER = 1529	15099	14237
ITER = 1530	15099	14237
ITER = 1531	15099	14237
ITER = 1532	15099	14237
ITER = 1533	15099	14236
ITER = 1534	15099	14236
ITER = 1535	15099	14236
ITER = 1536	15099	14236
ITER = 1537	15099	14236
ITER = 1538	15099	14235
ITER = 1539	15099	14235
ITER = 1540	15099	14235
ITER = 1541	15099	14235
ITER = 1542	15099	14235
ITER = 1543	15099	14235
ITER = 1544	15099	14235
ITER = 1545	15099	14234
ITER = 1546	15099	14234
ITER = 1547	15099	14234
ITER = 1548	15099	14234
ITER = 1549	15099	14234
ITER = 1550	15099	14233
ITER = 1551	15099	14232
ITER = 1552	15099	14232
ITER = 1553	15099	14232
ITER = 1554	15099	14232
ITER = 1555	15099	14231
ITER = 1556	15099	14230
ITER = 1557	15099	14230
ITER = 1558	15099	14230
ITER = 1559	15099	14230
ITER = 1560	15099	14230
ITER = 1561	15099	14230
ITER = 1562	15099	14229
ITER = 1563	15099	14229
ITER = 1564	15099	14227
ITER = 1565	15099	14227
ITER = 1566	15099	14227
ITER = 1567	15099	14226
ITER = 1568	15099	14224
ITER = 1569	15099	14224
ITER = 1570	15099	14223
ITER = 1571	15099	14223
ITER = 1572	15099	14223
ITER = 1573	15099	14223
ITER = 1574	15099	14223
ITER = 1575	15099	14222
ITER = 1576	15099	14221
ITER = 1577	15099	14221
ITER = 1578	15099	14219
ITER = 1579	15099	14219
ITER = 1580	15099	14219
ITER = 1581	15099	14218
ITER = 1582	15099	14218
ITER = 1583	15099	14217
ITER = 1584	15099	14217
ITER = 1585	15099	14216
ITER = 1586	15099	14215
ITER = 1587	15099	14215
ITER = 1588	15099	14215
ITER = 1589	15099	14215
ITER = 1590	15099	14215
ITER = 1591	15099	14215
ITER = 1592	15099	14214
ITER = 1593	15099	14213
ITER = 1594	15099	14213
ITER = 1595	15099	14212
ITER = 1596	15099	14212
ITER = 1597	15099	14212
ITER = 1598	15099	14211
ITER = 1599	15099	14211
ITER = 1600	15099	14210
ITER = 1601	15099	14210
ITER = 1602	15099	14209
ITER = 1603	15099	14208
ITER = 1604	15099	14208
ITER = 1605	15099	14206
ITER = 1606	15099	14205
ITER = 1607	15099	14204
ITER = 1608	15099	14203
ITER = 1609	15099	14203
ITER = 1610	15099	14202
ITER = 1611	15099	14201
ITER = 1612	15099	14201
ITER = 1613	15099	14200
ITER = 1614	15099	14200
ITER = 1615	15099	14200
ITER = 1616	15099	14200
ITER = 1617	15099	14199
ITER = 1618	15099	14199
ITER = 1619	15099	14199
ITER = 1620	15099	14199
ITER = 1621	15099	14198
ITER = 1622	15099	14198
ITER = 1623	15099	14198
ITER = 1624	15099	14198
ITER = 1625	15099	14198
ITER = 1626	15099	14198
ITER = 1627	15099	14197
ITER = 1628	15099	14197
ITER = 1629	15099	14196
ITER = 1630	15099	14195
ITER = 1631	15099	14193
ITER = 1632	15099	14192
ITER = 1633	15099	14186
ITER = 1634	15099	14185
ITER = 1635	15099	14182
ITER = 1636	15099	14182
ITER = 1637	15099	14182
ITER = 1638	15099	14182
ITER = 1639	15099	14181
ITER = 1640	15099	14179
ITER = 1641	15099	14178
ITER = 1642	15099	14177
ITER = 1643	15099	14177
ITER = 1644	15099	14175
ITER = 1645	15099	14175
ITER = 1646	15099	14175
ITER = 1647	15099	14172
ITER = 1648	15099	14172
ITER = 1649	15099	14169
ITER = 1650	15099	14169
ITER = 1651	15099	14167
ITER = 1652	15099	14165
ITER = 1653	15099	14164
ITER = 1654	15099	14163
ITER = 1655	15099	14162
ITER = 1656	15099	14162
ITER = 1657	15099	14160
ITER = 1658	15099	14160
ITER = 1659	15099	14160
ITER = 1660	15099	14160
ITER = 1661	15099	14159
ITER = 1662	15099	14159
ITER = 1663	15099	14158
ITER = 1664	15099	14157
ITER = 1665	15099	14154
ITER = 1666	15099	14154
ITER = 1667	15099	14154
ITER = 1668	15099	14153
ITER = 1669	15099	14152
ITER = 1670	15099	14151
ITER = 1671	15099	14149
ITER = 1672	15099	14149
ITER = 1673	15099	14146
ITER = 1674	15099	14142
ITER = 1675	15099	14140
ITER = 1676	15099	14140
ITER = 1677	15099	14138
ITER = 1678	15099	14138
ITER = 1679	15099	14138
ITER = 1680	15099	14137
ITER = 1681	15099	14135
ITER = 1682	15099	14135
ITER = 1683	15099	14134
ITER = 1684	15099	14130
ITER = 1685	15099	14125
ITER = 1686	15099	14125
ITER = 1687	15099	14123
ITER = 1688	15099	14123
ITER = 1689	15099	14123
ITER = 1690	15099	14121
ITER = 1691	15099	14117
ITER = 1692	15099	14115
ITER = 1693	15099	14112
ITER = 1694	15099	14111
ITER = 1695	15099	14111
ITER = 1696	15099	14109
ITER = 1697	15099	14108
ITER = 1698	15099	14108
ITER = 1699	15099	14105
ITER = 1700	15099	14103
ITER = 1701	15099	14101
ITER = 1702	15099	14099
ITER = 1703	15099	14096
ITER = 1704	15099	14093
ITER = 1705	15099	14089
ITER = 1706	15099	14088
ITER = 1707	15099	14086
ITER = 1708	15099	14083
ITER = 1709	15099	14080
ITER = 1710	15099	14077
ITER = 1711	15099	14074
ITER = 1712	15099	14071
ITER = 1713	15099	14069
ITER = 1714	15099	14069
ITER = 1715	15099	14068
ITER = 1716	15099	14065
ITER = 1717	15099	14061
ITER = 1718	15099	14058
ITER = 1719	15099	14056
ITER = 1720	15099	14051
ITER = 1721	15099	14048
ITER = 1722	15099	14046
ITER = 1723	15099	14043
ITER = 1724	15099	14040
ITER = 1725	15099	14040
ITER = 1726	15099	14039
ITER = 1727	15099	14035
ITER = 1728	15099	14035
ITER = 1729	15099	14035
ITER = 1730	15099	14034
ITER = 1731	15099	14032
ITER = 1732	15099	14028
ITER = 1733	15099	14025
ITER = 1734	15099	14023
ITER = 1735	15099	14021
ITER = 1736	15099	14018
ITER = 1737	15099	14016
ITER = 1738	15099	14016
ITER = 1739	15099	14015
ITER = 1740	15099	14011
ITER = 1741	15099	14010
ITER = 1742	15099	14006
ITER = 1743	15099	14005
ITER = 1744	15099	14004
ITER = 1745	15099	14001
ITER = 1746	15099	13999
ITER = 1747	15099	13999
ITER = 1748	15099	13996
ITER = 1749	15099	13994
ITER = 1750	15099	13993
ITER = 1751	15099	13991
ITER = 1752	15099	13988
ITER = 1753	15099	13985
ITER = 1754	15099	13983
ITER = 1755	15099	13977
ITER = 1756	15099	13975
ITER = 1757	15099	13973
ITER = 1758	15099	13970
ITER = 1759	15099	13966
ITER = 1760	15099	13964
ITER = 1761	15099	13964
ITER = 1762	15099	13963
ITER = 1763	15099	13961
ITER = 1764	15099	13958
ITER = 1765	15099	13954
ITER = 1766	15099	13951
ITER = 1767	15099	13951
ITER = 1768	15099	13950
ITER = 1769	15099	13949
ITER = 1770	15099	13948
ITER = 1771	15099	13948
ITER = 1772	15099	13946
ITER = 1773	15099	13944
ITER = 1774	15099	13944
ITER = 1775	15099	13941
ITER = 1776	15099	13939
ITER = 1777	15099	13938
ITER = 1778	15099	13936
ITER = 1779	15099	13933
ITER = 1780	15099	13931
ITER = 1781	15099	13928
ITER = 1782	15099	13926
ITER = 1783	15099	13925
ITER = 1784	15099	13924
ITER = 1785	15099	13922
ITER = 1786	15099	13919
ITER = 1787	15099	13916
ITER = 1788	15099	13912
ITER = 1789	15099	13912
ITER = 1790	15099	13911
ITER = 1791	15099	13909
ITER = 1792	15099	13909
ITER = 1793	15099	13906
ITER = 1794	15099	13902
ITER = 1795	15099	13902
ITER = 1796	15099	13902
ITER = 1797	15099	13900
ITER = 1798	15099	13897
ITER = 1799	15099	13894
ITER = 1800	15099	13892
ITER = 1801	15099	13887
ITER = 1802	15099	13886
ITER = 1803	15099	13885
ITER = 1804	15099	13878
ITER = 1805	15099	13877
ITER = 1806	15099	13875
ITER = 1807	15099	13874
ITER = 1808	15099	13869
ITER = 1809	15099	13867
ITER = 1810	15099	13866
ITER = 1811	15099	13865
ITER = 1812	15099	13861
ITER = 1813	15099	13859
ITER = 1814	15099	13858
ITER = 1815	15099	13857
ITER = 1816	15099	13852
ITER = 1817	15099	13847
ITER = 1818	15099	13840
ITER = 1819	15099	13838
ITER = 1820	15099	13836
ITER = 1821	15099	13833
ITER = 1822	15099	13832
ITER = 1823	15099	13826
ITER = 1824	15099	13824
ITER = 1825	15099	13821
ITER = 1826	15099	13817
ITER = 1827	15099	13816
ITER = 1828	15099	13814
ITER = 1829	15099	13813
ITER = 1830	15099	13807
ITER = 1831	15099	13802
ITER = 1832	15099	13799
ITER = 1833	15099	13792
ITER = 1834	15099	13726
ITER = 1835	15099	13705
ITER = 1836	15099	13697
ITER = 1837	15099	13693
ITER = 1838	15099	13690
ITER = 1839	15099	13686
ITER = 1840	15099	13681
ITER = 1841	15099	13674
ITER = 1842	15099	13673
ITER = 1843	15099	13671
ITER = 1844	15099	13671
ITER = 1845	15099	13668
ITER = 1846	15099	13663
ITER = 1847	15099	13661
ITER = 1848	15099	13655
ITER = 1849	15099	13654
ITER = 1850	15099	13651
ITER = 1851	15099	13650
ITER = 1852	15099	13649
ITER = 1853	15099	13646
ITER = 1854	15099	13643
ITER = 1855	15099	13639
ITER = 1856	15099	13637
ITER = 1857	15099	13632
ITER = 1858	15099	13626
ITER = 1859	15099	13623
ITER = 1860	15099	13622
ITER = 1861	15099	13622
ITER = 1862	15099	13618
ITER = 1863	15099	13613
ITER = 1864	15099	13611
ITER = 1865	15099	13610
ITER = 1866	15099	13604
ITER = 1867	15099	13600
ITER = 1868	15099	13597
ITER = 1869	15099	13594
ITER = 1870	15099	13592
ITER = 1871	15099	13588
ITER = 1872	15099	13583
ITER = 1873	15099	13580
ITER = 1874	15099	13578
ITER = 1875	15099	13575
ITER = 1876	15099	13568
ITER = 1877	15099	13563
ITER = 1878	15099	13560
ITER = 1879	15099	13558
ITER = 1880	15099	13554
ITER = 1881	15099	13552
ITER = 1882	15099	13547
ITER = 1883	15099	13545
ITER = 1884	15099	13540
ITER = 1885	15099	13537
ITER = 1886	15099	13532
ITER = 1887	15099	13530
ITER = 1888	15099	13529
ITER = 1889	15099	13527
ITER = 1890	15099	13524
ITER = 1891	15099	13520
ITER = 1892	15099	13519
ITER = 1893	15099	13517
ITER = 1894	15099	13513
ITER = 1895	15099	13506
ITER = 1896	15099	13504
ITER = 1897	15099	13502
ITER = 1898	15099	13493
ITER = 1899	15099	13488
ITER = 1900	15099	13483
ITER = 1901	15099	13481
ITER = 1902	15099	13479
ITER = 1903	15099	13471
ITER = 1904	15099	13466
ITER = 1905	15099	13464
ITER = 1906	15099	13460
ITER = 1907	15099	13456
ITER = 1908	15099	13454
ITER = 1909	15099	13450
ITER = 1910	15099	13447
ITER = 1911	15099	13440
ITER = 1912	15099	13432
ITER = 1913	15099	13428
ITER = 1914	15099	13422
ITER = 1915	15099	13420
ITER = 1916	15099	13416
ITER = 1917	15099	13415
ITER = 1918	15099	13408
ITER = 1919	15099	13406
ITER = 1920	15099	13405
ITER = 1921	15099	13400
ITER = 1922	15099	13392
ITER = 1923	15099	13385
ITER = 1924	15099	13379
ITER = 1925	15099	13374
ITER = 1926	15099	13366
ITER = 1927	15099	13364
ITER = 1928	15099	13361
ITER = 1929	15099	13357
ITER = 1930	15099	13350
ITER = 1931	15099	13347
ITER = 1932	15099	13346
ITER = 1933	15099	13341
ITER = 1934	15099	13338
ITER = 1935	15099	13336
ITER = 1936	15099	13332
ITER = 1937	15099	13331
ITER = 1938	15099	13329
ITER = 1939	15099	13326
ITER = 1940	15099	13322
ITER = 1941	15099	13317
ITER = 1942	15099	13316
ITER = 1943	15099	13314
ITER = 1944	15099	13312
ITER = 1945	15099	13308
ITER = 1946	15099	13304
ITER = 1947	15099	13301
ITER = 1948	15099	13297
ITER = 1949	15099	13291
ITER = 1950	15099	13285
ITER = 1951	15099	13277
ITER = 1952	15099	13273
ITER = 1953	15099	13270
ITER = 1954	15099	13266
ITER = 1955	15099	13256
ITER = 1956	15099	13249
ITER = 1957	15099	13246
ITER = 1958	15099	13241
ITER = 1959	15099	13239
ITER = 1960	15099	13233
ITER = 1961	15099	13229
ITER = 1962	15099	13226
ITER = 1963	15099	13224
ITER = 1964	15099	13220
ITER = 1965	15099	13215
ITER = 1966	15099	13212
ITER = 1967	15099	13210
ITER = 1968	15099	13207
ITER = 1969	15099	13204
ITER = 1970	15099	13198
ITER = 1971	15099	13196
ITER = 1972	15099	13191
ITER = 1973	15099	13190
ITER = 1974	15099	13186
ITER = 1975	15099	13183
ITER = 1976	15099	13175
ITER = 1977	15099	13169
ITER = 1978	15099	13167
ITER = 1979	15099	13161
ITER = 1980	15099	13157
ITER = 1981	15099	13155
ITER = 1982	15099	13149
ITER = 1983	15099	13145
ITER = 1984	15099	13140
ITER = 1985	15099	13134
ITER = 1986	15099	13129
ITER = 1987	15099	13124
ITER = 1988	15099	13115
ITER = 1989	15099	13110
ITER = 1990	15099	13107
ITER = 1991	15099	13102
ITER = 1992	15099	13098
ITER = 1993	15099	13094
ITER = 1994	15099	13091
ITER = 1995	15099	13086
ITER = 1996	15099	13081
ITER = 1997	15099	13078
ITER = 1998	15099	13066
ITER = 1999	15099	13063
