-0.253995
-0.252997
-0.251998
-0.251
-0.250002
-0.249003
-0.248005
-0.247007
-0.246008
-0.24501
-0.244012
-0.243013
-0.242015
-0.241017
-0.240018
-0.23902
-0.238022
-0.237023
-0.236025
-0.235027
-0.234028
-0.23303
-0.232032
-0.231033
-0.230035
-0.229037
-0.228038
-0.22704
-0.226042
-0.225043
-0.224045
-0.223047
-0.222048
-0.22105
-0.220052
-0.219053
-0.218055
-0.217057
-0.216058
-0.21506
-0.214062
-0.213063
-0.212065
-0.211067
-0.210068
-0.20907
-0.208072
-0.207073
-0.206075
-0.205077
-0.204078
-0.20308
-0.202082
-0.201083
-0.200085
-0.199087
-0.198088
-0.19709
-0.196092
-0.195093
-0.194095
-0.193097
-0.192098
-0.1911
-0.190102
-0.189103
-0.188105
-0.187107
-0.186108
-0.18511
-0.184112
-0.183113
-0.182115
-0.181117
-0.180118
-0.17912
-0.178122
-0.177123
-0.176125
-0.175127
-0.174128
-0.17313
-0.172132
-0.171133
-0.170135
-0.169137
-0.168138
-0.16714
-0.166141
-0.165143
-0.164145
-0.163146
-0.162148
-0.16115
-0.160151
-0.159153
-0.158155
-0.157156
-0.156158
-0.15516
-0.154161
-0.153163
-0.152165
-0.151166
-0.150168
-0.14917
-0.148171
-0.147173
-0.146175
-0.145176
-0.144178
-0.14318
-0.142181
-0.141183
-0.140185
-0.139186
-0.138188
-0.13719
-0.136191
-0.135193
-0.134195
-0.133196
-0.132198
-0.1312
-0.130201
-0.129203
-0.128205
-0.127206
-0.126208
-0.12521
-0.124211
-0.123213
-0.122215
-0.121216
-0.120218
-0.11922
-0.118221
-0.117223
-0.116225
-0.115226
-0.114228
-0.11323
-0.112231
-0.111233
-0.110235
-0.109236
-0.108238
-0.10724
-0.106241
-0.105243
-0.104245
-0.103246
-0.102248
-0.10125
-0.100251
-0.0992529
-0.0982546
-0.0972563
-0.0962579
-0.0952596
-0.0942612
-0.0932629
-0.0922646
-0.0912662
-0.0902679
-0.0892696
-0.0882712
-0.0872729
-0.0862745
-0.0852762
-0.0842779
-0.0832795
-0.0822812
-0.0812829
-0.0802845
-0.0792862
-0.0782879
-0.0772895
-0.0762912
-0.0752928
-0.0742945
-0.0732962
-0.0722978
-0.0712995
-0.0703012
-0.0693028
-0.0683045
-0.0673061
-0.0663078
-0.0653095
-0.0643111
-0.0633128
-0.0623145
-0.0613161
-0.0603178
-0.0593195
-0.0583211
-0.0573228
-0.0563244
-0.0553261
-0.0543278
-0.0533294
-0.0523311
-0.0513328
-0.0503344
-0.0493361
-0.0483377
-0.0473394
-0.0463411
-0.0453427
-0.0443444
-0.0433461
-0.0423477
-0.0413494
-0.0403511
-0.0393527
-0.0383544
-0.037356
-0.0363577
-0.0353594
-0.034361
-0.0333627
-0.0323644
-0.031366
-0.0303677
-0.0293693
-0.028371
-0.0273727
-0.0263743
-0.025376
-0.0243777
-0.0233793
-0.022381
-0.0213827
-0.0203843
-0.019386
-0.0183876
-0.0173893
-0.016391
-0.0153926
-0.0143943
-0.013396
-0.0123976
-0.0113993
-0.0104009
-0.00940261
-0.00840427
-0.00740593
-0.0064076
-0.00540926
-0.00441092
-0.00341259
-0.00241425
-0.00141591
-0.000417577
0.00058076
0.0015791
0.00257743
0.00357577
0.00457411
0.00557244
0.00657078
0.00756912
0.00856746
0.00956579
0.0105641
0.0115625
0.0125608
0.0135591
0.0145575
0.0155558
0.0165542
0.0175525
0.0185508
0.0195492
0.0205475
0.0215458
0.0225442
0.0235425
0.0245408
0.0255392
0.0265375
0.0275359
0.0285342
0.0295325
0.0305309
0.0315292
0.0325275
0.0335259
0.0345242
0.0355226
0.0365209
0.0375192
0.0385176
0.0395159
0.0405142
0.0415126
0.0425109
0.0435092
0.0445076
0.0455059
0.0465043
0.0475026
0.0485009
0.0494993
0.0504976
0.0514959
0.0524943
0.0534926
0.054491
0.0554893
0.0564876
0.057486
0.0584843
0.0594826
0.060481
0.0614793
0.0624776
0.063476
0.0644743
0.0654727
0.066471
0.0674693
0.0684677
0.069466
0.0704643
0.0714627
0.072461
0.0734594
0.0744577
0.075456
0.0764544
0.0774527
0.078451
0.0794494
0.0804477
0.081446
0.0824444
0.0834427
0.0844411
0.0854394
0.0864377
0.0874361
0.0884344
0.0894327
0.0904311
0.0914294
0.0924278
0.0934261
0.0944244
0.0954228
0.0964211
0.0974194
0.0984178
0.0994161
0.100414
0.101413
0.102411
0.103409
0.104408
0.105406
0.106404
0.107403
0.108401
0.109399
0.110398
0.111396
0.112394
0.113393
0.114391
0.115389
0.116388
0.117386
0.118385
0.119383
0.120381
0.12138
0.122378
0.123376
0.124375
0.125373
0.126371
0.12737
0.128368
0.129366
0.130365
0.131363
0.132361
0.13336
0.134358
0.135356
0.136355
0.137353
0.138351
0.13935
0.140348
0.141346
0.142345
0.143343
0.144341
0.14534
0.146338
0.147336
0.148335
0.149333
0.150331
0.15133
0.152328
0.153326
0.154325
0.155323
0.156321
0.15732
0.158318
0.159316
0.160315
0.161313
0.162311
