Determining initial impinging trajectory...
Yhit = -0.275758
Determining lower impingement limit...
IndHit = 99, Yhit = -0.275758, Ymiss = -0.280043
IndHit = 22, Yhit = -0.279091, Ymiss = -0.279134
IndHit = 0, Yhit = -0.279134, Ymiss = -0.279134
Ylower = -0.279134
Determining upper impingement limit...
IndHit = 51, Yhit = -0.186853, Ymiss = -0.185043
IndHit = 27, Yhit = -0.186359, Ymiss = -0.186341
IndHit = 73, Yhit = -0.186346, Ymiss = -0.186346
Yupper = -0.186346
stagPtS = 1.008357, stagPtX = -0.000164, stagPtY = 0.000479
maxiter = 2000
ITER = 0	1000	1000
ITER = 1	1000	1000
ITER = 2	1000	1000
ITER = 3	1000	1000
ITER = 4	1000	1000
ITER = 5	1000	1000
ITER = 6	1000	1000
ITER = 7	1000	1000
ITER = 8	1000	1000
ITER = 9	1000	1000
ITER = 10	1000	1000
ITER = 11	1000	1000
ITER = 12	1000	1000
ITER = 13	1000	1000
ITER = 14	1000	1000
ITER = 15	1000	1000
ITER = 16	1000	1000
ITER = 17	1000	1000
ITER = 18	1000	1000
ITER = 19	1000	1000
ITER = 20	1000	1000
ITER = 21	1000	1000
ITER = 22	1000	1000
ITER = 23	1000	1000
ITER = 24	1000	1000
ITER = 25	1000	1000
ITER = 26	1000	1000
ITER = 27	1000	1000
ITER = 28	1000	1000
ITER = 29	1000	1000
ITER = 30	1000	1000
ITER = 31	1000	1000
ITER = 32	1000	1000
ITER = 33	1000	1000
ITER = 34	1000	1000
ITER = 35	1000	1000
ITER = 36	1000	1000
ITER = 37	1000	1000
ITER = 38	1000	1000
ITER = 39	1000	1000
ITER = 40	1000	1000
ITER = 41	1000	1000
ITER = 42	1000	1000
ITER = 43	1000	1000
ITER = 44	1000	1000
ITER = 45	1000	1000
ITER = 46	1000	1000
ITER = 47	1000	1000
ITER = 48	1000	1000
ITER = 49	1000	1000
ITER = 50	1000	1000
ITER = 51	1000	1000
ITER = 52	1000	1000
ITER = 53	1000	1000
ITER = 54	1000	1000
ITER = 55	1000	1000
ITER = 56	1000	1000
ITER = 57	1000	1000
ITER = 58	1000	1000
ITER = 59	1000	1000
ITER = 60	1000	1000
ITER = 61	1000	1000
ITER = 62	1000	1000
ITER = 63	1000	1000
ITER = 64	1000	1000
ITER = 65	1000	1000
ITER = 66	1000	1000
ITER = 67	1000	1000
ITER = 68	1000	1000
ITER = 69	1000	1000
ITER = 70	1000	1000
ITER = 71	1000	1000
ITER = 72	1000	1000
ITER = 73	1000	1000
ITER = 74	1000	1000
ITER = 75	1000	1000
ITER = 76	1000	1000
ITER = 77	1000	1000
ITER = 78	1000	1000
ITER = 79	1000	1000
ITER = 80	1000	1000
ITER = 81	1000	1000
ITER = 82	1000	1000
ITER = 83	1000	1000
ITER = 84	1000	1000
ITER = 85	1000	1000
ITER = 86	1000	1000
ITER = 87	1000	1000
ITER = 88	1000	1000
ITER = 89	1000	1000
ITER = 90	1000	1000
ITER = 91	1000	1000
ITER = 92	1000	1000
ITER = 93	1000	1000
ITER = 94	1000	1000
ITER = 95	1000	1000
ITER = 96	1000	1000
ITER = 97	1000	1000
ITER = 98	1000	1000
ITER = 99	1000	1000
ITER = 100	1000	1000
ITER = 101	1000	1000
ITER = 102	1000	1000
ITER = 103	1000	1000
ITER = 104	1000	1000
ITER = 105	1000	1000
ITER = 106	1000	1000
ITER = 107	1000	1000
ITER = 108	1000	1000
ITER = 109	1000	1000
ITER = 110	1000	1000
ITER = 111	1000	1000
ITER = 112	1000	1000
ITER = 113	1000	1000
ITER = 114	1000	1000
ITER = 115	1000	1000
ITER = 116	1000	1000
ITER = 117	1000	1000
ITER = 118	1000	1000
ITER = 119	1000	1000
ITER = 120	1000	1000
ITER = 121	1000	1000
ITER = 122	1000	1000
ITER = 123	1000	1000
ITER = 124	1000	1000
ITER = 125	1000	1000
ITER = 126	1000	1000
ITER = 127	1000	1000
ITER = 128	1000	1000
ITER = 129	1000	1000
ITER = 130	1000	1000
ITER = 131	1000	1000
ITER = 132	1000	1000
ITER = 133	1000	1000
ITER = 134	1000	1000
ITER = 135	1000	1000
ITER = 136	1000	1000
ITER = 137	1000	1000
ITER = 138	1000	1000
ITER = 139	1000	1000
ITER = 140	1000	1000
ITER = 141	1000	1000
ITER = 142	1000	1000
ITER = 143	1000	1000
ITER = 144	1000	1000
ITER = 145	1000	1000
ITER = 146	1000	1000
ITER = 147	1000	1000
ITER = 148	1000	1000
ITER = 149	1000	1000
ITER = 150	1000	1000
ITER = 151	1000	1000
ITER = 152	1000	1000
ITER = 153	1000	1000
ITER = 154	1000	1000
ITER = 155	1000	1000
ITER = 156	1000	1000
ITER = 157	1000	1000
ITER = 158	1000	1000
ITER = 159	1000	1000
ITER = 160	1000	1000
ITER = 161	1000	1000
ITER = 162	1000	1000
ITER = 163	1000	1000
ITER = 164	1000	1000
ITER = 165	1000	1000
ITER = 166	1000	1000
ITER = 167	1000	1000
ITER = 168	1000	1000
ITER = 169	1000	1000
ITER = 170	1000	1000
ITER = 171	1000	1000
ITER = 172	1000	1000
ITER = 173	1000	1000
ITER = 174	1000	1000
ITER = 175	1000	1000
ITER = 176	1000	1000
ITER = 177	1000	1000
ITER = 178	1000	1000
ITER = 179	1000	1000
ITER = 180	1000	1000
ITER = 181	1000	1000
ITER = 182	1000	1000
ITER = 183	1000	1000
ITER = 184	1000	1000
ITER = 185	1000	1000
ITER = 186	1000	1000
ITER = 187	1000	1000
ITER = 188	1000	1000
ITER = 189	1000	1000
ITER = 190	1000	1000
ITER = 191	1000	1000
ITER = 192	1000	1000
ITER = 193	1000	1000
ITER = 194	1000	1000
ITER = 195	1000	1000
ITER = 196	1000	1000
ITER = 197	1000	1000
ITER = 198	1000	1000
ITER = 199	1000	1000
ITER = 200	1000	1000
ITER = 201	1000	1000
ITER = 202	1000	1000
ITER = 203	1000	1000
ITER = 204	1000	1000
ITER = 205	1000	1000
ITER = 206	1000	1000
ITER = 207	1000	1000
ITER = 208	1000	1000
ITER = 209	1000	1000
ITER = 210	1000	1000
ITER = 211	1000	1000
ITER = 212	1000	1000
ITER = 213	1000	1000
ITER = 214	1000	1000
ITER = 215	1000	1000
ITER = 216	1000	1000
ITER = 217	1000	1000
ITER = 218	1000	1000
ITER = 219	1000	1000
ITER = 220	1000	1000
ITER = 221	1000	1000
ITER = 222	1000	1000
ITER = 223	1000	1000
ITER = 224	1000	1000
ITER = 225	1000	1000
ITER = 226	1000	1000
ITER = 227	1000	1000
ITER = 228	1000	1000
ITER = 229	1000	1000
ITER = 230	1000	1000
ITER = 231	1000	1000
ITER = 232	1000	1000
ITER = 233	1000	1000
ITER = 234	1000	1000
ITER = 235	1000	1000
ITER = 236	1000	1000
ITER = 237	1000	1000
ITER = 238	1000	1000
ITER = 239	1000	1000
ITER = 240	1000	1000
ITER = 241	1000	1000
ITER = 242	1000	1000
ITER = 243	1000	1000
ITER = 244	1000	1000
ITER = 245	1000	1000
ITER = 246	1000	1000
ITER = 247	1000	1000
ITER = 248	1000	1000
ITER = 249	1000	1000
ITER = 250	1000	1000
ITER = 251	1000	1000
ITER = 252	1000	1000
ITER = 253	1000	1000
ITER = 254	1000	1000
ITER = 255	1000	1000
ITER = 256	1000	1000
ITER = 257	1000	1000
ITER = 258	1000	1000
ITER = 259	1000	1000
ITER = 260	1000	1000
ITER = 261	1000	1000
ITER = 262	1000	1000
ITER = 263	1000	1000
ITER = 264	1000	1000
ITER = 265	1000	1000
ITER = 266	1000	1000
ITER = 267	1000	1000
ITER = 268	1000	1000
ITER = 269	1000	1000
ITER = 270	1000	1000
ITER = 271	1000	1000
ITER = 272	1000	1000
ITER = 273	1000	1000
ITER = 274	1000	1000
ITER = 275	1000	1000
ITER = 276	1000	1000
ITER = 277	1000	1000
ITER = 278	1000	1000
ITER = 279	1000	1000
ITER = 280	1000	1000
ITER = 281	1000	1000
ITER = 282	1000	1000
ITER = 283	1000	1000
ITER = 284	1000	1000
ITER = 285	1000	1000
ITER = 286	1000	1000
ITER = 287	1000	1000
ITER = 288	1000	1000
ITER = 289	1000	1000
ITER = 290	1000	1000
ITER = 291	1000	1000
ITER = 292	1000	1000
ITER = 293	1000	1000
ITER = 294	1000	1000
ITER = 295	1000	1000
ITER = 296	1000	1000
ITER = 297	1000	1000
ITER = 298	1000	1000
ITER = 299	1000	1000
ITER = 300	1000	1000
ITER = 301	1000	1000
ITER = 302	1000	1000
ITER = 303	1000	1000
ITER = 304	1000	1000
ITER = 305	1000	1000
ITER = 306	1000	1000
ITER = 307	1000	1000
ITER = 308	1000	1000
ITER = 309	1000	1000
ITER = 310	1000	1000
ITER = 311	1000	1000
ITER = 312	1000	1000
ITER = 313	1000	1000
ITER = 314	1000	1000
ITER = 315	1000	1000
ITER = 316	1000	1000
ITER = 317	1000	1000
ITER = 318	1000	1000
ITER = 319	1000	1000
ITER = 320	1000	1000
ITER = 321	1000	1000
ITER = 322	1000	1000
ITER = 323	1000	1000
ITER = 324	1000	1000
ITER = 325	1000	1000
ITER = 326	1000	1000
ITER = 327	1000	1000
ITER = 328	1000	1000
ITER = 329	1000	1000
ITER = 330	1000	1000
ITER = 331	1000	1000
ITER = 332	1000	1000
ITER = 333	1000	1000
ITER = 334	1000	1000
ITER = 335	1000	1000
ITER = 336	1000	1000
ITER = 337	1000	1000
ITER = 338	1000	1000
ITER = 339	1000	1000
ITER = 340	1000	1000
ITER = 341	1000	1000
ITER = 342	1000	1000
ITER = 343	1000	1000
ITER = 344	1000	1000
ITER = 345	1000	1000
ITER = 346	1000	1000
ITER = 347	1000	1000
ITER = 348	1000	1000
ITER = 349	1000	1000
ITER = 350	1000	1000
ITER = 351	1000	1000
ITER = 352	1000	1000
ITER = 353	1000	1000
ITER = 354	1000	1000
ITER = 355	1000	1000
ITER = 356	1000	1000
ITER = 357	1000	1000
ITER = 358	1000	1000
ITER = 359	1000	1000
ITER = 360	1000	1000
ITER = 361	1000	1000
ITER = 362	1000	1000
ITER = 363	1000	1000
ITER = 364	1000	1000
ITER = 365	1000	1000
ITER = 366	1000	1000
ITER = 367	1000	1000
ITER = 368	1000	1000
ITER = 369	1000	1000
ITER = 370	1000	1000
ITER = 371	1000	1000
ITER = 372	1000	1000
ITER = 373	1000	1000
ITER = 374	1000	1000
ITER = 375	1000	1000
ITER = 376	1000	1000
ITER = 377	1000	1000
ITER = 378	1000	1000
ITER = 379	1000	1000
ITER = 380	1000	1000
ITER = 381	1000	1000
ITER = 382	1000	1000
ITER = 383	1000	1000
ITER = 384	1000	1000
ITER = 385	1000	1000
ITER = 386	1000	1000
ITER = 387	1000	1000
ITER = 388	1000	1000
ITER = 389	1000	1000
ITER = 390	1000	1000
ITER = 391	1000	1000
ITER = 392	1000	1000
ITER = 393	1000	1000
ITER = 394	1000	1000
ITER = 395	1000	1000
ITER = 396	1000	1000
ITER = 397	1000	1000
ITER = 398	1000	1000
ITER = 399	1000	1000
ITER = 400	1000	1000
ITER = 401	1000	1000
ITER = 402	1000	1000
ITER = 403	1000	1000
ITER = 404	1000	1000
ITER = 405	1000	1000
ITER = 406	1000	1000
ITER = 407	1000	1000
ITER = 408	1000	1000
ITER = 409	1000	1000
ITER = 410	1000	1000
ITER = 411	1000	1000
ITER = 412	1000	1000
ITER = 413	1000	1000
ITER = 414	1000	1000
ITER = 415	1000	1000
ITER = 416	1000	1000
ITER = 417	1000	1000
ITER = 418	1000	1000
ITER = 419	1000	1000
ITER = 420	1000	1000
ITER = 421	1000	1000
ITER = 422	1000	1000
ITER = 423	1000	1000
ITER = 424	1000	1000
ITER = 425	1000	1000
ITER = 426	1000	1000
ITER = 427	1000	1000
ITER = 428	1000	1000
ITER = 429	1000	1000
ITER = 430	1000	1000
ITER = 431	1000	1000
ITER = 432	1000	1000
ITER = 433	1000	1000
ITER = 434	1000	1000
ITER = 435	1000	1000
ITER = 436	1000	1000
ITER = 437	1000	1000
ITER = 438	1000	1000
ITER = 439	1000	1000
ITER = 440	1000	1000
ITER = 441	1000	1000
ITER = 442	1000	1000
ITER = 443	1000	1000
ITER = 444	1000	1000
ITER = 445	1000	1000
ITER = 446	1000	1000
ITER = 447	1000	1000
ITER = 448	1000	1000
ITER = 449	1000	1000
ITER = 450	1000	1000
ITER = 451	1000	1000
ITER = 452	1000	1000
ITER = 453	1000	1000
ITER = 454	1000	1000
ITER = 455	1000	1000
ITER = 456	1000	1000
ITER = 457	1000	1000
ITER = 458	1000	1000
ITER = 459	1000	1000
ITER = 460	1000	1000
ITER = 461	1000	1000
ITER = 462	1000	1000
ITER = 463	1000	1000
ITER = 464	1000	1000
ITER = 465	1000	1000
ITER = 466	1000	1000
ITER = 467	1000	1000
ITER = 468	1000	1000
ITER = 469	1000	1000
ITER = 470	1000	1000
ITER = 471	1000	1000
ITER = 472	1000	1000
ITER = 473	1000	1000
ITER = 474	1000	1000
ITER = 475	1000	1000
ITER = 476	1000	1000
ITER = 477	1000	1000
ITER = 478	1000	1000
ITER = 479	1000	1000
ITER = 480	1000	1000
ITER = 481	1000	1000
ITER = 482	1000	1000
ITER = 483	1000	1000
ITER = 484	1000	1000
ITER = 485	1000	1000
ITER = 486	1000	1000
ITER = 487	1000	1000
ITER = 488	1000	1000
ITER = 489	1000	1000
ITER = 490	1000	1000
ITER = 491	1000	1000
ITER = 492	1000	1000
ITER = 493	1000	1000
ITER = 494	1000	1000
ITER = 495	1000	1000
ITER = 496	1000	1000
ITER = 497	1000	1000
ITER = 498	1000	1000
ITER = 499	1000	1000
ITER = 500	1000	1000
ITER = 501	1000	1000
ITER = 502	1000	1000
ITER = 503	1000	1000
ITER = 504	1000	1000
ITER = 505	1000	1000
ITER = 506	1000	1000
ITER = 507	1000	1000
ITER = 508	1000	1000
ITER = 509	1000	1000
ITER = 510	1000	1000
ITER = 511	1000	1000
ITER = 512	1000	1000
ITER = 513	1000	1000
ITER = 514	1000	1000
ITER = 515	1000	1000
ITER = 516	1000	1000
ITER = 517	1000	1000
ITER = 518	1000	1000
ITER = 519	1000	1000
ITER = 520	1000	1000
ITER = 521	1000	1000
ITER = 522	1000	1000
ITER = 523	1000	1000
ITER = 524	1000	1000
ITER = 525	1000	1000
ITER = 526	1000	1000
ITER = 527	1000	1000
ITER = 528	1000	1000
ITER = 529	1000	1000
ITER = 530	1000	1000
ITER = 531	1000	1000
ITER = 532	1000	1000
ITER = 533	1000	1000
ITER = 534	1000	1000
ITER = 535	1000	1000
ITER = 536	1000	1000
ITER = 537	1000	1000
ITER = 538	1000	1000
ITER = 539	1000	1000
ITER = 540	1000	1000
ITER = 541	1000	1000
ITER = 542	1000	1000
ITER = 543	1000	1000
ITER = 544	1000	1000
ITER = 545	1000	1000
ITER = 546	1000	1000
ITER = 547	1000	1000
ITER = 548	1000	1000
ITER = 549	1000	1000
ITER = 550	1000	1000
ITER = 551	1000	1000
ITER = 552	1000	1000
ITER = 553	1000	1000
ITER = 554	1000	1000
ITER = 555	1000	1000
ITER = 556	1000	1000
ITER = 557	1000	1000
ITER = 558	1000	1000
ITER = 559	1000	1000
ITER = 560	1000	1000
ITER = 561	1000	1000
ITER = 562	1000	1000
ITER = 563	1000	1000
ITER = 564	1000	1000
ITER = 565	1000	1000
ITER = 566	1000	1000
ITER = 567	1000	1000
ITER = 568	1000	1000
ITER = 569	1000	1000
ITER = 570	1000	1000
ITER = 571	1000	1000
ITER = 572	1000	1000
ITER = 573	1000	1000
ITER = 574	1000	1000
ITER = 575	1000	1000
ITER = 576	1000	1000
ITER = 577	1000	1000
ITER = 578	1000	1000
ITER = 579	1000	1000
ITER = 580	1000	1000
ITER = 581	1000	1000
ITER = 582	1000	1000
ITER = 583	1000	1000
ITER = 584	1000	1000
ITER = 585	1000	1000
ITER = 586	1000	1000
ITER = 587	1000	1000
ITER = 588	1000	1000
ITER = 589	1000	1000
ITER = 590	1000	1000
ITER = 591	1000	1000
ITER = 592	1000	1000
ITER = 593	1000	1000
ITER = 594	1000	1000
ITER = 595	1000	1000
ITER = 596	1000	1000
ITER = 597	1000	1000
ITER = 598	1000	1000
ITER = 599	1000	1000
ITER = 600	1000	1000
ITER = 601	1000	1000
ITER = 602	1000	1000
ITER = 603	1000	1000
ITER = 604	1000	1000
ITER = 605	1000	1000
ITER = 606	1000	1000
ITER = 607	1000	1000
ITER = 608	1000	1000
ITER = 609	1000	1000
ITER = 610	1000	1000
ITER = 611	1000	1000
ITER = 612	1000	1000
ITER = 613	1000	1000
ITER = 614	1000	1000
ITER = 615	1000	1000
ITER = 616	1000	1000
ITER = 617	1000	1000
ITER = 618	1000	1000
ITER = 619	1000	1000
ITER = 620	1000	1000
ITER = 621	1000	1000
ITER = 622	1000	1000
ITER = 623	1000	1000
ITER = 624	1000	1000
ITER = 625	1000	1000
ITER = 626	1000	1000
ITER = 627	1000	1000
ITER = 628	1000	1000
ITER = 629	1000	1000
ITER = 630	1000	1000
ITER = 631	1000	1000
ITER = 632	1000	1000
ITER = 633	1000	1000
ITER = 634	1000	1000
ITER = 635	1000	1000
ITER = 636	1000	1000
ITER = 637	1000	1000
ITER = 638	1000	1000
ITER = 639	1000	1000
ITER = 640	1000	1000
ITER = 641	1000	1000
ITER = 642	1000	1000
ITER = 643	1000	1000
ITER = 644	1000	1000
ITER = 645	1000	1000
ITER = 646	1000	1000
ITER = 647	1000	1000
ITER = 648	1000	1000
ITER = 649	1000	1000
ITER = 650	1000	1000
ITER = 651	1000	1000
ITER = 652	1000	1000
ITER = 653	1000	1000
ITER = 654	1000	1000
ITER = 655	1000	1000
ITER = 656	1000	1000
ITER = 657	1000	1000
ITER = 658	1000	1000
ITER = 659	1000	1000
ITER = 660	1000	1000
ITER = 661	1000	1000
ITER = 662	1000	1000
ITER = 663	1000	1000
ITER = 664	1000	1000
ITER = 665	1000	1000
ITER = 666	1000	1000
ITER = 667	1000	1000
ITER = 668	1000	1000
ITER = 669	1000	1000
ITER = 670	1000	1000
ITER = 671	1000	1000
ITER = 672	1000	1000
ITER = 673	1000	1000
ITER = 674	1000	1000
ITER = 675	1000	1000
ITER = 676	1000	1000
ITER = 677	1000	1000
ITER = 678	1000	1000
ITER = 679	1000	1000
ITER = 680	1000	1000
ITER = 681	1000	1000
ITER = 682	1000	1000
ITER = 683	1000	1000
ITER = 684	1000	1000
ITER = 685	1000	1000
ITER = 686	1000	1000
ITER = 687	1000	1000
ITER = 688	1000	1000
ITER = 689	1000	1000
ITER = 690	1000	1000
ITER = 691	1000	1000
ITER = 692	1000	1000
ITER = 693	1000	1000
ITER = 694	1000	1000
ITER = 695	1000	1000
ITER = 696	1000	1000
ITER = 697	1000	1000
ITER = 698	1000	1000
ITER = 699	1000	1000
ITER = 700	1000	1000
ITER = 701	1000	1000
ITER = 702	1000	1000
ITER = 703	1000	1000
ITER = 704	1000	1000
ITER = 705	1000	1000
ITER = 706	1000	1000
ITER = 707	1000	1000
ITER = 708	1000	1000
ITER = 709	1000	1000
ITER = 710	1000	1000
ITER = 711	1000	1000
ITER = 712	1000	1000
ITER = 713	1000	1000
ITER = 714	1000	1000
ITER = 715	1000	1000
ITER = 716	1000	1000
ITER = 717	1000	1000
ITER = 718	1000	1000
ITER = 719	1000	1000
ITER = 720	1000	1000
ITER = 721	1000	1000
ITER = 722	1000	1000
ITER = 723	1000	1000
ITER = 724	1000	1000
ITER = 725	1000	1000
ITER = 726	1000	1000
ITER = 727	1000	1000
ITER = 728	1000	1000
ITER = 729	1000	1000
ITER = 730	1000	1000
ITER = 731	1000	1000
ITER = 732	1000	1000
ITER = 733	1000	1000
ITER = 734	1000	1000
ITER = 735	1000	1000
ITER = 736	1000	1000
ITER = 737	1000	1000
ITER = 738	1000	1000
ITER = 739	1000	1000
ITER = 740	1000	1000
ITER = 741	1000	1000
ITER = 742	1000	1000
ITER = 743	1000	1000
ITER = 744	1000	1000
ITER = 745	1000	1000
ITER = 746	1000	1000
ITER = 747	1000	1000
ITER = 748	1000	1000
ITER = 749	1000	1000
ITER = 750	1000	1000
ITER = 751	1000	1000
ITER = 752	1000	1000
ITER = 753	1000	1000
ITER = 754	1000	1000
ITER = 755	1000	1000
ITER = 756	1000	1000
ITER = 757	1000	1000
ITER = 758	1000	1000
ITER = 759	1000	1000
ITER = 760	1000	1000
ITER = 761	1000	1000
ITER = 762	1000	1000
ITER = 763	1000	1000
ITER = 764	1000	1000
ITER = 765	1000	1000
ITER = 766	1000	1000
ITER = 767	1000	1000
ITER = 768	1000	1000
ITER = 769	1000	1000
ITER = 770	1000	1000
ITER = 771	1000	1000
ITER = 772	1000	1000
ITER = 773	1000	1000
ITER = 774	1000	1000
ITER = 775	1000	1000
ITER = 776	1000	1000
ITER = 777	1000	1000
ITER = 778	1000	1000
ITER = 779	1000	1000
ITER = 780	1000	1000
ITER = 781	1000	1000
ITER = 782	1000	1000
ITER = 783	1000	1000
ITER = 784	1000	1000
ITER = 785	1000	1000
ITER = 786	1000	1000
ITER = 787	1000	1000
ITER = 788	1000	1000
ITER = 789	1000	1000
ITER = 790	1000	1000
ITER = 791	1000	1000
ITER = 792	1000	1000
ITER = 793	1000	1000
ITER = 794	1000	1000
ITER = 795	1000	1000
ITER = 796	1000	1000
ITER = 797	1000	1000
ITER = 798	1000	1000
ITER = 799	1000	1000
ITER = 800	1000	1000
ITER = 801	1000	1000
ITER = 802	1000	1000
ITER = 803	1000	1000
ITER = 804	1000	1000
ITER = 805	1000	1000
ITER = 806	1000	1000
ITER = 807	1000	1000
ITER = 808	1000	1000
ITER = 809	1000	1000
ITER = 810	1000	1000
ITER = 811	1000	1000
ITER = 812	2000	1000
ITER = 813	2700	1990
ITER = 814	3200	2683
ITER = 815	3400	3178
ITER = 816	3900	3376
ITER = 817	4100	3871
ITER = 818	4300	4069
ITER = 819	4600	4267
ITER = 820	4900	4564
ITER = 821	5100	4861
ITER = 822	5400	5059
ITER = 823	5800	5356
ITER = 824	5900	5752
ITER = 825	6200	5851
ITER = 826	6500	6148
ITER = 827	6900	6445
ITER = 828	7000	6841
ITER = 829	7300	6940
ITER = 830	7500	7237
ITER = 831	7700	7435
ITER = 832	7700	7633
ITER = 833	7800	7633
ITER = 834	7900	7732
ITER = 835	8200	7831
ITER = 836	8500	8128
ITER = 837	8700	8425
ITER = 838	8900	8623
ITER = 839	9300	8821
ITER = 840	9300	9217
ITER = 841	9400	9217
ITER = 842	9500	9316
ITER = 843	9800	9415
ITER = 844	9900	9712
ITER = 845	9900	9811
ITER = 846	9900	9811
ITER = 847	9900	9811
ITER = 848	10000	9811
ITER = 849	10100	9910
ITER = 850	10200	10009
ITER = 851	10300	10108
ITER = 852	10500	10207
ITER = 853	10600	10405
ITER = 854	10600	10504
ITER = 855	11000	10504
ITER = 856	11000	10900
ITER = 857	11300	10900
ITER = 858	11500	11197
ITER = 859	11500	11395
ITER = 860	11500	11395
ITER = 861	11600	11395
ITER = 862	11996	11494
ITER = 863	12096	11886
ITER = 864	12296	11985
ITER = 865	12466	12183
ITER = 866	12566	12351
ITER = 867	12766	12450
ITER = 868	12866	12648
ITER = 869	12866	12747
ITER = 870	12866	12747
ITER = 871	12966	12747
ITER = 872	12966	12846
ITER = 873	13066	12846
ITER = 874	13166	12945
ITER = 875	13366	13044
ITER = 876	13366	13242
ITER = 877	13566	13242
ITER = 878	13704	13440
ITER = 879	13904	13576
ITER = 880	14004	13774
ITER = 881	14004	13873
ITER = 882	14304	13873
ITER = 883	14584	14170
ITER = 884	14775	14447
ITER = 885	14865	14636
ITER = 886	14954	14725
ITER = 887	15043	14813
ITER = 888	15133	14901
ITER = 889	15133	14990
ITER = 890	15133	14990
ITER = 891	15133	14990
ITER = 892	15200	14990
ITER = 893	15334	15056
ITER = 894	15444	15188
ITER = 895	15444	15296
ITER = 896	15486	15296
ITER = 897	15528	15337
ITER = 898	15528	15378
ITER = 899	15611	15378
ITER = 900	15611	15459
ITER = 901	15611	15458
ITER = 902	15611	15458
ITER = 903	15629	15458
ITER = 904	15629	15475
ITER = 905	15647	15475
ITER = 906	15683	15492
ITER = 907	15683	15526
ITER = 908	15683	15525
ITER = 909	15683	15522
ITER = 910	15683	15521
ITER = 911	15683	15521
ITER = 912	15683	15520
ITER = 913	15683	15520
ITER = 914	15683	15519
ITER = 915	15683	15518
ITER = 916	15683	15517
ITER = 917	15683	15515
ITER = 918	15683	15515
ITER = 919	15683	15509
ITER = 920	15683	15507
ITER = 921	15683	15506
ITER = 922	15683	15502
ITER = 923	15683	15498
ITER = 924	15683	15495
ITER = 925	15683	15491
ITER = 926	15683	15486
ITER = 927	15683	15485
ITER = 928	15683	15484
ITER = 929	15683	15482
ITER = 930	15683	15480
ITER = 931	15683	15479
ITER = 932	15683	15479
ITER = 933	15683	15475
ITER = 934	15683	15473
ITER = 935	15683	15471
ITER = 936	15683	15469
ITER = 937	15683	15466
ITER = 938	15683	15466
ITER = 939	15683	15465
ITER = 940	15683	15461
ITER = 941	15683	15458
ITER = 942	15683	15456
ITER = 943	15683	15452
ITER = 944	15683	15447
ITER = 945	15683	15444
ITER = 946	15683	15441
ITER = 947	15683	15438
ITER = 948	15683	15434
ITER = 949	15683	15433
ITER = 950	15683	15431
ITER = 951	15683	15430
ITER = 952	15683	15427
ITER = 953	15683	15425
ITER = 954	15683	15423
ITER = 955	15683	15420
ITER = 956	15683	15414
ITER = 957	15683	15412
ITER = 958	15683	15411
ITER = 959	15683	15409
ITER = 960	15683	15406
ITER = 961	15683	15405
ITER = 962	15683	15402
ITER = 963	15683	15399
ITER = 964	15683	15396
ITER = 965	15683	15391
ITER = 966	15683	15389
ITER = 967	15683	15389
ITER = 968	15683	15389
ITER = 969	15683	15389
ITER = 970	15683	15387
ITER = 971	15683	15386
ITER = 972	15683	15385
ITER = 973	15683	15384
ITER = 974	15683	15382
ITER = 975	15683	15381
ITER = 976	15683	15380
ITER = 977	15683	15378
ITER = 978	15683	15376
ITER = 979	15683	15372
ITER = 980	15683	15369
ITER = 981	15683	15366
ITER = 982	15683	15363
ITER = 983	15683	15362
ITER = 984	15683	15360
ITER = 985	15683	15357
ITER = 986	15683	15355
ITER = 987	15683	15354
ITER = 988	15683	15353
ITER = 989	15683	15353
ITER = 990	15683	15351
ITER = 991	15683	15350
ITER = 992	15683	15350
ITER = 993	15683	15348
ITER = 994	15683	15345
ITER = 995	15683	15344
ITER = 996	15683	15341
ITER = 997	15683	15341
ITER = 998	15683	15335
ITER = 999	15683	15335
ITER = 1000	15683	15335
ITER = 1001	15683	15332
ITER = 1002	15683	15332
ITER = 1003	15683	15331
ITER = 1004	15683	15329
ITER = 1005	15683	15329
ITER = 1006	15683	15326
ITER = 1007	15683	15324
ITER = 1008	15683	15324
ITER = 1009	15683	15321
ITER = 1010	15683	15318
ITER = 1011	15683	15317
ITER = 1012	15683	15313
ITER = 1013	15683	15308
ITER = 1014	15683	15307
ITER = 1015	15683	15304
ITER = 1016	15683	15303
ITER = 1017	15683	15302
ITER = 1018	15683	15299
ITER = 1019	15683	15295
ITER = 1020	15683	15292
ITER = 1021	15683	15286
ITER = 1022	15683	15280
ITER = 1023	15683	15275
ITER = 1024	15683	15273
ITER = 1025	15683	15268
ITER = 1026	15683	15266
ITER = 1027	15683	15263
ITER = 1028	15683	15263
ITER = 1029	15683	15263
ITER = 1030	15683	15262
ITER = 1031	15683	15258
ITER = 1032	15683	15257
ITER = 1033	15683	15255
ITER = 1034	15683	15253
ITER = 1035	15683	15253
ITER = 1036	15683	15252
ITER = 1037	15683	15250
ITER = 1038	15683	15250
ITER = 1039	15683	15250
ITER = 1040	15683	15249
ITER = 1041	15683	15246
ITER = 1042	15683	15244
ITER = 1043	15683	15243
ITER = 1044	15683	15243
ITER = 1045	15683	15239
ITER = 1046	15683	15233
ITER = 1047	15683	15232
ITER = 1048	15683	15231
ITER = 1049	15683	15231
ITER = 1050	15683	15229
ITER = 1051	15683	15229
ITER = 1052	15683	15228
ITER = 1053	15683	15226
ITER = 1054	15683	15222
ITER = 1055	15683	15219
ITER = 1056	15683	15219
ITER = 1057	15683	15216
ITER = 1058	15683	15214
ITER = 1059	15683	15211
ITER = 1060	15683	15210
ITER = 1061	15683	15207
ITER = 1062	15683	15206
ITER = 1063	15683	15202
ITER = 1064	15683	15202
ITER = 1065	15683	15202
ITER = 1066	15683	15202
ITER = 1067	15683	15198
ITER = 1068	15683	15198
ITER = 1069	15683	15196
ITER = 1070	15683	15195
ITER = 1071	15683	15195
ITER = 1072	15683	15194
ITER = 1073	15683	15193
ITER = 1074	15683	15193
ITER = 1075	15683	15193
ITER = 1076	15683	15192
ITER = 1077	15683	15191
ITER = 1078	15683	15191
ITER = 1079	15683	15188
ITER = 1080	15683	15187
ITER = 1081	15683	15185
ITER = 1082	15683	15184
ITER = 1083	15683	15183
ITER = 1084	15683	15180
ITER = 1085	15683	15179
ITER = 1086	15683	15178
ITER = 1087	15683	15177
ITER = 1088	15683	15175
ITER = 1089	15683	15173
ITER = 1090	15683	15172
ITER = 1091	15683	15170
ITER = 1092	15683	15169
ITER = 1093	15683	15166
ITER = 1094	15683	15166
ITER = 1095	15683	15165
ITER = 1096	15683	15165
ITER = 1097	15683	15163
ITER = 1098	15683	15160
ITER = 1099	15683	15159
ITER = 1100	15683	15157
ITER = 1101	15683	15153
ITER = 1102	15683	15152
ITER = 1103	15683	15152
ITER = 1104	15683	15150
ITER = 1105	15683	15149
ITER = 1106	15683	15147
ITER = 1107	15683	15146
ITER = 1108	15683	15144
ITER = 1109	15683	15143
ITER = 1110	15683	15142
ITER = 1111	15683	15140
ITER = 1112	15683	15138
ITER = 1113	15683	15138
ITER = 1114	15683	15137
ITER = 1115	15683	15136
ITER = 1116	15683	15136
ITER = 1117	15683	15133
ITER = 1118	15683	15132
ITER = 1119	15683	15130
ITER = 1120	15683	15129
ITER = 1121	15683	15129
ITER = 1122	15683	15129
ITER = 1123	15683	15129
ITER = 1124	15683	15128
ITER = 1125	15683	15126
ITER = 1126	15683	15125
ITER = 1127	15683	15125
ITER = 1128	15683	15123
ITER = 1129	15683	15122
ITER = 1130	15683	15122
ITER = 1131	15683	15120
ITER = 1132	15683	15120
ITER = 1133	15683	15119
ITER = 1134	15683	15118
ITER = 1135	15683	15118
ITER = 1136	15683	15117
ITER = 1137	15683	15116
ITER = 1138	15683	15116
ITER = 1139	15683	15114
ITER = 1140	15683	15113
ITER = 1141	15683	15111
ITER = 1142	15683	15111
ITER = 1143	15683	15110
ITER = 1144	15683	15110
ITER = 1145	15683	15109
ITER = 1146	15683	15109
ITER = 1147	15683	15109
ITER = 1148	15683	15109
ITER = 1149	15683	15108
ITER = 1150	15683	15108
ITER = 1151	15683	15107
ITER = 1152	15683	15107
ITER = 1153	15683	15106
ITER = 1154	15683	15106
ITER = 1155	15683	15106
ITER = 1156	15683	15105
ITER = 1157	15683	15104
ITER = 1158	15683	15101
ITER = 1159	15683	15099
ITER = 1160	15683	15098
ITER = 1161	15683	15098
ITER = 1162	15683	15097
ITER = 1163	15683	15097
ITER = 1164	15683	15097
ITER = 1165	15683	15097
ITER = 1166	15683	15094
ITER = 1167	15683	15094
ITER = 1168	15683	15094
ITER = 1169	15683	15094
ITER = 1170	15683	15094
ITER = 1171	15683	15094
ITER = 1172	15683	15094
ITER = 1173	15683	15092
ITER = 1174	15683	15092
ITER = 1175	15683	15090
ITER = 1176	15683	15089
ITER = 1177	15683	15089
ITER = 1178	15683	15089
ITER = 1179	15683	15089
ITER = 1180	15683	15088
ITER = 1181	15683	15086
ITER = 1182	15683	15085
ITER = 1183	15683	15085
ITER = 1184	15683	15084
ITER = 1185	15683	15082
ITER = 1186	15683	15080
ITER = 1187	15683	15080
ITER = 1188	15683	15078
ITER = 1189	15683	15075
ITER = 1190	15683	15075
ITER = 1191	15683	15075
ITER = 1192	15683	15075
ITER = 1193	15683	15075
ITER = 1194	15683	15074
ITER = 1195	15683	15073
ITER = 1196	15683	15073
ITER = 1197	15683	15073
ITER = 1198	15683	15073
ITER = 1199	15683	15072
ITER = 1200	15683	15072
ITER = 1201	15683	15070
ITER = 1202	15683	15068
ITER = 1203	15683	15067
ITER = 1204	15683	15066
ITER = 1205	15683	15066
ITER = 1206	15683	15066
ITER = 1207	15683	15066
ITER = 1208	15683	15065
ITER = 1209	15683	15064
ITER = 1210	15683	15064
ITER = 1211	15683	15061
ITER = 1212	15683	15060
ITER = 1213	15683	15058
ITER = 1214	15683	15058
ITER = 1215	15683	15056
ITER = 1216	15683	15055
ITER = 1217	15683	15055
ITER = 1218	15683	15055
ITER = 1219	15683	15055
ITER = 1220	15683	15054
ITER = 1221	15683	15052
ITER = 1222	15683	15052
ITER = 1223	15683	15052
ITER = 1224	15683	15052
ITER = 1225	15683	15052
ITER = 1226	15683	15050
ITER = 1227	15683	15050
ITER = 1228	15683	15050
ITER = 1229	15683	15048
ITER = 1230	15683	15046
ITER = 1231	15683	15045
ITER = 1232	15683	15043
ITER = 1233	15683	15041
ITER = 1234	15683	15041
ITER = 1235	15683	15040
ITER = 1236	15683	15038
ITER = 1237	15683	15036
ITER = 1238	15683	15035
ITER = 1239	15683	15035
ITER = 1240	15683	15034
ITER = 1241	15683	15033
ITER = 1242	15683	15032
ITER = 1243	15683	15031
ITER = 1244	15683	15030
ITER = 1245	15683	15029
ITER = 1246	15683	15028
ITER = 1247	15683	15025
ITER = 1248	15683	15024
ITER = 1249	15683	15022
ITER = 1250	15683	15022
ITER = 1251	15683	15022
ITER = 1252	15683	15022
ITER = 1253	15683	15022
ITER = 1254	15683	15020
ITER = 1255	15683	15019
ITER = 1256	15683	15019
ITER = 1257	15683	15017
ITER = 1258	15683	15017
ITER = 1259	15683	15016
ITER = 1260	15683	15016
ITER = 1261	15683	15015
ITER = 1262	15683	15013
ITER = 1263	15683	15010
ITER = 1264	15683	15009
ITER = 1265	15683	15009
ITER = 1266	15683	15009
ITER = 1267	15683	15009
ITER = 1268	15683	15009
ITER = 1269	15683	15009
ITER = 1270	15683	15008
ITER = 1271	15683	15007
ITER = 1272	15683	15006
ITER = 1273	15683	15006
ITER = 1274	15683	15006
ITER = 1275	15683	15005
ITER = 1276	15683	15005
ITER = 1277	15683	15003
ITER = 1278	15683	15002
ITER = 1279	15683	15002
ITER = 1280	15683	15002
ITER = 1281	15683	15000
ITER = 1282	15683	15000
ITER = 1283	15683	15000
ITER = 1284	15683	14999
ITER = 1285	15683	14999
ITER = 1286	15683	14999
ITER = 1287	15683	14997
ITER = 1288	15683	14996
ITER = 1289	15683	14995
ITER = 1290	15683	14993
ITER = 1291	15683	14991
ITER = 1292	15683	14990
ITER = 1293	15683	14990
ITER = 1294	15683	14990
ITER = 1295	15683	14990
ITER = 1296	15683	14988
ITER = 1297	15683	14985
ITER = 1298	15683	14983
ITER = 1299	15683	14982
ITER = 1300	15683	14982
ITER = 1301	15683	14982
ITER = 1302	15683	14979
ITER = 1303	15683	14978
ITER = 1304	15683	14976
ITER = 1305	15683	14973
ITER = 1306	15683	14973
ITER = 1307	15683	14973
ITER = 1308	15683	14973
ITER = 1309	15683	14972
ITER = 1310	15683	14971
ITER = 1311	15683	14971
ITER = 1312	15683	14969
ITER = 1313	15683	14967
ITER = 1314	15683	14967
ITER = 1315	15683	14967
ITER = 1316	15683	14965
ITER = 1317	15683	14965
ITER = 1318	15683	14965
ITER = 1319	15683	14964
ITER = 1320	15683	14964
ITER = 1321	15683	14963
ITER = 1322	15683	14962
ITER = 1323	15683	14960
ITER = 1324	15683	14959
ITER = 1325	15683	14957
ITER = 1326	15683	14956
ITER = 1327	15683	14956
ITER = 1328	15683	14955
ITER = 1329	15683	14953
ITER = 1330	15683	14951
ITER = 1331	15683	14951
ITER = 1332	15683	14951
ITER = 1333	15683	14951
ITER = 1334	15683	14950
ITER = 1335	15683	14950
ITER = 1336	15683	14949
ITER = 1337	15683	14943
ITER = 1338	15683	14941
ITER = 1339	15683	14939
ITER = 1340	15683	14938
ITER = 1341	15683	14938
ITER = 1342	15683	14937
ITER = 1343	15683	14936
ITER = 1344	15683	14936
ITER = 1345	15683	14936
ITER = 1346	15683	14936
ITER = 1347	15683	14934
ITER = 1348	15683	14934
ITER = 1349	15683	14931
ITER = 1350	15683	14930
ITER = 1351	15683	14929
ITER = 1352	15683	14927
ITER = 1353	15683	14926
ITER = 1354	15683	14924
ITER = 1355	15683	14923
ITER = 1356	15683	14921
ITER = 1357	15683	14921
ITER = 1358	15683	14921
ITER = 1359	15683	14920
ITER = 1360	15683	14919
ITER = 1361	15683	14918
ITER = 1362	15683	14918
ITER = 1363	15683	14916
ITER = 1364	15683	14916
ITER = 1365	15683	14914
ITER = 1366	15683	14914
ITER = 1367	15683	14914
ITER = 1368	15683	14914
ITER = 1369	15683	14912
ITER = 1370	15683	14912
ITER = 1371	15683	14910
ITER = 1372	15683	14910
ITER = 1373	15683	14910
ITER = 1374	15683	14909
ITER = 1375	15683	14907
ITER = 1376	15683	14907
ITER = 1377	15683	14907
ITER = 1378	15683	14906
ITER = 1379	15683	14905
ITER = 1380	15683	14905
ITER = 1381	15683	14903
ITER = 1382	15683	14902
ITER = 1383	15683	14900
ITER = 1384	15683	14899
ITER = 1385	15683	14896
ITER = 1386	15683	14896
ITER = 1387	15683	14895
ITER = 1388	15683	14895
ITER = 1389	15683	14895
ITER = 1390	15683	14895
ITER = 1391	15683	14895
ITER = 1392	15683	14895
ITER = 1393	15683	14895
ITER = 1394	15683	14893
ITER = 1395	15683	14892
ITER = 1396	15683	14892
ITER = 1397	15683	14891
ITER = 1398	15683	14888
ITER = 1399	15683	14888
ITER = 1400	15683	14887
ITER = 1401	15683	14887
ITER = 1402	15683	14887
ITER = 1403	15683	14887
ITER = 1404	15683	14885
ITER = 1405	15683	14884
ITER = 1406	15683	14883
ITER = 1407	15683	14881
ITER = 1408	15683	14879
ITER = 1409	15683	14878
ITER = 1410	15683	14876
ITER = 1411	15683	14874
ITER = 1412	15683	14873
ITER = 1413	15683	14872
ITER = 1414	15683	14872
ITER = 1415	15683	14872
ITER = 1416	15683	14871
ITER = 1417	15683	14871
ITER = 1418	15683	14871
ITER = 1419	15683	14871
ITER = 1420	15683	14871
ITER = 1421	15683	14870
ITER = 1422	15683	14869
ITER = 1423	15683	14869
ITER = 1424	15683	14869
ITER = 1425	15683	14869
ITER = 1426	15683	14869
ITER = 1427	15683	14868
ITER = 1428	15683	14868
ITER = 1429	15683	14867
ITER = 1430	15683	14866
ITER = 1431	15683	14866
ITER = 1432	15683	14866
ITER = 1433	15683	14866
ITER = 1434	15683	14865
ITER = 1435	15683	14864
ITER = 1436	15683	14864
ITER = 1437	15683	14862
ITER = 1438	15683	14861
ITER = 1439	15683	14861
ITER = 1440	15683	14859
ITER = 1441	15683	14859
ITER = 1442	15683	14859
ITER = 1443	15683	14859
ITER = 1444	15683	14859
ITER = 1445	15683	14859
ITER = 1446	15683	14859
ITER = 1447	15683	14859
ITER = 1448	15683	14859
ITER = 1449	15683	14859
ITER = 1450	15683	14859
ITER = 1451	15683	14858
ITER = 1452	15683	14858
ITER = 1453	15683	14858
ITER = 1454	15683	14858
ITER = 1455	15683	14858
ITER = 1456	15683	14858
ITER = 1457	15683	14858
ITER = 1458	15683	14857
ITER = 1459	15683	14857
ITER = 1460	15683	14857
ITER = 1461	15683	14857
ITER = 1462	15683	14857
ITER = 1463	15683	14857
ITER = 1464	15683	14856
ITER = 1465	15683	14853
ITER = 1466	15683	14853
ITER = 1467	15683	14851
ITER = 1468	15683	14851
ITER = 1469	15683	14850
ITER = 1470	15683	14850
ITER = 1471	15683	14850
ITER = 1472	15683	14848
ITER = 1473	15683	14847
ITER = 1474	15683	14846
ITER = 1475	15683	14846
ITER = 1476	15683	14845
ITER = 1477	15683	14844
ITER = 1478	15683	14844
ITER = 1479	15683	14843
ITER = 1480	15683	14843
ITER = 1481	15683	14843
ITER = 1482	15683	14843
ITER = 1483	15683	14843
ITER = 1484	15683	14842
ITER = 1485	15683	14842
ITER = 1486	15683	14842
ITER = 1487	15683	14842
ITER = 1488	15683	14841
ITER = 1489	15683	14841
ITER = 1490	15683	14840
ITER = 1491	15683	14840
ITER = 1492	15683	14840
ITER = 1493	15683	14839
ITER = 1494	15683	14839
ITER = 1495	15683	14837
ITER = 1496	15683	14837
ITER = 1497	15683	14834
ITER = 1498	15683	14833
ITER = 1499	15683	14832
ITER = 1500	15683	14832
ITER = 1501	15683	14832
ITER = 1502	15683	14832
ITER = 1503	15683	14832
ITER = 1504	15683	14832
ITER = 1505	15683	14832
ITER = 1506	15683	14832
ITER = 1507	15683	14832
ITER = 1508	15683	14831
ITER = 1509	15683	14831
ITER = 1510	15683	14831
ITER = 1511	15683	14831
ITER = 1512	15683	14831
ITER = 1513	15683	14831
ITER = 1514	15683	14831
ITER = 1515	15683	14830
ITER = 1516	15683	14830
ITER = 1517	15683	14829
ITER = 1518	15683	14829
ITER = 1519	15683	14829
ITER = 1520	15683	14829
ITER = 1521	15683	14829
ITER = 1522	15683	14829
ITER = 1523	15683	14829
ITER = 1524	15683	14829
ITER = 1525	15683	14829
ITER = 1526	15683	14829
ITER = 1527	15683	14828
ITER = 1528	15683	14828
ITER = 1529	15683	14827
ITER = 1530	15683	14827
ITER = 1531	15683	14827
ITER = 1532	15683	14827
ITER = 1533	15683	14827
ITER = 1534	15683	14827
ITER = 1535	15683	14827
ITER = 1536	15683	14823
ITER = 1537	15683	14822
ITER = 1538	15683	14821
ITER = 1539	15683	14821
ITER = 1540	15683	14819
ITER = 1541	15683	14819
ITER = 1542	15683	14819
ITER = 1543	15683	14819
ITER = 1544	15683	14817
ITER = 1545	15683	14816
ITER = 1546	15683	14816
ITER = 1547	15683	14816
ITER = 1548	15683	14816
ITER = 1549	15683	14816
ITER = 1550	15683	14815
ITER = 1551	15683	14815
ITER = 1552	15683	14815
ITER = 1553	15683	14815
ITER = 1554	15683	14815
ITER = 1555	15683	14815
ITER = 1556	15683	14814
ITER = 1557	15683	14814
ITER = 1558	15683	14814
ITER = 1559	15683	14813
ITER = 1560	15683	14813
ITER = 1561	15683	14813
ITER = 1562	15683	14813
ITER = 1563	15683	14812
ITER = 1564	15683	14812
ITER = 1565	15683	14812
ITER = 1566	15683	14812
ITER = 1567	15683	14812
ITER = 1568	15683	14812
ITER = 1569	15683	14812
ITER = 1570	15683	14812
ITER = 1571	15683	14812
ITER = 1572	15683	14812
ITER = 1573	15683	14812
ITER = 1574	15683	14812
ITER = 1575	15683	14812
ITER = 1576	15683	14812
ITER = 1577	15683	14812
ITER = 1578	15683	14811
ITER = 1579	15683	14810
ITER = 1580	15683	14809
ITER = 1581	15683	14808
ITER = 1582	15683	14808
ITER = 1583	15683	14807
ITER = 1584	15683	14807
ITER = 1585	15683	14807
ITER = 1586	15683	14806
ITER = 1587	15683	14805
ITER = 1588	15683	14805
ITER = 1589	15683	14805
ITER = 1590	15683	14804
ITER = 1591	15683	14804
ITER = 1592	15683	14804
ITER = 1593	15683	14803
ITER = 1594	15683	14802
ITER = 1595	15683	14802
ITER = 1596	15683	14801
ITER = 1597	15683	14801
ITER = 1598	15683	14800
ITER = 1599	15683	14800
ITER = 1600	15683	14800
ITER = 1601	15683	14799
ITER = 1602	15683	14798
ITER = 1603	15683	14798
ITER = 1604	15683	14798
ITER = 1605	15683	14797
ITER = 1606	15683	14796
ITER = 1607	15683	14795
ITER = 1608	15683	14792
ITER = 1609	15683	14791
ITER = 1610	15683	14788
ITER = 1611	15683	14787
ITER = 1612	15683	14784
ITER = 1613	15683	14779
ITER = 1614	15683	14770
ITER = 1615	15683	14770
ITER = 1616	15683	14768
ITER = 1617	15683	14767
ITER = 1618	15683	14765
ITER = 1619	15683	14764
ITER = 1620	15683	14763
ITER = 1621	15683	14762
ITER = 1622	15683	14762
ITER = 1623	15683	14761
ITER = 1624	15683	14760
ITER = 1625	15683	14760
ITER = 1626	15683	14759
ITER = 1627	15683	14759
ITER = 1628	15683	14759
ITER = 1629	15683	14759
ITER = 1630	15683	14758
ITER = 1631	15683	14755
ITER = 1632	15683	14754
ITER = 1633	15683	14753
ITER = 1634	15683	14750
ITER = 1635	15683	14748
ITER = 1636	15683	14747
ITER = 1637	15683	14746
ITER = 1638	15683	14745
ITER = 1639	15683	14745
ITER = 1640	15683	14742
ITER = 1641	15683	14742
ITER = 1642	15683	14741
ITER = 1643	15683	14740
ITER = 1644	15683	14739
ITER = 1645	15683	14739
ITER = 1646	15683	14737
ITER = 1647	15683	14736
ITER = 1648	15683	14734
ITER = 1649	15683	14733
ITER = 1650	15683	14731
ITER = 1651	15683	14730
ITER = 1652	15683	14730
ITER = 1653	15683	14729
ITER = 1654	15683	14727
ITER = 1655	15683	14724
ITER = 1656	15683	14722
ITER = 1657	15683	14722
ITER = 1658	15683	14719
ITER = 1659	15683	14716
ITER = 1660	15683	14714
ITER = 1661	15683	14713
ITER = 1662	15683	14712
ITER = 1663	15683	14710
ITER = 1664	15683	14709
ITER = 1665	15683	14708
ITER = 1666	15683	14707
ITER = 1667	15683	14705
ITER = 1668	15683	14705
ITER = 1669	15683	14703
ITER = 1670	15683	14699
ITER = 1671	15683	14698
ITER = 1672	15683	14696
ITER = 1673	15683	14693
ITER = 1674	15683	14690
ITER = 1675	15683	14690
ITER = 1676	15683	14690
ITER = 1677	15683	14688
ITER = 1678	15683	14687
ITER = 1679	15683	14686
ITER = 1680	15683	14683
ITER = 1681	15683	14682
ITER = 1682	15683	14680
ITER = 1683	15683	14679
ITER = 1684	15683	14679
ITER = 1685	15683	14678
ITER = 1686	15683	14678
ITER = 1687	15683	14676
ITER = 1688	15683	14675
ITER = 1689	15683	14673
ITER = 1690	15683	14671
ITER = 1691	15683	14669
ITER = 1692	15683	14668
ITER = 1693	15683	14664
ITER = 1694	15683	14663
ITER = 1695	15683	14661
ITER = 1696	15683	14658
ITER = 1697	15683	14657
ITER = 1698	15683	14654
ITER = 1699	15683	14653
ITER = 1700	15683	14649
ITER = 1701	15683	14646
ITER = 1702	15683	14641
ITER = 1703	15683	14640
ITER = 1704	15683	14640
ITER = 1705	15683	14638
ITER = 1706	15683	14637
ITER = 1707	15683	14635
ITER = 1708	15683	14631
ITER = 1709	15683	14630
ITER = 1710	15683	14628
ITER = 1711	15683	14624
ITER = 1712	15683	14624
ITER = 1713	15683	14620
ITER = 1714	15683	14618
ITER = 1715	15683	14616
ITER = 1716	15683	14613
ITER = 1717	15683	14611
ITER = 1718	15683	14608
ITER = 1719	15683	14604
ITER = 1720	15683	14603
ITER = 1721	15683	14602
ITER = 1722	15683	14600
ITER = 1723	15683	14599
ITER = 1724	15683	14596
ITER = 1725	15683	14595
ITER = 1726	15683	14592
ITER = 1727	15683	14590
ITER = 1728	15683	14588
ITER = 1729	15683	14587
ITER = 1730	15683	14584
ITER = 1731	15683	14581
ITER = 1732	15683	14580
ITER = 1733	15683	14575
ITER = 1734	15683	14573
ITER = 1735	15683	14569
ITER = 1736	15683	14565
ITER = 1737	15683	14562
ITER = 1738	15683	14561
ITER = 1739	15683	14559
ITER = 1740	15683	14556
ITER = 1741	15683	14552
ITER = 1742	15683	14550
ITER = 1743	15683	14548
ITER = 1744	15683	14548
ITER = 1745	15683	14545
ITER = 1746	15683	14544
ITER = 1747	15683	14541
ITER = 1748	15683	14539
ITER = 1749	15683	14538
ITER = 1750	15683	14536
ITER = 1751	15683	14536
ITER = 1752	15683	14532
ITER = 1753	15683	14528
ITER = 1754	15683	14523
ITER = 1755	15683	14520
ITER = 1756	15683	14517
ITER = 1757	15683	14515
ITER = 1758	15683	14514
ITER = 1759	15683	14510
ITER = 1760	15683	14504
ITER = 1761	15683	14500
ITER = 1762	15683	14497
ITER = 1763	15683	14496
ITER = 1764	15683	14493
ITER = 1765	15683	14492
ITER = 1766	15683	14488
ITER = 1767	15683	14486
ITER = 1768	15683	14483
ITER = 1769	15683	14481
ITER = 1770	15683	14478
ITER = 1771	15683	14474
ITER = 1772	15683	14473
ITER = 1773	15683	14470
ITER = 1774	15683	14469
ITER = 1775	15683	14465
ITER = 1776	15683	14465
ITER = 1777	15683	14463
ITER = 1778	15683	14460
ITER = 1779	15683	14457
ITER = 1780	15683	14453
ITER = 1781	15683	14451
ITER = 1782	15683	14449
ITER = 1783	15683	14445
ITER = 1784	15683	14444
ITER = 1785	15683	14439
ITER = 1786	15683	14431
ITER = 1787	15683	14426
ITER = 1788	15683	14424
ITER = 1789	15683	14419
ITER = 1790	15683	14414
ITER = 1791	15683	14407
ITER = 1792	15683	14403
ITER = 1793	15683	14400
ITER = 1794	15683	14400
ITER = 1795	15683	14395
ITER = 1796	15683	14388
ITER = 1797	15683	14385
ITER = 1798	15683	14380
ITER = 1799	15683	14379
ITER = 1800	15683	14373
ITER = 1801	15683	14370
ITER = 1802	15683	14367
ITER = 1803	15683	14363
ITER = 1804	15683	14360
ITER = 1805	15683	14357
ITER = 1806	15683	14356
ITER = 1807	15683	14352
ITER = 1808	15683	14344
ITER = 1809	15683	14338
ITER = 1810	15683	14334
ITER = 1811	15683	14331
ITER = 1812	15683	14328
ITER = 1813	15683	14326
ITER = 1814	15683	14325
ITER = 1815	15683	14323
ITER = 1816	15683	14321
ITER = 1817	15683	14317
ITER = 1818	15683	14315
ITER = 1819	15683	14314
ITER = 1820	15683	14309
ITER = 1821	15683	14305
ITER = 1822	15683	14300
ITER = 1823	15683	14299
ITER = 1824	15683	14297
ITER = 1825	15683	14294
ITER = 1826	15683	14287
ITER = 1827	15683	14285
ITER = 1828	15683	14280
ITER = 1829	15683	14277
ITER = 1830	15683	14274
ITER = 1831	15683	14268
ITER = 1832	15683	14263
ITER = 1833	15683	14257
ITER = 1834	15683	14253
ITER = 1835	15683	14250
ITER = 1836	15683	14242
ITER = 1837	15683	14233
ITER = 1838	15683	14230
ITER = 1839	15683	14225
ITER = 1840	15683	14224
ITER = 1841	15683	14220
ITER = 1842	15683	14217
ITER = 1843	15683	14210
ITER = 1844	15683	14208
ITER = 1845	15683	14204
ITER = 1846	15683	14202
ITER = 1847	15683	14195
ITER = 1848	15683	14192
ITER = 1849	15683	14187
ITER = 1850	15683	14185
ITER = 1851	15683	14184
ITER = 1852	15683	14182
ITER = 1853	15683	14181
ITER = 1854	15683	14175
ITER = 1855	15683	14169
ITER = 1856	15683	14164
ITER = 1857	15683	14157
ITER = 1858	15683	14153
ITER = 1859	15683	14149
ITER = 1860	15683	14148
ITER = 1861	15683	14147
ITER = 1862	15683	14145
ITER = 1863	15683	14142
ITER = 1864	15683	14138
ITER = 1865	15683	14134
ITER = 1866	15683	14131
ITER = 1867	15683	14130
ITER = 1868	15683	14124
ITER = 1869	15683	14121
ITER = 1870	15683	14108
ITER = 1871	15683	14104
ITER = 1872	15683	14101
ITER = 1873	15683	14097
ITER = 1874	15683	14090
ITER = 1875	15683	14084
ITER = 1876	15683	14078
ITER = 1877	15683	14073
ITER = 1878	15683	14069
ITER = 1879	15683	14065
ITER = 1880	15683	14059
ITER = 1881	15683	14052
ITER = 1882	15683	14049
ITER = 1883	15683	14045
ITER = 1884	15683	14041
ITER = 1885	15683	14037
ITER = 1886	15683	14034
ITER = 1887	15683	14029
ITER = 1888	15683	14022
ITER = 1889	15683	14016
ITER = 1890	15683	14012
ITER = 1891	15683	14008
ITER = 1892	15683	14003
ITER = 1893	15683	13997
ITER = 1894	15683	13995
ITER = 1895	15683	13991
ITER = 1896	15683	13984
ITER = 1897	15683	13980
ITER = 1898	15683	13975
ITER = 1899	15683	13969
ITER = 1900	15683	13967
ITER = 1901	15683	13962
ITER = 1902	15683	13960
ITER = 1903	15683	13954
ITER = 1904	15683	13950
ITER = 1905	15683	13945
ITER = 1906	15683	13940
ITER = 1907	15683	13934
ITER = 1908	15683	13931
ITER = 1909	15683	13922
ITER = 1910	15683	13921
ITER = 1911	15683	13914
ITER = 1912	15683	13908
ITER = 1913	15683	13905
ITER = 1914	15683	13903
ITER = 1915	15683	13896
ITER = 1916	15683	13895
ITER = 1917	15683	13888
ITER = 1918	15683	13886
ITER = 1919	15683	13885
ITER = 1920	15683	13880
ITER = 1921	15683	13877
ITER = 1922	15683	13875
ITER = 1923	15683	13869
ITER = 1924	15683	13865
ITER = 1925	15683	13862
ITER = 1926	15683	13859
ITER = 1927	15683	13852
ITER = 1928	15683	13846
ITER = 1929	15683	13840
ITER = 1930	15683	13834
ITER = 1931	15683	13829
ITER = 1932	15683	13826
ITER = 1933	15683	13819
ITER = 1934	15683	13816
ITER = 1935	15683	13811
ITER = 1936	15683	13805
ITER = 1937	15683	13798
ITER = 1938	15683	13795
ITER = 1939	15683	13788
ITER = 1940	15683	13781
ITER = 1941	15683	13777
ITER = 1942	15683	13768
ITER = 1943	15683	13763
ITER = 1944	15683	13760
ITER = 1945	15683	13756
ITER = 1946	15683	13749
ITER = 1947	15683	13741
ITER = 1948	15683	13740
ITER = 1949	15683	13738
ITER = 1950	15683	13732
ITER = 1951	15683	13727
ITER = 1952	15683	13722
ITER = 1953	15683	13720
ITER = 1954	15683	13714
ITER = 1955	15683	13714
ITER = 1956	15683	13708
ITER = 1957	15683	13703
ITER = 1958	15683	13699
ITER = 1959	15683	13697
ITER = 1960	15683	13693
ITER = 1961	15683	13689
ITER = 1962	15683	13685
ITER = 1963	15683	13680
ITER = 1964	15683	13676
ITER = 1965	15683	13669
ITER = 1966	15683	13665
ITER = 1967	15683	13657
ITER = 1968	15683	13651
ITER = 1969	15683	13644
ITER = 1970	15683	13640
ITER = 1971	15683	13637
ITER = 1972	15683	13628
ITER = 1973	15683	13622
ITER = 1974	15683	13617
ITER = 1975	15683	13610
ITER = 1976	15683	13606
ITER = 1977	15683	13600
ITER = 1978	15683	13596
ITER = 1979	15683	13593
ITER = 1980	15683	13587
ITER = 1981	15683	13579
ITER = 1982	15683	13573
ITER = 1983	15683	13568
ITER = 1984	15683	13565
ITER = 1985	15683	13559
ITER = 1986	15683	13555
ITER = 1987	15683	13553
ITER = 1988	15683	13550
ITER = 1989	15683	13548
ITER = 1990	15683	13542
ITER = 1991	15683	13534
ITER = 1992	15683	13528
ITER = 1993	15683	13524
ITER = 1994	15683	13519
ITER = 1995	15683	13514
ITER = 1996	15683	13508
ITER = 1997	15683	13504
ITER = 1998	15683	13497
ITER = 1999	15683	13497
