-4.98335
-4.98335
-4.98335
-4.98335
-4.98335
-4.98335
-4.98335
-4.98335
-4.98335
-4.98335
-4.98335
-4.98335
-4.98335
-4.98335
-4.98335
-4.98335
-4.98335
-4.98335
-4.98335
-4.98335
-4.98335
-4.98335
-4.98335
-4.98335
-4.98335
-4.98335
-4.98335
-4.98335
-4.98335
-4.98335
-4.98335
-4.98335
-4.98335
-4.98335
-4.98335
-4.98335
-4.98335
-4.98335
-4.98335
-4.98335
-4.98335
-4.98335
-4.98335
-4.98335
-4.98335
-4.98335
-4.98335
-4.98335
-4.98335
-4.98335
-4.98335
-4.98335
-4.98335
-4.98335
-4.98335
-4.98335
-4.98335
-4.98335
-4.98335
-4.98335
-4.98335
-4.98335
-4.98335
-4.98335
-4.98335
-4.98335
-4.98335
-4.98335
-4.98335
-4.98335
-4.98335
-4.98335
-4.98335
-4.98335
-4.98335
-4.98335
-4.98335
-4.98335
-4.98335
-4.98335
-4.98335
-4.98335
-4.98335
-4.98335
-4.98335
-4.98335
-4.98335
-4.98335
-4.98335
-4.98335
-4.98335
-4.98335
-4.98335
-4.98335
-4.98335
-4.98335
-4.98335
-4.98335
-4.98335
-4.98335
-4.98335
-4.98335
-4.98335
-4.98335
-4.98335
-4.98335
-4.98335
-4.98335
-4.98335
-4.98335
-4.98335
-4.98335
-4.98335
-4.98335
-4.98335
-4.98335
-4.98335
-4.98335
-4.98335
-4.98335
-4.98335
-4.98335
-4.98335
-4.98335
-4.98335
-4.98335
-4.98335
-4.98335
-4.98335
-4.98335
-4.98335
-4.98335
-4.98335
-4.98335
-4.98335
-4.98335
-4.98335
-4.98335
-4.98335
-4.98335
-4.98335
-4.98335
-4.98335
-4.98335
-4.98335
-4.98335
-4.98335
-4.98335
-4.98335
-4.98335
-4.98335
-4.98335
-4.98335
-4.98335
-4.98335
-4.98335
-4.98335
-4.98335
-4.98335
-4.98335
-4.98335
-4.98335
-4.98335
-4.98335
-4.98335
-4.98335
-4.98335
-4.98335
-4.98335
-4.98335
-4.98335
-4.98335
-4.98335
-4.98335
-4.98335
-4.98335
-4.98335
-4.98335
-4.98335
-4.98335
-4.98335
-4.98335
-4.98335
-4.98335
-4.98335
-4.98335
-4.98335
-4.98335
-4.98335
-4.98335
-4.98335
-4.98335
-4.98335
-4.98335
-4.98335
-4.98335
-4.98335
-4.98335
-4.98335
-4.98335
-4.98335
-4.98335
-4.98335
-4.98335
-4.98335
-4.98335
-4.98335
-4.98335
-4.98335
-4.98335
-4.98335
-4.98335
-4.98335
-4.98335
-4.98335
-4.98335
-4.98335
-4.98335
-4.98335
-4.98335
-4.98335
-4.98335
-4.98335
-4.98335
-4.98335
-4.98335
-4.98335
-4.98335
-4.98335
-4.98335
-4.98335
-4.98335
-4.98335
-4.98335
-4.98335
-4.98335
-4.98335
-4.98335
-4.98335
-4.98335
-4.98335
-4.98335
-4.98335
-4.98335
-4.98335
-4.98335
-4.98335
-4.98335
-4.98335
-4.98335
-4.98335
-4.98335
-4.98335
-4.98335
-4.98335
-4.98335
-4.98335
-4.98335
-4.98335
-4.98335
-4.98335
-4.98335
-4.98335
-4.98335
-4.98335
-4.98335
-4.98335
-4.98335
-4.98335
-4.98335
-4.98335
-4.98335
-4.98335
-4.98335
-4.98335
-4.98335
-4.98335
-4.98335
-4.98335
-4.98335
-4.98335
-4.98335
-4.98335
-4.98335
-4.98335
-4.98335
-4.98335
-4.98335
-4.98335
-4.98335
-4.98335
-4.98335
-4.98335
-4.98335
-4.98335
-4.98335
-4.98335
-4.98335
-4.98335
-4.98335
-4.98335
-4.98335
-4.98335
-4.98335
-4.98335
-4.98335
-4.98335
-4.98335
-4.98335
-4.98335
-4.98335
-4.98335
-4.98335
-4.98335
-4.98335
-4.98335
-4.98335
-4.98335
-4.98335
-4.98335
-4.98335
-4.98335
-4.98335
-4.98335
-4.98335
-4.98335
-4.98335
-4.98335
-4.98335
-4.98335
-4.98335
-4.98335
-4.98335
-4.98335
-4.98335
-4.98335
-4.98335
-4.98335
-4.98335
-4.98335
-4.98335
-4.98335
-4.98335
-4.98335
-4.98335
-4.98335
-4.98335
-4.98335
-4.98335
-4.98335
-4.98335
-4.98335
-4.98335
-4.98335
-4.98335
-4.98335
-4.98335
-4.98335
-4.98335
-4.98335
-4.98335
-4.98335
-4.98335
-4.98335
-4.98335
-4.98335
-4.98335
-4.98335
-4.98335
-4.98335
-4.98335
-4.98335
-4.98335
-4.98335
-4.98335
-4.98335
-4.98335
-4.98335
-4.98335
-4.98335
-4.98335
-4.98335
-4.98335
-4.98335
-4.98335
-4.98335
-4.98335
-4.98335
-4.98335
-4.98335
-4.98335
-4.98335
-4.98335
-4.98335
-4.98335
-4.98335
-4.98335
-4.98335
-4.98335
-4.98335
-4.98335
-4.98335
-4.98335
-4.98335
-4.98335
-4.98335
-4.98335
-4.98335
-4.98335
-4.98335
-4.98335
-4.98335
-4.98335
-4.98335
-4.98335
-4.98335
-4.98335
-4.98335
-4.98335
-4.98335
-4.98335
-4.98335
-4.98335
-4.98335
-4.98335
-4.98335
-4.98335
-4.98335
-4.98335
-4.98335
-4.98335
-4.98335
-4.98335
-4.98335
-4.98335
-4.98335
-4.98335
-4.98335
-4.98335
-4.98335
-4.98335
-4.98335
-4.98335
-4.98335
-4.98335
-4.98335
-4.98335
-4.98335
-4.98335
-4.98335
-4.98335
-4.98335
-4.98335
-4.98335
-4.98335
-4.98335
-4.98335
-4.98335
-4.98335
-4.98335
-4.98335
-4.98335
-4.98335
-4.98335
-4.98335
-4.98335
-4.98335
-4.98335
-4.98335
-4.98335
-4.98335
-4.98335
-4.98335
-4.98335
-4.98335
-4.98335
-4.98335
-4.98335
-4.98335
-4.98335
-4.98335
-4.98335
-4.98335
-4.98335
-4.98335
-4.98335
-4.98335
-4.98335
-4.98335
-4.98335
-4.98335
-4.98335
-4.98335
-4.98335
-4.98335
-4.98335
-4.98335
-4.98335
-4.98335
-4.98335
-4.98335
-4.98335
-4.98335
-4.98335
-4.98335
-4.98335
-4.98335
-4.98335
-4.98335
-4.98335
-4.98335
-4.98335
-4.98335
-4.98335
-4.98335
-4.98335
-4.98335
-4.98335
-4.98335
-4.98335
-4.98335
-4.98335
-4.98335
-4.98335
-4.98335
-4.98335
-4.98335
-4.98335
-4.98335
-4.98335
-4.98335
-4.98335
-4.98335
-4.98335
-4.98335
-4.98335
-4.98335
-4.98335
-4.98335
-4.98335
-4.98335
-4.98335
-4.98335
-4.98335
-4.98335
-4.98335
-4.98335
-4.98335
-4.98335
-4.98335
-4.98335
-4.98335
-4.98335
-4.98335
-4.98335
-4.98335
-4.98335
-4.98335
-4.98335
-4.98335
-4.98335
-4.98335
-4.98335
-4.98335
-4.98335
-4.98335
-4.98335
-4.98335
-4.98335
-4.98335
-4.98335
-4.98335
-4.98335
-4.98335
-4.98335
-4.98335
-4.98335
-4.98335
-4.98335
-4.98335
-4.98335
-4.98335
-4.98335
-4.98335
-4.98335
-4.98335
-4.98335
-4.98335
-4.98335
-4.98335
-4.98335
-4.98335
-4.98335
-4.98335
-4.98335
-4.98335
-4.98335
-4.98335
-4.98335
-4.98335
-4.98335
-4.98335
-4.98335
-4.98335
-4.98335
-4.98335
-4.98335
-4.98335
-4.98335
-4.98335
-4.98335
-4.98335
-4.98335
-4.98335
-4.98335
-4.98335
-4.98335
-4.98335
-4.98335
-4.98335
-4.98335
-4.98335
-4.98335
-4.98335
-4.98335
-4.98335
-4.98335
-4.98335
-4.98335
-4.98335
-4.98335
-4.98335
-4.98335
-4.98335
-4.98335
-4.98335
-4.98335
-4.98335
-4.98335
-4.98335
-4.98335
-4.98335
-4.98335
-4.98335
-4.98335
-4.98335
-4.98335
-4.98335
-4.98335
-4.98335
-4.98335
-4.98335
-4.98335
-4.98335
-4.98335
-4.98335
-4.98335
-4.98335
-4.98335
-4.98335
-4.98335
-4.98335
-4.98335
-4.98335
-4.98335
-4.98335
-4.98335
-4.98335
-4.98335
-4.98335
-4.98335
-4.98335
-4.98335
-4.98335
-4.98335
-4.98335
-4.98335
-4.98335
-4.98335
-4.98335
-4.98335
-4.98335
-4.98335
-4.98335
-4.98335
-4.98335
-4.98335
-4.98335
-4.98335
-4.98335
-4.98335
-4.98335
-4.98335
-4.98335
-4.98335
-4.98335
-4.98335
-4.98335
-4.98335
-4.98335
-4.98335
-4.98335
-4.98335
-4.98335
-4.98335
-4.98335
-4.98335
-4.98335
-4.98335
-4.98335
-4.98335
-4.98335
-4.98335
-4.98335
-4.98335
-4.98335
-4.98335
-4.98335
-4.98335
-4.98335
-4.98335
-4.98335
-4.98335
-4.98335
-4.98335
-4.98335
-4.98335
-4.98335
-4.98335
-4.98335
-4.98335
-4.98335
-4.98335
-4.98335
-4.98335
-4.98335
-4.98335
-4.98335
-4.98335
-4.98335
-4.98335
-4.98335
-4.98335
-4.98335
-4.98335
-4.98335
-4.98335
-4.98335
-4.98335
-4.98335
-4.98335
-4.98335
-4.98335
-4.98335
-4.98335
-4.98335
-4.98335
-4.98335
-4.98335
-4.98335
-4.98335
-4.98335
-4.98335
-4.98335
-4.98335
-4.98335
-4.98335
-4.98335
-4.98335
-4.98335
-4.98335
-4.98335
-4.98335
-4.98335
-4.98335
-4.98335
-4.98335
-4.98335
-4.98335
-4.98335
-4.98335
-4.98335
-4.98335
-4.98335
-4.98335
-4.98335
-4.98335
-4.98335
-4.98335
-4.98335
-4.98335
-4.98335
-4.98335
-4.98335
-4.98335
-4.98335
-4.98335
-4.98335
-4.98335
-4.98335
-4.98335
-4.98335
-4.98335
-4.98335
-4.98335
-4.98335
-4.98335
-4.98335
-4.98335
-4.98335
-4.98335
-4.98335
-4.98335
-4.98335
-4.98335
-4.98335
-4.98335
-4.98335
-4.98335
-4.98335
-4.98335
-4.98335
-4.98335
-4.98335
-4.98335
-4.98335
-4.98335
-4.98335
-4.98335
-4.98335
-4.98335
-4.98335
-4.98335
-4.98167
-4.98167
-4.98167
-4.98167
-4.98167
-4.98167
-4.98167
-4.98167
-4.98167
-4.98167
-4.98167
-4.98167
-4.98167
-4.98167
-4.98167
-4.98167
-4.98167
-4.98167
-4.98167
-4.98167
-4.98167
-4.98167
-4.98167
-4.98167
-4.98167
-4.98167
-4.98167
-4.98167
-4.98167
-4.98167
-4.98167
-4.98167
-4.98167
-4.98167
-4.98167
-4.98167
-4.98167
-4.98167
-4.98167
-4.98167
-4.98167
-4.98167
-4.98167
-4.98167
-4.98167
-4.98167
-4.98167
-4.98167
-4.98167
-4.98167
-4.98167
-4.98167
-4.98167
-4.98167
-4.98167
-4.98167
-4.98167
-4.98167
-4.98167
-4.98167
-4.98167
-4.98167
-4.98167
-4.98167
-4.98167
-4.98167
-4.98167
-4.98167
-4.98167
-4.98167
-4.98167
-4.98167
-4.98167
-4.98167
-4.98167
-4.98167
-4.98167
-4.98167
-4.98167
-4.98167
-4.98167
-4.98167
-4.98167
-4.98167
-4.98167
-4.98167
-4.98167
-4.98167
-4.98167
-4.98167
-4.98167
-4.98167
-4.98167
-4.98167
-4.98167
-4.98167
-4.98167
-4.98167
-4.98167
-4.98167
-4.98167
-4.98167
-4.98167
-4.98167
-4.98167
-4.98167
-4.98167
-4.98167
-4.98167
-4.98167
-4.98167
-4.98167
-4.98167
-4.98167
-4.98167
-4.98167
-4.98167
-4.98167
-4.98167
-4.98167
-4.98167
-4.98167
-4.98167
-4.98167
-4.98167
-4.98167
-4.98167
-4.98167
-4.98167
-4.98167
-4.98167
-4.98167
-4.98167
-4.98167
-4.98167
-4.98167
-4.98167
-4.98167
-4.98167
-4.98167
-4.98167
-4.98167
-4.98167
-4.98167
-4.98167
-4.98167
-4.98167
-4.98167
-4.98167
-4.98167
-4.98167
-4.98167
-4.98167
-4.98167
-4.98167
-4.98167
-4.98167
-4.98167
-4.98167
-4.98167
-4.98167
-4.98167
-4.98167
-4.98167
-4.98167
-4.98167
-4.98167
0.244714
0.244695
0.243341
0.241981
0.240643
0.239288
0.237903
0.236628
0.235352
0.234062
0.232789
0.231507
0.230225
0.228696
0.227504
0.226344
0.225167
0.223988
0.222824
0.221652
0.220479
0.219296
0.217822
0.216765
0.21569
0.214609
0.213561
0.212494
0.21143
0.21037
0.209302
0.208241
0.207174
0.205988
0.204995
0.204007
0.20301
0.202034
0.201035
0.200041
0.199051
0.198057
0.197059
0.196065
0.19502
0.194078
0.193143
0.192217
0.191273
0.190336
0.189393
0.188456
0.187501
0.186562
0.185632
0.184694
0.183804
0.182884
0.18199
0.181076
0.180176
0.179288
0.178393
0.177489
0.176588
0.175737
0.174803
0.173935
0.17307
0.172207
0.171339
0.170474
0.169604
0.168732
0.167862
0.167035
0.16616
0.165275
0.164403
0.163562
0.162724
0.161884
0.16101
0.160166
0.159317
0.158546
0.15768
0.156828
0.15599
0.155158
0.154344
0.153523
0.152698
0.151881
0.151072
0.150271
0.149427
0.14861
0.147805
0.147005
0.146202
0.145387
0.14459
0.143785
0.143008
0.142184
0.141376
0.140611
0.139818
0.13903
0.138226
0.137435
0.136629
0.135852
0.135059
0.134257
0.133478
0.13269
0.131907
0.13111
0.130319
0.129536
0.128788
0.127986
0.12719
0.126425
0.125643
0.124871
0.12411
0.123344
0.12257
0.121819
0.12104
0.120272
0.119512
0.118752
0.117994
0.117234
0.116472
0.115726
0.114956
0.114196
0.113443
0.112697
0.111931
0.11119
0.110427
0.109673
0.108911
0.108155
0.107402
0.10665
0.105889
0.10513
0.104376
0.103614
0.102861
0.102099
0.101338
0.100588
0.0998234
0.0990655
0.0982993
0.097552
0.0967999
0.0960475
0.0952997
0.0945515
0.0937989
0.0930483
0.0923022
0.0915542
0.0907986
0.090058
0.0893102
0.0885706
0.0878217
0.0870872
0.0863421
0.0856049
0.0848704
0.0841425
0.0833927
0.0826617
0.0819396
0.0812168
0.0804899
0.0797946
0.0790509
0.0783449
0.077637
0.0769229
0.0762196
0.0755343
0.0748157
0.0741294
0.0734435
0.0727503
0.0720598
0.0713923
0.0706938
0.0700196
0.0693435
0.068669
0.0680061
0.0673265
0.0666696
0.0660111
0.0653487
0.0646845
0.0640418
0.0633878
0.0627392
0.0620892
0.0614488
0.0608127
0.060171
0.0595369
0.0589075
0.0582791
0.0576495
0.0570393
0.0564156
0.0557998
0.0551891
0.0545796
0.0539872
0.0533717
0.0527908
0.0521915
0.0515994
0.0510028
0.0504162
0.0498348
0.049261
0.0486819
0.0481184
0.0475493
0.0469937
0.0464295
0.0458711
0.0453211
0.0447856
0.0442451
0.0437021
0.0431638
0.0426435
0.0421282
0.0416133
0.0411
0.0405848
0.0400847
0.0395913
0.0390973
0.0385977
0.0381055
0.0376357
0.0371561
0.036687
0.0362133
0.0357516
0.0352955
0.0348389
0.0343813
0.0339242
0.0334789
0.0330402
0.0326045
0.0321684
0.0317305
0.031308
0.0308866
0.0304661
0.0300455
0.0296272
0.029225
0.02882
0.028425
0.0280197
0.027632
0.0272486
0.0268573
0.0264762
0.0260975
0.0257314
0.025366
0.0249981
0.0246288
0.0242806
0.0239229
0.0235777
0.0232262
0.0228824
0.022549
0.0222149
0.0218824
0.0215522
0.0212325
0.020914
0.0206001
0.0202804
0.0199719
0.0196711
0.0193714
0.0190693
0.0187705
0.018485
0.0181989
0.0179124
0.0176257
0.0173475
0.0170745
0.0168024
0.0165313
0.0162621
0.016003
0.0157411
0.0154833
0.0152266
0.0149726
0.0147258
0.0144778
0.0142283
0.0139836
0.0137469
0.0135063
0.0132669
0.0130284
0.0128035
0.0125768
0.0123525
0.0121239
0.0119013
0.011684
0.0114651
0.0112474
0.0110305
0.0108235
0.0106187
0.0104138
0.0102021
0.0100075
0.00981087
0.00961915
0.00941653
0.00923585
0.00905753
0.00887604
0.0086933
0.00851194
0.00834451
0.00817528
0.00800494
0.00783099
0.00767376
0.0075155
0.00735644
0.00719119
0.00704574
0.00689929
0.00675352
0.00660482
0.00645797
0.00631983
0.00618182
0.00604523
0.0059002
0.0057708
0.00564034
0.00551165
0.00538507
0.00525896
0.00513924
0.00501578
0.00489278
0.00476928
0.00465267
0.00453685
0.00442306
0.00430757
0.00419548
0.00408916
0.00398028
0.00387199
0.00376553
0.00366466
0.0035645
0.00346762
0.00336792
0.00326666
0.00317772
0.00308456
0.00299314
0.00290024
0.00281034
0.00272724
0.00264053
0.00255834
0.00247327
0.00238937
0.00230924
0.00223341
0.00215291
0.00207671
0.00199752
0.00192569
0.00185485
0.00178064
0.00170786
0.0016376
0.00156764
0.00150068
0.00143496
0.00136834
0.00129813
0.00123584
0.00117298
0.00111144
0.00104994
0.00100019
0.000925945
0.000869607
0.00080984
0.000752579
0.000693719
0.000638843
0.000585092
0.000529802
0.000477284
0.000423298
0.000372449
0.000321671
0.000272825
0.000223485
0.000181814
0.000126863
8.20471e-05
3.8756e-05
-6.55784e-06
-4.02743e-05
-9.40116e-05
-0.000131688
-0.000169928
-0.000208627
-0.000247347
-0.000284196
-0.000317233
-0.000350216
-0.000383195
-0.000417508
-0.000447285
-0.000476592
-0.000501008
-0.000529529
-0.000557009
-0.000582483
-0.000600617
-0.000623409
-0.000641944
-0.00066465
-0.000681975
-0.000698444
-0.0007123
-0.000726279
-0.000740607
-0.000753748
-0.000759394
-0.000769523
-0.000776301
-0.000784084
-0.000791879
-0.000793575
-0.000793225
-0.000795095
-0.000798004
-0.000797178
-0.000795259
-0.000791119
-0.00078696
-0.000781869
-0.000777838
-0.000768516
-0.000759032
-0.000749602
-0.000740191
-0.000714271
-0.000715927
-0.000699497
-0.000685124
-0.000670802
-0.000646535
-0.000637666
-0.000621092
-0.000600125
-0.000583509
-0.000552371
-0.000540117
-0.000517243
-0.000494394
-0.000471487
-0.000448904
-0.000426177
-0.000397263
-0.000372589
-0.000343657
-0.000316972
-0.000280469
-0.000259592
-0.000229034
-0.00019686
-0.000166334
-0.000135641
-0.000103331
-6.68602e-05
-3.16519e-05
3.55799e-06
3.8928e-05
9.20243e-05
0.000114186
0.000155582
0.00019507
0.000234945
0.000278285
0.000336763
0.000364983
0.000409705
0.000456901
0.000502506
0.000563249
0.00059694
0.000648331
0.000698093
0.000747814
0.000799196
0.000863157
0.00090167
0.000957273
0.00101255
0.00106678
0.00112012
0.00119019
0.00123534
0.00129355
0.00135338
0.0014121
0.00147224
0.00154475
0.00159432
0.00165719
0.00172017
0.00178442
0.00184756
0.00191235
0.00197884
0.00204763
0.00211492
0.00218391
0.00225163
0.00233464
0.00239191
0.00246496
0.00253763
0.00261003
0.00268401
0.0027559
0.00284901
0.00291082
0.00298743
0.00306643
0.00314618
0.00322358
0.00329904
0.00338307
0.00346417
0.0035486
0.00363292
0.00371421
0.00379466
0.00389801
0.00396624
0.0040558
0.00414241
0.00423186
0.00431823
0.00440737
0.00451387
0.00458574
0.00467946
0.00477413
0.00486538
0.00496333
0.0050544
0.00517024
0.00524637
0.005345
0.00544437
0.00554189
0.00563877
0.00573817
0.00583577
0.00596027
0.0060413
0.00614613
0.00625196
0.00635533
0.00646071
0.00656439
0.00666987
0.00680347
0.00689034
0.00700006
0.00710915
0.00721667
0.007328
0.0074397
0.0075446
0.0076602
0.00777632
0.00789101
0.00800748
0.00812042
0.00823552
0.00835159
0.0084715
0.00859005
0.00870975
0.00883029
0.00895129
0.0090706
0.00919145
0.00931001
0.00943016
0.00957427
0.00968133
0.00980406
0.00993198
0.010056
0.0101843
0.0103074
0.0104361
0.0105606
0.0106894
0.01082
0.0109527
0.0110838
0.0112158
0.011351
0.0114799
0.0116116
0.0117764
0.011883
0.0120235
0.0121602
0.0123011
0.0124407
0.0125758
0.0127147
0.0128536
0.0130271
0.0131386
0.0132832
0.0134299
0.0135734
0.0137206
0.0138638
0.0140075
0.0141555
0.0143373
0.0144531
0.0146103
0.0147619
0.0149176
0.015069
0.0152237
0.0153758
0.0155314
0.0157228
0.0158875
0.0160078
0.0161723
0.0163354
0.0164994
0.0166593
0.0168228
0.0169829
0.0171831
0.017359
0.0174866
0.017659
0.0178299
0.0179981
0.0181698
0.0183427
0.018514
0.0186841
0.0188974
0.0190377
0.0192184
0.0193977
0.0195781
0.0197573
0.0199381
0.0201198
0.020296
0.0205198
0.0206622
0.0208519
0.0210399
0.0212297
0.0214192
0.0216053
0.0217945
0.0219807
0.0222164
0.022405
0.0225621
0.0227574
0.022953
0.0231501
0.0233532
0.0235501
0.0237432
0.0239423
0.0241899
0.0243902
0.0245495
0.0247537
0.0249648
0.0251717
0.0253767
0.0255832
0.0257883
0.0259933
0.0262526
0.0264205
0.0266378
0.0268519
0.0270692
0.0272824
0.0274997
0.0277164
0.0279319
0.0281488
0.028425
0.0285924
0.0288185
0.0290417
0.0292668
0.029493
0.0297216
0.0299498
0.030172
0.0304559
0.030688
0.0308682
0.0311087
0.031343
0.0315801
0.0318196
0.0320574
0.0322918
0.0325293
0.0327654
0.0330715
0.0332574
0.0335054
0.0337481
0.033999
0.0342466
0.0344994
0.0347488
0.0349964
0.0352483
0.0355611
0.035761
0.0360196
0.0362805
0.0365412
0.0368015
0.0370609
0.037323
0.0375808
0.0378439
0.0381758
0.0383821
0.0386542
0.038928
0.0392019
0.0394752
0.0397474
0.0400118
0.0402907
0.0405641
0.0409088
0.0411275
0.0414128
0.0417008
0.0419839
0.0422696
0.0425525
0.0428327
0.0431134
0.0433999
0.0437719
0.043996
0.0442971
0.0445936
0.0448944
0.0451947
0.0454949
0.0457934
0.0460931
0.0463916
0.0467786
0.0470116
0.0473259
0.0476365
0.0479512
0.0482646
0.0485884
0.0488999
0.0492144
0.0495244
0.0499328
0.0501869
0.0505151
0.0508429
0.0511782
0.0515102
0.051842
0.0521722
0.0524973
0.0528293
0.0532775
0.0535266
0.0538805
0.0542311
0.0545801
0.0549304
0.0552818
0.0556332
0.0559896
0.0564418
0.0568054
0.0570757
0.0574467
0.0578163
0.0581867
0.0585564
0.0589264
0.0592893
0.0596681
0.0601461
0.060441
0.060833
0.0612279
0.0616216
0.0620152
0.0624101
0.0628082
0.0631928
0.0635946
0.0641415
0.0644108
0.0648452
0.0652647
0.0656794
0.0660973
0.0665185
0.066927
0.0673432
0.0679449
0.0682382
0.068691
0.0691442
0.0695952
0.0700471
0.0705013
0.0709402
0.0713953
0.071856
0.0723584
0.0728444
0.0733285
0.0738232
0.0743081
0.0748112
0.0752904
0.0757868
0.0764819
0.0768466
0.0773739
0.0778997
0.0784258
0.0789533
0.0794916
0.0800259
0.0807455
0.0811397
0.0817055
0.0822566
0.0828391
0.0834022
0.0839678
0.0845533
0.0852775
0.085726
0.0863475
0.0869581
0.0875711
0.0881911
0.0887998
0.0894134
0.0902337
0.0907065
0.0913569
0.0920243
0.0926828
0.0933465
0.0940135
0.0946691
0.0953728
0.0960797
0.0967914
0.0975061
0.0982296
0.0989558
0.099685
0.100442
0.101227
0.102002
0.102775
0.10356
0.104362
0.105143
0.105985
0.106851
0.107731
0.108588
0.109459
0.110327
0.111184
0.112192
0.113179
0.114169
0.115179
0.116157
0.11715
0.118315
0.119477
0.120618
0.121762
0.122892
0.124208
0.125533
0.126853
0.128213
0.129643
0.131239
0.1328
0.13435
0.135916
0.137915
0.139902
0.141918
0.144249
0.146788
0.149928
0.152577
0.154906
0.157457
0.16008
0.162907
0.165888
0.168898
0.172131
0.175816
0.179332
0.1834
0.187332
0.191775
0.19635
0.201417
0.206655
0.21224
0.21836
0.225007
0.232408
0.238119
0.246383
0.254604
0.262482
0.273145
0.281831
0.293923
0.303756
0.318539
0.329922
0.347765
0.360534
