-4.98335
-4.98335
-4.98335
-4.98335
-4.98335
-4.98335
-4.98335
-4.98335
-4.98335
-4.98335
-4.98335
-4.98335
-4.98335
-4.98335
-4.98335
-4.98335
-4.98335
-4.98335
-4.98335
-4.98335
-4.98335
-4.98335
-4.98335
-4.98335
-4.98335
-4.98335
-4.98335
-4.98335
-4.98335
-4.98335
-4.98335
-4.98335
-4.98335
-4.98335
-4.98335
-4.98335
-4.98335
-4.98335
-4.98335
-4.98335
-4.98335
-4.98335
-4.98335
-4.98335
-4.98335
-4.98335
-4.98335
-4.98335
-4.98335
-4.98335
-4.98335
-4.98335
-4.98335
-4.98335
-4.98335
-4.98335
-4.98335
-4.98335
-4.98335
-4.98335
-4.98335
-4.98335
-4.98335
-4.98335
-4.98335
-4.98335
-4.98335
-4.98335
-4.98335
-4.98335
-4.98335
-4.98335
-4.98335
-4.98335
-4.98335
-4.98335
-4.98335
-4.98335
-4.98335
-4.98335
-4.98335
-4.98335
-4.98335
-4.98335
-4.98335
-4.98335
-4.98335
-4.98335
-4.98335
-4.98335
-4.98335
-4.98335
-4.98335
-4.98335
-4.98335
-4.98335
-4.98335
-4.98335
-4.98335
-4.98335
-4.98335
-4.98335
-4.98335
-4.98335
-4.98335
-4.98335
-4.98335
-4.98335
-4.98335
-4.98335
-4.98335
-4.98335
-4.98335
-4.98335
-4.98335
-4.98335
-4.98335
-4.98335
-4.98335
-4.98335
-4.98335
-4.98335
-4.98335
-4.98335
-4.98335
-4.98335
-4.98335
-4.98335
-4.98335
-4.98335
-4.98335
-4.98335
-4.98335
-4.98335
-4.98335
-4.98335
-4.98335
-4.98335
-4.98335
-4.98335
-4.98335
-4.98335
-4.98335
-4.98335
-4.98335
-4.98335
-4.98335
-4.98335
-4.98335
-4.98335
-4.98335
-4.98335
-4.98335
-4.98335
-4.98335
-4.98335
-4.98335
-4.98335
-4.98335
-4.98335
-4.98335
-4.98335
-4.98335
-4.98335
-4.98335
-4.98335
-4.98335
-4.98335
-4.98335
-4.98335
-4.98335
-4.98335
-4.98335
-4.98335
-4.98335
-4.98335
-4.98335
-4.98335
-4.98335
-4.98335
-4.98335
-4.98335
-4.98335
-4.98335
-4.98335
-4.98335
-4.98335
-4.98335
-4.98335
-4.98335
-4.98335
-4.98335
-4.98335
-4.98335
-4.98335
-4.98335
-4.98335
-4.98335
-4.98335
-4.98335
-4.98335
-4.98335
-4.98335
-4.98335
-4.98335
-4.98335
-4.98335
-4.98335
-4.98335
-4.98335
-4.98335
-4.98335
-4.98335
-4.98335
-4.98335
-4.98335
-4.98335
-4.98335
-4.98335
-4.98335
-4.98335
-4.98335
-4.98335
-4.98335
-4.98335
-4.98335
-4.98335
-4.98335
-4.98335
-4.98335
-4.98335
-4.98335
-4.98335
-4.98335
-4.98335
-4.98335
-4.98335
-4.98335
-4.98335
-4.98335
-4.98335
-4.98335
-4.98335
-4.98335
-4.98335
-4.98335
-4.98335
-4.98335
-4.98335
-4.98335
-4.98335
-4.98335
-4.98335
-4.98335
-4.98335
-4.98335
-4.98335
-4.98335
-4.98335
-4.98335
-4.98335
-4.98335
-4.98335
-4.98335
-4.98335
-4.98335
-4.98335
-4.98335
-4.98335
-4.98335
-4.98335
-4.98335
-4.98335
-4.98335
-4.98335
-4.98335
-4.98335
-4.98335
-4.98335
-4.98335
-4.98335
-4.98335
-4.98335
-4.98335
-4.98335
-4.98335
-4.98335
-4.98335
-4.98335
-4.98335
-4.98335
-4.98335
-4.98335
-4.98335
-4.98335
-4.98335
-4.98335
-4.98335
-4.98335
-4.98335
-4.98335
-4.98335
-4.98335
-4.98335
-4.98335
-4.98335
-4.98335
-4.98335
-4.98335
-4.98335
-4.98335
-4.98335
-4.98335
-4.98335
-4.98335
-4.98335
-4.98335
-4.98335
-4.98335
-4.98335
-4.98335
-4.98335
-4.98335
-4.98335
-4.98335
-4.98335
-4.98335
-4.98335
-4.98335
-4.98335
-4.98335
-4.98335
-4.98335
-4.98335
-4.98335
-4.98335
-4.98335
-4.98335
-4.98335
-4.98335
-4.98335
-4.98335
-4.98335
-4.98335
-4.98335
-4.98335
-4.98335
-4.98335
-4.98335
-4.98335
-4.98335
-4.98335
-4.98335
-4.98335
-4.98335
-4.98335
-4.98335
-4.98335
-4.98335
-4.98335
-4.98335
-4.98335
-4.98335
-4.98335
-4.98335
-4.98335
-4.98335
-4.98335
-4.98335
-4.98335
-4.98335
-4.98335
-4.98335
-4.98335
-4.98335
-4.98335
-4.98335
-4.98335
-4.98335
-4.98335
-4.98335
-4.98335
-4.98335
-4.98335
-4.98335
-4.98335
-4.98335
-4.98335
-4.98335
-4.98335
-4.98335
-4.98335
-4.98335
-4.98335
-4.98335
-4.98335
-4.98335
-4.98335
-4.98335
-4.98335
-4.98335
-4.98335
-4.98335
-4.98335
-4.98335
-4.98335
-4.98335
-4.98335
-4.98335
-4.98335
-4.98335
-4.98335
-4.98335
-4.98335
-4.98335
-4.98335
-4.98335
-4.98335
-4.98335
-4.98335
-4.98335
-4.98335
-4.98335
-4.98335
-4.98335
-4.98335
-4.98335
-4.98335
-4.98335
-4.98335
-4.98335
-4.98335
-4.98335
-4.98335
-4.98335
-4.98335
-4.98335
-4.98335
-4.98335
-4.98335
-4.98335
-4.98335
-4.98335
-4.98335
-4.98335
-4.98335
-4.98335
-4.98335
-4.98335
-4.98335
-4.98335
-4.98335
-4.98335
-4.98335
-4.98335
-4.98335
-4.98335
-4.98335
-4.98335
-4.98335
-4.98335
-4.98335
-4.98335
-4.98335
-4.98335
-4.98335
-4.98335
-4.98335
-4.98335
-4.98335
-4.98335
-4.98335
-4.98335
-4.98335
-4.98335
-4.98335
-4.98335
-4.98335
-4.98335
-4.98335
-4.98335
-4.98335
-4.98335
-4.98335
-4.98335
-4.98335
-4.98335
-4.98335
-4.98335
-4.98335
-4.98335
-4.98335
-4.98335
-4.98335
-4.98335
-4.98335
-4.98335
-4.98335
-4.98335
-4.98335
-4.98335
-4.98335
-4.98335
-4.98335
-4.98335
-4.98335
-4.98335
-4.98335
-4.98335
-4.98335
-4.98335
-4.98335
-4.98335
-4.98335
-4.98335
-4.98335
-4.98335
-4.98335
-4.98335
-4.98335
-4.98335
-4.98335
-4.98335
-4.98335
-4.98335
-4.98335
-4.98335
-4.98335
-4.98335
-4.98335
-4.98335
-4.98335
-4.98335
-4.98335
-4.98335
-4.98335
-4.98335
-4.98335
-4.98335
-4.98335
-4.98335
-4.98335
-4.98335
-4.98335
-4.98335
-4.98335
-4.98335
-4.98335
-4.98335
-4.98335
-4.98335
-4.98335
-4.98335
-4.98335
-4.98335
-4.98335
-4.98335
-4.98335
-4.98335
-4.98335
-4.98335
-4.98335
-4.98335
-4.98335
-4.98335
-4.98335
-4.98335
-4.98335
-4.98335
-4.98335
-4.98335
-4.98335
-4.98335
-4.98335
-4.98335
-4.98335
-4.98335
-4.98335
-4.98335
-4.98335
-4.98335
-4.98335
-4.98335
-4.98335
-4.98335
-4.98335
-4.98335
-4.98335
-4.98335
-4.98335
-4.98335
-4.98335
-4.98335
-4.98335
-4.98335
-4.98335
-4.98335
-4.98335
-4.98335
-4.98335
-4.98335
-4.98335
-4.98335
-4.98335
-4.98335
-4.98335
-4.98335
-4.98335
-4.98335
-4.98335
-4.98335
-4.98335
-4.98335
-4.98335
-4.98335
-4.98335
-4.98335
-4.98335
-4.98335
-4.98335
-4.98335
-4.98335
-4.98335
-4.98335
-4.98335
-4.98335
-4.98335
-4.98335
-4.98335
-4.98335
-4.98335
-4.98335
-4.98335
-4.98335
-4.98335
-4.98335
-4.98335
-4.98335
-4.98335
-4.98335
-4.98335
-4.98335
-4.98335
-4.98335
-4.98335
-4.98335
-4.98335
-4.98335
-4.98335
-4.98335
-4.98335
-4.98335
-4.98335
-4.98335
-4.98335
-4.98335
-4.98335
-4.98335
-4.98335
-4.98335
-4.98335
-4.98335
-4.98335
-4.98335
-4.98335
-4.98335
-4.98335
-4.98335
-4.98335
-4.98335
-4.98335
-4.98335
-4.98335
-4.98335
-4.98335
-4.98335
-4.98335
-4.98335
-4.98335
-4.98335
-4.98335
-4.98335
-4.98335
-4.98335
-4.98335
-4.98335
-4.98335
-4.98335
-4.98335
-4.98335
-4.98335
-4.98335
-4.98335
-4.98335
-4.98335
-4.98335
-4.98335
-4.98335
-4.98335
-4.98335
-4.98335
-4.98335
-4.98335
-4.98335
-4.98335
-4.98335
-4.98335
-4.98335
-4.98335
-4.98335
-4.98335
-4.98335
-4.98335
-4.98335
-4.98335
-4.98335
-4.98335
-4.98335
-4.98335
-4.98335
-4.98335
-4.98335
-4.98335
-4.98335
-4.98335
-4.98335
-4.98335
-4.98335
-4.98335
-4.98335
-4.98335
-4.98335
-4.98335
-4.98335
-4.98335
-4.98335
-4.98335
-4.98335
-4.98335
-4.98335
-4.98335
-4.98335
-4.98335
-4.98335
-4.98335
-4.98335
-4.98335
-4.98335
-4.98335
-4.98335
-4.98335
-4.98335
-4.98335
-4.98335
-4.98335
-4.98335
-4.98335
-4.98335
-4.98335
-4.98335
-4.98335
-4.98335
-4.98335
-4.98335
-4.98335
-4.98335
-4.98335
-4.98335
-4.98335
-4.98335
-4.98335
-4.98335
-4.98335
-4.98335
-4.98335
-4.98335
-4.98335
-4.98335
-4.98335
-4.98335
-4.98335
-4.98335
-4.98335
-4.98335
-4.98335
-4.98335
-4.98335
-4.98335
-4.98335
-4.98335
-4.98335
-4.98335
-4.98335
-4.98335
-4.98335
-4.98335
-4.98335
-4.98335
-4.98335
-4.98335
-4.98335
-4.98335
-4.98335
-4.98335
-4.98335
-4.98335
-4.98335
-4.98335
-4.98335
-4.98335
-4.98335
-4.98335
-4.98335
-4.98335
-4.98335
-4.98335
-4.98335
-4.98335
-4.98335
-4.98335
-4.98335
-4.98335
-4.98335
-4.98335
-4.98335
-4.98335
-4.98335
-4.98335
-4.98335
-4.98335
-4.98335
-4.98335
-4.98335
-4.98335
-4.98335
-4.98335
-4.98335
-4.98335
-4.98335
-4.98335
-4.98335
-4.98335
-4.98335
-4.98335
-4.98335
-4.98335
-4.98335
-4.98335
-4.98335
-4.98335
-4.98335
-4.98335
-4.98335
-4.98335
-4.98335
-4.98335
-4.98335
-4.98335
-4.98335
-4.98335
-4.98335
-4.98335
-4.98335
-4.98335
-4.98335
-4.98335
-4.98335
-4.98335
-4.98335
-4.98335
-4.98335
-4.98335
-4.98335
-4.98335
-4.98335
-4.98335
-4.98335
-4.98335
-4.98335
-4.98335
-4.98335
-4.98335
-4.98335
-4.98335
-4.98335
-4.98335
-4.98335
-4.98335
-4.98335
-4.98335
-4.98335
-4.98335
-4.98335
-4.98335
-4.98335
-4.98335
-4.98335
-4.98335
-4.98335
-4.98335
-4.98335
-4.98335
-4.98335
-4.98335
-4.98335
-4.98335
-4.98335
-4.98335
-4.98335
-4.98335
-4.98335
-4.98335
-4.98335
-4.98335
-4.98335
-4.98335
-4.98335
-4.98335
-4.98335
-4.98335
-4.98335
-4.98335
-4.98335
-4.98335
-4.98335
-4.98335
-4.98335
-4.98335
-4.98335
-4.98335
-4.98335
-4.98335
-4.98335
-4.98335
-4.98335
-4.98335
-4.98335
-4.98335
-4.98335
-4.98335
-4.98335
-4.98335
-4.98335
-4.98335
-4.98335
-4.98335
-4.98335
-4.98335
-4.98335
-4.98335
-4.98335
-4.98335
-4.98335
-4.98335
-4.98335
-4.98335
-4.98335
-4.98335
-4.98335
-4.98335
-4.98335
-4.98335
-4.98335
-4.98335
-4.98335
-4.98335
-4.98335
-4.98335
-4.98335
-4.98335
-4.98335
-4.98335
-4.98335
-4.98335
-4.98335
-4.98335
-4.98335
-4.98335
-4.98335
-4.98335
-4.98335
-4.98335
-4.98335
-4.98335
-4.98335
-4.98335
-4.98335
-4.98335
-4.98335
-4.98335
-4.98335
-4.98335
-4.98335
-4.98335
-4.98335
-4.98335
-4.98335
-4.98335
-4.98335
-4.98335
-4.98335
-4.98335
-4.98335
-4.98335
-4.98335
-4.98335
-4.98335
-4.98335
-4.98335
-4.98335
-4.98335
-4.98335
-4.98335
-4.98335
-4.98335
-4.98335
-4.98335
-4.98335
-4.98335
-4.98335
-4.98335
-4.98335
-4.98335
-4.98335
-4.98335
-4.98335
-4.98335
-4.98335
-4.98335
-4.98335
-4.98335
-4.98335
-4.98335
-4.98335
-4.98335
-4.98335
-4.98335
-4.98335
-4.98335
-4.98335
-4.98335
-4.98335
-4.98335
-4.98335
-4.98335
-4.98335
-4.98335
-4.98335
-4.98335
-4.98335
-4.98335
-4.98335
-4.98335
-4.98335
-4.98335
-4.98335
-4.98335
-4.98335
-4.98335
-4.98335
-4.98335
-4.98335
-4.98335
-4.98335
-4.98335
-4.98335
-4.98335
-4.98335
-4.98335
-4.98335
-4.98335
-4.98335
-4.98335
-4.98335
-4.98335
-4.98335
-4.98335
-4.98335
-4.98335
-4.98335
-4.98335
-4.98335
-4.98335
-4.98335
-4.98335
-4.98335
-4.98335
-4.98335
-4.98335
-4.98335
-4.98335
-4.98335
-4.98335
-4.98335
-4.98335
-4.98335
-4.98335
-4.98335
-4.98335
-4.98335
-4.98335
-4.98335
-4.98335
-4.98335
-4.98335
-4.98335
-4.98335
-4.98335
-4.98335
-4.98335
-4.98335
-4.98335
-4.98335
-4.98335
-4.98335
-4.98335
-4.98335
-4.98335
-4.98335
-4.98335
-4.98335
-4.98335
-4.98335
-4.98335
-4.98335
-4.98335
-4.98335
-4.98335
-4.98335
-4.98335
-4.98335
-4.98335
-4.98335
-4.98335
-4.98335
-4.98335
-4.98335
-4.98335
-4.98335
-4.98335
-4.98335
-4.98335
-4.98335
-4.98335
-4.98335
-4.98335
-4.98335
-4.98335
-4.98335
-4.98335
-4.98335
-4.98335
-4.98335
-4.98335
-4.98335
-4.98335
-4.98335
-4.98335
-4.98335
-4.98335
-4.98335
-4.98335
-4.98335
-4.98335
-4.98335
-4.98335
-4.98335
-4.98335
-4.98335
-4.98335
-4.98335
-4.98335
-4.98335
-4.98335
-4.98335
-4.98335
-4.98335
-4.98335
-4.98335
-4.98335
-4.98335
-4.98335
-4.98335
-4.98335
-4.98335
-4.98335
-4.98335
-4.98335
-4.98335
-4.98335
-4.98335
-4.98335
-4.98335
-4.98335
-4.98335
-4.98335
-4.98335
-4.98335
-4.98335
-4.98335
-4.98335
-4.98335
-4.98335
-4.98335
-4.98335
-4.98335
-4.98335
-4.98335
-4.98335
-4.98335
-4.98335
-4.98335
-4.98335
-4.98335
-4.98335
-4.98335
-4.98335
-4.98335
-4.98335
-4.98335
-4.98335
-4.98335
-4.98335
-4.98335
-4.98335
-4.98335
-4.98335
-4.98335
-4.98335
-4.98335
-4.98335
-4.98335
-4.98335
-4.98335
-4.98335
-4.98335
-4.98335
-4.98335
-4.98335
-4.98335
-4.98335
-4.98335
-4.98335
-4.98335
-4.98335
-4.98335
-4.98335
-4.98335
-4.98335
-4.98335
-4.98335
-4.98335
-4.98335
-4.98335
-4.98335
-4.98335
-4.98335
-4.98335
-4.98335
-4.98335
-4.98335
-4.98335
-4.98335
-4.98335
-4.98335
-4.98335
-4.98335
-4.98335
-4.98335
-4.98335
-4.98335
-4.98335
-4.98335
-4.98335
-4.98335
-4.98335
-4.98335
-4.98335
-4.98335
-4.98335
-4.98335
-4.98335
-4.98335
-4.98335
-4.98335
-4.98335
-4.98335
-4.98335
-4.98335
-4.98335
-4.98335
-4.98335
-4.98335
-4.98335
-4.98335
-4.98335
-4.98335
-4.98335
-4.98335
-4.98335
-4.98335
-4.98335
-4.98335
-4.98335
-4.98335
-4.98335
-4.98335
-4.98335
-4.98335
-4.98335
-4.98335
-4.98335
-4.98335
-4.98335
-4.98335
-4.98335
-4.98335
-4.98335
-4.98335
-4.98335
-4.98335
-4.98335
-4.98335
-4.98335
-4.98335
-4.98335
-4.98335
-4.98335
-4.98335
-4.98335
-4.98335
-4.98335
-4.98335
-4.98335
-4.98335
-4.98335
-4.98335
-4.98335
-4.98335
-4.98335
-4.98335
-4.98335
-4.98335
-4.98335
-4.98335
-4.98335
-4.98335
-4.98335
-4.98335
-4.98335
-4.98335
-4.98335
-4.98335
-4.98335
-4.98335
-4.98335
-4.98335
-4.98335
-4.98335
-4.98335
-4.98335
-4.98335
-4.98335
-4.98335
-4.98335
-4.98335
-4.98335
-4.98335
-4.98335
-4.98335
-4.98335
-4.98335
-4.98335
-4.98335
-4.98335
-4.98335
-4.98335
-4.98335
-4.98335
-4.98335
-4.98335
-4.98335
-4.98335
-4.98335
-4.98335
-4.98335
-4.98335
-4.98335
-4.98335
-4.98335
-4.98335
-4.98335
-4.98335
-4.98335
-4.98335
-4.98335
-4.98335
-4.98335
-4.98335
-4.98335
-4.98335
-4.98335
-4.98335
-4.98335
-4.98335
-4.98335
-4.98335
-4.98335
-4.98335
-4.98335
-4.98335
-4.98335
-4.98335
-4.98335
-4.98335
-4.98335
-4.98335
-4.98335
-4.98335
-4.98335
-4.98335
-4.98335
-4.98335
-4.98335
-4.98335
-4.98335
-4.98335
-4.98335
-4.98335
-4.98335
-4.98335
-4.98335
-4.98335
-4.98335
-4.98335
-4.98335
-4.98335
-4.98335
-4.98335
-4.98335
-4.98335
-4.98335
-4.98335
-4.98335
-4.98335
-4.98335
-4.98335
-4.98335
-4.98335
-4.98335
-4.98335
-4.98335
-4.98335
-4.98335
-4.98335
-4.98335
-4.98335
-4.98335
-4.98335
-4.98335
-4.98335
-4.98335
-4.98335
-4.98335
-4.98335
-4.98335
-4.98335
-4.98335
-4.98335
-4.98335
-4.98335
-4.98335
-4.98335
-4.98335
-4.98335
-4.98335
-4.98335
-4.98335
-4.98335
-4.98335
-4.98335
-4.98335
-4.98335
-4.98335
-4.98335
-4.98335
-4.98335
-4.98335
-4.98335
-4.98335
-4.98335
-4.98335
-4.98335
-4.98335
-4.98335
-4.98335
-4.98335
-4.98335
-4.98335
-4.98335
-4.98335
-4.98335
-4.98335
-4.98335
-4.98335
-4.98335
-4.98335
-4.98335
-4.98335
-4.98335
-4.98335
-4.98335
-4.98335
-4.98335
-4.98335
-4.98335
-4.98335
-4.98335
-4.98335
-4.98335
-4.98335
-4.98335
-4.98335
-4.98335
-4.98335
-4.98335
-4.98335
-4.98335
-4.98335
-4.98335
-4.98335
-4.98335
-4.98335
-4.98335
-4.98335
-4.98335
-4.98335
-4.98335
-4.98335
-4.98335
-4.98335
-4.98335
-4.98335
-4.98335
-4.98335
-4.98335
-4.98335
-4.98335
-4.98335
-4.98335
-4.98335
-4.98335
-4.98335
-4.98335
-4.98335
-4.98335
-4.98335
-4.98335
-4.98335
-4.98335
-4.98335
-4.98335
-4.98335
-4.98335
-4.98335
-4.98335
-4.98335
-4.98335
-4.98335
-4.98335
-4.98335
-4.98335
-4.98335
-4.98335
-4.98335
-4.98335
-4.98335
-4.98335
-4.98335
-4.98335
-4.98335
-4.98335
-4.98335
-4.98335
-4.98335
-4.98335
-4.98335
-4.98335
-4.98335
-4.98335
-4.98335
-4.98335
-4.98335
-4.98335
-4.98335
-4.98335
-4.98335
-4.98335
-4.98335
-4.98335
-4.98335
-4.98335
-4.98335
-4.98335
-4.98335
-4.98335
-4.98335
-4.98335
-4.98335
-4.98335
-4.98335
-4.98335
-4.98335
-4.98335
-4.98335
-4.98335
-4.98335
-4.98335
-4.98335
-4.98335
-4.98335
-4.98335
-4.98335
-4.98335
-4.98335
-4.98335
-4.98335
-4.98335
-4.98335
-4.98335
-4.98335
-4.98335
-4.98335
-4.98335
-4.98335
-4.98335
-4.98335
-4.98335
-4.98335
-4.98335
-4.98335
-4.98335
-4.98335
-4.98335
-4.98335
-4.98335
-4.98335
-4.98335
-4.98335
-4.98335
-4.98335
-4.98335
-4.98335
-4.98335
-4.98335
-4.98335
-4.98335
-4.98335
-4.98335
-4.98335
-4.98335
-4.98335
-4.98335
-4.98335
-4.98335
-4.98335
-4.98335
-4.98335
-4.98335
-4.98335
-4.98335
-4.98335
-4.98335
-4.98335
-4.98335
-4.98335
-4.98335
-4.98335
-4.98335
-4.98335
-4.98335
-4.98335
-4.98335
-4.98335
-4.98335
-4.98335
-4.98335
-4.98335
-4.98335
-4.98335
-4.98335
-4.98335
-4.98335
-4.98335
-4.98335
-4.98335
-4.98335
-4.98335
-4.98335
-4.98335
-4.98335
-4.98335
-4.98335
-4.98335
-4.98335
-4.98335
-4.98335
-4.98335
-4.98335
-4.98335
-4.98335
-4.98335
-4.98335
-4.98335
-4.98335
-4.98335
-4.98335
-4.98335
-4.98335
-4.98335
-4.98335
-4.98335
-4.98335
-4.98335
-4.98335
-4.98335
-4.98335
-4.98335
-4.98335
-4.98335
-4.98335
-4.98335
-4.98335
-4.98335
-4.98335
-4.98335
-4.98335
-4.98335
-4.98335
-4.98335
-4.98335
-4.98335
-4.98335
-4.98335
-4.98335
-4.98335
-4.98335
-4.98335
-4.98335
-4.98335
-4.98335
-4.98335
-4.98335
-4.98335
-4.98335
-4.98335
-4.98335
-4.98335
-4.98335
-4.98335
-4.98335
-4.98335
-4.98335
-4.98335
-4.98335
-4.98335
-4.98335
-4.98335
-4.98335
-4.98335
-4.98335
-4.98335
-4.98335
-4.98335
-4.98335
-4.98335
-4.98335
-4.98335
-4.98335
-4.98335
-4.98335
-4.98335
-4.98335
-4.98335
-4.98335
-4.98335
-4.98335
-4.98335
-4.98335
-4.98335
-4.98335
-4.98335
-4.98335
-4.98335
-4.98335
-4.98335
-4.98335
-4.98335
-4.98335
-4.98335
-4.98335
-4.98335
-4.98335
-4.98335
-4.98335
-4.98335
-4.98335
-4.98335
-4.98335
-4.98335
-4.98335
-4.98335
-4.98335
-4.98335
-4.98335
-4.98335
-4.98335
-4.98335
-4.98335
-4.98335
-4.98335
-4.98335
-4.98335
-4.98335
-4.98335
-4.98335
-4.98335
-4.98335
-4.98335
-4.98335
-4.98335
-4.98335
-4.98335
-4.98335
-4.98335
-4.98335
-4.98335
-4.98335
-4.98335
-4.98335
-4.98335
-4.98335
-4.98335
-4.98335
-4.98335
-4.98335
-4.98335
-4.98335
-4.98335
-4.98335
-4.98335
-4.98335
-4.98335
-4.98335
-4.98335
-4.98335
-4.98335
-4.98335
-4.98335
-4.98335
-4.98335
-4.98335
-4.98335
-4.98335
-4.98335
-4.98335
-4.98335
-4.98335
-4.98335
-4.98335
-4.98335
-4.98335
-4.98335
-4.98335
-4.98335
-4.98335
-4.98335
-4.98335
-4.98335
-4.98335
-4.98335
-4.98335
-4.98335
-4.98335
-4.98335
-4.98335
-4.98335
-4.98335
-4.98335
-4.98335
-4.98335
-4.98335
-4.98335
-4.98335
-4.98335
-4.98335
-4.98335
-4.98335
-4.98335
-4.98335
-4.98335
-4.98335
-4.98335
-4.98335
-4.98335
-4.98335
-4.98335
-4.98335
-4.98335
-4.98335
-4.98335
-4.98335
-4.98335
-4.98335
-4.98335
-4.98335
-4.98335
-4.98335
-4.98335
-4.98335
-4.98335
-4.98335
-4.98335
-4.98335
-4.98335
-4.98335
-4.98335
-4.98335
-4.98335
-4.98335
-4.98335
-4.98335
-4.98335
-4.98335
-4.98335
-4.98335
-4.98335
-4.98335
-4.98335
-4.98335
-4.98335
-4.98335
-4.98335
-4.98335
-4.98335
-4.98335
-4.98335
-4.98335
-4.98335
-4.98335
-4.98335
-4.98335
-4.98335
-4.98335
-4.98335
-4.98335
-4.98335
-4.98335
-4.98335
-4.98335
-4.98335
-4.98335
-4.98335
-4.98335
-4.98335
-4.98335
-4.98335
-4.98335
-4.98335
-4.98335
-4.98335
-4.98335
-4.98335
-4.98335
-4.98335
-4.98335
-4.98335
-4.98335
-4.98335
-4.98335
-4.98335
-4.98335
-4.98335
-4.98335
-4.98335
-4.98335
-4.98335
-4.98335
-4.98335
-4.98335
-4.98335
-4.98335
-4.98335
-4.98335
-4.98335
-4.98335
-4.98335
-4.98335
-4.98335
-4.98335
-4.98335
-4.98335
-4.98335
-4.98335
-4.98335
-4.98335
-4.98335
-4.98335
-4.98335
-4.98335
-4.98335
-4.98335
-4.98335
-4.98335
-4.98335
-4.98335
-4.98335
-4.98335
-4.98335
-4.98335
-4.98335
-4.98335
-4.98335
-4.98335
-4.98335
-4.98335
-4.98335
-4.98335
-4.98335
-4.98335
-4.98335
-4.98335
-4.98335
-4.98335
-4.98335
-4.98335
-4.98335
-4.98335
-4.98335
-4.98335
-4.98335
-4.98335
-4.98335
-4.98335
-4.98335
-4.98335
-4.98335
-4.98335
-4.98335
-4.98335
-4.98335
-4.98335
-4.98335
-4.98335
-4.98335
-4.98335
-4.98335
-4.98335
-4.98335
-4.98335
-4.98335
-4.98335
-4.98335
-4.98335
-4.98335
-4.98335
-4.98335
-4.98335
-4.98335
-4.98335
-4.98335
-4.98335
-4.98335
-4.98335
-4.98335
-4.98335
-4.98335
-4.98335
-4.98335
-4.98335
-4.98335
-4.98335
-4.98335
-4.98335
-4.98335
-4.98335
-4.98335
-4.98167
-4.98167
-4.98167
-4.98167
-4.98167
-4.98167
-4.98167
-4.98167
-4.98167
-4.98167
-4.98167
-4.98167
-4.98167
-4.98167
-4.98167
-4.98167
-4.98167
-4.98167
-4.98167
-4.98167
-4.98167
-4.98167
-4.98167
-4.98167
-4.98167
-4.98167
-4.98167
-4.98167
-4.98167
-4.98167
-4.98167
-4.98167
-4.98167
-4.98167
-4.98167
-4.98167
-4.98167
-4.98167
-4.98167
-4.98167
-4.98167
-4.98167
-4.98167
-4.98167
-4.98167
-4.98167
-4.98167
-4.98167
-4.98167
-4.98167
-4.98167
-4.98167
-4.98167
-4.98167
-4.98167
-4.98167
-4.98167
-4.98167
-4.98167
-4.98167
-4.98167
-4.98167
-4.98167
-4.98167
-4.98167
-4.98167
-4.98167
-4.98167
-4.98167
-4.98167
-4.98167
-4.98167
-4.98167
-4.98167
-4.98167
-4.98167
-4.98167
-4.98167
-4.98167
-4.98167
-4.98167
-4.98167
-4.98167
-4.98167
-4.98167
-4.98167
-4.98167
-4.98167
-4.98167
-4.98167
-4.98167
-4.98167
-4.98167
-4.98167
-4.98167
-4.98167
-4.98167
-4.98167
-4.98167
-4.98167
-4.98167
-4.98167
-4.98167
-4.98167
-4.98167
-4.98167
-4.98167
-4.98167
-4.98167
-4.98167
-4.98167
-4.98167
-4.98167
-4.98167
-4.98167
-4.98167
-4.98167
-4.98167
-4.98167
-4.98167
-4.98167
-4.98167
-4.98167
-4.98167
-4.98167
-4.98167
-4.98167
-4.98167
-4.98167
-4.98167
-4.98167
-4.98167
-4.98167
-4.98167
-4.98167
-4.98167
-4.98167
-4.98167
-4.98167
-4.98167
-4.98167
-4.98167
-4.98167
-4.98167
-4.98167
-4.98167
-4.98167
-4.98167
-4.98167
-4.98167
-4.98167
-4.98167
-4.98167
-4.98167
-4.98167
-4.98167
-4.98167
-4.98167
-4.98167
-4.98167
-4.98167
-4.98167
-4.98167
-4.98167
-4.98167
-4.98167
-4.98167
-4.98167
-4.98167
-4.98167
-4.98167
-4.98167
-4.98167
-4.98167
-4.98167
-4.98167
-4.98167
-4.98167
-4.98167
-4.98167
-4.98167
-4.98167
-4.98167
-4.98167
-4.98167
-4.98167
-4.98167
-4.98167
-4.98167
-4.98167
-4.98167
-4.98167
-4.98167
-4.98167
-4.98167
-4.98167
-4.98167
-4.98167
-4.98167
-4.98167
-4.98167
-4.98167
-4.98167
-4.98167
-4.98167
-4.98167
-4.98167
-4.98167
-4.98167
-4.98167
-4.98167
-4.98167
-4.98167
-4.98167
-4.98167
-4.98167
-4.98167
-4.98167
-4.98167
-4.98167
-4.98167
-4.98167
-4.98167
-4.98167
-4.98167
-4.98167
-4.98167
-4.98167
-4.98167
-4.98167
-4.98167
-4.98167
-4.98167
-4.98167
-4.98167
-4.98167
-4.98167
-4.98167
-4.98167
-4.98167
-4.98167
-4.98167
-4.98167
-4.98167
-4.98167
-4.98167
-4.98167
-4.98167
-4.98167
-4.98167
-4.98167
-4.98167
-4.98167
-4.98167
-4.98167
-4.98167
-4.98167
-4.98167
-4.98167
-4.98167
-4.98167
-4.98167
-4.98167
-4.98167
-4.98167
-4.98167
-4.98167
-4.98167
-4.98167
-4.98167
-4.98167
-4.98167
-4.98167
-4.98167
-4.98167
-4.98167
-4.98167
-4.98167
-4.98167
-4.98167
-4.98167
-4.98167
-4.98167
-4.98167
-4.98167
-4.98167
-4.98167
-4.98167
-4.98167
-4.98167
-4.98167
-4.98167
-4.98167
-4.98167
-4.98167
-4.98167
-4.98167
-4.98167
-4.98167
-4.98167
-4.98167
-4.98167
-4.98167
-4.98167
-4.98167
-4.98167
-4.98167
-4.98167
-4.98167
-4.98167
-4.98167
-4.98167
-4.98167
-4.98167
-4.98167
-4.98167
-4.98167
-4.98167
-4.98167
-4.98167
-4.98167
-4.98167
-4.98167
-4.98167
-4.98167
-4.98167
-4.98167
-4.98167
-4.98167
-4.98167
-4.98167
-4.98167
-4.98167
-4.98167
-4.98167
-4.98167
-4.98167
-4.98167
-4.98167
-4.98167
-4.98167
-4.98167
-4.98167
-4.98167
-4.98167
-4.98167
-4.98167
-4.98167
-4.98167
-4.98167
-4.98167
-4.98167
-4.98167
-4.98167
-4.98167
-4.98167
-4.98167
-4.98167
-4.98167
-4.98167
-4.98167
-4.98167
-4.98167
-4.98167
-4.98167
-4.98167
-4.98167
-4.98167
-4.98167
-4.98167
-4.98167
-4.98167
-4.98167
-4.98167
-4.98167
-4.98167
-4.98167
-4.98167
-4.98167
-4.98167
-4.98167
-4.98167
-4.98167
-4.98167
-4.98167
-4.98167
-4.98167
-4.98167
-4.98167
-4.98167
-4.98167
-4.98167
-4.98167
-4.98167
-4.98167
-4.98167
-4.98167
-4.98167
-4.98167
-4.98167
-4.98167
-4.98167
-4.98167
-4.98167
-4.98167
-4.98167
-4.98167
-4.98167
-4.98167
-4.98167
-4.98167
-4.98167
-4.98167
0.243858
0.244644
0.244105
0.243567
0.243019
0.242483
0.241938
0.241403
0.240861
0.240323
0.239783
0.239246
0.2387
0.238126
0.237613
0.237101
0.236582
0.236079
0.235569
0.235053
0.234555
0.234032
0.233513
0.233006
0.232506
0.231989
0.231472
0.230963
0.230459
0.229952
0.229421
0.228663
0.228195
0.227732
0.227254
0.226796
0.226333
0.225862
0.225391
0.224913
0.224453
0.223988
0.223506
0.223043
0.22258
0.222107
0.221635
0.221168
0.220701
0.220235
0.219768
0.219294
0.21883
0.218355
0.217606
0.217185
0.216768
0.216336
0.215909
0.215487
0.21506
0.214635
0.214187
0.213772
0.213347
0.212928
0.2125
0.212081
0.21166
0.211225
0.210794
0.210377
0.20996
0.209533
0.209094
0.208679
0.208251
0.207832
0.207399
0.206983
0.206397
0.206008
0.205608
0.205213
0.20482
0.204423
0.204031
0.203627
0.203236
0.202832
0.202443
0.202051
0.201655
0.201265
0.200874
0.20047
0.200067
0.199668
0.199278
0.198883
0.198483
0.198085
0.197691
0.197296
0.196895
0.196495
0.196098
0.195707
0.195246
0.194866
0.194496
0.194116
0.193746
0.193363
0.192996
0.192621
0.19225
0.191883
0.191502
0.19113
0.190757
0.190381
0.189995
0.189623
0.189249
0.188876
0.188498
0.188125
0.187739
0.187373
0.186993
0.18661
0.186239
0.18587
0.185485
0.185124
0.184743
0.184385
0.184018
0.183672
0.183323
0.182958
0.182581
0.182223
0.181875
0.181514
0.181135
0.180778
0.180427
0.180056
0.179703
0.179337
0.179002
0.178646
0.178276
0.17792
0.177558
0.177201
0.176847
0.176483
0.176122
0.175799
0.175475
0.175087
0.1747
0.174355
0.174019
0.173659
0.173317
0.172972
0.172631
0.17228
0.171925
0.171575
0.171227
0.170892
0.17055
0.170202
0.169861
0.169503
0.169162
0.168816
0.168471
0.168124
0.167773
0.167449
0.1671
0.166768
0.166439
0.166065
0.165701
0.165364
0.165023
0.16468
0.164338
0.163979
0.163646
0.163306
0.16297
0.162636
0.162289
0.161973
0.16162
0.161296
0.160954
0.160595
0.160268
0.159918
0.159581
0.159242
0.158927
0.158618
0.158288
0.157953
0.157603
0.157257
0.156938
0.15659
0.156261
0.155938
0.155606
0.155258
0.154935
0.154611
0.154284
0.153956
0.153622
0.153303
0.152967
0.152636
0.152309
0.151979
0.151646
0.151335
0.151019
0.150704
0.150392
0.15005
0.149719
0.149369
0.149049
0.148721
0.148404
0.14809
0.147759
0.147446
0.147115
0.146793
0.146476
0.146149
0.145829
0.145508
0.14519
0.144872
0.144538
0.144222
0.143901
0.143582
0.143285
0.142972
0.142643
0.142304
0.141987
0.141662
0.141351
0.141021
0.140714
0.1404
0.140103
0.139788
0.139473
0.139158
0.13884
0.138524
0.138201
0.137892
0.137565
0.137245
0.136933
0.136616
0.136283
0.135994
0.13567
0.135353
0.13504
0.134712
0.134406
0.134093
0.133771
0.133461
0.133149
0.132832
0.132522
0.132204
0.131897
0.131584
0.131261
0.130937
0.130629
0.130308
0.129998
0.129684
0.129388
0.129082
0.128781
0.128459
0.128143
0.127806
0.127506
0.127189
0.126884
0.126571
0.126262
0.125956
0.125649
0.125339
0.125029
0.124716
0.124406
0.124107
0.123804
0.123503
0.12319
0.122884
0.122572
0.122282
0.121968
0.121657
0.121342
0.12104
0.12074
0.120441
0.120131
0.119838
0.119525
0.119224
0.118917
0.118615
0.118317
0.118009
0.117709
0.117404
0.117096
0.116793
0.116485
0.116193
0.115894
0.115594
0.115274
0.11498
0.114667
0.114372
0.11407
0.113776
0.113466
0.113171
0.112874
0.112568
0.112265
0.111956
0.111657
0.111366
0.111067
0.110768
0.110455
0.110155
0.109855
0.109557
0.10925
0.108949
0.108649
0.108343
0.108042
0.10773
0.107431
0.107141
0.106843
0.106541
0.106229
0.10593
0.105632
0.105332
0.105032
0.104718
0.104418
0.104117
0.103814
0.103506
0.10321
0.102908
0.102601
0.102304
0.101998
0.101694
0.101386
0.101088
0.100785
0.100484
0.100181
0.0998786
0.0995762
0.0992709
0.0989768
0.0986663
0.0983564
0.0980601
0.0977527
0.0974578
0.0971536
0.0968585
0.0965548
0.0962487
0.0959471
0.0956574
0.0953594
0.095058
0.0947596
0.0944591
0.0941594
0.093868
0.0935565
0.0932564
0.0929623
0.0926659
0.0923628
0.0920735
0.091766
0.0914741
0.0911707
0.0908704
0.0905785
0.0902784
0.0899757
0.0896823
0.089383
0.0890953
0.0887932
0.0884889
0.0881928
0.0878989
0.0876045
0.087307
0.0870158
0.086721
0.0864206
0.0861276
0.0858381
0.0855449
0.085246
0.0849527
0.0846682
0.0843859
0.0840768
0.0837753
0.0834826
0.0831877
0.0828991
0.082611
0.0823235
0.0820281
0.0817371
0.0814541
0.0811614
0.0808686
0.0805804
0.0802909
0.0800185
0.0797384
0.0794392
0.0791449
0.0788656
0.0785747
0.0782974
0.0780127
0.0777284
0.0774461
0.0771663
0.0768788
0.076595
0.0763122
0.0760449
0.0757716
0.0754903
0.0752049
0.0749121
0.0746387
0.0743601
0.0740844
0.0738118
0.0735443
0.0732626
0.0729913
0.0727097
0.0724361
0.0721601
0.0718936
0.0716354
0.0713479
0.0710656
0.0707983
0.0705285
0.0702607
0.0699856
0.0697221
0.0694492
0.0691804
0.0689091
0.0686425
0.0683758
0.0681144
0.0678551
0.0675898
0.067308
0.0670459
0.0667821
0.066521
0.0662553
0.0659933
0.0657275
0.0654611
0.0652005
0.0649399
0.0646777
0.0644159
0.0641584
0.063905
0.0636285
0.063372
0.0631082
0.0628551
0.0625977
0.0623409
0.0620819
0.0618287
0.0615707
0.0613125
0.0610499
0.060806
0.0605565
0.060304
0.0600374
0.0597897
0.0595381
0.0592859
0.0590381
0.0587828
0.0585288
0.0582804
0.0580308
0.0577743
0.0575361
0.0572934
0.0570401
0.0567879
0.0565381
0.0562933
0.0560525
0.0558061
0.0555622
0.0553199
0.0550704
0.054827
0.0545868
0.0543596
0.0541167
0.0538668
0.0536227
0.0533828
0.0531453
0.0529095
0.0526765
0.0524398
0.0522042
0.0519633
0.051727
0.0514927
0.0512694
0.05104
0.0507775
0.0505465
0.0503138
0.0500855
0.0498526
0.0496201
0.0493906
0.0491543
0.0489283
0.0487029
0.0484812
0.0482597
0.0480182
0.0477904
0.0475715
0.0473466
0.0471299
0.0469039
0.0466832
0.0464578
0.0462353
0.0460094
0.0457851
0.0455953
0.0453471
0.0451332
0.0449195
0.0447018
0.0444883
0.0442736
0.0440549
0.0438418
0.0436276
0.0434141
0.043197
0.0429805
0.0427783
0.0425694
0.0423644
0.0421604
0.0419557
0.0417473
0.0415438
0.0413373
0.041131
0.0409306
0.0407204
0.0405164
0.0403165
0.0401216
0.0399249
0.0397268
0.0395313
0.0393302
0.0391337
0.0389406
0.038739
0.0385395
0.0383379
0.0381393
0.0379563
0.0377665
0.037578
0.0373841
0.0371971
0.037006
0.0368169
0.0366346
0.0364465
0.0362547
0.0360633
0.035877
0.0356986
0.0355139
0.0353357
0.0351554
0.0349723
0.0347891
0.0346062
0.0344265
0.0342466
0.0340636
0.0338905
0.0336984
0.0335291
0.0333488
0.0331777
0.0329995
0.0328263
0.0326505
0.0324781
0.0322979
0.0321264
0.031948
0.031776
0.0316042
0.0314404
0.0312708
0.0311039
0.0309324
0.0307662
0.0306001
0.0304322
0.0302646
0.0300957
0.029925
0.0297564
0.0295955
0.0294344
0.029273
0.0291136
0.0289536
0.028792
0.0286311
0.0284712
0.0283062
0.0281453
0.0279904
0.0278414
0.0276854
0.0275313
0.0273785
0.0272243
0.027067
0.0269152
0.0267617
0.0266077
0.0264474
0.026296
0.0261486
0.0260026
0.025854
0.0257085
0.0255626
0.0254155
0.0252693
0.0251248
0.0249777
0.0248329
0.0246816
0.024539
0.024398
0.0242586
0.0241239
0.0239788
0.0238356
0.0236995
0.0235574
0.0234234
0.0232805
0.0231347
0.0230029
0.0228701
0.0227344
0.0226014
0.0224716
0.0223359
0.022205
0.0220716
0.0219409
0.0218062
0.0216646
0.0215412
0.0214154
0.0212865
0.0211581
0.0210358
0.0209096
0.0207785
0.0206532
0.0205262
0.0203994
0.0202675
0.0201449
0.0200252
0.0199051
0.0197869
0.0196685
0.0195464
0.0194248
0.0193052
0.0191877
0.0190682
0.0189466
0.0188207
0.0187078
0.0185973
0.0184836
0.0183661
0.0182536
0.0181393
0.0180252
0.0179106
0.0177971
0.0176828
0.0175641
0.0174548
0.0173473
0.0172367
0.0171276
0.0170192
0.0169128
0.0168029
0.0166952
0.0165888
0.0164793
0.0163646
0.0162644
0.0161599
0.0160562
0.0159542
0.0158498
0.0157482
0.0156402
0.0155405
0.0154361
0.0153325
0.0152301
0.0151256
0.0150254
0.0149282
0.0148275
0.0147273
0.0146289
0.0145328
0.0144326
0.0143321
0.0142338
0.0141387
0.014035
0.0139419
0.013848
0.0137553
0.0136575
0.0135606
0.0134626
0.0133696
0.013275
0.0131804
0.0130892
0.0129903
0.0128983
0.01281
0.0127232
0.0126304
0.0125377
0.0124472
0.0123579
0.0122682
0.0121797
0.0120889
0.0119977
0.011911
0.0118245
0.0117337
0.0116507
0.0115602
0.0114754
0.0113872
0.0113001
0.011214
0.0111254
0.0110414
0.0109578
0.0108786
0.0107944
0.0107119
0.0106307
0.0105479
0.0104648
0.0103858
0.0103031
0.0102146
0.0101395
0.0100584
0.00998
0.00990318
0.00982359
0.00974864
0.00966747
0.00959175
0.00951237
0.00942729
0.00935714
0.00928456
0.00921437
0.0091398
0.00906935
0.00899622
0.00892205
0.00884957
0.00877875
0.00870613
0.00862758
0.00855886
0.00849253
0.00842291
0.00835622
0.00829
0.00822374
0.00815535
0.00808567
0.00801877
0.00795333
0.00787599
0.00781369
0.0077506
0.00768646
0.0076224
0.00756054
0.0074992
0.00743577
0.00737202
0.00730931
0.00724525
0.00717678
0.0071182
0.00706076
0.00700208
0.00694234
0.00688484
0.00682588
0.0067681
0.00670787
0.00665178
0.00659223
0.00652669
0.0064722
0.00641905
0.00636189
0.00630766
0.00625372
0.00619689
0.00614306
0.00608814
0.00603381
0.00597756
0.00592493
0.00586617
0.00581438
0.00576094
0.00571002
0.00565601
0.00560521
0.00555432
0.00550066
0.00544968
0.00540018
0.0053512
0.00529849
0.00524724
0.00519869
0.00515006
0.00510184
0.00505558
0.00500784
0.00495635
0.00490809
0.00485811
0.00481216
0.00476059
0.00471628
0.00466809
0.00462238
0.00457777
0.00452967
0.00448505
0.00443925
0.00439173
0.00434781
0.00430149
0.00425296
0.00421109
0.00416851
0.00412627
0.0040809
0.00403879
0.00399605
0.00395398
0.00391218
0.00386786
0.00382525
0.00378023
0.00373808
0.00369972
0.00365995
0.00362039
0.00358218
0.00353968
0.00350248
0.00346309
0.00342079
0.0033825
0.00334373
0.00329982
0.00326364
0.0032279
0.00319176
0.00315307
0.00311883
0.00308141
0.0030462
0.00301058
0.00297166
0.00293594
0.0028976
0.00285929
0.00282513
0.00279167
0.00275802
0.00272493
0.00268867
0.00265523
0.00262258
0.00258917
0.00255396
0.00252276
0.00248675
0.00245513
0.00241913
0.00238819
0.00235499
0.00232395
0.00229319
0.00226274
0.0022319
0.00219818
0.00216738
0.00213775
0.00210659
0.00207385
0.0020441
0.00201046
0.00198194
0.00195371
0.00192478
0.00189684
0.00186835
0.00183949
0.00180832
0.00178056
0.00175225
0.00172428
0.00169567
0.0016664
0.00163746
0.0016087
0.00158229
0.00155539
0.00152832
0.00150106
0.00147474
0.00144816
0.00142089
0.0013959
0.0013683
0.00134261
0.00131522
0.00128784
0.0012636
0.00123627
0.00121206
0.00118722
0.00116137
0.00113716
0.00111301
0.00108846
0.00106114
0.00103635
0.00101245
0.00100123
0.000963921
0.000939367
0.000916349
0.000893135
0.000870871
0.000845531
0.000822145
0.00079942
0.000776898
0.000754133
0.000731899
0.000708951
0.00069831
0.000662055
0.00064099
0.000619881
0.000598477
0.00057482
0.0005527
0.00053141
0.000510238
0.000489786
0.000468439
0.000447047
0.000424016
0.000402391
0.000383891
0.000364703
0.000343653
0.000323086
0.000304481
0.000285454
0.000265654
0.000245972
0.000226633
0.000204778
0.000185053
0.000175291
0.000146973
0.000129235
0.000109509
9.23645e-05
7.52945e-05
5.87765e-05
3.88736e-05
2.18633e-05
4.21695e-06
-1.31337e-05
-3.11564e-05
-4.72921e-05
-6.75031e-05
-8.17902e-05
-9.91702e-05
-0.000113435
-0.000129025
-0.000144356
-0.000159664
-0.000175046
-0.000190618
-0.000206071
-0.000221571
-0.000237108
-0.000254533
-0.000268636
-0.000281808
-0.000294978
-0.000310603
-0.00032145
-0.000334653
-0.000350155
-0.000360936
-0.000376651
-0.000389719
-0.000400359
-0.000415374
-0.000412348
-0.000442227
-0.000452884
-0.000461266
-0.000471925
-0.000482728
-0.000495738
-0.000504086
-0.000517165
-0.000527917
-0.000538646
-0.00054926
-0.000544568
-0.000551221
-0.000578186
-0.000588734
-0.000596954
-0.000605204
-0.000612349
-0.000621522
-0.000629784
-0.000637909
-0.000646426
-0.000652623
-0.000661797
-0.000652772
-0.000679846
-0.000683301
-0.000691387
-0.000696994
-0.000702574
-0.000708264
-0.00071397
-0.000719553
-0.000723688
-0.000730713
-0.000735174
-0.000741935
-0.0007477
-0.000752848
-0.000753798
-0.000759229
-0.000762325
-0.000765127
-0.000767723
-0.000771497
-0.000774154
-0.000777344
-0.000779194
-0.000782936
-0.000787264
-0.000775183
-0.000789768
-0.000792708
-0.000793286
-0.000793974
-0.000794767
-0.000795317
-0.000795907
-0.000795671
-0.00079737
-0.000798036
-0.000798706
-0.000783571
-0.000798912
-0.000798166
-0.00079656
-0.000794869
-0.000793273
-0.000791587
-0.000789959
-0.000788397
-0.00078677
-0.000785001
-0.000782844
-0.000780963
-0.000767043
-0.000777271
-0.000772969
-0.000769746
-0.000765907
-0.000762213
-0.000758579
-0.000754799
-0.000748847
-0.000747269
-0.00074341
-0.000739699
-0.000723366
-0.000719456
-0.000724713
-0.000720912
-0.000715203
-0.000709543
-0.000703755
-0.000697999
-0.000691003
-0.00068659
-0.000680843
-0.000672942
-0.000667256
-0.000651412
-0.000645317
-0.000648748
-0.000642793
-0.000633171
-0.000627757
-0.000620422
-0.000610735
-0.0006032
-0.000597814
-0.000588133
-0.000582852
-0.000573164
-0.000557456
-0.000548311
-0.000549652
-0.000539408
-0.000530188
-0.000521045
-0.000511902
-0.000502765
-0.000493588
-0.000484466
-0.000475392
-0.000468427
-0.000457028
-0.000447948
-0.000429746
-0.000428796
-0.000420184
-0.000407314
-0.000398876
-0.000385942
-0.000375276
-0.000366721
-0.000353925
-0.000343242
-0.000334528
-0.000321858
-0.000311207
-0.000292366
-0.000279969
-0.000262248
-0.000265583
-0.000252233
-0.000240942
-0.000228972
-0.000215133
-0.00020287
-0.00019035
-0.00017812
-0.000166202
-0.000154075
-0.00014189
-0.000114831
-0.000100456
-0.000102286
-9.01307e-05
-7.56593e-05
-5.95796e-05
-4.63718e-05
-3.20627e-05
-1.81617e-05
-3.96329e-06
9.7869e-06
2.4119e-05
3.84983e-05
5.23461e-05
6.64456e-05
9.96716e-05
9.81731e-05
0.000113704
0.000131217
0.000147353
0.000163235
0.000178877
0.00019501
0.000210491
0.000226774
0.000244481
0.000260867
0.000276293
0.000292508
0.000327241
0.000327812
0.000345487
0.000364884
0.000381842
0.000399988
0.000418453
0.000435719
0.000455548
0.000474053
0.000491626
0.000510992
0.000528516
0.000546218
0.000581831
0.000601348
0.000604786
0.000625404
0.000645124
0.000667104
0.000686656
0.000706512
0.000726506
0.000745993
0.000766
0.000787878
0.00080741
0.000827105
0.000861522
0.000882674
0.000888596
0.000911872
0.00093327
0.000955357
0.000976041
0.00100004
0.00102162
0.00104341
0.00106474
0.00108642
0.00110815
0.00113109
0.00115217
0.00117476
0.00121095
0.00122114
0.00124441
0.00126785
0.00129114
0.00131425
0.0013394
0.00136221
0.00138551
0.00140877
0.00143221
0.00145771
0.00148077
0.00150429
0.00154161
0.0015656
0.00157718
0.00160358
0.00162917
0.00165393
0.00167871
0.00170587
0.00173116
0.00175639
0.0017813
0.00180562
0.00183287
0.00185838
0.0018836
0.00192223
0.00194711
0.00196105
0.00198973
0.00201712
0.00204308
0.00206975
0.00209616
0.00212352
0.00215265
0.00217897
0.00220608
0.0022336
0.00225972
0.00228932
0.00231662
0.00235617
0.00238758
0.00239988
0.00242877
0.00246012
0.00248836
0.00251745
0.00254829
0.00257737
0.00260469
0.00263494
0.00266412
0.00269286
0.00272044
0.00275175
0.00278132
0.00282888
0.00285587
0.00287079
0.00290181
0.0029346
0.00296571
0.00299626
0.00302871
0.00305912
0.00309003
0.00312077
0.00315105
0.00318427
0.00321475
0.00324679
0.00327688
0.00332301
0.0033576
0.00337541
0.00340789
0.00343964
0.00347551
0.00350765
0.00354069
0.00357329
0.0036052
0.0036409
0.00367338
0.00370485
0.00373907
0.00377061
0.00380615
0.00383909
0.00389029
0.00392089
0.00393937
0.00397332
0.0040085
0.00404561
0.00408069
0.00411511
0.00414893
0.00418669
0.00422174
0.00425564
0.00429074
0.00432534
0.00436194
0.0043969
0.00443201
0.00446651
0.00452084
0.00456115
0.00457726
0.00461422
0.00464972
0.00468652
0.00472345
0.0047617
0.0047984
0.00483544
0.00487283
0.00490966
0.00494844
0.00498551
0.00502216
0.00506098
0.00510092
0.00513787
0.00519499
0.00523642
0.00525466
0.00529329
0.00533144
0.00537106
0.0054126
0.00545098
0.00549014
0.00552847
0.00556694
0.00560539
0.00564471
0.00568635
0.00572457
0.00576406
0.00580226
0.00584169
0.00588086
0.0059474
0.00599013
0.00600553
0.00604688
0.00609043
0.00613154
0.00617494
0.00621608
0.00625653
0.00629904
0.00633969
0.00638343
0.0064256
0.00646605
0.00650707
0.00654823
0.00658964
0.00663335
0.0066746
0.00674088
0.00678127
0.00680426
0.00685056
0.0068941
0.00693686
0.00698373
0.00702737
0.00707074
0.00711305
0.0071559
0.00720168
0.00724287
0.00728852
0.00733231
0.00737651
0.00742168
0.00746579
0.00750847
0.00757354
0.00761522
0.00766581
0.00768887
0.00773223
0.00777956
0.00782588
0.00787126
0.0079164
0.0079621
0.00801054
0.00805586
0.00810054
0.0081464
0.00819507
0.00823796
0.00828551
0.00833142
0.00837663
0.00842229
0.008472
0.00853939
0.00858581
0.00861565
0.00866501
0.00871214
0.00875948
0.00880914
0.00885667
0.00890453
0.00895249
0.0090031
0.00905156
0.00909917
0.0091461
0.00919295
0.00923912
0.00928647
0.00933433
0.00938501
0.00943133
0.00948191
0.00955406
0.00960196
0.00963025
0.00968191
0.0097321
0.00978007
0.00983302
0.00988304
0.0099325
0.00998034
0.0100318
0.0100809
0.0101315
0.0101832
0.0102333
0.0102828
0.0103325
0.0103819
0.010435
0.010483
0.0105339
0.0106129
0.010664
0.0106884
0.0107437
0.0107938
0.0108456
0.0109018
0.0109513
0.0110065
0.0110596
0.0111127
0.0111655
0.0112185
0.0112667
0.0113236
0.011372
0.0114238
0.0114805
0.0115347
0.0115874
0.0116399
0.0116891
0.0117742
0.0118304
0.011855
0.0119123
0.011967
0.0120204
0.0120748
0.0121322
0.0121859
0.0122412
0.0122977
0.0123551
0.0124092
0.012464
0.0125192
0.0125738
0.0126281
0.0126843
0.0127397
0.0127941
0.0128472
0.0129057
0.0129571
0.0130512
0.0131091
0.0131334
0.0131919
0.0132482
0.0133068
0.0133675
0.0134253
0.013483
0.0135398
0.0135969
0.0136583
0.0137154
0.0137724
0.01383
0.0138873
0.0139446
0.0140047
0.0140637
0.0141186
0.0141776
0.0142349
0.0143352
0.0143934
0.014458
0.0144779
0.0145397
0.0146045
0.0146643
0.0147235
0.0147845
0.0148458
0.0149068
0.0149708
0.0150312
0.0150908
0.0151525
0.0152168
0.0152756
0.0153376
0.0153994
0.0154621
0.015521
0.0155826
0.0156468
0.0157552
0.0158182
0.0158774
0.0159018
0.0159703
0.0160318
0.0160995
0.016163
0.0162296
0.016291
0.0163573
0.0164215
0.01649
0.0165545
0.0166183
0.0166809
0.0167453
0.0168117
0.0168767
0.016941
0.0170041
0.0170729
0.0171772
0.0172404
0.0173176
0.0173768
0.0174052
0.0174739
0.0175422
0.0176143
0.0176808
0.0177498
0.0178178
0.017884
0.0179516
0.018019
0.0180878
0.018158
0.0182237
0.0182923
0.0183636
0.0184299
0.0184968
0.0185699
0.0186342
0.018705
0.0188164
0.0188922
0.0189563
0.0189899
0.0190623
0.0191342
0.019205
0.0192792
0.0193484
0.0194185
0.0194938
0.0195623
0.0196323
0.0197058
0.0197763
0.0198524
0.0199223
0.0199936
0.020067
0.0201379
0.0202084
0.020279
0.020354
0.0204623
0.0205389
0.0206137
0.0206945
0.0207204
0.0208006
0.0208754
0.020949
0.0210216
0.0210999
0.0211763
0.0212488
0.0213271
0.0214001
0.0214737
0.0215478
0.0216275
0.0217015
0.0217755
0.0218506
0.0219244
0.0220038
0.0220764
0.0221515
0.0222765
0.0223461
0.0224235
0.0224653
0.0225404
0.0226198
0.0227016
0.022779
0.022854
0.0229372
0.0230132
0.0230917
0.0231697
0.0232468
0.0233286
0.0234063
0.0234848
0.023566
0.0236438
0.0237207
0.0237991
0.0238771
0.0239578
0.0240389
0.0241634
0.0242501
0.0243307
0.0243652
0.0244435
0.0245244
0.024606
0.0246903
0.024776
0.0248579
0.0249401
0.0250212
0.0251056
0.0251879
0.0252706
0.0253533
0.0254343
0.0255163
0.0255992
0.0256812
0.0257629
0.0258445
0.0259272
0.0260098
0.0260907
0.0262256
0.0263069
0.0263911
0.026434
0.0265223
0.0266081
0.0266946
0.0267818
0.0268662
0.0269513
0.0270416
0.0271263
0.0272108
0.0272967
0.0273823
0.0274687
0.0275593
0.0276446
0.02773
0.0278148
0.0279048
0.0279895
0.0280777
0.0281585
0.0282966
0.0283849
0.0284819
0.0285733
0.0286046
0.0286938
0.0287877
0.0288756
0.0289679
0.0290577
0.0291456
0.0292386
0.0293281
0.0294161
0.0295122
0.0295995
0.0296894
0.0297833
0.0298728
0.0299613
0.0300507
0.0301403
0.0302324
0.0303202
0.0304089
0.030563
0.0306547
0.0307435
0.0307888
0.0308848
0.0309796
0.031072
0.0311693
0.0312626
0.031355
0.031452
0.0315431
0.0316412
0.0317367
0.0318298
0.0319218
0.0320199
0.0321134
0.0322078
0.0323057
0.0323988
0.0324914
0.0325903
0.0326832
0.0327777
0.0329307
0.0330355
0.0331292
0.0331709
0.0332726
0.0333698
0.033466
0.0335678
0.0336662
0.0337626
0.0338575
0.033961
0.034059
0.0341605
0.0342574
0.0343619
0.0344593
0.0345606
0.0346534
0.0347561
0.0348544
0.0349544
0.035051
0.0351563
0.0352513
0.0354121
0.0355226
0.0356258
0.0356667
0.0357733
0.0358736
0.0359768
0.0360844
0.0361852
0.0362889
0.0363927
0.0364948
0.0366039
0.0367061
0.036808
0.0369139
0.0370175
0.0371234
0.0372261
0.0373273
0.0374341
0.0375361
0.0376381
0.0377465
0.0378476
0.0380052
0.0381293
0.0382292
0.0382739
0.0383864
0.0384945
0.0386079
0.0387168
0.0388234
0.0389263
0.039035
0.0391496
0.0392555
0.0393699
0.0394808
0.0395896
0.0396983
0.0398007
0.0399087
0.0400233
0.0401308
0.0402396
0.0403472
0.0404563
0.0405651
0.0407459
0.0408634
0.0409706
0.0410171
0.0411306
0.041247
0.0413595
0.0414721
0.0415909
0.041705
0.0418183
0.041928
0.0420462
0.0421604
0.0422709
0.0423874
0.0424971
0.0426137
0.0427247
0.0428395
0.0429465
0.0430665
0.0431811
0.0432882
0.0434015
0.0435974
0.0437071
0.0438338
0.0438812
0.0440002
0.0441204
0.044236
0.0443618
0.0444804
0.0446021
0.044715
0.0448372
0.0449528
0.0450767
0.045195
0.0453173
0.0454346
0.0455523
0.0456736
0.0457933
0.0459087
0.0460332
0.0461493
0.0462684
0.0463919
0.0465905
0.046718
0.0468415
0.0468866
0.0470161
0.047136
0.0472632
0.0473911
0.0475149
0.0476411
0.047765
0.0478849
0.0480136
0.0481389
0.0482666
0.0483917
0.0485213
0.0486435
0.0487754
0.0488954
0.0490213
0.0491438
0.0492715
0.0493996
0.0495247
0.0497321
0.0498652
0.0500099
0.050131
0.0501825
0.0503145
0.0504526
0.050584
0.0507192
0.0508483
0.0509842
0.0511073
0.0512442
0.0513728
0.0515114
0.0516432
0.0517804
0.0519058
0.0520387
0.0521709
0.0522948
0.0524341
0.0525652
0.052694
0.0528248
0.0530559
0.0531915
0.0533317
0.0534837
0.0535217
0.053662
0.0538053
0.0539401
0.0540844
0.0542234
0.0543705
0.0545046
0.0546463
0.0547901
0.0549253
0.0550686
0.0552112
0.0553473
0.055484
0.0556262
0.0557696
0.0559112
0.0560509
0.056195
0.0564298
0.0565879
0.0567273
0.0567749
0.0569216
0.0570752
0.0572188
0.0573725
0.0575143
0.0576662
0.0578145
0.0579572
0.0581069
0.0582611
0.0584084
0.0585548
0.0586968
0.0588449
0.058991
0.0591422
0.0592861
0.059438
0.0595821
0.0597296
0.0599873
0.0601415
0.0603063
0.0603497
0.0605103
0.0606747
0.0608339
0.0609878
0.061144
0.0612999
0.0614504
0.0616116
0.0617726
0.0619334
0.0620935
0.0622431
0.0624058
0.0625572
0.0627163
0.062881
0.0630318
0.0631936
0.0633448
0.0634974
0.063658
0.0639607
0.0641347
0.0643018
0.0643352
0.0644991
0.0646625
0.0648303
0.0649933
0.0651774
0.0653454
0.0655077
0.0656759
0.0658341
0.0660025
0.0661777
0.0663405
0.0665034
0.0666776
0.0668402
0.0670034
0.0671745
0.0673345
0.0675087
0.0676805
0.0680206
0.0681907
0.0683806
0.0684152
0.0685913
0.0687714
0.0689647
0.0691402
0.0693206
0.0694963
0.0696762
0.0698651
0.0700407
0.0702214
0.0704
0.070586
0.0707523
0.0709369
0.0711144
0.0712996
0.071485
0.0716643
0.0718426
0.0722315
0.0724233
0.0724469
0.0726414
0.0728388
0.0730374
0.0732293
0.0734232
0.0736154
0.0738218
0.0740045
0.0742111
0.0743984
0.0745935
0.0747844
0.0749906
0.0751811
0.0753877
0.0755821
0.0757836
0.0759727
0.0763622
0.0765771
0.0766218
0.0768295
0.0770477
0.0772595
0.0774683
0.0776889
0.0778929
0.0781084
0.0783176
0.0785349
0.0787457
0.0789496
0.0791596
0.0793724
0.0795953
0.0798013
0.0800258
0.08024
0.0806208
0.0806741
0.0809016
0.0811417
0.0813715
0.0815886
0.0818148
0.0820396
0.0822702
0.0824834
0.0827155
0.0829539
0.0831808
0.0834032
0.0836349
0.0838535
0.0840809
0.084309
0.0845408
0.084778
0.0850782
0.0854129
0.0854745
0.0857174
0.0859638
0.0862138
0.0864705
0.0867152
0.0869609
0.0872035
0.0874501
0.087694
0.0879512
0.088191
0.0884394
0.0886777
0.0889269
0.0891706
0.0894149
0.0897413
0.0901016
0.0901742
0.0904472
0.090712
0.0909772
0.0912419
0.0914994
0.0917575
0.0920258
0.0922891
0.0925491
0.0928102
0.0930877
0.093348
0.0936245
0.0938842
0.0941591
0.0944155
0.0946796
0.0951719
0.0954564
0.0955249
0.0958004
0.0960856
0.096392
0.096668
0.0969567
0.0972338
0.0975249
0.0978096
0.0981017
0.0983825
0.0986756
0.0989684
0.0992579
0.0995488
0.0998374
0.100392
0.100464
0.100773
0.101092
0.101406
0.101719
0.102032
0.102325
0.102665
0.102982
0.10327
0.103594
0.103894
0.104207
0.104533
0.104855
0.10518
0.105805
0.106149
0.106196
0.10655
0.106897
0.107239
0.107582
0.107948
0.10829
0.108625
0.108983
0.10932
0.109672
0.110027
0.110393
0.110728
0.111064
0.111821
0.111846
0.112225
0.112634
0.113045
0.113446
0.113838
0.114239
0.11463
0.115032
0.115435
0.115828
0.116212
0.116606
0.117023
0.117488
0.117957
0.118395
0.118852
0.119313
0.119778
0.120253
0.120699
0.121173
0.121637
0.122084
0.122557
0.123005
0.123554
0.124093
0.124629
0.125158
0.125683
0.126215
0.126757
0.127308
0.127807
0.128366
0.128892
0.129499
0.130159
0.130795
0.131444
0.132096
0.132702
0.133338
0.133964
0.134612
0.135219
0.13583
0.136669
0.137447
0.138216
0.139031
0.139825
0.140626
0.141413
0.142228
0.143244
0.144309
0.145276
0.146259
0.147295
0.14832
0.150027
0.150743
0.151991
0.153016
0.153937
0.154886
0.15584
0.156833
0.157912
0.158959
0.160004
0.161187
0.162298
0.163504
0.1646
0.165828
0.16706
0.168426
0.169705
0.170922
0.172309
0.173525
0.175096
0.176423
0.177966
0.179724
0.180993
0.182833
0.183997
0.185979
0.187408
0.189511
0.1909
0.193279
0.194815
0.197267
0.19876
0.200617
0.20308
0.204773
0.207168
0.209532
0.211422
0.214462
0.216558
0.218676
0.221485
0.224295
0.226382
0.229184
0.23276
0.234895
0.23758
0.240984
0.244329
0.246713
0.249685
0.253984
0.257537
0.260291
0.263653
0.267237
0.272409
0.275555
0.27898
0.282814
0.288224
0.293652
0.297123
0.301205
0.305657
0.31156
0.31835
0.322556
0.326943
0.331982
0.338345
0.347795
0.352148
0.357333
0.362977
