0.0955462
0.119433
0.0955462
0.0716596
0.0955462
0.0955462
0.0716596
0.0955462
0.0955462
0.0955462
0.0955462
0.0955462
0.0955462
0.0955462
0.0955462
0.0716596
0.0955462
0.0955462
0.0955462
0.0955462
0.119433
0.0955462
0.0955462
0.119433
0.0955462
0.0955462
0.0716596
0.119433
0.119433
0.0955462
0.119433
0.119433
0.0955462
0.119433
0.119433
0.0955462
0.119433
0.119433
0.0955462
0.119433
0.119433
0.119433
0.119433
0.119433
0.119433
0.119433
0.119433
0.119433
0.119433
0.119433
0.119433
0.143319
0.119433
0.143319
0.119433
0.119433
0.119433
0.143319
0.119433
0.119433
0.143319
0.119433
0.143319
0.143319
0.119433
0.143319
0.119433
0.143319
0.119433
0.143319
0.143319
0.119433
0.143319
0.143319
0.143319
0.119433
0.143319
0.143319
0.143319
0.143319
0.143319
0.119433
0.143319
0.143319
0.143319
0.143319
0.143319
0.143319
0.143319
0.143319
0.143319
0.143319
0.143319
0.143319
0.143319
0.143319
0.167206
0.143319
0.143319
0.143319
0.143319
0.167206
0.143319
0.143319
0.167206
0.143319
0.143319
0.143319
0.167206
0.143319
0.143319
0.167206
0.143319
0.143319
0.167206
0.143319
0.167206
0.143319
0.143319
0.167206
0.143319
0.167206
0.143319
0.167206
0.143319
0.167206
0.143319
0.167206
0.167206
0.143319
0.167206
0.143319
0.167206
0.167206
0.143319
0.167206
0.143319
0.167206
0.167206
0.143319
0.167206
0.143319
0.167206
0.167206
0.143319
0.167206
0.143319
0.167206
0.167206
0.143319
0.167206
0.167206
0.143319
0.167206
0.143319
0.167206
0.167206
0.167206
0.143319
0.167206
0.167206
0.167206
0.167206
0.143319
0.167206
0.167206
0.167206
0.167206
0.167206
0.167206
0.167206
0.191092
0.167206
0.167206
0.167206
0.191092
0.167206
0.191092
0.167206
0.191092
0.167206
0.191092
0.167206
0.190344
0.190219
0.188229
0.186239
0.162946
0.208451
0.18207
0.18205
0.18203
0.177827
0.177811
0.200022
0.174185
0.195362
0.191422
0.169137
0.190263
0.188929
0.184301
0.184286
0.200719
0.178217
0.19737
0.191692
0.191676
0.18766
0.204522
0.183841
0.198791
0.197325
0.193455
0.192968
0.205377
0.20442
0.1997
0.198296
0.194121
0.207593
0.204441
0.215875
0.213748
0.20852
0.220445
0.217845
0.227004
0.224017
0.222222
0.232715
0.241937
0.252531
0.237086
0.261116
0.259282
0.257614
0.280426
0.278827
0.303253
0.316192
0.330615
0.359405
0.376943
0.396146
0.417109
0.456048
0.484757
0.528511
0.548113
0.59579
0.615623
0.652963
0.682233
0.735931
0.808241
0.887895
0.905497
0.87599
0.802467
0.769488
0.723545
0.679552
0.65581
0.61539
0.597355
0.552174
0.540139
0.514286
0.518123
0.481261
0.460268
0.44074
0.44883
0.416515
0.412667
0.396077
0.393491
0.377766
0.375663
0.361432
0.359876
0.358241
0.344671
0.330515
0.329814
0.329113
0.328412
0.302939
0.315285
0.290023
0.302916
0.290277
0.29099
0.290976
0.279363
0.2667
0.280499
0.268137
0.269562
0.257142
0.244277
0.272319
0.259344
0.247854
0.248929
0.248923
0.251801
0.238697
0.226177
0.255485
0.242027
0.230262
0.232152
0.23215
0.234231
0.22219
0.236081
0.224291
0.226395
0.212246
0.213451
0.231238
0.216787
0.216787
0.22208
0.222077
0.208503
0.213031
0.213032
0.213042
0.197831
0.21967
0.203978
0.219678
0.174217
0.227193
0.194741
0.210975
0.180865
0.218637
0.201831
0.201837
0.206272
0.193148
0.193157
0.193159
0.185349
0.22243
0.185378
0.185387
0.203935
0.177219
0.196916
0.196926
0.196921
0.162516
0.20939
0.188464
0.188481
0.167543
0.200041
0.177836
0.200082
0.177856
0.155616
0.212214
0.188645
0.188658
0.188673
0.141816
0.214979
0.167206
0.167206
0.167206
0.143319
0.191092
0.167206
0.167206
0.143319
0.167206
0.143319
0.143319
0.167206
0.119433
0.167206
0.119433
0.143319
0.143319
0.119433
0.143319
0.119433
0.0955462
0.143319
0.119433
0.119433
0.119433
0.119433
0.0955462
0.119433
0.0955462
0.0955462
0.0955462
0.0955462
0.0955462
0.0955462
0.0716596
0.0955462
0.0716596
0.0955462
0.0716596
