-0.240579
-0.221504
-0.235316
-0.234425
-0.27452
-0.199711
-0.223664
-0.214285
-0.251877
-0.248663
-0.215051
-0.203673
-0.238927
-0.265886
-0.275063
-0.252674
-0.27245
-0.247034
-0.240077
-0.213591
-0.220673
-0.217471
-0.253775
-0.207027
-0.244326
-0.264862
-0.277446
-0.215489
-0.207369
-0.269012
-0.244422
-0.259528
-0.223826
-0.246723
-0.207062
-0.267476
-0.231376
-0.197056
-0.2258
-0.210744
-0.262703
-0.268007
-0.203591
-0.248662
-0.240869
-0.199604
-0.201575
-0.236482
-0.240268
-0.208871
-0.197634
-0.235747
-0.204378
-0.218318
-0.278656
-0.274662
-0.221228
-0.203212
-0.194607
-0.235728
-0.210434
-0.267004
-0.280234
-0.244125
-0.207855
-0.273229
-0.261811
-0.198229
-0.255705
-0.255868
-0.195138
-0.245821
-0.266646
-0.271505
-0.211463
-0.225439
-0.252696
-0.234735
-0.219414
-0.205793
-0.252936
-0.229364
-0.248239
-0.246714
-0.258314
-0.217195
-0.198869
-0.22302
-0.267282
-0.235022
-0.224612
-0.196277
-0.240831
-0.219071
-0.215193
-0.215007
-0.273387
-0.215629
-0.235397
-0.261614
-0.218865
-0.248093
-0.271318
-0.275521
-0.25458
-0.235266
-0.208093
-0.251622
-0.280166
-0.237894
-0.233856
-0.264
-0.269401
-0.20771
-0.243552
-0.214422
-0.222661
-0.232928
-0.242896
-0.207874
-0.273349
-0.25864
-0.215406
-0.277159
-0.223777
-0.260066
-0.266471
-0.19809
-0.278755
-0.275658
-0.274648
-0.251805
-0.265464
-0.258224
-0.266443
-0.248383
-0.230347
-0.219691
-0.248944
-0.259482
-0.255209
-0.234621
-0.218671
-0.240483
-0.28003
-0.264126
-0.198359
-0.250209
-0.208036
-0.225584
-0.213863
-0.261208
-0.219113
-0.247534
-0.23964
-0.277343
-0.229064
-0.233833
-0.196552
-0.267456
-0.199583
-0.230691
-0.266847
-0.271947
-0.206083
-0.219806
-0.250349
-0.261109
-0.278028
-0.273612
-0.243023
-0.228193
-0.266327
-0.234275
-0.232776
-0.230797
-0.236801
-0.235086
-0.271025
-0.227373
-0.238151
-0.238137
-0.256345
-0.234356
-0.228554
-0.209176
-0.202389
-0.199235
-0.197806
-0.219459
-0.271659
-0.214681
-0.230658
-0.195908
-0.210585
-0.267381
-0.243569
-0.2751
-0.202242
-0.277589
-0.256298
-0.20998
-0.23008
-0.26389
-0.273997
-0.272526
-0.221865
-0.213664
-0.23817
-0.220749
-0.238934
-0.195775
-0.248917
-0.273942
-0.237027
-0.267646
-0.244952
-0.263151
-0.230442
-0.248414
-0.267421
-0.245423
-0.247891
-0.224308
-0.249327
-0.267758
-0.253049
-0.200544
-0.257429
-0.225336
-0.266807
-0.211454
-0.252537
-0.260222
-0.273912
-0.243706
-0.249339
-0.240198
-0.275937
-0.205451
-0.208119
-0.278671
-0.234999
-0.207798
-0.224608
-0.252293
-0.256344
-0.207859
-0.233883
-0.25924
-0.258916
-0.207892
-0.222129
-0.270295
-0.240935
-0.206239
-0.275116
-0.265027
-0.228841
-0.230991
-0.262711
-0.259147
-0.197026
-0.212528
-0.230639
-0.236837
-0.270054
-0.246811
-0.269616
-0.206792
-0.249041
-0.229984
-0.265661
-0.203516
-0.219704
-0.255863
-0.27397
-0.266051
-0.242721
-0.257243
-0.261779
-0.199877
-0.249443
-0.211778
-0.270389
-0.247183
-0.201103
-0.208277
-0.198704
-0.23077
-0.20951
-0.250064
-0.215811
-0.227291
-0.269402
-0.269392
-0.240557
-0.221063
-0.269899
-0.27509
-0.260604
-0.275656
-0.277552
-0.222178
-0.229227
-0.241518
-0.235828
-0.227515
-0.22449
-0.262314
-0.269855
-0.233307
-0.2489
-0.201222
-0.211195
-0.220199
-0.245525
-0.235473
-0.268443
-0.244856
-0.263622
-0.244913
-0.225482
-0.2503
-0.252716
-0.246794
-0.213996
-0.193764
-0.263071
-0.262845
-0.22764
-0.267604
-0.230793
-0.207143
-0.215855
-0.232194
-0.227129
-0.250555
-0.243594
-0.248636
-0.244086
-0.231455
-0.275091
-0.232708
-0.275169
-0.205942
-0.206997
-0.196008
-0.255766
-0.274862
-0.255862
-0.263103
-0.222034
-0.265715
-0.279979
-0.222421
-0.239859
-0.241751
-0.203877
-0.278917
-0.231702
-0.277708
-0.232891
-0.199177
-0.215052
-0.247356
-0.254202
-0.258623
-0.218938
-0.272381
-0.253642
-0.224407
-0.240878
-0.244875
-0.194947
-0.249616
-0.224751
-0.273534
-0.258418
-0.280166
-0.197539
-0.270223
-0.261219
-0.259259
-0.206536
-0.202175
-0.193834
-0.215729
-0.224726
-0.205522
-0.255088
-0.208354
-0.214024
-0.247788
-0.2286
-0.213004
-0.203772
-0.237017
-0.220564
-0.25581
-0.24572
-0.232808
-0.259881
-0.241079
-0.209347
-0.215663
-0.245075
-0.223036
-0.254196
-0.202148
-0.244797
-0.228161
-0.273983
-0.246445
-0.219757
-0.246753
-0.257044
-0.21029
-0.224164
-0.247483
-0.261578
-0.203028
-0.19523
-0.267901
-0.273155
-0.247858
-0.25905
-0.258589
-0.235673
-0.244602
-0.231052
-0.21046
-0.26904
-0.26236
-0.253797
-0.251475
-0.221262
-0.266109
-0.204788
-0.258911
-0.205121
-0.194835
-0.220848
-0.24595
-0.238924
-0.254773
-0.243127
-0.223305
-0.222477
-0.256082
-0.275182
-0.258336
-0.23932
-0.258597
-0.239257
-0.207973
-0.267428
-0.213555
-0.225189
-0.256736
-0.212075
-0.207449
-0.198366
-0.208524
-0.205689
-0.205032
-0.244148
-0.248947
-0.208968
-0.244201
-0.244352
-0.194774
-0.269033
-0.259794
-0.267663
-0.273924
-0.216849
-0.216166
-0.207618
-0.25686
-0.226359
-0.217487
-0.271452
-0.259305
-0.233131
-0.276129
-0.250992
-0.256179
-0.204914
-0.234318
-0.259925
-0.209079
-0.276961
-0.249536
-0.253428
-0.201767
-0.20847
-0.229884
-0.253671
-0.27728
-0.213558
-0.196522
-0.266932
-0.220627
-0.266294
-0.210534
-0.230444
-0.23606
-0.229619
-0.250408
-0.214686
-0.26623
-0.265434
-0.20927
-0.207975
-0.275195
-0.262215
-0.248517
-0.209864
-0.216824
-0.219082
-0.219214
-0.26434
-0.219652
-0.264783
-0.234599
-0.221872
-0.209197
-0.268296
-0.278382
-0.271719
-0.211237
-0.226012
-0.252536
-0.216463
-0.252921
-0.20375
-0.204235
-0.210682
-0.274847
-0.251613
-0.266549
-0.274074
-0.259705
-0.250477
-0.195406
-0.199844
-0.223897
-0.258031
-0.238408
-0.203605
-0.263691
-0.209456
-0.264453
-0.2561
-0.220259
-0.259171
-0.249896
-0.252525
-0.199409
-0.253671
-0.275183
-0.235622
-0.227264
-0.224591
-0.265438
-0.245886
-0.210896
-0.230853
-0.270855
-0.223164
-0.265082
-0.240928
-0.26522
-0.228628
-0.250347
-0.271686
-0.211509
-0.268196
-0.269828
-0.230104
-0.19409
-0.24775
-0.195168
-0.224725
-0.249896
-0.265446
-0.271993
-0.269876
-0.24379
-0.23094
-0.266937
-0.271893
-0.200873
-0.259047
-0.229482
-0.235573
-0.247093
-0.231833
-0.257442
-0.275877
-0.211532
-0.260976
-0.254388
-0.267605
-0.220748
-0.266187
-0.273176
-0.260029
-0.248378
-0.220569
-0.279171
-0.264352
-0.275606
-0.203605
-0.2651
-0.194916
-0.199025
-0.241951
-0.250785
-0.217477
-0.20529
-0.22355
-0.23932
-0.257463
-0.231269
-0.268041
-0.215149
-0.220443
-0.229909
-0.239912
-0.261841
-0.264252
-0.239841
-0.252085
-0.236064
-0.1987
-0.23784
-0.202035
-0.202153
-0.253791
-0.197111
-0.229749
-0.248093
-0.276466
-0.230044
-0.209606
-0.265763
-0.222269
-0.199617
-0.248875
-0.257385
-0.238665
-0.209851
-0.274195
-0.19607
-0.253039
-0.260593
-0.262784
-0.229479
-0.261805
-0.249677
-0.261197
-0.221189
-0.257831
-0.263275
-0.275005
-0.249829
-0.267624
-0.205554
-0.205807
-0.197993
-0.24847
-0.25194
-0.199742
-0.200919
-0.268509
-0.225935
-0.227388
-0.248504
-0.254659
-0.264099
-0.232798
-0.214168
-0.212363
-0.205976
-0.251512
-0.20997
-0.263448
-0.26263
-0.195317
-0.248724
-0.241175
-0.1995
-0.256891
-0.205263
-0.200736
-0.265392
-0.233211
-0.277567
-0.267223
-0.247197
-0.217078
-0.271014
-0.26888
-0.202983
-0.276946
-0.26582
-0.238315
-0.268066
-0.26034
-0.261326
-0.260759
-0.279625
-0.220432
-0.198262
-0.263064
-0.227424
-0.27861
-0.224692
-0.27215
-0.235384
-0.279834
-0.232357
-0.220525
-0.256822
-0.260012
-0.271453
-0.240338
-0.21466
-0.231263
-0.22807
-0.260265
-0.19552
-0.222288
-0.212544
-0.267706
-0.238046
-0.277874
-0.270804
-0.241847
-0.228856
-0.228142
-0.23805
-0.244874
-0.265163
-0.231895
-0.234177
-0.2666
-0.245056
-0.275227
-0.259451
-0.209215
-0.251396
-0.248292
-0.276273
-0.231129
-0.225456
-0.259026
-0.224363
-0.2513
-0.229029
-0.232337
-0.237214
-0.279674
-0.243179
-0.24109
-0.222012
-0.245016
-0.254758
-0.251379
-0.270768
-0.204913
-0.201515
-0.206735
-0.250294
-0.232721
-0.263093
-0.237453
-0.214872
-0.241928
-0.21786
-0.212337
-0.211868
-0.236588
-0.278839
-0.199154
-0.237489
-0.198448
-0.23621
-0.248503
-0.265237
-0.197581
-0.227383
-0.240973
-0.214274
-0.220363
-0.264987
-0.258987
-0.257377
-0.275726
-0.225677
-0.249692
-0.197054
-0.205139
-0.249695
-0.215855
-0.238273
-0.237712
-0.196458
-0.218036
-0.216937
-0.20986
-0.229452
-0.256797
-0.243451
-0.270481
-0.255391
-0.223
-0.23854
-0.245244
-0.251427
-0.245635
-0.243199
-0.271705
-0.231021
-0.247353
-0.263526
-0.229033
-0.209689
-0.267928
-0.253402
-0.196239
-0.214412
-0.244208
-0.242227
-0.213194
-0.209621
-0.273746
-0.230156
-0.200978
-0.236153
-0.212777
-0.232293
-0.244633
-0.216777
-0.226495
-0.221027
-0.228561
-0.2622
-0.253819
-0.240004
-0.209267
-0.20484
-0.260019
-0.200587
-0.209737
-0.201422
-0.208358
-0.212735
-0.22576
-0.244636
-0.249277
-0.226033
-0.242894
-0.218496
-0.212035
-0.261996
-0.210699
-0.194303
-0.250713
-0.209856
-0.255739
-0.235881
-0.207778
-0.246963
-0.270727
-0.231992
-0.202266
-0.209984
-0.242917
-0.261357
-0.205132
-0.241546
-0.230981
-0.240018
-0.251261
-0.268663
-0.19777
-0.200358
-0.232362
-0.263625
-0.260803
-0.232932
-0.211332
-0.261263
-0.277278
-0.228436
-0.231953
-0.241572
-0.25484
-0.233964
-0.232486
-0.203786
-0.228234
-0.236413
-0.213556
-0.24976
-0.194099
-0.268695
-0.261537
-0.268185
-0.205741
-0.252132
-0.265111
-0.222297
-0.194456
-0.205642
-0.239885
-0.237199
-0.245509
-0.273919
-0.212858
-0.25971
-0.236915
-0.241482
-0.227225
-0.222438
-0.219164
-0.201914
-0.200973
-0.194169
-0.254361
-0.261932
-0.198036
-0.223923
-0.217505
-0.239342
-0.198064
-0.229358
-0.220985
-0.205842
-0.256412
-0.278345
-0.252074
-0.230559
-0.244815
-0.223159
-0.23905
-0.24924
-0.228704
-0.27492
-0.211128
-0.227806
-0.275457
-0.218876
-0.214841
-0.247493
-0.243221
-0.241241
-0.21361
-0.235159
-0.230587
-0.227231
-0.20581
-0.217167
-0.271571
-0.272868
-0.264273
-0.250707
-0.195386
-0.260881
-0.214326
-0.233441
-0.194534
-0.23109
-0.22549
-0.265281
-0.219231
-0.267953
-0.197624
-0.250051
-0.227991
-0.221838
-0.258937
-0.268074
-0.198215
-0.276464
-0.218454
-0.248269
-0.206075
-0.217015
-0.218887
-0.256828
-0.202776
-0.248502
-0.216999
-0.218722
-0.198959
-0.271365
0.0123188
0.0354032
0.0182929
0.0193056
-0.0213521
0.154867
0.0325727
0.0456762
0.000114526
0.00345102
0.0445364
0.0847351
0.0141317
-0.0137236
-0.0218069
-0.000698524
-0.0195913
0.00526439
0.01283
0.0467458
0.0365381
0.0409562
-0.00183613
0.0591784
0.00811803
-0.0127802
-0.023774
0.0438643
0.058274
-0.0165748
0.00802178
-0.00762985
0.0323587
0.00558099
0.0590803
-0.015195
0.0228871
0.156141
0.0297574
0.0514371
-0.0107395
-0.0156744
0.0871611
0.00345544
0.0119277
0.154896
0.153904
0.0169384
0.0125989
0.0549381
0.155749
0.0177742
0.0726746
0.0397859
-0.0247487
-0.0214736
0.0357886
0.0991925
0.157421
0.017795
0.0520328
-0.01476
-0.0260075
0.00833507
0.0571594
-0.0202679
-0.00988133
0.155637
-0.00380055
-0.00395672
0.157125
0.00653697
-0.0144278
-0.0187752
0.0502131
0.0302143
-0.000721521
0.0189479
0.0382209
0.0634384
-0.000970617
0.0252993
0.00389013
0.00559271
-0.00641807
0.0413605
0.155383
0.0334074
-0.015018
0.0186336
0.0312876
0.156629
0.0119636
0.0387225
0.0443033
0.0445931
-0.0203952
0.0436471
0.0182024
-0.0096771
0.0390139
0.00403724
-0.0186056
-0.0221803
-0.00266261
0.0183553
0.0566411
0.000373731
-0.0259547
0.0153381
0.0199601
-0.0119643
-0.0169318
0.0575072
0.00896129
0.0454645
0.0338828
0.0210459
0.00966369
0.0571168
-0.0203694
-0.00674744
0.0439963
-0.0235196
0.0324113
-0.00816132
-0.0142695
0.155761
-0.0248254
-0.022307
-0.0214625
0.000185602
-0.0133299
-0.00633296
-0.0142437
0.0037449
0.0241187
0.0378714
0.00316144
-0.00758304
-0.00329719
0.0190756
0.0392774
0.0123661
-0.025837
-0.0120879
0.155589
0.00184865
0.0567717
0.0300322
0.0463709
-0.00928008
0.0386638
0.0046444
0.0133172
-0.0236834
0.0256658
0.0199898
0.156417
-0.0151775
0.154888
0.0237007
-0.014619
-0.0191577
0.0622387
0.0376979
0.0017037
-0.00917293
-0.024243
-0.0205912
0.0095246
0.0267375
-0.014137
0.0194748
0.0212258
0.0235764
0.0165774
0.0185629
-0.0183477
0.0277636
0.015044
0.0150631
-0.00445464
0.019385
0.026345
0.0543811
0.142554
0.155077
0.155897
0.0381855
-0.0189065
0.0451129
0.0237458
0.156868
0.0517845
-0.0151006
0.00894547
-0.0218356
0.147282
-0.0238901
-0.00440383
0.0528771
0.024437
-0.011866
-0.0209188
-0.0196637
0.0349321
0.0466594
0.015021
0.0364318
0.0141263
0.156731
0.00319012
-0.0208722
0.0163161
-0.0153519
0.00745345
-0.0111626
0.0239999
0.00371107
-0.0151408
0.00697317
0.00425076
0.0316746
0.00276387
-0.0154493
-0.00108714
0.154462
-0.00553688
0.0303458
-0.0145792
0.0502454
-0.000562447
-0.00831999
-0.0208453
0.00879448
0.0027546
0.0126825
-0.0225383
0.0650721
0.0565951
-0.0247607
0.0186642
0.0573099
0.0312812
-0.000313448
-0.00445066
0.057175
0.0199356
-0.00734693
-0.00701949
0.0570984
0.0345917
-0.0177172
0.0118508
0.0616266
-0.0218483
-0.0129273
0.0259321
0.0233471
-0.0107461
-0.00725051
0.156116
0.0484126
0.0237626
0.0165396
-0.0175107
0.00548821
-0.017115
0.0598038
0.00306694
0.0245503
-0.013512
0.0886659
0.0378519
-0.00395095
-0.0208934
-0.0138807
0.00986687
-0.00535073
-0.00985006
0.154834
0.00263853
0.049695
-0.0178006
0.00510673
0.154172
0.056248
0.155417
0.0236123
0.0537279
0.00198349
0.0433742
0.0278665
-0.0169314
-0.0169195
0.0122766
0.0360036
-0.0173773
-0.02183
-0.00869068
-0.0223018
-0.0238638
0.0345193
0.0254605
0.0111929
0.0176782
0.0275921
0.0314438
-0.0103645
-0.0173333
0.0206033
0.00320376
0.154096
0.0506994
0.0371749
0.00685342
0.0181145
-0.0160621
0.00755056
-0.0116055
0.00749476
0.0301599
0.00175656
-0.00074153
0.00551182
0.0461156
0.157711
-0.0110822
-0.0108614
0.0274344
-0.0153116
0.0235824
0.0588703
0.0433223
0.0219121
0.0280733
0.00148716
0.00891644
0.00347783
0.00838383
0.0227876
-0.0218283
0.0213061
-0.0218901
0.0627815
0.0592519
0.156802
-0.00386041
-0.0216424
-0.00395119
-0.0111129
0.0347126
-0.0135684
-0.0257964
0.0342036
0.0130689
0.0109305
0.0800773
-0.0249547
0.0224935
-0.0239859
0.0210842
0.155069
0.0445178
0.00489987
-0.00227901
-0.00673138
0.0389094
-0.0195323
-0.00169684
0.0315441
0.011917
0.00753534
0.157225
0.00245683
0.0311041
-0.0205238
-0.00652622
-0.0259536
0.155751
-0.0176573
-0.0092944
-0.00736047
0.060658
0.148476
0.157812
0.0435037
0.0311349
0.0649307
-0.00317487
0.0560023
0.0460716
0.00436782
0.0262929
0.04767
0.0822623
0.0163239
0.0366714
-0.00390646
0.00664375
0.0211832
-0.00797423
0.0116904
0.0540603
0.0435996
0.00732233
0.0333818
-0.00226606
0.148927
0.00761001
0.026781
-0.0209038
0.00587213
0.037786
0.00555161
-0.00514392
0.0523024
0.0318668
0.0047122
-0.00963992
0.109641
0.157082
-0.0155827
-0.0201993
0.0042872
-0.00715112
-0.00669645
0.0178576
0.00782476
0.0232701
0.0519851
-0.0165996
-0.010417
-0.00185903
0.000523196
0.0357435
-0.0139329
0.069026
-0.00701141
0.0666651
0.157335
0.0362932
0.00640037
0.0141344
-0.00286234
0.00941069
0.0330314
0.0341135
-0.00418229
-0.0219012
-0.00644026
0.0136785
-0.00670559
0.0137515
0.0569106
-0.0151511
0.0468348
0.0305289
-0.00482515
0.0491852
0.0581659
0.155532
0.055694
0.0641245
0.0670585
0.00831059
0.00316214
0.0547614
0.00825524
0.00809107
0.157407
-0.0165934
-0.00789103
-0.0153664
-0.0208569
0.0418766
0.0428544
0.0577534
-0.00496959
0.0290701
0.0409488
-0.0187301
-0.00740865
0.020805
-0.0226857
0.0010288
-0.00428643
0.0680729
0.0194281
-0.00802157
0.054614
-0.0233674
0.00254098
-0.00147039
0.153949
0.05581
0.0246671
-0.00172077
-0.0236163
0.0467958
0.156516
-0.0146984
0.0365898
-0.0141093
0.0518563
0.0240008
0.0174113
0.0249951
0.00163893
0.045087
-0.0140464
-0.0133012
0.0542094
0.056913
-0.0219131
-0.0102732
0.00360058
0.0530856
0.0419067
0.0386976
0.038516
-0.0122874
0.0379272
-0.0127063
0.0190994
0.0349229
0.0543474
-0.0159464
-0.0245121
-0.018961
0.0506164
0.0294956
-0.000561963
0.0424238
-0.000952415
0.0825526
0.0743297
0.05158
-0.0216303
0.000382753
-0.0143381
-0.0209841
-0.00780102
0.00156823
0.156885
0.154801
0.0322669
-0.00615326
0.0147302
0.0859936
-0.0116796
0.0538443
-0.0123976
-0.00420469
0.0370968
-0.00727211
0.00215735
-0.000550778
0.154971
-0.00172609
-0.021903
0.0179228
0.0279018
0.0313007
-0.0133065
0.00646507
0.0511841
0.0235086
-0.0181982
0.0332176
-0.0129767
0.0118623
-0.0131064
0.0262538
0.0017005
-0.0189365
0.0501565
-0.0158599
-0.0173083
0.0244078
0.157743
0.00441102
0.157129
0.0311374
0.00215669
-0.0133144
-0.0191975
-0.0173505
0.00870627
0.0234101
-0.0146962
-0.0191123
0.154375
-0.00715514
0.0251536
0.0179737
0.00519871
0.0223413
-0.0055512
-0.0224794
0.050113
-0.00904411
-0.00246562
-0.0153074
0.036436
-0.0140043
-0.0202183
-0.00812323
0.00374643
0.0366758
-0.0251487
-0.0123008
-0.0222612
0.0860022
-0.0129949
0.157278
0.155247
0.0107024
0.00124955
0.0409539
0.0657996
0.0327287
0.0136796
-0.00557423
0.0230133
-0.0157151
0.0443787
0.0368445
0.0246356
0.013021
-0.00990665
-0.0122099
0.0130853
-0.000103355
0.0174054
0.155417
0.015395
0.150939
0.149069
-0.00185008
0.156063
0.0248293
0.00403583
-0.0229724
0.0244826
0.0535485
-0.0136119
0.0344001
0.15491
0.00323608
-0.00549027
0.0144214
0.0530935
-0.0210796
0.156737
-0.00107648
-0.00867976
-0.0108093
0.0251604
-0.00987337
0.00238512
-0.00926681
0.0358344
-0.00594595
-0.0112865
-0.0217576
0.00222798
-0.0153269
0.0647887
0.0633794
0.155842
0.00364805
4.75409e-05
0.15489
0.15428
-0.0161219
0.0295924
0.0277433
0.00361184
-0.00274678
-0.0120622
0.0211979
0.0458859
0.0486809
0.0626381
0.000487691
0.0528876
-0.0114481
-0.0106675
0.157043
0.00338998
0.0115765
0.154967
-0.00499376
0.0659155
0.154481
-0.013262
0.0207159
-0.0238692
-0.0149603
0.00509334
0.0415353
-0.0183371
-0.0164593
0.112772
-0.0233542
-0.013662
0.0148575
-0.0157262
-0.0084403
-0.00939131
-0.00883916
-0.0255191
0.0368493
0.155609
-0.0110783
0.0277031
-0.0247133
0.0311716
-0.019333
0.0182136
-0.0256828
0.0217176
0.0367293
-0.00491143
-0.00810778
-0.0187325
0.0125187
0.0451432
0.0230171
0.0268963
-0.0083615
0.156816
0.0343812
0.0483849
-0.0154022
0.0151605
-0.0241164
-0.0181676
0.0108174
0.0259188
0.0268065
0.0151566
0.00753162
-0.0130469
0.0222663
0.0195937
-0.0143888
0.00734261
-0.0219364
-0.00755664
0.0543213
0.000610351
0.00383486
-0.0228106
0.023169
0.0301922
-0.00713111
0.0316065
0.000706354
0.025707
0.0217432
0.0161056
-0.0255584
0.00934949
0.0116793
0.034731
0.00738743
-0.00284449
0.000623908
-0.0181375
0.0681166
0.154001
0.0600202
0.00175966
0.0212914
-0.0111069
0.0158346
0.0448195
0.0107282
0.0404126
0.0487304
0.0495352
0.0168204
-0.0248932
0.155078
0.015795
0.155602
0.0172401
0.0036185
-0.013129
0.155831
0.0277525
0.011811
0.0456984
0.0369581
-0.0128918
-0.00709383
-0.00548511
-0.0223586
0.0299087
0.00236998
0.156168
0.0665253
0.00237325
0.0433153
0.0149034
0.0155452
0.156542
0.0401648
0.0417371
0.053085
0.0251874
-0.00488785
0.0090715
-0.0178838
-0.00348565
0.0334419
0.0145693
0.00716571
0.000578178
0.00673841
0.00933125
-0.0189498
0.0233108
0.0049069
-0.0115207
0.0257031
0.0533724
-0.0156017
-0.00144736
0.156623
0.0454813
0.00825223
0.0104184
0.0474007
0.0535364
-0.020704
0.0243434
0.154345
0.0173061
0.0480123
0.021793
0.00778691
0.0419769
0.0288824
0.0360393
0.0263368
-0.0102604
-0.00188283
0.0129163
0.0542229
0.0686465
-0.00811948
0.154454
0.0532841
0.154016
0.0560037
0.0480817
0.0298045
0.00779209
0.00282363
0.0294634
0.00966114
0.0395255
0.049254
-0.0100598
0.0515452
0.157545
0.00132481
0.0531296
-0.00383655
0.0176231
0.0573631
0.00533359
-0.0180951
0.0221502
0.146844
0.0528658
0.00963723
-0.00942701
0.0665928
0.0111551
0.0233617
0.0129016
0.000749352
-0.0162629
0.155862
0.154653
0.0217108
-0.0116157
-0.00888434
0.0210348
0.050487
-0.00933269
-0.0236188
0.0264874
0.0221953
0.011126
-0.00292396
0.0198391
0.0215678
0.0820395
0.0266868
0.0170206
0.0467922
0.00230284
0.157708
-0.0162912
-0.00959823
-0.0158279
0.0637563
-0.000149226
-0.0130052
0.0343584
0.157552
0.0643026
0.013054
0.0161211
0.00687281
-0.0208529
0.0479
-0.00780825
0.0164487
0.0112351
0.0279566
0.034164
0.0385837
0.152777
0.154319
0.157637
-0.0024403
-0.00999987
0.155724
0.0322427
0.0409216
0.0136587
0.155748
0.0253053
0.0361149
0.063191
-0.00452377
-0.0244766
-9.33607e-05
0.0238616
0.00759287
0.0332311
0.0139918
0.0028648
0.0261086
-0.0216924
0.0508242
0.0272344
-0.022123
0.0389924
0.044868
0.00468906
0.00930809
0.0115028
0.0467142
0.0184741
0.0238283
0.02795
0.0633559
0.0414006
-0.018828
-0.0199564
-0.0122229
0.00133101
0.156855
-0.00895245
0.0456107
0.0204418
0.157483
0.0232215
0.030153
-0.0131588
0.0384851
-0.0156233
0.155783
0.0019984
0.0269878
0.0349615
-0.00704147
-0.0157328
0.155623
-0.0229707
0.0395872
0.0038592
0.062254
0.0416328
0.0389813
-0.00492098
0.124594
0.00361883
0.0416494
0.0392182
0.1553
-0.0186459
