-4.98344
-4.98343
-4.98336
-4.98345
-4.98345
-4.9817
-4.9834
-4.9817
-4.98345
-4.98337
-4.98167
-4.98177
-4.98341
-4.98342
-4.98336
-4.9834
-4.9834
-4.98344
-4.98336
-4.98176
-4.98344
-4.9817
-4.98336
-4.98172
-4.98337
-4.9834
-4.98339
-4.98172
-4.98168
-4.98343
-4.98342
-4.98338
-4.98342
-4.98338
-4.98176
-4.98335
-4.98341
-4.98172
-4.98343
-4.9817
-4.9834
-4.98336
-4.98173
-4.98343
-4.98344
-4.98173
-4.98175
-4.98336
-4.98337
-4.9817
-4.9817
-4.98342
-4.98173
-4.98169
-4.98338
-4.9834
-4.9834
-4.98168
-4.98177
-4.98341
-4.98172
-4.98343
-4.98339
-4.98338
-4.9817
-4.98337
-4.98339
-4.98173
-4.98342
-4.98337
-4.98178
-4.98337
-4.98343
-4.98342
-4.9817
-4.98337
-4.98339
-4.98344
-4.98171
-4.98176
-4.98339
-4.9834
-4.98341
-4.98341
-4.98344
-4.9817
-4.98168
-4.9834
-4.98339
-4.98342
-4.98345
-4.98168
-4.98337
-4.98176
-4.98172
-4.9817
-4.98345
-4.98168
-4.98345
-4.9834
-4.9817
-4.98342
-4.98342
-4.98337
-4.98343
-4.9834
-4.98175
-4.98339
-4.98335
-4.98345
-4.98338
-4.98344
-4.98339
-4.98167
-4.98342
-4.98168
-4.9834
-4.98343
-4.98343
-4.9817
-4.98335
-4.98337
-4.98169
-4.98338
-4.98343
-4.98341
-4.98343
-4.98171
-4.98339
-4.98338
-4.9834
-4.98335
-4.98338
-4.98336
-4.98344
-4.98344
-4.98342
-4.98169
-4.98336
-4.9834
-4.98341
-4.98343
-4.98168
-4.98341
-4.98337
-4.98338
-4.98176
-4.98339
-4.98171
-4.98342
-4.98176
-4.9834
-4.98176
-4.98342
-4.98343
-4.98335
-4.98345
-4.98342
-4.98173
-4.98336
-4.98171
-4.98337
-4.98336
-4.98342
-4.98177
-4.9817
-4.98343
-4.98344
-4.98339
-4.98337
-4.98336
-4.98337
-4.9834
-4.98339
-4.98338
-4.98338
-4.98341
-4.98345
-4.98345
-4.98339
-4.98337
-4.98338
-4.98338
-4.98342
-4.98343
-4.98167
-4.98175
-4.98171
-4.98169
-4.98175
-4.98344
-4.98173
-4.98342
-4.98175
-4.98172
-4.98343
-4.98341
-4.98339
-4.98168
-4.98343
-4.9834
-4.98171
-4.98336
-4.98336
-4.98338
-4.98336
-4.98341
-4.98168
-4.98336
-4.98341
-4.98344
-4.98175
-4.98338
-4.98337
-4.9834
-4.98336
-4.98344
-4.98335
-4.98343
-4.98339
-4.98339
-4.98335
-4.98337
-4.9834
-4.98337
-4.98342
-4.98338
-4.98171
-4.9834
-4.98337
-4.9834
-4.9817
-4.98342
-4.98338
-4.98341
-4.98339
-4.98342
-4.98339
-4.98336
-4.98171
-4.98176
-4.98338
-4.98343
-4.98169
-4.98338
-4.9834
-4.98341
-4.98175
-4.98342
-4.98336
-4.98339
-4.98175
-4.98339
-4.98336
-4.98338
-4.98177
-4.98338
-4.98342
-4.98336
-4.98338
-4.98341
-4.98342
-4.98173
-4.98174
-4.98335
-4.98344
-4.9834
-4.98338
-4.98337
-4.98171
-4.98344
-4.98338
-4.98343
-4.98171
-4.98173
-4.98337
-4.98343
-4.98338
-4.98337
-4.98336
-4.98337
-4.98174
-4.98339
-4.98175
-4.98345
-4.98338
-4.98174
-4.98173
-4.98176
-4.98341
-4.98168
-4.98341
-4.98167
-4.98337
-4.98342
-4.98344
-4.98338
-4.98343
-4.98336
-4.98336
-4.98344
-4.98339
-4.98337
-4.98335
-4.98343
-4.98343
-4.98336
-4.98336
-4.98339
-4.98345
-4.98339
-4.98344
-4.98336
-4.98174
-4.98167
-4.98341
-4.9834
-4.9834
-4.98336
-4.98338
-4.98345
-4.98342
-4.98338
-4.98345
-4.9834
-4.98344
-4.98176
-4.98168
-4.98342
-4.9834
-4.9834
-4.98337
-4.9834
-4.98171
-4.98173
-4.98341
-4.98339
-4.98345
-4.98343
-4.98338
-4.98344
-4.98342
-4.9834
-4.98344
-4.98344
-4.98168
-4.98172
-4.98171
-4.98343
-4.98339
-4.98336
-4.98341
-4.98337
-4.98338
-4.98336
-4.98343
-4.9834
-4.98344
-4.98171
-4.98343
-4.98344
-4.98343
-4.98336
-4.98172
-4.98171
-4.98343
-4.98335
-4.98336
-4.98168
-4.9834
-4.98337
-4.98337
-4.98343
-4.98343
-4.98176
-4.98342
-4.98342
-4.98345
-4.9834
-4.98338
-4.98176
-4.98343
-4.98335
-4.98342
-4.98172
-4.98172
-4.9817
-4.98173
-4.98337
-4.98176
-4.98336
-4.98167
-4.98175
-4.98345
-4.98343
-4.98171
-4.9817
-4.98335
-4.98338
-4.98343
-4.98336
-4.98336
-4.98342
-4.98342
-4.9817
-4.98171
-4.98337
-4.98338
-4.98342
-4.98168
-4.98335
-4.98337
-4.98344
-4.98341
-4.98171
-4.98345
-4.98339
-4.98175
-4.98343
-4.98344
-4.9834
-4.98174
-4.98174
-4.98339
-4.9834
-4.98343
-4.98343
-4.98337
-4.9834
-4.98341
-4.98336
-4.98173
-4.98345
-4.98335
-4.98337
-4.98335
-4.98344
-4.98343
-4.98175
-4.98344
-4.98172
-4.98172
-4.98337
-4.98339
-4.98341
-4.98337
-4.9834
-4.9834
-4.98339
-4.98338
-4.98345
-4.98343
-4.98338
-4.98336
-4.98338
-4.98171
-4.98335
-4.98173
-4.9834
-4.98338
-4.98175
-4.98176
-4.98168
-4.98173
-4.98175
-4.98168
-4.98338
-4.98341
-4.98175
-4.98335
-4.98338
-4.98172
-4.98345
-4.98338
-4.98338
-4.98339
-4.98175
-4.98167
-4.98174
-4.98343
-4.98337
-4.98172
-4.98341
-4.98341
-4.98339
-4.98344
-4.9834
-4.98336
-4.9817
-4.98343
-4.98338
-4.98174
-4.98336
-4.9834
-4.98343
-4.98176
-4.98171
-4.98343
-4.98343
-4.98341
-4.98176
-4.98174
-4.98338
-4.98339
-4.9834
-4.98176
-4.98339
-4.98338
-4.9834
-4.98338
-4.98176
-4.98341
-4.98345
-4.98167
-4.98173
-4.98341
-4.98339
-4.98338
-4.98175
-4.98171
-4.98171
-4.98169
-4.98341
-4.98174
-4.9834
-4.98343
-4.98342
-4.98171
-4.98344
-4.98336
-4.98342
-4.98169
-4.98345
-4.98342
-4.98168
-4.98344
-4.98176
-4.98171
-4.98173
-4.98339
-4.98339
-4.98343
-4.98338
-4.98343
-4.98343
-4.98175
-4.98171
-4.98337
-4.98343
-4.98345
-4.98168
-4.98336
-4.98174
-4.9834
-4.98336
-4.98341
-4.98345
-4.98339
-4.98342
-4.98171
-4.98337
-4.98342
-4.98343
-4.9834
-4.98335
-4.98343
-4.98336
-4.98175
-4.98337
-4.98344
-4.98338
-4.9834
-4.98342
-4.98335
-4.9834
-4.98338
-4.98335
-4.98176
-4.98341
-4.98344
-4.98338
-4.98172
-4.98344
-4.98176
-4.98344
-4.98338
-4.98336
-4.9834
-4.98344
-4.98344
-4.98342
-4.98343
-4.98339
-4.98174
-4.98336
-4.98337
-4.98337
-4.98338
-4.98343
-4.98338
-4.98344
-4.98176
-4.98342
-4.9834
-4.98344
-4.98337
-4.98343
-4.98338
-4.98344
-4.98336
-4.98343
-4.98337
-4.98343
-4.98336
-4.98168
-4.98342
-4.98176
-4.98171
-4.98337
-4.98344
-4.98173
-4.9817
-4.98341
-4.98339
-4.98337
-4.98344
-4.98342
-4.98169
-4.98344
-4.98335
-4.98345
-4.98341
-4.98337
-4.98337
-4.98341
-4.98336
-4.98176
-4.9834
-4.98175
-4.98177
-4.9834
-4.98174
-4.98338
-4.9834
-4.9834
-4.98344
-4.9817
-4.98339
-4.98338
-4.9817
-4.98344
-4.98343
-4.98339
-4.9817
-4.98345
-4.98177
-4.98339
-4.98337
-4.98342
-4.98339
-4.98341
-4.98335
-4.98344
-4.98344
-4.98338
-4.98335
-4.98343
-4.98339
-4.98341
-4.98172
-4.98168
-4.98168
-4.98336
-4.98345
-4.98172
-4.98169
-4.98336
-4.98344
-4.98336
-4.9834
-4.9834
-4.98339
-4.98337
-4.98176
-4.98172
-4.98177
-4.98338
-4.98174
-4.98344
-4.98343
-4.98177
-4.9834
-4.98342
-4.98172
-4.98341
-4.98176
-4.98168
-4.98345
-4.98342
-4.98345
-4.98339
-4.98339
-4.98172
-4.98344
-4.98335
-4.98176
-4.98339
-4.98343
-4.98344
-4.98338
-4.98336
-4.98343
-4.98338
-4.98344
-4.98336
-4.98175
-4.98342
-4.98336
-4.98337
-4.98336
-4.98336
-4.98336
-4.9834
-4.98343
-4.98335
-4.98338
-4.98341
-4.98341
-4.98341
-4.9817
-4.98341
-4.98341
-4.9834
-4.98173
-4.98341
-4.98175
-4.98343
-4.98338
-4.98337
-4.98338
-4.98337
-4.98343
-4.98337
-4.98343
-4.98338
-4.98336
-4.98336
-4.9834
-4.98339
-4.98338
-4.98345
-4.98335
-4.98173
-4.98342
-4.98339
-4.98343
-4.98339
-4.98341
-4.98338
-4.98337
-4.98338
-4.98335
-4.98345
-4.98342
-4.98342
-4.98337
-4.98345
-4.98341
-4.98339
-4.9834
-4.98336
-4.98336
-4.98177
-4.98176
-4.9817
-4.98335
-4.98343
-4.98344
-4.98336
-4.98173
-4.98338
-4.98171
-4.9817
-4.98168
-4.9834
-4.9834
-4.98173
-4.98337
-4.98177
-4.98338
-4.98344
-4.98341
-4.98176
-4.98341
-4.98343
-4.98173
-4.98344
-4.98343
-4.98337
-4.98339
-4.98341
-4.98336
-4.98335
-4.98169
-4.98169
-4.98345
-4.9817
-4.98342
-4.98344
-4.98174
-4.98171
-4.98169
-4.98172
-4.9834
-4.98338
-4.98338
-4.98337
-4.98338
-4.98343
-4.98345
-4.98344
-4.9834
-4.98345
-4.98339
-4.98341
-4.9834
-4.98344
-4.98339
-4.98344
-4.98168
-4.98337
-4.98343
-4.98171
-4.98168
-4.98343
-4.98344
-4.98169
-4.98176
-4.98339
-4.98342
-4.98171
-4.98337
-4.98167
-4.98335
-4.98336
-4.98172
-4.98337
-4.9834
-4.98338
-4.98337
-4.98336
-4.98342
-4.98175
-4.98175
-4.98337
-4.98172
-4.98167
-4.98169
-4.9817
-4.98171
-4.9834
-4.98344
-4.98338
-4.9834
-4.98336
-4.98176
-4.98175
-4.9834
-4.98172
-4.98176
-4.98341
-4.98174
-4.98341
-4.98341
-4.98173
-4.9834
-4.98344
-4.98342
-4.98168
-4.98174
-4.98337
-4.98338
-4.98171
-4.98338
-4.98343
-4.98341
-4.98341
-4.98336
-4.98176
-4.98173
-4.98338
-4.98336
-4.98336
-4.98336
-4.98174
-4.98342
-4.98336
-4.9834
-4.9834
-4.98337
-4.98339
-4.98344
-4.98337
-4.98175
-4.98337
-4.98336
-4.98174
-4.98343
-4.98171
-4.98339
-4.98341
-4.98335
-4.98169
-4.98336
-4.98345
-4.98345
-4.98171
-4.98174
-4.98344
-4.98335
-4.98338
-4.98336
-4.98175
-4.9834
-4.98344
-4.98345
-4.98343
-4.9834
-4.98171
-4.98169
-4.98174
-4.98172
-4.98337
-4.98336
-4.98168
-4.98343
-4.98172
-4.98342
-4.98169
-4.98339
-4.98344
-4.9817
-4.98338
-4.98342
-4.9834
-4.98341
-4.98337
-4.98342
-4.98344
-4.98337
-4.98341
-4.98336
-4.98175
-4.98343
-4.98344
-4.98168
-4.98176
-4.98336
-4.98341
-4.98345
-4.98175
-4.98337
-4.98339
-4.98345
-4.98168
-4.98172
-4.98345
-4.98343
-4.98345
-4.98341
-4.98176
-4.9834
-4.98173
-4.98337
-4.98174
-4.98343
-4.98342
-4.9834
-4.98168
-4.98339
-4.98173
-4.98342
-4.98335
-4.98337
-4.98338
-4.98335
-4.98172
-4.98339
-4.98168
-4.9834
-4.98175
-4.98175
-4.98167
-4.98335
-4.98175
-4.98344
-4.98168
-4.98167
-4.98171
-4.98342
0.00273929
0.121249
0.000872833
0.00236233
1.001
1.00134
0.0661186
1.00109
0.154943
0.0823669
1.00095
1.00143
2.95787e-06
1.00025
1.00056
0.176297
1.00182
0.054089
0.00175381
1.00116
0.255052
1.0001
0.207122
1.00043
0.0215085
1.00066
1.00197
1.00045
1.00117
1.00023
0.0223316
0.532068
0.0641101
0.0493425
1.00134
1.00173
0.0108309
1.00211
0.0432483
1.00002
1.00138
1.0009
1.00133
0.0823514
0.00351291
1.00101
1.00123
-0.000366182
0.0021282
1.00131
1.00015
0.000322721
1.00195
1.00043
1.00138
1.00144
0.139397
1.00212
1.00066
0.000329846
1.0003
1.00107
1.00014
0.019866
1.00176
1.00144
1.00001
1.00154
0.258038
0.263745
1.00174
0.0370609
1.00022
1.00025
1.0017
0.046527
0.176896
0.0017797
1.00172
1.00192
0.183853
0.0193976
0.0745111
0.0492069
0.403854
1.00105
1.00112
0.0760036
1.00022
0.00130348
0.0547489
1.00006
0.00341485
1.00199
1.00094
1.00097
1.00068
1.00081
0.000752547
0.999634
1.0009
0.0719118
1.00036
1.00047
0.227746
0.000934426
1.00069
0.148455
1.00098
-0.000756311
0.00352999
1.00091
1.00172
1.00106
0.0156844
1.0017
0.0830111
0.00590696
0.0116041
1.00172
1.00155
0.432344
1.00063
1.0018
0.0646156
0.611092
1.00063
1.00158
1.00042
1.00134
1.00025
0.15335
1.00154
0.396377
1.00137
0.0771371
0.0148356
1.0004
0.0878052
0.527705
0.242449
0.0019875
1.00187
0.00258244
1.00152
1.0014
1.00149
0.112897
1.00072
0.0451574
1.00193
0.859519
1.00127
0.0622334
0.000990649
1.00034
0.0209812
0.00358062
1.00054
1.00029
1.00122
0.0134077
1.00102
1.00167
1.00184
1.00166
0.115696
0.834645
1.00017
1.00188
0.0123416
0.0258739
1.00172
0.00263911
0.00631908
0.0130184
-0.000571752
0.00121781
1.0011
0.0311733
-0.000651122
-0.000660422
0.282681
0.00247893
0.0237782
1.00027
1.0017
1.00062
1.00205
1.001
1.00149
1.00103
0.0135418
1.00012
1.00025
1.00024
0.0158046
1.00049
1.00139
1.00141
0.280593
1.00167
0.0160114
1.00131
1.00104
1.00191
0.118525
1.00113
-0.000642468
0.224801
1.16967e-05
1.00075
0.0872743
1.0003
-0.000682721
1.0015
0.0272969
1.00087
0.0144685
0.0777318
1.00178
0.0323335
0.0683666
0.0581379
0.0952531
1.00172
0.186655
1.00111
0.339834
0.0474223
1.00141
1.00201
0.172959
0.638363
1.00068
0.0167545
0.0954815
0.00198138
1.00093
1.00042
1.00066
1.00005
0.0013408
1.00052
0.0547855
0.165851
0.282543
1.00165
0.00347158
0.496964
0.460245
1.00078
0.120091
1.001
0.00368467
1.00067
1.00091
1.00067
0.0221665
0.0122481
1.00129
0.485027
1.0022
1.00153
0.0136169
-0.000591947
1.00016
0.0506861
1.00146
1.0014
0.0896708
0.0164465
1.00169
1.00025
1.00125
0.263553
1.00189
1.00069
0.0106393
0.328565
1.00144
1.00138
0.0975491
1.00063
1.00058
0.0564575
1.00032
1.00031
1.00228
0.0131317
1.00062
0.109925
1.00192
0.0317502
1.00184
1.00093
0.00275202
0.156729
1.00002
1.00012
0.713626
1.00116
1.00002
0.116688
0.0201352
0.0054543
0.000217425
0.0301982
0.0560342
1.00087
1.00077
0.00485985
0.0869578
1.0013
1.00141
0.740182
0.0335017
0.00065209
1.00089
0.026352
1.00037
0.026909
0.0460667
0.114708
0.177319
0.0504071
1.00111
1.00017
1.00022
1.00001
0.0293546
1.00047
0.0130367
1.00141
1.00193
0.00807074
0.0329258
0.119819
0.0159769
0.081872
0.0195545
0.0105657
1.00011
0.00651251
1.00119
1.00205
1.0013
1.00096
0.260184
1.00089
0.263507
1.00033
0.119837
1.00112
1.00199
0.102679
0.00135628
0.00626528
1.00168
1.00106
0.00968686
1.0014
0.00598866
1.00137
1.00096
0.0592791
0.218621
0.4308
1.00038
1.00002
0.203856
0.056961
0.00353676
0.0265312
1.0018
0.100983
0.0533538
1.00037
0.412504
1.00089
1.00191
1.00148
0.862714
0.498493
1.00038
1.00058
1.00095
1.00086
0.0534901
1.00077
0.238957
1.00096
1.00111
0.0665389
0.023519
1.00196
1.00179
-0.000679163
0.305706
0.261704
0.0358101
0.0062269
0.581637
0.00409563
1.00052
1.00078
0.0285822
0.0757298
0.218403
1.00061
0.0257798
0.0260852
1.00001
0.0453305
1.0009
0.0497871
0.317266
1.00035
0.0598332
0.0613752
0.982754
1.00058
1.00083
1.00075
1.00109
0.067784
0.473793
0.428163
0.000397412
0.0239503
0.0120127
1.00026
1.00023
1.0011
0.207817
0.145091
0.136644
1.00083
1.00208
0.459746
1.00066
1.0005
0.19554
0.0386728
1.92129e-07
0.231253
0.0129586
0.0713641
0.100996
0.27188
1.00194
0.405698
0.000504943
0.428385
0.000426723
1.00075
1.00042
1.00128
0.0488333
0.301051
1.00175
1.00135
1.0015
1.00053
1.00148
1.00038
0.0200481
0.0878287
1.00036
0.0204814
0.021729
1.00071
1.00179
0.571304
1.00106
1.00164
1.00148
1.00081
1.00089
0.307379
0.0386129
1.00011
1.00117
0.502996
0.00533207
1.00197
0.128796
0.275712
1.00218
0.00255262
0.588229
1.00086
1.00058
0.0993938
0.197285
1.00014
1.00054
0.0169058
0.204545
1.00158
1.00118
1.00136
1.00129
0.274843
1.00114
1.00102
0.0144508
-2.04768e-05
0.0181374
0.116867
1.00103
1.00123
1.00167
1.00054
1.00071
1.00053
1.00123
0.0796569
1.00177
1.00032
1.00062
1.00173
1.00053
1.0018
1.00019
0.00202963
0.118463
1.00156
1.0004
1.00097
1.0012
1.00188
0.0414415
0.172949
1.00144
0.183554
1.00205
1.00045
1.00021
1.00007
0.148332
1.00054
1.00037
0.556279
0.118248
1.00087
1.00161
0.0630984
0.381243
-0.00049341
1.00109
1.00067
1.00091
1.00076
0.272632
0.620062
0.487638
0.106644
0.172716
1.00169
0.204558
1.00012
0.000458542
0.0319385
0.0549683
1
0.0378791
1.00012
0.0127687
1.00001
0.0736175
1.00078
0.00366449
1.00069
0.0233527
0.115685
1.00129
1.00198
1.00011
1.00077
0.0159167
1.00056
0.0658916
1.00157
0.0535066
0.106651
1.00057
1.00031
1.00025
0.0173383
0.0124384
1.0013
1.00005
1.00166
0.473706
0.0188436
0.000517929
0.0550256
0.00924962
0.340674
1.00046
1.00141
0.799177
0.222871
1.00079
0.225283
1.00177
1.00004
0.605776
0.0770583
0.30244
1.00022
1.00123
1.00132
1.00108
1.00169
1.00209
1.0002
0.00704192
0.124499
1.00051
1.0021
0.0677095
0.000504135
0.342082
0.0112091
1.00035
1.00179
0.388951
0.0167879
0.00145367
1.00056
1.00016
0.00132629
0.160817
-2.44567e-05
1.0023
-0.000767387
1.00068
1.00062
0.207502
1.00123
0.0175087
0.0719121
1.00146
0.0161755
1.00048
1.00016
0.114025
1.00039
0.0864212
0.337077
-0.000277045
1.00033
1.00031
1.00019
0.186421
0.711666
1.00087
0.0188537
1.00027
0.102222
0.856733
0.143014
0.366746
1.00132
1.00067
0.10531
1.00167
1.00201
1.00132
1.00196
0.0787874
0.156372
1.00134
1.0016
1.00041
0.042095
0.0310532
0.0794107
0.229054
1.00132
0.00625642
1.0011
1.00162
1.00179
0.146002
1.0004
1.00059
1.00082
1.00016
0.0835104
0.00436225
1.00199
0.309074
1.00008
1.00078
1.00001
0.00511707
1.00083
1.00128
0.0566738
1.00046
1.00031
1.00058
1.00051
1.00058
1.00013
-0.00055896
1.00171
0.663399
0.900755
0.748353
1.0003
0.398557
1.00151
1.00087
0.0307978
1.0009
0.0538521
1.00145
0.000767487
1.00152
0.00755715
0.331749
0.305293
0.603046
1.00116
0.00227261
1.00183
0.0112298
0.0266428
0.645481
1.0021
0.113699
1.0018
1.00132
-0.000701516
1.00029
1.00065
0.00663973
0.0220909
0.0262313
-0.000700748
0.02653
1.00028
0.0090381
0.00285104
1.0006
0.0283672
1.00014
0.521764
1.00106
0.143409
0.0754873
1.00063
0.0117549
0.0462993
0.471652
0.057499
0.135106
0.0211623
0.00764732
-0.000747416
1.00164
0.013279
0.00411271
0.120335
0.0279499
0.230805
0.143076
1.00104
1.00217
1.00055
1.00112
0.114608
0.00647811
1.0015
-0.000792009
1.0021
0.0069526
1.0004
1.00102
1.00084
-0.000431053
1.00105
1.00223
-0.000793611
1.00064
-0.000156192
0.0793448
1.00101
1.00191
0.0310979
0.00379319
1.00135
0.476292
1.00072
0.467549
0.33672
1.00048
0.0443217
0.10252
1.0022
1.00183
0.102534
1.00171
-0.000586064
-0.00079204
1.00053
1.00128
1.00029
1.00015
0.0189923
0.304003
0.0150143
1.00102
0.248016
0.0765563
-0.000389423
0.0303487
0.144053
0.0348022
0.0133955
1.00052
0.0121328
0.0592543
1.0013
0.0211487
1.00023
1.00077
0.196544
1.00105
1.00142
0.0205357
0.0081876
1.00129
1.00013
1.00108
0.0156389
1.00063
-0.000108501
1.00145
0.00775359
0.0242412
1.00117
0.0375421
0.161984
0.0237334
1.00117
0.208423
0.0016137
1.00083
1.00048
0.604293
1.00021
1.00046
1.00215
1.00096
1.00145
0.0436654
0.0242512
0.0943177
0.0412642
0.0116004
1.00023
1.00175
1.00096
1.00062
1.00145
0.123001
1.0003
0.259255
0.000160571
1.00083
0.0529868
1.00173
0.0087197
1.00095
1.00168
0.0117358
0.908386
1.00217
0.00555587
0.012278
0.00163815
0.134351
1.00045
1.00149
1.0018
0.00754389
1.00118
0.759952
0.00586775
1.00208
0.876714
1.00184
0.0244509
0.00884686
0.00564805
0.232803
0.00330196
0.00716708
1.00065
0.0256277
-0.000317638
1.00124
0.103852
1.00057
1.00073
0.964034
1.00119
1.00194
0.162022
1.00098
0.113635
1.0005
1.00201
0.00140331
-0.000741812
0.0333039
1.00153
1.00046
0.556851
-0.000633094
0.00533391
0.0322004
0.10226
1.00029
1.00166
1.00063
1.00141
0.222088
1.00142
1.00163
0.062762
1.00166
0.000536718
1.00158
0.0194269
0.168242
1.00192
0.285568
1.00008
0.160559
0.0139459
0.0259457
0.0737275
0.000146547
0.0935871
0.0229299
1.00077
1.0001
0.0283205
1.00179
1.00192
1.001
0.0615749
0.0135348
0.00456058
1.00032
0.0010911
0.0138295
0.0321628
1.00129
1.00037
1.00056
1.00091
1.00001
0.122895
1.00005
0.774146
1.00161
0.00454383
1.00038
0.0118751
0.0460067
1.00042
1.00145
1.00107
1.00024
0.109657
0.027127
0.119074
0.46217
1.00075
1.00154
1.00147
1.00187
0.0750459
1.00007
1.00029
1.00175
0.305646
1.0002
0.0793323
1.00088
1.00161
1.00121
1.00096
