-4.98335
-4.98335
-4.98335
-4.98335
-4.98335
-4.98335
-4.98335
-4.98335
-4.98335
-4.98335
-4.98335
-4.98335
-4.98335
-4.98335
-4.98335
-4.98335
-4.98335
-4.98335
-4.98335
-4.98335
-4.98335
-4.98335
-4.98335
-4.98335
-4.98335
-4.98335
-4.98335
-4.98335
-4.98335
-4.98335
-4.98335
-4.98335
-4.98335
-4.98335
-4.98335
-4.98335
-4.98335
-4.98335
-4.98335
-4.98335
-4.98335
-4.98335
-4.98335
-4.98335
-4.98335
-4.98335
-4.98335
-4.98335
-4.98335
-4.98335
-4.98335
-4.98335
-4.98335
-4.98335
-4.98335
-4.98335
-4.98335
-4.98335
-4.98335
-4.98335
-4.98335
-4.98335
-4.98335
-4.98335
-4.98335
-4.98335
-4.98335
-4.98335
-4.98335
-4.98335
-4.98335
-4.98335
-4.98335
-4.98335
-4.98335
-4.98335
-4.98335
-4.98335
-4.98335
-4.98335
-4.98335
-4.98335
-4.98335
-4.98335
-4.98335
-4.98335
-4.98335
-4.98335
-4.98335
-4.98335
-4.98335
-4.98335
-4.98335
-4.98335
-4.98335
-4.98335
-4.98335
-4.98335
-4.98335
-4.98335
-4.98335
-4.98335
-4.98335
-4.98335
-4.98335
-4.98335
-4.98335
-4.98335
-4.98335
-4.98335
-4.98335
-4.98335
-4.98335
-4.98335
-4.98335
-4.98335
-4.98335
-4.98335
-4.98335
-4.98335
-4.98335
-4.98335
-4.98335
-4.98335
-4.98335
-4.98335
-4.98335
-4.98335
-4.98335
-4.98335
-4.98335
-4.98335
-4.98335
-4.98335
-4.98335
-4.98335
-4.98335
-4.98335
-4.98335
-4.98335
-4.98335
-4.98335
-4.98335
-4.98335
-4.98335
-4.98335
-4.98335
-4.98335
-4.98335
-4.98335
-4.98335
-4.98335
-4.98335
-4.98335
-4.98335
-4.98335
-4.98335
-4.98335
-4.98335
-4.98335
-4.98335
-4.98335
-4.98335
-4.98335
-4.98335
-4.98335
-4.98335
-4.98335
-4.98335
-4.98335
-4.98335
-4.98335
-4.98335
-4.98335
-4.98335
-4.98335
-4.98335
-4.98335
-4.98335
-4.98335
-4.98335
-4.98335
-4.98335
-4.98335
-4.98335
-4.98335
-4.98335
-4.98335
-4.98335
-4.98335
-4.98335
-4.98335
-4.98335
-4.98335
-4.98335
-4.98335
-4.98335
-4.98335
-4.98335
-4.98335
-4.98335
-4.98335
-4.98335
-4.98335
-4.98335
-4.98335
-4.98335
-4.98335
-4.98335
-4.98335
-4.98335
-4.98335
-4.98335
-4.98335
-4.98335
-4.98335
-4.98335
-4.98335
-4.98335
-4.98335
-4.98335
-4.98335
-4.98335
-4.98335
-4.98335
-4.98335
-4.98335
-4.98335
-4.98335
-4.98335
-4.98335
-4.98335
-4.98335
-4.98335
-4.98335
-4.98335
-4.98335
-4.98335
-4.98335
-4.98335
-4.98335
-4.98335
-4.98335
-4.98335
-4.98335
-4.98335
-4.98335
-4.98335
-4.98335
-4.98335
-4.98335
-4.98335
-4.98335
-4.98335
-4.98335
-4.98335
-4.98335
-4.98335
-4.98335
-4.98335
-4.98335
-4.98335
-4.98335
-4.98335
-4.98335
-4.98335
-4.98335
-4.98335
-4.98335
-4.98335
-4.98335
-4.98335
-4.98335
-4.98335
-4.98335
-4.98335
-4.98335
-4.98335
-4.98335
-4.98335
-4.98335
-4.98335
-4.98335
-4.98335
-4.98335
-4.98335
-4.98335
-4.98335
-4.98335
-4.98335
-4.98335
-4.98335
-4.98335
-4.98335
-4.98335
-4.98335
-4.98335
-4.98335
-4.98335
-4.98335
-4.98335
-4.98335
-4.98335
-4.98335
-4.98335
-4.98335
-4.98335
-4.98335
-4.98335
-4.98335
-4.98335
-4.98335
-4.98335
-4.98335
-4.98335
-4.98335
-4.98335
-4.98335
-4.98335
-4.98335
-4.98335
-4.98335
-4.98335
-4.98335
-4.98335
-4.98335
-4.98335
-4.98335
-4.98335
-4.98335
-4.98335
-4.98335
-4.98335
-4.98335
-4.98335
-4.98335
-4.98335
-4.98335
-4.98335
-4.98335
-4.98335
-4.98335
-4.98335
-4.98335
-4.98335
-4.98335
-4.98335
-4.98335
-4.98335
-4.98335
-4.98335
-4.98335
-4.98335
-4.98335
-4.98335
-4.98335
-4.98335
-4.98335
-4.98335
-4.98335
-4.98335
-4.98335
-4.98335
-4.98335
-4.98335
-4.98335
-4.98335
-4.98335
-4.98335
-4.98335
-4.98335
-4.98335
-4.98335
-4.98335
-4.98335
-4.98335
-4.98335
-4.98335
-4.98335
-4.98335
-4.98335
-4.98335
-4.98335
-4.98335
-4.98335
-4.98335
-4.98335
-4.98335
-4.98335
-4.98335
-4.98335
-4.98335
-4.98335
-4.98335
-4.98335
-4.98335
-4.98335
-4.98335
-4.98335
-4.98335
-4.98335
-4.98335
-4.98335
-4.98335
-4.98335
-4.98335
-4.98335
-4.98335
-4.98335
-4.98335
-4.98335
-4.98335
-4.98335
-4.98335
-4.98335
-4.98335
-4.98335
-4.98335
-4.98335
-4.98335
-4.98335
-4.98335
-4.98335
-4.98335
-4.98335
-4.98335
-4.98335
-4.98335
-4.98335
-4.98335
-4.98335
-4.98335
-4.98335
-4.98335
-4.98335
-4.98335
-4.98335
-4.98335
-4.98335
-4.98335
-4.98335
-4.98335
-4.98335
-4.98335
-4.98335
-4.98335
-4.98335
-4.98335
-4.98335
-4.98335
-4.98335
-4.98335
-4.98335
-4.98335
-4.98335
-4.98335
-4.98335
-4.98335
-4.98335
-4.98335
-4.98335
-4.98335
-4.98335
-4.98335
-4.98335
-4.98335
-4.98335
-4.98335
-4.98335
-4.98335
-4.98335
-4.98335
-4.98335
-4.98335
-4.98335
-4.98335
-4.98335
-4.98335
-4.98335
-4.98335
-4.98335
-4.98335
-4.98335
-4.98335
-4.98335
-4.98335
-4.98335
-4.98335
-4.98335
-4.98335
-4.98335
-4.98335
-4.98335
-4.98335
-4.98335
-4.98335
-4.98335
-4.98335
-4.98335
-4.98335
-4.98335
-4.98335
-4.98335
-4.98335
-4.98335
-4.98335
-4.98335
-4.98335
-4.98335
-4.98335
-4.98335
-4.98335
-4.98335
-4.98335
-4.98335
-4.98335
-4.98335
-4.98335
-4.98335
-4.98335
-4.98335
-4.98335
-4.98335
-4.98335
-4.98335
-4.98335
-4.98335
-4.98335
-4.98335
-4.98335
-4.98335
-4.98335
-4.98335
-4.98335
-4.98335
-4.98335
-4.98335
-4.98335
-4.98335
-4.98335
-4.98335
-4.98335
-4.98335
-4.98335
-4.98335
-4.98335
-4.98335
-4.98335
-4.98335
-4.98335
-4.98335
-4.98335
-4.98335
-4.98335
-4.98335
-4.98335
-4.98335
-4.98335
-4.98335
-4.98335
-4.98335
-4.98335
-4.98335
-4.98335
-4.98335
-4.98335
-4.98335
-4.98335
-4.98335
-4.98335
-4.98335
-4.98335
-4.98335
-4.98335
-4.98335
-4.98335
-4.98335
-4.98335
-4.98335
-4.98335
-4.98335
-4.98335
-4.98335
-4.98335
-4.98335
-4.98335
-4.98335
-4.98335
-4.98335
-4.98335
-4.98335
-4.98335
-4.98335
-4.98335
-4.98335
-4.98335
-4.98335
-4.98335
-4.98335
-4.98335
-4.98335
-4.98335
-4.98335
-4.98335
-4.98335
-4.98335
-4.98335
-4.98335
-4.98335
-4.98335
-4.98335
-4.98335
-4.98335
-4.98335
-4.98335
-4.98335
-4.98335
-4.98335
-4.98335
-4.98335
-4.98335
-4.98335
-4.98335
-4.98335
-4.98335
-4.98335
-4.98335
-4.98335
-4.98335
-4.98335
-4.98335
-4.98335
-4.98335
-4.98335
-4.98335
-4.98335
-4.98335
-4.98335
-4.98335
-4.98335
-4.98335
-4.98335
-4.98335
-4.98335
-4.98335
-4.98335
-4.98335
-4.98335
-4.98335
-4.98335
-4.98335
-4.98335
-4.98335
-4.98335
-4.98335
-4.98335
-4.98335
-4.98335
-4.98335
-4.98335
-4.98335
-4.98335
-4.98335
-4.98335
-4.98335
-4.98335
-4.98335
-4.98335
-4.98335
-4.98335
-4.98335
-4.98335
-4.98335
-4.98335
-4.98335
-4.98335
-4.98335
-4.98335
-4.98335
-4.98335
-4.98335
-4.98335
-4.98335
-4.98335
-4.98335
-4.98335
-4.98335
-4.98335
-4.98335
-4.98335
-4.98335
-4.98335
-4.98335
-4.98335
-4.98335
-4.98335
-4.98335
-4.98335
-4.98335
-4.98335
-4.98335
-4.98335
-4.98335
-4.98335
-4.98335
-4.98335
-4.98335
-4.98335
-4.98335
-4.98335
-4.98335
-4.98335
-4.98335
-4.98335
-4.98335
-4.98335
-4.98335
-4.98335
-4.98335
-4.98335
-4.98335
-4.98335
-4.98335
-4.98335
-4.98335
-4.98335
-4.98335
-4.98335
-4.98335
-4.98335
-4.98335
-4.98335
-4.98335
-4.98335
-4.98335
-4.98335
-4.98335
-4.98335
-4.98335
-4.98335
-4.98335
-4.98335
-4.98335
-4.98335
-4.98335
-4.98335
-4.98335
-4.98335
-4.98335
-4.98335
-4.98335
-4.98335
-4.98335
-4.98335
-4.98335
-4.98335
-4.98335
-4.98335
-4.98335
-4.98335
-4.98335
-4.98335
-4.98335
-4.98335
-4.98335
-4.98335
-4.98335
-4.98335
-4.98335
-4.98335
-4.98335
-4.98335
-4.98335
-4.98335
-4.98335
-4.98335
-4.98335
-4.98335
-4.98335
-4.98335
-4.98335
-4.98335
-4.98335
-4.98335
-4.98335
-4.98335
-4.98335
-4.98335
-4.98335
-4.98335
-4.98335
-4.98335
-4.98335
-4.98335
-4.98335
-4.98335
-4.98335
-4.98335
-4.98335
-4.98335
-4.98335
-4.98335
-4.98335
-4.98335
-4.98335
-4.98335
-4.98335
-4.98335
-4.98335
-4.98335
-4.98335
-4.98335
-4.98335
-4.98335
-4.98335
-4.98335
-4.98335
-4.98335
-4.98335
-4.98335
-4.98335
-4.98335
-4.98335
-4.98335
-4.98335
-4.98335
-4.98335
-4.98335
-4.98335
-4.98335
-4.98335
-4.98335
-4.98335
-4.98335
-4.98335
-4.98335
-4.98335
-4.98335
-4.98335
-4.98335
-4.98335
-4.98335
-4.98335
-4.98335
-4.98335
-4.98335
-4.98335
-4.98335
-4.98335
-4.98335
-4.98335
-4.98335
-4.98335
-4.98335
-4.98335
-4.98335
-4.98335
-4.98335
-4.98335
-4.98335
-4.98335
-4.98335
-4.98335
-4.98335
-4.98335
-4.98335
-4.98335
-4.98335
-4.98335
-4.98335
-4.98335
-4.98335
-4.98335
-4.98335
-4.98335
-4.98335
-4.98335
-4.98335
-4.98335
-4.98335
-4.98335
-4.98335
-4.98335
-4.98335
-4.98335
-4.98335
-4.98335
-4.98335
-4.98335
-4.98335
-4.98335
-4.98335
-4.98335
-4.98335
-4.98335
-4.98335
-4.98335
-4.98335
-4.98335
-4.98335
-4.98335
-4.98335
-4.98335
-4.98335
-4.98335
-4.98335
-4.98335
-4.98335
-4.98335
-4.98335
-4.98335
-4.98335
-4.98335
-4.98335
-4.98335
-4.98335
-4.98335
-4.98335
-4.98335
-4.98335
-4.98335
-4.98335
-4.98335
-4.98335
-4.98335
-4.98335
-4.98335
-4.98335
-4.98335
-4.98335
-4.98335
-4.98335
-4.98335
-4.98335
-4.98335
-4.98335
-4.98335
-4.98335
-4.98335
-4.98335
-4.98335
-4.98335
-4.98335
-4.98335
-4.98335
-4.98335
-4.98335
-4.98335
-4.98335
-4.98335
-4.98335
-4.98335
-4.98335
-4.98335
-4.98335
-4.98335
-4.98335
-4.98335
-4.98335
-4.98335
-4.98335
-4.98335
-4.98335
-4.98335
-4.98335
-4.98335
-4.98335
-4.98335
-4.98335
-4.98335
-4.98335
-4.98335
-4.98335
-4.98335
-4.98335
-4.98335
-4.98335
-4.98335
-4.98335
-4.98335
-4.98335
-4.98335
-4.98335
-4.98335
-4.98335
-4.98335
-4.98335
-4.98335
-4.98335
-4.98335
-4.98335
-4.98335
-4.98335
-4.98335
-4.98335
-4.98335
-4.98335
-4.98335
-4.98335
-4.98335
-4.98335
-4.98335
-4.98335
-4.98335
-4.98335
-4.98335
-4.98335
-4.98335
-4.98335
-4.98335
-4.98335
-4.98335
-4.98335
-4.98335
-4.98335
-4.98335
-4.98335
-4.98335
-4.98335
-4.98335
-4.98335
-4.98335
-4.98335
-4.98335
-4.98335
-4.98335
-4.98335
-4.98335
-4.98335
-4.98335
-4.98335
-4.98335
-4.98335
-4.98335
-4.98335
-4.98335
-4.98335
-4.98335
-4.98335
-4.98335
-4.98335
-4.98335
-4.98335
-4.98335
-4.98335
-4.98335
-4.98335
-4.98335
-4.98335
-4.98335
-4.98335
-4.98335
-4.98335
-4.98335
-4.98335
-4.98335
-4.98335
-4.98335
-4.98335
-4.98335
-4.98335
-4.98335
-4.98335
-4.98335
-4.98335
-4.98335
-4.98335
-4.98335
-4.98335
-4.98335
-4.98335
-4.98335
-4.98335
-4.98335
-4.98335
-4.98335
-4.98335
-4.98335
-4.98335
-4.98335
-4.98335
-4.98335
-4.98335
-4.98335
-4.98335
-4.98335
-4.98335
-4.98335
-4.98335
-4.98335
-4.98335
-4.98335
-4.98335
-4.98335
-4.98335
-4.98335
-4.98335
-4.98335
-4.98335
-4.98335
-4.98335
-4.98335
-4.98335
-4.98335
-4.98335
-4.98335
-4.98335
-4.98335
-4.98335
-4.98335
-4.98335
-4.98335
-4.98335
-4.98335
-4.98335
-4.98335
-4.98335
-4.98335
-4.98335
-4.98335
-4.98335
-4.98335
-4.98335
-4.98335
-4.98335
-4.98335
-4.98335
-4.98335
-4.98335
-4.98335
-4.98335
-4.98335
-4.98335
-4.98335
-4.98335
-4.98335
-4.98335
-4.98335
-4.98335
-4.98335
-4.98335
-4.98335
-4.98335
-4.98335
-4.98335
-4.98335
-4.98335
-4.98335
-4.98335
-4.98335
-4.98335
-4.98335
-4.98335
-4.98335
-4.98335
-4.98335
-4.98335
-4.98335
-4.98335
-4.98335
-4.98335
-4.98335
-4.98335
-4.98335
-4.98335
-4.98335
-4.98335
-4.98335
-4.98335
-4.98335
-4.98335
-4.98335
-4.98335
-4.98335
-4.98335
-4.98335
-4.98335
-4.98335
-4.98335
-4.98335
-4.98335
-4.98335
-4.98335
-4.98335
-4.98335
-4.98335
-4.98335
-4.98335
-4.98335
-4.98335
-4.98335
-4.98335
-4.98335
-4.98335
-4.98335
-4.98335
-4.98335
-4.98335
-4.98335
-4.98335
-4.98335
-4.98335
-4.98335
-4.98335
-4.98335
-4.98335
-4.98335
-4.98335
-4.98335
-4.98335
-4.98335
-4.98335
-4.98335
-4.98335
-4.98335
-4.98335
-4.98335
-4.98335
-4.98335
-4.98335
-4.98335
-4.98335
-4.98335
-4.98335
-4.98335
-4.98335
-4.98335
-4.98335
-4.98335
-4.98335
-4.98335
-4.98335
-4.98335
-4.98335
-4.98335
-4.98335
-4.98335
-4.98335
-4.98335
-4.98335
-4.98335
-4.98335
-4.98335
-4.98335
-4.98335
-4.98335
-4.98335
-4.98335
-4.98335
-4.98335
-4.98335
-4.98335
-4.98335
-4.98335
-4.98335
-4.98335
-4.98335
-4.98335
-4.98335
-4.98335
-4.98335
-4.98335
-4.98335
-4.98335
-4.98335
-4.98335
-4.98335
-4.98335
-4.98335
-4.98335
-4.98335
-4.98335
-4.98335
-4.98335
-4.98335
-4.98335
-4.98335
-4.98335
-4.98335
-4.98335
-4.98335
-4.98335
-4.98335
-4.98335
-4.98335
-4.98335
-4.98335
-4.98335
-4.98335
-4.98335
-4.98335
-4.98335
-4.98335
-4.98335
-4.98335
-4.98335
-4.98335
-4.98335
-4.98335
-4.98335
-4.98335
-4.98335
-4.98335
-4.98335
-4.98335
-4.98335
-4.98335
-4.98335
-4.98335
-4.98335
-4.98335
-4.98335
-4.98335
-4.98335
-4.98335
-4.98335
-4.98335
-4.98335
-4.98335
-4.98335
-4.98335
-4.98335
-4.98335
-4.98335
-4.98335
-4.98335
-4.98335
-4.98335
-4.98335
-4.98335
-4.98335
-4.98335
-4.98335
-4.98335
-4.98335
-4.98335
-4.98335
-4.98335
-4.98335
-4.98335
-4.98335
-4.98335
-4.98335
-4.98335
-4.98335
-4.98335
-4.98335
-4.98335
-4.98335
-4.98335
-4.98335
-4.98335
-4.98335
-4.98335
-4.98335
-4.98335
-4.98335
-4.98335
-4.98335
-4.98335
-4.98335
-4.98335
-4.98335
-4.98335
-4.98335
-4.98335
-4.98335
-4.98335
-4.98335
-4.98335
-4.98335
-4.98335
-4.98335
-4.98335
-4.98335
-4.98335
-4.98335
-4.98335
-4.98335
-4.98335
-4.98335
-4.98335
-4.98335
-4.98335
-4.98335
-4.98335
-4.98335
-4.98335
-4.98335
-4.98335
-4.98335
-4.98335
-4.98335
-4.98335
-4.98335
-4.98335
-4.98335
-4.98335
-4.98335
-4.98335
-4.98335
-4.98335
-4.98335
-4.98335
-4.98335
-4.98335
-4.98335
-4.98335
-4.98335
-4.98335
-4.98335
-4.98335
-4.98335
-4.98335
-4.98335
-4.98335
-4.98335
-4.98335
-4.98335
-4.98335
-4.98335
-4.98335
-4.98335
-4.98335
-4.98335
-4.98335
-4.98335
-4.98335
-4.98335
-4.98335
-4.98335
-4.98335
-4.98335
-4.98335
-4.98335
-4.98335
-4.98335
-4.98335
-4.98335
-4.98335
-4.98335
-4.98335
-4.98335
-4.98335
-4.98335
-4.98335
-4.98335
-4.98335
-4.98335
-4.98335
-4.98335
-4.98335
-4.98335
-4.98335
-4.98335
-4.98335
-4.98335
-4.98335
-4.98335
-4.98335
-4.98335
-4.98335
-4.98335
-4.98335
-4.98335
-4.98335
-4.98335
-4.98335
-4.98335
-4.98335
-4.98335
-4.98335
-4.98335
-4.98335
-4.98335
-4.98335
-4.98335
-4.98335
-4.98335
-4.98335
-4.98335
-4.98335
-4.98335
-4.98335
-4.98335
-4.98335
-4.98335
-4.98335
-4.98335
-4.98335
-4.98335
-4.98335
-4.98335
-4.98335
-4.98335
-4.98335
-4.98335
-4.98335
-4.98335
-4.98335
-4.98335
-4.98335
-4.98335
-4.98335
-4.98335
-4.98335
-4.98335
-4.98335
-4.98335
-4.98335
-4.98335
-4.98335
-4.98335
-4.98335
-4.98335
-4.98335
-4.98335
-4.98335
-4.98335
-4.98335
-4.98335
-4.98335
-4.98335
-4.98335
-4.98335
-4.98335
-4.98335
-4.98335
-4.98335
-4.98335
-4.98335
-4.98335
-4.98335
-4.98335
-4.98335
-4.98335
-4.98335
-4.98335
-4.98335
-4.98335
-4.98335
-4.98335
-4.98335
-4.98335
-4.98335
-4.98335
-4.98335
-4.98335
-4.98335
-4.98335
-4.98335
-4.98335
-4.98335
-4.98335
-4.98335
-4.98335
-4.98335
-4.98335
-4.98335
-4.98335
-4.98335
-4.98335
-4.98335
-4.98335
-4.98335
-4.98335
-4.98335
-4.98335
-4.98335
-4.98335
-4.98335
-4.98335
-4.98335
-4.98335
-4.98335
-4.98335
-4.98335
-4.98335
-4.98335
-4.98335
-4.98335
-4.98335
-4.98335
-4.98335
-4.98335
-4.98335
-4.98335
-4.98335
-4.98335
-4.98335
-4.98335
-4.98335
-4.98335
-4.98335
-4.98335
-4.98335
-4.98335
-4.98335
-4.98335
-4.98335
-4.98335
-4.98335
-4.98335
-4.98335
-4.98335
-4.98335
-4.98335
-4.98335
-4.98335
-4.98335
-4.98335
-4.98335
-4.98335
-4.98335
-4.98335
-4.98335
-4.98335
-4.98335
-4.98335
-4.98335
-4.98335
-4.98335
-4.98335
-4.98335
-4.98335
-4.98335
-4.98335
-4.98335
-4.98335
-4.98335
-4.98335
-4.98335
-4.98335
-4.98335
-4.98335
-4.98335
-4.98335
-4.98335
-4.98335
-4.98335
-4.98335
-4.98335
-4.98335
-4.98335
-4.98335
-4.98335
-4.98335
-4.98335
-4.98335
-4.98335
-4.98335
-4.98335
-4.98335
-4.98335
-4.98335
-4.98335
-4.98335
-4.98335
-4.98335
-4.98335
-4.98335
-4.98335
-4.98335
-4.98335
-4.98335
-4.98335
-4.98335
-4.98335
-4.98335
-4.98335
-4.98335
-4.98335
-4.98335
-4.98335
-4.98335
-4.98335
-4.98335
-4.98335
-4.98335
-4.98335
-4.98335
-4.98335
-4.98335
-4.98335
-4.98335
-4.98335
-4.98335
-4.98335
-4.98335
-4.98335
-4.98335
-4.98335
-4.98335
-4.98335
-4.98335
-4.98335
-4.98335
-4.98335
-4.98335
-4.98335
-4.98335
-4.98335
-4.98335
-4.98335
-4.98335
-4.98335
-4.98335
-4.98335
-4.98335
-4.98335
-4.98335
-4.98335
-4.98335
-4.98335
-4.98335
-4.98335
-4.98335
-4.98335
-4.98335
-4.98335
-4.98335
-4.98335
-4.98335
-4.98335
-4.98335
-4.98335
-4.98335
-4.98335
-4.98335
-4.98335
-4.98335
-4.98335
-4.98335
-4.98335
-4.98335
-4.98335
-4.98335
-4.98335
-4.98335
-4.98335
-4.98335
-4.98335
-4.98335
-4.98335
-4.98335
-4.98335
-4.98335
-4.98335
-4.98335
-4.98335
-4.98335
-4.98335
-4.98335
-4.98335
-4.98335
-4.98335
-4.98335
-4.98335
-4.98335
-4.98335
-4.98335
-4.98335
-4.98335
-4.98335
-4.98335
-4.98335
-4.98335
-4.98335
-4.98335
-4.98335
-4.98335
-4.98335
-4.98335
-4.98335
-4.98335
-4.98335
-4.98335
-4.98335
-4.98335
-4.98335
-4.98335
-4.98335
-4.98335
-4.98335
-4.98335
-4.98335
-4.98335
-4.98335
-4.98335
-4.98335
-4.98335
-4.98335
-4.98335
-4.98335
-4.98335
-4.98335
-4.98335
-4.98335
-4.98335
-4.98335
-4.98335
-4.98335
-4.98335
-4.98335
-4.98335
-4.98335
-4.98335
-4.98335
-4.98335
-4.98335
-4.98335
-4.98335
-4.98335
-4.98335
-4.98335
-4.98335
-4.98335
-4.98335
-4.98335
-4.98335
-4.98335
-4.98335
-4.98335
-4.98335
-4.98335
-4.98335
-4.98335
-4.98335
-4.98335
-4.98335
-4.98335
-4.98335
-4.98335
-4.98335
-4.98335
-4.98335
-4.98335
-4.98335
-4.98335
-4.98335
-4.98335
-4.98335
-4.98335
-4.98335
-4.98335
-4.98335
-4.98335
-4.98335
-4.98335
-4.98335
-4.98335
-4.98335
-4.98335
-4.98335
-4.98335
-4.98335
-4.98335
-4.98335
-4.98335
-4.98335
-4.98335
-4.98335
-4.98335
-4.98335
-4.98335
-4.98335
-4.98335
-4.98335
-4.98335
-4.98335
-4.98335
-4.98335
-4.98335
-4.98335
-4.98335
-4.98335
-4.98335
-4.98335
-4.98335
-4.98335
-4.98335
-4.98335
-4.98335
-4.98335
-4.98335
-4.98335
-4.98335
-4.98335
-4.98335
-4.98335
-4.98335
-4.98335
-4.98335
-4.98335
-4.98335
-4.98335
-4.98335
-4.98335
-4.98335
-4.98335
-4.98335
-4.98335
-4.98335
-4.98335
-4.98335
-4.98335
-4.98335
-4.98335
-4.98335
-4.98335
-4.98335
-4.98335
-4.98335
-4.98335
-4.98335
-4.98335
-4.98335
-4.98335
-4.98335
-4.98335
-4.98335
-4.98335
-4.98335
-4.98335
-4.98335
-4.98335
-4.98335
-4.98335
-4.98335
-4.98335
-4.98335
-4.98335
-4.98335
-4.98335
-4.98335
-4.98335
-4.98335
-4.98335
-4.98335
-4.98335
-4.98335
-4.98335
-4.98335
-4.98335
-4.98335
-4.98335
-4.98335
-4.98335
-4.98335
-4.98335
-4.98335
-4.98335
-4.98335
-4.98335
-4.98335
-4.98335
-4.98335
-4.98335
-4.98335
-4.98335
-4.98335
-4.98335
-4.98335
-4.98335
-4.98335
-4.98335
-4.98335
-4.98335
-4.98335
-4.98335
-4.98335
-4.98335
-4.98335
-4.98335
-4.98335
-4.98335
-4.98335
-4.98335
-4.98335
-4.98335
-4.98335
-4.98335
-4.98335
-4.98335
-4.98335
-4.98335
-4.98335
-4.98335
-4.98335
-4.98335
-4.98335
-4.98335
-4.98335
-4.98335
-4.98335
-4.98335
-4.98335
-4.98335
-4.98335
-4.98335
0.115215
0.115416
0.115165
0.114816
0.114551
0.114329
0.11395
0.113656
0.113404
0.113145
0.112843
0.112534
0.112291
0.112052
0.111751
0.111445
0.111105
0.110868
0.110552
0.110253
0.109871
0.109138
0.108823
0.108572
0.108202
0.10793
0.107573
0.107187
0.10691
0.106663
0.106362
0.106056
0.10577
0.105442
0.105153
0.104908
0.104544
0.104357
0.104005
0.103127
0.102831
0.10256
0.102269
0.102063
0.101796
0.101533
0.101208
0.100906
0.100623
0.100344
0.100003
0.0997016
0.0994626
0.0991484
0.0988661
0.0985354
0.0982753
0.0979694
0.0969394
0.0967697
0.096502
0.0961729
0.0958694
0.0955826
0.0952987
0.0950198
0.0947205
0.0944215
0.094096
0.0938208
0.0935266
0.093233
0.0929932
0.0925677
0.0921461
0.0908561
0.0905698
0.0903596
0.0900139
0.0897979
0.0894735
0.0891791
0.088854
0.0885976
0.0883478
0.0880949
0.0878049
0.0875467
0.0872019
0.0868937
0.0865688
0.0861834
0.0796788
0.0794236
0.0791554
0.0788918
0.0786372
0.0783863
0.0781294
0.0778624
0.0776114
0.0773559
0.0771138
0.0768659
0.0765927
0.0763319
0.0760593
0.0758312
0.0755731
0.0753155
0.0750699
0.0748269
0.0745601
0.0743113
0.0740739
0.0738603
0.0736231
0.0733693
0.0731267
0.0728819
0.0726329
0.0723867
0.072109
0.0718596
0.071623
0.0713981
0.07115
0.0709294
0.0707057
0.0704492
0.070206
0.069962
0.0697293
0.0694817
0.0692403
0.0690007
0.0687622
0.0685051
0.0682638
0.0680568
0.0678214
0.0675863
0.0673429
0.0670942
0.0668483
0.0666066
0.0663821
0.0661238
0.0658891
0.0656468
0.0653958
0.0651667
0.0649321
0.0647012
0.0644693
0.0642509
0.0640154
0.0637701
0.0635382
0.0633039
0.063102
0.0628792
0.0626493
0.062416
0.0621797
0.0619284
0.0617088
0.0614795
0.0612494
0.0610245
0.0608166
0.0605873
0.0603504
0.0601236
0.0598953
0.0596706
0.0594437
0.0592235
0.0589993
0.0587804
0.0585513
0.0583218
0.0580537
0.0578266
0.057621
0.0574015
0.0571786
0.0569432
0.0567426
0.0565204
0.0562931
0.0560783
0.0558646
0.0556403
0.0554258
0.0552581
0.0550437
0.0548295
0.0546095
0.0543983
0.0541929
0.0539682
0.0537388
0.0535228
0.053315
0.0531053
0.0528908
0.0526813
0.0524723
0.0522578
0.0520496
0.0518338
0.0516235
0.0514161
0.0512136
0.0510606
0.0508473
0.0506504
0.0504384
0.0502181
0.0500216
0.0498124
0.0496134
0.0494124
0.0491861
0.0489897
0.0487892
0.0485895
0.048397
0.0481825
0.0479736
0.0477863
0.0475765
0.0473743
0.0471795
0.0469848
0.0467807
0.0465757
0.0463787
0.0461768
0.0459841
0.0457685
0.0455966
0.0453811
0.0451922
0.0449894
0.0448028
0.044606
0.0443987
0.04421
0.0440176
0.0438243
0.0436332
0.0434447
0.0432545
0.0430734
0.0428887
0.0426988
0.0425269
0.0423301
0.0421539
0.0419678
0.0417908
0.0416073
0.0414269
0.0412405
0.0410442
0.0408653
0.0406798
0.040501
0.0403166
0.0401455
0.0399948
0.0398093
0.0395756
0.0394039
0.0392224
0.0390571
0.0388846
0.0387007
0.0385246
0.0383502
0.0381787
0.038005
0.0378433
0.0376845
0.0375316
0.0373597
0.0371986
0.0370246
0.0368505
0.0366889
0.0365174
0.0363526
0.0362297
0.0360566
0.0358889
0.0357243
0.0355587
0.0353961
0.0352319
0.0350726
0.0349174
0.0347613
0.0345942
0.0344294
0.0342735
0.0341126
0.0339459
0.0337899
0.0336355
0.0334708
0.0333185
0.0331595
0.0329991
0.0328468
0.0326905
0.032536
0.0323799
0.0322573
0.0321023
0.0319149
0.0317939
0.0316452
0.0314945
0.0313466
0.0311951
0.0310377
0.0308876
0.0307356
0.0305533
0.0303977
0.0302556
0.0301131
0.0299612
0.0298223
0.0296729
0.029532
0.0293935
0.0292489
0.0291298
0.0289842
0.0288422
0.0287056
0.0285576
0.0284109
0.0282711
0.0281016
0.0279615
0.0278226
0.0276845
0.0275497
0.0274084
0.0272727
0.0271299
0.0270225
0.0268838
0.0267446
0.0266101
0.0264719
0.0263326
0.0261999
0.0260699
0.0259398
0.0258083
0.0256876
0.0255534
0.0254192
0.0252922
0.0251611
0.0250274
0.0248959
0.0247641
0.0246298
0.0245033
0.0243823
0.0242518
0.0241258
0.024001
0.0238813
0.0237558
0.0236248
0.0235018
0.0233781
0.0232513
0.0231218
0.023004
0.0228705
0.0227501
0.0226328
0.0225135
0.0223968
0.0222756
0.0221588
0.0220268
0.021908
0.0217894
0.0216646
0.0215555
0.0214567
0.0213406
0.0212244
0.0211156
0.0210053
0.0208905
0.0207759
0.0206623
0.0205501
0.020434
0.0203184
0.0202046
0.020093
0.0199899
0.0198815
0.0197753
0.0196675
0.0195586
0.0194494
0.0193421
0.0192364
0.0191295
0.0190225
0.0189116
0.0188028
0.0187046
0.0185991
0.0184992
0.0183936
0.0183086
0.0182065
0.0180945
0.0179911
0.0178893
0.0177901
0.0176869
0.0175819
0.017485
0.0173788
0.0172805
0.0171881
0.0170916
0.0169965
0.0168969
0.0168017
0.0167104
0.016611
0.0165149
0.0164178
0.0163229
0.0162337
0.0161434
0.0160506
0.0159563
0.0158641
0.0157677
0.0156802
0.015587
0.0154924
0.0153977
0.0153041
0.0152166
0.0151221
0.0150358
0.0149424
0.0148564
0.0147779
0.0146911
0.0145978
0.0145143
0.0144243
0.0143319
0.0142447
0.014145
0.014057
0.0139702
0.0138782
0.0137987
0.0137043
0.013626
0.0135487
0.0134719
0.0133899
0.0133046
0.0132222
0.0131413
0.0130537
0.012969
0.0128882
0.0128066
0.0127239
0.0126436
0.0125633
0.0124772
0.012399
0.0123162
0.012236
0.0121539
0.0120703
0.0119869
0.0119123
0.0118357
0.0117552
0.0116809
0.0116007
0.0115234
0.0114465
0.011367
0.0112884
0.0112039
0.0111218
0.0110447
0.0109733
0.0109178
0.0108452
0.0107699
0.0106964
0.0106278
0.0105555
0.0104815
0.0104059
0.0103319
0.0102541
0.0101846
0.0101168
0.0100504
0.00997981
0.00991028
0.00984038
0.00977808
0.00970237
0.0096383
0.00957097
0.00950053
0.00942136
0.00936063
0.00928828
0.00922209
0.00915927
0.00909287
0.00902898
0.00896325
0.00889907
0.00883304
0.00876662
0.00870181
0.00862698
0.00856741
0.00850907
0.00844734
0.00838927
0.00832907
0.00826575
0.00819842
0.00813178
0.00807314
0.00801036
0.00795259
0.00788848
0.00783058
0.00777147
0.00771722
0.00764966
0.00760064
0.00754582
0.00749084
0.00743386
0.00737882
0.00731879
0.00726409
0.00720789
0.00714846
0.00709818
0.00704702
0.00699418
0.00694155
0.00689254
0.00683889
0.00678709
0.0067299
0.00667902
0.00662558
0.00657299
0.00651467
0.00646809
0.00641816
0.00636722
0.00631856
0.00626944
0.00621691
0.00616186
0.00611715
0.00606873
0.00601728
0.00597308
0.00592491
0.00587308
0.00582612
0.0057785
0.00573251
0.00568721
0.00564267
0.00559343
0.00554724
0.00550174
0.00545461
0.00540793
0.00536218
0.00531177
0.0052673
0.00522447
0.00517865
0.00513322
0.00508962
0.0050441
0.00500028
0.00495738
0.00491471
0.00486676
0.0048171
0.00477119
0.00473127
0.00469085
0.00464607
0.00461294
0.00456767
0.00452668
0.0044862
0.00444655
0.00440702
0.00436626
0.00432328
0.00428087
0.00424031
0.00420113
0.00416445
0.00412499
0.00408303
0.00404482
0.004008
0.00396739
0.00392877
0.00389727
0.00385278
0.00381273
0.00378024
0.00373877
0.00370413
0.00366524
0.00362996
0.00359191
0.00356234
0.00352765
0.00349131
0.00345535
0.00342053
0.00338471
0.00334715
0.00330951
0.00327551
0.00324222
0.003207
0.00317489
0.00314198
0.00311021
0.00307802
0.00304454
0.0030113
0.00297848
0.00293864
0.0029069
0.00287094
0.00283712
0.00280701
0.00277646
0.00274455
0.00271365
0.00268449
0.00265316
0.00262046
0.00259242
0.00256028
0.00253159
0.00250095
0.00247384
0.00244594
0.00241203
0.00238379
0.00235528
0.00232712
0.00229917
0.00226952
0.00224121
0.00221334
0.00218646
0.00215881
0.00213047
0.00210367
0.00207502
0.00204755
0.00201643
0.00198886
0.00196336
0.00193764
0.00190931
0.001886
0.00185689
0.00183151
0.00180579
0.0017758
0.00174985
0.00172524
0.00169701
0.00167317
0.00164361
0.00162236
0.00159874
0.00157423
0.00154897
0.00152547
0.00149801
0.00147454
0.0014509
0.00142704
0.00140441
0.00137819
0.00135407
0.00132803
0.00131825
0.00128101
0.00126382
0.00124049
0.00121391
0.0011918
0.00117011
0.00114555
0.00112505
0.00109951
0.00107701
0.00105425
0.00103165
0.00101063
0.000995588
0.000969931
0.000948598
0.000927354
0.00090634
0.00088537
0.000863848
0.000841988
0.000818625
0.000797242
0.000777062
0.00075624
0.000736904
0.000716615
0.000701375
0.000672426
0.000650108
0.000631041
0.000612821
0.000591443
0.000571534
0.000551889
0.000533119
0.000512907
0.000494166
0.000474965
0.000456925
0.000439059
0.000418685
0.000399962
0.000380801
0.000363546
0.000344936
0.000324816
0.000307258
0.000289879
0.000271739
0.000254107
0.000237719
0.000219489
0.000200965
0.000183677
0.000179294
0.00014651
0.000130856
0.000115076
9.93329e-05
8.14974e-05
6.62665e-05
5.09114e-05
3.51227e-05
1.81345e-05
2.33442e-06
-1.42263e-05
-2.99203e-05
-3.66177e-05
-6.40108e-05
-7.88538e-05
-9.25855e-05
-0.000106101
-0.0001201
-0.000134896
-0.000149026
-0.000165626
-0.000177534
-0.000192203
-0.000206823
-0.000221059
-0.000237605
-0.000250348
-0.00024729
-0.00027424
-0.000288547
-0.000296921
-0.000311224
-0.00032357
-0.000333385
-0.000347526
-0.000359468
-0.000368864
-0.000383373
-0.000395479
-0.000406912
-0.000419442
-0.000413618
-0.000441165
-0.00045147
-0.000466127
-0.000475775
-0.00048567
-0.000493152
-0.000502895
-0.000514823
-0.000525472
-0.000533232
-0.000545162
-0.000554088
-0.000546781
-0.000572027
-0.000581725
-0.000591179
-0.000595538
-0.000604278
-0.000609319
-0.000619002
-0.000626476
-0.000636236
-0.000643704
-0.000649618
-0.000657021
-0.00066639
-0.000675814
-0.000679842
-0.000685382
-0.000690365
-0.00069347
-0.000700801
-0.000705901
-0.000710833
-0.000714396
-0.00071973
-0.000724792
-0.00073087
-0.000736168
-0.000740995
-0.000746506
-0.000752003
-0.000752967
-0.000755576
-0.000760766
-0.000763651
-0.000766362
-0.000769271
-0.000771036
-0.000775159
-0.000778071
-0.000780733
-0.000782829
-0.00078557
-0.000775164
-0.000791804
-0.000792509
-0.000793284
-0.000793866
-0.000794516
-0.000795146
-0.000795727
-0.000796358
-0.000796655
-0.000796828
-0.000796888
-0.000796607
-0.000799324
-0.000783351
-0.000799044
-0.000797173
-0.000796034
-0.000792475
-0.000793133
-0.000791667
-0.00079021
-0.000788738
-0.000787324
-0.00078586
-0.000784305
-0.000782879
-0.000781244
-0.000766046
-0.000776868
-0.000771355
-0.000770049
-0.00076437
-0.000763286
-0.000759731
-0.000756268
-0.000752845
-0.000749622
-0.000744048
-0.000740606
-0.000737099
-0.000723513
-0.000712461
-0.000725708
-0.000719786
-0.000714347
-0.00071126
-0.000703859
-0.000700707
-0.000693292
-0.000688386
-0.000685224
-0.000679888
-0.000672583
-0.000669509
-0.000653157
-0.000645922
-0.000650903
-0.000643058
-0.000636304
-0.00063118
-0.000622176
-0.000616388
-0.000611419
-0.000602568
-0.000597638
-0.000588235
-0.000581341
-0.000574228
-0.000567888
-0.000551809
-0.000554966
-0.000543203
-0.000534624
-0.000526342
-0.000517511
-0.000508907
-0.000500595
-0.000489337
-0.000480468
-0.000471659
-0.000463483
-0.000455308
-0.000439564
-0.00042971
-0.000428829
-0.00041921
-0.000408867
-0.000398179
-0.000388781
-0.000378904
-0.000369259
-0.000358864
-0.000348181
-0.00034064
-0.000331306
-0.00032229
-0.000312801
-0.000302221
-0.000276595
-0.000280331
-0.000269317
-0.000256324
-0.000245367
-0.000232957
-0.000221565
-0.000209885
-0.000195932
-0.000184577
-0.000173438
-0.000161921
-0.000149403
-0.000140531
-0.000127605
-9.96934e-05
-0.000101142
-8.78179e-05
-7.42978e-05
-6.2406e-05
-4.87661e-05
-3.62743e-05
-2.22487e-05
-4.57759e-06
8.83444e-06
2.17177e-05
3.48602e-05
4.7349e-05
5.93741e-05
8.83533e-05
0.000102662
0.000100999
0.000114308
0.000130885
0.000145448
0.000159895
0.000174226
0.00019075
0.000205263
0.000219951
0.000234185
0.000248301
0.000262711
0.000280052
0.000309765
0.00032598
0.000341279
0.000342313
0.000360621
0.000377421
0.00039343
0.000409816
0.000427881
0.000444682
0.000461391
0.000478069
0.000494728
0.000510394
0.000527358
0.000545686
0.000576715
0.000594122
0.00059705
0.000615511
0.000636147
0.000653969
0.000672661
0.000692709
0.000711
0.000729733
0.000747394
0.000765777
0.000785595
0.000803535
0.00082194
0.000840394
0.000873911
0.000892226
0.000900725
0.000920591
0.000940512
0.000960608
0.000982008
0.00100148
0.00102167
0.00104136
0.0010619
0.00108072
0.00110392
0.00112372
0.00114371
0.00116045
0.00119424
0.00121962
0.00122627
0.00124782
0.0012685
0.0012901
0.00131361
0.00133533
0.00135607
0.00137829
0.00140009
0.00142129
0.00144547
0.00146692
0.00148839
0.00151092
0.00154622
0.00157316
0.00158194
0.00160412
0.00162702
0.00165327
0.00167601
0.00169871
0.00172251
0.00174617
0.001772
0.0017941
0.0018176
0.00184176
0.00186507
0.00188805
0.00192738
0.00195536
0.00196339
0.00199012
0.00201543
0.00203973
0.00206519
0.00209272
0.00211794
0.00214297
0.00216846
0.00219399
0.00222212
0.00224724
0.0022713
0.00229756
0.00232385
0.00236701
0.00237677
0.00240423
0.00243204
0.00245894
0.00248756
0.002514
0.00253873
0.0025645
0.00259187
0.00262087
0.00265554
0.00268115
0.00270857
0.00273593
0.00276505
0.00280602
0.00283805
0.00286863
0.0028736
0.00290254
0.00293098
0.00295968
0.00298615
0.00301766
0.00304565
0.00307361
0.00310308
0.00313189
0.00316383
0.00319181
0.00322142
0.0032504
0.0032801
0.00332965
0.00336078
0.00337127
0.00340033
0.00343681
0.00346724
0.00349611
0.00352845
0.0035567
0.00358903
0.00361965
0.00365017
0.00368068
0.00371368
0.00374508
0.00377579
0.0038073
0.00383583
0.00388905
0.00391769
0.00393567
0.00396827
0.00400078
0.00403629
0.00406626
0.00409795
0.0041316
0.0041676
0.0042008
0.00423366
0.00426579
0.0042976
0.00433199
0.00436583
0.0043994
0.00443543
0.00446701
0.00453496
0.00457234
0.00458327
0.00462094
0.00465527
0.00469133
0.00472774
0.00476348
0.00479814
0.00483255
0.00485031
0.00488797
0.00491841
0.00495655
0.00499135
0.00502389
0.00505903
0.00509553
0.00513529
0.00519257
0.00522653
0.00524345
0.0052818
0.00531798
0.00535275
0.00539142
0.00543137
0.00546657
0.00550435
0.00554126
0.00557885
0.00561908
0.00565619
0.00569304
0.00573185
0.00577102
0.00580726
0.00584223
0.00588318
0.00594466
0.00598679
0.00600304
0.00604525
0.00608635
0.0061473
0.0061888
0.0062254
0.00626451
0.00630296
0.00634445
0.00638383
0.00640576
0.00644554
0.00648354
0.00652772
0.00656661
0.00660471
0.00664416
0.00668482
0.00675325
0.00679377
0.00681167
0.006854
0.00689968
0.00694123
0.00698278
0.00702609
0.00706812
0.007111
0.00715247
0.00719546
0.0072376
0.00728421
0.00732417
0.00737466
0.00741695
0.00745856
0.00750194
0.00754344
0.0076143
0.00765583
0.00767685
0.00772656
0.00777016
0.00781546
0.00785946
0.0079043
0.00793211
0.00797428
0.00801944
0.00806418
0.00810641
0.00815465
0.00822431
0.00826771
0.00830844
0.00835347
0.00839764
0.00843811
0.00848347
0.00855021
0.00860201
0.00862877
0.0086746
0.00870923
0.00876251
0.00880934
0.00885694
0.00890102
0.00894777
0.0089944
0.00903984
0.00908815
0.00913333
0.00917942
0.00922283
0.00927212
0.00931913
0.00935865
0.0094049
0.00944931
0.00949699
0.00957011
0.00959649
0.00964348
0.00969223
0.00973938
0.00978594
0.00983794
0.00988549
0.0099306
0.00997659
0.0100283
0.0100803
0.0101288
0.0101752
0.0102225
0.0102675
0.0103149
0.0103629
0.0104112
0.0104586
0.0105067
0.0105825
0.0106313
0.0106886
0.0107068
0.0107617
0.0108109
0.010858
0.0109091
0.0109598
0.011011
0.0110603
0.0111159
0.011164
0.0112125
0.0112592
0.0113116
0.0113654
0.0114153
0.0114646
0.0115158
0.0115613
0.0116169
0.0116674
0.0117505
0.0118032
0.0118565
0.011883
0.0119343
0.0119882
0.0120405
0.0120919
0.0121464
0.0122014
0.0122545
0.0123093
0.0123597
0.0124125
0.0124611
0.0125141
0.0125714
0.0126234
0.0126813
0.0127297
0.0127813
0.0128387
0.0128834
0.0129683
0.0130304
0.0130843
0.0131403
0.0131589
0.0132148
0.0132744
0.0133266
0.0133903
0.013445
0.0134971
0.0135526
0.0136154
0.0136719
0.0137257
0.0137817
0.0138398
0.0138963
0.0139521
0.0140105
0.0140664
0.014121
0.0141737
0.0142329
0.0142922
0.014394
0.0144552
0.0144716
0.0145277
0.0145871
0.0146471
0.0147091
0.0147707
0.0148293
0.0148913
0.0149497
0.0150111
0.015071
0.0151297
0.0151868
0.0152476
0.0153038
0.0153642
0.0154233
0.0154899
0.0155497
0.0156128
0.0157156
0.0157771
0.0158381
0.0159027
0.0159235
0.0159877
0.0160492
0.0161112
0.0161734
0.0162391
0.0163072
0.016372
0.0164332
0.0164888
0.0165547
0.0166199
0.0166829
0.0167476
0.0168126
0.0168714
0.0169395
0.0170021
0.0170628
0.0171244
0.0172368
0.0173005
0.0173695
0.0174351
0.0174593
0.017527
0.0175925
0.0176613
0.0177311
0.0177959
0.0178584
0.0179276
0.0179976
0.0180627
0.0181299
0.0181977
0.0182631
0.018332
0.0184001
0.0184636
0.0185374
0.0186035
0.0186706
0.0187351
0.0188495
0.0189259
0.0190054
0.0190269
0.0190998
0.0191665
0.0192372
0.0193077
0.0193797
0.019453
0.0195289
0.0195959
0.0196691
0.0197154
0.0197867
0.0198531
0.0199229
0.019995
0.0200723
0.0201441
0.0202125
0.0202865
0.0203566
0.0204785
0.0205432
0.0206218
0.0206964
0.0207228
0.0207982
0.0208736
0.0209518
0.0210183
0.0210794
0.0211583
0.0212311
0.0213054
0.0213893
0.0214651
0.0215386
0.0216128
0.0216895
0.0217562
0.0218291
0.0219094
0.0219796
0.0220525
0.0221298
0.0222468
0.0223307
0.0224035
0.0224826
0.0225244
0.0226014
0.0226768
0.022751
0.0228285
0.0229127
0.0229923
0.0230725
0.023155
0.0232721
0.0233533
0.0234327
0.0235105
0.0235829
0.023666
0.0237412
0.0238252
0.0238962
0.0239756
0.0240603
0.0241963
0.0242658
0.0243661
0.0243975
0.0244657
0.0245501
0.024636
0.0247158
0.0247966
0.0248819
0.0249657
0.0249984
0.0250718
0.0251613
0.0252429
0.0253339
0.0254202
0.0255018
0.0255884
0.0256741
0.0257554
0.0258401
0.0259152
0.0259989
0.0260888
0.0262321
0.026316
0.0264014
0.0264282
0.026518
0.0266122
0.026698
0.0267887
0.0268841
0.0269712
0.0270583
0.0271492
0.0272286
0.0273139
0.0274062
0.0274992
0.0275784
0.0276605
0.0277557
0.0278372
0.0279343
0.0280296
0.0281399
0.0282335
0.0283633
0.0284618
0.0284936
0.0285802
0.0286785
0.0287668
0.0288658
0.0289608
0.029058
0.0291481
0.0292441
0.0293289
0.0294213
0.0295125
0.0296094
0.0297009
0.0297924
0.0298967
0.0299931
0.0300844
0.0301773
0.0302611
0.0303558
0.0304437
0.0306022
0.0307029
0.0308053
0.0308205
0.0309194
0.0310217
0.0311175
0.0312055
0.031304
0.0314053
0.0315005
0.031592
0.0316846
0.0317851
0.0318863
0.0319771
0.0320702
0.0321639
0.0322781
0.032376
0.0324382
0.0325409
0.0326572
0.0327533
0.0329247
0.0330247
0.0331239
0.0331522
0.0332628
0.0333732
0.0334808
0.0336039
0.0337026
0.0338187
0.0339255
0.0340204
0.0341306
0.0342392
0.034343
0.0344505
0.0345026
0.034612
0.0347131
0.0348088
0.0349172
0.0350172
0.0351207
0.0352263
0.0353866
0.0355089
0.0356013
0.0356428
0.0357627
0.0358622
0.0359774
0.0360925
0.0362064
0.0363355
0.0364055
0.0365425
0.036649
0.0367796
0.0368757
0.0369949
0.037105
0.0371985
0.0373096
0.0374196
0.0375381
0.0376473
0.0377505
0.0378518
0.0380464
0.0381357
0.0381817
0.0382901
0.0384018
0.0385234
0.0386083
0.0387269
0.0388457
0.038949
0.0391059
0.0392208
0.0393648
0.0394926
0.0396129
0.0397165
0.0398392
0.0399475
0.0400652
0.0401764
0.0402869
0.0404131
0.0405351
0.0407174
0.0408542
0.0409785
0.0410142
0.0411335
0.0412603
0.041363
0.0414773
0.0415939
0.0417176
0.041843
0.0419842
0.0421068
0.0422239
0.0423509
0.0424668
0.0425819
0.0427069
0.0428163
0.0429629
0.0430743
0.0431897
0.04332
0.0435128
0.0436679
0.04379
0.0438142
0.0439422
0.0440821
0.044208
0.0443188
0.0444519
0.0445795
0.0446997
0.0448358
0.0449665
0.0451083
0.0452386
0.0453445
0.0454698
0.0456126
0.0457516
0.045881
0.0460088
0.0461437
0.046261
0.0463628
0.0465874
0.0467276
0.0468799
0.0469149
0.047058
0.0471861
0.0473107
0.0474534
0.0475951
0.0477418
0.047859
0.0479936
0.0481413
0.0482882
0.0484246
0.0485551
0.048688
0.048833
0.0489746
0.0491222
0.0492401
0.049384
0.0495336
0.0497761
0.0499273
0.049961
0.0501048
0.0502444
0.0504071
0.0505407
0.0506875
0.050838
0.0509748
0.0511239
0.0512696
0.0514169
0.0515533
0.0516912
0.0518322
0.0519689
0.0521325
0.0523109
0.0524426
0.052579
0.0527272
0.0528576
0.0531224
0.0532749
0.053422
0.0534533
0.0536346
0.0537736
0.0539318
0.0541051
0.0542342
0.0544162
0.0545518
0.0547187
0.054875
0.0550178
0.0551969
0.0553686
0.0554972
0.0556442
0.0558116
0.0559808
0.0561479
0.056312
0.0566025
0.0567829
0.0568072
0.0569642
0.0571464
0.0573135
0.0574782
0.0576444
0.0578133
0.0579756
0.0581422
0.0583364
0.0584808
0.0586488
0.0588165
0.058982
0.0591541
0.0593465
0.0594938
0.0596207
0.0598068
0.0601109
0.0602894
0.0603458
0.0605365
0.0607024
0.0609021
0.061062
0.0612516
0.0614251
0.0616213
0.061817
0.0620205
0.0621857
0.0623927
0.062576
0.0627438
0.0629458
0.0631337
0.0633186
0.0635039
0.063683
0.0640641
0.0642571
0.06427
0.0644491
0.0646836
0.0648837
0.0650768
0.0652855
0.065477
0.0656866
0.0658608
0.0660527
0.0662581
0.0664455
0.066621
0.0668274
0.0670263
0.0672293
0.0674338
0.0676257
0.0681293
0.0682842
0.0682815
0.0683901
0.0686611
0.068946
0.0691628
0.0693316
0.0695545
0.0697626
0.0700097
0.0702257
0.0704878
0.070728
0.0709551
0.0711757
0.071402
0.0716678
0.077325
0.0777882
0.0790491
0.0793366
0.079447
0.0791584
0.0806328
0.0808847
0.0812907
0.0816531
0.0821549
0.082401
0.0828265
0.0823854
0.0826058
0.0839767
0.0840832
0.0932784
0.100195
0.100365
0.100592
0.10065
0.100999
0.101544
0.10187
0.102354
0.102621
0.103103
0.10388
0.104553
0.105182
0.105802
0.106857
0.108062
0.119231
0.119137
0.118508
0.118694
0.118665
0.119219
0.119053
0.0992089
0.120106
0.120576
0.120955
0.121836
0.122517
0.118087
0.123293
0.122463
0.121929
0.121638
0.12159
0.121296
0.121486
0.121724
0.121741
0.103079
0.122635
0.122969
0.123591
0.109576
0.117132
0.116671
0.116211
0.116062
0.115801
0.115755
0.115906
0.116003
0.116369
0.116634
0.117085
0.117585
0.111439
0.111142
0.111078
0.111005
0.111093
0.111058
0.111307
0.111602
0.111798
0.105632
0.106604
0.107763
0.107373
0.107217
0.107031
0.107115
0.106105
