0.198919
0.0994596
0.149189
0.149189
0.149189
0.149189
0.149189
0.149189
0.149189
0.149189
0.198919
0.149189
0.149189
0.149189
0.149189
0.149189
0.149189
0.149189
0.149189
0.149189
0.149189
0.149189
0.198919
0.149189
0.149189
0.149189
0.149189
0.149189
0.149189
0.149189
0.198919
0.149189
0.149189
0.149189
0.149189
0.149189
0.149189
0.149189
0.149189
0.198919
0.149189
0.149189
0.149189
0.149189
0.198919
0.149189
0.149189
0.149189
0.149189
0.198919
0.149189
0.149189
0.149189
0.149189
0.198919
0.149189
0.149189
0.198919
0.149189
0.149189
0.198919
0.149189
0.198919
0.149189
0.149189
0.198919
0.198919
0.149189
0.198919
0.149189
0.198919
0.198919
0.149189
0.198919
0.198919
0.149189
0.198919
0.198919
0.198919
0.149189
0.198919
0.198919
0.198919
0.198919
0.198919
0.198919
0.198919
0.198919
0.198919
0.248649
0.198919
0.198919
0.248649
0.198919
0.248649
0.198919
0.248649
0.248649
0.198919
0.248649
0.248649
0.248649
0.248649
0.298379
0.248649
0.248649
0.298379
0.248649
0.298379
0.298379
0.298379
0.298379
0.298379
0.348109
0.298379
0.348109
0.348109
0.348109
0.395551
0.390333
0.335123
0.424197
0.366417
0.405213
0.397618
0.391851
0.427713
0.381826
0.455076
0.405601
0.439225
0.471423
0.503654
0.461703
0.536953
0.537137
0.578068
0.582887
0.670177
0.641493
0.693315
0.750672
0.763998
0.78204
0.845763
0.879018
0.914264
0.944866
0.994596
0.990732
0.90502
0.880147
0.81226
0.837605
0.77383
0.757487
0.741937
0.690274
0.681247
0.634453
0.628399
0.623189
0.580413
0.57771
0.575611
0.535952
0.535192
0.534853
0.53488
0.4973
0.497851
0.498449
0.499968
0.501213
0.463648
0.466759
0.467773
0.470948
0.434447
0.476464
0.401045
0.443014
0.448859
0.409209
0.45554
0.374373
0.421199
0.423418
0.385241
0.388572
0.392268
0.441019
0.396961
0.360092
0.406267
0.41095
0.370455
0.370483
0.379461
0.380818
0.333251
0.392267
0.392321
0.343931
0.397838
0.348109
0.348109
0.348109
0.348109
0.348109
0.348109
0.348109
0.298379
0.348109
0.298379
0.348109
0.298379
0.298379
0.298379
0.248649
0.348109
0.248649
0.298379
0.248649
0.298379
0.248649
0.248649
0.298379
0.248649
0.248649
0.198919
0.298379
0.198919
0.248649
0.198919
0.248649
0.248649
0.198919
0.198919
0.198919
0.248649
0.149189
0.198919
0.248649
0.149189
0.198919
0.149189
0.149189
0.198919
0.149189
0.198919
0.149189
0.149189
0.149189
0.0994596
0.198919
0.0994596
