-0.282091
-0.282042
-0.281992
-0.281942
-0.281893
-0.281843
-0.281793
-0.281743
-0.281694
-0.281644
-0.281594
-0.281544
-0.281495
-0.281445
-0.281395
-0.281345
-0.281296
-0.281246
-0.281196
-0.281146
-0.281097
-0.281047
-0.280997
-0.280947
-0.280897
-0.280848
-0.280798
-0.280748
-0.280698
-0.280649
-0.280599
-0.280549
-0.280499
-0.28045
-0.2804
-0.28035
-0.2803
-0.280251
-0.280201
-0.280151
-0.280101
-0.280052
-0.280002
-0.279952
-0.279902
-0.279853
-0.279803
-0.279753
-0.279703
-0.279654
-0.279604
-0.279554
-0.279504
-0.279455
-0.279405
-0.279355
-0.279305
-0.279256
-0.279206
-0.279156
-0.279106
-0.279057
-0.279007
-0.278957
-0.278907
-0.278858
-0.278808
-0.278758
-0.278708
-0.278659
-0.278609
-0.278559
-0.278509
-0.27846
-0.27841
-0.27836
-0.27831
-0.27826
-0.278211
-0.278161
-0.278111
-0.278061
-0.278012
-0.277962
-0.277912
-0.277862
-0.277813
-0.277763
-0.277713
-0.277663
-0.277614
-0.277564
-0.277514
-0.277464
-0.277415
-0.277365
-0.277315
-0.277265
-0.277216
-0.277166
-0.277116
-0.277066
-0.277017
-0.276967
-0.276917
-0.276867
-0.276818
-0.276768
-0.276718
-0.276668
-0.276619
-0.276569
-0.276519
-0.276469
-0.27642
-0.27637
-0.27632
-0.27627
-0.276221
-0.276171
-0.276121
-0.276071
-0.276022
-0.275972
-0.275922
-0.275872
-0.275823
-0.275773
-0.275723
-0.275673
-0.275623
-0.275574
-0.275524
-0.275474
-0.275424
-0.275375
-0.275325
-0.275275
-0.275225
-0.275176
-0.275126
-0.275076
-0.275026
-0.274977
-0.274927
-0.274877
-0.274827
-0.274778
-0.274728
-0.274678
-0.274628
-0.274579
-0.274529
-0.274479
-0.274429
-0.27438
-0.27433
-0.27428
-0.27423
-0.274181
-0.274131
-0.274081
-0.274031
-0.273982
-0.273932
-0.273882
-0.273832
-0.273783
-0.273733
-0.273683
-0.273633
-0.273584
-0.273534
-0.273484
-0.273434
-0.273385
-0.273335
-0.273285
-0.273235
-0.273186
-0.273136
-0.273086
-0.273036
-0.272986
-0.272937
-0.272887
-0.272837
-0.272787
-0.272738
-0.272688
-0.272638
-0.272588
-0.272539
-0.272489
-0.272439
-0.272389
-0.27234
-0.27229
-0.27224
-0.27219
-0.272141
-0.272091
-0.272041
-0.271991
-0.271942
-0.271892
-0.271842
-0.271792
-0.271743
-0.271693
-0.271643
-0.271593
-0.271544
-0.271494
-0.271444
-0.271394
-0.271345
-0.271295
-0.271245
-0.271195
-0.271146
-0.271096
-0.271046
-0.270996
-0.270947
-0.270897
-0.270847
-0.270797
-0.270748
-0.270698
-0.270648
-0.270598
-0.270549
-0.270499
-0.270449
-0.270399
-0.270349
-0.2703
-0.27025
-0.2702
-0.27015
-0.270101
-0.270051
-0.270001
-0.269951
-0.269902
-0.269852
-0.269802
-0.269752
-0.269703
-0.269653
-0.269603
-0.269553
-0.269504
-0.269454
-0.269404
-0.269354
-0.269305
-0.269255
-0.269205
-0.269155
-0.269106
-0.269056
-0.269006
-0.268956
-0.268907
-0.268857
-0.268807
-0.268757
-0.268708
-0.268658
-0.268608
-0.268558
-0.268509
-0.268459
-0.268409
-0.268359
-0.26831
-0.26826
-0.26821
-0.26816
-0.268111
-0.268061
-0.268011
-0.267961
-0.267912
-0.267862
-0.267812
-0.267762
-0.267712
-0.267663
-0.267613
-0.267563
-0.267513
-0.267464
-0.267414
-0.267364
-0.267314
-0.267265
-0.267215
-0.267165
-0.267115
-0.267066
-0.267016
-0.266966
-0.266916
-0.266867
-0.266817
-0.266767
-0.266717
-0.266668
-0.266618
-0.266568
-0.266518
-0.266469
-0.266419
-0.266369
-0.266319
-0.26627
-0.26622
-0.26617
-0.26612
-0.266071
-0.266021
-0.265971
-0.265921
-0.265872
-0.265822
-0.265772
-0.265722
-0.265673
-0.265623
-0.265573
-0.265523
-0.265474
-0.265424
-0.265374
-0.265324
-0.265275
-0.265225
-0.265175
-0.265125
-0.265076
-0.265026
-0.264976
-0.264926
-0.264876
-0.264827
-0.264777
-0.264727
-0.264677
-0.264628
-0.264578
-0.264528
-0.264478
-0.264429
-0.264379
-0.264329
-0.264279
-0.26423
-0.26418
-0.26413
-0.26408
-0.264031
-0.263981
-0.263931
-0.263881
-0.263832
-0.263782
-0.263732
-0.263682
-0.263633
-0.263583
-0.263533
-0.263483
-0.263434
-0.263384
-0.263334
-0.263284
-0.263235
-0.263185
-0.263135
-0.263085
-0.263036
-0.262986
-0.262936
-0.262886
-0.262837
-0.262787
-0.262737
-0.262687
-0.262638
-0.262588
-0.262538
-0.262488
-0.262439
-0.262389
-0.262339
-0.262289
-0.262239
-0.26219
-0.26214
-0.26209
-0.26204
-0.261991
-0.261941
-0.261891
-0.261841
-0.261792
-0.261742
-0.261692
-0.261642
-0.261593
-0.261543
-0.261493
-0.261443
-0.261394
-0.261344
-0.261294
-0.261244
-0.261195
-0.261145
-0.261095
-0.261045
-0.260996
-0.260946
-0.260896
-0.260846
-0.260797
-0.260747
-0.260697
-0.260647
-0.260598
-0.260548
-0.260498
-0.260448
-0.260399
-0.260349
-0.260299
-0.260249
-0.2602
-0.26015
-0.2601
-0.26005
-0.260001
-0.259951
-0.259901
-0.259851
-0.259802
-0.259752
-0.259702
-0.259652
-0.259602
-0.259553
-0.259503
-0.259453
-0.259403
-0.259354
-0.259304
-0.259254
-0.259204
-0.259155
-0.259105
-0.259055
-0.259005
-0.258956
-0.258906
-0.258856
-0.258806
-0.258757
-0.258707
-0.258657
-0.258607
-0.258558
-0.258508
-0.258458
-0.258408
-0.258359
-0.258309
-0.258259
-0.258209
-0.25816
-0.25811
-0.25806
-0.25801
-0.257961
-0.257911
-0.257861
-0.257811
-0.257762
-0.257712
-0.257662
-0.257612
-0.257563
-0.257513
-0.257463
-0.257413
-0.257364
-0.257314
-0.257264
-0.257214
-0.257165
-0.257115
-0.257065
-0.257015
-0.256965
-0.256916
-0.256866
-0.256816
-0.256766
-0.256717
-0.256667
-0.256617
-0.256567
-0.256518
-0.256468
-0.256418
-0.256368
-0.256319
-0.256269
-0.256219
-0.256169
-0.25612
-0.25607
-0.25602
-0.25597
-0.255921
-0.255871
-0.255821
-0.255771
-0.255722
-0.255672
-0.255622
-0.255572
-0.255523
-0.255473
-0.255423
-0.255373
-0.255324
-0.255274
-0.255224
-0.255174
-0.255125
-0.255075
-0.255025
-0.254975
-0.254926
-0.254876
-0.254826
-0.254776
-0.254727
-0.254677
-0.254627
-0.254577
-0.254528
-0.254478
-0.254428
-0.254378
-0.254328
-0.254279
-0.254229
-0.254179
-0.254129
-0.25408
-0.25403
-0.25398
-0.25393
-0.253881
-0.253831
-0.253781
-0.253731
-0.253682
-0.253632
-0.253582
-0.253532
-0.253483
-0.253433
-0.253383
-0.253333
-0.253284
-0.253234
-0.253184
-0.253134
-0.253085
-0.253035
-0.252985
-0.252935
-0.252886
-0.252836
-0.252786
-0.252736
-0.252687
-0.252637
-0.252587
-0.252537
-0.252488
-0.252438
-0.252388
-0.252338
-0.252289
-0.252239
-0.252189
-0.252139
-0.25209
-0.25204
-0.25199
-0.25194
-0.251891
-0.251841
-0.251791
-0.251741
-0.251691
-0.251642
-0.251592
-0.251542
-0.251492
-0.251443
-0.251393
-0.251343
-0.251293
-0.251244
-0.251194
-0.251144
-0.251094
-0.251045
-0.250995
-0.250945
-0.250895
-0.250846
-0.250796
-0.250746
-0.250696
-0.250647
-0.250597
-0.250547
-0.250497
-0.250448
-0.250398
-0.250348
-0.250298
-0.250249
-0.250199
-0.250149
-0.250099
-0.25005
-0.25
-0.24995
-0.2499
-0.249851
-0.249801
-0.249751
-0.249701
-0.249652
-0.249602
-0.249552
-0.249502
-0.249453
-0.249403
-0.249353
-0.249303
-0.249254
-0.249204
-0.249154
-0.249104
-0.249054
-0.249005
-0.248955
-0.248905
-0.248855
-0.248806
-0.248756
-0.248706
-0.248656
-0.248607
-0.248557
-0.248507
-0.248457
-0.248408
-0.248358
-0.248308
-0.248258
-0.248209
-0.248159
-0.248109
-0.248059
-0.24801
-0.24796
-0.24791
-0.24786
-0.247811
-0.247761
-0.247711
-0.247661
-0.247612
-0.247562
-0.247512
-0.247462
-0.247413
-0.247363
-0.247313
-0.247263
-0.247214
-0.247164
-0.247114
-0.247064
-0.247015
-0.246965
-0.246915
-0.246865
-0.246816
-0.246766
-0.246716
-0.246666
-0.246617
-0.246567
-0.246517
-0.246467
-0.246417
-0.246368
-0.246318
-0.246268
-0.246218
-0.246169
-0.246119
-0.246069
-0.246019
-0.24597
-0.24592
-0.24587
-0.24582
-0.245771
-0.245721
-0.245671
-0.245621
-0.245572
-0.245522
-0.245472
-0.245422
-0.245373
-0.245323
-0.245273
-0.245223
-0.245174
-0.245124
-0.245074
-0.245024
-0.244975
-0.244925
-0.244875
-0.244825
-0.244776
-0.244726
-0.244676
-0.244626
-0.244577
-0.244527
-0.244477
-0.244427
-0.244378
-0.244328
-0.244278
-0.244228
-0.244179
-0.244129
-0.244079
-0.244029
-0.24398
-0.24393
-0.24388
-0.24383
-0.24378
-0.243731
-0.243681
-0.243631
-0.243581
-0.243532
-0.243482
-0.243432
-0.243382
-0.243333
-0.243283
-0.243233
-0.243183
-0.243134
-0.243084
-0.243034
-0.242984
-0.242935
-0.242885
-0.242835
-0.242785
-0.242736
-0.242686
-0.242636
-0.242586
-0.242537
-0.242487
-0.242437
-0.242387
-0.242338
-0.242288
-0.242238
-0.242188
-0.242139
-0.242089
-0.242039
-0.241989
-0.24194
-0.24189
-0.24184
-0.24179
-0.241741
-0.241691
-0.241641
-0.241591
-0.241542
-0.241492
-0.241442
-0.241392
-0.241343
-0.241293
-0.241243
-0.241193
-0.241144
-0.241094
-0.241044
-0.240994
-0.240944
-0.240895
-0.240845
-0.240795
-0.240745
-0.240696
-0.240646
-0.240596
-0.240546
-0.240497
-0.240447
-0.240397
-0.240347
-0.240298
-0.240248
-0.240198
-0.240148
-0.240099
-0.240049
-0.239999
-0.239949
-0.2399
-0.23985
-0.2398
-0.23975
-0.239701
-0.239651
-0.239601
-0.239551
-0.239502
-0.239452
-0.239402
-0.239352
-0.239303
-0.239253
-0.239203
-0.239153
-0.239104
-0.239054
-0.239004
-0.238954
-0.238905
-0.238855
-0.238805
-0.238755
-0.238706
-0.238656
-0.238606
-0.238556
-0.238507
-0.238457
-0.238407
-0.238357
-0.238307
-0.238258
-0.238208
-0.238158
-0.238108
-0.238059
-0.238009
-0.237959
-0.237909
-0.23786
-0.23781
-0.23776
-0.23771
-0.237661
-0.237611
-0.237561
-0.237511
-0.237462
-0.237412
-0.237362
-0.237312
-0.237263
-0.237213
-0.237163
-0.237113
-0.237064
-0.237014
-0.236964
-0.236914
-0.236865
-0.236815
-0.236765
-0.236715
-0.236666
-0.236616
-0.236566
-0.236516
-0.236467
-0.236417
-0.236367
-0.236317
-0.236268
-0.236218
-0.236168
-0.236118
-0.236069
-0.236019
-0.235969
-0.235919
-0.23587
-0.23582
-0.23577
-0.23572
-0.23567
-0.235621
-0.235571
-0.235521
-0.235471
-0.235422
-0.235372
-0.235322
-0.235272
-0.235223
-0.235173
-0.235123
-0.235073
-0.235024
-0.234974
-0.234924
-0.234874
-0.234825
-0.234775
-0.234725
-0.234675
-0.234626
-0.234576
-0.234526
-0.234476
-0.234427
-0.234377
-0.234327
-0.234277
-0.234228
-0.234178
-0.234128
-0.234078
-0.234029
-0.233979
-0.233929
-0.233879
-0.23383
-0.23378
-0.23373
-0.23368
-0.233631
-0.233581
-0.233531
-0.233481
-0.233432
-0.233382
-0.233332
-0.233282
-0.233233
-0.233183
-0.233133
-0.233083
-0.233033
-0.232984
-0.232934
-0.232884
-0.232834
-0.232785
-0.232735
-0.232685
-0.232635
-0.232586
-0.232536
-0.232486
-0.232436
-0.232387
-0.232337
-0.232287
-0.232237
-0.232188
-0.232138
-0.232088
-0.232038
-0.231989
-0.231939
-0.231889
-0.231839
-0.23179
-0.23174
-0.23169
-0.23164
-0.231591
-0.231541
-0.231491
-0.231441
-0.231392
-0.231342
-0.231292
-0.231242
-0.231193
-0.231143
-0.231093
-0.231043
-0.230994
-0.230944
-0.230894
-0.230844
-0.230795
-0.230745
-0.230695
-0.230645
-0.230596
-0.230546
-0.230496
-0.230446
-0.230396
-0.230347
-0.230297
-0.230247
-0.230197
-0.230148
-0.230098
-0.230048
-0.229998
-0.229949
-0.229899
-0.229849
-0.229799
-0.22975
-0.2297
-0.22965
-0.2296
-0.229551
-0.229501
-0.229451
-0.229401
-0.229352
-0.229302
-0.229252
-0.229202
-0.229153
-0.229103
-0.229053
-0.229003
-0.228954
-0.228904
-0.228854
-0.228804
-0.228755
-0.228705
-0.228655
-0.228605
-0.228556
-0.228506
-0.228456
-0.228406
-0.228357
-0.228307
-0.228257
-0.228207
-0.228158
-0.228108
-0.228058
-0.228008
-0.227959
-0.227909
-0.227859
-0.227809
-0.227759
-0.22771
-0.22766
-0.22761
-0.22756
-0.227511
-0.227461
-0.227411
-0.227361
-0.227312
-0.227262
-0.227212
-0.227162
-0.227113
-0.227063
-0.227013
-0.226963
-0.226914
-0.226864
-0.226814
-0.226764
-0.226715
-0.226665
-0.226615
-0.226565
-0.226516
-0.226466
-0.226416
-0.226366
-0.226317
-0.226267
-0.226217
-0.226167
-0.226118
-0.226068
-0.226018
-0.225968
-0.225919
-0.225869
-0.225819
-0.225769
-0.22572
-0.22567
-0.22562
-0.22557
-0.225521
-0.225471
-0.225421
-0.225371
-0.225322
-0.225272
-0.225222
-0.225172
-0.225122
-0.225073
-0.225023
-0.224973
-0.224923
-0.224874
-0.224824
-0.224774
-0.224724
-0.224675
-0.224625
-0.224575
-0.224525
-0.224476
-0.224426
-0.224376
-0.224326
-0.224277
-0.224227
-0.224177
-0.224127
-0.224078
-0.224028
-0.223978
-0.223928
-0.223879
-0.223829
-0.223779
-0.223729
-0.22368
-0.22363
-0.22358
-0.22353
-0.223481
-0.223431
-0.223381
-0.223331
-0.223282
-0.223232
-0.223182
-0.223132
-0.223083
-0.223033
-0.222983
-0.222933
-0.222884
-0.222834
-0.222784
-0.222734
-0.222685
-0.222635
-0.222585
-0.222535
-0.222485
-0.222436
-0.222386
-0.222336
-0.222286
-0.222237
-0.222187
-0.222137
-0.222087
-0.222038
-0.221988
-0.221938
-0.221888
-0.221839
-0.221789
-0.221739
-0.221689
-0.22164
-0.22159
-0.22154
-0.22149
-0.221441
-0.221391
-0.221341
-0.221291
-0.221242
-0.221192
-0.221142
-0.221092
-0.221043
-0.220993
-0.220943
-0.220893
-0.220844
-0.220794
-0.220744
-0.220694
-0.220645
-0.220595
-0.220545
-0.220495
-0.220446
-0.220396
-0.220346
-0.220296
-0.220247
-0.220197
-0.220147
-0.220097
-0.220048
-0.219998
-0.219948
-0.219898
-0.219848
-0.219799
-0.219749
-0.219699
-0.219649
-0.2196
-0.21955
-0.2195
-0.21945
-0.219401
-0.219351
-0.219301
-0.219251
-0.219202
-0.219152
-0.219102
-0.219052
-0.219003
-0.218953
-0.218903
-0.218853
-0.218804
-0.218754
-0.218704
-0.218654
-0.218605
-0.218555
-0.218505
-0.218455
-0.218406
-0.218356
-0.218306
-0.218256
-0.218207
-0.218157
-0.218107
-0.218057
-0.218008
-0.217958
-0.217908
-0.217858
-0.217809
-0.217759
-0.217709
-0.217659
-0.21761
-0.21756
-0.21751
-0.21746
-0.217411
-0.217361
-0.217311
-0.217261
-0.217211
-0.217162
-0.217112
-0.217062
-0.217012
-0.216963
-0.216913
-0.216863
-0.216813
-0.216764
-0.216714
-0.216664
-0.216614
-0.216565
-0.216515
-0.216465
-0.216415
-0.216366
-0.216316
-0.216266
-0.216216
-0.216167
-0.216117
-0.216067
-0.216017
-0.215968
-0.215918
-0.215868
-0.215818
-0.215769
-0.215719
-0.215669
-0.215619
-0.21557
-0.21552
-0.21547
-0.21542
-0.215371
-0.215321
-0.215271
-0.215221
-0.215172
-0.215122
-0.215072
-0.215022
-0.214973
-0.214923
-0.214873
-0.214823
-0.214774
-0.214724
-0.214674
-0.214624
-0.214575
-0.214525
-0.214475
-0.214425
-0.214375
-0.214326
-0.214276
-0.214226
-0.214176
-0.214127
-0.214077
-0.214027
-0.213977
-0.213928
-0.213878
-0.213828
-0.213778
-0.213729
-0.213679
-0.213629
-0.213579
-0.21353
-0.21348
-0.21343
-0.21338
-0.213331
-0.213281
-0.213231
-0.213181
-0.213132
-0.213082
-0.213032
-0.212982
-0.212933
-0.212883
-0.212833
-0.212783
-0.212734
-0.212684
-0.212634
-0.212584
-0.212535
-0.212485
-0.212435
-0.212385
-0.212336
-0.212286
-0.212236
-0.212186
-0.212137
-0.212087
-0.212037
-0.211987
-0.211938
-0.211888
-0.211838
-0.211788
-0.211738
-0.211689
-0.211639
-0.211589
-0.211539
-0.21149
-0.21144
-0.21139
-0.21134
-0.211291
-0.211241
-0.211191
-0.211141
-0.211092
-0.211042
-0.210992
-0.210942
-0.210893
-0.210843
-0.210793
-0.210743
-0.210694
-0.210644
-0.210594
-0.210544
-0.210495
-0.210445
-0.210395
-0.210345
-0.210296
-0.210246
-0.210196
-0.210146
-0.210097
-0.210047
-0.209997
-0.209947
-0.209898
-0.209848
-0.209798
-0.209748
-0.209699
-0.209649
-0.209599
-0.209549
-0.2095
-0.20945
-0.2094
-0.20935
-0.209301
-0.209251
-0.209201
-0.209151
-0.209101
-0.209052
-0.209002
-0.208952
-0.208902
-0.208853
-0.208803
-0.208753
-0.208703
-0.208654
-0.208604
-0.208554
-0.208504
-0.208455
-0.208405
-0.208355
-0.208305
-0.208256
-0.208206
-0.208156
-0.208106
-0.208057
-0.208007
-0.207957
-0.207907
-0.207858
-0.207808
-0.207758
-0.207708
-0.207659
-0.207609
-0.207559
-0.207509
-0.20746
-0.20741
-0.20736
-0.20731
-0.207261
-0.207211
-0.207161
-0.207111
-0.207062
-0.207012
-0.206962
-0.206912
-0.206863
-0.206813
-0.206763
-0.206713
-0.206664
-0.206614
-0.206564
-0.206514
-0.206464
-0.206415
-0.206365
-0.206315
-0.206265
-0.206216
-0.206166
-0.206116
-0.206066
-0.206017
-0.205967
-0.205917
-0.205867
-0.205818
-0.205768
-0.205718
-0.205668
-0.205619
-0.205569
-0.205519
-0.205469
-0.20542
-0.20537
-0.20532
-0.20527
-0.205221
-0.205171
-0.205121
-0.205071
-0.205022
-0.204972
-0.204922
-0.204872
-0.204823
-0.204773
-0.204723
-0.204673
-0.204624
-0.204574
-0.204524
-0.204474
-0.204425
-0.204375
-0.204325
-0.204275
-0.204226
-0.204176
-0.204126
-0.204076
-0.204027
-0.203977
-0.203927
-0.203877
-0.203827
-0.203778
-0.203728
-0.203678
-0.203628
-0.203579
-0.203529
-0.203479
-0.203429
-0.20338
-0.20333
-0.20328
-0.20323
-0.203181
-0.203131
-0.203081
-0.203031
-0.202982
-0.202932
-0.202882
-0.202832
-0.202783
-0.202733
-0.202683
-0.202633
-0.202584
-0.202534
-0.202484
-0.202434
-0.202385
-0.202335
-0.202285
-0.202235
-0.202186
-0.202136
-0.202086
-0.202036
-0.201987
-0.201937
-0.201887
-0.201837
-0.201788
-0.201738
-0.201688
-0.201638
-0.201589
-0.201539
-0.201489
-0.201439
-0.20139
-0.20134
-0.20129
-0.20124
-0.20119
-0.201141
-0.201091
-0.201041
-0.200991
-0.200942
-0.200892
-0.200842
-0.200792
-0.200743
-0.200693
-0.200643
-0.200593
-0.200544
-0.200494
-0.200444
-0.200394
-0.200345
-0.200295
-0.200245
-0.200195
-0.200146
-0.200096
-0.200046
-0.199996
-0.199947
-0.199897
-0.199847
-0.199797
-0.199748
-0.199698
-0.199648
-0.199598
-0.199549
-0.199499
-0.199449
-0.199399
-0.19935
-0.1993
-0.19925
-0.1992
-0.199151
-0.199101
-0.199051
-0.199001
-0.198952
-0.198902
-0.198852
-0.198802
-0.198753
-0.198703
-0.198653
-0.198603
-0.198553
-0.198504
-0.198454
-0.198404
-0.198354
-0.198305
-0.198255
-0.198205
-0.198155
-0.198106
-0.198056
-0.198006
-0.197956
-0.197907
-0.197857
-0.197807
-0.197757
-0.197708
-0.197658
-0.197608
-0.197558
-0.197509
-0.197459
-0.197409
-0.197359
-0.19731
-0.19726
-0.19721
-0.19716
-0.197111
-0.197061
-0.197011
-0.196961
-0.196912
-0.196862
-0.196812
-0.196762
-0.196713
-0.196663
-0.196613
-0.196563
-0.196514
-0.196464
-0.196414
-0.196364
-0.196315
-0.196265
-0.196215
-0.196165
-0.196116
-0.196066
-0.196016
-0.195966
-0.195916
-0.195867
-0.195817
-0.195767
-0.195717
-0.195668
-0.195618
-0.195568
-0.195518
-0.195469
-0.195419
-0.195369
-0.195319
-0.19527
-0.19522
-0.19517
-0.19512
-0.195071
-0.195021
-0.194971
-0.194921
-0.194872
-0.194822
-0.194772
-0.194722
-0.194673
-0.194623
-0.194573
-0.194523
-0.194474
-0.194424
-0.194374
-0.194324
-0.194275
-0.194225
-0.194175
-0.194125
-0.194076
-0.194026
-0.193976
-0.193926
-0.193877
-0.193827
-0.193777
-0.193727
-0.193678
-0.193628
-0.193578
-0.193528
-0.193479
-0.193429
-0.193379
-0.193329
-0.193279
-0.19323
-0.19318
-0.19313
-0.19308
-0.193031
-0.192981
-0.192931
-0.192881
-0.192832
-0.192782
-0.192732
-0.192682
-0.192633
-0.192583
-0.192533
-0.192483
-0.192434
-0.192384
-0.192334
-0.192284
-0.192235
-0.192185
-0.192135
-0.192085
-0.192036
-0.191986
-0.191936
-0.191886
-0.191837
-0.191787
-0.191737
-0.191687
-0.191638
-0.191588
-0.191538
-0.191488
-0.191439
-0.191389
-0.191339
-0.191289
-0.19124
-0.19119
-0.19114
-0.19109
-0.191041
-0.190991
-0.190941
-0.190891
-0.190842
-0.190792
-0.190742
-0.190692
-0.190642
-0.190593
-0.190543
-0.190493
-0.190443
-0.190394
-0.190344
-0.190294
-0.190244
-0.190195
-0.190145
-0.190095
-0.190045
-0.189996
-0.189946
-0.189896
-0.189846
-0.189797
-0.189747
-0.189697
-0.189647
-0.189598
-0.189548
-0.189498
-0.189448
-0.189399
-0.189349
-0.189299
-0.189249
-0.1892
-0.18915
-0.1891
-0.18905
-0.189001
-0.188951
-0.188901
-0.188851
-0.188802
-0.188752
-0.188702
-0.188652
-0.188603
-0.188553
-0.188503
-0.188453
-0.188404
-0.188354
-0.188304
-0.188254
-0.188205
-0.188155
-0.188105
-0.188055
-0.188006
-0.187956
-0.187906
-0.187856
-0.187806
-0.187757
-0.187707
-0.187657
-0.187607
-0.187558
-0.187508
-0.187458
-0.187408
-0.187359
-0.187309
-0.187259
-0.187209
-0.18716
-0.18711
-0.18706
-0.18701
-0.186961
-0.186911
-0.186861
-0.186811
-0.186762
-0.186712
-0.186662
-0.186612
-0.186563
-0.186513
-0.186463
-0.186413
-0.186364
-0.186314
-0.186264
-0.186214
-0.186165
-0.186115
-0.186065
-0.186015
-0.185966
-0.185916
-0.185866
-0.185816
-0.185767
-0.185717
-0.185667
-0.185617
-0.185568
-0.185518
-0.185468
-0.185418
-0.185369
-0.185319
-0.185269
-0.185219
-0.185169
-0.18512
-0.18507
-0.18502
-0.18497
-0.184921
-0.184871
-0.184821
-0.184771
-0.184722
-0.184672
-0.184622
-0.184572
-0.184523
-0.184473
-0.184423
-0.184373
-0.184324
-0.184274
-0.184224
-0.184174
-0.184125
-0.184075
-0.184025
-0.183975
-0.183926
-0.183876
-0.183826
-0.183776
-0.183727
-0.183677
-0.183627
-0.183577
-0.183528
-0.183478
-0.183428
-0.183378
-0.183329
-0.183279
-0.183229
-0.183179
-0.18313
-0.18308
-0.18303
-0.18298
-0.182931
-0.182881
-0.182831
-0.182781
-0.182732
-0.182682
-0.182632
-0.039119
-0.0391589
-0.0391289
-0.0390902
-0.0390402
-0.0390042
-0.0389706
-0.0389224
-0.0388586
-0.0387829
-0.0384768
-0.0384655
-0.0384249
-0.038376
-0.0383375
-0.0382885
-0.0382385
-0.0382181
-0.0381631
-0.0381281
-0.0380779
-0.0380483
-0.0380129
-0.0379698
-0.037921
-0.0378807
-0.0378478
-0.037813
-0.0377761
-0.0377424
-0.0376876
-0.0376109
-0.0375625
-0.0372237
-0.0372153
-0.0371662
-0.0371221
-0.0370903
-0.0370392
-0.0369993
-0.036952
-0.03691
-0.0368774
-0.0368308
-0.0367968
-0.0367484
-0.0367136
-0.0366604
-0.0366222
-0.036585
-0.0365475
-0.0365023
-0.0364697
-0.0364046
-0.0363676
-0.0360878
-0.0360631
-0.036027
-0.0359833
-0.0359452
-0.0359047
-0.0358631
-0.035818
-0.0357832
-0.0357406
-0.035703
-0.0356659
-0.0356242
-0.0355803
-0.035541
-0.0354986
-0.0354629
-0.0354192
-0.0353834
-0.0353536
-0.0353031
-0.0352641
-0.0350751
-0.035032
-0.0350005
-0.0349644
-0.0349315
-0.0348964
-0.0348502
-0.0348066
-0.0347624
-0.0347136
-0.0346822
-0.0346249
-0.0345862
-0.0345503
-0.0345186
-0.0344734
-0.0344375
-0.0344006
-0.0336709
-0.0336345
-0.0335973
-0.0335594
-0.0335156
-0.0334776
-0.0334417
-0.0334068
-0.0333698
-0.0333327
-0.033294
-0.0332613
-0.0332217
-0.0331861
-0.0331469
-0.0331145
-0.0330779
-0.033037
-0.0329979
-0.0329611
-0.0329223
-0.0328857
-0.0328476
-0.0328118
-0.0327724
-0.0327369
-0.032698
-0.0326612
-0.0326248
-0.0325819
-0.0325439
-0.0325127
-0.0324753
-0.0324383
-0.0324017
-0.0323634
-0.0323269
-0.0322896
-0.0322507
-0.0322142
-0.0321751
-0.0321406
-0.032101
-0.0320633
-0.0320252
-0.0319873
-0.0319504
-0.0319159
-0.0318784
-0.0318419
-0.0318024
-0.0317646
-0.0317263
-0.0316889
-0.0316518
-0.0316138
-0.0315772
-0.0315396
-0.0315022
-0.0314645
-0.031425
-0.0313874
-0.0313501
-0.0313123
-0.0312776
-0.0312382
-0.0312004
-0.0311632
-0.0311254
-0.0310877
-0.03105
-0.0310138
-0.0309779
-0.0309405
-0.0309023
-0.0308651
-0.0308272
-0.0307886
-0.0307509
-0.0307141
-0.0306756
-0.0306286
-0.030592
-0.0305543
-0.0305107
-0.0304735
-0.0304385
-0.0304007
-0.030363
-0.0303312
-0.0302926
-0.0302543
-0.0302256
-0.030187
-0.0301512
-0.030114
-0.0300754
-0.030039
-0.030002
-0.029954
-0.0299178
-0.0298804
-0.029842
-0.0298054
-0.0297675
-0.0297299
-0.0296944
-0.0296565
-0.0296186
-0.0295811
-0.0295437
-0.029506
-0.0294705
-0.0294333
-0.0293949
-0.0293577
-0.0293193
-0.0292824
-0.029245
-0.0292083
-0.0291708
-0.029134
-0.0290966
-0.0290604
-0.0290221
-0.0289852
-0.0289454
-0.028909
-0.0288716
-0.028835
-0.0288059
-0.0287674
-0.0287281
-0.0286909
-0.0286543
-0.0286153
-0.0285798
-0.0285424
-0.0285046
-0.0284668
-0.0284295
-0.0283914
-0.0283535
-0.0283158
-0.0282783
-0.0282418
-0.0282049
-0.0281671
-0.0281303
-0.0280926
-0.0280554
-0.0280173
-0.0279799
-0.0279429
-0.0279052
-0.0278686
-0.0278306
-0.0277903
-0.0277523
-0.0277159
-0.027678
-0.0276348
-0.0275969
-0.0275599
-0.0275282
-0.0274884
-0.0274511
-0.0274143
-0.0273816
-0.027343
-0.027305
-0.027267
-0.0272297
-0.0271926
-0.027155
-0.027119
-0.0270813
-0.0270433
-0.0270059
-0.0269675
-0.0269312
-0.0268895
-0.0268559
-0.0268178
-0.0267794
-0.0267416
-0.0267041
-0.0266661
-0.026628
-0.0265905
-0.0265528
-0.0265149
-0.0264765
-0.0264391
-0.026401
-0.0263625
-0.0263239
-0.0262866
-0.026249
-0.0262097
-0.0261722
-0.0261278
-0.0260901
-0.0260529
-0.0260145
-0.0259766
-0.0259374
-0.0258994
-0.0258613
-0.0258229
-0.0257846
-0.025746
-0.0257168
-0.0256788
-0.0256409
-0.0256074
-0.0255687
-0.0255287
-0.0254905
-0.0254542
-0.0254143
-0.0253763
-0.0253371
-0.0252996
-0.025261
-0.0252226
-0.0251844
-0.0251462
-0.0251076
-0.0250679
-0.0250297
-0.0249915
-0.0249472
-0.0249085
-0.0248714
-0.0248333
-0.0247971
-0.0247588
-0.0247196
-0.0246793
-0.0246411
-0.0246024
-0.0245643
-0.0245257
-0.0244882
-0.0244494
-0.0244101
-0.0243716
-0.024332
-0.024294
-0.0242552
-0.0242165
-0.0241764
-0.0241374
-0.0240983
-0.0240597
-0.0240199
-0.0239804
-0.0239431
-0.0238981
-0.0238569
-0.023818
-0.0237808
-0.0237412
-0.0237037
-0.0236644
-0.0236236
-0.0235848
-0.0235458
-0.0235065
-0.0234678
-0.0234288
-0.0233894
-0.0233463
-0.0233078
-0.0232681
-0.0232317
-0.0231924
-0.0231533
-0.0231137
-0.0230741
-0.0230346
-0.0229909
-0.0229532
-0.0229197
-0.0228807
-0.0228414
-0.0228029
-0.022762
-0.0227224
-0.0226828
-0.0226405
-0.022601
-0.0225613
-0.0225205
-0.0224814
-0.0224412
-0.0224008
-0.0223653
-0.0223244
-0.0222836
-0.0222443
-0.0222042
-0.0221654
-0.0221254
-0.0220835
-0.0220437
-0.0220102
-0.0219702
-0.0219286
-0.0218894
-0.0218486
-0.0218093
-0.0217683
-0.0217263
-0.0216862
-0.0216457
-0.0216056
-0.0215649
-0.021524
-0.021483
-0.0214424
-0.0214016
-0.0213605
-0.021319
-0.0212776
-0.021237
-0.0211957
-0.0211556
-0.0211156
-0.021075
-0.0210325
-0.0209934
-0.0209516
-0.0209111
-0.0208697
-0.0208285
-0.0207876
-0.020746
-0.0207043
-0.0206632
-0.0206226
-0.0205812
-0.0205395
-0.0204991
-0.0204577
-0.0204157
-0.0203738
-0.0203315
-0.0202898
-0.0202442
-0.020203
-0.0201607
-0.0201189
-0.0200768
-0.0200367
-0.0199955
-0.019957
-0.0199148
-0.0198721
-0.0198292
-0.0197876
-0.0197466
-0.0197048
-0.0196618
-0.0196183
-0.0195764
-0.0195328
-0.0194906
-0.019446
-0.0194023
-0.0193612
-0.0193196
-0.019277
-0.0192349
-0.0191935
-0.0191511
-0.0191085
-0.0190659
-0.0190237
-0.0189814
-0.0189386
-0.018896
-0.0188517
-0.0188126
-0.0187691
-0.0187271
-0.018685
-0.0186418
-0.0185991
-0.0185585
-0.018516
-0.0184738
-0.0184293
-0.0183869
-0.0183415
-0.0182988
-0.0182596
-0.0182118
-0.0181728
-0.0181305
-0.018088
-0.0180438
-0.0180003
-0.0179585
-0.0179151
-0.0178717
-0.0178288
-0.0177861
-0.0177422
-0.0176967
-0.0176538
-0.0176098
-0.0175662
-0.0175231
-0.0174843
-0.0174413
-0.0173942
-0.017351
-0.0173062
-0.0172634
-0.0172242
-0.0171801
-0.0171366
-0.017093
-0.017049
-0.0170046
-0.0169603
-0.0169176
-0.0168729
-0.0168291
-0.016785
-0.0167407
-0.0166968
-0.0166528
-0.0166087
-0.0165635
-0.0165193
-0.016474
-0.0164302
-0.0163855
-0.0163415
-0.0162983
-0.0162532
-0.0162096
-0.0161648
-0.0161202
-0.0160765
-0.0160362
-0.0159906
-0.0159423
-0.0158983
-0.015854
-0.0158097
-0.0157687
-0.0157208
-0.015677
-0.0156324
-0.0155877
-0.015543
-0.0154982
-0.0154551
-0.0154104
-0.0153671
-0.015321
-0.0152764
-0.0152324
-0.0151866
-0.0151409
-0.0150968
-0.0150519
-0.015006
-0.0149611
-0.0149155
-0.0148749
-0.0148294
-0.0147839
-0.0147385
-0.0146929
-0.0146487
-0.0146024
-0.0145583
-0.0145126
-0.0144673
-0.0144281
-0.014383
-0.0143385
-0.0142921
-0.0142456
-0.0142009
-0.0141532
-0.0141086
-0.0140616
-0.0140164
-0.0139711
-0.0139286
-0.0138848
-0.01384
-0.0137944
-0.0137478
-0.013703
-0.0136555
-0.0136101
-0.0135637
-0.0135177
-0.0134725
-0.0134272
-0.0133807
-0.0133358
-0.013286
-0.0132407
-0.0131946
-0.0131487
-0.0131
-0.0130533
-0.0130074
-0.0129614
-0.0129158
-0.0128726
-0.012827
-0.01278
-0.0127342
-0.0126887
-0.0126428
-0.0125956
-0.0125501
-0.0125046
-0.0124584
-0.0124116
-0.0123665
-0.012323
-0.0122768
-0.0122313
-0.0121844
-0.0121385
-0.0120923
-0.0120444
-0.0119978
-0.011952
-0.0119056
-0.0118547
-0.0118085
-0.0117619
-0.0117186
-0.0116725
-0.0116264
-0.0115787
-0.0115326
-0.0114855
-0.011439
-0.0113925
-0.0113459
-0.0112999
-0.011253
-0.0112056
-0.0111595
-0.011113
-0.0110655
-0.0110197
-0.0109733
-0.0109246
-0.0108783
-0.0108316
-0.0107834
-0.010737
-0.0106906
-0.0106439
-0.0105966
-0.0105492
-0.0105021
-0.0104552
-0.010407
-0.0103599
-0.0103077
-0.0102586
-0.0102115
-0.0101646
-0.0101212
-0.010076
-0.0100291
-0.00998133
-0.00993412
-0.00989145
-0.00984348
-0.0097958
-0.00974427
-0.00969896
-0.00964999
-0.00960337
-0.00955507
-0.0095074
-0.00945949
-0.00941145
-0.00936323
-0.00932282
-0.00926748
-0.00922661
-0.00917753
-0.00912985
-0.00908097
-0.00903344
-0.00898568
-0.00893475
-0.00888694
-0.00883941
-0.00878376
-0.00873773
-0.00868974
-0.00864114
-0.00859395
-0.00854526
-0.00849747
-0.00845034
-0.00840096
-0.0083531
-0.0083045
-0.00825553
-0.00821901
-0.00817036
-0.00812093
-0.00806955
-0.00802302
-0.00797453
-0.00792968
-0.00788134
-0.00783341
-0.00778439
-0.00773284
-0.00768407
-0.0076355
-0.00758726
-0.00753709
-0.00748873
-0.00744019
-0.007392
-0.00734214
-0.00729436
-0.00724497
-0.0071969
-0.00714724
-0.00709807
-0.0070492
-0.00700159
-0.00695236
-0.00690503
-0.0068556
-0.00680613
-0.00675888
-0.0067141
-0.00667029
-0.00662161
-0.00657216
-0.00652759
-0.00647923
-0.00642951
-0.00638159
-0.00633331
-0.00627716
-0.00622794
-0.00617947
-0.00613042
-0.00608185
-0.00603352
-0.00598449
-0.00593504
-0.0058868
-0.00583712
-0.00579454
-0.00574529
-0.00569584
-0.00564634
-0.00559774
-0.00554796
-0.00549902
-0.00544959
-0.00540098
-0.00535475
-0.00530576
-0.00525643
-0.0052074
-0.00515755
-0.00510812
-0.0050585
-0.0050084
-0.00495595
-0.00490703
-0.00485763
-0.00480798
-0.00475815
-0.00470904
-0.0046607
-0.00461201
-0.00456483
-0.00451588
-0.00446613
-0.00441813
-0.00436994
-0.00432039
-0.00427122
-0.00422141
-0.0041714
-0.00412171
-0.00407346
-0.00402233
-0.00397278
-0.00392344
-0.00387162
-0.00382143
-0.00377557
-0.00372705
-0.0036773
-0.00362642
-0.00357652
-0.00352692
-0.00347582
-0.0034274
-0.00337739
-0.00332768
-0.00327735
-0.00322984
-0.00318089
-0.0031309
-0.00308165
-0.00303116
-0.00298137
-0.00293323
-0.00288178
-0.00283237
-0.00278422
-0.00273694
-0.00268631
-0.00263606
-0.00258593
-0.00254405
-0.00249425
-0.00244438
-0.00239494
-0.00234498
-0.00229448
-0.00224518
-0.0021952
-0.00214446
-0.00209475
-0.00204457
-0.00199441
-0.00192825
-0.00187796
-0.00182867
-0.00177853
-0.00172861
-0.00167558
-0.00162596
-0.0015768
-0.00152535
-0.00147746
-0.00143504
-0.0013856
-0.0013356
-0.0012849
-0.00123487
-0.00118502
-0.00114352
-0.00109254
-0.00104154
-0.000991063
-0.000941793
-0.000892035
-0.000842526
-0.000799007
-0.000742715
-0.000699479
-0.000649482
-0.000599373
-0.000548228
-0.000497703
-0.00044824
-0.000397179
-0.000347106
-0.000296445
-0.000246651
-0.000195656
-0.000146487
-9.70415e-05
-4.62874e-05
5.5792e-06
5.62476e-05
0.000108543
0.000158247
0.000207093
0.000257713
0.000307629
0.000358469
0.000409212
0.00046018
0.000513594
0.000563332
0.000611467
0.000663524
0.000713577
0.000763576
0.000814473
0.000865745
0.000915477
0.000966178
0.00101498
0.00106576
0.00111542
0.00116554
0.00121691
0.00126675
0.00131719
0.00136675
0.00141727
0.00146763
0.00151973
0.00157286
0.00162292
0.00167397
0.00172307
0.00177393
0.0018214
0.00187286
0.00192465
0.00197258
0.0020229
0.00207381
0.00212543
0.00217573
0.00222542
0.00227625
0.00232975
0.00238082
0.00243214
0.00248634
0.00254017
0.00258866
0.00264164
0.00269165
0.00274284
0.00279244
0.0028421
0.00289355
0.00294324
0.00299105
0.0030425
0.00310208
0.00315349
0.00320366
0.00325289
0.00330541
0.00335595
0.00340731
0.00345976
0.00351046
0.00356299
0.00361487
0.00366969
0.0037219
0.00377301
0.00382264
0.00385491
0.00390522
0.0039547
0.00400498
0.00405578
0.00411103
0.00416094
0.00421141
0.00426133
0.00431116
0.0043616
0.00441342
0.00445742
0.00450768
0.00455847
0.00460875
0.00465901
0.00470993
0.00476037
0.00481105
0.00486281
0.00491302
0.00496385
0.00501652
0.00506777
0.00511973
0.00517215
0.00522739
0.00527764
0.00533016
0.00538132
0.00543288
0.00548514
0.00553586
0.00558806
0.00564044
0.00569185
0.00574314
0.0057951
0.00583779
0.00589147
0.00594398
0.00599847
0.00606195
0.00611323
0.00616703
0.0062218
0.00627433
0.00631678
0.0063683
0.00642357
0.00647549
0.00653142
0.00658896
0.00664113
0.00669503
0.00674689
0.00679848
0.00685117
0.00690356
0.00695758
0.0070158
0.0070655
0.00711942
0.00717205
0.00722506
0.00728385
0.00734242
0.00739808
0.00744976
0.00749895
0.00755039
0.00760212
0.00765308
0.00770463
0.00775614
0.00780781
0.00785822
0.00791017
0.00796183
0.00801294
0.00806404
0.00811524
0.00816741
0.00822386
0.00827361
0.00832561
0.00837121
0.008423
0.00847443
0.00852602
0.00857701
0.008629
0.00868207
0.0087339
0.00878493
0.00883763
0.00888977
0.00894021
0.00899145
0.00904423
0.00909553
0.00914738
0.00920042
0.00925304
0.00930515
0.00935693
0.00940897
0.00946055
0.00951283
0.00956665
0.00961774
0.00966941
0.00972214
0.0097741
0.00982639
0.00987952
0.00993248
0.00998437
0.0100364
0.0100888
0.0101418
0.0101932
0.0102458
0.010299
0.0103507
0.0104027
0.0104562
0.0105082
0.0105614
0.0106142
0.0106665
0.0107195
0.0107718
0.0108244
0.0108771
0.0109301
0.0109843
0.0110453
0.011098
0.0111495
0.0111962
0.0112532
0.0113063
0.0113607
0.0114008
0.0114539
0.0115072
0.01156
0.0116123
0.0116648
0.0117176
0.0117713
0.0118226
0.0118771
0.0119306
0.0119836
0.0120357
0.0120883
0.0121404
0.0121935
0.0122457
0.0122992
0.0123526
0.0124073
0.0124585
0.0125106
0.0125633
0.0126166
0.0126708
0.0127233
0.0127767
0.0128305
0.0128837
0.0129365
0.0129902
0.0130438
0.0130975
0.0131523
0.0132052
0.0132583
0.0133125
0.0133658
0.0134196
0.0134724
0.0135261
0.013572
0.013625
0.0136798
0.0137334
0.0137884
0.0138417
0.0138971
0.0139623
0.0140139
0.0140685
0.0141214
0.0141725
0.0142261
0.0142796
0.0143334
0.0143774
0.0144314
0.0144843
0.0145367
0.014591
0.0146444
0.0146987
0.0147498
0.0148059
0.0148586
0.0149118
0.0149647
0.0150172
0.0150697
0.0151241
0.0151797
0.0152337
0.0152874
0.0153387
0.0153936
0.0154495
0.0155032
0.0155558
0.0156093
0.0156635
0.0157183
0.01577
0.0158224
0.0158768
0.0159322
0.0159876
0.0160395
0.0160951
0.0161651
0.0162192
0.0162768
0.0163314
0.0163837
0.0164194
0.0164736
0.0165269
0.0165809
0.0166352
0.0166892
0.016743
0.0167981
0.0168547
0.0169076
0.0169598
0.0170147
0.0170709
0.017127
0.0171796
0.0172324
0.0172873
0.0173431
0.0173984
0.0174524
0.0175062
0.0175617
0.0176179
0.0176755
0.0177454
0.0178012
0.0178548
0.0179083
0.017964
0.0180189
0.0180734
0.0181287
0.0181819
0.0182369
0.0182916
0.0183341
0.0183884
0.018445
0.0185002
0.0185548
0.0186092
0.0186656
0.0187227
0.0187869
0.0188413
0.0188984
0.0189512
0.0190054
0.0190636
0.0191204
0.0191747
0.0192298
0.0192841
0.0193276
0.0193825
0.0194401
0.0195065
0.0195566
0.0196109
0.0196665
0.0197213
0.0197775
0.0198424
0.019899
0.0199533
0.0200067
0.0200622
0.0201154
0.0201713
0.0202241
0.0202782
0.0203334
0.0203885
0.0204433
0.0204987
0.0205544
0.020609
0.0206637
0.0207191
0.0207743
0.0208271
0.0208826
0.0209317
0.0209867
0.0210454
0.0211012
0.0211564
0.0212108
0.0212679
0.0213225
0.0213776
0.0214328
0.0214854
0.0215409
0.0215942
0.0216497
0.0217065
0.0217617
0.0218171
0.0218707
0.0219237
0.0219781
0.0220332
0.0220904
0.0221434
0.0221976
0.0222532
0.022309
0.0223633
0.0224196
0.022474
0.022531
0.0225868
0.0226424
0.0226967
0.0227497
0.0228061
0.0228615
0.0229163
0.0229715
0.0230259
0.0230814
0.023136
0.0231936
0.0232484
0.0233035
0.0233592
0.0234134
0.0234684
0.0235207
0.0235792
0.0236376
0.0236933
0.0237504
0.0238037
0.0238594
0.0239172
0.0239734
0.0240256
0.02408
0.0241376
0.0241927
0.0242495
0.0243051
0.0243609
0.0244159
0.0244711
0.0245251
0.0245808
0.0246382
0.0246924
0.0247498
0.024803
0.0248581
0.0249147
0.0249737
0.0250291
0.0250831
0.0251407
0.0251948
0.0252511
0.0253082
0.0253644
0.0254191
0.0254758
0.025534
0.02559
0.0256464
0.0257044
0.0257579
0.0258133
0.0258649
0.0259204
0.0259788
0.0260318
0.026091
0.0261482
0.026205
0.0262579
0.0263151
0.0263708
0.0264292
0.026486
0.0265442
0.0265975
0.0266542
0.0267098
0.0267666
0.0268235
0.0268786
0.0269353
0.0269912
0.0270493
0.0270981
0.0271553
0.0272156
0.0272728
0.0273287
0.027382
0.0274385
0.0274962
0.0275492
0.0276057
0.0276617
0.0277182
0.0277754
0.0278314
0.0278821
0.0279402
0.0279966
0.0280523
0.0281098
0.0281665
0.0282238
0.0282778
0.0283344
0.0283965
0.028452
0.0285111
0.0285651
0.0286221
0.0286802
0.0287394
0.0287947
0.0288519
0.028909
0.0289656
0.0290248
0.0290818
0.0291382
0.0291954
0.0292515
0.0293101
0.0293666
0.0294243
0.0294812
0.0295318
0.0295947
0.0296527
0.0297067
0.0297623
0.0298365
0.0298946
0.0299515
0.030008
0.030064
0.0301237
0.0301817
0.0302405
0.0302971
0.0303551
0.0304114
0.0304666
0.0305231
0.0305865
0.0306439
0.030702
0.0307659
0.0308254
0.030883
0.0309107
0.030964
0.0310233
0.0310823
0.03114
0.0311963
0.0312543
0.0313126
0.0313693
0.0314285
0.0314859
0.0315424
0.0315983
0.0316579
0.0317173
0.0317804
0.0318371
0.0318966
0.0319539
0.0320159
0.0320721
0.0321276
0.0321891
0.0322435
0.0323027
0.0323614
0.03242
0.0324788
0.0325403
0.0325961
0.032654
0.0327362
0.0327904
0.0328532
0.0329139
0.0329716
0.0330305
0.033088
0.0331452
0.0332111
0.0332669
0.033329
0.0333811
0.033441
0.0334983
0.0335569
0.0336165
0.0336696
0.0337316
0.0337872
0.0338435
0.0339057
0.0339675
0.0340254
0.0340837
0.0341419
0.034202
0.0342608
0.0343187
0.034382
0.0344422
0.034503
0.034562
0.034616
0.0346749
0.0347319
0.0347912
0.0348493
0.0349084
0.0349696
0.0350221
0.035082
0.0351433
0.0352056
0.0352626
0.0353223
0.0353851
0.0354413
0.0355026
0.0355604
0.0356211
0.0356845
0.0357465
0.0358037
0.0358602
0.0359174
0.0359746
0.0360357
0.0360956
0.0361525
0.0362142
0.0362701
0.0363295
0.0363933
0.0364536
0.0365105
0.0365684
0.0366287
0.0366894
0.0367497
0.03681
0.0368688
0.0369357
0.036995
0.0370597
0.0371107
0.0371796
0.037241
0.0372981
0.0373575
0.0374152
0.0374765
0.0375371
0.0375997
0.0376608
0.0377219
0.0377829
0.0378397
0.0378954
0.0379509
0.0380128
0.0380712
0.0381322
0.0381926
0.0382589
0.0383261
0.0383846
0.0384371
0.0384976
0.0385681
0.0386375
0.038697
0.0387598
0.0388272
0.0388883
0.0389317
0.0389904
0.0390519
0.0391143
0.0391891
0.0392493
0.0393076
0.0393715
0.03943
0.0394932
0.0395645
0.0396278
0.0396791
0.0397324
0.0397915
0.039857
0.0399235
0.0399891
0.0400531
0.0401206
0.040182
0.0402451
0.0403032
0.0403648
0.0404255
0.0404862
0.0405478
0.0406092
0.0406664
0.0407333
0.0407926
0.040848
0.0409153
0.0409781
0.0410389
0.0410955
0.0411567
0.0412188
0.0412826
0.041345
0.0414027
0.0414672
0.0415246
0.041586
0.0416491
0.0417163
0.0417725
0.041832
0.0418866
0.0419469
0.0420071
0.0420703
0.0421317
0.0422049
0.0422663
0.0423283
0.0423859
0.0424513
0.0425083
0.0425685
0.0426424
0.0427063
0.0427721
0.0428338
0.0428961
0.042958
0.0430224
0.0430886
0.0431507
0.0432086
0.0432745
0.043335
0.0433931
0.0434575
0.0435222
0.0435937
0.0436529
0.0437149
0.0437752
0.043839
0.0438997
0.0439614
0.0440244
0.0440891
0.0441553
0.044202
0.0442791
0.0443417
0.0444005
0.0444697
0.0445346
0.0445991
0.0446578
0.044714
0.0447779
0.0448424
0.0449162
0.0449793
0.0450454
0.0451018
0.0451637
0.0452292
0.045294
0.0453541
0.0454233
0.0454888
0.0455537
0.0456141
0.0456774
0.0457429
0.0457985
0.04587
0.0459328
0.0459986
0.0460705
0.0461335
0.0461933
0.0462674
0.0463324
0.0463984
0.0464477
0.0465146
0.0465803
0.046646
0.0467084
0.0467687
0.0468373
0.046901
0.046968
0.0470362
0.0470981
0.0471596
0.0472279
0.0472968
0.0473584
0.0474211
0.0474907
0.0475484
0.0476246
0.0476906
0.0477573
0.0478175
0.0478825
0.0479494
0.0480136
0.048076
0.0481385
0.0482045
0.0482748
0.0483422
0.0484063
0.0484794
0.0485397
0.0486199
0.0486932
0.0487602
0.0488245
0.0488716
0.0489267
0.0490041
0.0490638
0.0491319
0.04919
0.0492563
0.0493244
0.04939
0.0494463
0.0495252
0.0496032
0.0496721
0.0497353
0.0498016
0.049868
0.0499429
0.0500067
0.0500769
0.0501444
0.0502141
0.050277
0.0503413
0.0504221
0.0504942
0.050553
0.0506153
0.050684
0.050756
0.0508246
0.0508914
0.0509618
0.0510321
0.0511038
0.0511724
0.0512409
0.0513139
0.0513789
0.0514466
0.0515076
0.0515762
0.0516338
0.0516998
0.0517814
0.0518582
0.0519112
0.0519785
0.052052
0.0521271
0.0521971
0.0522674
0.0523263
0.0523972
0.0524674
0.0525389
0.0526056
0.0526724
0.0527444
0.05282
0.0528935
0.0529645
0.0530382
0.0531014
0.053188
0.0532588
0.053311
0.0533921
0.0534587
0.0535261
0.0535983
0.0536787
0.0537409
0.0538018
0.0538846
0.0539504
0.0540293
0.0540946
0.0541684
0.0542372
0.0543102
0.0543729
0.0544452
0.0545359
0.054604
0.0546611
0.0547347
0.05479
0.0548705
0.0549408
0.0550104
0.0550828
0.05516
0.0552344
0.0553112
0.0553835
0.0554602
0.0555453
0.0556196
0.0556935
0.0557627
0.0558381
0.0559331
0.0560093
0.0560691
0.056145
0.0562204
0.0562962
0.0563742
0.0564502
0.05652
0.0565921
0.0566772
0.0567529
0.0568301
0.0569005
0.0569684
0.0570538
0.057124
0.0572128
0.0572886
0.0573392
0.0574308
0.0575034
0.0575942
0.0576662
0.0577457
0.0578142
0.0579009
0.0579829
0.0580483
0.0581554
0.0582082
0.0582954
0.0583722
0.058466
0.0585176
0.058607
0.0586947
0.0587776
0.0588601
0.0589416
0.0590321
0.0591123
0.0591916
0.0592767
0.0593696
0.0594515
0.0595334
0.0596632
0.0597331
0.0598167
0.0599044
0.0599888
0.0600793
0.0601624
0.0602534
0.0603404
0.0604298
0.0605119
0.0605798
0.0606663
0.0607449
0.0608374
0.0654577
0.0655385
0.0655779
0.0656555
0.0657026
0.0658387
0.0659435
0.0660144
0.0662032
0.0663677
0.0665035
0.0665926
0.0667987
0.0665153
0.0699376
0.0698949
0.0698123
0.069873
0.0698873
0.0699881
0.0701047
0.0702202
0.0703462
0.0704837
0.0706418
0.0708819
0.0702882
0.0713126
0.0712069
0.0711271
0.0711134
0.0711133
0.0711211
0.0712025
0.0712973
0.0714066
0.071565
0.068546
0.0703294
0.0701008
0.07007
0.0699507
0.0699095
0.0699517
0.0700161
0.0700562
0.0701538
0.0702556
0.0688302
0.0687492
0.0686886
0.0687111
0.0686808
0.0687215
0.068773
0.0688475
0.0689516
0.0681747
0.0681646
0.0682108
0.0682599
0.0683099
0.0683947
0.0684872
0.0683184
0.0683878
0.0684529
0.0685504
0.0686522
0.0687719
0.0688277
0.0689846
0.0692021
0.0693772
0.0695699
0.0697398
0.0699206
0.0701086
0.0703015
0.0705019
0.0706654
0.0708389
0.0710111
0.071197
0.0714142
0.0715994
0.0718395
0.0720559
0.0723661
0.0725784
0.0728964
