-4.98344
-4.98343
-4.98336
-4.98345
-4.98345
-4.98338
-4.9834
-4.98338
-4.98345
-4.98337
-4.98335
-4.98344
-4.98341
-4.98342
-4.98336
-4.9834
-4.9834
-4.98344
-4.98336
-4.98345
-4.98344
-4.98339
-4.98336
-4.9834
-4.98337
-4.9834
-4.98339
-4.9834
-4.98336
-4.98343
-4.98342
-4.98338
-4.98342
-4.98338
-4.98344
-4.98335
-4.98341
-4.9834
-4.98343
-4.98339
-4.9834
-4.98336
-4.98341
-4.98343
-4.98344
-4.9834
-4.98343
-4.98336
-4.98337
-4.98339
-4.98338
-4.98342
-4.98341
-4.98338
-4.98338
-4.9834
-4.9834
-4.98336
-4.98344
-4.98341
-4.98341
-4.98343
-4.98339
-4.98338
-4.98338
-4.98337
-4.98339
-4.98341
-4.98342
-4.98337
-4.98345
-4.98337
-4.98343
-4.98342
-4.98339
-4.98337
-4.98339
-4.98344
-4.98339
-4.98343
-4.98339
-4.9834
-4.98341
-4.98341
-4.98344
-4.98338
-4.98336
-4.9834
-4.98339
-4.98342
-4.98345
-4.98336
-4.98337
-4.98345
-4.98341
-4.98338
-4.98345
-4.98336
-4.98345
-4.9834
-4.98339
-4.98342
-4.98342
-4.98337
-4.98343
-4.9834
-4.98344
-4.98339
-4.98335
-4.98345
-4.98338
-4.98344
-4.98339
-4.98335
-4.98342
-4.98336
-4.9834
-4.98343
-4.98343
-4.98338
-4.98335
-4.98337
-4.98337
-4.98338
-4.98343
-4.98341
-4.98343
-4.98338
-4.98339
-4.98338
-4.9834
-4.98335
-4.98338
-4.98336
-4.98344
-4.98344
-4.98342
-4.98337
-4.98336
-4.9834
-4.98341
-4.98343
-4.98336
-4.98341
-4.98337
-4.98338
-4.98344
-4.98339
-4.9834
-4.98342
-4.98345
-4.9834
-4.98344
-4.98342
-4.98343
-4.98335
-4.98345
-4.98342
-4.98341
-4.98336
-4.98339
-4.98337
-4.98336
-4.98342
-4.98345
-4.98338
-4.98343
-4.98344
-4.98339
-4.98337
-4.98336
-4.98337
-4.9834
-4.98339
-4.98338
-4.98338
-4.98341
-4.98345
-4.98345
-4.98339
-4.98337
-4.98338
-4.98338
-4.98342
-4.98343
-4.98336
-4.98343
-4.98339
-4.98336
-4.98344
-4.98344
-4.98342
-4.98342
-4.98343
-4.9834
-4.98343
-4.98341
-4.98339
-4.98336
-4.98343
-4.9834
-4.98339
-4.98336
-4.98336
-4.98338
-4.98336
-4.98341
-4.98337
-4.98336
-4.98341
-4.98344
-4.98343
-4.98338
-4.98337
-4.9834
-4.98336
-4.98344
-4.98335
-4.98343
-4.98339
-4.98339
-4.98335
-4.98337
-4.9834
-4.98337
-4.98342
-4.98338
-4.98339
-4.9834
-4.98337
-4.9834
-4.98338
-4.98342
-4.98338
-4.98341
-4.98339
-4.98342
-4.98339
-4.98336
-4.98339
-4.98344
-4.98338
-4.98343
-4.98338
-4.98338
-4.9834
-4.98341
-4.98344
-4.98342
-4.98336
-4.98339
-4.98343
-4.98339
-4.98336
-4.98338
-4.98345
-4.98338
-4.98342
-4.98336
-4.98338
-4.98341
-4.98342
-4.9834
-4.98343
-4.98335
-4.98344
-4.9834
-4.98338
-4.98337
-4.98339
-4.98344
-4.98338
-4.98343
-4.98338
-4.98342
-4.98337
-4.98343
-4.98338
-4.98337
-4.98336
-4.98337
-4.98341
-4.98339
-4.98343
-4.98345
-4.98338
-4.98342
-4.98341
-4.98344
-4.98341
-4.98337
-4.98341
-4.98336
-4.98337
-4.98342
-4.98344
-4.98338
-4.98343
-4.98336
-4.98336
-4.98344
-4.98339
-4.98337
-4.98335
-4.98343
-4.98343
-4.98336
-4.98336
-4.98339
-4.98345
-4.98339
-4.98344
-4.98336
-4.98342
-4.98335
-4.98341
-4.9834
-4.9834
-4.98336
-4.98338
-4.98345
-4.98342
-4.98338
-4.98345
-4.9834
-4.98344
-4.98344
-4.98335
-4.98342
-4.9834
-4.9834
-4.98337
-4.9834
-4.98338
-4.98342
-4.98341
-4.98339
-4.98345
-4.98343
-4.98338
-4.98344
-4.98342
-4.9834
-4.98344
-4.98344
-4.98336
-4.9834
-4.98338
-4.98343
-4.98339
-4.98336
-4.98341
-4.98337
-4.98338
-4.98336
-4.98343
-4.9834
-4.98344
-4.98338
-4.98343
-4.98344
-4.98343
-4.98336
-4.9834
-4.9834
-4.98343
-4.98335
-4.98336
-4.98337
-4.9834
-4.98337
-4.98337
-4.98343
-4.98343
-4.98343
-4.98342
-4.98342
-4.98345
-4.9834
-4.98338
-4.98344
-4.98343
-4.98335
-4.98342
-4.9834
-4.98339
-4.98337
-4.98341
-4.98337
-4.98344
-4.98336
-4.98335
-4.98343
-4.98345
-4.98343
-4.9834
-4.98338
-4.98335
-4.98338
-4.98343
-4.98336
-4.98336
-4.98342
-4.98342
-4.98338
-4.9834
-4.98337
-4.98338
-4.98342
-4.98335
-4.98335
-4.98337
-4.98344
-4.98341
-4.98339
-4.98345
-4.98339
-4.98343
-4.98343
-4.98344
-4.9834
-4.98341
-4.98341
-4.98339
-4.9834
-4.98343
-4.98343
-4.98337
-4.9834
-4.98341
-4.98336
-4.98341
-4.98345
-4.98335
-4.98337
-4.98335
-4.98344
-4.98343
-4.98343
-4.98344
-4.9834
-4.98339
-4.98337
-4.98339
-4.98341
-4.98337
-4.9834
-4.9834
-4.98339
-4.98338
-4.98345
-4.98343
-4.98338
-4.98336
-4.98338
-4.9834
-4.98335
-4.98341
-4.9834
-4.98338
-4.98343
-4.98344
-4.98336
-4.98341
-4.98343
-4.98335
-4.98338
-4.98341
-4.98343
-4.98335
-4.98338
-4.98339
-4.98345
-4.98338
-4.98338
-4.98339
-4.98343
-4.98335
-4.98343
-4.98343
-4.98337
-4.9834
-4.98341
-4.98341
-4.98339
-4.98344
-4.9834
-4.98336
-4.98338
-4.98343
-4.98338
-4.98343
-4.98336
-4.9834
-4.98343
-4.98344
-4.98339
-4.98343
-4.98343
-4.98341
-4.98344
-4.98342
-4.98338
-4.98339
-4.9834
-4.98345
-4.98339
-4.98338
-4.9834
-4.98338
-4.98345
-4.98341
-4.98345
-4.98336
-4.98342
-4.98341
-4.98339
-4.98338
-4.98344
-4.9834
-4.9834
-4.98338
-4.98341
-4.98342
-4.9834
-4.98343
-4.98342
-4.98339
-4.98344
-4.98336
-4.98342
-4.98337
-4.98345
-4.98342
-4.98337
-4.98344
-4.98344
-4.98339
-4.98341
-4.98339
-4.98339
-4.98343
-4.98338
-4.98343
-4.98343
-4.98342
-4.98338
-4.98337
-4.98343
-4.98345
-4.98335
-4.98336
-4.98343
-4.9834
-4.98336
-4.98341
-4.98345
-4.98339
-4.98342
-4.98338
-4.98337
-4.98342
-4.98343
-4.9834
-4.98335
-4.98343
-4.98336
-4.98343
-4.98337
-4.98344
-4.98338
-4.9834
-4.98342
-4.98335
-4.9834
-4.98338
-4.98335
-4.98344
-4.98341
-4.98344
-4.98338
-4.98339
-4.98344
-4.98343
-4.98344
-4.98338
-4.98336
-4.9834
-4.98344
-4.98344
-4.98342
-4.98343
-4.98339
-4.98342
-4.98336
-4.98337
-4.98337
-4.98338
-4.98343
-4.98338
-4.98344
-4.98345
-4.98342
-4.9834
-4.98344
-4.98337
-4.98343
-4.98338
-4.98344
-4.98336
-4.98343
-4.98337
-4.98343
-4.98336
-4.98336
-4.98342
-4.98343
-4.98339
-4.98337
-4.98344
-4.98341
-4.98337
-4.98341
-4.98339
-4.98337
-4.98344
-4.98342
-4.98338
-4.98344
-4.98335
-4.98345
-4.98341
-4.98337
-4.98337
-4.98341
-4.98336
-4.98344
-4.9834
-4.98342
-4.98345
-4.9834
-4.98341
-4.98338
-4.9834
-4.9834
-4.98344
-4.98339
-4.98339
-4.98338
-4.98338
-4.98344
-4.98343
-4.98339
-4.98338
-4.98345
-4.98345
-4.98339
-4.98337
-4.98342
-4.98339
-4.98341
-4.98335
-4.98344
-4.98344
-4.98338
-4.98335
-4.98343
-4.98339
-4.98341
-4.9834
-4.98335
-4.98336
-4.98336
-4.98345
-4.98339
-4.98336
-4.98336
-4.98344
-4.98336
-4.9834
-4.9834
-4.98339
-4.98337
-4.98345
-4.9834
-4.98345
-4.98338
-4.98343
-4.98344
-4.98343
-4.98344
-4.9834
-4.98342
-4.9834
-4.98341
-4.98344
-4.98336
-4.98345
-4.98342
-4.98345
-4.98339
-4.98339
-4.9834
-4.98344
-4.98335
-4.98344
-4.98339
-4.98343
-4.98344
-4.98338
-4.98336
-4.98343
-4.98338
-4.98344
-4.98336
-4.98342
-4.98342
-4.98336
-4.98337
-4.98336
-4.98336
-4.98336
-4.9834
-4.98343
-4.98335
-4.98338
-4.98341
-4.98341
-4.98341
-4.98339
-4.98341
-4.98341
-4.9834
-4.9834
-4.98341
-4.98343
-4.98343
-4.98338
-4.98337
-4.98338
-4.98337
-4.98343
-4.98337
-4.98343
-4.98338
-4.98336
-4.98336
-4.9834
-4.98339
-4.98338
-4.98345
-4.98335
-4.98341
-4.98342
-4.98339
-4.98343
-4.98339
-4.98341
-4.98338
-4.98337
-4.98338
-4.98335
-4.98345
-4.98342
-4.98342
-4.98337
-4.98345
-4.98341
-4.98339
-4.9834
-4.98336
-4.98336
-4.98345
-4.98344
-4.98337
-4.98335
-4.98343
-4.98344
-4.98336
-4.98341
-4.98338
-4.98339
-4.98338
-4.98336
-4.9834
-4.9834
-4.98341
-4.98337
-4.98344
-4.98338
-4.98344
-4.98341
-4.98344
-4.98341
-4.98343
-4.98341
-4.98344
-4.98343
-4.98337
-4.98339
-4.98341
-4.98336
-4.98335
-4.98337
-4.98336
-4.98345
-4.98339
-4.98342
-4.98344
-4.98342
-4.98339
-4.98337
-4.98341
-4.9834
-4.98338
-4.98338
-4.98337
-4.98338
-4.98343
-4.98345
-4.98344
-4.9834
-4.98345
-4.98339
-4.98341
-4.9834
-4.98344
-4.98339
-4.98344
-4.98336
-4.98337
-4.98343
-4.98339
-4.98336
-4.98343
-4.98344
-4.98337
-4.98345
-4.98339
-4.98342
-4.98339
-4.98337
-4.98335
-4.98335
-4.98336
-4.9834
-4.98337
-4.9834
-4.98338
-4.98337
-4.98336
-4.98342
-4.98344
-4.98342
-4.98337
-4.98339
-4.98335
-4.98336
-4.98339
-4.98339
-4.9834
-4.98344
-4.98338
-4.9834
-4.98336
-4.98345
-4.98344
-4.9834
-4.9834
-4.98343
-4.98341
-4.98343
-4.98341
-4.98341
-4.98342
-4.9834
-4.98344
-4.98342
-4.98336
-4.98343
-4.98337
-4.98338
-4.98339
-4.98338
-4.98343
-4.98341
-4.98341
-4.98336
-4.98344
-4.98341
-4.98338
-4.98336
-4.98336
-4.98336
-4.98342
-4.98342
-4.98336
-4.9834
-4.9834
-4.98337
-4.98339
-4.98344
-4.98337
-4.98342
-4.98337
-4.98336
-4.98342
-4.98343
-4.98338
-4.98339
-4.98341
-4.98335
-4.98337
-4.98336
-4.98345
-4.98345
-4.98338
-4.98342
-4.98344
-4.98335
-4.98338
-4.98336
-4.98343
-4.9834
-4.98344
-4.98345
-4.98343
-4.9834
-4.9834
-4.98336
-4.98342
-4.9834
-4.98337
-4.98336
-4.98336
-4.98343
-4.98341
-4.98342
-4.98337
-4.98339
-4.98344
-4.98338
-4.98338
-4.98342
-4.9834
-4.98341
-4.98337
-4.98342
-4.98344
-4.98337
-4.98341
-4.98336
-4.98344
-4.98343
-4.98344
-4.98336
-4.98344
-4.98336
-4.98341
-4.98345
-4.98344
-4.98337
-4.98339
-4.98345
-4.98336
-4.9834
-4.98345
-4.98343
-4.98345
-4.98341
-4.98343
-4.9834
-4.98342
-4.98337
-4.98341
-4.98343
-4.98342
-4.9834
-4.98337
-4.98339
-4.98341
-4.98342
-4.98335
-4.98337
-4.98338
-4.98335
-4.9834
-4.98339
-4.98337
-4.9834
-4.98342
-4.98343
-4.98335
-4.98335
-4.98342
-4.98344
-4.98337
-4.98335
-4.98339
-4.98342
-4.98339
-4.98344
-4.98343
-4.98342
-4.9834
-4.98343
-4.98338
-4.98337
-4.98341
-4.98344
-4.98341
-4.98342
-4.9834
-4.9834
-4.98336
-4.98342
-4.98339
-4.98343
-4.98337
-4.98345
-4.98336
-4.98345
-4.9834
-4.98337
-4.98342
-4.98338
-4.9834
-4.98337
-4.98343
-4.98342
-4.98335
-4.98337
-4.98341
-4.98341
-4.98339
-4.98341
-4.98341
-4.98337
-4.98339
-4.98335
-4.98337
-4.98342
-4.98335
-4.98338
-4.98343
-4.98341
-4.98336
-4.9834
-4.98338
-4.98336
-4.9834
-4.98344
-4.98343
-4.98336
-4.98338
-4.98338
-4.98344
-4.98337
-4.98341
-4.98335
-4.98343
-4.98335
-4.98343
-4.98337
-4.9834
-4.98341
-4.98341
-4.98339
-4.98337
-4.98341
-4.98344
-4.98339
-4.98344
-4.98339
-4.98339
-4.98343
-4.98337
-4.98337
-4.98344
-4.9834
-4.98341
-4.98336
-4.9834
-4.98345
-4.98338
-4.98338
-4.9834
-4.98342
-4.98339
-4.98343
-4.98341
-4.98344
-4.98341
-4.98336
-4.98342
-4.98335
-4.98338
-4.98341
-4.98339
-4.98341
-4.98338
-4.98338
-4.98336
-4.98336
-4.9834
-4.9834
-4.98339
-4.98342
-4.98343
-4.98337
-4.98344
-4.98339
-4.98335
-4.98341
-4.98342
-4.98336
-4.98341
-4.98344
-4.98336
-4.98344
-4.98341
-4.98341
-4.98342
-4.98337
-4.98344
-4.98335
-4.98339
-4.98336
-4.98338
-4.98337
-4.9834
-4.98336
-4.98337
-4.98336
-4.98338
-4.98339
-4.98339
-4.98337
-4.98335
-4.98337
-4.98338
-4.98341
-4.98343
-4.98342
-4.98337
-4.98343
-4.98339
-4.98336
-4.98343
-4.98342
-4.98337
-4.98339
-4.9834
-4.98335
-4.98344
-4.98339
-4.98344
-4.98341
-4.98345
-4.98345
-4.98344
-4.98338
-4.98335
-4.98338
-4.98343
-4.98336
-4.98336
-4.98345
-4.98337
-4.98343
-4.98343
-4.9834
-4.98337
-4.98339
-4.98336
-4.98338
-4.98335
-4.9834
-4.98338
-4.98341
-4.98337
-4.98339
-4.98339
-4.9834
-4.98343
-4.98341
-4.9834
-4.98339
-4.9834
-4.98342
-4.98337
-4.9834
-4.98339
-4.98343
-4.98336
-4.98339
-4.98338
-4.9834
-4.98339
-4.98339
-4.98343
-4.98337
-4.98342
-4.98344
-4.98338
-4.98335
-4.98344
-4.98341
-4.98342
-4.98343
-4.98339
-4.98344
-4.98339
-4.98342
-4.98336
-4.98336
-4.98344
-4.98341
-4.98339
-4.98335
-4.98343
-4.98344
-4.98343
-4.98339
-4.98341
-4.98338
-4.98336
-4.98341
-4.9834
-4.98335
-4.98344
-4.98342
-4.9834
-4.98342
-4.98339
-4.98343
-4.98337
-4.98343
-4.98338
-4.98339
-4.98342
-4.98341
-4.98336
-4.98336
-4.98337
-4.98336
-4.98336
-4.98342
-4.98341
-4.9834
-4.98336
-4.98341
-4.98343
-4.98337
-4.98342
-4.98343
-4.98339
-4.98338
-4.98343
-4.9834
-4.9834
-4.98343
-4.98336
-4.98344
-4.98342
-4.98343
-4.98345
-4.98337
-4.98337
-4.98339
-4.98344
-4.98339
-4.98337
-4.98339
-4.98339
-4.98343
-4.98342
-4.98341
-4.98337
-4.98342
-4.98335
-4.98337
-4.98336
-4.98336
-4.98339
-4.98344
-4.98343
-4.98336
-4.98341
-4.98342
-4.98341
-4.98345
-4.98335
-4.98344
-4.98345
-4.98338
-4.98341
-4.98336
-4.98345
-4.98341
-4.98344
-4.98343
-4.98336
-4.98339
-4.98336
-4.98338
-4.98336
-4.98344
-4.98335
-4.98337
-4.98336
-4.98338
-4.98344
-4.98338
-4.98341
-4.98336
-4.98341
-4.9834
-4.98336
-4.98338
-4.98337
-4.98344
-4.98344
-4.98337
-4.9834
-4.98341
-4.98344
-4.98336
-4.98337
-4.98337
-4.98343
-4.98342
-4.98344
-4.98341
-4.98337
-4.98339
-4.9834
-4.98344
-4.98341
-4.98342
-4.98338
-4.98337
-4.98342
-4.98342
-4.98343
-4.98342
-4.98339
-4.9834
-4.98344
-4.98337
-4.98337
-4.9834
-4.98338
-4.98343
-4.98343
-4.98345
-4.98336
-4.98339
-4.98343
-4.98345
-4.9834
-4.98338
-4.9834
-4.98337
-4.98342
-4.98336
-4.98335
-4.98336
-4.98345
-4.98341
-4.98343
-4.98344
-4.98335
-4.98343
-4.98344
-4.9834
-4.98339
-4.98338
-4.98336
-4.98337
-4.98336
-4.98339
-4.98336
-4.98338
-4.98345
-4.98336
-4.98338
-4.98337
-4.98338
-4.98335
-4.98335
-4.9834
-4.98337
-4.98344
-4.98341
-4.9834
-4.98339
-4.98338
-4.98339
-4.98339
-4.9834
-4.98337
-4.98339
-4.98343
-4.98338
-4.98342
-4.9834
-4.98344
-4.98338
-4.98341
-4.98339
-4.98344
-4.98339
-4.98337
-4.98343
-4.98338
-4.98342
-4.98336
-4.98335
-4.98342
-4.98338
-4.98338
-4.98342
-4.98337
-4.9834
-4.98344
-4.98335
-4.98343
-4.98336
-4.98337
-4.98335
-4.98339
-4.98341
-4.98341
-4.98343
-4.98335
-4.98344
-4.98337
-4.98337
-4.9834
-4.98338
-4.98341
-4.9834
-4.98339
-4.98342
-4.98341
-4.98337
-4.98341
-4.98336
-4.9834
-4.9834
-4.98337
-4.98335
-4.98343
-4.98343
-4.98341
-4.98345
-4.98339
-4.98344
-4.98337
-4.98336
-4.98338
-4.98343
-4.98336
-4.98345
-4.98341
-4.98341
-4.98343
-4.9834
-4.98344
-4.98341
-4.98339
-4.98338
-4.98336
-4.98341
-4.9834
-4.98336
-4.9834
-4.98343
-4.98338
-4.98339
-4.98342
-4.98342
-4.98343
-4.98343
-4.98344
-4.98341
-4.98337
-4.98342
-4.98341
-4.98336
-4.98338
-4.9834
-4.98339
-4.98339
-4.98337
-4.98343
-4.98343
-4.98342
-4.98337
-4.98335
-4.98336
-4.9834
-4.98336
-4.9834
-4.98344
-4.98335
-4.98336
-4.98339
-4.98343
-4.98336
-4.98335
-4.98339
-4.98342
-4.98336
-4.98336
-4.98339
-4.9834
-4.9834
-4.98342
-4.98344
-4.98345
-4.98338
-4.98336
-4.98344
-4.98335
-4.9834
-4.98343
-4.98338
-4.9834
-4.98336
-4.98335
-4.9834
-4.98339
-4.98344
-4.98342
-4.98341
-4.98344
-4.98335
-4.98341
-4.98339
-4.98337
-4.98341
-4.98343
-4.9834
-4.9834
-4.98344
-4.98338
-4.98343
-4.9834
-4.98336
-4.98339
-4.98336
-4.98335
-4.98339
-4.98341
-4.9834
-4.98342
-4.98337
-4.98345
-4.98341
-4.98337
-4.98341
-4.9834
-4.98337
-4.98343
-4.98344
-4.98341
-4.98342
-4.98335
-4.98335
-4.9834
-4.98342
-4.98339
-4.9834
-4.98339
-4.98336
-4.98338
-4.98336
-4.98336
-4.98336
-4.98341
-4.98345
-4.98339
-4.98343
-4.98337
-4.98335
-4.98336
-4.98337
-4.98337
-4.98343
-4.98335
-4.98336
-4.98336
-4.98337
-4.98338
-4.98341
-4.98339
-4.98343
-4.98344
-4.98345
-4.98343
-4.98338
-4.98338
-4.98343
-4.98342
-4.98342
-4.98343
-4.9834
-4.98337
-4.98337
-4.98335
-4.98337
-4.98339
-4.98343
-4.98337
-4.98336
-4.98339
-4.98337
-4.98343
-4.98339
-4.98341
-4.9834
-4.98345
-4.98344
-4.98342
-4.98337
-4.98335
-4.98337
-4.9834
-4.98343
-4.98338
-4.9834
-4.9834
-4.98337
-4.9834
-4.98343
-4.98343
-4.98344
-4.98336
-4.98335
-4.98338
-4.98342
-4.98341
-4.9834
-4.98344
-4.98341
-4.98345
-4.98343
-4.9834
-4.98336
-4.98336
-4.9834
-4.98336
-4.98337
-4.98341
-4.9834
-4.98343
-4.98337
-4.98344
-4.9834
-4.98336
-4.98341
-4.98336
-4.98338
-4.98337
-4.98343
-4.98338
-4.98343
-4.98339
-4.9834
-4.98336
-4.98338
-4.98338
-4.98338
-4.98339
-4.98339
-4.98341
-4.98339
-4.98339
-4.98343
-4.98339
-4.98342
-4.98337
-4.9834
-4.98336
-4.98335
-4.98337
-4.98344
-4.98336
-4.98345
-4.98343
-4.98343
-4.98336
-4.98343
-4.98344
-4.98344
-4.98338
-4.9834
-4.98337
-4.98344
-4.98336
-4.98337
-4.98337
-4.98337
-4.98337
-4.98336
-4.98337
-4.9834
-4.98344
-4.98341
-4.98335
-4.98337
-4.98337
-4.98344
-4.98344
-4.98336
-4.98336
-4.98337
-4.98344
-4.98343
-4.98342
-4.98342
-4.98345
-4.98344
-4.98342
-4.98336
-4.98338
-4.98341
-4.98343
-4.9834
-4.98335
-4.98338
-4.98344
-4.98343
-4.98339
-4.98341
-4.98344
-4.9834
-4.98345
-4.98344
-4.98338
-4.98335
-4.98343
-4.98339
-4.98342
-4.98343
-4.98336
-4.98337
-4.98343
-4.98339
-4.98339
-4.98343
-4.9834
-4.98341
-4.98343
-4.98335
-4.98335
-4.9834
-4.98343
-4.98341
-4.98343
-4.98338
-4.98336
-4.98338
-4.98343
-4.98337
-4.98344
-4.98341
-4.98344
-4.98336
-4.98344
-4.98335
-4.98336
-4.98343
-4.98341
-4.98344
-4.98339
-4.98344
-4.9834
-4.98339
-4.98343
-4.98342
-4.98345
-4.9834
-4.98336
-4.98343
-4.98343
-4.98336
-4.98343
-4.98341
-4.98344
-4.98339
-4.98345
-4.9834
-4.98337
-4.9834
-4.98341
-4.98339
-4.98339
-4.98338
-4.9834
-4.98341
-4.98339
-4.98336
-4.98336
-4.98339
-4.9834
-4.98341
-4.98336
-4.98335
-4.98336
-4.98336
-4.98338
-4.98344
-4.98341
-4.9834
-4.98342
-4.98339
-4.98345
-4.98338
-4.98343
-4.98339
-4.98338
-4.98341
-4.98344
-4.98337
-4.98339
-4.98337
-4.98344
-4.98337
-4.98338
-4.98338
-4.98336
-4.98339
-4.98338
-4.98343
-4.98345
-4.98337
-4.98339
-4.9834
-4.98335
-4.98342
-4.9834
-4.98341
-4.98342
-4.98345
-4.98342
-4.98343
-4.98339
-4.98338
-4.98336
-4.98341
-4.98344
-4.98335
-4.98342
-4.9834
-4.98342
-4.98338
-4.98344
-4.9834
-4.98337
-4.98336
-4.98337
-4.98338
-4.98336
-4.98342
-4.98339
-4.98344
-4.98342
-4.98338
-4.98338
-4.98335
-4.98335
-4.98345
-4.98337
-4.98336
-4.98341
-4.98337
-4.98336
-4.98342
-4.98342
-4.98339
-4.98339
-4.98335
-4.9834
-4.9834
-4.98338
-4.98335
-4.98339
-4.98344
-4.98341
-4.98336
-4.98342
-4.9834
-4.98344
-4.98337
-4.98336
-4.98341
-4.98344
-4.98337
-4.98336
-4.98344
-4.98341
-4.98336
-4.98338
-4.98343
-4.98337
-4.98338
-4.98337
-4.9834
-4.98336
-4.98337
-4.98339
-4.98345
-4.98335
-4.98337
-4.98343
-4.98342
-4.9834
-4.98342
-4.98336
-4.98338
-4.98335
-4.98338
-4.98341
-4.98341
-4.98339
-4.98342
-4.98344
-4.98343
-4.9834
-4.98345
-4.98339
-4.98335
-4.98335
-4.98342
-4.98341
-4.98342
-4.98345
-4.98335
-4.98343
-4.9834
-4.98341
-4.98342
-4.98345
-4.98339
-4.98335
-4.98339
-4.98339
-4.98345
-4.98345
-4.98343
-4.98335
-4.98342
-4.98343
-4.98336
-4.98339
-4.98337
-4.98343
-4.9834
-4.98337
-4.98341
-4.98336
-4.98339
-4.98337
-4.9834
-4.98341
-4.9834
-4.98337
-4.98338
-4.98345
-4.98338
-4.98339
-4.98343
-4.98339
-4.98341
-4.98337
-4.98343
-4.98337
-4.98338
-4.98337
-4.98339
-4.98342
-4.98339
-4.98343
-4.98341
-4.98344
-4.98345
-4.98344
-4.98341
-4.98341
-4.98335
-4.98342
-4.98336
-4.9834
-4.98338
-4.98338
-4.98338
-4.98345
-4.98335
-4.98339
-4.98337
-4.98336
-4.98339
-4.98341
-4.98342
-4.98339
-4.98336
-4.98344
-4.98343
-4.98339
-4.98339
-4.98338
-4.98345
-4.98343
-4.98341
-4.9834
-4.98335
-4.98345
-4.98335
-4.98341
-4.98337
-4.98339
-4.98344
-4.98343
-4.98342
-4.9834
-4.98343
-4.98344
-4.98341
-4.98338
-4.98339
-4.98345
-4.98341
-4.98342
-4.98336
-4.98343
-4.98343
-4.98345
-4.98337
-4.98344
-4.98343
-4.9834
-4.98336
-4.98345
-4.98341
-4.98343
-4.98336
-4.98337
-4.98338
-4.98335
-4.98342
-4.98341
-4.98335
-4.98344
-4.98339
-4.98339
-4.98342
-4.98344
-4.98338
-4.98343
-4.98339
-4.98336
-4.98335
-4.98339
-4.98339
-4.98338
-4.98341
-4.98342
-4.98338
-4.98339
-4.98343
-4.9834
-4.9834
-4.98342
-4.98339
-4.98343
-4.98335
-4.98337
-4.98339
-4.98341
-4.9834
-4.98345
-4.98345
-4.98343
-4.98344
-4.9834
-4.98337
-4.98336
-4.98343
-4.98341
-4.98339
-4.98342
-4.98336
-4.98341
-4.98337
-4.98344
-4.98342
-4.9834
-4.98339
-4.98341
-4.98335
-4.98343
-4.98342
-4.98338
-4.98339
-4.98341
-4.98338
-4.98344
-4.98338
-4.98336
-4.98343
-4.98337
-4.98344
-4.98338
-4.98337
-4.98337
-4.98341
-4.98345
-4.9834
-4.98344
-4.98345
-4.9834
-4.9834
-4.98339
-4.98339
-4.98342
-4.98338
-4.98336
-4.98345
-4.98337
-4.98335
-4.98336
-4.98342
-4.9834
-4.9834
-4.98338
-4.98339
-4.98345
-4.98336
-4.98342
-4.98337
-4.98339
-4.98335
-4.9834
-4.98343
-4.98345
-4.98339
-4.98343
-4.9834
-4.98335
-4.98338
-4.98335
-4.98339
-4.98337
-4.98338
-4.98342
-4.98341
-4.98336
-4.98341
-4.98343
-4.98335
-4.98341
-4.98341
-4.98343
-4.98338
-4.98339
-4.98335
-4.98344
-4.98344
-4.98337
-4.98339
-4.98336
-4.98343
-4.98336
-4.9834
-4.98345
-4.98345
-4.98338
-4.98339
-4.98335
-4.98343
-4.98339
-4.98336
-4.98341
-4.98336
-4.98337
-4.98335
-4.98345
-4.98342
-4.98339
-4.98336
-4.98338
-4.98336
-4.98344
-4.98338
-4.98345
-4.98341
-4.98337
-4.98343
-4.98336
-4.98339
-4.98338
-4.98339
-4.98336
-4.98337
-4.98343
-4.98342
-4.98341
-4.98345
-4.98341
-4.98343
-4.98337
-4.98345
-4.98342
-4.98342
-4.9834
-4.98339
-4.98338
-4.98344
-4.98341
-4.98342
-4.98336
-4.98336
-4.98345
-4.98338
-4.98338
-4.98342
-4.98344
-4.98336
-4.98337
-4.98344
-4.98343
-4.98338
-4.9834
-4.98344
-4.98338
-4.98338
-4.98335
-4.98344
-4.98338
-4.9834
-4.98345
-4.98342
-4.98342
-4.98338
-4.98345
-4.98339
-4.98338
-4.98339
-4.98337
-4.98339
-4.98339
-4.98341
-4.98344
-4.98345
-4.98337
-4.98337
-4.98335
-4.98335
-4.98339
-4.98344
-4.98338
-4.98337
-4.98339
-4.9834
-4.9834
-4.98344
-4.98342
-4.98339
-4.98345
-4.9834
-4.98338
-4.98338
-4.98343
-4.98336
-4.98341
-4.98337
-4.98339
-4.98344
-4.9834
-4.98337
-4.98335
-4.98338
-4.98344
-4.98344
-4.98338
-4.98337
-4.98337
-4.98337
-4.9834
-4.98335
-4.98339
-4.98335
-4.98339
-4.98344
-4.98338
-4.98344
-4.98341
-4.98339
-4.98335
-4.9834
-4.98344
-4.98341
-4.9834
-4.98343
-4.9834
-4.98336
-4.98341
-4.98343
-4.98343
-4.98336
-4.98335
-4.98343
-4.98335
-4.98344
-4.98336
-4.98343
-4.98341
-4.98335
-4.98336
-4.98341
-4.98344
-4.98337
-4.98336
-4.98341
-4.98338
-4.9834
-4.98337
-4.9834
-4.98335
-4.98337
-4.98339
-4.9834
-4.98341
-4.98342
-4.98336
-4.98344
-4.98338
-4.98338
-4.98339
-4.98342
-4.98338
-4.98337
-4.98341
-4.98335
-4.98345
-4.98341
-4.98339
-4.98339
-4.98336
-4.98344
-4.98336
-4.9834
-4.98342
-4.98336
-4.98341
-4.9834
-4.98345
-4.98338
-4.98338
-4.98341
-4.98343
-4.98338
-4.98343
-4.98344
-4.9834
-4.98343
-4.98345
-4.98339
-4.98337
-4.98343
-4.98342
-4.98336
-4.98339
-4.98338
-4.98335
-4.9834
-4.98342
-4.9834
-4.98342
-4.98343
-4.98342
-4.98342
-4.9834
-4.98342
-4.98338
-4.9834
-4.98338
-4.98338
-4.9834
-4.98343
-4.98338
-4.98338
-4.98342
-4.98345
-4.98342
-4.98343
-4.98342
-4.98344
-4.98335
-4.98343
-4.9834
-4.98335
-4.98344
-4.98336
-4.98345
-4.98336
-4.98345
-4.98341
-4.98344
-4.98344
-4.98338
-4.9834
-4.98341
-4.98337
-4.98338
-4.98338
-4.98338
-4.98338
-4.9834
-4.98337
-4.98339
-4.98339
-4.98338
-4.98335
-4.98338
-4.98337
-4.98342
-4.98344
-4.98337
-4.98345
-4.98345
-4.98337
-4.98336
-4.98341
-4.98335
-4.9834
-4.98336
-4.98341
-4.98337
-4.98345
-4.98335
-4.98336
-4.98342
-4.98339
-4.98338
-4.98338
-4.98338
-4.98341
-4.98343
-4.9834
-4.98335
-4.98336
-4.98344
-4.9834
-4.9834
-4.98341
-4.98344
-4.98338
-4.98343
-4.98344
-4.98344
-4.98344
-4.98344
-4.98338
-4.98345
-4.9834
-4.9834
-4.98344
-4.98341
-4.98342
-4.9834
-4.9834
-4.98338
-4.98341
-4.98344
-4.98343
-4.98339
-4.98343
-4.98337
-4.98338
-4.98343
-4.98343
-4.98338
-4.98338
-4.98341
-4.98335
-4.98342
-4.98343
-4.98336
-4.98339
-4.98339
-4.98343
-4.98337
-4.98344
-4.98344
-4.98339
-4.98341
-4.98336
-4.98342
-4.98341
-4.98344
-4.98343
-4.98343
-4.98342
-4.98341
-4.98336
-4.98338
-4.9834
-4.9834
-4.98338
-4.98338
-4.98337
-4.98343
-4.98344
-4.98343
-4.98339
-4.98343
-4.98338
-4.98339
-4.98343
-4.98336
-4.98343
-4.98338
-4.9834
-4.98342
-4.98338
-4.98343
-4.98341
-4.98345
-4.98338
-4.98343
-4.98341
-4.98338
-4.98337
-4.98338
-4.98336
-4.98339
-4.98341
-4.98342
-4.98343
-4.98335
-4.9834
-4.98341
-4.98343
-4.98343
-4.98337
-4.98338
-4.98335
-4.98344
-4.9834
-4.98344
-4.9834
-4.98343
-4.98337
-4.98341
-4.9834
-4.9834
-4.98337
-4.98345
-4.98336
-4.98336
-4.98338
-4.98342
-4.9834
-4.98343
-4.98344
-4.98336
-4.98338
-4.98339
-4.98335
-4.98345
-4.98344
-4.98337
-4.9834
-4.98344
-4.98335
-4.98345
-4.98336
-4.98339
-4.98343
-4.98342
-4.98345
-4.98342
-4.98344
-4.98338
-4.98337
-4.98341
-4.98338
-4.9834
-4.98342
-4.98341
-4.98337
-4.98338
-4.98342
-4.98342
-4.9834
-4.98338
-4.9834
-4.98338
-4.98342
-4.98341
-4.98338
-4.98344
-4.98338
-4.98336
-4.98343
-4.98344
-4.98342
-4.98336
-4.98338
-4.9834
-4.98345
-4.98336
-4.98343
-4.98343
-4.98336
-4.9834
-4.98345
-4.98338
-4.98336
-4.98338
-4.98337
-4.98339
-4.9834
-4.98342
-4.98343
-4.98338
-4.98342
-4.98336
-4.98341
-4.98336
-4.9834
-4.98342
-4.98339
-4.98339
-4.98337
-4.98343
-4.9834
-4.98336
-4.98337
-4.9834
-4.9834
-4.98343
-4.98337
-4.98342
-4.98339
-4.98339
-4.98343
-4.98342
-4.98345
-4.98339
-4.9834
-4.98343
-4.98338
-4.98343
-4.98337
-4.98341
-4.98344
-4.9834
-4.98339
-4.98344
-4.98345
-4.98336
-4.98343
-4.98337
-4.9834
-4.98341
-4.98343
-4.98344
-4.98339
-4.98339
-4.98342
-4.98341
-4.98342
-4.98342
-4.98341
-4.98344
-4.98341
-4.98336
-4.98341
-4.98341
-4.98337
-4.98345
-4.98338
-4.98336
-4.98339
-4.98336
-4.98344
-4.9834
-4.98342
-4.98345
-4.98343
-4.98339
-4.98335
-4.98342
-4.98341
-4.98338
-4.9834
-4.98343
-4.98336
-4.9834
-4.98343
-4.9834
-4.98344
-4.98336
-4.98337
-4.9834
-4.98341
-4.98345
-4.98345
-4.98335
-4.98339
-4.98343
-4.98336
-4.98338
-4.98344
-4.98345
-4.98341
-4.98341
-4.98345
-4.98344
-4.98339
-4.98344
-4.98341
-4.98338
-4.98338
-4.98344
-4.98345
-4.98338
-4.98343
-4.98341
-4.98344
-4.98339
-4.98345
-4.98336
-4.98343
-4.98338
-4.98339
-4.98345
-4.98337
-4.98344
-4.98339
-4.98337
-4.98342
-4.98337
-4.98341
-4.98338
-4.98342
-4.98345
-4.98336
-4.98337
-4.98345
-4.98344
-4.9834
-4.98344
-4.98345
-4.98338
-4.9834
-4.98339
-4.98336
-4.98337
-4.98341
-4.98342
-4.98341
-4.9834
-4.98342
-4.98337
-4.9834
-4.98336
-4.98343
-4.98336
-4.98343
-4.98336
-4.98343
-4.98344
-4.98344
-4.98342
-4.98336
-4.9834
-4.98336
-4.98336
-4.98343
-4.98338
-4.98344
-4.98337
-4.98336
-4.98342
-4.98343
-4.98343
-4.98345
-4.98342
-4.98342
-4.98336
-4.98345
-4.98335
-4.98335
-4.98337
-4.98338
-4.98343
-4.98343
-4.9834
-4.98337
-4.98336
-4.98336
-4.98338
-4.98337
-4.98338
-4.98339
-4.98345
-4.9834
-4.98342
-4.98336
-4.98345
-4.98343
-4.98338
-4.98341
-4.98341
-4.98336
-4.98345
-4.98339
-4.98341
-4.98336
-4.98336
-4.98339
-4.98337
-4.98338
-4.98342
-4.98344
-4.98341
-4.98342
-4.98339
-4.9834
-4.98343
-4.98339
-4.9834
-4.98342
-4.98343
-4.98342
-4.98335
-4.9834
-4.98338
-4.98335
-4.98336
-4.98343
-4.9834
-4.98336
-4.98339
-4.98341
-4.9834
-4.98341
-4.98339
-4.98341
-4.98341
-4.98339
-4.98336
-4.98339
-4.98341
-4.98337
-4.98341
-4.98339
-4.9834
-4.98342
-4.9834
-4.98345
-4.98341
-4.98341
-4.98342
-4.98343
-4.98343
-4.98343
-4.98344
-4.98338
-4.98338
-4.98344
-4.98341
-4.98343
-4.98342
-4.98339
-4.98337
-4.98335
-4.98338
-4.98342
-4.98337
-4.98336
-4.98344
-4.98335
-4.98337
-4.98342
-4.98338
-4.98339
-4.98336
-4.9834
-4.9834
-4.98344
-4.98337
-4.98339
-4.98339
-4.98341
-4.9834
-4.98341
-4.98344
-4.98345
-4.98336
-4.98339
-4.98341
-4.98342
-4.98344
-4.98342
-4.98336
-4.98339
-4.98337
-4.9834
-4.98338
-4.98344
-4.98343
-4.98343
-4.98342
-4.98344
-4.98335
-4.98336
-4.98336
-4.98343
-4.98342
-4.9834
-4.98343
-4.98342
-4.9834
-4.98341
-4.98343
-4.98336
-4.98341
-4.98342
-4.98343
-4.98341
-4.98338
-4.98338
-4.98342
-4.98342
-4.98338
-4.98336
-4.98339
-4.98338
-4.98338
-4.98339
-4.98339
-4.98344
-4.9834
-4.98342
-4.98339
-4.98341
-4.98336
-4.98337
-4.98339
-4.98343
-4.9834
-4.98344
-4.98344
-4.98344
-4.98337
-4.98343
-4.98344
-4.98339
-4.98344
-4.98344
-4.98338
-4.98336
-4.98344
-4.9834
-4.98343
-4.98344
-4.98336
-4.98339
-4.98336
-4.98344
-4.98335
-4.98338
-4.9834
-4.98338
-4.98342
-4.98343
-4.9834
-4.98344
-4.9834
-4.98342
-4.98344
-4.98339
-4.98343
-4.98345
-4.98342
-4.98337
-4.98344
-4.98341
-4.98341
-4.98344
-4.9834
-4.98344
-4.98339
-4.98336
-4.98341
-4.98335
-4.98343
-4.98338
-4.98341
-4.98339
-4.98336
-4.98337
-4.98341
-4.98344
-4.98337
-4.98336
-4.98338
-4.98343
-4.98343
-4.98336
-4.98344
-4.98344
-4.98337
-4.98335
-4.98336
-4.98341
-4.98344
-4.98341
-4.98344
-4.9834
-4.98344
-4.9834
-4.98335
-4.98341
-4.98342
-4.98338
-4.98342
-4.98336
-4.98336
-4.98343
-4.98341
-4.98343
-4.98337
-4.98338
-4.98342
-4.98343
-4.98336
-4.98336
-4.98336
-4.98337
-4.98343
-4.98339
-4.9834
-4.9834
-4.98343
-4.98341
-4.98336
-4.98338
-4.98343
-4.98339
-4.98345
-4.9834
-4.98344
-4.98345
-4.98339
-4.98339
-4.98341
-4.98344
-4.98341
-4.98345
-4.98339
-4.98344
-4.98344
-4.98337
-4.98336
-4.98345
-4.98335
-4.98345
-4.98343
-4.98335
-4.98338
-4.98342
-4.98345
-4.98344
-4.98345
-4.98342
-4.98341
-4.9834
-4.98339
-4.98335
-4.98344
-4.98336
-4.98342
-4.9834
-4.98338
-4.98343
-4.98336
-4.98338
-4.98341
-4.98345
-4.98337
-4.98342
-4.98343
-4.98339
-4.98336
-4.98343
-4.98344
-4.98338
-4.98337
-4.98341
-4.9834
-4.98343
-4.98336
-4.98341
-4.98339
-4.98343
-4.98343
-4.98338
-4.98343
-4.98342
-4.9834
-4.98338
-4.98345
-4.98343
-4.98339
-4.98339
-4.98337
-4.98336
-4.98344
-4.98338
-4.98341
-4.98338
-4.98341
-4.98343
-4.98338
-4.98344
-4.98336
-4.98336
-4.98345
-4.98342
-4.98338
-4.98343
-4.9834
-4.98344
-4.98337
-4.98335
-4.98337
-4.98344
-4.98338
-4.98336
-4.98344
-4.98339
-4.98337
-4.98341
-4.98337
-4.98342
-4.98338
-4.98338
-4.98343
-4.98336
-4.9834
-4.98341
-4.9834
-4.98342
-4.98341
-4.98336
-4.98336
-4.98345
-4.98337
-4.98339
-4.98344
-4.98341
-4.98336
-4.9834
-4.98335
-4.98343
-4.98336
-4.9834
-4.98344
-4.98338
-4.98344
-4.98343
-4.9834
-4.98341
-4.9834
-4.98343
-4.98341
-4.98342
-4.9834
-4.9834
-4.98343
-4.98335
-4.98338
-4.98341
-4.98345
-4.98336
-4.98345
-4.98343
-4.9834
-4.98336
-4.98343
-4.9834
-4.98342
-4.98342
-4.98338
-4.98337
-4.98337
-4.98343
-4.98344
-4.9834
-4.9834
-4.98336
-4.98341
-4.9834
-4.98345
-4.9834
-4.98336
-4.98345
-4.98344
-4.98336
-4.98336
-4.98335
-4.98344
-4.98336
-4.98338
-4.98345
-4.98343
-4.98343
-4.98344
-4.98338
-4.98336
-4.9834
-4.98337
-4.98339
-4.98344
-4.9834
-4.98339
-4.98342
-4.98336
-4.98342
-4.9834
-4.9834
-4.98343
-4.98342
-4.98339
-4.98336
-4.98344
-4.98337
-4.98339
-4.9834
-4.98341
-4.98343
-4.98339
-4.98336
-4.98335
-4.98345
-4.9834
-4.98341
-4.98336
-4.98339
-4.98343
-4.9834
-4.98343
-4.98344
-4.98339
-4.98343
-4.98338
-4.98339
-4.98342
-4.98339
-4.98337
-4.98335
-4.98335
-4.98336
-4.98338
-4.98337
-4.98337
-4.98337
-4.98338
-4.98341
-4.9834
-4.98336
-4.98342
-4.9834
-4.98341
-4.98337
-4.98336
-4.98335
-4.98337
-4.9834
-4.9834
-4.98345
-4.98342
-4.9834
-4.9834
-4.98338
-4.98344
-4.98343
-4.98342
-4.98336
-4.98344
-4.98342
-4.98345
-4.98344
-4.98344
-4.98337
-4.98338
-4.98335
-4.98337
-4.98337
-4.98338
-4.98342
-4.98343
-4.98336
-4.98341
-4.98336
-4.98343
-4.98336
-4.98342
-4.98338
-4.98339
-4.9834
-4.98336
-4.98342
-4.98339
-4.98343
-4.98336
-4.98342
-4.98343
-4.98337
-4.98339
-4.98335
-4.98344
-4.98342
-4.98342
-4.98342
-4.98342
-4.98336
-4.98342
-4.98338
-4.98341
-4.98344
-4.98344
-4.98345
-4.9834
-4.98341
-4.98344
-4.98339
-4.98344
-4.98339
-4.98342
-4.98337
-4.98342
-4.98337
-4.98345
-4.98339
-4.98345
-4.98339
-4.98343
-4.98343
-4.98344
-4.98344
-4.98338
-4.98342
-4.98336
-4.98336
-4.98336
-4.98338
-4.98337
-4.98337
-4.98337
-4.98342
-4.98341
-4.98344
-4.98343
-4.98337
-4.98337
-4.98336
-4.98337
-4.98337
-4.98337
-4.98338
-4.98336
-4.98342
-4.98341
-4.98338
-4.9834
-4.98343
-4.98338
-4.98337
-4.98337
-4.98345
-4.98344
-4.98345
-4.98338
-4.98344
-4.98343
-4.98336
-4.9834
-4.98345
-4.98337
-4.98337
-4.98341
-4.98338
-4.98337
-4.98339
-4.98341
-4.98336
-4.98344
-4.98341
-4.98336
-4.98345
-4.98338
-4.9834
-4.98343
-4.9834
-4.98335
-4.98338
-4.98345
-4.98341
-4.98342
-4.98342
-4.98339
-4.98341
-4.9834
-4.98336
-4.98335
-4.98336
-4.98343
-4.98344
-4.98337
-4.98337
-4.98339
-4.98344
-4.9834
-4.98338
-4.98341
-4.9834
-4.98343
-4.9834
-4.9834
-4.98335
-4.98344
-4.98335
-4.98342
-4.98337
-4.98341
-4.98343
-4.98341
-4.98337
-4.98338
-4.98345
-4.98341
-4.98341
-4.98339
-4.98342
-4.98338
-4.98342
-4.9834
-4.98341
-4.98336
-4.98336
-4.98341
-4.98341
-4.98337
-4.98344
-4.98339
-4.98342
-4.9834
-4.98339
-4.98339
-4.98339
-4.98339
-4.98341
-4.9834
-4.98343
-4.98337
-4.98338
-4.98342
-4.98335
-4.98341
-4.98343
-4.9834
-4.98343
-4.98337
-4.98341
-4.98341
-4.98335
-4.98341
-4.98336
-4.98344
-4.98342
-4.98335
-4.98339
-4.98343
-4.98339
-4.98342
-4.98339
-4.9834
-4.98336
-4.9834
-4.98345
-4.98342
-4.98337
-4.98344
-4.98345
-4.98336
-4.98336
-4.98339
-4.98345
-4.98335
-4.98338
-4.98343
-4.98337
-4.9834
-4.98345
-4.98344
-4.98344
-4.98342
-4.98339
-4.98342
-4.98343
-4.98341
-4.98341
-4.9834
-4.98342
-4.98344
-4.98337
-4.98343
-4.98335
-4.98343
-4.9834
-4.98342
-4.98342
-4.98338
-4.98337
-4.98343
-4.98339
-4.98342
-4.98344
-4.9834
-4.98342
-4.98342
-4.98338
-4.98338
-4.98336
-4.98341
-4.98341
-4.98337
-4.98339
-4.98336
-4.98339
-4.98339
-4.98336
-4.98341
-4.98341
-4.98342
-4.98344
-4.98345
-4.98345
-4.98336
-4.98339
-4.9834
-4.98344
-4.98341
-4.98343
-4.98336
-4.98339
-4.98341
-4.98339
-4.98342
-4.98342
-4.98337
-4.98335
-4.98335
-4.98337
-4.98338
-4.98345
-4.98335
-4.98345
-4.98339
-4.98339
-4.98338
-4.98343
-4.98338
-4.98343
-4.98341
-4.98344
-4.98344
-4.98342
-4.98338
-4.98338
-4.98335
-4.98343
-4.98342
-4.98338
-4.98335
-4.98338
-4.98345
-4.98337
-4.98338
-4.98336
-4.9834
-4.98339
-4.98341
-4.98342
-4.98345
-4.98337
-4.98342
-4.98335
-4.9834
-4.9834
-4.9834
-4.98341
-4.98337
-4.98343
-4.98339
-4.98342
-4.98342
-4.98339
-4.9834
-4.98335
-4.98344
-4.98343
-4.98338
-4.98342
-4.98341
-4.98336
-4.98343
-4.98341
-4.98337
-4.98339
-4.9834
-4.98337
-4.98336
-4.98344
-4.98343
-4.98339
-4.98341
-4.98338
-4.98343
-4.98345
-4.98343
-4.98339
-4.98341
-4.98341
-4.98337
-4.98337
-4.98337
-4.98341
-4.98337
-4.9834
-4.98338
-4.98336
-4.98345
-4.98338
-4.98335
-4.98344
-4.98344
-4.98341
-4.98344
-4.98341
-4.98337
-4.98337
-4.98342
-4.98335
-4.98339
-4.98344
-4.98343
-4.98341
-4.9834
-4.98338
-4.98336
-4.98343
-4.98342
-4.98338
-4.98338
-4.98337
-4.98337
-4.98337
-4.98338
-4.98343
-4.98341
-4.98338
-4.98339
-4.98344
-4.98343
-4.98341
-4.98337
-4.98336
-4.98336
-4.98343
-4.98345
-4.98336
-4.98339
-4.98345
-4.98343
-4.98344
-4.98341
-4.98336
-4.98337
-4.98335
-4.9834
-4.98341
-4.98341
-4.98335
-4.98345
-4.98337
-4.98342
-4.98335
-4.98335
-4.9834
-4.98336
-4.98344
-4.98341
-4.98336
-4.98345
-4.98337
-4.98336
-4.98343
-4.98344
-4.98338
-4.98345
-4.98344
-4.98339
-4.98339
-4.98338
-4.98343
-4.98343
-4.98339
-4.9834
-4.98336
-4.98342
-4.98335
-4.98343
-4.98336
-4.98339
-4.9834
-4.98338
-4.98339
-4.9834
-4.98342
-4.98343
-4.98342
-4.98342
-4.98341
-4.9834
-4.98343
-4.98341
-4.9834
-4.98337
-4.98339
-4.9834
-4.98336
-4.98343
-4.98343
-4.98343
-4.98336
-4.98338
-4.98341
-4.9834
-4.98342
-4.98337
-4.98344
-4.98336
-4.98338
-4.98337
-4.98341
-4.98342
-4.9834
-4.98336
-4.98342
-4.98338
-4.98335
-4.98337
-4.98338
-4.98338
-4.98338
-4.9834
-4.98342
-4.98336
-4.98338
-4.98344
-4.98341
-4.98343
-4.98343
-4.98341
-4.98343
-4.98341
-4.98336
-4.98338
-4.9834
-4.98341
-4.98337
-4.98338
-4.98337
-4.98336
-4.98341
-4.98339
-4.98342
-4.98344
-4.98337
-4.98343
-4.98341
-4.98343
-4.98344
-4.98343
-4.98337
-4.98337
-4.9834
-4.98342
-4.9834
-4.98343
-4.98345
-4.98345
-4.98344
-4.98343
-4.98344
-4.98341
-4.98338
-4.98343
-4.98337
-4.98337
-4.98342
-4.98336
-4.98342
-4.98343
-4.98343
-4.9834
-4.98335
-4.98339
-4.9834
-4.98337
-4.98337
-4.98343
-4.98343
-4.98344
-4.98341
-4.98341
-4.98342
-4.98345
-4.98336
-4.98338
-4.98339
-4.9834
-4.98344
-4.98341
-4.98343
-4.98339
-4.98339
-4.98341
-4.9834
-4.98337
-4.98336
-4.98343
-4.98345
-4.98339
-4.98343
-4.98338
-4.98343
-4.98343
-4.98341
-4.98341
-4.98335
-4.98337
-4.9834
-4.98341
-4.9834
-4.98343
-4.98336
-4.98336
-4.98338
-4.98337
-4.98341
-4.98344
-4.98337
-4.9834
-4.98338
-4.98342
-4.98339
-4.98345
-4.98344
-4.98339
-4.98342
-4.98343
-4.98338
-4.98344
-4.9834
-4.98342
-4.98339
-4.98342
-4.98345
-4.98343
-4.98342
-4.9834
-4.98335
-4.98341
-4.98337
-4.98342
-4.98343
-4.98343
-4.98343
-4.98344
-4.98337
-4.98344
-4.98338
-4.98339
-4.98341
-4.98345
-4.9834
-4.98341
-4.98341
-4.98344
-4.98344
-4.98337
-4.98336
-4.98337
-4.98343
-4.98338
-4.98339
-4.98342
-4.98344
-4.98335
-4.9834
-4.98337
-4.98338
-4.98339
-4.98344
-4.98345
-4.98335
-4.98336
-4.98342
-4.98337
-4.98336
-4.98337
-4.98338
-4.98337
-4.98343
-4.98336
-4.98342
-4.98342
-4.98341
-4.98341
-4.98343
-4.98337
-4.98343
-4.98343
-4.98344
-4.98338
-4.9834
-4.98343
-4.98341
-4.98343
-4.98338
-4.9834
-4.98335
-4.98343
-4.98342
-4.98343
-4.98339
-4.98338
-4.98344
-4.98341
-4.9834
-4.98335
-4.98336
-4.9834
-4.98344
-4.98339
-4.9834
-4.98342
-4.98337
-4.98344
-4.9834
-4.98344
-4.9834
-4.9834
-4.98341
-4.98339
-4.9834
-4.98339
-4.98344
-4.98335
-4.98337
-4.98336
-4.98337
-4.98341
-4.98336
-4.98338
-4.98343
-4.98342
-4.98344
-4.98335
-4.98343
-4.98337
-4.98337
-4.98345
-4.98344
-4.98337
-4.98338
-4.98335
-4.98337
-4.9834
-4.98337
-4.98341
-4.98339
-4.98339
-4.98339
-4.98343
-4.98342
-4.98341
-4.98335
-4.98336
-4.98336
-4.98342
-4.98343
-4.98342
-4.98337
-4.98344
-4.98344
-4.98341
-4.98338
-4.98337
-4.98336
-4.98337
-4.98342
-4.98335
-4.98343
-4.98341
-4.98343
-4.98342
-4.98338
-4.98344
-4.98336
-4.98342
-4.98344
-4.98337
-4.98336
-4.98343
-4.98341
-4.98342
-4.98341
-4.9834
-4.98336
-4.98339
-4.98344
-4.9834
-4.98343
-4.98339
-4.98343
-4.98339
-4.9834
-4.98339
-4.98338
-4.98337
-4.98344
-4.98339
-4.98337
-4.98343
-4.9834
-4.98343
-4.98344
-4.98341
-4.98342
-4.98337
-4.98335
-4.98341
-4.98344
-4.98336
-4.9834
-4.98343
-4.98344
-4.98336
-4.98343
-4.98345
-4.98344
-4.98337
-4.9834
-4.9834
-4.98344
-4.98342
-4.98341
-4.98337
-4.98335
-4.9834
-4.98344
-4.98337
-4.98336
-4.98344
-4.9834
-4.98338
-4.98336
-4.98342
-4.98338
-4.98337
-4.98342
-4.98342
-4.98339
-4.98338
-4.98338
-4.98343
-4.98338
-4.98342
-4.98342
-4.98341
-4.98336
-4.98341
-4.98335
-4.9834
-4.98337
-4.98341
-4.9834
-4.98344
-4.98336
-4.98336
-4.98342
-4.98337
-4.98344
-4.98343
-4.98338
-4.98339
-4.98341
-4.98337
-4.98345
-4.98336
-4.98337
-4.98341
-4.98339
-4.98336
-4.98336
-4.98344
-4.98342
-4.98342
-4.9834
-4.98341
-4.9834
-4.98343
-4.98343
-4.98343
-4.98343
-4.98336
-4.98338
-4.9834
-4.98339
-4.9834
-4.98344
-4.98336
-4.98343
-4.98342
-4.98338
-4.98345
-4.98343
-4.98341
-4.98341
-4.98335
-4.98341
-4.98342
-4.98339
-4.98338
-4.9834
-4.98343
-4.98343
-4.98342
-4.98343
-4.98338
-4.98337
-4.98343
-4.98344
-4.98337
-4.98337
-4.98345
-4.98345
-4.98338
-4.98335
-4.98344
-4.98336
-4.98341
-4.98336
-4.98343
-4.9834
-4.98344
-4.98339
-4.98343
-4.9834
-4.98337
-4.98338
-4.98341
-4.98337
-4.98338
-4.98341
-4.98338
-4.98344
-4.9834
-4.98337
-4.98343
-4.98336
-4.98341
-4.98337
-4.98338
-4.98343
-4.98339
-4.98344
-4.98337
-4.98336
-4.98342
-4.9834
-4.98338
-4.98344
-4.98345
-4.98342
-4.98344
-4.98344
-4.98338
-4.98337
-4.98341
-4.98338
-4.98339
-4.98339
-4.9834
-4.98344
-4.98341
-4.98343
-4.98345
-4.98339
-4.9834
-4.98341
-4.98338
-4.98344
-4.98338
-4.98342
-4.98336
-4.98344
-4.98335
-4.98335
-4.98339
-4.98337
-4.98335
-4.98338
-4.98339
-4.9834
-4.98339
-4.98337
-4.98342
-4.98344
-4.98342
-4.98338
-4.98344
-4.98344
-4.98341
-4.98343
-4.98337
-4.98337
-4.98341
-4.98342
-4.98343
-4.98343
-4.98336
-4.9834
-4.98343
-4.98337
-4.98338
-4.98336
-4.98345
-4.98343
-4.98341
-4.9834
-4.98338
-4.98342
-4.98335
-4.98344
-4.98338
-4.98335
-4.98344
-4.98344
-4.98336
-4.98341
-4.98343
-4.98338
-4.98341
-4.98336
-4.98337
-4.98342
-4.98345
-4.98344
-4.98341
-4.98336
-4.98343
-4.98341
-4.98337
-4.98343
-4.98335
-4.98337
-4.98336
-4.98341
-4.98344
-4.98341
-4.98342
-4.98345
-4.98341
-4.9834
-4.98337
-4.98339
-4.98343
-4.98338
-4.98338
-4.98338
-4.98341
-4.98336
-4.98336
-4.98342
-4.98343
-4.98339
-4.98337
-4.98338
-4.98338
-4.98342
-4.98343
-4.98345
-4.98338
-4.98341
-4.98335
-4.98342
-4.98338
-4.98342
-4.98337
-4.98338
-4.98338
-4.98342
-4.98344
-4.98341
-4.98341
-4.9834
-4.98344
-4.98342
-4.98342
-4.98339
-4.98336
-4.9834
-4.98338
-4.98338
-4.98345
-4.98339
-4.98337
-4.98338
-4.98337
-4.98335
-4.98344
-4.98343
-4.98339
-4.9834
-4.98342
-4.98339
-4.98337
-4.98336
-4.98337
-4.98342
-4.98343
-4.98339
-4.9834
-4.98344
-4.98339
-4.98342
-4.98341
-4.98343
-4.98339
-4.98336
-4.98342
-4.98345
-4.98339
-4.98337
-4.98339
-4.98338
-4.98343
-4.98342
-4.98336
-4.98335
-4.98343
-4.98344
-4.98342
-4.98341
-4.98338
-4.98335
-4.98341
-4.9834
-4.98342
-4.98338
-4.9834
-4.98337
-4.98337
-4.98337
-4.98344
-4.98338
-4.98337
-4.98338
-4.98338
-4.98344
-4.98337
-4.98341
-4.98343
-4.98336
-4.98342
-4.98338
-4.98344
-4.98342
-4.98336
-4.98345
-4.9834
-4.98342
-4.98339
-4.98341
-4.98345
-4.98336
-4.98345
-4.98336
-4.98344
-4.98337
-4.98341
-4.98341
-4.98343
-4.9834
-4.98336
-4.9834
-4.98344
-4.98339
-4.98337
-4.98335
-4.98343
-4.98341
-4.98339
-4.98336
-4.98336
-4.98337
-4.98344
-4.98338
-4.98344
-4.98337
-4.98337
-4.98338
-4.98336
-4.9834
-4.98339
-4.98344
-4.98343
-4.98345
-4.98342
-4.9834
-4.98335
-4.98339
-4.98338
-4.98335
-4.98342
-4.98337
-4.98337
-4.98341
-4.98339
-4.98335
-4.98335
-4.98339
-4.98344
-4.98339
-4.98344
-4.98335
-4.98342
-4.98337
-4.98345
-4.98338
-4.98341
-4.98344
-4.9834
-4.98339
-4.98336
-4.98341
-4.98343
-4.98335
-4.9834
-4.98337
-4.98345
-4.98341
-4.98344
-4.98335
-4.98338
-4.98344
-4.98341
-4.98336
-4.98343
-4.98343
-4.9834
-4.98341
-4.98341
-4.98338
-4.98342
-4.98341
-4.98341
-4.98336
-4.9834
-4.98341
-4.98343
-4.98344
-4.98336
-4.98341
-4.98343
-4.98339
-4.98336
-4.98345
-4.98336
-4.9834
-4.98342
-4.98341
-4.98338
-4.9834
-4.98343
-4.98335
-4.9834
-4.98336
-4.98339
-4.98338
-4.9834
-4.98341
-4.9834
-4.98342
-4.98338
-4.98339
-4.98339
-4.98338
-4.98345
-4.98343
-4.98342
-4.98341
-4.98345
-4.98342
-4.98344
-4.98338
-4.9834
-4.98342
-4.9834
-4.98341
-4.98343
-4.98338
-4.98337
-4.9834
-4.98336
-4.98341
-4.98341
-4.98339
-4.98337
-4.9834
-4.98342
-4.98341
-4.98343
-4.9834
-4.9834
-4.9834
-4.98339
-4.98345
-4.98338
-4.98344
-4.98342
-4.98337
-4.9834
-4.98337
-4.98343
-4.98343
-4.98344
-4.98344
-4.9834
-4.98341
-4.98343
-4.9834
-4.98338
-4.98338
-4.98338
-4.98343
-4.98336
-4.98342
-4.98339
-4.98342
-4.98337
-4.98344
-4.98338
-4.98344
-4.98342
-4.98336
-4.98342
-4.98343
-4.98345
-4.98344
-4.98344
-4.98338
-4.98337
-4.98344
-4.9834
-4.98337
-4.98339
-4.98343
-4.98345
-4.98344
-4.98344
-4.98342
-4.98337
-4.98342
-4.98336
-4.98341
-4.98339
-4.98338
-4.98345
-4.98341
-4.98344
-4.98342
-4.98336
-4.98338
-4.98344
-4.98344
-4.98341
-4.98337
-4.98339
-4.98344
-4.98342
-4.98343
-4.98336
-4.98337
-4.9834
-4.98338
-4.98339
-4.98341
-4.98342
-4.98337
-4.98344
-4.98338
-4.98336
-4.98344
-4.98339
-4.98339
-4.98336
-4.9834
-4.98338
-4.98335
-4.98337
-4.9834
-4.98339
-4.98339
-4.98336
-4.9834
-4.98336
-4.98344
-4.98337
-4.98338
-4.98341
-4.98341
-4.98339
-4.98338
-4.98341
-4.9834
-4.98338
-4.98335
-4.98337
-4.98338
-4.98341
-4.98339
-4.98344
-4.98341
-4.98344
-4.9834
-4.98337
-4.98337
-4.98338
-4.98338
-4.9834
-4.98343
-4.98338
-4.98336
-4.98343
-4.98335
-4.98342
-4.98344
-4.98344
-4.98344
-4.98337
-4.98337
-4.98339
-4.98339
-4.98337
-4.98342
-4.98344
-4.98336
-4.98337
-4.98341
-4.98342
-4.98338
-4.98342
-4.98342
-4.9834
-4.98343
-4.98341
-4.98337
-4.98335
-4.98339
-4.98341
-4.98343
-4.9834
-4.98336
-4.98339
-4.9834
-4.98339
-4.98335
-4.98339
-4.98336
-4.98338
-4.9834
-4.98339
-4.98343
-4.98336
-4.98342
-4.9834
-4.98335
-4.98342
-4.98341
-4.98338
-4.98342
-4.9834
-4.9834
-4.98336
-4.98336
-4.98337
-4.98341
-4.98344
-4.98344
-4.98337
-4.9834
-4.98338
-4.98339
-4.98344
-4.98344
-4.98339
-4.98343
-4.98342
-4.98339
-4.98342
-4.98337
-4.9834
-4.98338
-4.98341
-4.98337
-4.98338
-4.98344
-4.98344
-4.98341
-4.98337
-4.98342
-4.98336
-4.98342
-4.98339
-4.98339
-4.98342
-4.98337
-4.98339
-4.98341
-4.98337
-4.98343
-4.98339
-4.98336
-4.98345
-4.9834
-4.98338
-4.98338
-4.98339
-4.9834
-4.98339
-4.98341
-4.98344
-4.98338
-4.98339
-4.98344
-4.98344
-4.9834
-4.9834
-4.98339
-4.9834
-4.98343
-4.98342
-4.98338
-4.98344
-4.98338
-4.98337
-4.98341
-4.98338
-4.98338
-4.98345
-4.98341
-4.9834
-4.9834
-4.98338
-4.98341
-4.98338
-4.98345
-4.98336
-4.98344
-4.98339
-4.9834
-4.98337
-4.98341
-4.98335
-4.98338
-4.98338
-4.98338
-4.98336
-4.98337
-4.98344
-4.9834
-4.98339
-4.98337
-4.98339
-4.98336
-4.98344
-4.98345
-4.98339
-4.98342
-4.98336
-4.9834
-4.98335
-4.98338
-4.98343
-4.98343
-4.98336
-4.98343
-4.98344
-4.98341
-4.98339
-4.98344
-4.98337
-4.98339
-4.98335
-4.98343
-4.98345
-4.98341
-4.98343
-4.98339
-4.98345
-4.9834
-4.9834
-4.98342
-4.98337
-4.98339
-4.98342
-4.98341
-4.98336
-4.98338
-4.98343
-4.98339
-4.98337
-4.98336
-4.98336
-4.98344
-4.98339
-4.98344
-4.98337
-4.98336
-4.98335
-4.98338
-4.98337
-4.98336
-4.98344
-4.98342
-4.98341
-4.9834
-4.98336
-4.98343
-4.98338
-4.9834
-4.98335
-4.98338
-4.9834
-4.98342
-4.98337
-4.9834
-4.98343
-4.98336
-4.98338
-4.98344
-4.98336
-4.9834
-4.9834
-4.9834
-4.98344
-4.98336
-4.98338
-4.98337
-4.9834
-4.98339
-4.98336
-4.98337
-4.98344
-4.9834
-4.98339
-4.98343
-4.98341
-4.9834
-4.98336
-4.98344
-4.98341
-4.98336
-4.98339
-4.98342
-4.98338
-4.98344
-4.9834
-4.98344
-4.98342
-4.98336
-4.98335
-4.98336
-4.98337
-4.98336
-4.98344
-4.98345
-4.98339
-4.98338
-4.98341
-4.98342
-4.98341
-4.98338
-4.9834
-4.98342
-4.98335
-4.98343
-4.98341
-4.98337
-4.98341
-4.98338
-4.98336
-4.9834
-4.98338
-4.98335
-4.98338
-4.98345
-4.9834
-4.98341
-4.98341
-4.98337
-4.98337
-4.98339
-4.9834
-4.98338
-4.98336
-4.98342
-4.98344
-4.98335
-4.98335
-4.98341
-4.98335
-4.98344
-4.98343
-4.98337
-4.98341
-4.98341
-4.98339
-4.98337
-4.98341
-4.98339
-4.98341
-4.98342
-4.98341
-4.98344
-4.98338
-4.98337
-4.98341
-4.98336
-4.98338
-4.98338
-4.98337
-4.98341
-4.98343
-4.98339
-4.98336
-4.98339
-4.98345
-4.98341
-4.98336
-4.9834
-4.98342
-4.98342
-4.98345
-4.9834
-4.98343
-4.98337
-4.98339
-4.9834
-4.98339
-4.98339
-4.98345
-4.9834
-4.98336
-4.98345
-4.98344
-4.98339
-4.98345
-4.98344
-4.98341
-4.98335
-4.98344
-4.98339
-4.98342
-4.98345
-4.98338
-0.000497794
0.0108287
-0.000365202
-0.000103613
0.12857
0.0707213
0.00813441
0.0228941
0.0100139
0.0051173
0.0213561
0.0526969
-0.000770209
0.0665922
0.132751
0.0116283
0.113069
0.00336689
-0.000603956
0.0243844
0.0119427
0.016863
0.0140803
0.0412302
0.00127732
0.0601625
0.151456
0.0205366
0.0401732
0.0877911
0.00133964
0.0324916
0.00794761
0.00308496
0.0411193
0.0770579
0.00130377
0.0889384
0.00579457
0.0309401
0.0477471
0.0807416
0.0531206
0.0051137
-0.000392568
0.071326
0.0614014
-0.00062783
-0.00054597
0.035857
0.0842644
-0.000470934
0.0500275
0.0154811
0.161458
0.129674
0.0111949
0.0545211
0.120267
-0.000466729
0.0317434
0.0738616
0.174941
0.00115221
0.0387543
0.118859
0.0430362
0.0800991
0.0190827
0.0195339
0.109902
0.00232632
0.0715271
0.106021
0.0291896
0.00616653
0.0116748
-0.00019981
0.0137648
0.0451841
0.0121921
0.00263327
0.00461629
0.0030767
0.0276632
0.017385
0.0756208
0.00890577
0.0757443
-0.000272978
0.00706152
0.0962176
-0.000405797
0.0142641
0.0210848
0.0214453
0.119997
0.0202276
-0.000387429
0.0420443
0.0146048
0.00446356
0.104645
0.136333
0.0160443
-0.000352357
0.0381395
0.00953885
0.17435
-0.000789408
9.65637e-05
0.0550334
0.0906401
0.0391839
0.000807613
0.0226141
0.009345
0.00049424
0.000456595
0.0386995
0.119754
0.0289195
0.0206932
0.149137
0.00800759
0.0347993
0.0703553
0.0811205
0.162261
0.137379
0.129568
0.00988792
0.063948
0.0273259
0.0701768
0.00477702
0.00195907
0.0133513
0.00546612
0.0322889
0.0176937
-0.000165618
0.0149068
-0.00050561
0.173178
0.0557504
0.0792387
0.00718053
0.0382321
0.00601681
0.0237632
0.040058
0.0142136
0.00386014
-0.000688553
0.150684
0.00285664
0.000107512
0.0934931
0.0769218
0.0714285
0.0017257
0.0728565
0.109286
0.0442183
0.0131827
0.00740074
0.039586
0.156226
0.121716
0.000521606
0.00355121
0.0694282
-5.15961e-05
0.000557058
0.00165191
-0.000683821
-0.000296755
0.102465
0.00427908
-0.000780429
-0.00079712
0.0209621
-8.02965e-05
0.00325612
0.0350057
0.0578553
0.0734419
0.0831472
0.0136999
0.107145
0.0220877
0.00174768
0.0998984
0.0313606
0.0764553
0.000814511
0.133083
0.058467
0.152566
0.0208142
0.032954
0.002123
0.0543891
0.124632
0.113637
0.0103535
0.0242226
-0.000782456
0.0118668
-0.000769866
0.101358
0.00543404
0.124174
-0.000715601
0.0782193
0.0016845
0.0501743
0.00188574
0.00481979
0.0766733
0.00201892
0.00424067
0.00739245
0.00595762
0.078962
0.0124406
0.0662967
0.02448
0.00627586
0.0725807
0.0292101
0.011333
0.035508
0.12393
0.000891543
0.00596912
-0.000580048
0.139527
0.0463046
0.0380579
0.161581
-0.000280306
0.0389265
0.00706241
0.0108361
0.0209527
0.0387555
0.000103837
0.0313008
0.0299855
0.0386548
0.0100162
0.0971813
-0.000373767
0.0437869
0.133215
0.0611931
0.0030374
0.0015427
0.0477864
0.0309124
0.0891714
0.0266639
0.00175665
-0.000688403
0.0953888
0.00316361
0.0922046
0.0419711
0.00558387
0.00219037
0.0651526
0.0532953
0.0133283
0.0195176
0.124391
0.0676647
0.000368118
0.0238508
0.0428795
0.0698455
0.00611343
0.0284659
0.0978262
0.0035154
0.0635326
0.0375358
0.0768593
0.00166938
0.034128
0.00697118
0.0198897
0.004349
0.0906309
0.0905608
-0.000483597
0.0114214
0.0942592
0.132955
0.0371941
0.137358
0.152302
0.00995392
0.00273166
-0.000167618
-0.00048976
0.00415085
0.0071941
0.0456427
0.0939277
0.00033618
0.00540446
0.0629841
0.0298396
0.0126128
0.00210004
-0.000406478
0.0837837
0.00162057
0.0528311
0.00167275
0.006122
0.00732521
0.0117157
0.00314486
0.0234932
0.143664
0.0497292
0.0485134
0.00404177
0.0779411
0.00165478
0.0409406
0.0198067
0.000861594
0.00450481
0.00771293
0.000827925
0.00508738
0.00112771
0.00125711
0.133016
0.000592868
0.133602
0.0446632
0.0413208
0.0989206
0.0192552
0.131234
0.0195182
0.049898
0.010136
0.0655047
0.172751
0.00964536
-0.000648271
-7.93777e-05
0.0519269
0.163606
0.00111509
0.153553
0.000509121
0.0738147
0.0213569
0.00367467
0.0151087
0.0288539
0.0144812
0.112559
0.0137757
0.00728432
-0.000389555
0.00163003
0.113165
0.00632964
0.00690482
0.121119
0.0280483
0.174322
0.0850472
0.0966021
0.0401205
0.0313632
0.0427715
0.0587795
0.140234
0.0200448
0.00692935
0.0460603
0.0173732
0.0373149
0.023436
0.00412461
0.00322012
0.0256238
0.0523194
-0.000712424
0.0121075
0.0193832
0.00225048
0.000542506
0.0339658
-0.000327228
0.0345523
0.0201693
0.00177351
0.00888311
0.0150834
0.058899
0.00158166
0.003576
0.124494
0.00283231
0.0132472
0.00310805
0.0231678
0.0320994
0.00755462
0.00380435
0.0418695
0.0552503
0.108588
0.079985
0.118298
0.00420436
0.0305124
0.02872
-0.000454521
0.00145604
0.00149043
0.0316733
0.0879888
0.0459071
0.0141369
0.00927296
0.0111524
0.0680269
0.0485862
0.0299666
0.0474931
0.11502
0.0117314
0.00242463
-0.000771049
0.0165488
0.000579841
0.00857941
0.00959405
0.0201481
0.133689
0.0277481
-0.000734597
0.0287514
-0.000741586
0.0384157
0.0767379
0.0244148
0.00643025
0.0221739
0.0277325
0.0399416
0.0791265
0.036853
0.0455272
0.0477875
0.00116585
0.00546696
0.0355888
0.00119882
0.00129288
0.116286
0.0879414
0.0336124
0.0783354
0.124016
0.017962
0.0192249
0.0394569
0.0225821
0.00524155
0.0168352
0.105631
0.0315529
0.000397637
0.140984
0.00841591
0.0204583
0.0481845
-6.60224e-05
0.0341736
0.0352717
0.147601
0.00622463
0.0132777
0.0605239
0.0369996
0.00225789
0.0138319
0.150161
0.0244148
0.0937272
0.0734161
0.0120168
0.0692166
0.031489
0.00188183
-0.00054486
0.00244672
0.00749349
0.0220737
0.0687912
0.0637296
0.0347421
0.0384103
0.1338
0.0451319
0.00494336
0.0331935
0.0180023
0.0142551
0.0140606
0.0570062
0.0134092
0.0596849
-0.000159473
0.0103455
0.0349524
0.0827054
0.159152
0.107593
0.0297388
0.00558699
0.0113323
0.0186448
0.0121575
0.0524034
0.0505771
0.0311009
0.131117
0.00952418
0.0708724
0.125198
0.0332261
0.00759272
0.105822
0.0700044
0.00786293
0.0266152
-0.000795939
0.0530587
0.053246
0.0342788
0.057674
0.0202054
0.0125284
0.0310043
0.00671753
0.0113088
0.0724189
0.0138419
0.133708
-0.000434504
0.00437289
0.00707902
0.0637636
0.00237755
0.030633
0.00161619
0.101214
0.0087271
0.0615419
-0.000373259
0.0624115
0.00319705
0.00739962
0.107389
0.0290809
0.0820354
0.093705
0.00210689
0.133203
0.00408402
0.109403
0.006933
0.00672137
0.0638278
0.109634
0.0940599
0.000942715
0.00156229
0.0734105
0.108901
0.0646477
0.030518
0.00254324
-0.000422859
0.0034282
0.00104473
0.024524
0.139017
0.0290275
0.0389545
0.015573
0.0779206
0.0118811
0.0685113
0.118464
0.0346256
0.00477548
0.0120919
0.165803
0.0571453
0.1369
0.0530598
0.0616582
0.113737
0.0747406
9.85009e-06
0.00808318
0.0168525
0.0468226
0.0082688
-0.000733717
0.0245934
0.00136638
0.08095
0.0211694
0.0122734
0.00223964
-0.000637188
0.0431795
0.0564957
-0.000651973
0.0104226
-0.000545983
0.0768567
-0.00078732
0.0593939
0.0588983
0.0141133
0.0884607
0.00236302
0.00446534
0.143693
0.00214934
0.0338797
0.0657972
0.00984014
0.071276
0.00537228
0.0243177
-0.000791763
0.0332244
0.126092
0.0983103
0.0124212
0.0371621
0.0481915
0.00254569
0.0429968
0.00641474
0.0400014
0.0112521
0.0259011
0.0508851
0.132311
0.00662445
0.0780601
0.0459551
0.0451108
0.0818023
0.00488844
0.0101326
0.0705626
0.0644023
0.0842578
0.00566309
0.00426167
0.00492831
0.0162515
0.0556004
0.000546639
0.0231449
0.0270397
0.0445674
0.00933389
0.0329835
0.0518337
0.0473447
0.107239
0.00518543
-0.000294606
0.0718699
0.0226734
0.0469376
0.0653623
0.0634561
0.000362891
0.152376
0.0752912
0.00352549
0.0175445
0.102393
0.086822
0.0554152
0.147488
0.0661383
-0.000797448
0.0811459
0.0360372
0.0406225
0.0379116
0.169715
0.0122912
0.0798875
0.0496873
0.00423106
0.161063
0.00696722
0.11077
-0.000381824
0.171526
0.000768295
0.01216
0.0224538
0.034557
0.105638
-0.000541476
0.0221266
0.00136894
0.00365721
0.0356915
0.10454
0.00981907
0.0266279
0.0786104
-0.000793547
0.154972
0.100855
-3.5203e-05
0.00302922
0.00359617
-0.000793566
0.00163275
0.0620539
0.00100837
-1.78111e-05
0.0712438
0.00175889
0.134026
0.032171
0.034907
0.00912289
0.00467533
0.142124
0.00144646
0.00615199
0.0304235
0.00733079
0.00895711
0.00287954
0.000777925
-0.000739583
0.170124
0.000604781
-0.000321716
0.0101659
0.0017311
0.0165133
0.00910206
0.100592
0.0481737
0.0616809
0.0421317
0.00731937
0.000599045
0.0498471
-0.000761469
0.0217103
-5.51559e-07
0.0162426
0.0271051
0.0282083
-0.000648671
0.162964
0.0739253
-0.00076478
0.0786286
-0.0005757
0.00492216
0.0624955
0.0846048
0.00426896
-0.000358896
0.0229117
0.0123849
0.0609823
0.0302658
0.0242974
0.137898
0.00594147
0.00643473
0.0889114
0.0473777
0.00643284
0.0198123
-0.000797725
-0.000781824
0.0943668
0.0159412
0.0177937
0.0332075
0.00256583
0.0223707
0.000749559
0.0984895
0.0182
0.00893193
-0.000793949
0.00189049
0.00918071
0.00218194
0.000614898
0.1075
0.00150963
0.00367466
0.0522923
0.00288085
0.033649
0.0801713
0.013215
0.0965471
0.022634
0.00120343
0.000128608
0.0252003
0.0338458
0.122734
0.00207328
0.0642759
-0.000556143
0.0261753
0.000796696
0.00147598
0.0180737
0.0050985
0.0114674
0.00324829
0.0450571
0.0141906
-0.000619908
0.0347736
0.0484123
0.0345986
0.066089
0.0335191
0.062124
0.0373053
0.0262786
0.00583306
0.00147698
0.00588937
0.00555554
0.000454824
0.0151727
0.027826
0.0439878
0.0310544
0.128165
0.00797003
0.0332132
0.019156
-0.00050184
0.0389923
0.00329862
0.100282
0.000958395
0.0583784
0.0329542
0.000467332
0.040783
0.0474056
-0.000158854
0.00154867
-0.000616975
0.00888477
0.0853288
0.0832861
0.0672522
0.000764021
0.0528727
0.0381501
0.000491029
0.029522
0.0403242
0.150173
0.00336584
0.000979412
-0.000146781
0.0167159
5.70957e-05
0.00070102
0.0522841
0.00351741
-0.000615375
0.0244161
0.00651704
0.132875
0.0855337
0.0416623
0.081984
0.0453438
0.0105218
0.0617276
0.00980831
0.124676
0.045666
-0.000644591
-0.000738538
0.00208903
0.123998
0.0259484
0.0332537
-0.000696857
-0.000181407
0.0044013
0.00962168
0.0141347
0.0599014
0.0641533
0.13131
0.0155065
0.0436649
0.0815003
0.0078323
0.0168058
-0.000731508
0.0812662
0.00263671
0.0115161
0.0450113
0.0211654
0.158836
0.0104018
0.00181191
0.00159182
0.00873662
-0.000762354
0.00584241
0.00313701
0.131657
0.0300118
0.00389765
0.135811
0.0145819
0.0217754
0.00381864
0.000627918
-0.000273883
0.0243502
-0.000324718
0.00179102
0.00439712
0.0451029
0.0174353
0.106504
0.11613
0.0566456
0.00795974
0.106048
0.0385088
0.0228123
0.000262439
0.122011
0.00147058
0.00611696
0.0627683
0.0140317
0.0803345
0.0843233
0.00695231
0.00372015
0.0103863
0.0300708
0.0812026
0.0801836
0.14368
0.0152653
0.00465091
0.0442423
0.0176606
0.0145619
0.0224766
0.0562155
0.00492196
0.0176808
0.0148258
0.0750839
0.104981
0.0157136
0.00145675
0.000355565
0.0654615
0.106759
0.141839
0.0627807
0.0202877
0.00589354
0.100456
0.0440793
0.032252
0.12631
0.0728457
0.0442342
0.0356137
0.00443408
0.0205985
0.015644
0.116065
0.00371808
-0.00053512
0.0732003
0.126625
0.0558554
0.00738788
0.067183
0.00666922
0.00584709
0.126072
-0.000423929
0.0434928
0.133188
0.000156426
0.0133355
0.0146087
0.0145092
0.00518614
0.00237146
0.00114847
0.0467425
-0.000795184
0.000226933
-0.000507792
0.032738
0.0489849
0.105054
0.000710723
0.0752942
0.125895
0.0266499
0.0451147
0.0700006
0.0752309
0.151488
0.000304684
0.0839211
0.108507
0.0610347
0.00084067
0.00155383
0.137818
0.0494526
0.0765492
0.0798677
0.00415774
-0.000795025
0.059685
0.0247276
0.00488241
0.0768525
0.0689413
0.023282
0.0912749
0.00914821
0.0338763
0.0095853
0.045324
0.0329792
0.0265707
0.060508
0.139912
0.0301707
0.0169049
0.020155
-0.000785651
0.000297671
0.114939
0.0359177
0.0102107
0.100597
0.0137797
0.11769
0.114775
0.125336
0.0122581
0.0362839
0.00205851
0.00739866
0.0447021
0.105547
-0.000295739
0.156516
0.00281453
0.00163305
0.0165653
-0.00045473
0.015169
0.0151282
0.0118253
0.111883
0.13652
0.0815781
-0.000545558
0.0036794
0.00169492
0.000351216
0.00460665
0.0114389
0.138074
0.0277378
0.00222279
0.0186764
0.153234
0.0157543
0.102975
0.0322427
0.00037704
0.0626587
0.115595
0.0592372
0.117243
0.0188037
0.135083
0.0324376
0.0860803
0.0296378
0.0918487
0.0215115
0.125325
0.035784
0.0229017
0.0145272
0.151513
0.0185071
-0.000337449
0.0982589
0.0137609
0.00825618
0.0346368
0.00260593
0.100992
0.0352527
-0.000653224
0.174403
0.013203
0.000387669
0.072762
0.0391387
0.069747
0.0112045
0.0125843
0.129934
0.00177148
0.0934595
-0.000695456
0.000742418
-0.000464253
0.0310782
0.110666
0.00884642
-0.000462582
0.0621384
0.0345509
0.0153282
-0.000221946
0.12104
0.0508398
-0.000508086
0.0750972
0.042995
0.0123645
0.0123521
0.164041
0.0707102
0.0273778
0.0782689
0.0340445
0.103046
0.135081
0.083361
0.0188587
0.00346891
0.00251763
0.0254617
-0.000231195
0.0032629
0.046737
0.0667885
0.0169215
0.0154112
0.0246331
0.00401407
0.0105933
0.0506374
0.0723727
0.142709
0.0853147
0.0454591
0.0544815
0.00185455
0.0186844
0.145068
0.000354911
0.0681509
0.0154452
0.147783
0.100266
0.00646502
0.0373976
0.0412253
0.0251816
0.0315748
0.0343552
-0.000336805
0.0297994
0.00272313
0.0124933
0.0710674
-0.000788079
0.0150971
0.121491
0.0634683
0.00621018
0.000690734
0.0542272
0.00344762
0.0121601
0.0173389
0.00592522
-0.000140448
0.00174532
0.128212
0.155895
0.01083
-0.000515924
0.00940348
0.0383553
0.0023171
-0.000719491
0.0347362
0.0553828
0.0125359
-0.000243612
0.11136
0.0173544
0.0355711
0.0558436
-0.000761923
0.0849607
0.121262
0.0522497
0.0222248
0.125772
0.074412
0.0356319
0.0107605
0.0394951
0.0370945
0.0174816
0.0262722
-0.000670861
0.00550975
0.14574
0.0235892
0.0990058
0.145163
-0.000798624
0.00297006
0.0408733
0.143853
0.00315544
-0.000781222
0.00567315
0.0989155
0.0147579
0.0357207
0.0701702
0.0198712
0.00769256
0.0981536
0.065654
0.0214525
0.128208
0.0742438
0.0972474
0.0528586
0.00122516
0.0592574
0.073478
0.00148855
0.0226311
0.0424272
0.134298
0.0247851
0.0132628
0.0109074
0.0140791
0.0652125
0.00373073
0.117178
0.0861716
0.00750992
0.0206933
0.0601077
0.00467037
0.0724164
0.0826098
0.121972
0.062977
0.0126914
0.0122274
0.0606857
0.0166532
0.120257
-0.00017851
0.146329
0.125402
0.0144994
0.0916177
0.0225835
0.00302058
0.0087903
0.000964724
0.135205
0.11399
0.0975826
0.0472687
0.00811181
-0.000556617
0.00241356
0.0624444
0.0035868
0.0570325
0.00554797
0.114597
0.0942198
0.00143293
0.135106
0.0236316
-9.7906e-05
0.00294458
0.126619
0.120118
-2.16825e-05
0.0825743
0.124431
0.131811
0.0502062
0.00658875
0.0490394
0.0450522
-0.000655045
0.0329603
0.0580698
0.0270813
0.0340577
0.071584
0.0307283
0.0111974
0.110096
0.104644
0.00872004
0.0545799
0.0628896
0.0030281
0.0120566
0.136563
0.000729676
0.0207745
0.0527607
0.00170812
0.01867
0.0386048
0.0121735
-0.0005582
0.123976
0.0160191
0.0156473
0.0508689
0.0173822
-0.000226946
0.128087
0.0146152
0.0922141
0.0154652
0.0915557
0.165549
0.0103404
0.000924729
0.00625508
0.0450282
-0.000787022
0.103993
0.0111148
0.0650527
0.127165
0.0128216
0.0139518
0.0751255
-0.000253157
0.0148135
0.01107
0.0486601
0.00119357
0.0126197
0.169841
0.0105206
0.0695385
0.0188166
0.00509308
0.083629
0.0404205
0.00283956
0.00252136
0.0109528
0.146264
0.164627
0.0334925
0.00754336
0.0525717
0.0297619
0.0626421
0.00189116
0.0354129
0.00134292
-0.000793847
0.0128368
0.150107
0.00223759
0.0321676
0.131585
0.030092
0.00870978
-0.000628863
0.000257009
0.0236912
-0.000451852
0.00207903
-0.000529009
0.161942
0.00251613
0.168345
-0.000456719
0.0100431
0.023009
-0.000230422
0.0492397
0.0606223
0.0760352
0.0831841
0.143067
0.00662464
0.0541845
0.00165916
0.0268243
0.00574415
0.0880433
0.0621386
-0.000205901
-0.000491426
0.166478
-0.000208388
0.0212935
0.0539172
-0.000503564
0.0416976
0.0927459
0.130917
-0.000767838
0.00970827
-0.00058749
0.00462476
0.0145854
0.0423415
0.000279122
0.0138824
0.0121628
0.00921805
-0.000774624
0.123588
0.158213
0.0270267
0.00854707
0.106468
0.0664473
0.0352219
0.13795
0.0316121
0.0535041
0.125532
0.0916663
0.0145286
0.175504
0.069276
0.0452681
0.163825
0.000500621
-0.000532636
0.030005
0.00858532
0.103419
0.0108626
0.0203465
-0.000795569
0.0581754
0.0139935
0.018636
0.0864226
0.0450517
0.00367843
0.00379053
-0.000235355
0.00201415
0.0866345
0.0928485
0.0560798
0.024688
0.035821
0.0103327
0.0876936
0.0483466
0.109101
0.0273189
0.018257
0.0813169
-0.000552938
0.00223992
0.0012154
0.0384386
0.0572363
0.131211
0.043046
0.106031
0.0157353
0.0654494
0.00363439
0.0621515
0.00465862
0.00713621
0.0499354
0.099272
0.0386991
0.133097
0.0707019
0.0611337
0.140866
0.0721486
0.0123817
0.00393667
0.0494912
-0.000492171
0.0472324
-0.000777742
0.108787
0.00797941
0.120098
0.00168746
0.0460723
0.0846205
-0.000794597
0.0191227
0.00597673
0.0535556
0.00729312
0.00348365
0.0118765
0.0399463
0.0128318
0.00510151
-0.000770319
0.012184
0.0194352
0.0314233
0.0144861
-0.000545954
0.0649511
0.056076
-0.000294405
0.000176441
0.0964025
0.00110431
0.0038804
-0.000367661
-0.000777702
0.0344367
0.00657992
0.0580757
0.000614235
0.0274542
0.00622295
0.1002
0.148055
0.00145726
0.0250824
0.144773
0.0237105
0.042539
-0.000448873
0.128899
0.00823577
0.0750143
0.0245065
0.00931872
0.0134208
0.00068282
0.167241
0.0342513
0.00682938
0.0360858
0.0335222
0.0127719
0.0457307
-0.000176604
0.0030618
0.00337957
0.0241388
0.0414581
-0.000585409
0.0101451
0.175636
0.0462714
0.0672192
0.0235039
-0.000762812
0.00841658
0.0420863
0.0308469
-0.000626216
0.00259096
0.00622343
0.00355018
-0.000712935
0.0360315
0.0371328
0.0147851
-0.000332073
0.0045027
0.0246205
-0.000217813
0.00538954
0.0113066
0.088832
0.0566478
0.0460689
0.0279416
0.0664352
0.113762
0.0741407
0.0343098
0.00448476
0.160484
0.0634266
0.0455798
0.0150847
-0.000525714
0.0842678
0.0004401
0.0452742
0.0683497
0.0697162
0.0416547
0.00118429
0.00288421
0.00650047
0.0398947
0.0376039
-0.000779296
0.00062906
0.144459
0.00018758
0.0451369
-0.000629491
0.0288258
0.0363531
0.13877
-0.000346774
0.0048107
0.156023
0.0361438
0.00288487
0.0781625
0.00943624
0.00477265
0.0257934
0.0144257
0.0462675
0.0686516
0.0226963
0.129355
0.0127962
-0.000626822
0.00663183
0.025588
0.156401
0.000842781
0.144703
0.0123917
-0.000783203
0.0700927
0.0222062
0.113859
0.0480698
0.00393626
0.0545978
0.0059274
0.0676618
0.0031084
0.0800709
0.0211321
0.0130352
0.112171
0.0336889
0.00133905
0.00553507
0.0024795
0.00600312
0.0774629
0.00150784
0.0019023
0.0232076
0.0369076
0.0159482
0.0863678
0.00206099
0.0736715
0.130826
0.0220409
0.0325827
0.0559
0.0208265
-0.000247911
0.012194
0.0127287
0.0316113
0.045697
0.0273911
0.064116
0.0176302
0.0118131
0.0657929
0.00342572
0.138719
0.101788
0.0479673
0.0703234
0.149549
0.0293909
0.0270377
0.000594277
0.0942878
0.0516986
-0.000768873
0.0101628
0.0136297
0.102727
0.00838457
0.0993708
0.00701618
0.0072429
0.00438258
0.0992233
-0.000309039
0.14348
0.0534963
0.128576
0.0748884
0.0123373
0.158841
0.0259614
0.125498
0.0141349
0.00223445
0.024255
0.0407359
0.031578
0.13323
0.0191197
0.015592
0.00369884
0.0858757
0.0320255
0.0389221
0.0382904
0.0199774
0.05292
0.0526821
1.03878e-05
0.0782654
0.0315149
0.0447407
0.00059716
-0.000142938
0.0598274
0.0846704
0.135559
0.00195515
0.00151254
-0.000463738
-0.000765163
0.0754406
0.0417937
0.0259125
0.0870921
0.110823
0.00708354
0.0703196
0.011599
0.0822747
0.0367836
0.034191
0.0628241
0.083125
0.127168
0.0868303
0.0021559
0.0623034
-0.000532865
0.0623557
0.0618604
0.0264084
0.0211624
0.0950347
0.11604
0.113732
0.0454648
0.0329876
0.0817184
0.000443298
0.117446
0.0923458
0.131358
0.0322203
0.175346
0.0316044
0.00563507
0.000968397
0.0210618
-0.000647574
0.0654116
0.00705907
0.0188311
0.0655045
0.00929178
0.00153833
0.00541842
0.0104283
0.0938702
0.012577
0.0359195
0.164697
0.011251
-0.000797406
0.0115107
0.10434
0.11528
0.0265298
0.0832836
0.0350235
0.0553856
0.00686777
0.0462839
0.00173305
0.0643648
0.0266129
-0.000775572
0.0144996
0.0145184
0.00885477
0.0667876
0.111605
0.00368064
0.0683967
0.000675769
0.0880301
-0.000684346
0.0723728
0.00706389
0.0701763
0.0387117
0.0255186
0.122504
0.095088
0.015984
-0.000796571
0.0333342
0.146729
-0.000246398
0.0239742
0.0381043
0.00441364
0.121455
0.0240055
0.00726214
0.00467579
0.123496
0.0414684
-0.000721564
0.0392189
0.0050751
0.0195315
0.0270203
0.0415731
0.0765045
0.0876138
0.107335
0.0239318
0.0770977
0.0552489
0.00476889
0.0677683
0.00137869
0.109548
0.0335612
0.051195
0.00382866
-0.000403938
0.123923
-0.000356974
7.95608e-05
0.0595531
0.149346
0.0027707
0.0585284
0.00876398
-0.000293113
0.157373
0.00892378
0.0636851
0.0657892
0.00117022
0.0208543
0.00486934
0.00477185
0.0130741
0.00123539
0.0580361
0.034922
0.173266
0.000997902
0.105428
0.0862822
-0.000438758
0.0677172
0.0855305
0.00228826
-0.000782894
-0.000323972
0.00295357
0.0399118
0.0732771
0.153295
0.00048475
0.080886
0.00525863
0.00197902
0.00566671
0.000338982
-0.00070331
0.110004
0.0529431
-0.000795136
0.0493038
0.173574
0.0023895
-0.000627414
0.0577272
0.0200309
0.0205031
0.060286
0.062695
0.078179
0.094077
0.00155926
0.00289771
0.168183
0.0833808
0.00260007
-0.000203636
0.0195244
0.0213296
0.104428
0.036486
0.04642
0.00283616
0.0391384
0.0973512
0.000575044
0.0182715
0.0597383
0.0105041
0.0264757
0.0724825
0.0729653
0.088134
0.0476822
0.0118639
0.00803752
0.0096805
0.000189858
0.0829624
0.115744
0.0856615
-1.39079e-05
0.0704603
0.00404099
0.000290154
0.00936789
0.015066
0.121402
0.000729983
0.0411471
-0.00072898
0.0205137
0.0180242
0.0442496
-0.000451114
0.0671452
0.00333286
0.0340355
0.0772935
0.00230826
0.0785171
0.131635
-0.000366874
0.00254474
0.108483
0.0269162
0.0076769
0.067874
0.165476
0.0106831
0.00496295
0.0198245
0.0540612
0.0917545
0.000471344
0.000725633
0.131457
-0.000770439
0.0263705
0.0273904
0.0532039
-0.000428702
0.0340104
0.00128058
-0.000312357
0.00127472
0.174251
0.0109307
0.00105693
0.0401612
0.0102569
0.0050173
0.15076
0.015357
0.000239661
0.0108383
0.0201397
-0.000302619
0.0339927
0.00440687
0.0207026
0.00697592
0.0695564
0.13893
0.0288851
0.00964347
0.0008672
0.0116941
0.00854299
0.0290175
-6.90503e-06
0.0215711
0.0332515
0.0541661
0.0056398
0.00230921
0.113428
0.0203516
0.0130774
0.00712551
0.123909
0.170351
0.151933
0.00542236
0.0764656
0.000532284
0.0904182
0.128992
0.00530498
0.0275279
0.00561638
0.0202133
0.00457592
0.0448355
0.0699251
0.00421347
0.00114687
0.0106832
0.01787
0.140423
0.00691249
0.0386768
0.0126386
0.0160029
0.0036422
0.0303509
0.0506435
0.00527599
0.028524
0.020165
0.00773227
0.116698
0.118515
-0.000767476
0.0675248
0.0193752
0.0536104
0.109307
0.0693254
0.0544943
-0.00079412
0.0028937
0.0261786
0.00724032
-0.000353452
0.0124985
0.0288595
0.00201547
0.0157875
0.0166252
-0.000468547
0.00379221
0.0377511
0.110932
0.107073
0.115605
0.0171308
0.00774519
0.0285499
0.0238626
-0.000468017
-0.000614786
0.126528
0.000633712
0.00485129
0.0244263
0.0519572
0.00490393
-5.48792e-05
0.00359222
-0.000408384
0.00925535
0.0213167
0.0181174
-0.000352839
0.116804
0.145988
0.0415059
0.0131023
0.0816072
0.0108275
0.00105435
0.092169
0.122211
-0.000322992
0.118334
0.00793481
0.131335
0.1391
0.160509
0.0389521
0.0402389
0.00155703
0.039745
0.00973428
0.00734055
0.0339611
0.029943
0.0990648
0.111868
0.086852
0.00249424
-0.000240956
0.089563
0.0482114
0.0176769
-0.000608466
0.108674
0.0971114
0.0369614
0.00525249
0.0717806
0.0223403
-0.0006903
0.00338978
-0.000213565
0.101849
0.0273132
0.0045166
0.00238559
0.0524333
0.0672639
-0.000794192
0.08491
0.0250347
0.00166964
0.0373214
0.0174133
0.0520616
0.014241
0.0747732
-0.000267564
0.00172212
0.010021
0.0239074
0.0106408
-0.000429456
0.0125898
0.099076
0.166254
0.0566954
0.12087
-0.000595879
-0.000795629
0.134019
0.0219846
0.00963371
0.00534716
0.0579982
0.00339908
0.0635791
0.0272584
0.0635814
0.155471
0.0522343
0.0485896
0.0154395
0.0644555
0.0473798
0.00329775
0.142289
0.0388237
0.0241755
0.108505
0.0419705
0.00920461
0.0548696
0.00207112
-0.000481581
0.000991618
0.0128197
0.120699
0.0136095
-0.00067928
0.0388585
0.0108252
0.0820197
0.118355
0.0021954
0.0046467
2.79304e-06
0.169088
0.0160614
0.126862
-0.000134669
0.0158619
0.0199062
0.0352207
0.167563
0.143324
-0.000185234
0.0816801
0.00157432
0.0227724
0.0209029
0.131431
0.149423
0.145109
0.112772
0.0217599
-0.000787247
0.00461133
0.00486964
0.00373048
-0.000155145
0.00347157
0.0231198
0.00610182
-0.000528783
0.106636
0.0821708
0.0392703
0.000696862
0.0584919
0.0959852
0.156606
0.128404
-0.00079543
0.0754294
0.016588
0.0206861
0.0673957
0.0380284
-0.000792666
0.00274676
0.0445076
0.15567
0.0244735
0.0609149
0.0836134
0.0119493
0.0339035
0.018152
0.0130235
0.000443732
0.00708201
0.00390566
0.0956899
0.00185007
-0.000793621
-0.000537714
0.0546856
0.0046014
0.101015
0.0422817
-0.000645423
0.0400422
0.0946465
0.0471371
-0.000570142
0.0747367
0.152341
0.0212717
0.00198346
0.0838991
0.100995
0.116871
-0.000245757
0.00822968
0.0125198
0.00935489
0.162426
0.001295
0.0088956
0.151994
0.0241143
0.123436
0.0511995
0.048829
0.000637221
-8.26887e-05
0.0376754
0.000559983
0.148916
0.0715982
0.00966664
0.127087
0.0213537
0.0494482
0.0693295
0.00254429
-0.000594701
0.0120079
0.0324269
0.0299969
0.0120362
-0.000739517
0.0250814
0.0116836
0.0429345
0.00175285
0.0787028
0.103393
9.44321e-05
0.00829394
-0.000320417
0.00164436
0.0179831
0.0316388
0.00103618
0.0114856
-0.000316106
-0.00028917
-0.000584071
0.0257239
-0.000390814
0.0151683
0.000185047
0.0176791
0.0174811
0.00380363
-0.000647108
0.00788198
0.0623663
0.0267312
0.00254931
0.0911862
0.00172205
0.013434
0.00377713
0.000793655
0.144451
0.00534375
0.0720696
0.0171192
0.0222106
0.0590555
0.0782137
0.0233103
0.109404
0.0102822
0.13849
0.0952066
0.0253859
0.000398692
0.0165368
0.0361801
-0.000488243
0.00987615
0.00349972
0.114993
0.157212
0.157031
0.00621383
0.0223416
0.00137348
0.124673
0.00458744
0.014899
-0.000795815
0.0438884
0.0206695
0.0115618
0.00127736
0.110725
0.0948762
9.99906e-05
0.0771317
0.0207607
0.00133311
0.111985
0.00171798
0.00233107
0.0141315
0.0402492
0.0111841
0.0307223
0.0157143
0.0126944
0.0219291
0.161271
0.0516877
0.0392021
0.0141714
-0.000246017
0.152969
0.0450227
0.041829
0.00499438
0.0158428
0.0266667
0.00116051
0.0239385
0.00369319
0.0179074
0.06271
0.114288
0.0747932
0.000483417
0.00281912
-0.000191567
0.0976708
-0.000793163
0.00258968
0.0915175
0.00745128
0.00726736
0.103154
-0.000578328
0.133084
0.00991049
0.0878174
0.00478795
0.061848
0.16987
0.0239768
0.00878889
-0.000798999
0.0541923
0.0424517
0.0778038
0.0299974
0.00209694
0.0349802
0.106345
0.0108488
0.0758883
0.00437159
0.0229201
0.00462124
0.0576007
0.0141092
0.0108708
0.0170866
0.055854
0.0476986
0.08626
0.0188331
0.0230905
0.0784388
0.00647086
0.0277422
0.0651884
0.0127786
0.0563872
0.00242271
0.129678
0.00891675
0.0278197
0.0438595
0.0968727
0.119846
0.000255846
0.00501766
0.129279
0.117295
0.00219462
0.165
0.173622
0.0170411
0.00659604
0.0105354
0.0371576
0.0463561
0.0861399
0.00186801
0.0495404
0.118213
0.090065
0.0431265
-0.000726418
0.00633688
0.000154967
-0.000426829
-1.77907e-06
0.0343843
-0.000785116
0.0178585
0.013473
0.0212469
0.0411128
0.0699739
5.1666e-05
0.116455
0.0263711
0.0547476
0.00693825
0.0302942
0.0256987
0.0993285
6.08671e-05
0.0101761
0.108498
-0.000634331
0.00485226
0.0976514
0.0174192
0.0547716
0.0227631
0.107466
0.00195676
0.154705
0.163547
0.00437756
0.0409063
0.0183252
0.0296929
0.0491004
0.0343521
0.0308301
0.00023558
0.059805
0.0129248
0.011535
0.00132913
0.0127651
0.0454757
0.0795763
0.0195865
0.00108871
0.0648277
0.00104085
0.0120809
0.0640906
0.0448868
0.0927915
0.00238057
0.0419422
0.0442646
0.0457675
0.0397655
0.0955309
0.00238495
0.00948852
0.0846549
0.00462307
0.0496243
0.13311
0.00997812
0.13582
0.02119
0.0885865
0.00303762
0.031622
0.0635732
0.0315561
0.096453
0.00561721
0.00195331
0.0611058
0.0341818
0.175253
0.108046
0.00316363
0.0212929
0.0102308
0.0178593
0.00848452
0.174469
0.00954151
0.000220507
0.0463464
0.114688
0.157706
0.0164761
0.00185501
0.0348897
0.0426023
0.0537295
0.0393546
0.0126959
0.00403969
0.0212697
0.0800276
0.00173847
0.129828
0.0063058
0.0672197
0.00218564
0.0688173
0.0109518
0.0408236
0.0242983
0.0833649
0.0131517
0.00758457
0.00476769
0.0680669
0.00122549
0.122631
0.166933
0.112748
0.0107525
0.131766
0.00420866
0.0191703
0.0849362
-0.00020786
-0.000714292
0.0330897
0.0812135
0.0154031
0.00981339
0.0498919
0.113384
0.0273145
0.00623763
0.0266049
0.134971
0.0170842
0.0178565
0.0797066
0.0758787
0.0539837
-0.000354131
0.00248455
0.0119583
0.0371815
0.000141922
0.00436975
0.0558713
0.108594
0.00646017
0.0850116
0.0335181
0.0821453
0.00260629
0.0738082
-0.000749472
0.066092
0.0030679
0.0375008
0.0181957
-4.85911e-05
0.135535
0.00696142
0.0540825
0.00453161
0.0815912
0.00156381
0.133546
0.109824
0.00494488
0.00105205
0.0114793
0.147115
0.000655891
0.00912215
0.0446128
-0.000795482
0.0265588
0.0177011
0.00202055
0.00404247
0.0202323
0.0024251
0.0578339
0.012278
0.00858996
-0.000427471
0.102138
0.0738862
0.0482426
0.158176
0.101884
0.0140571
0.0105935
0.00649872
0.00636088
0.0270829
0.0461871
0.0436682
0.0156668
0.107566
0.0232251
-0.000794231
0.082298
0.0146474
0.00541561
0.00595082
0.129612
0.12602
0.0989504
0.125135
-0.000790544
0.0214232
0.0295955
0.12067
0.0134335
0.0413894
0.00984178
-0.000699647
0.00800521
0.0472865
0.0041001
0.130513
0.000317011
0.00354399
0.0168392
0.120218
0.142393
0.150557
0.0133762
0.123735
0.0158442
0.0306374
0.0475717
0.0115413
0.00252742
0.0879006
0.0196801
0.00804227
0.0610965
0.0818816
0.0162006
0.0296965
0.0117772
0.0165648
0.0490284
0.0182659
0.094323
4.59697e-05
0.0169765
0.0803955
0.0242887
0.140702
0.0176902
0.000404712
0.00228162
-0.000440622
0.125483
0.0145856
0.0713796
0.0999469
0.0315116
0.0349182
0.0292216
0.0762514
0.00769597
0.00125113
0.0266877
0.0559544
0.104396
0.00535244
0.0244807
0.0941871
0.0512564
0.173043
0.00734313
0.020879
0.0649737
0.172916
0.027038
-0.000356246
0.0100893
0.0101212
0.010993
0.0312226
0.00710085
0.00514607
-0.000476025
0.064974
0.0680223
-0.000184401
0.0052305
-0.000472313
0.0604842
0.0448314
0.079643
0.0181086
0.0102112
0.118061
0.00505644
0.0450004
0.0291316
0.00088107
0.00905984
0.0366363
0.0117447
0.0115265
0.0449203
0.132932
0.0533675
-0.000258856
0.0235784
0.0144353
0.0653019
0.0105467
0.00123016
0.0699679
0.0105965
-0.000470199
0.0834959
0.0252945
0.0731233
0.0939727
0.00687292
0.00239476
0.00484623
0.0107381
0.0154069
0.0144962
0.0734299
-0.000796102
0.0518566
0.0023517
0.0192295
0.00720644
0.036387
0.119958
0.00142778
0.092458
0.0589488
0.0371293
0.00642648
0.0424019
0.0322727
0.00025953
0.0205635
0.0553803
0.00682361
0.0210489
0.000798258
0.066199
0.0756491
0.0537451
0.0351113
0.0143245
0.0454267
0.024305
0.00745906
0.0236268
0.00994712
0.123346
0.126421
0.140971
0.0259375
0.0139327
0.098388
0.000254506
0.0380245
0.156069
0.0261965
-0.000145864
0.0826281
0.00456926
0.00506476
0.118556
0.0148653
0.0109693
0.0131534
0.0574883
0.00149859
0.0817977
0.157971
0.0607088
0.00349947
0.123758
0.0990232
0.0320592
0.022998
0.0131297
0.0224278
-0.000637648
0.0293611
0.041033
0.0970958
0.0796126
0.0470057
0.0202614
0.00346989
0.00303339
0.12027
0.16139
-0.000651805
0.0193283
0.0262119
0.0750231
0.162242
0.0203667
0.00426327
0.0113792
0.00149748
-0.000619858
-0.000767966
0.00555861
0.0849426
0.0307802
0.0282269
0.00429545
0.0334328
0.0186153
0.157827
0.0343831
-0.000788736
0.0194549
0.0851816
0.0360707
0.00635747
0.0261623
0.00561192
0.0684048
0.00875057
0.0379572
0.0610819
0.127691
0.16943
0.00821882
0.0440829
0.123058
0.0207363
0.10819
0.000320016
0.127915
0.0653421
0.00436855
0.0196679
0.0490565
0.0660213
0.0370531
0.0226347
0.0402221
0.00337913
-8.76612e-05
0.00315476
0.0825143
0.0023632
0.00441201
0.0386255
0.00288549
0.156082
0.0377744
0.00993742
0.0505025
-0.000273207
0.0206657
0.0580704
0.00385478
0.0025342
-0.000278662
0.00342536
0.0394964
0.00214573
-0.000258041
0.0743457
0.0103538
0.168177
9.35304e-05
0.151711
0.0347856
0.0865477
0.0103833
-0.000759524
0.139785
0.0135768
0.0505894
0.0784215
0.00147518
0.0742312
0.0166965
0.0571837
0.0203897
0.000901019
0.0344337
0.156002
0.0543738
0.0768893
0.00281268
0.110046
0.0067565
0.00822299
0.110642
0.0630351
0.0307274
0.14701
0.0112378
0.00542637
0.00732128
0.00642394
0.00923646
0.0865758
0.00170875
0.0532483
0.0184069
-0.00028791
0.118857
0.0110388
0.112628
0.0334894
0.0125251
0.0238475
0.0540765
0.0346707
-0.000729977
0.0124494
0.0259378
0.0179018
0.0121928
-0.000796395
0.034362
0.123647
0.000357621
0.00765507
0.0124603
0.0878187
0.0717042
0.103112
0.00358208
0.000834702
0.0224785
0.0535973
-0.000764916
0.0544662
0.0018034
0.00741259
0.133742
0.0721822
0.0081096
0.0422976
0.0362517
0.00337193
0.000690758
0.120187
0.00995381
-7.65661e-05
-0.000644678
0.0442239
0.134397
0.0603111
0.00555397
0.0177563
0.0562456
0.0492998
0.00659432
0.0145399
0.0569119
0.00420661
0.0626842
-0.000208021
0.0161973
0.0796734
0.00545147
0.0196498
0.0110748
0.134305
0.00445607
0.0734128
0.00851158
0.00209961
0.0808441
0.00590639
0.0236065
0.0264341
0.07411
0.0257035
0.0109511
0.00389131
0.131372
0.0296044
0.0944995
0.0149666
0.164253
-0.000794183
0.145762
0.111275
0.0407105
0.0798962
0.0020921
0.00924982
0.0263047
0.00136707
0.00489524
0.151116
0.000240289
-0.000547982
0.0146018
0.14218
0.1192
0.0373392
0.0770508
0.0653198
0.0218477
0.069603
0.0127556
0.0508934
0.0124146
0.0321564
0.00199038
-3.79544e-05
0.0183069
0.124965
0.0369987
0.00334542
0.138901
0.167677
0.054075
0.0372429
0.0180558
0.0648118
0.125317
0.0369091
0.00445449
0.122279
0.0223215
0.0468452
0.00734877
-0.000106654
0.0104734
0.00638267
0.11828
0.00894624
0.0902982
0.0535428
0.0633865
0.00100975
0.00747062
0.0225386
0.0416838
0.119223
0.0225256
0.158302
0.171869
0.00309678
0.00743066
0.0596739
0.00485168
0.157288
0.0217385
0.0541803
0.0191733
0.00206744
0.0690766
0.0724184
0.0505675
-0.000552807
0.00317508
0.00437746
0.024474
0.0746331
0.003251
0.00465458
0.0581308
0.023473
0.0173578
0.0251305
0.0244999
0.000383632
0.158249
0.00216721
0.068982
0.124945
0.0515584
0.100065
0.0211622
0.00528597
-0.000769928
0.005604
0.0569094
0.0169876
0.0964601
0.00477231
0.00214014
0.00597803
0.0341547
-0.000793001
0.0263783
0.0931735
0.00430662
0.0759397
0.0154831
0.0175079
0.0348948
0.170669
0.0180342
-8.63133e-05
0.122637
0.112083
0.0958799
0.0785938
0.151659
0.00364925
0.0425844
0.169213
0.00688054
-0.000349105
0.0151355
0.0142427
0.0515395
0.0700207
-0.000612693
0.168248
0.0120571
0.0441296
0.0168701
0.0193434
0.0162419
0.0959541
0.110856
0.0603283
0.120645
0.0584202
0.00259942
0.00134165
0.149069
0.000925835
0.0724022
0.0134868
0.0107896
0.0562298
0.0241052
0.0349946
0.0523911
0.00503302
-0.000796059
-0.000761053
0.0846568
0.105654
0.0965372
0.0240468
0.153732
0.133342
0.0460765
0.0409574
0.00584195
0.0284047
0.0177375
0.0330029
0.0251077
0.0682395
0.00366792
-0.000599205
0.0623508
0.0180151
-0.000551627
0.0193449
0.0790413
0.0242391
0.063454
0.0985463
0.0106124
0.131966
0.152631
-0.000158159
0.0372273
0.0703965
0.109902
0.069798
-6.01026e-05
0.0532126
0.105464
0.0604978
0.144349
0.00329625
0.0919406
0.0011759
0.0123127
0.00225906
0.00726444
0.0177995
0.0373527
0.00158291
0.00260928
0.00272674
0.0200328
0.00587794
0.0713035
0.0500535
0.0419146
0.0307475
-0.000602235
0.0304836
0.00940937
0.027079
0.0782462
0.1729
0.138027
0.0412326
0.0414452
0.0604241
-0.000214433
0.00492365
0.000943738
0.0528126
0.0354944
0.00184211
0.0704333
0.0189977
0.132061
0.00207555
0.0764174
0.0011801
0.123586
0.00201701
0.136572
0.00623029
0.0238925
0.00813417
8.84691e-05
0.0324763
0.0493955
0.0368454
0.0797938
0.0229323
0.0993016
-0.000643077
0.00529817
0.00196227
0.00537405
0.000784887
0.00690436
0.00345911
0.00971479
0.00502798
-0.00079764
0.000185177
0.0263101
0.0464752
0.11006
0.0404554
0.0130573
0.0611181
0.0694547
0.0379623
0.00680662
0.00144063
0.0293047
0.0410836
0.064012
0.00162208
0.00209698
-0.000736966
-0.0007072
0.012222
0.0138126
0.00741734
0.0695251
0.0366946
0.0292298
0.0913659
0.034774
0.000533654
0.0520193
0.135405
0.0536618
0.0103024
0.00408162
0.0259681
0.0216843
0.00795577
0.00323251
0.106089
0.0884367
0.0403854
0.0699076
0.0213527
0.133392
0.0073976
0.00229588
0.00211357
0.0395724
0.00535869
0.0538685
0.00116848
0.0230154
0.0233789
0.00311198
0.0266663
0.0777119
0.0760257
0.0286833
-0.000581738
0.15116
0.0353066
0.00482412
-0.000781171
0.0977938
0.0840471
0.137338
0.129823
0.00426724
0.00128996
0.00171104
0.0154167
0.104868
0.0272994
0.00124905
0.0146119
0.0254385
0.0420785
0.10386
0.0251242
0.00258109
0.00343749
0.00031343
-0.000134788
0.0138202
0.00290758
0.0537525
0.000617045
0.015476
0.0277327
0.0162475
0.0824497
0.00108691
0.00879817
0.0023607
0.0502716
0.155303
-0.000757055
0.0336118
0.010641
0.0930785
0.00488266
0.164653
0.0256136
0.0540709
0.14024
0.0419597
0.0308659
0.169464
0.0380381
0.102018
0.0186184
0.039018
-0.000252583
0.0905365
0.148086
0.114778
0.0130162
0.0120713
0.0625827
0.00624797
-0.000276005
-0.000688427
0.0265403
0.00893248
0.0218775
0.0351053
0.0533778
-0.000532932
0.126391
0.0198862
-0.000199279
0.0171978
-7.24398e-06
0.0383031
0.0622457
0.0512195
0.00413294
0.10388
0.079933
-0.000776208
0.0581579
0.0233155
0.0475986
0.0958906
0.0951916
0.075047
0.0628104
0.0389531
0.0137278
0.0471278
0.0118916
0.00972407
0.0502786
0.00615975
0.0259163
-0.000742701
0.00145058
0.00352385
0.0618865
0.076611
0.0916512
0.156051
0.017163
-0.000762129
0.000993026
0.0383414
0.00198401
0.00352359
0.00145775
0.0130876
0.0613371
0.0377163
0.126689
0.155824
0.000393911
0.0350755
0.0206633
0.0260108
0.000532703
0.038546
0.00306657
-0.000491284
0.0829561
0.163373
0.145418
0.00186571
0.110136
0.00842436
0.00590134
0.13192
0.00452447
0.14815
0.0119283
0.0250464
0.0450533
-0.000675745
-0.000246588
0.00095246
0.0716616
0.0104139
0.145676
0.00212696
-0.000781384
0.0477558
-0.000619003
0.0076445
0.00779755
0.0403569
0.144002
0.158105
0.0421341
0.0806948
0.0164145
0.0344801
0.057181
0.00267518
-0.000247851
0.0121336
0.0263138
0.0255543
0.00727226
0.000535753
0.0271564
0.00725947
0.012089
0.0513405
0.00104678
0.0550907
0.00475028
0.0702838
0.00579523
0.0290793
0.0113515
0.0540329
0.00122074
0.00558558
0.000600774
0.0534246
0.0213833
0.0187804
0.071481
0.133858
0.116411
0.00748274
0.0134083
0.113742
0.0461055
3.84437e-05
0.0117724
0.0121241
0.0430689
0.0160199
0.000630751
0.168416
-0.000377619
0.00925746
0.0693068
0.124855
0.0450744
-0.00051002
0.0215965
-0.000160846
0.00406067
0.0776178
0.00709465
0.00557744
0.0822565
0.086365
0.0376039
0.0916849
0.0731464
0.000616083
0.0665546
0.137772
0.103515
0.0382241
0.00136723
0.128124
0.00597453
0.0877207
0.00357792
0.000677656
0.0580214
0.00776904
0.0252328
0.144868
0.0160668
0.0430394
0.106328
0.00432093
0.100924
0.0751127
0.014341
0.0316947
-0.000243189
0.0121029
0.00937876
0.000315013
0.00556415
0.0230214
0.0849196
0.0369555
0.00156142
0.0418325
0.0106825
0.0118693
0.0365486
0.00935043
0.0429574
0.0334484
0.0479553
0.0150543
0.0113271
0.0164193
0.0105364
0.00103563
0.0138843
-0.000758629
0.000432581
0.00882748
0.0114867
0.00905579
0.0248329
0.156164
-0.00031672
0.130699
0.00238317
0.06412
0.0161311
-0.000769985
0.164616
0.0413375
0.00538655
0.0788891
0.0494026
-0.000691831
0.0663257
0.00680326
0.0129046
0.128419
0.0267845
0.0520175
0.00180824
-0.000755032
0.0223459
0.0186546
0.00456552
0.109789
0.0998586
0.0216677
0.084915
0.142231
0.0556365
0.0470155
0.00240971
0.0204655
0.0446369
0.00568788
0.00147172
0.0118405
0.053999
0.00529176
0.0128817
-0.000796483
0.000406151
0.0228548
0.000888078
-8.52188e-05
0.0301056
0.00183376
0.0434291
0.00632025
-0.000159088
0.0224624
0.00346135
0.000491829
0.00105599
0.157881
0.0136448
0.0425479
0.163675
0.000984727
0.00244582
0.0482303
0.00959369
-0.000743408
0.0006018
0.0689253
0.0989109
0.110647
-8.70671e-06
0.109347
0.0692756
0.0997012
0.00096483
0.00870576
0.014295
0.0726313
0.00570786
-5.01087e-05
0.00825862
0.00884064
0.0468109
0.0381718
-0.000796224
0.0409116
0.0157171
0.0288165
0.00195644
0.0389094
0.00707305
-0.000482248
0.0859481
0.0541161
0.000696525
0.110767
0.0021123
0.00544955
0.171206
0.15127
0.101155
0.000211692
0.055939
0.00209197
0.0447089
0.00644175
0.0803532
0.00660729
0.0956027
0.0241371
0.129885
-0.000197678
0.175136
0.14792
0.00127276
0.0744131
0.00271525
0.174846
9.57278e-05
0.00816083
-0.000795384
0.0174606
0.0143309
0.0313126
0.0816406
0.00601296
0.0307556
0.106478
0.0055615
-0.00079385
0.0217785
0.0452267
0.0148867
0.00954421
0.164154
0.00546636
0.159635
0.0700899
0.0134142
0.0277696
0.0267712
0.0552736
-0.000586292
0.00330641
0.125173
0.0993043
0.00421955
0.0711355
0.019576
0.058973
0.0269079
0.0132768
0.13861
0.076475
0.00479772
0.00460921
0.0340595
0.074835
0.0055183
0.109931
0.112302
0.0462417
0.00226379
0.000188158
0.00299862
0.0308413
-0.000270817
-0.0007857
0.111973
-4.00885e-05
0.0191901
0.000590572
0.0644393
0.00512687
0.127297
0.00540453
0.00166181
0.000501942
0.048107
0.147007
0.102108
0.00515987
0.0361013
0.0360695
0.0041917
0.0320005
0.12812
0.0543215
0.0244785
0.0653383
0.0367809
0.00949885
0.0128784
0.104488
0.0579741
0.00227848
0.00781489
0.00647785
0.0133969
0.00199235
0.00580742
0.0129172
0.0044113
0.00463447
0.00861931
0.0744195
0.0584271
0.0237363
0.10852
0.00134364
0.0101755
0.0268412
0.0489552
0.0217188
0.0412976
0.0631337
0.0568853
0.0103101
0.00137799
0.00750978
0.0097194
0.023267
0.0580738
0.000477609
0.0372796
0.0658151
0.00575833
0.0318949
0.00402334
0.035012
0.0753745
0.0104802
0.00209604
0.00444961
0.000810202
0.0647659
0.056789
0.0198747
0.00960599
0.0435877
0.00826745
0.0233481
0.00235038
0.0261134
0.00778086
0.0414668
0.0274063
0.0388415
0.00243582
0.132249
0.0256631
0.00134035
0.0402616
0.0112619
0.0132972
0.0110108
0.0328472
-0.000116788
0.00028414
0.0101982
0.00461843
0.00708137
0.0577017
0.062688
0.00119287
0.00646058
0.0162601
0.0147735
0.0468039
0.00373311
-0.000589233
0.0481575
0.023082
0.00921498
-0.000650168
0.00224148
0.0848943
0.0499478
0.00520508
0.00061605
-0.000425367
0.0815561
0.133931
0.126995
0.051656
-0.000702638
0.0148736
0.0924727
0.130083
0.0553624
0.0843027
0.00173663
-0.000701152
-0.000612328
0.175023
0.0649891
0.0106149
0.0382775
0.0782071
0.0551945
-0.000491698
0.0145162
0.0193794
0.0772976
0.0515371
0.142654
0.00858291
0.0365037
0.149449
0.0720487
-0.00030792
0.00916739
-0.000737166
-0.000454421
0.00084932
0.0315841
0.0319748
0.0171547
0.0819893
0.068475
0.00711046
0.0546838
0.00896959
0.0079181
0.0452805
0.00208085
0.0154476
0.0185435
0.0526041
0.0179567
0.0104486
0.000188426
0.0394425
0.0319287
0.0794118
-0.000361067
9.44412e-05
0.0171996
0.0380457
0.0228333
0.099955
0.00142027
-0.000109476
0.122179
0.00683843
0.0284737
0.00543616
0.00434354
0.00357944
0.106729
0.0581402
-0.000316931
0.00171669
-0.000409909
0.0761032
0.0053534
-0.000709454
0.065834
0.0361545
0.011175
0.0528042
0.00578067
0.0388811
0.00067501
0.00651599
0.0500166
0.0582223
0.0243877
-0.000430072
0.0440454
0.0138721
0.131479
0.0732275
0.0959754
0.00312584
0.000646462
0.015386
0.0190493
0.000231293
0.0343211
0.0932545
0.106963
0.000491729
0.0933434
0.00260117
0.0137502
0.00363111
0.000901329
0.042768
0.0170993
0.0321287
0.0278598
0.0269303
0.00611667
0.0716703
0.000146293
0.0619776
0.0837266
0.0029851
0.00148387
0.0467484
0.0125808
0.00496704
0.0947475
0.0137294
0.0425351
-0.000722663
0.0578916
0.0335945
0.0990046
0.0362446
0.105952
0.000456366
0.00914867
0.0343679
0.115968
0.0609419
0.013769
0.00187161
0.0188551
0.00235407
0.148917
0.0548747
0.0411418
0.0016886
0.0293761
0.00942119
0.161383
0.0173487
0.0730495
0.00749276
0.0181147
-0.000762299
-0.000796036
-0.000589027
0.0024716
0.00193358
0.0263736
0.00446268
0.0642597
0.144606
0.0103583
0.105607
0.016558
0.0689402
-7.27883e-05
0.102064
0.0783911
0.0877593
0.103192
0.16145
0.0270111
0.0787811
0.0616148
0.0313768
0.0131029
0.0111682
0.00293852
0.0868845
-0.00018058
0.00375168
0.024793
0.0383784
0.155169
-0.00035292
0.0582162
-0.000798254
0.0345276
0.000558098
0.0624047
0.00336157
-0.000280201
0.0114535
0.128363
0.096088
-0.000746116
-0.000767064
0.0248034
0.00604814
0.0411042
0.019729
0.00733626
0.0716836
0.0142928
0.101108
0.00721973
0.0305644
0.0938578
0.153025
-0.000687366
0.0143855
0.00235587
-0.00071947
0.125848
0.158017
0.0488838
-0.000200618
0.00225235
0.0194492
0.0360914
0.0202728
0.00257535
0.0351171
-0.00028453
-0.000796102
0.0151832
0.0049286
3.10688e-05
0.0839458
0.0788116
0.0108235
0.00900779
0.104157
0.0194902
0.0691139
0.00544195
0.0388346
0.104796
0.0765423
0.00476012
0.00623867
0.0501269
0.0766133
0.0122804
0.0797947
0.0267198
9.97133e-05
0.02259
0.12271
0.00611833
-5.92787e-05
0.0126099
0.088079
0.0448156
0.0807423
0.0906171
0.0344452
0.10372
0.0299279
0.0489323
0.0918557
-0.00076055
0.0516921
0.111025
0.134159
0.119854
0.0747305
0.00314281
0.0110657
0.000701092
0.00166458
0.143384
0.0049537
0.00493209
0.00605124
0.000786466
0.0005154
0.00140832
0.0138472
0.102884
0.000540304
0.00804191
0.0555502
0.0343785
0.0272338
0.0128308
-0.000412231
0.0202612
0.000975066
0.00824114
0.0451717
0.0555921
0.101536
0.000103216
0.00135694
0.0279329
0.00843833
0.023028
0.0242204
0.0806546
0.00035899
-0.000619522
0.0724289
0.0140893
0.000291399
0.09297
0.0135193
0.0229134
0.00573469
0.0566213
0.107463
0.00388318
0.00189174
0.116211
0.0771281
0.083946
0.0113182
0.00073684
0.00160308
0.0183761
-0.000619268
0.00510934
0.00722638
0.0026277
0.00235784
0.148974
0.11276
0.111143
0.01443
0.0211981
0.000104244
0.00272509
-0.000752395
0.00348374
0.130002
0.0030834
0.0143188
0.0243024
0.0528734
0.0136702
-0.000416673
0.00833524
0.00143589
0.0260591
0.0645287
0.134705
-0.000599151
0.00577057
0.0451056
0.0988941
0.160433
0.00555091
0.0273376
0.122243
0.0891166
0.0107809
0.0708392
0.00209221
0.00178874
0.0601275
0.0153539
-0.000507161
0.00646164
0.0571977
0.0538504
0.00310051
0.0187663
0.0342591
0.0371987
-0.000237575
0.0407455
0.0218671
0.0785571
0.0169519
0.136946
0.136432
-0.00050157
0.0625409
0.0668259
0.0465112
0.107835
0.0550022
0.00521795
0.05953
0.038844
0.155242
0.156527
0.0465679
0.0543295
0.0106275
0.0455285
0.0140956
0.0294386
0.0631111
-0.000699602
0.0199661
0.0758886
0.160533
0.0623418
0.00217903
0.133573
0.0111794
0.00195159
0.0118628
0.000458368
-0.000368479
0.0170075
0.0277483
0.171577
0.0226799
0.0562095
0.110805
0.0141456
0.0126099
0.162085
0.0148323
0.00391048
-0.000780073
-0.000559372
0.0021151
-0.000245009
0.0928778
0.0786204
0.123925
0.0580827
0.0961355
-0.000460439
0.114178
0.0724745
0.00268081
0.054898
0.0326281
0.0553233
0.1134
-0.000696904
0.0339732
-0.000727511
0.157912
0.130336
0.108688
0.130027
-8.21014e-05
0.156533
0.00124387
0.000245699
0.0141664
0.0461568
0.00159082
0.0770225
0.0126
0.0566863
0.0101044
0.00935225
0.0024497
0.0327382
0.00616714
0.0272746
0.00184058
0.059816
0.0425891
0.0262951
0.00084145
0.0426555
0.0457517
0.0377706
0.0484461
0.0707418
0.11615
0.00759784
0.064517
-0.00067979
0.000431357
0.124507
0.0794366
0.0151601
0.00718607
0.00571569
0.0331687
0.0567845
0.0247824
0.00232298
0.0431722
0.0010335
0.0109379
0.0737888
0.0181361
0.00284866
-0.000756624
0.0162741
0.00216191
0.00326551
0.0154066
0.0447249
0.000836579
0.153725
0.00143807
0.0113278
0.0222238
0.125112
0.0251318
0.083793
0.0668105
0.000678829
0.00456236
-0.000763076
-0.000641542
0.0028602
-0.000540592
0.0657371
0.0273045
0.0654139
0.0404531
-0.000720616
0.0384257
0.0563126
0.000721141
0.0283189
-0.000412959
-0.000700074
0.0568262
0.0130629
0.0248964
0.114443
0.0562136
0.0589282
0.0212646
0.118089
0.0564084
0.0476978
0.0422595
0.000423901
0.0853249
0.00507443
0.0563133
-0.000739169
0.123108
0.0274686
0.0587702
0.00277078
0.0727899
0.100183
0.00578646
0.00613089
0.0118629
0.0431716
0.00332289
0.0288467
0.00635272
0.0182093
0.0535554
0.00238463
0.172074
0.017266
0.00745684
0.0284502
0.100908
0.114273
-0.00033734
-0.000278227
0.00187594
0.0436425
0.100352
0.00287726
0.0504995
0.15421
0.00122898
0.118555
-0.000764319
0.000815771
0.0794642
0.000451457
0.0593257
0.0222006
0.000258746
0.0343596
0.00459473
0.0850304
0.0516212
0.0411157
0.00497871
0.00462837
-0.000612622
0.00227219
0.0935561
0.0870186
0.0501654
-0.000357039
0.0169806
0.0230613
0.104712
0.130863
0.0488736
0.00592996
0.00101998
0.101633
0.00508792
0.12012
-5.15484e-05
0.00521353
0.0503244
0.00470812
0.0520049
0.00378098
0.000968329
0.0176065
0.000333548
0.100427
0.00140391
0.00524022
0.0602733
0.00912558
0.0049528
0.107097
0.0396709
-9.19046e-06
0.0228955
-0.000371336
0.00897822
0.0125382
0.162173
0.0189213
0.0240487
0.169255
0.123076
-0.000686004
0.0077109
-0.000542588
0.155662
0.00979113
0.140776
0.0254429
0.0829106
0.0488159
0.00368221
0.0700861
0.16111
0.0295023
-0.000327246
0.0616218
0.0563048
0.0175901
0.0379178
0.0294119
0.00902697
0.0123116
0.117092
0.00175209
0.152747
0.122645
0.0338269
0.111431
0.00513008
0.00477422
0.000243397
0.0903831
0.0781911
0.000439945
0.00551914
0.00728853
0.0653274
0.0120562
0.072619
-0.000597125
0.0818751
0.0122825
0.11635
0.0253037
0.0014466
0.0570526
0.0113465
0.143024
0.004325
0.00932376
0.00119979
0.137531
0.00454372
0.0201532
0.0123792
0.000952383
0.0877095
0.00434685
0.020664
0.072508
0.00720986
0.0316901
0.0646835
0.00355265
0.140157
-0.000700151
0.0562909
0.00323845
0.00530734
0.0158512
0.00388153
0.00975434
0.0525053
0.0716594
0.00119009
0.0269723
0.00870907
0.00501315
-0.000798265
0.000307421
0.153511
0.0971556
0.085184
-0.000719577
0.00314047
0.00360877
0.0513353
0.000394141
0.0277919
0.00662512
0.00309335
-0.000782427
0.048791
0.0249509
0.0190498
0.00790802
0.000544798
0.00848166
0.0562778
0.00859617
0.00954961
0.146363
0.00363891
0.0111288
0.139367
-0.000765969
0.0531689
0.0400343
0.00800776
0.000349952
0.0266569
0.161513
0.126665
0.0067129
0.0335628
0.0233552
0.028779
0.00553579
0.060247
0.000387342
0.127425
0.0296834
0.00279161
0.00617548
0.0207802
0.00227951
-0.000474399
0.0279115
0.0558496
0.00285741
0.123205
0.00491352
0.0550038
0.019631
0.0488597
0.0980035
0.0150069
-0.000620866
0.00204389
0.00160187
0.00499614
0.00909667
-0.000550646
0.022611
0.000640202
0.0850368
0.054171
0.0129088
0.0223585
0.00328241
0.106173
0.0144351
0.0330114
0.00134743
0.0111887
0.0363635
0.00807656
0.0403403
0.00729629
-0.000752763
0.0626708
-0.000633472
0.0218889
0.0634181
0.0124603
0.0929271
0.0252127
0.0242173
0.00351052
0.0332943
0.0563771
0.126773
0.124219
-4.66e-05
0.0214983
0.0249682
0.0112122
-0.000264793
-0.000433822
0.0865762
0.151583
0.105651
0.00504325
0.0357934
0.0225429
-0.000116977
-0.000599906
-0.000723672
0.0055948
0.00267414
0.132116
0.0135743
0.0898448
0.0130627
0.0327694
0.0392181
0.0386565
0.0252225
0.0201964
0.0165122
0.00126064
0.0219994
0.0595338
0.118672
-0.000219657
0.00244819
0.0815339
0.163005
0.0450358
0.0340731
0.00111126
0.143654
0.0194163
0.00776204
0.0131638
0.105812
0.114356
0.168534
0.0593698
0.00238191
1.27919e-05
0.117299
0.0021742
0.0927588
0.011923
0.0726149
0.0440094
-8.3277e-05
0.000426042
-0.000730494
0.0251608
-0.00071602
0.049846
-0.000507843
0.00161763
0.0287871
0.114227
0.0115583
0.0034771
0.110172
0.139558
0.0267763
0.0250343
0.00887382
0.0456264
0.0229041
0.0348164
0.0147613
0.0172869
0.0463312
0.0189251
0.170094
0.0146224
0.014209
0.164378
0.0338862
0.0133977
0.0725379
0.00499948
0.00435629
0.00159832
0.0131842
0.0208047
0.12281
0.0836012
0.0561314
0.03031
0.0249917
-0.000192156
0.0156008
0.00559716
0.0179379
0.151331
0.00828013
0.0145668
0.0102209
0.0081756
0.0525098
0.0866863
0.0797232
0.0455658
0.00561177
0.0168
0.0290689
0.164649
0.00237059
0.00171245
0.134469
0.0455021
-0.000346711
0.00101006
-0.000575668
0.00186805
0.142854
0.0337049
0.00404703
0.0439319
0.0255503
0.0137262
0.0206551
0.0313259
0.00743432
0.00727235
0.00303565
0.00589638
0.0463751
0.0456976
0.00224441
0.0219626
0.00206365
0.0510968
0.0465194
0.0321421
0.0885523
0.00918289
0.00608655
0.0153962
0.0488287
0.0220464
0.0423698
0.00179704
0.0757995
-0.000342288
0.0207073
-0.000747316
0.056993
0.117149
0.120724
0.000824174
0.167576
0.00160114
0.0532882
0.0937817
0.0325665
0.128995
0.0305865
0.0291164
0.0566612
9.51838e-05
0.0159884
0.0649703
0.0256142
0.00605197
0.00602072
0.041052
0.0125719
0.0010678
0.0331592
0.0980055
0.00250732
0.112413
0.00944521
0.0840465
0.136537
0.0729264
0.0469787
0.0201366
0.00218537
0.055128
0.0127864
0.0349314
-0.000485659
0.0535938
0.0375854
0.0608936
0.102621
0.00701924
0.0373665
0.0594132
0.0409911
0.0103963
0.0605132
0.0233705
-0.000773645
0.0524737
0.0267502
0.00322408
0.00107084
0.0246792
0.0655469
-0.000766475
0.0281413
0.0126717
