0.190573
0.173249
0.173249
0.173249
0.173249
0.173249
0.190573
0.190573
0.173249
0.190573
0.207898
0.190573
0.207898
0.207898
0.207898
0.225223
0.242548
0.225223
0.259873
0.242548
0.277198
0.259873
0.294523
0.311847
0.311847
0.329172
0.363822
0.381147
0.398472
0.415796
0.450446
0.502421
0.53707
0.554395
0.658344
0.675669
0.762294
0.814268
0.866243
0.883568
0.918217
0.970192
0.900892
0.935542
0.883568
0.848918
0.796943
0.762294
0.744969
0.710319
0.692994
0.64102
0.64102
0.589045
0.589045
0.53707
0.519746
0.519746
0.467771
0.450446
0.450446
0.415796
0.433121
0.381147
0.398472
0.381147
0.346497
0.363822
0.311847
0.329172
0.294523
0.311847
0.277198
0.294523
0.259873
0.259873
0.259873
0.225223
0.242548
0.190573
0.225223
0.190573
0.190573
0.190573
0.173249
0.173249
0.138599
0.138599
0.138599
0.121274
0.121274
0.138599
0.0866243
0.103949
0.0692994
0.0866243
0.0866243
0.0519746
0.0692994
0.0692994
0.0519746
0.0346497
0.0346497
0.0346497
