-0.24914
-0.247148
-0.245155
-0.243163
-0.24117
-0.239178
-0.237185
-0.235192
-0.2332
-0.231207
-0.229215
-0.227222
-0.22523
-0.223237
-0.221245
-0.219252
-0.21726
-0.215267
-0.213275
-0.211282
-0.20929
-0.207297
-0.205305
-0.203312
-0.20132
-0.199327
-0.197335
-0.195342
-0.19335
-0.191357
-0.189365
-0.187372
-0.18538
-0.183387
-0.181395
-0.179402
-0.17741
-0.175417
-0.173425
-0.171432
-0.16944
-0.167447
-0.165455
-0.163462
-0.16147
-0.159477
-0.157485
-0.155492
-0.1535
-0.151507
-0.149515
-0.147522
-0.14553
-0.143537
-0.141545
-0.139552
-0.13756
-0.135567
-0.133574
-0.131582
-0.129589
-0.127597
-0.125604
-0.123612
-0.121619
-0.119627
-0.117634
-0.115642
-0.113649
-0.111657
-0.109664
-0.107672
-0.105679
-0.103687
-0.101694
-0.0997018
-0.0977093
-0.0957168
-0.0937243
-0.0917318
-0.0897393
-0.0877468
-0.0857543
-0.0837617
-0.0817692
-0.0797767
-0.0777842
-0.0757917
-0.0737992
-0.0718067
-0.0698142
-0.0678217
-0.0658292
-0.0638366
-0.0618441
-0.0598516
-0.0578591
-0.0558666
-0.0538741
-0.0518816
-0.0498891
-0.0478966
-0.0459041
-0.0439115
-0.041919
-0.0399265
-0.037934
-0.0359415
-0.033949
-0.0319565
-0.029964
-0.0279715
-0.025979
-0.0239864
-0.0219939
-0.0200014
-0.0180089
-0.0160164
-0.0140239
-0.0120314
-0.0100389
-0.00804637
-0.00605386
-0.00406135
-0.00206884
-7.63318e-05
0.00191618
0.00390869
0.0059012
0.00789371
0.00988622
0.0118787
0.0138712
0.0158637
0.0178563
0.0198488
0.0218413
0.0238338
0.0258263
0.0278188
0.0298113
0.0318038
0.0337963
0.0357888
0.0377814
0.0397739
0.0417664
0.0437589
0.0457514
0.0477439
0.0497364
0.0517289
0.0537214
0.0557139
0.0577065
0.059699
0.0616915
0.063684
0.0656765
0.067669
0.0696615
0.071654
0.0736465
0.075639
0.0776315
0.0796241
0.0816166
0.0836091
0.0856016
0.0875941
0.0895866
0.0915791
0.0935716
0.0955641
0.0975566
0.0995492
0.101542
0.103534
0.105527
0.107519
0.109512
0.111504
0.113497
0.115489
0.117482
0.119474
0.121467
0.123459
0.125452
0.127444
0.129437
0.131429
0.133422
0.135414
0.137407
0.139399
0.141392
0.143384
0.145377
0.147369
0.149362
0.151354
0.153347
0.155339
0.157332
0.159324
0.161317
0.163309
