-4.55788
-4.55788
-4.55788
-4.55788
-4.55788
-5.24087
-4.55788
-4.55788
-4.55788
-4.55788
-4.55788
-5.24087
-4.55788
-4.55788
-4.55788
-4.55788
-4.55788
-4.55788
-4.55788
-4.55788
-4.55788
-4.55788
-4.55788
-4.55788
-4.55788
-4.55788
-4.55788
-4.55788
-4.55788
-4.55788
-4.55788
-4.55788
-4.55788
-4.55788
-4.55788
-4.55788
-4.55788
-5.24087
-4.55788
-4.55788
-4.55788
-4.55788
-5.24087
-4.55788
-4.55788
-5.24087
-5.24087
-4.55788
-4.55788
-4.55788
-5.24087
-4.55788
-4.55788
-4.55788
-4.55788
-4.55788
-4.55788
-5.24087
-5.24087
-4.55788
-4.55788
-4.55788
-4.55788
-4.55788
-4.55788
-4.55788
-4.55788
-5.24087
-4.55788
-4.55788
-5.24087
-4.55788
-4.55788
-4.55788
-4.55788
-4.55788
-4.55788
-4.55788
-4.55788
-4.55788
-4.55788
-4.55788
-4.55788
-4.55788
-4.55788
-4.55788
-5.24087
-4.55788
-4.55788
-4.55788
-4.55788
-5.24087
-4.55788
-4.55788
-4.55788
-4.55788
-4.55788
-4.55788
-4.55788
-4.55788
-4.55788
-4.55788
-4.55788
-4.55788
-4.55788
-4.55788
-4.55788
-4.55788
-4.55788
-4.55788
-4.55788
-4.55788
-4.55788
-4.55788
-4.55788
-4.55788
-4.55788
-4.55788
-4.55788
-4.55788
-4.55788
-4.55788
-4.55788
-4.55788
-4.55788
-4.55788
-4.55788
-5.24087
-4.55788
-4.55788
-4.55788
-4.55788
-4.55788
-4.55788
-4.55788
-4.55788
-4.55788
-4.55788
-4.55788
-4.55788
-4.55788
-4.55788
-4.55788
-4.55788
-4.55788
-4.55788
-5.24087
-4.55788
-4.55788
-4.55788
-4.55788
-4.55788
-4.55788
-4.55788
-4.55788
-4.55788
-4.55788
-4.55788
-5.24087
-4.55788
-5.24087
-4.55788
-4.55788
-4.55788
-4.55788
-4.55788
-4.55788
-4.55788
-4.55788
-4.55788
-4.55788
-4.55788
-4.55788
-4.55788
-4.55788
-4.55788
-4.55788
-4.55788
-4.55788
-4.55788
-4.55788
-4.55788
-4.55788
-4.55788
-4.55788
-4.55788
-5.24087
-5.24087
-5.24087
-4.55788
-4.55788
-4.55788
-4.55788
-5.24087
-4.55788
-4.55788
-4.55788
-4.55788
-5.24087
-4.55788
-4.55788
-4.55788
-4.55788
-4.55788
-4.55788
-4.55788
-4.55788
-4.55788
-4.55788
-4.55788
-4.55788
-5.24087
-4.55788
-4.55788
-4.55788
-4.55788
-4.55788
-4.55788
-4.55788
-4.55788
-4.55788
-4.55788
-4.55788
-4.55788
-4.55788
-4.55788
-4.55788
-5.24087
-4.55788
-4.55788
-4.55788
-4.55788
-4.55788
-4.55788
-4.55788
-4.55788
-4.55788
-4.55788
-4.55788
-4.55788
-4.55788
-4.55788
-4.55788
-4.55788
-4.55788
-4.55788
-4.55788
-4.55788
-4.55788
-4.55788
-4.55788
-4.55788
-4.55788
-4.55788
-4.55788
-4.55788
-4.55788
-4.55788
-4.55788
-4.55788
-4.55788
-4.55788
-5.24087
-4.55788
-4.55788
-4.55788
-4.55788
-4.55788
-4.55788
-4.55788
-4.55788
-4.55788
-4.55788
-5.24087
-4.55788
-4.55788
-4.55788
-4.55788
-4.55788
-4.55788
-4.55788
-5.24087
-4.55788
-4.55788
-4.55788
-4.55788
-5.24087
-4.55788
-5.24087
-4.55788
-4.55788
-4.55788
-4.55788
-4.55788
-4.55788
-4.55788
-4.55788
-4.55788
-4.55788
-4.55788
-4.55788
-4.55788
-4.55788
-4.55788
-4.55788
-4.55788
-4.55788
-4.55788
-4.55788
-4.55788
-4.55788
-4.55788
-4.55788
-5.24087
-4.55788
-4.55788
-4.55788
-4.55788
-4.55788
-4.55788
-4.55788
-4.55788
-4.55788
-4.55788
-4.55788
-4.55788
-4.55788
-5.24087
-4.55788
-4.55788
-4.55788
-4.55788
-4.55788
-4.55788
-4.55788
-4.55788
-4.55788
-4.55788
-4.55788
-4.55788
-4.55788
-4.55788
-4.55788
-4.55788
-4.55788
-4.55788
-4.55788
-5.24087
-4.55788
-4.55788
-4.55788
-4.55788
-4.55788
-4.55788
-4.55788
-4.55788
-4.55788
-4.55788
-5.24087
-4.55788
-4.55788
-4.55788
-4.55788
-5.24087
-4.55788
-4.55788
-4.55788
-4.55788
-4.55788
-4.55788
-4.55788
-4.55788
-4.55788
-4.55788
-5.24087
-4.55788
-4.55788
-4.55788
-4.55788
-4.55788
-5.24087
-4.55788
-4.55788
-4.55788
-4.55788
-5.24087
-5.24087
-4.55788
-4.55788
-4.55788
-4.55788
-4.55788
-4.55788
-4.55788
-4.55788
-4.55788
-5.24087
-4.55788
-4.55788
-4.55788
-4.55788
-4.55788
-4.55788
-4.55788
-4.55788
-4.55788
-4.55788
-4.55788
-4.55788
-5.24087
-4.55788
-4.55788
-4.55788
-4.55788
-4.55788
-4.55788
-4.55788
-4.55788
-4.55788
-4.55788
-4.55788
-5.24087
-5.24087
-4.55788
-4.55788
-4.55788
-4.55788
-4.55788
-4.55788
-4.55788
-4.55788
-4.55788
-4.55788
-4.55788
-4.55788
-4.55788
-4.55788
-4.55788
-4.55788
-4.55788
-4.55788
-5.24087
-4.55788
-4.55788
-4.55788
-4.55788
-4.55788
-4.55788
-4.55788
-4.55788
-4.55788
-4.55788
-4.55788
-4.55788
-4.55788
-4.55788
-4.55788
-4.55788
-4.55788
-4.55788
-4.55788
-4.55788
-5.24087
-4.55788
-4.55788
-4.55788
-4.55788
-4.55788
-4.55788
-4.55788
-4.55788
-5.24087
-4.55788
-4.55788
-4.55788
-4.55788
-4.55788
-4.55788
-4.55788
-4.55788
-4.55788
-4.55788
-4.55788
-4.55788
-4.55788
-4.55788
-4.55788
-4.55788
-4.55788
-4.55788
-4.55788
-4.55788
-4.55788
-4.55788
-4.55788
-5.24087
-4.55788
-4.55788
-4.55788
-4.55788
-4.55788
-5.24087
-4.55788
-4.55788
-4.55788
-4.55788
-4.55788
-4.55788
-4.55788
-4.55788
-4.55788
-4.55788
-4.55788
-4.55788
-4.55788
-4.55788
-4.55788
-4.55788
-4.55788
-4.55788
-4.55788
-4.55788
-4.55788
-4.55788
-4.55788
-4.55788
-4.55788
-4.55788
-4.55788
-4.55788
-4.55788
-4.55788
-4.55788
-4.55788
-4.55788
-4.55788
-5.24087
-4.55788
-4.55788
-4.55788
-4.55788
-4.55788
-4.55788
-4.55788
-4.55788
-5.24087
-5.24087
-4.55788
-4.55788
-4.55788
-5.24087
-4.55788
-4.55788
-4.55788
-4.55788
-4.55788
-4.55788
-4.55788
-4.55788
-5.24087
-4.55788
-4.55788
-4.55788
-4.55788
-4.55788
-4.55788
-4.55788
-4.55788
-4.55788
-4.55788
-4.55788
-4.55788
-4.55788
-4.55788
-4.55788
-4.55788
-4.55788
-4.55788
-4.55788
-4.55788
-4.55788
-5.24087
-4.55788
-5.24087
-4.55788
-4.55788
-4.55788
-4.55788
-4.55788
-4.55788
-4.55788
-4.55788
-4.55788
-5.24087
-4.55788
-4.55788
-4.55788
-4.55788
-4.55788
-4.55788
-4.55788
-4.55788
-4.55788
-4.55788
-4.55788
-4.55788
-4.55788
-4.55788
-4.55788
-4.55788
-4.55788
-4.55788
-4.55788
-4.55788
-5.24087
-4.55788
-5.24087
-5.24087
-4.55788
-4.55788
-4.55788
-4.55788
-4.55788
-4.55788
-4.55788
-4.55788
-4.55788
-4.55788
-4.55788
-4.55788
-4.55788
-4.55788
-4.55788
-4.55788
-4.55788
-4.55788
-5.24087
-4.55788
-5.24087
-5.24087
-4.55788
-5.24087
-4.55788
-4.55788
-4.55788
-4.55788
-4.55788
-4.55788
-4.55788
-5.24087
-4.55788
-4.55788
-4.55788
-4.55788
-4.55788
-5.24087
-4.55788
-4.55788
-4.55788
-4.55788
-4.55788
-4.55788
-4.55788
-4.55788
-4.55788
-4.55788
-4.55788
-4.55788
-4.55788
-4.55788
-4.55788
-5.24087
-4.55788
-4.55788
-5.24087
-5.24087
-4.55788
-4.55788
-4.55788
-4.55788
-4.55788
-4.55788
-4.55788
-4.55788
-4.55788
-4.55788
-4.55788
-4.55788
-4.55788
-4.55788
-5.24087
-4.55788
-4.55788
-5.24087
-4.55788
-4.55788
-5.24087
-4.55788
-4.55788
-4.55788
-4.55788
-4.55788
-4.55788
-4.55788
-4.55788
-5.24087
-4.55788
-4.55788
-4.55788
-4.55788
-4.55788
-4.55788
-4.55788
-4.55788
-4.55788
-5.24087
-4.55788
-4.55788
-4.55788
-4.55788
-4.55788
-4.55788
-4.55788
-4.55788
-4.55788
-4.55788
-4.55788
-4.55788
-4.55788
-4.55788
-4.55788
-4.55788
-4.55788
-5.24087
-4.55788
-4.55788
-4.55788
-4.55788
-4.55788
-4.55788
-4.55788
-4.55788
-4.55788
-4.55788
-4.55788
-4.55788
-4.55788
-4.55788
-4.55788
-4.55788
-4.55788
-4.55788
-4.55788
-4.55788
-4.55788
-4.55788
-4.55788
-4.55788
-4.55788
-4.55788
-4.55788
-4.55788
-4.55788
-4.55788
-4.55788
-4.55788
-4.55788
-4.55788
-4.55788
-4.55788
-4.55788
-4.55788
-4.55788
-5.24087
-4.55788
-4.55788
-4.55788
-4.55788
-4.55788
-4.55788
-4.55788
-4.55788
-4.55788
-4.55788
-4.55788
-4.55788
-5.24087
-4.55788
-5.24087
-4.55788
-4.55788
-4.55788
-5.24087
-4.55788
-4.55788
-4.55788
-4.55788
-4.55788
-4.55788
-4.55788
-4.55788
-4.55788
-4.55788
-5.24087
-4.55788
-4.55788
-4.55788
-4.55788
-4.55788
-5.24087
-4.55788
-4.55788
-4.55788
-4.55788
-4.55788
-4.55788
-4.55788
-4.55788
-4.55788
-4.55788
-4.55788
-4.55788
-4.55788
-4.55788
-4.55788
-4.55788
-4.55788
-4.55788
-4.55788
-4.55788
-4.55788
-4.55788
-5.24087
-4.55788
-4.55788
-4.55788
-4.55788
-4.55788
-4.55788
-4.55788
-5.24087
-4.55788
-4.55788
-4.55788
-4.55788
-4.55788
-4.55788
-4.55788
-4.55788
-4.55788
-4.55788
-4.55788
-4.55788
-4.55788
-4.55788
-5.24087
-4.55788
-5.24087
-4.55788
-4.55788
-4.55788
-4.55788
-4.55788
-4.55788
-4.55788
-4.55788
-4.55788
-4.55788
-4.55788
-5.24087
-4.55788
-4.55788
-4.55788
-4.55788
-4.55788
-4.55788
-4.55788
-4.55788
-5.24087
-4.55788
-4.55788
-4.55788
-4.55788
-4.55788
-4.55788
-4.55788
-4.55788
-4.55788
-5.24087
-5.24087
-4.55788
-4.55788
-4.55788
-4.55788
-4.55788
-4.55788
-4.55788
-4.55788
-4.55788
-4.55788
-4.55788
-4.55788
-4.55788
-5.24087
-4.55788
-4.55788
-4.55788
-4.55788
-5.24087
-4.55788
-4.55788
-4.55788
-4.55788
-4.55788
-4.55788
-4.55788
-5.24087
-4.55788
-4.55788
-4.55788
-4.55788
-4.55788
-4.55788
-4.55788
-4.55788
-4.55788
-4.55788
-4.55788
-4.55788
-5.24087
-5.24087
-5.24087
-4.55788
-4.55788
-5.24087
-4.55788
-4.55788
-4.55788
-5.24087
-4.55788
-4.55788
-4.55788
-4.55788
-4.55788
-4.55788
-4.55788
-4.55788
-4.55788
-4.55788
-4.55788
-4.55788
-4.55788
-4.55788
-4.55788
-4.55788
-4.55788
-4.55788
-4.55788
-4.55788
-4.55788
-4.55788
-4.55788
-4.55788
-4.55788
-4.55788
-4.55788
-4.55788
-4.55788
-4.55788
-4.55788
-5.24087
-4.55788
-4.55788
-4.55788
-5.24087
-4.55788
-4.55788
-4.55788
-4.55788
-4.55788
-5.24087
-4.55788
-4.55788
-4.55788
-4.55788
-4.55788
-5.24087
-4.55788
-4.55788
-4.55788
-4.55788
-4.55788
-4.55788
-4.55788
-5.24087
-4.55788
-4.55788
-4.55788
-5.24087
-4.55788
-4.55788
-4.55788
-4.55788
-4.55788
-4.55788
-4.55788
-4.55788
-4.55788
-4.55788
-4.55788
-4.55788
-4.55788
-4.55788
-5.24087
-4.55788
-4.55788
-4.55788
-4.55788
-4.55788
-4.55788
-4.55788
-4.55788
-5.24087
-4.55788
-5.24087
-4.55788
-4.55788
-4.55788
-4.55788
-5.24087
-4.55788
-4.55788
-4.55788
-4.55788
-4.55788
-4.55788
-4.55788
-4.55788
-4.55788
-4.55788
-4.55788
-4.55788
-4.55788
-4.55788
-4.55788
-4.55788
-5.24087
-4.55788
-4.55788
-5.24087
-4.55788
-4.55788
-4.55788
-5.24087
-4.55788
-4.55788
-5.24087
-5.24087
-5.24087
-4.55788
-4.55788
-4.55788
-4.55788
-4.55788
-5.24087
-4.55788
-4.55788
-4.55788
-4.55788
-4.55788
-5.24087
-5.24087
-4.55788
-4.55788
-4.55788
-4.55788
-4.55788
-4.55788
-4.55788
-4.55788
-5.24087
-5.24087
-4.55788
-4.55788
-4.55788
-4.55788
-4.55788
-4.55788
-4.55788
-4.55788
-4.55788
-4.55788
-4.55788
-4.55788
-4.55788
-4.55788
-4.55788
-4.55788
-4.55788
-4.55788
-4.55788
-4.55788
-4.55788
-4.55788
-4.55788
-4.55788
-4.55788
-4.55788
-4.55788
-4.55788
-5.24087
-4.55788
-4.55788
-4.55788
-4.55788
-4.55788
-4.55788
-4.55788
-4.55788
-4.55788
-4.55788
-4.55788
-4.55788
-4.55788
-4.55788
-4.55788
-4.55788
-4.55788
-5.24087
-4.55788
-4.55788
-4.55788
-4.55788
-4.55788
-4.55788
-4.55788
-4.55788
-4.55788
-4.55788
-4.55788
-4.55788
-4.55788
-4.55788
-4.55788
-4.55788
-4.55788
-4.55788
-4.55788
-4.55788
-4.55788
-4.55788
-4.55788
-4.55788
-4.55788
-4.55788
-4.55788
-4.55788
-5.24087
-4.55788
-4.55788
-4.55788
-4.55788
-4.55788
-4.55788
-5.24087
-4.55788
-4.55788
-4.55788
-4.55788
-5.24087
-4.55788
-4.55788
-4.55788
-4.55788
-4.55788
-4.55788
-4.55788
-4.55788
-4.55788
-5.24087
-4.55788
-4.55788
-4.55788
-4.55788
-4.55788
-4.55788
-5.24087
-4.55788
-4.55788
-4.55788
-5.24087
-4.55788
-4.55788
-4.55788
-4.55788
-4.55788
-4.55788
-4.55788
-4.55788
-4.55788
-4.55788
-4.55788
-4.55788
-4.55788
-4.55788
-5.24087
-4.55788
-5.24087
-4.55788
-5.24087
-4.55788
-4.55788
-4.55788
-4.55788
-5.24087
-4.55788
-4.55788
-5.24087
-4.55788
-4.55788
-4.55788
-4.55788
-4.55788
-4.55788
-4.55788
-4.55788
-4.55788
-4.55788
-4.55788
-4.55788
-4.55788
-4.55788
-5.24087
-4.55788
-4.55788
-5.24087
-4.55788
-4.55788
-4.55788
-4.55788
-4.55788
-4.55788
-5.24087
-4.55788
-4.55788
-4.55788
-4.55788
-4.55788
-4.55788
-4.55788
-4.55788
-4.55788
-4.55788
-4.55788
-5.24087
-4.55788
-4.55788
-4.55788
-4.55788
-5.24087
-4.55788
-5.24087
-4.55788
-4.55788
-4.55788
-4.55788
-4.55788
-4.55788
-4.55788
-4.55788
-4.55788
-4.55788
-4.55788
-4.55788
-4.55788
-4.55788
-4.55788
-4.55788
-4.55788
-4.55788
-4.55788
-4.55788
-4.55788
-4.55788
-5.24087
-4.55788
-4.55788
-4.55788
-4.55788
-4.55788
-4.55788
-4.55788
-4.55788
-4.55788
-5.24087
-4.55788
-5.24087
-4.55788
-4.55788
-5.24087
-4.55788
-4.55788
-4.55788
-4.55788
-4.55788
-4.55788
-4.55788
-4.55788
-4.55788
-4.55788
-4.55788
-4.55788
-4.55788
-4.55788
-5.24087
-4.55788
-5.24087
-4.55788
-4.55788
-5.24087
-4.55788
-4.55788
-5.24087
-4.55788
-4.55788
-4.55788
-4.55788
-4.55788
-4.55788
-4.55788
-4.55788
-4.55788
-4.55788
-4.55788
-4.55788
-4.55788
-5.24087
-4.55788
-4.55788
-4.55788
-4.55788
-5.24087
-4.55788
-4.55788
-4.55788
-4.55788
-5.24087
-4.55788
-4.55788
-4.55788
-4.55788
-4.55788
-4.55788
-5.24087
-4.55788
-5.24087
-5.24087
-4.55788
-4.55788
-4.55788
-4.55788
-4.55788
-4.55788
-4.55788
-5.24087
-4.55788
-4.55788
-4.55788
-4.55788
-4.55788
-4.55788
-5.24087
-4.55788
-4.55788
-4.55788
-4.55788
-4.55788
-4.55788
-4.55788
-4.55788
-4.55788
-4.55788
-4.55788
-4.55788
-4.55788
-4.55788
-4.55788
-4.55788
-4.55788
-4.55788
-4.55788
-4.55788
-4.55788
-4.55788
-5.24087
-4.55788
-4.55788
-4.55788
-4.55788
-4.55788
-4.55788
-4.55788
-4.55788
-4.55788
-4.55788
-4.55788
-4.55788
-4.55788
-4.55788
-5.24087
-4.55788
-4.55788
-4.55788
-4.55788
-4.55788
-4.55788
-4.55788
-4.55788
-5.24087
-4.55788
-4.55788
-5.24087
-4.55788
-4.55788
-4.55788
-4.55788
-5.24087
-4.55788
-4.55788
-4.55788
-5.24087
-4.55788
-4.55788
-4.55788
-4.55788
-4.55788
-4.55788
-4.55788
-4.55788
-4.55788
-4.55788
-4.55788
-4.55788
-4.55788
-4.55788
-4.55788
-4.55788
-4.55788
-4.55788
-4.55788
-4.55788
-4.55788
-4.55788
-4.55788
-4.55788
-4.55788
-4.55788
-4.55788
-4.55788
-5.24087
-5.24087
-4.55788
-4.55788
-5.24087
-4.55788
-4.55788
-4.55788
-4.55788
-4.55788
-4.55788
-4.55788
-4.55788
-4.55788
-4.55788
-5.24087
-4.55788
-4.55788
-4.55788
-5.24087
-4.55788
-4.55788
-4.55788
-4.55788
-4.55788
-4.55788
-4.55788
-4.55788
-4.55788
-4.55788
-4.55788
-4.55788
-4.55788
-4.55788
-4.55788
-4.55788
-5.24087
-4.55788
-4.55788
-4.55788
-5.24087
-4.55788
-5.24087
-4.55788
-4.55788
-5.24087
-4.55788
-4.55788
-4.55788
-4.55788
-4.55788
-4.55788
-4.55788
-4.55788
-4.55788
-4.55788
-5.24087
-4.55788
-4.55788
-5.24087
-4.55788
-4.55788
-4.55788
-4.55788
-4.55788
-5.24087
-5.24087
-5.24087
-4.55788
-4.55788
-4.55788
-4.55788
-4.55788
-4.55788
-4.55788
-4.55788
-4.55788
-4.55788
-4.55788
-4.55788
-4.55788
-4.55788
-4.55788
-4.55788
-5.24087
-4.55788
-5.24087
-4.55788
-5.24087
-4.55788
-4.55788
-4.55788
-4.55788
-4.55788
-5.24087
-5.24087
-5.24087
-4.55788
-4.55788
-4.55788
-4.55788
-4.55788
-4.55788
-4.55788
-4.55788
-4.55788
-4.55788
-4.55788
-4.55788
-4.55788
-4.55788
-4.55788
-4.55788
-4.55788
-4.55788
-4.55788
-4.55788
-4.55788
-4.55788
-4.55788
-4.55788
-4.55788
-4.55788
-4.55788
-4.55788
-4.55788
-4.55788
-5.24087
-5.24087
-4.55788
-4.55788
-5.24087
-4.55788
-4.55788
-4.55788
-4.55788
-4.55788
-4.55788
-5.24087
-4.55788
-4.55788
-4.55788
-5.24087
-4.55788
-4.55788
-4.55788
-4.55788
-4.55788
-4.55788
-4.55788
-4.55788
-4.55788
-4.55788
-4.55788
-4.55788
-4.55788
-4.55788
-4.55788
-4.55788
-4.55788
-4.55788
-4.55788
-4.55788
-4.55788
-4.55788
-4.55788
-4.55788
-4.55788
-4.55788
-4.55788
-4.55788
-4.55788
-4.55788
-5.24087
-4.55788
-4.55788
-4.55788
-4.55788
-4.55788
-4.55788
-4.55788
-4.55788
-4.55788
-4.55788
-4.55788
-4.55788
-4.55788
-4.55788
-4.55788
-4.55788
-4.55788
-4.55788
-4.55788
-4.55788
-5.24087
-4.55788
-4.55788
-5.24087
-4.55788
-5.24087
-4.55788
-4.55788
-4.55788
-4.55788
-4.55788
-4.55788
-4.55788
-5.24087
-4.55788
-4.55788
-4.55788
-4.55788
-4.55788
-4.55788
-4.55788
-4.55788
-4.55788
-4.55788
-4.55788
-4.55788
-5.24087
-4.55788
-4.55788
-4.55788
-4.55788
-4.55788
-4.55788
-4.55788
-4.55788
-4.55788
-4.55788
-4.55788
-4.55788
-4.55788
-4.55788
-4.55788
-4.55788
-4.55788
-4.55788
-4.55788
-4.55788
-4.55788
-4.55788
-4.55788
-4.55788
-4.55788
-4.55788
-4.55788
-4.55788
-4.55788
-4.55788
-4.55788
-4.55788
-4.55788
-4.55788
-4.55788
-4.55788
-5.24087
-4.55788
-4.55788
-4.55788
-4.55788
-4.55788
-4.55788
-4.55788
-4.55788
-4.55788
-4.55788
-5.24087
-4.55788
-4.55788
-4.55788
-4.55788
-4.55788
-4.55788
-4.55788
-5.24087
-4.55788
-4.55788
-4.55788
-5.24087
-4.55788
-4.55788
-4.55788
-4.55788
-4.55788
-4.55788
-4.55788
-5.24087
-4.55788
-4.55788
-5.24087
-4.55788
-4.55788
-5.24087
-4.55788
-5.24087
-4.55788
-4.55788
-4.55788
-4.55788
-4.55788
-5.24087
-4.55788
-4.55788
-4.55788
-5.24087
-4.55788
-4.55788
-4.55788
-4.55788
-4.55788
-4.55788
-4.55788
-4.55788
-4.55788
-4.55788
-4.55788
-4.55788
-4.55788
-4.55788
-4.55788
-4.55788
-4.55788
-4.55788
-4.55788
-4.55788
-4.55788
-4.55788
-4.55788
-4.55788
-5.24087
-4.55788
-4.55788
-4.55788
-4.55788
-4.55788
-4.55788
-4.55788
-4.55788
-4.55788
-4.55788
-4.55788
-4.55788
-4.55788
-5.24087
-4.55788
-4.55788
-4.55788
-4.55788
-4.55788
-5.24087
-4.55788
-4.55788
-4.55788
-4.55788
-4.55788
-5.24087
-4.55788
-5.24087
-4.55788
-4.55788
-4.55788
-4.55788
-5.24087
-5.24087
-4.55788
-4.55788
-4.55788
-4.55788
-5.24087
-4.55788
-4.55788
-4.55788
-5.24087
-5.24087
-4.55788
-4.55788
-5.24087
-4.55788
-4.55788
-5.24087
-4.55788
-4.55788
-4.55788
-4.55788
-4.55788
-4.55788
-4.55788
-4.55788
-5.24087
-4.55788
-4.55788
-4.55788
-4.55788
-4.55788
-4.55788
-4.55788
-4.55788
-4.55788
-4.55788
-4.55788
-4.55788
-4.55788
-4.55788
-5.24087
-4.55788
-4.55788
-4.55788
-4.55788
-4.55788
-4.55788
-4.55788
-4.55788
-5.24087
-4.55788
-4.55788
-4.55788
-4.55788
-4.55788
-5.24087
-5.24087
-4.55788
-4.55788
-4.55788
-4.55788
-4.55788
-4.55788
-4.55788
-5.24087
-4.55788
-4.55788
-4.55788
-5.24087
-4.55788
-4.55788
-4.55788
-4.55788
-4.55788
-4.55788
-4.55788
-4.55788
-5.24087
-4.55788
-4.55788
-4.55788
-4.55788
-4.55788
-4.55788
-4.55788
-4.55788
-4.55788
-4.55788
-4.55788
-4.55788
-4.55788
-4.55788
-4.55788
-4.55788
-5.24087
-4.55788
-4.55788
-4.55788
-5.24087
-4.55788
-5.24087
-4.55788
-4.55788
-4.55788
-4.55788
-4.55788
-4.55788
-4.55788
-4.55788
-5.24087
-4.55788
-4.55788
-4.55788
-4.55788
-4.55788
-5.24087
-4.55788
-4.55788
-4.55788
-4.55788
-4.55788
-4.55788
-4.55788
-4.55788
-4.55788
-4.55788
-5.24087
-5.24087
-4.55788
-5.24087
-4.55788
-4.55788
-4.55788
-4.55788
-4.55788
-4.55788
-4.55788
-4.55788
-4.55788
-5.24087
-4.55788
-4.55788
-4.55788
-4.55788
-4.55788
-4.55788
-4.55788
-4.55788
-4.55788
-4.55788
-4.55788
-4.55788
-5.24087
-4.55788
-4.55788
-4.55788
-4.55788
-5.24087
-4.55788
-4.55788
-4.55788
-4.55788
-4.55788
-4.55788
-4.55788
-4.55788
-4.55788
-5.24087
-4.55788
-4.55788
-4.55788
-4.55788
-4.55788
-4.55788
-4.55788
-4.55788
-4.55788
-4.55788
-5.24087
-5.24087
-4.55788
-4.55788
-4.55788
-4.55788
-4.55788
-4.55788
-5.24087
-4.55788
-4.55788
-4.55788
-4.55788
-4.55788
-4.55788
-4.55788
-4.55788
-4.55788
-4.55788
-4.55788
-4.55788
-4.55788
-4.55788
-4.55788
-4.55788
-5.24087
-4.55788
-4.55788
-5.24087
-4.55788
-5.24087
-5.24087
-4.55788
-4.55788
-4.55788
-4.55788
-4.55788
-4.55788
-4.55788
-4.55788
-4.55788
-4.55788
-4.55788
-5.24087
-4.55788
-4.55788
-4.55788
-4.55788
-4.55788
-4.55788
-5.24087
-4.55788
-4.55788
-4.55788
-4.55788
-4.55788
-4.55788
-4.55788
-4.55788
-4.55788
-4.55788
-4.55788
-4.55788
-4.55788
-4.55788
-4.55788
-4.55788
-4.55788
-4.55788
-4.55788
-4.55788
-4.55788
-4.55788
-4.55788
-4.55788
-4.55788
-4.55788
-4.55788
-4.55788
-4.55788
-4.55788
-4.55788
-4.55788
-5.24087
-4.55788
-4.55788
-4.55788
-4.55788
-4.55788
-4.55788
-4.55788
-4.55788
-4.55788
-4.55788
-5.24087
-4.55788
-4.55788
-4.55788
-4.55788
-4.55788
-4.55788
-4.55788
-4.55788
-4.55788
-5.24087
-4.55788
-4.55788
-4.55788
-4.55788
-4.55788
-4.55788
-4.55788
-4.55788
-4.55788
-4.55788
-4.55788
-4.55788
-4.55788
-4.55788
-4.55788
-4.55788
-4.55788
-4.55788
-4.55788
-5.24087
-4.55788
-5.24087
-5.24087
-4.55788
-5.24087
-4.55788
-4.55788
-4.55788
-4.55788
-4.55788
-4.55788
-4.55788
-4.55788
-4.55788
-4.55788
-4.55788
-4.55788
-4.55788
-4.55788
-5.24087
-4.55788
-4.55788
-4.55788
-4.55788
-4.55788
-4.55788
-4.55788
-4.55788
-4.55788
-4.55788
-4.55788
-5.24087
-4.55788
-4.55788
-4.55788
-4.55788
-4.55788
-4.55788
-4.55788
-4.55788
-5.24087
-4.55788
-4.55788
-4.55788
-4.55788
-4.55788
-4.55788
-5.24087
-4.55788
-4.55788
-5.24087
-4.55788
-5.24087
-4.55788
-4.55788
-4.55788
-4.55788
-4.55788
-4.55788
-4.55788
-4.55788
-4.55788
-4.55788
-4.55788
-5.24087
-4.55788
-4.55788
-4.55788
-4.55788
-4.55788
-4.55788
-4.55788
-4.55788
-5.24087
-4.55788
-4.55788
-4.55788
-4.55788
-4.55788
-4.55788
-4.55788
-4.55788
-4.55788
-4.55788
-4.55788
-5.24087
-5.24087
-4.55788
-4.55788
-4.55788
-4.55788
-4.55788
-4.55788
-4.55788
-4.55788
-4.55788
-4.55788
-4.55788
-4.55788
-4.55788
-4.55788
-4.55788
-4.55788
-5.24087
-4.55788
-5.24087
-5.24087
-4.55788
-4.55788
-4.55788
-4.55788
-4.55788
-4.55788
-4.55788
-4.55788
-4.55788
-4.55788
-4.55788
-4.55788
-5.24087
-4.55788
-4.55788
-4.55788
-4.55788
-4.55788
-5.24087
-4.55788
-4.55788
-5.24087
-4.55788
-4.55788
-5.24087
-4.55788
-4.55788
-4.55788
-4.55788
-5.24087
-4.55788
-4.55788
-4.55788
-4.55788
-5.24087
-5.24087
-4.55788
-4.55788
-4.55788
-4.55788
-4.55788
-5.24087
-4.55788
-4.55788
-4.55788
-4.55788
-4.55788
-4.55788
-4.55788
-4.55788
-4.55788
-4.55788
-4.55788
-4.55788
-4.55788
-4.55788
-4.55788
-4.55788
-4.55788
-4.55788
-4.55788
-4.55788
-4.55788
-4.55788
-4.55788
-4.55788
-4.55788
-5.24087
-4.55788
-4.55788
-4.55788
-5.24087
-5.24087
-4.55788
-4.55788
-4.55788
-5.24087
-4.55788
-4.55788
-5.24087
-4.55788
-4.55788
-4.55788
-4.55788
-4.55788
-4.55788
-5.24087
-4.55788
-4.55788
-4.55788
-4.55788
-4.55788
-4.55788
-4.55788
-4.55788
-5.24087
-4.55788
-4.55788
-4.55788
-4.55788
-4.55788
-4.55788
-4.55788
-4.55788
-4.55788
-5.24087
-4.55788
-4.55788
-4.55788
-4.55788
-4.55788
-4.55788
-4.55788
-5.24087
-5.24087
-4.55788
-4.55788
-4.55788
-4.55788
-4.55788
-4.55788
-4.55788
-4.55788
-4.55788
-4.55788
-4.55788
-4.55788
-4.55788
-4.55788
-4.55788
-4.55788
-4.55788
-5.24087
-4.55788
-5.24087
-4.55788
-4.55788
-4.55788
-4.55788
-4.55788
-4.55788
-4.55788
-4.55788
-4.55788
-4.55788
-4.55788
-4.55788
-4.55788
-4.55788
-4.55788
-4.55788
-4.55788
-4.55788
-4.55788
-4.55788
-4.55788
-4.55788
-4.55788
-4.55788
-4.55788
-4.55788
-4.55788
-4.55788
-4.55788
-4.55788
-4.55788
-4.55788
-4.55788
-4.55788
-4.55788
-4.55788
-4.55788
-4.55788
-4.55788
-4.55788
-4.55788
-4.55788
-4.55788
-4.55788
-4.55788
-4.55788
-4.55788
-4.55788
-4.55788
-5.24087
-4.55788
-4.55788
-4.55788
-4.55788
-4.55788
-5.24087
-4.55788
-4.55788
-4.55788
-4.55788
-4.55788
-4.55788
-4.55788
-4.55788
-4.55788
-4.55788
-4.55788
-4.55788
-4.55788
-4.55788
-4.55788
-4.55788
-4.55788
-4.55788
-4.55788
-4.55788
-4.55788
-5.24087
-4.55788
-4.55788
-4.55788
-4.55788
-4.55788
-4.55788
-4.55788
-4.55788
-4.55788
-4.55788
-4.55788
-4.55788
-4.55788
-4.55788
-4.55788
-4.55788
-5.24087
-4.55788
-4.55788
-4.55788
-4.55788
-4.55788
-4.55788
-4.55788
-4.55788
-4.55788
-4.55788
-4.55788
-4.55788
-4.55788
-5.24087
-4.55788
-5.24087
-4.55788
-4.55788
-4.55788
-4.55788
-4.55788
-4.55788
-4.55788
-4.55788
-4.55788
-4.55788
-4.55788
-5.24087
-4.55788
-4.55788
-4.55788
-5.24087
-4.55788
-4.55788
-4.55788
-4.55788
-4.55788
-4.55788
-4.55788
-4.55788
-4.55788
-4.55788
-4.55788
-4.55788
-5.24087
-4.55788
-4.55788
-4.55788
-4.55788
-4.55788
-4.55788
-4.55788
-4.55788
-4.55788
-4.55788
-4.55788
-4.55788
-4.55788
-4.55788
-4.55788
-5.24087
-4.55788
-4.55788
-4.55788
-4.55788
-4.55788
-4.55788
-4.55788
-4.55788
-4.55788
-4.55788
-4.55788
-4.55788
-4.55788
-4.55788
-4.55788
-4.55788
-4.55788
-4.55788
-4.55788
-4.55788
-4.55788
-4.55788
-4.55788
-4.55788
-4.55788
-5.24087
-4.55788
-4.55788
-4.55788
-4.55788
-4.55788
-4.55788
-4.55788
-4.55788
-4.55788
-4.55788
-4.55788
-4.55788
-4.55788
-4.55788
-5.24087
-4.55788
-5.24087
-4.55788
-4.55788
-4.55788
-4.55788
-4.55788
-4.55788
-4.55788
-4.55788
-4.55788
-5.24087
-4.55788
-5.24087
-4.55788
-4.55788
-4.55788
-4.55788
-4.55788
-4.55788
-4.55788
-4.55788
-4.55788
-4.55788
-4.55788
-4.55788
-4.55788
-5.24087
-4.55788
-4.55788
-4.55788
-4.55788
-4.55788
-5.24087
-4.55788
-4.55788
-4.55788
-4.55788
-4.55788
-5.24087
-4.55788
-4.55788
-4.55788
-4.55788
-4.55788
-4.55788
-4.55788
-4.55788
-4.55788
-4.55788
-4.55788
-4.55788
-4.55788
-4.55788
-4.55788
-5.24087
-4.55788
-4.55788
-4.55788
-4.55788
-4.55788
-4.55788
-4.55788
-4.55788
-4.55788
-5.24087
-4.55788
-4.55788
-5.24087
-4.55788
-4.55788
-4.55788
-4.55788
-4.55788
-4.55788
-4.55788
-4.55788
-4.55788
-5.24087
-4.55788
-4.55788
-4.55788
-4.55788
-4.55788
-4.55788
-4.55788
-4.55788
-4.55788
-4.55788
-4.55788
-4.55788
-5.24087
-4.55788
-4.55788
-4.55788
-4.55788
-4.55788
-4.55788
-4.55788
-4.55788
-4.55788
-4.55788
-4.55788
-5.24087
-4.55788
-5.24087
-4.55788
-5.24087
-4.55788
-4.55788
-4.55788
-4.55788
-5.24087
-4.55788
-4.55788
-4.55788
-4.55788
-4.55788
-4.55788
-4.55788
-4.55788
-4.55788
-4.55788
-4.55788
-4.55788
-4.55788
-4.55788
-4.55788
-4.55788
-4.55788
-4.55788
-4.55788
-4.55788
-4.55788
-4.55788
-4.55788
-5.24087
-4.55788
-4.55788
-5.24087
-4.55788
-4.55788
-4.55788
-5.24087
-4.55788
-4.55788
-4.55788
-4.55788
-4.55788
-4.55788
-4.55788
-4.55788
-5.24087
-4.55788
-4.55788
-4.55788
-4.55788
-4.55788
-4.55788
-4.55788
-4.55788
-4.55788
-4.55788
-4.55788
-4.55788
-4.55788
-4.55788
-4.55788
-4.55788
-4.55788
-4.55788
-4.55788
-5.24087
-4.55788
-4.55788
-4.55788
-4.55788
-5.24087
-4.55788
-4.55788
-4.55788
-4.55788
-4.55788
-4.55788
-4.55788
-4.55788
-4.55788
-4.55788
-4.55788
-4.55788
-4.55788
-4.55788
-5.24087
-4.55788
-4.55788
-4.55788
-5.24087
-5.24087
-5.24087
-5.24087
-4.55788
-4.55788
-4.55788
-4.55788
-4.55788
-4.55788
-4.55788
-4.55788
-4.55788
-4.55788
-4.55788
-4.55788
-4.55788
-4.55788
-4.55788
-4.55788
-5.24087
-4.55788
-4.55788
-4.55788
-4.55788
-4.55788
-4.55788
-4.55788
-4.55788
-4.55788
-4.55788
-4.55788
-5.24087
-5.24087
-4.55788
-4.55788
-4.55788
-4.55788
-4.55788
-4.55788
-4.55788
-4.55788
-4.55788
-5.24087
-4.55788
-4.55788
-4.55788
-4.55788
-4.55788
-4.55788
-4.55788
-4.55788
-5.24087
-4.55788
-4.55788
-4.55788
-4.55788
-4.55788
-4.55788
-4.55788
-4.55788
-5.24087
-4.55788
-4.55788
-4.55788
-4.55788
-4.55788
-4.55788
-4.55788
-4.55788
-5.24087
-4.55788
-4.55788
-4.55788
-4.55788
-4.55788
-4.55788
-4.55788
-4.55788
-4.55788
-4.55788
-4.55788
-4.55788
-4.55788
-4.55788
-4.55788
-4.55788
-4.55788
-4.55788
-4.55788
-4.55788
-4.55788
-4.55788
-4.55788
-4.55788
-4.55788
-4.55788
-4.55788
-4.55788
-4.55788
-4.55788
-4.55788
-5.24087
-4.55788
-4.55788
-4.55788
-5.24087
-4.55788
-4.55788
-4.55788
-4.55788
-4.55788
-5.24087
-4.55788
-4.55788
-5.24087
-4.55788
-4.55788
-4.55788
-4.55788
-4.55788
-4.55788
-5.24087
-4.55788
-5.24087
-4.55788
-4.55788
-4.55788
-4.55788
-5.24087
-4.55788
-5.24087
-5.24087
-4.55788
-4.55788
-4.55788
-4.55788
-4.55788
-4.55788
-4.55788
-4.55788
-4.55788
-4.55788
-5.24087
-4.55788
-5.24087
-4.55788
-4.55788
-4.55788
-4.55788
-4.55788
-4.55788
-4.55788
-4.55788
-4.55788
-4.55788
-4.55788
-4.55788
-5.24087
-4.55788
-4.55788
-4.55788
-4.55788
-4.55788
-4.55788
-4.55788
-4.55788
-4.55788
-4.55788
-4.55788
-4.55788
-4.55788
-4.55788
-5.24087
-4.55788
-5.24087
-4.55788
-4.55788
-5.24087
-4.55788
-4.55788
-4.55788
-4.55788
-4.55788
-4.55788
-4.55788
-4.55788
-5.24087
-4.55788
-4.55788
-4.55788
-4.55788
-4.55788
-4.55788
-4.55788
-4.55788
-4.55788
-5.24087
-4.55788
-4.55788
-4.55788
-4.55788
-4.55788
-4.55788
-4.55788
-4.55788
-4.55788
-4.55788
-4.55788
-4.55788
-4.55788
-4.55788
-4.55788
-4.55788
-4.55788
-4.55788
-4.55788
-4.55788
-4.55788
-4.55788
-4.55788
-5.24087
-4.55788
-4.55788
-4.55788
-5.24087
-4.55788
-4.55788
-4.55788
-4.55788
-4.55788
-5.24087
-4.55788
-4.55788
-4.55788
-4.55788
-4.55788
-4.55788
-5.24087
-4.55788
-4.55788
-4.55788
-4.55788
-4.55788
-4.55788
-5.24087
-4.55788
-4.55788
-4.55788
-4.55788
-4.55788
-4.55788
-4.55788
-4.55788
-4.55788
-4.55788
-5.24087
-4.55788
-4.55788
-4.55788
-4.55788
-4.55788
-4.55788
-4.55788
-4.55788
-4.55788
-4.55788
-4.55788
-4.55788
-4.55788
-4.55788
-4.55788
-4.55788
-4.55788
-4.55788
-4.55788
-4.55788
-4.55788
-4.55788
-4.55788
-5.24087
-4.55788
-4.55788
-4.55788
-4.55788
-5.24087
-5.24087
-4.55788
-5.24087
-4.55788
-4.55788
-5.24087
-4.55788
-4.55788
-4.55788
-4.55788
-4.55788
-4.55788
-4.55788
-4.55788
-4.55788
-4.55788
-5.24087
-4.55788
-4.55788
-4.55788
-4.55788
-5.24087
-4.55788
-4.55788
-4.55788
-5.24087
-4.55788
-4.55788
-4.55788
-4.55788
-4.55788
-4.55788
-4.55788
-4.55788
-4.55788
-4.55788
-4.55788
-4.55788
-5.24087
-5.24087
-5.24087
-4.55788
-4.55788
-4.55788
-5.24087
-4.55788
-5.24087
-4.55788
-4.55788
-4.55788
-5.24087
-4.55788
-4.55788
-4.55788
-4.55788
-4.55788
-4.55788
-4.55788
-4.55788
-4.55788
-4.55788
-4.55788
-5.24087
-4.55788
-4.55788
-5.24087
-4.55788
-4.55788
-4.55788
-5.24087
-4.55788
-5.24087
-4.55788
-4.55788
-4.55788
-4.55788
-4.55788
-4.55788
-5.24087
-4.55788
-5.24087
-4.55788
-4.55788
-4.55788
-4.55788
-4.55788
-4.55788
-5.24087
-4.55788
-4.55788
-4.55788
-4.55788
-4.55788
-5.24087
-4.55788
-4.55788
-4.55788
-4.55788
-4.55788
-4.55788
-4.55788
-4.55788
-4.55788
-4.55788
-4.55788
-4.55788
-4.55788
-4.55788
-4.55788
-4.55788
-4.55788
-4.55788
-4.55788
-4.55788
-4.55788
-4.55788
-5.24087
-4.55788
-4.55788
-4.55788
-4.55788
-4.55788
-4.55788
-4.55788
-4.55788
-4.55788
-4.55788
-4.55788
-4.55788
-4.55788
-4.55788
-4.55788
-5.24087
-4.55788
-4.55788
-4.55788
-5.24087
-4.55788
-4.55788
-4.55788
-4.55788
-4.55788
-4.55788
-4.55788
-4.55788
-5.24087
-5.24087
-4.55788
-4.55788
-4.55788
-4.55788
-4.55788
-5.24087
-4.55788
-4.55788
-4.55788
-4.55788
-4.55788
-5.24087
-4.55788
-4.55788
-4.55788
-4.55788
-4.55788
-4.55788
-5.24087
-5.24087
-4.55788
-4.55788
-4.55788
-4.55788
-4.55788
-5.24087
-4.55788
-4.55788
-4.55788
-4.55788
-4.55788
-4.55788
-4.55788
-4.55788
-4.55788
-4.55788
-5.24087
-4.55788
-4.55788
-4.55788
-4.55788
-4.55788
-4.55788
-4.55788
-4.55788
-4.55788
-4.55788
-4.55788
-4.55788
-4.55788
-4.55788
-4.55788
-4.55788
-5.24087
-4.55788
-5.24087
-4.55788
-4.55788
-4.55788
-4.55788
-4.55788
-4.55788
-5.24087
-5.24087
-5.24087
-5.24087
-4.55788
-4.55788
-4.55788
-4.55788
-4.55788
-4.55788
-4.55788
-4.55788
-4.55788
-4.55788
-4.55788
-4.55788
-4.55788
-4.55788
-4.55788
-4.55788
-4.55788
-5.24087
-5.24087
-5.24087
-5.24087
-4.55788
-4.55788
-4.55788
-4.55788
-4.55788
-5.24087
-4.55788
-4.55788
-5.24087
-4.55788
-4.55788
-4.55788
-4.55788
-4.55788
-4.55788
-5.24087
-4.55788
-4.55788
-4.55788
-4.55788
-4.55788
-4.55788
-4.55788
-4.55788
-4.55788
-4.55788
-4.55788
-4.55788
-4.55788
-4.55788
-4.55788
-4.55788
-4.55788
-4.55788
-4.55788
-4.55788
-4.55788
-5.24087
-5.24087
-4.55788
-4.55788
-4.55788
-4.55788
-4.55788
-5.24087
-4.55788
-5.24087
-4.55788
-5.24087
-4.55788
-5.24087
-4.55788
-4.55788
-4.55788
-4.55788
-4.55788
-4.55788
-4.55788
-4.55788
-4.55788
-4.55788
-4.55788
-4.55788
-4.55788
-4.55788
-4.55788
-4.55788
-4.55788
-4.55788
-4.55788
-4.55788
-4.55788
-4.55788
-5.24087
-4.55788
-4.55788
-4.55788
-4.55788
-5.24087
-4.55788
-4.55788
-4.55788
-5.24087
-4.55788
-4.55788
-4.55788
-4.55788
-5.24087
-4.55788
-4.55788
-4.55788
-4.55788
-4.55788
-4.55788
-4.55788
-4.55788
-4.55788
-4.55788
-4.55788
-4.55788
-4.55788
-5.24087
-4.55788
-4.55788
-4.55788
-4.55788
-4.55788
-4.55788
-4.55788
-4.55788
-4.55788
-4.55788
-4.55788
-4.55788
-4.55788
-4.55788
-4.55788
-4.55788
-4.55788
-4.55788
-4.55788
-4.55788
-4.55788
-4.55788
-4.55788
-4.55788
-4.55788
-5.24087
-4.55788
-4.55788
-4.55788
-4.55788
-4.55788
-4.55788
-4.55788
-4.55788
-4.55788
-4.55788
-4.55788
-4.55788
-4.55788
-4.55788
-4.55788
-4.55788
-4.55788
-4.55788
-4.55788
-4.55788
-4.55788
-4.55788
-5.24087
-4.55788
-4.55788
-5.24087
-4.55788
-5.24087
-4.55788
-4.55788
-4.55788
-4.55788
-4.55788
-4.55788
-4.55788
-4.55788
-4.55788
-4.55788
-4.55788
-4.55788
-4.55788
-4.55788
-4.55788
-4.55788
-4.55788
-4.55788
-4.55788
-5.24087
-5.24087
-4.55788
-5.24087
-4.55788
-4.55788
-4.55788
-4.55788
-4.55788
-4.55788
-4.55788
-4.55788
-4.55788
-4.55788
-5.24087
-4.55788
-4.55788
-4.55788
-4.55788
-4.55788
-4.55788
-4.55788
-5.24087
-4.55788
-4.55788
-4.55788
-4.55788
-5.24087
-4.55788
-4.55788
-4.55788
-4.55788
-4.55788
-4.55788
-4.55788
-4.55788
-4.55788
-4.55788
-4.55788
-4.55788
-4.55788
-5.24087
-4.55788
-4.55788
-4.55788
-4.55788
-4.55788
-4.55788
-4.55788
-4.55788
-5.24087
-4.55788
-4.55788
-4.55788
-4.55788
-5.24087
-4.55788
-4.55788
-4.55788
-4.55788
-4.55788
-4.55788
-4.55788
-4.55788
-4.55788
-4.55788
-4.55788
-4.55788
-4.55788
-4.55788
-4.55788
-5.24087
-4.55788
-4.55788
-5.24087
-4.55788
-4.55788
-5.24087
-4.55788
-4.55788
-5.24087
-5.24087
-4.55788
-5.24087
-4.55788
-4.55788
-4.55788
-4.55788
-4.55788
-4.55788
-4.55788
-4.55788
-4.55788
-4.55788
-4.55788
-5.24087
-5.24087
-4.55788
-4.55788
-4.55788
-4.55788
-4.55788
-4.55788
-4.55788
-4.55788
-4.55788
-4.55788
-5.24087
-4.55788
-4.55788
-4.55788
-4.55788
-4.55788
-4.55788
-4.55788
-4.55788
-4.55788
-4.55788
-4.55788
-5.24087
-4.55788
-4.55788
-4.55788
-4.55788
-4.55788
-4.55788
-4.55788
-4.55788
-4.55788
-4.55788
-4.55788
-4.55788
-4.55788
-4.55788
-4.55788
-5.24087
-4.55788
-4.55788
-4.55788
-4.55788
-4.55788
-4.55788
-4.55788
-4.55788
-4.55788
-4.55788
-4.55788
-4.55788
-4.55788
-4.55788
-4.55788
-4.55788
-4.55788
-4.55788
-4.55788
-4.55788
-4.55788
-4.55788
-4.55788
-4.55788
-4.55788
-4.55788
-4.55788
-4.55788
-5.24087
-4.55788
-5.24087
-4.55788
-4.55788
-4.55788
-5.24087
-4.55788
-4.55788
-4.55788
-5.24087
-4.55788
-4.55788
-4.55788
-4.55788
-4.55788
-4.55788
-4.55788
-4.55788
-4.55788
-4.55788
-4.55788
-4.55788
-4.55788
-4.55788
-4.55788
-4.55788
-4.55788
-4.55788
-5.24087
-5.24087
-4.55788
-4.55788
-4.55788
-4.55788
-4.55788
-4.55788
-4.55788
-4.55788
-5.24087
-5.24087
-4.55788
-4.55788
-5.24087
-4.55788
-5.24087
-4.55788
-4.55788
-4.55788
-4.55788
-5.24087
-4.55788
-4.55788
-4.55788
-4.55788
-4.55788
-4.55788
-4.55788
-4.55788
-4.55788
-4.55788
-5.24087
-4.55788
-5.24087
-5.24087
-4.55788
-4.55788
-4.55788
-4.55788
-4.55788
-4.55788
-4.55788
-4.55788
-4.55788
-4.55788
-4.55788
-4.55788
-4.55788
-4.55788
-4.55788
-4.55788
-4.55788
-4.55788
-4.55788
-4.55788
-4.55788
-4.55788
-4.55788
-4.55788
-4.55788
-4.55788
-4.55788
-4.55788
-4.55788
-4.55788
-4.55788
-4.55788
-4.55788
-4.55788
-4.55788
-5.24087
-4.55788
-4.55788
-4.55788
-4.55788
-4.55788
-4.55788
-4.55788
-4.55788
-4.55788
-4.55788
-4.55788
-4.55788
-4.55788
-4.55788
-4.55788
-4.55788
-4.55788
-4.55788
-4.55788
-4.55788
-4.55788
-4.55788
-5.24087
-4.55788
-5.24087
-4.55788
-4.55788
-4.55788
-4.55788
-4.55788
-4.55788
-4.55788
-5.24087
-4.55788
-4.55788
-4.55788
-4.55788
-4.55788
-4.55788
-4.55788
-4.55788
-4.55788
-4.55788
-4.55788
-4.55788
-4.55788
-4.55788
-4.55788
-4.55788
-4.55788
-4.55788
-4.55788
-4.55788
-4.55788
-4.55788
-4.55788
-4.55788
-4.55788
-4.55788
-5.24087
-5.24087
-4.55788
-4.55788
-5.24087
-4.55788
-5.24087
-4.55788
-4.55788
-4.55788
-5.24087
-4.55788
-4.55788
-4.55788
-4.55788
-4.55788
-4.55788
-4.55788
-4.55788
-4.55788
-4.55788
-4.55788
-4.55788
-4.55788
-4.55788
-5.24087
-5.24087
-4.55788
-4.55788
-4.55788
-4.55788
-4.55788
-4.55788
-4.55788
-4.55788
-4.55788
-4.55788
-4.55788
-4.55788
-4.55788
-4.55788
-5.24087
-4.55788
-4.55788
-4.55788
-4.55788
-4.55788
-4.55788
-4.55788
-4.55788
-4.55788
-4.55788
-4.55788
-4.55788
-4.55788
-4.55788
-4.55788
-4.55788
-4.55788
-4.55788
-4.55788
-4.55788
-4.55788
-4.55788
-4.55788
-4.55788
-4.55788
-4.55788
-4.55788
-4.55788
-5.24087
-4.55788
-4.55788
-4.55788
-5.24087
-4.55788
-4.55788
-4.55788
-5.24087
-4.55788
-5.24087
-4.55788
-5.24087
-4.55788
-4.55788
-5.24087
-5.24087
-4.55788
-4.55788
-4.55788
-4.55788
-4.55788
-5.24087
-4.55788
-4.55788
-4.55788
-4.55788
-4.55788
-4.55788
-4.55788
-4.55788
-4.55788
-4.55788
-4.55788
-4.55788
-4.55788
-4.55788
-5.24087
-4.55788
-4.55788
-4.55788
-4.55788
-4.55788
-5.24087
-4.55788
-4.55788
-4.55788
-4.55788
-4.55788
-5.24087
-5.24087
-4.55788
-4.55788
-4.55788
-4.55788
-4.55788
-5.24087
-4.55788
-4.55788
-4.55788
-4.55788
-4.55788
-4.55788
-4.55788
-4.55788
-4.55788
-4.55788
-4.55788
-5.24087
-5.24087
-4.55788
-5.24087
-4.55788
-4.55788
-4.55788
-4.55788
-4.55788
-4.55788
-5.24087
-5.24087
-4.55788
-4.55788
-4.55788
-4.55788
-4.55788
-5.24087
-4.55788
-4.55788
-5.24087
-4.55788
-4.55788
-4.55788
-4.55788
-4.55788
-4.55788
-4.55788
-4.55788
-4.55788
-4.55788
-5.24087
-4.55788
-4.55788
-4.55788
-4.55788
-4.55788
-4.55788
-4.55788
-4.55788
-4.55788
-4.55788
-4.55788
-4.55788
-4.55788
-4.55788
-4.55788
-4.55788
-4.55788
-4.55788
-4.55788
-4.55788
-4.55788
-4.55788
-4.55788
-4.55788
-4.55788
-5.24087
-5.24087
-4.55788
-4.55788
-4.55788
-4.55788
-4.55788
-4.55788
-4.55788
-4.55788
-4.55788
-4.55788
-4.55788
-4.55788
-5.24087
-4.55788
-4.55788
-4.55788
-4.55788
-4.55788
-4.55788
-4.55788
-5.24087
-4.55788
-4.55788
-5.24087
-4.55788
-5.24087
-4.55788
-4.55788
-4.55788
-4.55788
-4.55788
-5.24087
-4.55788
-4.55788
-4.55788
-5.24087
-4.55788
-4.55788
-4.55788
-5.24087
-4.55788
-4.55788
-4.55788
-4.55788
-4.55788
-4.55788
-4.55788
-4.55788
-4.55788
-4.55788
-4.55788
-4.55788
-4.55788
-4.55788
-5.24087
-5.24087
-4.55788
-5.24087
-4.55788
-4.55788
-4.55788
-4.55788
-4.55788
-4.55788
-5.24087
-4.55788
-4.55788
-4.55788
-4.55788
-4.55788
-4.55788
-4.55788
-4.55788
-4.55788
-4.55788
-4.55788
-4.55788
-4.55788
-4.55788
-4.55788
-4.55788
-4.55788
-4.55788
-4.55788
-4.55788
-4.55788
-5.24087
-4.55788
-4.55788
-4.55788
-4.55788
-4.55788
-4.55788
-4.55788
-4.55788
-4.55788
-5.24087
-4.55788
-4.55788
-4.55788
-4.55788
-4.55788
-5.24087
-4.55788
-4.55788
-4.55788
-4.55788
-5.24087
-5.24087
-4.55788
-4.55788
-4.55788
-4.55788
-4.55788
-4.55788
-4.55788
-5.24087
-5.24087
-4.55788
-5.24087
-4.55788
-4.55788
-4.55788
-4.55788
-4.55788
-4.55788
-4.55788
-4.55788
-4.55788
-4.55788
-4.55788
-4.55788
-4.55788
-5.24087
-4.55788
-4.55788
-4.55788
-4.55788
-4.55788
-4.55788
-4.55788
-4.55788
-4.55788
-4.55788
-4.55788
-4.55788
-4.55788
-4.55788
-4.55788
-4.55788
-4.55788
-5.24087
-5.24087
-4.55788
-4.55788
-4.55788
-4.55788
-4.55788
-4.55788
-4.55788
-4.55788
-4.55788
-4.55788
-4.55788
-4.55788
-5.24087
-4.55788
-4.55788
-4.55788
-4.55788
-4.55788
-4.55788
-4.55788
-4.55788
-4.55788
-5.24087
-4.55788
-4.55788
-4.55788
-4.55788
-4.55788
-4.55788
-5.24087
-4.55788
-4.55788
-4.55788
-4.55788
-4.55788
-4.55788
-5.24087
-4.55788
-4.55788
-4.55788
-4.55788
-4.55788
-4.55788
-4.55788
-4.55788
-4.55788
-4.55788
-4.55788
-5.24087
-4.55788
-4.55788
-4.55788
-5.24087
-4.55788
-4.55788
-4.55788
-4.55788
-5.24087
-4.55788
-4.55788
-4.55788
-4.55788
-4.55788
-4.55788
-4.55788
-4.55788
-4.55788
-4.55788
-4.55788
-4.55788
-5.24087
-4.55788
-4.55788
-4.55788
-4.55788
-4.55788
-5.24087
-4.55788
-4.55788
-4.55788
-4.55788
-4.55788
-4.55788
-4.55788
-4.55788
-4.55788
-4.55788
-4.55788
-4.55788
-4.55788
-4.55788
-5.24087
-5.24087
-4.55788
-4.55788
-4.55788
-4.55788
-4.55788
-4.55788
-4.55788
-5.24087
-5.24087
-4.55788
-4.55788
-4.55788
-4.55788
-4.55788
-4.55788
-4.55788
-4.55788
-4.55788
-4.55788
-4.55788
-4.55788
-4.55788
-5.24087
-4.55788
-4.55788
-4.55788
-4.55788
-4.55788
-4.55788
-4.55788
-5.24087
-4.55788
-4.55788
-4.55788
-4.55788
-4.55788
-5.24087
-4.55788
-4.55788
-4.55788
-4.55788
-4.55788
-4.55788
-4.55788
-4.55788
-4.55788
-4.55788
-4.55788
-4.55788
-4.55788
-4.55788
-4.55788
-4.55788
-4.55788
-4.55788
-4.55788
-4.55788
-4.55788
-4.55788
-4.55788
-4.55788
-5.24087
-4.55788
-4.55788
-4.55788
-4.55788
-4.55788
-4.55788
-4.55788
-5.24087
-4.55788
-4.55788
-4.55788
-4.55788
-4.55788
-4.55788
-4.55788
-4.55788
-4.55788
-4.55788
-4.55788
-4.55788
-4.55788
-4.55788
-4.55788
-4.55788
-4.55788
-4.55788
-4.55788
-4.55788
-4.55788
-4.55788
-4.55788
-4.55788
-4.55788
-4.55788
-4.55788
-4.55788
-4.55788
-4.55788
-4.55788
-4.55788
-4.55788
-4.55788
-4.55788
-4.55788
-4.55788
-4.55788
-5.24087
-4.55788
-4.55788
-4.55788
-4.55788
-4.55788
-4.55788
-4.55788
-4.55788
-4.55788
-4.55788
-4.55788
-4.55788
-4.55788
-4.55788
-4.55788
-5.24087
-4.55788
-5.24087
-4.55788
-4.55788
-4.55788
-4.55788
-4.55788
-4.55788
-4.55788
-5.24087
-4.55788
-4.55788
-4.55788
-4.55788
-4.55788
-4.55788
-4.55788
-4.55788
-4.55788
-4.55788
-4.55788
-4.55788
-4.55788
-5.24087
-4.55788
-4.55788
-4.55788
-4.55788
-4.55788
-4.55788
-4.55788
-4.55788
-4.55788
-5.24087
-4.55788
-4.55788
-4.55788
-4.55788
-5.24087
-4.55788
-4.55788
-5.24087
-4.55788
-4.55788
-4.55788
-5.24087
-4.55788
-4.55788
-4.55788
-4.55788
-4.55788
-4.55788
-4.55788
-4.55788
-4.55788
-5.24087
-4.55788
-4.55788
-4.55788
-4.55788
-4.55788
-4.55788
-4.55788
-4.55788
-4.55788
-4.55788
-5.24087
-5.24087
-5.24087
-5.24087
-4.55788
-4.55788
-5.24087
-5.24087
-4.55788
-5.24087
-4.55788
-4.55788
-4.55788
-4.55788
-4.55788
-4.55788
-4.55788
-4.55788
-4.55788
-4.55788
-4.55788
-4.55788
-4.55788
-4.55788
-4.55788
-4.55788
-4.55788
-4.55788
-4.55788
-4.55788
-4.55788
-4.55788
-4.55788
-4.55788
-4.55788
-4.55788
-4.55788
-5.24087
-4.55788
-4.55788
-4.55788
-4.55788
-4.55788
-4.55788
-4.55788
-5.24087
-4.55788
-4.55788
-5.24087
-4.55788
-4.55788
-5.24087
-5.24087
-4.55788
-4.55788
-4.55788
-4.55788
-5.24087
-4.55788
-4.55788
-4.55788
-4.55788
-4.55788
-5.24087
-4.55788
-4.55788
-4.55788
-4.55788
-4.55788
-4.55788
-4.55788
-4.55788
-4.55788
-4.55788
-4.55788
-4.55788
-4.55788
-4.55788
-4.55788
-4.55788
-4.55788
-4.55788
-4.55788
-4.55788
-4.55788
-4.55788
-4.55788
-4.55788
-4.55788
-5.24087
-4.55788
-4.55788
-4.55788
-5.24087
-4.55788
-4.55788
-4.55788
-4.55788
-4.55788
-4.55788
-4.55788
-5.24087
-5.24087
-5.24087
-4.55788
-4.55788
-4.55788
-4.55788
-4.55788
-4.55788
-5.24087
-4.55788
-4.55788
-4.55788
-4.55788
-4.55788
-4.55788
-4.55788
-5.24087
-5.24087
-4.55788
-4.55788
-4.55788
-4.55788
-4.55788
-4.55788
-4.55788
-4.55788
-4.55788
-4.55788
-4.55788
-4.55788
-4.55788
-4.55788
-4.55788
-4.55788
-4.55788
-4.55788
-4.55788
-4.55788
-5.24087
-4.55788
-4.55788
-4.55788
-4.55788
-4.55788
-4.55788
-4.55788
-5.24087
-4.55788
-5.24087
-4.55788
-4.55788
-4.55788
-4.55788
-4.55788
-4.55788
-4.55788
-4.55788
-4.55788
-4.55788
-4.55788
-5.24087
-4.55788
-4.55788
-4.55788
-4.55788
-4.55788
-4.55788
-4.55788
-4.55788
-4.55788
-4.55788
-4.55788
-4.55788
-4.55788
-4.55788
-4.55788
-4.55788
-4.55788
-5.24087
-4.55788
-4.55788
-4.55788
-4.55788
-5.24087
-4.55788
-4.55788
-5.24087
-4.55788
-4.55788
-5.24087
-4.55788
-4.55788
-4.55788
-4.55788
-4.55788
-4.55788
-4.55788
-4.55788
-4.55788
-4.55788
-4.55788
-4.55788
-4.55788
-4.55788
-4.55788
-4.55788
-4.55788
-4.55788
-5.24087
-4.55788
-4.55788
-4.55788
-4.55788
-4.55788
-4.55788
-4.55788
-4.55788
-4.55788
-4.55788
-4.55788
-4.55788
-4.55788
-4.55788
-4.55788
-4.55788
-4.55788
-4.55788
-4.55788
-4.55788
-4.55788
-4.55788
-5.24087
-5.24087
-4.55788
-4.55788
-4.55788
-5.24087
-4.55788
-4.55788
-4.55788
-5.24087
-4.55788
-4.55788
-4.55788
-4.55788
-5.24087
-4.55788
-4.55788
-4.55788
-4.55788
-4.55788
-4.55788
-4.55788
-4.55788
-4.55788
-4.55788
-4.55788
-4.55788
-4.55788
-4.55788
-4.55788
-4.55788
-4.55788
-4.55788
-4.55788
-4.55788
-5.24087
-4.55788
-4.55788
-4.55788
-4.55788
-4.55788
-4.55788
-4.55788
-4.55788
-4.55788
-4.55788
-4.55788
-4.55788
-4.55788
-4.55788
-4.55788
-4.55788
-4.55788
-4.55788
-4.55788
-4.55788
-4.55788
-4.55788
-4.55788
-4.55788
-4.55788
-4.55788
-4.55788
-4.55788
-4.55788
-4.55788
-4.55788
-4.55788
-4.55788
-4.55788
-4.55788
-4.55788
-4.55788
-4.55788
-4.55788
-5.24087
-4.55788
-4.55788
-4.55788
-4.55788
-4.55788
-5.24087
-4.55788
-4.55788
-4.55788
-4.55788
-4.55788
-5.24087
-4.55788
-5.24087
-4.55788
-4.55788
-4.55788
-4.55788
-4.55788
-4.55788
-4.55788
-5.24087
-4.55788
-4.55788
-4.55788
-4.55788
-4.55788
-4.55788
-4.55788
-4.55788
-4.55788
-4.55788
-4.55788
-4.55788
-4.55788
-4.55788
-4.55788
-4.55788
-4.55788
-5.24087
-4.55788
-4.55788
-4.55788
-5.24087
-4.55788
-4.55788
-4.55788
-4.55788
-4.55788
-4.55788
-4.55788
-4.55788
-4.55788
-4.55788
-4.55788
-4.55788
-4.55788
-4.55788
-5.24087
-4.55788
-4.55788
-4.55788
-4.55788
-5.24087
-5.24087
-4.55788
-4.55788
-4.55788
-4.55788
-4.55788
-4.55788
-4.55788
-5.24087
-4.55788
-4.55788
-4.55788
-4.55788
-4.55788
-4.55788
-4.55788
-4.55788
-4.55788
-4.55788
-5.24087
-4.55788
-5.24087
-4.55788
-4.55788
-4.55788
-4.55788
-4.55788
-4.55788
-4.55788
-4.55788
-4.55788
-4.55788
-4.55788
-4.55788
-4.55788
-4.55788
-4.55788
-4.55788
-4.55788
-4.55788
-4.55788
-4.55788
-4.55788
-4.55788
-4.55788
-4.55788
-4.55788
-5.24087
-4.55788
-4.55788
-4.55788
-4.55788
-4.55788
-4.55788
-5.24087
-4.55788
-4.55788
-4.55788
-4.55788
-4.55788
-4.55788
-4.55788
-4.55788
-4.55788
-4.55788
-4.55788
-4.55788
-4.55788
-5.24087
-4.55788
-4.55788
-4.55788
-4.55788
-4.55788
-4.55788
-4.55788
-4.55788
-4.55788
-4.55788
-4.55788
-4.55788
-4.55788
-4.55788
-4.55788
-4.55788
-4.55788
-4.55788
-4.55788
-4.55788
-4.55788
-4.55788
-4.55788
-5.24087
-4.55788
-4.55788
-4.55788
-4.55788
-4.55788
-4.55788
-4.55788
-4.55788
-4.55788
-4.55788
-4.55788
-4.55788
-4.55788
-5.24087
-5.24087
-5.24087
-4.55788
-4.55788
-4.55788
-4.55788
-4.55788
-4.55788
-4.55788
-4.55788
-4.55788
-4.55788
-4.55788
-4.55788
-4.55788
-5.24087
-4.55788
-4.55788
-4.55788
-4.55788
-4.55788
-4.55788
-4.55788
-4.55788
-4.55788
-4.55788
-4.55788
-4.55788
-4.55788
-4.55788
-4.55788
-4.55788
-4.55788
-4.55788
-4.55788
-5.24087
-4.55788
-4.55788
-4.55788
-4.55788
-4.55788
-4.55788
-4.55788
-5.24087
-4.55788
-4.55788
-4.55788
-5.24087
-4.55788
-5.24087
-4.55788
-4.55788
-4.55788
-5.24087
-4.55788
-4.55788
-4.55788
-4.55788
-4.55788
-5.24087
-4.55788
-4.55788
-4.55788
-4.55788
-4.55788
-4.55788
-4.55788
-4.55788
-4.55788
-4.55788
-5.24087
-4.55788
-5.24087
-4.55788
-4.55788
-4.55788
-4.55788
-4.55788
-4.55788
-4.55788
-5.24087
-4.55788
-4.55788
-4.55788
-4.55788
-4.55788
-5.24087
-4.55788
-4.55788
-4.55788
-5.24087
-4.55788
-4.55788
-5.24087
-4.55788
-4.55788
-4.55788
-4.55788
-4.55788
-4.55788
-4.55788
-5.24087
-4.55788
-4.55788
-4.55788
-0.000509131
0.0136178
-0.000209472
0.000189876
0.170871
0.092349
0.0100403
0.0293968
0.0145673
0.00676894
0.0272161
0.0656678
-0.000771664
0.0962561
0.179848
0.0168825
0.154175
0.00449248
-0.000509131
0.0316931
0.0149789
0.0213511
0.019453
0.0512921
0.00181607
0.0864808
0.19917
0.0272161
0.0512921
0.125288
0.00181607
0.0468898
0.0100403
0.00398697
0.0512921
0.10703
0.0021294
0.132345
0.00803852
0.0393027
0.0695711
0.112822
0.0696696
0.00676894
-0.000357715
0.097448
0.078196
-0.000609327
-0.000509131
0.0450191
0.113962
-0.000366822
0.0656678
0.0196122
0.220471
0.170871
0.0149789
0.0696696
0.228701
-0.000366822
0.0393027
0.10703
0.243965
0.00145744
0.0480835
0.16232
0.0622797
0.108249
0.0271454
0.0289305
0.190177
0.00304419
0.101512
0.146418
0.036642
0.00803852
0.0168825
-2.5145e-05
0.0179733
0.0581626
0.0168825
0.0035919
0.00614697
0.00398697
0.0417174
0.0231955
0.102746
0.0111522
0.10703
-0.000209472
0.00900366
0.145879
-0.000357715
0.0179733
0.0272161
0.0272161
0.16232
0.0251496
-0.000209472
0.0622797
0.0179733
0.00614697
0.146418
0.179848
0.0222995
-0.000209472
0.0480835
0.0134968
0.243965
-0.000789929
0.000436989
0.0819387
0.125288
0.0512921
0.00112383
0.0293968
0.0123435
0.0010216
0.000814844
0.0480835
0.16232
0.0417174
0.0272161
0.19917
0.0100403
0.0525979
0.101512
0.108249
0.220471
0.189273
0.170871
0.0145673
0.0912496
0.0393164
0.101512
0.00676894
0.00257131
0.0164298
0.00743636
0.0468898
0.025448
-2.5145e-05
0.0196122
-0.000509131
0.243967
0.0819387
0.108249
0.00973107
0.0480835
0.00803852
0.0293968
0.0588934
0.0179733
0.00556663
-0.000628843
0.19917
0.00418084
0.000436989
0.139003
0.10703
0.097448
0.00257131
0.10703
0.146418
0.0581626
0.0164298
0.0105965
0.0588934
0.209561
0.16232
0.000814844
0.0048282
0.101512
0.000189876
0.0010216
0.00257131
-0.000609327
-0.000209472
0.139029
0.00553688
-0.000789929
-0.000789929
0.0308077
0.000189876
0.00418084
0.0450191
0.0738444
0.097448
0.113962
0.0179733
0.146418
0.0272161
0.00257131
0.152957
0.0393027
0.10703
0.00112383
0.179848
0.0738444
0.19917
0.0308077
0.0420937
0.00305707
0.077613
0.170871
0.154175
0.0136178
0.0316931
-0.000789929
0.0149789
-0.000771664
0.160228
0.00743636
0.170871
-0.000695033
0.112822
0.00220003
0.0734937
0.00257131
0.00676894
0.10703
0.00260946
0.00556663
0.0100403
0.00815157
0.112822
0.0181347
0.0874441
0.0370303
0.00803852
0.101512
0.036642
0.0156944
0.0525979
0.170871
0.00145744
0.00815157
-0.000509131
0.189273
0.0581626
0.0480835
0.220471
-0.000209472
0.0480835
0.00900366
0.0156944
0.0308077
0.0480835
0.000436989
0.0468898
0.0442397
0.0480835
0.0123435
0.131992
-0.000357715
0.0546501
0.179848
0.0912496
0.00418084
0.0021294
0.0695711
0.0468898
0.132345
0.034107
0.00257131
-0.000609327
0.131992
0.00449248
0.125288
0.0546501
0.00743636
0.00305707
0.0962561
0.0696696
0.0164298
0.0289305
0.170871
0.0962561
0.000530169
0.0348535
0.0622797
0.092349
0.00815157
0.036642
0.131992
0.00501841
0.082728
0.0480835
0.102746
0.00257131
0.0420937
0.00973107
0.0251496
0.00553688
0.125288
0.125288
-0.000357715
0.0149789
0.131992
0.179848
0.0556687
0.189273
0.19917
0.0123435
0.0035919
3.39058e-05
-0.000366822
0.00553688
0.00900366
0.0658361
0.131992
0.000714642
0.00743636
0.082728
0.0393027
0.0164298
0.00304419
-0.000366822
0.118904
0.00220003
0.077613
0.00220003
0.00803852
0.0105965
0.0168825
0.00449248
0.0293968
0.347782
0.0734937
0.0695711
0.00553688
0.112822
0.00257131
0.0512921
0.0251496
0.00135823
0.00630777
0.0105965
0.00112383
0.00676894
0.00145744
0.00172644
0.179848
0.0010216
0.179848
0.0581626
0.0512921
0.152962
0.0271454
0.179848
0.0289305
0.0734937
0.0136178
0.0962561
0.243967
0.0123435
-0.000628843
3.39058e-05
0.0656678
0.220471
0.00172644
0.209561
0.0010216
0.097448
0.0272161
0.00501841
0.0222995
0.0417174
0.0179733
0.154175
0.019453
0.00900366
-0.000357715
0.00220003
0.197785
0.00891618
0.00900366
0.16232
0.0417174
0.243965
0.125983
0.131992
0.0588934
0.0468898
0.0546501
0.078196
0.331828
0.0251496
0.00900366
0.0581626
0.025448
0.0480835
0.0293968
0.00556663
0.00418084
0.0316931
0.0656678
-0.000695033
0.0149789
0.0289305
0.00304419
0.0010216
0.0496738
-0.000175978
0.0450191
0.0251496
0.00260946
0.0111522
0.0208403
0.078196
0.00220003
0.0048282
0.170871
0.00398697
0.0164298
0.00398697
0.0348535
0.0420937
0.0100403
0.00501841
0.0622797
0.0696696
0.182598
0.112822
0.16232
0.00556663
0.0442397
0.0417174
-0.000366822
0.00220003
0.0021294
0.0393027
0.125288
0.0695711
0.019453
0.0134968
0.0136178
0.0962561
0.0618338
0.0442397
0.0618338
0.205451
0.0149789
0.00350369
-0.000771664
0.0238341
0.000814844
0.0111522
0.0123435
0.0289305
0.179848
0.0417174
-0.000716293
0.0417174
-0.000716293
0.0480835
0.10703
0.0316931
0.00803852
0.0327808
0.036642
0.0512921
0.108249
0.0480835
0.0581626
0.0618338
0.00181607
0.00743636
0.0450191
0.00181607
0.00181607
0.213166
0.125288
0.0496738
0.112822
0.170871
0.0231955
0.0251496
0.0512921
0.0327808
0.00714103
0.0213511
0.146418
0.0468898
0.000714642
0.189273
0.0115126
0.0289305
0.0618338
0.000189876
0.0496738
0.0450191
0.19917
0.00891618
0.019453
0.078196
0.0480835
0.00305707
0.019453
0.19917
0.0316931
0.139003
0.10703
0.0149789
0.101512
0.0393027
0.00257131
-0.000499807
0.0035919
0.0105965
0.0272161
0.101512
0.0912496
0.0450191
0.0480835
0.179848
0.0658361
0.00676894
0.0420937
0.0231955
0.0179733
0.0179733
0.0819387
0.0179733
0.0864808
-2.5145e-05
0.0136178
0.0450191
0.118904
0.209561
0.146418
0.036642
0.00714103
0.0156944
0.0231955
0.0168825
0.0656678
0.0656678
0.0393027
0.179848
0.0134968
0.101512
0.170871
0.0496738
0.0105965
0.175073
0.092349
0.0100403
0.0393164
-0.000795773
0.0696696
0.077613
0.0450191
0.0819387
0.0289305
0.0164298
0.0468898
0.00973107
0.0156944
0.097448
0.019453
0.179848
-0.000366822
0.00553688
0.00900366
0.0912496
0.00304419
0.0393027
0.00257131
0.139029
0.0111522
0.0912496
-0.000357715
0.0912496
0.00418084
0.0105965
0.146418
0.036642
0.112822
0.131992
0.00305707
0.291939
0.00556663
0.190177
0.00900366
0.00973107
0.0912496
0.146418
0.131992
0.00145744
0.0021294
0.10703
0.146418
0.0874441
0.0442397
0.0035919
-0.000366822
0.00449248
0.00172644
0.0370303
0.189273
0.036642
0.0588934
0.0222995
0.112822
0.0149789
0.0962561
0.16232
0.0525979
0.00676894
0.0149789
0.220465
0.0819387
0.179848
0.0696696
0.0912496
0.205467
0.102746
0.000269723
0.0115126
0.0213511
0.0581626
0.0111522
-0.000716293
0.0370303
0.0021294
0.112822
0.0272161
0.0164298
0.00305707
-0.000628843
0.0622797
0.0819387
-0.000628843
0.0145673
-0.000499807
0.102746
-0.000789929
0.078196
0.078196
0.019453
0.13236
0.00305707
0.00614697
0.189273
0.00305707
0.0420937
0.0962561
0.0123435
0.097448
0.00743636
0.0348535
-0.000795773
0.0420937
0.170871
0.152962
0.0181347
0.0556687
0.0695711
0.0035919
0.0622797
0.00891618
0.0588934
0.0149789
0.0370303
0.0734937
0.179848
0.00891618
0.112822
0.0581626
0.0581626
0.108249
0.00676894
0.0145673
0.092349
0.082728
0.118904
0.00714103
0.00553688
0.00676894
0.0238341
0.0819387
0.0010216
0.0293968
0.034107
0.0581626
0.0134968
0.0420937
0.077613
0.0695711
0.182604
0.00676894
-0.000175978
0.097448
0.0327808
0.0618338
0.0874441
0.0912496
0.000714642
0.19917
0.10703
0.00501841
0.0231955
0.139029
0.118904
0.0696696
0.19917
0.0962561
-0.000795773
0.112822
0.0525979
0.0588934
0.0556687
0.231922
0.0164298
0.108249
0.0734937
0.00553688
0.220471
0.00900366
0.154175
-0.000209472
0.243963
0.00135823
0.0149789
0.0327808
0.0525979
0.146418
-0.000509131
0.0293968
0.0021294
0.0048282
0.0525979
0.167599
0.0123435
0.034107
0.112822
-0.000789929
0.209561
0.139029
3.39058e-05
0.00418084
0.0048282
-0.000789929
0.00220003
0.0912496
0.00172644
0.000189876
0.101512
0.00260946
0.179848
0.0468898
0.0450191
0.0134968
0.00614697
0.189273
0.0021294
0.00803852
0.0442397
0.0100403
0.0124791
0.00418084
0.00135823
-0.000695033
0.231922
0.000814844
-0.000175978
0.0136178
0.00220003
0.0238341
0.0124791
0.139029
0.0618338
0.082728
0.0546501
0.0105965
0.0010216
0.0734937
-0.000755767
0.0272161
0.000269723
0.0213511
0.034107
0.036642
-0.000609327
0.220471
0.097448
-0.000755767
0.108249
-0.000499807
0.00676894
0.0912496
0.113962
0.00553688
-0.000175978
0.0293968
0.0164298
0.0864808
0.0442397
0.0348535
0.189273
0.00803852
0.00891618
0.132345
0.0618338
0.00891618
0.0251496
-0.000795773
-0.000755767
0.139017
0.0196122
0.0231955
0.0420937
0.0035919
0.0327808
0.00112383
0.139029
0.0271454
0.0111522
-0.000795773
0.00260946
0.0134968
0.00304419
0.00112383
0.146418
0.0021294
0.00501841
0.077613
0.00418084
0.0420937
0.112822
0.0181347
0.145879
0.0293968
0.00181607
0.000269723
0.0316931
0.0420937
0.16232
0.00305707
0.082728
-0.000499807
0.034107
0.00135823
0.00220003
0.0231955
0.00714103
0.0149789
0.00418084
0.0658361
0.0208403
-0.000628843
0.0450191
0.0618338
0.0525979
0.0874441
0.0420937
0.082728
0.0480835
0.034107
0.00803852
0.00220003
0.00815157
0.00714103
0.000814844
0.0196122
0.036642
0.0658361
0.0393027
0.26016
0.0115126
0.0420937
0.0271454
-0.000366822
0.0480835
0.00449248
0.139029
0.00135823
0.0738444
0.0420937
0.000814844
0.0588934
0.0618338
3.39058e-05
0.0021294
-0.000628843
0.0124791
0.118904
0.113962
0.0874441
0.00135823
0.077613
0.0556687
0.0010216
0.036642
0.0588934
0.19917
0.0048282
0.00135823
3.39058e-05
0.0238341
0.000436989
0.0010216
0.0656678
0.0048282
-0.000499807
0.0316931
0.00891618
0.283977
0.118904
0.0622797
0.118904
0.0581626
0.0145673
0.0912496
0.0123435
0.244379
0.0581626
-0.000628843
-0.000695033
0.00304419
0.170871
0.034107
0.0496738
-0.000695033
3.39058e-05
0.00553688
0.0123435
0.0179733
0.078196
0.082728
0.276025
0.0222995
0.0658361
0.108249
0.0100403
0.0213511
-0.000716293
0.108249
0.0035919
0.0149789
0.0581626
0.0308077
0.209561
0.0145673
0.00257131
0.00220003
0.0111522
-0.000771664
0.00815157
0.00418084
0.179848
0.0393027
0.00553688
0.179848
0.0179733
0.0272161
0.00501841
0.00112383
-0.000175978
0.0316931
-0.000209472
0.00257131
0.00553688
0.0581626
0.0231955
0.146418
0.154175
0.0819387
0.0115126
0.175073
0.0556687
0.0293968
0.000714642
0.236525
0.0021294
0.00803852
0.0912496
0.0179733
0.112822
0.113962
0.00973107
0.0048282
0.0136178
0.0442397
0.112822
0.108249
0.189273
0.0196122
0.00614697
0.0581626
0.0231955
0.0179733
0.0327808
0.0738444
0.00676894
0.0231955
0.0196122
0.102746
0.146418
0.0222995
0.00220003
0.000530169
0.0962561
0.146418
0.189273
0.0912496
0.0251496
0.00815157
0.139029
0.0658361
0.0468898
0.170871
0.097448
0.0581626
0.0450191
0.00614697
0.0272161
0.0196122
0.154175
0.0048282
-0.000509131
0.097448
0.170871
0.0738444
0.0105965
0.0962561
0.00891618
0.00803852
0.252261
-0.000366822
0.0546501
0.179848
0.000436989
0.019453
0.0208403
0.0179733
0.00714103
0.00304419
0.00145744
0.0695711
-0.000789929
0.000436989
-0.000366822
0.0420937
0.0734937
0.167593
0.0010216
0.10703
0.244371
0.034107
0.0658361
0.101512
0.102746
0.19917
0.000530169
0.113962
0.182598
0.078196
0.00135823
0.00220003
0.189273
0.0618338
0.10703
0.108249
0.00556663
-0.000789929
0.0864808
0.0316931
0.00676894
0.102746
0.092349
0.0293968
0.125288
0.0134968
0.0496738
0.0123435
0.0658361
0.0496738
0.034107
0.078196
0.323842
0.0393027
0.0238341
0.0251496
-0.000755767
0.000530169
0.154175
0.0450191
0.0136178
0.139029
0.0179733
0.16232
0.154175
0.170871
0.0149789
0.0525979
0.00305707
0.0105965
0.0658361
0.146418
-0.000175978
0.209561
0.00398697
0.00257131
0.0213511
-0.000357715
0.0196122
0.0196122
0.0149789
0.197801
0.179848
0.112822
-0.000509131
0.00501841
0.00257131
0.000714642
0.00614697
0.0156944
0.189273
0.036642
0.00304419
0.0271454
0.209561
0.0222995
0.139029
0.0420937
0.000714642
0.082728
0.154175
0.0864808
0.16232
0.0231955
0.179848
0.0420937
0.118904
0.0442397
0.125288
0.0272161
0.170871
0.0525979
0.0293968
0.0179733
0.19917
0.0231955
-0.000209472
0.131992
0.019453
0.0111522
0.0450191
0.00350369
0.139029
0.0450191
-0.000628843
0.243965
0.0164298
0.000814844
0.097448
0.0512921
0.101512
0.0149789
0.0181347
0.170871
0.00257131
0.139003
-0.000716293
0.00112383
-0.000366822
0.0468898
0.19017
0.0124791
-0.000366822
0.0912496
0.0450191
0.0196122
-2.5145e-05
0.16232
0.0656678
-0.000366822
0.102746
0.0546501
0.0164298
0.0164298
0.220471
0.101512
0.0393164
0.102746
0.0420937
0.139029
0.179848
0.113962
0.0231955
0.0048282
0.00350369
0.0316931
-2.5145e-05
0.00449248
0.0581626
0.0962561
0.0213511
0.0196122
0.0370303
0.00553688
0.0136178
0.0656678
0.097448
0.189273
0.125983
0.0658361
0.0696696
0.00260946
0.0231955
0.19917
0.000714642
0.0874441
0.0196122
0.19917
0.152957
0.00803852
0.0556687
0.0622797
0.0316931
0.0468898
0.0496738
-0.000209472
0.0393027
0.0035919
0.0181347
0.101512
-0.000789929
0.0196122
0.16232
0.082728
0.00803852
0.00112383
0.0696696
0.00449248
0.0149789
0.0213511
0.00803852
3.39058e-05
0.00220003
0.26016
0.209561
0.0156944
-0.000509131
0.0134968
0.0480835
0.00304419
-0.000695033
0.0525979
0.0819387
0.0164298
-2.5145e-05
0.197801
0.0213511
0.0450191
0.0819387
-0.000755767
0.125983
0.16232
0.0656678
0.0293968
0.170871
0.10703
0.0450191
0.0156944
0.0588934
0.0480835
0.025448
0.034107
-0.000628843
0.00714103
0.19917
0.0293968
0.139029
0.19917
-0.000789929
0.00418084
0.0622797
0.189273
0.00418084
-0.000755767
0.00743636
0.152962
0.0208403
0.0525979
0.101512
0.0251496
0.0100403
0.131992
0.0962561
0.0272161
0.170871
0.097448
0.131992
0.0696696
0.00181607
0.0864808
0.097448
0.00220003
0.0293968
0.0622797
0.179848
0.0316931
0.0164298
0.0136178
0.0179733
0.0962561
0.00501841
0.16232
0.118904
0.0100403
0.0272161
0.078196
0.00630777
0.097448
0.118904
0.16232
0.082728
0.0164298
0.0149789
0.078196
0.0213511
0.16232
-2.5145e-05
0.19917
0.170871
0.0208403
0.125288
0.0293968
0.00418084
0.0111522
0.00145744
0.179848
0.154175
0.145877
0.0618338
0.0100403
-0.000499807
0.00350369
0.082728
0.0048282
0.0819387
0.00714103
0.154175
0.139017
0.0021294
0.179848
0.0348535
0.000189876
0.00418084
0.170871
0.228701
0.000189876
0.113962
0.244379
0.179848
0.0734937
0.00891618
0.0618338
0.0581626
-0.000628843
0.0496738
0.0738444
0.034107
0.0496738
0.101512
0.0442397
0.0156944
0.146418
0.167599
0.0111522
0.0819387
0.0912496
0.00418084
0.0168825
0.179848
0.00112383
0.0272161
0.077613
0.00257131
0.0231955
0.0588934
0.0149789
-0.000499807
0.170871
0.0213511
0.0222995
0.0656678
0.025448
-0.000175978
0.170871
0.0179733
0.138998
0.0196122
0.125288
0.220471
0.0145673
0.00135823
0.00891618
0.0581626
-0.000789929
0.139029
0.0136178
0.0962561
0.170871
0.0164298
0.019453
0.102746
-2.5145e-05
0.0208403
0.0136178
0.0618338
0.00181607
0.0181347
0.231922
0.0136178
0.092349
0.0271454
0.00714103
0.113962
0.0512921
0.00418084
0.0035919
0.0136178
0.363709
0.220471
0.0420937
0.0100403
0.0656678
0.0442397
0.0912496
0.00257131
0.0525979
0.0021294
-0.000789929
0.0164298
0.19917
0.00304419
0.0420937
0.179848
0.0442397
0.0124791
-0.000609327
0.000530169
0.0293968
-0.000357715
0.00304419
-0.000499807
0.220471
0.0035919
0.231922
-0.000366822
0.0123435
0.0293968
-2.5145e-05
0.0734937
0.0864808
0.102746
0.113962
0.189273
0.00891618
0.0696696
0.00257131
0.0393164
0.00815157
0.125288
0.0912496
3.39058e-05
-0.000357715
0.231922
-0.000175978
0.0272161
0.0696696
-0.000366822
0.0546501
0.131992
0.276025
-0.000771664
0.0134968
-0.000499807
0.00614697
0.0179733
0.0546501
0.000714642
0.0179733
0.0168825
0.0123435
-0.000771664
0.170871
0.209561
0.0393164
0.0124791
0.146418
0.0874441
0.0450191
0.189273
0.0468898
0.0696696
0.170871
0.138988
0.0179733
0.243965
0.092349
0.0581626
0.220471
0.000814844
-0.000499807
0.0393027
0.0124791
0.139029
0.0156944
0.0251496
-0.000789929
0.0738444
0.0179733
0.0231955
0.125983
0.0581626
0.0048282
0.0048282
-0.000175978
0.00260946
0.125983
0.138998
0.0738444
0.0316931
0.0450191
0.0145673
0.125288
0.0695711
0.146418
0.034107
0.0271454
0.112822
-0.000499807
0.00305707
0.00172644
0.0556687
0.0819387
0.179848
0.0546501
0.175073
0.0222995
0.0874441
0.00501841
0.082728
0.00630777
0.00900366
0.0656678
0.139029
0.0588934
0.291939
0.092349
0.078196
0.189273
0.101512
0.0164298
0.00556663
0.0618338
-0.000366822
0.0695711
-0.000771664
0.146418
0.0115126
0.16232
0.00257131
0.0581626
0.118904
-0.000795773
0.0271454
0.00803852
0.077613
0.00900366
0.00501841
0.0168825
0.0588934
0.0181347
0.00676894
-0.000771664
0.0168825
0.0251496
0.0468898
0.0208403
-0.000509131
0.0874441
0.0738444
-0.000175978
0.000269723
0.145879
0.00172644
0.00556663
-0.000357715
-0.000771664
0.0450191
0.00891618
0.0738444
0.0010216
0.034107
0.00891618
0.152957
0.19917
0.00220003
0.0370303
0.189273
0.0293968
0.0622797
-0.000366822
0.170871
0.0111522
0.10703
0.0370303
0.0123435
0.0179733
0.0010216
0.231922
0.0496738
0.00900366
0.0450191
0.0496738
0.0164298
0.0581626
-2.5145e-05
0.00398697
0.0048282
0.0316931
0.0622797
-0.000499807
0.0145673
0.243965
0.0581626
0.0874441
0.0348535
-0.000771664
0.0115126
0.0546501
0.0393027
-0.000609327
0.0035919
0.00803852
0.00501841
-0.000695033
0.0450191
0.0480835
0.0196122
-0.000175978
0.00630777
0.0370303
-0.000175978
0.00714103
0.0156944
0.125288
0.0738444
0.0581626
0.0417174
0.0874441
0.154175
0.097448
0.0450191
0.00614697
0.209561
0.0912496
0.0658361
0.0208403
-0.000509131
0.113962
0.000714642
0.0581626
0.0962561
0.101512
0.0546501
0.00172644
0.00398697
0.00803852
0.0512921
0.0556687
-0.000755767
0.00112383
0.355761
0.000530169
0.0581626
-0.000609327
0.0417174
0.0525979
0.189273
-0.000209472
0.00630777
0.209561
0.0450191
0.00398697
0.112822
0.0123435
0.00676894
0.034107
0.0179733
0.0695711
0.101512
0.0327808
0.170871
0.0181347
-0.000628843
0.00900366
0.0370303
0.209561
0.00135823
0.189273
0.0181347
-0.000755767
0.101512
0.0327808
0.154175
0.0695711
0.00553688
0.0819387
0.00803852
0.0874441
0.00398697
0.112822
0.0272161
0.0164298
0.154175
0.0496738
0.0021294
0.00743636
0.0035919
0.00803852
0.102746
0.00220003
0.00260946
0.0348535
0.0556687
0.0196122
0.118904
0.00260946
0.097448
0.179848
0.0272161
0.0496738
0.0738444
0.0272161
-2.5145e-05
0.0168825
0.0164298
0.0393027
0.0658361
0.0393164
0.082728
0.025448
0.0149789
0.0874441
0.0048282
0.189273
0.160223
0.0618338
0.092349
0.19917
0.0442397
0.034107
0.000814844
0.131992
0.0656678
-0.000771664
0.0136178
0.019453
0.160213
0.0111522
0.139029
0.00973107
0.00973107
0.00553688
0.139029
-0.000209472
0.189273
0.077613
0.170871
0.10703
0.0164298
0.209561
0.0393164
0.170871
0.019453
0.00305707
0.0348535
0.0512921
0.0393027
0.179848
0.0271454
0.0196122
0.0048282
0.125983
0.0468898
0.0480835
0.0480835
0.0289305
0.077613
0.077613
0.000269723
0.112822
0.0393027
0.0658361
0.000814844
-2.5145e-05
0.0864808
0.113962
0.179848
0.00257131
0.0021294
-0.000357715
-0.000755767
0.102746
0.0546501
0.0370303
0.125288
0.154175
0.00900366
0.092349
0.0149789
0.113962
0.0556687
0.0450191
0.0912496
0.118904
0.252254
0.125983
0.00305707
0.0912496
-0.000499807
0.0912496
0.082728
0.0393164
0.0272161
0.131992
0.213166
0.205467
0.0581626
0.0496738
0.108249
0.000714642
0.16232
0.138998
0.179848
0.0420937
0.243965
0.0468898
0.00714103
0.00135823
0.0272161
-0.000609327
0.0874441
0.00900366
0.0271454
0.0962561
0.0134968
0.0021294
0.00743636
0.0136178
0.131992
0.0181347
0.0525979
0.220471
0.0149789
-0.000795773
0.0149789
0.167606
0.154175
0.0393164
0.118904
0.0450191
0.0819387
0.00973107
0.0695711
0.00257131
0.082728
0.0393164
-0.000755767
0.0208403
0.0208403
0.0124791
0.0874441
0.197801
0.00501841
0.0962561
0.00112383
0.125288
-0.000628843
0.101512
0.00900366
0.092349
0.0480835
0.0316931
0.16232
0.13902
0.0213511
-0.000795773
0.0420937
0.19917
-2.5145e-05
0.0316931
0.0480835
0.00553688
0.236525
0.0348535
0.00900366
0.00630777
0.170871
0.0512921
-0.000695033
0.0512921
0.00630777
0.0289305
0.0393164
0.0546501
0.10703
0.125288
0.146418
0.0316931
0.10703
0.0696696
0.00676894
0.0962561
0.0021294
0.190177
0.0420937
0.0656678
0.0048282
-0.000209472
0.170871
-0.000209472
0.000269723
0.0864808
0.19917
0.00398697
0.0738444
0.0111522
-0.000209472
0.209561
0.0111522
0.0912496
0.0874441
0.00172644
0.0272161
0.00630777
0.00630777
0.0164298
0.00172644
0.0864808
0.0525979
0.243967
0.00145744
0.175079
0.125983
-0.000366822
0.0874441
0.118904
0.00304419
-0.000755767
-0.000175978
0.00398697
0.0588934
0.10703
0.209561
0.0010216
0.108249
0.00714103
0.00257131
0.00743636
0.000714642
-0.000716293
0.146418
0.077613
-0.000795773
0.0618338
0.243967
0.0035919
-0.000609327
0.0738444
0.0251496
0.0308077
0.0864808
0.0912496
0.102746
0.131992
0.0021294
0.00398697
0.231922
0.118904
0.0035919
3.39058e-05
0.0251496
0.0272161
0.167606
0.0450191
0.0581626
0.0035919
0.0588934
0.131992
0.0010216
0.0231955
0.0864808
0.0145673
0.034107
0.097448
0.097448
0.125288
0.0618338
0.0168825
0.0100403
0.0123435
0.000436989
0.113962
0.154175
0.118904
0.000189876
0.101512
0.00556663
0.000530169
0.0123435
0.0196122
0.16232
0.00135823
0.0512921
-0.000695033
0.0272161
0.025448
0.0658361
-0.000357715
0.0874441
0.0048282
0.0420937
0.102746
0.00304419
0.108249
0.283977
-0.000209472
0.00350369
0.146418
0.034107
0.0100403
0.0962561
0.220471
0.0136178
0.00630777
0.0289305
0.077613
0.138988
0.000814844
0.00135823
0.179848
-0.000771664
0.034107
0.034107
0.0696696
-0.000366822
0.0420937
0.00181607
-0.000175978
0.00181607
0.243965
0.0136178
0.00172644
0.0512921
0.0136178
0.00630777
0.19917
0.0196122
0.000530169
0.0156944
0.0289305
-0.000209472
0.0420937
0.00614697
0.0272161
0.00973107
0.101512
0.189273
0.0417174
0.0134968
0.00135823
0.0149789
0.0111522
0.0417174
0.000269723
0.0272161
0.0496738
0.0696696
0.00743636
0.00305707
0.154175
0.0289305
0.0181347
0.00973107
0.170871
0.243963
0.19917
0.00743636
0.102746
0.0010216
0.125288
0.170871
0.00743636
0.034107
0.00714103
0.0289305
0.00614697
0.0581626
0.092349
0.00556663
0.00145744
0.0136178
0.025448
0.189273
0.00900366
0.0588934
0.0164298
0.0213511
0.0048282
0.0442397
0.0734937
0.00743636
0.036642
0.0251496
0.0105965
0.154175
0.16232
-0.000771664
0.0874441
0.0289305
0.0696696
0.182591
0.101512
0.0696696
-0.000795773
0.00418084
0.034107
0.00973107
-0.000175978
0.0164298
0.0417174
0.00305707
0.0196122
0.0213511
-0.000366822
0.0048282
0.0480835
0.154175
0.182604
0.154175
0.0213511
0.0105965
0.036642
0.0348535
-0.000366822
-0.000628843
0.170871
0.0010216
0.00630777
0.0370303
0.0656678
0.00630777
0.000189876
0.00501841
-0.000357715
0.0123435
0.0272161
0.0231955
-0.000209472
0.213166
0.19917
0.0622797
0.0164298
0.112822
0.0136178
0.00145744
0.138998
0.16232
-0.000209472
0.22092
0.0115126
0.276025
0.189273
0.209561
0.0588934
0.0512921
0.0021294
0.0512921
0.0134968
0.0100403
0.0496738
0.0393027
0.139029
0.197793
0.118904
0.0035919
-0.000175978
0.125288
0.0695711
0.025448
-0.000499807
0.146418
0.145878
0.0556687
0.00714103
0.101512
0.0327808
-0.000628843
0.0048282
-2.5145e-05
0.139029
0.0393164
0.00614697
0.0035919
0.0656678
0.0874441
-0.000789929
0.118904
0.0370303
0.00220003
0.0480835
0.0231955
0.077613
0.0179733
0.10703
-2.5145e-05
0.00220003
0.0123435
0.0316931
0.0156944
-0.000366822
0.0181347
0.152962
0.220465
0.0738444
0.228701
-0.000499807
-0.000795773
0.179848
0.0272161
0.0134968
0.00714103
0.0864808
0.00449248
0.0912496
0.0393164
0.0912496
0.209561
0.0656678
0.0618338
0.0222995
0.0912496
0.0695711
0.00418084
0.339815
0.0480835
0.0316931
0.182598
0.0546501
0.0134968
0.0696696
0.00305707
-0.000357715
0.00145744
0.0181347
0.228701
0.019453
-0.000628843
0.0480835
0.0136178
0.108249
0.22092
0.00305707
0.00614697
0.000189876
0.231922
0.0213511
0.252254
3.39058e-05
0.0222995
0.0251496
0.0450191
0.231922
0.189273
-2.5145e-05
0.112822
0.0021294
0.0293968
0.0308077
0.179848
0.19917
0.19917
0.154175
0.0272161
-0.000789929
0.00630777
0.00676894
0.00501841
-2.5145e-05
0.00449248
0.0293968
0.00803852
-0.000509131
0.175066
0.118904
0.0588934
0.00112383
0.0738444
0.145878
0.209561
0.170871
-0.000789929
0.102746
0.0238341
0.0272161
0.0874441
0.0480835
-0.000789929
0.0035919
0.0581626
0.209561
0.0316931
0.078196
0.118904
0.0149789
0.0496738
0.025448
0.0181347
0.000714642
0.00900366
0.00553688
0.139025
0.00260946
-0.000795773
-0.000509131
0.0819387
0.00630777
0.139029
0.0622797
-0.000609327
0.0588934
0.13902
0.0618338
-0.000499807
0.10703
0.19917
0.0308077
0.00305707
0.118904
0.160228
0.213166
-2.5145e-05
0.0115126
0.0164298
0.0123435
0.220471
0.0021294
0.0111522
0.19917
0.0348535
0.170871
0.0734937
0.0734937
0.00112383
3.39058e-05
0.0480835
0.000814844
0.19917
0.097448
0.0123435
0.252254
0.0272161
0.0618338
0.101512
0.00350369
-0.000499807
0.0149789
0.0468898
0.0393027
0.0168825
-0.000716293
0.0316931
0.0149789
0.0546501
0.00257131
0.112822
0.139029
0.000436989
0.0111522
-0.000175978
0.00220003
0.0231955
0.0468898
0.00145744
0.0149789
-0.000209472
-0.000209472
-0.000499807
0.0370303
-0.000357715
0.0196122
0.000436989
0.0231955
0.0231955
0.00501841
-0.000628843
0.0115126
0.0912496
0.034107
0.00350369
0.125288
0.00220003
0.0179733
0.00501841
0.00135823
0.189273
0.00743636
0.101512
0.0238341
0.0293968
0.078196
0.112822
0.0293968
0.146418
0.0136178
0.189273
0.13902
0.0316931
0.000714642
0.0238341
0.0450191
-0.000357715
0.0145673
0.0048282
0.154175
0.209561
0.209561
0.00803852
0.0293968
0.0021294
0.170871
0.00614697
0.0196122
-0.000789929
0.0546501
0.0272161
0.0149789
0.00181607
0.19017
0.131992
0.000436989
0.112822
0.0308077
0.00181607
0.154175
0.00257131
0.00304419
0.0179733
0.0512921
0.0156944
0.0442397
0.0222995
0.0181347
0.0327808
0.220471
0.0656678
0.0588934
0.0179733
-0.000175978
0.209561
0.0581626
0.0622797
0.00630777
0.0222995
0.0393164
0.00181607
0.0316931
0.0048282
0.025448
0.082728
0.154175
0.102746
0.0010216
0.0035919
-2.5145e-05
0.131992
-0.000795773
0.0035919
0.125288
0.0100403
0.00973107
0.139029
-0.000499807
0.291937
0.0145673
0.125288
0.00630777
0.082728
0.231922
0.0348535
0.0124791
-0.000789929
0.077613
0.0622797
0.112822
0.0393027
0.00305707
0.0525979
0.146418
0.0156944
0.102746
0.00553688
0.0293968
0.00630777
0.0864808
0.019453
0.0156944
0.0213511
0.0819387
0.0695711
0.118904
0.0231955
0.0348535
0.112822
0.00803852
0.036642
0.0874441
0.0181347
0.0819387
0.00350369
0.170871
0.0111522
0.036642
0.0546501
0.131992
0.16232
0.000714642
0.00630777
0.170871
0.16232
0.00304419
0.220471
0.243967
0.0213511
0.00891618
0.0145673
0.0480835
0.0581626
0.118904
0.00260946
0.0618338
0.16232
0.132353
0.0546501
-0.000716293
0.00803852
0.000436989
-0.000366822
0.000189876
0.0496738
-0.000755767
0.025448
0.0179733
0.0272161
0.0622797
0.101512
0.000436989
0.213166
0.034107
0.0696696
0.00900366
0.0442397
0.0316931
0.139029
0.000436989
0.0136178
0.146418
-0.000628843
0.00630777
0.145877
0.0231955
0.0696696
0.0293968
0.146418
0.00257131
0.209561
0.220471
0.00553688
0.0622797
0.0231955
0.036642
0.0734937
0.0450191
0.0393027
0.000530169
0.078196
0.0164298
0.0149789
0.0021294
0.0164298
0.0658361
0.108249
0.0251496
0.00145744
0.0962561
0.00172644
0.0149789
0.082728
0.0658361
0.131992
0.00304419
0.0546501
0.0581626
0.0581626
0.0588934
0.131992
0.0035919
0.0134968
0.118904
0.00630777
0.0734937
0.179848
0.0123435
0.299908
0.0308077
0.125288
0.00398697
0.0468898
0.0912496
0.0393027
0.131992
0.00714103
0.00257131
0.078196
0.0496738
0.243965
0.182598
0.00418084
0.0308077
0.0145673
0.025448
0.0111522
0.243965
0.0123435
0.000530169
0.0581626
0.20546
0.209561
0.0213511
0.00260946
0.0450191
0.0622797
0.077613
0.0512921
0.0164298
0.00553688
0.0272161
0.112822
0.00220003
0.268085
0.00803852
0.0962561
0.00304419
0.101512
0.0156944
0.0512921
0.0316931
0.118904
0.0181347
0.0105965
0.00630777
0.0874441
0.00172644
0.236516
0.231922
0.197793
0.0136178
0.179848
0.00556663
0.0271454
0.113962
3.39058e-05
-0.000695033
0.0420937
0.112822
0.0196122
0.0134968
0.0656678
0.154175
0.0393164
0.00891618
0.034107
0.179848
0.0213511
0.0231955
0.112822
0.10703
0.077613
-0.000175978
0.00350369
0.0149789
0.0556687
0.000436989
0.00553688
0.0738444
0.146418
0.00891618
0.125983
0.0496738
0.118904
0.0035919
0.097448
-0.000695033
0.0962561
0.00418084
0.0556687
0.0231955
0.000189876
0.179848
0.00973107
0.0696696
0.00630777
0.112822
0.00220003
0.179848
0.146418
0.00676894
0.00172644
0.0168825
0.19917
0.0010216
0.0123435
0.0581626
-0.000795773
0.034107
0.0231955
0.00305707
0.00553688
0.0251496
0.0035919
0.0738444
0.0168825
0.0124791
-0.000366822
0.139029
0.097448
0.0618338
0.209561
0.139029
0.019453
0.0145673
0.00891618
0.00891618
0.034107
0.0581626
0.0546501
0.0196122
0.146418
0.0348535
-0.000795773
0.113962
0.0208403
0.00714103
0.00803852
0.268085
0.244371
0.152962
0.244371
-0.000795773
0.0308077
0.036642
0.16232
0.0179733
0.0512921
0.0123435
-0.000716293
0.0115126
0.0695711
0.00556663
0.179848
0.000530169
0.0048282
0.0238341
0.16232
0.3398
0.19917
0.0164298
0.170871
0.0196122
0.0442397
0.0695711
0.0168825
0.00350369
0.125288
0.0251496
0.0100403
0.078196
0.108249
0.0238341
0.0442397
0.0168825
0.0238341
0.0618338
0.0271454
0.131992
0.000189876
0.0238341
0.108249
0.0316931
0.189273
0.0231955
0.000714642
0.00305707
-0.000357715
0.170871
0.0208403
0.097448
0.139029
0.0468898
0.0450191
0.0442397
0.10703
0.0100403
0.00181607
0.034107
0.0738444
0.146418
0.00743636
0.0316931
0.131992
0.0734937
0.243967
0.0105965
0.0272161
0.0874441
0.243967
0.034107
-0.000175978
0.0123435
0.0136178
0.0136178
0.0393027
0.00900366
0.00714103
-0.000357715
0.0962561
0.0962561
3.39058e-05
0.00743636
-0.000357715
0.0864808
0.0658361
0.112822
0.025448
0.0145673
0.16232
0.00630777
0.0581626
0.036642
0.00135823
0.0111522
0.0480835
0.0168825
0.0168825
0.0581626
0.179848
0.0696696
-2.5145e-05
0.0293968
0.0179733
0.0874441
0.0136178
0.00172644
0.101512
0.0145673
-0.000357715
0.113962
0.0316931
0.10703
0.139014
0.00973107
0.0035919
0.00676894
0.0136178
0.0222995
0.0179733
0.097448
-0.000795773
0.0656678
0.00304419
0.0251496
0.00900366
0.0450191
0.228701
0.00181607
0.138998
0.078196
0.0480835
0.00891618
0.0546501
0.0468898
0.000714642
0.0272161
0.0819387
0.00900366
0.0308077
0.00112383
0.0874441
0.10703
0.0696696
0.0450191
0.0179733
0.0658361
0.0348535
0.0100403
0.0293968
0.0123435
0.170871
0.170871
0.189273
0.034107
0.0179733
0.152962
0.000530169
0.0480835
0.209561
0.034107
3.39058e-05
0.118904
0.00630777
0.00630777
0.16232
0.0196122
0.0136178
0.0164298
0.0819387
0.0021294
0.108249
0.209561
0.078196
0.00501841
0.170871
0.152962
0.0420937
0.0293968
0.0164298
0.0293968
-0.000609327
0.0442397
0.0622797
0.131992
0.108249
0.0618338
0.0251496
0.0048282
0.00398697
0.16232
0.220471
-0.000609327
0.0289305
0.034107
0.102746
0.220471
0.0251496
0.00556663
0.0149789
0.0021294
-0.000628843
-0.000755767
0.00714103
0.118904
0.0393027
0.036642
0.00553688
0.0420937
0.0271454
0.209561
0.0450191
-0.000789929
0.0251496
0.118904
0.0525979
0.00803852
0.034107
0.00743636
0.092349
0.0124791
0.0556687
0.0864808
0.26016
0.231922
0.0111522
0.0546501
0.16232
0.0272161
0.182598
0.000530169
0.170871
0.0962561
0.00614697
0.0251496
0.0734937
0.0874441
0.0556687
0.0293968
0.0512921
0.0048282
3.39058e-05
0.00449248
0.113962
0.00304419
0.00553688
0.0480835
0.00418084
0.209561
0.0556687
0.0145673
0.0656678
-2.5145e-05
0.0272161
0.0738444
0.00553688
0.00350369
-0.000209472
0.0048282
0.0512921
0.00305707
-2.5145e-05
0.10703
0.0136178
0.231922
0.000436989
0.19917
0.0450191
0.118904
0.0136178
-0.000771664
0.189273
0.019453
0.0656678
0.112822
0.0021294
0.10703
0.0213511
0.0738444
0.0251496
0.00145744
0.0450191
0.209561
0.0696696
0.102746
0.00398697
0.190177
0.00973107
0.0111522
0.19017
0.0912496
0.0393027
0.19917
0.0149789
0.00743636
0.0100403
0.00803852
0.0123435
0.118904
0.00220003
0.0696696
0.0231955
-0.000175978
0.16232
0.0136178
0.197793
0.0420937
0.0164298
0.0293968
0.0696696
0.0525979
-0.000716293
0.0164298
0.034107
0.025448
0.0168825
-0.000795773
0.0496738
0.170871
0.000530169
0.0100403
0.0181347
0.132367
0.097448
0.160213
0.00501841
0.00135823
0.0293968
0.0696696
-0.000755767
0.0696696
0.00260946
0.0100403
0.179848
0.097448
0.0115126
0.0546501
0.0450191
0.00449248
0.0010216
0.16232
0.0123435
0.000189876
-0.000628843
0.0581626
0.179848
0.078196
0.00714103
0.0231955
0.0738444
0.0618338
0.00891618
0.0208403
0.0738444
0.00553688
0.082728
-2.5145e-05
0.0213511
0.112822
0.00743636
0.0251496
0.0156944
0.299905
0.00614697
0.097448
0.0124791
0.00305707
0.112822
0.00803852
0.0293968
0.034107
0.097448
0.0316931
0.0136178
0.00556663
0.179848
0.036642
0.139017
0.0208403
0.220471
-0.000789929
0.19917
0.154175
0.0588934
0.112822
0.00304419
0.0134968
0.034107
0.0021294
0.00630777
0.19917
0.000436989
-0.000499807
0.0179733
0.189273
0.16232
0.0480835
0.10703
0.0962561
0.0272161
0.092349
0.0181347
0.0734937
0.0181347
0.0468898
0.00305707
0.000189876
0.0231955
0.170871
0.0480835
0.00449248
0.189273
0.231922
0.077613
0.0556687
0.0231955
0.0874441
0.170871
0.0480835
0.00630777
0.236525
0.0327808
0.0618338
0.0105965
0.000189876
0.0145673
0.00891618
0.16232
0.0124791
0.132353
0.0696696
0.0912496
0.00172644
0.0100403
0.0293968
0.0546501
0.22871
0.0293968
0.209561
0.243963
0.00398697
0.0100403
0.078196
0.00676894
0.209561
0.0272161
0.077613
0.0271454
0.00260946
0.092349
0.097448
0.0734937
-0.000509131
0.00449248
0.00553688
0.0316931
0.102746
0.00418084
0.00614697
0.0864808
0.0293968
0.025448
0.0316931
0.0316931
0.000814844
0.209561
0.00305707
0.092349
0.170871
0.077613
0.139029
0.0308077
0.00714103
-0.000771664
0.00714103
0.0819387
0.0213511
0.131992
0.00630777
0.00305707
0.00803852
0.0420937
-0.000795773
0.034107
0.139003
0.00553688
0.102746
0.0222995
0.0231955
0.0450191
0.243963
0.0231955
0.000189876
0.236516
0.197793
0.139025
0.108249
0.19917
0.00501841
0.0546501
0.231922
0.00973107
-0.000175978
0.0222995
0.0179733
0.077613
0.101512
-0.000628843
0.231922
0.0168825
0.0658361
0.0213511
0.0289305
0.0213511
0.139025
0.19017
0.078196
0.228701
0.0864808
0.0035919
0.00181607
0.19917
0.00145744
0.097448
0.019453
0.0156944
0.0738444
0.0348535
0.0525979
0.077613
0.00676894
-0.000795773
-0.000755767
0.113962
0.146418
0.131992
0.0348535
0.209561
0.179848
0.0581626
0.0512921
0.00803852
0.036642
0.0231955
0.0420937
0.0316931
0.0962561
0.00501841
-0.000509131
0.0912496
0.025448
-0.000499807
0.0251496
0.112822
0.0316931
0.082728
0.152964
0.0145673
0.179848
0.19917
3.39058e-05
0.0556687
0.092349
0.146418
0.092349
0.000189876
0.0696696
0.146418
0.078196
0.189273
0.00418084
0.125288
0.00181607
0.0164298
0.00304419
0.00900366
0.025448
0.0556687
0.00220003
0.00350369
0.00350369
0.0289305
0.00815157
0.101512
0.0656678
0.0546501
0.0393027
-0.000509131
0.0442397
0.0134968
0.034107
0.102746
0.243967
0.189273
0.0622797
0.0512921
0.078196
-0.000175978
0.00630777
0.00135823
0.0696696
0.0450191
0.00260946
0.101512
0.0251496
0.283977
0.00304419
0.10703
0.00181607
0.170871
0.00305707
0.179848
0.00803852
0.0316931
0.0115126
0.000436989
0.0468898
0.0618338
0.0480835
0.108249
0.0327808
0.139029
-0.000628843
0.00743636
0.00257131
0.00743636
0.00135823
0.00900366
0.00449248
0.0134968
0.00630777
-0.000795773
0.000530169
0.034107
0.0695711
0.146418
0.0588934
0.0164298
0.0912496
0.101512
0.0556687
0.00900366
0.0021294
0.036642
0.0622797
0.082728
0.00257131
0.00305707
-0.000716293
-0.000695033
0.0168825
0.0179733
0.0100403
0.101512
0.0480835
0.0442397
0.125288
0.0450191
0.000814844
0.077613
0.179848
0.077613
0.0136178
0.00553688
0.034107
0.0272161
0.0115126
0.00449248
0.175073
0.125288
0.0588934
0.092349
0.0272161
0.299905
0.0105965
0.00305707
0.00305707
0.0512921
0.00714103
0.077613
0.00181607
0.0293968
0.0348535
0.00418084
0.034107
0.112822
0.10703
0.036642
-0.000499807
0.19917
0.0525979
0.00676894
-0.000771664
0.145875
0.113962
0.189273
0.268085
0.00553688
0.00172644
0.00220003
0.0222995
0.146418
0.034107
0.00172644
0.0179733
0.0316931
0.0622797
0.167612
0.0370303
0.00350369
0.00449248
0.000714642
-2.5145e-05
0.0179733
0.00398697
0.0696696
0.0010216
0.0222995
0.036642
0.0238341
0.113962
0.00145744
0.0111522
0.00305707
0.0734937
0.209561
-0.000755767
0.0420937
0.0136178
0.131992
0.00676894
0.220471
0.0316931
0.077613
0.331828
0.0622797
0.0468898
0.231922
0.0556687
0.139029
0.0271454
0.0512921
-0.000175978
0.132353
0.19917
0.154175
0.0164298
0.0168825
0.082728
0.00803852
-0.000175978
-0.000609327
0.0393164
0.0111522
0.0272161
0.0525979
0.077613
-0.000499807
0.170871
0.0251496
-2.5145e-05
0.025448
0.000269723
0.0480835
0.082728
0.0734937
0.00553688
0.167606
0.112822
-0.000755767
0.0738444
0.0293968
0.0618338
0.139025
0.139023
0.10703
0.082728
0.0588934
0.0179733
0.0695711
0.0149789
0.0123435
0.0734937
0.00803852
0.0393164
-0.000695033
0.0021294
0.00501841
0.082728
0.102746
0.125288
0.209561
0.025448
-0.000755767
0.00145744
0.0556687
0.00260946
0.0048282
0.0021294
0.0181347
0.078196
0.0556687
0.170871
0.209561
0.000714642
0.0525979
0.0272161
0.034107
0.0010216
0.0480835
0.00398697
-0.000357715
0.113962
0.220471
0.19917
0.00257131
0.146418
0.0115126
0.00815157
0.179848
0.00614697
0.19917
0.0168825
0.0370303
0.0658361
-0.000609327
-0.000175978
0.00135823
0.097448
0.0145673
0.19917
0.00305707
-0.000771664
0.0695711
-0.000499807
0.0100403
0.0100403
0.0588934
0.189273
0.209561
0.0546501
0.112822
0.0238341
0.0525979
0.0819387
0.00350369
-2.5145e-05
0.0149789
0.034107
0.0316931
0.00973107
0.000814844
0.034107
0.00900366
0.0149789
0.077613
0.00172644
0.0696696
0.00676894
0.092349
0.00803852
0.036642
0.0156944
0.0696696
0.00172644
0.00714103
0.0010216
0.0696696
0.0308077
0.0271454
0.101512
0.179848
0.154175
0.0100403
0.0179733
0.154175
0.0581626
0.000189876
0.0149789
0.0168825
0.0546501
0.0213511
0.0010216
0.231922
-0.000209472
0.0123435
0.092349
0.244379
0.0658361
-0.000366822
0.0272161
3.39058e-05
0.00556663
0.112822
0.00973107
0.00714103
0.113962
0.125983
0.0480835
0.125288
0.097448
0.0010216
0.0874441
0.189273
0.139029
0.0480835
0.0021294
0.26016
0.00803852
0.125288
0.00501841
0.0010216
0.0864808
0.0100403
0.0370303
0.189273
0.0222995
0.0546501
0.175066
0.00553688
0.160228
0.102746
0.0208403
0.0393027
-2.5145e-05
0.0149789
0.0123435
0.000714642
0.00743636
0.0293968
0.118904
0.0556687
0.0021294
0.0622797
0.0156944
0.0149789
0.0556687
0.0134968
0.0546501
0.0420937
0.0618338
0.0208403
0.0156944
0.0213511
0.0136178
0.00172644
0.0179733
-0.000755767
0.000814844
0.0111522
0.0149789
0.0124791
0.0370303
0.209561
-0.000175978
0.179848
0.00305707
0.082728
0.0213511
-0.000771664
0.220471
0.0622797
0.00743636
0.112822
0.0734937
-0.000628843
0.0962561
0.00973107
0.0164298
0.170871
0.0393164
0.077613
0.00257131
-0.000755767
0.0293968
0.0231955
0.00630777
0.146418
0.139029
0.0308077
0.113962
0.189273
0.0696696
0.0618338
0.00350369
0.0289305
0.0581626
0.00743636
0.0021294
0.0168825
0.0696696
0.00714103
0.0181347
-0.000789929
0.000814844
0.0327808
0.00135823
3.39058e-05
0.0442397
0.00260946
0.0658361
0.00891618
-2.5145e-05
0.0327808
0.0048282
0.000814844
0.00172644
0.209561
0.019453
0.0546501
0.220471
0.00135823
0.0035919
0.0618338
0.0134968
-0.000716293
0.0010216
0.092349
0.152962
0.154175
0.000189876
0.182591
0.101512
0.152959
0.00135823
0.0124791
0.0208403
0.097448
0.00714103
3.39058e-05
0.0111522
0.0124791
0.0695711
0.0480835
-0.000795773
0.0512921
0.0196122
0.036642
0.00257131
0.0480835
0.00973107
-0.000366822
0.125983
0.0696696
0.0010216
0.154175
0.00304419
0.00743636
0.243963
0.19917
0.139029
0.000530169
0.0819387
0.00304419
0.0581626
0.00891618
0.112822
0.00891618
0.139025
0.0316931
0.170871
3.39058e-05
0.243965
0.19917
0.00181607
0.10703
0.0035919
0.243965
0.000436989
0.0100403
-0.000795773
0.025448
0.0179733
0.0393027
0.112822
0.00803852
0.0393027
0.146418
0.00714103
-0.000789929
0.0272161
0.0658361
0.0196122
0.0123435
0.220471
0.00714103
0.209561
0.092349
0.019453
0.036642
0.034107
0.0696696
-0.000499807
0.00449248
0.170871
0.152959
0.00556663
0.092349
0.0251496
0.078196
0.0393164
0.0164298
0.323842
0.102746
0.00676894
0.00614697
0.0496738
0.10703
0.00714103
0.190177
0.154175
0.0581626
0.00305707
0.000436989
0.00398697
0.0393027
-0.000175978
-0.000755767
0.154175
3.39058e-05
0.0251496
0.0010216
0.0912496
0.00676894
0.252254
0.00743636
0.00257131
0.000814844
0.0618338
0.19917
0.160218
0.00676894
0.0450191
0.0450191
0.00556663
0.0420937
0.26016
0.0696696
0.0316931
0.0962561
0.0556687
0.0134968
0.0164298
0.167599
0.0864808
0.00305707
0.0100403
0.00891618
0.0164298
0.00305707
0.00803852
0.0181347
0.00553688
0.00630777
0.0124791
0.097448
0.0738444
0.0293968
0.182598
0.0021294
0.0145673
0.034107
0.0618338
0.0272161
0.0622797
0.082728
0.0738444
0.0136178
0.0021294
0.0100403
0.0123435
0.0348535
0.0738444
0.0010216
0.0556687
0.0874441
0.00714103
0.0393027
0.00556663
0.0450191
0.10703
0.0145673
0.00305707
0.00614697
0.00112383
0.0912496
0.0738444
0.0289305
0.0123435
0.0546501
0.0115126
0.0348535
0.00304419
0.034107
0.0105965
0.0512921
0.0393164
0.0588934
0.00350369
0.179848
0.0316931
0.00181607
0.0512921
0.0149789
0.019453
0.0136178
0.0496738
-2.5145e-05
0.000714642
0.0145673
0.00614697
0.00973107
0.0738444
0.082728
0.00172644
0.00803852
0.0213511
0.0196122
0.0695711
0.00501841
-0.000499807
0.0695711
0.0348535
0.0134968
-0.000609327
0.00305707
0.113962
0.0656678
0.00714103
0.000814844
-0.000366822
0.112822
0.179848
0.170871
0.0656678
-0.000716293
0.0196122
0.138998
0.179848
0.0696696
0.118904
0.00220003
-0.000716293
-0.000499807
0.243965
0.0874441
0.0136178
0.0480835
0.112822
0.0696696
-0.000357715
0.0208403
0.0251496
0.102746
0.077613
0.189273
0.0111522
0.0480835
0.19917
0.101512
-0.000175978
0.0134968
-0.000695033
-0.000357715
0.00112383
0.0393027
0.0420937
0.025448
0.113962
0.092349
0.00973107
0.0696696
0.0111522
0.0115126
0.0658361
0.00305707
0.0196122
0.0231955
0.0656678
0.0231955
0.0136178
0.000530169
0.0512921
0.0468898
0.112822
-0.000209472
0.000436989
0.0213511
0.0480835
0.0293968
0.139029
0.0021294
3.39058e-05
0.16232
0.00900366
0.0417174
0.00714103
0.00553688
0.0048282
0.146418
0.0738444
-0.000209472
0.00257131
-0.000366822
0.10703
0.00743636
-0.000716293
0.0962561
0.0450191
0.0156944
0.0696696
0.00815157
0.0480835
0.0010216
0.00891618
0.0734937
0.0738444
0.0348535
-0.000366822
0.0546501
0.0179733
0.283977
0.097448
0.131992
0.00418084
0.0010216
0.0196122
0.0251496
0.000436989
0.0450191
0.139003
0.175059
0.000814844
0.139003
0.00350369
0.0179733
0.0048282
0.00145744
0.0546501
0.0213511
0.0468898
0.036642
0.034107
0.00803852
0.101512
0.000269723
0.0912496
0.113962
0.00418084
0.00220003
0.0695711
0.0181347
0.00630777
0.131992
0.019453
0.0622797
-0.000716293
0.0864808
0.0420937
0.139029
0.0525979
0.146418
0.000814844
0.0134968
0.0496738
0.213175
0.078196
0.019453
0.00260946
0.0271454
0.00304419
0.19917
0.0819387
0.0512921
0.00257131
0.0442397
0.0134968
0.220471
0.025448
0.097448
0.0100403
0.0231955
-0.000755767
-0.000795773
-0.000509131
0.0035919
0.00260946
0.034107
0.00614697
0.082728
0.189273
0.0145673
0.146418
0.0213511
0.101512
0.000189876
0.160218
0.112822
0.125288
0.139029
0.220471
0.034107
0.112822
0.082728
0.0468898
0.0181347
0.0156944
0.00398697
0.118904
3.39058e-05
0.00501841
0.0316931
0.0480835
0.209561
-0.000175978
0.0738444
-0.000795773
0.0450191
0.000814844
0.082728
0.0048282
-0.000209472
0.0156944
0.170871
0.139027
-0.000695033
-0.000771664
0.0316931
0.00803852
0.0512921
0.0251496
0.0100403
0.101512
0.0208403
0.139029
0.00900366
0.0393027
0.139003
0.209561
-0.000628843
0.0208403
0.00305707
-0.000695033
0.252261
0.209561
0.0618338
-2.5145e-05
0.00304419
0.0289305
0.0525979
0.0251496
0.00350369
0.0450191
-0.000209472
-0.000795773
0.0196122
0.00676894
0.000269723
0.113962
0.108249
0.0136178
0.0111522
0.139029
0.0251496
0.101512
0.00714103
0.0588934
0.167599
0.102746
0.00630777
0.00803852
0.0734937
0.10703
0.0164298
0.112822
0.0393164
0.000436989
0.0293968
0.16232
0.00803852
0.000189876
0.0181347
0.13236
0.0658361
0.112822
0.125288
0.0450191
0.139029
0.0393027
0.0618338
0.132373
-0.000771664
0.077613
0.154175
0.179848
0.16232
0.102746
0.00418084
0.0156944
0.00112383
0.00257131
0.189273
0.00676894
0.00630777
0.00803852
0.00135823
0.0010216
0.00181607
0.0179733
0.139029
0.000814844
0.0100403
0.0819387
0.0496738
0.0393164
0.0164298
-0.000357715
0.0251496
0.00135823
0.0111522
0.0581626
0.0696696
0.139029
0.000436989
0.00181607
0.036642
0.0115126
0.0348535
0.0348535
0.108249
0.000714642
-0.000499807
0.101512
0.0179733
0.000714642
0.131992
0.019453
0.0293968
0.00714103
0.0819387
0.146418
0.00553688
0.00260946
0.154175
0.112822
0.118904
0.0156944
0.00112383
0.00220003
0.0231955
-0.000499807
0.00676894
0.00900366
0.0035919
0.00305707
0.19917
0.154175
0.154175
0.0179733
0.0272161
0.000269723
0.0035919
-0.000755767
0.0048282
0.179848
0.00398697
0.0179733
0.0348535
0.0656678
0.0179733
-0.000357715
0.0111522
0.00181607
0.0393164
0.0912496
0.179848
-0.000509131
0.00714103
0.0581626
0.139029
0.209561
0.00714103
0.034107
0.16232
0.132345
0.0156944
0.092349
0.00305707
0.00260946
0.0864808
0.0196122
-0.000366822
0.00803852
0.0819387
0.0696696
0.00418084
0.0271454
0.0450191
0.0480835
-2.5145e-05
0.0512921
0.0327808
0.112822
0.0238341
0.179848
0.179848
-0.000366822
0.0912496
0.0874441
0.0695711
0.146418
0.0819387
0.00714103
0.0864808
0.0480835
0.209561
0.209561
0.0695711
0.0696696
0.0136178
0.0581626
0.019453
0.036642
0.082728
-0.000716293
0.0289305
0.102746
0.209561
0.0912496
0.00305707
0.291939
0.0156944
0.00260946
0.0149789
0.000814844
-0.000357715
0.0213511
0.036642
0.243963
0.0293968
0.0738444
0.154175
0.019453
0.0164298
0.220471
0.0208403
0.00553688
-0.000755767
-0.000499807
0.00304419
-2.5145e-05
0.138998
0.108249
0.244379
0.0738444
0.131992
-0.000366822
0.20546
0.097448
0.0035919
0.0696696
0.0496738
0.0819387
0.154175
-0.000716293
0.0420937
-0.000716293
0.209561
0.179848
0.146418
0.179848
3.39058e-05
0.209561
0.00181607
0.000530169
0.0208403
0.0581626
0.00220003
0.10703
0.0164298
0.0819387
0.0145673
0.0123435
0.0035919
0.0420937
0.00815157
0.0393164
0.00257131
0.078196
0.0546501
0.034107
0.00135823
0.0546501
0.0695711
0.0556687
0.0695711
0.092349
0.154175
0.0100403
0.082728
-0.000609327
0.000814844
0.244379
0.108249
0.0222995
0.00900366
0.00815157
0.0420937
0.0738444
0.0370303
0.00305707
0.0546501
0.00172644
0.0136178
0.097448
0.0231955
0.00418084
-0.000755767
0.0213511
0.00305707
0.00449248
0.0196122
0.0581626
0.00112383
0.209561
0.0021294
0.0149789
0.0327808
0.170871
0.0316931
0.118904
0.0962561
0.00112383
0.00614697
-0.000771664
-0.000628843
0.00418084
-0.000499807
0.0962561
0.034107
0.0874441
0.0512921
-0.000695033
0.0556687
0.0738444
0.00112383
0.036642
-0.000366822
-0.000695033
0.0819387
0.0181347
0.0316931
0.20546
0.0738444
0.078196
0.0272161
0.16232
0.0819387
0.0695711
0.0546501
0.000714642
0.126009
0.00630777
0.0819387
-0.000695033
0.16232
0.034107
0.0864808
0.00398697
0.097448
0.152957
0.00803852
0.00803852
0.0168825
0.0658361
0.00418084
0.036642
0.00891618
0.0271454
0.077613
0.0035919
0.243963
0.0213511
0.0105965
0.036642
0.139029
0.154175
-0.000209472
-0.000175978
0.00260946
0.0546501
0.152953
0.00398697
0.0656678
0.209561
0.00172644
0.16232
-0.000755767
0.00112383
0.108249
0.000714642
0.078196
0.0293968
0.000530169
0.0496738
0.00630777
0.118904
0.077613
0.0512921
0.00676894
0.00630777
-0.000499807
0.00305707
0.139003
0.118904
0.0656678
-0.000209472
0.0213511
0.0293968
0.146418
0.179848
0.0618338
0.00803852
0.00145744
0.139029
0.00630777
0.16232
0.000189876
0.00743636
0.0656678
0.00614697
0.0656678
0.00501841
0.00145744
0.0231955
0.000714642
0.152957
0.0021294
0.00714103
0.078196
0.0134968
0.00676894
0.182604
0.0588934
0.000269723
0.0327808
-0.000209472
0.0111522
0.0164298
0.220471
0.0271454
0.0316931
0.231922
0.16232
-0.000628843
0.0100403
-0.000509131
0.209561
0.0134968
0.189273
0.0316931
0.113962
0.0734937
0.0048282
0.101512
0.220471
0.0442397
-0.000209472
0.0912496
0.0819387
0.025448
0.0556687
0.036642
0.0111522
0.0168825
0.16232
0.00257131
0.19917
0.16232
0.0420937
0.154175
0.00714103
0.00630777
0.000436989
0.132353
0.102746
0.000714642
0.00743636
0.0105965
0.0874441
0.0149789
0.101512
-0.000509131
0.108249
0.0164298
0.154175
0.0316931
0.00220003
0.0738444
0.0149789
0.189273
0.00614697
0.0123435
0.00172644
0.189273
0.00614697
0.0289305
0.0164298
0.00135823
0.125288
0.00553688
0.0272161
0.101512
0.00900366
0.0468898
0.0912496
0.0048282
0.189273
-0.000695033
0.0738444
0.00449248
0.00743636
0.0196122
0.00556663
0.0134968
0.077613
0.101512
0.00172644
0.0393164
0.0124791
0.00676894
-0.000789929
0.000714642
0.209561
0.131992
0.118904
-0.000695033
0.00449248
0.0048282
0.077613
0.000714642
0.036642
0.00900366
0.00418084
-0.000755767
0.0618338
0.0316931
0.0271454
0.0115126
0.0010216
0.0111522
0.0819387
0.0124791
0.0134968
0.19917
0.00501841
0.0136178
0.189273
-0.000755767
0.0696696
0.0512921
0.0100403
0.000530169
0.034107
0.220471
0.252254
0.00900366
0.0420937
0.0293968
0.036642
0.00714103
0.078196
0.000714642
0.260165
0.0442397
0.00398697
0.00815157
0.0272161
0.00304419
-0.000357715
0.036642
0.0738444
0.00418084
0.16232
0.00676894
0.0819387
0.0289305
0.0618338
0.131992
0.0208403
-0.000609327
0.00305707
0.0021294
0.00630777
0.0124791
-0.000499807
0.0293968
0.00112383
0.118904
0.0696696
0.0164298
0.0293968
0.00449248
0.175073
0.0179733
0.0420937
0.0021294
0.0149789
0.0450191
0.0115126
0.0512921
0.0105965
-0.000695033
0.0912496
-0.000628843
0.0327808
0.0912496
0.0181347
0.138998
0.0370303
0.0316931
0.0048282
0.0420937
0.0738444
0.252254
0.170871
0.000189876
0.0308077
0.0316931
0.0156944
-0.000175978
-0.000366822
0.125983
0.19917
0.146418
0.00630777
0.0525979
0.0293968
-2.5145e-05
-0.000509131
-0.000716293
0.00714103
0.0035919
0.283977
0.019453
0.132345
0.0164298
0.0420937
0.0512921
0.0480835
0.0370303
0.0251496
0.0213511
0.00181607
0.0272161
0.0864808
0.16232
-0.000175978
0.00350369
0.112822
0.220471
0.0658361
0.0420937
0.00172644
0.189273
0.0251496
0.0100403
0.0164298
0.146418
0.154175
0.231922
0.078196
0.00304419
0.000189876
0.16232
0.00304419
0.131992
0.0168825
0.097448
0.0658361
3.39058e-05
0.000814844
-0.000716293
0.0316931
-0.000695033
0.0656678
-0.000366822
0.00220003
0.0417174
0.154175
0.0168825
0.00501841
0.19017
0.189273
0.0393164
0.0370303
0.0111522
0.0658361
0.0327808
0.0450191
0.0196122
0.025448
0.0581626
0.0271454
0.231922
0.0179733
0.0179733
0.220471
0.0496738
0.0164298
0.101512
0.00676894
0.00614697
0.00220003
0.0164298
0.0308077
0.236525
0.118904
0.0819387
0.0393027
0.0316931
-2.5145e-05
0.0196122
0.00714103
0.0231955
0.19917
0.0111522
0.0179733
0.0145673
0.0111522
0.0656678
0.125983
0.108249
0.0658361
0.00743636
0.0213511
0.0417174
0.220471
0.00304419
0.00220003
0.179848
0.0581626
-0.000209472
0.00172644
-0.000499807
0.00257131
0.347782
0.0496738
0.00556663
0.0546501
0.0370303
0.0179733
0.0272161
0.0468898
0.0100403
0.00973107
0.00418084
0.00803852
0.0581626
0.0658361
0.00304419
0.0327808
0.00260946
0.0656678
0.0581626
0.0420937
0.13236
0.0134968
0.00803852
0.0222995
0.0734937
0.0327808
0.0546501
0.00257131
0.102746
-0.000209472
0.0272161
-0.000695033
0.0738444
0.16232
0.228701
0.00135823
0.231922
0.00220003
0.0696696
0.131992
0.0420937
0.170871
0.0442397
0.036642
0.0738444
0.000436989
0.0222995
0.0962561
0.0316931
0.00803852
0.00815157
0.0512921
0.0181347
0.00172644
0.0420937
0.145875
0.00350369
0.197793
0.0134968
0.118904
0.179848
0.10703
0.0618338
0.0289305
0.00304419
0.0696696
0.0181347
0.0450191
-0.000357715
0.077613
0.0480835
0.078196
0.139029
0.00973107
0.0556687
0.078196
0.0622797
0.0136178
0.078196
0.0348535
-0.000771664
0.077613
0.0393164
0.00418084
0.00172644
0.0316931
0.0874441
-0.000771664
0.036642
0.0181347
