-0.0904498
-0.0894554
-0.088461
-0.0874666
-0.0864722
-0.0854778
-0.0844835
-0.0834891
-0.0824947
-0.0815003
-0.0805059
-0.0795115
-0.0785172
-0.0775228
-0.0765284
-0.075534
-0.0745396
-0.0735452
-0.0725509
-0.0715565
-0.0705621
-0.0695677
-0.0685733
-0.0675789
-0.0665845
-0.0655902
-0.0645958
-0.0636014
-0.062607
-0.0616126
-0.0606182
-0.0596239
-0.0586295
-0.0576351
-0.0566407
-0.0556463
-0.0546519
-0.0536576
-0.0526632
-0.0516688
-0.0506744
-0.04968
-0.0486856
-0.0476912
-0.0466969
-0.0457025
-0.0447081
-0.0437137
-0.0427193
-0.0417249
-0.0407306
-0.0397362
-0.0387418
-0.0377474
-0.036753
-0.0357586
-0.0347643
-0.0337699
-0.0327755
-0.0317811
-0.0307867
-0.0297923
-0.0287979
-0.0278036
-0.0268092
-0.0258148
-0.0248204
-0.023826
-0.0228316
-0.0218373
-0.0208429
-0.0198485
-0.0188541
-0.0178597
-0.0168653
-0.015871
-0.0148766
-0.0138822
-0.0128878
-0.0118934
-0.010899
-0.00990465
-0.00891027
-0.00791588
-0.0069215
-0.00592711
-0.00493273
-0.00393834
-0.00294396
-0.00194958
-0.000955192
3.91926e-05
0.00103358
0.00202796
0.00302235
0.00401673
0.00501111
0.0060055
0.00699988
0.00799427
0.00898865
0.00998303
0.0109774
0.0119718
0.0129662
0.0139606
0.014955
0.0159493
0.0169437
0.0179381
0.0189325
0.0199269
0.0209213
0.0219156
0.02291
0.0239044
0.0248988
0.0258932
0.0268876
0.027882
0.0288763
0.0298707
0.0308651
0.0318595
0.0328539
0.0338483
0.0348426
0.035837
0.0368314
0.0378258
0.0388202
0.0398146
0.0408089
0.0418033
0.0427977
0.0437921
0.0447865
0.0457809
0.0467753
0.0477696
0.048764
0.0497584
0.0507528
0.0517472
0.0527416
0.0537359
0.0547303
0.0557247
0.0567191
0.0577135
0.0587079
0.0597022
0.0606966
0.061691
0.0626854
0.0636798
0.0646742
0.0656686
0.0666629
0.0676573
0.0686517
0.0696461
0.0706405
0.0716349
0.0726292
0.0736236
0.074618
0.0756124
0.0766068
