-0.171273
-0.171273
-0.171273
-0.171273
-0.171273
-0.171273
-0.171273
-0.171273
-0.171273
-0.171273
-0.171273
-0.171273
-0.171273
-0.171273
-0.171273
-0.171273
-0.171273
-0.171273
-0.171273
-0.171273
-0.171273
-0.171273
-0.171273
-0.171273
-0.171273
-0.171273
-0.171273
-0.171273
-0.171273
-0.171273
-0.171273
-0.171273
-0.171273
-0.171273
-0.171273
-0.171273
-0.171273
-0.171273
-0.171273
-0.171273
-0.171273
-0.171273
-0.171273
-0.171273
-0.171273
-0.171273
-0.171273
-0.171273
-0.171273
-0.171273
-0.171273
-0.171273
-0.171273
-0.171273
-0.171273
-0.171273
-0.171273
-0.171273
-0.171273
-0.171273
-0.171273
-0.171273
-0.171273
-0.171273
-0.171273
-0.171273
-0.171273
-0.171273
-0.171273
-0.171273
-0.171273
-0.171273
-0.171273
-0.171273
-0.171273
-0.171273
-0.171273
-0.171273
-0.171273
-0.171273
-0.171273
-0.171273
-0.171273
-0.171273
-0.171273
-0.171273
-0.171273
-0.171273
-0.171273
-0.171273
-0.171273
-0.171273
-0.171273
-0.171273
-0.171273
-0.171273
-0.171273
-0.171273
-0.171273
-0.171273
-0.171273
-0.171273
-0.171273
-0.171273
-0.171273
-0.171273
-0.171273
-0.171273
-0.171273
-0.171273
-0.171273
-0.171273
-0.171273
-0.171273
-0.171273
-0.171273
-0.171273
-0.171273
-0.171273
-0.171273
-0.171273
-0.171273
-0.171273
-0.171273
-0.171273
-0.171273
-0.171273
-0.171273
-0.171273
-0.171273
-0.171273
-0.171273
-0.171273
-0.171273
-0.171273
-0.171273
-0.171273
-0.171273
-0.171273
-0.171273
-0.171273
-0.171273
-0.171273
-0.171273
-0.171273
-0.171273
-0.171273
-0.171273
-0.171273
-0.171273
-0.171273
-0.171273
-0.171273
-0.171273
-0.171273
-0.171273
-0.171273
-0.171273
-0.171273
-0.171273
-0.171273
-0.171273
-0.171273
-0.171273
-0.171273
-0.171273
-0.171273
-0.171273
-0.171273
-0.171273
-0.171273
-0.171273
-0.171273
-0.171273
-0.171273
-0.171273
-0.171273
-0.171273
-0.171273
-0.171273
-0.171273
-0.171273
-0.171273
-0.171273
-0.171273
-0.171273
-0.171273
-0.171273
-0.171273
-0.171273
-0.171273
-0.171273
-0.171273
-0.171273
-0.171273
-0.171273
-0.171273
-0.171273
-0.171273
-0.171273
-0.171273
-0.171273
-0.171273
-0.171273
-0.171273
-0.171273
-0.171273
-0.171273
-0.171273
-0.171273
-0.171273
-0.171273
-0.171273
-0.171273
-0.171273
-0.171273
-0.171273
-0.171273
-0.171273
-0.171273
-0.171273
-0.171273
-0.171273
-0.171273
-0.171273
-0.171273
-0.171273
-0.171273
-0.171273
-0.171273
-0.171273
-0.171273
-0.171273
-0.171273
-0.171273
-0.171273
-0.171273
-0.171273
-0.171273
-0.171273
-0.171273
-0.171273
-0.171273
-0.171273
-0.171273
-0.171273
-0.171273
-0.171273
-0.171273
-0.171273
-0.171273
-0.171273
-0.171273
-0.171273
-0.171273
-0.171273
-0.171273
-0.171273
-0.171273
-0.171273
-0.171273
-0.171273
-0.171273
-0.171273
-0.171273
-0.171273
-0.171273
-0.171273
-0.171273
-0.171273
-0.171273
-0.171273
-0.171273
-0.171273
-0.171273
-0.171273
-0.171273
-0.171273
-0.171273
-0.171273
-0.171273
-0.171273
-0.171273
-0.171273
-0.171273
-0.171273
-0.171273
-0.171273
-0.171273
-0.171273
-0.171273
-0.171273
-0.171273
-0.171273
-0.171273
-0.171273
-0.171273
-0.171273
-0.171273
-0.171273
-0.171273
-0.171273
-0.171273
-0.171273
-0.171273
-0.171273
-0.171273
-0.171273
-0.171273
-0.171273
-0.171273
-0.171273
-0.171273
-0.171273
-0.171273
-0.171273
-0.171273
-0.171273
-0.171273
-0.171273
-0.171273
-0.171273
-0.171273
-0.171273
-0.171273
-0.171273
-0.171273
-0.171273
-0.171273
-0.171273
-0.171273
-0.171273
-0.171273
-0.171273
-0.171273
-0.171273
-0.171273
-0.171273
-0.171273
-0.171273
-0.171273
-0.171273
-0.171273
-0.171273
-0.171273
-0.171273
-0.171273
-0.171273
-0.171273
-0.171273
-0.171273
-0.171273
-0.171273
-0.171273
-0.171273
-0.171273
-0.171273
-0.171273
-0.171273
-0.171273
-0.171273
-0.171273
-0.171273
-0.171273
-0.171273
-0.171273
-0.171273
-0.171273
-0.171273
-0.171273
-0.171273
-0.171273
-0.171273
-0.171273
-0.171273
-0.171273
-0.171273
-0.171273
-0.171273
-0.171273
-0.171273
-0.171273
-0.171273
-0.171273
-0.171273
-0.171273
-0.171273
-0.171273
-0.171273
-0.171273
-0.171273
-0.171273
-0.171273
-0.171273
-0.171273
-0.171273
-0.171273
-0.171273
-0.171273
-0.171273
-0.171273
-0.171273
-0.171273
-0.171273
-0.171273
-0.171273
-0.171273
-0.171273
-0.171273
-0.171273
-0.171273
-0.171273
-0.171273
-0.171273
-0.171273
-0.171273
-0.171273
-0.171273
-0.171273
-0.171273
-0.171273
-0.171273
-0.171273
-0.171273
-0.171273
-0.171273
-0.171273
-0.171273
-0.171273
-0.171273
-0.171273
-0.171273
-0.171273
-0.171273
-0.171273
-0.171273
-0.171273
-0.171273
-0.171273
-0.171273
-0.171273
-0.171273
-0.171273
-0.171273
-0.171273
-0.171273
-0.171273
-0.171273
-0.171273
-0.171273
-0.171273
-0.171273
-0.171273
-0.171273
-0.171273
-0.171273
-0.171273
-0.171273
-0.171273
-0.171273
-0.171273
-0.171273
-0.171273
-0.171273
-0.171273
-0.171273
-0.171273
-0.171273
-0.171273
-0.171273
-0.171273
-0.171273
-0.171273
-0.171273
-0.171273
-0.171273
-0.171273
-0.171273
-0.171273
-0.171273
-0.171273
-0.171273
-0.171273
-0.171273
-0.171273
-0.171273
-0.171273
-0.171273
-0.171273
-0.171273
-0.171273
-0.171273
-0.171273
-0.171273
-0.171273
-0.171273
-0.171273
-0.171273
-0.171273
-0.171273
-0.171273
-0.171273
-0.171273
-0.171273
-0.171273
-0.171273
-0.171273
-0.171273
-0.171273
-0.171273
-0.171273
-0.171273
-0.171273
-0.171273
-0.171273
-0.171273
-0.171273
-0.171273
-0.171273
-0.171273
-0.171273
-0.171273
-0.171273
-0.171273
-0.171273
-0.171273
-0.171273
-0.171273
-0.171273
-0.171273
-0.171273
-0.171273
-0.171273
-0.171273
-0.171273
-0.171273
-0.171273
-0.171273
-0.171273
-0.171273
-0.171273
-0.171273
-0.171273
-0.171273
-0.171273
-0.171273
-0.171273
-0.171273
-0.171273
-0.171273
-0.171273
-0.171273
-0.171273
-0.171273
-0.171273
-0.171273
-0.171273
-0.171273
-0.171273
-0.171273
-0.171273
-0.171273
-0.171273
-0.171273
-0.171273
-0.171273
-0.171273
-0.171273
-0.171273
-0.171273
-0.171273
-0.171273
-0.171273
-0.171273
-0.171273
-0.171273
-0.171273
-0.171273
-0.171273
-0.171273
-0.171273
-0.171273
-0.171273
-0.171273
-0.171273
-0.171273
-0.171273
-0.171273
-0.171273
-0.171273
-0.171273
-0.171273
-0.171273
-0.171273
-0.171273
-0.171273
-0.171273
-0.171273
-0.171273
-0.171273
-0.171273
-0.171273
-0.171273
-0.171273
-0.171273
-0.171273
-0.171273
-0.171273
-0.171273
-0.171273
-0.171273
-0.171273
-0.171273
-0.171273
-0.171273
-0.171273
-0.171273
-0.171273
-0.171273
-0.171273
-0.171273
-0.171273
-0.171273
-0.171273
-0.171273
-0.171273
-0.171273
-0.171273
-0.171273
-0.171273
-0.171273
-0.171273
-0.171273
-0.171273
-0.171273
-0.171273
-0.171273
-0.171273
-0.171273
-0.171273
-0.171273
-0.171273
-0.171273
-0.171273
-0.171273
-0.171273
-0.171273
-0.171273
-0.171273
-0.171273
-0.171273
-0.171273
-0.171273
-0.171273
-0.171273
-0.171273
-0.171273
-0.171273
-0.171273
-0.171273
-0.171273
-0.171273
-0.171273
-0.171273
-0.171273
-0.171273
-0.171273
-0.171273
-0.171273
-0.171273
-0.171273
-0.171273
-0.171273
-0.171273
-0.171273
-0.171273
-0.171273
-0.171273
-0.171273
-0.171273
-0.171273
-0.171273
-0.171273
-0.171273
-0.171273
-0.171273
-0.171273
-0.171273
-0.171273
-0.171273
-0.171273
-0.171273
-0.171273
-0.171273
-0.171273
-0.171273
-0.171273
-0.171273
-0.171273
-0.171273
-0.171273
-0.171273
-0.171273
-0.171273
-0.171273
-0.171273
-0.171273
-0.171273
-0.171273
-0.171273
-0.171273
-0.171273
-0.171273
-0.171273
-0.171273
-0.171273
-0.171273
-0.171273
-0.171273
-0.171273
-0.171273
-0.171273
-0.171273
-0.171273
-0.171273
-0.171273
-0.171273
-0.171273
-0.171273
-0.171273
-0.171273
-0.171273
-0.171273
-0.171273
-0.171273
-0.171273
-0.171273
-0.171273
-0.171273
-0.171273
-0.171273
-0.171273
-0.171273
-0.171273
-0.171273
-0.171273
-0.171273
-0.171273
-0.171273
-0.171273
-0.171273
-0.171273
-0.171273
-0.171273
-0.171273
-0.171273
-0.171273
-0.171273
-0.171273
-0.171273
-0.171273
-0.171273
-0.171273
-0.171273
-0.171273
-0.171273
-0.171273
-0.171273
-0.171273
-0.171273
-0.171273
-0.171273
-0.171273
-0.171273
-0.171273
-0.171273
-0.171273
-0.171273
-0.171273
-0.171273
-0.171273
-0.171273
-0.171273
-0.171273
-0.171273
-0.171273
-0.171273
-0.171273
-0.171273
-0.171273
-0.171273
-0.171273
-0.171273
-0.171273
-0.171273
-0.171273
-0.171273
-0.171273
-0.171273
-0.171273
-0.171273
-0.171273
-0.171273
-0.171273
-0.171273
-0.171273
-0.171273
-0.171273
-0.171273
-0.171273
-0.171273
-0.171273
-0.171273
-0.171273
-0.171273
-0.171273
-0.171273
-0.171273
-0.171273
-0.171273
-0.171273
-0.171273
-0.171273
-0.171273
-0.171273
-0.171273
-0.171273
-0.171273
-0.171273
-0.171273
-0.171273
-0.171273
-0.171273
-0.171273
-0.171273
-0.171273
-0.171273
-0.171273
-0.171273
-0.171273
-0.171273
-0.171273
-0.171273
-0.171273
-0.171273
-0.171273
-0.171273
-0.171273
-0.171273
-0.171273
-0.171273
-0.171273
-0.171273
-0.171273
-0.171273
-0.171273
-0.171273
-0.171273
-0.171273
-0.171273
-0.171273
-0.171273
-0.171273
-0.171273
-0.171273
-0.171273
-0.171273
-0.171273
-0.171273
-0.171273
-0.171273
-0.171273
-0.171273
-0.171273
-0.171273
-0.171273
-0.171273
-0.171273
-0.171273
-0.171273
-0.171273
-0.171273
-0.171273
-0.171273
-0.171273
-0.171273
-0.171273
-0.171273
-0.171273
-0.171273
-0.171273
-0.171273
-0.171273
-0.171273
-0.171273
-0.171273
-0.171273
-0.171273
-0.171273
-0.171273
-0.171273
-0.171273
-0.171273
-0.171273
-0.171273
-0.171273
-0.171273
-0.171273
-0.171273
-0.171273
-0.171273
-0.171273
-0.171273
-0.171273
-0.171273
-0.171273
-0.171273
-0.171273
-0.171273
-0.171273
-0.171273
-0.171273
-0.171273
-0.171273
-0.171273
-0.171273
-0.171273
-0.171273
-0.171273
-0.171273
-0.171273
-0.171273
-0.171273
-0.171273
-0.171273
-0.171273
-0.171273
-0.171273
-0.171273
-0.171273
-0.171273
-0.171273
-0.171273
-0.171273
-0.171273
-0.171273
-0.171273
-0.171273
-0.171273
-0.171273
-0.171273
-0.171273
-0.171273
-0.171273
-0.171273
-0.171273
-0.171273
-0.171273
-0.171273
-0.171273
-0.171273
-0.171273
-0.171273
-0.171273
-0.171273
-0.171273
-0.171273
-0.171273
-0.171273
-0.171273
-0.171273
-0.171273
-0.171273
-0.171273
-0.171273
-0.171273
-0.171273
-0.171273
-0.171273
-0.171273
-0.171273
-0.171273
-0.171273
-0.171273
-0.171273
-0.171273
-0.171273
-0.171273
-0.171273
-0.171273
-0.171273
-0.171273
-0.171273
-0.171273
-0.171273
-0.171273
-0.171273
-0.171273
-0.171273
-0.171273
-0.00132274
0.0418858
0.00786302
0.00991091
-0.060179
0.159657
0.0350928
0.074651
-0.0199586
-0.0145544
0.0689486
0.141585
0.00168354
-0.0431565
-0.0608216
-0.0210278
-0.0564964
-0.0121183
-0.000125766
0.0786568
0.0447723
0.0574932
-0.0226854
0.126253
-0.00766196
-0.0417174
-0.0651176
0.066692
0.121507
-0.0488224
-0.00766196
-0.032201
0.0338294
-0.0116347
0.126253
-0.0466625
0.0158613
0.162288
0.0289801
0.0992091
-0.038126
-0.0472274
0.141772
-0.0145544
-0.0019255
0.159657
0.150172
0.00594079
-0.000723693
0.111304
0.161608
0.00720918
0.140684
0.0527455
-0.0675036
-0.060179
0.0419624
0.148367
0.164212
0.00720918
0.102054
-0.0456712
-0.0699167
-0.0071494
0.120479
-0.0564964
-0.0360608
0.161111
-0.0256383
-0.0262746
0.163689
-0.0101669
-0.0446604
-0.0538709
0.0931058
0.0289801
-0.0210278
0.00921491
0.0493506
0.133098
-0.0215432
0.0203341
-0.0140644
-0.0116347
-0.0304716
0.0579172
0.160623
0.0364217
-0.0456712
0.00853166
0.0313592
0.162809
-0.0019255
0.0509558
0.0684687
0.0702784
-0.0583104
0.066692
0.00786302
-0.0357711
0.0509558
-0.0135747
-0.0538709
-0.062111
-0.0243544
0.00853166
0.119913
-0.0194608
-0.0699167
0.00349761
0.0106169
-0.0403451
-0.0497665
0.120479
-0.00662144
0.0727102
0.0377513
0.0127828
-0.00551427
0.120479
-0.0583104
-0.0306568
0.0671252
-0.0646579
0.0338294
-0.0331487
-0.0441605
0.161111
-0.0675036
-0.062111
-0.060179
-0.0199586
-0.0427039
-0.0298441
-0.0441605
-0.0140644
0.01845
0.0478659
-0.015043
-0.032201
-0.0250238
0.00921491
0.0510697
-0.00132274
-0.0699167
-0.0403451
0.160947
-0.0169688
0.119913
0.0289801
0.0766326
-0.0349498
0.0494451
-0.013087
0.000474669
-0.0651176
0.0213147
0.0106169
0.162634
-0.0456712
0.159657
0.017554
-0.0456712
-0.054735
0.132717
0.0477874
-0.0174426
-0.0349498
-0.0671462
-0.0583104
-0.00551427
0.0233604
-0.0441605
0.00991091
0.0127828
0.017554
0.00532196
0.00853166
-0.0530275
0.0244309
0.0028933
0.0028933
-0.0269344
0.00991091
0.0223221
0.110634
0.149321
0.160141
0.161441
0.0493506
-0.054735
0.0721225
0.017554
0.162985
0.0992091
-0.0456712
-0.00662144
-0.0608216
0.149482
-0.0651176
-0.0269344
0.105897
0.01845
-0.0403451
-0.0583104
-0.0564964
0.0404835
0.0786568
0.0028933
0.0434072
0.00168354
0.163161
-0.015043
-0.0583104
0.00471006
-0.0472274
-0.00866588
-0.038126
0.017554
-0.0140644
-0.0456712
-0.00966928
-0.0135747
0.0325711
-0.0155292
-0.0472274
-0.0215815
0.150919
-0.0289191
0.030163
-0.0456712
0.0931058
-0.0209958
-0.0331487
-0.0583104
-0.00662144
-0.0155292
-0.000723693
-0.0626975
0.133786
0.119913
-0.0675036
0.00853166
0.120479
0.0313592
-0.0204873
-0.0269344
0.120479
0.0106169
-0.0315156
-0.0313107
0.120479
0.0391054
-0.0521359
-0.0019255
0.132311
-0.0608216
-0.0417174
0.0213147
0.0166917
-0.038126
-0.0313107
0.162288
0.0850462
0.017554
0.00532196
-0.0513732
-0.0116347
-0.0504563
0.126713
-0.015043
0.0193781
-0.0431565
0.147903
0.0478659
-0.0262746
-0.0583104
-0.0441605
-0.00493661
-0.0283302
-0.0360608
0.159495
-0.0160123
0.0906815
-0.0521359
-0.0121183
0.150406
0.116061
0.160623
0.017554
0.106652
-0.0169688
0.064945
0.0244309
-0.0504563
-0.0497665
-0.00132274
0.0433145
-0.0504563
-0.0608216
-0.0339023
-0.062111
-0.0651176
0.0391054
0.0203341
-0.00313971
0.00720918
0.0244309
0.0325711
-0.0369167
-0.0504563
0.0120523
-0.015043
0.150406
0.0956523
0.0462624
-0.00966928
0.00786302
-0.0481984
-0.00866588
-0.0394015
-0.00866588
0.0289801
-0.0174426
-0.0210278
-0.0116347
0.0766326
0.16472
-0.038126
-0.038126
0.0244309
-0.0472274
0.017554
0.126253
0.064945
0.0142824
0.0255321
-0.0174628
-0.00662144
-0.0145544
-0.0071494
0.0158613
-0.0608216
0.0135249
-0.0608216
0.133098
0.126253
0.162985
-0.0261735
-0.060179
-0.0262746
-0.038126
0.0391305
-0.0431565
-0.0699167
0.0377719
-0.000125766
-0.00313971
0.141384
-0.0675036
0.0150596
-0.0651176
0.0127828
0.160141
0.0689486
-0.0126018
-0.0237844
-0.0306568
0.0509558
-0.0556676
-0.0226345
0.0325711
-0.0019255
-0.00866588
0.164038
-0.0160123
0.0313592
-0.0583104
-0.0304716
-0.0699167
0.161608
-0.0513732
-0.0349498
-0.032201
0.127144
0.149635
0.164553
0.064945
0.0313592
0.133454
-0.0249412
0.115471
0.0766326
-0.013087
0.0223221
0.0828549
0.141384
0.00471006
0.0448262
-0.0261735
-0.00966928
0.0127828
-0.0329169
-0.0019255
0.109921
0.066692
-0.00866588
0.0364217
-0.0232289
0.149635
-0.00866588
0.0233604
-0.0583104
-0.0111492
0.0478659
-0.0116347
-0.0281933
0.102054
0.0325791
-0.0126018
-0.0357711
0.148581
0.163689
-0.0472274
-0.0564964
-0.0135747
-0.0313107
-0.0304716
0.00786302
-0.00816472
0.0166917
0.102054
-0.0488224
-0.0369167
-0.0226854
-0.0189669
0.0419226
-0.0441605
0.14013
-0.0313107
0.134094
0.164038
0.0433591
-0.0101669
0.00168354
-0.0243544
-0.00551427
0.0351178
0.0377719
-0.0262746
-0.0608216
-0.0304716
0.00107837
-0.0304716
0.00107837
0.119913
-0.0456712
0.0786568
0.030163
-0.027619
0.0883612
0.121507
0.160947
0.115471
0.133454
0.139497
-0.0071494
-0.015043
0.111304
-0.00766196
-0.00766196
0.164038
-0.0488224
-0.0329169
-0.0472274
-0.0583104
0.0595663
0.0632226
0.12101
-0.027619
0.0266605
0.056082
-0.0538709
-0.032201
0.0120523
-0.0626975
-0.0184448
-0.0268225
0.139824
0.00991091
-0.0329169
0.111304
-0.0646579
-0.0160123
-0.022105
0.149917
0.115471
0.0193781
-0.0226345
-0.0651176
0.0786568
0.162634
-0.0456712
0.0447723
-0.0441605
0.0992091
0.017554
0.00720918
0.0193781
-0.0174523
0.0721225
-0.0441605
-0.0427039
0.110634
0.119913
-0.0608216
-0.0369167
-0.0145544
0.105897
0.0595663
0.0494451
0.0494451
-0.0403451
0.0478659
-0.0417174
0.00921491
0.0404835
0.110634
-0.0481984
-0.0671462
-0.054735
0.0956523
0.0278114
-0.0209958
0.0615192
-0.0215432
0.141384
0.140684
0.0992091
-0.060179
-0.0194608
-0.0441605
-0.0583104
-0.032201
-0.0174523
0.163513
0.159495
0.0338294
-0.0296766
0.0022887
0.141772
-0.0394015
0.107364
-0.0403451
-0.0262746
0.0448844
-0.0313107
-0.0164922
-0.0209958
0.15998
-0.0226345
-0.0608216
0.00786302
0.0255321
0.0313592
-0.0427039
-0.0101669
0.0965384
0.0166917
-0.0530275
0.036406
-0.0417174
-0.0019255
-0.0417174
0.0223221
-0.0174426
-0.054735
0.0931058
-0.0472274
-0.0504563
0.01845
0.164383
-0.013087
0.163689
0.0313592
-0.0164922
-0.0427039
-0.054735
-0.0504563
-0.00662144
0.0166917
-0.0456712
-0.054735
0.150621
-0.0313107
0.0203341
0.00786302
-0.0121183
0.0150596
-0.0289191
-0.0626975
0.0931058
-0.0349498
-0.0237844
-0.0472274
0.0434072
-0.0441605
-0.0564964
-0.0331487
-0.0140644
0.0448262
-0.0675036
-0.0403451
-0.062111
0.141772
-0.0417174
0.164038
0.160301
-0.00374569
-0.0179466
0.0574932
0.134094
0.0351048
0.00107837
-0.0289191
0.0158613
-0.0472274
0.0689486
0.0448262
0.0193781
-0.000125766
-0.0360608
-0.0403451
-0.000125766
-0.0199827
0.00656907
0.160623
0.00349761
0.149779
0.149635
-0.0226854
0.162116
0.0193781
-0.0135747
-0.0632017
0.01845
0.106652
-0.0431565
0.0391054
0.159657
-0.015043
-0.0283302
0.0022887
0.105897
-0.0590119
0.162985
-0.0215815
-0.0339023
-0.038126
0.0203341
-0.0360608
-0.0164922
-0.0349498
0.0419624
-0.0290705
-0.0390393
-0.0608216
-0.0164922
-0.0472274
0.133454
0.133098
0.161111
-0.0145544
-0.0199586
0.159657
0.150621
-0.0488224
0.0278114
0.0244309
-0.0145544
-0.0243544
-0.0403451
0.0127828
0.074651
0.0873138
0.132717
-0.0194406
0.105897
-0.0390393
-0.038126
0.163513
-0.0145544
-0.00253187
0.159819
-0.027619
0.134094
0.150724
-0.0427039
0.0120523
-0.0651176
-0.0456712
-0.0121183
0.0593216
-0.0530275
-0.0488224
0.148581
-0.0646579
-0.0431565
0.0028933
-0.0472274
-0.0339023
-0.0349498
-0.0339023
-0.0696412
0.0448262
0.161111
-0.038126
0.0244309
-0.0675036
0.0313592
-0.054735
0.00786302
-0.0696412
0.0135249
0.0448262
-0.027619
-0.0331487
-0.0538709
-0.000723693
0.0721225
0.0158613
0.0233604
-0.0331487
0.163337
0.0391054
0.0850462
-0.0472274
0.0028933
-0.0667233
-0.0530275
-0.00374569
0.0213147
0.0233604
0.0028933
-0.00866588
-0.0417174
0.0150596
0.0106169
-0.0441605
-0.00866588
-0.0608216
-0.032201
0.110634
-0.0189488
-0.0140644
-0.0626975
0.0166917
0.0289801
-0.0313107
0.0325711
-0.0189488
0.0213147
0.0142824
0.00471006
-0.0696412
-0.00551427
-0.0019255
0.0391305
-0.00866588
-0.0243544
-0.0189488
-0.0530275
0.139824
0.150172
0.126713
-0.0174426
0.0135249
-0.038126
0.00410265
0.0708096
-0.00374569
0.0558987
0.0873138
0.0906815
0.00594079
-0.0675036
0.160141
0.00410265
0.160947
0.00656907
-0.0145544
-0.0417174
0.161608
0.0244309
-0.0019255
0.074651
0.0448844
-0.0417174
-0.0313107
-0.0283302
-0.0626975
0.0289801
-0.0164922
0.162288
0.134094
-0.0164922
0.064945
0.0028933
0.00349761
0.162634
0.0543149
0.0595663
0.105897
0.0203341
-0.027619
-0.00607636
-0.0521359
-0.0255469
0.0364217
0.0022887
-0.00916824
-0.0189488
-0.00966928
-0.00551427
-0.054735
0.0166917
-0.0126018
-0.0390393
0.0213147
0.106652
-0.0472274
-0.022105
0.162809
0.0727102
-0.00766196
-0.00434595
0.0807284
0.106652
-0.0583104
0.01845
0.150516
0.00656907
0.0828549
0.0142824
-0.00816472
0.0595663
0.0266605
0.0433145
0.0223221
-0.0369167
-0.0226854
-0.000125766
0.110634
0.14013
-0.0331487
0.150919
0.106652
0.150172
0.115471
0.0850462
0.0289801
-0.00816472
-0.0155292
0.0278114
-0.00551427
0.0526085
0.0896697
-0.0369167
0.0992091
0.164383
-0.0179466
0.105897
-0.0261735
0.00720918
0.120479
-0.0121183
-0.0521359
0.0142824
0.149482
0.105897
-0.00551427
-0.0349498
0.134094
-0.00313971
0.0166917
-0.000125766
-0.018932
-0.0488224
0.161441
0.159166
0.0135249
-0.0394015
-0.0341584
0.0127828
0.0956523
-0.0349498
-0.0651176
0.0223221
0.0150596
-0.00313971
-0.024429
0.0106169
0.0135249
0.141384
0.0233604
0.00594079
0.0786568
-0.0164922
0.164383
-0.0488224
-0.0357711
-0.0472274
0.133098
-0.0199827
-0.0417174
0.0391054
0.164212
0.133454
-0.000125766
0.00471006
-0.00966928
-0.0583104
0.0828549
-0.032201
0.00532196
-0.00253187
0.0255321
0.0377719
0.0494451
0.149917
0.150516
0.164383
-0.0237844
-0.0360608
0.161111
0.0338294
0.056082
0.00107837
0.161111
0.0203341
0.0433591
0.133098
-0.0269344
-0.0671462
-0.0199827
0.017554
-0.00866588
0.036406
0.00168354
-0.0155292
0.0213147
-0.0608216
0.0956523
0.0233604
-0.0608216
0.0509558
0.0708096
-0.0126018
-0.00607636
-0.00253187
0.0786568
0.00853166
0.017554
0.0255321
0.133098
0.0579172
-0.0538709
-0.0564964
-0.0403451
-0.0179466
0.163513
-0.0349498
0.0740012
0.0120523
0.164212
0.0166917
0.0289801
-0.0427039
0.0494451
-0.0472274
0.161608
-0.0169688
0.0233604
0.0404835
-0.0313107
-0.0472274
0.161111
-0.0632017
0.0526085
-0.0140644
0.132717
0.0593216
0.0509558
-0.027619
0.148782
-0.0145544
0.0593216
0.0510697
0.160462
-0.0538709
-0.00132274
0.135172
0.00786302
0.00991091
-0.0516044
0.152245
0.0350531
0.141626
-0.0295366
-0.0145544
0.141626
0.152245
0.00168354
-0.0489152
-0.0556359
-0.0657497
-0.0516044
-0.0121183
-0.000125766
0.141626
0.0979642
0.14122
-0.0657497
0.141626
-0.00766196
-0.0453704
-0.0556359
0.14122
0.141626
-0.0572898
-0.00766196
-0.033985
0.0338019
-0.0116347
0.141626
-0.0547888
0.0158613
0.152245
0.0289801
0.141626
-0.0390639
-0.0557
0.152245
-0.0145544
-0.0019255
0.152245
0.152245
0.00594079
-0.000723693
0.141626
0.152245
0.00720918
0.152245
0.114457
-0.0599684
-0.0556359
0.144274
0.152245
0.152245
0.00720918
0.141626
-0.053076
-0.0599684
-0.0071494
0.141626
-0.0516044
-0.0373728
0.152245
-0.0393817
-0.0393817
0.152245
-0.0101669
-0.0514333
-0.0516044
0.141626
0.0289801
-0.0657497
0.00921491
0.0552349
0.141626
-0.0689247
0.0203341
-0.0140644
-0.0116347
-0.033047
0.141626
0.152245
0.0363241
-0.0543073
0.00853166
0.0313592
0.152245
-0.0019255
0.0611794
0.14122
0.141626
-0.0516044
0.141626
0.00786302
-0.0374046
0.0676819
-0.0135747
-0.0516044
-0.0556359
-0.0523761
0.00853166
0.141626
-0.0222005
-0.0599684
0.00349761
0.0106169
-0.0427608
-0.0565262
0.141626
-0.00662144
0.141626
0.0376131
0.0127828
-0.00551427
0.141626
-0.0516044
-0.0336981
0.14122
-0.0556359
0.0338019
-0.0344976
-0.0509042
0.152245
-0.0599684
-0.0556359
-0.0556359
-0.0283516
-0.0472159
-0.0331787
-0.0509042
-0.0140644
0.01845
0.0526935
-0.015043
-0.033985
-0.0458853
0.00921491
0.0768297
-0.00132274
-0.0599684
-0.0428456
0.152245
-0.0169688
0.141626
0.0289801
0.141626
-0.0366164
0.0597546
-0.013087
0.000474669
-0.0556359
0.0213147
0.0106169
0.152245
-0.0547888
0.152245
0.017554
-0.0525534
-0.0516044
0.141626
0.0527291
-0.0174426
-0.0366969
-0.0599684
-0.0516044
-0.00551427
0.0233604
-0.0503707
0.00991091
0.0127828
0.017554
0.00532196
0.00853166
-0.047613
0.0244309
0.0028933
0.0028933
-0.0350559
0.00991091
0.0223221
0.141626
0.152245
0.152245
0.152245
0.0538468
-0.0516044
0.141626
0.017554
0.152245
0.14122
-0.0541264
-0.00662144
-0.0556359
0.152245
-0.0556359
-0.0357798
0.141626
0.01845
-0.0426822
-0.0516044
-0.0516044
0.0809017
0.141626
0.0028933
0.101297
0.00168354
0.152245
-0.015043
-0.0516044
0.00471006
-0.055512
-0.00866588
-0.0400453
0.017554
-0.0140644
-0.0541264
-0.00966928
-0.0135747
0.0325711
-0.0155292
-0.0552475
-0.0689247
0.152245
-0.0330532
0.030163
-0.0519662
0.14122
-0.0574576
-0.0352599
-0.0516044
-0.00662144
-0.0155292
-0.000723693
-0.0556359
0.141626
0.141626
-0.0599684
0.00853166
0.141626
0.0313592
-0.0455789
-0.0350559
0.141626
0.0106169
-0.0342685
-0.0335824
0.141626
0.0463274
-0.0511078
-0.0019255
0.141626
-0.0556359
-0.0456929
0.0213147
0.0166917
-0.0390639
-0.0342685
0.152245
0.14122
0.017554
0.00532196
-0.0529279
-0.0116347
-0.0570646
0.141626
-0.015043
0.0193781
-0.0480552
0.152245
0.0526935
-0.0393817
-0.0516044
-0.0494524
-0.00493661
-0.0334453
-0.0373728
0.152245
-0.0160123
0.14122
-0.0502579
-0.0121183
0.152245
0.141626
0.152245
0.017554
0.141626
-0.0169688
0.141626
0.0244309
-0.0565262
-0.056926
-0.00132274
0.135172
-0.0540721
-0.0556359
-0.035988
-0.0556359
-0.0556359
0.0463977
0.0203341
-0.00313971
0.00720918
0.0244309
0.0325711
-0.0381515
-0.0546888
0.0120523
-0.015043
0.152245
0.141626
0.0595663
-0.00966928
0.00786302
-0.057454
-0.00866588
-0.041791
-0.00866588
0.0289801
-0.0174426
-0.0657497
-0.0116347
0.14122
0.163644
-0.0400057
-0.039935
0.0244309
-0.054547
0.017554
0.141626
0.14122
0.0142824
0.0255321
-0.0174426
-0.00662144
-0.0145544
-0.0071494
0.0158613
-0.0556359
0.0135249
-0.0556359
0.141626
0.141626
0.152245
-0.0393817
-0.0556359
-0.0393817
-0.0400057
0.0759181
-0.0480552
-0.0599684
0.043235
-0.000125766
-0.00313971
0.152245
-0.0599684
0.0150596
-0.0556359
0.0127828
0.152245
0.14122
-0.0126018
-0.0574576
-0.0336981
0.0645003
-0.0516044
-0.0657497
0.0325711
-0.0019255
-0.00866588
0.152245
-0.0160123
0.0313592
-0.0516044
-0.0338231
-0.0599684
0.152245
-0.051717
-0.0366164
-0.0342685
0.141626
0.152245
0.163644
0.141626
0.0313592
0.141626
-0.0458853
0.141626
0.14122
-0.013087
0.0223221
0.141626
0.152245
0.00471006
0.0966966
-0.0393817
-0.00966928
0.0127828
-0.034635
-0.0019255
0.141626
0.14122
-0.00866588
0.0363241
-0.0574576
0.152245
-0.00866588
0.0233604
-0.0516044
-0.0111492
0.0526935
-0.0116347
-0.033665
0.141626
0.0325711
-0.0126018
-0.0374389
0.152245
0.152245
-0.0557
-0.0516044
-0.0135747
-0.0342685
-0.0338231
0.00786302
-0.00816472
0.0166917
0.141626
-0.0572898
-0.0381275
-0.0657497
-0.0215432
0.144274
-0.0494524
0.152245
-0.0335824
0.141626
0.152245
0.128124
-0.0101669
0.00168354
-0.0489065
-0.00551427
0.0350531
0.041739
-0.0370239
-0.0556359
-0.033047
0.00107837
-0.0338231
0.00107837
0.141626
-0.0541264
0.14122
0.030163
-0.0341584
0.141626
0.141626
0.152245
0.141626
0.141626
0.152245
-0.0071494
-0.015043
0.141626
-0.00766196
-0.00766196
0.152245
-0.0572898
-0.034635
-0.055512
-0.0516044
0.14122
0.14122
0.141626
-0.0339023
0.0266605
0.141626
-0.0516044
-0.0340724
0.0120523
-0.0556359
-0.0183846
-0.0370239
0.152245
0.00991091
-0.034635
0.141626
-0.0556359
-0.0160123
-0.0689247
0.152245
0.141626
0.0193781
-0.0657497
-0.0556359
0.141626
0.152245
-0.0525109
0.0966966
-0.0503707
0.141626
0.017554
0.00720918
0.0193781
-0.0174426
0.141626
-0.0499617
-0.0472159
0.141626
0.141626
-0.0556359
-0.0381515
-0.0145544
0.141626
0.141626
0.0598307
0.0567778
-0.0436918
0.0525081
-0.0448057
0.00921491
0.079446
0.141626
-0.0567563
-0.0599684
-0.0516044
0.14122
0.0278114
-0.0574576
0.14122
-0.0676475
0.152245
0.152245
0.141626
-0.0556359
-0.0222005
-0.0513898
-0.0516044
-0.034635
-0.0174426
0.152245
0.152245
0.0338019
-0.0333208
0.0022887
0.152245
-0.0418515
0.141626
-0.0438013
-0.0370239
0.0719844
-0.0342685
-0.0164922
-0.0574576
0.152245
-0.0657497
-0.0556359
0.00786302
0.0255321
0.0313592
-0.0472159
-0.0101669
0.141626
0.0166917
-0.0478542
0.0363241
-0.0456929
-0.0019255
-0.0463761
0.0223221
-0.0174426
-0.0516044
0.14122
-0.0571308
-0.0553297
0.01845
0.152245
-0.013087
0.152245
0.0313592
-0.0164922
-0.0472159
-0.0516044
-0.0546888
-0.00662144
0.0166917
-0.0525109
-0.0516044
0.152245
-0.0342685
0.0203341
0.00786302
-0.0121183
0.0150596
-0.0330532
-0.0556359
0.141626
-0.0358456
-0.0574576
-0.054547
0.101297
-0.0499617
-0.0516044
-0.0344976
-0.0140644
0.0966966
-0.0599684
-0.0436918
-0.0556359
0.152245
-0.0456929
0.152245
0.152245
-0.00374569
-0.0179142
0.141626
0.141626
0.0350531
0.00107837
-0.0330532
0.0158613
-0.0565424
0.14122
0.0719844
0.0193781
-0.000125766
-0.0373728
-0.0435902
-0.000125766
-0.0426195
0.00656907
0.152245
0.00349761
0.152245
0.152245
-0.0657497
0.152245
0.0193781
-0.0135747
-0.0556359
0.01845
0.141626
-0.0483378
0.0448262
0.152245
-0.015043
-0.0330532
0.0022887
0.141626
-0.0516044
0.152245
-0.0689247
-0.035988
-0.0390948
0.0203341
-0.0373728
-0.0164922
-0.0366551
0.14503
-0.0325669
-0.0408912
-0.0556359
-0.0164922
-0.054547
0.141626
0.141626
0.152245
-0.0145544
-0.0304963
0.152245
0.152245
-0.0570647
0.0278114
0.0244309
-0.0145544
-0.0523761
-0.0428456
0.0127828
0.14122
0.14122
0.141626
-0.0215815
0.14122
-0.0409379
-0.0390639
0.152245
-0.0145544
-0.00253187
0.152245
-0.0339023
0.152245
0.152245
-0.0472159
0.0120523
-0.0556359
-0.0535166
-0.0121183
0.14122
-0.0478542
-0.0581429
0.152245
-0.0556359
-0.0486032
0.0028933
-0.0565424
-0.0352599
-0.0366164
-0.035988
-0.0599684
0.0719844
0.152245
-0.0400057
0.0244309
-0.0599684
0.0313592
-0.0516044
0.00786302
-0.0599684
0.0135249
0.0652853
-0.0339023
-0.0344976
-0.0516044
-0.000723693
0.14122
0.0158613
0.0233604
-0.0352599
0.152245
0.0447723
0.141626
-0.0552475
0.0028933
-0.0556359
-0.047613
-0.00374569
0.0213147
0.0233604
0.0028933
-0.00866588
-0.0463761
0.0150596
0.0106169
-0.0514333
-0.00866588
-0.0556359
-0.0340724
0.141626
-0.0188546
-0.0140644
-0.0556359
0.0166917
0.0289801
-0.0342685
0.0325711
-0.0188546
0.0213147
0.0142824
0.00471006
-0.0599684
-0.00551427
-0.0019255
0.0744477
-0.00866588
-0.0489065
-0.0188546
-0.0478542
0.152245
0.152245
0.141626
-0.0174426
0.0135249
-0.0400057
0.00410265
0.14122
-0.00374569
0.145066
0.141626
0.14122
0.00594079
-0.0599684
0.152245
0.00410265
0.152245
0.00656907
-0.0145544
-0.0463761
0.152245
0.0244309
-0.0019255
0.14122
0.0719844
-0.0455256
-0.0343784
-0.0330532
-0.0556359
0.0289801
-0.0164922
0.152245
0.152245
-0.0164922
0.141626
0.0028933
0.00349761
0.152245
0.143603
0.14122
0.141626
0.0203341
-0.0341584
-0.00607636
-0.0494004
-0.042231
0.0363241
0.0022887
-0.00916824
-0.0188546
-0.00966928
-0.00551427
-0.0516044
0.0166917
-0.0126018
-0.0409884
0.0213147
0.141626
-0.0557
-0.0689247
0.152245
0.141626
-0.00766196
-0.00434595
0.14122
0.141626
-0.0516044
0.01845
0.152245
0.00656907
0.14122
0.0142824
-0.00816472
0.14122
0.0266605
0.129035
0.0223221
-0.0381515
-0.064487
-0.000125766
0.141626
0.152245
-0.0344976
0.152245
0.141626
0.152245
0.141626
0.141626
0.0289801
-0.00816472
-0.0155292
0.0278114
-0.00551427
0.0926201
0.14122
-0.0381774
0.141626
0.152245
-0.0179142
0.141626
-0.0393817
0.00720918
0.141626
-0.0121183
-0.0478542
0.0142824
0.152245
0.14122
-0.00551427
-0.0366164
0.152245
-0.00313971
0.0166917
-0.000125766
-0.0188546
-0.0579213
0.152245
0.152245
0.0135249
-0.041791
-0.0358895
0.0127828
0.141626
-0.0366164
-0.0556359
0.0223221
0.0150596
-0.00313971
-0.0489065
0.0106169
0.0135249
0.152245
0.0233604
0.00594079
0.14122
-0.0164922
0.152245
-0.0575251
-0.0365805
-0.0571308
0.141626
-0.0426195
-0.0456929
0.0447723
0.152245
0.141626
-0.000125766
0.00471006
-0.00966928
-0.0516044
0.141626
-0.034635
0.00532196
-0.00253187
0.0255321
0.0431997
0.0581718
0.152245
0.152245
0.163644
-0.0574576
-0.0373433
0.152245
0.0338019
0.141626
0.00107837
0.152245
0.0203341
0.128124
0.141626
-0.0350559
-0.0599684
-0.0426195
0.017554
-0.00866588
0.0363241
0.00168354
-0.0155292
0.0213147
-0.0556359
0.141626
0.0233604
-0.0556359
0.0662643
0.14122
-0.0126018
-0.00607636
-0.00253187
0.141626
0.00853166
0.017554
0.0255321
0.141626
0.14122
-0.0516044
-0.0516044
-0.0435902
-0.0179142
0.152245
-0.0358895
0.141626
0.0120523
0.152245
0.0166917
0.0289801
-0.0465753
0.0567391
-0.0557
0.152245
-0.0169688
0.0233604
0.0809017
-0.0335824
-0.0565424
0.152245
-0.0556359
0.0954484
-0.0140644
0.141626
0.141626
0.0662643
-0.0339023
0.152245
-0.0145544
0.141626
0.0747994
0.152245
-0.0516044
