Determining initial impinging trajectory...
Yhit = -0.275758
Determining lower impingement limit...
IndHit = 98, Yhit = -0.280043, Ymiss = -0.284328
IndHit = 82, Yhit = -0.280779, Ymiss = -0.280822
IndHit = 0, Yhit = -0.280822, Ymiss = -0.280822
Ylower = -0.280822
Determining upper impingement limit...
IndHit = 53, Yhit = -0.184018, Ymiss = -0.182192
IndHit = 97, Yhit = -0.182229, Ymiss = -0.182210
IndHit = 0, Yhit = -0.182229, Ymiss = -0.182229
Yupper = -0.182229
stagPtS = 1.008357, stagPtX = -0.000164, stagPtY = 0.000479
maxiter = 2000
ITER = 0	1000	1000
ITER = 1	1000	1000
ITER = 2	1000	1000
ITER = 3	1000	1000
ITER = 4	1000	1000
ITER = 5	1000	1000
ITER = 6	1000	1000
ITER = 7	1000	1000
ITER = 8	1000	1000
ITER = 9	1000	1000
ITER = 10	1000	1000
ITER = 11	1000	1000
ITER = 12	1000	1000
ITER = 13	1000	1000
ITER = 14	1000	1000
ITER = 15	1000	1000
ITER = 16	1000	1000
ITER = 17	1000	1000
ITER = 18	1000	1000
ITER = 19	1000	1000
ITER = 20	1000	1000
ITER = 21	1000	1000
ITER = 22	1000	1000
ITER = 23	1000	1000
ITER = 24	1000	1000
ITER = 25	1000	1000
ITER = 26	1000	1000
ITER = 27	1000	1000
ITER = 28	1000	1000
ITER = 29	1000	1000
ITER = 30	1000	1000
ITER = 31	1000	1000
ITER = 32	1000	1000
ITER = 33	1000	1000
ITER = 34	1000	1000
ITER = 35	1000	1000
ITER = 36	1000	1000
ITER = 37	1000	1000
ITER = 38	1000	1000
ITER = 39	1000	1000
ITER = 40	1000	1000
ITER = 41	1000	1000
ITER = 42	1000	1000
ITER = 43	1000	1000
ITER = 44	1000	1000
ITER = 45	1000	1000
ITER = 46	1000	1000
ITER = 47	1000	1000
ITER = 48	1000	1000
ITER = 49	1000	1000
ITER = 50	1000	1000
ITER = 51	1000	1000
ITER = 52	1000	1000
ITER = 53	1000	1000
ITER = 54	1000	1000
ITER = 55	1000	1000
ITER = 56	1000	1000
ITER = 57	1000	1000
ITER = 58	1000	1000
ITER = 59	1000	1000
ITER = 60	1000	1000
ITER = 61	1000	1000
ITER = 62	1000	1000
ITER = 63	1000	1000
ITER = 64	1000	1000
ITER = 65	1000	1000
ITER = 66	1000	1000
ITER = 67	1000	1000
ITER = 68	1000	1000
ITER = 69	1000	1000
ITER = 70	1000	1000
ITER = 71	1000	1000
ITER = 72	1000	1000
ITER = 73	1000	1000
ITER = 74	1000	1000
ITER = 75	1000	1000
ITER = 76	1000	1000
ITER = 77	1000	1000
ITER = 78	1000	1000
ITER = 79	1000	1000
ITER = 80	1000	1000
ITER = 81	1000	1000
ITER = 82	1000	1000
ITER = 83	1000	1000
ITER = 84	1000	1000
ITER = 85	1000	1000
ITER = 86	1000	1000
ITER = 87	1000	1000
ITER = 88	1000	1000
ITER = 89	1000	1000
ITER = 90	1000	1000
ITER = 91	1000	1000
ITER = 92	1000	1000
ITER = 93	1000	1000
ITER = 94	1000	1000
ITER = 95	1000	1000
ITER = 96	1000	1000
ITER = 97	1000	1000
ITER = 98	1000	1000
ITER = 99	1000	1000
ITER = 100	1000	1000
ITER = 101	1000	1000
ITER = 102	1000	1000
ITER = 103	1000	1000
ITER = 104	1000	1000
ITER = 105	1000	1000
ITER = 106	1000	1000
ITER = 107	1000	1000
ITER = 108	1000	1000
ITER = 109	1000	1000
ITER = 110	1000	1000
ITER = 111	1000	1000
ITER = 112	1000	1000
ITER = 113	1000	1000
ITER = 114	1000	1000
ITER = 115	1000	1000
ITER = 116	1000	1000
ITER = 117	1000	1000
ITER = 118	1000	1000
ITER = 119	1000	1000
ITER = 120	1000	1000
ITER = 121	1000	1000
ITER = 122	1000	1000
ITER = 123	1000	1000
ITER = 124	1000	1000
ITER = 125	1000	1000
ITER = 126	1000	1000
ITER = 127	1000	1000
ITER = 128	1000	1000
ITER = 129	1000	1000
ITER = 130	1000	1000
ITER = 131	1000	1000
ITER = 132	1000	1000
ITER = 133	1000	1000
ITER = 134	1000	1000
ITER = 135	1000	1000
ITER = 136	1000	1000
ITER = 137	1000	1000
ITER = 138	1000	1000
ITER = 139	1000	1000
ITER = 140	1000	1000
ITER = 141	1000	1000
ITER = 142	1000	1000
ITER = 143	1000	1000
ITER = 144	1000	1000
ITER = 145	1000	1000
ITER = 146	1000	1000
ITER = 147	1000	1000
ITER = 148	1000	1000
ITER = 149	1000	1000
ITER = 150	1000	1000
ITER = 151	1000	1000
ITER = 152	1000	1000
ITER = 153	1000	1000
ITER = 154	1000	1000
ITER = 155	1000	1000
ITER = 156	1000	1000
ITER = 157	1000	1000
ITER = 158	1000	1000
ITER = 159	1000	1000
ITER = 160	1000	1000
ITER = 161	1000	1000
ITER = 162	1000	1000
ITER = 163	1000	1000
ITER = 164	1000	1000
ITER = 165	1000	1000
ITER = 166	1000	1000
ITER = 167	1000	1000
ITER = 168	1000	1000
ITER = 169	1000	1000
ITER = 170	1000	1000
ITER = 171	1000	1000
ITER = 172	1000	1000
ITER = 173	1000	1000
ITER = 174	1000	1000
ITER = 175	1000	1000
ITER = 176	1000	1000
ITER = 177	1000	1000
ITER = 178	1000	1000
ITER = 179	1000	1000
ITER = 180	1000	1000
ITER = 181	1000	1000
ITER = 182	1000	1000
ITER = 183	1000	1000
ITER = 184	1000	1000
ITER = 185	1000	1000
ITER = 186	1000	1000
ITER = 187	1000	1000
ITER = 188	1000	1000
ITER = 189	1000	1000
ITER = 190	1000	1000
ITER = 191	1000	1000
ITER = 192	1000	1000
ITER = 193	1000	1000
ITER = 194	1000	1000
ITER = 195	1000	1000
ITER = 196	1000	1000
ITER = 197	1000	1000
ITER = 198	1000	1000
ITER = 199	1000	1000
ITER = 200	1000	1000
ITER = 201	1000	1000
ITER = 202	1000	1000
ITER = 203	1000	1000
ITER = 204	1000	1000
ITER = 205	1000	1000
ITER = 206	1000	1000
ITER = 207	1000	1000
ITER = 208	1000	1000
ITER = 209	1000	1000
ITER = 210	1000	1000
ITER = 211	1000	1000
ITER = 212	1000	1000
ITER = 213	1000	1000
ITER = 214	1000	1000
ITER = 215	1000	1000
ITER = 216	1000	1000
ITER = 217	1000	1000
ITER = 218	1000	1000
ITER = 219	1000	1000
ITER = 220	1000	1000
ITER = 221	1000	1000
ITER = 222	1000	1000
ITER = 223	1000	1000
ITER = 224	1000	1000
ITER = 225	1000	1000
ITER = 226	1000	1000
ITER = 227	1000	1000
ITER = 228	1000	1000
ITER = 229	1000	1000
ITER = 230	1000	1000
ITER = 231	1000	1000
ITER = 232	1000	1000
ITER = 233	1000	1000
ITER = 234	1000	1000
ITER = 235	1000	1000
ITER = 236	1000	1000
ITER = 237	1000	1000
ITER = 238	1000	1000
ITER = 239	1000	1000
ITER = 240	1000	1000
ITER = 241	1000	1000
ITER = 242	1000	1000
ITER = 243	1000	1000
ITER = 244	1000	1000
ITER = 245	1000	1000
ITER = 246	1000	1000
ITER = 247	1000	1000
ITER = 248	1000	1000
ITER = 249	1000	1000
ITER = 250	1000	1000
ITER = 251	1000	1000
ITER = 252	1000	1000
ITER = 253	1000	1000
ITER = 254	1000	1000
ITER = 255	1000	1000
ITER = 256	1000	1000
ITER = 257	1000	1000
ITER = 258	1000	1000
ITER = 259	1000	1000
ITER = 260	1000	1000
ITER = 261	1000	1000
ITER = 262	1000	1000
ITER = 263	1000	1000
ITER = 264	1000	1000
ITER = 265	1000	1000
ITER = 266	1000	1000
ITER = 267	1000	1000
ITER = 268	1000	1000
ITER = 269	1000	1000
ITER = 270	1000	1000
ITER = 271	1000	1000
ITER = 272	1000	1000
ITER = 273	1000	1000
ITER = 274	1000	1000
ITER = 275	1000	1000
ITER = 276	1000	1000
ITER = 277	1000	1000
ITER = 278	1000	1000
ITER = 279	1000	1000
ITER = 280	1000	1000
ITER = 281	1000	1000
ITER = 282	1000	1000
ITER = 283	1000	1000
ITER = 284	1000	1000
ITER = 285	1000	1000
ITER = 286	1000	1000
ITER = 287	1000	1000
ITER = 288	1000	1000
ITER = 289	1000	1000
ITER = 290	1000	1000
ITER = 291	1000	1000
ITER = 292	1000	1000
ITER = 293	1000	1000
ITER = 294	1000	1000
ITER = 295	1000	1000
ITER = 296	1000	1000
ITER = 297	1000	1000
ITER = 298	1000	1000
ITER = 299	1000	1000
ITER = 300	1000	1000
ITER = 301	1000	1000
ITER = 302	1000	1000
ITER = 303	1000	1000
ITER = 304	1000	1000
ITER = 305	1000	1000
ITER = 306	1000	1000
ITER = 307	1000	1000
ITER = 308	1000	1000
ITER = 309	1000	1000
ITER = 310	1000	1000
ITER = 311	1000	1000
ITER = 312	1000	1000
ITER = 313	1000	1000
ITER = 314	1000	1000
ITER = 315	1000	1000
ITER = 316	1000	1000
ITER = 317	1000	1000
ITER = 318	1000	1000
ITER = 319	1000	1000
ITER = 320	1000	1000
ITER = 321	1000	1000
ITER = 322	1000	1000
ITER = 323	1000	1000
ITER = 324	1000	1000
ITER = 325	1000	1000
ITER = 326	1000	1000
ITER = 327	1000	1000
ITER = 328	1000	1000
ITER = 329	1000	1000
ITER = 330	1000	1000
ITER = 331	1000	1000
ITER = 332	1000	1000
ITER = 333	1000	1000
ITER = 334	1000	1000
ITER = 335	1000	1000
ITER = 336	1000	1000
ITER = 337	1000	1000
ITER = 338	1000	1000
ITER = 339	1000	1000
ITER = 340	1000	1000
ITER = 341	1000	1000
ITER = 342	1000	1000
ITER = 343	1000	1000
ITER = 344	1000	1000
ITER = 345	1000	1000
ITER = 346	1000	1000
ITER = 347	1000	1000
ITER = 348	1000	1000
ITER = 349	1000	1000
ITER = 350	1000	1000
ITER = 351	1000	1000
ITER = 352	1000	1000
ITER = 353	1000	1000
ITER = 354	1000	1000
ITER = 355	1000	1000
ITER = 356	1000	1000
ITER = 357	1000	1000
ITER = 358	1000	1000
ITER = 359	1000	1000
ITER = 360	1000	1000
ITER = 361	1000	1000
ITER = 362	1000	1000
ITER = 363	1000	1000
ITER = 364	1000	1000
ITER = 365	1000	1000
ITER = 366	1000	1000
ITER = 367	1000	1000
ITER = 368	1000	1000
ITER = 369	1000	1000
ITER = 370	1000	1000
ITER = 371	1000	1000
ITER = 372	1000	1000
ITER = 373	1000	1000
ITER = 374	1000	1000
ITER = 375	1000	1000
ITER = 376	1000	1000
ITER = 377	1000	1000
ITER = 378	1000	1000
ITER = 379	1000	1000
ITER = 380	1000	1000
ITER = 381	1000	1000
ITER = 382	1000	1000
ITER = 383	1000	1000
ITER = 384	1000	1000
ITER = 385	1000	1000
ITER = 386	1000	1000
ITER = 387	1000	1000
ITER = 388	1000	1000
ITER = 389	1000	1000
ITER = 390	1000	1000
ITER = 391	1000	1000
ITER = 392	1000	1000
ITER = 393	1000	1000
ITER = 394	1000	1000
ITER = 395	1000	1000
ITER = 396	1000	1000
ITER = 397	1000	1000
ITER = 398	1000	1000
ITER = 399	1000	1000
ITER = 400	1000	1000
ITER = 401	1000	1000
ITER = 402	1000	1000
ITER = 403	1000	1000
ITER = 404	1000	1000
ITER = 405	1000	1000
ITER = 406	1000	1000
ITER = 407	1000	1000
ITER = 408	1000	1000
ITER = 409	1000	1000
ITER = 410	1000	1000
ITER = 411	1000	1000
ITER = 412	1000	1000
ITER = 413	1000	1000
ITER = 414	1000	1000
ITER = 415	1000	1000
ITER = 416	1000	1000
ITER = 417	1000	1000
ITER = 418	1000	1000
ITER = 419	1000	1000
ITER = 420	1000	1000
ITER = 421	1000	1000
ITER = 422	1000	1000
ITER = 423	1000	1000
ITER = 424	1000	1000
ITER = 425	1000	1000
ITER = 426	1000	1000
ITER = 427	1000	1000
ITER = 428	1000	1000
ITER = 429	1000	1000
ITER = 430	1000	1000
ITER = 431	1000	1000
ITER = 432	1000	1000
ITER = 433	1000	1000
ITER = 434	1000	1000
ITER = 435	1000	1000
ITER = 436	1000	1000
ITER = 437	1000	1000
ITER = 438	1000	1000
ITER = 439	1000	1000
ITER = 440	1000	1000
ITER = 441	1000	1000
ITER = 442	1000	1000
ITER = 443	1000	1000
ITER = 444	1000	1000
ITER = 445	1000	1000
ITER = 446	1000	1000
ITER = 447	1000	1000
ITER = 448	1000	1000
ITER = 449	1000	1000
ITER = 450	1000	1000
ITER = 451	1000	1000
ITER = 452	1000	1000
ITER = 453	1000	1000
ITER = 454	1000	1000
ITER = 455	1000	1000
ITER = 456	1000	1000
ITER = 457	1000	1000
ITER = 458	1000	1000
ITER = 459	1000	1000
ITER = 460	1000	1000
ITER = 461	1000	1000
ITER = 462	1000	1000
ITER = 463	1000	1000
ITER = 464	1000	1000
ITER = 465	1000	1000
ITER = 466	1000	1000
ITER = 467	1000	1000
ITER = 468	1000	1000
ITER = 469	1000	1000
ITER = 470	1000	1000
ITER = 471	1000	1000
ITER = 472	1000	1000
ITER = 473	1000	1000
ITER = 474	1000	1000
ITER = 475	1000	1000
ITER = 476	1000	1000
ITER = 477	1000	1000
ITER = 478	1000	1000
ITER = 479	1000	1000
ITER = 480	1000	1000
ITER = 481	1000	1000
ITER = 482	1000	1000
ITER = 483	1000	1000
ITER = 484	1000	1000
ITER = 485	1000	1000
ITER = 486	1000	1000
ITER = 487	1000	1000
ITER = 488	1000	1000
ITER = 489	1000	1000
ITER = 490	1000	1000
ITER = 491	1000	1000
ITER = 492	1000	1000
ITER = 493	1000	1000
ITER = 494	1000	1000
ITER = 495	1000	1000
ITER = 496	1000	1000
ITER = 497	1000	1000
ITER = 498	1000	1000
ITER = 499	1000	1000
ITER = 500	1000	1000
ITER = 501	1000	1000
ITER = 502	1000	1000
ITER = 503	1000	1000
ITER = 504	1000	1000
ITER = 505	1000	1000
ITER = 506	1000	1000
ITER = 507	1000	1000
ITER = 508	1000	1000
ITER = 509	1000	1000
ITER = 510	1000	1000
ITER = 511	1000	1000
ITER = 512	1000	1000
ITER = 513	1000	1000
ITER = 514	1000	1000
ITER = 515	1000	1000
ITER = 516	1000	1000
ITER = 517	1000	1000
ITER = 518	1000	1000
ITER = 519	1000	1000
ITER = 520	1000	1000
ITER = 521	1000	1000
ITER = 522	1000	1000
ITER = 523	1000	1000
ITER = 524	1000	1000
ITER = 525	1000	1000
ITER = 526	1000	1000
ITER = 527	1000	1000
ITER = 528	1000	1000
ITER = 529	1000	1000
ITER = 530	1000	1000
ITER = 531	1000	1000
ITER = 532	1000	1000
ITER = 533	1000	1000
ITER = 534	1000	1000
ITER = 535	1000	1000
ITER = 536	1000	1000
ITER = 537	1000	1000
ITER = 538	1000	1000
ITER = 539	1000	1000
ITER = 540	1000	1000
ITER = 541	1000	1000
ITER = 542	1000	1000
ITER = 543	1000	1000
ITER = 544	1000	1000
ITER = 545	1000	1000
ITER = 546	1000	1000
ITER = 547	1000	1000
ITER = 548	1000	1000
ITER = 549	1000	1000
ITER = 550	1000	1000
ITER = 551	1000	1000
ITER = 552	1000	1000
ITER = 553	1000	1000
ITER = 554	1000	1000
ITER = 555	1000	1000
ITER = 556	1000	1000
ITER = 557	1000	1000
ITER = 558	1000	1000
ITER = 559	1000	1000
ITER = 560	1000	1000
ITER = 561	1000	1000
ITER = 562	1000	1000
ITER = 563	1000	1000
ITER = 564	1000	1000
ITER = 565	1000	1000
ITER = 566	1000	1000
ITER = 567	1000	1000
ITER = 568	1000	1000
ITER = 569	1000	1000
ITER = 570	1000	1000
ITER = 571	1000	1000
ITER = 572	1000	1000
ITER = 573	1000	1000
ITER = 574	1000	1000
ITER = 575	1000	1000
ITER = 576	1000	1000
ITER = 577	1000	1000
ITER = 578	1000	1000
ITER = 579	1000	1000
ITER = 580	1000	1000
ITER = 581	1000	1000
ITER = 582	1000	1000
ITER = 583	1000	1000
ITER = 584	1000	1000
ITER = 585	1000	1000
ITER = 586	1000	1000
ITER = 587	1000	1000
ITER = 588	1000	1000
ITER = 589	1000	1000
ITER = 590	1000	1000
ITER = 591	1000	1000
ITER = 592	1000	1000
ITER = 593	1000	1000
ITER = 594	1000	1000
ITER = 595	1000	1000
ITER = 596	1000	1000
ITER = 597	1000	1000
ITER = 598	1000	1000
ITER = 599	1000	1000
ITER = 600	1000	1000
ITER = 601	1000	1000
ITER = 602	1000	1000
ITER = 603	1000	1000
ITER = 604	1000	1000
ITER = 605	1000	1000
ITER = 606	1000	1000
ITER = 607	1000	1000
ITER = 608	1000	1000
ITER = 609	1000	1000
ITER = 610	1000	1000
ITER = 611	1000	1000
ITER = 612	1000	1000
ITER = 613	1000	1000
ITER = 614	1000	1000
ITER = 615	1000	1000
ITER = 616	1000	1000
ITER = 617	1000	1000
ITER = 618	1000	1000
ITER = 619	1000	1000
ITER = 620	1000	1000
ITER = 621	1000	1000
ITER = 622	1000	1000
ITER = 623	1000	1000
ITER = 624	1000	1000
ITER = 625	1000	1000
ITER = 626	1000	1000
ITER = 627	1000	1000
ITER = 628	1000	1000
ITER = 629	1000	1000
ITER = 630	1000	1000
ITER = 631	1000	1000
ITER = 632	1000	1000
ITER = 633	1000	1000
ITER = 634	1000	1000
ITER = 635	1000	1000
ITER = 636	1000	1000
ITER = 637	1000	1000
ITER = 638	1000	1000
ITER = 639	1000	1000
ITER = 640	1000	1000
ITER = 641	1000	1000
ITER = 642	1000	1000
ITER = 643	1000	1000
ITER = 644	1000	1000
ITER = 645	1000	1000
ITER = 646	1000	1000
ITER = 647	1000	1000
ITER = 648	1000	1000
ITER = 649	1000	1000
ITER = 650	1000	1000
ITER = 651	1000	1000
ITER = 652	1000	1000
ITER = 653	1000	1000
ITER = 654	1000	1000
ITER = 655	1000	1000
ITER = 656	1000	1000
ITER = 657	1000	1000
ITER = 658	1000	1000
ITER = 659	1000	1000
ITER = 660	1000	1000
ITER = 661	1000	1000
ITER = 662	1000	1000
ITER = 663	1000	1000
ITER = 664	1000	1000
ITER = 665	1000	1000
ITER = 666	1000	1000
ITER = 667	1000	1000
ITER = 668	1000	1000
ITER = 669	1000	1000
ITER = 670	1000	1000
ITER = 671	1000	1000
ITER = 672	1000	1000
ITER = 673	1000	1000
ITER = 674	1000	1000
ITER = 675	1000	1000
ITER = 676	1000	1000
ITER = 677	1000	1000
ITER = 678	1000	1000
ITER = 679	1000	1000
ITER = 680	1000	1000
ITER = 681	1000	1000
ITER = 682	1000	1000
ITER = 683	1000	1000
ITER = 684	1000	1000
ITER = 685	1000	1000
ITER = 686	1000	1000
ITER = 687	1000	1000
ITER = 688	1000	1000
ITER = 689	1000	1000
ITER = 690	1000	1000
ITER = 691	1000	1000
ITER = 692	1000	1000
ITER = 693	1000	1000
ITER = 694	1000	1000
ITER = 695	1000	1000
ITER = 696	1000	1000
ITER = 697	1000	1000
ITER = 698	1000	1000
ITER = 699	1000	1000
ITER = 700	1000	1000
ITER = 701	1000	1000
ITER = 702	1000	1000
ITER = 703	1000	1000
ITER = 704	1000	1000
ITER = 705	1000	1000
ITER = 706	1000	1000
ITER = 707	1000	1000
ITER = 708	1000	1000
ITER = 709	1000	1000
ITER = 710	1000	1000
ITER = 711	1000	1000
ITER = 712	1000	1000
ITER = 713	1000	1000
ITER = 714	1000	1000
ITER = 715	1000	1000
ITER = 716	1000	1000
ITER = 717	1000	1000
ITER = 718	1000	1000
ITER = 719	1000	1000
ITER = 720	1000	1000
ITER = 721	1000	1000
ITER = 722	1000	1000
ITER = 723	1000	1000
ITER = 724	1000	1000
ITER = 725	1000	1000
ITER = 726	1000	1000
ITER = 727	1000	1000
ITER = 728	1000	1000
ITER = 729	1000	1000
ITER = 730	1000	1000
ITER = 731	1000	1000
ITER = 732	1000	1000
ITER = 733	1000	1000
ITER = 734	1000	1000
ITER = 735	1000	1000
ITER = 736	1000	1000
ITER = 737	1000	1000
ITER = 738	1000	1000
ITER = 739	1000	1000
ITER = 740	1000	1000
ITER = 741	1000	1000
ITER = 742	1000	1000
ITER = 743	1000	1000
ITER = 744	1000	1000
ITER = 745	1000	1000
ITER = 746	1000	1000
ITER = 747	1000	1000
ITER = 748	1000	1000
ITER = 749	1000	1000
ITER = 750	1000	1000
ITER = 751	1000	1000
ITER = 752	1000	1000
ITER = 753	1000	1000
ITER = 754	1000	1000
ITER = 755	1000	1000
ITER = 756	1000	1000
ITER = 757	1000	1000
ITER = 758	1000	1000
ITER = 759	1000	1000
ITER = 760	1000	1000
ITER = 761	1000	1000
ITER = 762	1000	1000
ITER = 763	1000	1000
ITER = 764	1000	1000
ITER = 765	1000	1000
ITER = 766	1000	1000
ITER = 767	1000	1000
ITER = 768	1000	1000
ITER = 769	1000	1000
ITER = 770	1000	1000
ITER = 771	1000	1000
ITER = 772	1000	1000
ITER = 773	1000	1000
ITER = 774	1000	1000
ITER = 775	1000	1000
ITER = 776	1000	1000
ITER = 777	1000	1000
ITER = 778	1000	1000
ITER = 779	1000	1000
ITER = 780	1000	1000
ITER = 781	1000	1000
ITER = 782	1000	1000
ITER = 783	1000	1000
ITER = 784	1000	1000
ITER = 785	1000	1000
ITER = 786	1000	1000
ITER = 787	1000	1000
ITER = 788	1000	1000
ITER = 789	1000	1000
ITER = 790	1000	1000
ITER = 791	1000	1000
ITER = 792	1000	1000
ITER = 793	1000	1000
ITER = 794	1000	1000
ITER = 795	1000	1000
ITER = 796	1000	1000
ITER = 797	1000	1000
ITER = 798	1000	1000
ITER = 799	1000	1000
ITER = 800	1000	1000
ITER = 801	1000	1000
ITER = 802	1000	1000
ITER = 803	1000	1000
ITER = 804	1000	1000
ITER = 805	1000	1000
ITER = 806	1000	1000
ITER = 807	1000	1000
ITER = 808	1000	1000
ITER = 809	1000	1000
ITER = 810	1000	1000
ITER = 811	1100	1000
ITER = 812	1700	1099
ITER = 813	2100	1693
ITER = 814	2800	2089
ITER = 815	3200	2782
ITER = 816	3600	3178
ITER = 817	3800	3574
ITER = 818	4100	3772
ITER = 819	4600	4069
ITER = 820	4700	4564
ITER = 821	4800	4663
ITER = 822	5000	4762
ITER = 823	5200	4960
ITER = 824	5700	5158
ITER = 825	5800	5653
ITER = 826	6300	5752
ITER = 827	6600	6247
ITER = 828	6700	6544
ITER = 829	6800	6643
ITER = 830	7100	6742
ITER = 831	7200	7039
ITER = 832	7200	7138
ITER = 833	7500	7138
ITER = 834	7600	7435
ITER = 835	7600	7534
ITER = 836	7700	7534
ITER = 837	8100	7633
ITER = 838	8500	8029
ITER = 839	8500	8425
ITER = 840	8500	8425
ITER = 841	8600	8425
ITER = 842	8700	8524
ITER = 843	8900	8623
ITER = 844	9000	8821
ITER = 845	9200	8920
ITER = 846	9200	9118
ITER = 847	9400	9118
ITER = 848	9600	9316
ITER = 849	9700	9514
ITER = 850	9700	9613
ITER = 851	9900	9613
ITER = 852	10100	9811
ITER = 853	10100	10009
ITER = 854	10400	10009
ITER = 855	10500	10306
ITER = 856	10500	10405
ITER = 857	10900	10405
ITER = 858	10900	10801
ITER = 859	10900	10801
ITER = 860	11000	10801
ITER = 861	11200	10900
ITER = 862	11500	11098
ITER = 863	11700	11395
ITER = 864	11700	11593
ITER = 865	11700	11593
ITER = 866	11894	11593
ITER = 867	11994	11785
ITER = 868	12186	11884
ITER = 869	12186	12074
ITER = 870	12380	12074
ITER = 871	12472	12266
ITER = 872	12572	12357
ITER = 873	12772	12456
ITER = 874	12772	12654
ITER = 875	12972	12654
ITER = 876	12972	12852
ITER = 877	13072	12852
ITER = 878	13172	12951
ITER = 879	13539	13050
ITER = 880	13639	13413
ITER = 881	13839	13512
ITER = 882	13939	13710
ITER = 883	14039	13809
ITER = 884	14276	13908
ITER = 885	14376	14142
ITER = 886	14676	14241
ITER = 887	14676	14538
ITER = 888	14882	14538
ITER = 889	14895	14741
ITER = 890	14991	14753
ITER = 891	14991	14848
ITER = 892	14991	14848
ITER = 893	14991	14848
ITER = 894	15067	14848
ITER = 895	15219	14923
ITER = 896	15295	15073
ITER = 897	15371	15148
ITER = 898	15371	15223
ITER = 899	15371	15223
ITER = 900	15371	15223
ITER = 901	15420	15223
ITER = 902	15420	15271
ITER = 903	15420	15270
ITER = 904	15568	15270
ITER = 905	15568	15415
ITER = 906	15568	15413
ITER = 907	15597	15413
ITER = 908	15655	15438
ITER = 909	15683	15493
ITER = 910	15711	15517
ITER = 911	15711	15543
ITER = 912	15723	15540
ITER = 913	15723	15548
ITER = 914	15723	15545
ITER = 915	15723	15543
ITER = 916	15723	15540
ITER = 917	15759	15538
ITER = 918	15759	15568
ITER = 919	15759	15565
ITER = 920	15759	15565
ITER = 921	15759	15561
ITER = 922	15759	15558
ITER = 923	15759	15558
ITER = 924	15759	15554
ITER = 925	15759	15553
ITER = 926	15759	15552
ITER = 927	15759	15546
ITER = 928	15759	15543
ITER = 929	15759	15540
ITER = 930	15759	15538
ITER = 931	15759	15534
ITER = 932	15759	15528
ITER = 933	15759	15526
ITER = 934	15759	15524
ITER = 935	15759	15524
ITER = 936	15759	15520
ITER = 937	15759	15516
ITER = 938	15759	15511
ITER = 939	15759	15507
ITER = 940	15759	15505
ITER = 941	15759	15501
ITER = 942	15759	15494
ITER = 943	15759	15494
ITER = 944	15759	15493
ITER = 945	15759	15491
ITER = 946	15759	15488
ITER = 947	15759	15488
ITER = 948	15759	15485
ITER = 949	15759	15483
ITER = 950	15759	15481
ITER = 951	15759	15477
ITER = 952	15759	15473
ITER = 953	15759	15473
ITER = 954	15759	15468
ITER = 955	15759	15467
ITER = 956	15759	15464
ITER = 957	15759	15462
ITER = 958	15759	15459
ITER = 959	15759	15458
ITER = 960	15759	15457
ITER = 961	15759	15452
ITER = 962	15759	15448
ITER = 963	15759	15447
ITER = 964	15759	15444
ITER = 965	15759	15444
ITER = 966	15759	15442
ITER = 967	15759	15441
ITER = 968	15759	15439
ITER = 969	15759	15437
ITER = 970	15759	15437
ITER = 971	15759	15435
ITER = 972	15759	15432
ITER = 973	15759	15430
ITER = 974	15759	15428
ITER = 975	15759	15427
ITER = 976	15759	15427
ITER = 977	15759	15423
ITER = 978	15759	15422
ITER = 979	15759	15416
ITER = 980	15759	15412
ITER = 981	15759	15408
ITER = 982	15759	15404
ITER = 983	15759	15403
ITER = 984	15759	15401
ITER = 985	15759	15399
ITER = 986	15759	15399
ITER = 987	15759	15398
ITER = 988	15759	15396
ITER = 989	15759	15396
ITER = 990	15759	15394
ITER = 991	15759	15393
ITER = 992	15759	15389
ITER = 993	15759	15387
ITER = 994	15759	15386
ITER = 995	15759	15386
ITER = 996	15759	15382
ITER = 997	15759	15380
ITER = 998	15759	15377
ITER = 999	15759	15375
ITER = 1000	15759	15371
ITER = 1001	15759	15365
ITER = 1002	15759	15362
ITER = 1003	15759	15361
ITER = 1004	15759	15358
ITER = 1005	15759	15356
ITER = 1006	15759	15355
ITER = 1007	15759	15353
ITER = 1008	15759	15351
ITER = 1009	15759	15351
ITER = 1010	15759	15350
ITER = 1011	15759	15349
ITER = 1012	15759	15348
ITER = 1013	15759	15347
ITER = 1014	15759	15345
ITER = 1015	15759	15343
ITER = 1016	15759	15343
ITER = 1017	15759	15342
ITER = 1018	15759	15341
ITER = 1019	15759	15340
ITER = 1020	15759	15337
ITER = 1021	15759	15334
ITER = 1022	15759	15333
ITER = 1023	15759	15331
ITER = 1024	15759	15329
ITER = 1025	15759	15328
ITER = 1026	15759	15327
ITER = 1027	15759	15325
ITER = 1028	15759	15324
ITER = 1029	15759	15323
ITER = 1030	15759	15322
ITER = 1031	15759	15319
ITER = 1032	15759	15318
ITER = 1033	15759	15317
ITER = 1034	15759	15315
ITER = 1035	15759	15309
ITER = 1036	15759	15309
ITER = 1037	15759	15306
ITER = 1038	15759	15304
ITER = 1039	15759	15301
ITER = 1040	15759	15299
ITER = 1041	15759	15297
ITER = 1042	15759	15294
ITER = 1043	15759	15293
ITER = 1044	15759	15291
ITER = 1045	15759	15289
ITER = 1046	15759	15288
ITER = 1047	15759	15287
ITER = 1048	15759	15285
ITER = 1049	15759	15285
ITER = 1050	15759	15284
ITER = 1051	15759	15282
ITER = 1052	15759	15282
ITER = 1053	15759	15280
ITER = 1054	15759	15279
ITER = 1055	15759	15278
ITER = 1056	15759	15278
ITER = 1057	15759	15277
ITER = 1058	15759	15276
ITER = 1059	15759	15274
ITER = 1060	15759	15271
ITER = 1061	15759	15269
ITER = 1062	15759	15267
ITER = 1063	15759	15266
ITER = 1064	15759	15264
ITER = 1065	15759	15263
ITER = 1066	15759	15259
ITER = 1067	15759	15257
ITER = 1068	15759	15253
ITER = 1069	15759	15250
ITER = 1070	15759	15248
ITER = 1071	15759	15247
ITER = 1072	15759	15247
ITER = 1073	15759	15247
ITER = 1074	15759	15244
ITER = 1075	15759	15244
ITER = 1076	15759	15240
ITER = 1077	15759	15240
ITER = 1078	15759	15238
ITER = 1079	15759	15238
ITER = 1080	15759	15236
ITER = 1081	15759	15236
ITER = 1082	15759	15234
ITER = 1083	15759	15233
ITER = 1084	15759	15232
ITER = 1085	15759	15230
ITER = 1086	15759	15230
ITER = 1087	15759	15229
ITER = 1088	15759	15226
ITER = 1089	15759	15225
ITER = 1090	15759	15224
ITER = 1091	15759	15222
ITER = 1092	15759	15216
ITER = 1093	15759	15215
ITER = 1094	15759	15215
ITER = 1095	15759	15213
ITER = 1096	15759	15213
ITER = 1097	15759	15213
ITER = 1098	15759	15212
ITER = 1099	15759	15211
ITER = 1100	15759	15210
ITER = 1101	15759	15210
ITER = 1102	15759	15209
ITER = 1103	15759	15208
ITER = 1104	15759	15208
ITER = 1105	15759	15208
ITER = 1106	15759	15204
ITER = 1107	15759	15203
ITER = 1108	15759	15202
ITER = 1109	15759	15201
ITER = 1110	15759	15201
ITER = 1111	15759	15200
ITER = 1112	15759	15200
ITER = 1113	15759	15199
ITER = 1114	15759	15197
ITER = 1115	15759	15196
ITER = 1116	15759	15196
ITER = 1117	15759	15194
ITER = 1118	15759	15193
ITER = 1119	15759	15192
ITER = 1120	15759	15192
ITER = 1121	15759	15191
ITER = 1122	15759	15190
ITER = 1123	15759	15190
ITER = 1124	15759	15189
ITER = 1125	15759	15189
ITER = 1126	15759	15189
ITER = 1127	15759	15188
ITER = 1128	15759	15187
ITER = 1129	15759	15186
ITER = 1130	15759	15185
ITER = 1131	15759	15184
ITER = 1132	15759	15183
ITER = 1133	15759	15183
ITER = 1134	15759	15181
ITER = 1135	15759	15180
ITER = 1136	15759	15179
ITER = 1137	15759	15179
ITER = 1138	15759	15179
ITER = 1139	15759	15177
ITER = 1140	15759	15176
ITER = 1141	15759	15176
ITER = 1142	15759	15175
ITER = 1143	15759	15174
ITER = 1144	15759	15172
ITER = 1145	15759	15171
ITER = 1146	15759	15168
ITER = 1147	15759	15168
ITER = 1148	15759	15168
ITER = 1149	15759	15168
ITER = 1150	15759	15166
ITER = 1151	15759	15165
ITER = 1152	15759	15164
ITER = 1153	15759	15163
ITER = 1154	15759	15161
ITER = 1155	15759	15160
ITER = 1156	15759	15158
ITER = 1157	15759	15156
ITER = 1158	15759	15155
ITER = 1159	15759	15155
ITER = 1160	15759	15155
ITER = 1161	15759	15153
ITER = 1162	15759	15152
ITER = 1163	15759	15151
ITER = 1164	15759	15151
ITER = 1165	15759	15150
ITER = 1166	15759	15148
ITER = 1167	15759	15147
ITER = 1168	15759	15145
ITER = 1169	15759	15145
ITER = 1170	15759	15145
ITER = 1171	15759	15144
ITER = 1172	15759	15143
ITER = 1173	15759	15142
ITER = 1174	15759	15141
ITER = 1175	15759	15139
ITER = 1176	15759	15138
ITER = 1177	15759	15137
ITER = 1178	15759	15137
ITER = 1179	15759	15137
ITER = 1180	15759	15137
ITER = 1181	15759	15135
ITER = 1182	15759	15132
ITER = 1183	15759	15130
ITER = 1184	15759	15129
ITER = 1185	15759	15128
ITER = 1186	15759	15128
ITER = 1187	15759	15128
ITER = 1188	15759	15128
ITER = 1189	15759	15128
ITER = 1190	15759	15128
ITER = 1191	15759	15126
ITER = 1192	15759	15126
ITER = 1193	15759	15125
ITER = 1194	15759	15123
ITER = 1195	15759	15123
ITER = 1196	15759	15123
ITER = 1197	15759	15122
ITER = 1198	15759	15120
ITER = 1199	15759	15119
ITER = 1200	15759	15118
ITER = 1201	15759	15118
ITER = 1202	15759	15118
ITER = 1203	15759	15118
ITER = 1204	15759	15118
ITER = 1205	15759	15118
ITER = 1206	15759	15116
ITER = 1207	15759	15115
ITER = 1208	15759	15115
ITER = 1209	15759	15114
ITER = 1210	15759	15113
ITER = 1211	15759	15112
ITER = 1212	15759	15111
ITER = 1213	15759	15110
ITER = 1214	15759	15110
ITER = 1215	15759	15109
ITER = 1216	15759	15108
ITER = 1217	15759	15107
ITER = 1218	15759	15107
ITER = 1219	15759	15106
ITER = 1220	15759	15105
ITER = 1221	15759	15105
ITER = 1222	15759	15105
ITER = 1223	15759	15105
ITER = 1224	15759	15104
ITER = 1225	15759	15103
ITER = 1226	15759	15103
ITER = 1227	15759	15101
ITER = 1228	15759	15098
ITER = 1229	15759	15096
ITER = 1230	15759	15095
ITER = 1231	15759	15095
ITER = 1232	15759	15095
ITER = 1233	15759	15094
ITER = 1234	15759	15094
ITER = 1235	15759	15093
ITER = 1236	15759	15093
ITER = 1237	15759	15092
ITER = 1238	15759	15091
ITER = 1239	15759	15089
ITER = 1240	15759	15089
ITER = 1241	15759	15089
ITER = 1242	15759	15088
ITER = 1243	15759	15088
ITER = 1244	15759	15084
ITER = 1245	15759	15082
ITER = 1246	15759	15080
ITER = 1247	15759	15079
ITER = 1248	15759	15078
ITER = 1249	15759	15076
ITER = 1250	15759	15075
ITER = 1251	15759	15075
ITER = 1252	15759	15074
ITER = 1253	15759	15072
ITER = 1254	15759	15072
ITER = 1255	15759	15072
ITER = 1256	15759	15072
ITER = 1257	15759	15072
ITER = 1258	15759	15072
ITER = 1259	15759	15071
ITER = 1260	15759	15071
ITER = 1261	15759	15071
ITER = 1262	15759	15070
ITER = 1263	15759	15070
ITER = 1264	15759	15070
ITER = 1265	15759	15070
ITER = 1266	15759	15069
ITER = 1267	15759	15068
ITER = 1268	15759	15068
ITER = 1269	15759	15068
ITER = 1270	15759	15066
ITER = 1271	15759	15065
ITER = 1272	15759	15063
ITER = 1273	15759	15063
ITER = 1274	15759	15062
ITER = 1275	15759	15060
ITER = 1276	15759	15059
ITER = 1277	15759	15058
ITER = 1278	15759	15058
ITER = 1279	15759	15057
ITER = 1280	15759	15057
ITER = 1281	15759	15055
ITER = 1282	15759	15055
ITER = 1283	15759	15054
ITER = 1284	15759	15053
ITER = 1285	15759	15052
ITER = 1286	15759	15049
ITER = 1287	15759	15048
ITER = 1288	15759	15048
ITER = 1289	15759	15046
ITER = 1290	15759	15046
ITER = 1291	15759	15045
ITER = 1292	15759	15042
ITER = 1293	15759	15041
ITER = 1294	15759	15040
ITER = 1295	15759	15040
ITER = 1296	15759	15039
ITER = 1297	15759	15038
ITER = 1298	15759	15038
ITER = 1299	15759	15038
ITER = 1300	15759	15037
ITER = 1301	15759	15037
ITER = 1302	15759	15037
ITER = 1303	15759	15037
ITER = 1304	15759	15037
ITER = 1305	15759	15037
ITER = 1306	15759	15037
ITER = 1307	15759	15037
ITER = 1308	15759	15034
ITER = 1309	15759	15034
ITER = 1310	15759	15033
ITER = 1311	15759	15032
ITER = 1312	15759	15031
ITER = 1313	15759	15031
ITER = 1314	15759	15031
ITER = 1315	15759	15031
ITER = 1316	15759	15030
ITER = 1317	15759	15029
ITER = 1318	15759	15029
ITER = 1319	15759	15029
ITER = 1320	15759	15029
ITER = 1321	15759	15028
ITER = 1322	15759	15028
ITER = 1323	15759	15027
ITER = 1324	15759	15027
ITER = 1325	15759	15027
ITER = 1326	15759	15027
ITER = 1327	15759	15027
ITER = 1328	15759	15025
ITER = 1329	15759	15019
ITER = 1330	15759	15016
ITER = 1331	15759	15014
ITER = 1332	15759	15012
ITER = 1333	15759	15011
ITER = 1334	15759	15009
ITER = 1335	15759	15006
ITER = 1336	15759	15006
ITER = 1337	15759	15005
ITER = 1338	15759	15002
ITER = 1339	15759	15001
ITER = 1340	15759	15000
ITER = 1341	15759	14994
ITER = 1342	15759	14992
ITER = 1343	15759	14992
ITER = 1344	15759	14992
ITER = 1345	15759	14991
ITER = 1346	15759	14989
ITER = 1347	15759	14986
ITER = 1348	15759	14985
ITER = 1349	15759	14985
ITER = 1350	15759	14985
ITER = 1351	15759	14985
ITER = 1352	15759	14985
ITER = 1353	15759	14984
ITER = 1354	15759	14981
ITER = 1355	15759	14978
ITER = 1356	15759	14976
ITER = 1357	15759	14975
ITER = 1358	15759	14974
ITER = 1359	15759	14973
ITER = 1360	15759	14973
ITER = 1361	15759	14972
ITER = 1362	15759	14972
ITER = 1363	15759	14972
ITER = 1364	15759	14970
ITER = 1365	15759	14970
ITER = 1366	15759	14969
ITER = 1367	15759	14967
ITER = 1368	15759	14965
ITER = 1369	15759	14965
ITER = 1370	15759	14965
ITER = 1371	15759	14964
ITER = 1372	15759	14964
ITER = 1373	15759	14963
ITER = 1374	15759	14962
ITER = 1375	15759	14961
ITER = 1376	15759	14961
ITER = 1377	15759	14961
ITER = 1378	15759	14960
ITER = 1379	15759	14959
ITER = 1380	15759	14959
ITER = 1381	15759	14957
ITER = 1382	15759	14955
ITER = 1383	15759	14955
ITER = 1384	15759	14953
ITER = 1385	15759	14952
ITER = 1386	15759	14951
ITER = 1387	15759	14950
ITER = 1388	15759	14949
ITER = 1389	15759	14946
ITER = 1390	15759	14945
ITER = 1391	15759	14943
ITER = 1392	15759	14943
ITER = 1393	15759	14943
ITER = 1394	15759	14942
ITER = 1395	15759	14942
ITER = 1396	15759	14941
ITER = 1397	15759	14941
ITER = 1398	15759	14940
ITER = 1399	15759	14938
ITER = 1400	15759	14938
ITER = 1401	15759	14938
ITER = 1402	15759	14936
ITER = 1403	15759	14936
ITER = 1404	15759	14936
ITER = 1405	15759	14934
ITER = 1406	15759	14933
ITER = 1407	15759	14933
ITER = 1408	15759	14931
ITER = 1409	15759	14931
ITER = 1410	15759	14931
ITER = 1411	15759	14931
ITER = 1412	15759	14931
ITER = 1413	15759	14929
ITER = 1414	15759	14929
ITER = 1415	15759	14929
ITER = 1416	15759	14927
ITER = 1417	15759	14925
ITER = 1418	15759	14924
ITER = 1419	15759	14924
ITER = 1420	15759	14923
ITER = 1421	15759	14923
ITER = 1422	15759	14923
ITER = 1423	15759	14923
ITER = 1424	15759	14923
ITER = 1425	15759	14923
ITER = 1426	15759	14921
ITER = 1427	15759	14920
ITER = 1428	15759	14920
ITER = 1429	15759	14917
ITER = 1430	15759	14917
ITER = 1431	15759	14917
ITER = 1432	15759	14917
ITER = 1433	15759	14916
ITER = 1434	15759	14915
ITER = 1435	15759	14915
ITER = 1436	15759	14913
ITER = 1437	15759	14913
ITER = 1438	15759	14913
ITER = 1439	15759	14910
ITER = 1440	15759	14910
ITER = 1441	15759	14910
ITER = 1442	15759	14910
ITER = 1443	15759	14910
ITER = 1444	15759	14910
ITER = 1445	15759	14909
ITER = 1446	15759	14909
ITER = 1447	15759	14909
ITER = 1448	15759	14909
ITER = 1449	15759	14909
ITER = 1450	15759	14909
ITER = 1451	15759	14909
ITER = 1452	15759	14908
ITER = 1453	15759	14906
ITER = 1454	15759	14906
ITER = 1455	15759	14906
ITER = 1456	15759	14905
ITER = 1457	15759	14903
ITER = 1458	15759	14903
ITER = 1459	15759	14903
ITER = 1460	15759	14902
ITER = 1461	15759	14900
ITER = 1462	15759	14900
ITER = 1463	15759	14899
ITER = 1464	15759	14898
ITER = 1465	15759	14898
ITER = 1466	15759	14898
ITER = 1467	15759	14898
ITER = 1468	15759	14897
ITER = 1469	15759	14897
ITER = 1470	15759	14897
ITER = 1471	15759	14896
ITER = 1472	15761	14895
ITER = 1473	15761	14894
ITER = 1474	15761	14894
ITER = 1475	15761	14894
ITER = 1476	15761	14893
ITER = 1477	15761	14892
ITER = 1478	15761	14891
ITER = 1479	15761	14891
ITER = 1480	15761	14891
ITER = 1481	15761	14891
ITER = 1482	15761	14891
ITER = 1483	15761	14891
ITER = 1484	15761	14891
ITER = 1485	15761	14891
ITER = 1486	15761	14890
ITER = 1487	15761	14889
ITER = 1488	15761	14889
ITER = 1489	15761	14889
ITER = 1490	15761	14888
ITER = 1491	15761	14887
ITER = 1492	15761	14887
ITER = 1493	15761	14887
ITER = 1494	15761	14887
ITER = 1495	15761	14887
ITER = 1496	15761	14887
ITER = 1497	15761	14886
ITER = 1498	15761	14886
ITER = 1499	15761	14885
ITER = 1500	15761	14884
ITER = 1501	15761	14884
ITER = 1502	15761	14884
ITER = 1503	15761	14884
ITER = 1504	15761	14884
ITER = 1505	15761	14884
ITER = 1506	15761	14883
ITER = 1507	15761	14882
ITER = 1508	15761	14882
ITER = 1509	15761	14881
ITER = 1510	15761	14880
ITER = 1511	15761	14880
ITER = 1512	15761	14879
ITER = 1513	15761	14879
ITER = 1514	15761	14879
ITER = 1515	15761	14878
ITER = 1516	15761	14877
ITER = 1517	15761	14876
ITER = 1518	15761	14875
ITER = 1519	15761	14875
ITER = 1520	15761	14875
ITER = 1521	15761	14875
ITER = 1522	15761	14875
ITER = 1523	15761	14875
ITER = 1524	15761	14875
ITER = 1525	15761	14874
ITER = 1526	15761	14874
ITER = 1527	15761	14874
ITER = 1528	15761	14874
ITER = 1529	15761	14874
ITER = 1530	15761	14874
ITER = 1531	15761	14872
ITER = 1532	15761	14872
ITER = 1533	15761	14871
ITER = 1534	15761	14870
ITER = 1535	15761	14870
ITER = 1536	15761	14869
ITER = 1537	15761	14869
ITER = 1538	15761	14869
ITER = 1539	15761	14868
ITER = 1540	15761	14868
ITER = 1541	15761	14868
ITER = 1542	15761	14868
ITER = 1543	15761	14867
ITER = 1544	15761	14867
ITER = 1545	15761	14867
ITER = 1546	15761	14866
ITER = 1547	15761	14866
ITER = 1548	15761	14866
ITER = 1549	15761	14866
ITER = 1550	15761	14866
ITER = 1551	15761	14866
ITER = 1552	15761	14866
ITER = 1553	15761	14865
ITER = 1554	15761	14865
ITER = 1555	15761	14864
ITER = 1556	15761	14863
ITER = 1557	15761	14863
ITER = 1558	15761	14862
ITER = 1559	15761	14862
ITER = 1560	15761	14862
ITER = 1561	15761	14861
ITER = 1562	15761	14859
ITER = 1563	15761	14858
ITER = 1564	15761	14858
ITER = 1565	15761	14852
ITER = 1566	15761	14852
ITER = 1567	15761	14851
ITER = 1568	15761	14849
ITER = 1569	15761	14849
ITER = 1570	15761	14849
ITER = 1571	15761	14849
ITER = 1572	15761	14848
ITER = 1573	15761	14847
ITER = 1574	15761	14847
ITER = 1575	15761	14847
ITER = 1576	15761	14847
ITER = 1577	15761	14845
ITER = 1578	15761	14845
ITER = 1579	15761	14843
ITER = 1580	15761	14841
ITER = 1581	15761	14840
ITER = 1582	15761	14837
ITER = 1583	15761	14835
ITER = 1584	15761	14834
ITER = 1585	15761	14832
ITER = 1586	15761	14832
ITER = 1587	15761	14831
ITER = 1588	15761	14830
ITER = 1589	15761	14827
ITER = 1590	15761	14826
ITER = 1591	15761	14824
ITER = 1592	15761	14821
ITER = 1593	15761	14821
ITER = 1594	15761	14820
ITER = 1595	15761	14820
ITER = 1596	15761	14820
ITER = 1597	15761	14817
ITER = 1598	15761	14816
ITER = 1599	15761	14814
ITER = 1600	15761	14812
ITER = 1601	15761	14812
ITER = 1602	15761	14810
ITER = 1603	15761	14807
ITER = 1604	15761	14807
ITER = 1605	15761	14807
ITER = 1606	15761	14805
ITER = 1607	15761	14804
ITER = 1608	15761	14803
ITER = 1609	15761	14803
ITER = 1610	15761	14801
ITER = 1611	15761	14801
ITER = 1612	15761	14801
ITER = 1613	15761	14801
ITER = 1614	15761	14800
ITER = 1615	15761	14796
ITER = 1616	15761	14795
ITER = 1617	15761	14795
ITER = 1618	15761	14789
ITER = 1619	15761	14789
ITER = 1620	15761	14787
ITER = 1621	15761	14786
ITER = 1622	15761	14783
ITER = 1623	15761	14781
ITER = 1624	15761	14780
ITER = 1625	15761	14780
ITER = 1626	15761	14779
ITER = 1627	15761	14778
ITER = 1628	15761	14777
ITER = 1629	15761	14777
ITER = 1630	15761	14774
ITER = 1631	15761	14773
ITER = 1632	15761	14770
ITER = 1633	15761	14766
ITER = 1634	15761	14766
ITER = 1635	15761	14765
ITER = 1636	15761	14763
ITER = 1637	15761	14762
ITER = 1638	15761	14762
ITER = 1639	15761	14760
ITER = 1640	15761	14756
ITER = 1641	15761	14752
ITER = 1642	15761	14750
ITER = 1643	15761	14748
ITER = 1644	15761	14746
ITER = 1645	15761	14746
ITER = 1646	15761	14746
ITER = 1647	15761	14745
ITER = 1648	15761	14744
ITER = 1649	15761	14742
ITER = 1650	15761	14739
ITER = 1651	15761	14735
ITER = 1652	15761	14732
ITER = 1653	15761	14731
ITER = 1654	15761	14729
ITER = 1655	15761	14725
ITER = 1656	15761	14724
ITER = 1657	15761	14724
ITER = 1658	15761	14723
ITER = 1659	15761	14721
ITER = 1660	15761	14719
ITER = 1661	15761	14719
ITER = 1662	15761	14718
ITER = 1663	15761	14713
ITER = 1664	15761	14711
ITER = 1665	15761	14710
ITER = 1666	15761	14709
ITER = 1667	15761	14707
ITER = 1668	15761	14705
ITER = 1669	15761	14705
ITER = 1670	15761	14704
ITER = 1671	15761	14702
ITER = 1672	15761	14701
ITER = 1673	15761	14700
ITER = 1674	15761	14699
ITER = 1675	15761	14698
ITER = 1676	15761	14696
ITER = 1677	15761	14690
ITER = 1678	15761	14688
ITER = 1679	15761	14687
ITER = 1680	15761	14684
ITER = 1681	15761	14683
ITER = 1682	15761	14679
ITER = 1683	15761	14677
ITER = 1684	15761	14675
ITER = 1685	15761	14674
ITER = 1686	15761	14672
ITER = 1687	15761	14672
ITER = 1688	15761	14671
ITER = 1689	15761	14668
ITER = 1690	15761	14665
ITER = 1691	15773	14665
ITER = 1692	15773	14674
ITER = 1693	15773	14672
ITER = 1694	15773	14669
ITER = 1695	15773	14667
ITER = 1696	15773	14664
ITER = 1697	15773	14663
ITER = 1698	15773	14662
ITER = 1699	15773	14661
ITER = 1700	15773	14655
ITER = 1701	15773	14650
ITER = 1702	15773	14647
ITER = 1703	15773	14645
ITER = 1704	15773	14640
ITER = 1705	15773	14635
ITER = 1706	15773	14633
ITER = 1707	15773	14631
ITER = 1708	15773	14629
ITER = 1709	15773	14625
ITER = 1710	15773	14625
ITER = 1711	15773	14624
ITER = 1712	15773	14624
ITER = 1713	15773	14623
ITER = 1714	15773	14621
ITER = 1715	15773	14615
ITER = 1716	15773	14611
ITER = 1717	15773	14609
ITER = 1718	15773	14604
ITER = 1719	15773	14601
ITER = 1720	15773	14599
ITER = 1721	15773	14597
ITER = 1722	15773	14596
ITER = 1723	15773	14596
ITER = 1724	15773	14590
ITER = 1725	15773	14588
ITER = 1726	15773	14585
ITER = 1727	15773	14581
ITER = 1728	15773	14577
ITER = 1729	15773	14574
ITER = 1730	15773	14570
ITER = 1731	15773	14566
ITER = 1732	15773	14562
ITER = 1733	15773	14557
ITER = 1734	15773	14555
ITER = 1735	15773	14552
ITER = 1736	15773	14545
ITER = 1737	15773	14542
ITER = 1738	15773	14542
ITER = 1739	15773	14541
ITER = 1740	15773	14541
ITER = 1741	15773	14538
ITER = 1742	15773	14538
ITER = 1743	15773	14536
ITER = 1744	15773	14535
ITER = 1745	15773	14532
ITER = 1746	15773	14530
ITER = 1747	15773	14523
ITER = 1748	15773	14520
ITER = 1749	15773	14517
ITER = 1750	15773	14514
ITER = 1751	15773	14513
ITER = 1752	15773	14511
ITER = 1753	15778	14509
ITER = 1754	15778	14509
ITER = 1755	15778	14505
ITER = 1756	15778	14500
ITER = 1757	15778	14499
ITER = 1758	15778	14496
ITER = 1759	15778	14496
ITER = 1760	15778	14494
ITER = 1761	15778	14490
ITER = 1762	15778	14486
ITER = 1763	15778	14481
ITER = 1764	15778	14477
ITER = 1765	15778	14477
ITER = 1766	15778	14474
ITER = 1767	15778	14471
ITER = 1768	15778	14468
ITER = 1769	15778	14464
ITER = 1770	15778	14461
ITER = 1771	15778	14457
ITER = 1772	15778	14452
ITER = 1773	15778	14447
ITER = 1774	15778	14445
ITER = 1775	15778	14439
ITER = 1776	15778	14436
ITER = 1777	15778	14433
ITER = 1778	15778	14429
ITER = 1779	15778	14425
ITER = 1780	15778	14422
ITER = 1781	15778	14418
ITER = 1782	15778	14417
ITER = 1783	15778	14416
ITER = 1784	15778	14413
ITER = 1785	15778	14411
ITER = 1786	15778	14407
ITER = 1787	15778	14405
ITER = 1788	15778	14400
ITER = 1789	15778	14398
ITER = 1790	15778	14398
ITER = 1791	15778	14395
ITER = 1792	15778	14387
ITER = 1793	15778	14383
ITER = 1794	15778	14378
ITER = 1795	15778	14375
ITER = 1796	15778	14368
ITER = 1797	15778	14362
ITER = 1798	15778	14358
ITER = 1799	15778	14355
ITER = 1800	15778	14351
ITER = 1801	15778	14348
ITER = 1802	15778	14344
ITER = 1803	15778	14339
ITER = 1804	15778	14337
ITER = 1805	15778	14334
ITER = 1806	15778	14331
ITER = 1807	15778	14329
ITER = 1808	15778	14327
ITER = 1809	15778	14323
ITER = 1810	15778	14320
ITER = 1811	15778	14314
ITER = 1812	15778	14313
ITER = 1813	15778	14306
ITER = 1814	15778	14304
ITER = 1815	15778	14298
ITER = 1816	15778	14295
ITER = 1817	15778	14290
ITER = 1818	15778	14286
ITER = 1819	15778	14282
ITER = 1820	15778	14274
ITER = 1821	15778	14271
ITER = 1822	15778	14265
ITER = 1823	15778	14259
ITER = 1824	15778	14255
ITER = 1825	15778	14251
ITER = 1826	15778	14247
ITER = 1827	15778	14243
ITER = 1828	15778	14235
ITER = 1829	15778	14233
ITER = 1830	15778	14228
ITER = 1831	15778	14223
ITER = 1832	15778	14218
ITER = 1833	15778	14215
ITER = 1834	15778	14212
ITER = 1835	15778	14208
ITER = 1836	15778	14205
ITER = 1837	15778	14197
ITER = 1838	15778	14191
ITER = 1839	15778	14189
ITER = 1840	15778	14187
ITER = 1841	15778	14181
ITER = 1842	15778	14178
ITER = 1843	15778	14173
ITER = 1844	15778	14169
ITER = 1845	15778	14166
ITER = 1846	15778	14165
ITER = 1847	15778	14158
ITER = 1848	15778	14148
ITER = 1849	15778	14141
ITER = 1850	15778	14136
ITER = 1851	15778	14131
ITER = 1852	15778	14124
ITER = 1853	15778	14121
ITER = 1854	15778	14116
ITER = 1855	15778	14110
ITER = 1856	15778	14105
ITER = 1857	15778	14102
ITER = 1858	15778	14099
ITER = 1859	15778	14095
ITER = 1860	15778	14093
ITER = 1861	15778	14092
ITER = 1862	15778	14086
ITER = 1863	15778	14083
ITER = 1864	15778	14078
ITER = 1865	15778	14076
ITER = 1866	15778	14073
ITER = 1867	15778	14064
ITER = 1868	15778	14059
ITER = 1869	15778	14049
ITER = 1870	15778	14043
ITER = 1871	15778	14036
ITER = 1872	15778	14030
ITER = 1873	15778	14026
ITER = 1874	15778	14024
ITER = 1875	15778	14022
ITER = 1876	15778	14017
ITER = 1877	15778	14015
ITER = 1878	15778	14007
ITER = 1879	15778	14002
ITER = 1880	15778	13996
ITER = 1881	15778	13993
ITER = 1882	15778	13992
ITER = 1883	15778	13987
ITER = 1884	15778	13984
ITER = 1885	15778	13978
ITER = 1886	15778	13971
ITER = 1887	15778	13964
ITER = 1888	15778	13958
ITER = 1889	15778	13955
ITER = 1890	15778	13949
ITER = 1891	15778	13947
ITER = 1892	15778	13945
ITER = 1893	15778	13940
ITER = 1894	15778	13931
ITER = 1895	15778	13920
ITER = 1896	15778	13914
ITER = 1897	15778	13908
ITER = 1898	15778	13902
ITER = 1899	15778	13898
ITER = 1900	15778	13890
ITER = 1901	15778	13887
ITER = 1902	15778	13883
ITER = 1903	15778	13879
ITER = 1904	15778	13876
ITER = 1905	15778	13872
ITER = 1906	15778	13867
ITER = 1907	15778	13858
ITER = 1908	15778	13855
ITER = 1909	15778	13850
ITER = 1910	15778	13845
ITER = 1911	15778	13840
ITER = 1912	15778	13840
ITER = 1913	15778	13834
ITER = 1914	15778	13826
ITER = 1915	15778	13821
ITER = 1916	15778	13814
ITER = 1917	15778	13811
ITER = 1918	15778	13808
ITER = 1919	15778	13807
ITER = 1920	15778	13802
ITER = 1921	15778	13798
ITER = 1922	15778	13791
ITER = 1923	15778	13788
ITER = 1924	15778	13778
ITER = 1925	15778	13774
ITER = 1926	15778	13770
ITER = 1927	15778	13763
ITER = 1928	15778	13758
ITER = 1929	15778	13750
ITER = 1930	15778	13742
ITER = 1931	15778	13734
ITER = 1932	15778	13730
ITER = 1933	15778	13722
ITER = 1934	15778	13719
ITER = 1935	15778	13711
ITER = 1936	15778	13707
ITER = 1937	15778	13705
ITER = 1938	15778	13698
ITER = 1939	15778	13688
ITER = 1940	15778	13681
ITER = 1941	15778	13681
ITER = 1942	15778	13675
ITER = 1943	15778	13670
ITER = 1944	15778	13663
ITER = 1945	15778	13660
ITER = 1946	15778	13652
ITER = 1947	15778	13648
ITER = 1948	15778	13644
ITER = 1949	15778	13640
ITER = 1950	15778	13632
ITER = 1951	15778	13629
ITER = 1952	15778	13624
ITER = 1953	15778	13620
ITER = 1954	15778	13609
ITER = 1955	15778	13607
ITER = 1956	15778	13604
ITER = 1957	15778	13598
ITER = 1958	15778	13597
ITER = 1959	15778	13594
ITER = 1960	15778	13592
ITER = 1961	15778	13591
ITER = 1962	15778	13583
ITER = 1963	15778	13578
ITER = 1964	15778	13575
ITER = 1965	15778	13570
ITER = 1966	15778	13567
ITER = 1967	15778	13563
ITER = 1968	15778	13554
ITER = 1969	15778	13551
ITER = 1970	15778	13545
ITER = 1971	15778	13544
ITER = 1972	15778	13540
ITER = 1973	15778	13537
ITER = 1974	15778	13533
ITER = 1975	15778	13524
ITER = 1976	15778	13519
ITER = 1977	15778	13515
ITER = 1978	15778	13511
ITER = 1979	15778	13503
ITER = 1980	15778	13494
ITER = 1981	15778	13489
ITER = 1982	15778	13481
ITER = 1983	15778	13476
ITER = 1984	15778	13470
ITER = 1985	15778	13467
ITER = 1986	15778	13463
ITER = 1987	15778	13460
ITER = 1988	15778	13455
ITER = 1989	15778	13449
ITER = 1990	15778	13448
ITER = 1991	15778	13441
ITER = 1992	15778	13437
ITER = 1993	15778	13436
ITER = 1994	15778	13431
ITER = 1995	15778	13426
ITER = 1996	15778	13421
ITER = 1997	15778	13416
ITER = 1998	15778	13409
ITER = 1999	15778	13406
