-4.55788
-4.55788
-4.55788
-4.55788
-4.55788
-5.24087
-4.55788
-4.55788
-4.55788
-4.55788
-4.55788
-5.24087
-4.55788
-4.55788
-4.55788
-4.55788
-4.55788
-4.55788
-4.55788
-4.55788
-4.55788
-4.55788
-4.55788
-4.55788
-4.55788
-4.55788
-4.55788
-4.55788
-4.55788
-4.55788
-4.55788
-4.55788
-4.55788
-4.55788
-4.55788
-4.55788
-4.55788
-5.24087
-4.55788
-4.55788
-4.55788
-4.55788
-5.24087
-4.55788
-4.55788
-5.24087
-5.24087
-4.55788
-4.55788
-4.55788
-5.24087
-4.55788
-5.24087
-4.55788
-4.55788
-4.55788
-4.55788
-5.24087
-5.24087
-4.55788
-4.55788
-4.55788
-4.55788
-4.55788
-4.55788
-4.55788
-4.55788
-5.24087
-4.55788
-4.55788
-5.24087
-4.55788
-4.55788
-4.55788
-4.55788
-4.55788
-4.55788
-4.55788
-4.55788
-5.24087
-4.55788
-4.55788
-4.55788
-4.55788
-4.55788
-4.55788
-5.24087
-4.55788
-4.55788
-4.55788
-4.55788
-5.24087
-4.55788
-4.55788
-4.55788
-4.55788
-4.55788
-4.55788
-4.55788
-4.55788
-4.55788
-4.55788
-4.55788
-4.55788
-4.55788
-4.55788
-4.55788
-4.55788
-4.55788
-4.55788
-4.55788
-4.55788
-4.55788
-4.55788
-4.55788
-4.55788
-4.55788
-4.55788
-4.55788
-4.55788
-4.55788
-4.55788
-4.55788
-4.55788
-4.55788
-4.55788
-4.55788
-5.24087
-4.55788
-4.55788
-4.55788
-4.55788
-4.55788
-4.55788
-4.55788
-4.55788
-4.55788
-4.55788
-4.55788
-4.55788
-4.55788
-4.55788
-4.55788
-4.55788
-4.55788
-4.55788
-5.24087
-4.55788
-4.55788
-4.55788
-4.55788
-4.55788
-4.55788
-4.55788
-4.55788
-4.55788
-4.55788
-4.55788
-5.24087
-4.55788
-5.24087
-4.55788
-4.55788
-4.55788
-5.24087
-4.55788
-4.55788
-4.55788
-4.55788
-4.55788
-4.55788
-4.55788
-4.55788
-4.55788
-4.55788
-4.55788
-4.55788
-4.55788
-4.55788
-4.55788
-4.55788
-4.55788
-4.55788
-4.55788
-4.55788
-4.55788
-5.24087
-5.24087
-5.24087
-4.55788
-4.55788
-4.55788
-4.55788
-5.24087
-4.55788
-4.55788
-4.55788
-4.55788
-5.24087
-4.55788
-4.55788
-4.55788
-4.55788
-4.55788
-4.55788
-4.55788
-4.55788
-4.55788
-4.55788
-4.55788
-4.55788
-5.24087
-4.55788
-4.55788
-4.55788
-4.55788
-4.55788
-4.55788
-4.55788
-4.55788
-4.55788
-4.55788
-4.55788
-4.55788
-4.55788
-4.55788
-4.55788
-5.24087
-4.55788
-4.55788
-4.55788
-4.55788
-4.55788
-4.55788
-4.55788
-4.55788
-4.55788
-4.55788
-4.55788
-5.24087
-4.55788
-4.55788
-4.55788
-4.55788
-4.55788
-4.55788
-4.55788
-4.55788
-4.55788
-4.55788
-4.55788
-4.55788
-4.55788
-4.55788
-4.55788
-4.55788
-4.55788
-4.55788
-4.55788
-4.55788
-4.55788
-4.55788
-5.24087
-4.55788
-4.55788
-4.55788
-4.55788
-4.55788
-4.55788
-4.55788
-4.55788
-4.55788
-4.55788
-5.24087
-4.55788
-4.55788
-4.55788
-4.55788
-4.55788
-4.55788
-4.55788
-5.24087
-4.55788
-4.55788
-4.55788
-4.55788
-5.24087
-4.55788
-5.24087
-4.55788
-4.55788
-4.55788
-4.55788
-4.55788
-4.55788
-4.55788
-4.55788
-4.55788
-4.55788
-4.55788
-4.55788
-4.55788
-4.55788
-4.55788
-4.55788
-4.55788
-4.55788
-4.55788
-4.55788
-4.55788
-4.55788
-4.55788
-4.55788
-5.24087
-4.55788
-4.55788
-4.55788
-4.55788
-4.55788
-4.55788
-4.55788
-4.55788
-4.55788
-4.55788
-4.55788
-4.55788
-4.55788
-5.24087
-4.55788
-4.55788
-4.55788
-4.55788
-4.55788
-4.55788
-4.55788
-4.55788
-4.55788
-4.55788
-4.55788
-4.55788
-4.55788
-4.55788
-4.55788
-4.55788
-4.55788
-5.24087
-4.55788
-5.24087
-4.55788
-4.55788
-4.55788
-4.55788
-4.55788
-4.55788
-4.55788
-4.55788
-4.55788
-4.55788
-5.24087
-4.55788
-4.55788
-4.55788
-4.55788
-5.24087
-4.55788
-4.55788
-4.55788
-4.55788
-4.55788
-4.55788
-4.55788
-4.55788
-4.55788
-4.55788
-5.24087
-4.55788
-4.55788
-4.55788
-4.55788
-4.55788
-5.24087
-4.55788
-4.55788
-4.55788
-4.55788
-5.24087
-5.24087
-4.55788
-4.55788
-5.24087
-4.55788
-4.55788
-4.55788
-4.55788
-4.55788
-4.55788
-5.24087
-4.55788
-4.55788
-4.55788
-4.55788
-4.55788
-4.55788
-4.55788
-4.55788
-4.55788
-4.55788
-4.55788
-4.55788
-5.24087
-4.55788
-4.55788
-4.55788
-4.55788
-4.55788
-4.55788
-4.55788
-4.55788
-4.55788
-4.55788
-4.55788
-5.24087
-5.24087
-4.55788
-4.55788
-4.55788
-4.55788
-4.55788
-4.55788
-4.55788
-4.55788
-4.55788
-4.55788
-4.55788
-4.55788
-4.55788
-4.55788
-4.55788
-5.24087
-4.55788
-5.24087
-5.24087
-4.55788
-4.55788
-4.55788
-4.55788
-4.55788
-4.55788
-4.55788
-4.55788
-4.55788
-4.55788
-4.55788
-4.55788
-4.55788
-4.55788
-4.55788
-4.55788
-4.55788
-4.55788
-4.55788
-4.55788
-5.24087
-4.55788
-5.24087
-5.24087
-4.55788
-4.55788
-4.55788
-4.55788
-4.55788
-5.24087
-4.55788
-4.55788
-4.55788
-4.55788
-4.55788
-4.55788
-4.55788
-4.55788
-4.55788
-4.55788
-4.55788
-4.55788
-4.55788
-4.55788
-4.55788
-4.55788
-5.24087
-4.55788
-4.55788
-4.55788
-4.55788
-4.55788
-4.55788
-5.24087
-4.55788
-4.55788
-4.55788
-4.55788
-4.55788
-5.24087
-4.55788
-4.55788
-4.55788
-4.55788
-4.55788
-4.55788
-4.55788
-4.55788
-4.55788
-4.55788
-4.55788
-4.55788
-4.55788
-4.55788
-4.55788
-4.55788
-4.55788
-4.55788
-4.55788
-4.55788
-4.55788
-4.55788
-4.55788
-4.55788
-4.55788
-4.55788
-4.55788
-4.55788
-4.55788
-4.55788
-4.55788
-4.55788
-4.55788
-4.55788
-5.24087
-5.24087
-4.55788
-4.55788
-4.55788
-4.55788
-4.55788
-4.55788
-4.55788
-5.24087
-5.24087
-4.55788
-4.55788
-4.55788
-5.24087
-4.55788
-4.55788
-4.55788
-4.55788
-4.55788
-4.55788
-4.55788
-4.55788
-5.24087
-4.55788
-4.55788
-4.55788
-4.55788
-4.55788
-4.55788
-4.55788
-4.55788
-4.55788
-4.55788
-4.55788
-4.55788
-4.55788
-4.55788
-4.55788
-4.55788
-4.55788
-4.55788
-4.55788
-4.55788
-4.55788
-5.24087
-4.55788
-5.24087
-4.55788
-4.55788
-4.55788
-4.55788
-4.55788
-4.55788
-4.55788
-4.55788
-4.55788
-5.24087
-4.55788
-4.55788
-4.55788
-4.55788
-4.55788
-4.55788
-4.55788
-4.55788
-4.55788
-4.55788
-4.55788
-4.55788
-4.55788
-4.55788
-4.55788
-4.55788
-4.55788
-4.55788
-4.55788
-4.55788
-5.24087
-4.55788
-5.24087
-5.24087
-4.55788
-4.55788
-4.55788
-5.24087
-4.55788
-4.55788
-4.55788
-4.55788
-4.55788
-4.55788
-4.55788
-4.55788
-4.55788
-4.55788
-4.55788
-4.55788
-4.55788
-4.55788
-5.24087
-4.55788
-5.24087
-5.24087
-4.55788
-5.24087
-4.55788
-4.55788
-4.55788
-4.55788
-4.55788
-4.55788
-4.55788
-5.24087
-4.55788
-4.55788
-4.55788
-4.55788
-4.55788
-5.24087
-4.55788
-4.55788
-4.55788
-4.55788
-4.55788
-4.55788
-4.55788
-4.55788
-4.55788
-4.55788
-4.55788
-4.55788
-4.55788
-5.24087
-5.24087
-5.24087
-4.55788
-4.55788
-5.24087
-5.24087
-4.55788
-4.55788
-4.55788
-4.55788
-4.55788
-4.55788
-4.55788
-4.55788
-4.55788
-5.24087
-4.55788
-4.55788
-4.55788
-4.55788
-5.24087
-4.55788
-4.55788
-5.24087
-4.55788
-5.24087
-5.24087
-4.55788
-4.55788
-4.55788
-4.55788
-4.55788
-4.55788
-4.55788
-4.55788
-5.24087
-4.55788
-4.55788
-4.55788
-4.55788
-4.55788
-4.55788
-4.55788
-4.55788
-4.55788
-5.24087
-4.55788
-4.55788
-4.55788
-4.55788
-4.55788
-4.55788
-4.55788
-4.55788
-4.55788
-4.55788
-4.55788
-4.55788
-4.55788
-4.55788
-4.55788
-4.55788
-4.55788
-5.24087
-4.55788
-4.55788
-4.55788
-4.55788
-4.55788
-4.55788
-4.55788
-4.55788
-4.55788
-4.55788
-4.55788
-4.55788
-4.55788
-4.55788
-4.55788
-4.55788
-4.55788
-4.55788
-4.55788
-4.55788
-4.55788
-4.55788
-4.55788
-4.55788
-4.55788
-4.55788
-4.55788
-4.55788
-4.55788
-4.55788
-4.55788
-4.55788
-4.55788
-4.55788
-4.55788
-4.55788
-4.55788
-4.55788
-5.24087
-5.24087
-4.55788
-4.55788
-4.55788
-4.55788
-4.55788
-4.55788
-4.55788
-4.55788
-4.55788
-4.55788
-4.55788
-4.55788
-5.24087
-4.55788
-5.24087
-4.55788
-4.55788
-4.55788
-5.24087
-4.55788
-4.55788
-4.55788
-4.55788
-4.55788
-4.55788
-4.55788
-4.55788
-4.55788
-4.55788
-5.24087
-5.24087
-4.55788
-4.55788
-4.55788
-4.55788
-5.24087
-4.55788
-4.55788
-4.55788
-4.55788
-4.55788
-4.55788
-4.55788
-4.55788
-4.55788
-4.55788
-4.55788
-4.55788
-4.55788
-4.55788
-4.55788
-4.55788
-4.55788
-4.55788
-4.55788
-4.55788
-4.55788
-4.55788
-5.24087
-4.55788
-4.55788
-4.55788
-4.55788
-4.55788
-4.55788
-4.55788
-5.24087
-4.55788
-4.55788
-4.55788
-4.55788
-4.55788
-4.55788
-4.55788
-4.55788
-4.55788
-4.55788
-4.55788
-4.55788
-5.24087
-4.55788
-5.24087
-4.55788
-5.24087
-4.55788
-4.55788
-4.55788
-4.55788
-4.55788
-4.55788
-4.55788
-4.55788
-4.55788
-4.55788
-4.55788
-5.24087
-4.55788
-4.55788
-4.55788
-4.55788
-4.55788
-4.55788
-4.55788
-4.55788
-5.24087
-4.55788
-4.55788
-4.55788
-5.24087
-4.55788
-4.55788
-4.55788
-4.55788
-4.55788
-5.24087
-5.24087
-4.55788
-4.55788
-4.55788
-4.55788
-4.55788
-4.55788
-4.55788
-4.55788
-4.55788
-4.55788
-4.55788
-4.55788
-4.55788
-5.24087
-4.55788
-4.55788
-4.55788
-4.55788
-5.24087
-4.55788
-4.55788
-4.55788
-5.24087
-4.55788
-4.55788
-4.55788
-5.24087
-5.24087
-4.55788
-4.55788
-4.55788
-4.55788
-4.55788
-4.55788
-4.55788
-4.55788
-4.55788
-4.55788
-4.55788
-5.24087
-5.24087
-5.24087
-4.55788
-4.55788
-5.24087
-4.55788
-4.55788
-4.55788
-5.24087
-4.55788
-4.55788
-5.24087
-4.55788
-4.55788
-4.55788
-4.55788
-4.55788
-4.55788
-4.55788
-4.55788
-4.55788
-4.55788
-4.55788
-4.55788
-4.55788
-4.55788
-4.55788
-4.55788
-4.55788
-4.55788
-4.55788
-4.55788
-4.55788
-4.55788
-5.24087
-4.55788
-4.55788
-4.55788
-4.55788
-4.55788
-5.24087
-4.55788
-4.55788
-4.55788
-5.24087
-4.55788
-4.55788
-4.55788
-4.55788
-4.55788
-5.24087
-4.55788
-4.55788
-4.55788
-4.55788
-4.55788
-5.24087
-4.55788
-4.55788
-4.55788
-5.24087
-4.55788
-4.55788
-4.55788
-5.24087
-4.55788
-4.55788
-4.55788
-5.24087
-4.55788
-4.55788
-4.55788
-4.55788
-4.55788
-4.55788
-4.55788
-4.55788
-4.55788
-4.55788
-4.55788
-4.55788
-4.55788
-4.55788
-5.24087
-5.24087
-4.55788
-4.55788
-4.55788
-4.55788
-4.55788
-4.55788
-4.55788
-5.24087
-4.55788
-5.24087
-4.55788
-4.55788
-4.55788
-4.55788
-5.24087
-4.55788
-4.55788
-4.55788
-4.55788
-4.55788
-4.55788
-4.55788
-4.55788
-4.55788
-4.55788
-4.55788
-4.55788
-4.55788
-4.55788
-4.55788
-4.55788
-5.24087
-4.55788
-4.55788
-5.24087
-4.55788
-4.55788
-4.55788
-5.24087
-4.55788
-4.55788
-5.24087
-5.24087
-5.24087
-4.55788
-4.55788
-4.55788
-5.24087
-4.55788
-5.24087
-4.55788
-4.55788
-4.55788
-4.55788
-4.55788
-5.24087
-5.24087
-4.55788
-4.55788
-4.55788
-4.55788
-4.55788
-4.55788
-4.55788
-4.55788
-5.24087
-5.24087
-4.55788
-4.55788
-4.55788
-4.55788
-4.55788
-4.55788
-4.55788
-4.55788
-4.55788
-4.55788
-4.55788
-4.55788
-4.55788
-4.55788
-4.55788
-4.55788
-4.55788
-4.55788
-4.55788
-4.55788
-4.55788
-4.55788
-4.55788
-4.55788
-4.55788
-4.55788
-4.55788
-4.55788
-5.24087
-4.55788
-4.55788
-4.55788
-4.55788
-4.55788
-4.55788
-4.55788
-4.55788
-4.55788
-4.55788
-4.55788
-4.55788
-4.55788
-4.55788
-4.55788
-4.55788
-4.55788
-5.24087
-4.55788
-4.55788
-4.55788
-4.55788
-4.55788
-4.55788
-4.55788
-4.55788
-4.55788
-4.55788
-4.55788
-4.55788
-4.55788
-4.55788
-4.55788
-4.55788
-4.55788
-4.55788
-4.55788
-4.55788
-4.55788
-4.55788
-4.55788
-4.55788
-4.55788
-4.55788
-4.55788
-4.55788
-5.24087
-4.55788
-4.55788
-4.55788
-4.55788
-4.55788
-4.55788
-5.24087
-4.55788
-4.55788
-4.55788
-4.55788
-5.24087
-4.55788
-4.55788
-4.55788
-4.55788
-4.55788
-4.55788
-4.55788
-5.24087
-4.55788
-5.24087
-4.55788
-4.55788
-4.55788
-4.55788
-4.55788
-4.55788
-5.24087
-4.55788
-4.55788
-4.55788
-5.24087
-4.55788
-4.55788
-4.55788
-4.55788
-4.55788
-4.55788
-5.24087
-4.55788
-4.55788
-4.55788
-4.55788
-4.55788
-4.55788
-5.24087
-5.24087
-4.55788
-5.24087
-4.55788
-5.24087
-4.55788
-4.55788
-4.55788
-4.55788
-5.24087
-4.55788
-4.55788
-5.24087
-4.55788
-4.55788
-4.55788
-4.55788
-4.55788
-4.55788
-4.55788
-4.55788
-4.55788
-4.55788
-4.55788
-4.55788
-4.55788
-4.55788
-5.24087
-4.55788
-4.55788
-5.24087
-4.55788
-4.55788
-4.55788
-4.55788
-4.55788
-4.55788
-5.24087
-4.55788
-4.55788
-4.55788
-4.55788
-4.55788
-4.55788
-4.55788
-4.55788
-4.55788
-4.55788
-4.55788
-5.24087
-4.55788
-4.55788
-4.55788
-4.55788
-5.24087
-4.55788
-5.24087
-4.55788
-4.55788
-4.55788
-4.55788
-4.55788
-4.55788
-4.55788
-4.55788
-4.55788
-4.55788
-4.55788
-4.55788
-4.55788
-4.55788
-4.55788
-4.55788
-4.55788
-4.55788
-4.55788
-4.55788
-4.55788
-4.55788
-5.24087
-4.55788
-4.55788
-4.55788
-4.55788
-4.55788
-4.55788
-4.55788
-4.55788
-4.55788
-5.24087
-4.55788
-5.24087
-4.55788
-4.55788
-5.24087
-4.55788
-4.55788
-4.55788
-4.55788
-4.55788
-4.55788
-4.55788
-4.55788
-4.55788
-4.55788
-4.55788
-4.55788
-4.55788
-4.55788
-5.24087
-4.55788
-5.24087
-4.55788
-4.55788
-5.24087
-4.55788
-4.55788
-5.24087
-4.55788
-4.55788
-4.55788
-4.55788
-4.55788
-4.55788
-4.55788
-4.55788
-4.55788
-4.55788
-4.55788
-4.55788
-4.55788
-5.24087
-5.24087
-4.55788
-4.55788
-4.55788
-5.24087
-4.55788
-4.55788
-4.55788
-4.55788
-5.24087
-4.55788
-4.55788
-4.55788
-4.55788
-4.55788
-4.55788
-5.24087
-4.55788
-5.24087
-5.24087
-4.55788
-4.55788
-4.55788
-5.24087
-5.24087
-4.55788
-4.55788
-5.24087
-4.55788
-4.55788
-4.55788
-4.55788
-4.55788
-4.55788
-5.24087
-4.55788
-4.55788
-4.55788
-4.55788
-4.55788
-4.55788
-4.55788
-4.55788
-4.55788
-4.55788
-4.55788
-4.55788
-4.55788
-4.55788
-4.55788
-4.55788
-4.55788
-5.24087
-4.55788
-4.55788
-4.55788
-4.55788
-5.24087
-4.55788
-4.55788
-4.55788
-4.55788
-4.55788
-4.55788
-5.24087
-4.55788
-4.55788
-4.55788
-4.55788
-4.55788
-4.55788
-4.55788
-5.24087
-4.55788
-4.55788
-4.55788
-5.24087
-4.55788
-4.55788
-4.55788
-4.55788
-5.24087
-4.55788
-4.55788
-5.24087
-4.55788
-4.55788
-4.55788
-4.55788
-5.24087
-4.55788
-4.55788
-4.55788
-5.24087
-4.55788
-4.55788
-4.55788
-4.55788
-4.55788
-4.55788
-4.55788
-4.55788
-4.55788
-4.55788
-4.55788
-4.55788
-4.55788
-4.55788
-4.55788
-4.55788
-4.55788
-4.55788
-4.55788
-4.55788
-4.55788
-4.55788
-4.55788
-4.55788
-4.55788
-4.55788
-4.55788
-4.55788
-5.24087
-5.24087
-4.55788
-4.55788
-5.24087
-4.55788
-4.55788
-4.55788
-4.55788
-4.55788
-4.55788
-4.55788
-4.55788
-4.55788
-4.55788
-5.24087
-4.55788
-4.55788
-4.55788
-5.24087
-4.55788
-4.55788
-4.55788
-4.55788
-4.55788
-4.55788
-4.55788
-4.55788
-4.55788
-4.55788
-4.55788
-4.55788
-4.55788
-4.55788
-4.55788
-4.55788
-5.24087
-4.55788
-4.55788
-4.55788
-5.24087
-4.55788
-5.24087
-4.55788
-4.55788
-5.24087
-5.24087
-4.55788
-4.55788
-4.55788
-4.55788
-4.55788
-4.55788
-4.55788
-4.55788
-4.55788
-5.24087
-4.55788
-4.55788
-5.24087
-5.24087
-4.55788
-4.55788
-4.55788
-4.55788
-5.24087
-5.24087
-5.24087
-4.55788
-4.55788
-4.55788
-4.55788
-4.55788
-4.55788
-4.55788
-4.55788
-4.55788
-4.55788
-4.55788
-4.55788
-4.55788
-4.55788
-4.55788
-4.55788
-5.24087
-4.55788
-5.24087
-4.55788
-5.24087
-4.55788
-4.55788
-5.24087
-4.55788
-4.55788
-5.24087
-5.24087
-5.24087
-4.55788
-4.55788
-4.55788
-4.55788
-5.24087
-4.55788
-4.55788
-4.55788
-4.55788
-4.55788
-4.55788
-4.55788
-5.24087
-4.55788
-4.55788
-4.55788
-4.55788
-4.55788
-4.55788
-4.55788
-4.55788
-4.55788
-4.55788
-4.55788
-4.55788
-4.55788
-4.55788
-4.55788
-4.55788
-4.55788
-5.24087
-5.24087
-4.55788
-4.55788
-5.24087
-4.55788
-4.55788
-4.55788
-4.55788
-4.55788
-4.55788
-5.24087
-4.55788
-4.55788
-4.55788
-5.24087
-4.55788
-4.55788
-4.55788
-4.55788
-4.55788
-4.55788
-4.55788
-4.55788
-4.55788
-4.55788
-4.55788
-4.55788
-4.55788
-4.55788
-4.55788
-4.55788
-4.55788
-4.55788
-4.55788
-4.55788
-5.24087
-4.55788
-4.55788
-4.55788
-4.55788
-4.55788
-4.55788
-4.55788
-4.55788
-5.24087
-5.24087
-4.55788
-4.55788
-4.55788
-4.55788
-4.55788
-4.55788
-4.55788
-4.55788
-4.55788
-4.55788
-4.55788
-4.55788
-4.55788
-4.55788
-4.55788
-4.55788
-4.55788
-4.55788
-4.55788
-4.55788
-5.24087
-5.24087
-4.55788
-5.24087
-4.55788
-5.24087
-4.55788
-4.55788
-4.55788
-4.55788
-4.55788
-4.55788
-4.55788
-5.24087
-4.55788
-5.24087
-4.55788
-4.55788
-4.55788
-4.55788
-4.55788
-4.55788
-4.55788
-4.55788
-4.55788
-4.55788
-5.24087
-4.55788
-5.24087
-4.55788
-4.55788
-4.55788
-4.55788
-4.55788
-4.55788
-4.55788
-4.55788
-4.55788
-4.55788
-4.55788
-4.55788
-4.55788
-4.55788
-4.55788
-4.55788
-4.55788
-4.55788
-4.55788
-4.55788
-4.55788
-4.55788
-4.55788
-4.55788
-4.55788
-4.55788
-4.55788
-4.55788
-4.55788
-4.55788
-4.55788
-4.55788
-4.55788
-4.55788
-5.24087
-4.55788
-4.55788
-4.55788
-4.55788
-4.55788
-4.55788
-4.55788
-4.55788
-4.55788
-4.55788
-5.24087
-4.55788
-4.55788
-4.55788
-4.55788
-4.55788
-4.55788
-4.55788
-5.24087
-4.55788
-4.55788
-4.55788
-5.24087
-4.55788
-4.55788
-4.55788
-4.55788
-4.55788
-4.55788
-4.55788
-5.24087
-4.55788
-4.55788
-5.24087
-4.55788
-4.55788
-5.24087
-5.24087
-5.24087
-4.55788
-4.55788
-4.55788
-4.55788
-4.55788
-5.24087
-4.55788
-4.55788
-4.55788
-5.24087
-4.55788
-4.55788
-4.55788
-4.55788
-4.55788
-4.55788
-4.55788
-4.55788
-4.55788
-4.55788
-4.55788
-4.55788
-4.55788
-4.55788
-4.55788
-4.55788
-4.55788
-4.55788
-4.55788
-4.55788
-4.55788
-4.55788
-4.55788
-4.55788
-5.24087
-4.55788
-4.55788
-4.55788
-4.55788
-4.55788
-4.55788
-4.55788
-4.55788
-4.55788
-4.55788
-4.55788
-4.55788
-4.55788
-5.24087
-4.55788
-4.55788
-4.55788
-4.55788
-4.55788
-5.24087
-4.55788
-4.55788
-4.55788
-4.55788
-4.55788
-5.24087
-4.55788
-5.24087
-4.55788
-4.55788
-4.55788
-4.55788
-5.24087
-5.24087
-4.55788
-4.55788
-4.55788
-4.55788
-5.24087
-4.55788
-4.55788
-4.55788
-5.24087
-5.24087
-5.24087
-4.55788
-5.24087
-4.55788
-4.55788
-5.24087
-4.55788
-4.55788
-4.55788
-4.55788
-4.55788
-4.55788
-4.55788
-4.55788
-5.24087
-4.55788
-4.55788
-4.55788
-4.55788
-4.55788
-4.55788
-4.55788
-4.55788
-4.55788
-4.55788
-4.55788
-4.55788
-4.55788
-4.55788
-5.24087
-4.55788
-4.55788
-4.55788
-4.55788
-4.55788
-4.55788
-4.55788
-4.55788
-5.24087
-4.55788
-4.55788
-4.55788
-4.55788
-4.55788
-5.24087
-5.24087
-4.55788
-4.55788
-4.55788
-4.55788
-4.55788
-4.55788
-4.55788
-5.24087
-4.55788
-4.55788
-4.55788
-5.24087
-4.55788
-4.55788
-4.55788
-4.55788
-4.55788
-4.55788
-4.55788
-4.55788
-5.24087
-4.55788
-4.55788
-4.55788
-4.55788
-4.55788
-4.55788
-4.55788
-4.55788
-4.55788
-4.55788
-4.55788
-4.55788
-4.55788
-4.55788
-4.55788
-4.55788
-5.24087
-4.55788
-4.55788
-4.55788
-5.24087
-4.55788
-5.24087
-4.55788
-4.55788
-4.55788
-4.55788
-4.55788
-4.55788
-4.55788
-4.55788
-5.24087
-4.55788
-4.55788
-4.55788
-4.55788
-4.55788
-5.24087
-4.55788
-4.55788
-4.55788
-4.55788
-4.55788
-4.55788
-4.55788
-4.55788
-4.55788
-4.55788
-5.24087
-5.24087
-4.55788
-5.24087
-4.55788
-4.55788
-4.55788
-4.55788
-4.55788
-4.55788
-4.55788
-4.55788
-4.55788
-5.24087
-4.55788
-4.55788
-4.55788
-4.55788
-4.55788
-4.55788
-4.55788
-4.55788
-5.24087
-4.55788
-4.55788
-4.55788
-5.24087
-4.55788
-4.55788
-4.55788
-4.55788
-5.24087
-4.55788
-4.55788
-4.55788
-4.55788
-4.55788
-4.55788
-4.55788
-4.55788
-4.55788
-5.24087
-4.55788
-5.24087
-4.55788
-4.55788
-4.55788
-4.55788
-4.55788
-4.55788
-4.55788
-4.55788
-5.24087
-5.24087
-4.55788
-5.24087
-4.55788
-4.55788
-4.55788
-4.55788
-5.24087
-4.55788
-4.55788
-4.55788
-4.55788
-4.55788
-4.55788
-4.55788
-4.55788
-4.55788
-4.55788
-4.55788
-4.55788
-4.55788
-4.55788
-4.55788
-4.55788
-5.24087
-4.55788
-4.55788
-5.24087
-4.55788
-5.24087
-5.24087
-4.55788
-4.55788
-4.55788
-4.55788
-4.55788
-4.55788
-4.55788
-4.55788
-4.55788
-4.55788
-4.55788
-5.24087
-4.55788
-4.55788
-4.55788
-4.55788
-4.55788
-4.55788
-5.24087
-4.55788
-4.55788
-4.55788
-4.55788
-4.55788
-4.55788
-4.55788
-4.55788
-4.55788
-4.55788
-4.55788
-4.55788
-4.55788
-4.55788
-4.55788
-4.55788
-4.55788
-4.55788
-4.55788
-4.55788
-4.55788
-4.55788
-4.55788
-4.55788
-4.55788
-4.55788
-4.55788
-4.55788
-4.55788
-4.55788
-4.55788
-4.55788
-5.24087
-4.55788
-4.55788
-4.55788
-4.55788
-4.55788
-4.55788
-4.55788
-4.55788
-4.55788
-4.55788
-5.24087
-4.55788
-4.55788
-4.55788
-4.55788
-4.55788
-4.55788
-4.55788
-4.55788
-5.24087
-5.24087
-4.55788
-4.55788
-4.55788
-4.55788
-4.55788
-4.55788
-4.55788
-4.55788
-4.55788
-4.55788
-4.55788
-4.55788
-4.55788
-4.55788
-4.55788
-4.55788
-4.55788
-4.55788
-4.55788
-5.24087
-4.55788
-5.24087
-5.24087
-4.55788
-5.24087
-4.55788
-4.55788
-4.55788
-4.55788
-4.55788
-4.55788
-4.55788
-4.55788
-4.55788
-4.55788
-4.55788
-4.55788
-4.55788
-4.55788
-5.24087
-4.55788
-4.55788
-4.55788
-4.55788
-4.55788
-4.55788
-4.55788
-4.55788
-4.55788
-4.55788
-4.55788
-5.24087
-4.55788
-4.55788
-4.55788
-4.55788
-4.55788
-4.55788
-4.55788
-4.55788
-5.24087
-4.55788
-4.55788
-4.55788
-4.55788
-4.55788
-4.55788
-5.24087
-4.55788
-4.55788
-5.24087
-4.55788
-5.24087
-4.55788
-4.55788
-4.55788
-4.55788
-4.55788
-4.55788
-4.55788
-4.55788
-4.55788
-4.55788
-4.55788
-5.24087
-4.55788
-4.55788
-4.55788
-4.55788
-4.55788
-4.55788
-4.55788
-4.55788
-5.24087
-4.55788
-4.55788
-4.55788
-4.55788
-4.55788
-4.55788
-4.55788
-4.55788
-4.55788
-4.55788
-4.55788
-5.24087
-5.24087
-4.55788
-4.55788
-4.55788
-4.55788
-4.55788
-4.55788
-4.55788
-4.55788
-4.55788
-4.55788
-4.55788
-4.55788
-4.55788
-4.55788
-4.55788
-4.55788
-5.24087
-4.55788
-5.24087
-5.24087
-4.55788
-4.55788
-4.55788
-4.55788
-4.55788
-4.55788
-4.55788
-4.55788
-4.55788
-4.55788
-4.55788
-4.55788
-5.24087
-5.24087
-4.55788
-4.55788
-4.55788
-4.55788
-5.24087
-4.55788
-4.55788
-5.24087
-4.55788
-4.55788
-5.24087
-4.55788
-4.55788
-4.55788
-4.55788
-5.24087
-4.55788
-4.55788
-4.55788
-4.55788
-5.24087
-5.24087
-4.55788
-4.55788
-4.55788
-4.55788
-4.55788
-5.24087
-4.55788
-4.55788
-4.55788
-4.55788
-4.55788
-4.55788
-4.55788
-4.55788
-4.55788
-4.55788
-4.55788
-4.55788
-4.55788
-4.55788
-4.55788
-4.55788
-4.55788
-4.55788
-4.55788
-4.55788
-4.55788
-4.55788
-4.55788
-4.55788
-4.55788
-5.24087
-4.55788
-4.55788
-4.55788
-5.24087
-5.24087
-4.55788
-4.55788
-4.55788
-5.24087
-4.55788
-4.55788
-5.24087
-4.55788
-4.55788
-4.55788
-5.24087
-4.55788
-4.55788
-5.24087
-4.55788
-4.55788
-4.55788
-4.55788
-4.55788
-4.55788
-4.55788
-4.55788
-5.24087
-4.55788
-4.55788
-4.55788
-4.55788
-4.55788
-4.55788
-4.55788
-4.55788
-4.55788
-5.24087
-5.24087
-4.55788
-4.55788
-4.55788
-4.55788
-4.55788
-4.55788
-5.24087
-5.24087
-4.55788
-4.55788
-4.55788
-4.55788
-4.55788
-4.55788
-4.55788
-4.55788
-4.55788
-4.55788
-4.55788
-4.55788
-4.55788
-4.55788
-4.55788
-4.55788
-4.55788
-5.24087
-4.55788
-5.24087
-4.55788
-5.24087
-4.55788
-4.55788
-4.55788
-4.55788
-4.55788
-4.55788
-4.55788
-4.55788
-4.55788
-4.55788
-4.55788
-4.55788
-4.55788
-4.55788
-4.55788
-4.55788
-4.55788
-4.55788
-4.55788
-4.55788
-4.55788
-4.55788
-4.55788
-4.55788
-4.55788
-4.55788
-4.55788
-4.55788
-4.55788
-4.55788
-4.55788
-4.55788
-4.55788
-4.55788
-4.55788
-4.55788
-4.55788
-4.55788
-4.55788
-4.55788
-4.55788
-4.55788
-4.55788
-4.55788
-4.55788
-4.55788
-4.55788
-5.24087
-4.55788
-4.55788
-4.55788
-4.55788
-4.55788
-5.24087
-4.55788
-4.55788
-4.55788
-4.55788
-4.55788
-4.55788
-4.55788
-4.55788
-4.55788
-4.55788
-4.55788
-4.55788
-4.55788
-4.55788
-4.55788
-4.55788
-4.55788
-4.55788
-4.55788
-4.55788
-4.55788
-5.24087
-4.55788
-4.55788
-4.55788
-4.55788
-4.55788
-4.55788
-4.55788
-4.55788
-4.55788
-4.55788
-4.55788
-4.55788
-4.55788
-4.55788
-4.55788
-4.55788
-5.24087
-4.55788
-4.55788
-4.55788
-4.55788
-5.24087
-4.55788
-4.55788
-4.55788
-4.55788
-4.55788
-4.55788
-4.55788
-4.55788
-5.24087
-4.55788
-5.24087
-4.55788
-4.55788
-4.55788
-4.55788
-4.55788
-4.55788
-4.55788
-4.55788
-4.55788
-4.55788
-4.55788
-5.24087
-4.55788
-4.55788
-4.55788
-5.24087
-4.55788
-4.55788
-4.55788
-4.55788
-4.55788
-4.55788
-4.55788
-4.55788
-4.55788
-4.55788
-4.55788
-4.55788
-5.24087
-4.55788
-4.55788
-4.55788
-4.55788
-4.55788
-4.55788
-4.55788
-4.55788
-4.55788
-4.55788
-4.55788
-4.55788
-4.55788
-4.55788
-4.55788
-5.24087
-4.55788
-4.55788
-4.55788
-4.55788
-4.55788
-4.55788
-4.55788
-4.55788
-4.55788
-4.55788
-4.55788
-4.55788
-4.55788
-4.55788
-4.55788
-4.55788
-4.55788
-4.55788
-4.55788
-4.55788
-5.24087
-4.55788
-4.55788
-5.24087
-4.55788
-5.24087
-4.55788
-4.55788
-4.55788
-4.55788
-4.55788
-4.55788
-4.55788
-4.55788
-4.55788
-4.55788
-4.55788
-4.55788
-4.55788
-4.55788
-5.24087
-4.55788
-5.24087
-4.55788
-4.55788
-4.55788
-4.55788
-4.55788
-4.55788
-4.55788
-4.55788
-4.55788
-5.24087
-4.55788
-5.24087
-4.55788
-4.55788
-4.55788
-4.55788
-4.55788
-4.55788
-4.55788
-4.55788
-4.55788
-4.55788
-4.55788
-4.55788
-4.55788
-5.24087
-4.55788
-4.55788
-4.55788
-4.55788
-4.55788
-5.24087
-4.55788
-4.55788
-4.55788
-4.55788
-4.55788
-5.24087
-4.55788
-4.55788
-4.55788
-4.55788
-5.24087
-5.24087
-4.55788
-4.55788
-4.55788
-4.55788
-4.55788
-4.55788
-4.55788
-4.55788
-4.55788
-5.24087
-4.55788
-4.55788
-4.55788
-4.55788
-4.55788
-4.55788
-4.55788
-4.55788
-4.55788
-5.24087
-4.55788
-4.55788
-5.24087
-4.55788
-4.55788
-4.55788
-4.55788
-4.55788
-4.55788
-4.55788
-4.55788
-5.24087
-5.24087
-4.55788
-4.55788
-4.55788
-4.55788
-4.55788
-4.55788
-4.55788
-4.55788
-4.55788
-4.55788
-4.55788
-4.55788
-5.24087
-4.55788
-4.55788
-4.55788
-4.55788
-4.55788
-4.55788
-4.55788
-4.55788
-4.55788
-4.55788
-4.55788
-5.24087
-4.55788
-5.24087
-4.55788
-5.24087
-4.55788
-4.55788
-4.55788
-4.55788
-5.24087
-4.55788
-4.55788
-4.55788
-4.55788
-4.55788
-4.55788
-5.24087
-4.55788
-4.55788
-4.55788
-4.55788
-4.55788
-4.55788
-4.55788
-4.55788
-4.55788
-4.55788
-4.55788
-4.55788
-4.55788
-4.55788
-4.55788
-4.55788
-5.24087
-4.55788
-4.55788
-5.24087
-4.55788
-4.55788
-4.55788
-5.24087
-4.55788
-4.55788
-4.55788
-4.55788
-4.55788
-4.55788
-4.55788
-4.55788
-5.24087
-4.55788
-4.55788
-4.55788
-4.55788
-4.55788
-4.55788
-4.55788
-4.55788
-4.55788
-4.55788
-4.55788
-5.24087
-4.55788
-4.55788
-4.55788
-4.55788
-4.55788
-4.55788
-4.55788
-5.24087
-4.55788
-4.55788
-4.55788
-4.55788
-5.24087
-5.24087
-4.55788
-4.55788
-4.55788
-4.55788
-4.55788
-4.55788
-4.55788
-5.24087
-4.55788
-4.55788
-4.55788
-4.55788
-4.55788
-5.24087
-4.55788
-4.55788
-4.55788
-5.24087
-5.24087
-5.24087
-5.24087
-4.55788
-4.55788
-4.55788
-4.55788
-4.55788
-4.55788
-4.55788
-4.55788
-4.55788
-4.55788
-4.55788
-4.55788
-4.55788
-4.55788
-4.55788
-4.55788
-5.24087
-4.55788
-4.55788
-4.55788
-4.55788
-4.55788
-4.55788
-4.55788
-4.55788
-4.55788
-4.55788
-4.55788
-5.24087
-5.24087
-4.55788
-4.55788
-4.55788
-4.55788
-5.24087
-4.55788
-4.55788
-4.55788
-4.55788
-5.24087
-4.55788
-4.55788
-4.55788
-4.55788
-4.55788
-4.55788
-4.55788
-4.55788
-5.24087
-4.55788
-4.55788
-4.55788
-4.55788
-4.55788
-4.55788
-4.55788
-4.55788
-5.24087
-4.55788
-4.55788
-4.55788
-4.55788
-4.55788
-4.55788
-4.55788
-4.55788
-5.24087
-4.55788
-4.55788
-4.55788
-4.55788
-4.55788
-4.55788
-4.55788
-4.55788
-4.55788
-4.55788
-4.55788
-4.55788
-4.55788
-4.55788
-4.55788
-4.55788
-4.55788
-4.55788
-4.55788
-4.55788
-4.55788
-4.55788
-5.24087
-4.55788
-4.55788
-4.55788
-4.55788
-4.55788
-4.55788
-5.24087
-4.55788
-5.24087
-4.55788
-4.55788
-4.55788
-5.24087
-4.55788
-4.55788
-4.55788
-4.55788
-4.55788
-5.24087
-4.55788
-4.55788
-5.24087
-4.55788
-4.55788
-4.55788
-4.55788
-4.55788
-4.55788
-5.24087
-4.55788
-5.24087
-4.55788
-4.55788
-4.55788
-4.55788
-5.24087
-4.55788
-5.24087
-5.24087
-4.55788
-4.55788
-4.55788
-4.55788
-4.55788
-4.55788
-4.55788
-4.55788
-4.55788
-4.55788
-5.24087
-4.55788
-5.24087
-4.55788
-4.55788
-4.55788
-4.55788
-4.55788
-4.55788
-4.55788
-4.55788
-4.55788
-4.55788
-4.55788
-4.55788
-5.24087
-4.55788
-4.55788
-4.55788
-4.55788
-4.55788
-4.55788
-4.55788
-4.55788
-4.55788
-4.55788
-4.55788
-4.55788
-4.55788
-4.55788
-5.24087
-4.55788
-5.24087
-4.55788
-4.55788
-5.24087
-4.55788
-4.55788
-4.55788
-4.55788
-4.55788
-4.55788
-4.55788
-4.55788
-5.24087
-5.24087
-4.55788
-4.55788
-4.55788
-4.55788
-4.55788
-4.55788
-4.55788
-4.55788
-5.24087
-4.55788
-4.55788
-4.55788
-4.55788
-4.55788
-4.55788
-4.55788
-4.55788
-4.55788
-4.55788
-4.55788
-4.55788
-4.55788
-4.55788
-4.55788
-4.55788
-4.55788
-4.55788
-4.55788
-4.55788
-4.55788
-4.55788
-4.55788
-5.24087
-4.55788
-4.55788
-4.55788
-5.24087
-4.55788
-4.55788
-5.24087
-4.55788
-4.55788
-5.24087
-4.55788
-4.55788
-4.55788
-4.55788
-4.55788
-4.55788
-5.24087
-4.55788
-4.55788
-4.55788
-4.55788
-4.55788
-4.55788
-5.24087
-4.55788
-4.55788
-4.55788
-4.55788
-4.55788
-4.55788
-4.55788
-5.24087
-4.55788
-4.55788
-5.24087
-4.55788
-4.55788
-4.55788
-4.55788
-4.55788
-4.55788
-4.55788
-4.55788
-4.55788
-4.55788
-4.55788
-4.55788
-4.55788
-4.55788
-4.55788
-4.55788
-4.55788
-4.55788
-5.24087
-4.55788
-4.55788
-4.55788
-4.55788
-5.24087
-4.55788
-4.55788
-4.55788
-4.55788
-5.24087
-5.24087
-4.55788
-5.24087
-4.55788
-4.55788
-5.24087
-4.55788
-4.55788
-4.55788
-4.55788
-4.55788
-4.55788
-4.55788
-4.55788
-4.55788
-4.55788
-5.24087
-4.55788
-4.55788
-4.55788
-4.55788
-5.24087
-4.55788
-4.55788
-4.55788
-5.24087
-4.55788
-4.55788
-4.55788
-4.55788
-4.55788
-4.55788
-4.55788
-4.55788
-4.55788
-4.55788
-4.55788
-4.55788
-5.24087
-5.24087
-5.24087
-4.55788
-4.55788
-4.55788
-5.24087
-4.55788
-5.24087
-4.55788
-4.55788
-4.55788
-5.24087
-4.55788
-4.55788
-4.55788
-4.55788
-4.55788
-4.55788
-4.55788
-4.55788
-4.55788
-5.24087
-4.55788
-5.24087
-4.55788
-4.55788
-5.24087
-5.24087
-4.55788
-4.55788
-5.24087
-4.55788
-5.24087
-4.55788
-4.55788
-4.55788
-4.55788
-4.55788
-4.55788
-5.24087
-4.55788
-5.24087
-4.55788
-4.55788
-4.55788
-4.55788
-4.55788
-4.55788
-5.24087
-4.55788
-4.55788
-4.55788
-4.55788
-4.55788
-5.24087
-4.55788
-4.55788
-4.55788
-4.55788
-4.55788
-4.55788
-4.55788
-4.55788
-4.55788
-4.55788
-4.55788
-4.55788
-4.55788
-4.55788
-4.55788
-4.55788
-4.55788
-4.55788
-4.55788
-4.55788
-4.55788
-4.55788
-5.24087
-4.55788
-4.55788
-4.55788
-4.55788
-4.55788
-4.55788
-4.55788
-4.55788
-4.55788
-4.55788
-4.55788
-4.55788
-4.55788
-4.55788
-4.55788
-5.24087
-4.55788
-4.55788
-4.55788
-5.24087
-4.55788
-5.24087
-4.55788
-4.55788
-4.55788
-4.55788
-4.55788
-4.55788
-5.24087
-5.24087
-4.55788
-4.55788
-4.55788
-4.55788
-4.55788
-5.24087
-4.55788
-4.55788
-4.55788
-4.55788
-4.55788
-5.24087
-4.55788
-4.55788
-4.55788
-4.55788
-4.55788
-4.55788
-5.24087
-5.24087
-4.55788
-4.55788
-4.55788
-4.55788
-4.55788
-5.24087
-4.55788
-4.55788
-4.55788
-4.55788
-4.55788
-4.55788
-4.55788
-4.55788
-4.55788
-4.55788
-5.24087
-4.55788
-4.55788
-4.55788
-4.55788
-4.55788
-4.55788
-4.55788
-4.55788
-4.55788
-4.55788
-4.55788
-4.55788
-4.55788
-4.55788
-4.55788
-4.55788
-5.24087
-4.55788
-5.24087
-4.55788
-4.55788
-4.55788
-4.55788
-4.55788
-4.55788
-5.24087
-5.24087
-5.24087
-5.24087
-4.55788
-4.55788
-4.55788
-4.55788
-4.55788
-4.55788
-4.55788
-4.55788
-4.55788
-4.55788
-4.55788
-4.55788
-4.55788
-4.55788
-4.55788
-4.55788
-4.55788
-5.24087
-5.24087
-5.24087
-5.24087
-4.55788
-4.55788
-4.55788
-4.55788
-4.55788
-5.24087
-4.55788
-4.55788
-5.24087
-4.55788
-4.55788
-4.55788
-4.55788
-4.55788
-4.55788
-5.24087
-4.55788
-4.55788
-4.55788
-4.55788
-4.55788
-5.24087
-4.55788
-4.55788
-4.55788
-4.55788
-4.55788
-4.55788
-4.55788
-4.55788
-4.55788
-4.55788
-4.55788
-4.55788
-4.55788
-4.55788
-4.55788
-5.24087
-5.24087
-4.55788
-4.55788
-4.55788
-4.55788
-4.55788
-5.24087
-4.55788
-5.24087
-4.55788
-5.24087
-4.55788
-5.24087
-4.55788
-4.55788
-4.55788
-4.55788
-4.55788
-4.55788
-4.55788
-4.55788
-4.55788
-4.55788
-4.55788
-4.55788
-4.55788
-4.55788
-4.55788
-5.24087
-4.55788
-4.55788
-4.55788
-4.55788
-4.55788
-4.55788
-5.24087
-4.55788
-4.55788
-4.55788
-4.55788
-5.24087
-4.55788
-4.55788
-4.55788
-5.24087
-4.55788
-4.55788
-4.55788
-4.55788
-5.24087
-4.55788
-4.55788
-4.55788
-4.55788
-4.55788
-4.55788
-4.55788
-4.55788
-4.55788
-4.55788
-4.55788
-5.24087
-4.55788
-5.24087
-4.55788
-4.55788
-4.55788
-4.55788
-4.55788
-4.55788
-4.55788
-4.55788
-4.55788
-4.55788
-4.55788
-4.55788
-4.55788
-4.55788
-4.55788
-4.55788
-4.55788
-4.55788
-4.55788
-4.55788
-4.55788
-4.55788
-4.55788
-4.55788
-4.55788
-5.24087
-4.55788
-4.55788
-4.55788
-4.55788
-4.55788
-4.55788
-4.55788
-4.55788
-4.55788
-4.55788
-4.55788
-4.55788
-4.55788
-4.55788
-4.55788
-4.55788
-4.55788
-4.55788
-4.55788
-4.55788
-4.55788
-4.55788
-5.24087
-4.55788
-4.55788
-5.24087
-4.55788
-5.24087
-4.55788
-4.55788
-4.55788
-4.55788
-4.55788
-4.55788
-4.55788
-4.55788
-4.55788
-4.55788
-4.55788
-4.55788
-4.55788
-4.55788
-4.55788
-4.55788
-4.55788
-4.55788
-4.55788
-5.24087
-5.24087
-4.55788
-5.24087
-4.55788
-4.55788
-4.55788
-4.55788
-4.55788
-4.55788
-4.55788
-4.55788
-4.55788
-4.55788
-5.24087
-4.55788
-4.55788
-4.55788
-4.55788
-4.55788
-4.55788
-4.55788
-5.24087
-4.55788
-4.55788
-4.55788
-4.55788
-5.24087
-4.55788
-4.55788
-4.55788
-4.55788
-4.55788
-4.55788
-4.55788
-4.55788
-4.55788
-4.55788
-4.55788
-4.55788
-4.55788
-5.24087
-4.55788
-4.55788
-4.55788
-4.55788
-4.55788
-4.55788
-4.55788
-4.55788
-5.24087
-4.55788
-4.55788
-4.55788
-4.55788
-5.24087
-4.55788
-4.55788
-4.55788
-4.55788
-4.55788
-4.55788
-4.55788
-4.55788
-4.55788
-4.55788
-4.55788
-4.55788
-4.55788
-4.55788
-4.55788
-5.24087
-4.55788
-4.55788
-5.24087
-4.55788
-4.55788
-5.24087
-4.55788
-5.24087
-5.24087
-5.24087
-4.55788
-5.24087
-4.55788
-4.55788
-4.55788
-4.55788
-4.55788
-4.55788
-4.55788
-4.55788
-4.55788
-4.55788
-4.55788
-5.24087
-5.24087
-4.55788
-4.55788
-4.55788
-4.55788
-4.55788
-4.55788
-4.55788
-4.55788
-4.55788
-4.55788
-5.24087
-4.55788
-4.55788
-4.55788
-4.55788
-4.55788
-4.55788
-4.55788
-4.55788
-4.55788
-4.55788
-4.55788
-5.24087
-4.55788
-4.55788
-4.55788
-4.55788
-4.55788
-4.55788
-4.55788
-4.55788
-4.55788
-4.55788
-4.55788
-4.55788
-4.55788
-4.55788
-4.55788
-5.24087
-4.55788
-4.55788
-4.55788
-4.55788
-4.55788
-4.55788
-4.55788
-4.55788
-4.55788
-4.55788
-4.55788
-4.55788
-4.55788
-4.55788
-4.55788
-4.55788
-4.55788
-4.55788
-4.55788
-4.55788
-4.55788
-4.55788
-4.55788
-4.55788
-4.55788
-4.55788
-4.55788
-4.55788
-5.24087
-4.55788
-5.24087
-4.55788
-4.55788
-4.55788
-5.24087
-4.55788
-4.55788
-4.55788
-5.24087
-4.55788
-4.55788
-4.55788
-4.55788
-4.55788
-4.55788
-4.55788
-4.55788
-5.24087
-4.55788
-4.55788
-4.55788
-4.55788
-4.55788
-4.55788
-4.55788
-4.55788
-4.55788
-5.24087
-5.24087
-4.55788
-4.55788
-4.55788
-4.55788
-4.55788
-4.55788
-4.55788
-4.55788
-5.24087
-5.24087
-4.55788
-4.55788
-5.24087
-4.55788
-5.24087
-4.55788
-4.55788
-4.55788
-4.55788
-5.24087
-4.55788
-4.55788
-4.55788
-4.55788
-4.55788
-4.55788
-4.55788
-4.55788
-4.55788
-4.55788
-5.24087
-4.55788
-5.24087
-5.24087
-4.55788
-4.55788
-4.55788
-4.55788
-4.55788
-4.55788
-4.55788
-4.55788
-4.55788
-4.55788
-4.55788
-4.55788
-4.55788
-4.55788
-4.55788
-4.55788
-4.55788
-4.55788
-5.24087
-4.55788
-4.55788
-4.55788
-4.55788
-4.55788
-4.55788
-4.55788
-4.55788
-4.55788
-4.55788
-4.55788
-4.55788
-4.55788
-4.55788
-4.55788
-4.55788
-5.24087
-4.55788
-4.55788
-4.55788
-4.55788
-4.55788
-4.55788
-4.55788
-4.55788
-4.55788
-4.55788
-4.55788
-4.55788
-4.55788
-4.55788
-4.55788
-4.55788
-4.55788
-4.55788
-4.55788
-4.55788
-4.55788
-4.55788
-5.24087
-4.55788
-5.24087
-5.24087
-4.55788
-4.55788
-5.24087
-4.55788
-4.55788
-4.55788
-5.24087
-4.55788
-4.55788
-4.55788
-4.55788
-4.55788
-4.55788
-4.55788
-4.55788
-4.55788
-4.55788
-4.55788
-4.55788
-4.55788
-4.55788
-4.55788
-4.55788
-4.55788
-4.55788
-4.55788
-4.55788
-4.55788
-4.55788
-5.24087
-4.55788
-4.55788
-4.55788
-5.24087
-5.24087
-4.55788
-4.55788
-5.24087
-4.55788
-5.24087
-4.55788
-4.55788
-4.55788
-5.24087
-4.55788
-4.55788
-4.55788
-4.55788
-4.55788
-4.55788
-4.55788
-4.55788
-4.55788
-4.55788
-4.55788
-4.55788
-4.55788
-4.55788
-5.24087
-5.24087
-4.55788
-4.55788
-4.55788
-4.55788
-4.55788
-4.55788
-4.55788
-4.55788
-4.55788
-4.55788
-5.24087
-4.55788
-4.55788
-4.55788
-5.24087
-4.55788
-4.55788
-4.55788
-4.55788
-4.55788
-4.55788
-4.55788
-4.55788
-4.55788
-4.55788
-4.55788
-4.55788
-4.55788
-4.55788
-4.55788
-4.55788
-4.55788
-4.55788
-4.55788
-4.55788
-4.55788
-4.55788
-4.55788
-4.55788
-4.55788
-4.55788
-4.55788
-4.55788
-5.24087
-4.55788
-4.55788
-4.55788
-5.24087
-4.55788
-4.55788
-4.55788
-5.24087
-4.55788
-5.24087
-4.55788
-5.24087
-4.55788
-4.55788
-5.24087
-5.24087
-4.55788
-4.55788
-4.55788
-4.55788
-4.55788
-5.24087
-4.55788
-5.24087
-4.55788
-4.55788
-4.55788
-4.55788
-4.55788
-4.55788
-4.55788
-4.55788
-4.55788
-4.55788
-4.55788
-4.55788
-5.24087
-4.55788
-4.55788
-4.55788
-5.24087
-4.55788
-5.24087
-4.55788
-4.55788
-4.55788
-4.55788
-4.55788
-5.24087
-5.24087
-4.55788
-4.55788
-4.55788
-4.55788
-4.55788
-5.24087
-4.55788
-4.55788
-4.55788
-4.55788
-4.55788
-4.55788
-4.55788
-4.55788
-4.55788
-4.55788
-4.55788
-5.24087
-5.24087
-4.55788
-5.24087
-4.55788
-4.55788
-4.55788
-5.24087
-4.55788
-4.55788
-5.24087
-5.24087
-4.55788
-4.55788
-4.55788
-4.55788
-4.55788
-5.24087
-4.55788
-4.55788
-5.24087
-4.55788
-4.55788
-4.55788
-4.55788
-4.55788
-4.55788
-4.55788
-4.55788
-4.55788
-4.55788
-5.24087
-4.55788
-4.55788
-4.55788
-4.55788
-4.55788
-4.55788
-4.55788
-4.55788
-4.55788
-4.55788
-4.55788
-4.55788
-4.55788
-4.55788
-4.55788
-4.55788
-4.55788
-4.55788
-4.55788
-4.55788
-4.55788
-4.55788
-4.55788
-4.55788
-4.55788
-5.24087
-5.24087
-4.55788
-4.55788
-4.55788
-4.55788
-4.55788
-4.55788
-4.55788
-4.55788
-4.55788
-4.55788
-4.55788
-4.55788
-5.24087
-5.24087
-4.55788
-4.55788
-4.55788
-4.55788
-4.55788
-4.55788
-5.24087
-4.55788
-4.55788
-5.24087
-4.55788
-5.24087
-4.55788
-4.55788
-4.55788
-4.55788
-4.55788
-5.24087
-4.55788
-4.55788
-4.55788
-5.24087
-4.55788
-4.55788
-4.55788
-5.24087
-4.55788
-4.55788
-4.55788
-4.55788
-4.55788
-4.55788
-4.55788
-4.55788
-4.55788
-4.55788
-4.55788
-4.55788
-4.55788
-4.55788
-5.24087
-5.24087
-4.55788
-5.24087
-4.55788
-4.55788
-4.55788
-4.55788
-4.55788
-4.55788
-5.24087
-4.55788
-4.55788
-4.55788
-4.55788
-4.55788
-4.55788
-4.55788
-4.55788
-4.55788
-4.55788
-4.55788
-4.55788
-4.55788
-4.55788
-4.55788
-4.55788
-4.55788
-4.55788
-4.55788
-4.55788
-4.55788
-5.24087
-4.55788
-4.55788
-4.55788
-4.55788
-4.55788
-4.55788
-4.55788
-4.55788
-4.55788
-5.24087
-4.55788
-4.55788
-4.55788
-4.55788
-4.55788
-5.24087
-4.55788
-4.55788
-5.24087
-4.55788
-5.24087
-5.24087
-4.55788
-4.55788
-4.55788
-4.55788
-4.55788
-4.55788
-4.55788
-5.24087
-5.24087
-4.55788
-5.24087
-4.55788
-4.55788
-4.55788
-4.55788
-4.55788
-4.55788
-4.55788
-4.55788
-4.55788
-4.55788
-4.55788
-4.55788
-4.55788
-5.24087
-4.55788
-4.55788
-4.55788
-4.55788
-4.55788
-4.55788
-4.55788
-4.55788
-4.55788
-4.55788
-4.55788
-4.55788
-4.55788
-4.55788
-4.55788
-4.55788
-4.55788
-5.24087
-5.24087
-4.55788
-4.55788
-4.55788
-4.55788
-4.55788
-4.55788
-4.55788
-4.55788
-4.55788
-4.55788
-4.55788
-4.55788
-5.24087
-4.55788
-4.55788
-4.55788
-4.55788
-4.55788
-4.55788
-4.55788
-4.55788
-4.55788
-5.24087
-4.55788
-4.55788
-4.55788
-4.55788
-4.55788
-4.55788
-5.24087
-4.55788
-4.55788
-4.55788
-4.55788
-4.55788
-4.55788
-5.24087
-4.55788
-4.55788
-4.55788
-4.55788
-4.55788
-4.55788
-4.55788
-4.55788
-4.55788
-4.55788
-4.55788
-5.24087
-4.55788
-4.55788
-4.55788
-5.24087
-4.55788
-4.55788
-4.55788
-4.55788
-5.24087
-4.55788
-4.55788
-4.55788
-4.55788
-4.55788
-4.55788
-4.55788
-4.55788
-4.55788
-4.55788
-4.55788
-4.55788
-5.24087
-4.55788
-4.55788
-4.55788
-4.55788
-4.55788
-5.24087
-4.55788
-5.24087
-4.55788
-4.55788
-4.55788
-4.55788
-4.55788
-4.55788
-4.55788
-4.55788
-4.55788
-4.55788
-4.55788
-4.55788
-5.24087
-5.24087
-4.55788
-4.55788
-4.55788
-4.55788
-4.55788
-4.55788
-4.55788
-5.24087
-5.24087
-4.55788
-4.55788
-4.55788
-4.55788
-4.55788
-4.55788
-4.55788
-4.55788
-4.55788
-4.55788
-4.55788
-4.55788
-4.55788
-5.24087
-4.55788
-4.55788
-4.55788
-4.55788
-4.55788
-4.55788
-5.24087
-5.24087
-4.55788
-4.55788
-4.55788
-4.55788
-4.55788
-5.24087
-4.55788
-4.55788
-4.55788
-4.55788
-4.55788
-4.55788
-4.55788
-4.55788
-4.55788
-4.55788
-4.55788
-4.55788
-4.55788
-4.55788
-4.55788
-4.55788
-4.55788
-4.55788
-4.55788
-4.55788
-4.55788
-4.55788
-4.55788
-5.24087
-5.24087
-4.55788
-4.55788
-4.55788
-4.55788
-4.55788
-4.55788
-4.55788
-5.24087
-4.55788
-4.55788
-4.55788
-4.55788
-4.55788
-4.55788
-4.55788
-4.55788
-4.55788
-4.55788
-4.55788
-4.55788
-4.55788
-4.55788
-4.55788
-4.55788
-4.55788
-4.55788
-4.55788
-4.55788
-4.55788
-4.55788
-4.55788
-4.55788
-4.55788
-4.55788
-4.55788
-4.55788
-4.55788
-4.55788
-4.55788
-4.55788
-4.55788
-4.55788
-4.55788
-4.55788
-4.55788
-4.55788
-5.24087
-4.55788
-4.55788
-4.55788
-4.55788
-4.55788
-4.55788
-4.55788
-4.55788
-4.55788
-5.24087
-4.55788
-4.55788
-4.55788
-4.55788
-4.55788
-5.24087
-4.55788
-5.24087
-4.55788
-4.55788
-4.55788
-4.55788
-4.55788
-4.55788
-4.55788
-5.24087
-4.55788
-4.55788
-4.55788
-4.55788
-4.55788
-4.55788
-4.55788
-4.55788
-4.55788
-4.55788
-4.55788
-4.55788
-4.55788
-5.24087
-4.55788
-4.55788
-4.55788
-4.55788
-4.55788
-4.55788
-4.55788
-4.55788
-4.55788
-5.24087
-4.55788
-5.24087
-4.55788
-4.55788
-5.24087
-4.55788
-4.55788
-5.24087
-4.55788
-4.55788
-4.55788
-5.24087
-4.55788
-4.55788
-4.55788
-4.55788
-4.55788
-4.55788
-4.55788
-4.55788
-4.55788
-5.24087
-4.55788
-4.55788
-4.55788
-4.55788
-4.55788
-4.55788
-4.55788
-4.55788
-4.55788
-4.55788
-5.24087
-5.24087
-5.24087
-5.24087
-4.55788
-4.55788
-5.24087
-5.24087
-4.55788
-5.24087
-4.55788
-4.55788
-4.55788
-4.55788
-4.55788
-4.55788
-4.55788
-4.55788
-4.55788
-4.55788
-4.55788
-4.55788
-4.55788
-4.55788
-4.55788
-5.24087
-4.55788
-4.55788
-4.55788
-4.55788
-4.55788
-4.55788
-4.55788
-4.55788
-4.55788
-4.55788
-4.55788
-5.24087
-4.55788
-4.55788
-4.55788
-4.55788
-4.55788
-4.55788
-4.55788
-5.24087
-4.55788
-4.55788
-5.24087
-4.55788
-4.55788
-5.24087
-5.24087
-4.55788
-4.55788
-4.55788
-4.55788
-5.24087
-4.55788
-4.55788
-4.55788
-4.55788
-4.55788
-5.24087
-4.55788
-4.55788
-4.55788
-4.55788
-4.55788
-4.55788
-4.55788
-5.24087
-4.55788
-4.55788
-4.55788
-4.55788
-4.55788
-4.55788
-4.55788
-4.55788
-4.55788
-4.55788
-4.55788
-4.55788
-4.55788
-4.55788
-4.55788
-4.55788
-4.55788
-5.24087
-4.55788
-4.55788
-4.55788
-5.24087
-4.55788
-4.55788
-4.55788
-4.55788
-4.55788
-4.55788
-4.55788
-5.24087
-5.24087
-5.24087
-4.55788
-4.55788
-4.55788
-4.55788
-4.55788
-4.55788
-5.24087
-4.55788
-4.55788
-4.55788
-4.55788
-4.55788
-4.55788
-4.55788
-5.24087
-5.24087
-4.55788
-4.55788
-4.55788
-4.55788
-4.55788
-4.55788
-4.55788
-4.55788
-4.55788
-4.55788
-4.55788
-4.55788
-4.55788
-4.55788
-4.55788
-4.55788
-4.55788
-4.55788
-4.55788
-4.55788
-5.24087
-4.55788
-5.24087
-4.55788
-4.55788
-4.55788
-4.55788
-4.55788
-5.24087
-4.55788
-5.24087
-4.55788
-4.55788
-4.55788
-4.55788
-4.55788
-4.55788
-4.55788
-4.55788
-4.55788
-4.55788
-4.55788
-5.24087
-4.55788
-5.24087
-4.55788
-4.55788
-4.55788
-4.55788
-4.55788
-5.24087
-4.55788
-4.55788
-4.55788
-4.55788
-4.55788
-4.55788
-4.55788
-5.24087
-4.55788
-5.24087
-4.55788
-4.55788
-4.55788
-4.55788
-5.24087
-4.55788
-4.55788
-5.24087
-4.55788
-4.55788
-5.24087
-4.55788
-4.55788
-4.55788
-4.55788
-4.55788
-4.55788
-4.55788
-4.55788
-4.55788
-4.55788
-4.55788
-4.55788
-4.55788
-4.55788
-4.55788
-4.55788
-4.55788
-4.55788
-5.24087
-4.55788
-4.55788
-4.55788
-4.55788
-4.55788
-4.55788
-4.55788
-4.55788
-4.55788
-4.55788
-4.55788
-4.55788
-4.55788
-4.55788
-4.55788
-4.55788
-4.55788
-4.55788
-4.55788
-4.55788
-4.55788
-4.55788
-5.24087
-5.24087
-4.55788
-4.55788
-4.55788
-5.24087
-4.55788
-4.55788
-4.55788
-5.24087
-4.55788
-4.55788
-4.55788
-4.55788
-5.24087
-4.55788
-4.55788
-4.55788
-4.55788
-4.55788
-4.55788
-4.55788
-4.55788
-4.55788
-4.55788
-4.55788
-4.55788
-4.55788
-4.55788
-4.55788
-4.55788
-4.55788
-4.55788
-4.55788
-4.55788
-5.24087
-4.55788
-4.55788
-4.55788
-4.55788
-4.55788
-4.55788
-4.55788
-4.55788
-4.55788
-4.55788
-4.55788
-4.55788
-4.55788
-4.55788
-4.55788
-4.55788
-4.55788
-4.55788
-4.55788
-4.55788
-4.55788
-4.55788
-4.55788
-4.55788
-4.55788
-5.24087
-4.55788
-4.55788
-4.55788
-4.55788
-4.55788
-4.55788
-4.55788
-4.55788
-4.55788
-4.55788
-4.55788
-4.55788
-4.55788
-5.24087
-4.55788
-4.55788
-4.55788
-4.55788
-4.55788
-5.24087
-4.55788
-4.55788
-4.55788
-4.55788
-4.55788
-5.24087
-4.55788
-5.24087
-4.55788
-4.55788
-4.55788
-4.55788
-4.55788
-4.55788
-4.55788
-5.24087
-4.55788
-4.55788
-4.55788
-4.55788
-4.55788
-5.24087
-4.55788
-4.55788
-4.55788
-4.55788
-4.55788
-4.55788
-4.55788
-4.55788
-4.55788
-4.55788
-4.55788
-5.24087
-4.55788
-4.55788
-4.55788
-5.24087
-4.55788
-4.55788
-4.55788
-4.55788
-4.55788
-4.55788
-4.55788
-4.55788
-4.55788
-4.55788
-4.55788
-4.55788
-4.55788
-4.55788
-5.24087
-4.55788
-4.55788
-4.55788
-4.55788
-5.24087
-5.24087
-4.55788
-4.55788
-4.55788
-4.55788
-4.55788
-4.55788
-4.55788
-5.24087
-4.55788
-4.55788
-4.55788
-4.55788
-4.55788
-4.55788
-4.55788
-4.55788
-4.55788
-4.55788
-5.24087
-4.55788
-5.24087
-4.55788
-4.55788
-4.55788
-4.55788
-4.55788
-4.55788
-4.55788
-4.55788
-4.55788
-4.55788
-4.55788
-4.55788
-4.55788
-4.55788
-4.55788
-4.55788
-4.55788
-4.55788
-4.55788
-4.55788
-4.55788
-4.55788
-4.55788
-4.55788
-4.55788
-5.24087
-4.55788
-4.55788
-4.55788
-4.55788
-4.55788
-4.55788
-5.24087
-4.55788
-4.55788
-4.55788
-4.55788
-4.55788
-4.55788
-5.24087
-4.55788
-4.55788
-4.55788
-4.55788
-4.55788
-4.55788
-5.24087
-4.55788
-4.55788
-4.55788
-4.55788
-4.55788
-4.55788
-4.55788
-4.55788
-4.55788
-5.24087
-4.55788
-4.55788
-4.55788
-4.55788
-4.55788
-4.55788
-4.55788
-4.55788
-4.55788
-4.55788
-4.55788
-4.55788
-4.55788
-5.24087
-4.55788
-4.55788
-4.55788
-4.55788
-4.55788
-4.55788
-4.55788
-4.55788
-4.55788
-4.55788
-4.55788
-4.55788
-4.55788
-5.24087
-5.24087
-5.24087
-4.55788
-4.55788
-4.55788
-4.55788
-4.55788
-4.55788
-4.55788
-4.55788
-5.24087
-4.55788
-4.55788
-4.55788
-4.55788
-5.24087
-4.55788
-4.55788
-4.55788
-4.55788
-4.55788
-4.55788
-4.55788
-4.55788
-4.55788
-4.55788
-4.55788
-5.24087
-4.55788
-4.55788
-4.55788
-4.55788
-5.24087
-5.24087
-4.55788
-5.24087
-4.55788
-4.55788
-4.55788
-4.55788
-4.55788
-4.55788
-4.55788
-5.24087
-4.55788
-4.55788
-4.55788
-5.24087
-4.55788
-5.24087
-4.55788
-4.55788
-4.55788
-5.24087
-4.55788
-4.55788
-4.55788
-4.55788
-4.55788
-5.24087
-4.55788
-4.55788
-4.55788
-4.55788
-4.55788
-4.55788
-4.55788
-4.55788
-4.55788
-4.55788
-5.24087
-4.55788
-5.24087
-4.55788
-4.55788
-4.55788
-4.55788
-5.24087
-4.55788
-4.55788
-5.24087
-4.55788
-4.55788
-4.55788
-4.55788
-4.55788
-5.24087
-4.55788
-4.55788
-4.55788
-5.24087
-4.55788
-4.55788
-5.24087
-4.55788
-4.55788
-4.55788
-4.55788
-4.55788
-4.55788
-4.55788
-5.24087
-4.55788
-4.55788
-4.55788
-0.000628843
0.0149789
-2.5145e-05
0.000436989
0.170871
0.097448
0.0111522
0.0316931
0.0134968
0.00614697
0.0293968
0.0696696
-0.000795773
0.0962561
0.179848
0.0156944
0.154175
0.00398697
-0.000628843
0.0316931
0.0164298
0.0231955
0.019453
0.0546501
0.00145744
0.0864808
0.19917
0.0272161
0.0546501
0.125288
0.00145744
0.0468898
0.0111522
0.00398697
0.0546501
0.10703
0.00257131
0.132419
0.00803852
0.0420937
0.0695711
0.112822
0.0696696
0.00614697
-0.000509131
0.097448
0.082728
-0.000499807
-0.000628843
0.0480835
0.119891
-0.000209472
0.0656678
0.0213511
0.220471
0.170871
0.0149789
0.0738444
0.244392
-0.000209472
0.0420937
0.10703
0.243949
0.00145744
0.0512921
0.16232
0.0622797
0.113962
0.0271454
0.0271454
0.197801
0.00260946
0.101512
0.146418
0.0393027
0.00900366
0.0156944
0.000189876
0.0196122
0.0618338
0.0168825
0.00418084
0.00556663
0.00350369
0.0393164
0.0231955
0.108249
0.0123435
0.10703
-2.5145e-05
0.0100403
0.152968
-0.000509131
0.0196122
0.0293968
0.0293968
0.16232
0.0272161
-2.5145e-05
0.0622797
0.0196122
0.00556663
0.146418
0.179848
0.0222995
-2.5145e-05
0.0512921
0.0124791
0.243949
-0.000755767
0.000714642
0.077613
0.125288
0.0512921
0.000814844
0.0293968
0.0123435
0.00135823
0.000530169
0.0512921
0.16232
0.0417174
0.0272161
0.19917
0.0111522
0.0496738
0.101512
0.113962
0.220471
0.189273
0.170871
0.0134968
0.0912496
0.0393164
0.101512
0.00614697
0.00305707
0.0179733
0.00676894
0.0468898
0.0238341
0.000189876
0.0196122
-0.000628843
0.243949
0.0819387
0.113962
0.00891618
0.0512921
0.00900366
0.0316931
0.0588934
0.0196122
0.00501841
-0.000716293
0.19917
0.00418084
0.000714642
0.13903
0.10703
0.097448
0.00305707
0.101512
0.146418
0.0581626
0.0179733
0.00973107
0.0588934
0.209561
0.16232
0.000530169
0.00553688
0.101512
0.000436989
0.00135823
0.00305707
-0.000499807
-2.5145e-05
0.139029
0.00630777
-0.000755767
-0.000755767
0.0289305
0.000436989
0.0048282
0.0480835
0.078196
0.102746
0.119891
0.0196122
0.146418
0.0293968
0.00305707
0.160228
0.0420937
0.10703
0.000814844
0.179848
0.078196
0.19917
0.0289305
0.0450191
0.0035919
0.077613
0.170871
0.154175
0.0136178
0.0316931
-0.000755767
0.0164298
-0.000795773
0.167617
0.00676894
0.170871
-0.000609327
0.112822
0.00181607
0.0734937
0.00305707
0.00614697
0.10703
0.00220003
0.00556663
0.0100403
0.00743636
0.112822
0.0168825
0.092349
0.0348535
0.00900366
0.101512
0.0393027
0.0156944
0.0525979
0.170871
0.00112383
0.00743636
-0.000628843
0.189273
0.0618338
0.0512921
0.220471
-2.5145e-05
0.0512921
0.0100403
0.0145673
0.0289305
0.0512921
0.000714642
0.0442397
0.0442397
0.0512921
0.0136178
0.131992
-0.000509131
0.0581626
0.179848
0.0864808
0.0048282
0.00257131
0.0695711
0.0442397
0.132419
0.036642
0.00305707
-0.000499807
0.131992
0.00398697
0.125288
0.0546501
0.00676894
0.0035919
0.0912496
0.0696696
0.0179733
0.0271454
0.170871
0.0962561
0.000269723
0.0348535
0.0622797
0.097448
0.00743636
0.0393027
0.131992
0.00449248
0.0874441
0.0512921
0.108249
0.00305707
0.0450191
0.00891618
0.0272161
0.00630777
0.125288
0.125288
-0.000509131
0.0149789
0.131992
0.179848
0.0525979
0.189273
0.19917
0.0136178
0.00418084
-0.000175978
-0.000209472
0.00630777
0.0100403
0.0658361
0.131992
0.0010216
0.00676894
0.0874441
0.0393027
0.0179733
0.00260946
-2.5145e-05
0.118904
0.00181607
0.077613
0.00181607
0.00900366
0.00973107
0.0156944
0.00398697
0.0316931
0.363683
0.0734937
0.0695711
0.00630777
0.112822
0.00305707
0.0546501
0.0272161
0.00172644
0.00630777
0.00973107
0.000814844
0.00614697
0.00145744
0.0021294
0.179848
0.00135823
0.179848
0.0581626
0.0546501
0.160236
0.0271454
0.179848
0.0271454
0.0734937
0.0136178
0.0962561
0.243949
0.0136178
-0.000716293
-0.000175978
0.0696696
0.220471
0.0021294
0.209561
0.00135823
0.102746
0.0293968
0.00449248
0.0208403
0.0417174
0.0196122
0.154175
0.0181347
0.0100403
-0.000509131
0.00181607
0.213183
0.00815157
0.0100403
0.16232
0.0393164
0.243949
0.119891
0.131992
0.0588934
0.0442397
0.0581626
0.078196
0.347764
0.0272161
0.0100403
0.0618338
0.0238341
0.0512921
0.0316931
0.00501841
0.0048282
0.034107
0.0696696
-0.000609327
0.0164298
0.0271454
0.00260946
0.00135823
0.0496738
-0.000357715
0.0450191
0.0272161
0.00220003
0.0123435
0.0208403
0.078196
0.00181607
0.00553688
0.170871
0.00350369
0.0179733
0.00398697
0.0327808
0.0420937
0.0111522
0.00449248
0.0622797
0.0738444
0.190177
0.112822
0.16232
0.00501841
0.0442397
0.0417174
-0.000209472
0.00181607
0.00257131
0.0420937
0.125288
0.0658361
0.019453
0.0124791
0.0149789
0.0962561
0.0656678
0.0442397
0.0618338
0.220928
0.0164298
0.00304419
-0.000795773
0.0222995
0.000530169
0.0123435
0.0136178
0.0289305
0.179848
0.0393164
-0.000771664
0.0417174
-0.000771664
0.0512921
0.10703
0.034107
0.00900366
0.0308077
0.036642
0.0546501
0.113962
0.0480835
0.0618338
0.0656678
0.00145744
0.00676894
0.0480835
0.00145744
0.00145744
0.228718
0.125288
0.0496738
0.112822
0.170871
0.0251496
0.0251496
0.0512921
0.0327808
0.00803852
0.0231955
0.146418
0.0468898
0.0010216
0.189273
0.0115126
0.0289305
0.0656678
0.000436989
0.0496738
0.0480835
0.19917
0.00815157
0.0181347
0.082728
0.0480835
0.0035919
0.0181347
0.19917
0.034107
0.14588
0.10703
0.0164298
0.101512
0.0420937
0.00305707
-0.000366822
0.00418084
0.00973107
0.0293968
0.0962561
0.0912496
0.0450191
0.0512921
0.179848
0.0658361
0.00614697
0.0450191
0.0251496
0.0196122
0.0196122
0.0819387
0.0179733
0.0864808
0.000189876
0.0136178
0.0480835
0.118904
0.209561
0.146418
0.0393027
0.00803852
0.0156944
0.0251496
0.0168825
0.0696696
0.0656678
0.0420937
0.179848
0.0124791
0.101512
0.170871
0.0468898
0.00973107
0.182604
0.097448
0.0111522
0.0370303
-0.000789929
0.0696696
0.077613
0.0450191
0.0819387
0.0289305
0.0179733
0.0442397
0.00891618
0.0156944
0.102746
0.0181347
0.179848
-0.000209472
0.00630777
0.0100403
0.0912496
0.00304419
0.0420937
0.00257131
0.139029
0.0123435
0.0864808
-0.000509131
0.0912496
0.0048282
0.00973107
0.146418
0.0393027
0.112822
0.131992
0.0035919
0.299905
0.00501841
0.197808
0.0100403
0.00891618
0.0912496
0.146418
0.131992
0.00112383
0.00257131
0.10703
0.146418
0.0874441
0.0442397
0.00418084
-0.000209472
0.00398697
0.0021294
0.0348535
0.189273
0.0393027
0.0556687
0.0208403
0.112822
0.0164298
0.0962561
0.16232
0.0496738
0.00614697
0.0164298
0.220471
0.0819387
0.179848
0.0696696
0.0864808
0.213183
0.102746
3.39058e-05
0.0105965
0.0231955
0.0618338
0.0111522
-0.000771664
0.0348535
0.00257131
0.112822
0.0293968
0.0164298
0.0035919
-0.000716293
0.0622797
0.0819387
-0.000716293
0.0134968
-0.000366822
0.108249
-0.000755767
0.082728
0.078196
0.019453
0.126041
0.0035919
0.00556663
0.189273
0.0035919
0.0450191
0.0962561
0.0136178
0.097448
0.00676894
0.0348535
-0.000789929
0.0450191
0.170871
0.16024
0.0168825
0.0525979
0.0695711
0.00418084
0.0622797
0.00815157
0.0588934
0.0149789
0.0370303
0.0734937
0.179848
0.00815157
0.112822
0.0618338
0.0618338
0.113962
0.00614697
0.0134968
0.097448
0.0874441
0.118904
0.00803852
0.00630777
0.00614697
0.0222995
0.0819387
0.00135823
0.0316931
0.036642
0.0581626
0.0124791
0.0450191
0.0734937
0.0695711
0.19019
0.00676894
-0.000357715
0.102746
0.0327808
0.0618338
0.092349
0.0912496
0.0010216
0.19917
0.10703
0.00449248
0.0231955
0.139029
0.118904
0.0738444
0.19917
0.0962561
-0.000789929
0.112822
0.0525979
0.0588934
0.0556687
0.231924
0.0164298
0.113962
0.0734937
0.00630777
0.220471
0.0100403
0.154175
-2.5145e-05
0.231924
0.00172644
0.0164298
0.0327808
0.0496738
0.146418
-0.000628843
0.0293968
0.00257131
0.00553688
0.0525979
0.175079
0.0136178
0.036642
0.112822
-0.000755767
0.209561
0.139029
3.39058e-05
0.0048282
0.00553688
-0.000755767
0.00181607
0.0912496
0.0021294
0.000436989
0.101512
0.00220003
0.179848
0.0468898
0.0480835
0.0124791
0.00614697
0.189273
0.00257131
0.00900366
0.0442397
0.0100403
0.0115126
0.0048282
0.00172644
-0.000609327
0.231924
0.000814844
-0.000357715
0.0136178
0.00220003
0.0222995
0.0124791
0.139029
0.0656678
0.082728
0.0546501
0.00973107
0.00135823
0.0734937
-0.000695033
0.0293968
3.39058e-05
0.0213511
0.036642
0.036642
-0.000499807
0.220471
0.102746
-0.000695033
0.108249
-0.000366822
0.00614697
0.0912496
0.119891
0.00630777
-0.000357715
0.0316931
0.0164298
0.0864808
0.0442397
0.0348535
0.189273
0.00900366
0.00815157
0.132419
0.0618338
0.00815157
0.0272161
-0.000755767
-0.000695033
0.14588
0.0213511
0.0251496
0.0450191
0.00418084
0.0308077
0.000814844
0.131992
0.025448
0.0123435
-0.000789929
0.00220003
0.0124791
0.00260946
0.000814844
0.146418
0.00257131
0.00449248
0.077613
0.0048282
0.0450191
0.112822
0.0181347
0.152966
0.0316931
0.00145744
3.39058e-05
0.034107
0.0450191
0.16232
0.0035919
0.0874441
-0.000366822
0.034107
0.00172644
0.00181607
0.0251496
0.00714103
0.0164298
0.0048282
0.0658361
0.019453
-0.000716293
0.0450191
0.0656678
0.0496738
0.092349
0.0450191
0.082728
0.0512921
0.034107
0.00803852
0.00181607
0.00743636
0.00803852
0.000530169
0.0213511
0.036642
0.0658361
0.0420937
0.276028
0.0105965
0.0450191
0.0271454
-0.000209472
0.0512921
0.00398697
0.139029
0.00172644
0.078196
0.0450191
0.000530169
0.0588934
0.0618338
-0.000175978
0.00257131
-0.000716293
0.0115126
0.118904
0.119891
0.092349
0.00172644
0.077613
0.0556687
0.00135823
0.0393027
0.0588934
0.19917
0.0048282
0.00172644
-0.000175978
0.0222995
0.000714642
0.00135823
0.0696696
0.00553688
-0.000366822
0.034107
0.00815157
0.299905
0.118904
0.0622797
0.112822
0.0618338
0.0145673
0.0912496
0.0136178
0.260169
0.0618338
-0.000716293
-0.000609327
0.00260946
0.170871
0.034107
0.0468898
-0.000499807
-0.000175978
0.00630777
0.0136178
0.0196122
0.082728
0.0874441
0.291937
0.0208403
0.0622797
0.113962
0.0111522
0.0231955
-0.000771664
0.113962
0.00418084
0.0164298
0.0618338
0.0289305
0.209561
0.0134968
0.00305707
0.00181607
0.0123435
-0.000795773
0.00743636
0.0048282
0.179848
0.0393027
0.00553688
0.179848
0.0196122
0.0293968
0.00449248
0.000814844
-0.000357715
0.0316931
-2.5145e-05
0.00305707
0.00630777
0.0618338
0.0231955
0.146418
0.154175
0.0819387
0.0105965
0.182604
0.0556687
0.0316931
0.0010216
0.244386
0.00257131
0.00900366
0.0912496
0.0196122
0.112822
0.119891
0.00891618
0.00553688
0.0149789
0.0442397
0.112822
0.113962
0.189273
0.0213511
0.00556663
0.0581626
0.0231955
0.0196122
0.0327808
0.0738444
0.00614697
0.0231955
0.0196122
0.102746
0.146418
0.0208403
0.00181607
0.000269723
0.0962561
0.146418
0.189273
0.0912496
0.0272161
0.00743636
0.139029
0.0658361
0.0468898
0.170871
0.102746
0.0581626
0.0480835
0.00556663
0.0272161
0.0213511
0.154175
0.00553688
-0.000628843
0.102746
0.170871
0.0738444
0.00973107
0.0962561
0.00891618
0.00803852
0.260165
-0.000209472
0.0581626
0.179848
0.000714642
0.0181347
0.019453
0.0196122
0.00714103
0.00304419
0.00145744
0.0695711
-0.000755767
0.000714642
-0.000209472
0.0450191
0.0695711
0.182616
0.00135823
0.10703
0.260169
0.036642
0.0658361
0.101512
0.102746
0.19917
0.000269723
0.119891
0.197814
0.082728
0.00172644
0.00181607
0.189273
0.0656678
0.10703
0.113962
0.00501841
-0.000755767
0.0864808
0.034107
0.00614697
0.108249
0.097448
0.0316931
0.125288
0.0124791
0.0496738
0.0136178
0.0658361
0.0468898
0.036642
0.082728
0.339784
0.0393027
0.0238341
0.0272161
-0.000695033
0.000269723
0.154175
0.0480835
0.0136178
0.139029
0.0196122
0.16232
0.154175
0.170871
0.0164298
0.0525979
0.0035919
0.00973107
0.0658361
0.146418
-0.000357715
0.209561
0.00350369
0.00305707
0.0231955
-0.000509131
0.0213511
0.0213511
0.0164298
0.205467
0.179848
0.112822
-0.000628843
0.00449248
0.00305707
0.0010216
0.00556663
0.0156944
0.189273
0.036642
0.00260946
0.025448
0.209561
0.0208403
0.139029
0.0420937
0.0010216
0.0874441
0.154175
0.0864808
0.16232
0.0251496
0.179848
0.0420937
0.118904
0.0417174
0.125288
0.0293968
0.170871
0.0525979
0.0316931
0.0196122
0.19917
0.0251496
-2.5145e-05
0.131992
0.0181347
0.0111522
0.0450191
0.00304419
0.139029
0.0480835
-0.000716293
0.243949
0.0179733
0.000530169
0.102746
0.0512921
0.101512
0.0149789
0.0168825
0.179848
0.00305707
0.13903
-0.000771664
0.000814844
-0.000209472
0.0442397
0.205475
0.0115126
-0.000209472
0.0912496
0.0450191
0.0213511
0.000189876
0.16232
0.0696696
-0.000209472
0.102746
0.0581626
0.0164298
0.0164298
0.220471
0.101512
0.0393164
0.108249
0.0450191
0.139029
0.179848
0.119891
0.0251496
0.00553688
0.00304419
0.034107
0.000189876
0.00398697
0.0618338
0.0962561
0.0231955
0.0213511
0.0348535
0.00630777
0.0149789
0.0656678
0.102746
0.189273
0.119891
0.0658361
0.0738444
0.00220003
0.0251496
0.19917
0.0010216
0.092349
0.0213511
0.19917
0.160223
0.00900366
0.0556687
0.0588934
0.034107
0.0468898
0.0496738
-2.5145e-05
0.0393027
0.00418084
0.0168825
0.101512
-0.000755767
0.0213511
0.16232
0.0874441
0.00900366
0.000814844
0.0738444
0.00398697
0.0164298
0.0231955
0.00900366
-0.000175978
0.00220003
0.276028
0.209561
0.0145673
-0.000628843
0.0124791
0.0512921
0.00260946
-0.000609327
0.0496738
0.0819387
0.0179733
0.000189876
0.205475
0.0231955
0.0480835
0.0819387
-0.000695033
0.119891
0.16232
0.0696696
0.0293968
0.170871
0.10703
0.0480835
0.0145673
0.0588934
0.0480835
0.0238341
0.034107
-0.000716293
0.00803852
0.19917
0.0316931
0.139029
0.19917
-0.000755767
0.0048282
0.0588934
0.189273
0.0048282
-0.000695033
0.00743636
0.160236
0.019453
0.0525979
0.101512
0.0272161
0.0111522
0.131992
0.0962561
0.0293968
0.170871
0.102746
0.131992
0.0696696
0.00145744
0.0864808
0.102746
0.00181607
0.0316931
0.0622797
0.179848
0.034107
0.0179733
0.0149789
0.0196122
0.0912496
0.00449248
0.16232
0.118904
0.0111522
0.0272161
0.082728
0.00714103
0.102746
0.118904
0.16232
0.0874441
0.0179733
0.0164298
0.082728
0.0231955
0.16232
0.000189876
0.19917
0.170871
0.019453
0.125288
0.0293968
0.0048282
0.0123435
0.00112383
0.179848
0.154175
0.152962
0.0618338
0.0111522
-0.000366822
0.00304419
0.0874441
0.00553688
0.0819387
0.00803852
0.154175
0.14588
0.00257131
0.179848
0.0327808
0.000436989
0.0048282
0.170871
0.244392
0.000436989
0.119891
0.252261
0.179848
0.0734937
0.00815157
0.0656678
0.0618338
-0.000716293
0.0468898
0.078196
0.036642
0.0496738
0.101512
0.0442397
0.0145673
0.146418
0.175073
0.0123435
0.077613
0.0912496
0.0048282
0.0156944
0.179848
0.000814844
0.0272161
0.077613
0.00305707
0.0251496
0.0556687
0.0164298
-0.000366822
0.170871
0.0213511
0.0208403
0.0696696
0.0238341
-0.000357715
0.170871
0.0196122
0.13903
0.0213511
0.125288
0.220471
0.0134968
0.00172644
0.00815157
0.0618338
-0.000695033
0.139029
0.0149789
0.0912496
0.170871
0.0179733
0.019453
0.102746
0.000189876
0.0208403
0.0149789
0.0656678
0.00145744
0.0168825
0.231924
0.0149789
0.097448
0.025448
0.00714103
0.119891
0.0546501
0.00418084
0.00418084
0.0149789
0.379558
0.220471
0.0450191
0.0111522
0.0696696
0.0417174
0.0912496
0.00305707
0.0525979
0.00257131
-0.000755767
0.0179733
0.19917
0.00260946
0.0420937
0.179848
0.0442397
0.0115126
-0.000499807
0.000269723
0.0316931
-0.000509131
0.00260946
-0.000366822
0.220471
0.00418084
0.231924
-0.000209472
0.0136178
0.0316931
0.000189876
0.0734937
0.0864808
0.108249
0.119891
0.189273
0.00815157
0.0738444
0.00305707
0.0393164
0.00743636
0.125288
0.0912496
-0.000175978
-0.000509131
0.220471
-0.000175978
0.0293968
0.0738444
-0.000209472
0.0546501
0.125288
0.291937
-0.000795773
0.0134968
-0.000366822
0.00556663
0.0196122
0.0581626
0.0010216
0.0196122
0.0168825
0.0123435
-0.000795773
0.170871
0.209561
0.0393164
0.0115126
0.146418
0.092349
0.0480835
0.189273
0.0468898
0.0696696
0.170871
0.13903
0.0196122
0.243949
0.097448
0.0618338
0.220471
0.000530169
-0.000366822
0.0393027
0.0115126
0.139029
0.0145673
0.0272161
-0.000755767
0.078196
0.0196122
0.0251496
0.126041
0.0618338
0.00553688
0.00553688
-0.000357715
0.00220003
0.126041
0.13903
0.0738444
0.034107
0.0480835
0.0134968
0.125288
0.0695711
0.146418
0.036642
0.025448
0.112822
-0.000366822
0.0035919
0.0021294
0.0556687
0.0819387
0.179848
0.0581626
0.182604
0.0208403
0.092349
0.00449248
0.082728
0.00714103
0.0100403
0.0656678
0.139029
0.0556687
0.299905
0.097448
0.082728
0.189273
0.101512
0.0164298
0.00501841
0.0656678
-0.000209472
0.0695711
-0.000795773
0.146418
0.0105965
0.16232
0.00305707
0.0618338
0.118904
-0.000789929
0.0271454
0.00900366
0.077613
0.0100403
0.00449248
0.0156944
0.0588934
0.0168825
0.00614697
-0.000795773
0.0168825
0.0272161
0.0442397
0.019453
-0.000628843
0.0874441
0.0738444
-0.000357715
0.000269723
0.152968
0.0021294
0.00501841
-0.000357715
-0.000795773
0.0450191
0.00815157
0.078196
0.00135823
0.036642
0.00815157
0.160223
0.19917
0.00181607
0.0348535
0.19917
0.0316931
0.0622797
-0.000209472
0.170871
0.0111522
0.10703
0.0348535
0.0123435
0.0179733
0.00135823
0.231924
0.0496738
0.0100403
0.0480835
0.0496738
0.0179733
0.0618338
0.000189876
0.00350369
0.0048282
0.0316931
0.0588934
-0.000366822
0.0134968
0.243949
0.0618338
0.092349
0.0327808
-0.000795773
0.0115126
0.0546501
0.0420937
-0.000499807
0.00418084
0.00900366
0.00449248
-0.000609327
0.0480835
0.0480835
0.0196122
-0.000357715
0.00630777
0.0348535
-0.000357715
0.00803852
0.0156944
0.125288
0.078196
0.0618338
0.0393164
0.092349
0.154175
0.102746
0.0450191
0.00556663
0.220471
0.0912496
0.0658361
0.0208403
-0.000628843
0.119891
0.0010216
0.0618338
0.0962561
0.101512
0.0546501
0.0021294
0.00350369
0.00900366
0.0546501
0.0556687
-0.000695033
0.000814844
0.371642
0.000269723
0.0618338
-0.000499807
0.0417174
0.0525979
0.189273
-2.5145e-05
0.00714103
0.209561
0.0480835
0.00350369
0.112822
0.0136178
0.00614697
0.034107
0.0196122
0.0658361
0.0962561
0.0327808
0.170871
0.0168825
-0.000716293
0.00900366
0.0370303
0.209561
0.00172644
0.189273
0.0168825
-0.000695033
0.101512
0.0308077
0.154175
0.0695711
0.00630777
0.077613
0.00900366
0.092349
0.00398697
0.112822
0.0293968
0.0179733
0.154175
0.0496738
0.00257131
0.00676894
0.00418084
0.00900366
0.108249
0.00181607
0.00220003
0.0327808
0.0525979
0.0213511
0.118904
0.00260946
0.102746
0.179848
0.0293968
0.0468898
0.0738444
0.0272161
0.000189876
0.0168825
0.0179733
0.0420937
0.0658361
0.0393164
0.0874441
0.0238341
0.0164298
0.092349
0.00553688
0.189273
0.167617
0.0656678
0.097448
0.19917
0.0417174
0.036642
0.000530169
0.131992
0.0696696
-0.000795773
0.0136178
0.0181347
0.175091
0.0111522
0.139029
0.00891618
0.00973107
0.00630777
0.139029
-2.5145e-05
0.189273
0.077613
0.170871
0.10703
0.0164298
0.209561
0.0370303
0.170871
0.019453
0.0035919
0.0348535
0.0546501
0.0420937
0.179848
0.0271454
0.0213511
0.00553688
0.126041
0.0468898
0.0512921
0.0512921
0.0271454
0.077613
0.077613
3.39058e-05
0.112822
0.0420937
0.0658361
0.000530169
0.000189876
0.0864808
0.119891
0.179848
0.00305707
0.00257131
-0.000509131
-0.000695033
0.108249
0.0546501
0.0370303
0.118904
0.154175
0.0100403
0.097448
0.0164298
0.113962
0.0525979
0.0450191
0.0912496
0.118904
0.268089
0.126041
0.0035919
0.0912496
-0.000366822
0.0912496
0.082728
0.0370303
0.0293968
0.131992
0.228725
0.213183
0.0618338
0.0468898
0.113962
0.0010216
0.16232
0.13903
0.179848
0.0420937
0.243949
0.0468898
0.00803852
0.00172644
0.0293968
-0.000499807
0.092349
0.0100403
0.025448
0.0962561
0.0124791
0.00257131
0.00676894
0.0149789
0.131992
0.0168825
0.0525979
0.220471
0.0149789
-0.000755767
0.0164298
0.175079
0.154175
0.0370303
0.118904
0.0480835
0.0819387
0.00891618
0.0658361
0.00305707
0.0874441
0.0370303
-0.000695033
0.019453
0.019453
0.0115126
0.092349
0.205475
0.00449248
0.0962561
0.000814844
0.125288
-0.000716293
0.101512
0.0100403
0.097448
0.0512921
0.034107
0.16232
0.14588
0.0213511
-0.000789929
0.0450191
0.19917
0.000189876
0.0316931
0.0512921
0.00630777
0.244386
0.0348535
0.0100403
0.00714103
0.170871
0.0546501
-0.000609327
0.0512921
0.00714103
0.0271454
0.0393164
0.0546501
0.10703
0.125288
0.146418
0.0316931
0.10703
0.0738444
0.00614697
0.0962561
0.00257131
0.197808
0.0450191
0.0696696
0.00553688
-2.5145e-05
0.170871
-2.5145e-05
3.39058e-05
0.0864808
0.19917
0.00350369
0.078196
0.0123435
-2.5145e-05
0.209561
0.0123435
0.0912496
0.092349
0.0021294
0.0272161
0.00714103
0.00714103
0.0179733
0.0021294
0.0819387
0.0496738
0.243949
0.00112383
0.18261
0.126041
-0.000209472
0.092349
0.118904
0.00260946
-0.000695033
-0.000357715
0.00350369
0.0588934
0.10703
0.209561
0.00135823
0.113962
0.00803852
0.00305707
0.00743636
0.0010216
-0.000771664
0.146418
0.077613
-0.000789929
0.0656678
0.243949
0.0035919
-0.000499807
0.078196
0.0272161
0.0289305
0.0864808
0.0912496
0.108249
0.131992
0.00257131
0.00350369
0.231924
0.118904
0.00418084
-0.000175978
0.0272161
0.0293968
0.175079
0.0480835
0.0618338
0.00418084
0.0556687
0.131992
0.00135823
0.0251496
0.0864808
0.0145673
0.036642
0.102746
0.102746
0.125288
0.0618338
0.0156944
0.0111522
0.0136178
0.000714642
0.119891
0.154175
0.118904
0.000436989
0.101512
0.00501841
0.000269723
0.0136178
0.0213511
0.16232
0.00172644
0.0546501
-0.000609327
0.0272161
0.025448
0.0658361
-0.000509131
0.092349
0.0048282
0.0450191
0.108249
0.00260946
0.108249
0.299901
-2.5145e-05
0.00304419
0.146418
0.036642
0.0111522
0.0962561
0.220471
0.0149789
0.00714103
0.0271454
0.077613
0.13903
0.000530169
0.00172644
0.179848
-0.000795773
0.036642
0.036642
0.0696696
-0.000209472
0.0450191
0.00145744
-0.000357715
0.00145744
0.243949
0.0149789
0.0021294
0.0546501
0.0136178
0.00714103
0.19917
0.0213511
0.000269723
0.0145673
0.0289305
-2.5145e-05
0.0450191
0.00556663
0.0272161
0.00891618
0.101512
0.189273
0.0417174
0.0124791
0.00172644
0.0164298
0.0123435
0.0417174
3.39058e-05
0.0293968
0.0468898
0.0738444
0.00743636
0.0035919
0.154175
0.0289305
0.0181347
0.00891618
0.170871
0.231924
0.19917
0.00676894
0.108249
0.00135823
0.125288
0.170871
0.00676894
0.036642
0.00803852
0.0289305
0.00556663
0.0581626
0.097448
0.00501841
0.00145744
0.0149789
0.025448
0.189273
0.0100403
0.0556687
0.0179733
0.0213511
0.00553688
0.0442397
0.0734937
0.00676894
0.0393027
0.0272161
0.00973107
0.154175
0.16232
-0.000795773
0.092349
0.0271454
0.0738444
0.197808
0.101512
0.0738444
-0.000789929
0.0048282
0.034107
0.00973107
-0.000357715
0.0164298
0.0417174
0.0035919
0.0213511
0.0231955
-0.000209472
0.00553688
0.0512921
0.154175
0.19019
0.154175
0.0231955
0.00973107
0.0393027
0.0348535
-0.000209472
-0.000716293
0.170871
0.00135823
0.00714103
0.0348535
0.0696696
0.00714103
0.000436989
0.00449248
-0.000509131
0.0123435
0.0293968
0.0251496
-2.5145e-05
0.228718
0.19917
0.0588934
0.0179733
0.112822
0.0149789
0.00112383
0.13903
0.16232
-2.5145e-05
0.23654
0.0105965
0.291937
0.189273
0.220471
0.0556687
0.0546501
0.00257131
0.0512921
0.0134968
0.0100403
0.0496738
0.0393027
0.139029
0.205467
0.118904
0.00418084
-0.000357715
0.125288
0.0695711
0.0238341
-0.000366822
0.146418
0.152964
0.0525979
0.00803852
0.101512
0.0308077
-0.000716293
0.00553688
0.000189876
0.139029
0.0393164
0.00556663
0.0035919
0.0696696
0.092349
-0.000755767
0.118904
0.0348535
0.00181607
0.0512921
0.0231955
0.0734937
0.0196122
0.10703
0.000189876
0.00220003
0.0136178
0.0316931
0.0145673
-0.000209472
0.0168825
0.160236
0.220471
0.078196
0.244386
-0.000366822
-0.000789929
0.179848
0.0293968
0.0124791
0.00803852
0.0819387
0.00398697
0.0912496
0.0393164
0.0912496
0.209561
0.0696696
0.0656678
0.0208403
0.0912496
0.0695711
0.0048282
0.363683
0.0512921
0.0316931
0.190177
0.0546501
0.0124791
0.0738444
0.0035919
-0.000509131
0.00112383
0.0168825
0.244386
0.0181347
-0.000716293
0.0512921
0.0149789
0.113962
0.23654
0.0035919
0.00556663
0.000436989
0.231924
0.0213511
0.268091
-0.000175978
0.0222995
0.0272161
0.0480835
0.231924
0.189273
0.000189876
0.112822
0.00257131
0.0316931
0.0289305
0.179848
0.19917
0.19917
0.154175
0.0293968
-0.000357715
0.00714103
0.00614697
0.00449248
0.000189876
0.00449248
0.0316931
0.00900366
-0.000628843
0.19019
0.112822
0.0556687
0.000814844
0.078196
0.152969
0.209561
0.170871
-0.000755767
0.108249
0.0222995
0.0272161
0.092349
0.0512921
-0.000755767
0.00418084
0.0581626
0.209561
0.034107
0.082728
0.118904
0.0164298
0.0496738
0.025448
0.0181347
0.0010216
0.0100403
0.00553688
0.152969
0.00220003
-0.000789929
-0.000628843
0.077613
0.00714103
0.139029
0.0622797
-0.000499807
0.0588934
0.14588
0.0618338
-0.000366822
0.10703
0.19917
0.0308077
0.00305707
0.118904
0.167622
0.228718
0.000189876
0.0105965
0.0164298
0.0136178
0.220471
0.0021294
0.0123435
0.19917
0.0348535
0.170871
0.0734937
0.0695711
0.000814844
-0.000175978
0.0512921
0.000530169
0.19917
0.097448
0.0136178
0.268091
0.0293968
0.0656678
0.101512
0.00304419
-0.000366822
0.0164298
0.0468898
0.0393027
0.0156944
-0.000771664
0.034107
0.0164298
0.0581626
0.00305707
0.112822
0.139029
0.000714642
0.0111522
-0.000357715
0.00181607
0.0251496
0.0468898
0.00112383
0.0164298
-2.5145e-05
-2.5145e-05
-0.000366822
0.0370303
-0.000509131
0.0213511
0.000714642
0.0231955
0.0231955
0.00449248
-0.000716293
0.0105965
0.0912496
0.036642
0.00304419
0.125288
0.00220003
0.0179733
0.00449248
0.00172644
0.189273
0.00676894
0.101512
0.0238341
0.0293968
0.078196
0.112822
0.0316931
0.146418
0.0136178
0.189273
0.14588
0.034107
0.0010216
0.0222995
0.0480835
-0.000509131
0.0134968
0.00553688
0.154175
0.209561
0.209561
0.00900366
0.0293968
0.00257131
0.170871
0.00556663
0.0196122
-0.000755767
0.0581626
0.0272161
0.0164298
0.00145744
0.205475
0.131992
0.000714642
0.10703
0.0289305
0.00145744
0.154175
0.00305707
0.00260946
0.0196122
0.0546501
0.0145673
0.0442397
0.0208403
0.0168825
0.0308077
0.220471
0.0696696
0.0556687
0.0196122
-0.000357715
0.209561
0.0618338
0.0622797
0.00714103
0.0222995
0.0370303
0.00145744
0.0316931
0.00553688
0.025448
0.0874441
0.154175
0.102746
0.00135823
0.00418084
0.000189876
0.131992
-0.000789929
0.00418084
0.125288
0.0100403
0.00973107
0.139029
-0.000366822
0.299905
0.0134968
0.125288
0.00714103
0.082728
0.231924
0.0348535
0.0115126
-0.000755767
0.077613
0.0622797
0.112822
0.0393027
0.0035919
0.0496738
0.146418
0.0145673
0.108249
0.00630777
0.0316931
0.00714103
0.0819387
0.019453
0.0145673
0.0231955
0.0819387
0.0695711
0.118904
0.0251496
0.0327808
0.112822
0.00900366
0.036642
0.0874441
0.0168825
0.0819387
0.00304419
0.170871
0.0123435
0.036642
0.0581626
0.131992
0.16232
0.0010216
0.00714103
0.170871
0.16232
0.00260946
0.220471
0.243949
0.0231955
0.00815157
0.0145673
0.0480835
0.0618338
0.118904
0.00220003
0.0656678
0.16232
0.132419
0.0581626
-0.000771664
0.00900366
0.000714642
-0.000209472
0.000436989
0.0496738
-0.000695033
0.025448
0.0179733
0.0293968
0.0588934
0.101512
0.000714642
0.228718
0.036642
0.0738444
0.0100403
0.0442397
0.034107
0.139029
0.000714642
0.0136178
0.146418
-0.000716293
0.00714103
0.152962
0.0231955
0.0738444
0.0316931
0.146418
0.00305707
0.209561
0.220471
0.00630777
0.0588934
0.0251496
0.0393027
0.0695711
0.0450191
0.0420937
0.000269723
0.082728
0.0179733
0.0164298
0.00257131
0.0179733
0.0658361
0.113962
0.0272161
0.00112383
0.0912496
0.0021294
0.0164298
0.0874441
0.0658361
0.125288
0.00304419
0.0546501
0.0581626
0.0618338
0.0588934
0.131992
0.0035919
0.0124791
0.118904
0.00714103
0.0734937
0.179848
0.0136178
0.315851
0.0308077
0.125288
0.00350369
0.0468898
0.0912496
0.0420937
0.131992
0.00803852
0.00305707
0.082728
0.0496738
0.243949
0.190184
0.0048282
0.0308077
0.0134968
0.025448
0.0123435
0.243949
0.0136178
0.000269723
0.0618338
0.220936
0.209561
0.0231955
0.00220003
0.0480835
0.0622797
0.077613
0.0512921
0.0179733
0.00630777
0.0293968
0.112822
0.00220003
0.283977
0.00900366
0.0962561
0.00260946
0.0962561
0.0145673
0.0546501
0.0316931
0.118904
0.0181347
0.00973107
0.00714103
0.092349
0.0021294
0.252266
0.231924
0.213183
0.0149789
0.179848
0.00501841
0.0271454
0.119891
-0.000175978
-0.000609327
0.0450191
0.112822
0.0213511
0.0134968
0.0656678
0.154175
0.0393164
0.00815157
0.036642
0.179848
0.0231955
0.0251496
0.112822
0.10703
0.077613
-0.000357715
0.00304419
0.0164298
0.0525979
0.000714642
0.00630777
0.0738444
0.146418
0.00815157
0.119891
0.0496738
0.112822
0.00418084
0.102746
-0.000609327
0.0962561
0.0048282
0.0556687
0.0251496
0.000436989
0.179848
0.00891618
0.0738444
0.00630777
0.112822
0.00181607
0.179848
0.146418
0.00614697
0.0021294
0.0156944
0.19917
0.00135823
0.0123435
0.0581626
-0.000789929
0.036642
0.0231955
0.0035919
0.00630777
0.0272161
0.00418084
0.078196
0.0168825
0.0115126
-0.000209472
0.139029
0.102746
0.0656678
0.209561
0.139029
0.019453
0.0145673
0.00815157
0.00815157
0.036642
0.0618338
0.0581626
0.0213511
0.146418
0.0327808
-0.000789929
0.113962
0.019453
0.00803852
0.00900366
0.283977
0.260169
0.160236
0.260169
-0.000789929
0.0308077
0.0393027
0.16232
0.0179733
0.0546501
0.0136178
-0.000771664
0.0105965
0.0695711
0.00501841
0.179848
0.000269723
0.00553688
0.0238341
0.16232
0.355739
0.19917
0.0179733
0.170871
0.0213511
0.0442397
0.0695711
0.0156944
0.00304419
0.125288
0.0272161
0.0111522
0.082728
0.113962
0.0222995
0.0417174
0.0156944
0.0222995
0.0656678
0.025448
0.131992
0.000714642
0.0238341
0.113962
0.0316931
0.189273
0.0231955
0.0010216
0.0035919
-0.000509131
0.170871
0.019453
0.097448
0.139029
0.0442397
0.0480835
0.0417174
0.10703
0.0111522
0.00145744
0.036642
0.0738444
0.139029
0.00676894
0.034107
0.131992
0.0734937
0.243949
0.00973107
0.0272161
0.0874441
0.243949
0.036642
-0.000357715
0.0136178
0.0136178
0.0149789
0.0420937
0.0100403
0.00714103
-0.000509131
0.0912496
0.0962561
-0.000175978
0.00676894
-0.000509131
0.0864808
0.0658361
0.112822
0.025448
0.0134968
0.16232
0.00714103
0.0618338
0.0393027
0.00172644
0.0123435
0.0480835
0.0156944
0.0156944
0.0581626
0.179848
0.0696696
0.000189876
0.0316931
0.0196122
0.0874441
0.0149789
0.0021294
0.101512
0.0145673
-0.000509131
0.119891
0.034107
0.101512
0.14588
0.00891618
0.0035919
0.00614697
0.0149789
0.0208403
0.0196122
0.102746
-0.000789929
0.0696696
0.00260946
0.0251496
0.0100403
0.0480835
0.244392
0.00181607
0.13903
0.078196
0.0480835
0.00815157
0.0581626
0.0468898
0.0010216
0.0272161
0.0819387
0.0100403
0.0289305
0.000814844
0.092349
0.10703
0.0738444
0.0480835
0.0196122
0.0658361
0.0348535
0.0100403
0.0316931
0.0136178
0.170871
0.170871
0.189273
0.034107
0.0196122
0.16024
0.000269723
0.0512921
0.209561
0.034107
-0.000175978
0.118904
0.00714103
0.00714103
0.16232
0.0196122
0.0149789
0.0179733
0.0819387
0.00257131
0.113962
0.209561
0.082728
0.00449248
0.170871
0.160236
0.0420937
0.0316931
0.0179733
0.0293968
-0.000499807
0.0417174
0.0588934
0.131992
0.113962
0.0618338
0.0272161
0.00553688
0.00350369
0.16232
0.220471
-0.000499807
0.0271454
0.034107
0.102746
0.220471
0.0272161
0.00556663
0.0149789
0.00257131
-0.000716293
-0.000695033
0.00803852
0.118904
0.0420937
0.036642
0.00630777
0.0450191
0.025448
0.209561
0.0450191
-0.000755767
0.0272161
0.118904
0.0525979
0.00900366
0.034107
0.00676894
0.092349
0.0115126
0.0556687
0.0864808
0.276028
0.231924
0.0111522
0.0581626
0.16232
0.0272161
0.190184
0.000269723
0.170871
0.0912496
0.00556663
0.0272161
0.0695711
0.092349
0.0525979
0.0316931
0.0546501
0.0048282
-0.000175978
0.00398697
0.113962
0.00260946
0.00630777
0.0512921
0.0048282
0.209561
0.0556687
0.0134968
0.0656678
0.000189876
0.0272161
0.078196
0.00553688
0.00304419
-2.5145e-05
0.00553688
0.0512921
0.0035919
0.000189876
0.10703
0.0136178
0.231924
0.000714642
0.19917
0.0450191
0.118904
0.0149789
-0.000795773
0.189273
0.0181347
0.0656678
0.112822
0.00257131
0.10703
0.0231955
0.078196
0.0272161
0.00112383
0.0450191
0.209561
0.0738444
0.108249
0.00350369
0.197801
0.00891618
0.0111522
0.205475
0.0912496
0.0420937
0.19917
0.0149789
0.00676894
0.0100403
0.00900366
0.0123435
0.118904
0.00220003
0.0696696
0.0251496
-0.000357715
0.16232
0.0149789
0.21319
0.0450191
0.0179733
0.0316931
0.0738444
0.0496738
-0.000771664
0.0164298
0.034107
0.025448
0.0168825
-0.000789929
0.0496738
0.170871
0.000269723
0.0111522
0.0168825
0.126041
0.097448
0.175091
0.00449248
0.00172644
0.0293968
0.0738444
-0.000695033
0.0738444
0.00220003
0.0100403
0.179848
0.097448
0.0105965
0.0581626
0.0480835
0.00398697
0.00135823
0.16232
0.0136178
0.000436989
-0.000716293
0.0581626
0.179848
0.082728
0.00803852
0.0251496
0.0738444
0.0656678
0.00815157
0.019453
0.078196
0.00630777
0.0874441
0.000189876
0.0213511
0.112822
0.00676894
0.0272161
0.0145673
0.307873
0.00556663
0.102746
0.0115126
0.0035919
0.112822
0.00803852
0.0316931
0.036642
0.102746
0.034107
0.0149789
0.00501841
0.179848
0.0393027
0.14588
0.0208403
0.220471
-0.000755767
0.19917
0.154175
0.0588934
0.112822
0.00260946
0.0124791
0.034107
0.00257131
0.00714103
0.19917
0.000714642
-0.000366822
0.0196122
0.189273
0.16232
0.0512921
0.10703
0.0912496
0.0293968
0.097448
0.0168825
0.0734937
0.0168825
0.0468898
0.00305707
0.000436989
0.0251496
0.170871
0.0480835
0.00398697
0.189273
0.231924
0.077613
0.0525979
0.0251496
0.0874441
0.170871
0.0480835
0.00630777
0.252266
0.0308077
0.0618338
0.00973107
0.000436989
0.0145673
0.00815157
0.16232
0.0115126
0.132419
0.0738444
0.0912496
0.0021294
0.0100403
0.0293968
0.0546501
0.23654
0.0293968
0.209561
0.231924
0.00398697
0.0100403
0.082728
0.00614697
0.209561
0.0293968
0.077613
0.0271454
0.00260946
0.097448
0.102746
0.0734937
-0.000628843
0.00398697
0.00630777
0.034107
0.102746
0.0048282
0.00556663
0.0819387
0.0316931
0.0238341
0.034107
0.034107
0.000530169
0.209561
0.0035919
0.097448
0.170871
0.0734937
0.139029
0.0289305
0.00803852
-0.000795773
0.00803852
0.0819387
0.0231955
0.131992
0.00714103
0.0035919
0.00900366
0.0450191
-0.000789929
0.036642
0.13903
0.00630777
0.108249
0.0208403
0.0231955
0.0480835
0.231924
0.0251496
0.000436989
0.252266
0.21319
0.152966
0.108249
0.19917
0.00449248
0.0581626
0.231924
0.00891618
-0.000357715
0.0208403
0.0196122
0.0734937
0.101512
-0.000716293
0.231924
0.0156944
0.0658361
0.0231955
0.0271454
0.0213511
0.152969
0.205475
0.082728
0.244386
0.0864808
0.00418084
0.00145744
0.19917
0.00112383
0.102746
0.0181347
0.0145673
0.0738444
0.0348535
0.0496738
0.077613
0.00614697
-0.000789929
-0.000695033
0.119891
0.146418
0.131992
0.0348535
0.209561
0.179848
0.0618338
0.0546501
0.00803852
0.0393027
0.0251496
0.0450191
0.034107
0.0962561
0.00449248
-0.000628843
0.0912496
0.025448
-0.000366822
0.0272161
0.112822
0.0316931
0.0874441
0.16024
0.0145673
0.179848
0.209561
-0.000175978
0.0556687
0.097448
0.146418
0.097448
0.000436989
0.0696696
0.146418
0.082728
0.189273
0.0048282
0.125288
0.00145744
0.0164298
0.00260946
0.0100403
0.0238341
0.0556687
0.00181607
0.00304419
0.00350369
0.0289305
0.00743636
0.101512
0.0656678
0.0546501
0.0420937
-0.000628843
0.0442397
0.0124791
0.036642
0.108249
0.243949
0.189273
0.0588934
0.0546501
0.082728
-0.000357715
0.00714103
0.00172644
0.0696696
0.0480835
0.00220003
0.101512
0.0251496
0.299901
0.00260946
0.10703
0.00145744
0.170871
0.0035919
0.179848
0.00900366
0.0316931
0.0105965
0.000714642
0.0468898
0.0656678
0.0480835
0.113962
0.0327808
0.139029
-0.000716293
0.00676894
0.00305707
0.00676894
0.00172644
0.0100403
0.00449248
0.0134968
0.00714103
-0.000789929
0.000269723
0.034107
0.0658361
0.146418
0.0588934
0.0179733
0.0864808
0.101512
0.0556687
0.0100403
0.00257131
0.0393027
0.0588934
0.0874441
0.00257131
0.0035919
-0.000771664
-0.000609327
0.0168825
0.0196122
0.0100403
0.101512
0.0480835
0.0417174
0.125288
0.0450191
0.000530169
0.0734937
0.179848
0.077613
0.0136178
0.00630777
0.034107
0.0293968
0.0105965
0.00398697
0.182604
0.125288
0.0588934
0.097448
0.0293968
0.307873
0.00973107
0.0035919
0.0035919
0.0512921
0.00803852
0.077613
0.00145744
0.0316931
0.0327808
0.0048282
0.036642
0.112822
0.10703
0.0393027
-0.000366822
0.19917
0.0525979
0.00614697
-0.000795773
0.152962
0.119891
0.189273
0.283977
0.00630777
0.0021294
0.00220003
0.0208403
0.146418
0.036642
0.0021294
0.0196122
0.034107
0.0622797
0.175085
0.0348535
0.00304419
0.00398697
0.0010216
0.000189876
0.0196122
0.00350369
0.0738444
0.00135823
0.0208403
0.036642
0.0222995
0.113962
0.00112383
0.0123435
0.0035919
0.0734937
0.209561
-0.000695033
0.0450191
0.0149789
0.131992
0.00614697
0.220471
0.034107
0.077613
0.347764
0.0622797
0.0442397
0.231924
0.0556687
0.139029
0.025448
0.0512921
-0.000357715
0.132419
0.19917
0.154175
0.0179733
0.0156944
0.0874441
0.00900366
-0.000357715
-0.000499807
0.0370303
0.0123435
0.0293968
0.0496738
0.077613
-0.000366822
0.170871
0.0272161
0.000189876
0.0238341
3.39058e-05
0.0512921
0.0874441
0.0734937
0.00630777
0.175085
0.112822
-0.000695033
0.078196
0.0316931
0.0618338
0.152969
0.145879
0.10703
0.0874441
0.0556687
0.0196122
0.0695711
0.0164298
0.0136178
0.0734937
0.00900366
0.0370303
-0.000609327
0.00257131
0.00449248
0.082728
0.108249
0.125288
0.209561
0.0238341
-0.000695033
0.00112383
0.0556687
0.00220003
0.00553688
0.00257131
0.0181347
0.082728
0.0556687
0.170871
0.209561
0.0010216
0.0496738
0.0272161
0.034107
0.00135823
0.0512921
0.00350369
-0.000509131
0.119891
0.220471
0.19917
0.00305707
0.146418
0.0115126
0.00743636
0.179848
0.00556663
0.19917
0.0156944
0.0348535
0.0658361
-0.000499807
-0.000357715
0.00172644
0.097448
0.0134968
0.19917
0.0035919
-0.000795773
0.0695711
-0.000366822
0.0111522
0.0111522
0.0588934
0.189273
0.209561
0.0546501
0.112822
0.0222995
0.0496738
0.0819387
0.00304419
0.000189876
0.0164298
0.034107
0.034107
0.00973107
0.000530169
0.036642
0.0100403
0.0164298
0.0734937
0.0021294
0.0738444
0.00614697
0.097448
0.00803852
0.0393027
0.0156944
0.0738444
0.0021294
0.00803852
0.00135823
0.0696696
0.0308077
0.025448
0.101512
0.179848
0.154175
0.0100403
0.0179733
0.154175
0.0618338
0.000436989
0.0164298
0.0168825
0.0581626
0.0213511
0.00135823
0.231924
-2.5145e-05
0.0123435
0.097448
0.260169
0.0658361
-0.000209472
0.0293968
-0.000175978
0.00501841
0.10703
0.00891618
0.00803852
0.113962
0.126041
0.0512921
0.125288
0.102746
0.00135823
0.092349
0.189273
0.139029
0.0512921
0.00257131
0.276028
0.00900366
0.125288
0.00449248
0.00135823
0.0819387
0.0111522
0.0370303
0.19917
0.0222995
0.0581626
0.182604
0.00630777
0.167622
0.102746
0.019453
0.0420937
0.000189876
0.0164298
0.0136178
0.0010216
0.00676894
0.0316931
0.118904
0.0525979
0.00257131
0.0622797
0.0145673
0.0164298
0.0525979
0.0124791
0.0581626
0.0450191
0.0656678
0.0208403
0.0156944
0.0231955
0.0149789
0.0021294
0.0196122
-0.000695033
0.000530169
0.0123435
0.0164298
0.0124791
0.0348535
0.209561
-0.000357715
0.179848
0.0035919
0.0874441
0.0213511
-0.000795773
0.220471
0.0588934
0.00676894
0.112822
0.0734937
-0.000716293
0.0962561
0.00891618
0.0179733
0.170871
0.0393164
0.0734937
0.00305707
-0.000609327
0.0293968
0.0251496
0.00714103
0.146418
0.139029
0.0308077
0.119891
0.189273
0.0738444
0.0618338
0.00304419
0.0289305
0.0581626
0.00743636
0.00257131
0.0156944
0.0738444
0.00803852
0.0168825
-0.000755767
0.000530169
0.0327808
0.00172644
-0.000175978
0.0442397
0.00220003
0.0622797
0.00815157
0.000189876
0.0327808
0.00553688
0.000530169
0.0021294
0.209561
0.0181347
0.0581626
0.220471
0.00172644
0.00418084
0.0656678
0.0124791
-0.000771664
0.00135823
0.097448
0.160236
0.154175
0.000436989
0.197808
0.101512
0.160228
0.00172644
0.0115126
0.019453
0.102746
0.00803852
-0.000175978
0.0111522
0.0115126
0.0695711
0.0512921
-0.000789929
0.0546501
0.0213511
0.0393027
0.00305707
0.0512921
0.00891618
-0.000209472
0.126041
0.0738444
0.00135823
0.154175
0.00260946
0.00676894
0.231924
0.19917
0.139029
0.000269723
0.0819387
0.00260946
0.0581626
0.00815157
0.112822
0.00815157
0.152968
0.0316931
0.179848
-0.000175978
0.243949
0.19917
0.00145744
0.10703
0.00418084
0.243949
0.000714642
0.0111522
-0.000789929
0.0238341
0.0196122
0.0420937
0.112822
0.00900366
0.0420937
0.146418
0.00803852
-0.000755767
0.0293968
0.0658361
0.0196122
0.0136178
0.220471
0.00803852
0.209561
0.097448
0.0181347
0.036642
0.036642
0.0738444
-0.000366822
0.00398697
0.170871
0.160232
0.00501841
0.097448
0.0272161
0.078196
0.0393164
0.0179733
0.331816
0.108249
0.00614697
0.00556663
0.0496738
0.10703
0.00803852
0.197801
0.154175
0.0618338
0.0035919
0.000714642
0.00350369
0.0420937
-0.000357715
-0.000695033
0.154175
-0.000175978
0.0251496
0.00135823
0.0912496
0.00676894
0.268089
0.00676894
0.00305707
0.000530169
0.0656678
0.19917
0.167612
0.00676894
0.0480835
0.0480835
0.00501841
0.0420937
0.276028
0.0738444
0.034107
0.0962561
0.0525979
0.0124791
0.0179733
0.175079
0.0819387
0.0035919
0.0111522
0.00815157
0.0179733
0.00305707
0.00803852
0.0168825
0.00630777
0.00714103
0.0115126
0.102746
0.078196
0.0316931
0.190177
0.00257131
0.0134968
0.036642
0.0656678
0.0293968
0.0588934
0.0874441
0.078196
0.0136178
0.00257131
0.0111522
0.0136178
0.0327808
0.078196
0.00135823
0.0556687
0.092349
0.00803852
0.0420937
0.00501841
0.0480835
0.10703
0.0145673
0.0035919
0.00556663
0.000814844
0.0912496
0.078196
0.0271454
0.0136178
0.0581626
0.0105965
0.0327808
0.00260946
0.034107
0.0105965
0.0546501
0.0393164
0.0556687
0.00304419
0.179848
0.034107
0.00145744
0.0546501
0.0149789
0.0181347
0.0149789
0.0468898
0.000189876
0.0010216
0.0134968
0.00556663
0.00891618
0.078196
0.0874441
0.0021294
0.00900366
0.0213511
0.0196122
0.0695711
0.00449248
-0.000366822
0.0695711
0.0327808
0.0124791
-0.000499807
0.0035919
0.119891
0.0656678
0.00803852
0.000814844
-0.000209472
0.112822
0.179848
0.170871
0.0696696
-0.000771664
0.0196122
0.13903
0.179848
0.0738444
0.118904
0.00220003
-0.000771664
-0.000366822
0.243949
0.0874441
0.0149789
0.0512921
0.112822
0.0738444
-0.000509131
0.019453
0.0272161
0.108249
0.0734937
0.189273
0.0123435
0.0480835
0.19917
0.101512
-0.000357715
0.0124791
-0.000609327
-0.000509131
0.00112383
0.0420937
0.0420937
0.0238341
0.113962
0.092349
0.00891618
0.0738444
0.0123435
0.0105965
0.0658361
0.0035919
0.0213511
0.0251496
0.0696696
0.0251496
0.0149789
0.000269723
0.0512921
0.0468898
0.112822
-2.5145e-05
0.000714642
0.0231955
0.0512921
0.0316931
0.139029
0.00257131
-0.000175978
0.16232
0.0100403
0.0417174
0.00803852
0.00630777
0.00553688
0.146418
0.078196
-2.5145e-05
0.00305707
-0.000209472
0.10703
0.00676894
-0.000771664
0.0962561
0.0480835
0.0145673
0.0696696
0.00743636
0.0512921
0.00135823
0.00815157
0.0734937
0.078196
0.0348535
-0.000209472
0.0581626
0.0196122
0.299901
0.102746
0.131992
0.0048282
0.00135823
0.0213511
0.0251496
0.000714642
0.0450191
0.13903
0.19019
0.000530169
0.13903
0.00304419
0.0196122
0.00553688
0.00112383
0.0581626
0.0231955
0.0468898
0.036642
0.036642
0.00900366
0.101512
3.39058e-05
0.0912496
0.119891
0.0048282
0.00181607
0.0695711
0.0168825
0.00714103
0.131992
0.0181347
0.0622797
-0.000771664
0.0819387
0.0450191
0.139029
0.0525979
0.146418
0.000530169
0.0124791
0.0496738
0.220928
0.082728
0.0181347
0.00220003
0.025448
0.00260946
0.19917
0.077613
0.0546501
0.00305707
0.0417174
0.0124791
0.220471
0.0238341
0.102746
0.0111522
0.0251496
-0.000695033
-0.000789929
-0.000628843
0.00418084
0.00220003
0.036642
0.00556663
0.0874441
0.189273
0.0134968
0.146418
0.0231955
0.0962561
0.000436989
0.167612
0.112822
0.125288
0.139029
0.220471
0.036642
0.112822
0.082728
0.0442397
0.0181347
0.0145673
0.00350369
0.118904
-0.000175978
0.00449248
0.034107
0.0512921
0.209561
-0.000357715
0.078196
-0.000755767
0.0450191
0.000530169
0.0874441
0.0048282
-2.5145e-05
0.0156944
0.170871
0.152969
-0.000609327
-0.000795773
0.034107
0.00900366
0.0546501
0.0272161
0.0100403
0.101512
0.019453
0.139029
0.0100403
0.0420937
0.14588
0.209561
-0.000716293
0.019453
0.0035919
-0.000609327
0.260169
0.209561
0.0656678
0.000189876
0.00260946
0.0271454
0.0525979
0.0272161
0.00304419
0.0480835
-2.5145e-05
-0.000789929
0.0213511
0.00614697
3.39058e-05
0.119891
0.108249
0.0149789
0.0123435
0.139029
0.0272161
0.101512
0.00803852
0.0556687
0.182616
0.108249
0.00714103
0.00900366
0.0734937
0.10703
0.0164298
0.112822
0.0393164
0.000714642
0.0293968
0.16232
0.00900366
0.000436989
0.0168825
0.126041
0.0658361
0.112822
0.125288
0.0450191
0.139029
0.0393027
0.0656678
0.13903
-0.000795773
0.0734937
0.154175
0.179848
0.16232
0.102746
0.0048282
0.0145673
0.000814844
0.00305707
0.189273
0.00614697
0.00714103
0.00900366
0.00172644
0.00135823
0.00181607
0.0196122
0.139029
0.000530169
0.0111522
0.0819387
0.0496738
0.0393164
0.0179733
-0.000509131
0.0272161
0.00172644
0.0111522
0.0618338
0.0738444
0.139029
0.000714642
0.00145744
0.036642
0.0115126
0.0327808
0.0348535
0.113962
0.0010216
-0.000366822
0.101512
0.0196122
0.0010216
0.131992
0.0181347
0.0316931
0.00803852
0.0819387
0.146418
0.00553688
0.00220003
0.154175
0.10703
0.118904
0.0156944
0.000814844
0.00181607
0.0251496
-0.000366822
0.00614697
0.0100403
0.00418084
0.0035919
0.19917
0.154175
0.154175
0.0196122
0.0293968
3.39058e-05
0.00418084
-0.000609327
0.00553688
0.179848
0.00398697
0.0196122
0.0348535
0.0696696
0.0179733
-0.000509131
0.0111522
0.00181607
0.0370303
0.0912496
0.179848
-0.000628843
0.00803852
0.0618338
0.139029
0.220471
0.00803852
0.036642
0.16232
0.132419
0.0145673
0.097448
0.0035919
0.00220003
0.0864808
0.0213511
-0.000209472
0.00900366
0.0819387
0.0738444
0.0048282
0.025448
0.0450191
0.0480835
0.000189876
0.0546501
0.0308077
0.112822
0.0238341
0.179848
0.179848
-0.000209472
0.0912496
0.092349
0.0658361
0.146418
0.077613
0.00803852
0.0864808
0.0512921
0.209561
0.209561
0.0695711
0.0738444
0.0149789
0.0618338
0.019453
0.0393027
0.0874441
-0.000771664
0.0271454
0.108249
0.220471
0.0912496
0.0035919
0.307873
0.0145673
0.00220003
0.0164298
0.000530169
-0.000509131
0.0231955
0.036642
0.231924
0.0316931
0.0738444
0.154175
0.019453
0.0179733
0.220471
0.0208403
0.00553688
-0.000695033
-0.000366822
0.00260946
0.000189876
0.13903
0.108249
0.252266
0.078196
0.131992
-0.000209472
0.220936
0.102746
0.00418084
0.0738444
0.0468898
0.0819387
0.154175
-0.000771664
0.0450191
-0.000771664
0.209561
0.179848
0.146418
0.179848
-0.000175978
0.209561
0.00145744
0.000269723
0.019453
0.0618338
0.00181607
0.10703
0.0179733
0.0819387
0.0134968
0.0123435
0.00418084
0.0450191
0.00815157
0.0393164
0.00305707
0.082728
0.0581626
0.034107
0.00172644
0.0581626
0.0658361
0.0556687
0.0695711
0.097448
0.154175
0.0111522
0.0874441
-0.000499807
0.000530169
0.260169
0.113962
0.0208403
0.0100403
0.00743636
0.0450191
0.078196
0.0348535
0.0035919
0.0581626
0.0021294
0.0149789
0.102746
0.0251496
0.00418084
-0.000695033
0.0213511
0.0035919
0.00398697
0.0213511
0.0581626
0.000814844
0.209561
0.00257131
0.0149789
0.0308077
0.170871
0.034107
0.118904
0.0962561
0.000814844
0.00556663
-0.000795773
-0.000716293
0.00418084
-0.000366822
0.0962561
0.036642
0.092349
0.0546501
-0.000609327
0.0556687
0.078196
0.000814844
0.036642
-0.000209472
-0.000499807
0.0819387
0.0181347
0.034107
0.220936
0.0738444
0.078196
0.0293968
0.16232
0.0819387
0.0695711
0.0581626
0.0010216
0.119891
0.00714103
0.0819387
-0.000609327
0.16232
0.036642
0.0864808
0.00350369
0.102746
0.160223
0.00803852
0.00900366
0.0156944
0.0622797
0.0048282
0.0393027
0.00815157
0.025448
0.077613
0.0035919
0.231924
0.0231955
0.00973107
0.0393027
0.139029
0.154175
-2.5145e-05
-0.000357715
0.00220003
0.0581626
0.167627
0.00350369
0.0656678
0.209561
0.0021294
0.16232
-0.000695033
0.000814844
0.113962
0.0010216
0.078196
0.0293968
0.000269723
0.0496738
0.00714103
0.118904
0.0734937
0.0546501
0.00614697
0.00714103
-0.000366822
0.0035919
0.13903
0.118904
0.0656678
-2.5145e-05
0.0231955
0.0316931
0.146418
0.179848
0.0656678
0.00900366
0.00112383
0.139029
0.00714103
0.16232
0.000436989
0.00676894
0.0656678
0.00614697
0.0696696
0.00449248
0.00112383
0.0231955
0.0010216
0.160223
0.00257131
0.00803852
0.082728
0.0124791
0.00614697
0.19019
0.0588934
3.39058e-05
0.0327808
-2.5145e-05
0.0123435
0.0179733
0.220471
0.0271454
0.0316931
0.231924
0.16232
-0.000716293
0.0111522
-0.000628843
0.209561
0.0134968
0.189273
0.034107
0.119891
0.0695711
0.00553688
0.101512
0.220471
0.0417174
-2.5145e-05
0.0864808
0.0819387
0.0238341
0.0556687
0.0393027
0.0123435
0.0168825
0.16232
0.00305707
0.209561
0.16232
0.0450191
0.154175
0.00714103
0.00714103
0.0010216
0.132419
0.108249
0.0010216
0.00676894
0.00973107
0.0874441
0.0164298
0.101512
-0.000628843
0.113962
0.0164298
0.154175
0.034107
0.00181607
0.078196
0.0149789
0.189273
0.00556663
0.0123435
0.0021294
0.189273
0.00556663
0.0289305
0.0164298
0.00172644
0.125288
0.00630777
0.0272161
0.101512
0.0100403
0.0468898
0.0912496
0.00553688
0.189273
-0.000499807
0.0738444
0.00398697
0.00676894
0.0213511
0.00501841
0.0134968
0.077613
0.101512
0.0021294
0.0393164
0.0115126
0.00614697
-0.000755767
0.0010216
0.209561
0.131992
0.118904
-0.000609327
0.00398697
0.00553688
0.0734937
0.0010216
0.036642
0.00900366
0.0048282
-0.000695033
0.0656678
0.034107
0.0271454
0.0105965
0.00135823
0.0123435
0.0819387
0.0115126
0.0124791
0.19917
0.00449248
0.0149789
0.189273
-0.000695033
0.0696696
0.0546501
0.0111522
0.000269723
0.036642
0.220471
0.268091
0.0100403
0.0450191
0.0316931
0.0393027
0.00803852
0.082728
0.0010216
0.268089
0.0417174
0.00350369
0.00815157
0.0272161
0.00260946
-0.000509131
0.036642
0.0738444
0.00418084
0.170871
0.00614697
0.077613
0.0271454
0.0656678
0.131992
0.0208403
-0.000366822
0.0035919
0.00257131
0.00714103
0.0124791
-0.000366822
0.0293968
0.000814844
0.118904
0.0738444
0.0179733
0.0293968
0.00398697
0.18261
0.0196122
0.0450191
0.00257131
0.0149789
0.0480835
0.0105965
0.0546501
0.00973107
-0.000609327
0.0912496
-0.000716293
0.0308077
0.0912496
0.0168825
0.13903
0.0370303
0.0316931
0.00553688
0.0450191
0.078196
0.268091
0.170871
0.000436989
0.0308077
0.034107
0.0145673
-0.000357715
-0.000209472
0.126041
0.19917
0.146418
0.00714103
0.0525979
0.0293968
0.000189876
-0.000628843
-0.000771664
0.00803852
0.00418084
0.299901
0.0181347
0.132419
0.0179733
0.0450191
0.0512921
0.0512921
0.0370303
0.0272161
0.0231955
0.00145744
0.0293968
0.0864808
0.16232
-0.000357715
0.00304419
0.112822
0.220471
0.0658361
0.0450191
0.0021294
0.189273
0.0272161
0.0111522
0.0179733
0.146418
0.154175
0.231924
0.082728
0.00304419
0.000436989
0.16232
0.00260946
0.125288
0.0156944
0.102746
0.0658361
-0.000175978
0.000530169
-0.000771664
0.034107
-0.000609327
0.0656678
-0.000209472
0.00181607
0.0417174
0.154175
0.0156944
0.00449248
0.197801
0.189273
0.0393164
0.0348535
0.0123435
0.0658361
0.0327808
0.0450191
0.0196122
0.0238341
0.0618338
0.0271454
0.231924
0.0196122
0.0196122
0.220471
0.0496738
0.0179733
0.101512
0.00614697
0.00556663
0.00181607
0.0179733
0.0289305
0.252266
0.118904
0.0819387
0.0393027
0.034107
0.000189876
0.0213511
0.00803852
0.0251496
0.19917
0.0111522
0.0196122
0.0134968
0.0111522
0.0696696
0.126041
0.113962
0.0658361
0.00676894
0.0231955
0.0417174
0.220471
0.00304419
0.00220003
0.179848
0.0618338
-2.5145e-05
0.0021294
-0.000366822
0.00305707
0.363683
0.0496738
0.00501841
0.0581626
0.0370303
0.0196122
0.0272161
0.0442397
0.0100403
0.00973107
0.0048282
0.00803852
0.0618338
0.0658361
0.00260946
0.0308077
0.00260946
0.0696696
0.0618338
0.0420937
0.132419
0.0124791
0.00900366
0.0208403
0.0695711
0.0308077
0.0581626
0.00305707
0.108249
-2.5145e-05
0.0272161
-0.000609327
0.078196
0.16232
0.244386
0.00172644
0.231924
0.00181607
0.0696696
0.131992
0.0450191
0.170871
0.0442397
0.0393027
0.078196
0.000714642
0.0222995
0.0912496
0.034107
0.00900366
0.00743636
0.0546501
0.0168825
0.0021294
0.0450191
0.152962
0.00304419
0.21319
0.0124791
0.118904
0.179848
0.101512
0.0618338
0.0289305
0.00260946
0.0738444
0.0168825
0.0480835
-0.000509131
0.077613
0.0512921
0.082728
0.139029
0.00891618
0.0556687
0.082728
0.0588934
0.0149789
0.082728
0.0327808
-0.000795773
0.077613
0.0393164
0.0048282
0.0021294
0.034107
0.092349
-0.000795773
0.036642
0.0168825
