-4.98344
-4.98343
-4.98336
-4.98345
-4.98345
-4.9817
-4.9834
-4.98338
-4.98345
-4.98337
-4.98335
-4.98176
-4.98341
-4.98342
-4.98336
-4.9834
-4.9834
-4.98344
-4.98336
-4.98345
-4.98344
-4.98339
-4.98336
-4.98171
-4.98337
-4.9834
-4.98339
-4.9834
-4.98168
-4.98343
-4.98342
-4.98338
-4.98342
-4.98338
-4.98175
-4.98335
-4.98341
-4.98172
-4.98343
-4.98339
-4.9834
-4.98336
-4.98172
-4.98343
-4.98344
-4.98172
-4.98174
-4.98336
-4.98337
-4.98339
-4.9817
-4.98342
-4.98172
-4.98338
-4.98338
-4.9834
-4.9834
-4.98167
-4.98175
-4.98341
-4.98341
-4.98343
-4.98339
-4.98338
-4.98338
-4.98337
-4.98339
-4.98173
-4.98342
-4.98337
-4.98176
-4.98337
-4.98343
-4.98342
-4.98339
-4.98337
-4.98339
-4.98344
-4.98339
-4.98175
-4.98339
-4.9834
-4.98341
-4.98341
-4.98344
-4.98338
-4.98167
-4.9834
-4.98339
-4.98342
-4.98345
-4.98167
-4.98337
-4.98345
-4.98341
-4.98338
-4.98345
-4.98336
-4.98345
-4.9834
-4.98339
-4.98342
-4.98342
-4.98337
-4.98343
-4.9834
-4.98344
-4.98339
-4.98335
-4.98345
-4.98338
-4.98344
-4.98339
-4.98167
-4.98342
-4.98336
-4.9834
-4.98343
-4.98343
-4.98338
-4.98335
-4.98337
-4.98337
-4.98338
-4.98343
-4.98341
-4.98343
-4.9817
-4.98339
-4.98338
-4.9834
-4.98335
-4.98338
-4.98336
-4.98344
-4.98344
-4.98342
-4.98337
-4.98336
-4.9834
-4.98341
-4.98343
-4.98336
-4.98341
-4.98337
-4.98338
-4.98175
-4.98339
-4.9834
-4.98342
-4.98345
-4.9834
-4.98344
-4.98342
-4.98343
-4.98335
-4.98345
-4.98342
-4.98173
-4.98336
-4.9817
-4.98337
-4.98336
-4.98342
-4.98176
-4.98338
-4.98343
-4.98344
-4.98339
-4.98337
-4.98336
-4.98337
-4.9834
-4.98339
-4.98338
-4.98338
-4.98341
-4.98345
-4.98345
-4.98339
-4.98337
-4.98338
-4.98338
-4.98342
-4.98343
-4.98336
-4.98174
-4.9817
-4.98168
-4.98344
-4.98344
-4.98342
-4.98342
-4.98175
-4.9834
-4.98343
-4.98341
-4.98339
-4.98168
-4.98343
-4.9834
-4.98339
-4.98336
-4.98336
-4.98338
-4.98336
-4.98341
-4.98337
-4.98336
-4.98341
-4.98344
-4.98174
-4.98338
-4.98337
-4.9834
-4.98336
-4.98344
-4.98335
-4.98343
-4.98339
-4.98339
-4.98335
-4.98337
-4.9834
-4.98337
-4.98342
-4.98338
-4.98171
-4.9834
-4.98337
-4.9834
-4.98338
-4.98342
-4.98338
-4.98341
-4.98339
-4.98342
-4.98339
-4.98336
-4.98171
-4.98344
-4.98338
-4.98343
-4.98338
-4.98338
-4.9834
-4.98341
-4.98344
-4.98342
-4.98336
-4.98339
-4.98343
-4.98339
-4.98336
-4.98338
-4.98176
-4.98338
-4.98342
-4.98336
-4.98338
-4.98341
-4.98342
-4.98172
-4.98343
-4.98335
-4.98344
-4.9834
-4.98338
-4.98337
-4.9817
-4.98344
-4.98338
-4.98343
-4.9817
-4.98342
-4.98337
-4.98343
-4.98338
-4.98337
-4.98336
-4.98337
-4.98173
-4.98339
-4.98343
-4.98345
-4.98338
-4.98173
-4.98341
-4.98175
-4.98341
-4.98337
-4.98341
-4.98336
-4.98337
-4.98342
-4.98344
-4.98338
-4.98343
-4.98336
-4.98336
-4.98344
-4.98339
-4.98337
-4.98335
-4.98343
-4.98343
-4.98336
-4.98336
-4.98339
-4.98345
-4.98339
-4.98344
-4.98336
-4.98174
-4.98335
-4.98341
-4.9834
-4.9834
-4.98336
-4.98338
-4.98345
-4.98342
-4.98338
-4.98345
-4.9834
-4.98344
-4.98344
-4.98167
-4.98342
-4.9834
-4.9834
-4.98337
-4.9834
-4.9817
-4.98342
-4.98341
-4.98339
-4.98345
-4.98343
-4.98338
-4.98344
-4.98342
-4.9834
-4.98344
-4.98344
-4.98167
-4.98171
-4.9817
-4.98343
-4.98339
-4.98336
-4.98341
-4.98337
-4.98338
-4.98336
-4.98343
-4.9834
-4.98344
-4.9817
-4.98343
-4.98344
-4.98343
-4.98336
-4.98172
-4.9834
-4.98343
-4.98335
-4.98336
-4.98337
-4.9834
-4.98337
-4.98337
-4.98343
-4.98343
-4.98175
-4.98342
-4.98342
-4.98345
-4.9834
-4.98338
-4.98176
-4.98343
-4.98335
-4.98342
-4.98171
-4.98171
-4.98169
-4.98341
-4.98337
-4.98176
-4.98336
-4.98335
-4.98343
-4.98345
-4.98343
-4.9834
-4.98169
-4.98335
-4.98338
-4.98343
-4.98336
-4.98336
-4.98342
-4.98342
-4.98338
-4.9834
-4.98337
-4.98338
-4.98342
-4.98167
-4.98335
-4.98337
-4.98344
-4.98341
-4.98339
-4.98345
-4.98339
-4.98343
-4.98343
-4.98344
-4.9834
-4.98173
-4.98172
-4.98339
-4.9834
-4.98343
-4.98343
-4.98337
-4.9834
-4.98341
-4.98336
-4.98341
-4.98345
-4.98335
-4.98337
-4.98335
-4.98344
-4.98343
-4.98175
-4.98344
-4.98171
-4.98171
-4.98337
-4.98339
-4.98341
-4.98337
-4.9834
-4.9834
-4.98339
-4.98338
-4.98345
-4.98343
-4.98338
-4.98336
-4.98338
-4.9834
-4.98335
-4.98341
-4.9834
-4.98338
-4.98343
-4.98176
-4.98167
-4.98341
-4.98174
-4.98167
-4.98338
-4.98341
-4.98343
-4.98335
-4.98338
-4.98171
-4.98345
-4.98338
-4.98338
-4.98339
-4.98343
-4.98335
-4.98174
-4.98343
-4.98337
-4.9834
-4.98341
-4.98341
-4.98339
-4.98344
-4.9834
-4.98336
-4.9817
-4.98343
-4.98338
-4.98343
-4.98336
-4.9834
-4.98343
-4.98175
-4.98339
-4.98343
-4.98343
-4.98341
-4.98344
-4.98174
-4.98338
-4.98339
-4.9834
-4.98345
-4.98339
-4.98338
-4.9834
-4.98338
-4.98345
-4.98341
-4.98345
-4.98336
-4.98342
-4.98341
-4.98339
-4.98338
-4.98344
-4.9834
-4.9834
-4.98338
-4.98341
-4.98342
-4.9834
-4.98343
-4.98342
-4.98339
-4.98344
-4.98336
-4.98342
-4.98337
-4.98345
-4.98342
-4.98337
-4.98344
-4.98176
-4.9817
-4.98341
-4.98339
-4.98339
-4.98343
-4.98338
-4.98343
-4.98343
-4.98173
-4.9817
-4.98337
-4.98343
-4.98345
-4.98167
-4.98336
-4.98343
-4.9834
-4.98336
-4.98341
-4.98345
-4.98339
-4.98342
-4.9817
-4.98337
-4.98342
-4.98343
-4.9834
-4.98335
-4.98343
-4.98336
-4.98343
-4.98337
-4.98344
-4.98338
-4.9834
-4.98342
-4.98335
-4.9834
-4.98338
-4.98335
-4.98344
-4.98341
-4.98344
-4.98338
-4.98171
-4.98344
-4.98174
-4.98344
-4.98338
-4.98336
-4.9834
-4.98344
-4.98344
-4.98342
-4.98343
-4.98339
-4.98173
-4.98336
-4.98337
-4.98337
-4.98338
-4.98343
-4.98338
-4.98344
-4.98345
-4.98342
-4.9834
-4.98344
-4.98337
-4.98343
-4.98338
-4.98344
-4.98336
-4.98343
-4.98337
-4.98343
-4.98336
-4.98167
-4.98342
-4.98175
-4.9817
-4.98337
-4.98344
-4.98341
-4.98169
-4.98341
-4.98339
-4.98337
-4.98344
-4.98342
-4.98338
-4.98344
-4.98335
-4.98345
-4.98341
-4.98337
-4.98337
-4.98341
-4.98336
-4.98175
-4.9834
-4.98174
-4.98176
-4.9834
-4.98173
-4.98338
-4.9834
-4.9834
-4.98344
-4.98339
-4.98339
-4.98338
-4.98169
-4.98344
-4.98343
-4.98339
-4.98338
-4.98345
-4.98177
-4.98339
-4.98337
-4.98342
-4.98339
-4.98341
-4.98335
-4.98344
-4.98344
-4.98338
-4.98335
-4.98343
-4.98339
-4.98341
-4.98171
-4.98167
-4.98167
-4.98336
-4.98345
-4.98171
-4.98168
-4.98336
-4.98344
-4.98336
-4.9834
-4.9834
-4.98339
-4.98337
-4.98345
-4.9834
-4.98176
-4.98338
-4.98343
-4.98344
-4.98343
-4.98176
-4.9834
-4.98342
-4.98172
-4.98341
-4.98175
-4.98167
-4.98345
-4.98342
-4.98345
-4.98339
-4.98339
-4.9834
-4.98344
-4.98335
-4.98175
-4.98339
-4.98343
-4.98344
-4.98338
-4.98336
-4.98343
-4.98338
-4.98344
-4.98336
-4.98174
-4.98342
-4.98336
-4.98337
-4.98336
-4.98336
-4.98336
-4.9834
-4.98343
-4.98335
-4.98338
-4.98341
-4.98341
-4.98341
-4.98339
-4.98341
-4.98341
-4.9834
-4.98171
-4.98341
-4.98343
-4.98343
-4.98338
-4.98337
-4.98338
-4.98337
-4.98343
-4.98337
-4.98343
-4.98338
-4.98336
-4.98336
-4.9834
-4.98339
-4.98338
-4.98345
-4.98335
-4.98341
-4.98342
-4.98339
-4.98343
-4.98339
-4.98341
-4.98338
-4.98337
-4.98338
-4.98335
-4.98345
-4.98342
-4.98342
-4.98337
-4.98345
-4.98341
-4.98339
-4.9834
-4.98336
-4.98336
-4.98176
-4.98176
-4.98169
-4.98335
-4.98343
-4.98344
-4.98336
-4.98341
-4.98338
-4.98339
-4.98338
-4.98336
-4.9834
-4.9834
-4.98172
-4.98337
-4.98176
-4.98338
-4.98344
-4.98341
-4.98176
-4.98341
-4.98343
-4.98341
-4.98344
-4.98343
-4.98337
-4.98339
-4.98341
-4.98336
-4.98335
-4.98168
-4.98168
-4.98345
-4.98339
-4.98342
-4.98344
-4.98174
-4.98339
-4.98337
-4.98341
-4.9834
-4.98338
-4.98338
-4.98337
-4.98338
-4.98343
-4.98345
-4.98344
-4.9834
-4.98345
-4.98339
-4.98341
-4.9834
-4.98344
-4.98339
-4.98344
-4.98336
-4.98337
-4.98343
-4.9817
-4.98336
-4.98343
-4.98344
-4.98337
-4.98345
-4.98339
-4.98342
-4.9817
-4.98337
-4.98335
-4.98335
-4.98336
-4.9834
-4.98337
-4.9834
-4.98338
-4.98337
-4.98336
-4.98342
-4.98344
-4.98174
-4.98337
-4.98171
-4.98335
-4.98168
-4.98339
-4.98339
-4.9834
-4.98344
-4.98338
-4.9834
-4.98336
-4.98345
-4.98344
-4.9834
-4.9834
-4.98175
-4.98341
-4.98343
-4.98341
-4.98341
-4.98173
-4.9834
-4.98344
-4.98342
-4.98168
-4.98343
-4.98337
-4.98338
-4.98171
-4.98338
-4.98343
-4.98341
-4.98341
-4.98336
-4.98175
-4.98173
-4.98338
-4.98336
-4.98336
-4.98336
-4.98342
-4.98342
-4.98336
-4.9834
-4.9834
-4.98337
-4.98339
-4.98344
-4.98337
-4.98174
-4.98337
-4.98336
-4.98342
-4.98343
-4.9817
-4.98339
-4.98341
-4.98335
-4.98168
-4.98336
-4.98345
-4.98345
-4.9817
-4.98174
-4.98344
-4.98335
-4.98338
-4.98336
-4.98343
-4.9834
-4.98344
-4.98345
-4.98343
-4.9834
-4.9834
-4.98168
-4.98173
-4.98171
-4.98337
-4.98336
-4.98167
-4.98343
-4.98341
-4.98342
-4.98168
-4.98339
-4.98344
-4.98169
-4.98338
-4.98342
-4.9834
-4.98341
-4.98337
-4.98342
-4.98344
-4.98337
-4.98341
-4.98336
-4.98344
-4.98343
-4.98344
-4.98336
-4.98344
-4.98336
-4.98341
-4.98345
-4.98344
-4.98337
-4.98339
-4.98345
-4.98167
-4.9834
-4.98345
-4.98343
-4.98345
-4.98341
-4.98175
-4.9834
-4.98342
-4.98337
-4.98173
-4.98343
-4.98342
-4.9834
-4.98337
-4.98339
-4.98173
-4.98342
-4.98335
-4.98337
-4.98338
-4.98335
-4.98171
-4.98339
-4.98337
-4.9834
-4.98174
-4.98343
-4.98335
-4.98335
-4.98174
-4.98344
-4.98337
-4.98335
-4.9817
-4.98342
-0.000657619
0.0158988
0.000124729
0.000589435
0.173581
0.101074
0.0122171
0.0324053
0.0128513
0.00608441
0.0303131
0.0733121
-0.000790044
0.0947778
0.179173
0.0150738
0.153366
0.00382073
-0.000732577
0.0343691
0.0174666
0.0243387
0.018506
0.0571446
0.00126347
0.0860089
0.205283
0.0291808
0.0557164
0.121997
0.00133229
0.0459944
0.0119621
0.00346463
0.0569964
0.108619
0.0027311
0.133984
0.00904985
0.0432022
0.0684779
0.113231
0.0737744
0.00608219
-0.000549408
0.102059
0.0864712
-0.000321164
-0.000702102
0.0499112
0.124182
-5.60765e-05
0.0695028
0.0224029
0.220717
0.175072
0.0164105
0.0759015
0.242877
-4.84737e-05
0.0442644
0.104499
0.243848
0.00111717
0.053741
0.160838
0.0617551
0.116189
0.0258227
0.0265323
0.202613
0.00252271
0.101377
0.144523
0.0409123
0.00957363
0.0151362
0.000410362
0.0200053
0.0625881
0.0158523
0.00465848
0.00543512
0.00345375
0.0387244
0.024952
0.109092
0.0132578
0.106925
0.00026364
0.0107579
0.154449
-0.000576017
0.0207272
0.0299481
0.0304894
0.162363
0.0288077
0.000105429
0.0603055
0.02117
0.00522207
0.142843
0.183917
0.021333
0.000149902
0.0528021
0.0121963
0.242812
-0.000678311
0.000907357
0.0787809
0.125441
0.0543278
0.000723334
0.0320269
0.0138591
0.00151572
0.000317928
0.0536705
0.161993
0.0405923
0.0293903
0.202015
0.0120397
0.0494967
0.099854
0.117909
0.222071
0.185364
0.174912
0.0126745
0.0911553
0.0382357
0.0996059
0.00564663
0.00367102
0.019432
0.00653293
0.045703
0.0237655
0.000469168
0.0215921
-0.000660836
0.240687
0.0798568
0.114686
0.00888288
0.05311
0.00935049
0.0335945
0.057371
0.0206827
0.00445721
-0.000780427
0.204126
0.00498368
0.000921561
0.146042
0.108441
0.102247
0.00335715
0.103141
0.148624
0.0612733
0.0191897
0.00917527
0.0566469
0.212474
0.164581
0.000391687
0.00598556
0.0986178
0.00065815
0.00162653
0.00324441
-0.000418497
0.000233887
0.140123
0.00696356
-0.000721152
-0.000718708
0.0286733
0.000613025
0.00555559
0.0487062
0.0810228
0.105393
0.121674
0.0199128
0.145944
0.031322
0.00337477
0.166399
0.0438175
0.107785
0.000735215
0.179545
0.0819877
0.207089
0.0284486
0.0458297
0.00394611
0.0779061
0.168397
0.154094
0.0152437
0.0341507
-0.000722911
0.0173552
-0.000792509
0.171304
0.00648599
0.167845
-0.000483206
0.110096
0.00175082
0.0719773
0.0035791
0.00570222
0.108137
0.00215499
0.00494039
0.0112186
0.00718029
0.11106
0.0161907
0.0941089
0.033964
0.00969854
0.102785
0.0409465
0.014682
0.0505408
0.167553
0.000827243
0.00720736
-0.000713985
0.188391
0.0643083
0.0526991
0.220923
0.000274321
0.0539705
0.010761
0.0139894
0.028658
0.0537345
0.000891314
0.0441994
0.0422184
0.0535974
0.0147744
0.133502
-0.000544151
0.060557
0.179706
0.0874008
0.00524483
0.00307
0.0685341
0.0436158
0.134554
0.0375124
0.00338984
-0.000430528
0.131306
0.00356386
0.127379
0.0581507
0.00669654
0.00402364
0.0928353
0.0741929
0.0194075
0.0265095
0.168098
0.0962084
0.000221189
0.0330232
0.0615196
0.0995965
0.00739814
0.039854
0.134319
0.00400942
0.0900316
0.0520967
0.110796
0.00326796
0.0474954
0.00857714
0.0283865
0.00706982
0.12544
0.125359
-0.00064316
0.0167188
0.129912
0.179451
0.0531236
0.185329
0.206486
0.0146872
0.00480664
-0.000347226
-9.06094e-05
0.0067836
0.0109384
0.0654925
0.129503
0.00125863
0.00646165
0.0890057
0.0417262
0.0184006
0.00224782
5.46834e-05
0.117018
0.00167307
0.075712
0.0017174
0.00948814
0.00907296
0.0151931
0.00354256
0.0332149
0.350977
0.0713516
0.0695794
0.00663062
0.109738
0.00324786
0.0567597
0.0282795
0.00206163
0.00727543
0.00962076
0.000750546
0.00604215
0.00108829
0.002663
0.179454
0.00167589
0.180241
0.0619007
0.0572734
0.162717
0.0260796
0.177092
0.0265074
0.0716047
0.014944
0.0933048
0.239891
0.0142986
-0.000761591
-0.000241589
0.0723196
0.224222
0.002457
0.208525
0.00155503
0.105983
0.0303122
0.00421965
0.019972
0.0404954
0.0210091
0.152702
0.0180663
0.0110662
-0.000547717
0.00168863
0.215196
0.00771114
0.010548
0.163795
0.0393215
0.24278
0.125668
0.132825
0.0574592
0.0443082
0.0592449
0.0824287
0.336199
0.0285531
0.0106095
0.0639646
0.0232901
0.0517987
0.0331332
0.00479117
0.00550165
0.0360836
0.0727495
-0.000478831
0.0176743
0.0262651
0.0024239
0.00160245
0.0482669
-0.000502388
0.0480809
0.0287255
0.00185364
0.0132314
0.0199426
0.0825986
0.00162399
0.00600153
0.168233
0.00315735
0.0192963
0.00349513
0.0320156
0.0447628
0.0114398
0.0043866
0.0600265
0.077052
0.1972
0.112312
0.160091
0.00489486
0.0430271
0.0402989
-2.65293e-05
0.00147171
0.0030124
0.0441765
0.122255
0.0658722
0.0185791
0.0118234
0.01635
0.0966941
0.0673736
0.0421821
0.0657797
0.223166
0.0171208
0.00264771
-0.000789937
0.0220712
0.000453388
0.0127889
0.0141688
0.027477
0.180364
0.0388529
-0.000795469
0.0403446
-0.000794977
0.0533707
0.108209
0.0344681
0.00991202
0.0305211
0.0389118
0.055403
0.114583
0.0511592
0.0630638
0.0661886
0.00113431
0.00653677
0.0494642
0.00117317
0.00128077
0.227178
0.12219
0.0477077
0.110242
0.167659
0.0257753
0.0274502
0.0547162
0.0311144
0.00827857
0.0243072
0.144043
0.0445959
0.00137798
0.190439
0.0106314
0.0279069
0.0667622
0.000634216
0.0485492
0.0490641
0.199752
0.00756609
0.0173649
0.0853016
0.0513612
0.00412509
0.0181559
0.203386
0.0344659
0.14694
0.103882
0.0175504
0.0983186
0.0439224
0.00357602
-0.000175818
0.00439406
0.00929838
0.0313117
0.0977519
0.0908713
0.0483605
0.0533608
0.180526
0.0647643
0.00585269
0.0462313
0.0258313
0.0206989
0.0204621
0.0816081
0.0195117
0.0853391
0.000480514
0.0152319
0.0486326
0.115741
0.21683
0.146502
0.0415864
0.00875949
0.0146812
0.0267144
0.0158063
0.0728786
0.0702474
0.0434086
0.176932
0.0121719
0.100535
0.169169
0.0471262
0.0094463
0.187691
0.0998674
0.0118478
0.0371577
-0.000752211
0.0736823
0.0762834
0.0476946
0.0825498
0.0275673
0.0182815
0.0437583
0.00825409
0.0146463
0.103817
0.0181629
0.180392
-5.58635e-06
0.00710313
0.0107838
0.0909136
0.00258815
0.0427124
0.00319375
0.138576
0.0130496
0.0878762
-0.000549253
0.0890802
0.00546838
0.00917599
0.14622
0.0407633
0.114868
0.129263
0.00391798
0.298263
0.00474288
0.200396
0.0106132
0.00825417
0.0910092
0.149061
0.129679
0.000881895
0.00311536
0.103907
0.148138
0.0916057
0.0430031
0.00455358
1.33553e-05
0.00389733
0.00235939
0.0340369
0.187709
0.0406854
0.0557131
0.020638
0.109739
0.0173622
0.0973683
0.16032
0.0492313
0.00564316
0.0176696
0.227684
0.0817044
0.1848
0.0736828
0.0880222
0.216855
0.107542
-0.00016664
0.010139
0.0243303
0.0649465
0.0124001
-0.000795503
0.0341479
0.00283965
0.113505
0.0300602
0.0179191
0.00409598
-0.000756817
0.0619667
0.080879
-0.000763103
0.0134176
-0.000177361
0.110826
-0.000669675
0.0833489
0.0825851
0.0185543
0.132962
0.00426048
0.00522325
0.194084
0.00396676
0.0471418
0.0937198
0.0145292
0.101941
0.00641933
0.033729
-0.000764971
0.0462717
0.170342
0.160786
0.0161611
0.0530547
0.0690994
0.00455605
0.0617041
0.00782425
0.0572881
0.0164891
0.0360747
0.07296
0.178539
0.00812222
0.109907
0.0636677
0.0625167
0.11919
0.00578502
0.0130209
0.10078
0.0912326
0.117607
0.0088632
0.00694548
0.00583317
0.0216247
0.0796212
0.00161017
0.0327281
0.0380687
0.0617619
0.0119136
0.0458656
0.074309
0.067923
0.192479
0.00617933
-0.000470466
0.103004
0.0312658
0.0650803
0.0926235
0.0905162
0.00132511
0.206643
0.106418
0.00402582
0.0252305
0.140022
0.120847
0.077334
0.19958
0.0942048
-0.000742306
0.113735
0.0513483
0.0582008
0.0542113
0.234513
0.0179346
0.115812
0.0712805
0.00689937
0.220091
0.010659
0.150575
9.32499e-05
0.237603
0.00195075
0.0177543
0.0309299
0.049127
0.144055
-0.000691029
0.0313802
0.00284329
0.00611277
0.0508176
0.182136
0.0144945
0.0374654
0.110605
-0.000701728
0.210586
0.138122
-0.000212856
0.00523381
0.00602423
-0.000701967
0.00168696
0.0885835
0.00229657
0.000716959
0.100975
0.00183979
0.180856
0.0455229
0.0485715
0.0116167
0.00551267
0.191988
0.00294585
0.00955115
0.0428686
0.0111297
0.011382
0.00501788
0.00195009
-0.00053048
0.235236
0.000488179
-0.000496985
0.0149833
0.00180355
0.0220064
0.0115785
0.137817
0.0667774
0.0869153
0.0583989
0.00906162
0.0016667
0.0715144
-0.00058774
0.0308012
-0.000176968
0.0234008
0.0381545
0.0395639
-0.000353555
0.223194
0.106212
-0.000597639
0.113662
-0.000228714
0.00582825
0.0892034
0.125044
0.00695139
-0.00053359
0.0324345
0.0180773
0.0870588
0.0426436
0.0336912
0.186076
0.0092176
0.0078512
0.133986
0.0656776
0.00785037
0.0282758
-0.000737762
-0.000643268
0.1488
0.0230028
0.0255619
0.0462424
0.00456318
0.030814
0.00065673
0.135207
0.0245044
0.0132934
-0.000766563
0.00199357
0.0116951
0.00234434
0.000499702
0.146384
0.00304294
0.00421605
0.0749415
0.00501649
0.0468418
0.112543
0.017283
0.155583
0.0320558
0.00117626
-3.97861e-05
0.035567
0.0470959
0.165891
0.00385406
0.090794
-0.000208657
0.0367589
0.0019825
0.00149719
0.0259432
0.00809908
0.0167892
0.00554246
0.0646577
0.0186508
-0.000728704
0.0483761
0.067123
0.0491823
0.093787
0.0467498
0.0875582
0.0517953
0.0368902
0.0091031
0.00149886
0.00709747
0.00872416
0.000318882
0.0219769
0.0390453
0.063108
0.0433526
0.272896
0.00998009
0.0462589
0.0259658
-0.000109966
0.054068
0.00373706
0.137401
0.00222065
0.0818324
0.0458227
0.000333184
0.0584372
0.0657207
-0.000338683
0.0030795
-0.000741222
0.0112804
0.118947
0.122198
0.0955919
0.0019479
0.0757628
0.0545067
0.00151223
0.0412825
0.0577513
0.203368
0.00568589
0.00225027
-0.000326227
0.0223202
0.000841237
0.00183662
0.0726749
0.00593922
-0.00029203
0.0344668
0.00798723
0.297134
0.119218
0.0597354
0.114779
0.0628125
0.0135542
0.0881027
0.0144842
0.25634
0.0632761
-0.000759308
-0.000529364
0.00223337
0.167614
0.0365298
0.04716
-0.000451096
-0.000361261
0.00715342
0.0142335
0.0205625
0.0841317
0.0908238
0.288092
0.0205395
0.0626481
0.118623
0.0118372
0.0242637
-0.000795172
0.118237
0.00466443
0.0168658
0.0623558
0.0289812
0.216359
0.0133887
0.00346697
0.00163899
0.0130652
-0.00079782
0.00703485
0.00538147
0.177699
0.0419554
0.00643369
0.183241
0.0211448
0.0308905
0.00440275
0.000512769
-0.000450273
0.0343167
0.000197698
0.00344206
0.00714738
0.0625058
0.0250188
0.145147
0.157319
0.0810359
0.00996764
0.188775
0.0550481
0.0322983
0.00118161
0.24786
0.00298093
0.00947891
0.0895714
0.0203803
0.112752
0.124346
0.00855297
0.00620748
0.0152934
0.0423484
0.113809
0.116339
0.194064
0.0220609
0.00547912
0.0613075
0.0253814
0.0211211
0.0309713
0.0786002
0.00582757
0.0254128
0.0214765
0.108203
0.143283
