-0.171273
-0.171273
-0.171273
-0.171273
-0.171273
-0.168616
-0.171273
-0.171273
-0.171273
-0.171273
-0.171273
-0.168616
-0.171273
-0.171273
-0.171273
-0.171273
-0.171273
-0.171273
-0.171273
-0.171273
-0.171273
-0.171273
-0.171273
-0.168616
-0.171273
-0.171273
-0.171273
-0.171273
-0.168616
-0.171273
-0.171273
-0.171273
-0.171273
-0.171273
-0.168616
-0.171273
-0.171273
-0.168616
-0.171273
-0.171273
-0.171273
-0.171273
-0.168616
-0.171273
-0.171273
-0.168616
-0.168616
-0.171273
-0.171273
-0.171273
-0.168616
-0.171273
-0.168616
-0.171273
-0.171273
-0.171273
-0.171273
-0.168616
-0.168616
-0.171273
-0.171273
-0.171273
-0.171273
-0.171273
-0.168616
-0.171273
-0.171273
-0.168616
-0.171273
-0.171273
-0.168616
-0.171273
-0.171273
-0.171273
-0.171273
-0.171273
-0.171273
-0.171273
-0.171273
-0.168616
-0.171273
-0.171273
-0.171273
-0.171273
-0.171273
-0.171273
-0.168616
-0.171273
-0.171273
-0.171273
-0.171273
-0.168616
-0.171273
-0.171273
-0.171273
-0.171273
-0.171273
-0.171273
-0.171273
-0.171273
-0.171273
-0.171273
-0.171273
-0.171273
-0.171273
-0.171273
-0.168616
-0.171273
-0.171273
-0.171273
-0.171273
-0.171273
-0.171273
-0.168616
-0.171273
-0.171273
-0.171273
-0.171273
-0.171273
-0.168616
-0.171273
-0.171273
-0.171273
-0.171273
-0.171273
-0.171273
-0.171273
-0.168616
-0.171273
-0.171273
-0.171273
-0.171273
-0.171273
-0.171273
-0.171273
-0.171273
-0.171273
-0.171273
-0.171273
-0.171273
-0.171273
-0.171273
-0.171273
-0.171273
-0.171273
-0.171273
-0.168616
-0.171273
-0.168616
-0.171273
-0.171273
-0.171273
-0.171273
-0.171273
-0.171273
-0.171273
-0.171273
-0.171273
-0.168616
-0.171273
-0.168616
-0.171273
-0.171273
-0.171273
-0.168616
-0.171273
-0.171273
-0.171273
-0.171273
-0.171273
-0.171273
-0.171273
-0.171273
-0.171273
-0.171273
-0.171273
-0.171273
-0.171273
-0.171273
-0.171273
-0.171273
-0.171273
-0.171273
-0.171273
-0.171273
-0.171273
-0.168616
-0.168616
-0.168616
-0.171273
-0.171273
-0.171273
-0.171273
-0.168616
-0.171273
-0.171273
-0.171273
-0.171273
-0.168616
-0.171273
-0.171273
-0.171273
-0.171273
-0.171273
-0.171273
-0.171273
-0.171273
-0.171273
-0.171273
-0.171273
-0.171273
-0.168616
-0.171273
-0.171273
-0.171273
-0.171273
-0.171273
-0.171273
-0.171273
-0.171273
-0.171273
-0.171273
-0.171273
-0.171273
-0.171273
-0.171273
-0.171273
-0.168616
-0.171273
-0.171273
-0.171273
-0.171273
-0.171273
-0.171273
-0.171273
-0.171273
-0.171273
-0.171273
-0.171273
-0.168616
-0.168616
-0.171273
-0.171273
-0.168616
-0.171273
-0.171273
-0.171273
-0.168616
-0.171273
-0.171273
-0.171273
-0.168616
-0.171273
-0.171273
-0.171273
-0.168616
-0.171273
-0.171273
-0.171273
-0.171273
-0.171273
-0.171273
-0.168616
-0.171273
-0.171273
-0.171273
-0.171273
-0.171273
-0.171273
-0.168616
-0.171273
-0.171273
-0.171273
-0.168616
-0.171273
-0.171273
-0.171273
-0.171273
-0.171273
-0.171273
-0.171273
-0.168616
-0.171273
-0.171273
-0.171273
-0.171273
-0.168616
-0.171273
-0.168616
-0.171273
-0.171273
-0.171273
-0.171273
-0.171273
-0.171273
-0.171273
-0.171273
-0.171273
-0.171273
-0.171273
-0.171273
-0.171273
-0.171273
-0.171273
-0.171273
-0.171273
-0.171273
-0.171273
-0.171273
-0.171273
-0.171273
-0.171273
-0.171273
-0.168616
-0.171273
-0.171273
-0.171273
-0.171273
-0.171273
-0.171273
-0.171273
-0.171273
-0.171273
-0.171273
-0.171273
-0.171273
-0.171273
-0.168616
-0.171273
-0.171273
-0.171273
-0.171273
-0.171273
-0.168616
-0.171273
-0.171273
-0.171273
-0.171273
-0.171273
-0.171273
-0.171273
-0.171273
-0.171273
-0.171273
-0.171273
-0.168616
-0.168616
-0.168616
-0.171273
-0.171273
-0.171273
-0.171273
-0.171273
-0.171273
-0.171273
-0.171273
-0.171273
-0.171273
-0.168616
-0.171273
-0.171273
-0.171273
-0.171273
-0.168616
-0.171273
-0.171273
-0.171273
-0.171273
-0.171273
-0.171273
-0.171273
-0.171273
-0.171273
-0.171273
-0.168616
-0.171273
-0.171273
-0.171273
-0.171273
-0.171273
-0.168616
-0.171273
-0.171273
-0.171273
-0.168616
-0.168616
-0.168616
-0.171273
-0.171273
-0.168616
-0.171273
-0.171273
-0.171273
-0.171273
-0.171273
-0.171273
-0.168616
-0.171273
-0.171273
-0.171273
-0.171273
-0.171273
-0.171273
-0.171273
-0.171273
-0.171273
-0.171273
-0.171273
-0.171273
-0.168616
-0.171273
-0.171273
-0.171273
-0.171273
-0.171273
-0.171273
-0.171273
-0.171273
-0.171273
-0.171273
-0.171273
-0.168616
-0.168616
-0.171273
-0.171273
-0.171273
-0.171273
-0.171273
-0.171273
-0.171273
-0.171273
-0.171273
-0.171273
-0.171273
-0.171273
-0.171273
-0.171273
-0.171273
-0.168616
-0.171273
-0.168616
-0.168616
-0.171273
-0.171273
-0.171273
-0.171273
-0.171273
-0.171273
-0.171273
-0.171273
-0.171273
-0.171273
-0.171273
-0.171273
-0.171273
-0.168616
-0.171273
-0.171273
-0.171273
-0.171273
-0.171273
-0.168616
-0.168616
-0.171273
-0.168616
-0.168616
-0.171273
-0.171273
-0.171273
-0.171273
-0.171273
-0.168616
-0.171273
-0.171273
-0.171273
-0.171273
-0.171273
-0.171273
-0.168616
-0.171273
-0.171273
-0.171273
-0.171273
-0.171273
-0.171273
-0.171273
-0.171273
-0.171273
-0.168616
-0.171273
-0.171273
-0.171273
-0.171273
-0.171273
-0.171273
-0.168616
-0.171273
-0.171273
-0.171273
-0.171273
-0.171273
-0.168616
-0.171273
-0.171273
-0.171273
-0.171273
-0.171273
-0.171273
-0.171273
-0.171273
-0.171273
-0.171273
-0.171273
-0.171273
-0.168616
-0.171273
-0.171273
-0.171273
-0.171273
-0.171273
-0.171273
-0.171273
-0.171273
-0.171273
-0.171273
-0.171273
-0.171273
-0.171273
-0.171273
-0.171273
-0.171273
-0.171273
-0.171273
-0.171273
-0.171273
-0.171273
-0.168616
-0.168616
-0.171273
-0.171273
-0.171273
-0.171273
-0.171273
-0.171273
-0.171273
-0.168616
-0.168616
-0.171273
-0.171273
-0.171273
-0.168616
-0.171273
-0.171273
-0.171273
-0.171273
-0.171273
-0.171273
-0.171273
-0.171273
-0.168616
-0.171273
-0.171273
-0.171273
-0.171273
-0.171273
-0.171273
-0.171273
-0.171273
-0.171273
-0.171273
-0.171273
-0.171273
-0.171273
-0.171273
-0.171273
-0.171273
-0.171273
-0.171273
-0.171273
-0.171273
-0.171273
-0.168616
-0.171273
-0.168616
-0.171273
-0.171273
-0.171273
-0.171273
-0.171273
-0.171273
-0.171273
-0.171273
-0.171273
-0.168616
-0.171273
-0.171273
-0.171273
-0.171273
-0.171273
-0.171273
-0.171273
-0.171273
-0.171273
-0.171273
-0.171273
-0.171273
-0.171273
-0.171273
-0.171273
-0.171273
-0.171273
-0.171273
-0.171273
-0.171273
-0.168616
-0.171273
-0.168616
-0.168616
-0.171273
-0.171273
-0.171273
-0.168616
-0.171273
-0.171273
-0.171273
-0.171273
-0.171273
-0.171273
-0.171273
-0.171273
-0.171273
-0.171273
-0.171273
-0.171273
-0.171273
-0.171273
-0.168616
-0.171273
-0.168616
-0.168616
-0.171273
-0.168616
-0.171273
-0.171273
-0.171273
-0.171273
-0.171273
-0.171273
-0.171273
-0.168616
-0.171273
-0.171273
-0.171273
-0.171273
-0.171273
-0.168616
-0.171273
-0.171273
-0.171273
-0.171273
-0.171273
-0.171273
-0.171273
-0.171273
-0.171273
-0.171273
-0.171273
-0.171273
-0.171273
-0.168616
-0.168616
-0.168616
-0.171273
-0.171273
-0.168616
-0.168616
-0.171273
-0.171273
-0.171273
-0.171273
-0.171273
-0.171273
-0.171273
-0.171273
-0.171273
-0.168616
-0.171273
-0.171273
-0.171273
-0.171273
-0.168616
-0.171273
-0.171273
-0.168616
-0.171273
-0.168616
-0.168616
-0.171273
-0.171273
-0.171273
-0.171273
-0.171273
-0.171273
-0.171273
-0.171273
-0.168616
-0.171273
-0.171273
-0.171273
-0.171273
-0.171273
-0.171273
-0.171273
-0.171273
-0.171273
-0.168616
-0.171273
-0.171273
-0.171273
-0.171273
-0.171273
-0.171273
-0.171273
-0.171273
-0.171273
-0.171273
-0.171273
-0.171273
-0.171273
-0.171273
-0.171273
-0.171273
-0.171273
-0.168616
-0.171273
-0.171273
-0.171273
-0.171273
-0.171273
-0.171273
-0.171273
-0.171273
-0.171273
-0.171273
-0.171273
-0.171273
-0.171273
-0.171273
-0.171273
-0.171273
-0.171273
-0.171273
-0.171273
-0.171273
-0.171273
-0.171273
-0.171273
-0.171273
-0.171273
-0.171273
-0.171273
-0.171273
-0.171273
-0.171273
-0.171273
-0.171273
-0.171273
-0.171273
-0.171273
-0.171273
-0.171273
-0.171273
-0.168616
-0.168616
-0.168616
-0.171273
-0.171273
-0.171273
-0.171273
-0.171273
-0.171273
-0.171273
-0.171273
-0.171273
-0.171273
-0.171273
-0.168616
-0.171273
-0.168616
-0.171273
-0.171273
-0.171273
-0.168616
-0.171273
-0.171273
-0.171273
-0.171273
-0.171273
-0.171273
-0.171273
-0.171273
-0.171273
-0.171273
-0.168616
-0.168616
-0.171273
-0.171273
-0.171273
-0.171273
-0.168616
-0.171273
-0.171273
-0.171273
-0.171273
-0.171273
-0.171273
-0.171273
-0.171273
-0.171273
-0.171273
-0.171273
-0.171273
-0.171273
-0.171273
-0.171273
-0.171273
-0.171273
-0.171273
-0.171273
-0.171273
-0.171273
-0.171273
-0.168616
-0.171273
-0.171273
-0.171273
-0.171273
-0.171273
-0.171273
-0.171273
-0.168616
-0.171273
-0.171273
-0.171273
-0.171273
-0.171273
-0.171273
-0.171273
-0.171273
-0.171273
-0.171273
-0.171273
-0.171273
-0.168616
-0.171273
-0.168616
-0.171273
-0.168616
-0.171273
-0.171273
-0.171273
-0.171273
-0.171273
-0.171273
-0.171273
-0.171273
-0.171273
-0.171273
-0.171273
-0.168616
-0.171273
-0.171273
-0.171273
-0.171273
-0.168616
-0.171273
-0.171273
-0.171273
-0.168616
-0.171273
-0.171273
-0.171273
-0.168616
-0.171273
-0.171273
-0.171273
-0.171273
-0.171273
-0.168616
-0.168616
-0.171273
-0.171273
-0.171273
-0.171273
-0.171273
-0.171273
-0.171273
-0.171273
-0.171273
-0.171273
-0.171273
-0.171273
-0.171273
-0.168616
-0.171273
-0.171273
-0.171273
-0.171273
-0.168616
-0.171273
-0.171273
-0.171273
-0.168616
-0.171273
-0.171273
-0.171273
-0.168616
-0.168616
-0.171273
-0.171273
-0.171273
-0.171273
-0.171273
-0.171273
-0.171273
-0.171273
-0.171273
-0.171273
-0.171273
-0.168616
-0.168616
-0.168616
-0.171273
-0.171273
-0.168616
-0.171273
-0.171273
-0.171273
-0.168616
-0.171273
-0.171273
-0.168616
-0.171273
-0.171273
-0.171273
-0.171273
-0.171273
-0.171273
-0.171273
-0.171273
-0.171273
-0.171273
-0.171273
-0.171273
-0.171273
-0.171273
-0.171273
-0.171273
-0.171273
-0.171273
-0.171273
-0.171273
-0.171273
-0.171273
-0.168616
-0.171273
-0.171273
-0.171273
-0.171273
-0.171273
-0.168616
-0.171273
-0.171273
-0.171273
-0.168616
-0.171273
-0.171273
-0.171273
-0.171273
-0.171273
-0.168616
-0.171273
-0.171273
-0.171273
-0.171273
-0.171273
-0.168616
-0.171273
-0.171273
-0.171273
-0.168616
-0.171273
-0.171273
-0.171273
-0.168616
-0.171273
-0.171273
-0.171273
-0.168616
-0.171273
0.000474669
0.0559541
0.0127828
0.0150596
-0.0665682
0.178984
0.0471673
0.0960642
-0.0236108
-0.0174426
0.0893397
0.164212
0.00410265
-0.050226
-0.0666312
-0.0253115
-0.0628441
-0.0140644
0.00168354
0.101335
0.0590083
0.073722
-0.0271766
0.151105
-0.00816472
-0.0488402
-0.0703516
0.0874972
0.150823
-0.0565407
-0.00866588
-0.037838
0.0471406
-0.0135747
0.151105
-0.0530724
0.0233604
0.178392
0.0402339
0.124902
-0.0447868
-0.0545265
0.164212
-0.0174426
-0.000125766
0.178984
0.177871
0.00991091
0.00107837
0.136409
0.17868
0.0120523
0.163161
0.0702594
-0.0723096
-0.0666312
0.0560354
0.164553
0.189403
0.0120523
0.125279
-0.0530724
-0.0743303
-0.00766196
0.150172
-0.0646935
-0.0425009
0.178884
-0.0314505
-0.0314505
0.189403
-0.0116347
-0.0516374
-0.0612741
0.11984
0.041583
-0.0253115
0.0142824
0.0652408
0.161111
-0.025913
0.0289801
-0.0164922
-0.0135747
-0.0358552
0.0757888
0.179067
0.0500165
-0.0530724
0.0135249
0.044328
0.190668
-0.000125766
0.0654642
0.0893397
0.0900141
-0.0646935
0.0857214
0.0127828
-0.0425009
0.0669527
-0.0164922
-0.0609722
-0.0685138
-0.029122
0.0135249
0.143061
-0.0235613
-0.0743303
0.00656907
0.0166917
-0.0474761
-0.0574923
0.150406
-0.00662144
0.0939271
0.0514773
0.0193781
-0.00493661
0.150172
-0.0646935
-0.0367114
0.0874972
-0.0704594
0.0471406
-0.0390175
-0.0516374
0.178884
-0.0723096
-0.068524
-0.0666312
-0.0236108
-0.050226
-0.0358552
-0.0516374
-0.0169688
0.0266605
0.0635914
-0.0179242
-0.037838
-0.0299942
0.0150596
0.0684435
0.000474669
-0.0743303
-0.0474761
0.178957
-0.0204358
0.143061
0.0402442
0.0989066
-0.0412015
0.0654642
-0.015043
0.0022887
-0.0704594
0.030163
0.0166917
0.191133
-0.0530724
0.179028
0.0255321
-0.0530724
-0.0615129
0.160784
0.0623173
-0.0209388
-0.0412015
-0.0725913
-0.0648207
-0.00551427
0.0325711
-0.0516374
0.0158613
0.0193781
0.0255321
0.00921491
0.0135249
-0.0597876
0.0350531
0.00594079
0.00594079
-0.0323191
0.0158613
0.0313592
0.136222
0.176763
0.179056
0.178792
0.0637782
-0.0612741
0.093297
0.0255321
0.190094
0.125102
-0.0530724
-0.00662144
-0.0666518
0.177159
-0.0703516
-0.0323191
0.130218
0.0266605
-0.0465869
-0.0648207
-0.0630503
0.054447
0.101335
0.00594079
0.0590083
0.00410265
0.189764
-0.0179242
-0.0648207
0.00853166
-0.0537467
-0.00966928
-0.0452037
0.0255321
-0.0169688
-0.0530724
-0.0106602
-0.0160123
0.045726
-0.0189021
-0.0545265
-0.025913
0.178675
-0.0340116
0.041583
-0.0516374
0.11984
-0.0253115
-0.0399481
-0.0648207
-0.0071494
-0.0189021
0.00107837
-0.068524
0.161608
0.143061
-0.0723096
0.0142824
0.150291
0.044328
-0.0247285
-0.0323191
0.150172
0.0166917
-0.037838
-0.0369529
0.143185
0.0530105
-0.0594421
-0.000723693
0.160623
-0.0666518
-0.0488402
0.030163
0.0244309
-0.0447868
-0.037838
0.178392
0.108501
0.0255321
0.00921491
-0.0579707
-0.0135747
-0.0579707
0.151285
-0.0184059
0.0278114
-0.050226
0.164383
0.0635914
-0.0314505
-0.0648207
-0.050226
-0.00493661
-0.0340116
-0.0425009
0.178927
-0.0189164
0.115877
-0.0594421
-0.0145544
0.178178
0.14299
0.179048
0.0255321
0.135982
-0.0204129
0.0839965
0.0350531
-0.0574923
-0.0574923
0.000474669
0.057474
-0.0579707
-0.0666518
-0.0402502
-0.068524
-0.0703516
0.0529541
0.0289801
-0.0019255
0.0120523
0.0350531
0.0443464
-0.0438386
-0.0579707
0.01845
-0.0179242
0.178029
0.120362
0.0607036
-0.0111492
0.0127828
-0.0551365
-0.00966928
-0.0461263
-0.00966928
0.0415714
-0.0209388
-0.0253115
-0.0135747
0.0983436
0.189403
-0.0447868
-0.0447868
0.0338019
-0.0537467
0.0255321
0.151013
0.0839965
0.0213147
0.0363241
-0.0214446
-0.00662144
-0.0174426
-0.00766196
0.0233604
-0.0666518
0.0203341
-0.0666518
0.160947
0.151105
0.190094
-0.0314505
-0.0666312
-0.0314505
-0.0452037
0.0530105
-0.050226
-0.0745054
0.0515241
0.00168354
-0.00253187
0.163689
-0.0721397
0.0223221
-0.0726952
0.0193781
0.179056
0.0893397
-0.015043
-0.028529
-0.0367114
0.0669527
-0.0628441
-0.0271766
0.0443464
-0.000125766
-0.00966928
0.189403
-0.0194047
0.0429624
-0.0646935
-0.0358552
-0.0743303
0.17868
-0.0594421
-0.0412015
-0.037838
0.151549
0.177348
0.189403
0.0857214
0.0443464
0.161441
-0.0299942
0.142911
0.0966382
-0.0155292
0.0313592
0.104903
0.164038
0.00853166
0.0591253
-0.0314505
-0.0111492
0.0193781
-0.0390175
-0.000723693
0.136109
0.0857214
-0.0101669
0.0500165
-0.028529
0.177348
-0.00916824
0.0325711
-0.0648207
-0.013087
0.0623173
-0.0135747
-0.0340116
0.12986
0.045726
-0.015043
-0.0425009
0.16472
0.189403
-0.0545265
-0.0646935
-0.0160123
-0.037838
-0.0367114
0.0120523
-0.00866588
0.0244309
0.125279
-0.0565407
-0.0438386
-0.0272748
-0.0230722
0.0560354
-0.0516374
0.162634
-0.0369529
0.162288
0.189403
0.0575716
-0.0116347
0.00410265
-0.0292451
-0.00551427
0.0486033
0.0515241
-0.0314505
-0.0666518
-0.0358552
0.00349761
-0.0367114
0.00349761
0.143126
-0.0530724
0.101335
0.0415954
-0.0330532
0.112227
0.150823
0.178957
0.142825
0.161275
0.162288
-0.00766196
-0.0179242
0.136409
-0.00816472
-0.00816472
0.189403
-0.0565407
-0.0390175
-0.0545265
-0.0648207
0.0783895
0.0823097
0.150516
-0.0330532
0.0376131
0.073722
-0.0612741
-0.037838
0.01845
-0.0684945
-0.0219869
-0.0321485
0.16246
0.0158613
-0.0390175
0.136322
-0.0704594
-0.0194047
-0.0266231
0.177704
0.142825
0.0278114
-0.0271766
-0.0704594
0.101845
0.191133
-0.0530724
0.0590083
-0.0516374
0.125102
0.0255321
0.0113308
0.0278114
-0.0209388
0.091916
-0.0516374
-0.050226
0.136109
0.143126
-0.0666518
-0.043461
-0.0174426
0.130369
0.0783895
0.0654642
0.0652408
-0.0474761
0.0635914
-0.0488402
0.0150596
0.054447
0.136222
-0.0551365
-0.0724613
-0.0612741
0.120114
0.0389172
-0.0253115
0.0806519
-0.025913
0.164038
0.163337
0.124902
-0.0666312
-0.0230722
-0.0516374
-0.0648207
-0.0390175
-0.0209662
0.189403
0.178984
0.0471406
-0.0358552
0.00532196
0.164212
-0.0461263
0.135982
-0.0474761
-0.0314505
0.0605631
-0.037838
-0.0199156
-0.0253115
0.179028
-0.0271766
-0.0666518
0.0120523
0.0350531
0.044328
-0.050226
-0.0116347
0.124433
0.0244309
-0.0597876
0.0486033
-0.0488402
-0.000723693
-0.0488402
0.0313592
-0.0209388
-0.0612741
0.11616
-0.0551365
-0.0579707
0.0266605
0.189403
-0.0155292
0.189403
0.0429787
-0.0199156
-0.050226
-0.0615129
-0.0579707
-0.0071494
0.0244309
-0.0530724
-0.0612741
0.178318
-0.037838
0.0289801
0.0127828
-0.0140644
0.0223221
-0.0340116
-0.068524
0.11616
-0.0412015
-0.028529
-0.0537467
0.0590083
-0.0516374
-0.0646935
-0.0390175
-0.0169688
0.0591253
-0.0748177
-0.0474761
-0.068524
0.164212
-0.0488402
0.189403
0.17907
-0.00313971
-0.0219869
0.073722
0.161945
0.0471962
0.00349761
-0.0340116
0.0233604
-0.0545265
0.0893397
0.0591253
0.0278114
0.00168354
-0.0425009
-0.0474761
0.0022887
-0.0241623
0.0113308
0.179048
0.00656907
0.177529
0.177348
-0.0278408
0.178392
0.0278114
-0.0164922
-0.0705328
0.0266605
0.135684
-0.050226
0.0529541
0.178984
-0.0179242
-0.0340116
0.00471006
0.130369
-0.0665682
0.190395
-0.025913
-0.0402502
-0.0447868
0.0289801
-0.0425009
-0.019422
-0.0412015
0.0560354
-0.0348108
-0.0461263
-0.0666312
-0.0199156
-0.0537467
0.161441
0.161111
0.178884
-0.0169688
-0.0241623
0.178984
0.178318
-0.055998
0.0389172
0.0350531
-0.0169688
-0.0292451
-0.0474761
0.0193781
0.0966382
0.111544
0.160947
-0.0230722
0.130218
-0.0461263
-0.0438386
0.189403
-0.0174426
-0.00132274
0.179028
-0.0330532
0.161945
0.178448
-0.050226
0.01845
-0.0703516
-0.0530724
-0.0145544
0.0768297
-0.0597876
-0.0565407
0.16472
-0.0704594
-0.050226
0.00594079
-0.0545265
-0.0399481
-0.0412015
-0.0412015
-0.0746684
0.0592518
0.178884
-0.0447868
0.0350531
-0.0723096
0.044328
-0.0628441
0.0127828
-0.0745054
0.0213147
0.0591253
-0.0330532
-0.0390175
-0.0612741
0.00107837
0.093297
0.0233604
0.0325711
-0.0399481
0.189764
0.0515746
0.108501
-0.0545265
0.00656907
-0.0725913
-0.0597876
-0.00253187
0.030163
0.0325711
0.00656907
-0.00966928
-0.0488402
0.0223221
0.0158613
-0.0516374
-0.00966928
-0.0685138
-0.037838
0.136222
-0.0230275
-0.0169688
-0.0684945
0.0244309
0.0415714
-0.037838
0.0443464
-0.0225439
0.030163
0.0213147
0.00853166
-0.0745054
-0.00551427
-0.000723693
0.0530105
-0.00966928
-0.0292451
-0.0230275
-0.0597876
0.16246
0.177871
0.151373
-0.0209388
0.0203341
-0.0452037
0.00786302
0.0912669
-0.00313971
0.0721675
0.111544
0.115565
0.00991091
-0.0723096
0.179056
0.00786302
0.178957
0.0106169
-0.0169688
-0.0488402
0.17868
0.0350531
-0.000723693
0.0960642
0.0605631
-0.0488402
-0.0369529
-0.0340116
-0.068524
0.0402339
-0.019422
0.178392
0.162288
-0.019422
0.0839965
0.00594079
0.00720918
0.190914
0.0717778
0.0773971
0.130369
0.0289801
-0.0330532
-0.00607636
-0.0594421
-0.030632
0.0500165
0.00532196
-0.0101669
-0.0230722
-0.0111492
-0.00551427
-0.0612741
0.0244309
-0.015043
-0.0461263
0.030163
0.130619
-0.0545265
-0.0265344
0.190395
0.0939271
-0.00816472
-0.00374569
0.104903
0.135684
-0.0648207
0.0266605
0.178318
0.0106169
0.10812
0.0213147
-0.00916824
0.0783895
0.0376131
0.057474
0.0313592
-0.043461
-0.0278408
0.00168354
0.136109
0.162634
-0.0390175
0.178567
0.130502
0.177871
0.142911
0.10812
0.0402339
-0.00916824
-0.0189021
0.0389172
-0.00493661
0.0687387
0.112227
-0.0425009
0.124902
0.189403
-0.0214749
0.130369
-0.0314505
0.0113308
0.150291
-0.0140644
-0.0594421
0.0213147
0.176964
0.130218
-0.00493661
-0.0412015
0.162288
-0.0019255
0.0244309
0.00168354
-0.0225439
-0.055998
0.178792
0.178856
0.0203341
-0.0461263
-0.0412015
0.0193781
0.11984
-0.0412015
-0.0704594
0.0313592
0.0223221
-0.0019255
-0.0292451
0.0166917
0.0203341
0.163864
0.0325711
0.0106169
0.101335
-0.0198965
0.189403
-0.055998
-0.0425009
-0.0545265
0.161275
-0.0241623
-0.0488402
0.0515746
0.189403
0.161275
0.00168354
0.00853166
-0.0106602
-0.0648207
0.107702
-0.0390175
0.00921491
-0.0019255
0.0350531
0.0515241
0.0654642
0.177529
0.178318
0.189403
-0.028529
-0.0425009
0.178884
0.045772
0.073722
0.0028933
0.178884
0.0289801
0.0575716
0.161111
-0.0323191
-0.0724613
-0.0241623
0.0255321
-0.00916824
0.0486033
0.00410265
-0.0189021
0.0313592
-0.0666312
0.120362
0.0338019
-0.0685138
0.0669527
0.0912669
-0.015043
-0.00551427
-0.00132274
0.101335
0.0135249
0.0255321
0.0350531
0.161111
0.0768297
-0.0612741
-0.0630503
-0.0474761
-0.0214749
0.189403
-0.0412015
0.0960642
0.017554
0.189403
0.0244309
0.0415714
-0.0488402
0.0652408
-0.0545265
0.17868
-0.0204129
0.0338019
0.054447
-0.0369529
-0.0545265
0.178884
-0.0705328
0.0687387
-0.0164922
0.160784
0.0768297
0.0669527
-0.0330532
0.165048
-0.0169688
0.0768297
0.0684435
0.17907
-0.0609722
0.000474669
0.0964299
0.0127828
0.0150596
-0.0516044
0.176268
0.0469615
0.163644
-0.0272748
-0.0174426
0.152245
0.176268
0.00410265
-0.0480984
-0.0516044
-0.0349838
-0.0478542
-0.0140644
0.00168354
0.163644
0.0630405
0.152245
-0.0435487
0.164031
-0.00816472
-0.0467094
-0.0556359
0.152245
0.164031
-0.0435657
-0.00866588
-0.0440422
0.0469615
-0.0135747
0.163644
-0.0481284
0.0233604
0.189403
0.0402339
0.163644
-0.043264
-0.0484974
0.175878
-0.0174426
-0.000125766
0.176268
0.175878
0.00991091
0.00107837
0.163644
0.189403
0.0120523
0.176268
0.152245
-0.0599684
-0.0516044
0.0771273
0.176268
0.189403
0.0120523
0.163644
-0.0486861
-0.064623
-0.00766196
0.163644
-0.0478542
-0.0423668
0.189403
-0.0443066
-0.0453542
0.189403
-0.0116347
-0.0482346
-0.0478542
0.163644
0.0415607
-0.0349838
0.0142824
0.0979241
0.176268
-0.0374722
0.0289801
-0.0164922
-0.0135747
-0.0446854
0.152245
0.176268
0.0496969
-0.0482509
0.0135249
0.0442431
0.189403
-0.000125766
0.14373
0.152245
0.163644
-0.0516044
0.152245
0.0127828
-0.0425416
0.155737
-0.0164922
-0.0443668
-0.0556359
-0.0439072
0.0135249
0.164031
-0.0249767
-0.064623
0.00656907
0.0166917
-0.0454579
-0.0411251
0.164031
-0.00662144
0.163644
0.0510631
0.0193781
-0.00493661
0.164031
-0.0516044
-0.0438386
0.152245
-0.0556359
0.0469615
-0.0434681
-0.0485051
0.189403
-0.0599684
-0.0556359
-0.0516044
-0.0271766
-0.0475204
-0.0451596
-0.0485051
-0.0169688
0.0266605
0.0785266
-0.0179142
-0.0440422
-0.0432749
0.0150596
0.152245
0.000474669
-0.064623
-0.0455356
0.189403
-0.0207442
0.164031
0.0402339
0.163644
-0.0424333
0.136519
-0.015043
0.0022887
-0.0556359
0.030163
0.0166917
0.189403
-0.0486257
0.176268
0.0255321
-0.0484985
-0.0478542
0.175878
0.0742358
-0.0207442
-0.0425448
-0.0599684
-0.0516044
-0.00551427
0.0325711
-0.0483929
0.0158613
0.0193781
0.0255321
0.00921491
0.0135249
-0.0443668
0.0350531
0.00594079
0.00594079
-0.0453542
0.0158613
0.0313592
0.163644
0.176268
0.176268
0.189403
0.0943397
-0.047613
0.163644
0.0255321
0.189403
0.164031
-0.0486257
-0.00662144
-0.0516044
0.176268
-0.0599684
-0.0453542
0.164031
0.0266605
-0.0451026
-0.0516044
-0.047613
0.105675
0.163644
0.00594079
0.0631409
0.00410265
0.189403
-0.0179142
-0.0516044
0.00853166
-0.0480902
-0.00966928
-0.0439045
0.0255321
-0.0169688
-0.0486257
-0.0106602
-0.0160123
0.0455986
-0.0188546
-0.0481336
-0.0393817
0.176268
-0.0451998
0.0415607
-0.048941
0.163644
-0.0349838
-0.0432356
-0.051361
-0.0071494
-0.0188546
0.00107837
-0.0556359
0.176268
0.164031
-0.0599684
0.0142824
0.163644
0.0442431
-0.0322335
-0.0453542
0.163644
0.0166917
-0.0440422
-0.0447868
0.163644
0.0816758
-0.0443668
-0.000723693
0.176268
-0.0516044
-0.046876
0.030163
0.0244309
-0.043264
-0.0444003
0.189403
0.163644
0.0255321
0.00921491
-0.0443668
-0.0135747
-0.0411251
0.163644
-0.0183846
0.0278114
-0.0477142
0.176268
0.0785266
-0.0453542
-0.0516044
-0.0481938
-0.00493661
-0.0451998
-0.0423668
0.176268
-0.0193253
0.163644
-0.0443668
-0.0145544
0.176268
0.163644
0.189403
0.0255321
0.163644
-0.0202706
0.152245
0.0350531
-0.0411251
-0.0413471
0.000474669
0.0667055
-0.0441273
-0.0516044
-0.0430201
-0.0556359
-0.0599684
0.0816758
0.0289801
-0.0019255
0.0120523
0.0350531
0.0442431
-0.0427762
-0.0443668
0.01845
-0.0179142
0.176268
0.163644
0.0674978
-0.0111492
0.0127828
-0.0466172
-0.00966928
-0.0449214
-0.00966928
0.0415607
-0.0207442
-0.0357798
-0.0135747
0.163644
0.189403
-0.0439045
-0.0432953
0.0338019
-0.0480902
0.0255321
0.164031
0.152245
0.0213147
0.0363241
-0.0212172
-0.00662144
-0.0174426
-0.00766196
0.0233604
-0.0516044
0.0203341
-0.0516044
0.175878
0.164031
0.189403
-0.0443066
-0.0516044
-0.0453542
-0.0439045
0.0839018
-0.0477142
-0.064623
0.0607036
0.00168354
-0.00253187
0.176268
-0.0599684
0.0223221
-0.0599684
0.0193781
0.176268
0.163644
-0.015043
-0.0428817
-0.0438386
0.145168
-0.0478542
-0.0425323
0.0442431
-0.000125766
-0.00966928
0.189403
-0.0193253
0.042897
-0.0516044
-0.0446854
-0.064623
0.189403
-0.0443668
-0.0424333
-0.0440422
0.163644
0.176268
0.189403
0.152245
0.042897
0.176268
-0.0432749
0.164031
0.163644
-0.0155292
0.0313592
0.163644
0.175878
0.00853166
0.0627885
-0.0443066
-0.0111492
0.0193781
-0.0439897
-0.000723693
0.164031
0.152245
-0.0101669
0.0496969
-0.0428817
0.175878
-0.00916824
0.0325711
-0.0516044
-0.013087
0.0764659
-0.0135747
-0.0451998
0.163644
0.0455986
-0.015043
-0.0418515
0.175878
0.189403
-0.0482585
-0.0478542
-0.0160123
-0.0447868
-0.0456536
0.0120523
-0.00866588
0.0244309
0.163644
-0.0432608
-0.0427402
-0.0435487
-0.0248954
0.0771273
-0.0481938
0.176268
-0.0447868
0.176268
0.189403
0.063739
-0.0116347
0.00410265
-0.0439072
-0.00551427
0.0483287
0.0592518
-0.0453542
-0.0516044
-0.0446854
0.00349761
-0.0456536
0.00349761
0.164031
-0.0486257
0.163644
0.0415607
-0.0457817
0.163644
0.163644
0.189403
0.164031
0.175878
0.176268
-0.00766196
-0.0179142
0.163644
-0.00816472
-0.00816472
0.189403
-0.0432608
-0.0442818
-0.0480902
-0.0516044
0.152245
0.152245
0.164031
-0.0451998
0.0376131
0.152245
-0.0443668
-0.0440422
0.01845
-0.0556359
-0.0221598
-0.0453542
0.175878
0.0158613
-0.0439897
0.163644
-0.0556359
-0.0193253
-0.0418802
0.176268
0.164031
0.0278114
-0.0435487
-0.0556359
0.163644
0.189403
-0.0491435
0.0627885
-0.0483929
0.164031
0.0255321
0.0113308
0.0278114
-0.0207442
0.163644
-0.0482904
-0.0475204
0.163644
0.164031
-0.0516044
-0.0428149
-0.0174426
0.163644
0.152245
0.136187
0.117612
-0.0459132
0.0811063
-0.0465681
0.0150596
0.105675
0.163644
-0.0469219
-0.0599684
-0.0478542
0.163644
0.0389172
-0.0349838
0.152245
-0.0374722
0.176268
0.176268
0.163644
-0.0516044
-0.0249767
-0.0486302
-0.0516044
-0.0434024
-0.0212172
0.189403
0.176268
0.0469615
-0.0456712
0.00532196
0.176268
-0.0449773
0.163644
-0.0460133
-0.0453542
0.066309
-0.0444003
-0.0197973
-0.0349838
0.176268
-0.0435487
-0.0516044
0.0120523
0.0350531
0.0442431
-0.0475204
-0.0116347
0.164031
0.0244309
-0.0443668
0.0496969
-0.0470436
-0.000723693
-0.0471889
0.0313592
-0.0207442
-0.047613
0.163644
-0.0479074
-0.0443668
0.0266605
0.189403
-0.0155292
0.189403
0.042897
-0.0197973
-0.0475204
-0.0478542
-0.0441273
-0.0071494
0.0244309
-0.0491435
-0.0478542
0.176268
-0.0447868
0.0289801
0.0127828
-0.0140644
0.0223221
-0.0462232
-0.0556359
0.164031
-0.0426651
-0.0439072
-0.0480902
0.0631409
-0.0482904
-0.047613
-0.0434681
-0.0169688
0.0627885
-0.0599684
-0.0459132
-0.0556359
0.176268
-0.0470436
0.189403
0.176268
-0.00313971
-0.0216888
0.152245
0.176268
0.0483287
0.00349761
-0.0462232
0.0233604
-0.0479715
0.152245
0.0638462
0.0278114
0.00168354
-0.0423668
-0.0458205
0.0022887
-0.0292339
0.0113308
0.189403
0.00656907
0.176268
0.175878
-0.0435487
0.189403
0.0278114
-0.0164922
-0.0556359
0.0266605
0.163644
-0.0479981
0.0626953
0.176268
-0.0179142
-0.0451998
0.00471006
0.163644
-0.0516044
0.189403
-0.0374722
-0.0430201
-0.043264
0.0289801
-0.0423668
-0.0197973
-0.0424333
0.0771273
-0.0456712
-0.0444073
-0.0516044
-0.0197973
-0.0480902
0.176268
0.176268
0.189403
-0.0169688
-0.0290705
0.176268
0.176268
-0.0456597
0.0389172
0.0350531
-0.0169688
-0.0439072
-0.0455356
0.0193781
0.163644
0.163644
0.176268
-0.0249345
0.163644
-0.0444973
-0.043264
0.189403
-0.0174426
-0.00132274
0.176268
-0.0451998
0.176268
0.176268
-0.0475204
0.01845
-0.0599684
-0.0487434
-0.0145544
0.152245
-0.0443668
-0.0448839
0.176268
-0.0556359
-0.0477869
0.00594079
-0.0479715
-0.0432356
-0.0424333
-0.0424636
-0.0599684
0.0638462
0.189403
-0.0439045
0.0350531
-0.0599684
0.0442431
-0.0478542
0.0127828
-0.064623
0.0213147
0.0639352
-0.0457817
-0.0434681
-0.0443668
0.00107837
0.163644
0.0233604
0.0325711
-0.0432356
0.189403
0.0624991
0.164031
-0.0486465
0.00656907
-0.0599684
-0.0441273
-0.00253187
0.030163
0.0325711
0.00656907
-0.00966928
-0.0471889
0.0223221
0.0158613
-0.0486302
-0.00966928
-0.0516044
-0.0440422
0.163644
-0.0226329
-0.0169688
-0.0556359
0.0244309
0.0415607
-0.0447868
0.0442431
-0.0226329
0.030163
0.0213147
0.00853166
-0.0599684
-0.00551427
-0.000723693
0.0862033
-0.00966928
-0.0439072
-0.0226329
-0.0441273
0.175878
0.176268
0.164031
-0.0207442
0.0203341
-0.0439045
0.00786302
0.163644
-0.00313971
0.152245
0.163644
0.163644
0.00991091
-0.0599684
0.176268
0.00786302
0.189403
0.0106169
-0.0169688
-0.0471889
0.189403
0.0350531
-0.000723693
0.163644
0.0650518
-0.046876
-0.0447868
-0.0451998
-0.0556359
0.0402339
-0.0197973
0.189403
0.176268
-0.0197973
0.152245
0.00594079
0.00720918
0.189403
0.152245
0.152245
0.164031
0.0289801
-0.0457817
-0.00607636
-0.0443668
-0.0443066
0.0496969
0.00532196
-0.0101669
-0.0243527
-0.0111492
-0.00551427
-0.0478542
0.0244309
-0.015043
-0.0444973
0.030163
0.163644
-0.0477222
-0.0418802
0.189403
0.163644
-0.00816472
-0.00374569
0.163644
0.163644
-0.0516044
0.0266605
0.176268
0.0106169
0.163644
0.0213147
-0.00916824
0.152245
0.0376131
0.0667055
0.0313592
-0.0428149
-0.0435487
0.00168354
0.163644
0.176268
-0.0434681
0.176268
0.163644
0.176268
0.164031
0.163644
0.0402339
-0.00916824
-0.0188546
0.0389172
-0.00493661
0.152245
0.163644
-0.0422704
0.163644
0.189403
-0.0216888
0.163644
-0.0443066
0.0113308
0.164031
-0.0140644
-0.0443668
0.0213147
0.175878
0.164031
-0.00493661
-0.0424333
0.176268
-0.0019255
0.0244309
0.00168354
-0.0226329
-0.0457975
0.189403
0.176268
0.0203341
-0.0449214
-0.0423047
0.0193781
0.163644
-0.0424333
-0.0556359
0.0313592
0.0223221
-0.0019255
-0.0439072
0.0166917
0.0203341
0.176268
0.0325711
0.0106169
0.163644
-0.0197973
0.189403
-0.0453822
-0.0419168
-0.0479074
0.175878
-0.0294105
-0.0470047
0.0624991
0.189403
0.176268
0.00168354
0.00853166
-0.0106602
-0.0516044
0.163644
-0.0434024
0.00921491
-0.0019255
0.0350531
0.0607036
0.125762
0.175878
0.176268
0.189403
-0.0439072
-0.0423168
0.189403
0.0469615
0.152245
0.0028933
0.189403
0.0289801
0.0667055
0.176268
-0.0447406
-0.0599684
-0.0292339
0.0255321
-0.00916824
0.0496969
0.00410265
-0.0188546
0.0313592
-0.0516044
0.163644
0.0338019
-0.0556359
0.155793
0.163644
-0.015043
-0.00551427
-0.00132274
0.163644
0.0135249
0.0255321
0.0350531
0.176268
0.152245
-0.047613
-0.0478542
-0.0459132
-0.0216888
0.189403
-0.0430862
0.163644
0.017554
0.189403
0.0244309
0.0415607
-0.0473876
0.117636
-0.0477222
0.189403
-0.0202706
0.0338019
0.105675
-0.0447868
-0.0479715
0.189403
-0.0556359
0.152245
-0.0164922
0.175878
0.152245
0.155773
-0.0457817
0.175878
-0.0169688
0.152245
0.152245
0.176268
-0.0441273
