-4.55788
-4.55788
-4.55788
-4.55788
-4.55788
-5.24087
-4.55788
-4.55788
-4.55788
-4.55788
-4.55788
-5.24087
-4.55788
-4.55788
-4.55788
-4.55788
-4.55788
-4.55788
-4.55788
-4.55788
-4.55788
-4.55788
-4.55788
-5.24087
-4.55788
-4.55788
-4.55788
-4.55788
-5.24087
-4.55788
-4.55788
-4.55788
-4.55788
-4.55788
-5.24087
-4.55788
-4.55788
-5.24087
-4.55788
-4.55788
-4.55788
-4.55788
-5.24087
-4.55788
-4.55788
-5.24087
-5.24087
-4.55788
-4.55788
-4.55788
-5.24087
-4.55788
-5.24087
-4.55788
-4.55788
-4.55788
-4.55788
-5.24087
-5.24087
-4.55788
-4.55788
-4.55788
-4.55788
-4.55788
-5.24087
-4.55788
-4.55788
-5.24087
-4.55788
-4.55788
-5.24087
-4.55788
-4.55788
-4.55788
-4.55788
-4.55788
-4.55788
-4.55788
-4.55788
-5.24087
-4.55788
-4.55788
-4.55788
-4.55788
-4.55788
-4.55788
-5.24087
-4.55788
-4.55788
-4.55788
-4.55788
-5.24087
-4.55788
-4.55788
-4.55788
-4.55788
-4.55788
-4.55788
-4.55788
-4.55788
-4.55788
-4.55788
-4.55788
-4.55788
-4.55788
-4.55788
-5.24087
-4.55788
-4.55788
-4.55788
-4.55788
-4.55788
-4.55788
-5.24087
-4.55788
-4.55788
-4.55788
-4.55788
-4.55788
-5.24087
-4.55788
-4.55788
-4.55788
-4.55788
-4.55788
-4.55788
-4.55788
-5.24087
-4.55788
-4.55788
-4.55788
-4.55788
-4.55788
-4.55788
-4.55788
-4.55788
-4.55788
-4.55788
-4.55788
-4.55788
-4.55788
-4.55788
-4.55788
-4.55788
-4.55788
-4.55788
-5.24087
-4.55788
-5.24087
-4.55788
-4.55788
-4.55788
-4.55788
-4.55788
-4.55788
-4.55788
-4.55788
-4.55788
-5.24087
-4.55788
-5.24087
-4.55788
-4.55788
-4.55788
-5.24087
-4.55788
-4.55788
-4.55788
-4.55788
-4.55788
-4.55788
-4.55788
-4.55788
-4.55788
-4.55788
-4.55788
-4.55788
-4.55788
-4.55788
-4.55788
-4.55788
-4.55788
-4.55788
-4.55788
-4.55788
-4.55788
-5.24087
-5.24087
-5.24087
-4.55788
-4.55788
-4.55788
-4.55788
-5.24087
-4.55788
-4.55788
-4.55788
-4.55788
-5.24087
-4.55788
-4.55788
-4.55788
-4.55788
-4.55788
-4.55788
-4.55788
-4.55788
-4.55788
-4.55788
-4.55788
-4.55788
-5.24087
-4.55788
-4.55788
-4.55788
-4.55788
-4.55788
-4.55788
-4.55788
-4.55788
-4.55788
-4.55788
-4.55788
-4.55788
-4.55788
-4.55788
-4.55788
-5.24087
-4.55788
-4.55788
-4.55788
-4.55788
-4.55788
-4.55788
-4.55788
-4.55788
-4.55788
-4.55788
-4.55788
-5.24087
-5.24087
-4.55788
-4.55788
-5.24087
-4.55788
-4.55788
-4.55788
-5.24087
-4.55788
-4.55788
-4.55788
-5.24087
-4.55788
-4.55788
-4.55788
-5.24087
-4.55788
-4.55788
-4.55788
-4.55788
-4.55788
-4.55788
-5.24087
-4.55788
-4.55788
-4.55788
-4.55788
-4.55788
-4.55788
-5.24087
-4.55788
-4.55788
-4.55788
-5.24087
-4.55788
-4.55788
-4.55788
-4.55788
-4.55788
-4.55788
-4.55788
-5.24087
-4.55788
-4.55788
-4.55788
-4.55788
-5.24087
-4.55788
-5.24087
-4.55788
-4.55788
-4.55788
-4.55788
-4.55788
-4.55788
-4.55788
-4.55788
-4.55788
-4.55788
-4.55788
-4.55788
-4.55788
-4.55788
-4.55788
-4.55788
-4.55788
-4.55788
-4.55788
-4.55788
-4.55788
-4.55788
-4.55788
-4.55788
-5.24087
-4.55788
-4.55788
-4.55788
-4.55788
-4.55788
-4.55788
-4.55788
-4.55788
-4.55788
-4.55788
-4.55788
-4.55788
-4.55788
-5.24087
-4.55788
-4.55788
-4.55788
-4.55788
-4.55788
-5.24087
-4.55788
-4.55788
-4.55788
-4.55788
-4.55788
-4.55788
-4.55788
-4.55788
-4.55788
-4.55788
-4.55788
-5.24087
-5.24087
-5.24087
-4.55788
-4.55788
-4.55788
-4.55788
-4.55788
-4.55788
-4.55788
-4.55788
-4.55788
-4.55788
-5.24087
-4.55788
-4.55788
-4.55788
-4.55788
-5.24087
-4.55788
-4.55788
-4.55788
-4.55788
-4.55788
-4.55788
-4.55788
-4.55788
-4.55788
-4.55788
-5.24087
-4.55788
-4.55788
-4.55788
-4.55788
-4.55788
-5.24087
-4.55788
-4.55788
-4.55788
-5.24087
-5.24087
-5.24087
-4.55788
-4.55788
-5.24087
-4.55788
-4.55788
-4.55788
-4.55788
-4.55788
-4.55788
-5.24087
-4.55788
-4.55788
-4.55788
-4.55788
-4.55788
-4.55788
-4.55788
-4.55788
-4.55788
-4.55788
-4.55788
-4.55788
-5.24087
-4.55788
-4.55788
-4.55788
-4.55788
-4.55788
-4.55788
-4.55788
-4.55788
-4.55788
-4.55788
-4.55788
-5.24087
-5.24087
-4.55788
-4.55788
-4.55788
-4.55788
-4.55788
-4.55788
-4.55788
-4.55788
-4.55788
-4.55788
-4.55788
-4.55788
-4.55788
-4.55788
-4.55788
-5.24087
-4.55788
-5.24087
-5.24087
-4.55788
-4.55788
-4.55788
-4.55788
-4.55788
-4.55788
-4.55788
-4.55788
-4.55788
-4.55788
-4.55788
-4.55788
-4.55788
-5.24087
-4.55788
-4.55788
-4.55788
-4.55788
-4.55788
-5.24087
-5.24087
-4.55788
-5.24087
-5.24087
-4.55788
-4.55788
-4.55788
-4.55788
-4.55788
-5.24087
-4.55788
-4.55788
-4.55788
-4.55788
-4.55788
-4.55788
-5.24087
-4.55788
-4.55788
-4.55788
-4.55788
-4.55788
-4.55788
-4.55788
-4.55788
-4.55788
-5.24087
-4.55788
-4.55788
-4.55788
-4.55788
-4.55788
-4.55788
-5.24087
-4.55788
-4.55788
-4.55788
-4.55788
-4.55788
-5.24087
-4.55788
-4.55788
-4.55788
-4.55788
-4.55788
-4.55788
-4.55788
-4.55788
-4.55788
-4.55788
-4.55788
-4.55788
-5.24087
-4.55788
-4.55788
-4.55788
-4.55788
-4.55788
-4.55788
-4.55788
-4.55788
-4.55788
-4.55788
-4.55788
-4.55788
-4.55788
-4.55788
-4.55788
-4.55788
-4.55788
-4.55788
-4.55788
-4.55788
-4.55788
-5.24087
-5.24087
-4.55788
-4.55788
-4.55788
-4.55788
-4.55788
-4.55788
-4.55788
-5.24087
-5.24087
-4.55788
-4.55788
-4.55788
-5.24087
-4.55788
-4.55788
-4.55788
-4.55788
-4.55788
-4.55788
-4.55788
-4.55788
-5.24087
-4.55788
-4.55788
-4.55788
-4.55788
-4.55788
-4.55788
-4.55788
-4.55788
-4.55788
-4.55788
-4.55788
-4.55788
-4.55788
-4.55788
-4.55788
-4.55788
-4.55788
-4.55788
-4.55788
-4.55788
-4.55788
-5.24087
-4.55788
-5.24087
-4.55788
-4.55788
-4.55788
-4.55788
-4.55788
-4.55788
-4.55788
-4.55788
-4.55788
-5.24087
-4.55788
-4.55788
-4.55788
-4.55788
-4.55788
-4.55788
-4.55788
-4.55788
-4.55788
-4.55788
-4.55788
-4.55788
-4.55788
-4.55788
-4.55788
-4.55788
-4.55788
-4.55788
-4.55788
-4.55788
-5.24087
-4.55788
-5.24087
-5.24087
-4.55788
-4.55788
-4.55788
-5.24087
-4.55788
-4.55788
-4.55788
-4.55788
-4.55788
-4.55788
-4.55788
-4.55788
-4.55788
-4.55788
-4.55788
-4.55788
-4.55788
-4.55788
-5.24087
-4.55788
-5.24087
-5.24087
-4.55788
-5.24087
-4.55788
-4.55788
-4.55788
-4.55788
-4.55788
-4.55788
-4.55788
-5.24087
-4.55788
-4.55788
-4.55788
-4.55788
-4.55788
-5.24087
-4.55788
-4.55788
-4.55788
-4.55788
-4.55788
-4.55788
-4.55788
-4.55788
-4.55788
-4.55788
-4.55788
-4.55788
-4.55788
-5.24087
-5.24087
-5.24087
-4.55788
-4.55788
-5.24087
-5.24087
-4.55788
-4.55788
-4.55788
-4.55788
-4.55788
-4.55788
-4.55788
-4.55788
-4.55788
-5.24087
-4.55788
-4.55788
-4.55788
-4.55788
-5.24087
-4.55788
-4.55788
-5.24087
-4.55788
-5.24087
-5.24087
-4.55788
-4.55788
-4.55788
-4.55788
-4.55788
-4.55788
-4.55788
-4.55788
-5.24087
-4.55788
-4.55788
-4.55788
-4.55788
-4.55788
-4.55788
-4.55788
-4.55788
-4.55788
-5.24087
-4.55788
-4.55788
-4.55788
-4.55788
-4.55788
-4.55788
-4.55788
-4.55788
-4.55788
-4.55788
-4.55788
-4.55788
-4.55788
-4.55788
-4.55788
-4.55788
-4.55788
-5.24087
-4.55788
-4.55788
-4.55788
-4.55788
-4.55788
-4.55788
-4.55788
-4.55788
-4.55788
-4.55788
-4.55788
-4.55788
-4.55788
-4.55788
-4.55788
-4.55788
-4.55788
-4.55788
-4.55788
-4.55788
-4.55788
-4.55788
-4.55788
-4.55788
-4.55788
-4.55788
-4.55788
-4.55788
-4.55788
-4.55788
-4.55788
-4.55788
-4.55788
-4.55788
-4.55788
-4.55788
-4.55788
-4.55788
-5.24087
-5.24087
-5.24087
-4.55788
-4.55788
-4.55788
-4.55788
-4.55788
-4.55788
-4.55788
-4.55788
-4.55788
-4.55788
-4.55788
-5.24087
-4.55788
-5.24087
-4.55788
-4.55788
-4.55788
-5.24087
-4.55788
-4.55788
-4.55788
-4.55788
-4.55788
-4.55788
-4.55788
-4.55788
-4.55788
-4.55788
-5.24087
-5.24087
-4.55788
-4.55788
-4.55788
-4.55788
-5.24087
-4.55788
-4.55788
-4.55788
-4.55788
-4.55788
-4.55788
-4.55788
-4.55788
-4.55788
-4.55788
-4.55788
-4.55788
-4.55788
-4.55788
-4.55788
-4.55788
-4.55788
-4.55788
-4.55788
-4.55788
-4.55788
-4.55788
-5.24087
-4.55788
-4.55788
-4.55788
-4.55788
-4.55788
-4.55788
-4.55788
-5.24087
-4.55788
-4.55788
-4.55788
-4.55788
-4.55788
-4.55788
-4.55788
-4.55788
-4.55788
-4.55788
-4.55788
-4.55788
-5.24087
-4.55788
-5.24087
-4.55788
-5.24087
-4.55788
-4.55788
-4.55788
-4.55788
-4.55788
-4.55788
-4.55788
-4.55788
-4.55788
-4.55788
-4.55788
-5.24087
-4.55788
-4.55788
-4.55788
-4.55788
-5.24087
-4.55788
-4.55788
-4.55788
-5.24087
-4.55788
-4.55788
-4.55788
-5.24087
-4.55788
-4.55788
-4.55788
-4.55788
-4.55788
-5.24087
-5.24087
-4.55788
-4.55788
-4.55788
-4.55788
-4.55788
-4.55788
-4.55788
-4.55788
-4.55788
-4.55788
-4.55788
-4.55788
-4.55788
-5.24087
-4.55788
-4.55788
-4.55788
-4.55788
-5.24087
-4.55788
-4.55788
-4.55788
-5.24087
-4.55788
-4.55788
-4.55788
-5.24087
-5.24087
-4.55788
-4.55788
-4.55788
-4.55788
-4.55788
-4.55788
-4.55788
-4.55788
-4.55788
-4.55788
-4.55788
-5.24087
-5.24087
-5.24087
-4.55788
-4.55788
-5.24087
-4.55788
-4.55788
-4.55788
-5.24087
-4.55788
-4.55788
-5.24087
-4.55788
-4.55788
-4.55788
-4.55788
-4.55788
-4.55788
-4.55788
-4.55788
-4.55788
-4.55788
-4.55788
-4.55788
-4.55788
-4.55788
-4.55788
-4.55788
-4.55788
-4.55788
-4.55788
-4.55788
-4.55788
-4.55788
-5.24087
-4.55788
-4.55788
-4.55788
-4.55788
-4.55788
-5.24087
-4.55788
-4.55788
-4.55788
-5.24087
-4.55788
-4.55788
-4.55788
-4.55788
-4.55788
-5.24087
-4.55788
-4.55788
-4.55788
-4.55788
-4.55788
-5.24087
-4.55788
-4.55788
-4.55788
-5.24087
-4.55788
-4.55788
-4.55788
-5.24087
-4.55788
-4.55788
-4.55788
-5.24087
-4.55788
-0.000175978
0.0653833
0.00135823
0.00257131
0.426442
0.908551
0.0449249
0.212166
0.0525166
0.025448
0.18156
0.79704
-0.000795773
0.243633
0.439083
0.0621726
0.374943
0.0156944
-0.000509131
0.235556
0.073458
0.118932
0.0733535
0.624406
0.00556663
0.231572
0.512474
0.17403
0.603994
0.309015
0.00614697
0.146067
0.0449372
0.0145673
0.624406
0.26914
0.00900366
0.962291
0.0316931
0.379394
0.19874
0.282336
0.79704
0.025448
3.39058e-05
0.908551
0.86175
0.000189876
-0.000357715
0.488512
0.953456
0.0010216
0.76465
0.107409
0.547369
0.439083
0.0653552
0.807482
0.998934
0.0010216
0.395346
0.26914
0.591806
0.00501841
0.561902
0.40087
0.179416
0.944578
0.101283
0.101283
0.998934
0.0105965
0.256193
0.361883
0.339365
0.0340949
0.0621726
0.0021294
0.0917234
0.694651
0.0657188
0.0149789
0.0222995
0.0145673
0.131671
0.124987
0.926675
0.0511585
0.26914
0.00172644
0.0392608
0.981009
3.39058e-05
0.0916679
0.18156
0.18924
0.40087
0.166557
0.00135823
0.179416
0.0967334
0.0222995
0.348729
0.451606
0.0863132
0.00172644
0.54774
0.0525247
0.591806
-0.000609327
0.0035919
0.22007
0.308976
0.576105
0.00398697
0.20449
0.0544851
0.00553688
0.00260946
0.561902
0.40087
0.138708
0.17403
0.50056
0.0449372
0.153794
0.256193
0.944578
0.547369
0.464026
0.439083
0.0525166
0.243633
0.131671
0.256193
0.0238341
0.0123435
0.086899
0.0271427
0.146067
0.0910472
0.00257131
0.102001
-0.000175978
0.591806
0.22007
0.940122
0.036995
0.54774
0.0316872
0.227764
0.170464
0.0916679
0.0181347
-0.000628843
0.50056
0.0164298
0.0035919
0.972045
0.26914
0.913107
0.0111522
0.26914
0.374968
0.682286
0.0821651
0.0392768
0.170464
0.524262
0.413713
0.00304419
0.0196122
0.256193
0.00305707
0.00553688
0.0111522
-2.5145e-05
0.00172644
0.34876
0.0231955
-0.000695033
-0.000695033
0.106775
0.00305707
0.0179733
0.473252
0.832292
0.917644
0.949023
0.0868501
0.361883
0.196731
0.0111522
0.98997
0.387381
0.26914
0.00398697
0.451613
0.842242
0.512474
0.106775
0.418973
0.0123435
0.209095
0.413713
0.387958
0.0615929
0.235556
-0.000695033
0.073458
-0.000795773
0.994451
0.0271427
0.413713
-0.000209472
0.282376
0.00743636
0.198702
0.0111522
0.0238341
0.26914
0.00891618
0.0208403
0.0420331
0.0307961
0.282336
0.0657188
0.890127
0.118616
0.0340949
0.256193
0.339365
0.0621726
0.161942
0.413713
0.00449248
0.0307961
-0.000357715
0.464026
0.712816
0.54774
0.547369
0.0021294
0.569025
0.0392608
0.0587956
0.106775
0.561902
0.0035919
0.146067
0.138679
0.562119
0.0579402
0.335547
0.000269723
0.676027
0.451613
0.231572
0.0164298
0.0100403
0.19874
0.146067
0.962291
0.283365
0.0111522
-2.5145e-05
0.322308
0.0145673
0.322308
0.637745
0.0289251
0.0136178
0.243633
0.802282
0.086899
0.101283
0.413713
0.243633
0.00260946
0.118616
0.179416
0.903977
0.0307926
0.32338
0.335547
0.0168825
0.871319
0.540481
0.93117
0.0111522
0.457859
0.0369999
0.159173
0.0231955
0.308976
0.308976
-0.000175978
0.0693371
0.322308
0.451613
0.161908
0.464026
0.512474
0.0579618
0.0149789
0.000814844
0.0010216
0.0231955
0.0392517
0.188819
0.322308
0.0048282
0.0271427
0.866549
0.355467
0.0777076
0.00973107
0.00135823
0.295686
0.00743636
0.209134
0.00743636
0.0341012
0.0392768
0.0621726
0.0145673
0.219879
0.998934
0.19874
0.19874
0.0213511
0.282376
0.0111522
0.617654
0.159173
0.00714103
0.0251496
0.0416735
0.00398697
0.025448
0.00501841
0.00900366
0.451613
0.00630777
0.451613
0.688494
0.624406
0.98997
0.101283
0.439083
0.101283
0.198702
0.0579402
0.243633
0.580928
0.0544663
-0.000509131
0.00112383
0.781053
0.558696
0.00803852
0.512485
0.00553688
0.917644
0.18156
0.0181347
0.0817715
0.138708
0.0967334
0.374943
0.0733535
0.0392517
3.39058e-05
0.00743636
0.998934
0.0327621
0.0366083
0.40087
0.131671
0.591806
0.953456
0.335547
0.170464
0.146067
0.65734
0.847167
0.998934
0.166557
0.0392517
0.706812
0.0910472
0.533174
0.220006
0.019453
0.0179733
0.259387
0.791755
-0.000209472
0.0734218
0.101283
0.00973107
0.00553688
0.153794
0.000269723
0.465572
0.166557
0.00815157
0.0511585
0.0817715
0.847167
0.00676894
0.0196122
0.413713
0.0134968
0.0821651
0.0145673
0.118616
0.403154
0.0420331
0.0181347
0.179416
0.812642
0.998934
0.282336
0.40087
0.0208403
0.146067
0.138708
0.0010216
0.00614697
0.0100403
0.395346
0.309015
0.188819
0.0733399
0.0495998
0.0653552
0.256193
0.747811
0.138679
0.736341
0.998934
0.0693052
0.0105965
-0.000795773
0.0862973
0.00304419
0.0479633
0.0544663
0.101283
0.451613
0.131671
-0.000771664
0.138708
-0.000771664
0.554952
0.26914
0.235556
0.0340881
0.112562
0.307391
0.603994
0.940122
0.525819
0.700756
0.736341
0.00501841
0.0271427
0.488512
0.00556663
0.00556663
0.998934
0.309015
0.153794
0.282336
0.413713
0.138075
0.15192
0.583143
0.112562
0.0272161
0.118932
0.361883
0.146067
0.0048282
0.476327
0.044185
0.106796
0.7421
0.00305707
0.153794
0.480899
0.50056
0.0327621
0.0694301
0.85692
0.525819
0.0136178
0.0733535
0.50056
0.243517
0.972045
0.26914
0.073458
0.256193
0.387381
0.0111522
0.000714642
0.0136178
0.0392768
0.196848
0.256193
0.243633
0.465572
0.554952
0.451613
0.188857
0.025448
0.426839
0.138075
0.0916679
0.0917234
0.22007
0.086899
0.231572
0.00257131
0.0615929
0.473252
0.295686
0.53589
0.361883
0.347421
0.0293968
0.0621726
0.144846
0.0657188
0.791755
0.770165
0.379394
0.439083
0.0495998
0.256193
0.413713
0.153794
0.0392712
0.998934
0.908551
0.0449372
0.131671
-0.000755767
0.79704
0.209134
0.457859
0.22007
0.101283
0.0777487
0.146067
0.034827
0.0621726
0.913107
0.0733535
0.451613
0.0010216
0.0231955
0.0392608
0.243633
0.0105965
0.363361
0.0100403
0.34876
0.0479633
0.231572
0.000269723
0.231572
0.0179733
0.0392768
0.361883
0.331441
0.295686
0.322308
0.0123435
0.998934
0.019453
0.998934
0.0365998
0.034827
0.243633
0.374968
0.322308
0.00449248
0.0100403
0.26914
0.361883
0.876061
0.146067
0.0149789
0.00135823
0.0156944
0.00803852
0.118616
0.464026
0.331441
0.170464
0.0817715
0.282376
0.073458
0.256193
0.40087
0.153794
0.0238341
0.0734218
0.558719
0.22007
0.464026
0.79704
0.231572
0.998934
0.922167
0.00145744
0.044185
0.118932
0.724677
0.0449117
-0.000771664
0.118616
0.00900366
0.282336
0.18156
0.0734218
0.0136178
-0.000509131
0.179416
0.22007
-0.000628843
0.0555795
0.000714642
0.93117
-0.000609327
0.85206
0.847167
0.07746
0.962291
0.0136178
0.0222995
0.488509
0.0123435
0.442336
0.243633
0.0579618
0.908551
0.0271427
0.118616
-0.000789929
0.426839
0.426442
0.985489
0.0657188
0.161908
0.19874
0.0149789
0.179416
0.0327581
0.170464
0.0653552
0.124997
0.209134
0.439083
0.034827
0.282376
0.706812
0.694651
0.944578
0.0238341
0.0555795
0.908551
0.876061
0.295647
0.0293968
0.0231955
0.0238341
0.0862973
0.22007
0.00553688
0.220006
0.29128
0.688494
0.0495998
0.418973
0.209134
0.188819
0.998934
0.025448
0.000530169
0.913107
0.112562
0.724677
0.880776
0.243633
0.0048282
0.512474
0.26914
0.0168825
0.131452
0.34876
0.309015
0.812642
0.50056
0.243633
-0.000695033
0.282336
0.161942
0.170464
0.170464
0.569899
0.0733826
0.944578
0.19874
0.0231955
0.547369
0.0392608
0.374943
0.00135823
0.580928
0.00714103
0.0734218
0.112562
0.153794
0.361883
-0.000357715
0.196731
0.00900366
0.0196122
0.161942
0.994451
0.0544461
0.283365
0.282336
-0.000609327
0.524262
0.34876
0.00112383
0.0164298
0.0196122
-0.000609327
0.00743636
0.231572
0.00803852
0.00305707
0.256193
0.00743636
0.451606
0.146067
0.473252
0.0496074
0.0238341
0.476327
0.0100403
0.0341012
0.146067
0.0392517
0.0468224
0.0164298
0.00714103
-0.000209472
0.580928
0.00304419
0.000269723
0.0579402
0.00743636
0.0862973
0.0496074
0.34876
0.7421
0.86175
0.644331
0.0392768
0.00630777
0.198702
-0.000366822
0.189129
0.00145744
0.113022
0.29128
0.315317
0.000189876
0.547369
0.917644
-0.000366822
0.940122
0.000436989
0.0238341
0.231572
0.953456
0.0231955
0.000269723
0.212166
0.0777487
0.231572
0.138679
0.118616
0.464026
0.0316931
0.0327581
0.962291
0.736341
0.0327581
0.159173
-0.000695033
-0.000499807
0.976528
0.113098
0.131365
0.426839
0.0149789
0.112562
0.00350369
0.335547
0.0960509
0.0511585
-0.000755767
0.00815157
0.0495998
0.00973107
0.00304419
0.361883
0.0100403
0.0181347
0.209134
0.0164298
0.442476
0.282336
0.0694428
0.985489
0.20449
0.00556663
0.00181607
0.259387
0.442336
0.413713
0.0123435
0.876061
0.000436989
0.275321
0.00714103
0.00676894
0.138075
0.0272161
0.0693371
0.0179733
0.188857
0.07746
-0.000509131
0.465572
0.747811
0.153794
0.885464
0.434673
0.86175
0.533174
0.275321
0.0316931
0.00676894
0.0307961
0.0293968
0.00260946
0.101935
0.307391
0.179416
0.379394
0.998934
0.0416676
0.426839
0.101283
0.000714642
0.569025
0.0156944
0.335547
0.00714103
0.837284
0.418973
0.00260946
0.170464
0.736341
0.000814844
0.0100403
-0.000509131
0.0468224
0.295647
0.949023
0.899383
0.00630777
0.209134
0.170464
0.00553688
0.339365
0.170464
0.50056
0.0179733
0.00803852
0.000814844
0.0862973
0.0035919
0.00630777
0.786427
0.0196122
0.000436989
0.235556
0.0348313
0.998934
0.295647
0.179416
0.282336
0.700756
0.0555795
0.231572
0.0544461
0.998934
0.700756
-0.000509131
-0.000209472
0.00891618
0.413713
0.267279
0.153794
-2.5145e-05
0.000814844
0.0231955
0.0544663
0.0916679
0.85206
0.876061
0.998934
0.0817715
0.179416
0.944578
0.0420112
0.118932
-0.000716293
0.944578
0.0149789
0.0693052
0.694651
0.106775
0.53589
0.0555795
0.0111522
0.00676894
0.0479633
-0.000795773
0.0307961
0.0179733
0.439083
0.355467
0.0213511
0.451606
0.0967334
0.189129
0.0181347
0.00304419
0.000530169
0.235556
0.00172644
0.0111522
0.0231955
0.694651
0.131452
0.361883
0.387958
0.22007
0.0416676
0.998934
0.170464
0.212166
0.00418084
0.998934
0.0100403
0.0341012
0.231572
0.0917234
0.282336
0.953456
0.0369999
0.0213511
0.0615929
0.138679
0.282336
0.944578
0.488509
0.101935
0.0222995
0.682286
0.131452
0.0967334
0.112562
0.822846
0.0238341
0.131452
0.102001
0.922167
0.348729
-0.000175978
0.165256
0.00135823
0.00257131
0.998161
0.99743
0.0450191
1.00031
0.0733399
0.025448
0.998891
0.99743
-0.000795773
0.426363
0.998161
0.106424
0.99788
0.0156944
-0.000509131
1.00031
0.0922583
0.998891
0.145347
0.996013
0.00556663
0.348937
0.998469
0.998891
0.996013
0.890105
0.00614697
0.198807
0.0450191
0.0145673
1.00031
0.601789
0.00900366
0.998934
0.0316931
1.00031
0.256563
0.682123
1.00182
0.025448
3.39058e-05
0.99743
1.00182
0.000189876
-0.000357715
1.00031
0.998934
0.0010216
0.99743
0.998891
0.998804
0.998161
0.118297
0.99743
0.998934
0.0010216
1.00031
0.535334
0.999171
0.00501841
1.00031
0.99788
0.23192
0.998934
0.161429
0.169993
0.998934
0.0105965
0.50014
0.99788
1.00031
0.034107
0.106424
0.0021294
0.283778
0.99743
0.118161
0.0149789
0.0222995
0.0145673
0.188735
0.998891
0.99743
0.0512921
0.580224
0.00172644
0.0393027
0.998934
3.39058e-05
0.689248
0.998891
1.00031
0.998161
0.998891
0.00135823
0.231917
0.921896
0.0222995
0.997622
0.998469
0.153197
0.00172644
0.996013
0.0622225
0.999171
-0.000609327
0.0035919
0.30937
0.997387
0.996013
0.00398697
1.00031
0.0546501
0.00553688
0.00260946
0.996013
0.998161
0.188819
0.998891
0.998469
0.0450191
0.209346
0.476034
0.998934
0.998804
0.998469
0.998161
0.0733535
0.388014
0.188687
0.476034
0.0238341
0.0123435
0.167241
0.0271454
0.198807
0.153278
0.00257131
0.998891
-0.000175978
0.999171
0.309368
0.998934
0.0393164
0.996013
0.0316931
1.00031
0.220409
0.624794
0.0181347
-0.000628843
0.998469
0.0164298
0.0035919
0.998934
0.5911
0.99743
0.0111522
0.523739
0.99788
1.00182
0.145618
0.0393164
0.220403
0.998804
0.998161
0.00304419
0.0196122
0.463787
0.00305707
0.00553688
0.0111522
-2.5145e-05
0.00172644
0.997622
0.0231955
-0.000695033
-0.000695033
0.169993
0.00305707
0.0179733
1.00031
0.99743
0.99743
0.998934
0.267875
1.00151
1.00031
0.0111522
0.998934
0.996013
0.5911
0.00398697
0.998161
0.99743
0.998804
0.169993
0.996013
0.0123435
0.296103
0.998161
1.00151
0.187543
1.00031
-0.000695033
0.0922344
-0.000795773
0.998934
0.0271454
0.998161
-0.000209472
0.622763
0.00743636
0.269612
0.0111522
0.0238341
0.5911
0.00891618
0.0208403
0.0420937
0.0308077
0.643153
0.124397
0.99743
0.179127
0.034107
0.512027
1.00031
0.106424
0.209364
1.00183
0.00449248
0.0308077
-0.000357715
0.998469
0.99743
0.996013
0.998804
0.0021294
1.00031
0.0393027
0.0958422
0.169993
1.00031
0.0035919
0.198807
0.19874
1.00031
0.123941
0.997622
0.000269723
0.99743
0.998161
0.362029
0.0164298
0.0100403
0.256563
0.198775
0.998934
1.00031
0.0111522
-2.5145e-05
0.997622
0.0145673
0.997387
1.00031
0.0289305
0.0136178
0.413671
0.99743
0.167241
0.169993
0.998161
0.438947
0.00260946
0.179127
0.23192
0.99743
0.0327808
1.00031
0.997622
0.0168825
0.99743
1.00031
0.998934
0.0111522
1.00031
0.0370303
0.998891
0.0231955
0.997387
0.993779
-0.000175978
0.0967914
1.00122
0.998161
0.209381
0.998469
0.998804
0.123941
0.0149789
0.000814844
0.0010216
0.0231955
0.0393027
0.24396
0.997622
0.0048282
0.0271454
0.99743
1.00031
0.113895
0.00973107
0.00135823
0.768837
0.00743636
0.296115
0.00743636
0.034107
0.0393164
0.112206
0.0145673
1.00031
0.998934
0.269612
0.256565
0.0213511
0.622763
0.0111522
0.996013
0.998891
0.00714103
0.0251496
0.0417174
0.00398697
0.025448
0.00501841
0.00900366
0.998161
0.00630777
0.998161
1.00182
0.996013
0.998934
0.161429
0.998161
0.169993
0.269612
0.130292
0.413671
0.999171
0.0777076
-0.000509131
0.00112383
0.99743
0.998804
0.00803852
0.998804
0.00553688
0.99743
1.00031
0.0181347
0.145436
0.188819
0.853315
0.99788
0.137958
0.0393027
3.39058e-05
0.00743636
0.998934
0.0327808
0.036642
0.998161
0.188735
0.999171
0.998934
0.997622
0.220409
0.198807
1.00031
0.99743
0.998934
0.998891
0.036642
0.99743
0.153278
0.996013
1.00031
0.019453
0.0179733
1.00031
1.00182
-0.000209472
0.0923181
0.161429
0.00973107
0.00553688
0.209306
0.000269723
0.996013
0.998891
0.00815157
0.0512921
0.145436
1.00182
0.00676894
0.0196122
0.998161
0.0134968
0.159938
0.0145673
0.179127
1.00031
0.0420937
0.0181347
0.220442
1.00182
0.998934
0.662947
0.99788
0.0208403
0.19874
0.198661
0.0010216
0.00614697
0.0100403
1.00031
0.895664
0.243957
0.145347
0.0622345
0.118297
0.438947
0.99743
0.19874
0.99743
0.998934
0.0920909
0.0105965
-0.000795773
0.153197
0.00304419
0.0480835
0.0733826
0.169993
0.998161
0.188735
-0.000771664
0.198661
-0.000771664
0.996013
0.5911
1.00031
0.034107
0.179062
1.00031
1.00031
0.998934
0.996013
1.00182
0.99743
0.00501841
0.0271454
1.00031
0.00556663
0.00556663
0.998934
0.895664
0.209283
0.622763
0.998161
0.998891
0.998891
0.996013
0.179127
0.0272161
0.998891
0.997622
0.198807
0.0048282
0.998469
0.0468898
0.169993
1.00182
0.00305707
0.209306
1.00031
0.998469
0.0327808
0.138047
0.99743
0.996013
0.0136178
0.145347
0.998469
1.00031
0.998934
0.523763
0.0923181
0.463787
0.996013
0.0111522
0.000714642
0.0136178
0.0393164
1.00031
0.451424
0.388014
1.00031
0.996013
0.998161
0.243963
0.025448
1.00031
0.998891
0.676929
0.442652
0.322599
0.182241
0.348937
0.00257131
0.187543
1.00031
0.735854
0.998804
0.99788
1.00031
0.0293968
0.106424
0.998891
0.118161
0.99743
0.99743
1.00031
0.998161
0.0622225
0.488158
0.998161
0.198864
0.0417174
0.998934
0.99743
0.0450191
0.188635
-0.000755767
0.99743
0.296111
1.00031
0.322598
0.169993
0.108203
0.198775
0.0348535
0.106424
0.99743
0.145347
0.998161
0.0010216
0.0231955
0.0393027
0.388014
0.0105965
0.996013
0.0100403
0.997622
0.0512921
0.362029
0.000269723
0.375058
0.0179733
0.0393164
1.00151
1.00031
0.718548
0.997622
0.0123435
0.998934
0.019453
0.998934
0.036642
0.0348535
0.388014
0.99788
1.00122
0.00449248
0.0100403
0.523763
0.99788
0.99743
0.19874
0.0149789
0.00135823
0.0156944
0.00803852
0.188578
0.998469
0.996013
0.220395
0.153197
0.622763
0.0922344
0.451424
1.00151
0.209346
0.0238341
0.0923181
0.998804
0.322599
0.998469
0.99743
0.362029
0.998934
0.99743
0.00145744
0.0442397
0.998891
0.99743
0.0480835
-0.000771664
0.188578
0.00900366
0.691439
0.998891
0.0974439
0.0136178
-0.000509131
0.23192
0.3226
-0.000628843
0.0816771
0.000714642
0.998934
-0.000609327
0.99743
1.00182
0.145347
0.998934
0.0136178
0.0222995
0.998469
0.0123435
1.00031
0.413675
0.0820599
0.99743
0.0271454
0.179127
-0.000789929
1.00031
0.998161
0.998934
0.118161
0.209381
0.256563
0.0149789
0.23192
0.0348535
0.220409
0.118297
0.188635
0.282849
0.998161
0.0348535
0.622763
0.99743
0.99743
0.998934
0.0238341
0.0816992
0.99743
0.99743
0.78439
0.0293968
0.0231955
0.0238341
0.153197
0.309368
0.00553688
1.00031
1.00031
0.99743
0.0622288
1.00031
0.282837
0.256563
0.998934
0.025448
0.000530169
0.99743
0.179127
0.99743
0.99743
0.388014
0.0048282
0.998804
0.569238
0.0168825
0.998891
0.997622
0.866736
0.99743
0.998469
0.426357
-0.000695033
0.691439
0.209364
0.220409
0.209423
0.998804
0.0974439
0.998934
0.269612
0.0231955
0.998804
0.0393027
0.99788
0.00135823
0.999171
0.00714103
0.0974241
0.179062
0.209346
0.997622
-0.000357715
1.00031
0.00900366
0.0196122
0.209364
0.998934
0.0821146
0.996013
0.633057
-0.000609327
0.998804
1.00122
0.00112383
0.0164298
0.0196122
-0.000609327
0.00743636
0.375058
0.00803852
0.00305707
0.488158
0.00743636
0.998161
0.198807
1.00031
0.0496738
0.0238341
0.998469
0.0100403
0.034107
0.19874
0.0393027
0.0496738
0.0164298
0.00714103
-0.000209472
0.998804
0.00304419
0.000269723
0.136885
0.00743636
0.153197
0.0496738
1.00122
1.00182
0.99743
0.996013
0.0393164
0.00630777
0.269612
-0.000366822
1.00031
0.00145744
0.998891
1.00031
1.00031
0.000189876
0.998804
0.99743
-0.000366822
0.998934
0.000436989
0.0238341
0.375058
0.998934
0.0231955
0.000269723
1.00031
0.102729
0.362029
0.19874
0.179127
0.998469
0.0316931
0.0348535
0.998934
0.99743
0.0348535
0.998891
-0.000695033
-0.000499807
0.998934
0.998891
0.998891
0.996013
0.0149789
0.179062
0.00350369
0.997622
0.161429
0.0512921
-0.000755767
0.00815157
0.0588532
0.00973107
0.00304419
0.99788
0.0100403
0.0181347
0.282837
0.0164298
1.00031
0.67258
0.138047
0.998934
1.00031
0.00556663
0.00181607
1.00031
1.00031
0.998161
0.0123435
0.99743
0.000436989
1.00031
0.00714103
0.00676894
0.998891
0.0272161
0.0967914
0.0179733
0.243963
0.145347
-0.000509131
1.00031
0.99743
0.209346
0.99743
1.00031
0.99743
0.996013
1.00031
0.0316931
0.00676894
0.0308077
0.0293968
0.00260946
0.998891
1.00031
0.231921
1.00031
0.998934
0.0442397
1.00031
0.161429
0.000714642
0.996013
0.0156944
0.997622
0.00714103
1.00182
0.996013
0.00260946
0.220409
0.99743
0.000814844
0.0100403
-0.000509131
0.0496738
0.813913
0.998934
0.99743
0.00630777
0.296115
0.209435
0.00553688
1.00031
0.220409
0.998469
0.0179733
0.00803852
0.000814844
0.153197
0.0035919
0.00630777
0.99743
0.0196122
0.000436989
1.00031
0.0348535
0.998934
0.820947
0.220438
0.718548
1.00182
0.0816531
0.375057
0.0821146
0.998934
0.99743
-0.000509131
-0.000209472
0.00891618
0.998161
1.00031
0.198864
-2.5145e-05
0.000814844
0.0231955
0.0777076
0.526074
1.00182
0.99743
0.998934
0.153197
0.231921
0.998934
0.0450191
0.998891
-0.000716293
0.998934
0.0149789
0.0967914
0.99743
0.170065
0.998804
0.0816771
0.0111522
0.00676894
0.0512921
-0.000795773
0.0308077
0.0179733
0.998161
1.00031
0.0213511
0.998469
0.908599
1.00031
0.0181347
0.00304419
0.000530169
1.00031
0.00172644
0.0111522
0.0231955
0.99743
0.998891
1.00151
0.99788
0.322599
0.0442397
0.998934
0.22037
1.00031
0.00418084
0.998934
0.0100403
0.034107
0.375059
0.434871
0.67258
0.998934
0.0370303
0.0213511
0.187543
0.19874
0.691439
0.998934
0.998469
0.998891
0.0222995
1.00182
0.998891
0.899622
0.179062
1.00182
0.0238341
0.998891
0.998891
0.99743
1.00122
