Determining initial impinging trajectory...
Yhit = -0.275758
Determining lower impingement limit...
IndHit = 99, Yhit = -0.275758, Ymiss = -0.280043
IndHit = 39, Yhit = -0.278355, Ymiss = -0.278398
IndHit = 0, Yhit = -0.278398, Ymiss = -0.278398
Ylower = -0.278398
Determining upper impingement limit...
IndHit = 35, Yhit = -0.215328, Ymiss = -0.213526
IndHit = 48, Yhit = -0.214454, Ymiss = -0.214436
IndHit = 99, Yhit = -0.214436, Ymiss = -0.214436
Yupper = -0.214436
stagPtS = 1.008357, stagPtX = -0.000164, stagPtY = 0.000479
maxiter = 2000
ITER = 0	1000	1000
ITER = 1	1000	1000
ITER = 2	1000	1000
ITER = 3	1000	1000
ITER = 4	1000	1000
ITER = 5	1000	1000
ITER = 6	1000	1000
ITER = 7	1000	1000
ITER = 8	1000	1000
ITER = 9	1000	1000
ITER = 10	1000	1000
ITER = 11	1000	1000
ITER = 12	1000	1000
ITER = 13	1000	1000
ITER = 14	1000	1000
ITER = 15	1000	1000
ITER = 16	1000	1000
ITER = 17	1000	1000
ITER = 18	1000	1000
ITER = 19	1000	1000
ITER = 20	1000	1000
ITER = 21	1000	1000
ITER = 22	1000	1000
ITER = 23	1000	1000
ITER = 24	1000	1000
ITER = 25	1000	1000
ITER = 26	1000	1000
ITER = 27	1000	1000
ITER = 28	1000	1000
ITER = 29	1000	1000
ITER = 30	1000	1000
ITER = 31	1000	1000
ITER = 32	1000	1000
ITER = 33	1000	1000
ITER = 34	1000	1000
ITER = 35	1000	1000
ITER = 36	1000	1000
ITER = 37	1000	1000
ITER = 38	1000	1000
ITER = 39	1000	1000
ITER = 40	1000	1000
ITER = 41	1000	1000
ITER = 42	1000	1000
ITER = 43	1000	1000
ITER = 44	1000	1000
ITER = 45	1000	1000
ITER = 46	1000	1000
ITER = 47	1000	1000
ITER = 48	1000	1000
ITER = 49	1000	1000
ITER = 50	1000	1000
ITER = 51	1000	1000
ITER = 52	1000	1000
ITER = 53	1000	1000
ITER = 54	1000	1000
ITER = 55	1000	1000
ITER = 56	1000	1000
ITER = 57	1000	1000
ITER = 58	1000	1000
ITER = 59	1000	1000
ITER = 60	1000	1000
ITER = 61	1000	1000
ITER = 62	1000	1000
ITER = 63	1000	1000
ITER = 64	1000	1000
ITER = 65	1000	1000
ITER = 66	1000	1000
ITER = 67	1000	1000
ITER = 68	1000	1000
ITER = 69	1000	1000
ITER = 70	1000	1000
ITER = 71	1000	1000
ITER = 72	1000	1000
ITER = 73	1000	1000
ITER = 74	1000	1000
ITER = 75	1000	1000
ITER = 76	1000	1000
ITER = 77	1000	1000
ITER = 78	1000	1000
ITER = 79	1000	1000
ITER = 80	1000	1000
ITER = 81	1000	1000
ITER = 82	1000	1000
ITER = 83	1000	1000
ITER = 84	1000	1000
ITER = 85	1000	1000
ITER = 86	1000	1000
ITER = 87	1000	1000
ITER = 88	1000	1000
ITER = 89	1000	1000
ITER = 90	1000	1000
ITER = 91	1000	1000
ITER = 92	1000	1000
ITER = 93	1000	1000
ITER = 94	1000	1000
ITER = 95	1000	1000
ITER = 96	1000	1000
ITER = 97	1000	1000
ITER = 98	1000	1000
ITER = 99	1000	1000
ITER = 100	1000	1000
ITER = 101	1000	1000
ITER = 102	1000	1000
ITER = 103	1000	1000
ITER = 104	1000	1000
ITER = 105	1000	1000
ITER = 106	1000	1000
ITER = 107	1000	1000
ITER = 108	1000	1000
ITER = 109	1000	1000
ITER = 110	1000	1000
ITER = 111	1000	1000
ITER = 112	1000	1000
ITER = 113	1000	1000
ITER = 114	1000	1000
ITER = 115	1000	1000
ITER = 116	1000	1000
ITER = 117	1000	1000
ITER = 118	1000	1000
ITER = 119	1000	1000
ITER = 120	1000	1000
ITER = 121	1000	1000
ITER = 122	1000	1000
ITER = 123	1000	1000
ITER = 124	1000	1000
ITER = 125	1000	1000
ITER = 126	1000	1000
ITER = 127	1000	1000
ITER = 128	1000	1000
ITER = 129	1000	1000
ITER = 130	1000	1000
ITER = 131	1000	1000
ITER = 132	1000	1000
ITER = 133	1000	1000
ITER = 134	1000	1000
ITER = 135	1000	1000
ITER = 136	1000	1000
ITER = 137	1000	1000
ITER = 138	1000	1000
ITER = 139	1000	1000
ITER = 140	1000	1000
ITER = 141	1000	1000
ITER = 142	1000	1000
ITER = 143	1000	1000
ITER = 144	1000	1000
ITER = 145	1000	1000
ITER = 146	1000	1000
ITER = 147	1000	1000
ITER = 148	1000	1000
ITER = 149	1000	1000
ITER = 150	1000	1000
ITER = 151	1000	1000
ITER = 152	1000	1000
ITER = 153	1000	1000
ITER = 154	1000	1000
ITER = 155	1000	1000
ITER = 156	1000	1000
ITER = 157	1000	1000
ITER = 158	1000	1000
ITER = 159	1000	1000
ITER = 160	1000	1000
ITER = 161	1000	1000
ITER = 162	1000	1000
ITER = 163	1000	1000
ITER = 164	1000	1000
ITER = 165	1000	1000
ITER = 166	1000	1000
ITER = 167	1000	1000
ITER = 168	1000	1000
ITER = 169	1000	1000
ITER = 170	1000	1000
ITER = 171	1000	1000
ITER = 172	1000	1000
ITER = 173	1000	1000
ITER = 174	1000	1000
ITER = 175	1000	1000
ITER = 176	1000	1000
ITER = 177	1000	1000
ITER = 178	1000	1000
ITER = 179	1000	1000
ITER = 180	1000	1000
ITER = 181	1000	1000
ITER = 182	1000	1000
ITER = 183	1000	1000
ITER = 184	1000	1000
ITER = 185	1000	1000
ITER = 186	1000	1000
ITER = 187	1000	1000
ITER = 188	1000	1000
ITER = 189	1000	1000
ITER = 190	1000	1000
ITER = 191	1000	1000
ITER = 192	1000	1000
ITER = 193	1000	1000
ITER = 194	1000	1000
ITER = 195	1000	1000
ITER = 196	1000	1000
ITER = 197	1000	1000
ITER = 198	1000	1000
ITER = 199	1000	1000
ITER = 200	1000	1000
ITER = 201	1000	1000
ITER = 202	1000	1000
ITER = 203	1000	1000
ITER = 204	1000	1000
ITER = 205	1000	1000
ITER = 206	1000	1000
ITER = 207	1000	1000
ITER = 208	1000	1000
ITER = 209	1000	1000
ITER = 210	1000	1000
ITER = 211	1000	1000
ITER = 212	1000	1000
ITER = 213	1000	1000
ITER = 214	1000	1000
ITER = 215	1000	1000
ITER = 216	1000	1000
ITER = 217	1000	1000
ITER = 218	1000	1000
ITER = 219	1000	1000
ITER = 220	1000	1000
ITER = 221	1000	1000
ITER = 222	1000	1000
ITER = 223	1000	1000
ITER = 224	1000	1000
ITER = 225	1000	1000
ITER = 226	1000	1000
ITER = 227	1000	1000
ITER = 228	1000	1000
ITER = 229	1000	1000
ITER = 230	1000	1000
ITER = 231	1000	1000
ITER = 232	1000	1000
ITER = 233	1000	1000
ITER = 234	1000	1000
ITER = 235	1000	1000
ITER = 236	1000	1000
ITER = 237	1000	1000
ITER = 238	1000	1000
ITER = 239	1000	1000
ITER = 240	1000	1000
ITER = 241	1000	1000
ITER = 242	1000	1000
ITER = 243	1000	1000
ITER = 244	1000	1000
ITER = 245	1000	1000
ITER = 246	1000	1000
ITER = 247	1000	1000
ITER = 248	1000	1000
ITER = 249	1000	1000
ITER = 250	1000	1000
ITER = 251	1000	1000
ITER = 252	1000	1000
ITER = 253	1000	1000
ITER = 254	1000	1000
ITER = 255	1000	1000
ITER = 256	1000	1000
ITER = 257	1000	1000
ITER = 258	1000	1000
ITER = 259	1000	1000
ITER = 260	1000	1000
ITER = 261	1000	1000
ITER = 262	1000	1000
ITER = 263	1000	1000
ITER = 264	1000	1000
ITER = 265	1000	1000
ITER = 266	1000	1000
ITER = 267	1000	1000
ITER = 268	1000	1000
ITER = 269	1000	1000
ITER = 270	1000	1000
ITER = 271	1000	1000
ITER = 272	1000	1000
ITER = 273	1000	1000
ITER = 274	1000	1000
ITER = 275	1000	1000
ITER = 276	1000	1000
ITER = 277	1000	1000
ITER = 278	1000	1000
ITER = 279	1000	1000
ITER = 280	1000	1000
ITER = 281	1000	1000
ITER = 282	1000	1000
ITER = 283	1000	1000
ITER = 284	1000	1000
ITER = 285	1000	1000
ITER = 286	1000	1000
ITER = 287	1000	1000
ITER = 288	1000	1000
ITER = 289	1000	1000
ITER = 290	1000	1000
ITER = 291	1000	1000
ITER = 292	1000	1000
ITER = 293	1000	1000
ITER = 294	1000	1000
ITER = 295	1000	1000
ITER = 296	1000	1000
ITER = 297	1000	1000
ITER = 298	1000	1000
ITER = 299	1000	1000
ITER = 300	1000	1000
ITER = 301	1000	1000
ITER = 302	1000	1000
ITER = 303	1000	1000
ITER = 304	1000	1000
ITER = 305	1000	1000
ITER = 306	1000	1000
ITER = 307	1000	1000
ITER = 308	1000	1000
ITER = 309	1000	1000
ITER = 310	1000	1000
ITER = 311	1000	1000
ITER = 312	1000	1000
ITER = 313	1000	1000
ITER = 314	1000	1000
ITER = 315	1000	1000
ITER = 316	1000	1000
ITER = 317	1000	1000
ITER = 318	1000	1000
ITER = 319	1000	1000
ITER = 320	1000	1000
ITER = 321	1000	1000
ITER = 322	1000	1000
ITER = 323	1000	1000
ITER = 324	1000	1000
ITER = 325	1000	1000
ITER = 326	1000	1000
ITER = 327	1000	1000
ITER = 328	1000	1000
ITER = 329	1000	1000
ITER = 330	1000	1000
ITER = 331	1000	1000
ITER = 332	1000	1000
ITER = 333	1000	1000
ITER = 334	1000	1000
ITER = 335	1000	1000
ITER = 336	1000	1000
ITER = 337	1000	1000
ITER = 338	1000	1000
ITER = 339	1000	1000
ITER = 340	1000	1000
ITER = 341	1000	1000
ITER = 342	1000	1000
ITER = 343	1000	1000
ITER = 344	1000	1000
ITER = 345	1000	1000
ITER = 346	1000	1000
ITER = 347	1000	1000
ITER = 348	1000	1000
ITER = 349	1000	1000
ITER = 350	1000	1000
ITER = 351	1000	1000
ITER = 352	1000	1000
ITER = 353	1000	1000
ITER = 354	1000	1000
ITER = 355	1000	1000
ITER = 356	1000	1000
ITER = 357	1000	1000
ITER = 358	1000	1000
ITER = 359	1000	1000
ITER = 360	1000	1000
ITER = 361	1000	1000
ITER = 362	1000	1000
ITER = 363	1000	1000
ITER = 364	1000	1000
ITER = 365	1000	1000
ITER = 366	1000	1000
ITER = 367	1000	1000
ITER = 368	1000	1000
ITER = 369	1000	1000
ITER = 370	1000	1000
ITER = 371	1000	1000
ITER = 372	1000	1000
ITER = 373	1000	1000
ITER = 374	1000	1000
ITER = 375	1000	1000
ITER = 376	1000	1000
ITER = 377	1000	1000
ITER = 378	1000	1000
ITER = 379	1000	1000
ITER = 380	1000	1000
ITER = 381	1000	1000
ITER = 382	1000	1000
ITER = 383	1000	1000
ITER = 384	1000	1000
ITER = 385	1000	1000
ITER = 386	1000	1000
ITER = 387	1000	1000
ITER = 388	1000	1000
ITER = 389	1000	1000
ITER = 390	1000	1000
ITER = 391	1000	1000
ITER = 392	1000	1000
ITER = 393	1000	1000
ITER = 394	1000	1000
ITER = 395	1000	1000
ITER = 396	1000	1000
ITER = 397	1000	1000
ITER = 398	1000	1000
ITER = 399	1000	1000
ITER = 400	1000	1000
ITER = 401	1000	1000
ITER = 402	1000	1000
ITER = 403	1000	1000
ITER = 404	1000	1000
ITER = 405	1000	1000
ITER = 406	1000	1000
ITER = 407	1000	1000
ITER = 408	1000	1000
ITER = 409	1000	1000
ITER = 410	1000	1000
ITER = 411	1000	1000
ITER = 412	1000	1000
ITER = 413	1000	1000
ITER = 414	1000	1000
ITER = 415	1000	1000
ITER = 416	1000	1000
ITER = 417	1000	1000
ITER = 418	1000	1000
ITER = 419	1000	1000
ITER = 420	1000	1000
ITER = 421	1000	1000
ITER = 422	1000	1000
ITER = 423	1000	1000
ITER = 424	1000	1000
ITER = 425	1000	1000
ITER = 426	1000	1000
ITER = 427	1000	1000
ITER = 428	1000	1000
ITER = 429	1000	1000
ITER = 430	1000	1000
ITER = 431	1000	1000
ITER = 432	1000	1000
ITER = 433	1000	1000
ITER = 434	1000	1000
ITER = 435	1000	1000
ITER = 436	1000	1000
ITER = 437	1000	1000
ITER = 438	1000	1000
ITER = 439	1000	1000
ITER = 440	1000	1000
ITER = 441	1000	1000
ITER = 442	1000	1000
ITER = 443	1000	1000
ITER = 444	1000	1000
ITER = 445	1000	1000
ITER = 446	1000	1000
ITER = 447	1000	1000
ITER = 448	1000	1000
ITER = 449	1000	1000
ITER = 450	1000	1000
ITER = 451	1000	1000
ITER = 452	1000	1000
ITER = 453	1000	1000
ITER = 454	1000	1000
ITER = 455	1000	1000
ITER = 456	1000	1000
ITER = 457	1000	1000
ITER = 458	1000	1000
ITER = 459	1000	1000
ITER = 460	1000	1000
ITER = 461	1000	1000
ITER = 462	1000	1000
ITER = 463	1000	1000
ITER = 464	1000	1000
ITER = 465	1000	1000
ITER = 466	1000	1000
ITER = 467	1000	1000
ITER = 468	1000	1000
ITER = 469	1000	1000
ITER = 470	1000	1000
ITER = 471	1000	1000
ITER = 472	1000	1000
ITER = 473	1000	1000
ITER = 474	1000	1000
ITER = 475	1000	1000
ITER = 476	1000	1000
ITER = 477	1000	1000
ITER = 478	1000	1000
ITER = 479	1000	1000
ITER = 480	1000	1000
ITER = 481	1000	1000
ITER = 482	1000	1000
ITER = 483	1000	1000
ITER = 484	1000	1000
ITER = 485	1000	1000
ITER = 486	1000	1000
ITER = 487	1000	1000
ITER = 488	1000	1000
ITER = 489	1000	1000
ITER = 490	1000	1000
ITER = 491	1000	1000
ITER = 492	1000	1000
ITER = 493	1000	1000
ITER = 494	1000	1000
ITER = 495	1000	1000
ITER = 496	1000	1000
ITER = 497	1000	1000
ITER = 498	1000	1000
ITER = 499	1000	1000
ITER = 500	1000	1000
ITER = 501	1000	1000
ITER = 502	1000	1000
ITER = 503	1000	1000
ITER = 504	1000	1000
ITER = 505	1000	1000
ITER = 506	1000	1000
ITER = 507	1000	1000
ITER = 508	1000	1000
ITER = 509	1000	1000
ITER = 510	1000	1000
ITER = 511	1000	1000
ITER = 512	1000	1000
ITER = 513	1000	1000
ITER = 514	1000	1000
ITER = 515	1000	1000
ITER = 516	1000	1000
ITER = 517	1000	1000
ITER = 518	1000	1000
ITER = 519	1000	1000
ITER = 520	1000	1000
ITER = 521	1000	1000
ITER = 522	1000	1000
ITER = 523	1000	1000
ITER = 524	1000	1000
ITER = 525	1000	1000
ITER = 526	1000	1000
ITER = 527	1000	1000
ITER = 528	1000	1000
ITER = 529	1000	1000
ITER = 530	1000	1000
ITER = 531	1000	1000
ITER = 532	1000	1000
ITER = 533	1000	1000
ITER = 534	1000	1000
ITER = 535	1000	1000
ITER = 536	1000	1000
ITER = 537	1000	1000
ITER = 538	1000	1000
ITER = 539	1000	1000
ITER = 540	1000	1000
ITER = 541	1000	1000
ITER = 542	1000	1000
ITER = 543	1000	1000
ITER = 544	1000	1000
ITER = 545	1000	1000
ITER = 546	1000	1000
ITER = 547	1000	1000
ITER = 548	1000	1000
ITER = 549	1000	1000
ITER = 550	1000	1000
ITER = 551	1000	1000
ITER = 552	1000	1000
ITER = 553	1000	1000
ITER = 554	1000	1000
ITER = 555	1000	1000
ITER = 556	1000	1000
ITER = 557	1000	1000
ITER = 558	1000	1000
ITER = 559	1000	1000
ITER = 560	1000	1000
ITER = 561	1000	1000
ITER = 562	1000	1000
ITER = 563	1000	1000
ITER = 564	1000	1000
ITER = 565	1000	1000
ITER = 566	1000	1000
ITER = 567	1000	1000
ITER = 568	1000	1000
ITER = 569	1000	1000
ITER = 570	1000	1000
ITER = 571	1000	1000
ITER = 572	1000	1000
ITER = 573	1000	1000
ITER = 574	1000	1000
ITER = 575	1000	1000
ITER = 576	1000	1000
ITER = 577	1000	1000
ITER = 578	1000	1000
ITER = 579	1000	1000
ITER = 580	1000	1000
ITER = 581	1000	1000
ITER = 582	1000	1000
ITER = 583	1000	1000
ITER = 584	1000	1000
ITER = 585	1000	1000
ITER = 586	1000	1000
ITER = 587	1000	1000
ITER = 588	1000	1000
ITER = 589	1000	1000
ITER = 590	1000	1000
ITER = 591	1000	1000
ITER = 592	1000	1000
ITER = 593	1000	1000
ITER = 594	1000	1000
ITER = 595	1000	1000
ITER = 596	1000	1000
ITER = 597	1000	1000
ITER = 598	1000	1000
ITER = 599	1000	1000
ITER = 600	1000	1000
ITER = 601	1000	1000
ITER = 602	1000	1000
ITER = 603	1000	1000
ITER = 604	1000	1000
ITER = 605	1000	1000
ITER = 606	1000	1000
ITER = 607	1000	1000
ITER = 608	1000	1000
ITER = 609	1000	1000
ITER = 610	1000	1000
ITER = 611	1000	1000
ITER = 612	1000	1000
ITER = 613	1000	1000
ITER = 614	1000	1000
ITER = 615	1000	1000
ITER = 616	1000	1000
ITER = 617	1000	1000
ITER = 618	1000	1000
ITER = 619	1000	1000
ITER = 620	1000	1000
ITER = 621	1000	1000
ITER = 622	1000	1000
ITER = 623	1000	1000
ITER = 624	1000	1000
ITER = 625	1000	1000
ITER = 626	1000	1000
ITER = 627	1000	1000
ITER = 628	1000	1000
ITER = 629	1000	1000
ITER = 630	1000	1000
ITER = 631	1000	1000
ITER = 632	1000	1000
ITER = 633	1000	1000
ITER = 634	1000	1000
ITER = 635	1000	1000
ITER = 636	1000	1000
ITER = 637	1000	1000
ITER = 638	1000	1000
ITER = 639	1000	1000
ITER = 640	1000	1000
ITER = 641	1000	1000
ITER = 642	1000	1000
ITER = 643	1000	1000
ITER = 644	1000	1000
ITER = 645	1000	1000
ITER = 646	1000	1000
ITER = 647	1000	1000
ITER = 648	1000	1000
ITER = 649	1000	1000
ITER = 650	1000	1000
ITER = 651	1000	1000
ITER = 652	1000	1000
ITER = 653	1000	1000
ITER = 654	1000	1000
ITER = 655	1000	1000
ITER = 656	1000	1000
ITER = 657	1000	1000
ITER = 658	1000	1000
ITER = 659	1000	1000
ITER = 660	1000	1000
ITER = 661	1000	1000
ITER = 662	1000	1000
ITER = 663	1000	1000
ITER = 664	1000	1000
ITER = 665	1000	1000
ITER = 666	1000	1000
ITER = 667	1000	1000
ITER = 668	1000	1000
ITER = 669	1000	1000
ITER = 670	1000	1000
ITER = 671	1000	1000
ITER = 672	1000	1000
ITER = 673	1000	1000
ITER = 674	1000	1000
ITER = 675	1000	1000
ITER = 676	1000	1000
ITER = 677	1000	1000
ITER = 678	1000	1000
ITER = 679	1000	1000
ITER = 680	1000	1000
ITER = 681	1000	1000
ITER = 682	1000	1000
ITER = 683	1000	1000
ITER = 684	1000	1000
ITER = 685	1000	1000
ITER = 686	1000	1000
ITER = 687	1000	1000
ITER = 688	1000	1000
ITER = 689	1000	1000
ITER = 690	1000	1000
ITER = 691	1000	1000
ITER = 692	1000	1000
ITER = 693	1000	1000
ITER = 694	1000	1000
ITER = 695	1000	1000
ITER = 696	1000	1000
ITER = 697	1000	1000
ITER = 698	1000	1000
ITER = 699	1000	1000
ITER = 700	1000	1000
ITER = 701	1000	1000
ITER = 702	1000	1000
ITER = 703	1000	1000
ITER = 704	1000	1000
ITER = 705	1000	1000
ITER = 706	1000	1000
ITER = 707	1000	1000
ITER = 708	1000	1000
ITER = 709	1000	1000
ITER = 710	1000	1000
ITER = 711	1000	1000
ITER = 712	1000	1000
ITER = 713	1000	1000
ITER = 714	1000	1000
ITER = 715	1000	1000
ITER = 716	1000	1000
ITER = 717	1000	1000
ITER = 718	1000	1000
ITER = 719	1000	1000
ITER = 720	1000	1000
ITER = 721	1000	1000
ITER = 722	1000	1000
ITER = 723	1000	1000
ITER = 724	1000	1000
ITER = 725	1000	1000
ITER = 726	1000	1000
ITER = 727	1000	1000
ITER = 728	1000	1000
ITER = 729	1000	1000
ITER = 730	1000	1000
ITER = 731	1000	1000
ITER = 732	1000	1000
ITER = 733	1000	1000
ITER = 734	1000	1000
ITER = 735	1000	1000
ITER = 736	1000	1000
ITER = 737	1000	1000
ITER = 738	1000	1000
ITER = 739	1000	1000
ITER = 740	1000	1000
ITER = 741	1000	1000
ITER = 742	1000	1000
ITER = 743	1000	1000
ITER = 744	1000	1000
ITER = 745	1000	1000
ITER = 746	1000	1000
ITER = 747	1000	1000
ITER = 748	1000	1000
ITER = 749	1000	1000
ITER = 750	1000	1000
ITER = 751	1000	1000
ITER = 752	1000	1000
ITER = 753	1000	1000
ITER = 754	1000	1000
ITER = 755	1000	1000
ITER = 756	1000	1000
ITER = 757	1000	1000
ITER = 758	1000	1000
ITER = 759	1000	1000
ITER = 760	1000	1000
ITER = 761	1000	1000
ITER = 762	1000	1000
ITER = 763	1000	1000
ITER = 764	1000	1000
ITER = 765	1000	1000
ITER = 766	1000	1000
ITER = 767	1000	1000
ITER = 768	1000	1000
ITER = 769	1000	1000
ITER = 770	1000	1000
ITER = 771	1000	1000
ITER = 772	1000	1000
ITER = 773	1000	1000
ITER = 774	1000	1000
ITER = 775	1000	1000
ITER = 776	1000	1000
ITER = 777	1000	1000
ITER = 778	1000	1000
ITER = 779	1000	1000
ITER = 780	1000	1000
ITER = 781	1000	1000
ITER = 782	1000	1000
ITER = 783	1000	1000
ITER = 784	1000	1000
ITER = 785	1000	1000
ITER = 786	1000	1000
ITER = 787	1000	1000
ITER = 788	1000	1000
ITER = 789	1000	1000
ITER = 790	1000	1000
ITER = 791	1000	1000
ITER = 792	1000	1000
ITER = 793	1000	1000
ITER = 794	1000	1000
ITER = 795	1000	1000
ITER = 796	1000	1000
ITER = 797	1000	1000
ITER = 798	1000	1000
ITER = 799	1000	1000
ITER = 800	1000	1000
ITER = 801	1000	1000
ITER = 802	1000	1000
ITER = 803	1000	1000
ITER = 804	1000	1000
ITER = 805	1000	1000
ITER = 806	1000	1000
ITER = 807	1000	1000
ITER = 808	1000	1000
ITER = 809	1000	1000
ITER = 810	2200	1000
ITER = 811	3300	2188
ITER = 812	3800	3277
ITER = 813	4800	3772
ITER = 814	5100	4762
ITER = 815	5500	5059
ITER = 816	6200	5455
ITER = 817	6400	6148
ITER = 818	6500	6346
ITER = 819	6600	6445
ITER = 820	6800	6544
ITER = 821	7300	6742
ITER = 822	7500	7237
ITER = 823	7600	7435
ITER = 824	8200	7534
ITER = 825	8300	8128
ITER = 826	8500	8227
ITER = 827	8600	8425
ITER = 828	9000	8524
ITER = 829	9100	8920
ITER = 830	9400	9019
ITER = 831	9694	9316
ITER = 832	9894	9607
ITER = 833	10094	9805
ITER = 834	10194	10003
ITER = 835	10494	10102
ITER = 836	10765	10399
ITER = 837	11021	10667
ITER = 838	11269	10919
ITER = 839	11269	11164
ITER = 840	11343	11164
ITER = 841	11543	11236
ITER = 842	11662	11434
ITER = 843	11762	11551
ITER = 844	11883	11650
ITER = 845	12083	11769
ITER = 846	12182	11965
ITER = 847	12182	12063
ITER = 848	12182	12063
ITER = 849	12344	12063
ITER = 850	12523	12221
ITER = 851	12523	12396
ITER = 852	12622	12394
ITER = 853	12622	12491
ITER = 854	12685	12491
ITER = 855	12747	12552
ITER = 856	12791	12611
ITER = 857	12835	12654
ITER = 858	12835	12697
ITER = 859	12835	12697
ITER = 860	12901	12697
ITER = 861	12923	12759
ITER = 862	12967	12780
ITER = 863	13022	12822
ITER = 864	13022	12874
ITER = 865	13030	12874
ITER = 866	13047	12880
ITER = 867	13055	12895
ITER = 868	13055	12901
ITER = 869	13055	12900
ITER = 870	13055	12900
ITER = 871	13055	12899
ITER = 872	13055	12895
ITER = 873	13055	12894
ITER = 874	13055	12893
ITER = 875	13055	12892
ITER = 876	13055	12892
ITER = 877	13055	12889
ITER = 878	13055	12888
ITER = 879	13055	12887
ITER = 880	13055	12885
ITER = 881	13055	12883
ITER = 882	13055	12880
ITER = 883	13055	12880
ITER = 884	13055	12877
ITER = 885	13055	12875
ITER = 886	13055	12875
ITER = 887	13055	12870
ITER = 888	13055	12870
ITER = 889	13055	12868
ITER = 890	13055	12867
ITER = 891	13055	12866
ITER = 892	13055	12864
ITER = 893	13055	12863
ITER = 894	13055	12862
ITER = 895	13055	12861
ITER = 896	13055	12859
ITER = 897	13055	12859
ITER = 898	13055	12857
ITER = 899	13055	12857
ITER = 900	13055	12856
ITER = 901	13055	12856
ITER = 902	13055	12856
ITER = 903	13055	12853
ITER = 904	13055	12853
ITER = 905	13055	12852
ITER = 906	13055	12850
ITER = 907	13055	12849
ITER = 908	13055	12848
ITER = 909	13055	12847
ITER = 910	13055	12846
ITER = 911	13055	12842
ITER = 912	13055	12842
ITER = 913	13055	12841
ITER = 914	13055	12840
ITER = 915	13055	12838
ITER = 916	13055	12838
ITER = 917	13055	12838
ITER = 918	13055	12836
ITER = 919	13055	12834
ITER = 920	13055	12834
ITER = 921	13055	12832
ITER = 922	13055	12832
ITER = 923	13055	12831
ITER = 924	13055	12831
ITER = 925	13055	12829
ITER = 926	13055	12829
ITER = 927	13055	12826
ITER = 928	13055	12825
ITER = 929	13055	12825
ITER = 930	13055	12824
ITER = 931	13055	12823
ITER = 932	13055	12821
ITER = 933	13055	12820
ITER = 934	13055	12820
ITER = 935	13055	12819
ITER = 936	13055	12818
ITER = 937	13055	12817
ITER = 938	13055	12817
ITER = 939	13055	12817
ITER = 940	13055	12816
ITER = 941	13055	12816
ITER = 942	13055	12815
ITER = 943	13055	12814
ITER = 944	13055	12813
ITER = 945	13055	12813
ITER = 946	13055	12812
ITER = 947	13055	12807
ITER = 948	13055	12807
ITER = 949	13055	12807
ITER = 950	13055	12805
ITER = 951	13055	12803
ITER = 952	13055	12803
ITER = 953	13055	12802
ITER = 954	13055	12801
ITER = 955	13055	12801
ITER = 956	13055	12801
ITER = 957	13055	12799
ITER = 958	13055	12799
ITER = 959	13055	12799
ITER = 960	13055	12799
ITER = 961	13055	12799
ITER = 962	13055	12799
ITER = 963	13055	12799
ITER = 964	13055	12798
ITER = 965	13055	12797
ITER = 966	13055	12796
ITER = 967	13055	12795
ITER = 968	13055	12795
ITER = 969	13055	12795
ITER = 970	13055	12793
ITER = 971	13055	12793
ITER = 972	13055	12791
ITER = 973	13055	12791
ITER = 974	13055	12791
ITER = 975	13055	12789
ITER = 976	13055	12785
ITER = 977	13055	12784
ITER = 978	13055	12784
ITER = 979	13055	12784
ITER = 980	13055	12784
ITER = 981	13055	12784
ITER = 982	13055	12782
ITER = 983	13055	12779
ITER = 984	13055	12777
ITER = 985	13055	12777
ITER = 986	13055	12777
ITER = 987	13055	12776
ITER = 988	13055	12776
ITER = 989	13055	12775
ITER = 990	13055	12774
ITER = 991	13055	12773
ITER = 992	13055	12773
ITER = 993	13055	12773
ITER = 994	13055	12772
ITER = 995	13055	12771
ITER = 996	13055	12768
ITER = 997	13055	12767
ITER = 998	13055	12765
ITER = 999	13055	12758
ITER = 1000	13055	12756
ITER = 1001	13055	12755
ITER = 1002	13055	12752
ITER = 1003	13055	12750
ITER = 1004	13055	12746
ITER = 1005	13055	12745
ITER = 1006	13055	12743
ITER = 1007	13055	12740
ITER = 1008	13055	12739
ITER = 1009	13055	12738
ITER = 1010	13055	12738
ITER = 1011	13055	12737
ITER = 1012	13055	12736
ITER = 1013	13055	12735
ITER = 1014	13055	12733
ITER = 1015	13055	12732
ITER = 1016	13055	12731
ITER = 1017	13055	12727
ITER = 1018	13055	12726
ITER = 1019	13055	12721
ITER = 1020	13055	12721
ITER = 1021	13055	12721
ITER = 1022	13055	12721
ITER = 1023	13055	12718
ITER = 1024	13055	12716
ITER = 1025	13055	12711
ITER = 1026	13055	12709
ITER = 1027	13055	12706
ITER = 1028	13055	12704
ITER = 1029	13055	12703
ITER = 1030	13055	12701
ITER = 1031	13055	12699
ITER = 1032	13055	12697
ITER = 1033	13055	12694
ITER = 1034	13055	12692
ITER = 1035	13055	12689
ITER = 1036	13055	12687
ITER = 1037	13055	12685
ITER = 1038	13055	12682
ITER = 1039	13055	12679
ITER = 1040	13055	12678
ITER = 1041	13055	12676
ITER = 1042	13055	12674
ITER = 1043	13055	12670
ITER = 1044	13055	12670
ITER = 1045	13055	12668
ITER = 1046	13055	12663
ITER = 1047	13055	12661
ITER = 1048	13055	12661
ITER = 1049	13055	12657
ITER = 1050	13055	12654
ITER = 1051	13055	12654
ITER = 1052	13055	12654
ITER = 1053	13055	12654
ITER = 1054	13055	12654
ITER = 1055	13055	12654
ITER = 1056	13055	12654
ITER = 1057	13055	12651
ITER = 1058	13055	12647
ITER = 1059	13055	12645
ITER = 1060	13055	12645
ITER = 1061	13055	12640
ITER = 1062	13055	12637
ITER = 1063	13055	12635
ITER = 1064	13055	12634
ITER = 1065	13055	12632
ITER = 1066	13055	12632
ITER = 1067	13055	12629
ITER = 1068	13055	12628
ITER = 1069	13055	12628
ITER = 1070	13055	12627
ITER = 1071	13055	12627
ITER = 1072	13055	12625
ITER = 1073	13055	12623
ITER = 1074	13055	12621
ITER = 1075	13055	12621
ITER = 1076	13055	12620
ITER = 1077	13055	12618
ITER = 1078	13055	12614
ITER = 1079	13055	12612
ITER = 1080	13055	12610
ITER = 1081	13055	12610
ITER = 1082	13055	12608
ITER = 1083	13055	12608
ITER = 1084	13055	12607
ITER = 1085	13055	12607
ITER = 1086	13055	12605
ITER = 1087	13055	12603
ITER = 1088	13055	12601
ITER = 1089	13055	12601
ITER = 1090	13055	12599
ITER = 1091	13055	12598
ITER = 1092	13055	12597
ITER = 1093	13055	12597
ITER = 1094	13055	12597
ITER = 1095	13055	12596
ITER = 1096	13055	12594
ITER = 1097	13055	12593
ITER = 1098	13055	12592
ITER = 1099	13055	12589
ITER = 1100	13055	12588
ITER = 1101	13055	12584
ITER = 1102	13055	12582
ITER = 1103	13055	12581
ITER = 1104	13055	12581
ITER = 1105	13055	12581
ITER = 1106	13055	12580
ITER = 1107	13055	12580
ITER = 1108	13055	12578
ITER = 1109	13055	12578
ITER = 1110	13055	12577
ITER = 1111	13055	12575
ITER = 1112	13055	12575
ITER = 1113	13055	12574
ITER = 1114	13055	12574
ITER = 1115	13055	12573
ITER = 1116	13055	12571
ITER = 1117	13055	12569
ITER = 1118	13055	12567
ITER = 1119	13055	12566
ITER = 1120	13055	12565
ITER = 1121	13055	12564
ITER = 1122	13055	12561
ITER = 1123	13055	12561
ITER = 1124	13055	12558
ITER = 1125	13055	12558
ITER = 1126	13055	12557
ITER = 1127	13055	12556
ITER = 1128	13055	12554
ITER = 1129	13055	12553
ITER = 1130	13055	12552
ITER = 1131	13055	12548
ITER = 1132	13055	12547
ITER = 1133	13055	12546
ITER = 1134	13055	12545
ITER = 1135	13055	12543
ITER = 1136	13055	12542
ITER = 1137	13055	12542
ITER = 1138	13055	12540
ITER = 1139	13055	12540
ITER = 1140	13055	12538
ITER = 1141	13055	12537
ITER = 1142	13055	12536
ITER = 1143	13055	12535
ITER = 1144	13055	12535
ITER = 1145	13055	12535
ITER = 1146	13055	12534
ITER = 1147	13055	12533
ITER = 1148	13055	12533
ITER = 1149	13055	12532
ITER = 1150	13055	12531
ITER = 1151	13055	12530
ITER = 1152	13055	12529
ITER = 1153	13055	12529
ITER = 1154	13055	12528
ITER = 1155	13055	12527
ITER = 1156	13055	12526
ITER = 1157	13055	12526
ITER = 1158	13055	12526
ITER = 1159	13055	12525
ITER = 1160	13055	12525
ITER = 1161	13055	12525
ITER = 1162	13055	12525
ITER = 1163	13055	12525
ITER = 1164	13055	12524
ITER = 1165	13055	12524
ITER = 1166	13055	12523
ITER = 1167	13055	12523
ITER = 1168	13055	12523
ITER = 1169	13055	12522
ITER = 1170	13055	12521
ITER = 1171	13055	12521
ITER = 1172	13055	12518
ITER = 1173	13055	12515
ITER = 1174	13055	12514
ITER = 1175	13055	12511
ITER = 1176	13055	12510
ITER = 1177	13055	12510
ITER = 1178	13055	12508
ITER = 1179	13055	12507
ITER = 1180	13055	12506
ITER = 1181	13055	12506
ITER = 1182	13055	12506
ITER = 1183	13055	12506
ITER = 1184	13055	12505
ITER = 1185	13055	12504
ITER = 1186	13055	12503
ITER = 1187	13055	12503
ITER = 1188	13055	12502
ITER = 1189	13055	12502
ITER = 1190	13055	12501
ITER = 1191	13055	12501
ITER = 1192	13055	12501
ITER = 1193	13055	12501
ITER = 1194	13055	12501
ITER = 1195	13055	12501
ITER = 1196	13055	12501
ITER = 1197	13055	12500
ITER = 1198	13055	12499
ITER = 1199	13055	12499
ITER = 1200	13055	12499
ITER = 1201	13055	12498
ITER = 1202	13055	12497
ITER = 1203	13055	12497
ITER = 1204	13055	12497
ITER = 1205	13055	12497
ITER = 1206	13055	12495
ITER = 1207	13055	12494
ITER = 1208	13055	12492
ITER = 1209	13055	12492
ITER = 1210	13055	12491
ITER = 1211	13055	12491
ITER = 1212	13055	12491
ITER = 1213	13055	12490
ITER = 1214	13055	12489
ITER = 1215	13055	12489
ITER = 1216	13055	12488
ITER = 1217	13055	12487
ITER = 1218	13055	12486
ITER = 1219	13055	12485
ITER = 1220	13055	12485
ITER = 1221	13055	12485
ITER = 1222	13055	12481
ITER = 1223	13055	12481
ITER = 1224	13055	12481
ITER = 1225	13055	12481
ITER = 1226	13055	12481
ITER = 1227	13055	12478
ITER = 1228	13055	12478
ITER = 1229	13055	12478
ITER = 1230	13055	12478
ITER = 1231	13055	12478
ITER = 1232	13055	12478
ITER = 1233	13055	12478
ITER = 1234	13055	12478
ITER = 1235	13055	12478
ITER = 1236	13055	12477
ITER = 1237	13055	12476
ITER = 1238	13055	12476
ITER = 1239	13055	12475
ITER = 1240	13055	12473
ITER = 1241	13055	12471
ITER = 1242	13055	12471
ITER = 1243	13055	12469
ITER = 1244	13055	12467
ITER = 1245	13055	12467
ITER = 1246	13055	12467
ITER = 1247	13055	12464
ITER = 1248	13055	12463
ITER = 1249	13055	12462
ITER = 1250	13055	12462
ITER = 1251	13055	12462
ITER = 1252	13055	12462
ITER = 1253	13055	12462
ITER = 1254	13055	12461
ITER = 1255	13055	12461
ITER = 1256	13055	12460
ITER = 1257	13055	12460
ITER = 1258	13055	12459
ITER = 1259	13055	12459
ITER = 1260	13055	12459
ITER = 1261	13055	12459
ITER = 1262	13055	12459
ITER = 1263	13055	12458
ITER = 1264	13055	12458
ITER = 1265	13055	12457
ITER = 1266	13055	12456
ITER = 1267	13055	12456
ITER = 1268	13055	12456
ITER = 1269	13055	12455
ITER = 1270	13055	12455
ITER = 1271	13055	12455
ITER = 1272	13055	12455
ITER = 1273	13055	12453
ITER = 1274	13055	12453
ITER = 1275	13055	12453
ITER = 1276	13055	12452
ITER = 1277	13055	12450
ITER = 1278	13055	12450
ITER = 1279	13055	12450
ITER = 1280	13055	12450
ITER = 1281	13055	12449
ITER = 1282	13055	12449
ITER = 1283	13055	12449
ITER = 1284	13055	12449
ITER = 1285	13055	12449
ITER = 1286	13055	12449
ITER = 1287	13055	12447
ITER = 1288	13055	12447
ITER = 1289	13055	12446
ITER = 1290	13055	12445
ITER = 1291	13055	12444
ITER = 1292	13055	12444
ITER = 1293	13055	12442
ITER = 1294	13055	12441
ITER = 1295	13055	12440
ITER = 1296	13055	12439
ITER = 1297	13055	12439
ITER = 1298	13055	12439
ITER = 1299	13055	12439
ITER = 1300	13055	12439
ITER = 1301	13055	12438
ITER = 1302	13055	12438
ITER = 1303	13055	12438
ITER = 1304	13055	12438
ITER = 1305	13055	12438
ITER = 1306	13055	12437
ITER = 1307	13055	12437
ITER = 1308	13055	12437
ITER = 1309	13055	12436
ITER = 1310	13055	12435
ITER = 1311	13055	12435
ITER = 1312	13055	12435
ITER = 1313	13055	12435
ITER = 1314	13055	12435
ITER = 1315	13055	12435
ITER = 1316	13055	12434
ITER = 1317	13055	12433
ITER = 1318	13055	12433
ITER = 1319	13055	12433
ITER = 1320	13055	12432
ITER = 1321	13055	12432
ITER = 1322	13055	12432
ITER = 1323	13055	12432
ITER = 1324	13055	12431
ITER = 1325	13055	12431
ITER = 1326	13055	12429
ITER = 1327	13055	12429
ITER = 1328	13055	12429
ITER = 1329	13055	12429
ITER = 1330	13055	12429
ITER = 1331	13055	12428
ITER = 1332	13055	12428
ITER = 1333	13055	12427
ITER = 1334	13055	12427
ITER = 1335	13055	12427
ITER = 1336	13055	12427
ITER = 1337	13055	12425
ITER = 1338	13055	12423
ITER = 1339	13055	12423
ITER = 1340	13055	12423
ITER = 1341	13055	12423
ITER = 1342	13055	12423
ITER = 1343	13055	12423
ITER = 1344	13055	12423
ITER = 1345	13055	12422
ITER = 1346	13055	12422
ITER = 1347	13055	12420
ITER = 1348	13055	12420
ITER = 1349	13055	12418
ITER = 1350	13055	12418
ITER = 1351	13055	12418
ITER = 1352	13055	12418
ITER = 1353	13055	12418
ITER = 1354	13055	12417
ITER = 1355	13055	12417
ITER = 1356	13055	12416
ITER = 1357	13055	12416
ITER = 1358	13055	12416
ITER = 1359	13055	12416
ITER = 1360	13055	12416
ITER = 1361	13055	12416
ITER = 1362	13055	12416
ITER = 1363	13055	12416
ITER = 1364	13055	12416
ITER = 1365	13055	12416
ITER = 1366	13055	12413
ITER = 1367	13055	12413
ITER = 1368	13055	12411
ITER = 1369	13055	12409
ITER = 1370	13055	12409
ITER = 1371	13055	12409
ITER = 1372	13055	12408
ITER = 1373	13055	12408
ITER = 1374	13055	12407
ITER = 1375	13055	12407
ITER = 1376	13055	12407
ITER = 1377	13055	12407
ITER = 1378	13055	12406
ITER = 1379	13055	12406
ITER = 1380	13055	12404
ITER = 1381	13055	12404
ITER = 1382	13055	12404
ITER = 1383	13055	12404
ITER = 1384	13055	12402
ITER = 1385	13055	12402
ITER = 1386	13055	12402
ITER = 1387	13055	12400
ITER = 1388	13055	12400
ITER = 1389	13055	12400
ITER = 1390	13055	12399
ITER = 1391	13055	12399
ITER = 1392	13055	12397
ITER = 1393	13055	12396
ITER = 1394	13055	12395
ITER = 1395	13055	12395
ITER = 1396	13055	12395
ITER = 1397	13055	12395
ITER = 1398	13055	12395
ITER = 1399	13055	12395
ITER = 1400	13055	12394
ITER = 1401	13055	12394
ITER = 1402	13055	12392
ITER = 1403	13055	12392
ITER = 1404	13055	12392
ITER = 1405	13055	12392
ITER = 1406	13055	12390
ITER = 1407	13055	12390
ITER = 1408	13055	12389
ITER = 1409	13055	12389
ITER = 1410	13055	12389
ITER = 1411	13055	12389
ITER = 1412	13055	12389
ITER = 1413	13055	12389
ITER = 1414	13055	12389
ITER = 1415	13055	12389
ITER = 1416	13055	12387
ITER = 1417	13055	12386
ITER = 1418	13055	12386
ITER = 1419	13055	12385
ITER = 1420	13055	12385
ITER = 1421	13055	12385
ITER = 1422	13055	12385
ITER = 1423	13055	12385
ITER = 1424	13055	12385
ITER = 1425	13055	12385
ITER = 1426	13055	12385
ITER = 1427	13055	12385
ITER = 1428	13055	12384
ITER = 1429	13055	12384
ITER = 1430	13055	12384
ITER = 1431	13055	12383
ITER = 1432	13055	12383
ITER = 1433	13055	12380
ITER = 1434	13055	12379
ITER = 1435	13055	12379
ITER = 1436	13055	12379
ITER = 1437	13055	12379
ITER = 1438	13055	12378
ITER = 1439	13055	12378
ITER = 1440	13055	12378
ITER = 1441	13055	12377
ITER = 1442	13055	12377
ITER = 1443	13055	12376
ITER = 1444	13055	12375
ITER = 1445	13055	12375
ITER = 1446	13055	12374
ITER = 1447	13055	12374
ITER = 1448	13055	12373
ITER = 1449	13055	12373
ITER = 1450	13055	12373
ITER = 1451	13055	12373
ITER = 1452	13055	12371
ITER = 1453	13055	12371
ITER = 1454	13055	12371
ITER = 1455	13055	12371
ITER = 1456	13055	12370
ITER = 1457	13055	12368
ITER = 1458	13055	12367
ITER = 1459	13055	12366
ITER = 1460	13055	12366
ITER = 1461	13055	12363
ITER = 1462	13055	12363
ITER = 1463	13055	12362
ITER = 1464	13055	12362
ITER = 1465	13055	12359
ITER = 1466	13055	12359
ITER = 1467	13055	12357
ITER = 1468	13055	12357
ITER = 1469	13055	12356
ITER = 1470	13055	12356
ITER = 1471	13055	12355
ITER = 1472	13055	12355
ITER = 1473	13055	12348
ITER = 1474	13055	12348
ITER = 1475	13055	12348
ITER = 1476	13055	12347
ITER = 1477	13055	12347
ITER = 1478	13055	12347
ITER = 1479	13055	12346
ITER = 1480	13055	12345
ITER = 1481	13055	12345
ITER = 1482	13055	12345
ITER = 1483	13055	12344
ITER = 1484	13055	12344
ITER = 1485	13055	12344
ITER = 1486	13055	12344
ITER = 1487	13055	12344
ITER = 1488	13055	12343
ITER = 1489	13055	12343
ITER = 1490	13055	12341
ITER = 1491	13055	12341
ITER = 1492	13055	12341
ITER = 1493	13055	12341
ITER = 1494	13055	12340
ITER = 1495	13055	12340
ITER = 1496	13055	12339
ITER = 1497	13055	12339
ITER = 1498	13055	12339
ITER = 1499	13055	12339
ITER = 1500	13055	12339
ITER = 1501	13055	12339
ITER = 1502	13055	12339
ITER = 1503	13055	12339
ITER = 1504	13055	12339
ITER = 1505	13055	12339
ITER = 1506	13055	12339
ITER = 1507	13055	12338
ITER = 1508	13055	12338
ITER = 1509	13055	12338
ITER = 1510	13055	12338
ITER = 1511	13055	12337
ITER = 1512	13055	12337
ITER = 1513	13055	12337
ITER = 1514	13055	12337
ITER = 1515	13055	12337
ITER = 1516	13055	12337
ITER = 1517	13055	12336
ITER = 1518	13055	12336
ITER = 1519	13055	12336
ITER = 1520	13055	12335
ITER = 1521	13055	12335
ITER = 1522	13055	12335
ITER = 1523	13055	12335
ITER = 1524	13055	12335
ITER = 1525	13055	12334
ITER = 1526	13055	12334
ITER = 1527	13055	12333
ITER = 1528	13055	12332
ITER = 1529	13055	12332
ITER = 1530	13055	12331
ITER = 1531	13055	12331
ITER = 1532	13055	12331
ITER = 1533	13055	12331
ITER = 1534	13055	12331
ITER = 1535	13055	12331
ITER = 1536	13055	12329
ITER = 1537	13055	12327
ITER = 1538	13055	12327
ITER = 1539	13055	12326
ITER = 1540	13055	12325
ITER = 1541	13055	12323
ITER = 1542	13055	12323
ITER = 1543	13055	12321
ITER = 1544	13055	12321
ITER = 1545	13055	12321
ITER = 1546	13055	12321
ITER = 1547	13055	12321
ITER = 1548	13055	12321
ITER = 1549	13055	12321
ITER = 1550	13055	12321
ITER = 1551	13055	12321
ITER = 1552	13055	12321
ITER = 1553	13055	12321
ITER = 1554	13055	12321
ITER = 1555	13055	12321
ITER = 1556	13055	12320
ITER = 1557	13055	12320
ITER = 1558	13055	12320
ITER = 1559	13055	12319
ITER = 1560	13055	12319
ITER = 1561	13055	12319
ITER = 1562	13055	12318
ITER = 1563	13055	12318
ITER = 1564	13055	12318
ITER = 1565	13055	12318
ITER = 1566	13055	12318
ITER = 1567	13055	12318
ITER = 1568	13055	12317
ITER = 1569	13055	12317
ITER = 1570	13055	12317
ITER = 1571	13055	12317
ITER = 1572	13055	12317
ITER = 1573	13055	12317
ITER = 1574	13055	12317
ITER = 1575	13055	12317
ITER = 1576	13055	12317
ITER = 1577	13055	12316
ITER = 1578	13055	12316
ITER = 1579	13055	12316
ITER = 1580	13055	12316
ITER = 1581	13055	12316
ITER = 1582	13055	12316
ITER = 1583	13055	12316
ITER = 1584	13055	12315
ITER = 1585	13055	12314
ITER = 1586	13055	12314
ITER = 1587	13055	12313
ITER = 1588	13055	12313
ITER = 1589	13055	12313
ITER = 1590	13055	12313
ITER = 1591	13055	12312
ITER = 1592	13055	12312
ITER = 1593	13055	12312
ITER = 1594	13055	12312
ITER = 1595	13055	12312
ITER = 1596	13055	12311
ITER = 1597	13055	12311
ITER = 1598	13055	12311
ITER = 1599	13055	12311
ITER = 1600	13055	12310
ITER = 1601	13055	12310
ITER = 1602	13055	12309
ITER = 1603	13055	12309
ITER = 1604	13055	12309
ITER = 1605	13055	12309
ITER = 1606	13055	12309
ITER = 1607	13055	12309
ITER = 1608	13055	12309
ITER = 1609	13055	12309
ITER = 1610	13055	12309
ITER = 1611	13055	12309
ITER = 1612	13055	12309
ITER = 1613	13055	12309
ITER = 1614	13055	12309
ITER = 1615	13055	12309
ITER = 1616	13055	12309
ITER = 1617	13055	12309
ITER = 1618	13055	12309
ITER = 1619	13055	12309
ITER = 1620	13055	12309
ITER = 1621	13055	12308
ITER = 1622	13055	12307
ITER = 1623	13055	12307
ITER = 1624	13055	12307
ITER = 1625	13055	12307
ITER = 1626	13055	12307
ITER = 1627	13055	12306
ITER = 1628	13055	12306
ITER = 1629	13055	12306
ITER = 1630	13055	12306
ITER = 1631	13055	12305
ITER = 1632	13055	12305
ITER = 1633	13055	12304
ITER = 1634	13055	12304
ITER = 1635	13055	12303
ITER = 1636	13055	12303
ITER = 1637	13055	12303
ITER = 1638	13055	12302
ITER = 1639	13055	12302
ITER = 1640	13055	12301
ITER = 1641	13055	12301
ITER = 1642	13055	12301
ITER = 1643	13055	12301
ITER = 1644	13055	12301
ITER = 1645	13055	12301
ITER = 1646	13055	12300
ITER = 1647	13055	12300
ITER = 1648	13055	12300
ITER = 1649	13055	12300
ITER = 1650	13055	12300
ITER = 1651	13055	12300
ITER = 1652	13055	12300
ITER = 1653	13055	12300
ITER = 1654	13055	12300
ITER = 1655	13055	12298
ITER = 1656	13055	12298
ITER = 1657	13055	12298
ITER = 1658	13055	12297
ITER = 1659	13055	12297
ITER = 1660	13055	12297
ITER = 1661	13055	12297
ITER = 1662	13055	12296
ITER = 1663	13055	12296
ITER = 1664	13055	12296
ITER = 1665	13055	12295
ITER = 1666	13055	12295
ITER = 1667	13055	12294
ITER = 1668	13055	12293
ITER = 1669	13055	12293
ITER = 1670	13055	12293
ITER = 1671	13055	12293
ITER = 1672	13055	12292
ITER = 1673	13055	12292
ITER = 1674	13055	12292
ITER = 1675	13055	12291
ITER = 1676	13055	12291
ITER = 1677	13055	12291
ITER = 1678	13055	12291
ITER = 1679	13055	12291
ITER = 1680	13055	12291
ITER = 1681	13055	12291
ITER = 1682	13055	12291
ITER = 1683	13055	12291
ITER = 1684	13055	12291
ITER = 1685	13055	12291
ITER = 1686	13055	12291
ITER = 1687	13055	12291
ITER = 1688	13055	12290
ITER = 1689	13055	12289
ITER = 1690	13055	12288
ITER = 1691	13055	12288
ITER = 1692	13055	12288
ITER = 1693	13055	12288
ITER = 1694	13055	12287
ITER = 1695	13055	12287
ITER = 1696	13055	12287
ITER = 1697	13055	12287
ITER = 1698	13055	12287
ITER = 1699	13055	12287
ITER = 1700	13055	12287
ITER = 1701	13055	12287
ITER = 1702	13055	12287
ITER = 1703	13055	12287
ITER = 1704	13055	12287
ITER = 1705	13055	12287
ITER = 1706	13055	12287
ITER = 1707	13055	12287
ITER = 1708	13055	12287
ITER = 1709	13055	12287
ITER = 1710	13055	12286
ITER = 1711	13055	12286
ITER = 1712	13055	12285
ITER = 1713	13055	12285
ITER = 1714	13055	12285
ITER = 1715	13055	12285
ITER = 1716	13055	12285
ITER = 1717	13055	12283
ITER = 1718	13055	12283
ITER = 1719	13055	12283
ITER = 1720	13055	12283
ITER = 1721	13055	12283
ITER = 1722	13055	12282
ITER = 1723	13055	12282
ITER = 1724	13055	12282
ITER = 1725	13055	12282
ITER = 1726	13055	12280
ITER = 1727	13055	12280
ITER = 1728	13055	12280
ITER = 1729	13055	12280
ITER = 1730	13055	12280
ITER = 1731	13055	12280
ITER = 1732	13055	12280
ITER = 1733	13055	12280
ITER = 1734	13055	12280
ITER = 1735	13055	12280
ITER = 1736	13055	12280
ITER = 1737	13055	12280
ITER = 1738	13055	12279
ITER = 1739	13055	12278
ITER = 1740	13055	12278
ITER = 1741	13055	12275
ITER = 1742	13055	12274
ITER = 1743	13055	12272
ITER = 1744	13055	12272
ITER = 1745	13055	12272
ITER = 1746	13055	12272
ITER = 1747	13055	12271
ITER = 1748	13055	12271
ITER = 1749	13055	12271
ITER = 1750	13055	12271
ITER = 1751	13055	12270
ITER = 1752	13055	12270
ITER = 1753	13055	12270
ITER = 1754	13055	12269
ITER = 1755	13055	12269
ITER = 1756	13055	12269
ITER = 1757	13055	12269
ITER = 1758	13055	12269
ITER = 1759	13055	12269
ITER = 1760	13055	12269
ITER = 1761	13055	12268
ITER = 1762	13055	12268
ITER = 1763	13055	12268
ITER = 1764	13055	12267
ITER = 1765	13055	12266
ITER = 1766	13055	12266
ITER = 1767	13055	12266
ITER = 1768	13055	12266
ITER = 1769	13055	12266
ITER = 1770	13055	12266
ITER = 1771	13055	12264
ITER = 1772	13055	12264
ITER = 1773	13055	12264
ITER = 1774	13055	12263
ITER = 1775	13055	12263
ITER = 1776	13055	12262
ITER = 1777	13055	12262
ITER = 1778	13055	12262
ITER = 1779	13055	12260
ITER = 1780	13055	12260
ITER = 1781	13055	12260
ITER = 1782	13055	12260
ITER = 1783	13055	12260
ITER = 1784	13055	12260
ITER = 1785	13055	12259
ITER = 1786	13055	12259
ITER = 1787	13055	12258
ITER = 1788	13055	12258
ITER = 1789	13055	12258
ITER = 1790	13055	12258
ITER = 1791	13055	12258
ITER = 1792	13055	12257
ITER = 1793	13055	12257
ITER = 1794	13055	12257
ITER = 1795	13055	12257
ITER = 1796	13055	12251
ITER = 1797	13055	12251
ITER = 1798	13055	12251
ITER = 1799	13055	12251
ITER = 1800	13055	12251
ITER = 1801	13055	12251
ITER = 1802	13055	12251
ITER = 1803	13055	12251
ITER = 1804	13055	12251
ITER = 1805	13055	12251
ITER = 1806	13055	12251
ITER = 1807	13055	12251
ITER = 1808	13055	12250
ITER = 1809	13055	12250
ITER = 1810	13055	12249
ITER = 1811	13055	12249
ITER = 1812	13055	12248
ITER = 1813	13055	12247
ITER = 1814	13055	12246
ITER = 1815	13055	12245
ITER = 1816	13055	12245
ITER = 1817	13055	12245
ITER = 1818	13055	12245
ITER = 1819	13055	12244
ITER = 1820	13055	12244
ITER = 1821	13055	12244
ITER = 1822	13055	12244
ITER = 1823	13055	12243
ITER = 1824	13055	12242
ITER = 1825	13055	12241
ITER = 1826	13055	12240
ITER = 1827	13055	12240
ITER = 1828	13055	12240
ITER = 1829	13055	12240
ITER = 1830	13055	12240
ITER = 1831	13055	12240
ITER = 1832	13055	12238
ITER = 1833	13055	12236
ITER = 1834	13055	12236
ITER = 1835	13055	12236
ITER = 1836	13055	12235
ITER = 1837	13055	12235
ITER = 1838	13055	12235
ITER = 1839	13055	12234
ITER = 1840	13055	12234
ITER = 1841	13055	12234
ITER = 1842	13055	12233
ITER = 1843	13055	12231
ITER = 1844	13055	12231
ITER = 1845	13055	12231
ITER = 1846	13055	12229
ITER = 1847	13055	12229
ITER = 1848	13055	12228
ITER = 1849	13055	12227
ITER = 1850	13055	12227
ITER = 1851	13055	12227
ITER = 1852	13055	12226
ITER = 1853	13055	12225
ITER = 1854	13055	12225
ITER = 1855	13055	12224
ITER = 1856	13055	12224
ITER = 1857	13055	12224
ITER = 1858	13055	12223
ITER = 1859	13055	12223
ITER = 1860	13055	12223
ITER = 1861	13055	12223
ITER = 1862	13055	12223
ITER = 1863	13055	12222
ITER = 1864	13055	12220
ITER = 1865	13055	12219
ITER = 1866	13055	12218
ITER = 1867	13055	12217
ITER = 1868	13055	12217
ITER = 1869	13055	12216
ITER = 1870	13055	12216
ITER = 1871	13055	12216
ITER = 1872	13055	12215
ITER = 1873	13055	12215
ITER = 1874	13055	12215
ITER = 1875	13055	12215
ITER = 1876	13055	12213
ITER = 1877	13055	12213
ITER = 1878	13055	12213
ITER = 1879	13055	12213
ITER = 1880	13055	12212
ITER = 1881	13055	12211
ITER = 1882	13055	12211
ITER = 1883	13055	12211
ITER = 1884	13055	12211
ITER = 1885	13055	12211
ITER = 1886	13055	12210
ITER = 1887	13055	12208
ITER = 1888	13055	12207
ITER = 1889	13055	12206
ITER = 1890	13055	12206
ITER = 1891	13055	12206
ITER = 1892	13055	12205
ITER = 1893	13055	12204
ITER = 1894	13055	12204
ITER = 1895	13055	12204
ITER = 1896	13055	12203
ITER = 1897	13055	12202
ITER = 1898	13055	12202
ITER = 1899	13055	12201
ITER = 1900	13055	12201
ITER = 1901	13055	12197
ITER = 1902	13055	12197
ITER = 1903	13055	12196
ITER = 1904	13055	12195
ITER = 1905	13055	12194
ITER = 1906	13055	12194
ITER = 1907	13055	12193
ITER = 1908	13055	12192
ITER = 1909	13055	12192
ITER = 1910	13055	12191
ITER = 1911	13055	12189
ITER = 1912	13055	12189
ITER = 1913	13055	12189
ITER = 1914	13055	12186
ITER = 1915	13055	12184
ITER = 1916	13055	12181
ITER = 1917	13055	12178
ITER = 1918	13055	12177
ITER = 1919	13055	12174
ITER = 1920	13055	12173
ITER = 1921	13055	12172
ITER = 1922	13055	12172
ITER = 1923	13055	12167
ITER = 1924	13055	12167
ITER = 1925	13055	12167
ITER = 1926	13055	12167
ITER = 1927	13055	12165
ITER = 1928	13055	12165
ITER = 1929	13055	12164
ITER = 1930	13055	12163
ITER = 1931	13055	12161
ITER = 1932	13055	12161
ITER = 1933	13055	12161
ITER = 1934	13055	12160
ITER = 1935	13055	12158
ITER = 1936	13055	12154
ITER = 1937	13055	12150
ITER = 1938	13055	12149
ITER = 1939	13055	12149
ITER = 1940	13055	12148
ITER = 1941	13055	12148
ITER = 1942	13055	12148
ITER = 1943	13055	12147
ITER = 1944	13055	12147
ITER = 1945	13055	12146
ITER = 1946	13055	12144
ITER = 1947	13055	12143
ITER = 1948	13055	12142
ITER = 1949	13055	12139
ITER = 1950	13055	12138
ITER = 1951	13055	12137
ITER = 1952	13055	12135
ITER = 1953	13055	12135
ITER = 1954	13055	12133
ITER = 1955	13055	12132
ITER = 1956	13055	12132
ITER = 1957	13055	12129
ITER = 1958	13055	12129
ITER = 1959	13055	12128
ITER = 1960	13055	12127
ITER = 1961	13055	12126
ITER = 1962	13055	12124
ITER = 1963	13055	12121
ITER = 1964	13055	12121
ITER = 1965	13055	12121
ITER = 1966	13055	12121
ITER = 1967	13055	12119
ITER = 1968	13055	12118
ITER = 1969	13055	12118
ITER = 1970	13055	12118
ITER = 1971	13055	12116
ITER = 1972	13055	12116
ITER = 1973	13055	12115
ITER = 1974	13055	12114
ITER = 1975	13055	12111
ITER = 1976	13055	12110
ITER = 1977	13055	12108
ITER = 1978	13055	12108
ITER = 1979	13055	12107
ITER = 1980	13055	12105
ITER = 1981	13055	12104
ITER = 1982	13055	12101
ITER = 1983	13055	12100
ITER = 1984	13055	12100
ITER = 1985	13055	12099
ITER = 1986	13055	12097
ITER = 1987	13055	12097
ITER = 1988	13055	12096
ITER = 1989	13055	12094
ITER = 1990	13055	12094
ITER = 1991	13055	12093
ITER = 1992	13055	12093
ITER = 1993	13055	12093
ITER = 1994	13055	12093
ITER = 1995	13055	12088
ITER = 1996	13055	12085
ITER = 1997	13055	12084
ITER = 1998	13055	12082
ITER = 1999	13055	12080
