-4.55788
-4.55788
-4.55788
-4.55788
-4.55788
-4.55788
-4.55788
-4.55788
-4.55788
-4.55788
-4.55788
-4.55788
-4.55788
-4.55788
-4.55788
-4.55788
-4.55788
-4.55788
-4.55788
-4.55788
-4.55788
-4.55788
-4.55788
-4.55788
-4.55788
-4.55788
-4.55788
-4.55788
-4.55788
-4.55788
-4.55788
-4.55788
-4.55788
-4.55788
-4.55788
-4.55788
-4.55788
-4.55788
-4.55788
-4.55788
-4.55788
-4.55788
-4.55788
-4.55788
-4.55788
-4.55788
-4.55788
-4.55788
-4.55788
-4.55788
-4.55788
-4.55788
-4.55788
-4.55788
-4.55788
-4.55788
-4.55788
-4.55788
-4.55788
-4.55788
-4.55788
-4.55788
-4.55788
-4.55788
-4.55788
-4.55788
-4.55788
-4.55788
-4.55788
-4.55788
-4.55788
-4.55788
-4.55788
-4.55788
-4.55788
-4.55788
-4.55788
-4.55788
-4.55788
-4.55788
-4.55788
-4.55788
-4.55788
-4.55788
-4.55788
-4.55788
-4.55788
-4.55788
-4.55788
-4.55788
-4.55788
-4.55788
-4.55788
-4.55788
-4.55788
-4.55788
-4.55788
-4.55788
-4.55788
-4.55788
-4.55788
-4.55788
-4.55788
-4.55788
-4.55788
-4.55788
-4.55788
-4.55788
-4.55788
-4.55788
-4.55788
-4.55788
-4.55788
-4.55788
-4.55788
-4.55788
-4.55788
-4.55788
-4.55788
-4.55788
-4.55788
-4.55788
-4.55788
-4.55788
-4.55788
-4.55788
-4.55788
-4.55788
-4.55788
-4.55788
-4.55788
-4.55788
-4.55788
-4.55788
-4.55788
-4.55788
-4.55788
-4.55788
-4.55788
-4.55788
-4.55788
-4.55788
-4.55788
-4.55788
-4.55788
-4.55788
-4.55788
-4.55788
-4.55788
-4.55788
-4.55788
-4.55788
-4.55788
-4.55788
-4.55788
-4.55788
-4.55788
-4.55788
-4.55788
-4.55788
-4.55788
-4.55788
-4.55788
-4.55788
-4.55788
-4.55788
-4.55788
-4.55788
-4.55788
-4.55788
-4.55788
-4.55788
-4.55788
-4.55788
-4.55788
-4.55788
-4.55788
-4.55788
-4.55788
-4.55788
-4.55788
-4.55788
-4.55788
-4.55788
-4.55788
-4.55788
-4.55788
-4.55788
-4.55788
-4.55788
-4.55788
-4.55788
-4.55788
-4.55788
-4.55788
-4.55788
-4.55788
-4.55788
-4.55788
-4.55788
-4.55788
-4.55788
-4.55788
-4.55788
-4.55788
-4.55788
-4.55788
-4.55788
-4.55788
-4.55788
-4.55788
-4.55788
-4.55788
-4.55788
-4.55788
-4.55788
-4.55788
-4.55788
-4.55788
-4.55788
-4.55788
-4.55788
-4.55788
-4.55788
-4.55788
-4.55788
-4.55788
-4.55788
-4.55788
-4.55788
-4.55788
-4.55788
-4.55788
-4.55788
-4.55788
-4.55788
-4.55788
-4.55788
-4.55788
-4.55788
-4.55788
-4.55788
-4.55788
-4.55788
-4.55788
-4.55788
-4.55788
-4.55788
-4.55788
-4.55788
-4.55788
-4.55788
-4.55788
-4.55788
-4.55788
-4.55788
-4.55788
-4.55788
-4.55788
-4.55788
-4.55788
-4.55788
-4.55788
-4.55788
-4.55788
-4.55788
-4.55788
-4.55788
-4.55788
-4.55788
-4.55788
-4.55788
-4.55788
-4.55788
-4.55788
-4.55788
-4.55788
-4.55788
-4.55788
-4.55788
-4.55788
-4.55788
-4.55788
-4.55788
-4.55788
-4.55788
-4.55788
-4.55788
-4.55788
-4.55788
-4.55788
-4.55788
-4.55788
-4.55788
-4.55788
-4.55788
-4.55788
-4.55788
-4.55788
-4.55788
-4.55788
-4.55788
-4.55788
-4.55788
-4.55788
-4.55788
-4.55788
-4.55788
-4.55788
-4.55788
-4.55788
-4.55788
-4.55788
-4.55788
-4.55788
-4.55788
-4.55788
-4.55788
-4.55788
-4.55788
-4.55788
-4.55788
-4.55788
-4.55788
-4.55788
-4.55788
-4.55788
-4.55788
-4.55788
-4.55788
-4.55788
-4.55788
-4.55788
-4.55788
-4.55788
-4.55788
-4.55788
-4.55788
-4.55788
-4.55788
-4.55788
-4.55788
-4.55788
-4.55788
-4.55788
-4.55788
-4.55788
-4.55788
-4.55788
-4.55788
-4.55788
-4.55788
-4.55788
-4.55788
-4.55788
-4.55788
-4.55788
-4.55788
-4.55788
-4.55788
-4.55788
-4.55788
-4.55788
-4.55788
-4.55788
-4.55788
-4.55788
-4.55788
-4.55788
-4.55788
-4.55788
-4.55788
-4.55788
-4.55788
-4.55788
-4.55788
-4.55788
-4.55788
-4.55788
-4.55788
-4.55788
-4.55788
-4.55788
-4.55788
-4.55788
-4.55788
-4.55788
-4.55788
-4.55788
-4.55788
-4.55788
-4.55788
-4.55788
-4.55788
-4.55788
-4.55788
-4.55788
-4.55788
-4.55788
-4.55788
-4.55788
-4.55788
-4.55788
-4.55788
-4.55788
-4.55788
-4.55788
-4.55788
-4.55788
-4.55788
-4.55788
-4.55788
-4.55788
-4.55788
-4.55788
-4.55788
-4.55788
-4.55788
-4.55788
-4.55788
-4.55788
-4.55788
-4.55788
-4.55788
-4.55788
-4.55788
-4.55788
-4.55788
-4.55788
-4.55788
-4.55788
-4.55788
-4.55788
-4.55788
-4.55788
-4.55788
-4.55788
-4.55788
-4.55788
-4.55788
-4.55788
-4.55788
-4.55788
-4.55788
-4.55788
-4.55788
-4.55788
-4.55788
-4.55788
-4.55788
-4.55788
-4.55788
-4.55788
-4.55788
-4.55788
-4.55788
-4.55788
-4.55788
-4.55788
-4.55788
-4.55788
-4.55788
-4.55788
-4.55788
-4.55788
-4.55788
-4.55788
-4.55788
-4.55788
-4.55788
-4.55788
-4.55788
-4.55788
-4.55788
-4.55788
-4.55788
-4.55788
-4.55788
-4.55788
-4.55788
-4.55788
-4.55788
-4.55788
-4.55788
-4.55788
-4.55788
-4.55788
-4.55788
-4.55788
-4.55788
-4.55788
-4.55788
-4.55788
-4.55788
-4.55788
-4.55788
-4.55788
-4.55788
-4.55788
-4.55788
-4.55788
-4.55788
-4.55788
-4.55788
-4.55788
-4.55788
-4.55788
-4.55788
-4.55788
-4.55788
-4.55788
-4.55788
-4.55788
-4.55788
-4.55788
-4.55788
-4.55788
-4.55788
-4.55788
-4.55788
-4.55788
-4.55788
-4.55788
-4.55788
-4.55788
-4.55788
-4.55788
-4.55788
-4.55788
-4.55788
-4.55788
-4.55788
-4.55788
-4.55788
-4.55788
-4.55788
-4.55788
-4.55788
-4.55788
-4.55788
-4.55788
-4.55788
-4.55788
-4.55788
-4.55788
-4.55788
-4.55788
-4.55788
-4.55788
-4.55788
-4.55788
-4.55788
-4.55788
-4.55788
-4.55788
-4.55788
-4.55788
-4.55788
-4.55788
-4.55788
-4.55788
-4.55788
-4.55788
-4.55788
-4.55788
-4.55788
-4.55788
-4.55788
-4.55788
-4.55788
-4.55788
-4.55788
-4.55788
-4.55788
-4.55788
-4.55788
-4.55788
-4.55788
-4.55788
-4.55788
-4.55788
-4.55788
-4.55788
-4.55788
-4.55788
-4.55788
-4.55788
-4.55788
-4.55788
-4.55788
-4.55788
-4.55788
-4.55788
-4.55788
-4.55788
-4.55788
-4.55788
-4.55788
-4.55788
-4.55788
-4.55788
-4.55788
-4.55788
-4.55788
-4.55788
-4.55788
-4.55788
-4.55788
-4.55788
-4.55788
-4.55788
-4.55788
-4.55788
-4.55788
-4.55788
-4.55788
-4.55788
-4.55788
-4.55788
-4.55788
-4.55788
-4.55788
-4.55788
-4.55788
-4.55788
-4.55788
-4.55788
-4.55788
-4.55788
-4.55788
-4.55788
-4.55788
-4.55788
-4.55788
-4.55788
-4.55788
-4.55788
-4.55788
-4.55788
-4.55788
-4.55788
-4.55788
-4.55788
-4.55788
-4.55788
-4.55788
-4.55788
-4.55788
-4.55788
-4.55788
-4.55788
-4.55788
-4.55788
-4.55788
-4.55788
-4.55788
-4.55788
-4.55788
-4.55788
-4.55788
-4.55788
-4.55788
-4.55788
-4.55788
-4.55788
-4.55788
-4.55788
-4.55788
-4.55788
-4.55788
-4.55788
-4.55788
-4.55788
-4.55788
-4.55788
-4.55788
-4.55788
-4.55788
-4.55788
-4.55788
-4.55788
-4.55788
-4.55788
-4.55788
-4.55788
-4.55788
-4.55788
-4.55788
-4.55788
-4.55788
-4.55788
-4.55788
-4.55788
-4.55788
-4.55788
-4.55788
-4.55788
-4.55788
-4.55788
-4.55788
-4.55788
-4.55788
-4.55788
-4.55788
-4.55788
-4.55788
-4.55788
-4.55788
-4.55788
-4.55788
-4.55788
-4.55788
-4.55788
-4.55788
-4.55788
-4.55788
-4.55788
-4.55788
-4.55788
-4.55788
-4.55788
-4.55788
-4.55788
-4.55788
-4.55788
-4.55788
-4.55788
-4.55788
-4.55788
-4.55788
-4.55788
-4.55788
-4.55788
-4.55788
-4.55788
-4.55788
-4.55788
-4.55788
-4.55788
-4.55788
-4.55788
-4.55788
-4.55788
-4.55788
-4.55788
-4.55788
-4.55788
-4.55788
-4.55788
-4.55788
-4.55788
-4.55788
-4.55788
-4.55788
-4.55788
-4.55788
-4.55788
-4.55788
-4.55788
-4.55788
-4.55788
-4.55788
-4.55788
-4.55788
-4.55788
-4.55788
-4.55788
-4.55788
-4.55788
-4.55788
-4.55788
-4.55788
-4.55788
-4.55788
-4.55788
-4.55788
-4.55788
-4.55788
-4.55788
-4.55788
-4.55788
-4.55788
-4.55788
-4.55788
-4.55788
-4.55788
-4.55788
-4.55788
-4.55788
-4.55788
-4.55788
-4.55788
-4.55788
-4.55788
-4.55788
-4.55788
-4.55788
-4.55788
-4.55788
-4.55788
-4.55788
-4.55788
-4.55788
-4.55788
-4.55788
-4.55788
-4.55788
-4.55788
-4.55788
-4.55788
-4.55788
-4.55788
-4.55788
-4.55788
-4.55788
-4.55788
-4.55788
-4.55788
-4.55788
-4.55788
-4.55788
-4.55788
-4.55788
-4.55788
-4.55788
-4.55788
-4.55788
-4.55788
-4.55788
-4.55788
-4.55788
-4.55788
-4.55788
-4.55788
-4.55788
-4.55788
-4.55788
-4.55788
-4.55788
-4.55788
-4.55788
-4.55788
-4.55788
-4.55788
-4.55788
-4.55788
-4.55788
-4.55788
-4.55788
-4.55788
-4.55788
-4.55788
-4.55788
-4.55788
-4.55788
-4.55788
-4.55788
-4.55788
-4.55788
-4.55788
-4.55788
-4.55788
-4.55788
-4.55788
-4.55788
-4.55788
-4.55788
-4.55788
-4.55788
-4.55788
-4.55788
-4.55788
-4.55788
-4.55788
-4.55788
-4.55788
-4.55788
-4.55788
-4.55788
-4.55788
-4.55788
-4.55788
-4.55788
-4.55788
-4.55788
-4.55788
-4.55788
-4.55788
-4.55788
-4.55788
-4.55788
-4.55788
-4.55788
-4.55788
-4.55788
-4.55788
-4.55788
-4.55788
-4.55788
-4.55788
-4.55788
-4.55788
-4.55788
-4.55788
-4.55788
-4.55788
-4.55788
-4.55788
-4.55788
-4.55788
-4.55788
-4.55788
-4.55788
-4.55788
-4.55788
-4.55788
-4.55788
-4.55788
-4.55788
-4.55788
-4.55788
-4.55788
-4.55788
-4.55788
-4.55788
-4.55788
-4.55788
-4.55788
-4.55788
-4.55788
-4.55788
-4.55788
-4.55788
-4.55788
-4.55788
-4.55788
-4.55788
-4.55788
-4.55788
-4.55788
-4.55788
-4.55788
-4.55788
-4.55788
-4.55788
-4.55788
-4.55788
-4.55788
-4.55788
-4.55788
-4.55788
-4.55788
-4.55788
-4.55788
-4.55788
-4.55788
-4.55788
-4.55788
-4.55788
-4.55788
-4.55788
-4.55788
-4.55788
-4.55788
-4.55788
-4.55788
-4.55788
-4.55788
-4.55788
-4.55788
-4.55788
-4.55788
-4.55788
-4.55788
-4.55788
-4.55788
-4.55788
-4.55788
-4.55788
-4.55788
-4.55788
-4.55788
-4.55788
-4.55788
-4.55788
-4.55788
-4.55788
-4.55788
-4.55788
-4.55788
-4.55788
-4.55788
-4.55788
-4.55788
-4.55788
-4.55788
-4.55788
-4.55788
-4.55788
-4.55788
0.00112383
0.0175795
-0.000795773
-0.000755767
0.242882
0.298795
0.00995894
0.0668684
0.0270189
0.0145673
0.0591205
0.226571
0.000269723
0.152905
0.255518
0.032607
0.230849
0.00973107
0.000814844
0.0750689
0.0207347
0.0402946
0.0390607
0.1647
0.00501841
0.14525
0.281707
0.055613
0.157112
0.187999
0.00501841
0.0904991
0.00997022
0.00891618
0.1647
0.169517
-2.5145e-05
0.347069
0.00553688
0.110578
0.124228
0.178526
0.226571
0.0145673
0.00145744
0.298795
0.266459
-0.000628843
0.00112383
0.135905
0.338993
-0.000771664
0.21072
0.0352204
0.294995
0.255518
0.0175416
0.23455
0.395205
-0.000771664
0.116395
0.16963
0.321812
0.00449248
0.149966
0.230733
0.111873
0.323046
0.055246
0.055246
0.387231
0.00676894
0.16106
0.219253
0.0993336
0.00630777
0.032607
-0.000789929
0.0283664
0.187543
0.0346668
0.00135823
0.0124791
0.00891618
0.0769864
0.0432362
0.306879
0.0122042
0.169517
-0.000789929
0.00802092
0.363184
0.00145744
0.0282759
0.0591205
0.0591205
0.230733
0.0558163
-0.000795773
0.111873
0.0304777
0.0124791
0.208217
0.255402
0.0439226
-0.000795773
0.149966
0.0253419
0.321812
-0.000175978
-0.000695033
0.137861
0.187882
0.157112
0.00398697
0.0668684
0.013422
-0.000499807
0.00304419
0.149966
0.230733
0.0812567
0.055613
0.281707
0.00995894
0.0954273
0.16106
0.323046
0.294995
0.268429
0.255518
0.027031
0.152905
0.0769864
0.16106
0.0134968
0.000714642
0.0263452
0.0145673
0.0904991
0.04931
-0.000789929
0.0327917
0.00112383
0.308422
0.137861
0.323046
0.0194195
0.149966
0.00630777
0.0708843
0.106096
0.0282759
0.0105965
0.000814844
0.281707
0.00172644
-0.000695033
0.355133
0.169517
0.298795
0.000436989
0.16106
0.219253
0.179779
0.0242785
0.0194136
0.106096
0.294995
0.242882
0.00350369
0.00257131
0.16106
-0.000755767
-0.000499807
0.000436989
-0.000509131
-0.000789929
0.208334
0.0035919
-0.000175978
-0.000175978
0.0584363
-0.000755767
0.0021294
0.135905
0.250317
0.306879
0.330909
0.0262679
0.219253
0.0627892
0.000436989
0.371218
0.110264
0.169517
0.00398697
0.255518
0.250317
0.281589
0.0584363
0.122758
0.0010216
0.137861
0.242882
0.230849
0.0161339
0.0750689
-0.000175978
0.0207867
0.000269723
0.371218
0.0145673
0.242882
-0.000509131
0.169517
0.00556663
0.124228
0.000714642
0.0134968
0.169517
0.00614697
0.0115126
0.00896321
0.0156911
0.178526
0.0346488
0.282626
0.0689902
0.00630777
0.16106
0.0993336
0.0306463
0.0954273
0.242882
0.00398697
0.0156911
0.00112383
0.268429
0.195336
0.149966
0.294995
-0.000789929
0.149966
0.00801406
0.0306611
0.0584363
0.149966
-0.000695033
0.0857353
0.0812567
0.149966
0.0147115
0.197849
0.00145744
0.179779
0.255402
0.14525
0.00172644
0.000189876
0.124228
0.0857977
0.347069
0.0889727
0.000436989
-0.000509131
0.197849
0.00891618
0.197849
0.172368
0.0156944
0.0010216
0.152905
0.226571
0.0263452
0.055246
0.242882
0.152905
0.00304419
0.0690385
0.111873
0.298795
0.0168757
0.0993336
0.197849
0.00973107
0.274542
0.149966
0.314963
0.000436989
0.129057
0.0194249
0.0522616
0.0035919
0.187882
0.187882
0.00112383
0.0191397
0.197849
0.255518
0.10067
0.268429
0.281589
0.0147115
0.00172644
0.00181607
-0.000628843
0.00305707
0.00801406
0.117854
0.197849
-0.000609327
0.0145673
0.266459
0.104689
0.022462
0.00676894
-0.000771664
0.178526
0.00556663
0.130827
0.00556663
0.00630777
0.0194195
0.032607
0.00891618
0.0708843
0.411078
0.124228
0.124228
0.00305707
0.169517
0.000436989
0.1647
0.0522616
-0.000366822
0.0035919
0.0207958
0.00398697
0.0134968
0.00449248
-2.5145e-05
0.255518
-0.000499807
0.255402
0.187543
0.172368
0.371218
0.055246
0.255518
0.055246
0.124228
0.0146839
0.152905
0.308422
0.0134003
0.000814844
0.00220003
0.226571
0.294995
-2.5145e-05
0.281589
-0.000499807
0.306879
0.0591205
0.0105965
0.0414198
0.0812567
0.0305755
0.219253
0.0390607
0.00897134
0.00145744
0.00556663
0.387231
0.0168719
0.00802092
0.242882
0.0769864
0.321812
0.338993
0.197849
0.106096
0.0857353
0.172049
0.250317
0.403154
0.0522616
0.00802092
0.195336
0.04931
0.142677
0.0708843
0.0115126
0.0021294
0.0794243
0.226571
-0.000509131
0.0207347
0.055246
0.00676894
-0.000499807
0.0954967
0.00145744
0.129057
0.0558163
0.00556663
0.0122042
0.0414198
0.250317
0.00556663
0.00257131
0.242882
0.00815157
0.0263452
0.00891618
0.0653001
0.116395
0.00895442
0.0105965
0.111873
0.23455
0.387231
0.178526
0.230733
0.0115126
0.0857977
0.0812567
-0.000771664
0.00501841
0.000189876
0.116395
0.187999
0.117854
0.0390607
0.0253525
0.0175416
0.152905
0.20285
0.0812567
0.20316
0.387231
0.0207867
0.00743636
0.000269723
0.0465508
0.00350369
0.0110298
0.0134003
0.0584363
0.255402
0.0769864
0.000530169
0.0812567
0.000530169
0.149966
0.169517
0.0750689
0.00714103
0.061785
0.0941905
0.157112
0.323046
0.142677
0.187543
0.20316
0.00449248
0.0145673
0.135905
0.00449248
0.00501841
0.395205
0.187999
0.0904991
0.178526
0.242882
0.043082
0.04906
0.157112
0.0653446
0.0048282
0.0402946
0.219253
0.0857353
-0.000609327
0.268429
0.0237638
0.0584363
0.20285
-0.000755767
0.0954967
0.135905
0.281707
0.0168719
0.0367906
0.258383
0.142677
0.0010216
0.0390607
0.281707
0.0750689
0.355133
0.16963
0.0207347
0.16106
0.116395
0.000714642
-0.000716293
0.00135823
0.020802
0.0627892
0.16106
0.152905
0.129057
0.149966
0.255402
0.117854
0.0134968
0.122758
0.043082
0.0282759
0.0283664
0.137861
0.0262679
0.14525
-0.000789929
0.0161339
0.135905
0.178526
0.294995
0.219253
0.104689
0.00553688
0.0306463
0.0492376
0.0325901
0.226571
0.21072
0.110578
0.255518
0.0253419
0.16106
0.242882
0.0904991
0.0207958
0.379235
0.298795
0.00997022
0.0728639
3.39058e-05
0.226571
0.130827
0.129057
0.137861
0.0584363
0.022462
0.0857977
0.0181157
0.0306463
0.306879
0.0390607
0.255402
-0.000771664
0.0035919
0.00801406
0.152905
0.00743636
0.110578
0.000436989
0.208334
0.0110298
0.14525
0.00145744
0.14525
0.0021294
0.0194136
0.219253
0.0993336
0.178526
0.197849
0.0010216
0.403154
0.0115126
0.387231
0.00802092
0.0181157
0.152905
0.219253
0.197849
0.00398697
0.000189876
0.16963
0.219253
0.274542
0.0857977
0.00135823
-0.000771664
0.00973107
-0.000209472
0.0689902
0.268429
0.0993336
0.106096
0.0439494
0.169517
0.0207867
0.16106
0.230733
0.0954273
0.0134968
0.0207347
0.308422
0.137861
0.268429
0.226571
0.14525
0.387231
0.306879
0.00220003
0.0222429
0.0402946
0.195336
0.0110575
0.000530169
0.0689902
-2.5145e-05
0.178526
0.0591205
0.0206784
0.0010216
0.000814844
0.111873
0.137861
0.000814844
0.0287945
-0.000716293
0.314963
-0.000175978
0.258383
0.258383
0.0390607
0.347069
0.00135823
0.0124791
0.268429
0.0010216
0.129057
0.152905
0.014737
0.298795
0.0145673
0.0690385
3.39058e-05
0.122758
0.242882
0.363184
0.0346488
0.10067
0.124228
0.00135823
0.111873
0.0168719
0.106096
0.0191397
0.0729163
0.130924
0.255518
0.0181157
0.169517
0.195336
0.187543
0.323046
0.0134968
0.0270189
0.298795
0.274542
0.178526
0.00553688
0.0035919
0.0134968
0.0465793
0.137861
-0.000499807
0.0708843
0.0889727
0.187543
0.0253525
0.122758
0.130924
0.124228
0.387231
0.0145673
0.00181607
0.298795
0.0653446
0.195336
0.274542
0.152905
-0.000609327
0.281589
0.169517
0.00973107
0.043082
0.208334
0.187999
0.23455
0.281707
0.152905
3.39058e-05
0.178526
0.0954273
0.106096
0.10067
0.308422
0.022523
0.323046
0.124228
0.0035919
0.294995
0.00802092
0.219253
-0.000795773
0.308422
-0.000366822
0.0207347
0.061785
0.0954967
0.219253
0.00112383
0.0627892
-2.5145e-05
0.00257131
0.0954273
0.379235
0.014737
0.0889727
0.178526
-0.000175978
0.294995
0.208334
0.00220003
0.00172644
0.00257131
-0.000175978
0.00556663
0.14525
-0.000209472
-0.000755767
0.16106
0.00614697
0.255402
0.0904991
0.129057
0.0253525
0.0124791
0.268429
0.000189876
0.00630777
0.0857977
0.00896321
0.0237458
0.00172644
-0.000366822
-0.000509131
0.308422
0.00350369
0.00181607
0.0146839
0.00556663
0.0465508
0.0253525
0.208334
0.20285
0.266459
0.172368
0.0194195
-0.000499807
0.124228
-0.000357715
0.06302
0.00220003
0.0377677
0.0889727
0.0938964
-0.000628843
0.294995
0.306879
-0.000357715
0.314963
-0.000716293
0.0134968
0.14525
0.338993
0.0035919
0.00145744
0.0668684
0.022523
0.14525
0.0857977
0.0690385
0.268429
0.00553688
0.0168719
0.347069
0.20316
0.0168719
0.0522616
3.39058e-05
-0.000175978
0.355133
0.0350969
0.043082
0.122758
0.00135823
0.061785
0.00398697
0.208334
0.0522062
0.0122042
3.39058e-05
0.00614697
0.0253525
0.00676894
0.00350369
0.219253
0.000189876
0.0105965
0.130924
0.00172644
0.122443
0.178526
0.0367906
0.363184
0.0668684
0.00449248
0.00260946
0.0794243
0.129057
0.242882
0.000714642
0.274542
-0.000716293
0.0842418
-0.000366822
0.00556663
0.043082
0.0048282
0.0191397
0.0021294
0.117854
0.0390607
0.000814844
0.129057
0.20285
0.0954273
0.282626
0.122758
0.266459
0.142677
0.0842418
0.00553688
0.00556663
0.0156944
0.00553688
0.00304419
0.0327917
0.0941905
0.117941
0.110578
0.395205
0.0207819
0.122758
0.055246
-0.000716293
0.157112
0.00891618
0.208334
-0.000209472
0.250317
0.122758
0.00304419
0.106096
0.20316
0.00181607
0.000189876
0.000814844
0.0237458
0.187999
0.338993
0.282626
-0.000366822
0.130827
0.10067
-0.000499807
0.104987
0.106096
0.281707
0.0021294
-0.000209472
0.00181607
0.0465508
-0.000695033
-0.000366822
0.226571
0.00257131
-0.000628843
0.0750689
0.0181201
0.403154
0.187999
0.111873
0.178526
0.187543
0.0287945
0.14525
0.014737
0.395205
0.195336
0.000814844
-0.000509131
0.00676894
0.242882
0.0842418
0.0904991
-0.000509131
0.00181607
0.0035919
0.0134003
0.0282759
0.258383
0.274542
0.403154
0.0439494
0.111873
0.323046
0.00997022
0.0404379
0.000530169
0.323046
0.00135823
0.0190953
0.187543
0.0584363
0.294995
0.0287945
0.000436989
0.00556663
0.0122199
0.000269723
0.0156944
0.0021294
0.255518
0.104689
0.00305707
0.255402
0.0304777
0.06302
0.0105965
0.00350369
0.00181607
0.0750689
-0.000795773
0.000436989
0.0035919
0.187543
0.043082
0.219253
0.230849
0.137861
0.0207819
0.379235
0.106173
0.0668684
-0.000609327
0.395205
0.000189876
0.00630777
0.145143
0.0283664
0.178526
0.338993
0.0194249
0.00257131
0.0161041
0.0857977
0.178526
0.323046
0.268429
0.0326772
0.0124791
0.179779
0.043082
0.0304777
0.061785
0.242561
0.0134968
0.043082
0.0304777
0.306879
0.208217
0.00112383
0.047014
-0.000795773
-0.000755767
1.00095
0.998875
0.0111522
0.998013
0.0415869
0.0145673
0.998013
0.998875
0.000269723
0.936318
0.997622
0.0496423
1.00095
0.00973107
0.000814844
0.998013
0.419169
0.998013
0.0960109
0.998875
0.00501841
0.860687
0.997622
0.998013
0.998875
0.997172
0.00501841
0.439092
0.0100403
0.00891618
0.998875
0.997172
-2.5145e-05
0.998875
0.00553688
0.998013
0.69183
1.00071
0.998875
0.0145673
0.00145744
0.998875
0.998875
-0.000628843
0.00112383
0.998875
0.998875
-0.000771664
0.998875
0.998013
0.997622
0.997387
0.0998753
0.998875
0.999814
-0.000771664
0.998013
0.997172
0.99788
0.00449248
0.998875
1.00095
0.623213
0.998875
0.198702
0.198702
0.999814
0.00676894
1.00071
1.00095
0.998013
0.00630777
0.0496376
-0.000789929
1.00167
0.998875
0.0588136
0.00135823
0.0124791
0.00891618
0.348809
0.998013
0.998875
0.0123435
0.997172
-0.000789929
0.00803852
0.999814
0.00145744
0.998013
0.998013
0.998013
1.00095
0.998013
-0.000795773
0.602241
0.998013
0.0124791
0.997387
0.997622
0.138647
-0.000795773
0.998875
0.0391543
1.00151
-0.000175978
-0.000695033
0.784682
0.997172
0.998875
0.00398697
0.998013
0.0149789
-0.000499807
0.00304419
0.998875
1.00095
0.375019
0.998013
0.997622
0.0100403
0.476272
0.986281
0.998875
0.997622
1.00122
1.00095
0.0391823
0.91169
0.348809
0.986281
0.0134968
0.000714642
0.97946
0.0145673
0.439092
0.170428
-0.000789929
0.998013
0.00112383
0.99788
0.792241
0.998875
0.019453
0.998875
0.00630777
0.998013
0.569618
0.998013
0.0105965
0.000814844
1.00122
0.00172644
-0.000695033
0.998875
1.00071
0.998875
0.000436989
1.00071
1.00095
0.998875
0.93274
0.0208403
0.558463
1.00122
1.00095
0.00350369
0.00257131
0.974835
-0.000755767
-0.000499807
0.000436989
-0.000509131
-0.000789929
0.997387
0.0035919
-0.000175978
-0.000175978
0.231572
-0.000755767
0.0021294
0.998013
0.998875
0.998875
0.998875
0.998013
0.997387
0.998013
0.000436989
0.999814
0.998013
1.00071
0.00398697
1.00122
0.998875
1.00122
0.231572
0.998013
0.0010216
0.784682
0.997387
1.00095
0.0270571
0.998013
-0.000175978
0.347421
0.000269723
0.999814
0.0145673
0.997387
-0.000509131
1.00071
0.00556663
0.718884
0.000714642
0.0134968
1.00071
0.00614697
0.0115126
0.00900366
0.0156944
1.00071
0.0621919
0.998875
0.295722
0.00630777
1.00071
0.998013
0.0468737
0.488443
1.00095
0.00398697
0.0156944
0.00112383
1.00122
0.998875
0.998875
0.997622
-0.000789929
0.998875
0.00803852
0.0417071
0.231572
0.998875
-0.000695033
0.413746
0.400923
0.998875
0.0213453
1.00071
0.00145744
0.998875
1.00122
0.866826
0.00172644
0.000189876
0.69183
0.413746
0.998875
0.998013
0.000436989
-0.000509131
1.00071
0.00891618
1.00071
0.998875
0.0156944
0.0010216
0.921845
0.998875
0.975697
0.198702
1.00095
0.949924
0.00304419
0.282411
0.6128
0.998875
0.0168825
0.998013
1.00071
0.00973107
0.998875
0.998875
0.998875
0.000436989
0.998013
0.019453
1.00167
0.0035919
0.997172
0.997172
0.00112383
0.165256
1.00071
0.997622
0.524103
1.00122
0.997622
0.0212895
0.00172644
0.00181607
-0.000628843
0.00305707
0.00803852
0.65356
0.997172
-0.000609327
0.0145673
0.998875
0.998013
0.754744
0.00676894
-0.000771664
1.00071
0.00556663
0.75296
0.00556663
0.00630777
0.019453
0.052557
0.00891618
0.998013
0.999814
0.718884
0.700998
0.00305707
1.00071
0.000436989
0.998875
0.998013
-0.000366822
0.0035919
0.0208403
0.00398697
0.0134968
0.00449248
-2.5145e-05
0.997622
-0.000499807
1.00122
0.998875
0.998875
0.999814
0.198702
1.00095
0.198702
0.718884
0.0231438
0.926769
0.99788
0.0210829
0.000814844
0.00220003
0.998875
1.00122
-2.5145e-05
0.997622
-0.000499807
0.998875
0.998013
0.0105965
0.118561
0.375019
0.998013
1.00095
0.0910283
0.00900366
0.00145744
0.00556663
0.999814
0.0168825
0.00803852
1.00095
0.361948
0.99788
0.998875
0.997172
0.569618
0.413746
0.998875
0.998875
0.999814
0.998013
0.00803852
0.998875
0.161871
0.998875
0.998013
0.0115126
0.0021294
0.998013
0.998875
-0.000509131
0.465801
0.198702
0.00676894
-0.000499807
0.463997
0.00145744
0.998013
0.998013
0.00556663
0.0123435
0.118589
0.998875
0.00556663
0.00257131
1.00095
0.00815157
0.956578
0.00891618
0.269179
0.998013
0.00900366
0.0105965
0.591532
0.998875
0.999814
1.00071
1.00095
0.0115126
0.400923
0.375019
-0.000771664
0.00501841
0.000189876
0.998013
1.00071
0.663369
0.0960109
0.0347685
0.0897365
0.954278
0.998875
0.400923
0.998875
0.999814
0.291124
0.00743636
0.000269723
0.146001
0.00350369
0.0123435
0.0210829
0.209095
1.00122
0.348809
0.000530169
0.375019
0.000530169
0.998875
1.00071
0.998013
0.00714103
0.256229
0.998013
0.998875
0.998875
0.998875
0.998875
0.998875
0.00449248
0.0145673
0.998013
0.00449248
0.00501841
0.999814
1.00071
0.463997
1.00071
1.00095
0.998013
0.998013
0.998875
0.256229
0.0048282
0.998013
1.00095
0.413746
-0.000609327
0.997622
0.0238341
0.22007
0.998875
-0.000755767
0.463997
0.998013
1.00122
0.0168825
0.0774453
0.998875
0.998875
0.0010216
0.0910283
1.00122
0.998013
0.999814
0.997172
0.427019
0.970876
0.998013
0.000714642
-0.000716293
0.00135823
0.0208403
0.998013
0.962734
0.91169
0.998013
0.998875
0.997622
0.643595
0.0134968
0.998013
0.998013
0.998013
0.998013
0.80695
0.994338
0.848023
-0.000789929
0.0270571
0.998013
1.00071
0.997622
1.00095
0.998013
0.00553688
0.0468737
0.998013
0.0588216
0.998875
0.998875
0.998013
0.997387
0.0369172
0.997172
1.00095
0.451602
0.0208403
0.999814
0.998875
0.0100403
0.33563
3.39058e-05
0.998875
0.761117
0.998013
0.81411
0.209095
0.69563
0.413746
0.0181347
0.0468769
0.998875
0.0910283
1.00122
-0.000771664
0.0035919
0.00803852
0.91169
0.00743636
0.998013
0.000436989
1.00095
0.0123435
0.878738
0.00145744
0.895742
0.0021294
0.0208403
0.997387
0.998013
0.997172
1.00071
0.0010216
0.999814
0.0115126
0.999814
0.00803852
0.0181347
0.91169
1.00095
0.997172
0.00398697
0.000189876
1.00071
0.997387
0.998875
0.400923
0.00135823
-0.000771664
0.00973107
-0.000209472
0.295722
1.00122
0.998013
0.547158
0.124942
1.00071
0.339496
0.958547
1.00095
0.476272
0.0134968
0.473462
0.997622
0.80695
1.00122
0.998875
0.878738
0.999814
0.998875
0.00220003
0.0222995
0.998013
0.998875
0.0111522
0.000530169
0.295722
-2.5145e-05
0.997172
0.998013
0.54789
0.0010216
0.000814844
0.623213
0.799662
0.000814844
0.0392355
-0.000716293
0.998875
-0.000175978
0.998875
0.998875
0.0960109
0.998875
0.00135823
0.0124791
1.00122
0.0010216
0.998013
0.926769
0.0229273
0.998875
0.0145673
0.295722
3.39058e-05
0.998013
0.997387
0.999814
0.0621919
0.524103
0.700998
0.00135823
0.623213
0.0168825
0.569618
0.123301
0.32237
0.727614
0.997622
0.0181347
1.00071
0.998875
0.998875
0.998875
0.0134968
0.0415869
0.998875
0.998875
1.00071
0.00553688
0.0035919
0.0134968
0.138647
0.792241
-0.000499807
0.998013
0.998013
0.998875
0.0369381
0.998013
0.744654
0.682505
0.999814
0.0145673
0.00181607
0.998875
0.256229
0.998875
0.998875
0.906455
-0.000609327
0.997622
1.00071
0.00973107
0.998013
1.00095
1.00071
0.998875
0.997622
0.931593
3.39058e-05
1.00071
0.500468
0.580624
0.535704
0.99788
0.562238
0.998875
0.718884
0.0035919
0.997622
0.00803852
1.00095
-0.000795773
0.99788
-0.000366822
0.511214
0.256229
0.476272
1.00095
0.00112383
0.998013
-2.5145e-05
0.00257131
0.488443
0.999814
0.0229273
0.998013
1.00071
-0.000175978
0.997622
0.997387
0.00220003
0.00172644
0.00257131
-0.000175978
0.00556663
0.890186
-0.000209472
-0.000755767
1.00071
0.00614697
1.00122
0.426471
0.998013
0.0271454
0.0124791
0.997622
0.000189876
0.00630777
0.400923
0.00900366
0.0271454
0.00172644
-0.000366822
-0.000509131
0.99788
0.00350369
0.00181607
0.0250878
0.00556663
0.146001
0.0271454
0.997387
0.998875
0.998875
0.998875
0.0208403
-0.000499807
0.718884
-0.000357715
0.998013
0.00220003
0.998013
0.998013
0.998013
-0.000628843
1.00122
0.998875
-0.000357715
0.998875
-0.000716293
0.0134968
0.895742
0.998875
0.0035919
0.00145744
0.998013
0.617971
0.860687
0.400923
0.295722
0.997622
0.00553688
0.0168825
0.998875
0.998875
0.0168825
0.998013
3.39058e-05
-0.000175978
0.998875
0.998013
0.998013
0.998013
0.00135823
0.256229
0.00398697
1.00095
0.179416
0.0136178
3.39058e-05
0.00614697
0.0271454
0.00676894
0.00350369
0.997387
0.000189876
0.0105965
0.744654
0.00172644
0.998013
1.00071
0.07746
0.999814
0.998013
0.00449248
0.00260946
0.998013
0.998013
1.00095
0.000714642
0.998875
-0.000716293
0.998013
-0.000366822
0.00556663
0.998013
0.0048282
0.17265
0.0021294
0.643595
0.101262
0.000814844
0.998013
0.998875
0.476272
0.998875
0.998013
0.998875
0.998875
0.998013
0.00553688
0.00556663
0.0156944
0.00553688
0.00304419
0.998013
0.998013
0.633478
0.998013
0.999814
0.0222995
0.998013
0.198702
-0.000716293
0.998875
0.00891618
1.00095
-0.000209472
0.998875
0.998013
0.00304419
0.580624
0.998875
0.00181607
0.000189876
0.000814844
0.025448
1.00071
0.998875
0.998875
-0.000366822
0.75296
0.535704
-0.000499807
0.998013
0.569618
0.997622
0.0021294
-0.000209472
0.00181607
0.15376
-0.000695033
-0.000366822
0.998875
0.00257131
-0.000628843
0.998013
0.0181347
0.999814
1.00071
0.591532
1.00071
0.998875
0.0392768
0.884519
0.0229273
0.999814
0.998875
0.000814844
-0.000509131
0.00676894
0.997387
0.998013
0.451602
-0.000509131
0.00181607
0.0035919
0.0210829
0.998013
0.998875
0.998875
0.999814
0.124942
0.623213
0.998875
0.0100403
0.998013
0.000530169
0.998875
0.00135823
0.219162
0.998875
0.231572
1.00122
0.0392355
0.000436989
0.00556663
0.0123435
0.000269723
0.0156944
0.0021294
0.997622
0.998013
0.00305707
1.00122
0.998013
0.998013
0.0105965
0.00350369
0.00181607
0.998013
-0.000795773
0.000436989
0.0035919
0.998875
1.00167
0.997387
0.997387
0.799662
0.0222995
0.999814
0.547158
0.998013
-0.000609327
0.999814
0.000189876
0.00630777
0.895664
0.998013
0.997172
0.998875
0.019453
0.00257131
0.0291278
0.400923
1.00071
0.998875
0.997622
0.998013
0.0124791
0.998875
0.998013
0.998013
0.256229
0.998875
0.0134968
0.998013
0.998013
0.998875
1.00095
