-4.98335
-4.98335
-4.98335
-4.98335
-4.98335
-4.98335
-4.98335
-4.98335
-4.98335
-4.98335
-4.98335
-4.98335
-4.98335
-4.98335
-4.98335
-4.98335
-4.98335
-4.98335
-4.98335
-4.98335
-4.98335
-4.98335
-4.98335
-4.98335
-4.98335
-4.98335
-4.98335
-4.98335
-4.98335
-4.98335
-4.98335
-4.98335
-4.98335
-4.98335
-4.98335
-4.98335
-4.98335
-4.98335
-4.98335
-4.98335
-4.98335
-4.98335
-4.98335
-4.98335
-4.98335
-4.98335
-4.98335
-4.98335
-4.98335
-4.98335
-4.98335
-4.98335
-4.98335
-4.98335
-4.98335
-4.98335
-4.98335
-4.98335
-4.98335
-4.98335
-4.98335
-4.98335
-4.98335
-4.98335
-4.98335
-4.98335
-4.98335
-4.98335
-4.98335
-4.98335
-4.98335
-4.98335
-4.98335
-4.98335
-4.98335
-4.98335
-4.98335
-4.98335
-4.98335
-4.98335
-4.98335
-4.98335
-4.98335
-4.98335
-4.98335
-4.98335
-4.98335
-4.98335
-4.98335
-4.98335
-4.98335
-4.98335
-4.98335
-4.98335
-4.98335
-4.98335
-4.98335
-4.98335
-4.98335
-4.98335
-4.98335
-4.98335
-4.98335
-4.98335
-4.98335
-4.98335
-4.98335
-4.98335
-4.98335
-4.98335
-4.98335
-4.98335
-4.98335
-4.98335
-4.98335
-4.98335
-4.98335
-4.98335
-4.98335
-4.98335
-4.98335
-4.98335
-4.98335
-4.98335
-4.98335
-4.98335
-4.98335
-4.98335
-4.98335
-4.98335
-4.98335
-4.98335
-4.98335
-4.98335
-4.98335
-4.98335
-4.98335
-4.98335
-4.98335
-4.98335
-4.98335
-4.98335
-4.98335
-4.98335
-4.98335
-4.98335
-4.98335
-4.98335
-4.98335
-4.98335
-4.98335
-4.98335
-4.98335
-4.98335
-4.98335
-4.98335
-4.98335
-4.98335
-4.98335
-4.98335
-4.98335
-4.98335
-4.98335
-4.98335
-4.98335
-4.98335
-4.98335
-4.98335
-4.98335
-4.98335
-4.98335
-4.98335
-4.98335
-4.98335
-4.98335
-4.98335
-4.98335
-4.98335
-4.98335
-4.98335
-4.98335
-4.98335
-4.98335
-4.98335
-4.98335
-4.98335
-4.98335
-4.98335
-4.98335
-4.98335
-4.98335
-4.98335
-4.98335
-4.98335
-4.98335
-4.98335
-4.98335
-4.98335
-4.98335
-4.98335
-4.98335
-4.98335
-4.98335
-4.98335
-4.98335
-4.98335
-4.98335
-4.98335
-4.98335
-4.98335
-4.98335
-4.98335
-4.98335
-4.98335
-4.98335
-4.98335
-4.98335
-4.98335
-4.98335
-4.98335
-4.98335
-4.98335
-4.98335
-4.98335
-4.98335
-4.98335
-4.98335
-4.98335
-4.98335
-4.98335
-4.98335
-4.98335
-4.98335
-4.98335
-4.98335
-4.98335
-4.98335
-4.98335
-4.98335
-4.98335
-4.98335
-4.98335
-4.98335
-4.98335
-4.98335
-4.98335
-4.98335
-4.98335
-4.98335
-4.98335
-4.98335
-4.98335
-4.98335
-4.98335
-4.98335
-4.98335
-4.98335
-4.98335
-4.98335
-4.98335
-4.98335
-4.98335
-4.98335
-4.98335
-4.98335
-4.98335
-4.98335
-4.98335
-4.98335
-4.98335
-4.98335
-4.98335
-4.98335
-4.98335
-4.98335
-4.98335
-4.98335
-4.98335
-4.98335
-4.98335
-4.98335
-4.98335
-4.98335
-4.98335
-4.98335
-4.98335
-4.98335
-4.98335
-4.98335
-4.98335
-4.98335
-4.98335
-4.98335
-4.98335
-4.98335
-4.98335
-4.98335
-4.98335
-4.98335
-4.98335
-4.98335
-4.98335
-4.98335
-4.98335
-4.98335
-4.98335
-4.98335
-4.98335
-4.98335
-4.98335
-4.98335
-4.98335
-4.98335
-4.98335
-4.98335
-4.98335
-4.98335
-4.98335
-4.98335
-4.98335
-4.98335
-4.98335
-4.98335
-4.98335
-4.98335
-4.98335
-4.98335
-4.98335
-4.98335
-4.98335
-4.98335
-4.98335
-4.98335
-4.98335
-4.98335
-4.98335
-4.98335
-4.98335
-4.98335
-4.98335
-4.98335
-4.98335
-4.98335
-4.98335
-4.98335
-4.98335
-4.98335
-4.98335
-4.98335
-4.98335
-4.98335
-4.98335
-4.98335
-4.98335
-4.98335
-4.98335
-4.98335
-4.98335
-4.98335
-4.98335
-4.98335
-4.98335
-4.98335
-4.98335
-4.98335
-4.98335
-4.98335
-4.98335
-4.98335
-4.98335
-4.98335
-4.98335
-4.98335
-4.98335
-4.98335
-4.98335
-4.98335
-4.98335
-4.98335
-4.98335
-4.98335
-4.98335
-4.98335
-4.98335
-4.98335
-4.98335
-4.98335
-4.98335
-4.98335
-4.98335
-4.98335
-4.98335
-4.98335
-4.98335
-4.98335
-4.98335
-4.98335
-4.98335
-4.98335
-4.98335
-4.98335
-4.98335
-4.98335
-4.98335
-4.98335
-4.98335
-4.98335
-4.98335
-4.98335
-4.98335
-4.98335
-4.98335
-4.98335
-4.98335
-4.98335
-4.98335
-4.98335
-4.98335
-4.98335
-4.98335
-4.98335
-4.98335
-4.98335
-4.98335
-4.98335
-4.98335
-4.98335
-4.98335
-4.98335
-4.98335
-4.98335
-4.98335
-4.98335
-4.98335
-4.98335
-4.98335
-4.98335
-4.98335
-4.98335
-4.98335
-4.98335
-4.98335
-4.98335
-4.98335
-4.98335
-4.98335
-4.98335
-4.98335
-4.98335
-4.98335
-4.98335
-4.98335
-4.98335
-4.98335
-4.98335
-4.98335
-4.98335
-4.98335
-4.98335
-4.98335
-4.98335
-4.98335
-4.98335
-4.98335
-4.98335
-4.98335
-4.98335
-4.98335
-4.98335
-4.98335
-4.98335
-4.98335
-4.98335
-4.98335
-4.98335
-4.98335
-4.98335
-4.98335
-4.98335
-4.98335
-4.98335
-4.98335
-4.98335
-4.98335
-4.98335
-4.98335
-4.98335
-4.98335
-4.98335
-4.98335
-4.98335
-4.98335
-4.98335
-4.98335
-4.98335
-4.98335
-4.98335
-4.98335
-4.98335
-4.98335
-4.98335
-4.98335
-4.98335
-4.98335
-4.98335
-4.98335
-4.98335
-4.98335
-4.98335
-4.98335
-4.98335
-4.98335
-4.98335
-4.98335
-4.98335
-4.98335
-4.98335
-4.98335
-4.98335
-4.98335
-4.98335
-4.98335
-4.98335
-4.98335
-4.98335
-4.98335
-4.98335
-4.98335
-4.98335
-4.98335
-4.98335
-4.98335
-4.98335
-4.98335
-4.98335
-4.98335
-4.98335
-4.98335
-4.98335
-4.98335
-4.98335
-4.98335
-4.98335
-4.98335
-4.98335
-4.98335
-4.98335
-4.98335
-4.98335
-4.98335
-4.98335
-4.98335
-4.98335
-4.98335
-4.98335
-4.98335
-4.98335
-4.98335
-4.98335
-4.98335
-4.98335
-4.98335
-4.98335
-4.98335
-4.98335
-4.98335
-4.98335
-4.98335
-4.98335
-4.98335
-4.98335
-4.98335
-4.98335
-4.98335
-4.98335
-4.98335
-4.98335
-4.98335
-4.98335
-4.98335
-4.98335
-4.98335
-4.98335
-4.98335
-4.98335
-4.98335
-4.98335
-4.98335
-4.98335
-4.98335
-4.98335
-4.98335
-4.98335
-4.98335
-4.98335
-4.98335
-4.98335
-4.98335
-4.98335
-4.98335
-4.98335
-4.98335
-4.98335
-4.98335
-4.98335
-4.98335
-4.98335
-4.98335
-4.98335
-4.98335
-4.98335
-4.98335
-4.98335
-4.98335
-4.98335
-4.98335
-4.98335
-4.98335
-4.98335
-4.98335
-4.98335
-4.98335
-4.98335
-4.98335
-4.98335
-4.98335
-4.98335
-4.98335
-4.98335
-4.98335
-4.98335
-4.98335
-4.98335
-4.98335
-4.98335
-4.98335
-4.98335
-4.98335
-4.98335
-4.98335
-4.98335
-4.98335
-4.98335
-4.98335
-4.98335
-4.98335
-4.98335
-4.98335
-4.98335
-4.98335
-4.98335
-4.98335
-4.98335
-4.98335
-4.98335
-4.98335
-4.98335
-4.98335
-4.98335
-4.98335
-4.98335
-4.98335
-4.98335
-4.98335
-4.98335
-4.98335
-4.98335
-4.98335
-4.98335
-4.98335
-4.98335
-4.98335
-4.98335
-4.98335
-4.98335
-4.98335
-4.98335
-4.98335
-4.98335
-4.98335
-4.98335
-4.98335
-4.98335
-4.98335
-4.98335
-4.98335
-4.98335
-4.98335
-4.98335
-4.98335
-4.98335
-4.98335
-4.98335
-4.98335
-4.98335
-4.98335
-4.98335
-4.98335
-4.98335
-4.98335
-4.98335
-4.98335
-4.98335
-4.98335
-4.98335
-4.98335
-4.98335
-4.98335
-4.98335
-4.98335
-4.98335
-4.98335
-4.98335
-4.98335
-4.98335
-4.98335
-4.98335
-4.98335
-4.98335
-4.98335
-4.98335
-4.98335
-4.98335
-4.98335
-4.98335
-4.98335
-4.98335
-4.98335
-4.98335
-4.98335
-4.98335
-4.98335
-4.98335
-4.98335
-4.98335
-4.98335
-4.98335
-4.98335
-4.98335
-4.98335
-4.98335
-4.98335
-4.98335
-4.98335
-4.98335
-4.98335
-4.98335
-4.98335
-4.98335
-4.98335
-4.98335
-4.98335
-4.98335
-4.98335
-4.98335
-4.98335
-4.98335
-4.98335
-4.98335
-4.98335
-4.98335
-4.98335
-4.98335
-4.98335
-4.98335
-4.98335
-4.98335
-4.98335
-4.98335
-4.98335
-4.98335
-4.98335
-4.98335
-4.98335
-4.98335
-4.98335
-4.98335
-4.98335
-4.98335
-4.98335
-4.98335
-4.98335
-4.98335
-4.98335
-4.98335
-4.98335
-4.98335
-4.98335
-4.98335
-4.98335
-4.98335
-4.98335
-4.98335
-4.98335
-4.98335
-4.98335
-4.98335
-4.98335
-4.98335
-4.98335
-4.98335
-4.98335
-4.98335
-4.98335
-4.98335
-4.98335
-4.98335
-4.98335
-4.98335
-4.98335
-4.98335
-4.98335
-4.98335
-4.98335
-4.98335
-4.98335
-4.98335
-4.98335
-4.98335
-4.98335
-4.98335
-4.98335
-4.98335
-4.98335
-4.98335
-4.98335
-4.98335
-4.98335
-4.98335
-4.98335
-4.98335
-4.98335
-4.98335
-4.98335
-4.98335
-4.98335
-4.98335
-4.98335
-4.98335
-4.98335
-4.98335
-4.98335
-4.98335
-4.98335
-4.98335
-4.98335
-4.98335
-4.98335
-4.98335
-4.98335
-4.98335
-4.98335
-4.98335
-4.98335
-4.98335
-4.98335
-4.98335
-4.98335
-4.98335
-4.98335
-4.98335
-4.98335
-4.98335
-4.98335
-4.98335
-4.98335
-4.98335
-4.98335
-4.98335
-4.98335
-4.98335
-4.98335
-4.98335
-4.98335
-4.98335
-4.98335
-4.98335
-4.98335
-4.98335
-4.98335
-4.98335
-4.98335
-4.98335
-4.98335
-4.98335
-4.98335
-4.98335
-4.98335
-4.98335
-4.98335
-4.98335
-4.98335
-4.98335
-4.98335
-4.98335
-4.98335
-4.98335
-4.98335
-4.98335
-4.98335
-4.98335
-4.98335
-4.98335
-4.98335
-4.98335
-4.98335
-4.98335
-4.98335
-4.98335
-4.98335
-4.98335
-4.98335
-4.98335
-4.98335
-4.98335
-4.98335
-4.98335
-4.98335
-4.98335
-4.98335
-4.98335
-4.98335
-4.98335
-4.98335
-4.98335
-4.98335
-4.98335
-4.98335
-4.98335
-4.98335
-4.98335
-4.98335
-4.98335
-4.98335
-4.98335
-4.98335
-4.98335
-4.98335
-4.98335
-4.98335
-4.98335
-4.98335
-4.98335
-4.98335
-4.98335
-4.98335
-4.98335
-4.98335
-4.98335
-4.98335
-4.98335
-4.98335
-4.98335
-4.98335
-4.98335
-4.98335
-4.98335
-4.98335
-4.98335
-4.98335
-4.98335
-4.98335
-4.98335
-4.98335
-4.98335
-4.98335
-4.98335
-4.98335
-4.98335
-4.98335
-4.98335
-4.98335
-4.98335
-4.98335
-4.98335
-4.98335
-4.98335
-4.98335
-4.98335
-4.98335
-4.98335
-4.98335
-4.98335
-4.98335
-4.98335
-4.98335
-4.98335
-4.98335
-4.98335
-4.98335
-4.98335
-4.98335
-4.98335
-4.98335
-4.98335
-4.98335
-4.98335
-4.98335
-4.98335
-4.98335
-4.98335
-4.98335
-4.98335
-4.98335
-4.98335
-4.98335
-4.98335
-4.98335
-4.98335
-4.98335
-4.98335
-4.98335
-4.98335
-4.98335
-4.98335
-4.98335
-4.98335
-4.98335
-4.98335
-4.98335
-4.98335
-4.98335
-4.98335
-4.98335
-4.98335
-4.98335
-4.98335
-4.98335
-4.98335
-4.98335
-4.98335
-4.98335
-4.98335
-4.98335
-4.98335
-4.98335
-4.98335
-4.98335
-4.98335
-4.98335
-4.98335
-4.98335
-4.98335
-4.98335
-4.98335
-4.98335
-4.98335
-4.98335
-4.98335
-4.98335
-4.98335
-4.98335
-4.98335
-4.98335
-4.98335
-4.98335
-4.98335
-4.98335
-4.98335
-4.98335
-4.98335
-4.98335
-4.98335
-4.98335
-4.98335
-4.98335
-4.98335
-4.98335
-4.98335
-4.98335
-4.98335
-4.98335
-4.98335
-4.98335
-4.98335
-4.98335
-4.98335
-4.98335
-4.98335
-4.98335
-4.98335
-4.98335
-4.98335
-4.98335
-4.98335
-4.98335
-4.98335
-4.98335
-4.98335
-4.98335
-4.98335
-4.98335
-4.98335
-4.98335
-4.98335
-4.98335
-4.98335
-4.98335
-4.98335
-4.98335
-4.98335
-4.98335
-4.98335
-4.98335
-4.98335
-4.98335
-4.98335
-4.98335
-4.98335
-4.98335
-4.98335
-4.98335
-4.98335
-4.98335
-4.98335
-4.98335
-4.98335
-4.98335
-4.98335
-4.98335
-4.98335
-4.98335
-4.98335
-4.98335
-4.98335
-4.98335
-4.98335
-4.98335
-4.98335
-4.98335
-4.98335
-4.98335
-4.98335
-4.98335
-4.98335
-4.98335
-4.98335
-4.98335
-4.98335
-4.98335
-4.98335
-4.98335
-4.98335
-4.98335
-4.98335
-4.98335
-4.98335
-4.98335
-4.98335
-4.98335
-4.98335
-4.98335
-4.98335
-4.98335
-4.98335
-4.98335
-4.98335
-4.98335
-4.98335
-4.98335
-4.98335
-4.98335
-4.98335
-4.98335
-4.98335
-4.98335
-4.98335
-4.98335
-4.98335
-4.98335
-4.98335
-4.98335
-4.98335
-4.98335
-4.98335
-4.98335
-4.98335
-4.98335
-4.98335
-4.98335
-4.98335
-4.98335
-4.98335
-4.98335
-4.98335
-4.98335
-4.98335
-4.98335
-4.98335
-4.98335
-4.98335
-4.98335
-4.98335
-4.98335
-4.98335
-4.98335
-4.98335
-4.98335
-4.98335
-4.98335
-4.98335
-4.98335
-4.98335
-4.98335
-4.98335
-4.98335
-4.98335
-4.98335
-4.98335
-4.98335
-4.98335
-4.98335
-4.98335
-4.98335
-4.98335
-4.98335
-4.98335
-4.98335
-4.98335
-4.98335
-4.98335
-4.98335
-4.98335
-4.98335
-4.98335
-4.98335
-4.98335
-4.98335
-4.98335
-4.98335
-4.98335
-4.98335
-4.98335
-4.98335
-4.98335
-4.98335
-4.98335
-4.98335
-4.98335
-4.98335
-4.98335
-4.98335
-4.98335
-4.98335
-4.98335
-4.98335
-4.98335
-4.98335
-4.98335
-4.98335
-4.98335
-4.98335
-4.98335
-4.98335
-4.98335
-4.98335
-4.98335
-4.98335
-4.98335
-4.98335
-4.98335
-4.98335
-4.98335
-4.98335
-4.98335
-4.98335
-4.98335
-4.98335
-4.98335
-4.98335
-4.98335
-4.98335
-4.98335
-4.98335
-4.98335
-4.98335
-4.98335
-4.98335
-4.98335
-4.98335
-4.98335
-4.98335
-4.98335
-4.98335
-4.98335
-4.98335
-4.98335
-4.98335
-4.98335
-4.98335
-4.98335
-4.98335
-4.98335
-4.98335
-4.98335
-4.98335
-4.98335
-4.98335
-4.98335
-4.98335
-4.98335
-4.98335
-4.98335
-4.98335
-4.98335
-4.98335
-4.98335
-4.98335
-4.98335
-4.98335
-4.98335
-4.98335
-4.98335
-4.98335
-4.98335
-4.98335
-4.98335
-4.98335
-4.98335
-4.98335
-4.98335
-4.98335
-4.98335
-4.98335
-4.98335
-4.98335
-4.98335
-4.98335
-4.98335
-4.98335
-4.98335
-4.98335
-4.98335
-4.98335
-4.98335
-4.98335
-4.98335
-4.98335
-4.98335
-4.98335
-4.98335
-4.98335
-4.98335
-4.98335
-4.98335
-4.98335
-4.98335
-4.98335
-4.98335
-4.98335
-4.98335
-4.98335
-4.98335
-4.98335
-4.98335
-4.98335
-4.98335
-4.98335
-4.98335
-4.98335
-4.98335
-4.98335
-4.98335
-4.98335
-4.98335
-4.98335
-4.98335
-4.98335
-4.98335
-4.98335
-4.98335
-4.98335
-4.98335
-4.98335
-4.98335
-4.98335
-4.98335
-4.98335
-4.98335
-4.98335
-4.98335
-4.98335
-4.98335
-4.98335
-4.98335
-4.98335
-4.98335
-4.98335
-4.98335
-4.98335
-4.98335
-4.98335
-4.98335
-4.98335
-4.98335
-4.98335
-4.98335
-4.98335
-4.98335
-4.98335
-4.98335
-4.98335
-4.98335
-4.98335
-4.98335
-4.98335
-4.98335
-4.98335
-4.98335
-4.98335
-4.98335
-4.98335
-4.98335
-4.98335
-4.98335
-4.98335
-4.98335
-4.98335
-4.98335
-4.98335
-4.98335
-4.98335
-4.98335
-4.98335
-4.98335
-4.98335
-4.98335
-4.98335
-4.98335
-4.98335
-4.98335
-4.98335
-4.98335
-4.98335
-4.98335
-4.98335
-4.98335
-4.98335
-4.98335
-4.98335
-4.98335
-4.98335
-4.98335
-4.98335
-4.98335
-4.98335
-4.98335
-4.98335
-4.98335
-4.98335
-4.98335
-4.98335
-4.98335
-4.98335
-4.98335
-4.98335
-4.98335
-4.98335
-4.98335
-4.98335
-4.98335
-4.98335
-4.98335
-4.98335
-4.98335
-4.98335
-4.98335
-4.98335
-4.98335
-4.98335
-4.98335
-4.98335
-4.98335
-4.98335
-4.98335
-4.98335
-4.98335
-4.98335
-4.98335
-4.98335
-4.98335
-4.98335
-4.98335
-4.98335
-4.98335
-4.98335
-4.98335
-4.98335
-4.98335
-4.98335
-4.98335
-4.98335
-4.98335
-4.98335
-4.98335
-4.98335
-4.98335
-4.98335
-4.98335
-4.98335
-4.98335
-4.98335
-4.98335
-4.98335
-4.98335
-4.98335
-4.98335
-4.98335
-4.98335
-4.98335
-4.98335
-4.98335
-4.98335
-4.98335
-4.98335
-4.98335
-4.98335
-4.98335
-4.98335
-4.98335
-4.98335
-4.98335
-4.98335
-4.98335
-4.98335
-4.98335
-4.98335
-4.98335
-4.98335
-4.98335
-4.98335
-4.98335
-4.98335
-4.98335
-4.98335
-4.98335
-4.98335
-4.98335
-4.98335
-4.98335
-4.98335
-4.98335
-4.98335
-4.98335
-4.98335
-4.98335
-4.98335
-4.98335
-4.98335
-4.98335
-4.98335
-4.98335
-4.98335
-4.98335
-4.98335
-4.98335
-4.98335
-4.98335
-4.98335
-4.98335
-4.98335
-4.98335
-4.98335
-4.98335
-4.98335
-4.98335
-4.98335
-4.98335
-4.98335
-4.98335
-4.98335
-4.98335
-4.98335
-4.98335
-4.98335
-4.98335
-4.98335
-4.98335
-4.98335
-4.98335
-4.98335
-4.98335
-4.98335
-4.98335
-4.98335
-4.98335
-4.98335
-4.98335
-4.98335
-4.98335
-4.98335
-4.98335
-4.98335
-4.98335
-4.98335
-4.98335
-4.98335
-4.98335
-4.98335
-4.98335
-4.98335
-4.98335
-4.98335
-4.98335
-4.98335
-4.98335
-4.98335
-4.98335
-4.98335
-4.98335
-4.98335
-4.98335
-4.98335
-4.98335
-4.98335
-4.98335
-4.98335
-4.98335
-4.98335
-4.98335
-4.98335
-4.98335
-4.98335
-4.98335
-4.98335
-4.98335
-4.98335
-4.98335
-4.98335
-4.98335
-4.98335
-4.98335
-4.98335
-4.98335
-4.98335
-4.98335
-4.98335
-4.98335
-4.98335
-4.98335
-4.98335
-4.98335
-4.98335
-4.98335
-4.98335
-4.98335
-4.98335
-4.98335
-4.98335
-4.98335
-4.98335
-4.98335
-4.98335
-4.98335
-4.98335
-4.98335
-4.98335
-4.98335
-4.98335
-4.98335
-4.98335
-4.98335
-4.98335
-4.98335
-4.98335
-4.98335
-4.98335
-4.98335
-4.98335
-4.98335
-4.98335
-4.98335
-4.98335
-4.98335
-4.98335
-4.98335
-4.98335
-4.98335
-4.98335
-4.98335
-4.98335
-4.98335
-4.98335
-4.98335
-4.98335
-4.98335
-4.98335
-4.98335
-4.98335
-4.98335
-4.98335
-4.98335
-4.98335
-4.98335
-4.98335
-4.98335
-4.98335
-4.98335
-4.98335
-4.98335
-4.98335
-4.98335
-4.98335
-4.98335
-4.98335
-4.98335
-4.98335
-4.98335
-4.98335
-4.98335
-4.98335
-4.98335
-4.98335
-4.98335
-4.98335
-4.98335
-4.98335
-4.98335
-4.98335
-4.98335
-4.98335
-4.98335
-4.98335
-4.98335
-4.98335
-4.98335
-4.98335
-4.98335
-4.98335
-4.98335
-4.98335
-4.98335
-4.98335
-4.98335
-4.98335
-4.98335
-4.98335
-4.98335
-4.98335
-4.98335
-4.98335
-4.98335
-4.98335
-4.98335
-4.98335
-4.98335
-4.98335
-4.98335
-4.98335
-4.98335
-4.98335
-4.98335
-4.98335
-4.98335
-4.98335
-4.98335
-4.98335
-4.98335
-4.98335
-4.98335
-4.98335
-4.98335
-4.98335
-4.98335
-4.98335
-4.98335
-4.98335
-4.98335
-4.98335
-4.98335
-4.98335
-4.98335
-4.98335
-4.98335
-4.98335
-4.98335
-4.98335
-4.98335
-4.98335
-4.98335
-4.98335
-4.98335
-4.98335
-4.98335
-4.98335
-4.98335
-4.98335
-4.98335
-4.98335
-4.98335
-4.98335
-4.98335
-4.98335
-4.98335
-4.98335
-4.98335
-4.98335
-4.98335
-4.98335
-4.98335
-4.98335
-4.98335
-4.98335
-4.98335
-4.98335
-4.98335
-4.98335
-4.98335
-4.98335
-4.98335
-4.98335
-4.98335
-4.98335
-4.98335
-4.98335
-4.98335
-4.98335
-4.98335
-4.98335
-4.98335
-4.98335
-4.98335
-4.98335
-4.98335
-4.98335
-4.98335
-4.98335
-4.98335
-4.98335
-4.98335
-4.98335
-4.98335
-4.98335
-4.98335
-4.98335
-4.98335
-4.98335
-4.98335
-4.98335
-4.98335
-4.98335
-4.98335
-4.98335
-4.98335
-4.98335
-4.98335
-4.98335
-4.98335
-4.98335
-4.98335
-4.98335
-4.98335
-4.98335
-4.98335
-4.98335
-4.98335
-4.98335
-4.98335
-4.98335
-4.98335
-4.98335
-4.98335
-4.98335
-4.98335
-4.98335
-4.98335
-4.98335
-4.98335
-4.98335
-4.98335
-4.98335
-4.98335
-4.98335
-4.98335
-4.98335
-4.98335
-4.98335
-4.98335
-4.98335
-4.98335
-4.98335
-4.98335
-4.98335
-4.98335
-4.98335
-4.98335
-4.98335
-4.98335
-4.98335
-4.98335
-4.98335
-4.98335
-4.98335
-4.98335
-4.98335
-4.98335
-4.98335
-4.98335
-4.98335
-4.98335
-4.98335
-4.98335
-4.98335
-4.98335
-4.98335
-4.98335
-4.98335
-4.98335
-4.98335
-4.98335
-4.98335
-4.98335
-4.98335
-4.98335
-4.98335
-4.98335
-4.98335
-4.98335
-4.98335
-4.98335
-4.98335
-4.98335
-4.98335
-4.98335
-4.98335
-4.98335
-4.98335
-4.98335
-4.98335
-4.98335
-4.98335
-4.98335
-4.98335
-4.98335
-4.98335
-4.98335
-4.98335
-4.98335
-4.98335
-4.98335
-4.98335
-4.98335
-4.98335
-4.98335
-4.98335
-4.98335
-4.98335
-4.98335
-4.98335
-4.98335
-4.98335
-4.98335
-4.98335
-4.98335
-4.98335
-4.98335
-4.98335
-4.98335
-4.98335
-4.98335
-4.98335
-4.98335
-4.98335
-4.98335
-4.98335
-4.98335
-4.98335
-4.98335
-4.98335
-4.98335
-4.98335
-4.98335
-4.98335
-4.98335
-4.98335
-4.98335
-4.98335
-4.98335
-4.98335
-4.98335
-4.98335
-4.98335
-4.98335
-4.98335
-4.98335
-4.98335
-4.98335
-4.98335
-4.98335
-4.98335
-4.98335
-4.98335
-4.98335
-4.98335
-4.98335
-4.98335
-4.98335
-4.98335
-4.98335
-4.98335
0.0476327
0.047406
0.0472511
0.0470481
0.0468754
0.0466034
0.0463922
0.0462441
0.0462827
0.0444906
0.0443205
0.044173
0.0438881
0.0437046
0.0437783
0.0436257
0.0437164
0.0399821
0.0398714
0.0418639
0.041609
0.0415759
0.0412257
0.0409474
0.0407871
0.0406421
0.0403971
0.0401105
0.0385993
0.0384113
0.0383019
0.0392305
0.0387572
0.0380549
0.0381043
0.0380164
0.0382264
0.0378196
0.0377143
0.0376227
0.0374828
0.0373701
0.0373473
0.0373851
0.0372574
0.0371589
0.034499
0.0347131
0.034603
0.0343018
0.0344554
0.0360594
0.0359529
0.0357661
0.0356022
0.0354166
0.0352189
0.0351301
0.0348284
0.0346685
0.0344123
0.03432
0.0337757
0.033486
0.0333701
0.0332871
0.0332056
0.0333485
0.0332089
0.0330768
0.0329666
0.0329759
0.0311772
0.0311689
0.0311118
0.0310878
0.0310193
0.0309742
0.0309257
0.0308424
0.0243861
0.0244083
0.0243035
0.0241867
0.0238241
0.0234595
0.0225172
0.0221482
0.0225301
0.0219711
0.0222245
0.021941
0.0213278
0.0218878
0.0212532
0.0208728
0.0200147
0.0198973
0.0199223
0.0197766
0.019651
0.0187969
0.0177423
0.0176641
0.017398
0.0174366
0.0173381
0.0174356
0.0173458
0.0172121
0.0162751
0.0161357
0.0160013
0.0157358
0.0155374
0.0156491
0.0152203
0.0157388
0.015539
0.015385
0.014058
0.0140484
0.0140492
0.0122518
0.0118943
0.0132464
0.0132391
0.0126123
0.0126326
0.0125497
0.0125579
0.0121148
0.0125569
0.00721145
0.00716364
0.00571496
0.00594409
0.00555104
0.00766506
0.00550765
0.00559234
0.0055182
0.00324206
0.003235
0.00323371
0.00322919
0.00693498
0.00691342
0.00655891
0.00669696
0.00321886
0.00321438
0.00320961
0.0032084
0.00320362
0.00322795
0.00322378
0.00620083
0.00611576
0.00605381
0.00602223
0.0032399
0.00323536
0.00323048
0.0031895
0.00318445
0.00317703
0.00317225
0.00314826
0.00308796
0.00308123
0.00309895
0.00303695
0.00303213
0.0030871
0.003082
0.0030641
0.00305911
0.00306151
0.003054
0.00305614
0.00305165
0.00300645
0.00300176
0.00304184
0.00305173
0.00304484
0.00304036
0.00305165
0.00304711
0.00302148
0.00302364
0.0029765
0.0029276
0.00292319
0.00290019
0.00289612
0.0028817
0.00288391
0.00288246
0.00288117
0.00287908
0.00288426
0.00268023
0.00269123
0.00268934
0.00268859
0.00263738
0.00263504
0.00263356
0.00262962
0.00262699
0.00262572
0.00262144
0.00262011
0.00261575
0.00258415
0.0025824
0.00251905
0.0025171
0.00251521
0.00251805
0.00251751
0.0025159
0.00251227
0.00250891
0.00251575
0.00247667
0.00247457
0.0024704
0.00246922
0.00246769
0.00246421
0.00246283
0.00245095
0.00244912
0.00244567
0.00244064
0.00243861
0.00243571
0.00243373
0.00243305
0.00241014
0.0024083
0.00240641
0.00242742
0.00240932
0.0024072
0.00240529
0.00240175
0.00240394
0.00240017
0.00239871
0.00239487
0.00239364
0.00239037
0.00238878
0.00237431
0.00237663
0.00236613
0.00236264
0.00236053
0.00235716
0.00235357
0.00235008
0.00235021
0.00234622
0.00235896
0.00230829
0.00230519
0.00230213
0.00229175
0.00229304
0.00230266
0.00229962
0.00229581
0.00218606
0.00218441
0.0021813
0.00218024
0.00217884
0.00216855
0.0021651
0.00216329
0.00215994
0.00214956
0.00214899
0.00214749
0.00214628
0.00214347
0.00214204
0.0021451
0.00214217
0.00214093
0.00213929
0.00213803
0.00213706
0.00213345
0.00210663
0.00211089
0.00210723
0.00210521
0.0021055
0.00210413
0.00210258
0.00212157
0.0021205
0.00211899
0.0021104
0.00211433
0.00211129
0.00210812
0.00210771
0.0021119
0.00210588
0.00210495
0.00210332
0.00210185
0.00210641
0.00210509
0.00210351
0.00210386
0.00210405
0.00206382
0.00205967
0.00205691
0.00205889
0.00206143
0.00204183
0.00205521
0.00205373
0.00205241
0.00205175
0.0020483
0.00204799
0.002047
0.00204657
0.00204756
0.00204512
0.00203386
0.00200433
0.00200323
0.00199875
0.00199725
0.00199592
0.00199504
0.00198988
0.00198922
0.00198423
0.00198325
0.00198517
0.00193194
0.0019308
0.00192803
0.00193394
0.00191883
0.00191766
0.00191665
0.00191368
0.00191189
0.00190894
0.0019067
0.00189031
0.00188904
0.00188762
0.00188469
0.00188322
0.00188634
0.00188306
0.00188156
0.00188065
0.00186858
0.00186701
0.00186265
0.00186117
0.00185804
0.00185792
0.0018562
0.00185535
0.00185767
0.00185473
0.00185363
0.00185299
0.00185246
0.00182955
0.0018218
0.00182256
0.00181979
0.00181898
0.00181608
0.00175118
0.00172699
0.00172563
0.00171362
0.00171263
0.00194929
0.00194879
0.00194469
0.00194345
0.00194261
0.00193943
0.00194055
0.00193774
0.00193657
0.00193554
0.00193192
0.00191713
0.00191656
0.00191321
0.00191171
0.0019108
0.00190979
0.00190866
0.00171946
0.0017049
0.00170364
0.00170224
0.00170364
0.00170278
0.00170152
0.00170026
0.00169977
0.00169632
0.0016985
0.00169432
0.00169437
0.00169233
0.00169754
0.0016958
0.00169285
0.00169301
0.00167475
0.00167364
0.00167123
0.00167036
0.00166927
0.00165698
0.00165556
0.00165261
0.00165188
0.00165447
0.00165358
0.00164981
0.0016066
0.00160564
0.00160222
0.00160103
0.00160011
0.00159998
0.00159915
0.00159841
0.00159756
0.00159694
0.00159621
0.00156286
0.00156413
0.00156305
0.00155908
0.00156168
0.00156051
0.00155458
0.00155956
0.00155844
0.00155566
0.0015216
0.00152199
0.00149852
0.00149517
0.00149716
0.00149792
0.00149743
0.00149613
0.00148553
0.00145987
0.00145946
0.00145837
0.00145753
0.001428
0.00142801
0.00142787
0.00142086
0.00135209
0.00135122
0.00135019
0.000701718
0.000701465
0.000700961
0.00070024
0.000699843
0.000699656
0.00069913
0.000698626
0.000698046
0.000697541
0.000697158
0.00152189
0.00152063
0.00151758
0.00150616
0.00150502
0.00150963
0.00150877
0.00150541
0.00150421
0.00150318
0.00145168
0.00141511
0.00141467
0.00135891
0.00135822
0.00135745
0.00135698
0.00135585
0.00135524
0.00134919
0.00132048
0.000707802
0.000708196
0.000707448
0.00070491
0.00070558
0.000705228
0.000704952
0.000703894
0.000703254
0.000702976
0.0007027
0.00070206
0.000701561
0.000701284
0.000700644
0.000700201
0.000679654
0.000679107
0.000678903
0.000678408
0.000668477
0.000654903
0.000654206
0.0006536
0.000653237
0.000650732
0.000653505
0.000653239
0.000652393
0.000652097
0.00065164
0.000651345
0.000650961
0.000645827
0.000644065
0.000643611
0.000643112
0.000643872
0.000645073
0.000644806
0.000642192
0.000641997
0.00064144
0.000621669
0.0006209
0.000620619
0.000617903
0.000620277
0.000620418
0.00061971
0.000600654
0.000600056
0.000599631
0.000599216
0.000598811
0.000598811
0.000598361
0.000597858
0.000597615
0.000597224
0.000596625
0.000595919
0.00059539
0.00059374
0.000593498
0.00059298
0.000592772
0.000592381
0.000591898
0.000588864
0.000588264
0.000585739
0.000578299
0.000569852
0.000571388
0.000567953
0.000570583
0.000567248
0.000566854
0.000566346
0.000566358
0.00056445
0.000564316
0.000563888
0.000563201
0.000563111
0.000562702
0.000562385
0.000561528
0.000540104
0.000542974
0.000542504
0.000542193
0.000541762
0.000538927
0.000540939
0.000538315
0.000537352
0.000536839
0.000536441
0.000536114
0.000535928
0.000535367
0.000534854
0.000534527
0.000533841
0.000532266
0.000531899
0.00053293
0.000530988
0.000530721
0.000514941
0.000512139
0.00051203
0.00051136
0.000510746
0.000510376
0.000510163
0.00050792
0.000507651
0.000509879
0.00050706
0.000499611
0.000506133
0.000505519
0.000493652
0.000493652
0.000485188
0.000484713
0.000486689
0.000486352
0.000483554
0.000487049
0.000486644
0.000472648
0.000479576
0.00047915
0.000478942
0.000478942
0.000477661
0.000470504
0.000469813
0.000463396
0.00046505
0.000464661
0.000463994
0.000463635
0.000463108
0.000459935
0.000460314
0.000459215
0.000459655
0.000458324
0.000457482
0.000464259
0.000462625
0.000460491
0.0004613
0.000458774
0.00046039
0.000454372
0.000454044
0.000444148
0.000442924
0.00044225
0.00044157
0.000441346
0.000440966
0.000440443
0.000440283
0.000439864
0.000439023
0.000439022
0.000438576
0.000438499
0.000437819
0.000437453
0.000436995
0.000438229
0.000437991
0.000437309
0.000437313
0.00043663
0.000436093
0.000435663
0.000435619
0.000434984
0.000434825
0.000434159
0.000433744
0.000433377
0.000431054
0.00043045
0.000429738
0.000432536
0.000431694
0.00041601
0.000415559
0.00041509
0.00041451
0.000414328
0.000414201
0.000413923
0.000413225
0.000412923
0.000412797
0.000412443
0.000411992
0.000411623
0.000411088
0.000407833
0.000407825
0.000407077
0.000406724
0.0004064
0.000406259
0.000405907
0.000405582
0.000405229
0.000404928
0.000401016
0.000400876
0.000400339
0.000400198
0.000399567
0.00039893
0.000398889
0.000398253
0.000397901
0.000397901
0.000389933
0.000389489
0.000389211
0.000388668
0.000383139
0.000383002
0.000380336
0.000380036
0.000379664
0.00037921
0.000378955
0.000378375
0.000378072
0.000377698
0.000377395
0.00037704
0.000376485
0.000376485
0.000376031
0.00037549
0.00037549
0.000375036
0.000374453
0.000374032
0.000373776
0.000373197
0.000372959
0.000372229
0.000372229
0.000364158
0.000363993
0.00036572
0.000363373
0.000363177
0.000362413
0.000362296
0.00036191
0.00036175
0.000361363
0.000361082
0.000360668
0.000360038
0.000359757
0.000359057
0.000359169
0.000358406
0.000357814
0.000355694
0.000355694
0.00034826
0.000348073
0.000347652
0.000347113
0.000345733
0.000343374
0.000342965
0.000342704
0.000342468
0.000342207
0.000341512
0.000341657
0.0003412
0.000340823
0.000340032
0.000339791
0.000339357
0.000339115
0.000336403
0.000336098
0.000335857
0.000335291
0.000334926
0.000334615
0.000334209
0.000327194
0.000326604
0.000326427
0.000325838
0.000325629
0.000325013
0.0003246
0.000324468
0.000324129
0.000323716
0.000320124
0.000319712
0.000318663
0.000318663
0.000318287
0.000318025
0.000317247
0.000316915
0.000310765
0.000312169
0.000305844
0.000305408
0.000305242
0.000304697
0.000304486
0.000304024
0.000303612
0.000303119
0.000302866
0.000302581
0.000302205
0.000301743
0.000301444
0.000300982
0.000299601
0.000299433
0.00029894
0.000298696
0.000298285
0.000298285
0.000295424
0.000295215
0.000296476
0.000294541
0.000295802
0.000291144
0.000287432
0.000286738
0.000286327
0.000285189
0.000284999
0.000284685
0.000281395
0.000280915
0.000283318
0.000282954
0.000282599
0.000279308
0.000278943
0.000274821
0.000274669
0.000274278
0.000273901
0.000271275
0.000270809
0.000267727
0.00026739
0.00026689
0.000266552
0.000266314
0.000265696
0.000265538
0.000265142
0.000264775
0.000264581
0.000262929
0.000262429
0.000262091
0.000261778
0.000261368
0.000254486
0.000254208
0.000253671
0.000253363
0.000252931
0.000252422
0.000252054
0.000252054
0.000251645
0.000250872
0.000250912
0.000250139
0.000247814
0.00024726
0.00024726
0.000246916
0.000246492
0.000246183
0.000244965
0.000238722
0.000238431
0.000236362
0.000235519
0.000235439
0.000234163
0.000233847
0.000233515
0.000233083
0.00023271
0.000232533
0.000230796
0.000230565
0.000230305
0.000229636
0.000208329
0.000208123
0.000207838
0.000207359
0.000206951
0.000206764
0.000206356
0.000206046
0.000205953
0.000205546
0.000205235
0.000204859
0.000203446
0.000203206
0.000202866
0.000202845
0.000202191
0.000201894
0.000201554
0.000201589
0.000201146
0.0002007
0.000200352
0.00020016
0.000197346
0.000196997
0.000199081
0.000196223
0.000195876
0.000195642
0.000195484
0.000195174
0.000192365
0.000192054
0.000191602
0.000191541
0.000191266
0.000190136
0.000190671
0.000189321
0.000188982
0.000188633
0.000188188
0.000187849
0.0001875
0.000187444
0.000187224
0.000186778
0.000186523
0.000186352
0.000185984
0.000185394
0.000184425
0.000184145
0.000181415
0.00018077
0.000180399
0.000179738
0.000179454
0.00017913
0.000178719
0.000178408
0.000177134
0.000176727
0.000176323
0.000176013
0.000173662
0.000173255
0.000172325
0.000172361
0.000171537
0.000181576
0.00018132
0.00018103
0.000180691
0.000180435
0.000179658
0.000179318
0.000178523
0.000177928
0.000175816
0.000175104
0.000175333
0.00017675
0.000176716
0.000174258
0.000173648
0.000173225
0.000172965
0.000172637
0.000172241
0.000171981
0.000171617
0.000169625
0.00017025
0.000169879
0.000181118
0.000180862
0.000180579
0.000180329
0.000162052
0.000160665
0.000160789
0.000160612
0.000181361
0.000160995
0.000160625
0.000160341
0.000159623
0.000159252
0.000159478
0.000158646
0.000158276
0.000157992
0.000158161
0.000157167
0.000156883
0.000157189
0.000155826
0.000155699
0.000155287
0.000154977
0.000154678
0.000154052
0.000153942
0.000153702
0.000153403
0.000153093
0.000152467
0.000152168
0.00015185
0.000151737
0.000151438
0.000151032
0.000150464
0.000150125
0.000150029
0.000149461
0.000149623
0.000149055
0.000148716
0.000148061
0.000147722
0.000147484
0.000147558
0.000146816
0.000146816
0.000146229
0.000144529
0.000143125
0.000142755
0.000142268
0.000142197
0.000141809
0.000141452
0.000141235
0.000140884
0.000140574
0.000140357
0.000139983
0.000139673
0.000139456
0.000139076
0.000138918
0.000138137
0.000137682
0.000135188
0.000134818
0.0001346
0.000134155
0.000134155
0.000133561
0.000133561
0.000133181
0.000132757
0.00013244
0.000132164
0.00013175
0.000131474
0.000131277
0.000130564
0.000130109
0.000130274
0.000129561
0.000129323
0.000128966
0.000126355
0.000126045
0.000125761
0.000125451
0.000125082
0.00012467
0.00012436
0.000123729
0.000123766
0.000123135
0.000122897
0.000122546
0.000122511
0.00012188
0.000121528
0.000121073
0.000118471
0.000118115
0.000115958
0.000117369
0.000117141
0.000116923
0.000116685
0.000116409
0.000116091
0.000115815
0.000115452
0.000115175
0.000114837
0.000114444
0.000114127
0.00011385
0.00011122
0.000110878
0.000110602
0.000107992
0.000107732
0.000107398
0.000109224
0.000108885
7.42414e-05
-0.000126794
-0.000127081
-0.000127342
-0.000138968
-0.000139181
-0.000139493
-0.000139769
-0.000140089
-0.000140363
-0.000142792
-0.000143077
-0.000143323
-0.000143596
-0.000156929
-0.000154978
-0.000157643
-0.000157952
-0.000158182
-0.000160625
-0.000160889
-0.000161127
-0.000161425
-0.000161688
-0.000161992
-0.000174031
-0.000174313
-0.000174731
-0.000175006
-0.000175301
-0.000175534
-0.000175808
-0.000176065
-0.000176333
-0.000176628
-0.000176896
-0.000177199
-0.000175211
-0.000177738
-0.000178152
-0.000178448
-0.000178691
-0.000178963
-0.000179206
-0.000174996
-0.000175278
-0.000175514
-0.000175759
-0.000176084
-0.00017635
-0.000176599
-0.000176898
-0.000177189
-0.000177478
-0.000177717
-0.000178044
-0.00017835
-0.000178621
-0.000178862
-0.000179158
-0.000191431
-0.000191697
-0.00019199
-0.000192408
-0.000192733
-0.000192957
-0.00019319
-0.000193484
-0.00019375
-0.000193992
-0.000194341
-0.000194603
-0.000194885
-0.000195157
-0.000201108
-0.000201559
-0.000201893
-0.00021444
-0.00021454
-0.000214818
-0.000215113
-0.000215275
-0.000215517
-0.0002157
-0.000216283
-0.000216535
-0.000199891
-0.000213235
-0.000213507
-0.000213939
-0.000214401
-0.000216793
-0.000216998
-0.000217322
-0.000217514
-0.000217785
-0.000218079
-0.000218266
-0.000218514
-0.000218809
-0.000219115
-0.000219439
-0.000219654
-0.000219923
-0.00022032
-0.000220864
-0.00022111
-0.000221258
-0.000221504
-0.000221819
-0.000234309
-0.000234701
-0.000235319
-0.000235761
-0.000235984
-0.000235984
-0.000236378
-0.000236583
-0.000236769
-0.000236939
-0.000237127
-0.00023736
-0.000237717
-0.000237887
-0.000238043
-0.000238314
-0.000238639
-0.000238866
-0.000239172
-0.000239399
-0.000239694
-0.000240185
-0.000240972
-0.000241241
-0.000241722
-0.000241722
-0.000241967
-0.000241967
-0.000242191
-0.000242699
-0.000242699
-0.000242923
-0.000243358
-0.000243358
-0.000243562
-0.000243749
-0.000244143
-0.000244313
-0.000244584
-0.000256762
-0.000259182
-0.000258176
-0.000262169
-0.000258786
-0.000262651
-0.000262828
-0.000263
-0.000263503
-0.000263691
-0.000263319
-0.000264085
-0.000253799
-0.000253746
-0.00025317
-0.000253589
-0.000255133
-0.000255531
-0.000255464
-0.000255867
-0.000255886
-0.000256193
-0.000256211
-0.000256535
-0.00025676
-0.000257006
-0.000256886
-0.000299308
-0.000299665
-0.000298452
-0.000299968
-0.00030108
-0.000301636
-0.000301636
-0.000308263
-0.000308651
-0.000308866
-0.000308899
-0.000309855
-0.000310086
-0.000310544
-0.000313383
-0.000313876
-0.000314123
-0.000320157
-0.000321939
-0.000322084
-0.000322248
-0.000324884
-0.00032528
-0.000325471
-0.000363477
-0.000363477
-0.00036406
-0.000364242
-0.000364242
-0.000364511
-0.000370978
-0.000368648
-0.0003689
-0.0003689
-0.000369217
-0.000372966
-0.000371498
-0.000373325
-0.000376683
-0.00037855
-0.000376979
-0.000388273
-0.000388439
-0.000388673
-0.000388918
-0.000389084
-0.000389084
-0.000389564
-0.000389809
-0.000389809
-0.000389809
-0.000390178
-0.00039033
-0.000390475
-0.000390844
-0.000390997
-0.000398361
-0.00039879
-0.00039879
-0.000399054
-0.000399224
-0.000408073
-0.000408073
-0.000408439
-0.000408439
-0.000408938
-0.000408938
-0.000409089
-0.000409314
-0.000409959
-0.000417996
-0.000418202
-0.000418509
-0.000431826
-0.000431762
-0.000432186
-0.000432348
-0.000432361
-0.000432785
-0.000432947
-0.000432991
-0.000433203
-0.000420102
-0.00043379
-0.000433802
-0.000420696
-0.000434389
-0.00043461
-0.00043461
-0.000434942
-0.000421509
-0.000422004
-0.000424688
-0.000431944
-0.000432146
-0.000433379
-0.000433379
-0.000394589
-0.000394954
-0.000395661
-0.000395958
-0.000395958
-0.000396286
-0.000396286
-0.000396608
-0.000396888
-0.000397209
-0.000419909
-0.000419909
-0.00042017
-0.000420346
-0.000424135
-0.000424135
-0.000424499
-0.000424847
-0.000425275
-0.000425252
-0.000430006
-0.000426633
-0.000426851
-0.000427027
-0.000427346
-0.000427346
-0.00042774
-0.000432927
-0.000432728
-0.00043367
-0.00043398
-0.00043398
-0.000434578
-0.000434578
-0.000423951
-0.000424339
-0.00042437
-0.000424656
-0.000424758
-0.000425224
-0.000425221
-0.000425508
-0.000425609
-0.000441375
-0.000441349
-0.000441724
-0.000441918
-0.000442079
-0.000442162
-0.000442162
-0.000442527
-0.000442527
-0.000462057
-0.000461698
-0.000462389
-0.000462615
-0.000462747
-0.000462747
-0.000462902
-0.000471387
-0.000474544
-0.00047472
-0.000474849
-0.000475076
-0.000475252
-0.000475385
-0.000475803
-0.000476132
-0.000476337
-0.000476871
-0.000482916
-0.000483348
-0.000485065
-0.000485423
-0.000489156
-0.000490276
-0.000490276
-0.00049078
-0.00049078
-0.000488817
-0.000488817
-0.000517544
-0.000517865
-0.000518049
-0.000518049
-0.000518049
-0.000518176
-0.000535136
-0.000535136
-0.000535774
-0.000535546
-0.000536184
-0.000536043
-0.000538894
-0.000539139
-0.000539335
-0.000541949
-0.000541949
-0.00054224
-0.000544976
-0.000545243
-0.000546786
-0.000546951
-0.000547083
-0.000547293
-0.000547396
-0.000570491
-0.000570665
-0.000570837
-0.000569668
-0.000571011
-0.00057115
-0.00057115
-0.000571608
-0.000571747
-0.000571747
-0.000571858
-0.000572035
-0.000572145
-0.000572635
-0.000579312
-0.000579312
-0.000579312
-0.000579439
-0.000579701
-0.000565505
-0.000565505
-0.000568045
-0.00056824
-0.00056824
-0.00056702
-0.000570738
-0.000583045
-0.000583027
-0.000583338
-0.000583258
-0.000583391
-0.000583702
-0.000583622
-0.0005839
-0.000583899
-0.000583899
-0.000584373
-0.000584373
-0.000584675
-0.000584675
-0.000584808
-0.000585039
-0.000585039
-0.000602437
-0.000602566
-0.000602566
-0.00060284
-0.000603145
-0.000603417
-0.000603417
-0.00061036
-0.00061036
-0.00061036
-0.000610505
-0.000610598
-0.000622878
-0.000622878
-0.000622878
-0.00062411
-0.00062411
-0.000624214
-0.000631032
-0.000631572
-0.000631572
-0.000633437
-0.000633597
-0.000633597
-0.000633597
-0.000633685
-0.000633745
-0.000635451
-0.000635768
-0.000635974
-0.000635974
-0.000636599
-0.000641195
-0.000641341
-0.000641644
-0.000641479
-0.000641479
-0.000642493
-0.000641963
-0.000642386
-0.00064251
-0.00064261
-0.00064042
-0.000666864
-0.000684136
-0.000684136
-0.000684136
-0.000679976
-0.000679976
-0.000680248
-0.000680248
-0.000680248
-0.00068047
-0.00068047
-0.000679826
-0.000680672
-0.000680672
-0.000680073
-0.000680969
-0.000680969
-0.000680969
-0.000682988
-0.000703086
-0.000702349
-0.000706694
-0.000706718
-0.000710093
-0.000710561
-0.000710676
-0.000710786
-0.000710864
-0.000710864
-0.000711559
-0.000723728
-0.000723835
-0.000723835
-0.000723835
-0.000723933
-0.000724032
-0.000724087
-0.000724218
-0.000724551
-0.000724551
-0.000724551
-0.00072465
-0.000726788
-0.000726788
-0.000727051
-0.000727407
-0.000727504
-0.000727504
-0.000727504
-0.000727768
-0.000728134
-0.000728239
-0.000728306
-0.000729895
-0.000730724
-0.000730028
-0.000731279
-0.000730451
-0.000737168
-0.000733662
-0.000733741
-0.000757573
-0.00075766
-0.000758448
-0.000758038
-0.000756913
-0.000756977
-0.000758725
-0.000760514
-0.000746801
-0.000746788
-0.000753015
-0.000768293
-0.000768372
-0.000772504
-0.000772504
-0.000773258
-0.000773258
-0.00077272
-0.000772778
-0.000773229
-0.000773563
-0.000773911
-0.000773578
-0.00077366
-0.00077366
-0.000774046
-0.000774046
-0.000774738
-0.000775392
-0.000789721
-0.000789721
-0.000794101
-0.000794192
-0.000794775
-0.000794838
-0.0007943
-0.000783085
-0.000783891
-0.000783775
-0.000800542
-0.000800542
-0.000800622
-0.000800643
-0.000800643
-0.000800643
-0.00080069
-0.000801147
-0.00080122
-0.00080122
-0.00080134
-0.00080134
-0.000801285
-0.000801285
-0.000782234
-0.000782234
-0.000782234
-0.000782234
-0.000782234
-0.000782234
-0.0007928
-0.000792752
-0.000792558
-0.000792558
-0.000792394
-0.000792346
-0.000792346
-0.000792283
-0.000792283
-0.000792332
-0.000791004
-0.000791004
-0.000790941
-0.00079092
-0.00079092
-0.0007899
-0.000789948
-0.000789948
-0.000789403
-0.000789899
-0.000789343
-0.000789295
-0.000789272
-0.000789609
-0.000790425
-0.000790358
-0.000790422
-0.000790396
-0.000788724
-0.000788258
-0.000788258
-0.000789547
-0.000789547
-0.000789291
-0.00078924
-0.000789209
-0.000789298
-0.000789298
-0.000785706
-0.000785692
-0.000785655
-0.000785622
-0.00078556
-0.000785587
-0.000785587
-0.000785056
-0.000784986
-0.000785438
-0.000785438
-0.000785362
-0.000785362
-0.000784896
-0.000784845
-0.000784136
-0.000784107
-0.000784107
-0.000784046
-0.000784018
-0.000783971
-0.000783971
-0.000783916
-0.000783387
-0.000783387
-0.000783387
-0.000783217
-0.000783205
-0.000783282
-0.00078327
-0.00078327
-0.00078327
-0.000783232
-0.000783189
-0.000783189
-0.000783082
-0.000781037
-0.000780734
-0.000780734
-0.000781147
-0.000781065
-0.000781065
-0.000781022
-0.00078065
-0.000780604
-0.000780557
-0.000780511
-0.000780511
-0.00078045
-0.000779962
-0.000751263
-0.000751179
-0.000751097
-0.000751027
-0.000751027
-0.000751431
-0.000751361
-0.000777119
-0.000749815
-0.000750296
-0.000750201
-0.000762144
-0.000762429
-0.000761925
-0.000747552
-0.000747674
-0.000763019
-0.000762736
-0.000747812
-0.000762273
-0.000747184
-0.00076209
-0.000762048
-0.000761976
-0.000761879
-0.000761771
-0.000761641
-0.000761641
-0.000761459
-0.000761366
-0.000761366
-0.000761366
-0.000761311
-0.000760803
-0.000758751
-0.000758751
-0.000758651
-0.000758538
-0.000759313
-0.000759313
-0.000758729
-0.000758657
-0.000758609
-0.000745038
-0.00074454
-0.000744435
-0.00074433
-0.000744283
-0.000743686
-0.000743144
-0.000743144
-0.000743083
-0.00074295
-0.000742889
-0.000742842
-0.00074275
-0.000742642
-0.000742577
-0.0007425
-0.00074236
-0.000742232
-0.000742167
-0.000742041
-0.000742041
-0.000741605
-0.000741548
-0.000741437
-0.000741192
-0.000741133
-0.000741078
-0.000741013
-0.000740517
-0.000740485
-0.000739992
-0.000739878
-0.000739766
-0.000739722
-0.000739657
-0.000739515
-0.000739406
-0.000739671
-0.000738477
-0.000738379
-0.000738286
-0.000737269
-0.000737222
-0.000737182
-0.000737121
-0.000737624
-0.00073782
-0.000737242
-0.000734991
-0.000734908
-0.000734803
-0.000734756
-0.000732108
-0.00073204
-0.000731487
-0.000731432
-0.000731388
-0.000731323
-0.00073124
-0.000731199
-0.000731089
-0.000731024
-0.000730954
-0.000730866
-0.000730766
-0.000730674
-0.000730075
-0.000729999
-0.000729441
-0.000729398
-0.000729309
-0.000729171
-0.000729117
-0.000729005
-0.000728901
-0.000728809
-0.000728709
-0.000722045
-0.000689763
-0.000689575
-0.000708655
-0.000708613
-0.000688946
-0.000689691
-0.000707194
-0.000707074
-0.000706992
-0.000706497
-0.000706505
-0.00070597
-0.000705505
-0.000705417
-0.000705241
-0.000704719
-0.000704908
-0.000704347
-0.000704628
-0.000704352
-0.000704167
-0.000702817
-0.000670505
-0.00067035
-0.000670189
-0.000670059
-0.00066948
-0.000668036
-0.000667932
-0.000667027
-0.000666448
-0.00066631
-0.000666073
-0.000665852
-0.000665723
-0.000665122
-0.000665016
-0.000664931
-0.000664694
-0.000664459
-0.000664371
-0.000663796
-0.000663708
-0.000663514
-0.000662087
-0.000661443
