-0.311199
-0.311198
-0.311197
-0.311196
-0.311195
-0.311195
-0.311194
-0.311193
-0.311192
-0.311191
-0.31119
-0.311189
-0.311188
-0.311187
-0.311186
-0.311185
-0.311184
-0.311183
-0.311182
-0.311181
-0.31118
-0.311179
-0.311178
-0.311177
-0.311176
-0.311175
-0.311174
-0.311173
-0.311172
-0.311171
-0.31117
-0.311169
-0.311168
-0.311167
-0.311166
-0.311165
-0.311164
-0.311163
-0.311162
-0.311161
-0.31116
-0.311159
-0.311158
-0.311157
-0.311156
-0.311155
-0.311154
-0.311154
-0.311153
-0.311152
-0.311151
-0.31115
-0.311149
-0.311148
-0.311147
-0.311146
-0.311145
-0.311144
-0.311143
-0.311142
-0.311141
-0.31114
-0.311139
-0.311138
-0.311137
-0.311136
-0.311135
-0.311134
-0.311133
-0.311132
-0.311131
-0.31113
-0.311129
-0.311128
-0.311127
-0.311126
-0.311125
-0.311124
-0.311123
-0.311122
-0.311121
-0.31112
-0.311119
-0.311118
-0.311117
-0.311116
-0.311115
-0.311114
-0.311114
-0.311113
-0.311112
-0.311111
-0.31111
-0.311109
-0.311108
-0.311107
-0.311106
-0.311105
-0.311104
-0.311103
-0.311102
-0.311101
-0.3111
-0.311099
-0.311098
-0.311097
-0.311096
-0.311095
-0.311094
-0.311093
-0.311092
-0.311091
-0.31109
-0.311089
-0.311088
-0.311087
-0.311086
-0.311085
-0.311084
-0.311083
-0.311082
-0.311081
-0.31108
-0.311079
-0.311078
-0.311077
-0.311076
-0.311075
-0.311074
-0.311074
-0.311073
-0.311072
-0.311071
-0.31107
-0.311069
-0.311068
-0.311067
-0.311066
-0.311065
-0.311064
-0.311063
-0.311062
-0.311061
-0.31106
-0.311059
-0.311058
-0.311057
-0.311056
-0.311055
-0.311054
-0.311053
-0.311052
-0.311051
-0.31105
-0.311049
-0.311048
-0.311047
-0.311046
-0.311045
-0.311044
-0.311043
-0.311042
-0.311041
-0.31104
-0.311039
-0.311038
-0.311037
-0.311036
-0.311035
-0.311034
-0.311034
-0.311033
-0.311032
-0.311031
-0.31103
-0.311029
-0.311028
-0.311027
-0.311026
-0.311025
-0.311024
-0.311023
-0.311022
-0.311021
-0.31102
-0.311019
-0.311018
-0.311017
-0.311016
-0.311015
-0.311014
-0.311013
-0.311012
-0.311011
-0.31101
-0.311009
-0.311008
-0.311007
-0.311006
-0.311005
-0.311004
-0.311003
-0.311002
-0.311001
-0.311
-0.310999
-0.310998
-0.310997
-0.310996
-0.310995
-0.310994
-0.310994
-0.310993
-0.310992
-0.310991
-0.31099
-0.310989
-0.310988
-0.310987
-0.310986
-0.310985
-0.310984
-0.310983
-0.310982
-0.310981
-0.31098
-0.310979
-0.310978
-0.310977
-0.310976
-0.310975
-0.310974
-0.310973
-0.310972
-0.310971
-0.31097
-0.310969
-0.310968
-0.310967
-0.310966
-0.310965
-0.310964
-0.310963
-0.310962
-0.310961
-0.31096
-0.310959
-0.310958
-0.310957
-0.310956
-0.310955
-0.310954
-0.310954
-0.310953
-0.310952
-0.310951
-0.31095
-0.310949
-0.310948
-0.310947
-0.310946
-0.310945
-0.310944
-0.310943
-0.310942
-0.310941
-0.31094
-0.310939
-0.310938
-0.310937
-0.310936
-0.310935
-0.310934
-0.310933
-0.310932
-0.310931
-0.31093
-0.310929
-0.310928
-0.310927
-0.310926
-0.310925
-0.310924
-0.310923
-0.310922
-0.310921
-0.31092
-0.310919
-0.310918
-0.310917
-0.310916
-0.310915
-0.310914
-0.310913
-0.310913
-0.310912
-0.310911
-0.31091
-0.310909
-0.310908
-0.310907
-0.310906
-0.310905
-0.310904
-0.310903
-0.310902
-0.310901
-0.3109
-0.310899
-0.310898
-0.310897
-0.310896
-0.310895
-0.310894
-0.310893
-0.310892
-0.310891
-0.31089
-0.310889
-0.310888
-0.310887
-0.310886
-0.310885
-0.310884
-0.310883
-0.310882
-0.310881
-0.31088
-0.310879
-0.310878
-0.310877
-0.310876
-0.310875
-0.310874
-0.310873
-0.310873
-0.310872
-0.310871
-0.31087
-0.310869
-0.310868
-0.310867
-0.310866
-0.310865
-0.310864
-0.310863
-0.310862
-0.310861
-0.31086
-0.310859
-0.310858
-0.310857
-0.310856
-0.310855
-0.310854
-0.310853
-0.310852
-0.310851
-0.31085
-0.310849
-0.310848
-0.310847
-0.310846
-0.310845
-0.310844
-0.310843
-0.310842
-0.310841
-0.31084
-0.310839
-0.310838
-0.310837
-0.310836
-0.310835
-0.310834
-0.310833
-0.310833
-0.310832
-0.310831
-0.31083
-0.310829
-0.310828
-0.310827
-0.310826
-0.310825
-0.310824
-0.310823
-0.310822
-0.310821
-0.31082
-0.310819
-0.310818
-0.310817
-0.310816
-0.310815
-0.310814
-0.310813
-0.310812
-0.310811
-0.31081
-0.310809
-0.310808
-0.310807
-0.310806
-0.310805
-0.310804
-0.310803
-0.310802
-0.310801
-0.3108
-0.310799
-0.310798
-0.310797
-0.310796
-0.310795
-0.310794
-0.310793
-0.310793
-0.310792
-0.310791
-0.31079
-0.310789
-0.310788
-0.310787
-0.310786
-0.310785
-0.310784
-0.310783
-0.310782
-0.310781
-0.31078
-0.310779
-0.310778
-0.310777
-0.310776
-0.310775
-0.310774
-0.310773
-0.310772
-0.310771
-0.31077
-0.310769
-0.310768
-0.310767
-0.310766
-0.310765
-0.310764
-0.310763
-0.310762
-0.310761
-0.31076
-0.310759
-0.310758
-0.310757
-0.310756
-0.310755
-0.310754
-0.310753
-0.310753
-0.310752
-0.310751
-0.31075
-0.310749
-0.310748
-0.310747
-0.310746
-0.310745
-0.310744
-0.310743
-0.310742
-0.310741
-0.31074
-0.310739
-0.310738
-0.310737
-0.310736
-0.310735
-0.310734
-0.310733
-0.310732
-0.310731
-0.31073
-0.310729
-0.310728
-0.310727
-0.310726
-0.310725
-0.310724
-0.310723
-0.310722
-0.310721
-0.31072
-0.310719
-0.310718
-0.310717
-0.310716
-0.310715
-0.310714
-0.310713
-0.310713
-0.310712
-0.310711
-0.31071
-0.310709
-0.310708
-0.310707
-0.310706
-0.310705
-0.310704
-0.310703
-0.310702
-0.310701
-0.3107
-0.310699
-0.310698
-0.310697
-0.310696
-0.310695
-0.310694
-0.310693
-0.310692
-0.310691
-0.31069
-0.310689
-0.310688
-0.310687
-0.310686
-0.310685
-0.310684
-0.310683
-0.310682
-0.310681
-0.31068
-0.310679
-0.310678
-0.310677
-0.310676
-0.310675
-0.310674
-0.310673
-0.310673
-0.310672
-0.310671
-0.31067
-0.310669
-0.310668
-0.310667
-0.310666
-0.310665
-0.310664
-0.310663
-0.310662
-0.310661
-0.31066
-0.310659
-0.310658
-0.310657
-0.310656
-0.310655
-0.310654
-0.310653
-0.310652
-0.310651
-0.31065
-0.310649
-0.310648
-0.310647
-0.310646
-0.310645
-0.310644
-0.310643
-0.310642
-0.310641
-0.31064
-0.310639
-0.310638
-0.310637
-0.310636
-0.310635
-0.310634
-0.310633
-0.310632
-0.310632
-0.310631
-0.31063
-0.310629
-0.310628
-0.310627
-0.310626
-0.310625
-0.310624
-0.310623
-0.310622
-0.310621
-0.31062
-0.310619
-0.310618
-0.310617
-0.310616
-0.310615
-0.310614
-0.310613
-0.310612
-0.310611
-0.31061
-0.310609
-0.310608
-0.310607
-0.310606
-0.310605
-0.310604
-0.310603
-0.310602
-0.310601
-0.3106
-0.310599
-0.310598
-0.310597
-0.310596
-0.310595
-0.310594
-0.310593
-0.310592
-0.310592
-0.310591
-0.31059
-0.310589
-0.310588
-0.310587
-0.310586
-0.310585
-0.310584
-0.310583
-0.310582
-0.310581
-0.31058
-0.310579
-0.310578
-0.310577
-0.310576
-0.310575
-0.310574
-0.310573
-0.310572
-0.310571
-0.31057
-0.310569
-0.310568
-0.310567
-0.310566
-0.310565
-0.310564
-0.310563
-0.310562
-0.310561
-0.31056
-0.310559
-0.310558
-0.310557
-0.310556
-0.310555
-0.310554
-0.310553
-0.310552
-0.310552
-0.310551
-0.31055
-0.310549
-0.310548
-0.310547
-0.310546
-0.310545
-0.310544
-0.310543
-0.310542
-0.310541
-0.31054
-0.310539
-0.310538
-0.310537
-0.310536
-0.310535
-0.310534
-0.310533
-0.310532
-0.310531
-0.31053
-0.310529
-0.310528
-0.310527
-0.310526
-0.310525
-0.310524
-0.310523
-0.310522
-0.310521
-0.31052
-0.310519
-0.310518
-0.310517
-0.310516
-0.310515
-0.310514
-0.310513
-0.310512
-0.310512
-0.310511
-0.31051
-0.310509
-0.310508
-0.310507
-0.310506
-0.310505
-0.310504
-0.310503
-0.310502
-0.310501
-0.3105
-0.310499
-0.310498
-0.310497
-0.310496
-0.310495
-0.310494
-0.310493
-0.310492
-0.310491
-0.31049
-0.310489
-0.310488
-0.310487
-0.310486
-0.310485
-0.310484
-0.310483
-0.310482
-0.310481
-0.31048
-0.310479
-0.310478
-0.310477
-0.310476
-0.310475
-0.310474
-0.310473
-0.310472
-0.310472
-0.310471
-0.31047
-0.310469
-0.310468
-0.310467
-0.310466
-0.310465
-0.310464
-0.310463
-0.310462
-0.310461
-0.31046
-0.310459
-0.310458
-0.310457
-0.310456
-0.310455
-0.310454
-0.310453
-0.310452
-0.310451
-0.31045
-0.310449
-0.310448
-0.310447
-0.310446
-0.310445
-0.310444
-0.310443
-0.310442
-0.310441
-0.31044
-0.310439
-0.310438
-0.310437
-0.310436
-0.310435
-0.310434
-0.310433
-0.310432
-0.310432
-0.310431
-0.31043
-0.310429
-0.310428
-0.310427
-0.310426
-0.310425
-0.310424
-0.310423
-0.310422
-0.310421
-0.31042
-0.310419
-0.310418
-0.310417
-0.310416
-0.310415
-0.310414
-0.310413
-0.310412
-0.310411
-0.31041
-0.310409
-0.310408
-0.310407
-0.310406
-0.310405
-0.310404
-0.310403
-0.310402
-0.310401
-0.3104
-0.310399
-0.310398
-0.310397
-0.310396
-0.310395
-0.310394
-0.310393
-0.310392
-0.310391
-0.310391
-0.31039
-0.310389
-0.310388
-0.310387
-0.310386
-0.310385
-0.310384
-0.310383
-0.310382
-0.310381
-0.31038
-0.310379
-0.310378
-0.310377
-0.310376
-0.310375
-0.310374
-0.310373
-0.310372
-0.310371
-0.31037
-0.310369
-0.310368
-0.310367
-0.310366
-0.310365
-0.310364
-0.310363
-0.310362
-0.310361
-0.31036
-0.310359
-0.310358
-0.310357
-0.310356
-0.310355
-0.310354
-0.310353
-0.310352
-0.310351
-0.310351
-0.31035
-0.310349
-0.310348
-0.310347
-0.310346
-0.310345
-0.310344
-0.310343
-0.310342
-0.310341
-0.31034
-0.310339
-0.310338
-0.310337
-0.310336
-0.310335
-0.310334
-0.310333
-0.310332
-0.310331
-0.31033
-0.310329
-0.310328
-0.310327
-0.310326
-0.310325
-0.310324
-0.310323
-0.310322
-0.310321
-0.31032
-0.310319
-0.310318
-0.310317
-0.310316
-0.310315
-0.310314
-0.310313
-0.310312
-0.310311
-0.310311
-0.31031
-0.310309
-0.310308
-0.310307
-0.310306
-0.310305
-0.310304
-0.310303
-0.310302
-0.310301
-0.3103
-0.310299
-0.310298
-0.310297
-0.310296
-0.310295
-0.310294
-0.310293
-0.310292
-0.310291
-0.31029
-0.310289
-0.310288
-0.310287
-0.310286
-0.310285
-0.310284
-0.310283
-0.310282
-0.310281
-0.31028
-0.310279
-0.310278
-0.310277
-0.310276
-0.310275
-0.310274
-0.310273
-0.310272
-0.310271
-0.310271
-0.31027
-0.310269
-0.310268
-0.310267
-0.310266
-0.310265
-0.310264
-0.310263
-0.310262
-0.310261
-0.31026
-0.310259
-0.310258
-0.310257
-0.310256
-0.310255
-0.310254
-0.310253
-0.310252
-0.310251
-0.31025
-0.310249
-0.310248
-0.310247
-0.310246
-0.310245
-0.310244
-0.310243
-0.310242
-0.310241
-0.31024
-0.310239
-0.310238
-0.310237
-0.310236
-0.310235
-0.310234
-0.310233
-0.310232
-0.310231
-0.310231
-0.31023
-0.310229
-0.310228
-0.310227
-0.310226
-0.310225
-0.310224
-0.310223
-0.310222
-0.310221
-0.31022
-0.310219
-0.310218
-0.310217
-0.310216
-0.310215
-0.310214
-0.310213
-0.310212
-0.310211
-0.31021
-0.310209
-0.310208
-0.310207
-0.310206
-0.310205
-0.310204
-0.310203
-0.310202
-0.310201
-0.3102
-0.310199
-0.310198
-0.310197
-0.310196
-0.310195
-0.310194
-0.310193
-0.310192
-0.310191
-0.310191
-0.31019
-0.310189
-0.310188
-0.310187
-0.310186
-0.310185
-0.310184
-0.310183
-0.310182
-0.310181
-0.31018
-0.310179
-0.310178
-0.310177
-0.310176
-0.310175
-0.310174
-0.310173
-0.310172
-0.310171
-0.31017
-0.310169
-0.310168
-0.310167
-0.310166
-0.310165
-0.310164
-0.310163
-0.310162
-0.310161
-0.31016
-0.310159
-0.310158
-0.310157
-0.310156
-0.310155
-0.310154
-0.310153
-0.310152
-0.310151
-0.31015
-0.31015
-0.310149
-0.310148
-0.310147
-0.310146
-0.310145
-0.310144
-0.310143
-0.310142
-0.310141
-0.31014
-0.310139
-0.310138
-0.310137
-0.310136
-0.310135
-0.310134
-0.310133
-0.310132
-0.310131
-0.31013
-0.310129
-0.310128
-0.310127
-0.310126
-0.310125
-0.310124
-0.310123
-0.310122
-0.310121
-0.31012
-0.310119
-0.310118
-0.310117
-0.310116
-0.310115
-0.310114
-0.310113
-0.310112
-0.310111
-0.31011
-0.31011
-0.310109
-0.310108
-0.310107
-0.310106
-0.310105
-0.310104
-0.310103
-0.310102
-0.310101
-0.3101
-0.310099
-0.310098
-0.310097
-0.310096
-0.310095
-0.310094
-0.310093
-0.310092
-0.310091
-0.31009
-0.310089
-0.310088
-0.310087
-0.310086
-0.310085
-0.310084
-0.310083
-0.310082
-0.310081
-0.31008
-0.310079
-0.310078
-0.310077
-0.310076
-0.310075
-0.310074
-0.310073
-0.310072
-0.310071
-0.31007
-0.31007
-0.310069
-0.310068
-0.310067
-0.310066
-0.310065
-0.310064
-0.310063
-0.310062
-0.310061
-0.31006
-0.310059
-0.310058
-0.310057
-0.310056
-0.310055
-0.310054
-0.310053
-0.310052
-0.310051
-0.31005
-0.310049
-0.310048
-0.310047
-0.310046
-0.310045
-0.310044
-0.310043
-0.310042
-0.310041
-0.31004
-0.310039
-0.310038
-0.310037
-0.310036
-0.310035
-0.310034
-0.310033
-0.310032
-0.310031
-0.31003
-0.31003
-0.310029
-0.310028
-0.310027
-0.310026
-0.310025
-0.310024
-0.310023
-0.310022
-0.310021
-0.31002
-0.310019
-0.310018
-0.310017
-0.310016
-0.310015
-0.310014
-0.310013
-0.310012
-0.310011
-0.31001
-0.310009
-0.310008
-0.310007
-0.310006
-0.310005
-0.310004
-0.310003
-0.310002
-0.310001
-0.31
-0.309999
-0.309998
-0.309997
-0.309996
-0.309995
-0.309994
-0.309993
-0.309992
-0.309991
-0.30999
-0.30999
-0.309989
-0.309988
-0.309987
-0.309986
-0.309985
-0.309984
-0.309983
-0.309982
-0.309981
-0.30998
-0.309979
-0.309978
-0.309977
-0.309976
-0.309975
-0.309974
-0.309973
-0.309972
-0.309971
-0.30997
-0.309969
-0.309968
-0.309967
-0.309966
-0.309965
-0.309964
-0.309963
-0.309962
-0.309961
-0.30996
-0.309959
-0.309958
-0.309957
-0.309956
-0.309955
-0.309954
-0.309953
-0.309952
-0.309951
-0.30995
-0.30995
-0.309949
-0.309948
-0.309947
-0.309946
-0.309945
-0.309944
-0.309943
-0.309942
-0.309941
-0.30994
-0.309939
-0.309938
-0.309937
-0.309936
-0.309935
-0.309934
-0.309933
-0.309932
-0.309931
-0.30993
-0.309929
-0.309928
-0.309927
-0.309926
-0.309925
-0.309924
-0.309923
-0.309922
-0.309921
-0.30992
-0.309919
-0.309918
-0.309917
-0.309916
-0.309915
-0.309914
-0.309913
-0.309912
-0.309911
-0.30991
-0.30991
-0.309909
-0.309908
-0.309907
-0.309906
-0.309905
-0.309904
-0.309903
-0.309902
-0.309901
-0.3099
-0.309899
-0.309898
-0.309897
-0.309896
-0.309895
-0.309894
-0.309893
-0.309892
-0.309891
-0.30989
-0.309889
-0.309888
-0.309887
-0.309886
-0.309885
-0.309884
-0.309883
-0.309882
-0.309881
-0.30988
-0.309879
-0.309878
-0.309877
-0.309876
-0.309875
-0.309874
-0.309873
-0.309872
-0.309871
-0.30987
-0.309869
-0.309869
-0.309868
-0.309867
-0.309866
-0.309865
-0.309864
-0.309863
-0.309862
-0.309861
-0.30986
-0.309859
-0.309858
-0.309857
-0.309856
-0.309855
-0.309854
-0.309853
-0.309852
-0.309851
-0.30985
-0.309849
-0.309848
-0.309847
-0.309846
-0.309845
-0.309844
-0.309843
-0.309842
-0.309841
-0.30984
-0.309839
-0.309838
-0.309837
-0.309836
-0.309835
-0.309834
-0.309833
-0.309832
-0.309831
-0.30983
-0.309829
-0.309829
-0.309828
-0.309827
-0.309826
-0.309825
-0.309824
-0.309823
-0.309822
-0.309821
-0.30982
-0.309819
-0.309818
-0.309817
-0.309816
-0.309815
-0.309814
-0.309813
-0.309812
-0.309811
-0.30981
-0.309809
-0.309808
-0.309807
-0.309806
-0.309805
-0.309804
-0.309803
-0.309802
-0.309801
-0.3098
-0.309799
-0.309798
-0.309797
-0.309796
-0.309795
-0.309794
-0.309793
-0.309792
-0.309791
-0.30979
-0.309789
-0.309789
-0.309788
-0.309787
-0.309786
-0.309785
-0.309784
-0.309783
-0.309782
-0.309781
-0.30978
-0.309779
-0.309778
-0.309777
-0.309776
-0.309775
-0.309774
-0.309773
-0.309772
-0.309771
-0.30977
-0.309769
-0.309768
-0.309767
-0.309766
-0.309765
-0.309764
-0.309763
-0.309762
-0.309761
-0.30976
-0.309759
-0.309758
-0.309757
-0.309756
-0.309755
-0.309754
-0.309753
-0.309752
-0.309751
-0.30975
-0.309749
-0.309749
-0.309748
-0.309747
-0.309746
-0.309745
-0.309744
-0.309743
-0.309742
-0.309741
-0.30974
-0.309739
-0.309738
-0.309737
-0.309736
-0.309735
-0.309734
-0.309733
-0.309732
-0.309731
-0.30973
-0.309729
-0.309728
-0.309727
-0.309726
-0.309725
-0.309724
-0.309723
-0.309722
-0.309721
-0.30972
-0.309719
-0.309718
-0.309717
-0.309716
-0.309715
-0.309714
-0.309713
-0.309712
-0.309711
-0.30971
-0.309709
-0.309709
-0.309708
-0.309707
-0.309706
-0.309705
-0.309704
-0.309703
-0.309702
-0.309701
-0.3097
-0.309699
-0.309698
-0.309697
-0.309696
-0.309695
-0.309694
-0.309693
-0.309692
-0.309691
-0.30969
-0.309689
-0.309688
-0.309687
-0.309686
-0.309685
-0.309684
-0.309683
-0.309682
-0.309681
-0.30968
-0.309679
-0.309678
-0.309677
-0.309676
-0.309675
-0.309674
-0.309673
-0.309672
-0.309671
-0.30967
-0.309669
-0.309669
-0.309668
-0.309667
-0.309666
-0.309665
-0.309664
-0.309663
-0.309662
-0.309661
-0.30966
-0.309659
-0.309658
-0.309657
-0.309656
-0.309655
-0.309654
-0.309653
-0.309652
-0.309651
-0.30965
-0.309649
-0.309648
-0.309647
-0.309646
-0.309645
-0.309644
-0.309643
-0.309642
-0.309641
-0.30964
-0.309639
-0.309638
-0.309637
-0.309636
-0.309635
-0.309634
-0.309633
-0.309632
-0.309631
-0.30963
-0.309629
-0.309628
-0.309628
-0.309627
-0.309626
-0.309625
-0.309624
-0.309623
-0.309622
-0.309621
-0.30962
-0.309619
-0.309618
-0.309617
-0.309616
-0.309615
-0.309614
-0.309613
-0.309612
-0.309611
-0.30961
-0.309609
-0.309608
-0.309607
-0.309606
-0.309605
-0.309604
-0.309603
-0.309602
-0.309601
-0.3096
-0.309599
-0.309598
-0.309597
-0.309596
-0.309595
-0.309594
-0.309593
-0.309592
-0.309591
-0.30959
-0.309589
-0.309588
-0.309588
-0.309587
-0.309586
-0.309585
-0.309584
-0.309583
-0.309582
-0.309581
-0.30958
-0.309579
-0.309578
-0.309577
-0.309576
-0.309575
-0.309574
-0.309573
-0.309572
-0.309571
-0.30957
-0.309569
-0.309568
-0.309567
-0.309566
-0.309565
-0.309564
-0.309563
-0.309562
-0.309561
-0.30956
-0.309559
-0.309558
-0.309557
-0.309556
-0.309555
-0.309554
-0.309553
-0.309552
-0.309551
-0.30955
-0.309549
-0.309548
-0.309548
-0.309547
-0.309546
-0.309545
-0.309544
-0.309543
-0.309542
-0.309541
-0.30954
-0.309539
-0.309538
-0.309537
-0.309536
-0.309535
-0.309534
-0.309533
-0.309532
-0.309531
-0.30953
-0.309529
-0.309528
-0.309527
-0.309526
-0.309525
-0.309524
-0.309523
-0.309522
-0.309521
-0.30952
-0.309519
-0.309518
-0.309517
-0.309516
-0.309515
-0.309514
-0.309513
-0.309512
-0.309511
-0.30951
-0.309509
-0.309508
-0.309508
-0.309507
-0.309506
-0.309505
-0.309504
-0.309503
-0.309502
-0.309501
-0.3095
-0.309499
-0.309498
-0.309497
-0.309496
-0.309495
-0.309494
-0.309493
-0.309492
-0.309491
-0.30949
-0.309489
-0.309488
-0.309487
-0.309486
-0.309485
-0.309484
-0.309483
-0.309482
-0.309481
-0.30948
-0.309479
-0.309478
-0.309477
-0.309476
-0.309475
-0.309474
-0.309473
-0.309472
-0.309471
-0.30947
-0.309469
-0.309468
-0.309468
-0.309467
-0.309466
-0.309465
-0.309464
-0.309463
-0.309462
-0.309461
-0.30946
-0.309459
-0.309458
-0.309457
-0.309456
-0.309455
-0.309454
-0.309453
-0.309452
-0.309451
-0.30945
-0.309449
-0.309448
-0.309447
-0.309446
-0.309445
-0.309444
-0.309443
-0.309442
-0.309441
-0.30944
-0.309439
-0.309438
-0.309437
-0.309436
-0.309435
-0.309434
-0.309433
-0.309432
-0.309431
-0.30943
-0.309429
-0.309428
-0.309428
-0.309427
-0.309426
-0.309425
-0.309424
-0.309423
-0.309422
-0.309421
-0.30942
-0.309419
-0.309418
-0.309417
-0.309416
-0.309415
-0.309414
-0.309413
-0.309412
-0.309411
-0.30941
-0.309409
-0.309408
-0.309407
-0.309406
-0.309405
-0.309404
-0.309403
-0.309402
-0.309401
-0.3094
-0.309399
-0.309398
-0.309397
-0.309396
-0.309395
-0.309394
-0.309393
-0.309392
-0.309391
-0.30939
-0.309389
-0.309388
-0.309388
-0.309387
-0.309386
-0.309385
-0.309384
-0.309383
-0.309382
-0.309381
-0.30938
-0.309379
-0.309378
-0.309377
-0.309376
-0.309375
-0.309374
-0.309373
-0.309372
-0.309371
-0.30937
-0.309369
-0.309368
-0.309367
-0.309366
-0.309365
-0.309364
-0.309363
-0.309362
-0.309361
-0.30936
-0.309359
-0.309358
-0.309357
-0.309356
-0.309355
-0.309354
-0.309353
-0.309352
-0.309351
-0.30935
-0.309349
-0.309348
-0.309347
-0.309347
-0.309346
-0.309345
-0.309344
-0.309343
-0.309342
-0.309341
-0.30934
-0.309339
-0.309338
-0.309337
-0.309336
-0.309335
-0.309334
-0.309333
-0.309332
-0.309331
-0.30933
-0.309329
-0.309328
-0.309327
-0.309326
-0.309325
-0.309324
-0.309323
-0.309322
-0.309321
-0.30932
-0.309319
-0.309318
-0.309317
-0.309316
-0.309315
-0.309314
-0.309313
-0.309312
-0.309311
-0.30931
-0.309309
-0.309308
-0.309307
-0.309307
-0.309306
-0.309305
-0.309304
-0.309303
-0.309302
-0.309301
-0.3093
-0.309299
-0.309298
-0.309297
-0.309296
-0.309295
-0.309294
-0.309293
-0.309292
-0.309291
-0.30929
-0.309289
-0.309288
-0.309287
-0.309286
-0.309285
-0.309284
-0.309283
-0.309282
-0.309281
-0.30928
-0.309279
-0.309278
-0.309277
-0.309276
-0.309275
-0.309274
-0.309273
-0.309272
-0.309271
-0.30927
-0.309269
-0.309268
-0.309267
-0.309267
-0.309266
-0.309265
-0.309264
-0.309263
-0.309262
-0.309261
-0.30926
-0.309259
-0.309258
-0.309257
-0.309256
-0.309255
-0.309254
-0.309253
-0.309252
-0.309251
-0.30925
-0.309249
-0.025466
-0.0254179
-0.025387
-0.0253442
-0.0253105
-0.0252527
-0.0252068
-0.025179
-0.0251855
-0.0248171
-0.0247801
-0.0247494
-0.0246863
-0.0246478
-0.0246629
-0.0246297
-0.0246493
-0.0237894
-0.0237648
-0.0242364
-0.0241762
-0.0241688
-0.0240862
-0.0240223
-0.0239839
-0.0239528
-0.0238935
-0.023823
-0.0234676
-0.0234234
-0.0233965
-0.0236237
-0.0235077
-0.0233378
-0.0233497
-0.023325
-0.0233757
-0.0232778
-0.023253
-0.023229
-0.0231937
-0.0231666
-0.0231611
-0.0231703
-0.0231399
-0.0231145
-0.0224349
-0.0224888
-0.0224618
-0.0223816
-0.0224185
-0.0228425
-0.0228167
-0.022768
-0.0227161
-0.0226711
-0.0226198
-0.022598
-0.0225174
-0.0224773
-0.022412
-0.0223843
-0.0222388
-0.0221591
-0.0221277
-0.022101
-0.0220793
-0.0221178
-0.0220799
-0.0220458
-0.0220126
-0.0220175
-0.0215027
-0.0214998
-0.0214812
-0.0214776
-0.0214543
-0.0214449
-0.021428
-0.0214033
-0.0192782
-0.0192879
-0.0192522
-0.0192182
-0.0190722
-0.0189253
-0.0186038
-0.0184488
-0.0186105
-0.0183747
-0.018491
-0.0183651
-0.0180989
-0.0183517
-0.0180694
-0.017912
-0.0175549
-0.0175059
-0.0175143
-0.0174526
-0.017399
-0.0170231
-0.0165473
-0.0165087
-0.0163858
-0.016402
-0.0163577
-0.0164025
-0.016361
-0.0162978
-0.0158421
-0.0157736
-0.015705
-0.0155721
-0.0154709
-0.0155277
-0.0153179
-0.0155727
-0.015471
-0.0153932
-0.0146985
-0.014692
-0.0146925
-0.0136425
-0.0134253
-0.0142441
-0.014239
-0.01387
-0.013882
-0.0138337
-0.0138359
-0.0135594
-0.0138381
-0.00996963
-0.00992901
-0.00858859
-0.00884808
-0.00844607
-0.0103759
-0.00838578
-0.00847085
-0.00839664
-0.00581796
-0.00580842
-0.00580636
-0.0058
-0.00969516
-0.00967257
-0.00934224
-0.00950499
-0.00578583
-0.00577951
-0.00577285
-0.00577124
-0.00576461
-0.00579846
-0.00579263
-0.00902314
-0.00894296
-0.00888515
-0.00883813
-0.00581508
-0.00580878
-0.005802
-0.00574508
-0.00573823
-0.0057277
-0.00572121
-0.00568824
-0.00560427
-0.00559532
-0.00561949
-0.00553392
-0.00552722
-0.00560336
-0.00559603
-0.00557136
-0.00556461
-0.00556773
-0.00555735
-0.00556051
-0.00555399
-0.00549136
-0.00548481
-0.00554049
-0.00555425
-0.00554478
-0.00553849
-0.00555431
-0.0055478
-0.00551235
-0.0055152
-0.00545009
-0.00538216
-0.00537586
-0.00534405
-0.00533857
-0.00531839
-0.00532181
-0.00531957
-0.00531764
-0.00531476
-0.00532195
-0.00507274
-0.00508906
-0.00508602
-0.00508502
-0.00500832
-0.00500466
-0.00500205
-0.00499649
-0.00499254
-0.00499043
-0.00498424
-0.00498187
-0.00497575
-0.00492818
-0.00492535
-0.00483019
-0.00482745
-0.00482444
-0.00482893
-0.00482757
-0.00482506
-0.00481982
-0.00481502
-0.0048249
-0.00476606
-0.00476287
-0.00475707
-0.00475528
-0.0047526
-0.00474769
-0.00474566
-0.00472785
-0.004725
-0.00472002
-0.00471191
-0.00470911
-0.00470511
-0.00470174
-0.00470107
-0.00466654
-0.00466355
-0.00466039
-0.00469252
-0.00466529
-0.00466186
-0.0046589
-0.00465385
-0.00465679
-0.00465158
-0.00464888
-0.00464343
-0.00464113
-0.00463637
-0.00463389
-0.00461257
-0.00461557
-0.00459989
-0.00459487
-0.00459143
-0.00458655
-0.0045815
-0.00457583
-0.00457596
-0.00457045
-0.00458965
-0.00451292
-0.00450831
-0.00450368
-0.0044884
-0.00448985
-0.00450449
-0.00449999
-0.00449463
-0.0043518
-0.00434911
-0.0043446
-0.00434264
-0.0043402
-0.0043232
-0.00431824
-0.00431472
-0.00430995
-0.00429299
-0.00429219
-0.00428954
-0.00428717
-0.00428298
-0.00428046
-0.00428535
-0.00428104
-0.00427861
-0.00427587
-0.00427385
-0.00427195
-0.00426698
-0.00422266
-0.00422981
-0.00422369
-0.00422033
-0.00422095
-0.00421839
-0.00421575
-0.00424767
-0.00424572
-0.00424312
-0.0042288
-0.00423528
-0.00423075
-0.00422499
-0.00422426
-0.00423094
-0.00422172
-0.00422007
-0.0042172
-0.00421465
-0.00422258
-0.00422022
-0.0042174
-0.00421803
-0.00421873
-0.00415298
-0.00414608
-0.00414197
-0.00414551
-0.00414885
-0.0041174
-0.00413938
-0.00413661
-0.00413484
-0.0041331
-0.00412819
-0.00412768
-0.00412601
-0.00412522
-0.00412637
-0.00412291
-0.00410428
-0.00405624
-0.00405429
-0.00404716
-0.00404451
-0.00404223
-0.00404066
-0.00403228
-0.0040312
-0.00402368
-0.00402179
-0.00402549
-0.00393876
-0.00393651
-0.00393245
-0.00394127
-0.00391707
-0.00391482
-0.00391307
-0.00390913
-0.00390617
-0.00390066
-0.00389729
-0.00387039
-0.00386811
-0.00386602
-0.00386196
-0.00385929
-0.00386366
-0.00385921
-0.0038565
-0.00385452
-0.00383555
-0.00383275
-0.00382554
-0.00382296
-0.00381854
-0.00381839
-0.00381545
-0.00381411
-0.00381713
-0.00381291
-0.00381129
-0.00380961
-0.00380859
-0.00377175
-0.00375886
-0.00376016
-0.00375612
-0.00375414
-0.00374996
-0.0036598
-0.00361696
-0.00361416
-0.00359344
-0.0035918
-0.00396626
-0.00396551
-0.00395949
-0.00395722
-0.00395532
-0.00395091
-0.00395197
-0.00394799
-0.00394576
-0.00394375
-0.00393856
-0.0039145
-0.00391287
-0.00390825
-0.00390586
-0.00390419
-0.00390237
-0.0039002
-0.0036037
-0.00357865
-0.00357637
-0.00357391
-0.00357686
-0.00357495
-0.00357267
-0.00357038
-0.00356885
-0.00356385
-0.00356644
-0.00355997
-0.00356034
-0.00355623
-0.0035649
-0.00356171
-0.00355756
-0.00355799
-0.0035251
-0.0035233
-0.00351976
-0.00351787
-0.00351571
-0.00349412
-0.00349101
-0.0034869
-0.0034856
-0.00348943
-0.00348748
-0.00348191
-0.00340578
-0.00340408
-0.0033978
-0.00339586
-0.00339388
-0.00339385
-0.00339215
-0.00339099
-0.00338933
-0.00338829
-0.00338661
-0.0033284
-0.00333063
-0.00332872
-0.00332143
-0.00332629
-0.00332419
-0.00331473
-0.00332256
-0.00332051
-0.00331533
-0.00325651
-0.00325748
-0.00321506
-0.0032103
-0.00321326
-0.00321511
-0.00321361
-0.00321095
-0.00319262
-0.00314795
-0.00314655
-0.00314468
-0.00314297
-0.00309175
-0.00309101
-0.00309156
-0.003079
-0.00296764
-0.00296585
-0.00296387
-0.00170373
-0.00170345
-0.00170211
-0.00170092
-0.00169965
-0.00169945
-0.00169824
-0.0016969
-0.00169567
-0.00169433
-0.00169307
-0.00325623
-0.00325411
-0.00324972
-0.00322968
-0.00322762
-0.00323471
-0.00323288
-0.00322839
-0.00322621
-0.00322428
-0.00313326
-0.00306878
-0.00306806
-0.00298075
-0.00297947
-0.00297781
-0.00297635
-0.00297422
-0.0029726
-0.00296263
-0.00290822
-0.00171618
-0.00171689
-0.00171537
-0.00170863
-0.00171123
-0.00170999
-0.00170954
-0.00170652
-0.00170511
-0.00170497
-0.00170379
-0.00170238
-0.00170133
-0.00170014
-0.00169874
-0.00169758
-0.00165533
-0.00165396
-0.00165284
-0.00165151
-0.00162794
-0.00159775
-0.00159641
-0.00159502
-0.0015938
-0.00159113
-0.0015949
-0.00159426
-0.00159282
-0.00159189
-0.0015912
-0.00159028
-0.00158947
-0.00158028
-0.00157626
-0.00157496
-0.00157365
-0.00157598
-0.00157604
-0.00157552
-0.00157276
-0.00157166
-0.00157115
-0.00152452
-0.00152302
-0.00152185
-0.00151906
-0.00152289
-0.00152308
-0.00152174
-0.00147938
-0.00147915
-0.00147789
-0.00147767
-0.00147565
-0.00147468
-0.00147412
-0.00147365
-0.00147251
-0.00147126
-0.0014699
-0.00146957
-0.00146823
-0.00146455
-0.00146341
-0.00146265
-0.00146153
-0.00146029
-0.00145975
-0.00145163
-0.00145028
-0.00144821
-0.00142974
-0.0014121
-0.00141335
-0.00140782
-0.00141192
-0.00140646
-0.00140522
-0.00140391
-0.00140251
-0.00140064
-0.00140019
-0.00139893
-0.00139826
-0.00139558
-0.00139435
-0.00139378
-0.00139233
-0.00134666
-0.0013508
-0.00135001
-0.00134883
-0.00134757
-0.00134485
-0.00134576
-0.00134317
-0.00134069
-0.00133993
-0.00133869
-0.00133757
-0.00133736
-0.00133604
-0.00133528
-0.00133415
-0.00133272
-0.00132791
-0.0013267
-0.00133015
-0.0013251
-0.00132395
-0.00128832
-0.00128567
-0.00128517
-0.00128377
-0.00128243
-0.00128122
-0.00128011
-0.00127644
-0.00127529
-0.00127752
-0.00127419
-0.00125815
-0.00127208
-0.00127074
-0.00124377
-0.00124279
-0.00122629
-0.00122366
-0.00122606
-0.00122516
-0.00122258
-0.00122709
-0.00122587
-0.0011982
-0.00121272
-0.00121191
-0.00121078
-0.0012098
-0.00120645
-0.00119253
-0.00119071
-0.00117767
-0.00117891
-0.00117807
-0.00117639
-0.00117618
-0.00117459
-0.00117062
-0.00117039
-0.00116866
-0.00116847
-0.00116594
-0.00116472
-0.0011773
-0.00117369
-0.00117121
-0.00117007
-0.00116764
-0.00116773
-0.00115592
-0.00115486
-0.00113325
-0.00113085
-0.00112948
-0.00112811
-0.0011276
-0.00112641
-0.00112558
-0.00112486
-0.00112365
-0.00112227
-0.00112182
-0.00112066
-0.00112001
-0.00111872
-0.00111813
-0.0011169
-0.00112044
-0.00111933
-0.00111805
-0.00111765
-0.00111637
-0.00111476
-0.00111398
-0.00111381
-0.00111229
-0.00111189
-0.00111022
-0.00110932
-0.00110831
-0.00110599
-0.00110526
-0.00110358
-0.00110628
-0.00110459
-0.00107784
-0.00107664
-0.00107548
-0.00107429
-0.00107354
-0.00107388
-0.00107277
-0.00107094
-0.00106989
-0.00107023
-0.00106938
-0.00106818
-0.00106724
-0.001066
-0.00105688
-0.00105714
-0.00105584
-0.00105498
-0.00105415
-0.00105323
-0.00105237
-0.00105154
-0.00105069
-0.00104956
-0.00103913
-0.0010381
-0.00103744
-0.00103642
-0.00103525
-0.00103433
-0.00103357
-0.00103264
-0.00103179
-0.00103081
-0.00101367
-0.00101376
-0.00101309
-0.00101211
-0.00099714
-0.000997212
-0.000988
-0.000987375
-0.000986656
-0.000985463
-0.000984384
-0.000984327
-0.000983204
-0.00098264
-0.000981516
-0.000979827
-0.000979783
-0.000978807
-0.000977614
-0.000977014
-0.000976038
-0.000974845
-0.000973606
-0.000972997
-0.000971919
-0.000970972
-0.000970279
-0.000969168
-0.000968192
-0.000950381
-0.000950356
-0.000955953
-0.000949569
-0.000947739
-0.000946556
-0.000946831
-0.000945669
-0.000945098
-0.000943936
-0.000942827
-0.000942011
-0.000940869
-0.00093976
-0.000937844
-0.000938182
-0.000936999
-0.000934915
-0.000929211
-0.000928235
-0.000914337
-0.000913959
-0.000912786
-0.00091157
-0.000906511
-0.000900231
-0.000899393
-0.000898298
-0.000897637
-0.000896543
-0.000895284
-0.000896301
-0.000895115
-0.000894279
-0.000893204
-0.000892119
-0.000891513
-0.000890428
-0.000882133
-0.000881344
-0.000880397
-0.000879461
-0.000878406
-0.00087777
-0.000876646
-0.000863922
-0.000862697
-0.00086193
-0.000860684
-0.000859619
-0.000858424
-0.000857605
-0.000856688
-0.000855667
-0.000854848
-0.000842549
-0.000841729
-0.00084085
-0.000839874
-0.000839036
-0.000837945
-0.000836846
-0.00083572
-0.000824431
-0.000824215
-0.000811866
-0.000810791
-0.000810039
-0.000808835
-0.00080775
-0.000806574
-0.000805753
-0.000804954
-0.000804431
-0.000803331
-0.000802492
-0.000801316
-0.000800258
-0.000799082
-0.000794097
-0.000793378
-0.000792579
-0.0007915
-0.000790679
-0.000789703
-0.00078758
-0.000786963
-0.000786626
-0.000785268
-0.000784932
-0.000777014
-0.000766725
-0.000765533
-0.000764711
-0.000760959
-0.000761304
-0.000760431
-0.000750756
-0.000749931
-0.000756283
-0.000755152
-0.000754081
-0.000745899
-0.000744969
-0.000737969
-0.00073707
-0.000736228
-0.000730692
-0.000728732
-0.000727566
-0.000718944
-0.000717829
-0.00071672
-0.000715605
-0.000715813
-0.000713766
-0.000714183
-0.000713044
-0.000712143
-0.000711558
-0.000707156
-0.000706047
-0.000704933
-0.000703859
-0.000703035
-0.000688485
-0.000687756
-0.00068665
-0.00068594
-0.000684793
-0.000683622
-0.000682499
-0.000681524
-0.000680699
-0.00067947
-0.000679024
-0.000677795
-0.000669811
-0.000668819
-0.000667843
-0.00066616
-0.000666046
-0.000664484
-0.000662921
-0.000650045
-0.000648961
-0.00064376
-0.000641205
-0.000642098
-0.000636006
-0.000634915
-0.000635038
-0.000634499
-0.000633655
-0.000631729
-0.000627358
-0.000626305
-0.000625593
-0.000624382
-0.000577075
-0.000576201
-0.000575307
-0.000574177
-0.000573348
-0.00057245
-0.00057162
-0.000570741
-0.000569819
-0.000568989
-0.00056811
-0.00056701
-0.000561899
-0.000562116
-0.000561252
-0.000559694
-0.000558405
-0.000557337
-0.000556473
-0.0005562
-0.000555084
-0.000554272
-0.000553185
-0.000552523
-0.000550908
-0.000549823
-0.000549756
-0.000548007
-0.000547274
-0.000546231
-0.000541407
-0.000540527
-0.000538934
-0.000538054
-0.000535922
-0.000535737
-0.000534681
-0.000530349
-0.000532953
-0.000528563
-0.000527698
-0.000526629
-0.000525836
-0.000524971
-0.000523902
-0.000523728
-0.000522694
-0.000521882
-0.000520835
-0.000522191
-0.000519085
-0.000520481
-0.000517129
-0.000516287
-0.00050787
-0.000506769
-0.00050592
-0.000504339
-0.000503444
-0.000502084
-0.000500987
-0.000500106
-0.000496565
-0.000495734
-0.000494896
-0.000494015
-0.000492433
-0.000491602
-0.000487332
-0.000485808
-0.000484572
-0.000508838
-0.000507974
-0.000506966
-0.000506102
-0.000505239
-0.000503913
-0.000503049
-0.000499939
-0.000499187
-0.000497657
-0.000496175
-0.000497047
-0.000496411
-0.000495719
-0.000493904
-0.000492272
-0.000491332
-0.000490425
-0.000489466
-0.000488445
-0.000487538
-0.000486694
-0.000482302
-0.000481667
-0.000480818
-0.000481724
-0.00048087
-0.000479975
-0.000478895
-0.000466191
-0.000464519
-0.000464197
-0.000462452
-0.000481849
-0.0004643
-0.000463451
-0.000462556
-0.000460309
-0.00045946
-0.000459003
-0.000457601
-0.000456752
-0.000455857
-0.000455432
-0.000454065
-0.000453169
-0.000452765
-0.000450431
-0.00044973
-0.000448681
-0.000447799
-0.00044677
-0.00044574
-0.000445
-0.000444278
-0.000443249
-0.000442368
-0.000441338
-0.000440309
-0.000439676
-0.00043868
-0.000437651
-0.000436819
-0.000435751
-0.000434885
-0.000434189
-0.000433121
-0.000432381
-0.000431313
-0.000430447
-0.000429984
-0.000429119
-0.0004282
-0.000426971
-0.000426494
-0.000425518
-0.000424705
-0.000419063
-0.000415653
-0.000414804
-0.000413835
-0.000413039
-0.000412187
-0.000411196
-0.000410185
-0.000409153
-0.000408271
-0.00040726
-0.000406546
-0.000405665
-0.000404654
-0.00040361
-0.000402903
-0.000402229
-0.000401358
-0.000393846
-0.000392997
-0.00039196
-0.000391146
-0.000390171
-0.000389417
-0.000388441
-0.000387397
-0.000386597
-0.000385891
-0.000384868
-0.000383966
-0.000382942
-0.000381977
-0.000381364
-0.00038041
-0.000379398
-0.000378786
-0.000377867
-0.000376876
-0.000369251
-0.00036837
-0.000367522
-0.00036664
-0.000365722
-0.000364765
-0.000363884
-0.000363336
-0.000362154
-0.000361607
-0.000360688
-0.000359655
-0.00035866
-0.000358112
-0.00035708
-0.000356125
-0.000348837
-0.000348026
-0.00034644
-0.000346204
-0.000345343
-0.000344415
-0.000343496
-0.000342472
-0.000341766
-0.000340742
-0.000339814
-0.00033879
-0.000337924
-0.000337025
-0.00033632
-0.000335296
-0.000328351
-0.000327411
-0.000326388
-0.000325007
-0.000324099
-0.000323278
-0.000322687
-0.00032182
-0.000230625
0.000323668
0.000324539
0.000325432
0.000360958
0.000361854
0.000362714
0.000363612
0.000364524
0.000365398
0.000372626
0.00037351
0.000374392
0.000375276
0.000416459
0.00041816
0.000418168
0.000419041
0.000419939
0.000427313
0.000428187
0.000429077
0.00042996
0.000430846
0.00043172
0.000468938
0.000469815
0.000470635
0.000471519
0.000472401
0.000473286
0.000474164
0.00047504
0.000475925
0.000476805
0.000477682
0.000478568
0.000480265
0.000480323
0.000481146
0.000482023
0.000482906
0.0004838
0.000484684
0.00047132
0.000472196
0.000473082
0.000473977
0.000474847
0.000475758
0.000476644
0.000477519
0.000478416
0.000479286
0.000480171
0.00048111
0.000481995
0.000482873
0.000483756
0.00048463
0.000522355
0.000523229
0.000524095
0.000524913
0.000525784
0.000526685
0.000527574
0.000528468
0.000529343
0.000530236
0.000531123
0.000532032
0.000532909
0.000533826
0.000552229
0.000553036
0.000553893
0.00059246
0.000593396
0.000594271
0.00059515
0.000596062
0.00059695
0.000597236
0.00059803
0.000598919
0.000548259
0.000589985
0.000590868
0.000591682
0.000592495
0.000600346
0.000601253
0.000602123
0.000603023
0.000603902
0.000604795
0.000605707
0.000606593
0.000607472
0.000608329
0.000609185
0.000610109
0.000610997
0.000611824
0.000612598
0.000613493
0.000614424
0.000615319
0.000616202
0.000656297
0.000657134
0.00065788
0.000658739
0.000659641
0.000660617
0.000661468
0.000662375
0.000663287
0.000664202
0.000665123
0.000666042
0.000666903
0.000667819
0.000668738
0.000669611
0.000670481
0.000671368
0.000672275
0.000673161
0.00067404
0.000674822
0.000675504
0.000676391
0.000677221
0.000678197
0.000679092
0.000680067
0.000680969
0.000681813
0.000682789
0.00068369
0.000684531
0.000685507
0.000686414
0.000687326
0.000688177
0.000689093
0.000690002
0.000729679
0.000729762
0.000734407
0.000739154
0.000736163
0.00074096
0.000741615
0.000741968
0.000743593
0.000743916
0.000743106
0.000745743
0.000757845
0.000758208
0.000759858
0.000760979
0.000770274
0.00077353
0.000773713
0.000775145
0.000773939
0.000776992
0.000775786
0.000777066
0.000779769
0.000780665
0.000783185
0.00087394
0.000874664
0.000871695
0.000876634
0.000879404
0.00088066
0.000881635
0.000903785
0.000905397
0.000906212
0.00090619
0.000908762
0.000909561
0.000911275
0.000920273
0.000922037
0.000922819
0.000942396
0.000955086
0.000955938
0.000956784
0.000963854
0.000964649
0.000965468
0.00110234
0.00110332
0.00110386
0.00110467
0.00110565
0.00110637
0.00112664
0.00111836
0.00111913
0.00112011
0.00112079
0.00113244
0.00113477
0.00113427
0.00115346
0.00115273
0.00115531
0.00119296
0.00119378
0.00119454
0.00119528
0.0011961
0.00119707
0.00119764
0.00119838
0.00119936
0.00120033
0.00120096
0.00120179
0.00120267
0.00120329
0.00120413
0.00122635
0.00122856
0.00122954
0.00123026
0.00123108
0.00126439
0.00126537
0.00126599
0.00126697
0.00126783
0.0012688
0.00126963
0.00127039
0.0012717
0.00130342
0.00130419
0.00130486
0.00135014
0.00135136
0.00135173
0.00135255
0.00135373
0.0013541
0.00135491
0.00135626
0.00135702
0.00137175
0.00135821
0.00135939
0.00137411
0.00136057
0.00136132
0.0013623
0.00136294
0.00137842
0.00137886
0.00139067
0.00142075
0.00142201
0.00142231
0.00142329
0.00121593
0.00121655
0.00121778
0.00121866
0.00121963
0.00122051
0.00122148
0.00122219
0.00122332
0.00122403
0.00130433
0.00130531
0.00130602
0.00130682
0.0013198
0.00132077
0.00132164
0.00132233
0.00132289
0.00132417
0.00134185
0.00133011
0.00133087
0.00133167
0.00133238
0.00133336
0.00133395
0.00135402
0.00135537
0.00135595
0.00135686
0.00135783
0.00135864
0.00135961
0.00138841
0.00138899
0.00139
0.00139067
0.00139156
0.00139277
0.00139374
0.00139442
0.00139531
0.00145623
0.00145749
0.00145825
0.00146004
0.00146009
0.00146746
0.00146844
0.0014693
0.00147028
0.00147493
0.00147536
0.00147703
0.00147772
0.00147854
0.00147952
0.00148031
0.00151585
0.00153112
0.00153187
0.00153269
0.0015334
0.00153415
0.00153496
0.00154093
0.0015418
0.00154287
0.00154225
0.0015706
0.00157104
0.00157614
0.00157665
0.00159347
0.00160172
0.0016027
0.00160355
0.00160452
0.00159151
0.00159249
0.00172224
0.00172337
0.00172407
0.00172504
0.00172602
0.00172681
0.00180015
0.00180112
0.00180153
0.00180295
0.00180336
0.00180719
0.0018158
0.00181675
0.00181749
0.00183377
0.00183474
0.00183568
0.0018416
0.00184254
0.00185568
0.0018564
0.00185717
0.00185781
0.00185876
0.00195405
0.00195475
0.00195547
0.00195825
0.00195714
0.00195789
0.00195887
0.00195923
0.00195998
0.00196096
0.00196176
0.00196245
0.00196326
0.00196426
0.00199716
0.00199814
0.00199912
0.00199988
0.00200044
0.00202539
0.00202637
0.00202315
0.00202386
0.00202483
0.00202818
0.00204296
0.00211832
0.00211955
0.00211997
0.00212108
0.00212179
0.00212221
0.00212332
0.00212381
0.00212479
0.00212576
0.002126
0.00212698
0.00212826
0.00212923
0.00212994
0.0021305
0.00213147
0.00213179
0.00213251
0.00213349
0.00213396
0.00213585
0.00213632
0.0021373
0.00217996
0.00218093
0.00218191
0.00218259
0.00218339
0.00225185
0.00225282
0.0022538
0.00225522
0.00225619
0.00225695
0.00229689
0.00229907
0.00230005
0.00231274
0.00231337
0.00231434
0.00231532
0.00231612
0.00231695
0.0023291
0.00233082
0.00233136
0.00233233
0.00233422
0.00235686
0.00235751
0.00235893
0.00235838
0.00235935
0.00236799
0.00236371
0.00236817
0.00236887
0.00236963
0.00235376
0.00250534
0.00260685
0.00260782
0.0026088
0.00272079
0.00272177
0.00272213
0.0027231
0.00272408
0.0027247
0.00272567
0.00272304
0.00272207
0.00272304
0.00272539
0.00272422
0.0027252
0.00272617
0.00274741
0.00277965
0.00277052
0.00280748
0.00280838
0.00283532
0.0028372
0.002838
0.00283867
0.0028396
0.00284058
0.00284548
0.00295081
0.00295149
0.00295246
0.00295344
0.00295413
0.00295478
0.00295566
0.00295632
0.0029575
0.00295848
0.00295945
0.00296015
0.0029765
0.00297747
0.00297778
0.00298108
0.00298178
0.00298275
0.00298373
0.00298404
0.00298595
0.00298662
0.00298689
0.00300627
0.00300502
0.00300784
0.0030149
0.00301083
0.00306606
0.00303044
0.00303119
0.00324083
0.00324155
0.00324028
0.00324269
0.0032317
0.00323249
0.00325041
0.00326026
0.0033487
0.0033501
0.00340171
0.00343415
0.00343487
0.00350036
0.00350134
0.00350018
0.00350115
0.00349992
0.00350071
0.00350099
0.00351095
0.00351128
0.0035169
0.0035176
0.00351857
0.00352139
0.00352236
0.00353446
0.00353367
0.00376201
0.00376299
0.0038264
0.00382704
0.00382966
0.00383042
0.00383323
0.00402456
0.00404249
0.00404407
0.00435285
0.00435382
0.00435492
0.0043558
0.00435678
0.00435775
0.00435855
0.00438215
0.00438282
0.0043838
0.00438524
0.00438622
0.00438729
0.00438826
0.00461407
0.00461504
0.00461602
0.00461699
0.00461797
0.00461895
0.00466296
0.00466413
0.00467269
0.00467367
0.00467537
0.00467655
0.00467752
0.00467877
0.00467975
0.00468169
0.00472759
0.00472857
0.00472982
0.0047309
0.00473188
0.00475853
0.00475946
0.00476043
0.0047636
0.00476258
0.00476581
0.00476698
0.00476808
0.00476742
0.00474576
0.00474703
0.00474561
0.00474673
0.00479567
0.00480784
0.00480882
0.00477195
0.00477293
0.00477472
0.00477592
0.00477699
0.00477759
0.00477857
0.00488055
0.0048816
0.00488275
0.00488383
0.00488508
0.00489012
0.0048911
0.00489427
0.00489557
0.00489458
0.00489555
0.00489688
0.00489785
0.00490072
0.00490192
0.00493237
0.00493342
0.0049344
0.00493565
0.00493676
0.00493791
0.00493888
0.00494009
0.00494327
0.00494424
0.00494522
0.00495719
0.00495821
0.00495714
0.0049582
0.00495917
0.00496015
0.00496006
0.00496121
0.00496219
0.00496365
0.00501756
0.00502225
0.00502323
0.00502231
0.00502367
0.00502464
0.0050258
0.00503588
0.00503705
0.00503802
0.00503919
0.00504017
0.00504143
0.00505027
0.00526427
0.00526566
0.0052672
0.00526853
0.0052695
0.00526872
0.00527005
0.00514122
0.00529364
0.00529253
0.00529309
0.00525992
0.00525934
0.0052625
0.00532748
0.00532038
0.0052522
0.00525565
0.00532281
0.00525914
0.00532661
0.00526102
0.00526217
0.0052635
0.0052649
0.00526569
0.00526727
0.00526825
0.0052696
0.00527099
0.00527197
0.00527294
0.00527417
0.00527732
0.00530502
0.00530599
0.00530742
0.00530892
0.0052992
0.00530018
0.00530371
0.00530494
0.00530613
0.00548258
0.00548573
0.0054872
0.00548898
0.00549017
0.00550031
0.00550366
0.00550464
0.00550591
0.00550737
0.00550864
0.00550983
0.00551112
0.0055126
0.0055139
0.00551525
0.00551589
0.00551748
0.00551877
0.00552035
0.00552132
0.00552643
0.00552767
0.00552918
0.00553125
0.00553246
0.00553369
0.00553499
0.00553814
0.00554114
0.00554441
0.00554583
0.00554733
0.0055485
0.0055498
0.0055509
0.0055524
0.00555221
0.00556483
0.00556625
0.00556736
0.0055812
0.00558239
0.00558354
0.00558481
0.00557466
0.00557444
0.00558065
0.00561069
0.00561207
0.00561355
0.00561474
0.00564884
0.00564997
0.0056534
0.00565462
0.00565579
0.00565709
0.00565847
0.00565963
0.00566113
0.00566224
0.00566356
0.00566482
0.00566628
0.00566769
0.00567135
0.0056727
0.00568069
0.00568186
0.0056831
0.00568475
0.00568598
0.00568675
0.00568822
0.00568963
0.00569109
0.00577764
0.00592592
0.00592778
0.00584007
0.00584124
0.00593346
0.00593104
0.00585294
0.00585448
0.00585583
0.00585938
0.00585951
0.00586315
0.00586685
0.00586826
0.0058701
0.00587345
0.00587308
0.0058766
0.00587588
0.00587772
0.00587959
0.00588988
0.00616354
0.00616529
0.00616707
0.00616865
0.0061723
0.00618401
0.00618548
0.00619389
0.00619754
0.00619916
0.00620126
0.00620363
0.00620522
0.006209
0.00620955
0.00621097
0.00621289
0.00621505
0.00621643
0.00622023
0.00622162
0.00622352
0.00623599
0.00624001
