-4.98335
-4.98335
-4.98335
-4.98335
-4.98335
-4.98335
-4.98335
-4.98335
-4.98335
-4.98335
-4.98335
-4.98335
-4.98335
-4.98335
-4.98335
-4.98335
-4.98335
-4.98335
-4.98335
-4.98335
-4.98335
-4.98335
-4.98335
-4.98335
-4.98335
-4.98335
-4.98335
-4.98335
-4.98335
-4.98335
-4.98335
-4.98335
-4.98335
-4.98335
-4.98335
-4.98335
-4.98335
-4.98335
-4.98335
-4.98335
-4.98335
-4.98335
-4.98335
-4.98335
-4.98335
-4.98335
-4.98335
-4.98335
-4.98335
-4.98335
-4.98335
-4.98335
-4.98335
-4.98335
-4.98335
-4.98335
-4.98335
-4.98335
-4.98335
-4.98335
-4.98335
-4.98335
-4.98335
-4.98335
-4.98335
-4.98335
-4.98335
-4.98335
-4.98335
-4.98335
-4.98335
-4.98335
-4.98335
-4.98335
-4.98335
-4.98335
-4.98335
-4.98335
-4.98335
-4.98335
-4.98335
-4.98335
-4.98335
-4.98335
-4.98335
-4.98335
-4.98335
-4.98335
-4.98335
-4.98335
-4.98335
-4.98335
-4.98335
-4.98335
-4.98335
-4.98335
-4.98335
-4.98335
-4.98335
-4.98335
-4.98335
-4.98335
-4.98335
-4.98335
-4.98335
-4.98335
-4.98335
-4.98335
-4.98335
-4.98335
-4.98335
-4.98335
-4.98335
-4.98335
-4.98335
-4.98335
-4.98335
-4.98335
-4.98335
-4.98335
-4.98335
-4.98335
-4.98335
-4.98335
-4.98335
-4.98335
-4.98335
-4.98335
-4.98335
-4.98335
-4.98335
-4.98335
-4.98335
-4.98335
-4.98335
-4.98335
-4.98335
-4.98335
-4.98335
-4.98335
-4.98335
-4.98335
-4.98335
-4.98335
-4.98335
-4.98335
-4.98335
-4.98335
-4.98335
-4.98335
-4.98335
-4.98335
-4.98335
-4.98335
-4.98335
-4.98335
-4.98335
-4.98335
-4.98335
-4.98335
-4.98335
-4.98335
-4.98335
-4.98335
-4.98335
-4.98335
-4.98335
-4.98335
-4.98335
-4.98335
-4.98335
-4.98335
-4.98335
-4.98335
-4.98335
-4.98335
-4.98335
-4.98335
-4.98335
-4.98335
-4.98335
-4.98335
-4.98335
-4.98335
-4.98335
-4.98335
-4.98335
-4.98335
-4.98335
-4.98335
-4.98335
-4.98335
-4.98335
-4.98335
-4.98335
-4.98335
-4.98335
-4.98335
-4.98335
-4.98335
-4.98335
-4.98335
-4.98335
-4.98335
-4.98335
-4.98335
-4.98335
-4.98335
-4.98335
-4.98335
-4.98335
-4.98335
-4.98335
-4.98335
-4.98335
-4.98335
-4.98335
-4.98335
-4.98335
-4.98335
-4.98335
-4.98335
-4.98335
-4.98335
-4.98335
-4.98335
-4.98335
-4.98335
-4.98335
-4.98335
-4.98335
-4.98335
-4.98335
-4.98335
-4.98335
-4.98335
-4.98335
-4.98335
-4.98335
-4.98335
-4.98335
-4.98335
-4.98335
-4.98335
-4.98335
-4.98335
-4.98335
-4.98335
-4.98335
-4.98335
-4.98335
-4.98335
-4.98335
-4.98335
-4.98335
-4.98335
-4.98335
-4.98335
-4.98335
-4.98335
-4.98335
-4.98335
-4.98335
-4.98335
-4.98335
-4.98335
-4.98335
-4.98335
-4.98335
-4.98335
-4.98335
-4.98335
-4.98335
-4.98335
-4.98335
-4.98335
-4.98335
-4.98335
-4.98335
-4.98335
-4.98335
-4.98335
-4.98335
-4.98335
-4.98335
-4.98335
-4.98335
-4.98335
-4.98335
-4.98335
-4.98335
-4.98335
-4.98335
-4.98335
-4.98335
-4.98335
-4.98335
-4.98335
-4.98335
-4.98335
-4.98335
-4.98335
-4.98335
-4.98335
-4.98335
-4.98335
-4.98335
-4.98335
-4.98335
-4.98335
-4.98335
-4.98335
-4.98335
-4.98335
-4.98335
-4.98335
-4.98335
-4.98335
-4.98335
-4.98335
-4.98335
-4.98335
-4.98335
-4.98335
-4.98335
-4.98335
-4.98335
-4.98335
-4.98335
-4.98335
-4.98335
-4.98335
-4.98335
-4.98335
-4.98335
-4.98335
-4.98335
-4.98335
-4.98335
-4.98335
-4.98335
-4.98335
-4.98335
-4.98335
-4.98335
-4.98335
-4.98335
-4.98335
-4.98335
-4.98335
-4.98335
-4.98335
-4.98335
-4.98335
-4.98335
-4.98335
-4.98335
-4.98335
-4.98335
-4.98335
-4.98335
-4.98335
-4.98335
-4.98335
-4.98335
-4.98335
-4.98335
-4.98335
-4.98335
-4.98335
-4.98335
-4.98335
-4.98335
-4.98335
-4.98335
-4.98335
-4.98335
-4.98335
-4.98335
-4.98335
-4.98335
-4.98335
-4.98335
-4.98335
-4.98335
-4.98335
-4.98335
-4.98335
-4.98335
-4.98335
-4.98335
-4.98335
-4.98335
-4.98335
-4.98335
-4.98335
-4.98335
-4.98335
-4.98335
-4.98335
-4.98335
-4.98335
-4.98335
-4.98335
-4.98335
-4.98335
-4.98335
-4.98335
-4.98335
-4.98335
-4.98335
-4.98335
-4.98335
-4.98335
-4.98335
-4.98335
-4.98335
-4.98335
-4.98335
-4.98335
-4.98335
-4.98335
-4.98335
-4.98335
-4.98335
-4.98335
-4.98335
-4.98335
-4.98335
-4.98335
-4.98335
-4.98335
-4.98335
-4.98335
-4.98335
-4.98335
-4.98335
-4.98335
-4.98335
-4.98335
-4.98335
-4.98335
-4.98335
-4.98335
-4.98335
-4.98335
-4.98335
-4.98335
-4.98335
-4.98335
-4.98335
-4.98335
-4.98335
-4.98335
-4.98335
-4.98335
-4.98335
-4.98335
-4.98335
-4.98335
-4.98335
-4.98335
-4.98335
-4.98335
-4.98335
-4.98335
-4.98335
-4.98335
-4.98335
-4.98335
-4.98335
-4.98335
-4.98335
-4.98335
-4.98335
-4.98335
-4.98335
-4.98335
-4.98335
-4.98335
-4.98335
-4.98335
-4.98335
-4.98335
-4.98335
-4.98335
-4.98335
-4.98335
-4.98335
-4.98335
-4.98335
-4.98335
-4.98335
-4.98335
-4.98335
-4.98335
-4.98335
-4.98335
-4.98335
-4.98335
-4.98335
-4.98335
-4.98335
-4.98335
-4.98335
-4.98335
-4.98335
-4.98335
-4.98335
-4.98335
-4.98335
-4.98335
-4.98335
-4.98335
-4.98335
-4.98335
-4.98335
-4.98335
-4.98335
-4.98335
-4.98335
-4.98335
-4.98335
-4.98335
-4.98335
-4.98335
-4.98335
-4.98335
-4.98335
-4.98335
-4.98335
-4.98335
-4.98335
-4.98335
-4.98335
-4.98335
-4.98335
-4.98335
-4.98335
-4.98335
-4.98335
-4.98335
-4.98335
-4.98335
-4.98335
-4.98335
-4.98335
-4.98335
-4.98335
-4.98335
-4.98335
-4.98335
-4.98335
-4.98335
-4.98335
-4.98335
-4.98335
-4.98335
-4.98335
-4.98335
-4.98335
-4.98335
-4.98335
-4.98335
-4.98335
-4.98335
-4.98335
-4.98335
-4.98335
-4.98335
-4.98335
-4.98335
-4.98335
-4.98335
-4.98335
-4.98335
-4.98335
-4.98335
-4.98335
-4.98335
-4.98335
-4.98335
-4.98335
-4.98335
-4.98335
-4.98335
-4.98335
-4.98335
-4.98335
-4.98335
-4.98335
-4.98335
-4.98335
-4.98335
-4.98335
-4.98335
-4.98335
-4.98335
-4.98335
-4.98335
-4.98335
-4.98335
-4.98335
-4.98335
-4.98335
-4.98335
-4.98335
-4.98335
-4.98335
-4.98335
-4.98335
-4.98335
-4.98335
-4.98335
-4.98335
-4.98335
-4.98335
-4.98335
-4.98335
-4.98335
-4.98335
-4.98335
-4.98335
-4.98335
-4.98335
-4.98335
-4.98335
-4.98335
-4.98335
-4.98335
-4.98335
-4.98335
-4.98335
-4.98335
-4.98335
-4.98335
-4.98335
-4.98335
-4.98335
-4.98335
-4.98335
-4.98335
-4.98335
-4.98335
-4.98335
-4.98335
-4.98335
-4.98335
-4.98335
-4.98335
-4.98335
-4.98335
-4.98335
-4.98335
-4.98335
-4.98335
-4.98335
-4.98335
-4.98335
-4.98335
-4.98335
-4.98335
-4.98335
-4.98335
-4.98335
-4.98335
-4.98335
-4.98335
-4.98335
-4.98335
-4.98335
-4.98335
-4.98335
-4.98335
-4.98335
-4.98335
-4.98335
-4.98335
-4.98335
-4.98335
-4.98335
-4.98335
-4.98335
-4.98335
-4.98335
-4.98335
-4.98335
-4.98335
-4.98335
-4.98335
-4.98335
-4.98335
-4.98335
-4.98335
-4.98335
-4.98335
-4.98335
-4.98335
-4.98335
-4.98335
-4.98335
-4.98335
-4.98335
-4.98335
-4.98335
-4.98335
-4.98335
-4.98335
-4.98335
-4.98335
-4.98335
-4.98335
-4.98335
-4.98335
-4.98335
-4.98335
-4.98335
-4.98335
-4.98335
-4.98335
-4.98335
-4.98335
-4.98335
-4.98335
-4.98335
-4.98335
-4.98335
-4.98335
-4.98335
-4.98335
-4.98335
-4.98335
-4.98335
-4.98335
-4.98335
-4.98335
-4.98335
-4.98335
-4.98335
-4.98335
-4.98335
-4.98335
-4.98335
-4.98335
-4.98335
-4.98335
-4.98335
-4.98335
-4.98335
-4.98335
-4.98335
-4.98335
-4.98335
-4.98335
-4.98335
-4.98335
-4.98335
-4.98335
-4.98335
-4.98335
-4.98335
-4.98335
-4.98335
-4.98335
-4.98335
-4.98335
-4.98335
-4.98335
-4.98335
-4.98335
-4.98335
-4.98335
-4.98335
-4.98335
-4.98335
-4.98335
-4.98335
-4.98335
-4.98335
-4.98335
-4.98335
-4.98335
-4.98335
-4.98335
-4.98335
-4.98335
-4.98335
-4.98335
-4.98335
-4.98335
-4.98335
-4.98335
-4.98335
-4.98335
-4.98335
-4.98335
-4.98335
-4.98335
-4.98335
-4.98335
-4.98335
-4.98335
-4.98335
-4.98335
-4.98335
-4.98335
-4.98335
-4.98335
-4.98335
-4.98335
-4.98335
-4.98335
-4.98335
-4.98335
-4.98335
-4.98335
-4.98335
-4.98335
-4.98335
-4.98335
-4.98335
-4.98335
-4.98335
-4.98335
-4.98335
-4.98335
-4.98335
-4.98335
-4.98335
-4.98335
-4.98335
-4.98335
-4.98335
-4.98335
-4.98335
-4.98335
-4.98335
-4.98335
-4.98335
-4.98335
-4.98335
-4.98335
-4.98335
-4.98335
-4.98335
-4.98335
-4.98335
-4.98335
-4.98335
-4.98335
-4.98335
-4.98335
-4.98335
-4.98335
-4.98335
-4.98335
-4.98335
-4.98335
-4.98335
-4.98335
-4.98335
-4.98335
-4.98335
-4.98335
-4.98335
-4.98335
-4.98335
-4.98335
-4.98335
-4.98335
-4.98335
-4.98335
-4.98335
-4.98335
-4.98335
-4.98335
-4.98335
-4.98335
-4.98335
-4.98335
-4.98335
-4.98335
-4.98335
-4.98335
-4.98335
-4.98335
-4.98335
-4.98335
-4.98335
-4.98335
-4.98335
-4.98335
-4.98335
-4.98335
-4.98335
-4.98335
-4.98335
-4.98335
-4.98335
-4.98335
-4.98335
-4.98335
-4.98335
-4.98335
-4.98335
-4.98335
-4.98335
-4.98335
-4.98335
-4.98335
-4.98335
-4.98335
-4.98335
-4.98335
-4.98335
-4.98335
-4.98335
-4.98335
-4.98335
-4.98335
-4.98335
-4.98335
-4.98335
-4.98335
-4.98335
-4.98335
-4.98335
-4.98335
-4.98335
-4.98335
-4.98335
-4.98335
-4.98335
-4.98335
-4.98335
-4.98335
-4.98335
-4.98335
-4.98335
-4.98335
-4.98335
-4.98335
-4.98335
-4.98335
-4.98335
-4.98335
-4.98335
-4.98335
-4.98335
-4.98335
-4.98335
-4.98335
-4.98335
-4.98335
-4.98335
-4.98335
-4.98335
-4.98335
-4.98335
-4.98335
-4.98335
-4.98335
-4.98335
-4.98335
-4.98335
-4.98335
-4.98335
-4.98335
-4.98335
-4.98335
-4.98335
-4.98335
-4.98335
-4.98335
-4.98335
-4.98335
-4.98335
-4.98335
-4.98335
-4.98335
-4.98335
-4.98335
-4.98335
-4.98335
-4.98335
-4.98335
-4.98335
-4.98335
-4.98335
-4.98335
-4.98335
-4.98335
-4.98335
-4.98335
-4.98335
-4.98335
-4.98335
-4.98335
-4.98335
-4.98335
-4.98335
-4.98335
-4.98335
-4.98335
-4.98335
-4.98335
-4.98335
-4.98335
-4.98335
-4.98335
-4.98335
-4.98335
-4.98335
-4.98335
-4.98335
-4.98335
-4.98335
-4.98335
-4.98335
-4.98335
-4.98335
-4.98335
-4.98335
-4.98335
-4.98335
-4.98335
-4.98335
-4.98335
-4.98335
-4.98335
-4.98335
-4.98335
-4.98335
-4.98335
-4.98335
-4.98335
-4.98335
-4.98335
-4.98335
-4.98335
-4.98335
-4.98335
-4.98335
-4.98335
-4.98335
-4.98335
-4.98335
-4.98335
-4.98335
-4.98335
-4.98335
-4.98335
-4.98335
-4.98335
-4.98335
-4.98335
-4.98335
-4.98335
-4.98335
-4.98335
-4.98335
-4.98335
-4.98335
-4.98335
-4.98335
-4.98335
-4.98335
-4.98335
-4.98335
-4.98335
-4.98335
-4.98335
-4.98335
-4.98335
-4.98335
-4.98335
-4.98335
-4.98335
-4.98335
-4.98335
-4.98335
-4.98335
-4.98335
-4.98335
-4.98335
-4.98335
-4.98335
-4.98335
-4.98335
-4.98335
-4.98335
-4.98335
-4.98335
-4.98335
-4.98335
-4.98335
-4.98335
-4.98335
-4.98335
-4.98335
-4.98335
-4.98335
-4.98335
-4.98335
-4.98335
-4.98335
-4.98335
-4.98335
-4.98335
-4.98335
-4.98335
-4.98335
-4.98335
-4.98335
-4.98335
-4.98335
-4.98335
-4.98335
-4.98335
-4.98335
-4.98335
-4.98335
-4.98335
-4.98335
-4.98335
-4.98335
-4.98335
-4.98335
-4.98335
-4.98335
-4.98335
-4.98335
-4.98335
-4.98335
-4.98335
-4.98335
-4.98335
-4.98335
-4.98335
-4.98335
-4.98335
-4.98335
-4.98335
-4.98335
-4.98335
-4.98335
-4.98335
-4.98335
-4.98335
-4.98335
-4.98335
-4.98335
-4.98335
-4.98335
-4.98335
-4.98335
-4.98335
-4.98335
-4.98335
-4.98335
-4.98335
-4.98335
-4.98335
-4.98335
-4.98335
-4.98335
-4.98335
-4.98335
-4.98335
-4.98335
-4.98335
-4.98335
-4.98335
-4.98335
-4.98335
-4.98335
-4.98335
-4.98335
-4.98335
-4.98335
-4.98335
-4.98335
-4.98335
-4.98335
-4.98335
-4.98335
-4.98335
-4.98335
-4.98335
-4.98335
-4.98335
-4.98335
-4.98335
-4.98335
-4.98335
-4.98335
-4.98335
-4.98335
-4.98335
-4.98335
-4.98335
-4.98335
-4.98335
-4.98335
-4.98335
-4.98335
-4.98335
-4.98335
-4.98335
-4.98335
-4.98335
-4.98335
-4.98335
-4.98335
-4.98335
-4.98335
-4.98335
-4.98335
-4.98335
-4.98335
-4.98335
-4.98335
-4.98335
-4.98335
-4.98335
-4.98335
-4.98335
-4.98335
-4.98335
-4.98335
-4.98335
-4.98335
-4.98335
-4.98335
-4.98335
-4.98335
-4.98335
-4.98335
-4.98335
-4.98335
-4.98335
-4.98335
-4.98335
-4.98335
-4.98335
-4.98335
-4.98335
-4.98335
-4.98335
-4.98335
-4.98335
-4.98335
-4.98335
-4.98335
-4.98335
-4.98335
-4.98335
-4.98335
-4.98335
-4.98335
-4.98335
-4.98335
-4.98335
-4.98335
-4.98335
-4.98335
-4.98335
-4.98335
-4.98335
-4.98335
-4.98335
-4.98335
-4.98335
-4.98335
-4.98335
-4.98335
-4.98335
-4.98335
-4.98335
-4.98335
-4.98335
-4.98335
-4.98335
-4.98335
-4.98335
-4.98335
-4.98335
-4.98335
-4.98335
-4.98335
-4.98335
-4.98335
-4.98335
-4.98335
-4.98335
-4.98335
-4.98335
-4.98335
-4.98335
-4.98335
-4.98335
-4.98335
-4.98335
-4.98335
-4.98335
-4.98335
-4.98335
-4.98335
-4.98335
-4.98335
-4.98335
-4.98335
-4.98335
-4.98335
-4.98335
-4.98335
-4.98335
-4.98335
-4.98335
-4.98335
-4.98335
-4.98335
-4.98335
-4.98335
-4.98335
-4.98335
-4.98335
-4.98335
-4.98335
-4.98335
-4.98335
-4.98335
-4.98335
-4.98335
-4.98335
-4.98335
-4.98335
-4.98335
-4.98335
-4.98335
-4.98335
-4.98335
-4.98335
-4.98335
-4.98335
-4.98335
-4.98335
-4.98335
-4.98335
-4.98335
-4.98335
-4.98335
-4.98335
-4.98335
-4.98335
-4.98335
-4.98335
-4.98335
-4.98335
-4.98335
-4.98335
-4.98335
-4.98335
-4.98335
-4.98335
-4.98335
-4.98335
-4.98335
-4.98335
-4.98335
-4.98335
-4.98335
-4.98335
-4.98335
-4.98335
-4.98335
-4.98335
-4.98335
-4.98335
-4.98335
-4.98335
-4.98335
-4.98335
-4.98335
-4.98335
-4.98335
-4.98335
-4.98335
-4.98335
-4.98335
-4.98335
-4.98335
-4.98335
-4.98335
-4.98335
-4.98335
-4.98335
-4.98335
-4.98335
-4.98335
-4.98335
-4.98335
-4.98335
-4.98335
-4.98335
-4.98335
-4.98335
-4.98335
-4.98335
-4.98335
-4.98335
-4.98335
-4.98335
-4.98335
-4.98335
-4.98335
-4.98335
-4.98335
-4.98335
-4.98335
-4.98335
-4.98335
-4.98335
-4.98335
-4.98335
-4.98335
-4.98335
-4.98335
-4.98335
-4.98335
-4.98335
-4.98335
-4.98335
-4.98335
-4.98335
-4.98335
-4.98335
-4.98335
-4.98335
-4.98335
-4.98335
-4.98335
-4.98335
-4.98335
-4.98335
-4.98335
-4.98335
-4.98335
-4.98335
-4.98335
-4.98335
-4.98335
-4.98335
-4.98335
-4.98335
-4.98335
-4.98335
-4.98335
-4.98335
-4.98335
-4.98335
-4.98335
-4.98335
-4.98335
-4.98335
-4.98335
-4.98335
-4.98335
-4.98335
-4.98335
-4.98335
-4.98335
-4.98335
-4.98335
-4.98335
-4.98335
-4.98335
-4.98335
-4.98335
-4.98335
-4.98335
-4.98335
-4.98335
-4.98335
-4.98335
-4.98335
-4.98335
-4.98335
-4.98335
-4.98335
-4.98335
-4.98335
-4.98335
-4.98335
-4.98335
-4.98335
-4.98335
-4.98335
-4.98335
-4.98335
-4.98335
-4.98335
-4.98335
-4.98335
-4.98335
-4.98335
-4.98335
-4.98335
-4.98335
-4.98335
-4.98335
-4.98335
-4.98335
-4.98335
-4.98335
-4.98335
-4.98335
-4.98335
-4.98335
-4.98335
-4.98335
-4.98335
-4.98335
-4.98335
-4.98335
-4.98335
-4.98335
-4.98335
-4.98335
-4.98335
-4.98335
-4.98335
-4.98335
-4.98335
-4.98335
-4.98335
-4.98335
-4.98335
-4.98335
-4.98335
-4.98335
-4.98335
-4.98335
-4.98335
-4.98335
-4.98335
-4.98335
-4.98335
-4.98335
-4.98335
-4.98335
-4.98335
-4.98335
-4.98335
-4.98335
-4.98335
-4.98335
-4.98335
-4.98335
-4.98335
-4.98335
-4.98335
-4.98335
-4.98335
-4.98335
-4.98335
-4.98335
-4.98335
-4.98335
-4.98335
-4.98335
-4.98335
-4.98335
-4.98335
-4.98335
-4.98335
-4.98335
-4.98335
-4.98335
-4.98335
-4.98335
-4.98335
-4.98335
-4.98335
-4.98335
-4.98335
-4.98335
-4.98335
-4.98335
-4.98335
-4.98335
-4.98335
-4.98335
-4.98335
-4.98335
-4.98335
-4.98335
-4.98335
-4.98335
-4.98335
-4.98335
-4.98335
-4.98335
-4.98335
-4.98335
-4.98335
-4.98335
-4.98335
-4.98335
-4.98335
-4.98335
-4.98335
-4.98335
-4.98335
-4.98335
-4.98335
-4.98335
-4.98335
-4.98335
-4.98335
-4.98335
-4.98335
-4.98335
-4.98335
-4.98335
-4.98335
-4.98335
-4.98335
-4.98335
-4.98335
-4.98335
-4.98335
-4.98335
-4.98335
-4.98335
-4.98335
-4.98335
-4.98335
-4.98335
-4.98335
-4.98335
-4.98335
-4.98335
-4.98335
-4.98335
-4.98335
-4.98335
-4.98335
-4.98335
-4.98335
-4.98335
-4.98335
-4.98335
-4.98335
-4.98335
-4.98335
-4.98335
-4.98335
-4.98335
-4.98335
-4.98335
-4.98335
-4.98335
-4.98335
-4.98335
-4.98335
-4.98335
-4.98335
-4.98335
-4.98335
-4.98335
-4.98335
-4.98335
-4.98335
-4.98335
-4.98335
-4.98335
-4.98335
-4.98335
-4.98335
-4.98335
-4.98335
-4.98335
-4.98335
-4.98335
-4.98335
-4.98335
-4.98335
-4.98335
-4.98335
-4.98335
-4.98335
-4.98335
-4.98335
-4.98335
-4.98335
-4.98335
-4.98335
-4.98335
-4.98335
-4.98335
-4.98335
-4.98335
-4.98335
-4.98335
-4.98335
-4.98335
-4.98335
-4.98335
-4.98335
-4.98335
-4.98335
-4.98335
-4.98335
-4.98335
-4.98335
-4.98335
-4.98335
-4.98335
-4.98335
-4.98335
-4.98335
-4.98335
-4.98335
-4.98335
-4.98335
-4.98335
-4.98335
-4.98335
-4.98335
-4.98335
-4.98335
-4.98335
-4.98335
-4.98335
-4.98335
-4.98335
-4.98335
-4.98335
-4.98335
-4.98335
-4.98335
-4.98335
-4.98335
-4.98335
-4.98335
-4.98335
-4.98335
-4.98335
-4.98335
-4.98335
-4.98335
-4.98335
-4.98335
-4.98335
-4.98335
-4.98335
-4.98335
-4.98335
-4.98335
-4.98335
-4.98335
-4.98335
-4.98335
-4.98335
-4.98335
-4.98335
-4.98335
-4.98335
-4.98335
-4.98335
-4.98335
-4.98335
-4.98335
-4.98335
-4.98335
-4.98335
-4.98335
-4.98335
-4.98335
-4.98335
-4.98335
-4.98335
-4.98335
-4.98335
-4.98335
-4.98335
-4.98335
-4.98335
-4.98335
-4.98335
-4.98335
-4.98335
-4.98335
-4.98335
-4.98335
-4.98335
-4.98335
-4.98335
-4.98335
-4.98335
-4.98335
-4.98335
-4.98335
-4.98335
-4.98335
-4.98335
-4.98335
-4.98335
-4.98335
-4.98335
-4.98335
-4.98335
-4.98335
-4.98335
-4.98335
-4.98335
-4.98335
-4.98335
-4.98335
-4.98335
-4.98335
-4.98335
-4.98335
-4.98335
-4.98335
-4.98335
-4.98335
-4.98335
-4.98335
-4.98335
-4.98335
-4.98335
-4.98335
-4.98335
-4.98335
-4.98335
-4.98335
-4.98335
-4.98335
-4.98335
-4.98335
-4.98335
-4.98335
-4.98335
-4.98335
-4.98335
-4.98335
-4.98335
-4.98335
-4.98335
-4.98335
-4.98335
-4.98335
-4.98335
-4.98335
-4.98335
-4.98335
-4.98335
-4.98335
-4.98335
-4.98335
-4.98335
-4.98335
-4.98335
-4.98335
-4.98335
-4.98335
-4.98335
-4.98335
-4.98335
-4.98335
-4.98335
-4.98335
-4.98335
-4.98335
-4.98335
-4.98335
-4.98335
-4.98335
-4.98335
-4.98335
-4.98335
-4.98335
-4.98335
-4.98335
-4.98335
-4.98335
-4.98335
-4.98335
-4.98335
-4.98335
-4.98335
-4.98335
-4.98335
-4.98335
-4.98335
-4.98335
-4.98335
-4.98335
-4.98335
-4.98335
-4.98335
-4.98335
-4.98335
-4.98335
-4.98335
-4.98335
-4.98335
-4.98335
-4.98335
-4.98335
-4.98335
-4.98335
-4.98335
-4.98335
-4.98335
-4.98335
-4.98335
-4.98335
-4.98335
-4.98335
-4.98335
-4.98335
-4.98335
-4.98335
-4.98335
-4.98335
-4.98335
-4.98335
-4.98335
-4.98335
-4.98335
-4.98335
-4.98335
-4.98335
-4.98335
-4.98335
-4.98335
-4.98335
-4.98335
-4.98335
-4.98335
-4.98335
-4.98335
-4.98335
-4.98335
-4.98335
-4.98335
-4.98335
-4.98335
-4.98335
-4.98335
-4.98335
-4.98335
-4.98335
-4.98335
-4.98335
-4.98335
-4.98335
-4.98335
-4.98335
-4.98335
-4.98335
-4.98335
-4.98335
-4.98335
-4.98335
-4.98335
-4.98335
-4.98335
-4.98335
-4.98335
-4.98335
-4.98335
-4.98335
-4.98335
-4.98335
-4.98335
-4.98335
-4.98335
-4.98335
-4.98335
-4.98335
-4.98335
-4.98335
-4.98335
-4.98335
-4.98335
-4.98335
-4.98335
-4.98335
-4.98335
-4.98335
-4.98335
-4.98335
-4.98335
-4.98335
-4.98335
-4.98335
0.116853
0.116975
0.116434
0.115737
0.115899
0.115378
0.115643
0.115639
0.115411
0.114397
0.113663
0.113122
0.112611
0.112971
0.112698
0.111868
0.111936
0.105021
0.104783
0.104238
0.103985
0.103761
0.103591
0.102812
0.102591
0.102323
0.102335
0.101531
0.0999571
0.0931299
0.0927527
0.0927373
0.0925779
0.0920959
0.091604
0.091096
0.0906791
0.0904298
0.0900177
0.0896583
0.0894703
0.0892156
0.0888214
0.0885942
0.08787
0.0871267
0.0798216
0.0797376
0.0795305
0.0791167
0.0786071
0.0783223
0.0778658
0.0774156
0.0774388
0.0772558
0.0768528
0.0764874
0.0761607
0.0759378
0.0756976
0.0748466
0.0743254
0.0683148
0.0679622
0.0681246
0.067756
0.0673077
0.0668614
0.0665831
0.066303
0.0660587
0.0657239
0.0654766
0.0651796
0.0649287
0.0646956
0.0643068
0.0638986
0.0634987
0.0593544
0.0590864
0.0587468
0.0585035
0.0582737
0.0580031
0.0577245
0.0576605
0.0574383
0.057195
0.0569415
0.0566774
0.0489005
0.0487348
0.0486298
0.0484305
0.0482556
0.0480702
0.0478895
0.0477159
0.0475519
0.0474005
0.0472668
0.0469843
0.0469214
0.0467267
0.0465646
0.0463955
0.046229
0.0460552
0.0458983
0.0457324
0.0455804
0.0453852
0.0452259
0.0450515
0.0448981
0.0447348
0.044568
0.0444091
0.0442419
0.0440704
0.0439067
0.0437646
0.0435881
0.0434145
0.0432535
0.0430875
0.0429352
0.0427777
0.0426137
0.0424609
0.0423092
0.0421543
0.0419938
0.0418398
0.0415687
0.0414231
0.0412557
0.0410912
0.0409995
0.0408385
0.040687
0.0405846
0.0404438
0.0402967
0.0401488
0.0399959
0.0398462
0.0396981
0.0395505
0.0394067
0.0392637
0.0391247
0.0389754
0.0388251
0.0386817
0.038539
0.0383863
0.038246
0.0380931
0.0379543
0.0378046
0.037667
0.0375276
0.0373739
0.0372336
0.0370984
0.0369652
0.0368245
0.0366684
0.0365298
0.0363865
0.0362468
0.0361024
0.0359737
0.0358228
0.0356877
0.0355535
0.0354095
0.0352818
0.0351445
0.0349978
0.0348679
0.0347384
0.0346043
0.03447
0.0343164
0.0341871
0.0340479
0.0339126
0.0337759
0.0336409
0.0335144
0.0333853
0.0332538
0.0331179
0.0329821
0.0328509
0.0327162
0.0325931
0.0324623
0.0323217
0.0321843
0.0320488
0.0319214
0.0317937
0.0316746
0.0315511
0.031429
0.0313001
0.0311649
0.0310406
0.0309039
0.0308084
0.0306809
0.0305574
0.030426
0.0302814
0.0301597
0.0300374
0.0298998
0.029787
0.0296654
0.0295547
0.0294289
0.0293085
0.0291911
0.0290815
0.028958
0.0288299
0.028721
0.0285983
0.0284797
0.0283645
0.0282195
0.0281011
0.0279772
0.027858
0.0277498
0.0276328
0.0275239
0.0274048
0.0272897
0.0271834
0.0270621
0.0269524
0.0268315
0.0267082
0.0265954
0.0264817
0.0263652
0.0262049
0.0261069
0.0260042
0.0258803
0.0257746
0.0256627
0.0255546
0.0254445
0.0253356
0.0252191
0.0251156
0.0250132
0.0249074
0.0248035
0.0246885
0.0246217
0.0245152
0.0244116
0.0243018
0.024193
0.0240824
0.0239569
0.0238541
0.0237524
0.0236465
0.0235431
0.0234416
0.0233664
0.0232612
0.0231577
0.023056
0.0229609
0.0228633
0.0227639
0.0226588
0.0225823
0.0224443
0.0223462
0.0222417
0.0221423
0.0220509
0.0219903
0.0218837
0.0217876
0.021685
0.0215857
0.0214891
0.021396
0.0212992
0.0212079
0.0211114
0.0210166
0.0209208
0.0208246
0.0207283
0.02064
0.0205445
0.0204442
0.0203542
0.0202577
0.0201592
0.0200708
0.0199789
0.0198907
0.0197983
0.0197115
0.0196203
0.0195345
0.0194359
0.0193467
0.0192509
0.0191745
0.0190863
0.0189993
0.0189069
0.0188162
0.0187304
0.0186431
0.0185565
0.0184772
0.0183893
0.0183015
0.0182105
0.0181273
0.0180403
0.0179538
0.017869
0.0177882
0.0176946
0.0175993
0.0175219
0.0174439
0.017362
0.0172748
0.0171686
0.0170908
0.0170083
0.0169425
0.0168576
0.0167804
0.0167018
0.0166236
0.0165467
0.016469
0.0163959
0.0163086
0.0162128
0.0161373
0.0160627
0.0159895
0.0159325
0.0158518
0.0157736
0.0156893
0.0156148
0.0155397
0.0154625
0.0153838
0.015338
0.015263
0.015187
0.0151174
0.015044
0.0149625
0.014889
0.0148166
0.0147413
0.0146646
0.0145938
0.0145102
0.0144377
0.0143639
0.014288
0.0142204
0.0141393
0.01407
0.0139994
0.0139257
0.0138589
0.0137806
0.0137126
0.0136425
0.0135704
0.0134964
0.0134356
0.0133602
0.0132935
0.0132192
0.0131477
0.0130687
0.0129971
0.0129292
0.0128622
0.0127911
0.0127328
0.0126602
0.0125941
0.0125268
0.0124572
0.012393
0.012319
0.0122487
0.0121875
0.0121202
0.0120277
0.0119626
0.0118975
0.0118348
0.0117681
0.0117038
0.0116135
0.0115427
0.0114748
0.0114287
0.0113662
0.0113001
0.0112368
0.0111752
0.0111267
0.0110667
0.0110198
0.010961
0.0108981
0.0108405
0.0107783
0.0107139
0.0106527
0.0105875
0.0105315
0.0104657
0.0104054
0.0103407
0.0102829
0.0102162
0.0101575
0.0100955
0.0100397
0.0099841
0.00992248
0.009864
0.00981411
0.00975771
0.00969634
0.00964134
0.00954779
0.00948536
0.00942387
0.00937003
0.00931566
0.00927468
0.00921443
0.00916242
0.00910103
0.0090481
0.00899271
0.0089652
0.0089108
0.0088522
0.0088005
0.00875628
0.00869601
0.0086339
0.00858443
0.00853757
0.00848841
0.00843592
0.00838921
0.00833872
0.00828222
0.00823375
0.00818175
0.00813005
0.00807884
0.00802454
0.00797431
0.00791518
0.00785869
0.00781145
0.00776347
0.00772051
0.00767593
0.00762644
0.0075818
0.00753635
0.00748797
0.00743933
0.00739327
0.00734361
0.0072984
0.00725263
0.00720596
0.00714925
0.00710555
0.00706947
0.00701975
0.00698718
0.00694455
0.00689837
0.00685238
0.00680936
0.00676566
0.00671735
0.00667747
0.00662919
0.00658761
0.00653969
0.0064933
0.00645333
0.00641313
0.00636798
0.00632696
0.00628546
0.00624188
0.00620162
0.0061588
0.00612028
0.00607962
0.00603424
0.00599365
0.00594988
0.00588328
0.00584511
0.00581812
0.00577673
0.00573959
0.00569924
0.00566181
0.00562296
0.0055805
0.00554252
0.00550473
0.0054647
0.00542806
0.00538391
0.0053459
0.00530705
0.00526923
0.00523061
0.0051946
0.00515556
0.00511785
0.0050811
0.00504485
0.00500919
0.00497174
0.00493667
0.00489881
0.0048596
0.00482254
0.00478457
0.00475303
0.00471683
0.00467898
0.004647
0.00461258
0.00457872
0.00454397
0.00451371
0.00447811
0.00444524
0.0044082
0.00437294
0.00433803
0.00430118
0.00426737
0.00423267
0.00420143
0.0041695
0.00413734
0.00410261
0.00406907
0.00403708
0.00400662
0.00397267
0.00394011
0.00390083
0.0038711
0.00384088
0.00380652
0.00377623
0.00374802
0.00371666
0.00368583
0.00365389
0.00362517
0.00359614
0.00356505
0.00353543
0.00350683
0.003473
0.00344369
0.00341366
0.00338304
0.00335153
0.00332465
0.00328989
0.00326267
0.0032351
0.00320932
0.00317832
0.00315076
0.003123
0.00309437
0.00306679
0.00303956
0.00301115
0.00298459
0.00295322
0.00291778
0.00289072
0.00287227
0.00284052
0.00281549
0.00279024
0.00276648
0.00274168
0.00271751
0.00269115
0.00266272
0.00263834
0.00261441
0.00258615
0.00256061
0.00253427
0.0025056
0.00247948
0.00246512
0.00243757
0.00240907
0.00237922
0.00236256
0.0023386
0.00231493
0.0022915
0.00226884
0.00224854
0.00222538
0.00219833
0.00217335
0.00214474
0.00212167
0.00209855
0.00207158
0.00204855
0.0020463
0.00200557
0.00198457
0.00196301
0.00193133
0.00190826
0.00188666
0.00186925
0.00184757
0.00182483
0.00180105
0.0017803
0.0017584
0.00173373
0.00171402
0.00169082
0.00166998
0.00164493
0.00162268
0.00160346
0.00158316
0.00156525
0.00153612
0.00152533
0.00150396
0.00148489
0.00146408
0.00144136
0.00142863
0.00140817
0.00138759
0.00136776
0.00134755
0.00132601
0.00131863
0.00128288
0.00126329
0.00124476
0.00122565
0.00120713
0.00118879
0.00116734
0.00114823
0.00112405
0.0011064
0.0010824
0.00106428
0.00104517
0.0010298
0.00101269
0.00100049
0.000971672
0.000962046
0.000945237
0.000927805
0.000907854
0.000889818
0.000872609
0.000856005
0.000838313
0.000823225
0.000805537
0.000787587
0.000763582
0.000747782
0.000728132
0.000715953
0.000699067
0.000691355
0.000666026
0.000649052
0.00063125
0.000614346
0.000597422
0.000581624
0.000564619
0.000548787
0.00053156
0.000514679
0.000495429
0.000481311
0.0004624
0.000446832
0.000431882
0.000424822
0.00041451
0.000382137
0.000366861
0.000351493
0.000336286
0.000321636
0.000306748
0.000291379
0.000275538
0.000258962
0.000244567
0.000229809
0.000214889
0.000198756
0.00018415
0.000178216
0.000153817
0.000141033
0.000123693
0.000112013
9.87994e-05
8.2933e-05
7.01812e-05
5.68473e-05
4.34937e-05
3.04404e-05
1.71272e-05
3.56244e-06
-1.02395e-05
-2.67442e-05
-4.07608e-05
-5.18874e-05
-5.42904e-05
-7.79457e-05
-8.93647e-05
-0.000103904
-0.00011321
-0.000127196
-0.000136917
-0.000148807
-0.000160724
-0.000173417
-0.00018561
-0.000198021
-0.00021269
-0.000224008
-0.000235817
-0.000245754
-0.000243639
-0.000272054
-0.000279928
-0.000290958
-0.000301077
-0.000313848
-0.000321468
-0.000331476
-0.000336258
-0.000346627
-0.000357675
-0.000370042
-0.00038049
-0.00038844
-0.000398442
-0.000408228
-0.000405245
-0.000411833
-0.000439566
-0.000448916
-0.000455223
-0.000465535
-0.000473959
-0.000481917
-0.000487492
-0.000498564
-0.000507356
-0.00051579
-0.000524263
-0.000532599
-0.000541009
-0.000549251
-0.000557185
-0.000563996
-0.000557918
-0.000579543
-0.000584728
-0.000593034
-0.000599348
-0.000605232
-0.000611474
-0.000618046
-0.000624199
-0.000630137
-0.00063668
-0.000642784
-0.000649199
-0.000655169
-0.000662647
-0.000668052
-0.000675042
-0.000681189
-0.000685467
-0.000690031
-0.000691968
-0.000698995
-0.000703305
-0.000707891
-0.000712559
-0.000718218
-0.000722448
-0.00072658
-0.000729881
-0.000734484
-0.000737266
-0.000741094
-0.000747084
-0.000708701
-0.000753595
-0.00075598
-0.000758427
-0.000760801
-0.000763679
-0.000766156
-0.000768331
-0.000770567
-0.000772463
-0.000774869
-0.000775458
-0.000779867
-0.000781714
-0.000784458
-0.000786735
-0.000770643
-0.00077592
-0.000792001
-0.000792514
-0.000792981
-0.0007936
-0.000794056
-0.000792431
-0.000795128
-0.000795638
-0.000796102
-0.000796661
-0.000797154
-0.00079761
-0.0007977
-0.000797939
-0.000798769
-0.000799703
-0.000799715
-0.000798196
-0.000794701
-0.00079344
-0.000794445
-0.000793021
-0.000791848
-0.000790637
-0.00078937
-0.000788102
-0.000786718
-0.000783065
-0.000781707
-0.000782487
-0.00076748
-0.000764884
-0.00077547
-0.000770357
-0.000769254
-0.000765774
-0.000762152
-0.000755806
-0.000752077
-0.00075005
-0.000746122
-0.000743162
-0.000738222
-0.000737198
-0.000720257
-0.000712594
-0.000725613
-0.000721218
-0.000716782
-0.000712437
-0.00070811
-0.000703812
-0.000699483
-0.000695121
-0.000690693
-0.000686472
-0.000682232
-0.000679929
-0.000673333
-0.00067121
-0.000664853
-0.000650831
-0.000645903
-0.000650403
-0.000644792
-0.000641145
-0.000635327
-0.000627479
-0.000621706
-0.000616172
-0.000610309
-0.000606545
-0.00059869
-0.000595012
-0.000587385
-0.000581322
-0.000575527
-0.000569507
-0.000555521
-0.000548423
-0.000551616
-0.000544728
-0.000538809
-0.00052985
-0.000522884
-0.000516261
-0.000509106
-0.000502524
-0.000495262
-0.000488962
-0.000481369
-0.000474916
-0.000468347
-0.000460639
-0.000453326
-0.000446431
-0.000430793
-0.000417538
-0.000423362
-0.000416279
-0.000406592
-0.000398682
-0.000389813
-0.00038248
-0.000374707
-0.000365035
-0.000356871
-0.000349028
-0.000340749
-0.000333289
-0.000325071
-0.000316665
-0.000308244
-0.000300523
-0.000272929
-0.000278975
-0.00026778
-0.000258084
-0.000248936
-0.000238944
-0.000229619
-0.000220509
-0.000207511
-0.000198311
-0.000187581
-0.000178444
-0.000169124
-0.000160018
-0.000148182
-0.000138781
-0.000129449
-0.000107663
-9.73134e-05
-0.000101722
-9.13439e-05
-8.01633e-05
-6.95741e-05
-5.64078e-05
-4.55629e-05
-3.86508e-05
-2.78772e-05
-1.69956e-05
-6.45204e-06
4.34758e-06
1.5455e-05
2.63827e-05
3.79672e-05
5.03652e-05
6.04246e-05
8.79322e-05
9.94247e-05
9.6154e-05
0.000107448
0.000122219
0.000133686
0.000147566
0.000160344
0.000171945
0.000185399
0.000199388
0.000212041
0.000224422
0.000236323
0.000251204
0.000262881
0.00027553
0.000288102
0.000317399
0.000332623
0.000331765
0.000346071
0.000361831
0.000376171
0.000390542
0.000404207
0.00041854
0.000431431
0.000446475
0.000462813
0.000478745
0.000492887
0.00050618
0.000514502
0.000528207
0.00054349
0.000572243
0.000588003
0.000597733
0.000601336
0.000616877
0.000632363
0.000649922
0.000665162
0.000687961
0.000705459
0.000721738
0.000738235
0.000753578
0.000769018
0.000784069
0.00080156
0.000814785
0.000832544
0.000847951
0.000876338
0.000898259
0.000901542
0.00091971
0.000936056
0.00095461
0.000974055
0.000989898
0.000999347
0.00101522
0.00103272
0.00105022
0.00106625
0.0010875
0.00110421
0.00112172
0.00113921
0.00115723
0.00117647
0.0012108
0.00121521
0.00123478
0.00125439
0.00127423
0.00129237
0.00131122
0.00132903
0.00134608
0.00136797
0.00138443
0.00140565
0.00142536
0.00144549
0.00146762
0.00148211
0.00150386
0.00152504
0.00156181
0.00156836
0.00158885
0.00160784
0.00162747
0.00164743
0.00166718
0.00168821
0.00170852
0.00173082
0.00175515
0.00177436
0.00179508
0.00181443
0.00183548
0.00185589
0.00187699
0.00189844
0.00193646
0.00195489
0.00196346
0.00198521
0.00200629
0.00202869
0.00205119
0.00207693
0.00209719
0.00212162
0.00214508
0.00216647
0.00218992
0.00221152
0.00223481
0.00225632
0.00227795
0.00230331
0.0023453
0.0023681
0.00239177
0.00239668
0.00242061
0.00244264
0.00246883
0.00249408
0.00251552
0.0025389
0.00256409
0.00258727
0.00260607
0.0026298
0.00265589
0.00267709
0.00270266
0.00272669
0.00275013
0.002782
0.00282295
0.00285151
0.00285724
0.00288468
0.0029093
0.00293365
0.0029494
0.00297331
0.00299973
0.0030276
0.00306077
0.00308588
0.00311331
0.00314232
0.003167
0.00319396
0.00321635
0.00324349
0.00327573
0.00329998
0.00334151
0.00337056
0.00338461
0.00341074
0.00343536
0.0034589
0.00348581
0.00351418
0.00354067
0.00356599
0.00359305
0.00362165
0.00364806
0.00367308
0.00369955
0.00372569
0.00375139
0.0037789
0.00380802
0.00383523
0.00388162
0.00390203
0.00393387
0.00394463
0.00397163
0.00399982
0.00402742
0.00405918
0.0040869
0.00411596
0.00414542
0.004174
0.00420426
0.00423036
0.00425768
0.00428669
0.00431681
0.00434858
0.00437398
0.00440155
0.00442987
0.00446048
0.00451248
0.00453725
0.00456789
0.00457383
0.00460509
0.00463861
0.00466963
0.00469986
0.00473251
0.00476155
0.00479391
0.00482189
0.00485469
0.00488222
0.00491428
0.00494257
0.00497472
0.00500901
0.00503448
0.00506744
0.005097
0.00512956
0.00515765
0.00521178
0.00523645
0.00524767
0.00528163
0.005312
0.00534356
0.00537739
0.00540685
0.0054414
0.00547155
0.00550364
0.00553383
0.00557024
0.00559825
0.00563643
0.00566988
0.00570225
0.00573376
0.00576756
0.00579917
0.00583156
0.00586238
0.00589455
0.00595314
0.00599232
0.00599959
0.00603569
0.00606548
0.00609796
0.00615444
0.00618781
0.00622152
0.00625756
0.00629271
0.00632507
0.00636118
0.00639217
0.00642476
0.00646057
0.00649902
0.00653045
0.00656318
0.00659543
0.00663049
0.00666934
0.00670532
0.00676782
0.00680386
0.00681288
0.00682633
0.0068616
0.00689847
0.00693475
0.00697243
0.00700956
0.00704365
0.0070812
0.00711585
0.00715373
0.00718957
0.0072271
0.00726473
0.00730152
0.00733855
0.00737148
0.00740629
0.00744367
0.00748044
0.00751456
0.00755243
0.0076124
0.00765391
0.0076654
0.0077066
0.0077482
0.0077815
0.00781856
0.0078553
0.00789272
0.00793106
0.0079751
0.00801209
0.00804899
0.00808876
0.00812777
0.00816635
0.00820363
0.00824688
0.00828376
0.00832044
0.00835911
0.00839921
0.00843208
0.00848925
0.00853222
0.00857036
0.00859255
0.00862989
0.0086691
0.00870731
0.00874879
0.00879431
0.00883323
0.00886929
0.00891479
0.00895335
0.00899464
0.00903227
0.00907456
0.00910868
0.00915032
0.00919584
0.00924072
0.0092722
0.00931722
0.00935615
0.00940244
0.00944166
0.00950148
0.00954864
0.00959186
0.00960701
0.00964918
0.00969515
0.00973674
0.0097805
0.00982261
0.00986379
0.00990519
0.00994642
0.0099894
0.0100302
0.0100715
0.0101152
0.0101561
0.0102
0.0102394
0.01028
0.0103769
0.0104171
0.0104601
0.0105086
0.0105735
0.010627
0.0106675
0.0107114
0.0107202
0.0107648
0.0108108
0.0108008
0.0108471
0.0108914
0.0109364
0.0109785
0.0110254
0.0110719
0.0111132
0.0111584
0.0111966
0.0112367
0.0112818
0.0113318
0.0113754
0.0114165
0.0114611
0.0115068
0.0115561
0.011599
0.0116444
0.011695
0.0117658
0.0118161
0.01186
0.0118719
0.0119213
0.0119647
0.0120112
0.012058
0.0121027
0.0121487
0.0121995
0.0122384
0.012287
0.0123339
0.0123859
0.0124303
0.0124766
0.0125238
0.0125725
0.0126192
0.0126687
0.0127172
0.0127604
0.0128085
0.0128581
0.0129034
0.0129904
0.0130437
0.0130908
0.0131434
0.0131529
0.0132035
0.0132553
0.0133094
0.0133588
0.0134076
0.0134402
0.0135014
0.013549
0.013603
0.0136562
0.0137072
0.0137587
0.0138063
0.0138541
0.0139015
0.0139556
0.0140057
0.014057
0.0140955
0.0141514
0.0143145
0.0143684
0.0144202
0.0144809
0.0144913
0.0145361
0.0145844
0.014657
0.0147079
0.0147034
0.0147555
0.0148044
0.0148692
0.0149303
0.0149802
0.0150378
0.0150974
0.0151542
0.0152069
0.0152461
0.0153035
0.0153493
0.0154011
0.0154649
0.0155165
0.0155707
0.0156288
0.0156735
0.015793
0.0158485
0.0158955
0.015961
0.0159656
0.0160329
0.0160806
0.0161411
0.0161906
0.0162468
0.016309
0.0163644
0.0164192
0.0164766
0.0165433
0.0166086
0.0166666
0.0167175
0.016777
0.0168311
0.0168939
0.0169476
0.0170019
0.0170605
0.0171159
0.0172266
0.0172723
0.0173475
0.0174103
0.0174216
0.0174818
0.0175434
0.0176248
0.0176844
0.0177463
0.0178175
0.0178734
0.017938
0.0180012
0.0180662
0.0181308
0.0181912
0.0182536
0.0183184
0.0183259
0.0183946
0.0184556
0.0185142
0.0185746
0.0186315
0.0186999
0.0188095
0.0188763
0.0189415
0.0190108
0.0190168
0.0190719
0.0191388
0.0191977
0.0192756
0.0193449
0.0194016
0.0194602
0.0195249
0.0195842
0.0196486
0.0197117
0.0197832
0.0198492
0.0199293
0.019994
0.0201081
0.0201734
0.0202463
0.020312
0.0203814
0.0204892
0.0205525
0.0205777
0.0206385
0.020666
0.0207339
0.0207994
0.0208659
0.0209283
0.0210009
0.0210794
0.0211469
0.0212182
0.0212862
0.0213502
0.0214273
0.0214988
0.0215757
0.0216457
0.0217556
0.0218357
0.0219127
0.0219866
0.022058
0.0221288
0.0222017
0.0222958
0.0223704
0.0224754
0.0224996
0.0225561
0.0226291
0.022697
0.0227733
0.022849
0.0228894
0.0229696
0.0230353
0.0231161
0.0231971
0.0232623
0.0233394
0.0234077
0.0234781
0.0235539
0.0236204
0.0237059
0.023753
0.0238259
0.0239076
0.0239801
0.0240389
0.0241145
0.0242407
0.0243223
0.024398
0.0244122
0.0244845
0.0245622
0.0246389
0.0247154
0.0247885
0.0248673
0.0249264
0.0249818
0.0250605
0.0251591
0.0252412
0.0253097
0.025383
0.025469
0.0255505
0.0256347
0.0257061
0.0257942
0.0258728
0.0259318
0.0260182
0.0260986
0.0262331
0.0263202
0.0263958
0.0264121
0.0264928
0.0265716
0.026642
0.0267201
0.0268088
0.026896
0.0269716
0.0270373
0.0271191
0.0271968
0.0272715
0.0273579
0.0274424
0.0275287
0.0276098
0.0276896
0.0277717
0.0278529
0.027933
0.0280108
0.0280938
0.0281804
0.0282612
0.0284106
0.0284907
0.0285005
0.028587
0.0286709
0.0287524
0.0288417
0.0289317
0.0290006
0.0290747
0.0291388
0.0292292
0.0293151
0.0293927
0.0294947
0.0295843
0.029657
0.029732
0.0298473
0.0299313
0.0300196
0.0301265
0.0302117
0.0302944
0.0303821
0.0304731
0.0306371
0.0307236
0.0308068
0.0308318
0.0309225
0.0310198
0.0310811
0.0311655
0.0312647
0.0313666
0.0314631
0.0315575
0.0316381
0.0317294
0.0318177
0.0319221
0.0320187
0.0320988
0.0321922
0.0322907
0.0323893
0.0324694
0.0325631
0.0326358
0.0327254
0.0328165
0.0329901
0.0330849
0.0331377
0.0331377
0.0332288
0.0333239
0.033421
0.0335141
0.0336298
0.0337444
0.0338117
0.0339125
0.0340147
0.034098
0.0342032
0.034285
0.0343882
0.034502
0.0346042
0.03471
0.0347952
0.0349112
0.0350175
0.0351026
0.0352012
0.035375
0.0354847
0.0355831
0.0356046
0.0357126
0.0358137
0.0359245
0.0360021
0.0361061
0.0362212
0.0363337
0.0364376
0.0365188
0.0366315
0.0367355
0.0368456
0.0369497
0.0370544
0.0371523
0.037241
0.037318
0.0374273
0.0375425
0.0376376
0.0377396
0.0378523
0.0380275
0.0381296
0.0382199
0.0382444
0.0383583
0.0384837
0.0385906
0.0386908
0.0388334
0.0389392
0.0390514
0.0391628
0.0392797
0.039378
0.0395056
0.0396107
0.0397209
0.0398486
0.0399553
0.0400457
0.0401607
0.0402659
0.0403899
0.0405153
0.040719
0.0408124
0.0408168
0.0409481
0.0410545
0.0411413
0.0412673
0.0414129
0.0415522
0.0416711
0.0417906
0.0419095
0.0420029
0.0421576
0.0423042
0.0423822
0.0425074
0.0426313
0.0427621
0.042883
0.0429935
0.0430983
0.0431689
0.0432646
0.0433858
0.043617
0.0437254
0.0438393
0.0438604
0.0440084
0.0441283
0.0442869
0.0443436
0.0444495
0.0445866
0.0447259
0.0448531
0.0449924
0.0451163
0.0452362
0.0453652
0.0454725
0.0456002
0.0457606
0.0459007
0.0460237
0.0461925
0.0462978
0.0463752
0.0464783
0.0467443
0.046819
0.0469564
0.0470911
0.0471658
0.0472967
0.0474838
0.0476207
0.0477196
0.0478782
0.0480006
0.0481439
0.0482923
0.0484263
0.0485539
0.0486915
0.0488344
0.0489716
0.0491077
0.0492027
0.0493171
0.0494268
0.0495184
0.0498262
0.0499425
0.0500972
0.0500609
0.0502286
0.0503804
0.0505812
0.0507335
0.0509213
0.0510765
0.0511857
0.0514086
0.0515321
0.0516572
0.0518253
0.0519803
0.0521351
0.0522883
0.0524494
0.0525938
0.0527027
0.0528722
0.0589114
0.0591628
0.0605488
0.060938
0.0610017
0.0613155
0.0615599
0.0617571
0.0620343
0.0624874
0.0624954
0.062826
0.0631467
0.0633974
0.0637902
0.0641194
0.0641513
0.064501
0.0647993
0.0650983
0.0659714
0.0816099
0.0820938
0.0920323
0.0920387
0.09144
0.091411
0.0922765
0.0922023
0.0928772
0.0939173
0.0939516
0.0949983
0.0956776
0.0966915
0.097435
0.0988184
0.1003
0.10086
0.102831
0.103477
0.105486
0.107218
0.128528
0.164276
0.161663
0.161377
0.162236
0.160827
0.162471
0.164224
0.164551
0.167044
0.168421
0.171371
0.172728
0.173816
0.17446
0.179719
0.182355
0.186159
0.189094
0.152403
0.152848
0.212129
0.208108
0.206719
0.203756
0.203257
0.200989
0.201214
0.202714
0.203261
0.204928
0.207142
0.210168
0.210134
0.162263
0.165415
0.166112
0.169241
0.127155
0.165493
0.163141
0.160165
0.158438
0.157248
0.155899
0.157662
0.157241
0.158529
