-0.309486
-0.309468
-0.309448
-0.309429
-0.30941
-0.309391
-0.309372
-0.309352
-0.309333
-0.309314
-0.309295
-0.309276
-0.309257
-0.309237
-0.309218
-0.309199
-0.30918
-0.309161
-0.309141
-0.309122
-0.309103
-0.309084
-0.309065
-0.309045
-0.309026
-0.309007
-0.308988
-0.308969
-0.308949
-0.30893
-0.308911
-0.308892
-0.308873
-0.308854
-0.308834
-0.308815
-0.308796
-0.308777
-0.308758
-0.308738
-0.308719
-0.3087
-0.308681
-0.308662
-0.308642
-0.308623
-0.308604
-0.308585
-0.308566
-0.308546
-0.308527
-0.308508
-0.308489
-0.30847
-0.30845
-0.308431
-0.308412
-0.308393
-0.308374
-0.308355
-0.308335
-0.308316
-0.308297
-0.308278
-0.308259
-0.308239
-0.30822
-0.308201
-0.308182
-0.308163
-0.308143
-0.308124
-0.308105
-0.308086
-0.308067
-0.308047
-0.308028
-0.308009
-0.30799
-0.307971
-0.307951
-0.307932
-0.307913
-0.307894
-0.307875
-0.307856
-0.307836
-0.307817
-0.307798
-0.307779
-0.30776
-0.30774
-0.307721
-0.307702
-0.307683
-0.307664
-0.307644
-0.307625
-0.307606
-0.307587
-0.307568
-0.307548
-0.307529
-0.30751
-0.307491
-0.307472
-0.307453
-0.307433
-0.307414
-0.307395
-0.307376
-0.307357
-0.307337
-0.307318
-0.307299
-0.30728
-0.307261
-0.307241
-0.307222
-0.307203
-0.307184
-0.307165
-0.307145
-0.307126
-0.307107
-0.307088
-0.307069
-0.307049
-0.30703
-0.307011
-0.306992
-0.306973
-0.306954
-0.306934
-0.306915
-0.306896
-0.306877
-0.306858
-0.306838
-0.306819
-0.3068
-0.306781
-0.306762
-0.306742
-0.306723
-0.306704
-0.306685
-0.306666
-0.306646
-0.306627
-0.306608
-0.306589
-0.30657
-0.30655
-0.306531
-0.306512
-0.306493
-0.306474
-0.306455
-0.306435
-0.306416
-0.306397
-0.306378
-0.306359
-0.306339
-0.30632
-0.306301
-0.306282
-0.306263
-0.306243
-0.306224
-0.306205
-0.306186
-0.306167
-0.306147
-0.306128
-0.306109
-0.30609
-0.306071
-0.306052
-0.306032
-0.306013
-0.305994
-0.305975
-0.305956
-0.305936
-0.305917
-0.305898
-0.305879
-0.30586
-0.30584
-0.305821
-0.305802
-0.305783
-0.305764
-0.305744
-0.305725
-0.305706
-0.305687
-0.305668
-0.305648
-0.305629
-0.30561
-0.305591
-0.305572
-0.305553
-0.305533
-0.305514
-0.305495
-0.305476
-0.305457
-0.305437
-0.305418
-0.305399
-0.30538
-0.305361
-0.305341
-0.305322
-0.305303
-0.305284
-0.305265
-0.305245
-0.305226
-0.305207
-0.305188
-0.305169
-0.30515
-0.30513
-0.305111
-0.305092
-0.305073
-0.305054
-0.305034
-0.305015
-0.304996
-0.304977
-0.304958
-0.304938
-0.304919
-0.3049
-0.304881
-0.304862
-0.304842
-0.304823
-0.304804
-0.304785
-0.304766
-0.304746
-0.304727
-0.304708
-0.304689
-0.30467
-0.304651
-0.304631
-0.304612
-0.304593
-0.304574
-0.304555
-0.304535
-0.304516
-0.304497
-0.304478
-0.304459
-0.304439
-0.30442
-0.304401
-0.304382
-0.304363
-0.304343
-0.304324
-0.304305
-0.304286
-0.304267
-0.304247
-0.304228
-0.304209
-0.30419
-0.304171
-0.304152
-0.304132
-0.304113
-0.304094
-0.304075
-0.304056
-0.304036
-0.304017
-0.303998
-0.303979
-0.30396
-0.30394
-0.303921
-0.303902
-0.303883
-0.303864
-0.303844
-0.303825
-0.303806
-0.303787
-0.303768
-0.303749
-0.303729
-0.30371
-0.303691
-0.303672
-0.303653
-0.303633
-0.303614
-0.303595
-0.303576
-0.303557
-0.303537
-0.303518
-0.303499
-0.30348
-0.303461
-0.303441
-0.303422
-0.303403
-0.303384
-0.303365
-0.303345
-0.303326
-0.303307
-0.303288
-0.303269
-0.30325
-0.30323
-0.303211
-0.303192
-0.303173
-0.303154
-0.303134
-0.303115
-0.303096
-0.303077
-0.303058
-0.303038
-0.303019
-0.303
-0.302981
-0.302962
-0.302942
-0.302923
-0.302904
-0.302885
-0.302866
-0.302847
-0.302827
-0.302808
-0.302789
-0.30277
-0.302751
-0.302731
-0.302712
-0.302693
-0.302674
-0.302655
-0.302635
-0.302616
-0.302597
-0.302578
-0.302559
-0.302539
-0.30252
-0.302501
-0.302482
-0.302463
-0.302443
-0.302424
-0.302405
-0.302386
-0.302367
-0.302348
-0.302328
-0.302309
-0.30229
-0.302271
-0.302252
-0.302232
-0.302213
-0.302194
-0.302175
-0.302156
-0.302136
-0.302117
-0.302098
-0.302079
-0.30206
-0.30204
-0.302021
-0.302002
-0.301983
-0.301964
-0.301944
-0.301925
-0.301906
-0.301887
-0.301868
-0.301849
-0.301829
-0.30181
-0.301791
-0.301772
-0.301753
-0.301733
-0.301714
-0.301695
-0.301676
-0.301657
-0.301637
-0.301618
-0.301599
-0.30158
-0.301561
-0.301541
-0.301522
-0.301503
-0.301484
-0.301465
-0.301446
-0.301426
-0.301407
-0.301388
-0.301369
-0.30135
-0.30133
-0.301311
-0.301292
-0.301273
-0.301254
-0.301234
-0.301215
-0.301196
-0.301177
-0.301158
-0.301138
-0.301119
-0.3011
-0.301081
-0.301062
-0.301042
-0.301023
-0.301004
-0.300985
-0.300966
-0.300947
-0.300927
-0.300908
-0.300889
-0.30087
-0.300851
-0.300831
-0.300812
-0.300793
-0.300774
-0.300755
-0.300735
-0.300716
-0.300697
-0.300678
-0.300659
-0.300639
-0.30062
-0.300601
-0.300582
-0.300563
-0.300543
-0.300524
-0.300505
-0.300486
-0.300467
-0.300448
-0.300428
-0.300409
-0.30039
-0.300371
-0.300352
-0.300332
-0.300313
-0.300294
-0.300275
-0.300256
-0.300236
-0.300217
-0.300198
-0.300179
-0.30016
-0.30014
-0.300121
-0.300102
-0.300083
-0.300064
-0.300045
-0.300025
-0.300006
-0.299987
-0.299968
-0.299949
-0.299929
-0.29991
-0.299891
-0.299872
-0.299853
-0.299833
-0.299814
-0.299795
-0.299776
-0.299757
-0.299737
-0.299718
-0.299699
-0.29968
-0.299661
-0.299641
-0.299622
-0.299603
-0.299584
-0.299565
-0.299546
-0.299526
-0.299507
-0.299488
-0.299469
-0.29945
-0.29943
-0.299411
-0.299392
-0.299373
-0.299354
-0.299334
-0.299315
-0.299296
-0.299277
-0.299258
-0.299238
-0.299219
-0.2992
-0.299181
-0.299162
-0.299143
-0.299123
-0.299104
-0.299085
-0.299066
-0.299047
-0.299027
-0.299008
-0.298989
-0.29897
-0.298951
-0.298931
-0.298912
-0.298893
-0.298874
-0.298855
-0.298835
-0.298816
-0.298797
-0.298778
-0.298759
-0.298739
-0.29872
-0.298701
-0.298682
-0.298663
-0.298644
-0.298624
-0.298605
-0.298586
-0.298567
-0.298548
-0.298528
-0.298509
-0.29849
-0.298471
-0.298452
-0.298432
-0.298413
-0.298394
-0.298375
-0.298356
-0.298336
-0.298317
-0.298298
-0.298279
-0.29826
-0.29824
-0.298221
-0.298202
-0.298183
-0.298164
-0.298145
-0.298125
-0.298106
-0.298087
-0.298068
-0.298049
-0.298029
-0.29801
-0.297991
-0.297972
-0.297953
-0.297933
-0.297914
-0.297895
-0.297876
-0.297857
-0.297837
-0.297818
-0.297799
-0.29778
-0.297761
-0.297742
-0.297722
-0.297703
-0.297684
-0.297665
-0.297646
-0.297626
-0.297607
-0.297588
-0.297569
-0.29755
-0.29753
-0.297511
-0.297492
-0.297473
-0.297454
-0.297434
-0.297415
-0.297396
-0.297377
-0.297358
-0.297338
-0.297319
-0.2973
-0.297281
-0.297262
-0.297243
-0.297223
-0.297204
-0.297185
-0.297166
-0.297147
-0.297127
-0.297108
-0.297089
-0.29707
-0.297051
-0.297031
-0.297012
-0.296993
-0.296974
-0.296955
-0.296935
-0.296916
-0.296897
-0.296878
-0.296859
-0.296839
-0.29682
-0.296801
-0.296782
-0.296763
-0.296744
-0.296724
-0.296705
-0.296686
-0.296667
-0.296648
-0.296628
-0.296609
-0.29659
-0.296571
-0.296552
-0.296532
-0.296513
-0.296494
-0.296475
-0.296456
-0.296436
-0.296417
-0.296398
-0.296379
-0.29636
-0.296341
-0.296321
-0.296302
-0.296283
-0.296264
-0.296245
-0.296225
-0.296206
-0.296187
-0.296168
-0.296149
-0.296129
-0.29611
-0.296091
-0.296072
-0.296053
-0.296033
-0.296014
-0.295995
-0.295976
-0.295957
-0.295937
-0.295918
-0.295899
-0.29588
-0.295861
-0.295842
-0.295822
-0.295803
-0.295784
-0.295765
-0.295746
-0.295726
-0.295707
-0.295688
-0.295669
-0.29565
-0.29563
-0.295611
-0.295592
-0.295573
-0.295554
-0.295534
-0.295515
-0.295496
-0.295477
-0.295458
-0.295439
-0.295419
-0.2954
-0.295381
-0.295362
-0.295343
-0.295323
-0.295304
-0.295285
-0.295266
-0.295247
-0.295227
-0.295208
-0.295189
-0.29517
-0.295151
-0.295131
-0.295112
-0.295093
-0.295074
-0.295055
-0.295035
-0.295016
-0.294997
-0.294978
-0.294959
-0.29494
-0.29492
-0.294901
-0.294882
-0.294863
-0.294844
-0.294824
-0.294805
-0.294786
-0.294767
-0.294748
-0.294728
-0.294709
-0.29469
-0.294671
-0.294652
-0.294632
-0.294613
-0.294594
-0.294575
-0.294556
-0.294536
-0.294517
-0.294498
-0.294479
-0.29446
-0.294441
-0.294421
-0.294402
-0.294383
-0.294364
-0.294345
-0.294325
-0.294306
-0.294287
-0.294268
-0.294249
-0.294229
-0.29421
-0.294191
-0.294172
-0.294153
-0.294133
-0.294114
-0.294095
-0.294076
-0.294057
-0.294038
-0.294018
-0.293999
-0.29398
-0.293961
-0.293942
-0.293922
-0.293903
-0.293884
-0.293865
-0.293846
-0.293826
-0.293807
-0.293788
-0.293769
-0.29375
-0.29373
-0.293711
-0.293692
-0.293673
-0.293654
-0.293634
-0.293615
-0.293596
-0.293577
-0.293558
-0.293539
-0.293519
-0.2935
-0.293481
-0.293462
-0.293443
-0.293423
-0.293404
-0.293385
-0.293366
-0.293347
-0.293327
-0.293308
-0.293289
-0.29327
-0.293251
-0.293231
-0.293212
-0.293193
-0.293174
-0.293155
-0.293136
-0.293116
-0.293097
-0.293078
-0.293059
-0.29304
-0.29302
-0.293001
-0.292982
-0.292963
-0.292944
-0.292924
-0.292905
-0.292886
-0.292867
-0.292848
-0.292828
-0.292809
-0.29279
-0.292771
-0.292752
-0.292732
-0.292713
-0.292694
-0.292675
-0.292656
-0.292637
-0.292617
-0.292598
-0.292579
-0.29256
-0.292541
-0.292521
-0.292502
-0.292483
-0.292464
-0.292445
-0.292425
-0.292406
-0.292387
-0.292368
-0.292349
-0.292329
-0.29231
-0.292291
-0.292272
-0.292253
-0.292233
-0.292214
-0.292195
-0.292176
-0.292157
-0.292138
-0.292118
-0.292099
-0.29208
-0.292061
-0.292042
-0.292022
-0.292003
-0.291984
-0.291965
-0.291946
-0.291926
-0.291907
-0.291888
-0.291869
-0.29185
-0.29183
-0.291811
-0.291792
-0.291773
-0.291754
-0.291735
-0.291715
-0.291696
-0.291677
-0.291658
-0.291639
-0.291619
-0.2916
-0.291581
-0.291562
-0.291543
-0.291523
-0.291504
-0.291485
-0.291466
-0.291447
-0.291427
-0.291408
-0.291389
-0.29137
-0.291351
-0.291331
-0.291312
-0.291293
-0.291274
-0.291255
-0.291236
-0.291216
-0.291197
-0.291178
-0.291159
-0.29114
-0.29112
-0.291101
-0.291082
-0.291063
-0.291044
-0.291024
-0.291005
-0.290986
-0.290967
-0.290948
-0.290928
-0.290909
-0.29089
-0.290871
-0.290852
-0.290832
-0.290813
-0.290794
-0.290775
-0.290756
-0.290737
-0.290717
-0.290698
-0.290679
-0.29066
-0.290641
-0.290621
-0.290602
-0.290583
-0.290564
-0.290545
-0.290525
-0.290506
-0.290487
-0.290468
-0.290449
-0.290429
-0.29041
-0.290391
-0.290372
-0.290353
-0.290334
-0.290314
-0.290295
-0.290276
-0.290257
-0.290238
-0.290218
-0.290199
-0.29018
-0.290161
-0.290142
-0.290122
-0.290103
-0.290084
-0.290065
-0.290046
-0.290026
-0.290007
-0.289988
-0.289969
-0.28995
-0.28993
-0.289911
-0.289892
-0.289873
-0.289854
-0.289835
-0.289815
-0.289796
-0.289777
-0.289758
-0.289739
-0.289719
-0.2897
-0.289681
-0.289662
-0.289643
-0.289623
-0.289604
-0.289585
-0.289566
-0.289547
-0.289527
-0.289508
-0.289489
-0.28947
-0.289451
-0.289432
-0.289412
-0.289393
-0.289374
-0.289355
-0.289336
-0.289316
-0.289297
-0.289278
-0.289259
-0.28924
-0.28922
-0.289201
-0.289182
-0.289163
-0.289144
-0.289124
-0.289105
-0.289086
-0.289067
-0.289048
-0.289028
-0.289009
-0.28899
-0.288971
-0.288952
-0.288933
-0.288913
-0.288894
-0.288875
-0.288856
-0.288837
-0.288817
-0.288798
-0.288779
-0.28876
-0.288741
-0.288721
-0.288702
-0.288683
-0.288664
-0.288645
-0.288625
-0.288606
-0.288587
-0.288568
-0.288549
-0.288529
-0.28851
-0.288491
-0.288472
-0.288453
-0.288434
-0.288414
-0.288395
-0.288376
-0.288357
-0.288338
-0.288318
-0.288299
-0.28828
-0.288261
-0.288242
-0.288222
-0.288203
-0.288184
-0.288165
-0.288146
-0.288126
-0.288107
-0.288088
-0.288069
-0.28805
-0.288031
-0.288011
-0.287992
-0.287973
-0.287954
-0.287935
-0.287915
-0.287896
-0.287877
-0.287858
-0.287839
-0.287819
-0.2878
-0.287781
-0.287762
-0.287743
-0.287723
-0.287704
-0.287685
-0.287666
-0.287647
-0.287627
-0.287608
-0.287589
-0.28757
-0.287551
-0.287532
-0.287512
-0.287493
-0.287474
-0.287455
-0.287436
-0.287416
-0.287397
-0.287378
-0.287359
-0.28734
-0.28732
-0.287301
-0.287282
-0.287263
-0.287244
-0.287224
-0.287205
-0.287186
-0.287167
-0.287148
-0.287129
-0.287109
-0.28709
-0.287071
-0.287052
-0.287033
-0.287013
-0.286994
-0.286975
-0.286956
-0.286937
-0.286917
-0.286898
-0.286879
-0.28686
-0.286841
-0.286821
-0.286802
-0.286783
-0.286764
-0.286745
-0.286725
-0.286706
-0.286687
-0.286668
-0.286649
-0.28663
-0.28661
-0.286591
-0.286572
-0.286553
-0.286534
-0.286514
-0.286495
-0.286476
-0.286457
-0.286438
-0.286418
-0.286399
-0.28638
-0.286361
-0.286342
-0.286322
-0.286303
-0.286284
-0.286265
-0.286246
-0.286226
-0.286207
-0.286188
-0.286169
-0.28615
-0.286131
-0.286111
-0.286092
-0.286073
-0.286054
-0.286035
-0.286015
-0.285996
-0.285977
-0.285958
-0.285939
-0.285919
-0.2859
-0.285881
-0.285862
-0.285843
-0.285823
-0.285804
-0.285785
-0.285766
-0.285747
-0.285728
-0.285708
-0.285689
-0.28567
-0.285651
-0.285632
-0.285612
-0.285593
-0.285574
-0.285555
-0.285536
-0.285516
-0.285497
-0.285478
-0.285459
-0.28544
-0.28542
-0.285401
-0.285382
-0.285363
-0.285344
-0.285324
-0.285305
-0.285286
-0.285267
-0.285248
-0.285229
-0.285209
-0.28519
-0.285171
-0.285152
-0.285133
-0.285113
-0.285094
-0.285075
-0.285056
-0.285037
-0.285017
-0.284998
-0.284979
-0.28496
-0.284941
-0.284921
-0.284902
-0.284883
-0.284864
-0.284845
-0.284825
-0.284806
-0.284787
-0.284768
-0.284749
-0.28473
-0.28471
-0.284691
-0.284672
-0.284653
-0.284634
-0.284614
-0.284595
-0.284576
-0.284557
-0.284538
-0.284518
-0.284499
-0.28448
-0.284461
-0.284442
-0.284422
-0.284403
-0.284384
-0.284365
-0.284346
-0.284327
-0.284307
-0.284288
-0.284269
-0.28425
-0.284231
-0.284211
-0.284192
-0.284173
-0.284154
-0.284135
-0.284115
-0.284096
-0.284077
-0.284058
-0.284039
-0.284019
-0.284
-0.283981
-0.283962
-0.283943
-0.283923
-0.283904
-0.283885
-0.283866
-0.283847
-0.283828
-0.283808
-0.283789
-0.28377
-0.283751
-0.283732
-0.283712
-0.283693
-0.283674
-0.283655
-0.283636
-0.283616
-0.283597
-0.283578
-0.283559
-0.28354
-0.28352
-0.283501
-0.283482
-0.283463
-0.283444
-0.283425
-0.283405
-0.283386
-0.283367
-0.283348
-0.283329
-0.283309
-0.28329
-0.283271
-0.283252
-0.283233
-0.283213
-0.283194
-0.283175
-0.283156
-0.283137
-0.283117
-0.283098
-0.283079
-0.28306
-0.283041
-0.283021
-0.283002
-0.282983
-0.282964
-0.282945
-0.282926
-0.282906
-0.282887
-0.282868
-0.282849
-0.28283
-0.28281
-0.282791
-0.282772
-0.282753
-0.282734
-0.282714
-0.282695
-0.282676
-0.282657
-0.282638
-0.282618
-0.282599
-0.28258
-0.282561
-0.282542
-0.282522
-0.282503
-0.282484
-0.282465
-0.282446
-0.282427
-0.282407
-0.282388
-0.282369
-0.28235
-0.282331
-0.282311
-0.282292
-0.282273
-0.282254
-0.282235
-0.282215
-0.282196
-0.282177
-0.282158
-0.282139
-0.282119
-0.2821
-0.282081
-0.282062
-0.282043
-0.282024
-0.282004
-0.281985
-0.281966
-0.281947
-0.281928
-0.281908
-0.281889
-0.28187
-0.281851
-0.281832
-0.281812
-0.281793
-0.281774
-0.281755
-0.281736
-0.281716
-0.281697
-0.281678
-0.281659
-0.28164
-0.28162
-0.281601
-0.281582
-0.281563
-0.281544
-0.281525
-0.281505
-0.281486
-0.281467
-0.281448
-0.281429
-0.281409
-0.28139
-0.281371
-0.281352
-0.281333
-0.281313
-0.281294
-0.281275
-0.281256
-0.281237
-0.281217
-0.281198
-0.281179
-0.28116
-0.281141
-0.281121
-0.281102
-0.281083
-0.281064
-0.281045
-0.281026
-0.281006
-0.280987
-0.280968
-0.280949
-0.28093
-0.28091
-0.280891
-0.280872
-0.280853
-0.280834
-0.280814
-0.280795
-0.280776
-0.280757
-0.280738
-0.280718
-0.280699
-0.28068
-0.280661
-0.280642
-0.280623
-0.280603
-0.280584
-0.280565
-0.280546
-0.280527
-0.280507
-0.280488
-0.280469
-0.28045
-0.280431
-0.280411
-0.280392
-0.280373
-0.280354
-0.280335
-0.280315
-0.280296
-0.280277
-0.280258
-0.280239
-0.280219
-0.2802
-0.280181
-0.280162
-0.280143
-0.280124
-0.280104
-0.280085
-0.280066
-0.280047
-0.280028
-0.280008
-0.279989
-0.27997
-0.279951
-0.279932
-0.279912
-0.279893
-0.279874
-0.279855
-0.279836
-0.279816
-0.279797
-0.279778
-0.279759
-0.27974
-0.279721
-0.279701
-0.279682
-0.279663
-0.279644
-0.279625
-0.279605
-0.279586
-0.279567
-0.279548
-0.279529
-0.279509
-0.27949
-0.279471
-0.279452
-0.279433
-0.279413
-0.279394
-0.279375
-0.279356
-0.279337
-0.279317
-0.279298
-0.279279
-0.27926
-0.279241
-0.279222
-0.279202
-0.279183
-0.279164
-0.279145
-0.279126
-0.279106
-0.279087
-0.279068
-0.279049
-0.27903
-0.27901
-0.278991
-0.278972
-0.278953
-0.278934
-0.278914
-0.278895
-0.278876
-0.278857
-0.278838
-0.278818
-0.278799
-0.27878
-0.278761
-0.278742
-0.278723
-0.278703
-0.278684
-0.278665
-0.278646
-0.278627
-0.278607
-0.278588
-0.278569
-0.27855
-0.278531
-0.278511
-0.278492
-0.278473
-0.278454
-0.278435
-0.278415
-0.278396
-0.278377
-0.278358
-0.278339
-0.27832
-0.2783
-0.278281
-0.278262
-0.278243
-0.278224
-0.278204
-0.278185
-0.278166
-0.278147
-0.278128
-0.278108
-0.278089
-0.27807
-0.278051
-0.278032
-0.278012
-0.277993
-0.277974
-0.277955
-0.277936
-0.277916
-0.277897
-0.277878
-0.277859
-0.27784
-0.277821
-0.277801
-0.277782
-0.277763
-0.277744
-0.277725
-0.277705
-0.277686
-0.277667
-0.277648
-0.277629
-0.277609
-0.27759
-0.277571
-0.277552
-0.277533
-0.277513
-0.277494
-0.277475
-0.277456
-0.277437
-0.277418
-0.277398
-0.277379
-0.27736
-0.277341
-0.277322
-0.277302
-0.277283
-0.277264
-0.277245
-0.277226
-0.277206
-0.277187
-0.277168
-0.277149
-0.27713
-0.27711
-0.277091
-0.277072
-0.277053
-0.277034
-0.277014
-0.276995
-0.276976
-0.276957
-0.276938
-0.276919
-0.276899
-0.27688
-0.276861
-0.276842
-0.276823
-0.276803
-0.276784
-0.276765
-0.276746
-0.276727
-0.276707
-0.276688
-0.276669
-0.27665
-0.276631
-0.276611
-0.276592
-0.276573
-0.276554
-0.276535
-0.276515
-0.276496
-0.276477
-0.276458
-0.276439
-0.27642
-0.2764
-0.276381
-0.276362
-0.276343
-0.276324
-0.276304
-0.276285
-0.276266
-0.276247
-0.276228
-0.276208
-0.276189
-0.27617
-0.276151
-0.276132
-0.276112
-0.276093
-0.276074
-0.276055
-0.276036
-0.276017
-0.275997
-0.275978
-0.275959
-0.27594
-0.275921
-0.275901
-0.275882
-0.275863
-0.275844
-0.275825
-0.275805
-0.275786
-0.275767
-0.275748
-0.275729
-0.275709
-0.27569
-0.275671
-0.275652
-0.275633
-0.275613
-0.275594
-0.275575
-0.275556
-0.275537
-0.275518
-0.275498
-0.275479
-0.27546
-0.275441
-0.275422
-0.275402
-0.275383
-0.275364
-0.275345
-0.275326
-0.275306
-0.275287
-0.275268
-0.275249
-0.27523
-0.27521
-0.275191
-0.275172
-0.275153
-0.275134
-0.275114
-0.275095
-0.275076
-0.275057
-0.275038
-0.275019
-0.274999
-0.27498
-0.274961
-0.274942
-0.274923
-0.274903
-0.274884
-0.274865
-0.274846
-0.274827
-0.274807
-0.274788
-0.274769
-0.27475
-0.274731
-0.274711
-0.274692
-0.274673
-0.274654
-0.274635
-0.274616
-0.274596
-0.274577
-0.274558
-0.274539
-0.27452
-0.2745
-0.274481
-0.274462
-0.274443
-0.274424
-0.274404
-0.274385
-0.274366
-0.274347
-0.274328
-0.274308
-0.274289
-0.27427
-0.274251
-0.274232
-0.274212
-0.274193
-0.274174
-0.274155
-0.274136
-0.274117
-0.274097
-0.274078
-0.274059
-0.27404
-0.274021
-0.274001
-0.273982
-0.273963
-0.273944
-0.273925
-0.273905
-0.273886
-0.273867
-0.273848
-0.273829
-0.273809
-0.27379
-0.273771
-0.273752
-0.273733
-0.273714
-0.273694
-0.273675
-0.273656
-0.273637
-0.273618
-0.273598
-0.273579
-0.27356
-0.273541
-0.273522
-0.273502
-0.273483
-0.273464
-0.273445
-0.273426
-0.273406
-0.273387
-0.273368
-0.273349
-0.27333
-0.27331
-0.273291
-0.273272
-0.273253
-0.273234
-0.273215
-0.273195
-0.273176
-0.273157
-0.273138
-0.273119
-0.273099
-0.27308
-0.273061
-0.273042
-0.273023
-0.273003
-0.272984
-0.272965
-0.272946
-0.272927
-0.272907
-0.272888
-0.272869
-0.27285
-0.272831
-0.272811
-0.272792
-0.272773
-0.272754
-0.272735
-0.272716
-0.272696
-0.272677
-0.272658
-0.272639
-0.27262
-0.2726
-0.272581
-0.272562
-0.272543
-0.272524
-0.272504
-0.272485
-0.272466
-0.272447
-0.272428
-0.272408
-0.272389
-0.27237
-0.272351
-0.272332
-0.272313
-0.272293
-0.272274
-0.272255
-0.272236
-0.272217
-0.272197
-0.272178
-0.272159
-0.27214
-0.272121
-0.272101
-0.272082
-0.272063
-0.272044
-0.272025
-0.272005
-0.271986
-0.271967
-0.271948
-0.271929
-0.271909
-0.27189
-0.271871
-0.271852
-0.271833
-0.271814
-0.271794
-0.271775
-0.271756
-0.271737
-0.271718
-0.271698
-0.271679
-0.27166
-0.271641
-0.271622
-0.271602
-0.271583
-0.271564
-0.271545
-0.271526
-0.271506
-0.271487
-0.271468
-0.271449
-0.27143
-0.27141
-0.271391
-0.271372
-0.271353
-0.271334
-0.271315
-0.271295
-0.271276
-0.271257
-0.271238
-0.271219
-0.271199
-0.27118
-0.271161
-0.271142
-0.271123
-0.0256677
-0.0257519
-0.0257167
-0.0257391
-0.0257326
-0.0257296
-0.0257197
-0.0257651
-0.0257724
-0.0266039
-0.0266482
-0.0265378
-0.026536
-0.0266084
-0.0267266
-0.0266914
-0.0266683
-0.0266832
-0.0266695
-0.0266792
-0.0266908
-0.0267385
-0.0268179
-0.0268749
-0.0269055
-0.0268306
-0.027955
-0.0281922
-0.0282339
-0.0282002
-0.0281893
-0.0282242
-0.0282173
-0.0283057
-0.0283479
-0.0283808
-0.0284579
-0.028484
-0.0285472
-0.029856
-0.0298092
-0.0297624
-0.0297826
-0.0297953
-0.0297647
-0.0297772
-0.0297903
-0.0297738
-0.0298419
-0.0298434
-0.0298849
-0.0299004
-0.0305084
-0.0305259
-0.0304445
-0.0303445
-0.0303302
-0.0303041
-0.0302131
-0.0302173
-0.0301756
-0.0301398
-0.0301713
-0.0301681
-0.030085
-0.0301379
-0.0301256
-0.0300637
-0.0291266
-0.0290608
-0.0289807
-0.0290322
-0.0288997
-0.0287819
-0.0286414
-0.0285883
-0.0284751
-0.0284588
-0.0284798
-0.0283489
-0.0283242
-0.0282858
-0.0282415
-0.027917
-0.0259617
-0.0259397
-0.0258355
-0.0257402
-0.0256061
-0.025481
-0.0253719
-0.0252354
-0.0251106
-0.025078
-0.0249315
-0.0248685
-0.0248192
-0.0246971
-0.0246323
-0.0245694
-0.0244661
-0.0220859
-0.022009
-0.021922
-0.0218439
-0.0217172
-0.0216781
-0.0216913
-0.0216439
-0.0214651
-0.021444
-0.0213681
-0.021241
-0.0211662
-0.0211224
-0.0210448
-0.0209873
-0.0209437
-0.0190832
-0.0190578
-0.0190284
-0.0189898
-0.0189602
-0.0189334
-0.0189001
-0.0188761
-0.0188502
-0.0188249
-0.0187999
-0.0187563
-0.0187327
-0.0186986
-0.0186717
-0.0186414
-0.0186148
-0.0185894
-0.018559
-0.0185331
-0.0184961
-0.0184684
-0.0184465
-0.0184157
-0.0183924
-0.0183659
-0.0183358
-0.018307
-0.01827
-0.0182471
-0.0182298
-0.0181992
-0.0181721
-0.0181499
-0.0181235
-0.0180844
-0.0180596
-0.0180399
-0.0180054
-0.017982
-0.0179693
-0.0179315
-0.0178878
-0.017854
-0.0178393
-0.0178156
-0.0177906
-0.0177677
-0.0177347
-0.0177204
-0.0176795
-0.0176475
-0.0176159
-0.0175885
-0.0175626
-0.0175251
-0.0174931
-0.0174667
-0.0174434
-0.0174171
-0.0174002
-0.0173774
-0.0173595
-0.0173265
-0.017311
-0.0172893
-0.0172608
-0.0172331
-0.0172074
-0.0171795
-0.0171418
-0.0171138
-0.0170957
-0.0170742
-0.0170533
-0.0170148
-0.0169968
-0.0169645
-0.016929
-0.0169072
-0.01689
-0.0168687
-0.0168487
-0.0168259
-0.0167787
-0.0167554
-0.0167303
-0.0167146
-0.0166851
-0.0166647
-0.0166428
-0.0166026
-0.0165727
-0.0165473
-0.0165256
-0.0165113
-0.0164775
-0.0164524
-0.016424
-0.0163915
-0.016372
-0.016351
-0.0163252
-0.0163005
-0.016252
-0.0162334
-0.0162094
-0.0161885
-0.0161579
-0.0161358
-0.0161185
-0.0160875
-0.0160635
-0.0160392
-0.0160127
-0.0159825
-0.0159582
-0.0159355
-0.0159021
-0.0158809
-0.0158587
-0.0158491
-0.0158251
-0.0158025
-0.0157788
-0.0157545
-0.0157178
-0.0156911
-0.0156736
-0.0156443
-0.0156236
-0.0156016
-0.0155731
-0.0155567
-0.0155247
-0.0155056
-0.0154839
-0.0154618
-0.0154351
-0.0154189
-0.0153898
-0.015366
-0.0153298
-0.0153142
-0.0152796
-0.0152576
-0.015234
-0.0152085
-0.0151852
-0.0151622
-0.0151413
-0.0151089
-0.0150778
-0.0150562
-0.015032
-0.0150083
-0.0149834
-0.014953
-0.0149292
-0.0149092
-0.0148904
-0.0148569
-0.0148328
-0.0148052
-0.0147839
-0.0147627
-0.014742
-0.0147304
-0.014705
-0.0146706
-0.0146484
-0.0146229
-0.014596
-0.0145744
-0.0145535
-0.0145362
-0.0145122
-0.0144894
-0.014464
-0.0144482
-0.0144248
-0.0143964
-0.0143669
-0.0143467
-0.0143159
-0.0142985
-0.0142695
-0.0142475
-0.0142254
-0.0142038
-0.0141817
-0.0141523
-0.014126
-0.0141074
-0.0140857
-0.0140621
-0.0140416
-0.0140155
-0.0139941
-0.0139674
-0.013943
-0.0139198
-0.0138992
-0.0138786
-0.0138542
-0.0138329
-0.0138042
-0.0137749
-0.0137551
-0.0137266
-0.0137015
-0.0136771
-0.0136519
-0.0136302
-0.01361
-0.0135886
-0.0135581
-0.0135396
-0.0135095
-0.0134882
-0.0134671
-0.0134337
-0.013414
-0.0133892
-0.013369
-0.0133464
-0.0133231
-0.0132921
-0.0132688
-0.013236
-0.0132125
-0.0131939
-0.0131779
-0.0131583
-0.0130997
-0.0130819
-0.0130521
-0.0130264
-0.0129719
-0.0129562
-0.0129276
-0.0129004
-0.0128764
-0.0128461
-0.0128251
-0.0128062
-0.0127854
-0.012766
-0.0127241
-0.0126932
-0.0127475
-0.0127074
-0.0126793
-0.0126559
-0.0126305
-0.0126135
-0.012595
-0.0125873
-0.0125685
-0.0125487
-0.0125256
-0.0125025
-0.0124749
-0.012455
-0.0124368
-0.0124141
-0.0123932
-0.0123679
-0.0123421
-0.0123211
-0.0122973
-0.0122767
-0.0122443
-0.0122229
-0.0122021
-0.0121808
-0.0121519
-0.0121258
-0.0120934
-0.012074
-0.0120563
-0.0120377
-0.0120117
-0.0119809
-0.011954
-0.011935
-0.0119163
-0.0118785
-0.0118567
-0.0118357
-0.0118094
-0.0117782
-0.0117571
-0.0117418
-0.0117183
-0.0116956
-0.0116741
-0.0116509
-0.0116256
-0.0116069
-0.0115757
-0.011563
-0.011542
-0.0115125
-0.0114781
-0.01146
-0.0114408
-0.0114147
-0.011393
-0.0113722
-0.0113506
-0.0113278
-0.0113075
-0.0112817
-0.0112627
-0.0112392
-0.0112184
-0.0111878
-0.0111668
-0.0111478
-0.0111217
-0.0111025
-0.0110742
-0.0110544
-0.0110273
-0.0110027
-0.0109754
-0.0109589
-0.0109326
-0.0109066
-0.0108845
-0.0108636
-0.0108403
-0.0108167
-0.0107964
-0.0107675
-0.0107467
-0.0107277
-0.0106933
-0.0106744
-0.0106498
-0.0106308
-0.0105769
-0.0105511
-0.0105264
-0.0104951
-0.0104716
-0.0104487
-0.0104265
-0.0103991
-0.0103804
-0.0103597
-0.0103351
-0.0103194
-0.0103005
-0.0102766
-0.0102561
-0.0102227
-0.0102015
-0.0101812
-0.0101601
-0.0101268
-0.0101026
-0.0100787
-0.010065
-0.0100584
-0.0100607
-0.0099691
-0.00994485
-0.00992516
-0.00989501
-0.00986926
-0.00985421
-0.0098291
-0.00980306
-0.00977988
-0.00975145
-0.00973232
-0.00971247
-0.00968338
-0.00965656
-0.00963795
-0.00960615
-0.0095834
-0.00956484
-0.00953386
-0.00951528
-0.00949238
-0.00946837
-0.00944772
-0.00942922
-0.0094028
-0.00937681
-0.00935769
-0.00933592
-0.00931513
-0.00928676
-0.00926569
-0.00924612
-0.00921783
-0.009192
-0.00917128
-0.00914789
-0.00912195
-0.0091644
-0.00914143
-0.00910206
-0.00907778
-0.00905369
-0.00903075
-0.00901018
-0.00898832
-0.00896507
-0.00893897
-0.00891073
-0.00888812
-0.00886706
-0.00884647
-0.00882489
-0.00880066
-0.0087717
-0.00874468
-0.00872284
-0.00870261
-0.00867762
-0.00864755
-0.00862072
-0.00860009
-0.00858188
-0.00855789
-0.00853643
-0.00851301
-0.00848367
-0.0084589
-0.00843611
-0.00841758
-0.00838798
-0.00836268
-0.00834018
-0.00831851
-0.00829812
-0.00826707
-0.0082403
-0.00822014
-0.00820142
-0.00817556
-0.00815532
-0.00812682
-0.00810529
-0.00808002
-0.00806195
-0.00804401
-0.00803845
-0.00801327
-0.00798392
-0.00796636
-0.00794303
-0.00791794
-0.007892
-0.00787562
-0.00784828
-0.00782835
-0.00780962
-0.00778507
-0.00775573
-0.00772724
-0.00770803
-0.00768791
-0.00766076
-0.0076381
-0.00761092
-0.00758712
-0.00756255
-0.00754212
-0.00752054
-0.00749833
-0.00746611
-0.00744584
-0.00742793
-0.00739098
-0.00737085
-0.00734469
-0.00732165
-0.00729674
-0.00727542
-0.0072516
-0.00722365
-0.00720336
-0.0071832
-0.00715662
-0.00713588
-0.00708942
-0.00706806
-0.00704746
-0.00702462
-0.00699808
-0.00697923
-0.00695258
-0.0069274
-0.00692686
-0.0069053
-0.00687478
-0.00685151
-0.00682249
-0.00676615
-0.00674151
-0.00672449
-0.00670621
-0.00667505
-0.00665252
-0.00665436
-0.00663398
-0.00661272
-0.00658392
-0.00656385
-0.00654171
-0.00651739
-0.00649627
-0.00647535
-0.0064551
-0.00642718
-0.00640015
-0.00638231
-0.00635476
-0.0063319
-0.00630817
-0.00627925
-0.00625591
-0.00623444
-0.00621189
-0.00618986
-0.00616589
-0.00613822
-0.00612102
-0.00609195
-0.0060751
-0.00604986
-0.00602869
-0.0059935
-0.00597189
-0.00595352
-0.00593224
-0.00590976
-0.00588989
-0.0058639
-0.0058413
-0.00581815
-0.00580046
-0.00576984
-0.00574348
-0.0057236
-0.00570367
-0.00567033
-0.00564788
-0.00562382
-0.00559681
-0.00557614
-0.00554884
-0.0055242
-0.00550214
-0.00548052
-0.00545164
-0.00543551
-0.00541348
-0.00538851
-0.00535849
-0.00533802
-0.00532025
-0.00527682
-0.00525851
-0.00523042
-0.00520573
-0.00518385
-0.00515355
-0.00513336
-0.00511338
-0.00510938
-0.00508183
-0.00506012
-0.00504145
-0.00501427
-0.00498842
-0.00497031
-0.00494124
-0.00491582
-0.00489764
-0.00486366
-0.00484389
-0.00482035
-0.00479905
-0.00477571
-0.00475672
-0.00472772
-0.00471005
-0.00468692
-0.00466178
-0.0046364
-0.00461133
-0.00458329
-0.00456331
-0.00453905
-0.00451223
-0.00449219
-0.00445833
-0.00444633
-0.00442319
-0.00440513
-0.00437483
-0.00435103
-0.00433097
-0.00428877
-0.00426748
-0.00423851
-0.00421517
-0.00419368
-0.00417125
-0.0041461
-0.00412677
-0.00410726
-0.00408281
-0.00404863
-0.00402565
-0.00400553
-0.00397714
-0.00395644
-0.00393474
-0.00390618
-0.0038857
-0.00386708
-0.00384018
-0.00381579
-0.00378449
-0.00376638
-0.00374334
-0.00371679
-0.00369429
-0.00368055
-0.00365806
-0.00363266
-0.00360712
-0.00358641
-0.00356288
-0.00353983
-0.00351202
-0.00348556
-0.00346653
-0.00343323
-0.00341276
-0.00339166
-0.00337411
-0.00335237
-0.00332102
-0.00329897
-0.0032709
-0.00324809
-0.00322445
-0.0031995
-0.00317607
-0.00315099
-0.00313904
-0.00310989
-0.00308477
-0.00306149
-0.00303945
-0.00299449
-0.00298916
-0.00295308
-0.00292966
-0.00290883
-0.00288703
-0.00286357
-0.0028459
-0.00282458
-0.00280064
-0.00277373
-0.00275659
-0.00273495
-0.00270988
-0.00268624
-0.00266473
-0.00262578
-0.00260515
-0.00257953
-0.0025538
-0.0025273
-0.00250002
-0.00247894
-0.00245404
-0.00243267
-0.00240452
-0.00238672
-0.00235821
-0.00234647
-0.00232297
-0.00228996
-0.00227566
-0.00224927
-0.00222287
-0.00219945
-0.0021759
-0.00214958
-0.00213124
-0.00209292
-0.00206543
-0.00204651
-0.00204556
-0.00201944
-0.00200054
-0.00197263
-0.0019464
-0.00192507
-0.001902
-0.00188333
-0.00186217
-0.00184184
-0.0018162
-0.00179187
-0.00176766
-0.00174416
-0.00172004
-0.00169876
-0.00167712
-0.00165658
-0.00162475
-0.00160239
-0.00157869
-0.00155321
-0.00152751
-0.0015044
-0.00147774
-0.00145533
-0.00143132
-0.00140666
-0.00137861
-0.0013544
-0.0013306
-0.0013066
-0.00129722
-0.00127278
-0.00124786
-0.00122604
-0.00119784
-0.00117249
-0.00115109
-0.00112673
-0.00110445
-0.00108121
-0.00105617
-0.00103612
-0.00101192
-0.000985734
-0.000958383
-0.000937452
-0.000915735
-0.000909783
-0.00088092
-0.000856996
-0.000825683
-0.000805629
-0.000779841
-0.000761136
-0.000734503
-0.00071066
-0.000684962
-0.000661072
-0.000637613
-0.000611016
-0.000587813
-0.000564943
-0.000540002
-0.000523593
-0.000503293
-0.000478299
-0.000446018
-0.000430799
-0.000406562
-0.000380525
-0.000348179
-0.00032388
-0.000307188
-0.000280044
-0.000264457
-0.000235891
-0.000210447
-0.000176944
-0.000139573
-0.000134278
-0.000115561
-9.40042e-05
-7.20217e-05
-4.6956e-05
-2.57694e-05
4.96399e-07
2.09148e-05
4.21465e-05
6.05327e-05
9.13902e-05
0.000114668
0.000141471
0.000160164
0.000183106
0.00021002
0.00023968
0.000260351
0.000282552
0.000317047
0.000336311
0.000362121
0.000387859
0.000411292
0.000437619
0.000458095
0.000485099
0.000515424
0.000534045
0.000627264
0.000652145
0.00067425
0.00069842
0.000720823
0.000760017
0.000793309
0.000813365
0.000832075
0.000853574
0.000876353
0.000894158
0.000912413
0.000933883
0.000920732
0.000941508
0.000967627
0.000989502
0.00101353
0.00105449
0.00107432
0.00109595
0.00111604
0.00112087
0.00114173
0.00116006
0.00117837
0.0011997
0.00122342
0.0012442
0.00127152
0.00129588
0.00131427
0.00134238
0.00137252
0.00138957
0.00141436
0.0014387
0.00146223
0.00149361
0.00152532
0.00154684
0.00156829
0.00159388
0.00161687
0.00164054
0.00166505
0.00169657
0.00172794
0.00174633
0.00177564
0.00177113
0.00178956
0.00182074
0.00184172
0.00188592
0.00191195
0.00194037
0.00196181
0.00198785
0.00203239
0.00206097
0.00208983
0.00212853
0.00216455
0.00225683
0.00231524
0.00237063
0.00240639
0.00242477
0.00244362
0.00246666
0.00248521
0.00250597
0.00252767
0.00251752
0.00253618
0.00255803
0.00257988
0.00259775
0.00262011
0.0026434
0.0026621
0.00268103
0.00270195
0.00277588
0.00279795
0.00282177
0.00284078
0.00286263
0.00288039
0.00290734
0.00292657
0.00294862
0.00297238
0.00299228
0.00301502
0.00303991
0.00305882
0.0030648
0.00308999
0.00311078
0.00313608
0.0031586
0.00318333
0.0032111
0.00322935
0.00325116
0.00327522
0.00330091
0.00332343
0.00334251
0.00336594
0.00338566
0.00340695
0.00342566
0.00344993
0.00347793
0.00349894
0.00351784
0.0035192
0.00354975
0.00356928
0.00358959
0.00361205
0.00363148
0.00362997
0.00365425
0.00367267
0.00370155
0.0037222
0.00374835
0.00377165
0.00379171
0.00381525
0.00383848
0.00386015
0.00388937
0.00391087
0.00393749
0.00395836
0.00398934
0.00401797
0.00404323
0.0040732
0.00409275
0.00411941
0.00414592
0.00416773
0.00419611
0.00421513
0.00423736
0.00426496
0.00428954
0.0043203
0.00434223
0.00436796
0.00438733
0.00441026
0.00444752
0.00446169
0.0044845
0.00451246
0.00453558
0.00455754
0.00458818
0.00462065
0.00465838
0.00468936
0.00470946
0.00473576
0.00477614
0.0047996
0.00482234
0.00484284
0.00486615
0.00489388
0.00492332
0.00495449
0.00497372
0.00500605
0.00501232
0.00503435
0.0050555
0.00508439
0.0051212
0.00514418
0.00519066
0.00522445
0.00526461
0.00528686
0.0053169
0.00533905
0.00536168
0.00539995
0.00543392
0.00545311
0.00548506
0.005497
0.00551162
0.00557975
0.00561921
0.00563893
0.00567007
0.00570646
0.00572932
0.00575687
0.00578621
0.00583723
0.00588744
0.00590681
0.00595823
0.00598666
0.00600021
0.00603091
0.0061174
0.00615787
0.00620654
0.00626346
0.00630627
0.00633935
0.00636833
0.00639697
0.00643077
0.00646293
0.00648225
0.00650284
0.00652711
0.00655074
0.00657088
0.00659889
0.00663102
0.00665115
0.00666282
0.00668806
0.00672594
0.00674886
0.00677354
0.00678333
0.0068041
0.00683196
0.00687224
0.00688139
0.0069015
0.00692498
0.00694722
0.00700145
0.00702559
0.00705133
0.00707637
0.00709653
0.00712634
0.0071505
0.00717837
0.00719874
0.00718611
0.00720668
0.00723692
0.00725843
0.00728058
0.00732207
0.00733574
0.00735813
0.00738088
0.00740516
0.00743607
0.00745582
0.00748537
0.00750972
0.0075467
0.00757565
0.00759591
0.00760087
0.00762628
0.00765804
0.00768426
0.00770939
0.00773338
0.00775081
0.0077724
0.00780111
0.00786124
0.00788604
0.00790907
0.00790744
0.00792995
0.00795152
0.00797571
0.0079997
0.00802029
0.00804949
0.00807678
0.00810569
0.00813426
0.00815921
0.00818949
0.00822027
0.00824499
0.00827012
0.00829568
0.0083203
0.00834894
0.00837008
0.00839148
0.00842133
0.00845205
0.00847181
0.0084975
0.00852589
0.00855717
0.00857243
0.00861106
0.00864032
0.00866562
0.00869037
0.00871533
0.008736
0.00876096
0.00878412
0.00880681
0.00882796
0.00886976
0.00889448
0.00891542
0.00893883
0.00896564
0.00898514
0.00901075
0.0090448
0.00907475
0.00909798
0.00913234
0.00915786
0.00918342
0.00921138
0.00921051
0.00926034
0.00928156
0.00928161
0.00930277
0.0093336
0.009382
0.00939807
0.00942382
0.0094562
0.00948936
0.00951967
0.00954092
0.00957536
0.00961064
0.00963493
0.00965376
0.00967689
0.00970313
0.00973306
0.00976238
0.00978749
0.0098185
0.00984637
0.00987518
0.00990138
0.00993907
0.00995917
0.00997164
0.00999748
0.0100252
0.0100547
0.0100845
0.0101059
0.0101319
0.0101563
0.0101824
0.0102043
0.0102821
0.0103081
0.0103339
0.0103651
0.0103954
0.0104272
0.010449
0.0104667
0.0105017
0.0105364
0.0105464
0.010574
0.0106031
0.0106288
0.010663
0.0106896
0.0107134
0.0107435
0.0107694
0.0107974
0.010828
0.0108466
0.0108731
0.0109124
0.0109542
0.0109759
0.0109875
0.0109992
0.0110264
0.0110493
0.0110735
0.0110977
0.0111167
0.0111521
0.0111826
0.011209
0.0112389
0.0112676
0.0112997
0.0113273
0.0113551
0.011387
0.0114151
0.011443
0.0114761
0.0115106
0.0115353
0.0115672
0.0115891
0.0116246
0.0116383
0.0116586
0.0116938
0.0117216
0.0117586
0.0117766
0.0117989
0.0118378
0.0118634
0.0118887
0.0118927
0.0119195
0.0119452
0.0119749
0.0120136
0.0120493
0.0120668
0.0121008
0.0121276
0.0121498
0.0121856
0.0122281
0.0122585
0.0122803
0.0123047
0.0123368
0.0123672
0.0123999
0.0124226
0.0124454
0.0124684
0.0125012
0.0125303
0.01256
0.0126009
0.0126266
0.012655
0.01268
0.0127184
0.0127562
0.012791
0.0128214
0.0128624
0.0128926
0.0129156
0.0129496
0.0129538
0.0129845
0.0130138
0.0130387
0.0130608
0.0130938
0.0131389
0.013174
0.0132021
0.0132359
0.0132827
0.013313
0.0133404
0.0133637
0.0133897
0.0134207
0.0134478
0.0134755
0.0135067
0.0135477
0.0135727
0.0135945
0.0136167
0.0136482
0.0136793
0.0137063
0.0137419
0.0137762
0.0138061
0.0138299
0.0138562
0.0138934
0.0139374
0.0139691
0.0139994
0.0140306
0.0140749
0.0141076
0.0141384
0.0141744
0.0141974
0.0142223
0.0142677
0.0142958
0.0142609
0.0143032
0.0143237
0.014349
0.0143732
0.0144121
0.0144439
0.0144877
0.0145235
0.014571
0.0146129
0.014644
0.0146913
0.0147309
0.014798
0.0148269
0.0148724
0.0149054
0.0149297
0.0149571
0.0149932
0.0150273
0.0150491
0.01507
0.0151
0.0151244
0.0151624
0.0151869
0.0152243
0.0152431
0.0152777
0.0153133
0.0153233
0.0153683
0.0154055
0.0154555
0.0154949
0.0155193
0.0155495
0.0155712
0.0156108
0.0156447
0.0156759
0.0157183
0.0157502
0.015786
0.0158146
0.0158475
0.0158942
0.0159295
0.01595
0.0160141
0.0160339
0.0160471
0.0160969
0.0161233
0.0161427
0.0161777
0.0162097
0.0162601
0.0162568
0.0163049
0.0163303
0.0163772
0.0163873
0.0164086
0.0164329
0.0164644
0.0165273
0.0165917
0.0166226
0.0166535
0.0166911
0.0167268
0.016764
0.0167932
0.0168388
0.0168705
0.0168989
0.0169247
0.0169635
0.0169897
0.0170345
0.0170843
0.0171112
0.0171477
0.0171869
0.01723
0.0172579
0.0172804
0.0173171
0.0173549
0.0173601
0.0173911
0.0174619
0.0174866
0.0175413
0.0175763
0.0176275
0.0176857
0.0177556
0.0177839
0.0178194
0.0178733
0.0178994
0.017938
0.0179677
0.0180186
0.0180483
0.0180849
0.0181124
0.0181327
0.0181628
0.0182021
0.018233
0.0182601
0.0182905
0.0183192
0.0183625
0.0184039
0.0184417
0.0184715
0.0185091
0.0185414
0.0185698
0.0185996
0.0186221
0.0186533
0.0186934
0.0187223
0.0187721
0.0187936
0.0188158
0.0188453
0.018868
0.0188995
0.0189571
0.0190052
0.0190312
0.0190637
0.0190838
0.0191416
0.0191727
0.0192115
0.0192356
0.0192693
0.0193096
0.0193334
0.0193625
0.0193914
0.0194269
0.019458
0.0194968
0.0195218
0.0195557
0.0195866
0.0196124
0.0196444
0.0196785
0.019732
0.0197533
0.0197907
0.0198273
0.019872
0.0199133
0.0199579
0.019988
0.0200131
0.0200381
0.0200866
0.0201043
0.0201513
0.0201712
0.0202233
0.0202436
0.0202987
0.020351
0.0203851
0.0203958
0.0204385
0.0204688
0.0205068
0.0205541
0.0205768
0.0206132
0.0206433
0.0206767
0.0207299
0.0207614
0.0207982
0.0208272
0.0208907
0.0209198
0.0209522
0.0209884
0.021033
0.0210666
0.0211018
0.0211321
0.0211668
0.0211929
0.0212144
0.021248
0.0212988
0.021328
0.0213727
0.0214032
0.0214355
0.0214627
0.0214906
0.0215436
0.021593
0.0216254
0.021665
0.0216835
0.0217151
0.0217721
0.021802
0.021847
0.021873
0.0219087
0.0219211
0.0219618
0.0219929
0.0220464
0.0220886
0.0221209
0.0221445
0.0222018
0.0222378
0.0222807
0.0223264
0.0223639
0.0223912
0.0224143
0.0224643
0.0225118
0.0225451
0.022594
0.0226492
0.022678
0.0227405
0.0227785
0.0228104
0.0228601
0.0228841
0.0228757
0.0229554
0.0229687
0.023008
0.0230475
0.0231048
0.0231546
0.023199
0.0232328
0.0232622
0.0232846
0.0233238
0.0233567
0.0234239
0.0234543
0.0234935
0.0235284
0.0235727
0.0236123
0.0236092
0.0236523
0.0236815
0.0237018
0.0237346
0.0237746
0.0238244
0.0239165
0.0239546
0.0239983
0.024015
0.0240328
0.0240705
0.024105
0.0241514
0.0241675
0.0241881
0.0242415
0.0242827
0.0243192
0.0243806
0.0244356
0.024482
0.024516
0.024566
0.0246075
0.0246594
0.0246869
0.0246942
0.0247884
0.0248225
0.0248553
0.0249003
0.0249333
0.0249964
0.0250546
0.0250983
0.0251367
0.025158
0.0251799
0.0252171
0.025259
0.0252838
0.0253233
0.0253631
0.0254195
0.0254666
0.0255058
0.0255419
0.0256152
0.0256455
0.0256814
0.025706
0.0257365
0.0257872
0.0258341
0.0258619
0.0259118
0.0259579
0.0259971
0.0260441
0.0260724
0.026108
0.0261784
0.0262226
0.0262615
0.0262689
0.0263709
0.0264078
0.0264209
0.0264584
0.0264851
0.0265291
0.0265628
0.0265938
0.026644
0.0266763
0.0267278
0.026801
0.0268522
0.0268897
0.026939
0.0269497
0.0269895
0.0270488
0.0271315
0.027176
0.0272159
0.0272739
0.0273502
0.0274123
0.0274307
0.0274424
0.0275041
0.0275431
0.0275601
0.0276355
0.0276754
0.0277146
0.0277498
0.0277895
0.0278232
0.0278836
0.0279293
0.0279879
0.0280448
0.0280838
0.0281321
0.0281848
0.0281896
0.0282312
0.028296
0.0283544
0.0283823
0.0284355
0.028516
0.0285736
0.0286137
0.0286517
0.0286884
0.0287196
0.0287749
0.0287928
0.0288257
0.0288821
0.0289325
0.0289931
0.0290269
0.029079
0.0291011
0.029156
0.0292168
0.0292749
0.0293206
0.0293989
0.0294184
0.0294629
0.0295026
0.0295648
0.0296336
0.0297242
0.0297801
0.0298063
0.0298328
0.029933
0.0299964
0.030035
0.0300996
0.0301473
0.0301957
0.0302333
0.0302789
0.0303169
0.0303282
0.0304078
0.0304582
0.0305378
0.0305954
0.030659
0.0307013
0.0307299
0.0307524
0.0308129
0.0309218
0.0309922
0.0309943
0.0310589
0.0311403
0.0312183
0.0312664
0.0313541
0.0314072
0.0315053
0.0315783
0.0315887
0.0315983
0.0316636
0.0317185
0.0318012
0.0318773
0.0319555
0.0319708
0.0321025
0.0321103
0.0322528
0.0323272
0.0323934
0.0324328
0.0325028
0.03256
0.0326333
0.0326951
0.0327111
0.0327651
0.0327259
0.0327413
0.0328023
0.0328611
0.0329454
0.0330544
0.0331727
0.0364102
0.0372362
0.0374055
0.0376297
0.037816
0.0378961
0.0379033
0.0381005
0.0383461
0.0384422
0.0383607
0.038664
0.0389469
0.0393233
0.0394771
0.0399175
0.0396248
0.0447419
0.0485623
0.0486524
0.0486753
0.0484783
0.0487455
0.0489621
0.0492625
0.0489176
0.0494375
0.0492672
0.0494292
0.0495317
0.0499428
0.0510703
0.0511133
0.0514834
0.0514743
0.0510879
0.051151
0.0506631
0.0507307
0.0505857
0.0506394
0.0506823
0.0507774
0.0509075
0.0510743
0.0513022
0.0515796
0.0462572
0.0464079
0.0461074
0.045731
0.045883
0.0458248
0.0457942
0.0456553
0.0457356
0.0457553
0.0458164
0.0459283
0.0424679
0.0424281
0.0423231
0.0423223
0.0423368
0.0423507
0.0424411
0.0425021
0.042623
0.0414414
0.0414734
0.0415523
0.0415818
0.0416559
0.0417796
0.0417455
0.0418843
0.0418019
0.0418832
0.0420485
0.0424176
0.0424814
0.0428143
0.0431643
0.0432786
0.0434044
0.0436334
0.0438244
0.0439786
