-4.98335
-4.98335
-4.98335
-4.98335
-4.98335
-4.98335
-4.98335
-4.98335
-4.98335
-4.98335
-4.98335
-4.98335
-4.98335
-4.98335
-4.98335
-4.98335
-4.98335
-4.98335
-4.98335
-4.98335
-4.98335
-4.98335
-4.98335
-4.98335
-4.98335
-4.98335
-4.98335
-4.98335
-4.98335
-4.98335
-4.98335
-4.98335
-4.98335
-4.98335
-4.98335
-4.98335
-4.98335
-4.98335
-4.98335
-4.98335
-4.98335
-4.98335
-4.98335
-4.98335
-4.98335
-4.98335
-4.98335
-4.98335
-4.98335
-4.98335
-4.98335
-4.98335
-4.98335
-4.98335
-4.98335
-4.98335
-4.98335
-4.98335
-4.98335
-4.98335
-4.98335
-4.98335
-4.98335
-4.98335
-4.98335
-4.98335
-4.98335
-4.98335
-4.98335
-4.98335
-4.98335
-4.98335
-4.98335
-4.98335
-4.98335
-4.98335
-4.98335
-4.98335
-4.98335
-4.98335
-4.98335
-4.98335
-4.98335
-4.98335
-4.98335
-4.98335
-4.98335
-4.98335
-4.98335
-4.98335
-4.98335
-4.98335
-4.98335
-4.98335
-4.98335
-4.98335
-4.98335
-4.98335
-4.98335
-4.98335
-4.98335
-4.98335
-4.98335
-4.98335
-4.98335
-4.98335
-4.98335
-4.98335
-4.98335
-4.98335
-4.98335
-4.98335
-4.98335
-4.98335
-4.98335
-4.98335
-4.98335
-4.98335
-4.98335
-4.98335
-4.98335
-4.98335
-4.98335
-4.98335
-4.98335
-4.98335
-4.98335
-4.98335
-4.98335
-4.98335
-4.98335
-4.98335
-4.98335
-4.98335
-4.98335
-4.98335
-4.98335
-4.98335
-4.98335
-4.98335
-4.98335
-4.98335
-4.98335
-4.98335
-4.98335
-4.98335
-4.98335
-4.98335
-4.98335
-4.98335
-4.98335
-4.98335
-4.98335
-4.98335
-4.98335
-4.98335
-4.98335
-4.98335
-4.98335
-4.98335
-4.98335
-4.98335
-4.98335
-4.98335
-4.98335
-4.98335
-4.98335
-4.98335
-4.98335
-4.98335
-4.98335
-4.98335
-4.98335
-4.98335
-4.98335
-4.98335
-4.98335
-4.98335
-4.98335
-4.98335
-4.98335
-4.98335
-4.98335
-4.98335
-4.98335
-4.98335
-4.98335
-4.98335
-4.98335
-4.98335
-4.98335
-4.98335
-4.98335
-4.98335
-4.98335
-4.98335
-4.98335
-4.98335
-4.98335
-4.98335
-4.98335
-4.98335
-4.98335
-4.98335
-4.98335
-4.98335
-4.98335
-4.98335
-4.98335
-4.98335
-4.98335
-4.98335
-4.98335
-4.98335
-4.98335
-4.98335
-4.98335
-4.98335
-4.98335
-4.98335
-4.98335
-4.98335
-4.98335
-4.98335
-4.98335
-4.98335
-4.98335
-4.98335
-4.98335
-4.98335
-4.98335
-4.98335
-4.98335
-4.98335
-4.98335
-4.98335
-4.98335
-4.98335
-4.98335
-4.98335
-4.98335
-4.98335
-4.98335
-4.98335
-4.98335
-4.98335
-4.98335
-4.98335
-4.98335
-4.98335
-4.98335
-4.98335
-4.98335
-4.98335
-4.98335
-4.98335
-4.98335
-4.98335
-4.98335
-4.98335
-4.98335
-4.98335
-4.98335
-4.98335
-4.98335
-4.98335
-4.98335
-4.98335
-4.98335
-4.98335
-4.98335
-4.98335
-4.98335
-4.98335
-4.98335
-4.98335
-4.98335
-4.98335
-4.98335
-4.98335
-4.98335
-4.98335
-4.98335
-4.98335
-4.98335
-4.98335
-4.98335
-4.98335
-4.98335
-4.98335
-4.98335
-4.98335
-4.98335
-4.98335
-4.98335
-4.98335
-4.98335
-4.98335
-4.98335
-4.98335
-4.98335
-4.98335
-4.98335
-4.98335
-4.98335
-4.98335
-4.98335
-4.98335
-4.98335
-4.98335
-4.98335
-4.98335
-4.98335
-4.98335
-4.98335
-4.98335
-4.98335
-4.98335
-4.98335
-4.98335
-4.98335
-4.98335
-4.98335
-4.98335
-4.98335
-4.98335
-4.98335
-4.98335
-4.98335
-4.98335
-4.98335
-4.98335
-4.98335
-4.98335
-4.98335
-4.98335
-4.98335
-4.98335
-4.98335
-4.98335
-4.98335
-4.98335
-4.98335
-4.98335
-4.98335
-4.98335
-4.98335
-4.98335
-4.98335
-4.98335
-4.98335
-4.98335
-4.98335
-4.98335
-4.98335
-4.98335
-4.98335
-4.98335
-4.98335
-4.98335
-4.98335
-4.98335
-4.98335
-4.98335
-4.98335
-4.98335
-4.98335
-4.98335
-4.98335
-4.98335
-4.98335
-4.98335
-4.98335
-4.98335
-4.98335
-4.98335
-4.98335
-4.98335
-4.98335
-4.98335
-4.98335
-4.98335
-4.98335
-4.98335
-4.98335
-4.98335
-4.98335
-4.98335
-4.98335
-4.98335
-4.98335
-4.98335
-4.98335
-4.98335
-4.98335
-4.98335
-4.98335
-4.98335
-4.98335
-4.98335
-4.98335
-4.98335
-4.98335
-4.98335
-4.98335
-4.98335
-4.98335
-4.98335
-4.98335
-4.98335
-4.98335
-4.98335
-4.98335
-4.98335
-4.98335
-4.98335
-4.98335
-4.98335
-4.98335
-4.98335
-4.98335
-4.98335
-4.98335
-4.98335
-4.98335
-4.98335
-4.98335
-4.98335
-4.98335
-4.98335
-4.98335
-4.98335
-4.98335
-4.98335
-4.98335
-4.98335
-4.98335
-4.98335
-4.98335
-4.98335
-4.98335
-4.98335
-4.98335
-4.98335
-4.98335
-4.98335
-4.98335
-4.98335
-4.98335
-4.98335
-4.98335
-4.98335
-4.98335
-4.98335
-4.98335
-4.98335
-4.98335
-4.98335
-4.98335
-4.98335
-4.98335
-4.98335
-4.98335
-4.98335
-4.98335
-4.98335
-4.98335
-4.98335
-4.98335
-4.98335
-4.98335
-4.98335
-4.98335
-4.98335
-4.98335
-4.98335
-4.98335
-4.98335
-4.98335
-4.98335
-4.98335
-4.98335
-4.98335
-4.98335
-4.98335
-4.98335
-4.98335
-4.98335
-4.98335
-4.98335
-4.98335
-4.98335
-4.98335
-4.98335
-4.98335
-4.98335
-4.98335
-4.98335
-4.98335
-4.98335
-4.98335
-4.98335
-4.98335
-4.98335
-4.98335
-4.98335
-4.98335
-4.98335
-4.98335
-4.98335
-4.98335
-4.98335
-4.98335
-4.98335
-4.98335
-4.98335
-4.98335
-4.98335
-4.98335
-4.98335
-4.98335
-4.98335
-4.98335
-4.98335
-4.98335
-4.98335
-4.98335
-4.98335
-4.98335
-4.98335
-4.98335
-4.98335
-4.98335
-4.98335
-4.98335
-4.98335
-4.98335
-4.98335
-4.98335
-4.98335
-4.98335
-4.98335
-4.98335
-4.98335
-4.98335
-4.98335
-4.98335
-4.98335
-4.98335
-4.98335
-4.98335
-4.98335
-4.98335
-4.98335
-4.98335
-4.98335
-4.98335
-4.98335
-4.98335
-4.98335
-4.98335
-4.98335
-4.98335
-4.98335
-4.98335
-4.98335
-4.98335
-4.98335
-4.98335
-4.98335
-4.98335
-4.98335
-4.98335
-4.98335
-4.98335
-4.98335
-4.98335
-4.98335
-4.98335
-4.98335
-4.98335
-4.98335
-4.98335
-4.98335
-4.98335
-4.98335
-4.98335
-4.98335
-4.98335
-4.98335
-4.98335
-4.98335
-4.98335
-4.98335
-4.98335
-4.98335
-4.98335
-4.98335
-4.98335
-4.98335
-4.98335
-4.98335
-4.98335
-4.98335
-4.98335
-4.98335
-4.98335
-4.98335
-4.98335
-4.98335
-4.98335
-4.98335
-4.98335
-4.98335
-4.98335
-4.98335
-4.98335
-4.98335
-4.98335
-4.98335
-4.98335
-4.98335
-4.98335
-4.98335
-4.98335
-4.98335
-4.98335
-4.98335
-4.98335
-4.98335
-4.98335
-4.98335
-4.98335
-4.98335
-4.98335
-4.98335
-4.98335
-4.98335
-4.98335
-4.98335
-4.98335
-4.98335
-4.98335
-4.98335
-4.98335
-4.98335
-4.98335
-4.98335
-4.98335
-4.98335
-4.98335
-4.98335
-4.98335
-4.98335
-4.98335
-4.98335
-4.98335
-4.98335
-4.98335
-4.98335
-4.98335
-4.98335
-4.98335
-4.98335
-4.98335
-4.98335
-4.98335
-4.98335
-4.98335
-4.98335
-4.98335
-4.98335
-4.98335
-4.98335
-4.98335
-4.98335
-4.98335
-4.98335
-4.98335
-4.98335
-4.98335
-4.98335
-4.98335
-4.98335
-4.98335
-4.98335
-4.98335
-4.98335
-4.98335
-4.98335
-4.98335
-4.98335
-4.98335
-4.98335
-4.98335
-4.98335
-4.98335
-4.98335
-4.98335
-4.98335
-4.98335
-4.98335
-4.98335
-4.98335
-4.98335
-4.98335
-4.98335
-4.98335
-4.98335
-4.98335
-4.98335
-4.98335
-4.98335
-4.98335
-4.98335
-4.98335
-4.98335
-4.98335
-4.98335
-4.98335
-4.98335
-4.98335
-4.98335
-4.98335
-4.98335
-4.98335
-4.98335
-4.98335
-4.98335
-4.98335
-4.98335
-4.98335
-4.98335
-4.98335
-4.98335
-4.98335
-4.98335
-4.98335
-4.98335
-4.98335
-4.98335
-4.98335
-4.98335
-4.98335
-4.98335
-4.98335
-4.98335
-4.98335
-4.98335
-4.98335
-4.98335
-4.98335
-4.98335
-4.98335
-4.98335
-4.98335
-4.98335
-4.98335
-4.98335
-4.98335
-4.98335
-4.98335
-4.98335
-4.98335
-4.98335
-4.98335
-4.98335
-4.98335
-4.98335
-4.98335
-4.98335
-4.98335
-4.98335
-4.98335
-4.98335
-4.98335
-4.98335
-4.98335
-4.98335
-4.98335
-4.98335
-4.98335
-4.98335
-4.98335
-4.98335
-4.98335
-4.98335
-4.98335
-4.98335
-4.98335
-4.98335
-4.98335
-4.98335
-4.98335
-4.98335
-4.98335
-4.98335
-4.98335
-4.98335
-4.98335
-4.98335
-4.98335
-4.98335
-4.98335
-4.98335
-4.98335
-4.98335
-4.98335
-4.98335
-4.98335
-4.98335
-4.98335
-4.98335
-4.98335
-4.98335
-4.98335
-4.98335
-4.98335
-4.98335
-4.98335
-4.98335
-4.98335
-4.98335
-4.98335
-4.98335
-4.98335
-4.98335
-4.98335
-4.98335
-4.98335
-4.98335
-4.98335
-4.98335
-4.98167
-4.98167
-4.98167
-4.98167
-4.98167
-4.98167
-4.98167
-4.98167
-4.98167
-4.98167
-4.98167
-4.98167
-4.98167
-4.98167
-4.98167
-4.98167
-4.98167
-4.98167
-4.98167
-4.98167
-4.98167
-4.98167
-4.98167
-4.98167
-4.98167
-4.98167
-4.98167
-4.98167
-4.98167
-4.98167
-4.98167
-4.98167
-4.98167
-4.98167
-4.98167
-4.98167
-4.98167
-4.98167
-4.98167
-4.98167
-4.98167
-4.98167
-4.98167
-4.98167
-4.98167
-4.98167
-4.98167
-4.98167
-4.98167
-4.98167
-4.98167
-4.98167
-4.98167
-4.98167
-4.98167
-4.98167
-4.98167
-4.98167
-4.98167
-4.98167
-4.98167
-4.98167
-4.98167
-4.98167
-4.98167
-4.98167
-4.98167
-4.98167
-4.98167
-4.98167
-4.98167
-4.98167
-4.98167
-4.98167
-4.98167
-4.98167
-4.98167
-4.98167
-4.98167
-4.98167
-4.98167
-4.98167
-4.98167
-4.98167
-4.98167
-4.98167
-4.98167
-4.98167
-4.98167
-4.98167
-4.98167
-4.98167
-4.98167
-4.98167
-4.98167
-4.98167
-4.98167
-4.98167
-4.98167
-4.98167
-4.98167
-4.98167
-4.98167
-4.98167
-4.98167
-4.98167
-4.98167
-4.98167
-4.98167
-4.98167
-4.98167
-4.98167
-4.98167
-4.98167
-4.98167
-4.98167
-4.98167
-4.98167
-4.98167
-4.98167
-4.98167
-4.98167
-4.98167
-4.98167
-4.98167
-4.98167
-4.98167
-4.98167
-4.98167
-4.98167
-4.98167
-4.98167
-4.98167
-4.98167
-4.98167
-4.98167
-4.98167
-4.98167
-4.98167
-4.98167
-4.98167
-4.98167
-4.98167
-4.98167
-4.98167
-4.98167
-4.98167
-4.98167
-4.98167
-4.98167
-4.98167
-4.98167
-4.98167
-4.98167
-4.98167
-4.98167
-4.98167
-4.98167
-4.98167
-4.98167
-4.98167
-4.98167
-4.98167
-4.98167
-4.98167
-4.98167
-4.98167
0.2442
0.244189
0.242827
0.241481
0.240136
0.238767
0.237425
0.23615
0.234871
0.233603
0.232313
0.231025
0.229743
0.228254
0.227088
0.22591
0.224734
0.223568
0.222401
0.221217
0.220052
0.218872
0.217429
0.216378
0.215308
0.21424
0.213172
0.212133
0.21105
0.209986
0.208924
0.20786
0.206621
0.205639
0.204654
0.203654
0.202678
0.201682
0.200691
0.199692
0.198696
0.197714
0.196705
0.195725
0.194691
0.193753
0.192826
0.191894
0.190945
0.190007
0.189074
0.188123
0.187185
0.186248
0.185317
0.184389
0.183484
0.182586
0.181671
0.180777
0.179878
0.178988
0.178097
0.177198
0.1763
0.175462
0.174518
0.173649
0.172793
0.171926
0.171063
0.170185
0.169324
0.168448
0.167574
0.166764
0.165872
0.16497
0.164127
0.163289
0.162455
0.161589
0.160741
0.159903
0.159054
0.15827
0.15739
0.156561
0.155726
0.154911
0.154087
0.153259
0.152454
0.151623
0.150831
0.150016
0.14917
0.148368
0.14756
0.14675
0.145947
0.145145
0.144344
0.143536
0.142751
0.141939
0.141167
0.14038
0.139581
0.138785
0.137984
0.137176
0.136397
0.135618
0.13481
0.13403
0.133239
0.132459
0.13167
0.130875
0.1301
0.12933
0.128549
0.127737
0.126972
0.126194
0.12542
0.124664
0.12389
0.123123
0.122362
0.121592
0.120818
0.120059
0.1193
0.118539
0.117784
0.117016
0.11627
0.115504
0.114742
0.113988
0.113237
0.112479
0.111728
0.110977
0.110226
0.109468
0.108709
0.107946
0.107198
0.106443
0.105687
0.104927
0.104172
0.103413
0.102654
0.101898
0.101136
0.100378
0.0996243
0.0988661
0.0981005
0.0973469
0.0965991
0.0958449
0.0950995
0.0943499
0.0936105
0.0928489
0.0921044
0.0913554
0.090612
0.0898606
0.0891155
0.0883753
0.0876321
0.0868925
0.0861577
0.0854144
0.0846947
0.0839597
0.0832117
0.0824788
0.0817627
0.0810346
0.0803063
0.0796049
0.0788799
0.0781737
0.0774639
0.0767494
0.0760404
0.0753604
0.074645
0.0739572
0.0732696
0.0725796
0.0718962
0.0712152
0.070531
0.069854
0.0691768
0.0685014
0.0678527
0.0671737
0.066511
0.0658499
0.0651923
0.0645303
0.0638911
0.0632334
0.0625858
0.0619453
0.0613013
0.0606714
0.0600262
0.0593914
0.0587639
0.0581355
0.057515
0.0568837
0.0562774
0.0556635
0.0550525
0.0544477
0.0538347
0.0532375
0.0526493
0.0520565
0.0514534
0.0508684
0.0502834
0.0497082
0.0491319
0.0485509
0.0479868
0.0474262
0.0468673
0.0463122
0.0457522
0.0452031
0.0446611
0.0441281
0.0435909
0.0430519
0.0425306
0.0420151
0.041507
0.040989
0.0404764
0.0399808
0.0394851
0.0389893
0.0384941
0.0380081
0.037534
0.0370588
0.0365874
0.0361136
0.0356557
0.0352026
0.0347428
0.0342857
0.0338473
0.0333921
0.0329518
0.0325179
0.0320754
0.031642
0.0312253
0.0308001
0.0303828
0.02996
0.0295485
0.0291479
0.0287423
0.0283442
0.0279412
0.0275591
0.0271722
0.0267856
0.026398
0.0260302
0.0256614
0.0252921
0.0249245
0.0245627
0.0242101
0.0238602
0.0235106
0.023153
0.0228208
0.0224851
0.0221553
0.0218191
0.0214897
0.0211758
0.0208581
0.0205424
0.0202203
0.019918
0.01962
0.0193161
0.019015
0.0187169
0.0184339
0.0181463
0.0178602
0.0175707
0.0173014
0.0170286
0.0167564
0.016486
0.0162139
0.0159589
0.0156982
0.0154404
0.0151765
0.0149314
0.0146806
0.0144338
0.0141873
0.0139418
0.0137046
0.0134639
0.0132297
0.0129932
0.0127667
0.0125398
0.0123157
0.0120847
0.0118659
0.0116487
0.0114317
0.011212
0.0109992
0.0107923
0.0105851
0.0103822
0.0101702
0.00997654
0.0097819
0.00958787
0.00939034
0.00920935
0.00902604
0.00884517
0.00866598
0.00848584
0.00831882
0.00814766
0.00797694
0.00780686
0.00765105
0.0074927
0.00733364
0.00717042
0.00702379
0.00687861
0.00673245
0.0065848
0.00643854
0.00629994
0.00616304
0.0060255
0.00588217
0.0057538
0.0056228
0.00549821
0.00536733
0.00524279
0.00511962
0.00499975
0.00487716
0.00475307
0.00463735
0.0045208
0.00440717
0.00429108
0.0041819
0.00407248
0.00396655
0.003859
0.00375268
0.00365254
0.00355251
0.00345439
0.00335588
0.0032562
0.00316498
0.00307393
0.0029815
0.00288904
0.00279988
0.00271732
0.00263167
0.00254807
0.00246311
0.00238042
0.00230091
0.00222397
0.00214451
0.00206602
0.00198904
0.00191783
0.00184674
0.00177313
0.00170212
0.00163017
0.00156113
0.0014942
0.00142777
0.00136085
0.00129353
0.00122881
0.00116634
0.00110558
0.00104091
0.000994024
0.000920427
0.000863946
0.000803671
0.000746946
0.000696965
0.000633649
0.000577069
0.00052477
0.000471855
0.000431385
0.000367348
0.000317424
0.000268596
0.0002191
0.000177825
0.000121723
7.81421e-05
3.27235e-05
-1.03072e-05
-5.45266e-05
-9.746e-05
-0.000134907
-0.000173284
-0.00021448
-0.000253158
-0.000287086
-0.00031995
-0.000355363
-0.00038592
-0.000419037
-0.000449485
-0.000476301
-0.000505549
-0.000529982
-0.000543766
-0.000584002
-0.000602197
-0.0006251
-0.000646185
-0.00066628
-0.000685246
-0.000697112
-0.000712227
-0.000726441
-0.000740344
-0.000754381
-0.000762143
-0.000769842
-0.000777618
-0.000783782
-0.000789818
-0.000793661
-0.000795412
-0.00079718
-0.000798598
-0.000799102
-0.000792768
-0.00079092
-0.000786775
-0.000781994
-0.000777234
-0.000767959
-0.000758502
-0.000749173
-0.000739731
-0.00070378
-0.000715151
-0.000700858
-0.00068644
-0.000672195
-0.000645255
-0.000636834
-0.000618033
-0.000601315
-0.000580451
-0.000551628
-0.000541165
-0.000518245
-0.000493255
-0.00047042
-0.000439839
-0.000422762
-0.000396156
-0.000369287
-0.000342451
-0.000315981
-0.000278452
-0.000258222
-0.000226339
-0.000195844
-0.000165348
-0.000120795
-0.000101943
-6.73636e-05
-3.0779e-05
4.28309e-06
4.0538e-05
9.32292e-05
0.000115241
0.000156422
0.00019633
0.000236034
0.000278715
0.000337141
0.000366289
0.000410562
0.000457932
0.000503862
0.000548119
0.000598531
0.000649621
0.000699202
0.000749142
0.000800052
0.000864314
0.000902331
0.000957282
0.00101366
0.00106802
0.00112102
0.00117767
0.00123562
0.00129461
0.00135391
0.00141264
0.00147238
0.00154503
0.00159485
0.00165789
0.00172248
0.00178536
0.00184773
0.00192621
0.00197899
0.00204761
0.00211513
0.00218437
0.00225114
0.00232113
0.00239189
0.00246549
0.00253737
0.00260972
0.00268376
0.00275544
0.00284874
0.00291013
0.00298666
0.00306602
0.00314301
0.00322244
0.00329993
0.00338237
0.00346558
0.00354798
0.00363169
0.0037132
0.00379418
0.00389763
0.00396444
0.00405364
0.00414061
0.00422703
0.00431633
0.00440205
0.00451231
0.00458508
0.00467747
0.00477172
0.00486312
0.00495774
0.00505173
0.005145
0.00524441
0.00534154
0.00544151
0.00553888
0.0056357
0.00573532
0.00583295
0.00595667
0.00603728
0.00614209
0.00624827
0.00635119
0.00645767
0.00656252
0.00666628
0.00679862
0.00688594
0.00699239
0.00710383
0.00721206
0.00732336
0.00743017
0.00753962
0.00765383
0.0077715
0.00788454
0.0080017
0.00811546
0.00822924
0.00834615
0.00846524
0.00858296
0.00870426
0.00882468
0.00894323
0.00906139
0.0091813
0.00930263
0.00942332
0.00956974
0.0096725
0.00979963
0.00992358
0.0100474
0.0101761
0.010299
0.0104236
0.0105508
0.0106833
0.0108109
0.0109418
0.011078
0.0112099
0.0113373
0.0114734
0.0116052
0.0117665
0.0118713
0.0120125
0.012154
0.012288
0.0124285
0.0125641
0.0127024
0.0128418
0.0130134
0.0131242
0.0132696
0.013417
0.0135593
0.013703
0.0138509
0.013995
0.0141393
0.0143256
0.0144816
0.0145953
0.014748
0.014902
0.0150533
0.0152091
0.0153618
0.0155125
0.0157109
0.0158688
0.015992
0.016153
0.0163189
0.0164772
0.0166411
0.0168045
0.0169657
0.0171306
0.0173351
0.0174662
0.0176367
0.0178053
0.0179777
0.0181511
0.0183186
0.0184906
0.0186652
0.0188767
0.0190197
0.0191989
0.0193758
0.0195562
0.019735
0.0199139
0.0200958
0.0202721
0.0204911
0.0206781
0.0208264
0.0210155
0.0212057
0.0213939
0.0215795
0.0217692
0.0219543
0.0221442
0.0223774
0.0225335
0.0227289
0.0229247
0.0231217
0.023324
0.0235169
0.0237142
0.0239093
0.0241109
0.0243663
0.0245195
0.024727
0.0249328
0.0251393
0.0253447
0.0255504
0.025756
0.0259618
0.026218
0.0263871
0.026602
0.0268157
0.02703
0.027247
0.0274605
0.0276817
0.0278979
0.0281128
0.0283875
0.0285507
0.0287753
0.0290054
0.0292285
0.0294561
0.029683
0.0299041
0.0301334
0.0303599
0.0306485
0.0308293
0.0310649
0.0313012
0.0315372
0.0317711
0.0320077
0.0322473
0.0324839
0.0327215
0.0330259
0.0332079
0.0334591
0.0337
0.0339547
0.0342024
0.0344452
0.034694
0.0349472
0.0351934
0.0355138
0.0357076
0.0359676
0.0362271
0.0364891
0.0367488
0.0370085
0.0372683
0.0375273
0.0377856
0.0381099
0.0383238
0.0385972
0.0388612
0.0391355
0.0394157
0.039681
0.0399563
0.0402285
0.0405005
0.0408459
0.041063
0.0413491
0.041635
0.0419203
0.0422048
0.0424816
0.0427627
0.0430478
0.043336
0.0437039
0.0439242
0.0442269
0.0445223
0.0448177
0.0451175
0.0454183
0.0457149
0.0460145
0.0463151
0.0466992
0.0469363
0.0472418
0.0475616
0.0478745
0.0481866
0.048503
0.0488155
0.0491293
0.0494438
0.0498574
0.0500979
0.0504328
0.0507591
0.0510887
0.0514217
0.051756
0.0520783
0.0524108
0.0527368
0.053169
0.0534272
0.0537836
0.054131
0.0544849
0.0548342
0.055184
0.0555366
0.0558852
0.05624
0.0566993
0.0569673
0.0573422
0.0577118
0.0580781
0.0584455
0.0588141
0.0591833
0.0595523
0.060036
0.0603211
0.0607153
0.0611047
0.0615022
0.0618975
0.0622872
0.0626821
0.0630717
0.0634724
0.0640059
0.0642931
0.0647107
0.0651355
0.0655417
0.0659608
0.0663748
0.0667892
0.067212
0.067634
0.0682548
0.0685441
0.0689951
0.0694439
0.069894
0.0703462
0.0707867
0.0712474
0.0716918
0.0723667
0.0726732
0.0731591
0.0736479
0.0741372
0.0746357
0.0751196
0.0756085
0.0762938
0.0766499
0.0771867
0.0777068
0.0782413
0.0787574
0.0792993
0.0798356
0.0805329
0.0809311
0.0814884
0.0820402
0.082622
0.083183
0.0837468
0.0843283
0.0849641
0.0854869
0.0861095
0.0867165
0.0873346
0.0879471
0.0885553
0.0891654
0.0899655
0.0904481
0.0910929
0.0917485
0.0924022
0.0930783
0.0937315
0.0943974
0.0952862
0.0957912
0.0964942
0.0972068
0.0979193
0.0986555
0.0993669
0.100353
0.100881
0.101663
0.102431
0.103215
0.104009
0.104795
0.105899
0.10646
0.107329
0.108186
0.10905
0.109923
0.110777
0.11173
0.112727
0.11371
0.114699
0.115659
0.116666
0.117762
0.118917
0.120054
0.12119
0.122327
0.123558
0.124867
0.126195
0.127533
0.128882
0.130431
0.131958
0.133524
0.135075
0.13686
0.138842
0.140812
0.142885
0.145369
0.147923
0.150912
0.153595
0.155983
0.158561
0.161308
0.164168
0.167171
0.170296
0.173703
0.177242
0.180976
0.184732
0.189729
0.193826
0.198645
0.203789
0.209375
0.215275
0.220582
0.22706
0.234222
0.241379
0.248587
0.257774
0.265417
0.275991
0.285173
0.297029
0.308645
0.322016
0.334086
0.351668
