Determining initial impinging trajectory...
Yhit = -0.287879
Determining lower impingement limit...
IndHit = 99, Yhit = -0.287879, Ymiss = -0.292042
IndHit = 66, Yhit = -0.289266, Ymiss = -0.289308
IndHit = 0, Yhit = -0.289308, Ymiss = -0.289308
Ylower = -0.289308
Determining upper impingement limit...
IndHit = 26, Yhit = -0.239591, Ymiss = -0.237679
IndHit = 96, Yhit = -0.237737, Ymiss = -0.237718
IndHit = 50, Yhit = -0.237727, Ymiss = -0.237727
Yupper = -0.237727
stagPtS = 1.008358, stagPtX = -0.000164, stagPtY = 0.000479
maxiter = 2000
ITER = 0	2500	2500
ITER = 1	2500	2500
ITER = 2	2500	2500
ITER = 3	2500	2500
ITER = 4	2500	2500
ITER = 5	2500	2500
ITER = 6	2500	2500
ITER = 7	2500	2500
ITER = 8	2500	2500
ITER = 9	2500	2500
ITER = 10	2500	2500
ITER = 11	2500	2500
ITER = 12	2500	2500
ITER = 13	2500	2500
ITER = 14	2500	2500
ITER = 15	2500	2500
ITER = 16	2500	2500
ITER = 17	2500	2500
ITER = 18	2500	2500
ITER = 19	2500	2500
ITER = 20	2500	2500
ITER = 21	2500	2500
ITER = 22	2500	2500
ITER = 23	2500	2500
ITER = 24	2500	2500
ITER = 25	2500	2500
ITER = 26	2500	2500
ITER = 27	2500	2500
ITER = 28	2500	2500
ITER = 29	2500	2500
ITER = 30	2500	2500
ITER = 31	2500	2500
ITER = 32	2500	2500
ITER = 33	2500	2500
ITER = 34	2500	2500
ITER = 35	2500	2500
ITER = 36	2500	2500
ITER = 37	2500	2500
ITER = 38	2500	2500
ITER = 39	2500	2500
ITER = 40	2500	2500
ITER = 41	2500	2500
ITER = 42	2500	2500
ITER = 43	2500	2500
ITER = 44	2500	2500
ITER = 45	2500	2500
ITER = 46	2500	2500
ITER = 47	2500	2500
ITER = 48	2500	2500
ITER = 49	2500	2500
ITER = 50	2500	2500
ITER = 51	2500	2500
ITER = 52	2500	2500
ITER = 53	2500	2500
ITER = 54	2500	2500
ITER = 55	2500	2500
ITER = 56	2500	2500
ITER = 57	2500	2500
ITER = 58	2500	2500
ITER = 59	2500	2500
ITER = 60	2500	2500
ITER = 61	2500	2500
ITER = 62	2500	2500
ITER = 63	2500	2500
ITER = 64	2500	2500
ITER = 65	2500	2500
ITER = 66	2500	2500
ITER = 67	2500	2500
ITER = 68	2500	2500
ITER = 69	2500	2500
ITER = 70	2500	2500
ITER = 71	2500	2500
ITER = 72	2500	2500
ITER = 73	2500	2500
ITER = 74	2500	2500
ITER = 75	2500	2500
ITER = 76	2500	2500
ITER = 77	2500	2500
ITER = 78	2500	2500
ITER = 79	2500	2500
ITER = 80	2500	2500
ITER = 81	2500	2500
ITER = 82	2500	2500
ITER = 83	2500	2500
ITER = 84	2500	2500
ITER = 85	2500	2500
ITER = 86	2500	2500
ITER = 87	2500	2500
ITER = 88	2500	2500
ITER = 89	2500	2500
ITER = 90	2500	2500
ITER = 91	2500	2500
ITER = 92	2500	2500
ITER = 93	2500	2500
ITER = 94	2500	2500
ITER = 95	2500	2500
ITER = 96	2500	2500
ITER = 97	2500	2500
ITER = 98	2500	2500
ITER = 99	2500	2500
ITER = 100	2500	2500
ITER = 101	2500	2500
ITER = 102	2500	2500
ITER = 103	2500	2500
ITER = 104	2500	2500
ITER = 105	2500	2500
ITER = 106	2500	2500
ITER = 107	2500	2500
ITER = 108	2500	2500
ITER = 109	2500	2500
ITER = 110	2500	2500
ITER = 111	2500	2500
ITER = 112	2500	2500
ITER = 113	2500	2500
ITER = 114	2500	2500
ITER = 115	2500	2500
ITER = 116	2500	2500
ITER = 117	2500	2500
ITER = 118	2500	2500
ITER = 119	2500	2500
ITER = 120	2500	2500
ITER = 121	2500	2500
ITER = 122	2500	2500
ITER = 123	2500	2500
ITER = 124	2500	2500
ITER = 125	2500	2500
ITER = 126	2500	2500
ITER = 127	2500	2500
ITER = 128	2500	2500
ITER = 129	2500	2500
ITER = 130	2500	2500
ITER = 131	2500	2500
ITER = 132	2500	2500
ITER = 133	2500	2500
ITER = 134	2500	2500
ITER = 135	2500	2500
ITER = 136	2500	2500
ITER = 137	2500	2500
ITER = 138	2500	2500
ITER = 139	2500	2500
ITER = 140	2500	2500
ITER = 141	2500	2500
ITER = 142	2500	2500
ITER = 143	2500	2500
ITER = 144	2500	2500
ITER = 145	2500	2500
ITER = 146	2500	2500
ITER = 147	2500	2500
ITER = 148	2500	2500
ITER = 149	2500	2500
ITER = 150	2500	2500
ITER = 151	2500	2500
ITER = 152	2500	2500
ITER = 153	2500	2500
ITER = 154	2500	2500
ITER = 155	2500	2500
ITER = 156	2500	2500
ITER = 157	2500	2500
ITER = 158	2500	2500
ITER = 159	2500	2500
ITER = 160	2500	2500
ITER = 161	2500	2500
ITER = 162	2500	2500
ITER = 163	2500	2500
ITER = 164	2500	2500
ITER = 165	2500	2500
ITER = 166	2500	2500
ITER = 167	2500	2500
ITER = 168	2500	2500
ITER = 169	2500	2500
ITER = 170	2500	2500
ITER = 171	2500	2500
ITER = 172	2500	2500
ITER = 173	2500	2500
ITER = 174	2500	2500
ITER = 175	2500	2500
ITER = 176	2500	2500
ITER = 177	2500	2500
ITER = 178	2500	2500
ITER = 179	2500	2500
ITER = 180	2500	2500
ITER = 181	2500	2500
ITER = 182	2500	2500
ITER = 183	2500	2500
ITER = 184	2500	2500
ITER = 185	2500	2500
ITER = 186	2500	2500
ITER = 187	2500	2500
ITER = 188	2500	2500
ITER = 189	2500	2500
ITER = 190	2500	2500
ITER = 191	2500	2500
ITER = 192	2500	2500
ITER = 193	2500	2500
ITER = 194	2500	2500
ITER = 195	2500	2500
ITER = 196	2500	2500
ITER = 197	2500	2500
ITER = 198	2500	2500
ITER = 199	2500	2500
ITER = 200	2500	2500
ITER = 201	2500	2500
ITER = 202	2500	2500
ITER = 203	2500	2500
ITER = 204	2500	2500
ITER = 205	2500	2500
ITER = 206	2500	2500
ITER = 207	2500	2500
ITER = 208	2500	2500
ITER = 209	2500	2500
ITER = 210	2500	2500
ITER = 211	2500	2500
ITER = 212	2500	2500
ITER = 213	2500	2500
ITER = 214	2500	2500
ITER = 215	2500	2500
ITER = 216	2500	2500
ITER = 217	2500	2500
ITER = 218	2500	2500
ITER = 219	2500	2500
ITER = 220	2500	2500
ITER = 221	2500	2500
ITER = 222	2500	2500
ITER = 223	2500	2500
ITER = 224	2500	2500
ITER = 225	2500	2500
ITER = 226	2500	2500
ITER = 227	2500	2500
ITER = 228	2500	2500
ITER = 229	2500	2500
ITER = 230	2500	2500
ITER = 231	2500	2500
ITER = 232	2500	2500
ITER = 233	2500	2500
ITER = 234	2500	2500
ITER = 235	2500	2500
ITER = 236	2500	2500
ITER = 237	2500	2500
ITER = 238	2500	2500
ITER = 239	2500	2500
ITER = 240	2500	2500
ITER = 241	2500	2500
ITER = 242	2500	2500
ITER = 243	2500	2500
ITER = 244	2500	2500
ITER = 245	2500	2500
ITER = 246	2500	2500
ITER = 247	2500	2500
ITER = 248	2500	2500
ITER = 249	2500	2500
ITER = 250	2500	2500
ITER = 251	2500	2500
ITER = 252	2500	2500
ITER = 253	2500	2500
ITER = 254	2500	2500
ITER = 255	2500	2500
ITER = 256	2500	2500
ITER = 257	2500	2500
ITER = 258	2500	2500
ITER = 259	2500	2500
ITER = 260	2500	2500
ITER = 261	2500	2500
ITER = 262	2500	2500
ITER = 263	2500	2500
ITER = 264	2500	2500
ITER = 265	2500	2500
ITER = 266	2500	2500
ITER = 267	2500	2500
ITER = 268	2500	2500
ITER = 269	2500	2500
ITER = 270	2500	2500
ITER = 271	2500	2500
ITER = 272	2500	2500
ITER = 273	2500	2500
ITER = 274	2500	2500
ITER = 275	2500	2500
ITER = 276	2500	2500
ITER = 277	2500	2500
ITER = 278	2500	2500
ITER = 279	2500	2500
ITER = 280	2500	2500
ITER = 281	2500	2500
ITER = 282	2500	2500
ITER = 283	2500	2500
ITER = 284	2500	2500
ITER = 285	2500	2500
ITER = 286	2500	2500
ITER = 287	2500	2500
ITER = 288	2500	2500
ITER = 289	2500	2500
ITER = 290	2500	2500
ITER = 291	2500	2500
ITER = 292	2500	2500
ITER = 293	2500	2500
ITER = 294	2500	2500
ITER = 295	2500	2500
ITER = 296	2500	2500
ITER = 297	2500	2500
ITER = 298	2500	2500
ITER = 299	2500	2500
ITER = 300	2500	2500
ITER = 301	2500	2500
ITER = 302	2500	2500
ITER = 303	2500	2500
ITER = 304	2500	2500
ITER = 305	2500	2500
ITER = 306	2500	2500
ITER = 307	2500	2500
ITER = 308	2500	2500
ITER = 309	2500	2500
ITER = 310	2500	2500
ITER = 311	2500	2500
ITER = 312	2500	2500
ITER = 313	2500	2500
ITER = 314	2500	2500
ITER = 315	2500	2500
ITER = 316	2500	2500
ITER = 317	2500	2500
ITER = 318	2500	2500
ITER = 319	2500	2500
ITER = 320	2500	2500
ITER = 321	2500	2500
ITER = 322	2500	2500
ITER = 323	2500	2500
ITER = 324	2500	2500
ITER = 325	2500	2500
ITER = 326	2500	2500
ITER = 327	2500	2500
ITER = 328	2500	2500
ITER = 329	2500	2500
ITER = 330	2500	2500
ITER = 331	2500	2500
ITER = 332	2500	2500
ITER = 333	2500	2500
ITER = 334	2500	2500
ITER = 335	2500	2500
ITER = 336	2500	2500
ITER = 337	2500	2500
ITER = 338	2500	2500
ITER = 339	2500	2500
ITER = 340	2500	2500
ITER = 341	2500	2500
ITER = 342	2500	2500
ITER = 343	2500	2500
ITER = 344	2500	2500
ITER = 345	2500	2500
ITER = 346	2500	2500
ITER = 347	2500	2500
ITER = 348	2500	2500
ITER = 349	2500	2500
ITER = 350	2500	2500
ITER = 351	2500	2500
ITER = 352	2500	2500
ITER = 353	2500	2500
ITER = 354	2500	2500
ITER = 355	2500	2500
ITER = 356	2500	2500
ITER = 357	2500	2500
ITER = 358	2500	2500
ITER = 359	2500	2500
ITER = 360	2500	2500
ITER = 361	2500	2500
ITER = 362	2500	2500
ITER = 363	2500	2500
ITER = 364	2500	2500
ITER = 365	2500	2500
ITER = 366	2500	2500
ITER = 367	2500	2500
ITER = 368	2500	2500
ITER = 369	2500	2500
ITER = 370	2500	2500
ITER = 371	2500	2500
ITER = 372	2500	2500
ITER = 373	2500	2500
ITER = 374	2500	2500
ITER = 375	2500	2500
ITER = 376	2500	2500
ITER = 377	2500	2500
ITER = 378	2500	2500
ITER = 379	2500	2500
ITER = 380	2500	2500
ITER = 381	2500	2500
ITER = 382	2500	2500
ITER = 383	2500	2500
ITER = 384	2500	2500
ITER = 385	2500	2500
ITER = 386	2500	2500
ITER = 387	2500	2500
ITER = 388	2500	2500
ITER = 389	2500	2500
ITER = 390	2500	2500
ITER = 391	2500	2500
ITER = 392	2500	2500
ITER = 393	2500	2500
ITER = 394	2500	2500
ITER = 395	2500	2500
ITER = 396	2500	2500
ITER = 397	2500	2500
ITER = 398	2500	2500
ITER = 399	2500	2500
ITER = 400	2500	2500
ITER = 401	2500	2500
ITER = 402	2500	2500
ITER = 403	2500	2500
ITER = 404	2500	2500
ITER = 405	2500	2500
ITER = 406	2500	2500
ITER = 407	2500	2500
ITER = 408	2500	2500
ITER = 409	2500	2500
ITER = 410	2500	2500
ITER = 411	2500	2500
ITER = 412	2500	2500
ITER = 413	2500	2500
ITER = 414	2500	2500
ITER = 415	2500	2500
ITER = 416	2500	2500
ITER = 417	2500	2500
ITER = 418	2500	2500
ITER = 419	2500	2500
ITER = 420	2500	2500
ITER = 421	2500	2500
ITER = 422	2500	2500
ITER = 423	2500	2500
ITER = 424	2500	2500
ITER = 425	2500	2500
ITER = 426	2500	2500
ITER = 427	2500	2500
ITER = 428	2500	2500
ITER = 429	2500	2500
ITER = 430	2500	2500
ITER = 431	2500	2500
ITER = 432	2500	2500
ITER = 433	2500	2500
ITER = 434	2500	2500
ITER = 435	2500	2500
ITER = 436	2500	2500
ITER = 437	2500	2500
ITER = 438	2500	2500
ITER = 439	2500	2500
ITER = 440	2500	2500
ITER = 441	2500	2500
ITER = 442	2500	2500
ITER = 443	2500	2500
ITER = 444	2500	2500
ITER = 445	2500	2500
ITER = 446	2500	2500
ITER = 447	2500	2500
ITER = 448	2500	2500
ITER = 449	2500	2500
ITER = 450	2500	2500
ITER = 451	2500	2500
ITER = 452	2500	2500
ITER = 453	2500	2500
ITER = 454	2500	2500
ITER = 455	2500	2500
ITER = 456	2500	2500
ITER = 457	2500	2500
ITER = 458	2500	2500
ITER = 459	2500	2500
ITER = 460	2500	2500
ITER = 461	2500	2500
ITER = 462	2500	2500
ITER = 463	2500	2500
ITER = 464	2500	2500
ITER = 465	2500	2500
ITER = 466	2500	2500
ITER = 467	2500	2500
ITER = 468	2500	2500
ITER = 469	2500	2500
ITER = 470	2500	2500
ITER = 471	2500	2500
ITER = 472	2500	2500
ITER = 473	2500	2500
ITER = 474	2500	2500
ITER = 475	2500	2500
ITER = 476	2500	2500
ITER = 477	2500	2500
ITER = 478	2500	2500
ITER = 479	2500	2500
ITER = 480	2500	2500
ITER = 481	2500	2500
ITER = 482	2500	2500
ITER = 483	2500	2500
ITER = 484	2500	2500
ITER = 485	2500	2500
ITER = 486	2500	2500
ITER = 487	2500	2500
ITER = 488	2500	2500
ITER = 489	2500	2500
ITER = 490	2500	2500
ITER = 491	2500	2500
ITER = 492	2500	2500
ITER = 493	2500	2500
ITER = 494	2500	2500
ITER = 495	2500	2500
ITER = 496	2500	2500
ITER = 497	2500	2500
ITER = 498	2500	2500
ITER = 499	2500	2500
ITER = 500	2500	2500
ITER = 501	2500	2500
ITER = 502	2500	2500
ITER = 503	2500	2500
ITER = 504	2500	2500
ITER = 505	2500	2500
ITER = 506	2500	2500
ITER = 507	2500	2500
ITER = 508	2500	2500
ITER = 509	2500	2500
ITER = 510	2500	2500
ITER = 511	2500	2500
ITER = 512	2500	2500
ITER = 513	2500	2500
ITER = 514	2500	2500
ITER = 515	2500	2500
ITER = 516	2500	2500
ITER = 517	2500	2500
ITER = 518	2500	2500
ITER = 519	2500	2500
ITER = 520	2500	2500
ITER = 521	2500	2500
ITER = 522	2500	2500
ITER = 523	2500	2500
ITER = 524	2500	2500
ITER = 525	2500	2500
ITER = 526	2500	2500
ITER = 527	2500	2500
ITER = 528	2500	2500
ITER = 529	2500	2500
ITER = 530	2500	2500
ITER = 531	2500	2500
ITER = 532	2500	2500
ITER = 533	2500	2500
ITER = 534	2500	2500
ITER = 535	2500	2500
ITER = 536	2500	2500
ITER = 537	2500	2500
ITER = 538	2500	2500
ITER = 539	2500	2500
ITER = 540	2500	2500
ITER = 541	2500	2500
ITER = 542	2500	2500
ITER = 543	2500	2500
ITER = 544	2500	2500
ITER = 545	2500	2500
ITER = 546	2500	2500
ITER = 547	2500	2500
ITER = 548	2500	2500
ITER = 549	2500	2500
ITER = 550	2500	2500
ITER = 551	2500	2500
ITER = 552	2500	2500
ITER = 553	2500	2500
ITER = 554	2500	2500
ITER = 555	2500	2500
ITER = 556	2500	2500
ITER = 557	2500	2500
ITER = 558	2500	2500
ITER = 559	2500	2500
ITER = 560	2500	2500
ITER = 561	2500	2500
ITER = 562	2500	2500
ITER = 563	2500	2500
ITER = 564	2500	2500
ITER = 565	2500	2500
ITER = 566	2500	2500
ITER = 567	2500	2500
ITER = 568	2500	2500
ITER = 569	2500	2500
ITER = 570	2500	2500
ITER = 571	2500	2500
ITER = 572	2500	2500
ITER = 573	2500	2500
ITER = 574	2500	2500
ITER = 575	2500	2500
ITER = 576	2500	2500
ITER = 577	2500	2500
ITER = 578	2500	2500
ITER = 579	2500	2500
ITER = 580	2500	2500
ITER = 581	2500	2500
ITER = 582	2500	2500
ITER = 583	2500	2500
ITER = 584	2500	2500
ITER = 585	2500	2500
ITER = 586	2500	2500
ITER = 587	2500	2500
ITER = 588	2500	2500
ITER = 589	2500	2500
ITER = 590	2500	2500
ITER = 591	2500	2500
ITER = 592	2500	2500
ITER = 593	2500	2500
ITER = 594	2500	2500
ITER = 595	2500	2500
ITER = 596	2500	2500
ITER = 597	2500	2500
ITER = 598	2500	2500
ITER = 599	2500	2500
ITER = 600	2500	2500
ITER = 601	2500	2500
ITER = 602	2500	2500
ITER = 603	2500	2500
ITER = 604	2500	2500
ITER = 605	2500	2500
ITER = 606	2500	2500
ITER = 607	2500	2500
ITER = 608	2500	2500
ITER = 609	2500	2500
ITER = 610	2500	2500
ITER = 611	2500	2500
ITER = 612	2500	2500
ITER = 613	2500	2500
ITER = 614	2500	2500
ITER = 615	2500	2500
ITER = 616	2500	2500
ITER = 617	2500	2500
ITER = 618	2500	2500
ITER = 619	2500	2500
ITER = 620	2500	2500
ITER = 621	2500	2500
ITER = 622	2500	2500
ITER = 623	2500	2500
ITER = 624	2500	2500
ITER = 625	2500	2500
ITER = 626	2500	2500
ITER = 627	2500	2500
ITER = 628	2500	2500
ITER = 629	2500	2500
ITER = 630	2500	2500
ITER = 631	2500	2500
ITER = 632	2500	2500
ITER = 633	2500	2500
ITER = 634	2500	2500
ITER = 635	2500	2500
ITER = 636	2500	2500
ITER = 637	2500	2500
ITER = 638	2500	2500
ITER = 639	2500	2500
ITER = 640	2500	2500
ITER = 641	2500	2500
ITER = 642	2500	2500
ITER = 643	2500	2500
ITER = 644	2500	2500
ITER = 645	2500	2500
ITER = 646	2500	2500
ITER = 647	2500	2500
ITER = 648	2500	2500
ITER = 649	2500	2500
ITER = 650	2500	2500
ITER = 651	2500	2500
ITER = 652	2500	2500
ITER = 653	2500	2500
ITER = 654	2500	2500
ITER = 655	2500	2500
ITER = 656	2500	2500
ITER = 657	2500	2500
ITER = 658	2500	2500
ITER = 659	2500	2500
ITER = 660	2500	2500
ITER = 661	2500	2500
ITER = 662	2500	2500
ITER = 663	2500	2500
ITER = 664	2500	2500
ITER = 665	2500	2500
ITER = 666	2500	2500
ITER = 667	2500	2500
ITER = 668	2500	2500
ITER = 669	2500	2500
ITER = 670	2500	2500
ITER = 671	2500	2500
ITER = 672	2500	2500
ITER = 673	2500	2500
ITER = 674	2500	2500
ITER = 675	2500	2500
ITER = 676	2500	2500
ITER = 677	2500	2500
ITER = 678	2500	2500
ITER = 679	2500	2500
ITER = 680	2500	2500
ITER = 681	2500	2500
ITER = 682	2500	2500
ITER = 683	2500	2500
ITER = 684	2500	2500
ITER = 685	2500	2500
ITER = 686	2500	2500
ITER = 687	2500	2500
ITER = 688	2500	2500
ITER = 689	2500	2500
ITER = 690	2500	2500
ITER = 691	2500	2500
ITER = 692	2500	2500
ITER = 693	2500	2500
ITER = 694	2500	2500
ITER = 695	2500	2500
ITER = 696	2500	2500
ITER = 697	2500	2500
ITER = 698	2500	2500
ITER = 699	2500	2500
ITER = 700	2500	2500
ITER = 701	2500	2500
ITER = 702	2500	2500
ITER = 703	2500	2500
ITER = 704	2500	2500
ITER = 705	2500	2500
ITER = 706	2500	2500
ITER = 707	2500	2500
ITER = 708	2500	2500
ITER = 709	2500	2500
ITER = 710	2500	2500
ITER = 711	2500	2500
ITER = 712	2500	2500
ITER = 713	2500	2500
ITER = 714	2500	2500
ITER = 715	2500	2500
ITER = 716	2500	2500
ITER = 717	2500	2500
ITER = 718	2500	2500
ITER = 719	2500	2500
ITER = 720	2500	2500
ITER = 721	2500	2500
ITER = 722	2500	2500
ITER = 723	2500	2500
ITER = 724	2500	2500
ITER = 725	2500	2500
ITER = 726	2500	2500
ITER = 727	2500	2500
ITER = 728	2500	2500
ITER = 729	2500	2500
ITER = 730	2500	2500
ITER = 731	2500	2500
ITER = 732	2500	2500
ITER = 733	2500	2500
ITER = 734	2500	2500
ITER = 735	2500	2500
ITER = 736	2500	2500
ITER = 737	2500	2500
ITER = 738	2500	2500
ITER = 739	2500	2500
ITER = 740	2500	2500
ITER = 741	2500	2500
ITER = 742	2500	2500
ITER = 743	2500	2500
ITER = 744	2500	2500
ITER = 745	2500	2500
ITER = 746	2500	2500
ITER = 747	2500	2500
ITER = 748	2500	2500
ITER = 749	2500	2500
ITER = 750	2500	2500
ITER = 751	2500	2500
ITER = 752	2500	2500
ITER = 753	2500	2500
ITER = 754	2500	2500
ITER = 755	2500	2500
ITER = 756	2500	2500
ITER = 757	2500	2500
ITER = 758	2500	2500
ITER = 759	2500	2500
ITER = 760	2500	2500
ITER = 761	2500	2500
ITER = 762	2500	2500
ITER = 763	2500	2500
ITER = 764	2500	2500
ITER = 765	2500	2500
ITER = 766	2500	2500
ITER = 767	2500	2500
ITER = 768	2500	2500
ITER = 769	2500	2500
ITER = 770	2500	2500
ITER = 771	2500	2500
ITER = 772	2500	2500
ITER = 773	2500	2500
ITER = 774	2500	2500
ITER = 775	2500	2500
ITER = 776	2500	2500
ITER = 777	2500	2500
ITER = 778	2500	2500
ITER = 779	2500	2500
ITER = 780	2500	2500
ITER = 781	2500	2500
ITER = 782	2500	2500
ITER = 783	2500	2500
ITER = 784	2500	2500
ITER = 785	2500	2500
ITER = 786	2500	2500
ITER = 787	2500	2500
ITER = 788	2500	2500
ITER = 789	2500	2500
ITER = 790	2500	2500
ITER = 791	2500	2500
ITER = 792	2500	2500
ITER = 793	2500	2500
ITER = 794	2500	2500
ITER = 795	2500	2500
ITER = 796	2500	2500
ITER = 797	2500	2500
ITER = 798	2500	2500
ITER = 799	2500	2500
ITER = 800	2500	2500
ITER = 801	2500	2500
ITER = 802	2500	2500
ITER = 803	2500	2500
ITER = 804	2500	2500
ITER = 805	2500	2500
ITER = 806	2500	2500
ITER = 807	2500	2500
ITER = 808	2500	2500
ITER = 809	2500	2470
ITER = 810	2500	2375
ITER = 811	2500	2307
ITER = 812	2500	2264
ITER = 813	2500	2218
ITER = 814	2500	2173
ITER = 815	2500	2123
ITER = 816	2500	2094
ITER = 817	2500	2054
ITER = 818	2500	2035
ITER = 819	2500	2014
ITER = 820	2500	1988
ITER = 821	2500	1963
ITER = 822	2500	1947
ITER = 823	2500	1922
ITER = 824	2500	1901
ITER = 825	2500	1882
ITER = 826	2500	1858
ITER = 827	2500	1846
ITER = 828	2500	1832
ITER = 829	2500	1810
ITER = 830	2500	1799
ITER = 831	2500	1786
ITER = 832	2500	1762
ITER = 833	2500	1750
ITER = 834	2500	1736
ITER = 835	2500	1723
ITER = 836	2500	1708
ITER = 837	2500	1696
ITER = 838	2500	1679
ITER = 839	2500	1667
ITER = 840	2500	1650
ITER = 841	2500	1635
ITER = 842	2500	1623
ITER = 843	2500	1610
ITER = 844	2500	1589
ITER = 845	2500	1577
ITER = 846	2500	1568
ITER = 847	2500	1556
ITER = 848	2500	1543
ITER = 849	2500	1528
ITER = 850	2500	1519
ITER = 851	2500	1504
ITER = 852	2500	1495
ITER = 853	2500	1483
ITER = 854	2500	1473
ITER = 855	2500	1463
ITER = 856	2500	1447
ITER = 857	2500	1436
ITER = 858	2500	1430
ITER = 859	2500	1418
ITER = 860	2500	1405
ITER = 861	2500	1397
ITER = 862	2500	1386
ITER = 863	2500	1376
ITER = 864	2500	1363
ITER = 865	2500	1358
ITER = 866	2500	1347
ITER = 867	2500	1335
ITER = 868	2500	1322
ITER = 869	2500	1317
ITER = 870	2500	1309
ITER = 871	2500	1297
ITER = 872	2500	1289
ITER = 873	2500	1281
ITER = 874	2500	1269
ITER = 875	2500	1262
ITER = 876	2500	1254
ITER = 877	2500	1245
ITER = 878	2500	1237
ITER = 879	2500	1225
ITER = 880	2500	1217
ITER = 881	2500	1211
ITER = 882	2500	1203
ITER = 883	2500	1187
ITER = 884	2500	1177
ITER = 885	2500	1172
ITER = 886	2500	1164
ITER = 887	2500	1154
ITER = 888	2500	1143
ITER = 889	2500	1135
ITER = 890	2500	1129
ITER = 891	2500	1119
ITER = 892	2500	1112
ITER = 893	2500	1106
ITER = 894	2500	1095
ITER = 895	2500	1084
ITER = 896	2500	1074
ITER = 897	2500	1066
ITER = 898	2500	1058
ITER = 899	2500	1051
ITER = 900	2500	1044
ITER = 901	2500	1032
ITER = 902	2500	1030
ITER = 903	2500	1018
ITER = 904	2500	1011
ITER = 905	2500	1002
ITER = 906	2500	997
ITER = 907	2500	985
ITER = 908	2500	974
ITER = 909	2500	972
ITER = 910	2500	964
ITER = 911	2500	956
ITER = 912	2500	949
ITER = 913	2500	941
ITER = 914	2500	933
ITER = 915	2500	924
ITER = 916	2500	918
ITER = 917	2500	917
ITER = 918	2500	911
ITER = 919	2500	904
ITER = 920	2500	897
ITER = 921	2500	889
ITER = 922	2500	884
ITER = 923	2500	870
ITER = 924	2500	864
ITER = 925	2500	859
ITER = 926	2500	856
ITER = 927	2500	854
ITER = 928	2500	846
ITER = 929	2500	841
ITER = 930	2500	834
ITER = 931	2500	829
ITER = 932	2500	818
ITER = 933	2500	811
ITER = 934	2500	805
ITER = 935	2500	800
ITER = 936	2500	798
ITER = 937	2500	795
ITER = 938	2500	787
ITER = 939	2500	780
ITER = 940	2500	777
ITER = 941	2500	771
ITER = 942	2500	766
ITER = 943	2500	756
ITER = 944	2500	750
ITER = 945	2500	746
ITER = 946	2500	739
ITER = 947	2500	736
ITER = 948	2500	734
ITER = 949	2500	727
ITER = 950	2500	723
ITER = 951	2500	717
ITER = 952	2500	712
ITER = 953	2500	708
ITER = 954	2500	700
ITER = 955	2500	693
ITER = 956	2500	689
ITER = 957	2500	682
ITER = 958	2500	681
ITER = 959	2500	679
ITER = 960	2500	675
ITER = 961	2500	669
ITER = 962	2500	662
ITER = 963	2500	659
ITER = 964	2500	654
ITER = 965	2500	651
ITER = 966	2500	642
ITER = 967	2500	636
ITER = 968	2500	632
ITER = 969	2500	625
ITER = 970	2500	623
ITER = 971	2500	621
ITER = 972	2500	617
ITER = 973	2500	615
ITER = 974	2500	609
ITER = 975	2500	605
ITER = 976	2500	602
ITER = 977	2500	597
ITER = 978	2500	593
ITER = 979	2500	584
ITER = 980	2500	580
ITER = 981	2500	577
ITER = 982	2500	570
ITER = 983	2500	565
ITER = 984	2500	563
ITER = 985	2500	561
ITER = 986	2500	557
ITER = 987	2500	553
ITER = 988	2500	550
ITER = 989	2500	549
ITER = 990	2500	543
ITER = 991	2500	539
ITER = 992	2500	533
ITER = 993	2500	528
ITER = 994	2500	522
ITER = 995	2500	519
ITER = 996	2500	513
ITER = 997	2500	506
ITER = 998	2500	504
ITER = 999	2500	502
ITER = 1000	2500	498
ITER = 1001	2500	497
ITER = 1002	2500	491
ITER = 1003	2500	489
ITER = 1004	2500	486
ITER = 1005	2500	483
ITER = 1006	2500	481
ITER = 1007	2500	477
ITER = 1008	2500	472
ITER = 1009	2500	467
ITER = 1010	2500	463
ITER = 1011	2500	458
ITER = 1012	2500	451
ITER = 1013	2500	445
ITER = 1014	2500	444
ITER = 1015	2500	442
ITER = 1016	2500	440
ITER = 1017	2500	438
ITER = 1018	2500	435
ITER = 1019	2500	432
ITER = 1020	2500	428
ITER = 1021	2500	425
ITER = 1022	2500	422
ITER = 1023	2500	419
ITER = 1024	2500	413
ITER = 1025	2500	408
ITER = 1026	2500	404
ITER = 1027	2500	400
ITER = 1028	2500	394
ITER = 1029	2500	391
ITER = 1030	2500	387
ITER = 1031	2500	384
ITER = 1032	2500	383
ITER = 1033	2500	381
ITER = 1034	2500	377
ITER = 1035	2500	375
ITER = 1036	2500	369
ITER = 1037	2500	366
ITER = 1038	2500	365
ITER = 1039	2500	362
ITER = 1040	2500	360
ITER = 1041	2500	356
ITER = 1042	2500	349
ITER = 1043	2500	345
ITER = 1044	2500	342
ITER = 1045	2500	340
ITER = 1046	2500	337
ITER = 1047	2500	332
ITER = 1048	2500	329
ITER = 1049	2500	325
ITER = 1050	2500	322
ITER = 1051	2500	321
ITER = 1052	2500	319
ITER = 1053	2500	317
ITER = 1054	2500	315
ITER = 1055	2500	311
ITER = 1056	2500	309
ITER = 1057	2500	307
ITER = 1058	2500	302
ITER = 1059	2500	300
ITER = 1060	2500	296
ITER = 1061	2500	294
ITER = 1062	2500	289
ITER = 1063	2500	285
ITER = 1064	2500	282
ITER = 1065	2500	279
ITER = 1066	2500	276
ITER = 1067	2500	273
ITER = 1068	2500	270
ITER = 1069	2500	267
ITER = 1070	2500	263
ITER = 1071	2500	261
ITER = 1072	2500	258
ITER = 1073	2500	256
ITER = 1074	2500	254
ITER = 1075	2500	253
ITER = 1076	2500	250
ITER = 1077	2500	248
ITER = 1078	2500	245
ITER = 1079	2500	243
ITER = 1080	2500	238
ITER = 1081	2500	236
ITER = 1082	2500	233
ITER = 1083	2500	230
ITER = 1084	2500	224
ITER = 1085	2500	220
ITER = 1086	2500	217
ITER = 1087	2500	214
ITER = 1088	2500	211
ITER = 1089	2500	208
ITER = 1090	2500	206
ITER = 1091	2500	203
ITER = 1092	2500	201
ITER = 1093	2500	198
ITER = 1094	2500	197
ITER = 1095	2500	195
ITER = 1096	2500	194
ITER = 1097	2500	191
ITER = 1098	2500	190
ITER = 1099	2500	189
ITER = 1100	2500	186
ITER = 1101	2500	184
ITER = 1102	2500	181
ITER = 1103	2500	178
ITER = 1104	2500	176
ITER = 1105	2500	172
ITER = 1106	2500	171
ITER = 1107	2500	169
ITER = 1108	2500	166
ITER = 1109	2500	161
ITER = 1110	2500	159
ITER = 1111	2500	156
ITER = 1112	2500	154
ITER = 1113	2500	151
ITER = 1114	2500	148
ITER = 1115	2500	146
ITER = 1116	2500	143
ITER = 1117	2500	140
ITER = 1118	2500	137
ITER = 1119	2500	136
ITER = 1120	2500	135
ITER = 1121	2500	132
ITER = 1122	2500	129
ITER = 1123	2500	128
ITER = 1124	2500	126
ITER = 1125	2500	124
ITER = 1126	2500	123
ITER = 1127	2500	122
ITER = 1128	2500	120
ITER = 1129	2500	118
ITER = 1130	2500	113
ITER = 1131	2500	112
ITER = 1132	2500	109
ITER = 1133	2500	108
ITER = 1134	2500	105
ITER = 1135	2500	102
ITER = 1136	2500	99
ITER = 1137	2500	97
ITER = 1138	2500	94
ITER = 1139	2500	91
ITER = 1140	2500	89
ITER = 1141	2500	88
ITER = 1142	2500	87
ITER = 1143	2500	84
ITER = 1144	2500	81
ITER = 1145	2500	80
ITER = 1146	2500	78
ITER = 1147	2500	75
ITER = 1148	2500	74
ITER = 1149	2500	73
ITER = 1150	2500	72
ITER = 1151	2500	71
ITER = 1152	2500	68
ITER = 1153	2500	67
ITER = 1154	2500	65
ITER = 1155	2500	64
ITER = 1156	2500	62
ITER = 1157	2500	59
ITER = 1158	2500	57
ITER = 1159	2500	57
ITER = 1160	2500	56
ITER = 1161	2500	54
ITER = 1162	2500	53
ITER = 1163	2500	48
ITER = 1164	2500	47
ITER = 1165	2500	46
ITER = 1166	2500	43
ITER = 1167	2500	41
ITER = 1168	2500	38
ITER = 1169	2500	38
ITER = 1170	2500	37
ITER = 1171	2500	36
ITER = 1172	2500	34
ITER = 1173	2500	33
ITER = 1174	2500	33
ITER = 1175	2500	32
ITER = 1176	2500	31
ITER = 1177	2500	30
ITER = 1178	2500	28
ITER = 1179	2500	28
ITER = 1180	2500	27
ITER = 1181	2500	27
ITER = 1182	2500	27
ITER = 1183	2500	27
ITER = 1184	2500	26
ITER = 1185	2500	25
ITER = 1186	2500	25
ITER = 1187	2500	24
ITER = 1188	2500	24
ITER = 1189	2500	24
ITER = 1190	2500	23
ITER = 1191	2500	23
ITER = 1192	2500	22
ITER = 1193	2500	21
ITER = 1194	2500	21
ITER = 1195	2500	19
ITER = 1196	2500	19
ITER = 1197	2500	17
ITER = 1198	2500	16
ITER = 1199	2500	16
ITER = 1200	2500	15
ITER = 1201	2500	14
ITER = 1202	2500	14
ITER = 1203	2500	13
ITER = 1204	2500	13
ITER = 1205	2500	11
ITER = 1206	2500	11
ITER = 1207	2500	10
ITER = 1208	2500	9
ITER = 1209	2500	8
ITER = 1210	2500	5
ITER = 1211	2500	5
ITER = 1212	2500	3
ITER = 1213	2500	1
ITER = 1214	2500	1
ITER = 1215	2500	1
ITER = 1216	2500	1
ITER = 1217	2500	1
ITER = 1218	2500	1
ITER = 1219	2500	1
ITER = 1220	2500	1
ITER = 1221	2500	1
ITER = 1222	2500	1
ITER = 1223	2500	1
ITER = 1224	2500	1
ITER = 1225	2500	1
ITER = 1226	2500	1
ITER = 1227	2500	1
ITER = 1228	2500	1
ITER = 1229	2500	1
ITER = 1230	2500	1
ITER = 1231	2500	1
ITER = 1232	2500	1
ITER = 1233	2500	1
ITER = 1234	2500	1
ITER = 1235	2500	1
