-0.171273
-0.171273
-0.171273
-0.171273
-0.171273
-0.171273
-0.171273
-0.171273
-0.171273
-0.171273
-0.171273
-0.171273
-0.171273
-0.171273
-0.171273
-0.171273
-0.171273
-0.171273
-0.171273
-0.171273
-0.171273
-0.171273
-0.171273
-0.171273
-0.171273
-0.171273
-0.171273
-0.171273
-0.171273
-0.171273
-0.171273
-0.171273
-0.171273
-0.171273
-0.171273
-0.171273
-0.171273
-0.171273
-0.171273
-0.171273
-0.171273
-0.171273
-0.171273
-0.171273
-0.171273
-0.171273
-0.171273
-0.171273
-0.171273
-0.171273
-0.171273
-0.171273
-0.171273
-0.171273
-0.171273
-0.171273
-0.171273
-0.171273
-0.171273
-0.171273
-0.171273
-0.171273
-0.171273
-0.171273
-0.171273
-0.171273
-0.171273
-0.171273
-0.171273
-0.171273
-0.171273
-0.171273
-0.171273
-0.171273
-0.171273
-0.171273
-0.171273
-0.171273
-0.171273
-0.171273
-0.171273
-0.171273
-0.171273
-0.171273
-0.171273
-0.171273
-0.171273
-0.171273
-0.171273
-0.171273
-0.171273
-0.171273
-0.171273
-0.171273
-0.171273
-0.171273
-0.171273
-0.171273
-0.171273
-0.171273
-0.171273
-0.171273
-0.171273
-0.171273
-0.171273
-0.171273
-0.171273
-0.171273
-0.171273
-0.171273
-0.171273
-0.171273
-0.171273
-0.171273
-0.171273
-0.171273
-0.171273
-0.171273
-0.171273
-0.171273
-0.171273
-0.171273
-0.171273
-0.171273
-0.171273
-0.171273
-0.171273
-0.171273
-0.171273
-0.171273
-0.171273
-0.171273
-0.171273
-0.171273
-0.171273
-0.171273
-0.171273
-0.171273
-0.171273
-0.171273
-0.171273
-0.171273
-0.171273
-0.171273
-0.171273
-0.171273
-0.171273
-0.171273
-0.171273
-0.171273
-0.171273
-0.171273
-0.171273
-0.171273
-0.171273
-0.171273
-0.171273
-0.171273
-0.171273
-0.171273
-0.171273
-0.171273
-0.171273
-0.171273
-0.171273
-0.171273
-0.171273
-0.171273
-0.171273
-0.171273
-0.171273
-0.171273
-0.171273
-0.171273
-0.171273
-0.171273
-0.171273
-0.171273
-0.171273
-0.171273
-0.171273
-0.171273
-0.171273
-0.171273
-0.171273
-0.171273
-0.171273
-0.171273
-0.171273
-0.171273
-0.171273
-0.171273
-0.171273
-0.171273
-0.171273
-0.171273
-0.171273
-0.171273
-0.171273
-0.171273
-0.171273
-0.171273
-0.171273
-0.171273
-0.171273
-0.171273
-0.171273
-0.171273
-0.171273
-0.171273
-0.171273
-0.171273
-0.171273
-0.171273
-0.171273
-0.171273
-0.171273
-0.171273
-0.171273
-0.171273
-0.171273
-0.171273
-0.171273
-0.171273
-0.171273
-0.171273
-0.171273
-0.171273
-0.171273
-0.171273
-0.171273
-0.171273
-0.171273
-0.171273
-0.171273
-0.171273
-0.171273
-0.171273
-0.171273
-0.171273
-0.171273
-0.171273
-0.171273
-0.171273
-0.171273
-0.171273
-0.171273
-0.171273
-0.171273
-0.171273
-0.171273
-0.171273
-0.171273
-0.171273
-0.171273
-0.171273
-0.171273
-0.171273
-0.171273
-0.171273
-0.171273
-0.171273
-0.171273
-0.171273
-0.171273
-0.171273
-0.171273
-0.171273
-0.171273
-0.171273
-0.171273
-0.171273
-0.171273
-0.171273
-0.171273
-0.171273
-0.171273
-0.171273
-0.171273
-0.171273
-0.171273
-0.171273
-0.171273
-0.171273
-0.171273
-0.171273
-0.171273
-0.171273
-0.171273
-0.171273
-0.171273
-0.171273
-0.171273
-0.171273
-0.171273
-0.171273
-0.171273
-0.171273
-0.171273
-0.171273
-0.171273
-0.171273
-0.171273
-0.171273
-0.171273
-0.171273
-0.171273
-0.171273
-0.171273
-0.171273
-0.171273
-0.171273
-0.171273
-0.171273
-0.171273
-0.171273
-0.171273
-0.171273
-0.171273
-0.171273
-0.171273
-0.171273
-0.171273
-0.171273
-0.171273
-0.171273
-0.171273
-0.171273
-0.171273
-0.171273
-0.171273
-0.171273
-0.171273
-0.171273
-0.171273
-0.171273
-0.171273
-0.171273
-0.171273
-0.171273
-0.171273
-0.171273
-0.171273
-0.171273
-0.171273
-0.171273
-0.171273
-0.171273
-0.171273
-0.171273
-0.171273
-0.171273
-0.171273
-0.171273
-0.171273
-0.171273
-0.171273
-0.171273
-0.171273
-0.171273
-0.171273
-0.171273
-0.171273
-0.171273
-0.171273
-0.171273
-0.171273
-0.171273
-0.171273
-0.171273
-0.171273
-0.171273
-0.171273
-0.171273
-0.171273
-0.171273
-0.171273
-0.171273
-0.171273
-0.171273
-0.171273
-0.171273
-0.171273
-0.171273
-0.171273
-0.171273
-0.171273
-0.171273
-0.171273
-0.171273
-0.171273
-0.171273
-0.171273
-0.171273
-0.171273
-0.171273
-0.171273
-0.171273
-0.171273
-0.171273
-0.171273
-0.171273
-0.171273
-0.171273
-0.171273
-0.171273
-0.171273
-0.171273
-0.171273
-0.171273
-0.171273
-0.171273
-0.171273
-0.171273
-0.171273
-0.171273
-0.171273
-0.171273
-0.171273
-0.171273
-0.171273
-0.171273
-0.171273
-0.171273
-0.171273
-0.171273
-0.171273
-0.171273
-0.171273
-0.171273
-0.171273
-0.171273
-0.171273
-0.171273
-0.171273
-0.171273
-0.171273
-0.171273
-0.171273
-0.171273
-0.171273
-0.171273
-0.171273
-0.171273
-0.171273
-0.171273
-0.171273
-0.171273
-0.171273
-0.171273
-0.171273
-0.171273
-0.171273
-0.171273
-0.171273
-0.171273
-0.171273
-0.171273
-0.171273
-0.171273
-0.171273
-0.171273
-0.171273
-0.171273
-0.171273
-0.171273
-0.171273
-0.171273
-0.171273
-0.171273
-0.171273
-0.171273
-0.171273
-0.171273
-0.171273
-0.171273
-0.171273
-0.171273
-0.171273
-0.171273
-0.171273
-0.171273
-0.171273
-0.171273
-0.171273
-0.171273
-0.171273
-0.171273
-0.171273
-0.171273
-0.171273
-0.171273
-0.171273
-0.171273
-0.171273
-0.171273
-0.171273
-0.171273
-0.171273
-0.171273
-0.171273
-0.171273
-0.171273
-0.171273
-0.171273
-0.171273
-0.171273
-0.171273
-0.171273
-0.171273
-0.171273
-0.171273
-0.171273
-0.171273
-0.171273
-0.171273
-0.171273
-0.171273
-0.171273
-0.171273
-0.171273
-0.171273
-0.171273
-0.171273
-0.171273
-0.171273
-0.171273
-0.171273
-0.171273
-0.171273
-0.171273
-0.171273
-0.171273
-0.171273
-0.171273
-0.171273
-0.171273
-0.171273
-0.171273
-0.171273
-0.171273
-0.171273
-0.171273
-0.171273
-0.171273
-0.171273
-0.171273
-0.171273
-0.171273
-0.171273
-0.171273
-0.171273
-0.171273
-0.171273
-0.171273
-0.171273
-0.171273
-0.171273
-0.171273
-0.171273
-0.171273
-0.171273
-0.171273
-0.171273
-0.171273
-0.171273
-0.171273
-0.171273
-0.171273
-0.171273
-0.171273
-0.171273
-0.171273
-0.171273
-0.171273
-0.171273
-0.171273
-0.171273
-0.171273
-0.171273
-0.171273
-0.171273
-0.171273
-0.171273
-0.171273
-0.171273
-0.171273
-0.171273
-0.171273
-0.171273
-0.171273
-0.171273
-0.171273
-0.171273
-0.171273
-0.171273
-0.171273
-0.171273
-0.171273
-0.171273
-0.171273
-0.171273
-0.171273
-0.171273
-0.171273
-0.171273
-0.171273
-0.171273
-0.171273
-0.171273
-0.171273
-0.171273
-0.171273
-0.171273
-0.171273
-0.171273
-0.171273
-0.171273
-0.171273
-0.171273
-0.171273
-0.171273
-0.171273
-0.171273
-0.171273
-0.171273
-0.171273
-0.171273
-0.171273
-0.171273
-0.171273
-0.171273
-0.171273
-0.171273
-0.171273
-0.171273
-0.171273
-0.171273
-0.171273
-0.171273
-0.171273
-0.171273
-0.171273
-0.171273
-0.171273
-0.171273
-0.171273
-0.171273
-0.171273
-0.171273
-0.171273
-0.171273
-0.171273
-0.171273
-0.171273
-0.171273
-0.171273
-0.171273
-0.171273
-0.171273
-0.171273
-0.171273
-0.171273
-0.171273
-0.171273
-0.171273
-0.171273
-0.171273
-0.171273
-0.171273
-0.171273
-0.171273
-0.171273
-0.171273
-0.171273
-0.171273
-0.171273
-0.171273
-0.171273
-0.171273
-0.171273
-0.171273
-0.171273
-0.171273
-0.171273
-0.171273
-0.171273
-0.171273
-0.171273
-0.171273
-0.171273
-0.171273
-0.171273
-0.171273
-0.171273
-0.171273
-0.171273
-0.171273
-0.171273
-0.171273
-0.171273
-0.171273
-0.171273
-0.171273
-0.171273
-0.171273
-0.171273
-0.171273
-0.171273
-0.171273
-0.171273
-0.171273
-0.171273
-0.171273
-0.171273
-0.171273
-0.171273
-0.171273
-0.171273
-0.171273
-0.171273
-0.171273
-0.171273
-0.171273
-0.171273
-0.171273
-0.171273
-0.171273
-0.171273
-0.171273
-0.171273
-0.171273
-0.171273
-0.171273
-0.171273
-0.171273
-0.171273
-0.171273
-0.171273
-0.171273
-0.171273
-0.171273
-0.171273
-0.171273
-0.171273
-0.171273
-0.171273
-0.171273
-0.171273
-0.171273
-0.171273
-0.171273
-0.171273
-0.171273
-0.171273
-0.171273
-0.171273
-0.171273
-0.171273
-0.171273
-0.171273
-0.171273
-0.171273
-0.171273
-0.171273
-0.171273
-0.171273
-0.171273
-0.171273
-0.171273
-0.171273
-0.171273
-0.171273
-0.171273
-0.171273
-0.171273
-0.171273
-0.171273
-0.171273
-0.171273
-0.171273
-0.171273
-0.171273
-0.171273
-0.171273
-0.171273
-0.171273
-0.171273
-0.171273
-0.171273
-0.171273
-0.171273
-0.171273
-0.171273
-0.171273
-0.171273
-0.171273
-0.171273
-0.171273
-0.171273
-0.171273
-0.171273
-0.171273
-0.171273
-0.171273
-0.171273
-0.171273
-0.171273
-0.171273
-0.171273
-0.171273
-0.171273
-0.171273
-0.171273
-0.171273
-0.171273
-0.171273
-0.171273
-0.171273
-0.171273
-0.171273
-0.171273
-0.171273
-0.171273
-0.171273
-0.171273
-0.171273
-0.171273
-0.171273
-0.171273
-0.171273
-0.171273
-0.171273
-0.171273
-0.171273
-0.171273
-0.171273
-0.171273
-0.171273
-0.171273
-0.171273
-0.171273
-0.171273
-0.171273
-0.171273
-0.171273
-0.171273
-0.171273
-0.171273
-0.171273
-0.171273
-0.171273
-0.171273
-0.171273
-0.171273
-0.171273
-0.171273
-0.171273
-0.171273
-0.171273
-0.171273
-0.171273
-0.171273
-0.171273
-0.171273
-0.171273
-0.171273
-0.171273
-0.171273
-0.171273
-0.171273
-0.171273
-0.171273
-0.171273
-0.171273
-0.171273
-0.171273
-0.171273
-0.171273
-0.171273
-0.171273
-0.171273
-0.171273
-0.171273
-0.171273
-0.171273
-0.171273
-0.171273
-0.171273
-0.171273
-0.171273
-0.171273
-0.171273
-0.171273
-0.171273
-0.171273
-0.171273
-0.171273
-0.171273
-0.171273
-0.171273
-0.171273
-0.171273
-0.171273
-0.171273
-0.171273
-0.171273
-0.171273
-0.171273
-0.171273
-0.171273
-0.171273
-0.171273
-0.171273
-0.171273
-0.171273
-0.171273
-0.171273
-0.171273
-0.171273
-0.171273
-0.171273
-0.171273
-0.171273
-0.171273
-0.171273
-0.171273
-0.171273
-0.171273
-0.171273
-0.171273
-0.171273
-0.171273
-0.171273
-0.171273
-0.171273
-0.171273
-0.171273
-0.171273
-0.171273
-0.171273
-0.171273
-0.171273
-0.171273
-0.171273
-0.171273
-0.171273
-0.171273
-0.171273
-0.171273
-0.171273
-0.171273
-0.171273
-0.171273
-0.171273
-0.171273
-0.171273
-0.171273
-0.171273
-0.171273
-0.171273
-0.171273
-0.171273
-0.171273
-0.171273
-0.171273
-0.171273
-0.171273
-0.171273
-0.171273
-0.171273
-0.171273
-0.171273
-0.171273
-0.171273
-0.171273
-0.171273
-0.171273
-0.171273
-0.171273
-0.171273
-0.171273
-0.171273
-0.171273
-0.171273
-0.171273
-0.171273
-0.171273
-0.171273
-0.171273
-0.171273
-0.171273
-0.171273
-0.171273
-0.171273
-0.171273
-0.171273
-0.171273
-0.171273
-0.171273
-0.00253187
0.0420161
0.0028933
0.00349761
-0.0324791
0.0727058
0.0193781
0.0671197
-0.0184448
-0.0111492
0.0671197
0.0723192
-0.000723693
-0.0512406
-0.0324791
-0.0266897
-0.0324791
-0.00916824
-0.0019255
0.0671197
0.105625
0.0671197
-0.0392735
0.0723192
-0.00662144
-0.0540663
-0.0350772
0.0671197
0.0723192
-0.0441611
-0.00662144
-0.0593663
0.0193781
-0.00916824
0.0723192
-0.047086
0.00786302
0.0727058
0.0150596
0.0723192
-0.057454
-0.0453822
0.0723192
-0.0111492
-0.00313971
0.0723192
0.0727058
0.00168354
-0.00253187
0.0723192
0.0727058
0.00168354
0.0723192
0.0715551
-0.0350772
-0.0324791
0.05829
0.0723192
0.0779058
0.0022887
0.0723192
-0.0484541
-0.0350772
-0.00607636
0.0723192
-0.0324791
-0.0588976
0.0723192
-0.0515208
-0.0523261
0.0723192
-0.00816472
-0.0493899
-0.0342545
0.0723192
0.0158613
-0.0266897
0.00349761
0.0991217
0.0723192
-0.0305296
0.00991091
-0.0106602
-0.00916824
-0.0580768
0.0671197
0.0727058
0.0223221
-0.0475338
0.0028933
0.017554
0.0727058
-0.00253187
0.0884738
0.0671197
0.0671197
-0.0324791
0.0671197
0.0028933
-0.0581428
0.0856821
-0.0106602
-0.034701
-0.0324791
-0.0456712
0.0028933
0.0723192
-0.0181578
-0.0353152
0.000474669
0.00410265
-0.0554197
-0.0415346
0.0723192
-0.00551427
0.0671197
0.0233604
0.00532196
-0.00493661
0.0723192
-0.0324791
-0.0581913
0.0671197
-0.0350772
0.0193781
-0.0592071
-0.0498563
0.0727058
-0.0350772
-0.0324791
-0.0324791
-0.017935
-0.0531183
-0.0580768
-0.0498563
-0.0111492
0.00853166
0.107469
-0.0116347
-0.0593663
-0.0491272
0.00349761
0.0813916
-0.00253187
-0.0350772
-0.0549812
0.0727058
-0.0135747
0.0723192
0.0158613
0.0671197
-0.0584273
0.0945384
-0.0101669
-0.00132274
-0.0350772
0.0106169
0.00410265
0.0727058
-0.047086
0.0723192
0.00853166
-0.0489216
-0.0333881
0.0723192
0.108735
-0.0140644
-0.0584273
-0.0350772
-0.0324791
-0.00493661
0.0113308
-0.0498563
0.00410265
0.00532196
0.00853166
0.00107837
0.0028933
-0.0351689
0.0127828
-0.000125766
-0.000125766
-0.0537467
0.0028933
0.0106169
0.0723192
0.0723192
0.0723192
0.0723192
0.0998351
-0.0340364
0.0671197
0.00853166
0.0727058
0.0723192
-0.047086
-0.00551427
-0.0324791
0.0723192
-0.0350772
-0.0537467
0.0723192
0.00921491
-0.0554197
-0.0324791
-0.0324791
0.030253
0.0671197
-0.000125766
0.102054
-0.000723693
0.0727058
-0.0116347
-0.0324791
0.00107837
-0.0466478
-0.0071494
-0.0570647
0.00853166
-0.0111492
-0.047086
-0.00766196
-0.0101669
0.01845
-0.0121183
-0.0462187
-0.032124
0.0723192
-0.0560943
0.0158613
-0.0489216
0.0723192
-0.0246283
-0.0590686
-0.0324791
-0.00607636
-0.0121183
-0.0019255
-0.0324791
0.0723192
0.0723192
-0.0350772
0.0022887
0.0723192
0.017554
-0.021886
-0.0537467
0.0723192
0.00410265
-0.0593825
-0.0582522
0.0723192
0.029094
-0.036471
-0.00313971
0.0723192
-0.0324791
-0.0535944
0.0106169
0.00786302
-0.057454
-0.0593825
0.0723192
0.0671197
0.00853166
0.00107837
-0.0367573
-0.00916824
-0.041197
0.0723192
-0.0121183
0.00921491
-0.0517031
0.0723192
0.107469
-0.0523261
-0.0324791
-0.0507803
-0.00493661
-0.0560943
-0.0588976
0.0727058
-0.0126018
0.0671197
-0.0361937
-0.00966928
0.0723192
0.0723192
0.0727058
0.00853166
0.0723192
-0.0135747
0.0671197
0.0127828
-0.041882
-0.041882
-0.00253187
0.0797912
-0.0379919
-0.0324791
-0.058678
-0.0324791
-0.0350772
0.0291101
0.00991091
-0.00374569
0.0022887
0.0120523
0.017554
-0.0582024
-0.0379919
0.00471006
-0.0116347
0.0727058
0.0723192
0.110816
-0.00766196
0.0028933
-0.0449715
-0.0071494
-0.0558457
-0.0071494
0.0158613
-0.0135747
-0.0274375
-0.00916824
0.0671197
0.0782996
-0.0570647
-0.057454
0.0120523
-0.0466478
0.00853166
0.0723192
0.0671197
0.00656907
0.0127828
-0.0140644
-0.00551427
-0.0111492
-0.00607636
0.00786302
-0.0324791
0.00594079
-0.0324791
0.0723192
0.0723192
0.0727058
-0.0515208
-0.0324791
-0.0523261
-0.0570647
0.0278249
-0.0517031
-0.0350772
0.0244309
-0.0019255
-0.00374569
0.0723192
-0.0350772
0.00720918
-0.0350772
0.00532196
0.0723192
0.0671197
-0.00966928
-0.0436449
-0.0581913
0.0860175
-0.0324791
-0.0383578
0.017554
-0.00313971
-0.0071494
0.0782996
-0.0126018
0.017554
-0.0324791
-0.0580768
-0.0350772
0.0727058
-0.036471
-0.0584273
-0.0593825
0.0723192
0.0723192
0.0779058
0.0671197
0.017554
0.0723192
-0.0491272
0.0723192
0.0671197
-0.0101669
0.0106169
0.0671197
0.0723192
0.00107837
0.105625
-0.0515208
-0.00816472
0.00532196
-0.0592071
-0.00313971
0.0723192
0.0671197
-0.0071494
0.0223221
-0.0426366
0.0723192
-0.0071494
0.0113308
-0.0324791
-0.00866588
0.108249
-0.00916824
-0.0556587
0.0723192
0.01845
-0.0101669
-0.0581428
0.0723192
0.0727058
-0.0457975
-0.0324791
-0.0101669
-0.0593519
-0.0581913
0.0028933
-0.00662144
0.00786302
0.0723192
-0.0437622
-0.0582024
-0.0392735
-0.0182547
0.0563161
-0.0503196
0.0723192
-0.0582522
0.0723192
0.0779058
0.0926095
-0.00816472
-0.000723693
-0.0466625
-0.00493661
0.0213147
0.0244309
-0.0523261
-0.0324791
-0.0580768
-0.00132274
-0.0581913
-0.00132274
0.0723192
-0.047086
0.0671197
0.0158613
-0.0551365
0.0723192
0.0723192
0.0727058
0.0723192
0.0723192
0.0723192
-0.00607636
-0.0116347
0.0723192
-0.00607636
-0.00662144
0.0782996
-0.0441611
-0.0593069
-0.0466478
-0.0324791
0.0671197
0.0671197
0.0723192
-0.0556587
0.0142824
0.0671197
-0.0342545
-0.0593825
0.00532196
-0.0350772
-0.015043
-0.0530724
0.0723192
0.00410265
-0.0592071
0.0723192
-0.0350772
-0.0126018
-0.0357798
0.0723192
0.0723192
0.00921491
-0.0383578
-0.0350772
0.0671197
0.0727058
-0.0484541
0.105625
-0.0498563
0.0723192
0.00853166
0.0022887
0.00991091
-0.0140644
0.0671197
-0.0503196
-0.0531183
0.0723192
0.0723192
-0.0324791
-0.0582024
-0.0111492
0.0723192
0.0671197
0.0935201
0.0952275
-0.0545296
0.106923
-0.0540663
0.00349761
0.0302396
0.0723192
-0.0449715
-0.0350772
-0.0338202
0.0723192
0.0150596
-0.0246283
0.0671197
-0.0305296
0.0723192
0.0723192
0.0723192
-0.0324791
-0.0181578
-0.0493899
-0.0324791
-0.0593069
-0.0140644
0.0727058
0.0723192
0.0193781
-0.0579053
-0.000723693
0.0723192
-0.0558457
0.0723192
-0.0545296
-0.0523261
0.110592
-0.0593825
-0.013087
-0.0246283
0.0723192
-0.0383578
-0.0324791
0.0028933
0.0127828
0.017554
-0.0531183
-0.00816472
0.0723192
0.00786302
-0.0354131
0.0213147
-0.0535944
-0.00313971
-0.0535944
0.0106169
-0.0140644
-0.0338202
0.0723192
-0.0453822
-0.0405501
0.00921491
0.0779058
-0.0101669
0.0727058
0.017554
-0.013087
-0.0531183
-0.0333881
-0.0379919
-0.00607636
0.00786302
-0.0484541
-0.0336046
0.0723192
-0.0593519
0.00991091
0.0028933
-0.00966928
0.00720918
-0.0560943
-0.0324791
0.0723192
-0.058678
-0.0446604
-0.0466478
0.102054
-0.0503196
-0.0324791
-0.0592071
-0.0111492
0.106208
-0.0350772
-0.0545296
-0.0324791
0.0723192
-0.0535944
0.0782996
0.0723192
-0.00434595
-0.0145544
0.0671197
0.0723192
0.0203341
-0.00132274
-0.0560943
0.00786302
-0.0453822
0.0671197
0.109453
0.00921491
-0.0019255
-0.0588976
-0.0549812
-0.0019255
-0.0201005
0.0022887
0.0727058
0.000474669
0.0727058
0.0727058
-0.0392735
0.0723192
0.00921491
-0.0106602
-0.0350772
0.00921491
0.0723192
-0.0512406
0.0278804
0.0727058
-0.0116347
-0.0560943
-0.000723693
0.0723192
-0.0324791
0.0723192
-0.032124
-0.0588921
-0.057454
0.00991091
-0.0588976
-0.013087
-0.0584273
0.0624115
-0.0573718
-0.056667
-0.0324791
-0.013087
-0.0466478
0.0723192
0.0723192
0.0723192
-0.0111492
-0.0189488
0.0723192
0.0723192
-0.0449715
0.0150596
0.0127828
-0.0111492
-0.0466625
-0.0554197
0.00532196
0.0671197
0.0671197
0.0723192
-0.0182547
0.0723192
-0.056261
-0.0578337
0.0723192
-0.0116347
-0.00313971
0.0727058
-0.0556587
0.0723192
0.0723192
-0.0531183
0.00532196
-0.0350772
-0.0475338
-0.00966928
0.0671197
-0.0351689
-0.0441611
0.0723192
-0.0350772
-0.0512406
-0.000125766
-0.0453822
-0.0590686
-0.0584273
-0.058678
-0.0350772
0.109453
0.0723192
-0.0570647
0.0127828
-0.0353152
0.017554
-0.0329467
0.0028933
-0.0350772
0.00594079
0.10812
-0.0551365
-0.0592071
-0.0342545
-0.00253187
0.0671197
0.00786302
0.0113308
-0.0590686
0.0723192
0.0266882
0.0671197
-0.0462187
-0.000125766
-0.0350772
-0.0354131
-0.00374569
0.0106169
0.0113308
-0.000125766
-0.0071494
-0.0535944
0.00720918
0.00410265
-0.0493899
-0.0071494
-0.0324791
-0.0593663
0.0723192
-0.0160123
-0.0106602
-0.0350772
0.00786302
0.0158613
-0.0593519
0.017554
-0.0155292
0.0106169
0.00594079
0.00107837
-0.0350772
-0.00551427
-0.00313971
0.0278249
-0.0071494
-0.0466625
-0.0160123
-0.0354131
0.0723192
0.0723192
0.0723192
-0.0135747
0.00594079
-0.0570647
0.000474669
0.0671197
-0.00374569
0.0671197
0.0671197
0.0671197
0.00168354
-0.0350772
0.0723192
0.000474669
0.0723192
0.00168354
-0.0111492
-0.0535944
0.0723192
0.0127828
-0.00313971
0.0671197
0.110143
-0.0535944
-0.0593519
-0.0560943
-0.0324791
0.0150596
-0.013087
0.0727058
0.0723192
-0.013087
0.0671197
-0.000125766
0.000474669
0.0723192
0.0671197
0.0671197
0.0723192
0.00991091
-0.0551365
-0.00551427
-0.0361937
-0.0500109
0.0223221
-0.000723693
-0.00766196
-0.0160123
-0.00816472
-0.00551427
-0.0338202
0.00786302
-0.00966928
-0.056261
0.0106169
0.0723192
-0.0457975
-0.0357798
0.0723192
0.0671197
-0.00607636
-0.00434595
0.0671197
0.0723192
-0.0324791
0.00921491
0.0723192
0.00168354
0.0671197
0.00594079
-0.00662144
0.0671197
0.0142824
0.0823157
0.0106169
-0.0582024
-0.0402141
-0.0019255
0.0723192
0.0723192
-0.0592071
0.0723192
0.0723192
0.0723192
0.0723192
0.0671197
0.0150596
-0.00662144
-0.0121183
0.0150596
-0.00493661
0.0732055
0.0671197
-0.058558
0.0723192
0.0782996
-0.0145544
0.0723192
-0.0515208
0.0022887
0.0723192
-0.00916824
-0.035665
0.00656907
0.0723192
0.0723192
-0.00493661
-0.0584273
0.0723192
-0.00374569
0.00786302
-0.0019255
-0.0155292
-0.0445644
0.0723192
0.0723192
0.00594079
-0.056261
-0.058678
0.00532196
0.0723192
-0.0584273
-0.0350772
0.0113308
0.00720918
-0.00374569
-0.0466625
0.00410265
0.00594079
0.0723192
0.0113308
0.00168354
0.0671197
-0.013087
0.0779058
-0.0445644
-0.0581428
-0.0453822
0.0723192
-0.0201361
-0.0535944
0.0278589
0.0779058
0.0723192
-0.0019255
0.00107837
-0.00766196
-0.0324791
0.0671197
-0.0593069
0.00107837
-0.00374569
0.0127828
0.0244309
0.0945384
0.0723192
0.0723192
0.0779058
-0.0446604
-0.0588976
0.0727058
0.0193781
0.0671197
-0.00132274
0.0727058
0.00991091
0.0875711
0.0723192
-0.0537467
-0.0350772
-0.0200675
0.00853166
-0.0071494
0.0213147
-0.00132274
-0.0121183
0.0106169
-0.0324791
0.0723192
0.0120523
-0.0324791
0.0856821
0.0671197
-0.0101669
-0.00551427
-0.00313971
0.0671197
0.0028933
0.00853166
0.0127828
0.0723192
0.0671197
-0.0342545
-0.0324791
-0.0549812
-0.0145544
0.0723192
-0.058678
0.0671197
0.00471006
0.0779058
0.00786302
0.0158613
-0.0531183
0.0955749
-0.0457975
0.0727058
-0.0135747
0.0120523
0.0303002
-0.0593519
-0.0453822
0.0727058
-0.0350772
0.0726556
-0.0106602
0.0723192
0.0671197
0.0856821
-0.0551365
0.0723192
-0.0111492
0.0671197
0.0819591
0.0723192
-0.034701
