-4.55788
-4.55788
-4.55788
-4.55788
-4.55788
-4.55788
-4.55788
-4.55788
-4.55788
-4.55788
-4.55788
-4.55788
-4.55788
-4.55788
-4.55788
-4.55788
-4.55788
-4.55788
-4.55788
-4.55788
-4.55788
-4.55788
-4.55788
-4.55788
-4.55788
-4.55788
-4.55788
-4.55788
-4.55788
-4.55788
-4.55788
-4.55788
-4.55788
-4.55788
-4.55788
-4.55788
-4.55788
-4.55788
-4.55788
-4.55788
-4.55788
-4.55788
-4.55788
-4.55788
-4.55788
-4.55788
-4.55788
-4.55788
-4.55788
-4.55788
-4.55788
-4.55788
-4.55788
-4.55788
-4.55788
-4.55788
-4.55788
-4.55788
-4.55788
-4.55788
-4.55788
-4.55788
-4.55788
-4.55788
-4.55788
-4.55788
-4.55788
-4.55788
-4.55788
-4.55788
-4.55788
-4.55788
-4.55788
-4.55788
-4.55788
-4.55788
-4.55788
-4.55788
-4.55788
-4.55788
-4.55788
-4.55788
-4.55788
-4.55788
-4.55788
-4.55788
-4.55788
-4.55788
-4.55788
-4.55788
-4.55788
-4.55788
-4.55788
-4.55788
-4.55788
-4.55788
-4.55788
-4.55788
-4.55788
-4.55788
-4.55788
-4.55788
-4.55788
-4.55788
-4.55788
-4.55788
-4.55788
-4.55788
-4.55788
-4.55788
-4.55788
-4.55788
-4.55788
-4.55788
-4.55788
-4.55788
-4.55788
-4.55788
-4.55788
-4.55788
-4.55788
-4.55788
-4.55788
-4.55788
-4.55788
-4.55788
-4.55788
-4.55788
-4.55788
-4.55788
-4.55788
-4.55788
-4.55788
-4.55788
-4.55788
-4.55788
-4.55788
-4.55788
-4.55788
-4.55788
-4.55788
-4.55788
-4.55788
-4.55788
-4.55788
-4.55788
-4.55788
-4.55788
-4.55788
-4.55788
-4.55788
-4.55788
-4.55788
-4.55788
-4.55788
-4.55788
-4.55788
-4.55788
-4.55788
-4.55788
-4.55788
-4.55788
-4.55788
-4.55788
-4.55788
-4.55788
-4.55788
-4.55788
-4.55788
-4.55788
-4.55788
-4.55788
-4.55788
-4.55788
-4.55788
-4.55788
-4.55788
-4.55788
-4.55788
-4.55788
-4.55788
-4.55788
-4.55788
-4.55788
-4.55788
-4.55788
-4.55788
-4.55788
-4.55788
-4.55788
-4.55788
-4.55788
-4.55788
-4.55788
-4.55788
-4.55788
-4.55788
-4.55788
-4.55788
-4.55788
-4.55788
-4.55788
-4.55788
-4.55788
-4.55788
-4.55788
-4.55788
-4.55788
-4.55788
-4.55788
-4.55788
-4.55788
-4.55788
-4.55788
-4.55788
-4.55788
-4.55788
-4.55788
-4.55788
-4.55788
-4.55788
-4.55788
-4.55788
-4.55788
-4.55788
-4.55788
-4.55788
-4.55788
-4.55788
-4.55788
-4.55788
-4.55788
-4.55788
-4.55788
-4.55788
-4.55788
-4.55788
-4.55788
-4.55788
-4.55788
-4.55788
-4.55788
-4.55788
-4.55788
-4.55788
-4.55788
-4.55788
-4.55788
-4.55788
-4.55788
-4.55788
-4.55788
-4.55788
-4.55788
-4.55788
-4.55788
-4.55788
-4.55788
-4.55788
-4.55788
-4.55788
-4.55788
-4.55788
-4.55788
-4.55788
-4.55788
-4.55788
-4.55788
-4.55788
-4.55788
-4.55788
-4.55788
-4.55788
-4.55788
-4.55788
-4.55788
-4.55788
-4.55788
-4.55788
-4.55788
-4.55788
-4.55788
-4.55788
-4.55788
-4.55788
-4.55788
-4.55788
-4.55788
-4.55788
-4.55788
-4.55788
-4.55788
-4.55788
-4.55788
-4.55788
-4.55788
-4.55788
-4.55788
-4.55788
-4.55788
-4.55788
-4.55788
-4.55788
-4.55788
-4.55788
-4.55788
-4.55788
-4.55788
-4.55788
-4.55788
-4.55788
-4.55788
-4.55788
-4.55788
-4.55788
-4.55788
-4.55788
-4.55788
-4.55788
-4.55788
-4.55788
-4.55788
-4.55788
-4.55788
-4.55788
-4.55788
-4.55788
-4.55788
-4.55788
-4.55788
-4.55788
-4.55788
-4.55788
-4.55788
-4.55788
-4.55788
-4.55788
-4.55788
-4.55788
-4.55788
-4.55788
-4.55788
-4.55788
-4.55788
-4.55788
-4.55788
-4.55788
-4.55788
-4.55788
-4.55788
-4.55788
-4.55788
-4.55788
-4.55788
-4.55788
-4.55788
-4.55788
-4.55788
-4.55788
-4.55788
-4.55788
-4.55788
-4.55788
-4.55788
-4.55788
-4.55788
-4.55788
-4.55788
-4.55788
-4.55788
-4.55788
-4.55788
-4.55788
-4.55788
-4.55788
-4.55788
-4.55788
-4.55788
-4.55788
-4.55788
-4.55788
-4.55788
-4.55788
-4.55788
-4.55788
-4.55788
-4.55788
-4.55788
-4.55788
-4.55788
-4.55788
-4.55788
-4.55788
-4.55788
-4.55788
-4.55788
-4.55788
-4.55788
-4.55788
-4.55788
-4.55788
-4.55788
-4.55788
-4.55788
-4.55788
-4.55788
-4.55788
-4.55788
-4.55788
-4.55788
-4.55788
-4.55788
-4.55788
-4.55788
-4.55788
-4.55788
-4.55788
-4.55788
-4.55788
-4.55788
-4.55788
-4.55788
-4.55788
-4.55788
-4.55788
-4.55788
-4.55788
-4.55788
-4.55788
-4.55788
-4.55788
-4.55788
-4.55788
-4.55788
-4.55788
-4.55788
-4.55788
-4.55788
-4.55788
-4.55788
-4.55788
-4.55788
-4.55788
-4.55788
-4.55788
-4.55788
-4.55788
-4.55788
-4.55788
-4.55788
-4.55788
-4.55788
-4.55788
-4.55788
-4.55788
-4.55788
-4.55788
-4.55788
-4.55788
-4.55788
-4.55788
-4.55788
-4.55788
-4.55788
-4.55788
-4.55788
-4.55788
-4.55788
-4.55788
-4.55788
-4.55788
-4.55788
-4.55788
-4.55788
-4.55788
-4.55788
-4.55788
-4.55788
-4.55788
-4.55788
-4.55788
-4.55788
-4.55788
-4.55788
-4.55788
-4.55788
-4.55788
-4.55788
-4.55788
-4.55788
-4.55788
-4.55788
-4.55788
-4.55788
-4.55788
-4.55788
-4.55788
-4.55788
-4.55788
-4.55788
-4.55788
-4.55788
-4.55788
-4.55788
-4.55788
-4.55788
-4.55788
-4.55788
-4.55788
-4.55788
-4.55788
-4.55788
-4.55788
-4.55788
-4.55788
-4.55788
-4.55788
-4.55788
-4.55788
-4.55788
-4.55788
-4.55788
-4.55788
-4.55788
-4.55788
-4.55788
-4.55788
-4.55788
-4.55788
-4.55788
-4.55788
-4.55788
-4.55788
-4.55788
-4.55788
-4.55788
-4.55788
-4.55788
-4.55788
-4.55788
-4.55788
-4.55788
-4.55788
-4.55788
-4.55788
-4.55788
-4.55788
-4.55788
-4.55788
-4.55788
-4.55788
-4.55788
-4.55788
-4.55788
-4.55788
-4.55788
-4.55788
-4.55788
-4.55788
-4.55788
-4.55788
-4.55788
-4.55788
-4.55788
-4.55788
-4.55788
-4.55788
-4.55788
-4.55788
-4.55788
-4.55788
-4.55788
-4.55788
-4.55788
-4.55788
-4.55788
-4.55788
-4.55788
-4.55788
-4.55788
-4.55788
-4.55788
-4.55788
-4.55788
-4.55788
-4.55788
-4.55788
-4.55788
-4.55788
-4.55788
-4.55788
-4.55788
-4.55788
-4.55788
-4.55788
-4.55788
-4.55788
-4.55788
-4.55788
-4.55788
-4.55788
-4.55788
-4.55788
-4.55788
-4.55788
-4.55788
-4.55788
-4.55788
-4.55788
-4.55788
-4.55788
-4.55788
-4.55788
-4.55788
-4.55788
-4.55788
-4.55788
-4.55788
-4.55788
-4.55788
-4.55788
-4.55788
-4.55788
-4.55788
-4.55788
-4.55788
-4.55788
-4.55788
-4.55788
-4.55788
-4.55788
-4.55788
-4.55788
-4.55788
-4.55788
-4.55788
-4.55788
-4.55788
-4.55788
-4.55788
-4.55788
-4.55788
-4.55788
-4.55788
-4.55788
-4.55788
-4.55788
-4.55788
-4.55788
-4.55788
-4.55788
-4.55788
-4.55788
-4.55788
-4.55788
-4.55788
-4.55788
-4.55788
-4.55788
-4.55788
-4.55788
-4.55788
-4.55788
-4.55788
-4.55788
-4.55788
-4.55788
-4.55788
-4.55788
-4.55788
-4.55788
-4.55788
-4.55788
-4.55788
-4.55788
-4.55788
-4.55788
-4.55788
-4.55788
-4.55788
-4.55788
-4.55788
-4.55788
-4.55788
-4.55788
-4.55788
-4.55788
-4.55788
-4.55788
-4.55788
-4.55788
-4.55788
-4.55788
-4.55788
-4.55788
-4.55788
-4.55788
-4.55788
-4.55788
-4.55788
-4.55788
-4.55788
-4.55788
-4.55788
-4.55788
-4.55788
-4.55788
-4.55788
-4.55788
-4.55788
-4.55788
-4.55788
-4.55788
-4.55788
-4.55788
-4.55788
-4.55788
-4.55788
-4.55788
-4.55788
-4.55788
-4.55788
-4.55788
-4.55788
-4.55788
-4.55788
-4.55788
-4.55788
-4.55788
-4.55788
-4.55788
-4.55788
-4.55788
-4.55788
-4.55788
-4.55788
-4.55788
-4.55788
-4.55788
-4.55788
-4.55788
-4.55788
-4.55788
-4.55788
-4.55788
-4.55788
-4.55788
-4.55788
-4.55788
-4.55788
-4.55788
-4.55788
-4.55788
-4.55788
-4.55788
-4.55788
-4.55788
-4.55788
-4.55788
-4.55788
-4.55788
-4.55788
-4.55788
-4.55788
-4.55788
-4.55788
-4.55788
-4.55788
-4.55788
-4.55788
-4.55788
-4.55788
-4.55788
-4.55788
-4.55788
-4.55788
-4.55788
-4.55788
-4.55788
-4.55788
-4.55788
-4.55788
-4.55788
-4.55788
-4.55788
-4.55788
-4.55788
-4.55788
-4.55788
-4.55788
-4.55788
-4.55788
-4.55788
-4.55788
-4.55788
-4.55788
-4.55788
-4.55788
-4.55788
-4.55788
-4.55788
-4.55788
-4.55788
-4.55788
-4.55788
-4.55788
-4.55788
-4.55788
-4.55788
-4.55788
-4.55788
-4.55788
-4.55788
-4.55788
-4.55788
-4.55788
-4.55788
-4.55788
-4.55788
-4.55788
-4.55788
-4.55788
-4.55788
-4.55788
-4.55788
-4.55788
-4.55788
-4.55788
-4.55788
-4.55788
-4.55788
-4.55788
-4.55788
-4.55788
-4.55788
-4.55788
-4.55788
-4.55788
-4.55788
-4.55788
-4.55788
-4.55788
-4.55788
-4.55788
-4.55788
-4.55788
-4.55788
-4.55788
-4.55788
-4.55788
-4.55788
-4.55788
-4.55788
-4.55788
-4.55788
-4.55788
-4.55788
-4.55788
-4.55788
-4.55788
-4.55788
-4.55788
-4.55788
-4.55788
-4.55788
-4.55788
-4.55788
-4.55788
-4.55788
-4.55788
-4.55788
-4.55788
-4.55788
-4.55788
-4.55788
-4.55788
-4.55788
-4.55788
-4.55788
-4.55788
-4.55788
-4.55788
-4.55788
-4.55788
-4.55788
-4.55788
-4.55788
-4.55788
-4.55788
-4.55788
-4.55788
-4.55788
-4.55788
-4.55788
-4.55788
-4.55788
-4.55788
-4.55788
-4.55788
-4.55788
-4.55788
-4.55788
-4.55788
-4.55788
-4.55788
-4.55788
-4.55788
-4.55788
-4.55788
-4.55788
-4.55788
-4.55788
-4.55788
-4.55788
-4.55788
-4.55788
-4.55788
-4.55788
-4.55788
-4.55788
-4.55788
-4.55788
-4.55788
-4.55788
-4.55788
-4.55788
-4.55788
-4.55788
-4.55788
-4.55788
-4.55788
-4.55788
-4.55788
-4.55788
-4.55788
-4.55788
-4.55788
-4.55788
-4.55788
-4.55788
-4.55788
-4.55788
-4.55788
-4.55788
-4.55788
-4.55788
-4.55788
-4.55788
-4.55788
-4.55788
-4.55788
-4.55788
-4.55788
-4.55788
-4.55788
-4.55788
-4.55788
-4.55788
-4.55788
-4.55788
-4.55788
-4.55788
-4.55788
-4.55788
-4.55788
-4.55788
-4.55788
-4.55788
-4.55788
-4.55788
-4.55788
-4.55788
-4.55788
-4.55788
-4.55788
-4.55788
-4.55788
-4.55788
-4.55788
-4.55788
-4.55788
-4.55788
-4.55788
-4.55788
-4.55788
-4.55788
-4.55788
-4.55788
-4.55788
-4.55788
-4.55788
-4.55788
-4.55788
-4.55788
-4.55788
-4.55788
-4.55788
-4.55788
-4.55788
-4.55788
-4.55788
-4.55788
-4.55788
-4.55788
-4.55788
-4.55788
-4.55788
-4.55788
-4.55788
-4.55788
-4.55788
-4.55788
-4.55788
-4.55788
-4.55788
-4.55788
-4.55788
-4.55788
-4.55788
-4.55788
-4.55788
-4.55788
-4.55788
-4.55788
-4.55788
-4.55788
-4.55788
-4.55788
-4.55788
-4.55788
-4.55788
-4.55788
-4.55788
-4.55788
-4.55788
-4.55788
-4.55788
-4.55788
-4.55788
-4.55788
-4.55788
-4.55788
-4.55788
-4.55788
-4.55788
-4.55788
-4.55788
-4.55788
-4.55788
-4.55788
-4.55788
-4.55788
-4.55788
-4.55788
-4.55788
-4.55788
-4.55788
-4.55788
-4.55788
-4.55788
-4.55788
-4.55788
-4.55788
-4.55788
-4.55788
-4.55788
-4.55788
-4.55788
-4.55788
-4.55788
-4.55788
-4.55788
-4.55788
-4.55788
-4.55788
-4.55788
-4.55788
-4.55788
-4.55788
-4.55788
-4.55788
-4.55788
-4.55788
-4.55788
-4.55788
-4.55788
-4.55788
-4.55788
-4.55788
-4.55788
-4.55788
-4.55788
-4.55788
-4.55788
-4.55788
-4.55788
-4.55788
-4.55788
-4.55788
-4.55788
-4.55788
-4.55788
-4.55788
-4.55788
-4.55788
-4.55788
-4.55788
-4.55788
-4.55788
-4.55788
-4.55788
-4.55788
-4.55788
-4.55788
-4.55788
-4.55788
-4.55788
-4.55788
-4.55788
-4.55788
-4.55788
-4.55788
-4.55788
-4.55788
-4.55788
-4.55788
-4.55788
-4.55788
-4.55788
-4.55788
-4.55788
-4.55788
-4.55788
-4.55788
-4.55788
-4.55788
-4.55788
-4.55788
-4.55788
-4.55788
-4.55788
-4.55788
-4.55788
-4.55788
-4.55788
-4.55788
-4.55788
-4.55788
-4.55788
-4.55788
-4.55788
-4.55788
-4.55788
-4.55788
-4.55788
-4.55788
-4.55788
-4.55788
-4.55788
-4.55788
-4.55788
-4.55788
-4.55788
-4.55788
-4.55788
-4.55788
-4.55788
-4.55788
-4.55788
-4.55788
-4.55788
-4.55788
-4.55788
-4.55788
-4.55788
-4.55788
-4.55788
-4.55788
-4.55788
-4.55788
-4.55788
-4.55788
-4.55788
-4.55788
-4.55788
-4.55788
-4.55788
-4.55788
-4.55788
-4.55788
-4.55788
-4.55788
-4.55788
-4.55788
-4.55788
-4.55788
-4.55788
-4.55788
-4.55788
-4.55788
-4.55788
-4.55788
-4.55788
-4.55788
-4.55788
-4.55788
-4.55788
-4.55788
-4.55788
-4.55788
-4.55788
-4.55788
-4.55788
-4.55788
-4.55788
-4.55788
-4.55788
-4.55788
-4.55788
-4.55788
-4.55788
-4.55788
-4.55788
-4.55788
-4.55788
-4.55788
-4.55788
-4.55788
-4.55788
-4.55788
-4.55788
-4.55788
-4.55788
-4.55788
-4.55788
-4.55788
-4.55788
-4.55788
-4.55788
-4.55788
-4.55788
-4.55788
-4.55788
-4.55788
-4.55788
-4.55788
-4.55788
-4.55788
-4.55788
-4.55788
-4.55788
-4.55788
-4.55788
-4.55788
-4.55788
-4.55788
-4.55788
-4.55788
-4.55788
-4.55788
-4.55788
-4.55788
-4.55788
-4.55788
-4.55788
-4.55788
-4.55788
-4.55788
-4.55788
-4.55788
-4.55788
-4.55788
-4.55788
-4.55788
-4.55788
-4.55788
-4.55788
-4.55788
-4.55788
-4.55788
-4.55788
-4.55788
-4.55788
-4.55788
-4.55788
-4.55788
-4.55788
-4.55788
-4.55788
-4.55788
-4.55788
-4.55788
-4.55788
-4.55788
-4.55788
-4.55788
-4.55788
-4.55788
-4.55788
-4.55788
-4.55788
-4.55788
-4.55788
-4.55788
-4.55788
-4.55788
-4.55788
-4.55788
-4.55788
-4.55788
-4.55788
-4.55788
-4.55788
-4.55788
-4.55788
-4.55788
-4.55788
-4.55788
-4.55788
-4.55788
-4.55788
-4.55788
-4.55788
-4.55788
-4.55788
-4.55788
-4.55788
-4.55788
-4.55788
-4.55788
-4.55788
-4.55788
-4.55788
-4.55788
-4.55788
-4.55788
-4.55788
-4.55788
-4.55788
-4.55788
-4.55788
-4.55788
-4.55788
-4.55788
-4.55788
-4.55788
-4.55788
-4.55788
-4.55788
-4.55788
-4.55788
-4.55788
-4.55788
-4.55788
-4.55788
-4.55788
-4.55788
-4.55788
-4.55788
-4.55788
-4.55788
-4.55788
-4.55788
-4.55788
-4.55788
-4.55788
-4.55788
-4.55788
-4.55788
-4.55788
-4.55788
-4.55788
-4.55788
-4.55788
-4.55788
-4.55788
-4.55788
-4.55788
-4.55788
-4.55788
-4.55788
-4.55788
-4.55788
-4.55788
-4.55788
-4.55788
-4.55788
-4.55788
-4.55788
-4.55788
-4.55788
-4.55788
-4.55788
-4.55788
-4.55788
-4.55788
-4.55788
-4.55788
-4.55788
-4.55788
-4.55788
-4.55788
-4.55788
-4.55788
-4.55788
-4.55788
-4.55788
-4.55788
-4.55788
-4.55788
-4.55788
-4.55788
-4.55788
-4.55788
-4.55788
-4.55788
-4.55788
-4.55788
-4.55788
-4.55788
-4.55788
-4.55788
-4.55788
-4.55788
-4.55788
-4.55788
-4.55788
-4.55788
-4.55788
-4.55788
-4.55788
-4.55788
-4.55788
-4.55788
-4.55788
-4.55788
-4.55788
-4.55788
-4.55788
-4.55788
-4.55788
-4.55788
-4.55788
-4.55788
-4.55788
-4.55788
-4.55788
-4.55788
-4.55788
-4.55788
-4.55788
-4.55788
-4.55788
-4.55788
-4.55788
-4.55788
-4.55788
-4.55788
-4.55788
-4.55788
-4.55788
-4.55788
-4.55788
-4.55788
-4.55788
-4.55788
-4.55788
-4.55788
-4.55788
-4.55788
-4.55788
-4.55788
-4.55788
-4.55788
-4.55788
-4.55788
-4.55788
-4.55788
-4.55788
-4.55788
-4.55788
-4.55788
-4.55788
-4.55788
-4.55788
-4.55788
-4.55788
-4.55788
-4.55788
-4.55788
-4.55788
-4.55788
-4.55788
-4.55788
-4.55788
-4.55788
-4.55788
-4.55788
-4.55788
-4.55788
-4.55788
-4.55788
-4.55788
-4.55788
-4.55788
-4.55788
-4.55788
-4.55788
-4.55788
-4.55788
-4.55788
-4.55788
-4.55788
-4.55788
-4.55788
-4.55788
-4.55788
-4.55788
-4.55788
-4.55788
-4.55788
-4.55788
-4.55788
-4.55788
-4.55788
-4.55788
-4.55788
-4.55788
-4.55788
-4.55788
-4.55788
-4.55788
-4.55788
-4.55788
-4.55788
-4.55788
-4.55788
-4.55788
-4.55788
-4.55788
-4.55788
-4.55788
-4.55788
-4.55788
-4.55788
-4.55788
-4.55788
-4.55788
-4.55788
-4.55788
-4.55788
-4.55788
-4.55788
-4.55788
-4.55788
-4.55788
-4.55788
-4.55788
-4.55788
-4.55788
-4.55788
-4.55788
-4.55788
-4.55788
-4.55788
-4.55788
-4.55788
-4.55788
-4.55788
-4.55788
-4.55788
-4.55788
-4.55788
-4.55788
-4.55788
-4.55788
-4.55788
-4.55788
-4.55788
-4.55788
-4.55788
-4.55788
-4.55788
-4.55788
-4.55788
-4.55788
-4.55788
-4.55788
-4.55788
-4.55788
-4.55788
-4.55788
-4.55788
-4.55788
-4.55788
-4.55788
-4.55788
-4.55788
-4.55788
-4.55788
-4.55788
-4.55788
-4.55788
-4.55788
-4.55788
-4.55788
-4.55788
-4.55788
-4.55788
-4.55788
-4.55788
-4.55788
-4.55788
-4.55788
-4.55788
-4.55788
-4.55788
-4.55788
-4.55788
-4.55788
-4.55788
-4.55788
-4.55788
-4.55788
-4.55788
-4.55788
-4.55788
-4.55788
-4.55788
-4.55788
-4.55788
-4.55788
-4.55788
-4.55788
-4.55788
-4.55788
-4.55788
-4.55788
-4.55788
-4.55788
-4.55788
-4.55788
-4.55788
-4.55788
-4.55788
-4.55788
-4.55788
-4.55788
-4.55788
-4.55788
-4.55788
-4.55788
-4.55788
-4.55788
-4.55788
-4.55788
-4.55788
-4.55788
-4.55788
-4.55788
-4.55788
-4.55788
-4.55788
-4.55788
-4.55788
-4.55788
-4.55788
-4.55788
-4.55788
-4.55788
-4.55788
-4.55788
-4.55788
-4.55788
-4.55788
-4.55788
-4.55788
-4.55788
-4.55788
-4.55788
-4.55788
-4.55788
-4.55788
-4.55788
-4.55788
-4.55788
-4.55788
-4.55788
-4.55788
-4.55788
-4.55788
-4.55788
-4.55788
-4.55788
-4.55788
-4.55788
-4.55788
-4.55788
-4.55788
-4.55788
-4.55788
-4.55788
-4.55788
-4.55788
-4.55788
-4.55788
-4.55788
-4.55788
-4.55788
-4.55788
-4.55788
-4.55788
-4.55788
-4.55788
-4.55788
-4.55788
-4.55788
-4.55788
-4.55788
-4.55788
-4.55788
-4.55788
-4.55788
-4.55788
-4.55788
-4.55788
-4.55788
-4.55788
-4.55788
-4.55788
-4.55788
-4.55788
-4.55788
-4.55788
-4.55788
-4.55788
-4.55788
-4.55788
-4.55788
-4.55788
-4.55788
-4.55788
-4.55788
-4.55788
-4.55788
-4.55788
-4.55788
-4.55788
-4.55788
-4.55788
-4.55788
-4.55788
-4.55788
-4.55788
-4.55788
-4.55788
-4.55788
-4.55788
-4.55788
-4.55788
-4.55788
-4.55788
-4.55788
-4.55788
-4.55788
-4.55788
-4.55788
-4.55788
-4.55788
-4.55788
-4.55788
-4.55788
-4.55788
-4.55788
-4.55788
-4.55788
-4.55788
-4.55788
-4.55788
-4.55788
-4.55788
-4.55788
-4.55788
-4.55788
-4.55788
-4.55788
-4.55788
-4.55788
-4.55788
-4.55788
-4.55788
-4.55788
-4.55788
-4.55788
-4.55788
-4.55788
-4.55788
-4.55788
-4.55788
-4.55788
-4.55788
-4.55788
-4.55788
-4.55788
-4.55788
-4.55788
-4.55788
-4.55788
-4.55788
-4.55788
-4.55788
-4.55788
-4.55788
-4.55788
-4.55788
-4.55788
-4.55788
-4.55788
-4.55788
-4.55788
-4.55788
-4.55788
-4.55788
-4.55788
-4.55788
-4.55788
-4.55788
-4.55788
-4.55788
-4.55788
-4.55788
-4.55788
-4.55788
-4.55788
-4.55788
-4.55788
-4.55788
-4.55788
-4.55788
-4.55788
-4.55788
-4.55788
-4.55788
-4.55788
-4.55788
-4.55788
-4.55788
-4.55788
-4.55788
-4.55788
-4.55788
-4.55788
-4.55788
-4.55788
-4.55788
-4.55788
-4.55788
-4.55788
-4.55788
-4.55788
-4.55788
-4.55788
-4.55788
-4.55788
-4.55788
-4.55788
-4.55788
-4.55788
-4.55788
-4.55788
-4.55788
-4.55788
-4.55788
-4.55788
-4.55788
-4.55788
-4.55788
-4.55788
-4.55788
-4.55788
-4.55788
-4.55788
-4.55788
-4.55788
-4.55788
-4.55788
-4.55788
-4.55788
-4.55788
-4.55788
-4.55788
-4.55788
-4.55788
-4.55788
-4.55788
-4.55788
-4.55788
-4.55788
-4.55788
-4.55788
-4.55788
-4.55788
-4.55788
-4.55788
-4.55788
-4.55788
-4.55788
-4.55788
-4.55788
-4.55788
-4.55788
-4.55788
-4.55788
-4.55788
-4.55788
-4.55788
-4.55788
-4.55788
-4.55788
-4.55788
-4.55788
-4.55788
-4.55788
-4.55788
-4.55788
-4.55788
-4.55788
-4.55788
-4.55788
-4.55788
-4.55788
-4.55788
-4.55788
-4.55788
-4.55788
-4.55788
-4.55788
-4.55788
-4.55788
-4.55788
-4.55788
-4.55788
-4.55788
-4.55788
-4.55788
-4.55788
-4.55788
-4.55788
-4.55788
-4.55788
-4.55788
-4.55788
-4.55788
-4.55788
-4.55788
-4.55788
-4.55788
-4.55788
-4.55788
-4.55788
-4.55788
-4.55788
-4.55788
-4.55788
-4.55788
-4.55788
-4.55788
-4.55788
-4.55788
-4.55788
-4.55788
-4.55788
-4.55788
-4.55788
-4.55788
-4.55788
-4.55788
-4.55788
-4.55788
-4.55788
-4.55788
-4.55788
-4.55788
-4.55788
-4.55788
-4.55788
-4.55788
-4.55788
-4.55788
-4.55788
-4.55788
-4.55788
-4.55788
-4.55788
-4.55788
-4.55788
-4.55788
-4.55788
-4.55788
-4.55788
0.105917
0.111692
0.111692
0.111692
0.111692
0.111692
0.111692
0.111692
0.111692
0.117653
0.117653
0.117653
0.111588
0.111588
0.111588
0.111588
0.111588
0.111588
0.111588
0.111588
0.111588
0.111588
0.111588
0.111588
0.111588
0.111588
0.111692
0.111692
0.111692
0.111692
0.111692
0.105917
0.105917
0.105917
0.105917
0.105917
0.105917
0.105917
0.105917
0.105917
0.105917
0.105917
0.105917
0.0953513
0.090355
0.090355
0.090355
0.0904303
0.0904303
0.0904303
0.0904303
0.0856669
0.0856669
0.0856669
0.0856669
0.0856669
0.0856669
0.0856669
0.0856669
0.0856669
0.0811944
0.0690828
0.0653446
0.0653446
0.0653855
0.0653855
0.0653855
0.0618261
0.0618638
0.0618638
0.0618638
0.0618638
0.0618638
0.0618638
0.0585093
0.0585093
0.0585093
0.0585093
0.0585413
0.0467652
0.0441243
0.0441243
0.0441243
0.0441243
0.0441352
0.0441352
0.0441452
0.0441452
0.0416204
0.0416299
0.0416299
0.0416387
0.0416387
0.0416468
0.0416468
0.0416468
0.0392514
0.0392514
0.0308077
0.0308077
0.0308077
0.0308077
0.0308077
0.0308077
0.0308077
0.0308077
0.0308077
0.0308077
0.0308077
0.0308077
0.0308077
0.0308077
0.0308077
0.0308077
0.0289305
0.0289305
0.0289305
0.0289305
0.0289305
0.0289305
0.0289305
0.0289305
0.0289305
0.0289305
0.0289305
0.0289305
0.0289305
0.0289305
0.0289305
0.0289305
0.0289305
0.0289305
0.0271454
0.0271454
0.0271454
0.0271454
0.0271454
0.0271454
0.0271454
0.0271454
0.0271454
0.0271454
0.0271454
0.0271454
0.0271454
0.0271454
0.0271454
0.0271454
0.0271454
0.0271454
0.0271454
0.025448
0.025448
0.025448
0.025448
0.025448
0.025448
0.025448
0.025448
0.025448
0.025448
0.025448
0.025448
0.025448
0.025448
0.025448
0.025448
0.025448
0.025448
0.025448
0.0238341
0.0238341
0.0238341
0.0238341
0.0238341
0.0238341
0.0238341
0.0238341
0.0238341
0.0238341
0.0238341
0.0238341
0.0238341
0.0238341
0.0238341
0.0238341
0.0238341
0.0238341
0.0222995
0.0222995
0.0222995
0.0222995
0.0222995
0.0222995
0.0222995
0.0222995
0.0222995
0.0222995
0.0222995
0.0222995
0.0222995
0.0222995
0.0222995
0.0222995
0.0222995
0.0222995
0.0222995
0.0208403
0.0208403
0.0208403
0.0208403
0.0208403
0.0208403
0.0208403
0.0208403
0.0208403
0.0208403
0.0208403
0.0208403
0.0208403
0.0208403
0.0208403
0.0208403
0.0208403
0.0208403
0.0208403
0.0208403
0.0208403
0.019453
0.019453
0.019453
0.019453
0.019453
0.019453
0.019453
0.019453
0.019453
0.019453
0.019453
0.019453
0.019453
0.019453
0.019453
0.019453
0.019453
0.019453
0.019453
0.019453
0.0181347
0.0181347
0.0181347
0.0181347
0.0181347
0.0181347
0.0181347
0.0181347
0.0181347
0.0181347
0.0181347
0.0181347
0.0181347
0.0181347
0.0181347
0.0181347
0.0181347
0.0181347
0.0181347
0.0181347
0.0168825
0.0168825
0.0168825
0.0168825
0.0168825
0.0168825
0.0168825
0.0168825
0.0168825
0.0168825
0.0168825
0.0168825
0.0168825
0.0168825
0.0168825
0.0168825
0.0168825
0.0168825
0.0168825
0.0168825
0.0168825
0.0156944
0.0156944
0.0156944
0.0156944
0.0156944
0.0156944
0.0156944
0.0156944
0.0156944
0.0156944
0.0156944
0.0156944
0.0156944
0.0156944
0.0156944
0.0156944
0.0156944
0.0156944
0.0156944
0.0156944
0.0156944
0.0145673
0.0145673
0.0145673
0.0145673
0.0145673
0.0145673
0.0145673
0.0145673
0.0145673
0.0145673
0.0145673
0.0145673
0.0145673
0.0145673
0.0145673
0.0145673
0.0145673
0.0145673
0.0145673
0.0145673
0.0145673
0.0134968
0.0134968
0.0134968
0.0134968
0.0134968
0.0134968
0.0134968
0.0134968
0.0134968
0.0134968
0.0134968
0.0134968
0.0134968
0.0134968
0.0134968
0.0134968
0.0134968
0.0134968
0.0124791
0.0124791
0.0124791
0.0124791
0.0124791
0.0124791
0.0124791
0.0124791
0.0124791
0.0124791
0.0124791
0.0124791
0.0124791
0.0124791
0.0124791
0.0124791
0.0124791
0.0124791
0.0124791
0.0115126
0.0115126
0.0115126
0.0115126
0.0115126
0.0115126
0.0115126
0.0115126
0.0115126
0.0115126
0.0115126
0.0115126
0.0115126
0.0115126
0.0115126
0.0115126
0.0115126
0.0115126
0.0115126
0.0115126
0.0115126
0.0115126
0.0115126
0.0105965
0.0105965
0.0105965
0.0105965
0.0105965
0.0105965
0.0105965
0.0105965
0.0105965
0.0105965
0.0105965
0.0105965
0.0105965
0.0105965
0.0105965
0.0105965
0.0105965
0.0105965
0.0105965
0.0105965
0.00973107
0.00973107
0.00973107
0.00973107
0.00973107
0.00973107
0.00973107
0.00973107
0.00973107
0.00973107
0.00973107
0.00973107
0.00973107
0.00973107
0.00973107
0.00973107
0.00973107
0.00973107
0.00891618
0.00891618
0.00891618
0.00891618
0.00891618
0.00891618
0.00891618
0.00891618
0.00891618
0.00891618
0.00891618
0.00891618
0.00891618
0.00891618
0.00891618
0.00891618
0.00891618
0.00891618
0.00891618
0.00891618
0.00891618
0.00891618
0.00815157
0.00815157
0.00815157
0.00815157
0.00815157
0.00815157
0.00815157
0.00815157
0.00815157
0.00815157
0.00815157
0.00815157
0.00815157
0.00815157
0.00815157
0.00815157
0.00815157
0.00815157
0.00815157
0.00815157
0.00743636
0.00743636
0.00743636
0.00743636
0.00743636
0.00743636
0.00743636
0.00743636
0.00743636
0.00743636
0.00743636
0.00743636
0.00743636
0.00743636
0.00743636
0.00743636
0.00743636
0.00743636
0.00743636
0.00743636
0.00676894
0.00676894
0.00676894
0.00676894
0.00676894
0.00676894
0.00676894
0.00676894
0.00676894
0.00676894
0.00676894
0.00676894
0.00676894
0.00676894
0.00676894
0.00676894
0.00676894
0.00676894
0.00676894
0.00676894
0.00676894
0.00676894
0.00614697
0.00614697
0.00614697
0.00614697
0.00614697
0.00614697
0.00614697
0.00614697
0.00614697
0.00614697
0.00614697
0.00614697
0.00614697
0.00614697
0.00614697
0.00614697
0.00614697
0.00614697
0.00614697
0.00614697
0.00614697
0.00614697
0.00556663
0.00556663
0.00556663
0.00556663
0.00556663
0.00556663
0.00556663
0.00556663
0.00556663
0.00556663
0.00556663
0.00556663
0.00556663
0.00556663
0.00556663
0.00556663
0.00556663
0.00556663
0.00556663
0.00556663
0.00556663
0.00501841
0.00501841
0.00501841
0.00501841
0.00501841
0.00501841
0.00501841
0.00501841
0.00501841
0.00501841
0.00501841
0.00501841
0.00501841
0.00501841
0.00501841
0.00501841
0.00501841
0.00501841
0.00501841
0.00501841
0.00501841
0.00449248
0.00449248
0.00449248
0.00449248
0.00449248
0.00449248
0.00449248
0.00449248
0.00449248
0.00449248
0.00449248
0.00449248
0.00449248
0.00449248
0.00449248
0.00449248
0.00449248
0.00449248
0.00449248
0.00449248
0.00449248
0.00398697
0.00398697
0.00398697
0.00398697
0.00398697
0.00398697
0.00398697
0.00398697
0.00398697
0.00398697
0.00398697
0.00398697
0.00398697
0.00398697
0.00398697
0.00398697
0.00398697
0.00398697
0.00398697
0.00398697
0.00350369
0.00350369
0.00350369
0.00350369
0.00350369
0.00350369
0.00350369
0.00350369
0.00350369
0.00350369
0.00350369
0.00350369
0.00350369
0.00350369
0.00350369
0.00350369
0.00350369
0.00350369
0.00350369
0.00350369
0.00350369
0.00350369
0.00350369
0.00350369
0.00304419
0.00304419
0.00304419
0.00304419
0.00304419
0.00304419
0.00304419
0.00304419
0.00304419
0.00304419
0.00304419
0.00304419
0.00304419
0.00304419
0.00304419
0.00304419
0.00304419
0.00304419
0.00304419
0.00304419
0.00304419
0.00304419
0.00304419
0.00304419
0.00304419
0.00260946
0.00260946
0.00260946
0.00260946
0.00260946
0.00260946
0.00260946
0.00260946
0.00260946
0.00260946
0.00260946
0.00260946
0.00260946
0.00260946
0.00260946
0.00260946
0.00260946
0.00260946
0.00260946
0.00260946
0.00260946
0.00260946
0.00260946
0.00260946
0.00220003
0.00220003
0.00220003
0.00220003
0.00220003
0.00220003
0.00220003
0.00220003
0.00220003
0.00220003
0.00220003
0.00220003
0.00220003
0.00220003
0.00220003
0.00220003
0.00220003
0.00220003
0.00220003
0.00220003
0.00220003
0.00220003
0.00220003
0.00220003
0.00181607
0.00181607
0.00181607
0.00181607
0.00181607
0.00181607
0.00181607
0.00181607
0.00181607
0.00181607
0.00181607
0.00181607
0.00181607
0.00181607
0.00181607
0.00181607
0.00181607
0.00181607
0.00181607
0.00181607
0.00181607
0.00181607
0.00181607
0.00181607
0.00181607
0.00181607
0.00181607
0.00145744
0.00145744
0.00145744
0.00145744
0.00145744
0.00145744
0.00145744
0.00145744
0.00145744
0.00145744
0.00145744
0.00145744
0.00145744
0.00145744
0.00145744
0.00145744
0.00145744
0.00145744
0.00145744
0.00145744
0.00145744
0.00145744
0.00145744
0.00112383
0.00112383
0.00112383
0.00112383
0.00112383
0.00112383
0.00112383
0.00112383
0.00112383
0.00112383
0.00112383
0.00112383
0.00112383
0.00112383
0.00112383
0.00112383
0.00112383
0.00112383
0.00112383
0.00112383
0.00112383
0.00112383
0.00112383
0.00112383
0.000814844
0.000814844
0.000814844
0.000814844
0.000814844
0.000814844
0.000814844
0.000814844
0.000814844
0.000814844
0.000814844
0.000814844
0.000814844
0.000814844
0.000814844
0.000814844
0.000814844
0.000814844
0.000814844
0.000814844
0.000814844
0.000814844
0.000814844
0.000814844
0.000814844
0.000814844
0.000530169
0.000530169
0.000530169
0.000530169
0.000530169
0.000530169
0.000530169
0.000530169
0.000530169
0.000530169
0.000530169
0.000530169
0.000530169
0.000530169
0.000530169
0.000530169
0.000530169
0.000530169
0.000530169
0.000530169
0.000530169
0.000269723
0.000530169
0.000269723
0.000269723
0.000269723
0.000269723
0.000269723
0.000269723
0.000269723
0.000269723
0.000269723
0.000269723
0.000269723
0.000269723
0.000269723
0.000269723
0.000269723
0.000269723
0.000269723
0.000269723
0.000269723
0.000269723
0.000269723
0.000269723
0.000269723
0.000269723
0.000269723
3.39058e-05
3.39058e-05
3.39058e-05
3.39058e-05
3.39058e-05
3.39058e-05
3.39058e-05
3.39058e-05
3.39058e-05
3.39058e-05
3.39058e-05
3.39058e-05
3.39058e-05
3.39058e-05
3.39058e-05
3.39058e-05
3.39058e-05
3.39058e-05
3.39058e-05
3.39058e-05
3.39058e-05
3.39058e-05
3.39058e-05
-0.000175978
-0.000175978
-0.000175978
-0.000175978
-0.000175978
-0.000175978
-0.000175978
-0.000175978
-0.000175978
-0.000175978
-0.000175978
-0.000175978
-0.000175978
-0.000175978
-0.000175978
-0.000175978
-0.000175978
-0.000175978
-0.000175978
-0.000175978
-0.000175978
-0.000175978
-0.000175978
-0.000357715
-0.000357715
-0.000357715
-0.000357715
-0.000357715
-0.000357715
-0.000357715
-0.000357715
-0.000357715
-0.000357715
-0.000357715
-0.000357715
-0.000357715
-0.000357715
-0.000357715
-0.000357715
-0.000357715
-0.000357715
-0.000357715
-0.000357715
-0.000357715
-0.000357715
-0.000357715
-0.000357715
-0.000357715
-0.000357715
-0.000509131
-0.000509131
-0.000509131
-0.000509131
-0.000509131
-0.000509131
-0.000509131
-0.000509131
-0.000509131
-0.000509131
-0.000509131
-0.000509131
-0.000509131
-0.000509131
-0.000509131
-0.000509131
-0.000509131
-0.000509131
-0.000509131
-0.000509131
-0.000509131
-0.000628843
-0.000628843
-0.000628843
-0.000628843
-0.000628843
-0.000628843
-0.000628843
-0.000628843
-0.000628843
-0.000628843
-0.000628843
-0.000628843
-0.000628843
-0.000628843
-0.000628843
-0.000628843
-0.000628843
-0.000628843
-0.000628843
-0.000628843
-0.000628843
-0.000628843
-0.000628843
-0.000628843
-0.000628843
-0.000628843
-0.000628843
-0.000628843
-0.000716293
-0.000716293
-0.000716293
-0.000716293
-0.000716293
-0.000716293
-0.000716293
-0.000716293
-0.000716293
-0.000716293
-0.000716293
-0.000716293
-0.000716293
-0.000716293
-0.000716293
-0.000716293
-0.000716293
-0.000716293
-0.000716293
-0.000716293
-0.000716293
-0.000716293
-0.000716293
-0.000716293
-0.000716293
-0.000771664
-0.000771664
-0.000771664
-0.000771664
-0.000771664
-0.000771664
-0.000771664
-0.000771664
-0.000771664
-0.000771664
-0.000771664
-0.000771664
-0.000771664
-0.000771664
-0.000771664
-0.000771664
-0.000771664
-0.000771664
-0.000771664
-0.000771664
-0.000771664
-0.000771664
-0.000795773
-0.000795773
-0.000795773
-0.000795773
-0.000795773
-0.000795773
-0.000795773
-0.000795773
-0.000795773
-0.000795773
-0.000795773
-0.000795773
-0.000795773
-0.000795773
-0.000795773
-0.000795773
-0.000795773
-0.000789929
-0.000789929
-0.000789929
-0.000789929
-0.000789929
-0.000789929
-0.000789929
-0.000789929
-0.000789929
-0.000789929
-0.000789929
-0.000789929
-0.000789929
-0.000789929
-0.000789929
-0.000789929
-0.000789929
-0.000789929
-0.000789929
-0.000789929
-0.000789929
-0.000789929
-0.000789929
-0.000755767
-0.000795773
-0.000795773
-0.000755767
-0.000755767
-0.000755767
-0.000755767
-0.000755767
-0.000755767
-0.000755767
-0.000755767
-0.000755767
-0.000755767
-0.000755767
-0.000755767
-0.000755767
-0.000755767
-0.000755767
-0.000755767
-0.000755767
-0.000755767
-0.000755767
-0.000755767
-0.000755767
-0.000755767
-0.000755767
-0.000695033
-0.000695033
-0.000695033
-0.000695033
-0.000695033
-0.000695033
-0.000695033
-0.000695033
-0.000695033
-0.000695033
-0.000695033
-0.000695033
-0.000695033
-0.000695033
-0.000695033
-0.000695033
-0.000695033
-0.000695033
-0.000695033
-0.000695033
-0.000695033
-0.000695033
-0.000695033
-0.000695033
-0.000609327
-0.000609327
-0.000609327
-0.000609327
-0.000609327
-0.000609327
-0.000609327
-0.000609327
-0.000609327
-0.000609327
-0.000609327
-0.000609327
-0.000609327
-0.000609327
-0.000609327
-0.000609327
-0.000609327
-0.000609327
-0.000609327
-0.000609327
-0.000609327
-0.000609327
-0.000609327
-0.000609327
-0.000609327
-0.000499807
-0.000499807
-0.000499807
-0.000499807
-0.000499807
-0.000499807
-0.000499807
-0.000499807
-0.000499807
-0.000499807
-0.000499807
-0.000499807
-0.000499807
-0.000499807
-0.000499807
-0.000499807
-0.000499807
-0.000499807
-0.000499807
-0.000499807
-0.000499807
-0.000499807
-0.000499807
-0.000499807
-0.000366822
-0.000366822
-0.000366822
-0.000366822
-0.000366822
-0.000366822
-0.000366822
-0.000366822
-0.000366822
-0.000366822
-0.000366822
-0.000366822
-0.000366822
-0.000366822
-0.000366822
-0.000366822
-0.000366822
-0.000366822
-0.000366822
-0.000366822
-0.000366822
-0.000366822
-0.000366822
-0.000366822
-0.000366822
-0.000209472
-0.000209472
-0.000209472
-0.000209472
-0.000209472
-0.000209472
-0.000209472
-0.000209472
-0.000209472
-0.000209472
-0.000209472
-0.000209472
-0.000209472
-0.000209472
-0.000209472
-0.000209472
-0.000209472
-0.000209472
-0.000209472
-0.000209472
-0.000209472
-0.000209472
-0.000209472
-0.000209472
-0.000209472
-2.5145e-05
-2.5145e-05
-2.5145e-05
-2.5145e-05
-2.5145e-05
-2.5145e-05
-2.5145e-05
-2.5145e-05
-2.5145e-05
-2.5145e-05
-2.5145e-05
-2.5145e-05
-2.5145e-05
-2.5145e-05
-2.5145e-05
-2.5145e-05
-2.5145e-05
-2.5145e-05
-2.5145e-05
-2.5145e-05
-2.5145e-05
-2.5145e-05
-2.5145e-05
-2.5145e-05
-2.5145e-05
0.000189876
0.000189876
0.000189876
0.000189876
0.000189876
0.000189876
0.000189876
0.000189876
0.000189876
0.000189876
0.000189876
0.000189876
0.000189876
0.000189876
0.000189876
0.000189876
0.000189876
0.000189876
0.000189876
0.000189876
0.000189876
0.000189876
0.000189876
0.000189876
0.000189876
0.000436989
0.000436989
0.000436989
0.000436989
0.000436989
0.000436989
0.000436989
0.000436989
0.000436989
0.000436989
0.000436989
0.000436989
0.000436989
0.000436989
0.000436989
0.000436989
0.000436989
0.000436989
0.000436989
0.000436989
0.000436989
0.000436989
0.000436989
0.000714642
0.000714642
0.000714642
0.000714642
0.000714642
0.000714642
0.000714642
0.000714642
0.000714642
0.000714642
0.000714642
0.000714642
0.000714642
0.000714642
0.000714642
0.000714642
0.000714642
0.000714642
0.000714642
0.000714642
0.000714642
0.000714642
0.000714642
0.0010216
0.0010216
0.0010216
0.0010216
0.0010216
0.0010216
0.0010216
0.0010216
0.0010216
0.0010216
0.0010216
0.0010216
0.0010216
0.0010216
0.0010216
0.0010216
0.0010216
0.0010216
0.0010216
0.0010216
0.0010216
0.0010216
0.00135823
0.00135823
0.00135823
0.00135823
0.00135823
0.00135823
0.00135823
0.00135823
0.00135823
0.00135823
0.00135823
0.00135823
0.00135823
0.00135823
0.00135823
0.00135823
0.00135823
0.00135823
0.00135823
0.00135823
0.00135823
0.00172644
0.00172644
0.00172644
0.00172644
0.00172644
0.00172644
0.00172644
0.00172644
0.00172644
0.00172644
0.00172644
0.00172644
0.00172644
0.00172644
0.00172644
0.00172644
0.00172644
0.00172644
0.00172644
0.00172644
0.00172644
0.00172644
0.00172644
0.00172644
0.00172644
0.0021294
0.0021294
0.0021294
0.0021294
0.0021294
0.0021294
0.0021294
0.0021294
0.0021294
0.0021294
0.0021294
0.0021294
0.0021294
0.0021294
0.0021294
0.0021294
0.0021294
0.0021294
0.0021294
0.0021294
0.0021294
0.0021294
0.0021294
0.0021294
0.0021294
0.0021294
0.00257131
0.00257131
0.00257131
0.00257131
0.00257131
0.00257131
0.00257131
0.00257131
0.00257131
0.00257131
0.00257131
0.00257131
0.00257131
0.00257131
0.00257131
0.00257131
0.00257131
0.00257131
0.00257131
0.00257131
0.00257131
0.00257131
0.00257131
0.00257131
0.00257131
0.00305707
0.00305707
0.00305707
0.00305707
0.00305707
0.00305707
0.00305707
0.00305707
0.00305707
0.00305707
0.00305707
0.00305707
0.00305707
0.00305707
0.00305707
0.00305707
0.00305707
0.00305707
0.00305707
0.00305707
0.00305707
0.00305707
0.00305707
0.00305707
0.00305707
0.00305707
0.00305707
0.0035919
0.0035919
0.0035919
0.0035919
0.0035919
0.0035919
0.0035919
0.0035919
0.0035919
0.0035919
0.0035919
0.0035919
0.0035919
0.0035919
0.0035919
0.0035919
0.0035919
0.0035919
0.0035919
0.0035919
0.0035919
0.0035919
0.0035919
0.0035919
0.0035919
0.0035919
0.0035919
0.00418084
0.00418084
0.00418084
0.00418084
0.00418084
0.00418084
0.00418084
0.00418084
0.00418084
0.00418084
0.00418084
0.00418084
0.00418084
0.00418084
0.00418084
0.00418084
0.00418084
0.00418084
0.00418084
0.00418084
0.00418084
0.00418084
0.00418084
0.00418084
0.00418084
0.00418084
0.00418084
0.00418084
0.0048282
0.0048282
0.0048282
0.0048282
0.0048282
0.0048282
0.0048282
0.0048282
0.0048282
0.0048282
0.0048282
0.0048282
0.0048282
0.0048282
0.0048282
0.0048282
0.0048282
0.0048282
0.0048282
0.0048282
0.0048282
0.0048282
0.0048282
0.0048282
0.0048282
0.0048282
0.0048282
0.0048282
0.00553688
0.00553688
0.00553688
0.00553688
0.00553688
0.00553688
0.00553688
0.00553688
0.00553688
0.00553688
0.00553688
0.00553688
0.00553688
0.00553688
0.00553688
0.00553688
0.00553688
0.00553688
0.00553688
0.00553688
0.00553688
0.00553688
0.00553688
0.00553688
0.00553688
0.00553688
0.00553688
0.00553688
0.00630777
0.00630777
0.00630777
0.00630777
0.00630777
0.00630777
0.00630777
0.00630777
0.00630777
0.00630777
0.00630777
0.00630777
0.00630777
0.00630777
0.00630777
0.00630777
0.00630777
0.00630777
0.00630777
0.00630777
0.00630777
0.00630777
0.00630777
0.00630777
0.00630777
0.00630777
0.00630777
0.00630777
0.00714103
0.00714103
0.00714103
0.00714103
0.00714103
0.00714103
0.00714103
0.00714103
0.00714103
0.00714103
0.00714103
0.00714103
0.00714103
0.00714103
0.00714103
0.00714103
0.00714103
0.00714103
0.00714103
0.00714103
0.00714103
0.00714103
0.00714103
0.00714103
0.00714103
0.00714103
0.00714103
0.00714103
0.00803852
0.00803852
0.00803852
0.00803852
0.00803852
0.00803852
0.00803852
0.00803852
0.00803852
0.00803852
0.00803852
0.00803852
0.00803852
0.00803852
0.00803852
0.00803852
0.00803852
0.00803852
0.00803852
0.00803852
0.00803852
0.00803852
0.00803852
0.00803852
0.00803852
0.00803852
0.00803852
0.00900366
0.00900366
0.00900366
0.00900366
0.00900366
0.00900366
0.00900366
0.00900366
0.00900366
0.00900366
0.00900366
0.00900366
0.00900366
0.00900366
0.00900366
0.00900366
0.00900366
0.00900366
0.00900366
0.00900366
0.00900366
0.00900366
0.00900366
0.00900366
0.00900366
0.00900366
0.00900366
0.00900366
0.00900366
0.00900366
0.0100403
0.0100403
0.0100403
0.0100403
0.0100403
0.0100403
0.0100403
0.0100403
0.0100403
0.0100403
0.0100403
0.0100403
0.0100403
0.0100403
0.0100403
0.0100403
0.0100403
0.0100403
0.0100403
0.0100403
0.0100403
0.0100403
0.0100403
0.0100403
0.0100403
0.0100403
0.0100403
0.0100403
0.0111522
0.0111522
0.0111522
0.0111522
0.0111522
0.0111522
0.0111522
0.0111522
0.0111522
0.0111522
0.0111522
0.0111522
0.0111522
0.0111522
0.0111522
0.0111522
0.0111522
0.0111522
0.0111522
0.0111522
0.0111522
0.0111522
0.0111522
0.0111522
0.0111522
0.0111522
0.0111522
0.0111522
0.0123435
0.0123435
0.0123435
0.0123435
0.0123435
0.0123435
0.0123435
0.0123435
0.0123435
0.0123435
0.0123435
0.0123435
0.0123435
0.0123435
0.0123435
0.0123435
0.0123435
0.0123435
0.0123435
0.0123435
0.0123435
0.0123435
0.0123435
0.0123435
0.0123435
0.0123435
0.0123435
0.0123435
0.0123435
0.0123435
0.0136178
0.0136178
0.0136178
0.0136178
0.0136178
0.0136178
0.0136178
0.0136178
0.0136178
0.0136178
0.0136178
0.0136178
0.0136178
0.0136178
0.0136178
0.0136178
0.0136178
0.0136178
0.0136178
0.0136178
0.0136178
0.0136178
0.0136178
0.0136178
0.0136178
0.0149789
0.0149789
0.0149789
0.0149789
0.0149789
0.0149789
0.0149789
0.0149789
0.0149789
0.0149789
0.0149789
0.0149789
0.0149789
0.0149789
0.0149789
0.0149789
0.0149789
0.0149789
0.0149789
0.0149789
0.0149789
0.0149789
0.0149789
0.0149789
0.0149789
0.0149789
0.0149789
0.0164298
0.0164298
0.0164298
0.0164298
0.0164298
0.0164298
0.0164298
0.0164298
0.0164298
0.0164298
0.0164298
0.0164298
0.0164298
0.0164298
0.0164298
0.0164298
0.0164298
0.0164298
0.0164298
0.0164298
0.0164298
0.0164298
0.0164298
0.0164298
0.0164298
0.0179733
0.0179733
0.0179733
0.0179733
0.0179733
0.0179733
0.0179733
0.0179733
0.0179733
0.0179733
0.0179733
0.0179733
0.0179733
0.0179733
0.0179733
0.0179733
0.0179733
0.0179733
0.0179733
0.0179733
0.0179733
0.0179733
0.0196122
0.0196122
0.0196122
0.0196122
0.0196122
0.0196122
0.0196122
0.0196122
0.0196122
0.0196122
0.0196122
0.0196122
0.0196122
0.0196122
0.0196122
0.0196122
0.0196122
0.0196122
0.0196122
0.0213511
0.0213511
0.0213511
0.0213511
0.0213511
0.0213511
0.0213511
0.0213511
0.0213511
0.0213511
0.0213511
0.0213511
0.0213511
0.0213511
0.0213511
0.0213511
0.0213511
0.0213511
0.0213511
0.0213511
0.0251375
0.0251235
0.0251235
0.0231955
0.0251235
0.0271641
0.027154
0.027154
0.0271432
0.0271432
0.029312
0.029312
0.0292994
0.0292994
0.0292994
0.0292857
0.0292709
0.0292709
0.0467092
0.0467092
0.04659
0.0438433
0.0410028
0.0496902
0.0496902
0.0496902
0.0496902
0.0495516
0.0529359
0.0496902
0.0529359
0.0529359
0.0529359
0.0529359
0.0529359
0.0529359
0.0527877
0.0527877
0.056333
0.0561749
0.0598877
0.0561749
0.0632319
0.0794243
0.0796944
0.0796944
0.0796944
0.0796944
0.0796944
0.0796944
0.0796944
0.0796944
0.0796944
0.0794243
0.0794243
0.0842418
0.0842418
0.0842418
0.0842418
0.0595363
0.0753231
0.0753231
0.0753231
0.0753231
0.0755558
0.0711235
0.0755558
0.0711235
0.0755558
0.0755558
0.0755558
0.0755558
0.0753231
0.0469205
0.0564786
0.0564786
0.0564786
0.0566126
0.0566126
0.0566126
0.0566126
0.0530724
0.0531982
0.0530724
0.0566126
0.0530724
0.0566126
0.0566126
0.0566126
0.0566126
