0.121185
0.0969483
0.0727112
0.0969483
0.0969483
0.0969483
0.0969483
0.0969483
0.0727112
0.0969483
0.121185
0.0969483
0.0969483
0.0727112
0.121185
0.121185
0.0969483
0.121185
0.121185
0.0969483
0.121185
0.121185
0.121185
0.121185
0.121185
0.121185
0.121185
0.121185
0.145422
0.121185
0.121185
0.145422
0.121185
0.145422
0.121185
0.145422
0.145422
0.121185
0.145422
0.145422
0.121185
0.145422
0.145422
0.145422
0.145422
0.145422
0.145422
0.145422
0.145422
0.145422
0.145422
0.145422
0.145422
0.145422
0.169659
0.145422
0.145422
0.145422
0.169659
0.145422
0.145422
0.169659
0.145422
0.145422
0.169659
0.145422
0.169659
0.145422
0.169659
0.145422
0.169659
0.145422
0.169659
0.145422
0.169659
0.145422
0.169659
0.145422
0.169659
0.169659
0.145422
0.169659
0.169659
0.145422
0.169659
0.169659
0.169659
0.193897
0.169659
0.169659
0.169659
0.193897
0.169659
0.193897
0.193897
0.193897
0.193897
0.193897
0.218134
0.193897
0.218134
0.218134
0.218134
0.218134
0.242371
0.242371
0.266608
0.266608
0.266608
0.290845
0.290845
0.315082
0.339319
0.339319
0.387793
0.387793
0.41203
0.460504
0.484741
0.508978
0.557452
0.630164
0.678638
0.751349
0.82406
0.872534
0.896771
0.945245
0.969483
0.99372
0.99372
0.969483
0.921008
0.896771
0.872534
0.82406
0.799823
0.775586
0.751349
0.702875
0.702875
0.678638
0.654401
0.630164
0.605927
0.58169
0.58169
0.533215
0.533215
0.533215
0.484741
0.508978
0.460504
0.460504
0.460504
0.436267
0.436267
0.41203
0.41203
0.387793
0.387793
0.387793
0.363556
0.363556
0.339319
0.339319
0.339319
0.339319
0.315082
0.290845
0.315082
0.290845
0.266608
0.290845
0.242371
0.290845
0.242371
0.242371
0.242371
0.218134
0.218134
0.218134
0.218134
0.169659
0.218134
0.193897
0.193897
0.169659
0.169659
0.193897
0.169659
0.145422
0.145422
0.169659
0.145422
0.145422
0.121185
0.145422
0.121185
0.121185
0.121185
0.0969483
0.121185
0.0969483
0.0727112
0.0969483
0.0969483
0.0727112
0.0969483
0.0484741
0.0727112
0.0727112
0.0727112
0.0484741
0.0484741
0.0484741
0.0484741
0.0484741
0.0242371
