-0.278374
-0.278326
-0.278277
-0.278229
-0.27818
-0.278132
-0.278083
-0.278035
-0.277986
-0.277938
-0.277889
-0.277841
-0.277792
-0.277744
-0.277695
-0.277647
-0.277598
-0.27755
-0.277501
-0.277453
-0.277404
-0.277356
-0.277307
-0.277259
-0.27721
-0.277162
-0.277113
-0.277065
-0.277016
-0.276968
-0.276919
-0.276871
-0.276822
-0.276774
-0.276725
-0.276677
-0.276628
-0.27658
-0.276531
-0.276483
-0.276434
-0.276386
-0.276337
-0.276289
-0.27624
-0.276192
-0.276143
-0.276095
-0.276046
-0.275998
-0.275949
-0.275901
-0.275852
-0.275804
-0.275755
-0.275707
-0.275658
-0.27561
-0.275561
-0.275513
-0.275464
-0.275416
-0.275367
-0.275319
-0.27527
-0.275222
-0.275173
-0.275125
-0.275077
-0.275028
-0.27498
-0.274931
-0.274883
-0.274834
-0.274786
-0.274737
-0.274689
-0.27464
-0.274592
-0.274543
-0.274495
-0.274446
-0.274398
-0.274349
-0.274301
-0.274252
-0.274204
-0.274155
-0.274107
-0.274058
-0.27401
-0.273961
-0.273913
-0.273864
-0.273816
-0.273767
-0.273719
-0.27367
-0.273622
-0.273573
-0.273525
-0.273476
-0.273428
-0.273379
-0.273331
-0.273282
-0.273234
-0.273185
-0.273137
-0.273088
-0.27304
-0.272991
-0.272943
-0.272894
-0.272846
-0.272797
-0.272749
-0.2727
-0.272652
-0.272603
-0.272555
-0.272506
-0.272458
-0.272409
-0.272361
-0.272312
-0.272264
-0.272215
-0.272167
-0.272118
-0.27207
-0.272021
-0.271973
-0.271924
-0.271876
-0.271827
-0.271779
-0.27173
-0.271682
-0.271633
-0.271585
-0.271536
-0.271488
-0.271439
-0.271391
-0.271343
-0.271294
-0.271246
-0.271197
-0.271149
-0.2711
-0.271052
-0.271003
-0.270955
-0.270906
-0.270858
-0.270809
-0.270761
-0.270712
-0.270664
-0.270615
-0.270567
-0.270518
-0.27047
-0.270421
-0.270373
-0.270324
-0.270276
-0.270227
-0.270179
-0.27013
-0.270082
-0.270033
-0.269985
-0.269936
-0.269888
-0.269839
-0.269791
-0.269742
-0.269694
-0.269645
-0.269597
-0.269548
-0.2695
-0.269451
-0.269403
-0.269354
-0.269306
-0.269257
-0.269209
-0.26916
-0.269112
-0.269063
-0.269015
-0.268966
-0.268918
-0.268869
-0.268821
-0.268772
-0.268724
-0.268675
-0.268627
-0.268578
-0.26853
-0.268481
-0.268433
-0.268384
-0.268336
-0.268287
-0.268239
-0.26819
-0.268142
-0.268093
-0.268045
-0.267996
-0.267948
-0.267899
-0.267851
-0.267802
-0.267754
-0.267705
-0.267657
-0.267609
-0.26756
-0.267512
-0.267463
-0.267415
-0.267366
-0.267318
-0.267269
-0.267221
-0.267172
-0.267124
-0.267075
-0.267027
-0.266978
-0.26693
-0.266881
-0.266833
-0.266784
-0.266736
-0.266687
-0.266639
-0.26659
-0.266542
-0.266493
-0.266445
-0.266396
-0.266348
-0.266299
-0.266251
-0.266202
-0.266154
-0.266105
-0.266057
-0.266008
-0.26596
-0.265911
-0.265863
-0.265814
-0.265766
-0.265717
-0.265669
-0.26562
-0.265572
-0.265523
-0.265475
-0.265426
-0.265378
-0.265329
-0.265281
-0.265232
-0.265184
-0.265135
-0.265087
-0.265038
-0.26499
-0.264941
-0.264893
-0.264844
-0.264796
-0.264747
-0.264699
-0.26465
-0.264602
-0.264553
-0.264505
-0.264456
-0.264408
-0.264359
-0.264311
-0.264262
-0.264214
-0.264165
-0.264117
-0.264068
-0.26402
-0.263971
-0.263923
-0.263875
-0.263826
-0.263778
-0.263729
-0.263681
-0.263632
-0.263584
-0.263535
-0.263487
-0.263438
-0.26339
-0.263341
-0.263293
-0.263244
-0.263196
-0.263147
-0.263099
-0.26305
-0.263002
-0.262953
-0.262905
-0.262856
-0.262808
-0.262759
-0.262711
-0.262662
-0.262614
-0.262565
-0.262517
-0.262468
-0.26242
-0.262371
-0.262323
-0.262274
-0.262226
-0.262177
-0.262129
-0.26208
-0.262032
-0.261983
-0.261935
-0.261886
-0.261838
-0.261789
-0.261741
-0.261692
-0.261644
-0.261595
-0.261547
-0.261498
-0.26145
-0.261401
-0.261353
-0.261304
-0.261256
-0.261207
-0.261159
-0.26111
-0.261062
-0.261013
-0.260965
-0.260916
-0.260868
-0.260819
-0.260771
-0.260722
-0.260674
-0.260625
-0.260577
-0.260528
-0.26048
-0.260431
-0.260383
-0.260334
-0.260286
-0.260237
-0.260189
-0.260141
-0.260092
-0.260044
-0.259995
-0.259947
-0.259898
-0.25985
-0.259801
-0.259753
-0.259704
-0.259656
-0.259607
-0.259559
-0.25951
-0.259462
-0.259413
-0.259365
-0.259316
-0.259268
-0.259219
-0.259171
-0.259122
-0.259074
-0.259025
-0.258977
-0.258928
-0.25888
-0.258831
-0.258783
-0.258734
-0.258686
-0.258637
-0.258589
-0.25854
-0.258492
-0.258443
-0.258395
-0.258346
-0.258298
-0.258249
-0.258201
-0.258152
-0.258104
-0.258055
-0.258007
-0.257958
-0.25791
-0.257861
-0.257813
-0.257764
-0.257716
-0.257667
-0.257619
-0.25757
-0.257522
-0.257473
-0.257425
-0.257376
-0.257328
-0.257279
-0.257231
-0.257182
-0.257134
-0.257085
-0.257037
-0.256988
-0.25694
-0.256891
-0.256843
-0.256794
-0.256746
-0.256697
-0.256649
-0.2566
-0.256552
-0.256503
-0.256455
-0.256407
-0.256358
-0.25631
-0.256261
-0.256213
-0.256164
-0.256116
-0.256067
-0.256019
-0.25597
-0.255922
-0.255873
-0.255825
-0.255776
-0.255728
-0.255679
-0.255631
-0.255582
-0.255534
-0.255485
-0.255437
-0.255388
-0.25534
-0.255291
-0.255243
-0.255194
-0.255146
-0.255097
-0.255049
-0.255
-0.254952
-0.254903
-0.254855
-0.254806
-0.254758
-0.254709
-0.254661
-0.254612
-0.254564
-0.254515
-0.254467
-0.254418
-0.25437
-0.254321
-0.254273
-0.254224
-0.254176
-0.254127
-0.254079
-0.25403
-0.253982
-0.253933
-0.253885
-0.253836
-0.253788
-0.253739
-0.253691
-0.253642
-0.253594
-0.253545
-0.253497
-0.253448
-0.2534
-0.253351
-0.253303
-0.253254
-0.253206
-0.253157
-0.253109
-0.25306
-0.253012
-0.252963
-0.252915
-0.252866
-0.252818
-0.252769
-0.252721
-0.252673
-0.252624
-0.252576
-0.252527
-0.252479
-0.25243
-0.252382
-0.252333
-0.252285
-0.252236
-0.252188
-0.252139
-0.252091
-0.252042
-0.251994
-0.251945
-0.251897
-0.251848
-0.2518
-0.251751
-0.251703
-0.251654
-0.251606
-0.251557
-0.251509
-0.25146
-0.251412
-0.251363
-0.251315
-0.251266
-0.251218
-0.251169
-0.251121
-0.251072
-0.251024
-0.250975
-0.250927
-0.250878
-0.25083
-0.250781
-0.250733
-0.250684
-0.250636
-0.250587
-0.250539
-0.25049
-0.250442
-0.250393
-0.250345
-0.250296
-0.250248
-0.250199
-0.250151
-0.250102
-0.250054
-0.250005
-0.249957
-0.249908
-0.24986
-0.249811
-0.249763
-0.249714
-0.249666
-0.249617
-0.249569
-0.24952
-0.249472
-0.249423
-0.249375
-0.249326
-0.249278
-0.249229
-0.249181
-0.249132
-0.249084
-0.249035
-0.248987
-0.248939
-0.24889
-0.248842
-0.248793
-0.248745
-0.248696
-0.248648
-0.248599
-0.248551
-0.248502
-0.248454
-0.248405
-0.248357
-0.248308
-0.24826
-0.248211
-0.248163
-0.248114
-0.248066
-0.248017
-0.247969
-0.24792
-0.247872
-0.247823
-0.247775
-0.247726
-0.247678
-0.247629
-0.247581
-0.247532
-0.247484
-0.247435
-0.247387
-0.247338
-0.24729
-0.247241
-0.247193
-0.247144
-0.247096
-0.247047
-0.246999
-0.24695
-0.246902
-0.246853
-0.246805
-0.246756
-0.246708
-0.246659
-0.246611
-0.246562
-0.246514
-0.246465
-0.246417
-0.246368
-0.24632
-0.246271
-0.246223
-0.246174
-0.246126
-0.246077
-0.246029
-0.24598
-0.245932
-0.245883
-0.245835
-0.245786
-0.245738
-0.245689
-0.245641
-0.245592
-0.245544
-0.245495
-0.245447
-0.245398
-0.24535
-0.245301
-0.245253
-0.245205
-0.245156
-0.245108
-0.245059
-0.245011
-0.244962
-0.244914
-0.244865
-0.244817
-0.244768
-0.24472
-0.244671
-0.244623
-0.244574
-0.244526
-0.244477
-0.244429
-0.24438
-0.244332
-0.244283
-0.244235
-0.244186
-0.244138
-0.244089
-0.244041
-0.243992
-0.243944
-0.243895
-0.243847
-0.243798
-0.24375
-0.243701
-0.243653
-0.243604
-0.243556
-0.243507
-0.243459
-0.24341
-0.243362
-0.243313
-0.243265
-0.243216
-0.243168
-0.243119
-0.243071
-0.243022
-0.242974
-0.242925
-0.242877
-0.242828
-0.24278
-0.242731
-0.242683
-0.242634
-0.242586
-0.242537
-0.242489
-0.24244
-0.242392
-0.242343
-0.242295
-0.242246
-0.242198
-0.242149
-0.242101
-0.242052
-0.242004
-0.241955
-0.241907
-0.241858
-0.24181
-0.241761
-0.241713
-0.241664
-0.241616
-0.241567
-0.241519
-0.241471
-0.241422
-0.241374
-0.241325
-0.241277
-0.241228
-0.24118
-0.241131
-0.241083
-0.241034
-0.240986
-0.240937
-0.240889
-0.24084
-0.240792
-0.240743
-0.240695
-0.240646
-0.240598
-0.240549
-0.240501
-0.240452
-0.240404
-0.240355
-0.240307
-0.240258
-0.24021
-0.240161
-0.240113
-0.240064
-0.240016
-0.239967
-0.239919
-0.23987
-0.239822
-0.239773
-0.239725
-0.239676
-0.239628
-0.239579
-0.239531
-0.239482
-0.239434
-0.239385
-0.239337
-0.239288
-0.23924
-0.239191
-0.239143
-0.239094
-0.239046
-0.238997
-0.238949
-0.2389
-0.238852
-0.238803
-0.238755
-0.238706
-0.238658
-0.238609
-0.238561
-0.238512
-0.238464
-0.238415
-0.238367
-0.238318
-0.23827
-0.238221
-0.238173
-0.238124
-0.238076
-0.238027
-0.237979
-0.23793
-0.237882
-0.237833
-0.237785
-0.237736
-0.237688
-0.23764
-0.237591
-0.237543
-0.237494
-0.237446
-0.237397
-0.237349
-0.2373
-0.237252
-0.237203
-0.237155
-0.237106
-0.237058
-0.237009
-0.236961
-0.236912
-0.236864
-0.236815
-0.236767
-0.236718
-0.23667
-0.236621
-0.236573
-0.236524
-0.236476
-0.236427
-0.236379
-0.23633
-0.236282
-0.236233
-0.236185
-0.236136
-0.236088
-0.236039
-0.235991
-0.235942
-0.235894
-0.235845
-0.235797
-0.235748
-0.2357
-0.235651
-0.235603
-0.235554
-0.235506
-0.235457
-0.235409
-0.23536
-0.235312
-0.235263
-0.235215
-0.235166
-0.235118
-0.235069
-0.235021
-0.234972
-0.234924
-0.234875
-0.234827
-0.234778
-0.23473
-0.234681
-0.234633
-0.234584
-0.234536
-0.234487
-0.234439
-0.23439
-0.234342
-0.234293
-0.234245
-0.234196
-0.234148
-0.234099
-0.234051
-0.234002
-0.233954
-0.233906
-0.233857
-0.233809
-0.23376
-0.233712
-0.233663
-0.233615
-0.233566
-0.233518
-0.233469
-0.233421
-0.233372
-0.233324
-0.233275
-0.233227
-0.233178
-0.23313
-0.233081
-0.233033
-0.232984
-0.232936
-0.232887
-0.232839
-0.23279
-0.232742
-0.232693
-0.232645
-0.232596
-0.232548
-0.232499
-0.232451
-0.232402
-0.232354
-0.232305
-0.232257
-0.232208
-0.23216
-0.232111
-0.232063
-0.232014
-0.231966
-0.231917
-0.231869
-0.23182
-0.231772
-0.231723
-0.231675
-0.231626
-0.231578
-0.231529
-0.231481
-0.231432
-0.231384
-0.231335
-0.231287
-0.231238
-0.23119
-0.231141
-0.231093
-0.231044
-0.230996
-0.230947
-0.230899
-0.23085
-0.230802
-0.230753
-0.230705
-0.230656
-0.230608
-0.230559
-0.230511
-0.230462
-0.230414
-0.230365
-0.230317
-0.230268
-0.23022
-0.230172
-0.230123
-0.230075
-0.230026
-0.229978
-0.229929
-0.229881
-0.229832
-0.229784
-0.229735
-0.229687
-0.229638
-0.22959
-0.229541
-0.229493
-0.229444
-0.229396
-0.229347
-0.229299
-0.22925
-0.229202
-0.229153
-0.229105
-0.229056
-0.229008
-0.228959
-0.228911
-0.228862
-0.228814
-0.228765
-0.228717
-0.228668
-0.22862
-0.228571
-0.228523
-0.228474
-0.228426
-0.228377
-0.228329
-0.22828
-0.228232
-0.228183
-0.228135
-0.228086
-0.228038
-0.227989
-0.227941
-0.227892
-0.227844
-0.227795
-0.227747
-0.227698
-0.22765
-0.227601
-0.227553
-0.227504
-0.227456
-0.227407
-0.227359
-0.22731
-0.227262
-0.227213
-0.227165
-0.227116
-0.227068
-0.227019
-0.226971
-0.226922
-0.226874
-0.226825
-0.226777
-0.226728
-0.22668
-0.226631
-0.226583
-0.226534
-0.226486
-0.226438
-0.226389
-0.226341
-0.226292
-0.226244
-0.226195
-0.226147
-0.226098
-0.22605
-0.226001
-0.225953
-0.225904
-0.225856
-0.225807
-0.225759
-0.22571
-0.225662
-0.225613
-0.225565
-0.225516
-0.225468
-0.225419
-0.225371
-0.225322
-0.225274
-0.225225
-0.225177
-0.225128
-0.22508
-0.225031
-0.224983
-0.224934
-0.224886
-0.224837
-0.224789
-0.22474
-0.224692
-0.224643
-0.224595
-0.224546
-0.224498
-0.224449
-0.224401
-0.224352
-0.224304
-0.224255
-0.224207
-0.224158
-0.22411
-0.224061
-0.224013
-0.223964
-0.223916
-0.223867
-0.223819
-0.22377
-0.223722
-0.223673
-0.223625
-0.223576
-0.223528
-0.223479
-0.223431
-0.223382
-0.223334
-0.223285
-0.223237
-0.223188
-0.22314
-0.223091
-0.223043
-0.222994
-0.222946
-0.222897
-0.222849
-0.2228
-0.222752
-0.222704
-0.222655
-0.222607
-0.222558
-0.22251
-0.222461
-0.222413
-0.222364
-0.222316
-0.222267
-0.222219
-0.22217
-0.222122
-0.222073
-0.222025
-0.221976
-0.221928
-0.221879
-0.221831
-0.221782
-0.221734
-0.221685
-0.221637
-0.221588
-0.22154
-0.221491
-0.221443
-0.221394
-0.221346
-0.221297
-0.221249
-0.2212
-0.221152
-0.221103
-0.221055
-0.221006
-0.220958
-0.220909
-0.220861
-0.220812
-0.220764
-0.220715
-0.220667
-0.220618
-0.22057
-0.220521
-0.220473
-0.220424
-0.220376
-0.220327
-0.220279
-0.22023
-0.220182
-0.220133
-0.220085
-0.220036
-0.219988
-0.219939
-0.219891
-0.219842
-0.219794
-0.219745
-0.219697
-0.219648
-0.2196
-0.219551
-0.219503
-0.219454
-0.219406
-0.219357
-0.219309
-0.21926
-0.219212
-0.219163
-0.219115
-0.219066
-0.219018
-0.21897
-0.218921
-0.218873
-0.218824
-0.218776
-0.218727
-0.218679
-0.21863
-0.218582
-0.218533
-0.218485
-0.218436
-0.218388
-0.218339
-0.218291
-0.218242
-0.218194
-0.218145
-0.218097
-0.218048
-0.218
-0.217951
-0.217903
-0.217854
-0.217806
-0.217757
-0.217709
-0.21766
-0.217612
-0.217563
-0.217515
-0.217466
-0.217418
-0.217369
-0.217321
-0.217272
-0.217224
-0.217175
-0.217127
-0.217078
-0.21703
-0.216981
-0.216933
-0.216884
-0.216836
-0.216787
-0.216739
-0.21669
-0.216642
-0.216593
-0.216545
-0.216496
-0.216448
-0.216399
-0.216351
-0.216302
-0.216254
-0.216205
-0.216157
-0.216108
-0.21606
-0.216011
-0.215963
-0.215914
-0.215866
-0.215817
-0.215769
-0.21572
-0.215672
-0.215623
-0.215575
-0.215526
-0.215478
-0.215429
-0.215381
-0.215332
-0.215284
-0.215236
-0.215187
-0.215139
-0.21509
-0.215042
-0.214993
-0.214945
-0.214896
-0.214848
-0.214799
-0.214751
-0.214702
-0.214654
-0.214605
-0.214557
-0.214508
-0.21446
-0.214411
-0.214363
-0.214314
-0.214266
-0.214217
-0.214169
-0.21412
-0.214072
-0.214023
-0.213975
-0.213926
-0.213878
-0.213829
-0.213781
-0.213732
-0.213684
-0.213635
-0.213587
-0.213538
-0.21349
-0.213441
-0.213393
-0.213344
-0.213296
-0.213247
-0.213199
-0.21315
-0.213102
-0.213053
-0.213005
-0.212956
-0.212908
-0.212859
-0.212811
-0.212762
-0.212714
-0.212665
-0.212617
-0.212568
-0.21252
-0.212471
-0.212423
-0.212374
-0.212326
-0.212277
-0.212229
-0.21218
-0.212132
-0.212083
-0.212035
-0.211986
-0.211938
-0.211889
-0.211841
-0.211792
-0.211744
-0.211695
-0.211647
-0.211598
-0.21155
-0.211502
-0.211453
-0.211405
-0.211356
-0.211308
-0.211259
-0.211211
-0.211162
-0.211114
-0.211065
-0.211017
-0.210968
-0.21092
-0.210871
-0.210823
-0.210774
-0.210726
-0.210677
-0.210629
-0.21058
-0.210532
-0.210483
-0.210435
-0.210386
-0.210338
-0.210289
-0.210241
-0.210192
-0.210144
-0.210095
-0.210047
-0.209998
-0.20995
-0.209901
-0.209853
-0.209804
-0.209756
-0.209707
-0.209659
-0.20961
-0.209562
-0.209513
-0.209465
-0.209416
-0.209368
-0.209319
-0.209271
-0.209222
-0.209174
-0.209125
-0.209077
-0.209028
-0.20898
-0.208931
-0.208883
-0.208834
-0.208786
-0.208737
-0.208689
-0.20864
-0.208592
-0.208543
-0.208495
-0.208446
-0.208398
-0.208349
-0.208301
-0.208252
-0.208204
-0.208155
-0.208107
-0.208058
-0.20801
-0.207961
-0.207913
-0.207864
-0.207816
-0.207768
-0.207719
-0.207671
-0.207622
-0.207574
-0.207525
-0.207477
-0.207428
-0.20738
-0.207331
-0.207283
-0.207234
-0.207186
-0.207137
-0.207089
-0.20704
-0.206992
-0.206943
-0.206895
-0.206846
-0.206798
-0.206749
-0.206701
-0.206652
-0.206604
-0.206555
-0.206507
-0.206458
-0.20641
-0.206361
-0.206313
-0.206264
-0.206216
-0.206167
-0.206119
-0.20607
-0.206022
-0.205973
-0.205925
-0.205876
-0.205828
-0.205779
-0.205731
-0.205682
-0.205634
-0.205585
-0.205537
-0.205488
-0.20544
-0.205391
-0.205343
-0.205294
-0.205246
-0.205197
-0.205149
-0.2051
-0.205052
-0.205003
-0.204955
-0.204906
-0.204858
-0.204809
-0.204761
-0.204712
-0.204664
-0.204615
-0.204567
-0.204518
-0.20447
-0.204421
-0.204373
-0.204324
-0.204276
-0.204227
-0.204179
-0.20413
-0.204082
-0.204034
-0.203985
-0.203937
-0.203888
-0.20384
-0.203791
-0.203743
-0.203694
-0.203646
-0.203597
-0.203549
-0.2035
-0.203452
-0.203403
-0.203355
-0.203306
-0.203258
-0.203209
-0.203161
-0.203112
-0.203064
-0.203015
-0.202967
-0.202918
-0.20287
-0.202821
-0.202773
-0.202724
-0.202676
-0.202627
-0.202579
-0.20253
-0.202482
-0.202433
-0.202385
-0.202336
-0.202288
-0.202239
-0.202191
-0.202142
-0.202094
-0.202045
-0.201997
-0.201948
-0.2019
-0.201851
-0.201803
-0.201754
-0.201706
-0.201657
-0.201609
-0.20156
-0.201512
-0.201463
-0.201415
-0.201366
-0.201318
-0.201269
-0.201221
-0.201172
-0.201124
-0.201075
-0.201027
-0.200978
-0.20093
-0.200881
-0.200833
-0.200784
-0.200736
-0.200687
-0.200639
-0.20059
-0.200542
-0.200493
-0.200445
-0.200396
-0.200348
-0.200299
-0.200251
-0.200203
-0.200154
-0.200106
-0.200057
-0.200009
-0.19996
-0.199912
-0.199863
-0.199815
-0.199766
-0.199718
-0.199669
-0.199621
-0.199572
-0.199524
-0.199475
-0.199427
-0.199378
-0.19933
-0.199281
-0.199233
-0.199184
-0.199136
-0.199087
-0.199039
-0.19899
-0.198942
-0.198893
-0.198845
-0.198796
-0.198748
-0.198699
-0.198651
-0.198602
-0.198554
-0.198505
-0.198457
-0.198408
-0.19836
-0.198311
-0.198263
-0.198214
-0.198166
-0.198117
-0.198069
-0.19802
-0.197972
-0.197923
-0.197875
-0.197826
-0.197778
-0.197729
-0.197681
-0.197632
-0.197584
-0.197535
-0.197487
-0.197438
-0.19739
-0.197341
-0.197293
-0.197244
-0.197196
-0.197147
-0.197099
-0.19705
-0.197002
-0.196953
-0.196905
-0.196856
-0.196808
-0.196759
-0.196711
-0.196662
-0.196614
-0.196565
-0.196517
-0.196469
-0.19642
-0.196372
-0.196323
-0.196275
-0.196226
-0.196178
-0.196129
-0.196081
-0.196032
-0.195984
-0.195935
-0.195887
-0.195838
-0.19579
-0.195741
-0.195693
-0.195644
-0.195596
-0.195547
-0.195499
-0.19545
-0.195402
-0.195353
-0.195305
-0.195256
-0.195208
-0.195159
-0.195111
-0.195062
-0.195014
-0.194965
-0.194917
-0.194868
-0.19482
-0.194771
-0.194723
-0.194674
-0.194626
-0.194577
-0.194529
-0.19448
-0.194432
-0.194383
-0.194335
-0.194286
-0.194238
-0.194189
-0.194141
-0.194092
-0.194044
-0.193995
-0.193947
-0.193898
-0.19385
-0.193801
-0.193753
-0.193704
-0.193656
-0.193607
-0.193559
-0.19351
-0.193462
-0.193413
-0.193365
-0.193316
-0.193268
-0.193219
-0.193171
-0.193122
-0.193074
-0.193025
-0.192977
-0.192928
-0.19288
-0.192831
-0.192783
-0.192735
-0.192686
-0.192638
-0.192589
-0.192541
-0.192492
-0.192444
-0.192395
-0.192347
-0.192298
-0.19225
-0.192201
-0.192153
-0.192104
-0.192056
-0.192007
-0.191959
-0.19191
-0.191862
-0.191813
-0.191765
-0.191716
-0.191668
-0.191619
-0.191571
-0.191522
-0.191474
-0.191425
-0.191377
-0.191328
-0.19128
-0.191231
-0.191183
-0.191134
-0.191086
-0.191037
-0.190989
-0.19094
-0.190892
-0.190843
-0.190795
-0.190746
-0.190698
-0.190649
-0.190601
-0.190552
-0.190504
-0.190455
-0.190407
-0.190358
-0.19031
-0.190261
-0.190213
-0.190164
-0.190116
-0.190067
-0.190019
-0.18997
-0.189922
-0.189873
-0.189825
-0.189776
-0.189728
-0.189679
-0.189631
-0.189582
-0.189534
-0.189485
-0.189437
-0.189388
-0.18934
-0.189291
-0.189243
-0.189194
-0.189146
-0.189097
-0.189049
-0.189001
-0.188952
-0.188904
-0.188855
-0.188807
-0.188758
-0.18871
-0.188661
-0.188613
-0.188564
-0.188516
-0.188467
-0.188419
-0.18837
-0.188322
-0.188273
-0.188225
-0.188176
-0.188128
-0.188079
-0.188031
-0.187982
-0.187934
-0.187885
-0.187837
-0.187788
-0.18774
-0.187691
-0.187643
-0.187594
-0.187546
-0.187497
-0.187449
-0.1874
-0.187352
-0.187303
-0.187255
-0.187206
-0.187158
-0.187109
-0.187061
-0.187012
-0.186964
-0.186915
-0.186867
-0.186818
-0.18677
-0.186721
-0.186673
-0.186624
-0.186576
-0.186527
-0.186479
-0.18643
-0.186382
-0.186333
-0.186285
-0.186236
-0.186188
-0.186139
-0.186091
-0.186042
-0.185994
-0.185945
-0.185897
-0.185848
-0.1858
-0.185751
-0.185703
-0.185654
-0.185606
-0.185557
-0.185509
-0.18546
-0.185412
-0.185363
-0.185315
-0.185267
-0.185218
-0.18517
-0.185121
-0.185073
-0.185024
-0.184976
-0.184927
-0.184879
-0.18483
-0.184782
-0.184733
-0.184685
-0.184636
-0.184588
-0.184539
-0.184491
-0.184442
-0.184394
-0.184345
-0.184297
-0.184248
-0.1842
-0.184151
-0.184103
-0.184054
-0.184006
-0.183957
-0.183909
-0.18386
-0.183812
-0.183763
-0.183715
-0.183666
-0.183618
-0.183569
-0.183521
-0.183472
-0.183424
-0.183375
-0.183327
-0.183278
-0.18323
-0.183181
-0.183133
-0.183084
-0.183036
-0.182987
-0.182939
-0.18289
-0.182842
-0.182793
-0.182745
-0.182696
-0.182648
-0.182599
-0.182551
-0.182502
-0.182454
-0.182405
-0.182357
-0.182308
-0.18226
-0.182211
-0.182163
-0.182114
-0.182066
-0.182017
-0.181969
-0.18192
-0.181872
-0.181823
-0.181775
-0.181726
-0.181678
-0.181629
-0.181581
-0.181533
-0.181484
-0.181436
-0.181387
-0.181339
-0.18129
-0.181242
-0.181193
-0.181145
-0.181096
-0.181048
-0.180999
-0.180951
-0.180902
-0.180854
-0.180805
-0.180757
-0.180708
-0.18066
-0.180611
-0.180563
-0.180514
-0.180466
-0.180417
-0.180369
-0.18032
-0.180272
-0.180223
-0.180175
-0.180126
-0.180078
-0.180029
-0.179981
-0.179932
-0.179884
-0.179835
-0.179787
-0.179738
-0.17969
-0.179641
-0.179593
-0.179544
-0.179496
-0.179447
-0.179399
-0.17935
-0.179302
-0.179253
-0.179205
-0.179156
-0.179108
-0.179059
-0.179011
-0.17888
-0.178832
-0.178783
-0.178735
-0.178686
-0.178638
-0.178589
-0.178541
-0.178492
-0.178444
-0.178395
-0.178347
-0.178298
-0.17825
-0.178201
-0.178153
-0.178104
-0.178056
-0.178007
-0.177959
-0.17791
-0.177862
-0.177813
-0.177765
-0.177716
-0.177668
-0.177619
-0.177571
-0.177522
-0.177474
-0.177425
-0.177377
-0.177328
-0.17728
-0.177231
-0.177183
-0.177134
-0.177086
-0.177037
-0.176989
-0.17694
-0.176892
-0.176843
-0.176795
-0.176746
-0.176698
-0.176649
-0.176601
-0.176552
-0.176504
-0.176455
-0.176407
-0.176358
-0.17631
-0.176261
-0.176213
-0.176164
-0.176116
-0.176067
-0.176019
-0.17597
-0.175922
-0.175873
-0.175825
-0.175776
-0.175728
-0.175679
-0.175631
-0.175582
-0.175534
-0.175485
-0.175437
-0.175389
-0.17534
-0.175292
-0.175243
-0.175195
-0.175146
-0.175098
-0.175049
-0.175001
-0.174952
-0.174904
-0.174855
-0.174807
-0.174758
-0.17471
-0.174661
-0.174613
-0.174564
-0.174516
-0.174467
-0.174419
-0.17437
-0.174322
-0.174273
-0.174225
-0.174176
-0.174128
-0.174079
-0.174031
-0.173982
-0.173934
-0.173885
-0.173837
-0.173788
-0.17374
-0.173691
-0.173643
-0.173594
-0.173546
-0.173497
-0.173449
-0.1734
-0.173352
-0.173303
-0.173255
-0.173206
-0.173158
-0.173109
-0.173061
-0.173012
-0.172964
-0.172915
-0.172867
-0.172818
-0.17277
-0.172721
-0.172673
-0.172624
-0.172576
-0.172527
-0.172479
-0.17243
-0.172382
-0.172333
-0.172285
-0.172236
-0.172188
-0.172139
-0.172091
-0.172042
-0.171994
-0.171945
-0.171897
-0.171848
-0.1718
-0.171751
-0.171703
-0.171655
-0.171606
-0.171558
-0.171509
-0.171461
-0.171412
-0.171364
-0.171315
-0.171267
-0.171218
-0.17117
-0.171121
-0.171073
-0.171024
-0.170976
-0.170927
-0.170879
-0.17083
-0.170782
-0.170733
-0.170685
-0.170636
-0.170588
-0.170539
-0.170491
-0.170442
-0.170394
-0.170345
-0.170297
-0.170248
-0.1702
-0.170151
-0.170103
-0.170054
-0.170006
-0.169957
-0.169909
-0.16986
-0.169812
-0.169763
-0.169715
-0.169666
-0.169618
-0.169569
-0.169521
-0.169472
-0.169424
-0.169375
-0.169327
-0.169278
-0.16923
-0.169181
-0.169133
-0.169084
-0.169036
-0.168987
-0.168939
-0.16889
-0.168842
-0.168793
-0.168745
-0.168696
-0.168648
-0.168599
-0.168551
-0.168502
-0.168454
-0.168405
-0.168357
-0.168308
-0.16826
-0.168211
-0.168163
-0.168114
-0.168066
-0.168017
-0.167969
-0.167921
-0.167872
-0.167824
-0.167775
-0.167727
-0.167678
-0.16763
-0.167581
-0.167533
-0.167484
-0.167436
-0.167387
-0.167339
-0.16729
-0.167242
-0.167193
-0.167145
-0.167096
-0.167048
-0.166999
-0.166951
-0.166902
-0.166854
-0.166805
-0.166757
-0.166708
-0.16666
-0.166611
-0.166563
-0.166514
-0.166466
-0.166417
-0.166369
-0.16632
-0.166272
-0.166223
-0.166175
-0.166126
-0.166078
-0.166029
-0.165981
-0.165932
-0.165884
-0.165835
-0.165787
-0.165738
-0.16569
-0.165641
-0.165593
-0.165544
-0.165496
-0.165447
-0.165399
-0.16535
-0.165302
-0.165253
-0.165205
-0.165156
-0.165108
-0.165059
-0.165011
-0.164962
-0.164914
-0.164865
-0.164817
-0.164768
-0.16472
-0.164671
-0.164623
-0.164574
-0.164526
-0.164477
-0.164429
-0.16438
-0.164332
-0.164283
-0.164235
-0.164187
-0.164138
-0.16409
-0.164041
-0.163993
-0.163944
-0.163896
-0.163847
-0.163799
-0.16375
-0.163702
-0.163653
-0.163605
-0.163556
-0.163508
-0.163459
-0.163411
-0.163362
-0.163314
-0.163265
-0.163217
-0.163168
-0.16312
-0.163071
-0.163023
-0.162974
-0.162926
-0.162877
-0.162829
-0.16278
-0.162732
-0.162683
-0.162635
-0.162586
-0.162538
-0.162489
-0.162441
-0.162392
-0.162344
-0.162295
-0.162247
-0.162198
-0.16215
-0.162101
-0.162053
-0.162004
-0.161956
-0.161907
-0.161859
-0.16181
-0.161762
-0.161713
-0.161665
-0.161616
-0.161568
-0.161519
-0.161471
-0.161422
-0.161374
-0.161325
-0.161277
-0.161228
-0.16118
-0.161131
-0.161083
-0.161034
-0.160986
-0.160937
-0.160889
-0.16084
-0.160792
-0.160743
-0.160695
-0.160646
-0.160598
-0.160549
-0.160501
-0.160453
-0.160404
-0.160356
-0.160307
-0.160259
-0.16021
-0.160162
-0.160113
-0.160065
-0.160016
-0.159968
-0.159919
-0.159871
-0.159822
-0.159774
-0.159725
-0.159677
-0.159628
-0.15958
-0.159531
-0.159483
-0.159434
-0.159386
-0.159337
-0.159289
-0.15924
-0.159192
-0.159143
-0.159095
-0.159046
-0.158998
-0.158949
-0.158901
-0.158852
-0.158804
-0.158755
-0.158707
-0.158658
-0.15861
-0.158561
-0.158513
-0.158464
-0.158416
-0.158367
-0.158319
-0.15827
-0.158222
-0.158173
-0.158125
-0.158076
-0.158028
-0.157979
-0.157931
-0.157882
-0.157834
-0.157785
-0.157737
-0.157688
-0.15764
-0.157591
-0.157543
-0.157494
-0.157446
-0.157397
-0.157349
-0.1573
-0.157252
-0.157203
-0.157155
-0.157106
-0.0427074
-0.0427475
-0.0427207
-0.0426944
-0.0426674
-0.0426406
-0.0426139
-0.0425871
-0.0425603
-0.0425336
-0.0425074
-0.0424798
-0.0424534
-0.0424266
-0.0423996
-0.0423743
-0.0423464
-0.0423184
-0.0422905
-0.042263
-0.0422348
-0.042207
-0.0421787
-0.0421506
-0.0421229
-0.0420953
-0.0420676
-0.0420394
-0.0420119
-0.0419841
-0.0419564
-0.0419283
-0.0419008
-0.0418818
-0.0418523
-0.0418228
-0.0417932
-0.0417639
-0.0417346
-0.041705
-0.0416758
-0.0416464
-0.0416166
-0.0415872
-0.041558
-0.0415283
-0.0414987
-0.0414694
-0.0414396
-0.0414102
-0.0413803
-0.0413511
-0.0413219
-0.0412924
-0.0412622
-0.0412454
-0.041214
-0.0411826
-0.0411511
-0.0411198
-0.0410885
-0.041057
-0.0410262
-0.040995
-0.0409637
-0.0409329
-0.0409015
-0.0408699
-0.0408391
-0.0408071
-0.0407757
-0.0407447
-0.0407132
-0.0406823
-0.0406506
-0.0406203
-0.0405892
-0.0405577
-0.0405266
-0.0404954
-0.040464
-0.0404397
-0.0404074
-0.0403748
-0.0403424
-0.0403101
-0.0402775
-0.040245
-0.0402122
-0.0401804
-0.0401474
-0.0401151
-0.0400826
-0.0400502
-0.0400177
-0.0399853
-0.0399532
-0.0399204
-0.0398878
-0.0398555
-0.0398235
-0.0397907
-0.0397587
-0.039726
-0.0396936
-0.0396609
-0.0396287
-0.0395964
-0.0395639
-0.0395315
-0.0395014
-0.039468
-0.0394349
-0.0394015
-0.039368
-0.0393347
-0.0393015
-0.0392684
-0.0392348
-0.0392015
-0.0391677
-0.0391347
-0.0391014
-0.0390681
-0.0390349
-0.0390015
-0.038968
-0.0389347
-0.0389021
-0.0388686
-0.0388353
-0.0388024
-0.0387692
-0.0387359
-0.038702
-0.0386683
-0.0386353
-0.0386025
-0.0385687
-0.0385348
-0.0385017
-0.0384679
-0.0384336
-0.0384
-0.0383659
-0.0383325
-0.0382983
-0.0382644
-0.0382302
-0.0381962
-0.0381618
-0.0381282
-0.0380946
-0.0380609
-0.0380271
-0.0379933
-0.0379602
-0.0379264
-0.0378918
-0.0378578
-0.0378238
-0.0377891
-0.0377547
-0.0377197
-0.037687
-0.0376542
-0.0376195
-0.0375858
-0.0375513
-0.037517
-0.0374821
-0.0374479
-0.0374136
-0.0373794
-0.0373449
-0.0373105
-0.0372765
-0.037242
-0.0372077
-0.037172
-0.0371376
-0.0371034
-0.0370691
-0.0370344
-0.0370016
-0.0369674
-0.0369324
-0.0368977
-0.0368627
-0.0368271
-0.0367941
-0.0367593
-0.0367245
-0.0366899
-0.0366548
-0.0366202
-0.0365859
-0.036551
-0.0365163
-0.0364828
-0.0364481
-0.036413
-0.0363784
-0.0363433
-0.0363085
-0.0362741
-0.0362397
-0.0362051
-0.0361702
-0.0361351
-0.0361007
-0.0360652
-0.0360293
-0.0359945
-0.0359611
-0.035927
-0.0358923
-0.0358576
-0.0358223
-0.035787
-0.0357519
-0.0357169
-0.0356823
-0.0356468
-0.0356119
-0.0355769
-0.0355419
-0.035507
-0.0354714
-0.0354363
-0.0354012
-0.035366
-0.0353314
-0.0352966
-0.0352613
-0.0352249
-0.0351897
-0.0351542
-0.0351199
-0.0350856
-0.0350505
-0.0350152
-0.0349797
-0.0349445
-0.0349089
-0.0348739
-0.0348384
-0.0348034
-0.0347698
-0.0347346
-0.0346995
-0.034664
-0.0346285
-0.0345932
-0.0345577
-0.0345222
-0.034487
-0.0344516
-0.0344163
-0.03438
-0.0343445
-0.0343088
-0.0342738
-0.0342385
-0.0342032
-0.0341677
-0.0341322
-0.0340967
-0.0340613
-0.0340252
-0.0339895
-0.0339537
-0.0339183
-0.0338828
-0.0338475
-0.033812
-0.0337769
-0.0337416
-0.0337061
-0.0336707
-0.0336353
-0.0335996
-0.0335634
-0.0335284
-0.0334929
-0.0334564
-0.033421
-0.0333855
-0.0333498
-0.0333139
-0.0332783
-0.0332419
-0.0332065
-0.0331713
-0.0331355
-0.0330994
-0.0330639
-0.0330285
-0.0329932
-0.0329573
-0.0329219
-0.0328862
-0.0328498
-0.0328148
-0.0327784
-0.0327433
-0.0327079
-0.0326728
-0.0326374
-0.0326012
-0.0325658
-0.0325297
-0.0324944
-0.0324576
-0.0324219
-0.0323862
-0.0323502
-0.0323146
-0.0322789
-0.0322434
-0.0322073
-0.0321716
-0.0321356
-0.0320997
-0.032063
-0.0320273
-0.0319916
-0.0319561
-0.0319205
-0.031884
-0.0318482
-0.0318123
-0.0317763
-0.0317404
-0.0317044
-0.0316683
-0.0316326
-0.0315964
-0.0315607
-0.0315244
-0.0314884
-0.0314525
-0.0314166
-0.0313807
-0.0313448
-0.0313083
-0.0312721
-0.0312367
-0.0312004
-0.0311646
-0.0311283
-0.0310924
-0.0310562
-0.0310206
-0.0309844
-0.0309481
-0.0309135
-0.0308773
-0.0308414
-0.0308051
-0.0307691
-0.0307326
-0.0306968
-0.0306603
-0.0306244
-0.0305885
-0.0305521
-0.0305162
-0.0304803
-0.030444
-0.0304081
-0.0303718
-0.0303362
-0.0302999
-0.0302642
-0.0302281
-0.0301923
-0.0301561
-0.0301204
-0.0300843
-0.030048
-0.0300121
-0.0299761
-0.0299402
-0.0299043
-0.0298682
-0.0298317
-0.0297953
-0.0297595
-0.0297237
-0.029688
-0.0296517
-0.0296159
-0.02958
-0.0295436
-0.029508
-0.0294719
-0.029436
-0.0294
-0.0293638
-0.0293276
-0.0292924
-0.0292566
-0.029221
-0.0291846
-0.0291489
-0.0291127
-0.029077
-0.0290406
-0.0290046
-0.0289683
-0.0289323
-0.0288964
-0.0288599
-0.0288242
-0.0287881
-0.0287521
-0.0287159
-0.0286795
-0.0286434
-0.0286074
-0.0285715
-0.0285354
-0.028499
-0.0284628
-0.0284268
-0.0283906
-0.0283545
-0.0283184
-0.028282
-0.028246
-0.0282097
-0.0281738
-0.0281375
-0.0281011
-0.0280644
-0.0280288
-0.0279925
-0.0279564
-0.0279195
-0.0278831
-0.027847
-0.0278108
-0.0277742
-0.0277378
-0.0277015
-0.0276652
-0.0276293
-0.0275933
-0.0275562
-0.0275201
-0.027484
-0.0274477
-0.0274114
-0.027375
-0.0273386
-0.0273022
-0.0272657
-0.0272291
-0.0271927
-0.027156
-0.0271199
-0.0270836
-0.0270469
-0.0270101
-0.0269727
-0.0269362
-0.0269002
-0.0268638
-0.0268271
-0.0267903
-0.0267535
-0.0267168
-0.02668
-0.0266432
-0.0266067
-0.0265697
-0.0265331
-0.0264966
-0.0264593
-0.0264218
-0.0263851
-0.0263487
-0.0263115
-0.0262744
-0.0262375
-0.0262007
-0.0261638
-0.0261268
-0.0260898
-0.0260524
-0.0260157
-0.0259787
-0.0259409
-0.0259033
-0.0258662
-0.0258295
-0.0257925
-0.025755
-0.0257176
-0.0256809
-0.0256436
-0.0256066
-0.0255694
-0.0255317
-0.0254944
-0.0254572
-0.0254196
-0.0253819
-0.0253447
-0.0253075
-0.02527
-0.0252325
-0.0251948
-0.0251574
-0.0251202
-0.0250827
-0.0250455
-0.025008
-0.0249703
-0.0249327
-0.0248948
-0.024857
-0.0248192
-0.0247821
-0.0247441
-0.0247066
-0.0246687
-0.024631
-0.0245932
-0.0245554
-0.0245175
-0.0244798
-0.0244421
-0.0244045
-0.0243662
-0.024328
-0.0242909
-0.0242527
-0.0242148
-0.0241765
-0.0241384
-0.0241005
-0.0240626
-0.0240248
-0.0239869
-0.0239486
-0.0239105
-0.0238714
-0.0238337
-0.0237962
-0.0237579
-0.0237199
-0.0236814
-0.0236431
-0.0236042
-0.023566
-0.0235279
-0.0234896
-0.0234515
-0.0234124
-0.0233738
-0.0233359
-0.0232976
-0.0232596
-0.0232212
-0.0231824
-0.023144
-0.0231054
-0.0230666
-0.0230281
-0.0229894
-0.0229508
-0.0229118
-0.0228724
-0.0228345
-0.0227957
-0.0227566
-0.0227179
-0.0226791
-0.0226402
-0.0226013
-0.0225627
-0.0225241
-0.022485
-0.0224462
-0.0224062
-0.0223683
-0.022329
-0.0222897
-0.0222507
-0.0222113
-0.0221722
-0.0221332
-0.0220945
-0.0220551
-0.0220161
-0.0219766
-0.0219363
-0.021898
-0.0218583
-0.021819
-0.0217793
-0.02174
-0.0217
-0.0216606
-0.0216212
-0.0215815
-0.0215419
-0.0215025
-0.0214631
-0.0214232
-0.0213836
-0.0213436
-0.0213036
-0.0212638
-0.0212239
-0.0211838
-0.0211439
-0.021104
-0.0210641
-0.0210241
-0.0209842
-0.0209438
-0.0209032
-0.0208628
-0.0208228
-0.0207825
-0.0207423
-0.0207021
-0.0206619
-0.0206216
-0.0205822
-0.0205417
-0.0205014
-0.0204608
-0.02042
-0.0203796
-0.0203387
-0.0202983
-0.0202577
-0.0202169
-0.0201764
-0.0201358
-0.020095
-0.0200542
-0.0200136
-0.0199727
-0.0199316
-0.0198909
-0.0198501
-0.0198093
-0.0197682
-0.0197272
-0.0196864
-0.0196455
-0.0196045
-0.0195636
-0.0195224
-0.0194812
-0.01944
-0.0193988
-0.0193575
-0.0193164
-0.0192751
-0.0192338
-0.0191926
-0.0191514
-0.0191086
-0.0190678
-0.0190268
-0.018985
-0.0189442
-0.0189027
-0.0188612
-0.0188199
-0.0187784
-0.0187368
-0.0186953
-0.0186546
-0.0186132
-0.0185713
-0.0185296
-0.0184878
-0.0184459
-0.0184036
-0.0183628
-0.0183206
-0.0182789
-0.0182373
-0.0181957
-0.0181537
-0.0181116
-0.0180694
-0.0180274
-0.0179853
-0.0179431
-0.0179012
-0.0178593
-0.0178173
-0.017775
-0.017733
-0.017691
-0.0176486
-0.0176062
-0.017564
-0.0175215
-0.0174785
-0.0174362
-0.0173937
-0.0173517
-0.0173096
-0.0172668
-0.0172247
-0.017182
-0.0171393
-0.0170968
-0.017054
-0.0170112
-0.0169688
-0.0169264
-0.0168838
-0.0168409
-0.0167984
-0.0167555
-0.0167125
-0.0166694
-0.0166265
-0.0165837
-0.0165408
-0.0164979
-0.0164546
-0.0164118
-0.016369
-0.0163261
-0.0162832
-0.0162399
-0.0161974
-0.0161542
-0.0161109
-0.0160677
-0.0160243
-0.0159811
-0.015937
-0.0158938
-0.0158512
-0.0158084
-0.0157646
-0.0157212
-0.0156778
-0.0156344
-0.0155903
-0.0155464
-0.0155029
-0.0154595
-0.0154165
-0.015373
-0.0153299
-0.0152862
-0.0152422
-0.0151985
-0.015155
-0.0151112
-0.0150676
-0.0150237
-0.0149801
-0.0149365
-0.0148924
-0.0148489
-0.0148051
-0.014761
-0.0147171
-0.014673
-0.0146291
-0.0145852
-0.014541
-0.0144972
-0.0144533
-0.0144091
-0.0143651
-0.0143213
-0.0142769
-0.0142327
-0.0141883
-0.0141441
-0.0140995
-0.0140549
-0.0140108
-0.0139665
-0.0139219
-0.0138778
-0.0138338
-0.0137895
-0.0137458
-0.0137002
-0.0136559
-0.0136115
-0.0135669
-0.0135226
-0.0134782
-0.0134338
-0.0133893
-0.0133462
-0.0133017
-0.013257
-0.0132132
-0.0131687
-0.013124
-0.0130795
-0.0130348
-0.0129902
-0.0129455
-0.0129009
-0.0128563
-0.0128115
-0.0127668
-0.012722
-0.0126772
-0.0126325
-0.0125877
-0.012543
-0.0124982
-0.0124538
-0.0124091
-0.0123637
-0.0123188
-0.0122739
-0.0122291
-0.0121835
-0.0121388
-0.0120943
-0.0120491
-0.0120044
-0.0119594
-0.0119146
-0.0118695
-0.0118237
-0.0117787
-0.0117333
-0.0116884
-0.0116431
-0.011598
-0.0115529
-0.0115089
-0.0114642
-0.0114189
-0.0113736
-0.0113283
-0.0112828
-0.0112377
-0.0111927
-0.0111473
-0.0111019
-0.0110566
-0.0110113
-0.0109668
-0.0109212
-0.0108757
-0.0108302
-0.0107846
-0.0107392
-0.0106935
-0.010648
-0.0106026
-0.0105568
-0.0105114
-0.010466
-0.0104202
-0.0103744
-0.0103287
-0.010283
-0.0102373
-0.0101916
-0.0101452
-0.0100997
-0.0100539
-0.0100083
-0.00996267
-0.00991673
-0.00987085
-0.00982486
-0.00977899
-0.00973343
-0.00968738
-0.00964141
-0.00959556
-0.00954953
-0.0095037
-0.00945812
-0.00941181
-0.00936561
-0.00931788
-0.00927173
-0.00922557
-0.0091795
-0.00913334
-0.00908711
-0.00904108
-0.00899492
-0.00894894
-0.00890259
-0.00885628
-0.00880997
-0.00876483
-0.00871837
-0.00867311
-0.00862686
-0.00858062
-0.00853439
-0.00848783
-0.00844162
-0.00839519
-0.00834876
-0.00830227
-0.0082559
-0.00820996
-0.00816337
-0.00811706
-0.00807046
-0.00802403
-0.00797768
-0.0079312
-0.00788465
-0.00783814
-0.00779163
-0.00774489
-0.00769859
-0.00765171
-0.00760503
-0.00755851
-0.00751195
-0.00746556
-0.00741842
-0.00737183
-0.00732547
-0.0072789
-0.00723217
-0.00718545
-0.0071388
-0.00709211
-0.00704543
-0.00699864
-0.00695236
-0.00690568
-0.00685885
-0.006812
-0.00676519
-0.00671833
-0.00667145
-0.00662469
-0.00657816
-0.00653134
-0.0064854
-0.00643865
-0.00639189
-0.00634494
-0.00629797
-0.00625085
-0.00620396
-0.00615708
-0.00611014
-0.00606317
-0.0060162
-0.00596924
-0.00592227
-0.00587542
-0.00582847
-0.00578137
-0.00573431
-0.00568724
-0.00564005
-0.00559304
-0.00554596
-0.00549883
-0.00545169
-0.00540474
-0.00535752
-0.00531041
-0.00526359
-0.00521654
-0.00516926
-0.0051223
-0.00507512
-0.00502766
-0.00498049
-0.00493323
-0.00488623
-0.00483884
-0.00479179
-0.00474462
-0.00469739
-0.0046502
-0.00460313
-0.0045562
-0.00450893
-0.00446153
-0.00441425
-0.00436685
-0.0043195
-0.00427227
-0.00422507
-0.00417772
-0.00413053
-0.00408338
-0.004036
-0.00398866
-0.00394095
-0.00389373
-0.00384628
-0.00379858
-0.00375124
-0.00370372
-0.00365658
-0.00360906
-0.00356163
-0.00351428
-0.00346734
-0.00341986
-0.00337242
-0.00332434
-0.00327681
-0.00322934
-0.00318174
-0.00313425
-0.00308674
-0.00303928
-0.00299169
-0.00294418
-0.0028967
-0.00284935
-0.00280182
-0.00275418
-0.00270653
-0.00265908
-0.00261234
-0.00256462
-0.00251698
-0.00246931
-0.00242173
-0.0023741
-0.00232644
-0.00227833
-0.00223133
-0.00218365
-0.00213596
-0.00208822
-0.00204054
-0.00199151
-0.00194384
-0.00189632
-0.0018487
-0.00180088
-0.00175332
-0.00170689
-0.00165831
-0.00161125
-0.00156382
-0.00151522
-0.00146753
-0.00141981
-0.00137203
-0.00132426
-0.00127639
-0.00122872
-0.00118236
-0.00113417
-0.00108648
-0.00103912
-0.000991173
-0.000942842
-0.000895058
-0.000847274
-0.000799516
-0.000751678
-0.000704225
-0.000656443
-0.000608703
-0.000560948
-0.000513214
-0.000465113
-0.000417611
-0.00036962
-0.000321892
-0.000273819
-0.000225838
-0.000177784
-0.000129996
-8.19517e-05
-3.415e-05
1.35785e-05
6.15519e-05
0.000109402
0.000157142
0.000205057
0.000253013
0.000301079
0.000348982
0.000396965
0.000444907
0.000492798
0.000540977
0.000588841
0.000636828
0.000684889
0.000732718
0.000780609
0.000828866
0.00087669
0.000924875
0.000973093
0.001021
0.0010691
0.00111733
0.00116548
0.00121341
0.00126139
0.00130948
0.00135749
0.00140565
0.00145362
0.00150191
0.00155187
0.00160032
0.00164839
0.00169666
0.00174475
0.00179214
0.00184043
0.00188853
0.0019387
0.00198616
0.0020328
0.00208117
0.00212935
0.00217737
0.00222569
0.00227415
0.00232234
0.00237058
0.00241892
0.00246711
0.00251589
0.00256511
0.00261251
0.00266086
0.0027092
0.00275804
0.00280641
0.00285484
0.00290324
0.00295229
0.00300075
0.00304896
0.00309733
0.00314596
0.003194
0.00324267
0.00329126
0.00333989
0.00338834
0.0034368
0.00348543
0.00353387
0.00358227
0.00363085
0.00367926
0.00372769
0.00377738
0.00382486
0.00387368
0.0039223
0.00397097
0.00401942
0.00406928
0.00411807
0.00416672
0.00421542
0.00426409
0.00431266
0.00436103
0.00440982
0.0044583
0.00450755
0.00455613
0.00460471
0.00465344
0.00470193
0.0047505
0.00479914
0.00484772
0.00489633
0.00494495
0.00499348
0.00504226
0.0050909
0.00513956
0.00518833
0.00523704
0.00528582
0.00533457
0.00538332
0.00543215
0.00548093
0.00552955
0.00557841
0.00562712
0.0056755
0.00572431
0.00577325
0.00582203
0.00587087
0.00591982
0.00596869
0.00601753
0.00606763
0.00611645
0.00616527
0.00621477
0.00626355
0.00631208
0.00636099
0.00640992
0.00645893
0.00650793
0.00655704
0.00660483
0.00665397
0.00670283
0.00675213
0.00680102
0.00685051
0.00689958
0.00694809
0.00699734
0.00704638
0.00709562
0.00714468
0.00719379
0.00724299
0.00729211
0.00734098
0.00739025
0.00743935
0.00748883
0.00753821
0.00758799
0.00763728
0.00768629
0.00773586
0.00778493
0.00783399
0.00788302
0.0079326
0.00798158
0.00803067
0.00807982
0.00812744
0.00817707
0.00822649
0.00827505
0.00832424
0.00837342
0.00842305
0.00847242
0.00852172
0.00857108
0.00861992
0.00867106
0.0087205
0.00876974
0.0088189
0.0088688
0.00891582
0.00896558
0.00901479
0.00906393
0.00911335
0.00916257
0.00921178
0.00926125
0.00931116
0.0093604
0.00940962
0.00946062
0.00951002
0.00956023
0.00960869
0.00965723
0.00970647
0.00975587
0.00980537
0.00985485
0.00990477
0.00995418
0.0100034
0.0100541
0.0101039
0.0101534
0.010203
0.0102532
0.0103018
0.0103511
0.0104007
0.0104505
0.0105007
0.0105505
0.0106001
0.0106497
0.0106993
0.0107489
0.0107982
0.0108477
0.0108971
0.0109474
0.0109969
0.0110458
0.0110953
0.0111448
0.0111944
0.0112439
0.0112934
0.0113431
0.0113926
0.011442
0.0114915
0.0115412
0.0115908
0.0116403
0.0116906
0.0117395
0.0117891
0.0118387
0.0118883
0.0119379
0.0119875
0.0120372
0.0120869
0.0121365
0.0121861
0.0122358
0.0122853
0.012335
0.0123849
0.0124349
0.0124838
0.0125336
0.0125834
0.0126332
0.0126827
0.0127326
0.0127819
0.0128317
0.0128815
0.0129312
0.0129808
0.0130298
0.0130795
0.01313
0.0131797
0.013229
0.0132787
0.0133285
0.0133783
0.013428
0.0134778
0.0135278
0.0135775
0.0136273
0.013677
0.0137267
0.0137765
0.0138263
0.013877
0.0139267
0.013976
0.014026
0.0140759
0.0141259
0.0141757
0.0142254
0.0142753
0.0143252
0.0143751
0.014425
0.0144745
0.0145245
0.0145743
0.0146245
0.0146749
0.0147243
0.0147743
0.0148241
0.0148742
0.0149241
0.014974
0.0150239
0.015075
0.0151249
0.0151747
0.0152247
0.0152745
0.0153246
0.0153747
0.0154249
0.0154757
0.015525
0.0155749
0.0156249
0.0156752
0.0157254
0.0157754
0.0158255
0.0158756
0.0159257
0.0159755
0.0160244
0.0160745
0.0161247
0.0161747
0.016225
0.0162761
0.0163261
0.0163754
0.0164258
0.0164757
0.0165259
0.0165759
0.0166262
0.0166763
0.0167264
0.0167767
0.0168267
0.0168768
0.0169269
0.0169772
0.0170266
0.0170769
0.0171281
0.0171784
0.0172277
0.017278
0.0173281
0.0173784
0.017429
0.017479
0.0175292
0.0175796
0.0176318
0.0176822
0.0177322
0.0177825
0.0178326
0.0178829
0.0179332
0.0179848
0.018035
0.0180845
0.0181351
0.018185
0.0182354
0.0182858
0.0183363
0.0183864
0.0184368
0.0184872
0.0185377
0.0185882
0.0186386
0.0186891
0.0187395
0.0187898
0.0188402
0.0188905
0.0189411
0.0189904
0.0190411
0.0190915
0.019142
0.0191927
0.0192428
0.0192935
0.0193441
0.019395
0.0194455
0.0194962
0.0195468
0.0195976
0.0196478
0.0196984
0.0197488
0.0197994
0.019851
0.0199016
0.0199518
0.0200025
0.0200531
0.0201035
0.020154
0.0202047
0.0202552
0.0203059
0.0203568
0.0204074
0.0204568
0.0205074
0.0205581
0.0206087
0.0206594
0.0207088
0.0207593
0.0208109
0.0208616
0.0209108
0.0209614
0.021012
0.0210628
0.0211138
0.0211644
0.021215
0.0212657
0.0213163
0.021367
0.0214179
0.0214688
0.0215191
0.0215698
0.0216208
0.0216716
0.0217224
0.0217731
0.0218267
0.0218773
0.0219269
0.0219776
0.0220286
0.0220795
0.0221304
0.0221809
0.0222315
0.0222827
0.0223337
0.0223847
0.0224355
0.0224848
0.0225357
0.0225867
0.0226376
0.0226882
0.022739
0.0227899
0.0228412
0.0228929
0.0229427
0.0229932
0.0230441
0.0230951
0.0231465
0.0231974
0.0232477
0.0232992
0.0233506
0.0234011
0.023452
0.0235031
0.0235541
0.0236049
0.0236558
0.0237066
0.0237572
0.0238081
0.0238591
0.0239113
0.0239624
0.0240124
0.0240633
0.0241141
0.0241651
0.0242161
0.024267
0.0243184
0.0243689
0.0244209
0.0244715
0.0245225
0.0245735
0.0246244
0.0246754
0.0247262
0.0247771
0.0248284
0.024879
0.0249305
0.0249834
0.0250347
0.0250842
0.0251353
0.0251871
0.0252383
0.0252896
0.0253402
0.0253916
0.0254432
0.0254943
0.0255449
0.0255978
0.0256486
0.0256992
0.0257507
0.0258019
0.025853
0.0259042
0.0259552
0.0260063
0.0260573
0.0261098
0.0261605
0.0262109
0.0262624
0.0263132
0.0263641
0.0264154
0.0264668
0.0265177
0.026569
0.0266198
0.0266709
0.0267222
0.0267738
0.0268252
0.0268762
0.0269276
0.0269789
0.0270301
0.0270809
0.027132
0.0271833
0.0272365
0.0272876
0.0273391
0.0273888
0.0274403
0.0274917
0.0275431
0.0275944
0.0276459
0.0276971
0.0277479
0.0277994
0.0278508
0.0279022
0.0279539
0.0280048
0.0280563
0.0281076
0.0281589
0.0282103
0.0282616
0.0283128
0.0283643
0.0284179
0.0284694
0.0285208
0.0285703
0.0286222
0.0286734
0.0287251
0.0287766
0.0288281
0.0288798
0.0289312
0.0289827
0.0290344
0.0290861
0.0291375
0.029189
0.0292404
0.0292921
0.0293433
0.0293952
0.0294466
0.0294981
0.0295516
0.0296031
0.029655
0.0297066
0.0297562
0.0298078
0.0298597
0.0299113
0.0299629
0.0300144
0.0300663
0.0301181
0.0301696
0.0302211
0.0302729
0.0303247
0.0303761
0.0304279
0.030479
0.0305304
0.030582
0.0306337
0.0306857
0.0307372
0.0307909
0.030843
0.0308949
0.0309447
0.0309965
0.0310483
0.0311
0.031152
0.0312039
0.0312557
0.0313079
0.0313596
0.0314113
0.0314634
0.0315155
0.0315674
0.0316193
0.0316709
0.0317231
0.0317747
0.0318268
0.0318784
0.0319301
0.0319839
0.0320354
0.032088
0.0321377
0.0321904
0.0322417
0.0322942
0.0323463
0.0323983
0.0324505
0.0325025
0.0325542
0.0326065
0.0326579
0.0327098
0.0327616
0.0328139
0.0328662
0.032918
0.03297
0.0330219
0.0330739
0.0331259
0.0331801
0.0332325
0.0332846
0.033335
0.0333873
0.0334393
0.0334911
0.0335433
0.0335956
0.0336476
0.0336999
0.0337524
0.0338044
0.0338569
0.0339094
0.0339615
0.0340133
0.0340659
0.034118
0.0341703
0.0342221
0.0342745
0.0343265
0.0343808
0.0344329
0.0344854
0.0345368
0.034587
0.0346402
0.034693
0.0347454
0.034798
0.0348504
0.0349025
0.0349548
0.0350075
0.0350599
0.0351117
0.0351641
0.0352166
0.0352685
0.0353211
0.0353736
0.0354261
0.0354783
0.0355309
0.0355832
0.0356357
0.0356895
0.0357422
0.0357946
0.0358447
0.0358973
0.03595
0.0360027
0.0360553
0.0361079
0.0361603
0.0362128
0.036265
0.0363187
0.0363714
0.036424
0.0364765
0.036529
0.0365819
0.0366343
0.0366867
0.0367392
0.0367914
0.0368438
0.0368963
0.0369514
0.037004
0.0370563
0.0371067
0.0371597
0.0372123
0.0372656
0.0373184
0.0373709
0.0374237
0.0374765
0.0375293
0.0375821
0.0376342
0.0376872
0.0377398
0.0377926
0.0378445
0.0378974
0.03795
0.0380027
0.0380558
0.0381082
0.0381612
0.0382163
0.0382693
0.038322
0.0383752
0.0384255
0.0384788
0.0385313
0.0385841
0.038637
0.0386899
0.0387433
0.0387962
0.0388493
0.0389018
0.0389547
0.0390073
0.03906
0.0391135
0.0391665
0.0392194
0.0392722
0.0393253
0.0393784
0.0394314
0.0394844
0.0395402
0.0395934
0.0396463
0.0396996
0.03975
0.0398031
0.0398559
0.039909
0.0399623
0.040015
0.0400688
0.0401221
0.0401743
0.0402275
0.040281
0.0403342
0.0403874
0.0404411
0.040495
0.0405482
0.0406009
0.0406539
0.0407074
0.0407606
0.0408139
0.0408659
0.0409215
0.0409751
0.0410259
0.0410792
0.0411321
0.0411844
0.0412381
0.0412912
0.0413448
0.0413974
0.0414508
0.0415047
0.0415587
0.0416131
0.0416661
0.0417192
0.0417731
0.041827
0.04188
0.0419336
0.041987
0.0420403
0.0420936
0.0421469
0.0422033
0.0422568
0.0423103
0.0423609
0.0424143
0.0424677
0.0425224
0.042576
0.0426299
0.0426831
0.0427374
0.0427911
0.0428446
0.0428981
0.0429512
0.0430043
0.0430576
0.0431113
0.0431647
0.0432186
0.0432715
0.0433248
0.0433788
0.0434322
0.0434862
0.0435428
0.0435966
0.0436502
0.0437042
0.0437547
0.0438082
0.0438627
0.0439161
0.0439702
0.0440248
0.044078
0.044132
0.0441855
0.044239
0.0442932
0.0443475
0.0444016
0.0444561
0.0445088
0.0445623
0.0446174
0.0446709
0.0447248
0.0447784
0.0448325
0.0448864
0.0449434
0.0449974
0.0450478
0.0451021
0.0451564
0.0452107
0.0452649
0.0453178
0.045372
0.045426
0.0454793
0.0455332
0.0455871
0.0456413
0.0456954
0.0457496
0.0458039
0.0458579
0.0459116
0.0459657
0.04602
0.0460752
0.0461294
0.046183
0.0462369
0.0462949
0.046349
0.0464045
0.0464556
0.0465098
0.046563
0.0466169
0.0466708
0.0467256
0.0467803
0.0468345
0.0468892
0.0469437
0.0469979
0.0470522
0.0471064
0.0471606
0.0472152
0.0472696
0.0473236
0.0473772
0.0474323
0.0474872
0.0475415
0.047596
0.0476536
0.0477091
0.0477638
0.0478139
0.047867
0.0479226
0.0479772
0.0480315
0.0480862
0.0481414
0.0481967
0.0482518
0.0483051
0.0483601
0.048415
0.0484692
0.0485238
0.0485786
0.0486333
0.0486885
0.0487426
0.0487978
0.0488521
0.0489072
0.048962
0.0490214
0.0490761
0.0491307
0.0491811
0.0492361
0.049291
0.0493458
0.0494014
0.0494562
0.0495114
0.0495669
0.0496212
0.0496766
0.0497315
0.0497867
0.0498416
0.0498973
0.0499512
0.0500055
0.0500603
0.0501154
0.0501715
0.0502256
0.05028
0.0503354
0.0503942
0.0504492
0.0505049
0.0505565
0.0506113
0.0506677
0.0507224
0.0507781
0.0508329
0.0508887
0.0509439
0.0510005
0.0510549
0.0511111
0.0511665
0.0512216
0.0512774
0.0513331
0.0513879
0.0514435
0.0514976
0.0515535
0.0516096
0.051665
0.0517208
0.0517811
0.0518367
0.0518921
0.0519431
0.051999
0.0520546
0.0521101
0.0521663
0.0522213
0.0522768
0.0523327
0.052388
0.0524444
0.0525004
0.0525568
0.0526119
0.0526677
0.0527239
0.0527798
0.0528363
0.0528923
0.0529486
0.0530043
0.0530592
0.0531194
0.0531771
0.0532338
0.0532816
0.0533419
0.0533987
0.0534552
0.0535116
0.0535669
0.0536218
0.0536774
0.0537343
0.0537908
0.0538464
0.053903
0.0539592
0.0540159
0.0540719
0.0541277
0.0541839
0.0542402
0.0542957
0.054352
0.0544079
0.0544711
0.054528
0.0545836
0.0546343
0.0546921
0.0547473
0.0548028
0.0548586
0.054915
0.0549727
0.0550295
0.0550867
0.0551432
0.0552
0.0552575
0.0553144
0.0553716
0.0554277
0.0554846
0.0555417
0.0555992
0.055656
0.0557134
0.0557694
0.0558316
0.0558891
0.0559465
0.0560038
0.0560537
0.0561117
0.0561693
0.0562257
0.0562828
0.0563402
0.056398
0.0564552
0.0565128
0.0565706
0.0566275
0.0566855
0.0567432
0.0568007
0.0568582
0.0569153
0.0569724
0.0570298
0.0570871
0.057145
0.0572123
0.0572705
0.0573201
0.057378
0.0574357
0.0574942
0.0575523
0.0576093
0.0576672
0.0577247
0.0577833
0.0578419
0.0579002
0.0579586
0.0580165
0.0580751
0.0581335
0.0581926
0.0582507
0.0583073
0.0583651
0.0584328
0.0584915
0.0585413
0.0586012
0.0586601
0.0587191
0.0587787
0.0588377
0.0588966
0.058956
0.0590134
0.0590718
0.0591307
0.0591883
0.0592469
0.0593064
0.0593672
0.0594241
0.0594828
0.0595413
0.0596041
0.0596688
0.059729
0.0597792
0.0598392
0.0598985
0.0599579
0.0600173
0.0600768
0.0601356
0.0601954
0.0602546
0.0603143
0.060374
0.0604336
0.060493
0.0605536
0.0606135
0.0606736
0.0607342
0.0607926
0.0608576
0.0609223
0.0609753
0.0610352
0.0610958
0.0611564
0.0612162
0.0612765
0.0613359
0.0613968
0.0614581
0.0615178
0.0615785
0.0616398
0.0617001
0.0617609
0.0618194
0.0618801
0.0619418
0.0620025
0.062072
0.0621337
0.0621848
0.0622475
0.0623082
0.062368
0.0624319
0.0624936
0.0625544
0.0626163
0.0626783
0.0627389
0.0628001
0.0628626
0.0629217
0.0629834
0.0630438
0.0631049
0.0631663
0.0632378
0.0632993
0.0633514
0.0634159
0.0634788
0.0635426
0.0636054
0.0636673
0.0637298
0.0637915
0.0638543
0.0639165
0.0639789
0.0640418
0.0641012
0.0641636
0.0642274
0.06429
0.0643519
0.0644266
0.0644785
0.0645416
0.064607
0.0646702
0.0647336
0.0647984
0.0648624
0.0649256
0.0649901
0.0650538
0.0651171
0.0651816
0.0652445
0.0653094
0.0653713
0.0654359
0.0654996
0.0655798
0.0656308
0.0656961
0.0657615
0.0658253
0.0658898
0.0659559
0.0660219
0.0660871
0.0661515
0.0662172
0.0662831
0.0663486
0.0664154
0.066481
0.0665468
0.0666107
0.0666961
0.0667454
0.0668129
0.0668823
0.0669493
0.0670159
0.0670845
0.0671528
0.0672205
0.0672894
0.0673551
0.0674233
0.0674911
0.0675589
0.0676269
0.0676951
0.0677663
0.0678374
0.0679062
0.0679766
0.0680473
0.0681178
0.0681882
0.0682583
0.0683293
0.068401
0.0684723
0.0685439
0.0686138
0.0687128
0.0687617
0.0688349
0.0689092
0.068984
0.0690542
0.0691274
0.0691997
0.0692713
0.0693453
0.0694183
0.0694942
0.069598
0.0696499
0.0697268
0.0698072
0.069885
0.0699643
0.0700409
0.07012
0.070199
0.0702763
0.0703572
0.0704767
0.0705246
0.0706102
0.0706952
0.0707813
0.070867
0.0709517
0.071037
0.0711221
0.0712122
0.0713078
0.0714026
0.0715
0.0715965
0.0716907
0.0717861
0.0718811
0.0719887
0.0720983
0.0722092
0.0723207
0.0724274
0.0725241
0.0726196
0.0727177
0.0728199
0.0729191
0.0730202
0.0731241
0.0732243
0.0733252
0.073429
0.073538
0.0736439
0.0737546
0.0738616
0.0739718
0.0740889
0.0741954
0.0743124
0.0744343
0.074546
0.0746649
0.0747907
0.0749138
0.0750514
0.0751675
0.0753085
0.0754208
0.0755706
0.0756856
0.0758467
0.0759631
0.0761269
0.0762494
0.0764163
0.0765391
0.0766795
0.0768594
0.0769841
0.0771616
0.0773172
0.0774609
0.0776431
0.0778098
0.0779601
0.0781498
0.0783345
0.0784841
0.0786594
0.0788816
0.0790383
0.0792083
0.079425
0.0796498
0.0798014
0.0799875
0.0802103
0.0804512
0.0806341
0.0808301
0.0810744
0.0813682
0.0815642
0.0817666
0.0820158
0.0822998
0.0826004
0.0828197
0.0830475
0.0833159
0.0836455
0.0839988
0.08425
0.0845106
0.0848018
0.0851555
0.0856247
0.0858505
