-0.151679
-0.150681
-0.149684
-0.148686
-0.147689
-0.146691
-0.145694
-0.144696
-0.143699
-0.142701
-0.141703
-0.140706
-0.139708
-0.138711
-0.137713
-0.136716
-0.135718
-0.13472
-0.133723
-0.132725
-0.131728
-0.13073
-0.129733
-0.128735
-0.127737
-0.12674
-0.125742
-0.124745
-0.123747
-0.12275
-0.121752
-0.120755
-0.119757
-0.118759
-0.117762
-0.116764
-0.115767
-0.114769
-0.113772
-0.112774
-0.111776
-0.110779
-0.109781
-0.108784
-0.107786
-0.106789
-0.105791
-0.104794
-0.103796
-0.102798
-0.101801
-0.100803
-0.0998057
-0.0988082
-0.0978106
-0.096813
-0.0958155
-0.0948179
-0.0938203
-0.0928228
-0.0918252
-0.0908276
-0.0898301
-0.0888325
-0.087835
-0.0868374
-0.0858398
-0.0848423
-0.0838447
-0.0828471
-0.0818496
-0.080852
-0.0798544
-0.0788569
-0.0778593
-0.0768618
-0.0758642
-0.0748666
-0.0738691
-0.0728715
-0.0718739
-0.0708764
-0.0698788
-0.0688812
-0.0678837
-0.0668861
-0.0658886
-0.064891
-0.0638934
-0.0628959
-0.0618983
-0.0609007
-0.0599032
-0.0589056
-0.057908
-0.0569105
-0.0559129
-0.0549154
-0.0539178
-0.0529202
-0.0519227
-0.0509251
-0.0499275
-0.04893
-0.0479324
-0.0469348
-0.0459373
-0.0449397
-0.0439422
-0.0429446
-0.041947
-0.0409495
-0.0399519
-0.0389543
-0.0379568
-0.0369592
-0.0359616
-0.0349641
-0.0339665
-0.032969
-0.0319714
-0.0309738
-0.0299763
-0.0289787
-0.0279811
-0.0269836
-0.025986
-0.0249884
-0.0239909
-0.0229933
-0.0219958
-0.0209982
-0.0200006
-0.0190031
-0.0180055
-0.0170079
-0.0160104
-0.0150128
-0.0140152
-0.0130177
-0.0120201
-0.0110226
-0.010025
-0.00902743
-0.00802987
-0.0070323
-0.00603474
-0.00503718
-0.00403961
-0.00304205
-0.00204448
-0.00104692
-4.93578e-05
0.000948206
0.00194577
0.00294333
0.0039409
0.00493846
0.00593602
0.00693359
0.00793115
0.00892871
0.00992628
0.0109238
0.0119214
0.012919
0.0139165
0.0149141
0.0159117
0.0169092
0.0179068
0.0189043
0.0199019
0.0208995
0.021897
0.0228946
0.0238922
0.0248897
0.0258873
0.0268849
0.0278824
0.02888
0.0298775
0.0308751
0.0318727
0.0328702
0.0338678
0.0348654
0.0358629
0.0368605
0.0378581
0.0388556
0.0398532
0.0408507
0.0418483
0.0428459
0.0438434
0.044841
0.0458386
0.0468361
0.0478337
0.0488313
0.0498288
0.0508264
0.0518239
0.0528215
0.0538191
0.0548166
0.0558142
0.0568118
0.0578093
0.0588069
0.0598045
0.060802
0.0617996
0.0627971
0.0637947
0.0647923
0.0657898
0.0667874
0.067785
0.0687825
0.0697801
0.0707777
0.0717752
0.0727728
0.0737703
0.0747679
0.0757655
0.076763
0.0777606
0.0787582
0.0797557
0.0807533
0.0817509
0.0827484
0.083746
0.0847435
0.0857411
0.0867387
0.0877362
0.0887338
0.0897314
0.0907289
