-4.55788
-4.55788
-4.55788
-4.55788
-4.55788
-4.55788
-4.55788
-4.55788
-4.55788
-4.55788
-4.55788
-4.55788
-4.55788
-4.55788
-4.55788
-4.55788
-4.55788
-4.55788
-4.55788
-4.55788
-4.55788
-4.55788
-4.55788
-4.55788
-4.55788
-4.55788
-4.55788
-4.55788
-4.55788
-4.55788
-4.55788
-4.55788
-4.55788
-4.55788
-4.55788
-4.55788
-4.55788
-4.55788
-4.55788
-4.55788
-4.55788
-4.55788
-4.55788
-4.55788
-4.55788
-4.55788
-4.55788
-4.55788
-4.55788
-4.55788
-4.55788
-4.55788
-4.55788
-4.55788
-4.55788
-4.55788
-4.55788
-4.55788
-4.55788
-4.55788
-4.55788
-4.55788
-4.55788
-4.55788
-4.55788
-4.55788
-4.55788
-4.55788
-4.55788
-4.55788
-4.55788
-4.55788
-4.55788
-4.55788
-4.55788
-4.55788
-4.55788
-4.55788
-4.55788
-4.55788
-4.55788
-4.55788
-4.55788
-4.55788
-4.55788
-4.55788
-4.55788
-4.55788
-4.55788
-4.55788
-4.55788
-4.55788
-4.55788
-4.55788
-4.55788
-4.55788
-4.55788
-4.55788
-4.55788
-4.55788
-4.55788
-4.55788
-4.55788
-4.55788
-4.55788
-4.55788
-4.55788
-4.55788
-4.55788
-4.55788
-4.55788
-4.55788
-4.55788
-4.55788
-4.55788
-4.55788
-4.55788
-4.55788
-4.55788
-4.55788
-4.55788
-4.55788
-4.55788
-4.55788
-4.55788
-4.55788
-4.55788
-4.55788
-4.55788
-4.55788
-4.55788
-4.55788
-4.55788
-4.55788
-4.55788
-4.55788
-4.55788
-4.55788
-4.55788
-4.55788
-4.55788
-4.55788
-4.55788
-4.55788
-4.55788
-4.55788
-4.55788
-4.55788
-4.55788
-4.55788
-4.55788
-4.55788
-4.55788
-4.55788
-4.55788
-4.55788
-4.55788
-4.55788
-4.55788
-4.55788
-4.55788
-4.55788
-4.55788
-4.55788
-4.55788
-4.55788
-4.55788
-4.55788
-4.55788
-4.55788
-4.55788
-4.55788
-4.55788
-4.55788
-4.55788
-4.55788
-4.55788
-4.55788
-4.55788
-4.55788
-4.55788
-4.55788
-4.55788
-4.55788
-4.55788
-4.55788
-4.55788
-4.55788
-4.55788
-4.55788
-4.55788
-4.55788
-4.55788
-4.55788
-4.55788
-4.55788
-4.55788
-4.55788
-4.55788
-4.55788
-4.55788
-4.55788
-4.55788
-4.55788
-4.55788
-4.55788
-4.55788
-4.55788
-4.55788
-4.55788
-4.55788
-4.55788
-4.55788
-4.55788
-4.55788
-4.55788
-4.55788
-4.55788
-4.55788
-4.55788
-4.55788
-4.55788
-4.55788
-4.55788
-4.55788
-4.55788
-4.55788
-4.55788
-4.55788
-4.55788
-4.55788
-4.55788
-4.55788
-4.55788
-4.55788
-4.55788
-4.55788
-4.55788
-4.55788
-4.55788
-4.55788
-4.55788
-4.55788
-4.55788
-4.55788
-4.55788
-4.55788
-4.55788
-4.55788
-4.55788
-4.55788
-4.55788
-4.55788
-4.55788
-4.55788
-4.55788
-4.55788
-4.55788
-4.55788
-4.55788
-4.55788
-4.55788
-4.55788
-4.55788
-4.55788
-4.55788
-4.55788
-4.55788
-4.55788
-4.55788
-4.55788
-4.55788
-4.55788
-4.55788
-4.55788
-4.55788
-4.55788
-4.55788
-4.55788
-4.55788
-4.55788
-4.55788
-4.55788
-4.55788
-4.55788
-4.55788
-4.55788
-4.55788
-4.55788
-4.55788
-4.55788
-4.55788
-4.55788
-4.55788
-4.55788
-4.55788
-4.55788
-4.55788
-4.55788
-4.55788
-4.55788
-4.55788
-4.55788
-4.55788
-4.55788
-4.55788
-4.55788
-4.55788
-4.55788
-4.55788
-4.55788
-4.55788
-4.55788
-4.55788
-4.55788
-4.55788
-4.55788
-4.55788
-4.55788
-4.55788
-4.55788
-4.55788
-4.55788
-4.55788
-4.55788
-4.55788
-4.55788
-4.55788
-4.55788
-4.55788
-4.55788
-4.55788
-4.55788
-4.55788
-4.55788
-4.55788
-4.55788
-4.55788
-4.55788
-4.55788
-4.55788
-4.55788
-4.55788
-4.55788
-4.55788
-4.55788
-4.55788
-4.55788
-4.55788
-4.55788
-4.55788
-4.55788
-4.55788
-4.55788
-4.55788
-4.55788
-4.55788
-4.55788
-4.55788
-4.55788
-4.55788
-4.55788
-4.55788
-4.55788
-4.55788
-4.55788
-4.55788
-4.55788
-4.55788
-4.55788
-4.55788
-4.55788
-4.55788
-4.55788
-4.55788
-4.55788
-4.55788
-4.55788
-4.55788
-4.55788
-4.55788
-4.55788
-4.55788
-4.55788
-4.55788
-4.55788
-4.55788
-4.55788
-4.55788
-4.55788
-4.55788
-4.55788
-4.55788
-4.55788
-4.55788
-4.55788
-4.55788
-4.55788
-4.55788
-4.55788
-4.55788
-4.55788
-4.55788
-4.55788
-4.55788
-4.55788
-4.55788
-4.55788
-4.55788
-4.55788
-4.55788
-4.55788
-4.55788
-4.55788
-4.55788
-4.55788
-4.55788
-4.55788
-4.55788
-4.55788
-4.55788
-4.55788
-4.55788
-4.55788
-4.55788
-4.55788
-4.55788
-4.55788
-4.55788
-4.55788
-4.55788
-4.55788
-4.55788
-4.55788
-4.55788
-4.55788
-4.55788
-4.55788
-4.55788
-4.55788
-4.55788
-4.55788
-4.55788
-4.55788
-4.55788
-4.55788
-4.55788
-4.55788
-4.55788
-4.55788
-4.55788
-4.55788
-4.55788
-4.55788
-4.55788
-4.55788
-4.55788
-4.55788
-4.55788
-4.55788
-4.55788
-4.55788
-4.55788
-4.55788
-4.55788
-4.55788
-4.55788
-4.55788
-4.55788
-4.55788
-4.55788
-4.55788
-4.55788
-4.55788
-4.55788
-4.55788
-4.55788
-4.55788
-4.55788
-4.55788
-4.55788
-4.55788
-4.55788
-4.55788
-4.55788
-4.55788
-4.55788
-4.55788
-4.55788
-4.55788
-4.55788
-4.55788
-4.55788
-4.55788
-4.55788
-4.55788
-4.55788
-4.55788
-4.55788
-4.55788
-4.55788
-4.55788
-4.55788
-4.55788
-4.55788
-4.55788
-4.55788
-4.55788
-4.55788
-4.55788
-4.55788
-4.55788
-4.55788
-4.55788
-4.55788
-4.55788
-4.55788
-4.55788
-4.55788
-4.55788
-4.55788
-4.55788
-4.55788
-4.55788
-4.55788
-4.55788
-4.55788
-4.55788
-4.55788
-4.55788
-4.55788
-4.55788
-4.55788
-4.55788
-4.55788
-4.55788
-4.55788
-4.55788
-4.55788
-4.55788
-4.55788
-4.55788
-4.55788
-4.55788
-4.55788
-4.55788
-4.55788
-4.55788
-4.55788
-4.55788
-4.55788
-4.55788
-4.55788
-4.55788
-4.55788
-4.55788
-4.55788
-4.55788
-4.55788
-4.55788
-4.55788
-4.55788
-4.55788
-4.55788
-4.55788
-4.55788
-4.55788
-4.55788
-4.55788
-4.55788
-4.55788
-4.55788
-4.55788
-4.55788
-4.55788
-4.55788
-4.55788
-4.55788
-4.55788
-4.55788
-4.55788
-4.55788
-4.55788
-4.55788
-4.55788
-4.55788
-4.55788
-4.55788
-4.55788
-4.55788
-4.55788
-4.55788
-4.55788
-4.55788
-4.55788
-4.55788
-4.55788
-4.55788
-4.55788
-4.55788
-4.55788
-4.55788
-4.55788
-4.55788
-4.55788
-4.55788
-4.55788
-4.55788
-4.55788
-4.55788
-4.55788
-4.55788
-4.55788
-4.55788
-4.55788
-4.55788
-4.55788
-4.55788
-4.55788
-4.55788
-4.55788
-4.55788
-4.55788
-4.55788
-4.55788
-4.55788
-4.55788
-4.55788
-4.55788
-4.55788
-4.55788
-4.55788
-4.55788
-4.55788
-4.55788
-4.55788
-4.55788
-4.55788
-4.55788
-4.55788
-4.55788
-4.55788
-4.55788
-4.55788
-4.55788
-4.55788
-4.55788
-4.55788
-4.55788
-4.55788
-4.55788
-4.55788
-4.55788
-4.55788
-4.55788
-4.55788
-4.55788
-4.55788
-4.55788
-4.55788
-4.55788
-4.55788
-4.55788
-4.55788
-4.55788
-4.55788
-4.55788
-4.55788
-4.55788
-4.55788
-4.55788
-4.55788
-4.55788
-4.55788
-4.55788
-4.55788
-4.55788
-4.55788
-4.55788
-4.55788
-4.55788
-4.55788
-4.55788
-4.55788
-4.55788
-4.55788
-4.55788
-4.55788
-4.55788
-4.55788
-4.55788
-4.55788
-4.55788
-4.55788
-4.55788
-4.55788
-4.55788
-4.55788
-4.55788
-4.55788
-4.55788
-4.55788
-4.55788
-4.55788
-4.55788
-4.55788
-4.55788
-4.55788
-4.55788
-4.55788
-4.55788
-4.55788
-4.55788
-4.55788
-4.55788
-4.55788
-4.55788
-4.55788
-4.55788
-4.55788
-4.55788
-4.55788
-4.55788
-4.55788
-4.55788
-4.55788
-4.55788
-4.55788
-4.55788
-4.55788
-4.55788
-4.55788
-4.55788
-4.55788
-4.55788
-4.55788
-4.55788
-4.55788
-4.55788
-4.55788
-4.55788
-4.55788
-4.55788
-4.55788
-4.55788
-4.55788
-4.55788
-4.55788
-4.55788
-4.55788
-4.55788
-4.55788
-4.55788
-4.55788
-4.55788
-4.55788
-4.55788
-4.55788
-4.55788
-4.55788
-4.55788
-4.55788
-4.55788
-4.55788
-4.55788
-4.55788
-4.55788
-4.55788
-4.55788
-4.55788
-4.55788
-4.55788
-4.55788
-4.55788
-4.55788
-4.55788
-4.55788
-4.55788
-4.55788
-4.55788
-4.55788
-4.55788
-4.55788
-4.55788
-4.55788
-4.55788
-4.55788
-4.55788
-4.55788
-4.55788
-4.55788
-4.55788
-4.55788
-4.55788
-4.55788
-4.55788
-4.55788
-4.55788
-4.55788
-4.55788
-4.55788
-4.55788
-4.55788
-4.55788
-4.55788
-4.55788
-4.55788
-4.55788
-4.55788
-4.55788
-4.55788
-4.55788
-4.55788
-4.55788
-4.55788
-4.55788
-4.55788
-4.55788
-4.55788
-4.55788
-4.55788
-4.55788
-4.55788
-4.55788
-4.55788
-4.55788
-4.55788
-4.55788
-4.55788
-4.55788
-4.55788
-4.55788
-4.55788
-4.55788
-4.55788
-4.55788
-4.55788
-4.55788
-4.55788
-4.55788
-4.55788
-4.55788
-4.55788
-4.55788
-4.55788
-4.55788
-4.55788
-4.55788
-4.55788
-4.55788
-4.55788
-4.55788
-4.55788
-4.55788
-4.55788
-4.55788
-4.55788
-4.55788
-4.55788
-4.55788
-4.55788
-4.55788
-4.55788
-4.55788
-4.55788
-4.55788
-4.55788
-4.55788
-4.55788
-4.55788
-4.55788
-4.55788
-4.55788
-4.55788
-4.55788
-4.55788
-4.55788
-4.55788
-4.55788
-4.55788
-4.55788
-4.55788
-4.55788
-4.55788
-4.55788
-4.55788
-4.55788
-4.55788
-4.55788
-4.55788
-4.55788
-4.55788
-4.55788
-4.55788
-4.55788
-4.55788
-4.55788
-4.55788
-4.55788
-4.55788
-4.55788
-4.55788
-4.55788
-4.55788
-4.55788
-4.55788
-4.55788
-4.55788
-4.55788
-4.55788
-4.55788
-4.55788
-4.55788
-4.55788
-4.55788
-4.55788
-4.55788
-4.55788
-4.55788
-4.55788
-4.55788
-4.55788
-4.55788
-4.55788
-4.55788
-4.55788
-4.55788
-4.55788
-4.55788
-4.55788
-4.55788
-4.55788
-4.55788
-4.55788
-4.55788
-4.55788
-4.55788
-4.55788
-4.55788
-4.55788
-4.55788
-4.55788
-4.55788
-4.55788
-4.55788
-4.55788
-4.55788
-4.55788
-4.55788
-4.55788
-4.55788
-4.55788
-4.55788
-4.55788
-4.55788
-4.55788
-4.55788
-4.55788
-4.55788
-4.55788
-4.55788
-4.55788
-4.55788
-4.55788
-4.55788
-4.55788
-4.55788
-4.55788
-4.55788
-4.55788
-4.55788
-4.55788
-4.55788
-4.55788
-4.55788
-4.55788
-4.55788
-4.55788
-4.55788
-4.55788
-4.55788
-4.55788
-4.55788
-4.55788
-4.55788
-4.55788
-4.55788
-4.55788
-4.55788
-4.55788
-4.55788
-4.55788
-4.55788
-4.55788
-4.55788
-4.55788
-4.55788
-4.55788
-4.55788
-4.55788
-4.55788
-4.55788
-4.55788
-4.55788
-4.55788
-4.55788
-4.55788
-4.55788
-4.55788
-4.55788
-4.55788
-4.55788
-4.55788
-4.55788
-4.55788
-4.55788
-4.55788
-4.55788
-4.55788
-4.55788
-4.55788
-4.55788
-4.55788
-4.55788
-4.55788
-4.55788
-4.55788
-4.55788
-4.55788
-4.55788
-4.55788
-4.55788
-4.55788
-4.55788
-4.55788
-4.55788
-4.55788
-4.55788
-4.55788
-4.55788
-4.55788
-4.55788
-4.55788
-4.55788
-4.55788
-4.55788
-4.55788
-4.55788
-4.55788
-4.55788
-4.55788
-4.55788
-4.55788
-4.55788
-4.55788
-4.55788
-4.55788
-4.55788
-4.55788
-4.55788
-4.55788
-4.55788
-4.55788
-4.55788
-4.55788
-4.55788
-4.55788
-4.55788
-4.55788
-4.55788
-4.55788
-4.55788
-4.55788
-4.55788
-4.55788
-4.55788
-4.55788
-4.55788
-4.55788
-4.55788
-4.55788
-4.55788
-4.55788
-4.55788
-4.55788
-4.55788
-4.55788
-4.55788
-4.55788
-4.55788
-4.55788
-4.55788
-4.55788
-4.55788
-4.55788
-4.55788
-4.55788
-4.55788
-4.55788
-4.55788
-4.55788
-4.55788
-4.55788
-4.55788
-4.55788
-4.55788
-4.55788
-4.55788
-4.55788
-4.55788
-4.55788
-4.55788
-4.55788
-4.55788
-4.55788
-4.55788
-4.55788
-4.55788
-4.55788
-4.55788
-4.55788
-4.55788
-4.55788
-4.55788
-4.55788
-4.55788
-4.55788
-4.55788
-4.55788
-4.55788
-4.55788
-4.55788
-4.55788
-4.55788
-4.55788
-4.55788
-4.55788
-4.55788
-4.55788
-4.55788
-4.55788
-4.55788
-4.55788
-4.55788
-4.55788
-4.55788
-4.55788
-4.55788
-4.55788
-4.55788
-4.55788
-4.55788
-4.55788
-4.55788
-4.55788
-4.55788
-4.55788
-4.55788
-4.55788
-4.55788
-4.55788
-4.55788
-4.55788
-4.55788
-4.55788
-4.55788
-4.55788
-4.55788
-4.55788
-4.55788
-4.55788
-4.55788
-4.55788
-4.55788
-4.55788
-4.55788
-4.55788
-4.55788
-4.55788
-4.55788
-4.55788
-4.55788
-4.55788
-4.55788
-4.55788
-4.55788
-4.55788
-4.55788
-4.55788
-4.55788
-4.55788
-4.55788
-4.55788
-4.55788
-4.55788
-4.55788
-4.55788
-4.55788
-4.55788
-4.55788
-4.55788
-4.55788
-4.55788
-4.55788
-4.55788
-4.55788
-4.55788
-4.55788
-4.55788
-4.55788
-4.55788
-4.55788
-4.55788
-4.55788
-4.55788
-4.55788
-4.55788
-4.55788
-4.55788
-4.55788
-4.55788
-4.55788
-4.55788
-4.55788
-4.55788
-4.55788
-4.55788
-4.55788
-4.55788
-4.55788
-4.55788
-4.55788
-4.55788
-4.55788
-4.55788
-4.55788
-4.55788
-4.55788
-4.55788
-4.55788
-4.55788
-4.55788
-4.55788
-4.55788
-4.55788
-4.55788
-4.55788
-4.55788
-4.55788
-4.55788
-4.55788
-4.55788
-4.55788
-4.55788
-4.55788
-4.55788
-4.55788
-4.55788
-4.55788
-4.55788
-4.55788
-4.55788
-4.55788
-4.55788
-4.55788
-4.55788
-4.55788
-4.55788
-4.55788
-4.55788
-4.55788
-4.55788
-4.55788
-4.55788
-4.55788
-4.55788
-4.55788
-4.55788
-4.55788
-4.55788
-4.55788
-4.55788
-4.55788
-4.55788
-4.55788
-4.55788
-4.55788
-4.55788
-4.55788
-4.55788
-4.55788
-4.55788
-4.55788
-4.55788
-4.55788
-4.55788
-4.55788
-4.55788
-4.55788
-4.55788
-4.55788
-4.55788
-4.55788
-4.55788
-4.55788
-4.55788
-4.55788
-4.55788
-4.55788
-4.55788
-4.55788
-4.55788
-4.55788
-4.55788
-4.55788
-4.55788
-4.55788
-4.55788
-4.55788
-4.55788
-4.55788
-4.55788
-4.55788
-4.55788
-4.55788
-4.55788
-4.55788
-4.55788
-4.55788
-4.55788
-4.55788
-4.55788
-4.55788
-4.55788
-4.55788
-4.55788
-4.55788
-4.55788
-4.55788
-4.55788
-4.55788
-4.55788
-4.55788
-4.55788
-4.55788
-4.55788
-4.55788
-4.55788
-4.55788
-4.55788
-4.55788
-4.55788
-4.55788
-4.55788
-4.55788
-4.55788
-4.55788
-4.55788
-4.55788
-4.55788
-4.55788
-4.55788
-4.55788
-4.55788
-4.55788
-4.55788
-4.55788
-4.55788
-4.55788
-4.55788
-4.55788
-4.55788
-4.55788
-4.55788
-4.55788
-4.55788
-4.55788
-4.55788
-4.55788
-4.55788
-4.55788
-4.55788
-4.55788
-4.55788
-4.55788
-4.55788
-4.55788
-4.55788
-4.55788
-4.55788
-4.55788
-4.55788
-4.55788
-4.55788
-4.55788
-4.55788
-4.55788
-4.55788
-4.55788
-4.55788
-4.55788
-4.55788
-4.55788
-4.55788
-4.55788
-4.55788
-4.55788
-4.55788
-4.55788
-4.55788
-4.55788
-4.55788
-4.55788
-4.55788
-4.55788
-4.55788
-4.55788
-4.55788
-4.55788
-4.55788
-4.55788
-4.55788
-4.55788
-4.55788
-4.55788
-4.55788
-4.55788
-4.55788
-4.55788
-4.55788
-4.55788
-4.55788
-4.55788
-4.55788
-4.55788
-4.55788
-4.55788
-4.55788
-4.55788
-4.55788
-4.55788
-4.55788
-4.55788
-4.55788
-4.55788
-4.55788
-4.55788
-4.55788
-4.55788
-4.55788
-4.55788
-4.55788
-4.55788
-4.55788
-4.55788
-4.55788
-4.55788
-4.55788
-4.55788
-4.55788
-4.55788
-4.55788
-4.55788
-4.55788
-4.55788
-4.55788
-4.55788
-4.55788
-4.55788
-4.55788
-4.55788
-4.55788
-4.55788
-4.55788
-4.55788
-4.55788
-4.55788
-4.55788
-4.55788
-4.55788
-4.55788
-4.55788
-4.55788
-4.55788
-4.55788
-4.55788
-4.55788
-4.55788
-4.55788
-4.55788
-4.55788
-4.55788
-4.55788
-4.55788
-4.55788
-4.55788
-4.55788
-4.55788
-4.55788
-4.55788
-4.55788
-4.55788
-4.55788
-4.55788
-4.55788
-4.55788
-4.55788
-4.55788
-4.55788
-4.55788
-4.55788
-4.55788
-4.55788
-4.55788
-4.55788
-4.55788
-4.55788
-4.55788
-4.55788
-4.55788
-4.55788
-4.55788
-4.55788
-4.55788
-4.55788
-4.55788
-4.55788
-4.55788
-4.55788
-4.55788
-4.55788
-4.55788
-4.55788
-4.55788
-4.55788
-4.55788
-4.55788
-4.55788
-4.55788
-4.55788
-4.55788
-4.55788
-4.55788
-4.55788
-4.55788
-4.55788
-4.55788
-4.55788
-4.55788
-4.55788
-4.55788
-4.55788
-4.55788
-4.55788
-4.55788
-4.55788
-4.55788
-4.55788
-4.55788
-4.55788
-4.55788
-4.55788
-4.55788
-4.55788
-4.55788
-4.55788
-4.55788
-4.55788
-4.55788
-4.55788
-4.55788
-4.55788
-4.55788
-4.55788
-4.55788
-4.55788
-4.55788
-4.55788
-4.55788
-4.55788
-4.55788
-4.55788
-4.55788
-4.55788
-4.55788
-4.55788
-4.55788
-4.55788
-4.55788
-4.55788
-4.55788
-4.55788
-4.55788
-4.55788
-4.55788
-4.55788
-4.55788
-4.55788
-4.55788
-4.55788
-4.55788
-4.55788
-4.55788
-4.55788
-4.55788
-4.55788
-4.55788
-4.55788
-4.55788
-4.55788
-4.55788
-4.55788
-4.55788
-4.55788
-4.55788
-4.55788
-4.55788
-4.55788
-4.55788
-4.55788
-4.55788
-4.55788
-4.55788
-4.55788
-4.55788
-4.55788
-4.55788
-4.55788
-4.55788
-4.55788
-4.55788
-4.55788
-4.55788
-4.55788
-4.55788
-4.55788
-4.55788
-4.55788
-4.55788
-4.55788
-4.55788
-4.55788
-4.55788
-4.55788
-4.55788
-4.55788
-4.55788
-4.55788
-4.55788
-4.55788
-4.55788
-4.55788
-4.55788
-4.55788
-4.55788
-4.55788
-4.55788
-4.55788
-4.55788
-4.55788
-4.55788
-4.55788
-4.55788
-4.55788
-4.55788
-4.55788
-4.55788
-4.55788
-4.55788
-4.55788
-4.55788
-4.55788
-4.55788
-4.55788
-4.55788
-4.55788
-4.55788
-4.55788
-4.55788
-4.55788
-4.55788
-4.55788
-4.55788
-4.55788
-4.55788
-4.55788
-4.55788
-4.55788
-4.55788
-4.55788
-4.55788
-4.55788
-4.55788
-4.55788
-4.55788
-4.55788
-4.55788
-4.55788
-4.55788
-4.55788
-4.55788
-4.55788
-4.55788
-4.55788
-4.55788
-4.55788
-4.55788
-4.55788
-4.55788
-4.55788
-4.55788
-4.55788
-4.55788
-4.55788
-4.55788
-4.55788
-4.55788
-4.55788
-4.55788
-4.55788
-4.55788
-4.55788
-4.55788
-4.55788
-4.55788
-4.55788
-4.55788
-4.55788
-4.55788
-4.55788
-4.55788
-4.55788
-4.55788
-4.55788
-4.55788
-4.55788
-4.55788
-4.55788
-4.55788
-4.55788
-4.55788
-4.55788
-4.55788
-4.55788
-4.55788
-4.55788
-4.55788
-4.55788
-4.55788
-4.55788
-4.55788
-4.55788
-4.55788
-4.55788
-4.55788
-4.55788
-4.55788
-4.55788
-4.55788
-4.55788
-4.55788
-4.55788
-4.55788
-4.55788
-4.55788
-4.55788
-4.55788
-4.55788
-4.55788
-4.55788
-4.55788
-4.55788
-4.55788
-4.55788
-4.55788
-4.55788
-4.55788
-4.55788
-4.55788
-4.55788
-4.55788
-4.55788
-4.55788
-4.55788
-4.55788
-4.55788
-4.55788
-4.55788
-4.55788
-4.55788
-4.55788
-4.55788
-4.55788
-4.55788
-4.55788
-4.55788
-4.55788
-4.55788
-4.55788
-4.55788
-4.55788
-4.55788
-4.55788
-4.55788
-4.55788
-4.55788
-4.55788
-4.55788
-4.55788
-4.55788
-4.55788
-4.55788
-4.55788
-4.55788
-4.55788
-4.55788
-4.55788
-4.55788
-4.55788
-4.55788
-4.55788
-4.55788
-4.55788
-4.55788
-4.55788
-4.55788
-4.55788
-4.55788
-4.55788
-4.55788
-4.55788
-4.55788
-4.55788
-4.55788
-4.55788
-4.55788
-4.55788
-4.55788
-4.55788
-4.55788
-4.55788
-4.55788
-4.55788
-4.55788
-4.55788
-4.55788
-4.55788
-4.55788
-4.55788
-4.55788
-4.55788
-4.55788
-4.55788
-4.55788
-4.55788
-4.55788
-4.55788
-4.55788
-4.55788
-4.55788
-4.55788
-4.55788
-4.55788
-4.55788
-4.55788
-4.55788
-4.55788
-4.55788
-4.55788
-4.55788
-4.55788
-4.55788
-4.55788
-4.55788
-4.55788
-4.55788
-4.55788
-4.55788
-4.55788
-4.55788
-4.55788
-4.55788
-4.55788
-4.55788
-4.55788
-4.55788
-4.55788
-4.55788
-4.55788
-4.55788
-4.55788
-4.55788
-4.55788
-4.55788
-4.55788
-4.55788
-4.55788
-4.55788
-4.55788
-4.55788
-4.55788
-4.55788
-4.55788
-4.55788
-4.55788
-4.55788
-4.55788
-4.55788
-4.55788
-4.55788
-4.55788
-4.55788
-4.55788
-4.55788
-4.55788
-4.55788
-4.55788
-4.55788
-4.55788
-4.55788
-4.55788
-4.55788
-4.55788
-4.55788
-4.55788
-4.55788
-4.55788
-4.55788
-4.55788
-4.55788
-4.55788
-4.55788
-4.55788
-4.55788
-4.55788
-4.55788
-4.55788
-4.55788
-4.55788
-4.55788
-4.55788
-4.55788
-4.55788
-4.55788
-4.55788
-4.55788
-4.55788
-4.55788
-4.55788
-4.55788
-4.55788
-4.55788
-4.55788
-4.55788
-4.55788
-4.55788
-4.55788
-4.55788
-4.55788
-4.55788
-4.55788
-4.55788
-4.55788
-4.55788
-4.55788
-4.55788
-4.55788
-4.55788
-4.55788
-4.55788
-4.55788
-4.55788
-4.55788
-4.55788
-4.55788
-4.55788
-4.55788
-4.55788
-4.55788
-4.55788
-4.55788
-4.55788
-4.55788
-4.55788
-4.55788
-4.55788
-4.55788
-4.55788
-4.55788
-4.55788
-4.55788
-4.55788
-4.55788
-4.55788
-4.55788
-4.55788
-4.55788
-4.55788
-4.55788
-4.55788
0.137637
0.137509
0.137509
0.137509
0.137509
0.137509
0.137509
0.137509
0.137509
0.152521
0.152521
0.152521
0.144757
0.144757
0.152521
0.152521
0.152521
0.152521
0.152521
0.152521
0.152521
0.152521
0.152521
0.152521
0.152521
0.152521
0.152521
0.152521
0.152521
0.152521
0.169105
0.169105
0.160527
0.160527
0.160527
0.160527
0.160527
0.160527
0.160527
0.160527
0.160527
0.160527
0.169105
0.160527
0.169105
0.169105
0.169105
0.169105
0.169105
0.169105
0.169105
0.169105
0.169105
0.169105
0.169105
0.169105
0.169105
0.169105
0.169105
0.169105
0.169105
0.169105
0.169105
0.169105
0.169105
0.152367
0.152367
0.152367
0.152367
0.152521
0.152521
0.152521
0.152521
0.152521
0.152521
0.144757
0.152521
0.144757
0.152521
0.144757
0.144757
0.144757
0.144757
0.144757
0.123909
0.123909
0.123909
0.117538
0.117538
0.117538
0.117538
0.117538
0.117538
0.111474
0.111588
0.111588
0.111588
0.111588
0.111588
0.105814
0.0811944
0.0811944
0.0811944
0.0811944
0.0769293
0.0769293
0.0769293
0.0769293
0.0769293
0.0769293
0.0769864
0.0769864
0.0728639
0.0728639
0.0728639
0.0728639
0.0728639
0.0729163
0.0689902
0.0689902
0.0494598
0.0494783
0.0494783
0.0494783
0.0494953
0.0467084
0.0467244
0.0467244
0.0467244
0.0467391
0.0467391
0.0440997
0.0440997
0.0440997
0.0441125
0.0441125
0.0441125
0.0441243
0.0441243
0.0308077
0.0308077
0.0308077
0.0308077
0.0308077
0.0308077
0.0308077
0.0308077
0.0308077
0.0308077
0.0308077
0.0308077
0.0308077
0.0308077
0.0308077
0.0308077
0.0308077
0.0289305
0.0289305
0.0289305
0.0289305
0.0289305
0.0289305
0.0289305
0.0289305
0.0289305
0.0289305
0.0289305
0.0289305
0.0289305
0.0289305
0.0289305
0.0289305
0.0289305
0.0289305
0.0271454
0.0271454
0.0271454
0.0271454
0.0271454
0.0271454
0.0271454
0.0271454
0.0271454
0.0271454
0.0271454
0.0271454
0.0271454
0.0271454
0.0271454
0.0271454
0.0271454
0.0271454
0.025448
0.025448
0.025448
0.025448
0.025448
0.025448
0.025448
0.025448
0.025448
0.025448
0.025448
0.025448
0.025448
0.025448
0.025448
0.025448
0.025448
0.025448
0.025448
0.0238341
0.0238341
0.0238341
0.0238341
0.0238341
0.0238341
0.0238341
0.0238341
0.0238341
0.0238341
0.0238341
0.0238341
0.0238341
0.0238341
0.0238341
0.0238341
0.0238341
0.0238341
0.0222995
0.0222995
0.0222995
0.0222995
0.0222995
0.0222995
0.0222995
0.0222995
0.0222995
0.0222995
0.0222995
0.0222995
0.0222995
0.0222995
0.0222995
0.0222995
0.0222995
0.0222995
0.0222995
0.0208403
0.0208403
0.0208403
0.0208403
0.0208403
0.0208403
0.0208403
0.0208403
0.0208403
0.0208403
0.0208403
0.0208403
0.0208403
0.0208403
0.0208403
0.0208403
0.0208403
0.0208403
0.0208403
0.0208403
0.019453
0.019453
0.019453
0.019453
0.019453
0.019453
0.019453
0.019453
0.019453
0.019453
0.019453
0.019453
0.019453
0.019453
0.019453
0.019453
0.019453
0.019453
0.0181347
0.0181347
0.0181347
0.0181347
0.0181347
0.0181347
0.0181347
0.0181347
0.0181347
0.0181347
0.0181347
0.0181347
0.0181347
0.0181347
0.0181347
0.0181347
0.0181347
0.0181347
0.0181347
0.0168825
0.0181347
0.0168825
0.0168825
0.0168825
0.0168825
0.0168825
0.0168825
0.0168825
0.0168825
0.0168825
0.0168825
0.0168825
0.0168825
0.0168825
0.0168825
0.0168825
0.0168825
0.0168825
0.0168825
0.0168825
0.0156944
0.0156944
0.0156944
0.0156944
0.0156944
0.0156944
0.0156944
0.0156944
0.0156944
0.0156944
0.0156944
0.0156944
0.0156944
0.0156944
0.0156944
0.0156944
0.0156944
0.0156944
0.0156944
0.0156944
0.0145673
0.0145673
0.0145673
0.0145673
0.0145673
0.0145673
0.0145673
0.0145673
0.0145673
0.0145673
0.0145673
0.0145673
0.0145673
0.0145673
0.0145673
0.0145673
0.0145673
0.0145673
0.0145673
0.0145673
0.0145673
0.0134968
0.0134968
0.0134968
0.0134968
0.0134968
0.0134968
0.0134968
0.0134968
0.0134968
0.0134968
0.0134968
0.0134968
0.0134968
0.0134968
0.0134968
0.0134968
0.0134968
0.0134968
0.0134968
0.0124791
0.0124791
0.0124791
0.0124791
0.0124791
0.0124791
0.0124791
0.0124791
0.0124791
0.0124791
0.0124791
0.0124791
0.0124791
0.0124791
0.0124791
0.0124791
0.0124791
0.0115126
0.0115126
0.0115126
0.0115126
0.0115126
0.0115126
0.0115126
0.0115126
0.0115126
0.0115126
0.0115126
0.0115126
0.0115126
0.0115126
0.0115126
0.0115126
0.0115126
0.0115126
0.0115126
0.0115126
0.0105965
0.0105965
0.0105965
0.0105965
0.0105965
0.0105965
0.0105965
0.0105965
0.0105965
0.0105965
0.0105965
0.0105965
0.0105965
0.0105965
0.0105965
0.0105965
0.0105965
0.0105965
0.00973107
0.00973107
0.00973107
0.00973107
0.00973107
0.00973107
0.00973107
0.00973107
0.00973107
0.00973107
0.00973107
0.00973107
0.00973107
0.00973107
0.00973107
0.00973107
0.00973107
0.00973107
0.00973107
0.00973107
0.00891618
0.00891618
0.00891618
0.00891618
0.00891618
0.00891618
0.00891618
0.00891618
0.00891618
0.00891618
0.00891618
0.00891618
0.00891618
0.00891618
0.00891618
0.00891618
0.00891618
0.00891618
0.00891618
0.00815157
0.00815157
0.00815157
0.00815157
0.00815157
0.00815157
0.00815157
0.00815157
0.00815157
0.00815157
0.00815157
0.00815157
0.00815157
0.00815157
0.00815157
0.00815157
0.00815157
0.00815157
0.00815157
0.00743636
0.00743636
0.00743636
0.00743636
0.00743636
0.00743636
0.00743636
0.00743636
0.00743636
0.00743636
0.00743636
0.00743636
0.00743636
0.00743636
0.00743636
0.00743636
0.00743636
0.00743636
0.00743636
0.00743636
0.00676894
0.00676894
0.00676894
0.00676894
0.00676894
0.00676894
0.00676894
0.00676894
0.00676894
0.00676894
0.00676894
0.00676894
0.00676894
0.00676894
0.00676894
0.00676894
0.00676894
0.00676894
0.00676894
0.00676894
0.00614697
0.00614697
0.00614697
0.00614697
0.00614697
0.00614697
0.00614697
0.00614697
0.00614697
0.00614697
0.00614697
0.00614697
0.00614697
0.00614697
0.00614697
0.00614697
0.00614697
0.00614697
0.00614697
0.00614697
0.00614697
0.00614697
0.00556663
0.00556663
0.00556663
0.00556663
0.00556663
0.00556663
0.00556663
0.00556663
0.00556663
0.00556663
0.00556663
0.00556663
0.00556663
0.00556663
0.00556663
0.00556663
0.00556663
0.00556663
0.00556663
0.00556663
0.00501841
0.00501841
0.00501841
0.00501841
0.00501841
0.00501841
0.00501841
0.00501841
0.00501841
0.00501841
0.00501841
0.00501841
0.00501841
0.00501841
0.00501841
0.00501841
0.00501841
0.00501841
0.00501841
0.00501841
0.00449248
0.00449248
0.00449248
0.00449248
0.00449248
0.00449248
0.00449248
0.00449248
0.00449248
0.00449248
0.00449248
0.00449248
0.00449248
0.00449248
0.00449248
0.00449248
0.00449248
0.00449248
0.00449248
0.00449248
0.00398697
0.00398697
0.00398697
0.00398697
0.00398697
0.00398697
0.00398697
0.00398697
0.00398697
0.00398697
0.00398697
0.00398697
0.00398697
0.00398697
0.00398697
0.00398697
0.00398697
0.00398697
0.00398697
0.00398697
0.00350369
0.00350369
0.00350369
0.00350369
0.00350369
0.00350369
0.00350369
0.00350369
0.00350369
0.00350369
0.00350369
0.00350369
0.00350369
0.00350369
0.00350369
0.00350369
0.00350369
0.00350369
0.00350369
0.00350369
0.00350369
0.00350369
0.00304419
0.00304419
0.00304419
0.00304419
0.00304419
0.00304419
0.00304419
0.00304419
0.00304419
0.00304419
0.00304419
0.00304419
0.00304419
0.00304419
0.00304419
0.00304419
0.00304419
0.00304419
0.00304419
0.00304419
0.00304419
0.00304419
0.00260946
0.00260946
0.00260946
0.00260946
0.00260946
0.00260946
0.00260946
0.00260946
0.00260946
0.00260946
0.00260946
0.00260946
0.00260946
0.00260946
0.00260946
0.00260946
0.00260946
0.00260946
0.00260946
0.00260946
0.00260946
0.00220003
0.00220003
0.00220003
0.00220003
0.00220003
0.00220003
0.00220003
0.00220003
0.00220003
0.00220003
0.00220003
0.00220003
0.00220003
0.00220003
0.00220003
0.00220003
0.00220003
0.00220003
0.00220003
0.00220003
0.00220003
0.00220003
0.00220003
0.00220003
0.00220003
0.00181607
0.00181607
0.00181607
0.00181607
0.00181607
0.00181607
0.00181607
0.00181607
0.00181607
0.00181607
0.00181607
0.00181607
0.00181607
0.00181607
0.00181607
0.00181607
0.00181607
0.00181607
0.00181607
0.00181607
0.00181607
0.00181607
0.00145744
0.00145744
0.00145744
0.00145744
0.00145744
0.00145744
0.00145744
0.00145744
0.00145744
0.00145744
0.00145744
0.00145744
0.00145744
0.00145744
0.00145744
0.00145744
0.00145744
0.00145744
0.00145744
0.00145744
0.00145744
0.00145744
0.00145744
0.00145744
0.00112383
0.00112383
0.00112383
0.00112383
0.00112383
0.00112383
0.00112383
0.00112383
0.00112383
0.00112383
0.00112383
0.00112383
0.00112383
0.00112383
0.00112383
0.00112383
0.00112383
0.00112383
0.00112383
0.00112383
0.00112383
0.00112383
0.00112383
0.000814844
0.000814844
0.000814844
0.000814844
0.000814844
0.000814844
0.000814844
0.000814844
0.000814844
0.000814844
0.000814844
0.000814844
0.000814844
0.000814844
0.000814844
0.000814844
0.000814844
0.000814844
0.000814844
0.000814844
0.000814844
0.000814844
0.000814844
0.000530169
0.000530169
0.000530169
0.000530169
0.000530169
0.000530169
0.000530169
0.000530169
0.000530169
0.000530169
0.000530169
0.000530169
0.000530169
0.000530169
0.000530169
0.000530169
0.000530169
0.000530169
0.000530169
0.000530169
0.000530169
0.000530169
0.000530169
0.000530169
0.000269723
0.000269723
0.000269723
0.000269723
0.000269723
0.000269723
0.000269723
0.000269723
0.000269723
0.000269723
0.000269723
0.000269723
0.000269723
0.000269723
0.000269723
0.000269723
0.000269723
0.000269723
0.000269723
0.000269723
0.000269723
0.000269723
3.39058e-05
3.39058e-05
3.39058e-05
3.39058e-05
3.39058e-05
3.39058e-05
3.39058e-05
3.39058e-05
3.39058e-05
3.39058e-05
3.39058e-05
3.39058e-05
3.39058e-05
3.39058e-05
3.39058e-05
3.39058e-05
3.39058e-05
3.39058e-05
3.39058e-05
3.39058e-05
3.39058e-05
3.39058e-05
-0.000175978
-0.000175978
-0.000175978
-0.000175978
-0.000175978
-0.000175978
-0.000175978
-0.000175978
-0.000175978
-0.000175978
-0.000175978
-0.000175978
-0.000175978
-0.000175978
-0.000175978
-0.000175978
-0.000175978
-0.000175978
-0.000175978
-0.000175978
-0.000175978
-0.000175978
-0.000175978
-0.000357715
-0.000357715
-0.000357715
-0.000357715
-0.000357715
-0.000357715
-0.000357715
-0.000357715
-0.000357715
-0.000357715
-0.000357715
-0.000357715
-0.000357715
-0.000357715
-0.000357715
-0.000357715
-0.000357715
-0.000357715
-0.000357715
-0.000357715
-0.000357715
-0.000357715
-0.000509131
-0.000509131
-0.000509131
-0.000509131
-0.000509131
-0.000509131
-0.000509131
-0.000509131
-0.000509131
-0.000509131
-0.000509131
-0.000509131
-0.000509131
-0.000509131
-0.000509131
-0.000509131
-0.000509131
-0.000509131
-0.000509131
-0.000509131
-0.000509131
-0.000509131
-0.000509131
-0.000628843
-0.000628843
-0.000628843
-0.000628843
-0.000628843
-0.000628843
-0.000628843
-0.000628843
-0.000628843
-0.000628843
-0.000628843
-0.000628843
-0.000628843
-0.000628843
-0.000628843
-0.000628843
-0.000628843
-0.000628843
-0.000628843
-0.000628843
-0.000628843
-0.000628843
-0.000628843
-0.000628843
-0.000716293
-0.000716293
-0.000716293
-0.000716293
-0.000716293
-0.000716293
-0.000716293
-0.000716293
-0.000716293
-0.000716293
-0.000716293
-0.000716293
-0.000716293
-0.000716293
-0.000716293
-0.000716293
-0.000716293
-0.000716293
-0.000716293
-0.000716293
-0.000716293
-0.000771664
-0.000771664
-0.000771664
-0.000771664
-0.000771664
-0.000771664
-0.000771664
-0.000771664
-0.000771664
-0.000771664
-0.000771664
-0.000771664
-0.000771664
-0.000771664
-0.000771664
-0.000771664
-0.000771664
-0.000771664
-0.000795773
-0.000795773
-0.000795773
-0.000795773
-0.000795773
-0.000795773
-0.000795773
-0.000795773
-0.000795773
-0.000795773
-0.000795773
-0.000795773
-0.000795773
-0.000795773
-0.000795773
-0.000795773
-0.000795773
-0.000795773
-0.000795773
-0.000795773
-0.000795773
-0.000795773
-0.000795773
-0.000795773
-0.000795773
-0.000789929
-0.000789929
-0.000789929
-0.000789929
-0.000789929
-0.000789929
-0.000789929
-0.000789929
-0.000789929
-0.000789929
-0.000789929
-0.000789929
-0.000789929
-0.000789929
-0.000789929
-0.000789929
-0.000789929
-0.000789929
-0.000789929
-0.000789929
-0.000789929
-0.000789929
-0.000755767
-0.000755767
-0.000755767
-0.000755767
-0.000755767
-0.000755767
-0.000755767
-0.000755767
-0.000755767
-0.000755767
-0.000755767
-0.000755767
-0.000755767
-0.000755767
-0.000755767
-0.000755767
-0.000755767
-0.000755767
-0.000755767
-0.000755767
-0.000755767
-0.000755767
-0.000755767
-0.000755767
-0.000695033
-0.000695033
-0.000695033
-0.000695033
-0.000695033
-0.000695033
-0.000695033
-0.000695033
-0.000695033
-0.000695033
-0.000695033
-0.000695033
-0.000695033
-0.000695033
-0.000695033
-0.000695033
-0.000695033
-0.000695033
-0.000695033
-0.000695033
-0.000695033
-0.000609327
-0.000609327
-0.000609327
-0.000609327
-0.000609327
-0.000609327
-0.000609327
-0.000609327
-0.000609327
-0.000609327
-0.000609327
-0.000609327
-0.000609327
-0.000609327
-0.000609327
-0.000609327
-0.000609327
-0.000609327
-0.000609327
-0.000609327
-0.000609327
-0.000609327
-0.000609327
-0.000609327
-0.000499807
-0.000499807
-0.000499807
-0.000499807
-0.000499807
-0.000499807
-0.000499807
-0.000499807
-0.000499807
-0.000499807
-0.000499807
-0.000499807
-0.000499807
-0.000499807
-0.000499807
-0.000499807
-0.000499807
-0.000499807
-0.000499807
-0.000499807
-0.000499807
-0.000499807
-0.000366822
-0.000366822
-0.000366822
-0.000366822
-0.000366822
-0.000366822
-0.000366822
-0.000366822
-0.000366822
-0.000366822
-0.000366822
-0.000366822
-0.000366822
-0.000366822
-0.000366822
-0.000366822
-0.000366822
-0.000366822
-0.000366822
-0.000366822
-0.000366822
-0.000366822
-0.000209472
-0.000209472
-0.000209472
-0.000209472
-0.000209472
-0.000209472
-0.000209472
-0.000209472
-0.000209472
-0.000209472
-0.000209472
-0.000209472
-0.000209472
-0.000209472
-0.000209472
-0.000209472
-0.000209472
-0.000209472
-0.000209472
-0.000209472
-0.000209472
-0.000209472
-2.5145e-05
-2.5145e-05
-2.5145e-05
-2.5145e-05
-2.5145e-05
-2.5145e-05
-2.5145e-05
-2.5145e-05
-2.5145e-05
-2.5145e-05
-2.5145e-05
-2.5145e-05
-2.5145e-05
-2.5145e-05
-2.5145e-05
-2.5145e-05
-2.5145e-05
-2.5145e-05
-2.5145e-05
-2.5145e-05
-2.5145e-05
0.000189876
0.000189876
0.000189876
0.000189876
0.000189876
0.000189876
0.000189876
0.000189876
0.000189876
0.000189876
0.000189876
0.000189876
0.000189876
0.000189876
0.000189876
0.000189876
0.000189876
0.000189876
0.000189876
0.000436989
0.000436989
0.000436989
0.000436989
0.000436989
0.000436989
0.000436989
0.000436989
0.000436989
0.000436989
0.000436989
0.000436989
0.000436989
0.000436989
0.000436989
0.000436989
0.000436989
0.000436989
0.000436989
0.000436989
0.000436989
0.000436989
0.000436989
0.000436989
0.000436989
0.000714642
0.000714642
0.000714642
0.000714642
0.000714642
0.000714642
0.000714642
0.000714642
0.000714642
0.000714642
0.000714642
0.000714642
0.000714642
0.000714642
0.000714642
0.000714642
0.000714642
0.000714642
0.000714642
0.000714642
0.000714642
0.000714642
0.000714642
0.000714642
0.0010216
0.0010216
0.0010216
0.0010216
0.0010216
0.0010216
0.0010216
0.0010216
0.0010216
0.0010216
0.0010216
0.0010216
0.0010216
0.0010216
0.0010216
0.0010216
0.0010216
0.0010216
0.0010216
0.0010216
0.0010216
0.0010216
0.0010216
0.0010216
0.00135823
0.00135823
0.00135823
0.00135823
0.00135823
0.00135823
0.00135823
0.00135823
0.00135823
0.00135823
0.00135823
0.00135823
0.00135823
0.00135823
0.00135823
0.00135823
0.00135823
0.00135823
0.00135823
0.00135823
0.00135823
0.00135823
0.00135823
0.00135823
0.00172644
0.00172644
0.00172644
0.00172644
0.00172644
0.00172644
0.00172644
0.00172644
0.00172644
0.00172644
0.00172644
0.00172644
0.00172644
0.00172644
0.00172644
0.00172644
0.00172644
0.00172644
0.00172644
0.00172644
0.00172644
0.00172644
0.00172644
0.00172644
0.00172644
0.0021294
0.0021294
0.0021294
0.0021294
0.0021294
0.0021294
0.0021294
0.0021294
0.0021294
0.0021294
0.0021294
0.0021294
0.0021294
0.0021294
0.0021294
0.0021294
0.0021294
0.0021294
0.0021294
0.0021294
0.0021294
0.0021294
0.0021294
0.0021294
0.00257131
0.00257131
0.00257131
0.00257131
0.00257131
0.00257131
0.00257131
0.00257131
0.00257131
0.00257131
0.00257131
0.00257131
0.00257131
0.00257131
0.00257131
0.00257131
0.00257131
0.00257131
0.00257131
0.00257131
0.00257131
0.00257131
0.00257131
0.00257131
0.00257131
0.00257131
0.00305707
0.00305707
0.00305707
0.00305707
0.00305707
0.00305707
0.00305707
0.00305707
0.00305707
0.00305707
0.00305707
0.00305707
0.00305707
0.00305707
0.00305707
0.00305707
0.00305707
0.00305707
0.00305707
0.00305707
0.00305707
0.00305707
0.00305707
0.00305707
0.00305707
0.00305707
0.0035919
0.0035919
0.0035919
0.0035919
0.0035919
0.0035919
0.0035919
0.0035919
0.0035919
0.0035919
0.0035919
0.0035919
0.0035919
0.0035919
0.0035919
0.0035919
0.0035919
0.0035919
0.0035919
0.0035919
0.0035919
0.0035919
0.0035919
0.0035919
0.0035919
0.0035919
0.00418084
0.00418084
0.00418084
0.00418084
0.00418084
0.00418084
0.00418084
0.00418084
0.00418084
0.00418084
0.00418084
0.00418084
0.00418084
0.00418084
0.00418084
0.00418084
0.00418084
0.00418084
0.00418084
0.00418084
0.00418084
0.00418084
0.00418084
0.00418084
0.00418084
0.00418084
0.00418084
0.0048282
0.0048282
0.0048282
0.0048282
0.0048282
0.0048282
0.0048282
0.0048282
0.0048282
0.0048282
0.0048282
0.0048282
0.0048282
0.0048282
0.0048282
0.0048282
0.0048282
0.0048282
0.0048282
0.0048282
0.0048282
0.0048282
0.0048282
0.0048282
0.0048282
0.00553688
0.00553688
0.00553688
0.00553688
0.00553688
0.00553688
0.00553688
0.00553688
0.00553688
0.00553688
0.00553688
0.00553688
0.00553688
0.00553688
0.00553688
0.00553688
0.00553688
0.00553688
0.00553688
0.00553688
0.00553688
0.00553688
0.00553688
0.00553688
0.00553688
0.00553688
0.00553688
0.00553688
0.00630777
0.00630777
0.00630777
0.00630777
0.00630777
0.00630777
0.00630777
0.00630777
0.00630777
0.00630777
0.00630777
0.00630777
0.00630777
0.00630777
0.00630777
0.00630777
0.00630777
0.00630777
0.00630777
0.00630777
0.00630777
0.00630777
0.00630777
0.00630777
0.00630777
0.00630777
0.00714103
0.00714103
0.00714103
0.00714103
0.00714103
0.00714103
0.00714103
0.00714103
0.00714103
0.00714103
0.00714103
0.00714103
0.00714103
0.00714103
0.00714103
0.00714103
0.00714103
0.00714103
0.00714103
0.00714103
0.00714103
0.00714103
0.00714103
0.00714103
0.00714103
0.00714103
0.00714103
0.00803852
0.00803852
0.00803852
0.00803852
0.00803852
0.00803852
0.00803852
0.00803852
0.00803852
0.00803852
0.00803852
0.00803852
0.00803852
0.00803852
0.00803852
0.00803852
0.00803852
0.00803852
0.00803852
0.00803852
0.00803852
0.00803852
0.00803852
0.00803852
0.00803852
0.00803852
0.00803852
0.00900366
0.00900366
0.00900366
0.00900366
0.00900366
0.00900366
0.00900366
0.00900366
0.00900366
0.00900366
0.00900366
0.00900366
0.00900366
0.00900366
0.00900366
0.00900366
0.00900366
0.00900366
0.00900366
0.00900366
0.00900366
0.00900366
0.00900366
0.00900366
0.00900366
0.00900366
0.00900366
0.00900366
0.0100403
0.0100403
0.0100403
0.0100403
0.0100403
0.0100403
0.0100403
0.0100403
0.0100403
0.0100403
0.0100403
0.0100403
0.0100403
0.0100403
0.0100403
0.0100403
0.0100403
0.0100403
0.0100403
0.0100403
0.0100403
0.0100403
0.0100403
0.0100403
0.0100403
0.0111522
0.0111522
0.0111522
0.0111522
0.0111522
0.0111522
0.0111522
0.0111522
0.0111522
0.0111522
0.0111522
0.0111522
0.0111522
0.0111522
0.0111522
0.0111522
0.0111522
0.0111522
0.0111522
0.0111522
0.0111522
0.0111522
0.0111522
0.0111522
0.0111522
0.0111522
0.0111522
0.0111522
0.0123435
0.0123435
0.0123435
0.0123435
0.0123435
0.0123435
0.0123435
0.0123435
0.0123435
0.0123435
0.0123435
0.0123435
0.0123435
0.0123435
0.0123435
0.0123435
0.0123435
0.0123435
0.0123435
0.0123435
0.0123435
0.0123435
0.0123435
0.0123435
0.0123435
0.0123435
0.0123435
0.0123435
0.0123435
0.0123435
0.0136178
0.0136178
0.0136178
0.0136178
0.0136178
0.0136178
0.0136178
0.0136178
0.0136178
0.0136178
0.0136178
0.0136178
0.0136178
0.0136178
0.0136178
0.0136178
0.0136178
0.0136178
0.0136178
0.0136178
0.0136178
0.0136178
0.0136178
0.0136178
0.0136178
0.0136178
0.0136178
0.0136178
0.0149789
0.0149789
0.0149789
0.0149789
0.0149789
0.0149789
0.0149789
0.0149789
0.0149789
0.0149789
0.0149789
0.0149789
0.0149789
0.0149789
0.0149789
0.0149789
0.0149789
0.0149789
0.0149789
0.0149789
0.0149789
0.0149789
0.0149789
0.0149789
0.0149789
0.0149789
0.0149789
0.0164298
0.0164298
0.0164298
0.0164298
0.0164298
0.0164298
0.0164298
0.0164298
0.0164298
0.0164298
0.0164298
0.0164298
0.0164298
0.0164298
0.0164298
0.0164298
0.0164298
0.0164298
0.0164298
0.0164298
0.0164298
0.0164298
0.0164298
0.0164298
0.0164298
0.0164298
0.0179733
0.0179733
0.0179733
0.0179733
0.0179733
0.0179733
0.0179733
0.0179733
0.0179733
0.0179733
0.0179733
0.0179733
0.0179733
0.0179733
0.0179733
0.0179733
0.0179733
0.0179733
0.0179733
0.0179733
0.0179733
0.0179733
0.0179733
0.0179733
0.0196122
0.0196122
0.0196122
0.0196122
0.0196122
0.0196122
0.0196122
0.0196122
0.0196122
0.0196122
0.0196122
0.0196122
0.0196122
0.0196122
0.0196122
0.0196122
0.0196122
0.0196122
0.0196122
0.0196122
0.0196122
0.0196122
0.0196122
0.0196122
0.0196122
0.0196122
0.0213511
0.0213511
0.0213511
0.0213511
0.0213511
0.0213511
0.0213511
0.0213511
0.0213511
0.0213511
0.0213511
0.0213511
0.0213511
0.0213511
0.0213511
0.0213511
0.0213511
0.0213511
0.0213511
0.0213511
0.0213511
0.0213511
0.0213511
0.0213511
0.0213511
0.0231955
0.0231955
0.0231955
0.0231955
0.0231955
0.0231955
0.0231955
0.0231955
0.0231955
0.0231955
0.0231955
0.0231955
0.0231955
0.0231955
0.0231955
0.0231955
0.0231955
0.0231955
0.0231955
0.0231955
0.0231955
0.027204
0.027204
0.0251496
0.0251496
0.0293446
0.0293446
0.0293346
0.0293237
0.0293346
0.0293446
0.029312
0.0292994
0.0315958
0.0292994
0.0315958
0.0315821
0.0315673
0.0315673
0.0315514
0.0315514
0.0339304
0.0339304
0.0498179
0.0597194
0.0597194
0.0597194
0.0597194
0.0597194
0.0597194
0.0636053
0.0634265
0.0634265
0.0673002
0.0674899
0.0673002
0.0673002
0.0713429
0.0673002
0.0713429
0.0713429
0.0711235
0.0713429
0.0755558
0.0755558
0.0938964
0.128356
0.128356
0.128356
0.128356
0.128356
0.128356
0.128356
0.135237
0.135237
0.135237
0.128356
0.135237
0.135237
0.142341
0.142341
0.142341
0.149286
0.110264
0.149286
0.149286
0.141966
0.141966
0.141966
0.142341
0.142341
0.142341
0.142341
0.141966
0.141966
0.141966
0.141966
0.149286
0.149286
0.149286
0.156767
0.104689
0.104689
0.104689
0.0993336
