-0.171273
-0.171273
-0.171273
-0.171273
-0.171273
-0.131944
-0.171273
-0.168616
-0.171273
-0.171273
-0.168616
-0.131944
-0.171273
-0.171273
-0.171273
-0.171273
-0.171273
-0.171273
-0.171273
-0.168616
-0.171273
-0.168616
-0.171273
-0.131944
-0.171273
-0.171273
-0.171273
-0.168616
-0.131944
-0.171273
-0.171273
-0.171273
-0.171273
-0.171273
-0.131944
-0.171273
-0.171273
-0.0952791
-0.171273
-0.168616
-0.171273
-0.171273
-0.131944
-0.171273
-0.171273
-0.131944
-0.131944
-0.171273
-0.171273
-0.168616
-0.131944
-0.171273
-0.131944
-0.168616
-0.171273
-0.171273
-0.171273
-0.131944
-0.0952791
-0.171273
-0.168616
-0.171273
-0.171273
-0.171273
-0.131944
-0.171273
-0.171273
-0.131944
-0.171273
-0.171273
-0.0952791
-0.171273
-0.171273
-0.171273
-0.168616
-0.171273
-0.171273
-0.171273
-0.168616
-0.131944
-0.171273
-0.171273
-0.171273
-0.171273
-0.171273
-0.168616
-0.131944
-0.171273
-0.171273
-0.171273
-0.171273
-0.0952791
-0.171273
-0.168616
-0.168616
-0.168616
-0.171273
-0.168616
-0.171273
-0.171273
-0.168616
-0.171273
-0.171273
-0.171273
-0.171273
-0.171273
-0.131944
-0.171273
-0.171273
-0.171273
-0.171273
-0.171273
-0.171273
-0.131944
-0.171273
-0.168616
-0.171273
-0.171273
-0.171273
-0.131944
-0.171273
-0.171273
-0.168616
-0.171273
-0.171273
-0.171273
-0.171273
-0.131944
-0.171273
-0.171273
-0.171273
-0.171273
-0.171273
-0.171273
-0.171273
-0.171273
-0.171273
-0.168616
-0.171273
-0.171273
-0.171273
-0.171273
-0.168616
-0.171273
-0.171273
-0.171273
-0.131944
-0.171273
-0.131944
-0.171273
-0.168616
-0.171273
-0.168616
-0.171273
-0.171273
-0.171273
-0.171273
-0.171273
-0.0952791
-0.171273
-0.131944
-0.171273
-0.171273
-0.171273
-0.131944
-0.168616
-0.171273
-0.171273
-0.171273
-0.171273
-0.171273
-0.171273
-0.171273
-0.171273
-0.171273
-0.171273
-0.171273
-0.171273
-0.171273
-0.171273
-0.171273
-0.171273
-0.171273
-0.171273
-0.171273
-0.168616
-0.131944
-0.131944
-0.131944
-0.168616
-0.171273
-0.168616
-0.171273
-0.0952791
-0.168616
-0.171273
-0.171273
-0.171273
-0.131944
-0.171273
-0.171273
-0.168616
-0.171273
-0.171273
-0.171273
-0.171273
-0.171273
-0.168616
-0.171273
-0.171273
-0.171273
-0.0952791
-0.171273
-0.171273
-0.171273
-0.171273
-0.171273
-0.171273
-0.171273
-0.171273
-0.171273
-0.171273
-0.171273
-0.171273
-0.171273
-0.171273
-0.171273
-0.131944
-0.171273
-0.171273
-0.171273
-0.168616
-0.171273
-0.171273
-0.171273
-0.171273
-0.171273
-0.171273
-0.171273
-0.131944
-0.131944
-0.171273
-0.171273
-0.131944
-0.171273
-0.171273
-0.171273
-0.131944
-0.171273
-0.171273
-0.171273
-0.131944
-0.171273
-0.171273
-0.171273
-0.131944
-0.171273
-0.171273
-0.171273
-0.171273
-0.171273
-0.171273
-0.0952791
-0.168616
-0.171273
-0.171273
-0.171273
-0.171273
-0.171273
-0.131944
-0.171273
-0.171273
-0.171273
-0.131944
-0.168616
-0.171273
-0.171273
-0.171273
-0.171273
-0.171273
-0.171273
-0.131944
-0.171273
-0.168616
-0.171273
-0.171273
-0.131944
-0.131944
-0.131944
-0.171273
-0.168616
-0.171273
-0.168616
-0.171273
-0.171273
-0.171273
-0.171273
-0.171273
-0.171273
-0.171273
-0.171273
-0.171273
-0.171273
-0.171273
-0.171273
-0.171273
-0.171273
-0.171273
-0.171273
-0.171273
-0.171273
-0.171273
-0.171273
-0.131944
-0.168616
-0.168616
-0.171273
-0.171273
-0.171273
-0.171273
-0.171273
-0.171273
-0.171273
-0.171273
-0.171273
-0.171273
-0.168616
-0.0952791
-0.171273
-0.171273
-0.171273
-0.171273
-0.171273
-0.131944
-0.168616
-0.171273
-0.171273
-0.171273
-0.171273
-0.171273
-0.171273
-0.171273
-0.171273
-0.171273
-0.171273
-0.131944
-0.131944
-0.0952791
-0.171273
-0.171273
-0.171273
-0.171273
-0.171273
-0.171273
-0.171273
-0.171273
-0.171273
-0.171273
-0.131944
-0.171273
-0.171273
-0.171273
-0.171273
-0.131944
-0.168616
-0.171273
-0.171273
-0.171273
-0.168616
-0.171273
-0.171273
-0.171273
-0.171273
-0.171273
-0.0952791
-0.171273
-0.171273
-0.171273
-0.171273
-0.171273
-0.131944
-0.171273
-0.171273
-0.171273
-0.131944
-0.131944
-0.0952791
-0.168616
-0.171273
-0.131944
-0.171273
-0.131944
-0.168616
-0.171273
-0.171273
-0.168616
-0.131944
-0.171273
-0.168616
-0.171273
-0.171273
-0.171273
-0.171273
-0.171273
-0.168616
-0.168616
-0.171273
-0.171273
-0.171273
-0.131944
-0.171273
-0.171273
-0.171273
-0.171273
-0.168616
-0.171273
-0.171273
-0.168616
-0.171273
-0.171273
-0.171273
-0.131944
-0.0952791
-0.171273
-0.171273
-0.171273
-0.171273
-0.171273
-0.171273
-0.171273
-0.171273
-0.168616
-0.171273
-0.171273
-0.171273
-0.171273
-0.171273
-0.171273
-0.131944
-0.171273
-0.131944
-0.0952791
-0.171273
-0.171273
-0.171273
-0.171273
-0.171273
-0.171273
-0.171273
-0.171273
-0.171273
-0.171273
-0.171273
-0.171273
-0.171273
-0.131944
-0.171273
-0.168616
-0.171273
-0.171273
-0.168616
-0.131944
-0.131944
-0.131944
-0.131944
-0.131944
-0.171273
-0.171273
-0.168616
-0.171273
-0.171273
-0.0952791
-0.171273
-0.171273
-0.171273
-0.171273
-0.168616
-0.168616
-0.131944
-0.171273
-0.171273
-0.168616
-0.171273
-0.171273
-0.171273
-0.171273
-0.171273
-0.171273
-0.131944
-0.171273
-0.171273
-0.168616
-0.171273
-0.171273
-0.171273
-0.131944
-0.131944
-0.171273
-0.171273
-0.171273
-0.168616
-0.0952791
-0.171273
-0.168616
-0.171273
-0.168616
-0.171273
-0.171273
-0.171273
-0.171273
-0.168616
-0.171273
-0.171273
-0.168616
-0.131944
-0.171273
-0.171273
-0.171273
-0.168616
-0.168616
-0.168616
-0.168616
-0.171273
-0.168616
-0.171273
-0.171273
-0.171273
-0.168616
-0.171273
-0.171273
-0.171273
-0.168616
-0.171273
-0.171273
-0.168616
-0.171273
-0.131944
-0.131944
-0.168616
-0.171273
-0.171273
-0.171273
-0.171273
-0.171273
-0.171273
-0.0952791
-0.131944
-0.171273
-0.171273
-0.171273
-0.131944
-0.171273
-0.168616
-0.171273
-0.171273
-0.168616
-0.171273
-0.171273
-0.171273
-0.131944
-0.171273
-0.171273
-0.171273
-0.171273
-0.171273
-0.171273
-0.171273
-0.168616
-0.171273
-0.171273
-0.171273
-0.171273
-0.171273
-0.171273
-0.171273
-0.171273
-0.171273
-0.168616
-0.171273
-0.171273
-0.171273
-0.0952791
-0.171273
-0.0952791
-0.171273
-0.171273
-0.171273
-0.171273
-0.171273
-0.171273
-0.171273
-0.171273
-0.171273
-0.131944
-0.171273
-0.171273
-0.171273
-0.171273
-0.171273
-0.171273
-0.171273
-0.168616
-0.171273
-0.171273
-0.171273
-0.171273
-0.171273
-0.171273
-0.171273
-0.171273
-0.168616
-0.171273
-0.171273
-0.171273
-0.131944
-0.171273
-0.0952791
-0.131944
-0.171273
-0.171273
-0.168616
-0.131944
-0.171273
-0.171273
-0.171273
-0.171273
-0.171273
-0.168616
-0.168616
-0.171273
-0.171273
-0.171273
-0.171273
-0.171273
-0.171273
-0.171273
-0.131944
-0.171273
-0.131944
-0.131944
-0.171273
-0.0952791
-0.171273
-0.171273
-0.171273
-0.171273
-0.168616
-0.171273
-0.171273
-0.131944
-0.171273
-0.171273
-0.171273
-0.168616
-0.171273
-0.0952791
-0.171273
-0.171273
-0.171273
-0.171273
-0.171273
-0.171273
-0.171273
-0.171273
-0.171273
-0.171273
-0.171273
-0.171273
-0.171273
-0.131944
-0.131944
-0.131944
-0.171273
-0.171273
-0.131944
-0.131944
-0.171273
-0.171273
-0.171273
-0.171273
-0.171273
-0.171273
-0.171273
-0.168616
-0.168616
-0.131944
-0.171273
-0.168616
-0.171273
-0.171273
-0.0952791
-0.171273
-0.171273
-0.131944
-0.171273
-0.131944
-0.131944
-0.171273
-0.171273
-0.171273
-0.171273
-0.171273
-0.168616
-0.171273
-0.171273
-0.131944
-0.171273
-0.171273
-0.171273
-0.171273
-0.171273
-0.171273
-0.171273
-0.171273
-0.168616
-0.131944
-0.171273
-0.171273
-0.171273
-0.171273
-0.171273
-0.171273
-0.171273
-0.171273
-0.168616
-0.171273
-0.171273
-0.171273
-0.171273
-0.168616
-0.171273
-0.171273
-0.171273
-0.0952791
-0.171273
-0.168616
-0.171273
-0.171273
-0.171273
-0.171273
-0.171273
-0.171273
-0.171273
-0.171273
-0.171273
-0.171273
-0.171273
-0.171273
-0.171273
-0.171273
-0.171273
-0.171273
-0.168616
-0.171273
-0.171273
-0.171273
-0.171273
-0.171273
-0.171273
-0.171273
-0.171273
-0.171273
-0.171273
-0.171273
-0.171273
-0.171273
-0.171273
-0.171273
-0.171273
-0.171273
-0.171273
-0.171273
-0.131944
-0.131944
-0.131944
-0.171273
-0.171273
-0.171273
-0.171273
-0.168616
-0.171273
-0.168616
-0.168616
-0.168616
-0.171273
-0.171273
-0.131944
-0.171273
-0.131944
-0.171273
-0.171273
-0.171273
-0.131944
-0.171273
-0.171273
-0.168616
-0.168616
-0.171273
-0.171273
-0.171273
-0.171273
-0.171273
-0.171273
-0.0952791
-0.131944
-0.171273
-0.168616
-0.171273
-0.171273
-0.0952791
-0.168616
-0.168616
-0.168616
-0.171273
-0.171273
-0.171273
-0.171273
-0.171273
-0.171273
-0.171273
-0.171273
-0.171273
-0.171273
-0.171273
-0.171273
-0.171273
-0.171273
-0.171273
-0.171273
-0.168616
-0.171273
-0.171273
-0.0952791
-0.168616
-0.171273
-0.171273
-0.168616
-0.168616
-0.171273
-0.171273
-0.131944
-0.171273
-0.168616
-0.171273
-0.171273
-0.168616
-0.171273
-0.171273
-0.171273
-0.171273
-0.171273
-0.171273
-0.168616
-0.131944
-0.171273
-0.131944
-0.168616
-0.131944
-0.131944
-0.168616
-0.171273
-0.171273
-0.171273
-0.171273
-0.171273
-0.168616
-0.168616
-0.171273
-0.168616
-0.0952791
-0.171273
-0.168616
-0.171273
-0.171273
-0.131944
-0.171273
-0.171273
-0.171273
-0.131944
-0.168616
-0.171273
-0.171273
-0.131944
-0.171273
-0.171273
-0.171273
-0.171273
-0.171273
-0.131944
-0.131944
-0.171273
-0.171273
-0.171273
-0.171273
-0.168616
-0.171273
-0.171273
-0.171273
-0.171273
-0.171273
-0.171273
-0.171273
-0.171273
-0.131944
-0.171273
-0.171273
-0.168616
-0.171273
-0.0952791
-0.171273
-0.171273
-0.171273
-0.131944
-0.171273
-0.171273
-0.171273
-0.0952791
-0.131944
-0.171273
-0.171273
-0.171273
-0.171273
-0.168616
-0.171273
-0.171273
-0.171273
-0.171273
-0.171273
-0.168616
-0.131944
-0.131944
-0.0952791
-0.171273
-0.171273
-0.131944
-0.171273
-0.168616
-0.171273
-0.131944
-0.171273
-0.171273
-0.131944
-0.171273
-0.171273
-0.171273
-0.171273
-0.171273
-0.171273
-0.171273
-0.171273
-0.171273
-0.171273
-0.168616
-0.171273
-0.171273
-0.168616
-0.168616
-0.171273
-0.171273
-0.171273
-0.168616
-0.171273
-0.171273
-0.171273
-0.131944
-0.168616
-0.171273
-0.171273
-0.171273
-0.171273
-0.0952791
-0.171273
-0.168616
-0.171273
-0.0952791
-0.171273
-0.171273
-0.171273
-0.168616
-0.171273
-0.131944
-0.171273
-0.171273
-0.171273
-0.171273
-0.171273
-0.131944
-0.171273
-0.168616
-0.171273
-0.131944
-0.168616
-0.168616
-0.171273
-0.131944
-0.171273
-0.168616
-0.168616
-0.131944
-0.171273
-0.00662144
0.0683789
0.0106169
0.0135249
-0.0807537
0.189403
0.0551255
0.152245
-0.0384739
-0.029584
0.152245
0.189403
-0.00132274
-0.0516044
-0.0809837
-0.0407513
-0.0749905
-0.0250954
-0.00493661
0.152245
0.0828783
0.152245
-0.043257
0.176268
-0.0179142
-0.0516044
-0.0869398
0.152245
0.176268
-0.064623
-0.0183846
-0.0427252
0.0537808
-0.0245867
0.175878
-0.0599684
0.0244309
0.203863
0.0455986
0.164031
-0.0443668
-0.0599684
0.189403
-0.0289629
-0.00766196
0.189403
0.189403
0.00656907
-0.00607636
0.163644
0.203504
0.00921491
0.176268
0.141626
-0.0935787
-0.0807537
0.0710031
0.189403
0.203863
0.00921491
0.163644
-0.0556359
-0.100938
-0.0174426
0.176268
-0.0749905
-0.0411251
0.203504
-0.0447363
-0.0450974
0.203504
-0.0221598
-0.0556359
-0.0696222
0.164031
0.0469615
-0.0407513
0.0127828
0.141626
0.176268
-0.0416684
0.0313592
-0.0283652
-0.0245867
-0.0463606
0.152245
0.203504
0.0577422
-0.0556359
0.0113308
0.0510631
0.203504
-0.00766196
0.141626
0.152245
0.152245
-0.0752184
0.152245
0.00991091
-0.0411251
0.141626
-0.0277889
-0.0696222
-0.0809837
-0.0437135
0.0106169
0.176268
-0.0374389
-0.100938
0.00168354
0.0158613
-0.0478542
-0.064623
0.176268
-0.0160123
0.152245
0.0602442
0.01845
-0.0140644
0.176268
-0.0752184
-0.0459123
0.152245
-0.0871718
0.0551255
-0.0401176
-0.0556359
0.203863
-0.0938125
-0.0807537
-0.0807537
-0.0384739
-0.0516044
-0.0463978
-0.0556359
-0.0283652
0.0278114
0.141626
-0.0302341
-0.0432571
-0.043868
0.0127828
0.141626
-0.00662144
-0.100938
-0.0478542
0.203504
-0.0331409
0.176268
0.0469615
0.152245
-0.037875
0.141626
-0.0266826
-0.00374569
-0.0871718
0.0325711
0.0158613
0.203504
-0.0599684
0.189403
0.0266605
-0.0556359
-0.0696222
0.176268
0.141626
-0.0331409
-0.037875
-0.0935787
-0.0749905
-0.0145544
0.0363241
-0.0556359
0.0142824
0.0193781
0.0266605
0.00532196
0.0113308
-0.0696222
0.0389172
0.00107837
0.00107837
-0.0456996
0.0135249
0.0350531
0.163644
0.189403
0.203504
0.203863
0.141626
-0.0696222
0.152245
0.0266605
0.203504
0.164031
-0.0599684
-0.0160123
-0.0807537
0.189403
-0.0871718
-0.0456996
0.164031
0.0289801
-0.0478542
-0.0807537
-0.0749905
0.0703944
0.152245
0.00107837
0.0800536
-0.00132274
0.203863
-0.029584
-0.0807537
0.00471006
-0.0599684
-0.0197973
-0.0443668
0.0278114
-0.0289629
-0.0599684
-0.0212172
-0.0272298
0.0524249
-0.0309191
-0.0599684
-0.0418943
0.189403
-0.0465404
0.0483287
-0.0556359
0.163644
-0.0407513
-0.0393673
-0.0807537
-0.0164922
-0.0309191
-0.00551427
-0.0869398
0.176268
0.176268
-0.0938125
0.0113308
0.175878
0.0510631
-0.0395749
-0.0456996
0.176268
0.0150596
-0.0443715
-0.0451323
0.176268
0.0688333
-0.064623
-0.00816472
0.176268
-0.0809837
-0.051361
0.0338019
0.0255321
-0.0441273
-0.0445717
0.203863
0.163644
0.0266605
0.00532196
-0.064623
-0.0245867
-0.064623
0.176268
-0.0302341
0.0289801
-0.0516044
0.189403
0.141626
-0.0450974
-0.0807537
-0.0556359
-0.0135747
-0.0463982
-0.0411251
0.189403
-0.0309191
0.163644
-0.0696222
-0.0256144
0.189403
0.176268
0.203504
0.0266605
0.164031
-0.032378
0.152245
0.0402339
-0.064623
-0.064623
-0.00662144
0.0729753
-0.064623
-0.0807537
-0.037875
-0.0807537
-0.0871718
0.0673451
0.0325711
-0.00966928
0.00853166
0.0389172
0.0510631
-0.0411251
-0.064623
0.017554
-0.029584
0.189403
0.163644
0.118413
-0.0212172
0.00991091
-0.0599684
-0.0197973
-0.0478542
-0.0197973
0.0469615
-0.0331409
-0.0407513
-0.0245867
0.152245
0.218643
-0.0443668
-0.0443668
0.0389172
-0.0599684
0.0266605
0.176268
0.152245
0.0213147
0.0402339
-0.0339279
-0.0160123
-0.0289629
-0.0174426
0.0244309
-0.0807537
0.0193781
-0.0807537
0.176268
0.176268
0.203504
-0.0450517
-0.0807537
-0.0450974
-0.0443668
0.0703944
-0.0516044
-0.100938
0.0627381
-0.00434595
-0.0106602
0.189403
-0.0938125
0.0233604
-0.0871718
0.0193781
0.203504
0.152245
-0.026144
-0.043496
-0.0459123
0.141626
-0.0749905
-0.0433808
0.0510631
-0.00766196
-0.0197973
0.203863
-0.0316363
0.0496969
-0.0752184
-0.0463474
-0.100938
0.203504
-0.064623
-0.037875
-0.0443715
0.176268
0.189403
0.219
0.152245
0.0496969
0.176268
-0.043944
0.176268
0.152245
-0.0272298
0.0350531
0.163644
0.189403
0.00471006
0.088563
-0.0450517
-0.0216888
0.0193781
-0.0416043
-0.00816472
0.164031
0.152245
-0.0202706
0.0577422
-0.043496
0.189403
-0.0193253
0.0363241
-0.0807537
-0.0235957
0.141626
-0.0245867
-0.0464284
0.163644
0.0524249
-0.026144
-0.0411251
0.189403
0.203504
-0.0599684
-0.0752184
-0.0272298
-0.0448282
-0.0458546
0.00921491
-0.0188546
0.0255321
0.163644
-0.064623
-0.0408866
-0.043257
-0.0365472
0.0701087
-0.0556359
0.176268
-0.0451323
0.176268
0.203504
0.0770387
-0.0226329
-0.00132274
-0.0435949
-0.0145544
0.0564487
0.0627381
-0.0453901
-0.0809837
-0.0463606
-0.00253187
-0.0458546
-0.00253187
0.176268
-0.0599684
0.152245
0.0483287
-0.0462049
0.163644
0.176268
0.203504
0.175878
0.176268
0.176268
-0.0174426
-0.0302341
0.164031
-0.0179142
-0.0183846
0.203863
-0.064623
-0.0413404
-0.0599684
-0.0807537
0.152245
0.152245
0.176268
-0.0462674
0.042897
0.152245
-0.0696222
-0.0437947
0.01845
-0.0869398
-0.0347399
-0.0455125
0.176268
0.0142824
-0.0407161
0.163644
-0.0871718
-0.0316363
-0.042795
0.189403
0.175878
0.030163
-0.0433808
-0.0871718
0.152245
0.203504
-0.0556359
0.0847776
-0.0556359
0.163644
0.0278114
0.00786302
0.0313592
-0.0339279
0.152245
-0.0556359
-0.0516044
0.163644
0.176268
-0.0809837
-0.0408866
-0.0289629
0.164031
0.152245
0.141626
0.141626
-0.047613
0.141626
-0.0516044
0.0127828
0.0703944
0.164031
-0.0599684
-0.0935787
-0.0696222
0.163644
0.0455986
-0.0407513
0.152245
-0.0416684
0.189403
0.176268
0.164031
-0.0809837
-0.0374389
-0.0556359
-0.0807537
-0.041369
-0.0339279
0.203504
0.189403
0.0537808
-0.0465072
0.000474669
0.189403
-0.047613
0.164031
-0.0478542
-0.045449
0.111886
-0.0439993
-0.032378
-0.0407513
0.189403
-0.0433808
-0.0809837
0.00921491
0.0402339
0.0510631
-0.0516044
-0.0221598
0.164031
0.0266605
-0.0696222
0.0577422
-0.0516044
-0.00766196
-0.0516044
0.0350531
-0.0331409
-0.0696222
0.163644
-0.0599684
-0.064623
0.0289801
0.203863
-0.0272298
0.203863
0.0510631
-0.032378
-0.0516044
-0.0696222
-0.064623
-0.0164922
0.0255321
-0.0556359
-0.0696222
0.189403
-0.0448282
0.0313592
0.00991091
-0.0256144
0.0223221
-0.0465404
-0.0869398
0.163644
-0.037875
-0.0432522
-0.0599684
0.0803796
-0.0556359
-0.0749905
-0.0409032
-0.0283652
0.0875303
-0.0938125
-0.0478542
-0.0807537
0.189403
-0.0516044
0.203504
0.203504
-0.0111492
-0.0347399
0.152245
0.176268
0.0551255
-0.00253187
-0.0465404
0.0244309
-0.0599684
0.152245
0.0967393
0.030163
-0.00493661
-0.0408866
-0.047613
-0.00434595
-0.0385252
0.00786302
0.203504
0.0022887
0.189403
0.189403
-0.0431422
0.203863
0.030163
-0.0277889
-0.0869398
0.0289801
0.164031
-0.0516044
0.0671296
0.189403
-0.029584
-0.046578
-0.000723693
0.163644
-0.0809837
0.203504
-0.0416684
-0.037875
-0.0441273
0.0313592
-0.0408866
-0.0316363
-0.0381129
0.0710863
-0.0466219
-0.0443668
-0.0809837
-0.032378
-0.0599684
0.176268
0.176268
0.203504
-0.0289629
-0.0384739
0.189403
0.189403
-0.0599684
0.0455986
0.0389172
-0.0289629
-0.043652
-0.047613
0.0193781
0.152245
0.163644
0.176268
-0.0374046
0.163644
-0.0441273
-0.0441273
0.203863
-0.029584
-0.00866588
0.189403
-0.0462674
0.176268
0.189403
-0.0516044
0.017554
-0.0871718
-0.0556359
-0.0256144
0.152245
-0.0696222
-0.064623
0.189403
-0.0871718
-0.0516044
0.000474669
-0.0599684
-0.0372024
-0.0381129
-0.0381129
-0.0938125
0.0966639
0.203504
-0.0443668
0.0389172
-0.0938125
0.0510631
-0.0749905
0.00991091
-0.0938125
0.0213147
0.0897082
-0.0462674
-0.0413093
-0.0696222
-0.00607636
0.152245
0.0244309
0.0363241
-0.0385747
0.203863
0.0660026
0.163644
-0.0599684
0.00107837
-0.0935787
-0.0696222
-0.0106602
0.0338019
0.0363241
0.00107837
-0.0197973
-0.0516044
0.0223221
0.0142824
-0.0556359
-0.0202706
-0.0807537
-0.0437883
0.164031
-0.035571
-0.0283652
-0.0871718
0.0255321
0.0469615
-0.0448282
0.0524249
-0.035571
0.0325711
0.0213147
0.00410265
-0.0938125
-0.0145544
-0.00816472
0.0705949
-0.0197973
-0.0435949
-0.035571
-0.0696222
0.176268
0.189403
0.176268
-0.0331409
0.0193781
-0.0443668
0.00349761
0.152245
-0.0111492
0.141626
0.163644
0.163644
0.00594079
-0.0938125
0.203504
0.0028933
0.203504
0.00720918
-0.0289629
-0.0516044
0.203504
0.0389172
-0.00816472
0.152245
0.10225
-0.0516044
-0.045369
-0.046578
-0.0869398
0.0455986
-0.0316363
0.203504
0.176268
-0.0316363
0.152245
0.000474669
0.0022887
0.203504
0.141626
0.152245
0.164031
0.0313592
-0.0461507
-0.0155292
-0.0696222
-0.0442641
0.0577422
-0.000125766
-0.0207442
-0.0365472
-0.0216888
-0.015043
-0.0696222
0.0255321
-0.026144
-0.0443668
0.0325711
0.164031
-0.0599684
-0.042795
0.203504
0.152245
-0.0179142
-0.0121183
0.163644
0.164031
-0.0749905
0.0289801
0.189403
0.00786302
0.163644
0.0213147
-0.0188546
0.152245
0.042897
0.0738852
0.0350531
-0.0408866
-0.0431422
-0.00493661
0.163644
0.176268
-0.0409032
0.189403
0.163644
0.189403
0.176268
0.163644
0.0455986
-0.0188546
-0.0309191
0.0442431
-0.0140644
0.141626
0.163644
-0.0411251
0.163644
0.203863
-0.0339279
0.164031
-0.0450094
0.00853166
0.176268
-0.0250954
-0.0696222
0.0223221
0.189403
0.164031
-0.0140644
-0.037875
0.176268
-0.00966928
0.0255321
-0.00493661
-0.035571
-0.0599684
0.203504
0.189403
0.0213147
-0.0478542
-0.037875
0.01845
0.163644
-0.0381129
-0.0871718
0.0350531
0.0223221
-0.00966928
-0.044136
0.0150596
0.0203341
0.189403
0.0363241
0.00656907
0.152245
-0.0316363
0.203863
-0.0599684
-0.0411251
-0.0599684
0.176268
-0.0384739
-0.0516044
0.0660026
0.203863
0.176268
-0.00434595
0.00410265
-0.0212172
-0.0807537
0.163644
-0.041369
0.00532196
-0.00966928
0.0402339
0.0627381
0.141626
0.189403
0.189403
0.203863
-0.0432522
-0.0408866
0.203504
0.0537808
0.152245
-0.00313971
0.203504
0.0313592
0.0741077
0.176268
-0.0458294
-0.0935787
-0.0385252
0.0278114
-0.0193253
0.0577422
-0.0019255
-0.0309191
0.0338019
-0.0807537
0.163644
0.0376131
-0.0807537
0.141626
0.152245
-0.0266826
-0.015043
-0.00866588
0.152245
0.0113308
0.0266605
0.0402339
0.176268
0.152245
-0.0696222
-0.0749905
-0.0478542
-0.0339279
0.203863
-0.0381129
0.152245
0.0166917
0.203863
0.0255321
0.0469615
-0.0516044
0.141626
-0.0599684
0.203504
-0.032378
0.0376131
0.0703944
-0.0451323
-0.0599684
0.203504
-0.0869398
0.141626
-0.0283652
0.176268
0.152245
0.141626
-0.0462674
0.189403
-0.0289629
0.152245
0.141626
0.203504
-0.0696222
