-4.98335
-4.98335
-4.98335
-4.98335
-4.98335
-4.98335
-4.98335
-4.98335
-4.98335
-4.98335
-4.98335
-4.98335
-4.98335
-4.98335
-4.98335
-4.98335
-4.98335
-4.98335
-4.98335
-4.98335
-4.98335
-4.98335
-4.98335
-4.98335
-4.98335
-4.98335
-4.98335
-4.98335
-4.98335
-4.98335
-4.98335
-4.98335
-4.98335
-4.98335
-4.98335
-4.98335
-4.98335
-4.98335
-4.98335
-4.98335
-4.98335
-4.98335
-4.98335
-4.98335
-4.98335
-4.98335
-4.98335
-4.98335
-4.98335
-4.98335
-4.98335
-4.98335
-4.98335
-4.98335
-4.98335
-4.98335
-4.98335
-4.98335
-4.98335
-4.98335
-4.98335
-4.98335
-4.98335
-4.98335
-4.98335
-4.98335
-4.98335
-4.98335
-4.98335
-4.98335
-4.98335
-4.98335
-4.98335
-4.98335
-4.98335
-4.98335
-4.98335
-4.98335
-4.98335
-4.98335
-4.98335
-4.98335
-4.98335
-4.98335
-4.98335
-4.98335
-4.98335
-4.98335
-4.98335
-4.98335
-4.98335
-4.98335
-4.98335
-4.98335
-4.98335
-4.98335
-4.98335
-4.98335
-4.98335
-4.98335
-4.98335
-4.98335
-4.98335
-4.98335
-4.98335
-4.98335
-4.98335
-4.98335
-4.98335
-4.98335
-4.98335
-4.98335
-4.98335
-4.98335
-4.98335
-4.98335
-4.98335
-4.98335
-4.98335
-4.98335
-4.98335
-4.98335
-4.98335
-4.98335
-4.98335
-4.98335
-4.98335
-4.98335
-4.98335
-4.98335
-4.98335
-4.98335
-4.98335
-4.98335
-4.98335
-4.98335
-4.98335
-4.98335
-4.98335
-4.98335
-4.98335
-4.98335
-4.98335
-4.98335
-4.98335
-4.98335
-4.98335
-4.98335
-4.98335
-4.98335
-4.98335
-4.98335
-4.98335
-4.98335
-4.98335
-4.98335
-4.98335
-4.98335
-4.98335
-4.98335
-4.98335
-4.98335
-4.98335
-4.98335
-4.98335
-4.98335
-4.98335
-4.98335
-4.98335
-4.98335
-4.98335
-4.98335
-4.98335
-4.98335
-4.98335
-4.98335
-4.98335
-4.98335
-4.98335
-4.98335
-4.98335
-4.98335
-4.98335
-4.98335
-4.98335
-4.98335
-4.98335
-4.98335
-4.98335
-4.98335
-4.98335
-4.98335
-4.98335
-4.98335
-4.98335
-4.98335
-4.98335
-4.98335
-4.98335
-4.98335
-4.98335
-4.98335
-4.98335
-4.98335
-4.98335
-4.98335
-4.98335
-4.98335
-4.98335
-4.98335
-4.98335
-4.98335
-4.98335
-4.98335
-4.98335
-4.98335
-4.98335
-4.98335
-4.98335
-4.98335
-4.98335
-4.98335
-4.98335
-4.98335
-4.98335
-4.98335
-4.98335
-4.98335
-4.98335
-4.98335
-4.98335
-4.98335
-4.98335
-4.98335
-4.98335
-4.98335
-4.98335
-4.98335
-4.98335
-4.98335
-4.98335
-4.98335
-4.98335
-4.98335
-4.98335
-4.98335
-4.98335
-4.98335
-4.98335
-4.98335
-4.98335
-4.98335
-4.98335
-4.98335
-4.98335
-4.98335
-4.98335
-4.98335
-4.98335
-4.98335
-4.98335
-4.98335
-4.98335
-4.98335
-4.98335
-4.98335
-4.98335
-4.98335
-4.98335
-4.98335
-4.98335
-4.98335
-4.98335
-4.98335
-4.98335
-4.98335
-4.98335
-4.98335
-4.98335
-4.98335
-4.98335
-4.98335
-4.98335
-4.98335
-4.98335
-4.98335
-4.98335
-4.98335
-4.98335
-4.98335
-4.98335
-4.98335
-4.98335
-4.98335
-4.98335
-4.98335
-4.98335
-4.98335
-4.98335
-4.98335
-4.98335
-4.98335
-4.98335
-4.98335
-4.98335
-4.98335
-4.98335
-4.98335
-4.98335
-4.98335
-4.98335
-4.98335
-4.98335
-4.98335
-4.98335
-4.98335
-4.98335
-4.98335
-4.98335
-4.98335
-4.98335
-4.98335
-4.98335
-4.98335
-4.98335
-4.98335
-4.98335
-4.98335
-4.98335
-4.98335
-4.98335
-4.98335
-4.98335
-4.98335
-4.98335
-4.98335
-4.98335
-4.98335
-4.98335
-4.98335
-4.98335
-4.98335
-4.98335
-4.98335
-4.98335
-4.98335
-4.98335
-4.98335
-4.98335
-4.98335
-4.98335
-4.98335
-4.98335
-4.98335
-4.98335
-4.98335
-4.98335
-4.98335
-4.98335
-4.98335
-4.98335
-4.98335
-4.98335
-4.98335
-4.98335
-4.98335
-4.98335
-4.98335
-4.98335
-4.98335
-4.98335
-4.98335
-4.98335
-4.98335
-4.98335
-4.98335
-4.98335
-4.98335
-4.98335
-4.98335
-4.98335
-4.98335
-4.98335
-4.98335
-4.98335
-4.98335
-4.98335
-4.98335
-4.98335
-4.98335
-4.98335
-4.98335
-4.98335
-4.98335
-4.98335
-4.98335
-4.98335
-4.98335
-4.98335
-4.98335
-4.98335
-4.98335
-4.98335
-4.98335
-4.98335
-4.98335
-4.98335
-4.98335
-4.98335
-4.98335
-4.98335
-4.98335
-4.98335
-4.98335
-4.98335
-4.98335
-4.98335
-4.98335
-4.98335
-4.98335
-4.98335
-4.98335
-4.98335
-4.98335
-4.98335
-4.98335
-4.98335
-4.98335
-4.98335
-4.98335
-4.98335
-4.98335
-4.98335
-4.98335
-4.98335
-4.98335
-4.98335
-4.98335
-4.98335
-4.98335
-4.98335
-4.98335
-4.98335
-4.98335
-4.98335
-4.98335
-4.98335
-4.98335
-4.98335
-4.98335
-4.98335
-4.98335
-4.98335
-4.98335
-4.98335
-4.98335
-4.98335
-4.98335
-4.98335
-4.98335
-4.98335
-4.98335
-4.98335
-4.98335
-4.98335
-4.98335
-4.98335
-4.98335
-4.98335
-4.98335
-4.98335
-4.98335
-4.98335
-4.98335
-4.98335
-4.98335
-4.98335
-4.98335
-4.98335
-4.98335
-4.98335
-4.98335
-4.98335
-4.98335
-4.98335
-4.98335
-4.98335
-4.98335
-4.98335
-4.98335
-4.98335
-4.98335
-4.98335
-4.98335
-4.98335
-4.98335
-4.98335
-4.98335
-4.98335
-4.98335
-4.98335
-4.98335
-4.98335
-4.98335
-4.98335
-4.98335
-4.98335
-4.98335
-4.98335
-4.98335
-4.98335
-4.98335
-4.98335
-4.98335
-4.98335
-4.98335
-4.98335
-4.98335
-4.98335
-4.98335
-4.98335
-4.98335
-4.98335
-4.98335
-4.98335
-4.98335
-4.98335
-4.98335
-4.98335
-4.98335
-4.98335
-4.98335
-4.98335
-4.98335
-4.98335
-4.98335
-4.98335
-4.98335
-4.98335
-4.98335
-4.98335
-4.98335
-4.98335
-4.98335
-4.98335
-4.98335
-4.98335
-4.98335
-4.98335
-4.98335
-4.98335
-4.98335
-4.98335
-4.98335
-4.98335
-4.98335
-4.98335
-4.98335
-4.98335
-4.98335
-4.98335
-4.98335
-4.98335
-4.98335
-4.98335
-4.98335
-4.98335
-4.98335
-4.98335
-4.98335
-4.98335
-4.98335
-4.98335
-4.98335
-4.98335
-4.98335
-4.98335
-4.98335
-4.98335
-4.98335
-4.98335
-4.98335
-4.98335
-4.98335
-4.98335
-4.98335
-4.98335
-4.98335
-4.98335
-4.98335
-4.98335
-4.98335
-4.98335
-4.98335
-4.98335
-4.98335
-4.98335
-4.98335
-4.98335
-4.98335
-4.98335
-4.98335
-4.98335
-4.98335
-4.98335
-4.98335
-4.98335
-4.98335
-4.98335
-4.98335
-4.98335
-4.98335
-4.98335
-4.98335
-4.98335
-4.98335
-4.98335
-4.98335
-4.98335
-4.98335
-4.98335
-4.98335
-4.98335
-4.98335
-4.98335
-4.98335
-4.98335
-4.98335
-4.98335
-4.98335
-4.98335
-4.98335
-4.98335
-4.98335
-4.98335
-4.98335
-4.98335
-4.98335
-4.98335
-4.98335
-4.98335
-4.98335
-4.98335
-4.98335
-4.98335
-4.98335
-4.98335
-4.98335
-4.98335
-4.98335
-4.98335
-4.98335
-4.98335
-4.98335
-4.98335
-4.98335
-4.98335
-4.98335
-4.98335
-4.98335
-4.98335
-4.98335
-4.98335
-4.98335
-4.98335
-4.98335
-4.98335
-4.98335
-4.98335
-4.98335
-4.98335
-4.98335
-4.98335
-4.98335
-4.98335
-4.98335
-4.98335
-4.98335
-4.98335
-4.98335
-4.98335
-4.98335
-4.98335
-4.98335
-4.98335
-4.98335
-4.98335
-4.98335
-4.98335
-4.98335
-4.98335
-4.98335
-4.98335
-4.98335
-4.98335
-4.98335
-4.98335
-4.98335
-4.98335
-4.98335
-4.98335
-4.98335
-4.98335
-4.98335
-4.98335
-4.98335
-4.98335
-4.98335
-4.98335
-4.98335
-4.98335
-4.98335
-4.98335
-4.98335
-4.98335
-4.98335
-4.98335
-4.98335
-4.98335
-4.98335
-4.98335
-4.98335
-4.98335
-4.98335
-4.98335
-4.98335
-4.98335
-4.98335
-4.98335
-4.98335
-4.98335
-4.98335
-4.98335
-4.98335
-4.98335
-4.98335
-4.98335
-4.98335
-4.98335
-4.98335
-4.98335
-4.98335
-4.98335
-4.98335
-4.98335
-4.98335
-4.98335
-4.98335
-4.98335
-4.98335
-4.98335
-4.98335
-4.98335
-4.98335
-4.98335
-4.98335
-4.98335
-4.98335
-4.98335
-4.98335
-4.98335
-4.98335
-4.98335
-4.98335
-4.98335
-4.98335
-4.98335
-4.98335
-4.98335
-4.98335
-4.98335
-4.98335
-4.98335
-4.98335
-4.98335
-4.98335
-4.98335
-4.98335
-4.98335
-4.98335
-4.98335
-4.98335
-4.98335
-4.98335
-4.98335
-4.98335
-4.98335
-4.98335
-4.98335
-4.98335
-4.98335
-4.98335
-4.98335
-4.98335
-4.98335
-4.98335
-4.98335
-4.98335
-4.98335
-4.98335
-4.98335
-4.98335
-4.98335
-4.98335
-4.98335
-4.98335
-4.98335
-4.98335
-4.98335
-4.98335
-4.98335
-4.98335
-4.98335
-4.98335
-4.98335
-4.98335
-4.98335
-4.98335
-4.98335
-4.98335
-4.98335
-4.98335
-4.98335
-4.98335
-4.98335
-4.98335
-4.98335
-4.98335
-4.98335
-4.98335
-4.98335
-4.98335
-4.98335
-4.98335
-4.98335
-4.98335
-4.98335
-4.98335
-4.98335
-4.98335
-4.98335
-4.98335
-4.98335
-4.98335
-4.98335
-4.98335
-4.98335
-4.98335
-4.98335
-4.98335
-4.98335
-4.98335
-4.98335
-4.98335
-4.98335
-4.98335
-4.98335
-4.98335
-4.98335
-4.98335
-4.98335
-4.98335
-4.98335
-4.98335
-4.98335
-4.98335
-4.98335
-4.98335
-4.98335
-4.98335
-4.98335
-4.98335
-4.98335
-4.98335
-4.98335
-4.98335
-4.98335
-4.98335
-4.98335
-4.98335
-4.98335
-4.98335
-4.98335
-4.98335
-4.98335
-4.98335
-4.98335
-4.98335
-4.98335
-4.98335
-4.98335
-4.98335
-4.98335
-4.98335
-4.98335
-4.98335
-4.98335
-4.98335
-4.98335
-4.98335
-4.98335
-4.98335
-4.98335
-4.98335
-4.98335
-4.98335
-4.98335
-4.98335
-4.98335
-4.98335
-4.98335
-4.98335
-4.98335
-4.98335
-4.98335
-4.98335
-4.98335
-4.98335
-4.98335
-4.98335
-4.98335
-4.98335
-4.98335
-4.98335
-4.98335
-4.98335
-4.98335
-4.98335
-4.98335
-4.98335
-4.98335
-4.98335
-4.98335
-4.98335
-4.98335
-4.98335
-4.98335
-4.98335
-4.98335
-4.98335
-4.98335
-4.98335
-4.98335
-4.98335
-4.98335
-4.98335
-4.98335
-4.98335
-4.98335
-4.98335
-4.98335
-4.98335
-4.98335
-4.98335
-4.98335
-4.98335
-4.98335
-4.98335
-4.98335
-4.98335
-4.98335
-4.98335
-4.98335
-4.98335
-4.98335
-4.98335
-4.98335
-4.98335
-4.98335
-4.98335
-4.98335
-4.98335
-4.98335
-4.98335
-4.98335
-4.98335
-4.98335
-4.98335
-4.98335
-4.98335
-4.98335
-4.98335
-4.98335
-4.98335
-4.98335
-4.98335
-4.98335
-4.98335
-4.98335
-4.98335
-4.98335
-4.98335
-4.98335
-4.98335
-4.98335
-4.98335
-4.98335
-4.98335
-4.98335
-4.98335
-4.98335
-4.98335
-4.98335
-4.98335
-4.98335
-4.98335
-4.98335
-4.98335
-4.98335
-4.98335
-4.98335
-4.98335
-4.98335
-4.98335
-4.98335
-4.98335
-4.98335
-4.98335
-4.98335
-4.98335
-4.98335
-4.98335
-4.98335
-4.98335
-4.98335
-4.98335
-4.98335
-4.98335
-4.98335
-4.98335
-4.98335
-4.98335
-4.98335
-4.98335
-4.98335
-4.98335
-4.98335
-4.98335
-4.98335
-4.98335
-4.98335
-4.98335
-4.98335
-4.98335
-4.98335
-4.98335
-4.98335
-4.98335
-4.98335
-4.98335
-4.98335
-4.98335
-4.98335
-4.98335
-4.98335
-4.98335
-4.98335
-4.98335
-4.98335
-4.98335
-4.98335
-4.98335
-4.98335
-4.98335
-4.98335
-4.98335
-4.98335
-4.98335
-4.98335
-4.98335
-4.98335
-4.98335
-4.98335
-4.98335
-4.98335
-4.98335
-4.98335
-4.98335
-4.98335
-4.98335
-4.98335
-4.98335
-4.98335
-4.98335
-4.98335
-4.98335
-4.98335
-4.98335
-4.98335
-4.98335
-4.98335
-4.98335
-4.98335
-4.98335
-4.98335
-4.98335
-4.98335
-4.98335
-4.98335
-4.98335
-4.98335
-4.98335
-4.98335
-4.98335
-4.98335
-4.98335
-4.98335
-4.98335
-4.98335
-4.98335
-4.98335
-4.98335
-4.98335
-4.98335
-4.98335
-4.98335
-4.98335
-4.98335
-4.98335
-4.98335
-4.98335
-4.98335
-4.98335
-4.98335
-4.98335
-4.98335
-4.98335
-4.98335
-4.98335
-4.98335
-4.98335
-4.98335
-4.98335
-4.98335
-4.98335
-4.98335
-4.98335
-4.98335
-4.98335
-4.98335
-4.98335
-4.98335
-4.98335
-4.98335
-4.98335
-4.98335
-4.98335
-4.98335
-4.98335
-4.98335
-4.98335
-4.98335
-4.98335
-4.98335
-4.98335
-4.98335
-4.98335
-4.98335
-4.98335
-4.98335
-4.98335
-4.98335
-4.98335
-4.98335
-4.98335
-4.98335
-4.98335
-4.98335
-4.98335
-4.98335
-4.98335
-4.98335
-4.98335
-4.98335
-4.98335
-4.98335
-4.98335
-4.98335
-4.98335
-4.98335
-4.98335
-4.98335
-4.98335
-4.98335
-4.98335
-4.98335
-4.98335
-4.98335
-4.98335
-4.98335
-4.98335
-4.98335
-4.98335
-4.98335
-4.98335
-4.98335
-4.98335
-4.98335
-4.98335
-4.98335
-4.98335
-4.98335
-4.98335
-4.98335
-4.98335
-4.98335
-4.98335
-4.98335
-4.98335
-4.98335
-4.98335
-4.98335
-4.98335
-4.98335
-4.98335
-4.98335
-4.98335
-4.98335
-4.98335
-4.98335
-4.98335
-4.98335
-4.98335
-4.98335
-4.98335
-4.98335
-4.98335
-4.98335
-4.98335
-4.98335
-4.98335
-4.98335
-4.98335
-4.98335
-4.98335
-4.98335
-4.98335
-4.98335
-4.98335
-4.98335
-4.98335
-4.98335
-4.98335
-4.98335
-4.98335
-4.98335
-4.98335
-4.98335
-4.98335
-4.98335
-4.98335
-4.98335
-4.98335
-4.98335
-4.98335
-4.98335
-4.98335
-4.98335
-4.98335
-4.98335
-4.98335
-4.98335
-4.98335
-4.98335
-4.98335
-4.98335
-4.98335
-4.98335
-4.98335
-4.98335
-4.98335
-4.98335
-4.98335
-4.98335
-4.98335
-4.98335
-4.98335
-4.98335
-4.98335
-4.98335
-4.98335
-4.98335
-4.98335
-4.98335
-4.98335
-4.98335
-4.98335
-4.98335
-4.98335
-4.98335
-4.98335
-4.98335
-4.98335
-4.98335
-4.98335
-4.98335
-4.98335
-4.98335
-4.98335
-4.98335
-4.98335
-4.98335
-4.98335
-4.98335
-4.98335
-4.98335
-4.98335
-4.98335
-4.98335
-4.98335
-4.98335
-4.98335
-4.98335
-4.98335
-4.98335
-4.98335
-4.98335
-4.98335
-4.98335
-4.98335
-4.98335
-4.98335
-4.98335
-4.98335
-4.98335
-4.98335
-4.98335
-4.98335
-4.98335
-4.98335
-4.98335
-4.98335
-4.98335
-4.98335
-4.98335
-4.98335
-4.98335
-4.98335
-4.98335
-4.98335
-4.98335
-4.98335
-4.98335
-4.98335
-4.98335
-4.98335
-4.98335
-4.98335
-4.98335
-4.98335
-4.98335
-4.98335
-4.98335
-4.98335
-4.98335
-4.98335
-4.98335
-4.98335
-4.98335
-4.98335
-4.98335
-4.98335
-4.98335
-4.98335
-4.98335
-4.98335
-4.98335
-4.98335
-4.98335
-4.98335
-4.98335
-4.98335
-4.98335
-4.98335
-4.98335
-4.98335
-4.98335
-4.98335
-4.98335
-4.98335
-4.98335
-4.98335
-4.98335
-4.98335
-4.98335
-4.98335
-4.98335
-4.98335
-4.98335
-4.98335
-4.98335
-4.98335
-4.98335
-4.98335
-4.98335
-4.98335
-4.98335
-4.98335
-4.98335
-4.98335
-4.98335
-4.98335
-4.98335
-4.98335
-4.98335
-4.98335
-4.98335
-4.98335
-4.98335
-4.98335
-4.98335
-4.98335
-4.98335
-4.98335
-4.98335
-4.98335
-4.98335
-4.98335
-4.98335
-4.98335
-4.98335
-4.98335
-4.98335
-4.98335
-4.98335
-4.98335
-4.98335
-4.98335
-4.98335
-4.98335
-4.98335
-4.98335
-4.98335
-4.98335
-4.98335
-4.98335
-4.98335
-4.98335
-4.98335
-4.98335
-4.98335
-4.98335
-4.98335
-4.98335
-4.98335
-4.98335
-4.98335
-4.98335
-4.98335
-4.98335
-4.98335
-4.98335
-4.98335
-4.98335
-4.98335
-4.98335
-4.98335
-4.98335
-4.98335
-4.98335
-4.98335
-4.98335
-4.98335
-4.98335
-4.98335
-4.98335
-4.98335
-4.98335
-4.98335
-4.98335
-4.98335
-4.98335
-4.98335
-4.98335
-4.98335
-4.98335
-4.98335
-4.98335
-4.98335
-4.98335
-4.98335
-4.98335
-4.98335
-4.98335
-4.98335
-4.98335
-4.98335
-4.98335
-4.98335
-4.98335
-4.98335
-4.98335
-4.98335
-4.98335
-4.98335
-4.98335
-4.98335
-4.98335
-4.98335
-4.98335
-4.98335
-4.98335
-4.98335
-4.98335
-4.98335
-4.98335
-4.98335
-4.98335
-4.98335
-4.98335
-4.98335
-4.98335
-4.98335
-4.98335
-4.98335
-4.98335
-4.98335
-4.98335
-4.98335
-4.98335
-4.98335
-4.98335
-4.98335
-4.98335
-4.98335
-4.98335
-4.98335
-4.98335
-4.98335
-4.98335
-4.98335
-4.98335
-4.98335
-4.98335
-4.98335
-4.98335
-4.98335
-4.98335
-4.98335
-4.98335
-4.98335
-4.98335
-4.98335
-4.98335
-4.98335
-4.98335
-4.98335
-4.98335
-4.98335
-4.98335
-4.98335
-4.98335
-4.98335
-4.98335
-4.98335
-4.98335
-4.98335
-4.98335
-4.98335
-4.98335
-4.98335
-4.98335
-4.98335
-4.98335
-4.98335
-4.98335
-4.98335
-4.98335
-4.98335
-4.98335
-4.98335
-4.98335
-4.98335
-4.98335
-4.98335
-4.98335
-4.98335
-4.98335
-4.98335
-4.98335
-4.98335
-4.98335
-4.98335
-4.98335
-4.98335
-4.98335
-4.98335
-4.98335
-4.98335
-4.98335
-4.98335
-4.98335
-4.98335
-4.98335
-4.98335
-4.98335
-4.98335
-4.98335
-4.98335
-4.98335
-4.98335
-4.98335
-4.98335
-4.98335
-4.98335
-4.98335
-4.98335
-4.98335
-4.98335
-4.98335
-4.98335
-4.98335
-4.98335
-4.98335
-4.98335
-4.98335
-4.98335
-4.98335
-4.98335
-4.98335
-4.98335
-4.98335
-4.98335
-4.98335
-4.98335
-4.98335
-4.98335
-4.98335
-4.98335
-4.98335
-4.98335
-4.98335
-4.98335
-4.98335
-4.98335
-4.98335
-4.98335
-4.98335
-4.98335
-4.98335
-4.98335
-4.98335
-4.98335
-4.98335
-4.98335
-4.98335
-4.98335
-4.98335
-4.98335
-4.98335
-4.98335
-4.98335
-4.98335
-4.98335
-4.98335
-4.98335
-4.98335
-4.98335
-4.98335
-4.98335
-4.98335
-4.98335
-4.98335
-4.98335
-4.98335
-4.98335
-4.98335
-4.98335
-4.98335
-4.98335
-4.98335
-4.98335
-4.98335
-4.98335
-4.98335
-4.98335
-4.98335
-4.98335
-4.98335
-4.98335
-4.98335
-4.98335
-4.98335
-4.98335
-4.98335
-4.98335
-4.98335
-4.98335
-4.98335
-4.98335
-4.98335
-4.98335
-4.98335
-4.98335
-4.98335
-4.98335
-4.98335
-4.98335
-4.98335
-4.98335
-4.98335
-4.98335
-4.98335
-4.98335
-4.98335
-4.98335
-4.98335
-4.98335
-4.98335
-4.98335
-4.98335
-4.98335
-4.98335
-4.98335
-4.98335
-4.98335
-4.98335
-4.98335
-4.98335
-4.98335
-4.98335
-4.98335
-4.98335
-4.98335
-4.98335
-4.98335
-4.98335
-4.98335
-4.98335
-4.98335
-4.98335
-4.98335
-4.98335
-4.98335
-4.98335
-4.98335
-4.98335
-4.98335
-4.98335
-4.98335
-4.98335
-4.98335
-4.98335
-4.98335
-4.98335
-4.98335
-4.98335
-4.98335
-4.98335
-4.98335
-4.98335
-4.98335
-4.98335
-4.98335
-4.98335
-4.98335
-4.98335
-4.98335
-4.98335
-4.98335
-4.98335
-4.98335
-4.98335
-4.98335
-4.98335
-4.98335
-4.98335
-4.98335
-4.98335
-4.98335
-4.98335
-4.98335
-4.98335
-4.98335
-4.98335
-4.98335
-4.98335
-4.98335
-4.98335
-4.98335
-4.98335
-4.98335
-4.98335
-4.98335
-4.98335
-4.98335
-4.98335
-4.98335
-4.98335
-4.98335
-4.98335
-4.98335
-4.98335
-4.98335
-4.98335
-4.98335
-4.98335
-4.98335
-4.98335
-4.98335
-4.98335
-4.98335
-4.98335
-4.98335
-4.98335
-4.98335
-4.98335
-4.98335
-4.98335
-4.98335
-4.98335
-4.98335
-4.98335
-4.98335
-4.98335
-4.98335
-4.98335
-4.98335
-4.98335
-4.98335
-4.98335
-4.98335
-4.98335
-4.98335
-4.98335
-4.98335
-4.98335
-4.98335
-4.98335
-4.98335
-4.98335
-4.98335
-4.98335
-4.98335
-4.98335
-4.98335
-4.98335
-4.98335
-4.98335
-4.98335
-4.98335
-4.98335
-4.98335
-4.98335
-4.98335
-4.98335
-4.98335
-4.98335
-4.98335
-4.98335
-4.98335
-4.98335
-4.98335
-4.98335
-4.98335
-4.98335
-4.98335
-4.98335
-4.98335
-4.98335
-4.98335
-4.98335
-4.98335
-4.98335
-4.98335
-4.98335
-4.98335
-4.98335
-4.98335
-4.98335
-4.98335
-4.98335
-4.98335
-4.98335
-4.98335
-4.98335
-4.98335
-4.98335
-4.98335
-4.98335
-4.98335
-4.98335
-4.98335
-4.98335
-4.98335
-4.98335
-4.98335
-4.98335
-4.98335
-4.98335
-4.98335
-4.98335
-4.98335
-4.98335
-4.98335
-4.98335
-4.98335
-4.98335
-4.98335
-4.98335
-4.98335
-4.98335
-4.98335
-4.98335
-4.98335
-4.98335
-4.98335
-4.98335
-4.98335
-4.98335
-4.98335
-4.98335
-4.98335
-4.98335
-4.98335
-4.98335
-4.98335
-4.98335
-4.98335
-4.98335
-4.98335
-4.98335
-4.98335
-4.98335
-4.98335
-4.98335
-4.98335
-4.98335
-4.98335
-4.98335
-4.98335
-4.98335
-4.98335
-4.98335
-4.98335
-4.98335
-4.98335
-4.98335
-4.98335
-4.98335
-4.98335
-4.98335
-4.98335
-4.98335
-4.98335
-4.98335
-4.98335
-4.98335
-4.98335
-4.98335
-4.98335
-4.98335
-4.98335
-4.98335
-4.98335
-4.98335
-4.98335
-4.98335
-4.98335
-4.98335
-4.98335
-4.98335
-4.98335
-4.98335
-4.98335
-4.98335
-4.98335
-4.98335
-4.98335
-4.98335
-4.98335
-4.98335
-4.98335
-4.98335
-4.98335
-4.98335
-4.98335
-4.98335
-4.98335
-4.98335
-4.98335
-4.98335
-4.98335
-4.98335
-4.98335
-4.98335
-4.98335
-4.98335
-4.98335
-4.98335
-4.98335
-4.98335
-4.98335
-4.98335
-4.98335
-4.98335
-4.98335
-4.98335
-4.98335
-4.98335
-4.98335
-4.98335
-4.98335
-4.98335
-4.98335
-4.98335
-4.98335
-4.98335
-4.98335
-4.98335
-4.98335
-4.98335
-4.98335
-4.98335
-4.98335
-4.98335
-4.98335
-4.98335
-4.98335
-4.98335
-4.98335
-4.98335
-4.98335
-4.98335
-4.98335
-4.98335
-4.98335
-4.98335
-4.98335
-4.98335
-4.98335
-4.98335
-4.98335
-4.98335
-4.98335
-4.98335
-4.98335
-4.98335
-4.98335
-4.98335
-4.98335
-4.98335
-4.98335
-4.98335
-4.98335
-4.98335
-4.98335
-4.98335
-4.98335
-4.98335
-4.98335
-4.98335
-4.98335
-4.98335
-4.98335
-4.98335
-4.98335
-4.98335
-4.98335
-4.98335
-4.98335
-4.98335
-4.98335
-4.98335
-4.98335
-4.98335
-4.98335
-4.98335
-4.98335
-4.98335
-4.98335
-4.98335
-4.98335
-4.98335
-4.98335
-4.98335
-4.98335
-4.98335
-4.98335
-4.98335
-4.98335
-4.98335
-4.98335
-4.98335
-4.98335
-4.98335
-4.98335
-4.98335
-4.98335
-4.98335
-4.98335
-4.98335
-4.98335
-4.98335
-4.98335
-4.98335
-4.98335
-4.98335
-4.98335
-4.98335
-4.98335
-4.98335
-4.98335
-4.98335
-4.98335
-4.98335
-4.98335
-4.98335
-4.98335
-4.98335
-4.98335
-4.98335
-4.98335
-4.98335
-4.98335
-4.98335
-4.98335
-4.98335
-4.98335
-4.98335
-4.98335
-4.98335
-4.98335
-4.98335
-4.98335
-4.98335
-4.98335
-4.98335
-4.98335
-4.98335
-4.98335
-4.98335
-4.98335
-4.98335
-4.98335
-4.98335
-4.98335
-4.98335
-4.98335
-4.98335
-4.98335
-4.98335
-4.98335
-4.98335
-4.98335
-4.98335
-4.98335
-4.98335
-4.98335
-4.98335
-4.98335
-4.98335
-4.98335
-4.98335
-4.98335
-4.98335
-4.98335
-4.98335
-4.98335
-4.98335
-4.98335
-4.98335
-4.98335
-4.98335
-4.98335
-4.98335
-4.98335
-4.98335
-4.98335
-4.98335
-4.98335
-4.98335
-4.98335
-4.98335
-4.98335
-4.98335
-4.98335
-4.98335
-4.98335
-4.98335
-4.98335
-4.98335
-4.98335
-4.98167
-4.98167
-4.98167
-4.98167
-4.98167
-4.98167
-4.98167
-4.98167
-4.98167
-4.98167
-4.98167
-4.98167
-4.98167
-4.98167
-4.98167
-4.98167
-4.98167
-4.98167
-4.98167
-4.98167
-4.98167
-4.98167
-4.98167
-4.98167
-4.98167
-4.98167
-4.98167
-4.98167
-4.98167
-4.98167
-4.98167
-4.98167
-4.98167
-4.98167
-4.98167
-4.98167
-4.98167
-4.98167
-4.98167
-4.98167
-4.98167
-4.98167
-4.98167
-4.98167
-4.98167
-4.98167
-4.98167
-4.98167
-4.98167
-4.98167
-4.98167
-4.98167
-4.98167
-4.98167
-4.98167
-4.98167
-4.98167
-4.98167
-4.98167
-4.98167
-4.98167
-4.98167
-4.98167
-4.98167
-4.98167
-4.98167
-4.98167
-4.98167
-4.98167
-4.98167
-4.98167
-4.98167
-4.98167
-4.98167
-4.98167
-4.98167
-4.98167
-4.98167
-4.98167
-4.98167
-4.98167
-4.98167
-4.98167
-4.98167
-4.98167
-4.98167
-4.98167
-4.98167
-4.98167
-4.98167
-4.98167
-4.98167
-4.98167
-4.98167
-4.98167
-4.98167
-4.98167
-4.98167
-4.98167
-4.98167
-4.98167
-4.98167
-4.98167
-4.98167
-4.98167
-4.98167
-4.98167
-4.98167
-4.98167
-4.98167
-4.98167
-4.98167
-4.98167
-4.98167
-4.98167
-4.98167
-4.98167
-4.98167
-4.98167
-4.98167
-4.98167
-4.98167
-4.98167
-4.98167
-4.98167
-4.98167
-4.98167
-4.98167
-4.98167
-4.98167
-4.98167
-4.98167
-4.98167
-4.98167
-4.98167
-4.98167
-4.98167
-4.98167
-4.98167
-4.98167
-4.98167
-4.98167
-4.98167
-4.98167
-4.98167
-4.98167
-4.98167
-4.98167
-4.98167
-4.98167
-4.98167
-4.98167
-4.98167
-4.98167
-4.98167
-4.98167
-4.98167
-4.98167
-4.98167
-4.98167
-4.98167
-4.98167
-4.98167
-4.98167
-4.98167
-4.98167
-4.98167
-4.98167
-4.98167
-4.98167
-4.98167
-4.98167
-4.98167
-4.98167
-4.98167
-4.98167
-4.98167
-4.98167
-4.98167
-4.98167
-4.98167
-4.98167
-4.98167
-4.98167
-4.98167
-4.98167
-4.98167
-4.98167
-4.98167
-4.98167
-4.98167
-4.98167
-4.98167
-4.98167
-4.98167
-4.98167
-4.98167
-4.98167
-4.98167
-4.98167
-4.98167
-4.98167
-4.98167
-4.98167
-4.98167
-4.98167
-4.98167
-4.98167
-4.98167
-4.98167
-4.98167
-4.98167
-4.98167
-4.98167
-4.98167
-4.98167
-4.98167
-4.98167
-4.98167
-4.98167
-4.98167
-4.98167
-4.98167
-4.98167
-4.98167
-4.98167
-4.98167
-4.98167
-4.98167
-4.98167
-4.98167
-4.98167
-4.98167
-4.98167
-4.98167
-4.98167
-4.98167
-4.98167
-4.98167
-4.98167
-4.98167
-4.98167
-4.98167
-4.98167
-4.98167
-4.98167
-4.98167
-4.98167
-4.98167
-4.98167
-4.98167
-4.98167
-4.98167
-4.98167
-4.98167
-4.98167
-4.98167
-4.98167
-4.98167
-4.98167
-4.98167
-4.98167
-4.98167
-4.98167
-4.98167
-4.98167
-4.98167
-4.98167
-4.98167
-4.98167
-4.98167
-4.98167
-4.98167
-4.98167
-4.98167
-4.98167
-4.98167
-4.98167
-4.98167
-4.98167
-4.98167
-4.98167
-4.98167
-4.98167
-4.98167
-4.98167
-4.98167
-4.98167
-4.98167
-4.98167
-4.98167
-4.98167
-4.98167
-4.98167
-4.98167
-4.98167
-4.98167
-4.98167
-4.98167
-4.98167
-4.98167
-4.98167
-4.98167
-4.98167
-4.98167
-4.98167
-4.98167
-4.98167
-4.98167
-4.98167
-4.98167
-4.98167
-4.98167
-4.98167
-4.98167
-4.98167
-4.98167
0.242801
0.243557
0.243035
0.242487
0.241955
0.241422
0.240886
0.240352
0.239812
0.239278
0.238749
0.238186
0.237675
0.237169
0.236656
0.236151
0.235635
0.235139
0.234628
0.234121
0.233632
0.233127
0.232612
0.232109
0.231617
0.231106
0.230621
0.230096
0.229595
0.228838
0.228368
0.227901
0.227446
0.226972
0.22652
0.226069
0.225604
0.225142
0.224681
0.224211
0.22374
0.223272
0.222807
0.222333
0.221872
0.221426
0.220963
0.220499
0.220054
0.219575
0.219066
0.218602
0.217837
0.217428
0.217003
0.216583
0.216174
0.215762
0.215368
0.214954
0.214535
0.214108
0.213705
0.213279
0.212867
0.212436
0.212015
0.211609
0.211183
0.210777
0.210356
0.209938
0.20951
0.209101
0.208682
0.208263
0.207843
0.207425
0.20701
0.206422
0.206034
0.20564
0.205249
0.204865
0.204475
0.204094
0.20369
0.203298
0.202914
0.202514
0.202127
0.201746
0.201348
0.200964
0.200581
0.20018
0.199796
0.199407
0.199014
0.198635
0.198227
0.197858
0.197463
0.19707
0.196687
0.196288
0.195908
0.195499
0.195058
0.194693
0.194326
0.193957
0.193592
0.19322
0.192854
0.192487
0.192113
0.191722
0.191361
0.190998
0.190633
0.190265
0.189902
0.189518
0.189147
0.188775
0.188405
0.188035
0.187678
0.187313
0.186945
0.186572
0.186191
0.185829
0.185487
0.18512
0.184734
0.184384
0.184031
0.183665
0.183315
0.182956
0.182608
0.182266
0.181911
0.181567
0.181211
0.180847
0.180509
0.180153
0.17979
0.17942
0.179053
0.178734
0.178381
0.178028
0.177678
0.17734
0.176978
0.176654
0.176296
0.175945
0.175641
0.175295
0.174905
0.174553
0.174216
0.173884
0.173546
0.173209
0.172865
0.172513
0.172177
0.171838
0.171492
0.171152
0.170809
0.170434
0.170089
0.16974
0.16939
0.169049
0.168727
0.168389
0.168058
0.167733
0.167405
0.167081
0.166758
0.166423
0.166043
0.16571
0.165371
0.16502
0.164692
0.164362
0.164027
0.163695
0.163373
0.163027
0.16269
0.162363
0.162029
0.161694
0.161368
0.161035
0.160696
0.160365
0.160033
0.159699
0.159376
0.159038
0.158727
0.158414
0.158081
0.157719
0.157382
0.157056
0.156735
0.156413
0.156086
0.155765
0.155445
0.155135
0.154804
0.154488
0.154189
0.153862
0.153544
0.153216
0.152891
0.152577
0.152248
0.151924
0.151607
0.151279
0.150969
0.150658
0.150314
0.149975
0.14964
0.149305
0.148991
0.148665
0.148371
0.148058
0.147733
0.147427
0.147101
0.1468
0.146509
0.146195
0.145874
0.14556
0.145251
0.14493
0.144615
0.144294
0.143986
0.143672
0.143367
0.14307
0.142746
0.142432
0.142113
0.141786
0.141475
0.141168
0.140855
0.140546
0.140219
0.139896
0.139591
0.13928
0.138987
0.13867
0.138366
0.138053
0.137752
0.137446
0.137137
0.136826
0.136514
0.136188
0.135894
0.135591
0.13528
0.134968
0.134647
0.134342
0.13403
0.133718
0.133411
0.133112
0.132814
0.132494
0.132203
0.131887
0.131574
0.131275
0.13097
0.130659
0.130356
0.130045
0.129738
0.129429
0.129128
0.128847
0.128545
0.128213
0.127904
0.127604
0.127304
0.127004
0.126688
0.126382
0.126087
0.125779
0.12548
0.12517
0.124872
0.124567
0.124308
0.124009
0.123693
0.123384
0.123084
0.122792
0.122511
0.122207
0.121909
0.121619
0.121307
0.12101
0.1207
0.120372
0.120076
0.11978
0.119485
0.119185
0.118889
0.118603
0.118313
0.118019
0.117722
0.117421
0.117127
0.116829
0.11653
0.116238
0.115948
0.115627
0.115313
0.115024
0.114737
0.114445
0.114149
0.113851
0.113559
0.113271
0.112971
0.112677
0.112374
0.112076
0.111796
0.111486
0.111203
0.1109
0.110609
0.110309
0.110011
0.109713
0.109422
0.109129
0.108829
0.108537
0.108237
0.107937
0.107652
0.107352
0.107058
0.106765
0.106477
0.106189
0.105889
0.105594
0.105292
0.104999
0.104702
0.104408
0.104115
0.103819
0.10352
0.103222
0.102928
0.102632
0.102335
0.102031
0.101732
0.101433
0.101136
0.100833
0.100546
0.100257
0.0999584
0.0996647
0.0993695
0.0990863
0.0987904
0.0984797
0.0981855
0.0978928
0.0976086
0.0973242
0.097029
0.0967356
0.0964466
0.0961509
0.0958335
0.0955438
0.0952524
0.0949592
0.0946623
0.0943866
0.0941049
0.0938228
0.0935263
0.0932258
0.0929393
0.0926433
0.092353
0.0920656
0.0917722
0.0914776
0.0911863
0.0908994
0.0906075
0.0903079
0.0900177
0.0897291
0.0894331
0.0891429
0.0888641
0.0885711
0.0882734
0.087986
0.0876837
0.0873921
0.0871013
0.0868121
0.086526
0.0862413
0.0859572
0.0856646
0.0853763
0.0850868
0.0848032
0.0845335
0.0842426
0.0839647
0.0836579
0.0833799
0.0831116
0.0828281
0.0825472
0.082261
0.0819745
0.0816958
0.0814142
0.081127
0.0808428
0.0805626
0.080276
0.0800171
0.0797302
0.0794442
0.0791521
0.0788758
0.0786018
0.0783271
0.0780527
0.0777757
0.0774973
0.0772246
0.0769446
0.0766735
0.0764014
0.0761238
0.075866
0.0755908
0.0752994
0.0750282
0.0747506
0.0744816
0.0742073
0.0739394
0.0736715
0.073407
0.07313
0.0728638
0.072596
0.0723279
0.0720637
0.0717997
0.0715482
0.0712713
0.0709959
0.0707374
0.0704676
0.0702047
0.0699324
0.0696707
0.0694096
0.06914
0.0688838
0.0686122
0.0683588
0.0681004
0.0678409
0.0675883
0.0673124
0.0670537
0.0667896
0.0665402
0.0662748
0.0660255
0.0657573
0.0654991
0.065246
0.064982
0.0647307
0.0644714
0.0642243
0.0639842
0.0637237
0.0634702
0.0632144
0.0629651
0.0627149
0.0624635
0.0622132
0.0619638
0.0617118
0.0614634
0.0612131
0.0609716
0.0607224
0.0604756
0.0602135
0.0599693
0.0597255
0.059472
0.0592269
0.0589832
0.0587416
0.0584995
0.0582509
0.0580098
0.0577548
0.0575195
0.0572878
0.0570429
0.0567917
0.056552
0.0563124
0.0560772
0.0558404
0.0555968
0.0553601
0.055124
0.054882
0.0546494
0.0544221
0.0541894
0.0539491
0.0537066
0.0534688
0.0532362
0.0530038
0.0527759
0.0525413
0.0523048
0.0520782
0.051851
0.0516113
0.0513992
0.0511817
0.0509381
0.0506952
0.0504705
0.050246
0.0500215
0.0497957
0.0495684
0.049341
0.0491232
0.0489006
0.0486721
0.048457
0.0482461
0.0480037
0.0477828
0.0475661
0.0473503
0.0471289
0.046912
0.046705
0.0464859
0.0462682
0.0460484
0.0458309
0.0456362
0.0454012
0.0451891
0.0449792
0.0447587
0.0445483
0.0443332
0.0441194
0.0439108
0.0437038
0.0434912
0.0432879
0.0430797
0.0428872
0.0426814
0.0424834
0.0422949
0.0420905
0.0418859
0.0416869
0.0414813
0.0412815
0.0410835
0.040884
0.0406838
0.0404806
0.0402857
0.0400833
0.0398991
0.0397079
0.0395161
0.0393206
0.0391284
0.0389367
0.0387454
0.0385608
0.0383639
0.0381713
0.0379881
0.0378031
0.0376155
0.0374354
0.0372503
0.0370616
0.0368791
0.0366942
0.0365043
0.036321
0.0361412
0.0359731
0.0357723
0.0356032
0.0354187
0.0352415
0.0350671
0.0348899
0.0347061
0.0345356
0.0343607
0.0341809
0.0340066
0.0338438
0.0336533
0.0334848
0.0333123
0.0331392
0.0329691
0.0327994
0.0326269
0.0324593
0.0322866
0.0321142
0.031948
0.031776
0.0316085
0.0314433
0.0312794
0.0311164
0.0309543
0.0307919
0.0306288
0.0304612
0.0303006
0.0301343
0.0299698
0.0298049
0.0296503
0.0294909
0.0293376
0.0291817
0.0290228
0.0288664
0.0287071
0.0285505
0.0283953
0.0282386
0.0280757
0.0279261
0.027777
0.0276228
0.0274714
0.0273226
0.0271717
0.0270187
0.026874
0.0267193
0.0265672
0.0264181
0.0262702
0.0261231
0.0259805
0.0258377
0.0256939
0.0255508
0.0254078
0.0252689
0.025122
0.024977
0.0248349
0.0246896
0.0245498
0.0244169
0.0242778
0.0241395
0.0240069
0.0238701
0.023731
0.0235939
0.0234596
0.0233201
0.0231782
0.0230474
0.0229183
0.0227885
0.0226556
0.0225236
0.0223928
0.0222633
0.0221364
0.0220027
0.0218735
0.0217437
0.0216102
0.021489
0.0213607
0.0212395
0.0211153
0.0209909
0.0208662
0.0207425
0.0206169
0.0204938
0.0203741
0.020245
0.0201304
0.0200119
0.0198975
0.0197773
0.019661
0.0195455
0.0194275
0.0193097
0.0191925
0.01908
0.0189625
0.018843
0.0187317
0.0186193
0.0185037
0.0183967
0.0182796
0.0181724
0.0180617
0.0179485
0.0178358
0.0177229
0.0176049
0.0175014
0.0173948
0.017285
0.0171818
0.0170732
0.0169672
0.0168622
0.0167549
0.0166503
0.0165478
0.0164402
0.0163291
0.0162313
0.016128
0.0160252
0.0159275
0.0158205
0.0157184
0.0156184
0.0155196
0.0154217
0.0153219
0.0152182
0.0151174
0.0150188
0.0149205
0.0148291
0.0147299
0.0146355
0.0145426
0.0144472
0.0143473
0.0142532
0.0141548
0.0140585
0.0139646
0.0138726
0.0137794
0.0136874
0.0135932
0.0135035
0.0134104
0.0133185
0.0132253
0.0131292
0.013039
0.0129467
0.0128569
0.0127688
0.0126787
0.0125891
0.0125023
0.0124125
0.0123214
0.0122313
0.0121446
0.0120502
0.0119671
0.011882
0.0118012
0.0117143
0.0116311
0.0115425
0.0114597
0.0113738
0.0112882
0.0112048
0.0111143
0.0110347
0.0109524
0.0108742
0.0107919
0.0107136
0.0106268
0.0105497
0.0104694
0.0103886
0.0103082
0.0102243
0.0101464
0.0100714
0.00999784
0.0099222
0.00984353
0.0097701
0.00969192
0.00961708
0.00954189
0.00946475
0.00938251
0.00931125
0.00924228
0.00916967
0.00910014
0.00903074
0.00895923
0.00888645
0.00881672
0.00874484
0.00867237
0.00859629
0.00853137
0.00846272
0.00839826
0.00833531
0.00827058
0.00820444
0.00813646
0.00807336
0.00800595
0.00793834
0.007866
0.00780659
0.00774116
0.00767933
0.00762016
0.00755679
0.00749508
0.0074328
0.00737246
0.00731244
0.00724984
0.00717943
0.00712541
0.00706516
0.00700781
0.00695112
0.00689384
0.00683666
0.006778
0.00672212
0.00666241
0.00660695
0.0065486
0.00648726
0.0064339
0.00638145
0.00632816
0.00627559
0.0062229
0.00616902
0.00611484
0.00605934
0.00600847
0.00595636
0.00589924
0.00584831
0.00579531
0.00574398
0.00569477
0.00564539
0.00559265
0.00554245
0.005491
0.00544089
0.00539235
0.00533974
0.00528985
0.00524476
0.00519504
0.00514773
0.00510215
0.00505356
0.00500455
0.00495754
0.00490802
0.00486059
0.00481058
0.00476444
0.00471783
0.00467409
0.00462997
0.00458124
0.00453775
0.00449456
0.0044475
0.00440491
0.00435957
0.00431378
0.00426596
0.00422447
0.00418017
0.00413953
0.00409821
0.00405667
0.0040114
0.00397149
0.00392975
0.00388589
0.00384499
0.00380225
0.00375856
0.00371976
0.00368177
0.00364431
0.00360249
0.00356398
0.0035225
0.0034837
0.00344629
0.00340766
0.00336722
0.00332974
0.00328886
0.00325376
0.003216
0.00318278
0.00314559
0.00311119
0.0030732
0.00303752
0.00300239
0.00296865
0.00293332
0.00289677
0.0028574
0.00282454
0.00279119
0.00275979
0.00272341
0.00269178
0.00265896
0.00262587
0.0025938
0.00255853
0.00252543
0.00249339
0.0024583
0.00242281
0.00239284
0.00236226
0.00233306
0.00230344
0.00227317
0.00224042
0.00220951
0.00217888
0.00214957
0.00212001
0.00208793
0.00205676
0.00202479
0.00199616
0.00196861
0.00194024
0.00191256
0.00188212
0.00185393
0.00182693
0.0017986
0.00177077
0.00174409
0.00171327
0.00168598
0.00165934
0.0016292
0.00160301
0.0015768
0.00155076
0.00152491
0.00149937
0.00147108
0.00144515
0.00141944
0.00139322
0.00136688
0.0013396
0.0013145
0.00128685
0.00126339
0.00123865
0.00121534
0.0011906
0.00116594
0.00114167
0.0011149
0.00108989
0.0010658
0.00104197
0.00101747
0.00100122
0.000968065
0.000946458
0.000924413
0.000901303
0.000879582
0.000854323
0.000831978
0.00081012
0.000788002
0.00076517
0.000742749
0.000720162
0.000696121
0.000672028
0.000652118
0.000632272
0.000611606
0.000588272
0.0005678
0.000546966
0.0005259
0.000505106
0.00048449
0.000461163
0.000442855
0.000428452
0.000400098
0.000379945
0.000358537
0.0003402
0.000321246
0.000302121
0.000282427
0.000263845
0.000244879
0.00022356
0.000204169
0.000185804
0.000176244
0.000164821
0.000129081
0.000111432
9.4428e-05
7.74859e-05
6.07697e-05
4.36001e-05
2.60941e-05
8.48416e-06
-8.27204e-06
-2.52682e-05
-4.27922e-05
-4.92163e-05
-7.88533e-05
-9.51289e-05
-0.000110171
-0.000124913
-0.000139528
-0.000154776
-0.000169987
-0.00018425
-0.000199273
-0.000214664
-0.000229851
-0.000247538
-0.000248545
-0.000275215
-0.000288195
-0.000301092
-0.000314035
-0.000326954
-0.000339983
-0.000353034
-0.000368635
-0.000379208
-0.000392107
-0.000407423
-0.000419496
-0.00041391
-0.000442813
-0.000453265
-0.000463771
-0.000476719
-0.000486555
-0.000495256
-0.000508266
-0.000516464
-0.000528563
-0.000540797
-0.000551252
-0.000545066
-0.000552033
-0.000578778
-0.000589214
-0.000596861
-0.000604795
-0.000610609
-0.000619833
-0.000629084
-0.000637106
-0.000642942
-0.000652844
-0.000660854
-0.000653381
-0.000658694
-0.000681735
-0.000689468
-0.000695101
-0.000700668
-0.000706271
-0.000711802
-0.000717131
-0.000722906
-0.000727483
-0.000733993
-0.000737887
-0.000744197
-0.00073284
-0.000754167
-0.00075753
-0.000760641
-0.000763633
-0.000766783
-0.000769965
-0.000773074
-0.000775914
-0.000778756
-0.00078137
-0.000783963
-0.000786654
-0.000772572
-0.00079069
-0.000792831
-0.000793543
-0.000794203
-0.000794954
-0.000795468
-0.000796041
-0.000796639
-0.000797301
-0.000798109
-0.000798905
-0.000782762
-0.000799562
-0.000796317
-0.00079635
-0.000794774
-0.000793115
-0.00079147
-0.000789749
-0.00078817
-0.000786436
-0.000784769
-0.000782575
-0.000780652
-0.000765634
-0.000777026
-0.000773069
-0.000769683
-0.000765918
-0.000762221
-0.000758766
-0.000755032
-0.00075131
-0.000747637
-0.000743926
-0.000740239
-0.000736676
-0.000720077
-0.000725847
-0.000722352
-0.000716745
-0.000708988
-0.000703368
-0.000699895
-0.000692134
-0.000688916
-0.000681138
-0.000677695
-0.000672002
-0.00066427
-0.000647774
-0.000633255
-0.000644746
-0.000639501
-0.000632198
-0.000622608
-0.000615266
-0.000607959
-0.000600593
-0.000595345
-0.000585822
-0.000580589
-0.000570992
-0.000554858
-0.000542792
-0.000546789
-0.000537851
-0.00052888
-0.000519907
-0.000513048
-0.000501858
-0.000492107
-0.000485332
-0.000474173
-0.000465161
-0.000456197
-0.000440086
-0.000429328
-0.000428779
-0.000418245
-0.000407879
-0.000397279
-0.00038669
-0.00037628
-0.00036588
-0.00035524
-0.000344539
-0.000334518
-0.000323783
-0.000313666
-0.000303117
-0.000282995
-0.000280788
-0.000269271
-0.000255858
-0.000243922
-0.000231718
-0.000220014
-0.000207821
-0.000196481
-0.000184107
-0.000172174
-0.000160482
-0.000148557
-0.000135846
-0.000107547
-0.000109762
-9.63526e-05
-8.12794e-05
-6.76188e-05
-5.26291e-05
-3.91319e-05
-2.53351e-05
-1.17826e-05
2.27011e-06
1.56175e-05
2.91433e-05
4.50193e-05
5.91919e-05
8.96178e-05
0.000105247
0.000103816
0.000118854
0.000134408
0.000149956
0.000165566
0.000181466
0.000198664
0.000214269
0.000228694
0.000245774
0.000260934
0.000276472
0.000293519
0.000326222
0.000327109
0.000344405
0.000363787
0.000381228
0.000398624
0.000419817
0.000437979
0.000455125
0.000472607
0.000490089
0.000508672
0.000527613
0.000545543
0.000578501
0.000597103
0.000601408
0.000620502
0.000640482
0.000660337
0.000679986
0.000699043
0.000718467
0.000740196
0.000759692
0.000778966
0.000800766
0.000820171
0.000841908
0.000875747
0.00089388
0.00090256
0.000923501
0.000944442
0.000967745
0.000986867
0.00101084
0.0010316
0.00105277
0.00107424
0.00109982
0.00112134
0.0011409
0.00116308
0.00119953
0.00120856
0.00123118
0.00125459
0.00127728
0.00130522
0.00132742
0.0013509
0.00137349
0.0013972
0.00142238
0.00144479
0.00146806
0.00149082
0.00151424
0.00155207
0.00156214
0.00158764
0.0016125
0.00163954
0.00166453
0.0016889
0.0017135
0.00173736
0.00176307
0.00178992
0.00181396
0.00183864
0.00186547
0.00188782
0.00192825
0.00195759
0.00196805
0.00199356
0.00201927
0.00204858
0.00207517
0.00210059
0.00212798
0.00215395
0.00218311
0.00220921
0.00223515
0.00226296
0.00228862
0.00231508
0.00235672
0.00238732
0.00240039
0.00242901
0.00245941
0.00248736
0.00251666
0.00254468
0.00257314
0.00260053
0.00263128
0.00266004
0.00268759
0.00271596
0.00274416
0.00277283
0.00281664
0.00284899
0.00286378
0.00289315
0.00292564
0.00295565
0.00298691
0.00301622
0.00304702
0.00307657
0.00310703
0.00313995
0.00316964
0.00319996
0.00323282
0.00326199
0.00329397
0.00334387
0.00337266
0.00339081
0.0034231
0.00345489
0.00348653
0.00351909
0.00355337
0.00358537
0.00361588
0.00364829
0.00367983
0.00371152
0.00374575
0.00377887
0.00381087
0.00384308
0.00389776
0.00393215
0.0039462
0.00398141
0.00401416
0.00405103
0.00408507
0.00411905
0.00415388
0.00419002
0.00422106
0.00425888
0.00429351
0.0043281
0.00436079
0.00439483
0.00443181
0.00446348
0.00452032
0.00455716
0.00457612
0.0046121
0.00464824
0.00468443
0.00472024
0.00475639
0.00479471
0.00483183
0.00486676
0.00490323
0.00493888
0.00497859
0.00501448
0.00505029
0.00508899
0.0051261
0.00518373
0.00522611
0.00524001
0.00527958
0.00532062
0.00535875
0.00539637
0.00543825
0.00547683
0.00551531
0.00555348
0.00559199
0.00563248
0.00567079
0.0057089
0.00574728
0.00578447
0.00582595
0.00586018
0.00592009
0.00596448
0.00600511
0.00602339
0.00606574
0.00610708
0.00614716
0.00619066
0.00623193
0.00627219
0.00631237
0.00635268
0.00639324
0.00643425
0.00647558
0.00651654
0.00655693
0.00659676
0.00663762
0.00668039
0.00674686
0.00678683
0.00680834
0.00685141
0.00689773
0.00693932
0.00698259
0.00702465
0.00706794
0.00711409
0.00715798
0.00720055
0.00725225
0.00729587
0.00733871
0.00738116
0.00742785
0.00747018
0.00751313
0.00757764
0.007625
0.00767047
0.00769398
0.00773939
0.00778116
0.00782597
0.00787079
0.00791821
0.00796356
0.00800799
0.00805579
0.00809882
0.00814665
0.00819102
0.00823603
0.00828196
0.00832764
0.00837474
0.00841954
0.00846499
0.00853622
0.00857854
0.00860841
0.00865237
0.00870172
0.00874965
0.00879768
0.00884529
0.00889229
0.00893936
0.00899104
0.00903672
0.00908384
0.00913053
0.00917848
0.00922865
0.00927584
0.00932299
0.00937106
0.00941656
0.00946671
0.0095362
0.00958897
0.0096121
0.00966296
0.00971187
0.00976428
0.00981222
0.00986105
0.00991017
0.00995923
0.0100108
0.0100599
0.0101095
0.0101506
0.0101993
0.0102484
0.0103023
0.0103502
0.0103985
0.0104484
0.0104994
0.0105501
0.0106256
0.0106847
0.0107039
0.0107602
0.0108116
0.0108618
0.0109127
0.0109696
0.0110216
0.0110742
0.0111267
0.011178
0.0112281
0.0112851
0.0113367
0.0113883
0.0114391
0.0114916
0.011545
0.0115961
0.0116454
0.0116967
0.0117811
0.0118354
0.0118614
0.0119149
0.0119707
0.0120217
0.0120801
0.0121348
0.0121884
0.0122408
0.0122952
0.0123519
0.0124045
0.0124586
0.0125168
0.0125705
0.0126247
0.0126786
0.0127325
0.0127925
0.0128464
0.0129001
0.0129931
0.0130452
0.0131041
0.0131293
0.0131847
0.01324
0.0133012
0.0133572
0.0134156
0.0134727
0.0135292
0.0135852
0.0136442
0.0137052
0.0137628
0.013819
0.0138745
0.0139387
0.0139948
0.0140544
0.0141119
0.0141691
0.0142242
0.0143222
0.0143875
0.014444
0.0144652
0.014526
0.014588
0.0146499
0.0147085
0.0147703
0.0148336
0.0148963
0.0149557
0.0150153
0.0150815
0.015142
0.015205
0.0152646
0.0153234
0.015387
0.0154465
0.0155066
0.0155674
0.0156323
0.0157391
0.0157973
0.0158633
0.0158821
0.0159502
0.0160144
0.0160805
0.016145
0.0162084
0.0162736
0.016336
0.0163993
0.0164657
0.0165301
0.0165923
0.0166614
0.0167239
0.0167876
0.0168501
0.0169192
0.0169834
0.0170456
0.0171101
0.0171743
0.0172879
0.0173514
0.0173791
0.0174476
0.0175157
0.0175799
0.0176512
0.0177175
0.0177841
0.0178522
0.0179231
0.0179896
0.0180598
0.0181268
0.0181945
0.01826
0.018328
0.0183997
0.0184663
0.0185323
0.0186001
0.0186706
0.0187382
0.0188501
0.0189245
0.0189912
0.0190242
0.0190955
0.0191637
0.0192391
0.019309
0.0193786
0.0194479
0.0195227
0.0195939
0.0196646
0.0197313
0.019803
0.0198787
0.0199479
0.0200179
0.0200902
0.0201607
0.0202352
0.0203038
0.0203751
0.0204856
0.0205595
0.0206373
0.0206687
0.0207429
0.0208195
0.0208926
0.020967
0.0210405
0.0211156
0.0211925
0.021266
0.0213408
0.0214154
0.0214898
0.0215683
0.0216386
0.0217152
0.0217892
0.0218652
0.0219394
0.0220127
0.0220867
0.0221638
0.0222867
0.022357
0.022431
0.0224689
0.022548
0.0226295
0.0227069
0.0227852
0.0228654
0.0229429
0.02302
0.0231024
0.0231778
0.0232545
0.023333
0.0234114
0.0234902
0.0235735
0.0236517
0.0237246
0.0238089
0.0238869
0.0239664
0.0240399
0.0241714
0.024246
0.0243302
0.0243666
0.0244467
0.0245291
0.0246171
0.0246974
0.0247774
0.0248626
0.0249405
0.0250224
0.0251092
0.0251888
0.0252687
0.0253494
0.0254336
0.0255156
0.0255956
0.0256824
0.0257629
0.0258459
0.0259262
0.0260074
0.0261388
0.0262206
0.0263042
0.0264007
0.0264324
0.0265192
0.0266041
0.0266859
0.026772
0.0268582
0.0269455
0.0270348
0.0271203
0.0271981
0.0272865
0.0273753
0.0274584
0.0275461
0.0276306
0.0277214
0.0278081
0.0278941
0.0279801
0.0280649
0.0281994
0.0282968
0.0283845
0.0284707
0.0285584
0.0285985
0.0286881
0.0287747
0.0288653
0.0289575
0.0290489
0.0291392
0.0292324
0.029318
0.0294114
0.0294994
0.0295923
0.0296818
0.0297714
0.0298593
0.0299527
0.0300412
0.0301295
0.0302254
0.0303168
0.0304048
0.0305514
0.0306417
0.0307435
0.0307774
0.030872
0.0309603
0.0310614
0.0311521
0.0312511
0.0313424
0.0314362
0.0315371
0.0316277
0.0317278
0.0318211
0.0319134
0.0320084
0.0321025
0.0321996
0.0322877
0.032386
0.0324781
0.0325732
0.0326698
0.0327644
0.032917
0.0330236
0.0331161
0.0331551
0.033255
0.0333573
0.033453
0.0335507
0.0336523
0.0337511
0.0338525
0.0339545
0.0340529
0.0341492
0.0342528
0.034352
0.0344471
0.0345449
0.0346467
0.0347491
0.0348399
0.0349362
0.0350388
0.0351386
0.0352348
0.0353912
0.0354948
0.0356077
0.035648
0.0357514
0.0358525
0.0359661
0.0360703
0.0361703
0.0362778
0.0363855
0.0364883
0.0365908
0.0366986
0.0367997
0.0369096
0.0370127
0.0371117
0.0372202
0.0373238
0.0374328
0.0375366
0.0376356
0.0377469
0.0378475
0.0380065
0.0381227
0.0381684
0.0382722
0.0383859
0.0384955
0.0386027
0.0387093
0.038822
0.0389346
0.0390444
0.0391571
0.0392702
0.0393601
0.0394673
0.0395755
0.0396885
0.0397994
0.0399064
0.0400176
0.0401229
0.0402363
0.040345
0.0404515
0.0405598
0.0407402
0.0408535
0.0409714
0.0410219
0.0411342
0.0412509
0.0413613
0.0414775
0.0415888
0.0417092
0.0418187
0.0419358
0.0420464
0.0421655
0.0422837
0.0423969
0.0425145
0.0426239
0.0427453
0.0428566
0.0429629
0.0430893
0.043197
0.0433142
0.0434296
0.0436162
0.0437385
0.0438522
0.0439004
0.0440183
0.0441463
0.0442608
0.0443847
0.044503
0.0446258
0.0447494
0.0448609
0.0449872
0.0451112
0.0452298
0.0453492
0.0454732
0.0455925
0.0457107
0.0458403
0.0459554
0.0460776
0.0461978
0.0463209
0.0464361
0.0466543
0.0467723
0.0468904
0.0469395
0.047066
0.0471956
0.0473182
0.047439
0.047567
0.0476989
0.0478268
0.0479565
0.048079
0.0482041
0.048325
0.0484572
0.0485794
0.048712
0.048835
0.0489623
0.0490842
0.0492119
0.0493341
0.0494533
0.0496711
0.0498073
0.0499437
0.0500785
0.0501179
0.0502489
0.0503861
0.0505267
0.0506599
0.05079
0.0509335
0.0510691
0.0511947
0.0513302
0.0514577
0.0515951
0.0517263
0.0518616
0.0519932
0.0521313
0.0522586
0.052401
0.0525304
0.0526708
0.0527998
0.0530444
0.0531837
0.0533132
0.0533608
0.0535083
0.0536482
0.0537954
0.0539363
0.0540806
0.054219
0.0543632
0.0545027
0.0546437
0.054779
0.0549299
0.0550626
0.0552039
0.0553473
0.0554847
0.0556286
0.0557803
0.0558933
0.0560342
0.0561901
0.0564357
0.0565999
0.056748
0.0567897
0.0569356
0.0570883
0.0572363
0.057387
0.0575326
0.057685
0.0578288
0.0579803
0.0581355
0.0582833
0.0584375
0.0585839
0.0587367
0.058887
0.0590313
0.0591804
0.0593279
0.0594837
0.0596353
0.0597878
0.0600433
0.0602123
0.0603708
0.0604211
0.0605821
0.0607341
0.0608925
0.0610516
0.0612
0.0613629
0.0615259
0.0616833
0.0618302
0.0619933
0.0621566
0.0623208
0.0624743
0.0626324
0.0628025
0.0629577
0.0631242
0.0632921
0.0634521
0.0636111
0.0638984
0.0640756
0.064252
0.0642884
0.0644576
0.0646404
0.0647926
0.0649682
0.0651381
0.0653126
0.0654829
0.0656525
0.065823
0.0659966
0.0661667
0.0663309
0.0665054
0.0666838
0.0668469
0.067023
0.0671962
0.06737
0.0675363
0.0677135
0.0680839
0.0682682
0.0682914
0.0684616
0.0686447
0.0688312
0.0690092
0.0691897
0.0693821
0.0695658
0.0697496
0.069943
0.0701169
0.0702947
0.0704866
0.0706705
0.0708582
0.071028
0.0712325
0.0714191
0.0716125
0.0718147
0.0722126
0.0723964
0.0724047
0.0726026
0.0727927
0.0730178
0.0732186
0.0734283
0.0736383
0.0738253
0.074024
0.0742287
0.074434
0.0746562
0.0748555
0.0750418
0.0752583
0.0754649
0.0756461
0.0758655
0.0762485
0.0764682
0.0765066
0.0766973
0.0769167
0.0771402
0.0773663
0.0775845
0.0777871
0.0780158
0.0782173
0.0784647
0.0786926
0.0789058
0.0791088
0.0793274
0.0795582
0.0797946
0.080011
0.0802222
0.0806462
0.0808786
0.0809219
0.0811626
0.081402
0.0816175
0.0818678
0.0821222
0.082324
0.0825659
0.0828124
0.0830467
0.0832907
0.083522
0.0837571
0.0840072
0.0842427
0.0844936
0.0847172
0.0851305
0.0853768
0.0854462
0.0856943
0.0859568
0.0862153
0.0864821
0.0867299
0.0869937
0.0872442
0.0874947
0.0877409
0.087994
0.0882584
0.0884966
0.0887666
0.089034
0.089305
0.0895596
0.0900069
0.0902996
0.0903823
0.0905943
0.0908882
0.0911603
0.0914466
0.0917477
0.0919981
0.0922776
0.0925626
0.0928397
0.0931258
0.0933837
0.0936717
0.093974
0.0942328
0.0945131
0.0950374
0.0951118
0.0954176
0.0957327
0.0960319
0.0963436
0.0966115
0.0969219
0.0972293
0.0975263
0.0978326
0.0981339
0.0984498
0.0987708
0.0990633
0.0993649
0.099674
0.100254
0.100456
0.100641
0.100983
0.10131
0.101645
0.101975
0.102296
0.102644
0.102981
0.103298
0.103634
0.103983
0.10433
0.104653
0.104981
0.10532
0.105958
0.106023
0.106365
0.106765
0.107148
0.107525
0.107922
0.108329
0.108681
0.109054
0.109457
0.109846
0.11022
0.110608
0.110961
0.111769
0.11178
0.112229
0.11271
0.11317
0.113603
0.113989
0.114422
0.114859
0.115256
0.115681
0.116117
0.116549
0.116981
0.118046
0.11801
0.118532
0.119043
0.119581
0.120091
0.12061
0.121105
0.121668
0.122163
0.122556
0.123058
0.123742
0.124331
0.124955
0.125596
0.126213
0.126719
0.127342
0.127963
0.128567
0.129193
0.129959
0.130728
0.131476
0.132328
0.133131
0.133845
0.134632
0.13541
0.136347
0.137417
0.138412
0.139283
0.140268
0.141143
0.142188
0.143389
0.144865
0.14579
0.146754
0.147685
0.148728
0.149758
0.150826
0.151732
0.152925
0.153931
0.155065
0.156165
0.15735
0.158603
0.159818
0.161142
0.162389
0.163743
0.165088
0.1664
0.167662
0.169119
0.170438
0.171933
0.173953
0.175104
0.177134
0.178553
0.180762
0.182265
0.184523
0.185741
0.187739
0.189864
0.191998
0.19469
0.196491
0.199115
0.201429
0.203589
0.20672
0.209171
0.211355
0.213729
0.217473
0.21942
0.222215
0.22594
0.228493
0.231376
0.234976
0.239065
0.241842
0.245395
0.249271
0.253862
0.257257
0.260325
0.264971
0.27103
0.274218
0.277935
0.282677
0.287736
0.294387
0.298957
0.303383
0.308161
0.314245
0.322449
0.327067
0.332657
0.338368
