0.115375
0.115375
0.115375
0.115375
0.115375
0.115375
0.115375
0.115375
0.115375
0.115375
0.115375
0.115375
0.115375
0.115375
0.115375
0.115375
0.115375
0.115375
0.115375
0.115375
0.115375
0.173062
0.115375
0.115375
0.115375
0.115375
0.173062
0.115375
0.115375
0.115375
0.115375
0.173062
0.115375
0.115375
0.173062
0.115375
0.115375
0.115375
0.173062
0.115375
0.115375
0.173062
0.115375
0.115375
0.173062
0.115375
0.173062
0.115375
0.115375
0.173062
0.115375
0.173062
0.115375
0.115375
0.173062
0.115375
0.173062
0.115375
0.173062
0.115375
0.115375
0.173062
0.173062
0.115375
0.173062
0.115375
0.173062
0.115375
0.173062
0.115375
0.173062
0.115375
0.173062
0.115375
0.173062
0.173062
0.115375
0.173062
0.173062
0.115375
0.173062
0.115375
0.173062
0.173062
0.115375
0.173062
0.115375
0.173062
0.173062
0.173062
0.115375
0.173062
0.115375
0.173062
0.173062
0.173062
0.115375
0.173062
0.173062
0.115375
0.173062
0.173062
0.173062
0.115375
0.173062
0.173062
0.173062
0.115375
0.173062
0.173062
0.115375
0.173062
0.173062
0.173062
0.115375
0.173062
0.173062
0.115375
0.173062
0.173062
0.173062
0.173062
0.115375
0.173062
0.173062
0.173062
0.115375
0.173062
0.173062
0.173062
0.173062
0.115375
0.173062
0.173062
0.173062
0.173062
0.173062
0.173062
0.115375
0.173062
0.173062
0.173062
0.173062
0.173062
0.173062
0.23075
0.173062
0.173062
0.173062
0.173062
0.173062
0.173062
0.173062
0.23075
0.173062
0.173062
0.173062
0.173062
0.23075
0.173062
0.23075
0.173062
0.173062
0.23075
0.173062
0.23075
0.173062
0.23075
0.23075
0.173062
0.23075
0.23075
0.23075
0.23075
0.23075
0.23075
0.23075
0.23075
0.23075
0.23075
0.288437
0.23075
0.286641
0.227136
0.282224
0.275585
0.273867
0.267176
0.263844
0.258867
0.25401
0.300909
0.293125
0.241474
0.282697
0.278547
0.318869
0.266808
0.305529
0.303206
0.297044
0.289681
0.326598
0.322687
0.318612
0.315833
0.350483
0.344789
0.340646
0.374554
0.371965
0.408038
0.445835
0.448665
0.452018
0.49578
0.545259
0.55708
0.57097
0.628559
0.686222
0.707088
0.725947
0.755766
0.838732
0.887386
0.946496
0.959912
0.905312
0.861349
0.78543
0.807813
0.738654
0.715481
0.651022
0.679142
0.62414
0.571722
0.562806
0.594436
0.508915
0.542332
0.499306
0.495223
0.491587
0.488671
0.449144
0.447672
0.446368
0.445241
0.407673
0.407237
0.443892
0.406886
0.36996
0.407451
0.370643
0.409025
0.334874
0.374368
0.374635
0.339568
0.339885
0.380649
0.304507
0.384576
0.307639
0.349772
0.350223
0.315019
0.315544
0.316155
0.320404
0.320401
0.324549
0.285206
0.326735
0.290714
0.332225
0.293354
0.296888
0.296882
0.300753
0.303624
0.303663
0.264465
0.310999
0.26657
0.315616
0.27351
0.273536
0.276183
0.281477
0.281473
0.283004
0.290619
0.29063
0.245705
0.301144
0.301148
0.250963
0.253015
0.261039
0.313267
0.261078
0.213367
0.326789
0.272393
0.2724
0.225332
0.284805
0.284818
0.227877
0.287002
0.23075
0.23075
0.288437
0.173062
0.288437
0.23075
0.23075
0.23075
0.23075
0.23075
0.173062
0.23075
0.173062
0.23075
0.173062
0.23075
0.173062
0.173062
0.173062
0.173062
0.23075
0.173062
0.115375
0.173062
0.173062
0.173062
0.115375
0.23075
0.115375
0.173062
0.173062
0.115375
0.173062
0.115375
0.173062
0.115375
0.173062
0.115375
0.115375
0.115375
0.115375
0.173062
0.0576874
0.173062
0.115375
0.115375
0.0576874
0.115375
