0.156779
0.156779
0.104519
0.156779
0.156779
0.156779
0.104519
0.156779
0.156779
0.156779
0.156779
0.104519
0.156779
0.156779
0.156779
0.156779
0.104519
0.156779
0.156779
0.156779
0.156779
0.156779
0.156779
0.104519
0.156779
0.156779
0.156779
0.156779
0.156779
0.104519
0.156779
0.156779
0.156779
0.156779
0.156779
0.156779
0.156779
0.156779
0.156779
0.156779
0.156779
0.156779
0.156779
0.156779
0.104519
0.209038
0.156779
0.156779
0.156779
0.104519
0.156779
0.209038
0.156779
0.156779
0.156779
0.156779
0.156779
0.156779
0.156779
0.156779
0.104519
0.156779
0.209038
0.156779
0.156779
0.156779
0.156779
0.156779
0.156779
0.156779
0.156779
0.156779
0.156779
0.156779
0.156779
0.156779
0.156779
0.209038
0.156779
0.156779
0.209038
0.156779
0.156779
0.156779
0.156779
0.209038
0.156779
0.156779
0.209038
0.156779
0.156779
0.209038
0.156779
0.209038
0.156779
0.209038
0.156779
0.209038
0.209038
0.156779
0.209038
0.156779
0.209038
0.209038
0.209038
0.209038
0.156779
0.209038
0.209038
0.209038
0.209038
0.209038
0.209038
0.209038
0.261298
0.209038
0.209038
0.209038
0.261298
0.209038
0.261298
0.261298
0.261298
0.209038
0.261298
0.261298
0.261298
0.313557
0.261298
0.261298
0.313557
0.313557
0.261298
0.313557
0.313557
0.365817
0.313557
0.365817
0.305508
0.402045
0.343643
0.335138
0.38005
0.36995
0.361923
0.355252
0.393853
0.387828
0.384861
0.417441
0.410268
0.403555
0.437204
0.470957
0.467023
0.465272
0.543089
0.545082
0.549888
0.597354
0.647035
0.661498
0.716875
0.73247
0.748634
0.813298
0.840327
0.878023
0.968394
0.940672
0.989014
0.955503
0.824151
0.895645
0.825235
0.761409
0.783196
0.724462
0.670221
0.659507
0.650909
0.643272
0.597231
0.592587
0.549278
0.546633
0.544446
0.542737
0.541508
0.502287
0.502207
0.502268
0.464034
0.503406
0.465204
0.466534
0.467921
0.429814
0.432712
0.473108
0.437251
0.398968
0.402423
0.44549
0.408074
0.410483
0.372671
0.416082
0.37867
0.37942
0.38539
0.429889
0.349276
0.392955
0.353044
0.4014
0.356839
0.365267
0.36529
0.368784
0.37473
0.374752
0.334419
0.385145
0.337065
0.345606
0.347052
0.347096
0.357706
0.357714
0.357788
0.313557
0.365817
0.365817
0.313557
0.313557
0.313557
0.313557
0.365817
0.261298
0.313557
0.313557
0.261298
0.313557
0.261298
0.313557
0.261298
0.261298
0.313557
0.261298
0.261298
0.209038
0.261298
0.261298
0.261298
0.209038
0.261298
0.209038
0.209038
0.261298
0.209038
0.209038
0.209038
0.209038
0.156779
0.209038
0.209038
0.156779
0.209038
0.156779
0.209038
0.156779
0.209038
0.156779
0.156779
0.156779
0.156779
0.156779
0.156779
0.104519
0.156779
0.156779
0.104519
