-0.212441
-0.210443
-0.208444
-0.206446
-0.204447
-0.202449
-0.20045
-0.198452
-0.196454
-0.194455
-0.192457
-0.190458
-0.18846
-0.186461
-0.184463
-0.182465
-0.180466
-0.178468
-0.176469
-0.174471
-0.172472
-0.170474
-0.168475
-0.166477
-0.164479
-0.16248
-0.160482
-0.158483
-0.156485
-0.154486
-0.152488
-0.150489
-0.148491
-0.146493
-0.144494
-0.142496
-0.140497
-0.138499
-0.1365
-0.134502
-0.132504
-0.130505
-0.128507
-0.126508
-0.12451
-0.122511
-0.120513
-0.118514
-0.116516
-0.114518
-0.112519
-0.110521
-0.108522
-0.106524
-0.104525
-0.102527
-0.100529
-0.0985301
-0.0965316
-0.0945332
-0.0925348
-0.0905363
-0.0885379
-0.0865394
-0.084541
-0.0825426
-0.0805441
-0.0785457
-0.0765472
-0.0745488
-0.0725504
-0.0705519
-0.0685535
-0.066555
-0.0645566
-0.0625582
-0.0605597
-0.0585613
-0.0565628
-0.0545644
-0.052566
-0.0505675
-0.0485691
-0.0465706
-0.0445722
-0.0425738
-0.0405753
-0.0385769
-0.0365784
-0.03458
-0.0325816
-0.0305831
-0.0285847
-0.0265863
-0.0245878
-0.0225894
-0.0205909
-0.0185925
-0.0165941
-0.0145956
-0.0125972
-0.0105987
-0.0086003
-0.00660186
-0.00460342
-0.00260498
-0.000606538
0.0013919
0.00339034
0.00538878
0.00738722
0.00938566
0.0113841
0.0133825
0.015381
0.0173794
0.0193779
0.0213763
0.0233747
0.0253732
0.0273716
0.0293701
0.0313685
0.0333669
0.0353654
0.0373638
0.0393623
0.0413607
0.0433591
0.0453576
0.047356
0.0493544
0.0513529
0.0533513
0.0553498
0.0573482
0.0593466
0.0613451
0.0633435
0.065342
0.0673404
0.0693388
0.0713373
0.0733357
0.0753342
0.0773326
0.079331
0.0813295
0.0833279
0.0853264
0.0873248
0.0893232
0.0913217
0.0933201
0.0953186
0.097317
0.0993154
0.101314
0.103312
0.105311
0.107309
0.109308
0.111306
0.113305
0.115303
0.117301
0.1193
0.121298
0.123297
0.125295
0.127294
0.129292
0.13129
0.133289
0.135287
0.137286
0.139284
0.141283
0.143281
0.14528
0.147278
0.149276
0.151275
0.153273
0.155272
