-0.284432
-0.28439
-0.284348
-0.284306
-0.284263
-0.284221
-0.284179
-0.284136
-0.284094
-0.284051
-0.284009
-0.283967
-0.283924
-0.283882
-0.283839
-0.283797
-0.283755
-0.283712
-0.28367
-0.283628
-0.283585
-0.283543
-0.2835
-0.283458
-0.283416
-0.283373
-0.283331
-0.283289
-0.283246
-0.283204
-0.283161
-0.283119
-0.283077
-0.283034
-0.282992
-0.282949
-0.282907
-0.282865
-0.282822
-0.28278
-0.282738
-0.282695
-0.282653
-0.28261
-0.282568
-0.282526
-0.282483
-0.282441
-0.282399
-0.282356
-0.282314
-0.282271
-0.282229
-0.282187
-0.282144
-0.282102
-0.282059
-0.282017
-0.281975
-0.281932
-0.28189
-0.281848
-0.281805
-0.281763
-0.28172
-0.281678
-0.281636
-0.281593
-0.281551
-0.281509
-0.281466
-0.281424
-0.281381
-0.281339
-0.281297
-0.281254
-0.281212
-0.281169
-0.281127
-0.281085
-0.281042
-0.281
-0.280958
-0.280915
-0.280873
-0.28083
-0.280788
-0.280746
-0.280703
-0.280661
-0.280619
-0.280576
-0.280534
-0.280491
-0.280449
-0.280407
-0.280364
-0.280322
-0.280279
-0.280237
-0.280195
-0.280152
-0.28011
-0.280068
-0.280025
-0.279983
-0.27994
-0.279898
-0.279856
-0.279813
-0.279771
-0.279728
-0.279686
-0.279644
-0.279601
-0.279559
-0.279517
-0.279474
-0.279432
-0.279389
-0.279347
-0.279305
-0.279262
-0.27922
-0.279178
-0.279135
-0.279093
-0.27905
-0.279008
-0.278966
-0.278923
-0.278881
-0.278838
-0.278796
-0.278754
-0.278711
-0.278669
-0.278627
-0.278584
-0.278542
-0.278499
-0.278457
-0.278415
-0.278372
-0.27833
-0.278288
-0.278245
-0.278203
-0.27816
-0.278118
-0.278076
-0.278033
-0.277991
-0.277948
-0.277906
-0.277864
-0.277821
-0.277779
-0.277737
-0.277694
-0.277652
-0.277609
-0.277567
-0.277525
-0.277482
-0.27744
-0.277398
-0.277355
-0.277313
-0.27727
-0.277228
-0.277186
-0.277143
-0.277101
-0.277058
-0.277016
-0.276974
-0.276931
-0.276889
-0.276847
-0.276804
-0.276762
-0.276719
-0.276677
-0.276635
-0.276592
-0.27655
-0.276508
-0.276465
-0.276423
-0.27638
-0.276338
-0.276296
-0.276253
-0.276211
-0.276168
-0.276126
-0.276084
-0.276041
-0.275999
-0.275957
-0.275914
-0.275872
-0.275829
-0.275787
-0.275745
-0.275702
-0.27566
-0.275618
-0.275575
-0.275533
-0.27549
-0.275448
-0.275406
-0.275363
-0.275321
-0.275278
-0.275236
-0.275194
-0.275151
-0.275109
-0.275067
-0.275024
-0.274982
-0.274939
-0.274897
-0.274855
-0.274812
-0.27477
-0.274728
-0.274685
-0.274643
-0.2746
-0.274558
-0.274516
-0.274473
-0.274431
-0.274388
-0.274346
-0.274304
-0.274261
-0.274219
-0.274177
-0.274134
-0.274092
-0.274049
-0.274007
-0.273965
-0.273922
-0.27388
-0.273838
-0.273795
-0.273753
-0.27371
-0.273668
-0.273626
-0.273583
-0.273541
-0.273498
-0.273456
-0.273414
-0.273371
-0.273329
-0.273287
-0.273244
-0.273202
-0.273159
-0.273117
-0.273075
-0.273032
-0.27299
-0.272948
-0.272905
-0.272863
-0.27282
-0.272778
-0.272736
-0.272693
-0.272651
-0.272608
-0.272566
-0.272524
-0.272481
-0.272439
-0.272397
-0.272354
-0.272312
-0.272269
-0.272227
-0.272185
-0.272142
-0.2721
-0.272058
-0.272015
-0.271973
-0.27193
-0.271888
-0.271846
-0.271803
-0.271761
-0.271718
-0.271676
-0.271634
-0.271591
-0.271549
-0.271507
-0.271464
-0.271422
-0.271379
-0.271337
-0.271295
-0.271252
-0.27121
-0.271168
-0.271125
-0.271083
-0.27104
-0.270998
-0.270956
-0.270913
-0.270871
-0.270828
-0.270786
-0.270744
-0.270701
-0.270659
-0.270617
-0.270574
-0.270532
-0.270489
-0.270447
-0.270405
-0.270362
-0.27032
-0.270278
-0.270235
-0.270193
-0.27015
-0.270108
-0.270066
-0.270023
-0.269981
-0.269938
-0.269896
-0.269854
-0.269811
-0.269769
-0.269727
-0.269684
-0.269642
-0.269599
-0.269557
-0.269515
-0.269472
-0.26943
-0.269388
-0.269345
-0.269303
-0.26926
-0.269218
-0.269176
-0.269133
-0.269091
-0.269048
-0.269006
-0.268964
-0.268921
-0.268879
-0.268837
-0.268794
-0.268752
-0.268709
-0.268667
-0.268625
-0.268582
-0.26854
-0.268498
-0.268455
-0.268413
-0.26837
-0.268328
-0.268286
-0.268243
-0.268201
-0.268158
-0.268116
-0.268074
-0.268031
-0.267989
-0.267947
-0.267904
-0.267862
-0.267819
-0.267777
-0.267735
-0.267692
-0.26765
-0.267608
-0.267565
-0.267523
-0.26748
-0.267438
-0.267396
-0.267353
-0.267311
-0.267268
-0.267226
-0.267184
-0.267141
-0.267099
-0.267057
-0.267014
-0.266972
-0.266929
-0.266887
-0.266845
-0.266802
-0.26676
-0.266717
-0.266675
-0.266633
-0.26659
-0.266548
-0.266506
-0.266463
-0.266421
-0.266378
-0.266336
-0.266294
-0.266251
-0.266209
-0.266167
-0.266124
-0.266082
-0.266039
-0.265997
-0.265955
-0.265912
-0.26587
-0.265827
-0.265785
-0.265743
-0.2657
-0.265658
-0.265616
-0.265573
-0.265531
-0.265488
-0.265446
-0.265404
-0.265361
-0.265319
-0.265277
-0.265234
-0.265192
-0.265149
-0.265107
-0.265065
-0.265022
-0.26498
-0.264937
-0.264895
-0.264853
-0.26481
-0.264768
-0.264726
-0.264683
-0.264641
-0.264598
-0.264556
-0.264514
-0.264471
-0.264429
-0.264387
-0.264344
-0.264302
-0.264259
-0.264217
-0.264175
-0.264132
-0.26409
-0.264047
-0.264005
-0.263963
-0.26392
-0.263878
-0.263836
-0.263793
-0.263751
-0.263708
-0.263666
-0.263624
-0.263581
-0.263539
-0.263497
-0.263454
-0.263412
-0.263369
-0.263327
-0.263285
-0.263242
-0.2632
-0.263157
-0.263115
-0.263073
-0.26303
-0.262988
-0.262946
-0.262903
-0.262861
-0.262818
-0.262776
-0.262734
-0.262691
-0.262649
-0.262607
-0.262564
-0.262522
-0.262479
-0.262437
-0.262395
-0.262352
-0.26231
-0.262267
-0.262225
-0.262183
-0.26214
-0.262098
-0.262056
-0.262013
-0.261971
-0.261928
-0.261886
-0.261844
-0.261801
-0.261759
-0.261717
-0.261674
-0.261632
-0.261589
-0.261547
-0.261505
-0.261462
-0.26142
-0.261377
-0.261335
-0.261293
-0.26125
-0.261208
-0.261166
-0.261123
-0.261081
-0.261038
-0.260996
-0.260954
-0.260911
-0.260869
-0.260827
-0.260784
-0.260742
-0.260699
-0.260657
-0.260615
-0.260572
-0.26053
-0.260487
-0.260445
-0.260403
-0.26036
-0.260318
-0.260276
-0.260233
-0.260191
-0.260148
-0.260106
-0.260064
-0.260021
-0.259979
-0.259937
-0.259894
-0.259852
-0.259809
-0.259767
-0.259725
-0.259682
-0.25964
-0.259597
-0.259555
-0.259513
-0.25947
-0.259428
-0.259386
-0.259343
-0.259301
-0.259258
-0.259216
-0.259174
-0.259131
-0.259089
-0.259047
-0.259004
-0.258962
-0.258919
-0.258877
-0.258835
-0.258792
-0.25875
-0.258707
-0.258665
-0.258623
-0.25858
-0.258538
-0.258496
-0.258453
-0.258411
-0.258368
-0.258326
-0.258284
-0.258241
-0.258199
-0.258157
-0.258114
-0.258072
-0.258029
-0.257987
-0.257945
-0.257902
-0.25786
-0.257817
-0.257775
-0.257733
-0.25769
-0.257648
-0.257606
-0.257563
-0.257521
-0.257478
-0.257436
-0.257394
-0.257351
-0.257309
-0.257267
-0.257224
-0.257182
-0.257139
-0.257097
-0.257055
-0.257012
-0.25697
-0.256927
-0.256885
-0.256843
-0.2568
-0.256758
-0.256716
-0.256673
-0.256631
-0.256588
-0.256546
-0.256504
-0.256461
-0.256419
-0.256377
-0.256334
-0.256292
-0.256249
-0.256207
-0.256165
-0.256122
-0.25608
-0.256037
-0.255995
-0.255953
-0.25591
-0.255868
-0.255826
-0.255783
-0.255741
-0.255698
-0.255656
-0.255614
-0.255571
-0.255529
-0.255487
-0.255444
-0.255402
-0.255359
-0.255317
-0.255275
-0.255232
-0.25519
-0.255147
-0.255105
-0.255063
-0.25502
-0.254978
-0.254936
-0.254893
-0.254851
-0.254808
-0.254766
-0.254724
-0.254681
-0.254639
-0.254597
-0.254554
-0.254512
-0.254469
-0.254427
-0.254385
-0.254342
-0.2543
-0.254257
-0.254215
-0.254173
-0.25413
-0.254088
-0.254046
-0.254003
-0.253961
-0.253918
-0.253876
-0.253834
-0.253791
-0.253749
-0.253706
-0.253664
-0.253622
-0.253579
-0.253537
-0.253495
-0.253452
-0.25341
-0.253367
-0.253325
-0.253283
-0.25324
-0.253198
-0.253156
-0.253113
-0.253071
-0.253028
-0.252986
-0.252944
-0.252901
-0.252859
-0.252816
-0.252774
-0.252732
-0.252689
-0.252647
-0.252605
-0.252562
-0.25252
-0.252477
-0.252435
-0.252393
-0.25235
-0.252308
-0.252266
-0.252223
-0.252181
-0.252138
-0.252096
-0.252054
-0.252011
-0.251969
-0.251926
-0.251884
-0.251842
-0.251799
-0.251757
-0.251715
-0.251672
-0.25163
-0.251587
-0.251545
-0.251503
-0.25146
-0.251418
-0.251376
-0.251333
-0.251291
-0.251248
-0.251206
-0.251164
-0.251121
-0.251079
-0.251036
-0.250994
-0.250952
-0.250909
-0.250867
-0.250825
-0.250782
-0.25074
-0.250697
-0.250655
-0.250613
-0.25057
-0.250528
-0.250486
-0.250443
-0.250401
-0.250358
-0.250316
-0.250274
-0.250231
-0.250189
-0.250146
-0.250104
-0.250062
-0.250019
-0.249977
-0.249935
-0.249892
-0.24985
-0.249807
-0.249765
-0.249723
-0.24968
-0.249638
-0.249596
-0.249553
-0.249511
-0.249468
-0.249426
-0.249384
-0.249341
-0.249299
-0.249256
-0.249214
-0.249172
-0.249129
-0.249087
-0.249045
-0.249002
-0.24896
-0.248917
-0.248875
-0.248833
-0.24879
-0.248748
-0.248706
-0.248663
-0.248621
-0.248578
-0.248536
-0.248494
-0.248451
-0.248409
-0.248366
-0.248324
-0.248282
-0.248239
-0.248197
-0.248155
-0.248112
-0.24807
-0.248027
-0.247985
-0.247943
-0.2479
-0.247858
-0.247816
-0.247773
-0.247731
-0.247688
-0.247646
-0.247604
-0.247561
-0.247519
-0.247476
-0.247434
-0.247392
-0.247349
-0.247307
-0.247265
-0.247222
-0.24718
-0.247137
-0.247095
-0.247053
-0.24701
-0.246968
-0.246926
-0.246883
-0.246841
-0.246798
-0.246756
-0.246714
-0.246671
-0.246629
-0.246586
-0.246544
-0.246502
-0.246459
-0.246417
-0.246375
-0.246332
-0.24629
-0.246247
-0.246205
-0.246163
-0.24612
-0.246078
-0.246036
-0.245993
-0.245951
-0.245908
-0.245866
-0.245824
-0.245781
-0.245739
-0.245696
-0.245654
-0.245612
-0.245569
-0.245527
-0.245485
-0.245442
-0.2454
-0.245357
-0.245315
-0.245273
-0.24523
-0.245188
-0.245146
-0.245103
-0.245061
-0.245018
-0.244976
-0.244934
-0.244891
-0.244849
-0.244806
-0.244764
-0.244722
-0.244679
-0.244637
-0.244595
-0.244552
-0.24451
-0.244467
-0.244425
-0.244383
-0.24434
-0.244298
-0.244256
-0.244213
-0.244171
-0.244128
-0.244086
-0.244044
-0.244001
-0.243959
-0.243916
-0.243874
-0.243832
-0.243789
-0.243747
-0.243705
-0.243662
-0.24362
-0.243577
-0.243535
-0.243493
-0.24345
-0.243408
-0.243366
-0.243323
-0.243281
-0.243238
-0.243196
-0.243154
-0.243111
-0.243069
-0.243026
-0.242984
-0.242942
-0.242899
-0.242857
-0.242815
-0.242772
-0.24273
-0.242687
-0.242645
-0.242603
-0.24256
-0.242518
-0.242476
-0.242433
-0.242391
-0.242348
-0.242306
-0.242264
-0.242221
-0.242179
-0.242136
-0.242094
-0.242052
-0.242009
-0.241967
-0.241925
-0.241882
-0.24184
-0.241797
-0.241755
-0.241713
-0.24167
-0.241628
-0.241586
-0.241543
-0.241501
-0.241458
-0.241416
-0.241374
-0.241331
-0.241289
-0.241246
-0.241204
-0.241162
-0.241119
-0.241077
-0.241035
-0.240992
-0.24095
-0.240907
-0.240865
-0.240823
-0.24078
-0.240738
-0.240695
-0.240653
-0.240611
-0.240568
-0.240526
-0.240484
-0.240441
-0.240399
-0.240356
-0.240314
-0.240272
-0.240229
-0.240187
-0.240145
-0.240102
-0.24006
-0.240017
-0.239975
-0.239933
-0.23989
-0.239848
-0.239805
-0.239763
-0.239721
-0.239678
-0.239636
-0.239594
-0.239551
-0.239509
-0.239466
-0.239424
-0.239382
-0.239339
-0.239297
-0.239255
-0.239212
-0.23917
-0.239127
-0.239085
-0.239043
-0.239
-0.238958
-0.238915
-0.238873
-0.238831
-0.238788
-0.238746
-0.238704
-0.238661
-0.238619
-0.238576
-0.238534
-0.238492
-0.238449
-0.238407
-0.238365
-0.238322
-0.23828
-0.238237
-0.238195
-0.238153
-0.23811
-0.238068
-0.238025
-0.237983
-0.237941
-0.237898
-0.237856
-0.237814
-0.237771
-0.237729
-0.237686
-0.237644
-0.237602
-0.237559
-0.237517
-0.237475
-0.237432
-0.23739
-0.237347
-0.237305
-0.237263
-0.23722
-0.237178
-0.237135
-0.237093
-0.237051
-0.237008
-0.236966
-0.236924
-0.236881
-0.236839
-0.236796
-0.236754
-0.236712
-0.236669
-0.236627
-0.236585
-0.236542
-0.2365
-0.236457
-0.236415
-0.236373
-0.23633
-0.236288
-0.236245
-0.236203
-0.236161
-0.236118
-0.236076
-0.236034
-0.235991
-0.235949
-0.235906
-0.235864
-0.235822
-0.235779
-0.235737
-0.235695
-0.235652
-0.23561
-0.235567
-0.235525
-0.235483
-0.23544
-0.235398
-0.235355
-0.235313
-0.235271
-0.235228
-0.235186
-0.235144
-0.235101
-0.235059
-0.235016
-0.234974
-0.234932
-0.234889
-0.234847
-0.234805
-0.234762
-0.23472
-0.234677
-0.234635
-0.234593
-0.23455
-0.234508
-0.234465
-0.234423
-0.234381
-0.234338
-0.234296
-0.234254
-0.234211
-0.234169
-0.234126
-0.234084
-0.234042
-0.233999
-0.233957
-0.233915
-0.233872
-0.23383
-0.233787
-0.233745
-0.233703
-0.23366
-0.233618
-0.233575
-0.233533
-0.233491
-0.233448
-0.233406
-0.233364
-0.233321
-0.233279
-0.233236
-0.233194
-0.233152
-0.233109
-0.233067
-0.233025
-0.232982
-0.23294
-0.232897
-0.232855
-0.232813
-0.23277
-0.232728
-0.232685
-0.232643
-0.232601
-0.232558
-0.232516
-0.232474
-0.232431
-0.232389
-0.232346
-0.232304
-0.232262
-0.232219
-0.232177
-0.232135
-0.232092
-0.23205
-0.232007
-0.231965
-0.231923
-0.23188
-0.231838
-0.231795
-0.231753
-0.231711
-0.231668
-0.231626
-0.231584
-0.231541
-0.231499
-0.231456
-0.231414
-0.231372
-0.231329
-0.231287
-0.231245
-0.231202
-0.23116
-0.231117
-0.231075
-0.231033
-0.23099
-0.230948
-0.230905
-0.230863
-0.230821
-0.230778
-0.230736
-0.230694
-0.230651
-0.230609
-0.230566
-0.230524
-0.230482
-0.230439
-0.230397
-0.230355
-0.230312
-0.23027
-0.230227
-0.230185
-0.230143
-0.2301
-0.230058
-0.230015
-0.229973
-0.229931
-0.229888
-0.229846
-0.229804
-0.229761
-0.229719
-0.229676
-0.229634
-0.229592
-0.229549
-0.229507
-0.229465
-0.229422
-0.22938
-0.229337
-0.229295
-0.229253
-0.22921
-0.229168
-0.229125
-0.229083
-0.229041
-0.228998
-0.228956
-0.228914
-0.228871
-0.228829
-0.228786
-0.228744
-0.228702
-0.228659
-0.228617
-0.228574
-0.228532
-0.22849
-0.228447
-0.228405
-0.228363
-0.22832
-0.228278
-0.228235
-0.228193
-0.228151
-0.228108
-0.228066
-0.228024
-0.227981
-0.227939
-0.227896
-0.227854
-0.227812
-0.227769
-0.227727
-0.227684
-0.227642
-0.2276
-0.227557
-0.227515
-0.227473
-0.22743
-0.227388
-0.227345
-0.227303
-0.227261
-0.227218
-0.227176
-0.227134
-0.227091
-0.227049
-0.227006
-0.226964
-0.226922
-0.226879
-0.226837
-0.226794
-0.226752
-0.22671
-0.226667
-0.226625
-0.226583
-0.22654
-0.226498
-0.226455
-0.226413
-0.226371
-0.226328
-0.226286
-0.226244
-0.226201
-0.226159
-0.226116
-0.226074
-0.226032
-0.225989
-0.225947
-0.225904
-0.225862
-0.22582
-0.225777
-0.225735
-0.225693
-0.22565
-0.225608
-0.225565
-0.225523
-0.225481
-0.225438
-0.225396
-0.225354
-0.225311
-0.225269
-0.225226
-0.225184
-0.225142
-0.225099
-0.225057
-0.225014
-0.224972
-0.22493
-0.224887
-0.224845
-0.224803
-0.22476
-0.224718
-0.224675
-0.224633
-0.224591
-0.224548
-0.224506
-0.224464
-0.224421
-0.224379
-0.224336
-0.224294
-0.224252
-0.224209
-0.224167
-0.224124
-0.224082
-0.22404
-0.223997
-0.223955
-0.223913
-0.22387
-0.223828
-0.223785
-0.223743
-0.223701
-0.223658
-0.223616
-0.223574
-0.223531
-0.223489
-0.223446
-0.223404
-0.223362
-0.223319
-0.223277
-0.223234
-0.223192
-0.22315
-0.223107
-0.223065
-0.223023
-0.22298
-0.222938
-0.222895
-0.222853
-0.222811
-0.222768
-0.222726
-0.222684
-0.222641
-0.222599
-0.222556
-0.222514
-0.222472
-0.222429
-0.222387
-0.222344
-0.222302
-0.22226
-0.222217
-0.222175
-0.222133
-0.22209
-0.222048
-0.222005
-0.221963
-0.221921
-0.221878
-0.221836
-0.221794
-0.221751
-0.221709
-0.221666
-0.221624
-0.221582
-0.221539
-0.221497
-0.221454
-0.221412
-0.22137
-0.221327
-0.221285
-0.221243
-0.2212
-0.221158
-0.221115
-0.221073
-0.221031
-0.220988
-0.220946
-0.220904
-0.220861
-0.220819
-0.220776
-0.220734
-0.220692
-0.220649
-0.220607
-0.220564
-0.220522
-0.22048
-0.220437
-0.220395
-0.220353
-0.22031
-0.220268
-0.220225
-0.220183
-0.220141
-0.220098
-0.220056
-0.220014
-0.219971
-0.219929
-0.219886
-0.219844
-0.219802
-0.219759
-0.219717
-0.219674
-0.219632
-0.21959
-0.219547
-0.219505
-0.219463
-0.21942
-0.219378
-0.219335
-0.219293
-0.219251
-0.219208
-0.219166
-0.219124
-0.219081
-0.219039
-0.218996
-0.218954
-0.218912
-0.218869
-0.218827
-0.218784
-0.218742
-0.2187
-0.218657
-0.218615
-0.218573
-0.21853
-0.218488
-0.218445
-0.218403
-0.218361
-0.218318
-0.218276
-0.218234
-0.218191
-0.218149
-0.218106
-0.218064
-0.218022
-0.217979
-0.217937
-0.217894
-0.217852
-0.21781
-0.217767
-0.217725
-0.217683
-0.21764
-0.217598
-0.217555
-0.217513
-0.217471
-0.217428
-0.217386
-0.217344
-0.217301
-0.217259
-0.217216
-0.217174
-0.217132
-0.217089
-0.217047
-0.217004
-0.216962
-0.21692
-0.216877
-0.216835
-0.216793
-0.21675
-0.216708
-0.216665
-0.216623
-0.216581
-0.216538
-0.216496
-0.216454
-0.216411
-0.216369
-0.216326
-0.216284
-0.216242
-0.216199
-0.216157
-0.216114
-0.216072
-0.21603
-0.215987
-0.215945
-0.215903
-0.21586
-0.215818
-0.215775
-0.215733
-0.215691
-0.215648
-0.215606
-0.215563
-0.215521
-0.215479
-0.215436
-0.215394
-0.215352
-0.215309
-0.215267
-0.215224
-0.215182
-0.21514
-0.215097
-0.215055
-0.215013
-0.21497
-0.214928
-0.214885
-0.214843
-0.214801
-0.214758
-0.214716
-0.214673
-0.214631
-0.214589
-0.214546
-0.214504
-0.214462
-0.214419
-0.214377
-0.214334
-0.214292
-0.21425
-0.214207
-0.214165
-0.214123
-0.21408
-0.214038
-0.213995
-0.213953
-0.213911
-0.213868
-0.213826
-0.213783
-0.213741
-0.213699
-0.213656
-0.213614
-0.213572
-0.213529
-0.213487
-0.213444
-0.213402
-0.21336
-0.213317
-0.213275
-0.213233
-0.21319
-0.213148
-0.213105
-0.213063
-0.213021
-0.212978
-0.212936
-0.212893
-0.212851
-0.212809
-0.212766
-0.212724
-0.212682
-0.212639
-0.212597
-0.212554
-0.212512
-0.21247
-0.212427
-0.212385
-0.212343
-0.2123
-0.212258
-0.212215
-0.212173
-0.212131
-0.212088
-0.212046
-0.212003
-0.211961
-0.211919
-0.211876
-0.211834
-0.211792
-0.211749
-0.211707
-0.211664
-0.211622
-0.21158
-0.211537
-0.211495
-0.211453
-0.21141
-0.211368
-0.211325
-0.211283
-0.211241
-0.211198
-0.211156
-0.211113
-0.211071
-0.211029
-0.210986
-0.210944
-0.210902
-0.210859
-0.210817
-0.210774
-0.210732
-0.21069
-0.210647
-0.210605
-0.210563
-0.21052
-0.210478
-0.210435
-0.210393
-0.210351
-0.210308
-0.210266
-0.210223
-0.210181
-0.210139
-0.210096
-0.210054
-0.210012
-0.209969
-0.209927
-0.209884
-0.209842
-0.2098
-0.209757
-0.209715
-0.209673
-0.20963
-0.209588
-0.209545
-0.209503
-0.209461
-0.209418
-0.209376
-0.209333
-0.209291
-0.209249
-0.209206
-0.209164
-0.209122
-0.209079
-0.209037
-0.208994
-0.208952
-0.20891
-0.208867
-0.208825
-0.208783
-0.20874
-0.208698
-0.208655
-0.208613
-0.208571
-0.208528
-0.208486
-0.208443
-0.208401
-0.208359
-0.208316
-0.208274
-0.208232
-0.208189
-0.208147
-0.208104
-0.208062
-0.20802
-0.207977
-0.207935
-0.207893
-0.20785
-0.207808
-0.207765
-0.207723
-0.207681
-0.207638
-0.207596
-0.207553
-0.207511
-0.207469
-0.207426
-0.207384
-0.207342
-0.207299
-0.207257
-0.207214
-0.207172
-0.20713
-0.207087
-0.207045
-0.207003
-0.20696
-0.206918
-0.206875
-0.206833
-0.206791
-0.206748
-0.206706
-0.206663
-0.206621
-0.206579
-0.206536
-0.206494
-0.206452
-0.206409
-0.206367
-0.206324
-0.206282
-0.20624
-0.206197
-0.206155
-0.206113
-0.20607
-0.206028
-0.205985
-0.205943
-0.205901
-0.205858
-0.205816
-0.205773
-0.205731
-0.205689
-0.205646
-0.205604
-0.205562
-0.205519
-0.205477
-0.205434
-0.205392
-0.20535
-0.205307
-0.205265
-0.205223
-0.20518
-0.205138
-0.205095
-0.205053
-0.205011
-0.204968
-0.204926
-0.204883
-0.204841
-0.204799
-0.204756
-0.204714
-0.204672
-0.204629
-0.204587
-0.204544
-0.204502
-0.20446
-0.204417
-0.204375
-0.204333
-0.20429
-0.204248
-0.204205
-0.204163
-0.204121
-0.204078
-0.204036
-0.203993
-0.203951
-0.203909
-0.203866
-0.203824
-0.203782
-0.203739
-0.203697
-0.203654
-0.203612
-0.20357
-0.203527
-0.203485
-0.203443
-0.2034
-0.203358
-0.203315
-0.203273
-0.203231
-0.203188
-0.203146
-0.203103
-0.203061
-0.203019
-0.202976
-0.202934
-0.202892
-0.202849
-0.202807
-0.202764
-0.202722
-0.20268
-0.202637
-0.202595
-0.202552
-0.20251
-0.202468
-0.202425
-0.202383
-0.202341
-0.202298
-0.202256
-0.202213
-0.202171
-0.202129
-0.202086
-0.202044
-0.202002
-0.201959
-0.201917
-0.201874
-0.201832
-0.20179
-0.201747
-0.201705
-0.201662
-0.20162
-0.201578
-0.201535
-0.201493
-0.201451
-0.201408
-0.201366
-0.201323
-0.201281
-0.201239
-0.201196
-0.201154
-0.201112
-0.201069
-0.201027
-0.200984
-0.200942
-0.2009
-0.200857
-0.200815
-0.200772
-0.20073
-0.200688
-0.200645
-0.200603
-0.200561
-0.200518
-0.200476
-0.200433
-0.200391
-0.200349
-0.200306
-0.200264
-0.200222
-0.200179
-0.200137
-0.200094
-0.200052
-0.20001
-0.199967
-0.199925
-0.199882
-0.19984
-0.199798
-0.199755
-0.199713
-0.199671
-0.199628
-0.199586
-0.199543
-0.199501
-0.199459
-0.199416
-0.199374
-0.199332
-0.199289
-0.199247
-0.199204
-0.199162
-0.19912
-0.199077
-0.199035
-0.198992
-0.19895
-0.198908
-0.198865
-0.198823
-0.198781
-0.198738
-0.198696
-0.198653
-0.198611
-0.198569
-0.198526
-0.198484
-0.198442
-0.198399
-0.198357
-0.198314
-0.198272
-0.19823
-0.198187
-0.198145
-0.198102
-0.19806
-0.198018
-0.197975
-0.197933
-0.197891
-0.197848
-0.197806
-0.197763
-0.197721
-0.197679
-0.197636
-0.197594
-0.197552
-0.197509
-0.197467
-0.197424
-0.197382
-0.19734
-0.197297
-0.197255
-0.197212
-0.19717
-0.197128
-0.197085
-0.197043
-0.197001
-0.196958
-0.196916
-0.196873
-0.196831
-0.196789
-0.196746
-0.196704
-0.196662
-0.196619
-0.196577
-0.196534
-0.196492
-0.19645
-0.196407
-0.196365
-0.196322
-0.19628
-0.196238
-0.196195
-0.196153
-0.196111
-0.196068
-0.196026
-0.195983
-0.195941
-0.195899
-0.195856
-0.195814
-0.195772
-0.195729
-0.195687
-0.195644
-0.195602
-0.19556
-0.195517
-0.195475
-0.195432
-0.19539
-0.195348
-0.195305
-0.195263
-0.195221
-0.195178
-0.195136
-0.195093
-0.195051
-0.195009
-0.194966
-0.194924
-0.194882
-0.194839
-0.194797
-0.194754
-0.194712
-0.19467
-0.194627
-0.194585
-0.194542
-0.1945
-0.194458
-0.194415
-0.194373
-0.194331
-0.194288
-0.194246
-0.194203
-0.194161
-0.194119
-0.194076
-0.194034
-0.193992
-0.193949
-0.193907
-0.193864
-0.193822
-0.19378
-0.193737
-0.193695
-0.193652
-0.19361
-0.193568
-0.193525
-0.193483
-0.193441
-0.193398
-0.193356
-0.193313
-0.193271
-0.193229
-0.193186
-0.193144
-0.193102
-0.193059
-0.193017
-0.192974
-0.192932
-0.19289
-0.192847
-0.192805
-0.192762
-0.19272
-0.192678
-0.192635
-0.192593
-0.192551
-0.192508
-0.192466
-0.192423
-0.192381
-0.192339
-0.192296
-0.192254
-0.192212
-0.192169
-0.192127
-0.192084
-0.192042
-0.192
-0.191957
-0.191915
-0.191872
-0.19183
-0.191788
-0.191745
-0.191703
-0.191661
-0.191618
-0.191576
-0.191533
-0.191491
-0.191449
-0.191406
-0.191364
-0.191322
-0.191279
-0.191237
-0.191194
-0.191152
-0.19111
-0.191067
-0.191025
-0.190982
-0.19094
-0.190898
-0.190855
-0.190813
-0.190771
-0.190728
-0.190686
-0.190643
-0.190601
-0.190559
-0.190516
-0.190474
-0.190432
-0.190389
-0.190347
-0.190304
-0.190262
-0.19022
-0.190177
-0.190135
-0.190092
-0.19005
-0.190008
-0.189965
-0.189923
-0.189881
-0.189838
-0.189796
-0.189753
-0.189711
-0.189669
-0.189626
-0.189584
-0.189541
-0.189499
-0.189457
-0.189414
-0.189372
-0.18933
-0.189287
-0.189245
-0.189202
-0.18916
-0.189118
-0.189075
-0.189033
-0.188991
-0.188948
-0.188906
-0.188863
-0.188821
-0.188779
-0.188736
-0.188694
-0.188651
-0.188609
-0.188567
-0.188524
-0.188482
-0.18844
-0.188397
-0.188355
-0.188312
-0.18827
-0.188228
-0.188185
-0.188143
-0.188101
-0.188058
-0.188016
-0.187973
-0.187931
-0.187889
-0.187846
-0.187804
-0.187761
-0.187719
-0.187677
-0.187634
-0.187592
-0.18755
-0.187507
-0.187465
-0.187422
-0.18738
-0.187338
-0.187295
-0.187253
-0.187211
-0.187168
-0.187126
-0.187083
-0.187041
-0.186999
-0.186956
-0.186914
-0.186871
-0.186829
-0.186787
-0.186744
-0.186702
-0.18666
-0.186617
-0.186575
-0.186532
-0.18649
-0.186448
-0.186405
-0.186363
-0.186321
-0.186278
-0.186236
-0.186193
-0.186151
-0.186109
-0.186066
-0.186024
-0.185981
-0.185939
-0.185897
-0.185854
-0.185812
-0.18577
-0.185727
-0.185685
-0.185642
-0.1856
-0.185558
-0.185515
-0.185473
-0.185431
-0.185388
-0.185346
-0.185303
-0.185261
-0.185219
-0.185176
-0.185134
-0.185091
-0.185049
-0.185007
-0.184964
-0.184922
-0.18488
-0.184837
-0.184795
-0.184752
-0.18471
-0.184668
-0.184625
-0.184583
-0.184541
-0.184498
-0.184456
-0.184413
-0.184371
-0.184329
-0.184286
-0.184244
-0.184201
-0.184159
-0.184117
-0.184074
-0.184032
-0.18399
-0.183947
-0.183905
-0.183862
-0.18382
-0.183778
-0.183735
-0.183693
-0.183651
-0.183608
-0.183566
-0.183523
-0.183481
-0.183439
-0.183396
-0.183354
-0.183311
-0.183269
-0.183227
-0.183184
-0.183142
-0.1831
-0.183057
-0.183015
-0.182972
-0.18293
-0.182888
-0.182845
-0.182803
-0.182761
-0.182718
-0.182676
-0.182633
-0.182591
-0.182549
-0.182506
-0.182464
-0.182421
-0.182379
-0.182337
-0.182294
-0.182252
-0.18221
-0.182167
-0.182125
-0.182082
-0.18204
-0.181998
-0.181955
-0.181913
-0.181871
-0.181828
-0.181786
-0.181743
-0.181701
-0.181659
-0.181616
-0.181574
-0.181531
-0.181489
-0.181447
-0.181404
-0.181362
-0.18132
-0.181277
-0.181235
-0.181192
-0.18115
-0.181108
-0.181065
-0.181023
-0.180981
-0.180938
-0.180896
-0.180853
-0.180811
-0.180769
-0.180726
-0.180684
-0.180641
-0.180599
-0.180557
-0.180514
-0.180472
-0.18043
-0.180387
-0.180345
-0.180302
-0.18026
-0.180218
-0.180175
-0.180133
-0.180091
-0.180048
-0.180006
-0.179963
-0.179921
-0.179879
-0.179836
-0.179794
-0.179751
-0.179709
-0.179667
-0.179624
-0.179582
-0.17954
-0.179497
-0.179455
-0.179412
-0.17937
-0.179328
-0.179285
-0.179243
-0.179201
-0.179158
-0.179116
-0.179073
-0.179031
-0.178989
-0.178864
-0.178822
-0.178779
-0.178737
-0.178694
-0.178652
-0.17861
-0.178567
-0.178525
-0.178482
-0.17844
-0.0402476
-0.0402836
-0.0402543
-0.0402245
-0.040196
-0.0401637
-0.0401377
-0.0401077
-0.0400782
-0.0400485
-0.0400173
-0.0399884
-0.0399587
-0.0399302
-0.0399001
-0.0398726
-0.0398444
-0.0398182
-0.0397893
-0.0397619
-0.0397315
-0.0397026
-0.0396701
-0.0396393
-0.0396106
-0.0395819
-0.0395523
-0.0395259
-0.0395026
-0.0394719
-0.039443
-0.0394125
-0.0393826
-0.0393524
-0.0393228
-0.0392901
-0.0392603
-0.0392293
-0.0391991
-0.0391695
-0.0391396
-0.0391074
-0.039078
-0.0390501
-0.0390183
-0.0389863
-0.0389556
-0.0389263
-0.0388955
-0.0388672
-0.0388358
-0.0388067
-0.0387769
-0.0387452
-0.038716
-0.0386862
-0.0386564
-0.0386255
-0.0385939
-0.0385633
-0.0385377
-0.0385058
-0.0384765
-0.0384463
-0.0384232
-0.0383921
-0.0383617
-0.0383309
-0.0382989
-0.0382695
-0.0382391
-0.038208
-0.0381774
-0.038142
-0.0381143
-0.0380814
-0.0380507
-0.0380203
-0.0379905
-0.0379601
-0.0379301
-0.0378984
-0.037868
-0.0378374
-0.037807
-0.0377756
-0.0377378
-0.0377072
-0.0376776
-0.0376477
-0.0376166
-0.0375874
-0.0375571
-0.0375279
-0.0374967
-0.0374647
-0.0374354
-0.0374056
-0.0373744
-0.0373435
-0.0373135
-0.0372832
-0.037253
-0.0372221
-0.0371929
-0.0371595
-0.0371305
-0.0370999
-0.0370693
-0.0370369
-0.0370064
-0.0369765
-0.0369466
-0.0369142
-0.0368849
-0.0368541
-0.0368229
-0.0367909
-0.0367601
-0.0367294
-0.0366988
-0.0366669
-0.0366365
-0.0366048
-0.0365717
-0.0365421
-0.0365118
-0.0364796
-0.0364489
-0.0364174
-0.0363855
-0.0363563
-0.0363254
-0.0362924
-0.0362621
-0.036231
-0.0362009
-0.0361694
-0.0361384
-0.036108
-0.0360745
-0.0360415
-0.0360117
-0.03598
-0.0359482
-0.0359172
-0.0358861
-0.0358544
-0.0358224
-0.0357917
-0.0357594
-0.0357293
-0.0356988
-0.0356675
-0.0356376
-0.0356076
-0.0355727
-0.0355406
-0.0355094
-0.0354781
-0.0354466
-0.0354159
-0.035385
-0.0353543
-0.0353232
-0.0352916
-0.0352642
-0.0352331
-0.0352012
-0.0351728
-0.0351406
-0.0351091
-0.0350778
-0.0350466
-0.0350151
-0.0349844
-0.0349536
-0.0349207
-0.034891
-0.0348594
-0.0348289
-0.0347976
-0.0347645
-0.0347323
-0.0347008
-0.0346692
-0.0346384
-0.0346069
-0.034576
-0.0345449
-0.0345108
-0.0344817
-0.0344503
-0.0344152
-0.0343835
-0.034352
-0.0343206
-0.0342893
-0.034258
-0.0342266
-0.0341953
-0.034164
-0.0341316
-0.0341039
-0.0340726
-0.0340413
-0.0340089
-0.0339772
-0.0339453
-0.0339139
-0.0338831
-0.033852
-0.0338199
-0.0337875
-0.0337563
-0.0337274
-0.0336927
-0.0336636
-0.033633
-0.0336007
-0.0335691
-0.033538
-0.0335057
-0.0334752
-0.0334443
-0.0334118
-0.0333802
-0.0333477
-0.0333163
-0.0332853
-0.0332518
-0.0332202
-0.0331891
-0.0331582
-0.0331244
-0.0330921
-0.03306
-0.033029
-0.0329977
-0.0329645
-0.0329334
-0.0329022
-0.03287
-0.0328377
-0.0328079
-0.032773
-0.0327424
-0.0327114
-0.0326797
-0.0326477
-0.0326164
-0.0325848
-0.0325537
-0.0325229
-0.0324908
-0.0324606
-0.0324289
-0.0323971
-0.0323658
-0.0323326
-0.032301
-0.0322688
-0.0322378
-0.0322052
-0.0321737
-0.0321424
-0.0321104
-0.0320771
-0.0320458
-0.0320133
-0.031982
-0.0319502
-0.0319181
-0.0318845
-0.0318539
-0.0318207
-0.0317891
-0.0317592
-0.0317261
-0.0316938
-0.0316578
-0.0316259
-0.0315936
-0.0315619
-0.0315282
-0.0314985
-0.0314655
-0.031435
-0.0314019
-0.0313722
-0.0313403
-0.0313055
-0.0312736
-0.0312424
-0.0312107
-0.0311785
-0.0311468
-0.0311137
-0.0310835
-0.0310542
-0.0310221
-0.0309897
-0.030958
-0.0309259
-0.0308948
-0.0308608
-0.0308296
-0.0307984
-0.0307668
-0.0307352
-0.0307035
-0.0306709
-0.0306391
-0.0306063
-0.0305757
-0.0305448
-0.0305119
-0.0304822
-0.0304484
-0.0304198
-0.030388
-0.0303563
-0.0303243
-0.0302945
-0.0302633
-0.0302316
-0.0301995
-0.0301676
-0.0301364
-0.030105
-0.0300706
-0.0300382
-0.0300065
-0.0299743
-0.0299426
-0.02991
-0.0298798
-0.0298487
-0.0298176
-0.029787
-0.029756
-0.0297228
-0.0296906
-0.029659
-0.0296264
-0.0295953
-0.0295639
-0.0295327
-0.0295012
-0.0294706
-0.0294365
-0.0294041
-0.0293731
-0.0293426
-0.0293104
-0.0292764
-0.0292474
-0.0292141
-0.0291824
-0.0291506
-0.0291177
-0.0290861
-0.0290543
-0.029023
-0.0289914
-0.0289607
-0.0289291
-0.0288976
-0.0288656
-0.0288347
-0.028803
-0.0287711
-0.0287386
-0.0287085
-0.0286784
-0.0286436
-0.0286132
-0.0285758
-0.0285445
-0.028513
-0.0284827
-0.0284522
-0.0284207
-0.0283901
-0.0283584
-0.0283267
-0.0282944
-0.0282615
-0.0282294
-0.028199
-0.0281683
-0.0281387
-0.028108
-0.0280768
-0.0280447
-0.028012
-0.0279784
-0.0279462
-0.0279158
-0.0278837
-0.0278499
-0.0278189
-0.0277865
-0.0277555
-0.0277237
-0.0276931
-0.027663
-0.0276302
-0.0275989
-0.0275668
-0.0275349
-0.0275031
-0.0274713
-0.0274392
-0.0274076
-0.0273758
-0.0273392
-0.027317
-0.0272844
-0.0272531
-0.0272205
-0.0271881
-0.0271562
-0.0271238
-0.0270919
-0.027059
-0.0270286
-0.0269949
-0.0269645
-0.0269328
-0.0269016
-0.0268698
-0.0268378
-0.026809
-0.026777
-0.0267439
-0.0267123
-0.0266799
-0.0266481
-0.0266128
-0.0265811
-0.0265486
-0.0265166
-0.0264814
-0.026449
-0.0264176
-0.0263862
-0.0263555
-0.0263241
-0.026291
-0.0262592
-0.026227
-0.0261942
-0.0261613
-0.0261291
-0.0260971
-0.026064
-0.026032
-0.0259996
-0.0259669
-0.025934
-0.0259021
-0.0258648
-0.0258335
-0.0258008
-0.0257689
-0.025736
-0.0257071
-0.025674
-0.0256419
-0.0256092
-0.0255732
-0.0255412
-0.025509
-0.0254762
-0.025444
-0.0254097
-0.0253769
-0.0253439
-0.0253131
-0.025281
-0.0252482
-0.0252153
-0.0251829
-0.0251506
-0.0251166
-0.0250837
-0.0250511
-0.0250183
-0.0249855
-0.024953
-0.0249245
-0.0248918
-0.0248584
-0.0248208
-0.0247899
-0.0247569
-0.0247237
-0.0246911
-0.0246583
-0.0246258
-0.0245926
-0.0245586
-0.0245261
-0.024493
-0.0244595
-0.024426
-0.0243971
-0.0243681
-0.0243315
-0.0242998
-0.024266
-0.0242374
-0.0242043
-0.024171
-0.0241313
-0.0240986
-0.0240655
-0.0240318
-0.0239985
-0.0239653
-0.0239337
-0.0238997
-0.0238661
-0.0238329
-0.0238011
-0.0237676
-0.0237331
-0.0237001
-0.0236666
-0.0236328
-0.0236
-0.023567
-0.0235395
-0.0235006
-0.0234733
-0.0234385
-0.0234021
-0.0233685
-0.0233352
-0.0233025
-0.0232694
-0.0232352
-0.0232018
-0.0231665
-0.0231352
-0.0231021
-0.0230686
-0.0230351
-0.0230018
-0.0229677
-0.0229336
-0.0229005
-0.0228674
-0.0228345
-0.0228015
-0.0227675
-0.0227331
-0.0226985
-0.0226648
-0.0226311
-0.022597
-0.0225633
-0.0225285
-0.022495
-0.0224608
-0.0224263
-0.0223918
-0.0223593
-0.0223251
-0.022291
-0.0222568
-0.0222227
-0.0221893
-0.0221548
-0.0221209
-0.0220865
-0.0220516
-0.0220179
-0.0219841
-0.0219497
-0.0219156
-0.0218813
-0.0218465
-0.0218125
-0.0217781
-0.0217427
-0.0217074
-0.0216724
-0.0216383
-0.021604
-0.0215688
-0.0215362
-0.0215019
-0.0214669
-0.0214328
-0.0213984
-0.0213595
-0.021325
-0.0212899
-0.0212551
-0.0212203
-0.021185
-0.0211507
-0.021116
-0.0210839
-0.0210492
-0.021015
-0.0209802
-0.0209385
-0.020905
-0.0208696
-0.0208366
-0.0208022
-0.0207663
-0.0207313
-0.0206956
-0.0206609
-0.0206257
-0.0205905
-0.0205546
-0.0205186
-0.0204832
-0.0204486
-0.0204133
-0.0203789
-0.020344
-0.0203086
-0.0202722
-0.0202366
-0.0202016
-0.0201669
-0.0201314
-0.0200949
-0.0200597
-0.0200243
-0.0199884
-0.0199521
-0.019916
-0.0198794
-0.0198441
-0.0198085
-0.0197709
-0.0197352
-0.0197004
-0.0196645
-0.0196293
-0.0195941
-0.0195584
-0.0195219
-0.0194882
-0.0194541
-0.0194181
-0.0193827
-0.0193461
-0.0193087
-0.0192726
-0.0192365
-0.0192006
-0.0191647
-0.0191295
-0.0190935
-0.0190579
-0.0190212
-0.0189878
-0.0189494
-0.018916
-0.0188805
-0.0188436
-0.018807
-0.0187713
-0.0187367
-0.0187
-0.0186631
-0.0186276
-0.0185909
-0.0185544
-0.0185174
-0.0184814
-0.018445
-0.0184083
-0.0183721
-0.0183351
-0.0182988
-0.0182621
-0.0182265
-0.0181902
-0.0181531
-0.0181161
-0.0180792
-0.0180428
-0.0180064
-0.0179665
-0.0179298
-0.0178931
-0.0178587
-0.0178214
-0.0177851
-0.0177482
-0.0177119
-0.0176754
-0.0176374
-0.0175999
-0.0175634
-0.0175264
-0.0174899
-0.0174516
-0.0174144
-0.0173774
-0.0173407
-0.0173042
-0.0172702
-0.0172334
-0.0171961
-0.0171585
-0.0171177
-0.0170799
-0.0170424
-0.0170059
-0.0169678
-0.016931
-0.0168941
-0.0168568
-0.0168221
-0.0167846
-0.0167483
-0.0167107
-0.0166729
-0.0166354
-0.0165978
-0.0165604
-0.0165228
-0.0164849
-0.0164479
-0.0164106
-0.0163726
-0.0163355
-0.0162981
-0.0162591
-0.0162212
-0.0161843
-0.0161528
-0.0161143
-0.0160772
-0.0160394
-0.0160021
-0.0159645
-0.0159267
-0.0158893
-0.0158521
-0.0158148
-0.0157766
-0.0157383
-0.0157003
-0.015662
-0.0156241
-0.0155863
-0.0155478
-0.0155098
-0.0154715
-0.0154326
-0.0153954
-0.0153567
-0.0153192
-0.0152808
-0.0152421
-0.0152041
-0.0151573
-0.0151192
-0.0150808
-0.0150443
-0.0150059
-0.0149675
-0.014936
-0.0148979
-0.0148601
-0.0148214
-0.014786
-0.0147465
-0.0147088
-0.0146685
-0.0146301
-0.0145911
-0.0145533
-0.0145148
-0.0144769
-0.0144383
-0.0144003
-0.0143621
-0.0143235
-0.0142824
-0.0142431
-0.0142049
-0.0141663
-0.0141277
-0.0140884
-0.0140492
-0.0140107
-0.0139713
-0.0139336
-0.0138948
-0.0138567
-0.0138173
-0.0137788
-0.0137406
-0.0137014
-0.0136621
-0.0136239
-0.0135848
-0.0135454
-0.013509
-0.0134698
-0.0134309
-0.013392
-0.0133531
-0.0133154
-0.0132757
-0.0132364
-0.0131978
-0.0131576
-0.0131191
-0.0130791
-0.0130405
-0.0130014
-0.0129624
-0.0129236
-0.0128826
-0.0128442
-0.0128057
-0.0127636
-0.0127239
-0.0126878
-0.0126483
-0.0126091
-0.0125702
-0.0125304
-0.0124912
-0.0124516
-0.0124128
-0.0123731
-0.0123331
-0.012294
-0.0122561
-0.0122167
-0.012176
-0.012137
-0.0120976
-0.0120575
-0.0120182
-0.0119795
-0.0119405
-0.0118999
-0.011861
-0.0118222
-0.011782
-0.0117421
-0.0117025
-0.0116655
-0.0116221
-0.0115824
-0.0115472
-0.0115078
-0.0114683
-0.0114282
-0.0113888
-0.0113495
-0.0113097
-0.0112703
-0.0112297
-0.011187
-0.0111431
-0.0111028
-0.0110639
-0.0110291
-0.0109886
-0.0109495
-0.010909
-0.0108729
-0.010833
-0.010793
-0.0107536
-0.0107124
-0.0106678
-0.0106273
-0.0105853
-0.0105461
-0.0105072
-0.0104676
-0.0104276
-0.0103877
-0.0103469
-0.0103075
-0.0102666
-0.0102259
-0.0101859
-0.0101454
-0.0101118
-0.0100715
-0.0100316
-0.00999152
-0.00995103
-0.00990981
-0.00987013
-0.00982866
-0.00978842
-0.00974455
-0.00970413
-0.00965869
-0.00961784
-0.00957953
-0.00953885
-0.00949785
-0.00945803
-0.00941739
-0.00937658
-0.00933656
-0.00929641
-0.00925534
-0.00921536
-0.00917376
-0.00913385
-0.00909305
-0.00905259
-0.00901184
-0.00897168
-0.0089322
-0.00889246
-0.00885625
-0.00881499
-0.00877425
-0.00873268
-0.00869204
-0.00865095
-0.00860993
-0.00856748
-0.00852586
-0.00848236
-0.00844218
-0.00840488
-0.0083636
-0.00832385
-0.00828306
-0.00824313
-0.00820138
-0.00816753
-0.00812666
-0.00808536
-0.0080441
-0.00800225
-0.00796128
-0.00791989
-0.00787912
-0.00783698
-0.00779558
-0.0077545
-0.00771302
-0.00767126
-0.00763079
-0.00758974
-0.00754091
-0.00749937
-0.0074588
-0.00741922
-0.00737805
-0.00733722
-0.00729593
-0.00725522
-0.00721352
-0.00717202
-0.00713119
-0.00708982
-0.00705359
-0.00701279
-0.00697089
-0.00692959
-0.00688834
-0.00684466
-0.00680296
-0.00676397
-0.00672211
-0.00668089
-0.00663955
-0.00659764
-0.00655642
-0.00651518
-0.00647371
-0.00643453
-0.00639352
-0.00635138
-0.00630844
-0.00626659
-0.00622482
-0.00618302
-0.00614141
-0.00610057
-0.00606077
-0.00602017
-0.00597758
-0.00593627
-0.00589412
-0.00585319
-0.00581079
-0.00576899
-0.00572768
-0.00568555
-0.0056448
-0.00560304
-0.00556215
-0.00552041
-0.0054785
-0.00543709
-0.00539599
-0.0053546
-0.00531356
-0.00527116
-0.00522977
-0.00518806
-0.00514624
-0.00510485
-0.00506208
-0.00501999
-0.00497763
-0.00493461
-0.00489315
-0.00485055
-0.0048104
-0.00477192
-0.00473014
-0.00468643
-0.00464465
-0.00460269
-0.00455911
-0.0045175
-0.00447568
-0.00444122
-0.00439997
-0.00435822
-0.00431667
-0.00427494
-0.00423237
-0.0041897
-0.0041351
-0.00409318
-0.00405147
-0.00400897
-0.00396674
-0.00392409
-0.00388399
-0.00384188
-0.00379921
-0.00375721
-0.00371489
-0.00367309
-0.00363311
-0.00359159
-0.00354953
-0.00350744
-0.00346569
-0.0034231
-0.00338146
-0.00333899
-0.00329726
-0.00325576
-0.00321366
-0.00317118
-0.00312913
-0.00308687
-0.0030449
-0.00300276
-0.00296076
-0.00292439
-0.00288134
-0.00283961
-0.00279834
-0.00275568
-0.0027131
-0.00267069
-0.00262934
-0.00258642
-0.00254381
-0.002501
-0.0024626
-0.00242011
-0.0023781
-0.00233799
-0.0022957
-0.00225445
-0.00221211
-0.00216997
-0.00212741
-0.00208411
-0.00204099
-0.00200019
-0.00195704
-0.00190819
-0.00187098
-0.00182916
-0.00178666
-0.00174482
-0.00170253
-0.00166039
-0.00161852
-0.00157593
-0.00153349
-0.0014906
-0.00144853
-0.00140539
-0.0013632
-0.0013201
-0.00127748
-0.00123474
-0.00119192
-0.00114963
-0.00110641
-0.00106006
-0.00101896
-0.00097702
-0.000934935
-0.000891687
-0.000849416
-0.000806555
-0.000765165
-0.000724798
-0.000681052
-0.00063752
-0.000594909
-0.000552454
-0.000509965
-0.00046624
-0.000425038
-0.000384543
-0.000341747
-0.000298676
-0.00025606
-0.000212676
-0.000171071
-0.000130087
-8.75569e-05
-4.51557e-05
-2.59592e-06
4.00784e-05
8.28493e-05
0.000126159
0.00016615
0.000209528
0.000253693
0.000297872
0.000340102
0.000381816
0.000424325
0.000464655
0.000507956
0.000550858
0.000594074
0.000637678
0.000681259
0.000723719
0.000766931
0.000809736
0.000852116
0.000901601
0.000945039
0.000990682
0.00103819
0.00107718
0.0011201
0.0011621
0.00120282
0.00124582
0.00128902
0.00133351
0.00137534
0.00141817
0.00146039
0.0015029
0.0015457
0.00158863
0.00162317
0.00166665
0.00170894
0.00175123
0.00179433
0.00183735
0.00187404
0.00191861
0.00196093
0.00200285
0.0020459
0.00208919
0.00213279
0.00217835
0.00221611
0.00225773
0.00230125
0.00234534
0.0023908
0.0024349
0.00247745
0.00252071
0.00257028
0.00261135
0.00265379
0.00269642
0.00273967
0.00278192
0.00282423
0.00286338
0.00290643
0.00294896
0.00299132
0.00303477
0.00307691
0.00311915
0.00316505
0.00320602
0.00324976
0.00329238
0.0033366
0.00337987
0.00342389
0.00346867
0.00351345
0.00355936
0.00360518
0.00364814
0.00369073
0.00373361
0.00378066
0.003822
0.00386487
0.0039076
0.00395003
0.00399274
0.00403518
0.00407803
0.00412091
0.00416374
0.00420627
0.00424898
0.00428258
0.00432583
0.00436964
0.00441222
0.00445434
0.0044982
0.00454187
0.00458637
0.0046298
0.00468001
0.00472315
0.00476656
0.00480972
0.00485288
0.00489598
0.00493296
0.00497954
0.00502299
0.00506506
0.00510882
0.00515211
0.00519862
0.00524214
0.00528736
0.00533128
0.00537569
0.00542018
0.00546106
0.0055052
0.00555
0.00559489
0.00564075
0.00568485
0.00573068
0.00578215
0.0058259
0.00587433
0.00591394
0.00595984
0.00600403
0.00604875
0.00609559
0.00614096
0.0061847
0.00623114
0.00628134
0.0063241
0.00636933
0.00642135
0.00646596
0.00651043
0.00655443
0.00659792
0.00664132
0.00668457
0.00672444
0.00676776
0.0068109
0.0068549
0.00689814
0.00694095
0.00698447
0.00702784
0.00707104
0.00711523
0.00715863
0.00720217
0.00724459
0.00728836
0.00733228
0.0073761
0.00741916
0.00746324
0.00750771
0.00755188
0.00759461
0.00763817
0.00768245
0.00772638
0.00776999
0.00781348
0.00785722
0.00790114
0.00794541
0.00798883
0.0080322
0.00807655
0.00812094
0.00816578
0.00820962
0.00825233
0.00829615
0.00834062
0.00838561
0.00843007
0.00847328
0.00851704
0.00856167
0.00860623
0.00864971
0.00869329
0.00873747
0.00878974
0.00883449
0.00887886
0.00892247
0.00896601
0.00901014
0.00905376
0.00909745
0.00913199
0.00917541
0.00921966
0.00926374
0.00930841
0.00935206
0.00939534
0.00943955
0.00948475
0.00953005
0.00957471
0.00961749
0.00966237
0.00970572
0.00974982
0.00979389
0.0098389
0.00988325
0.00992705
0.00997149
0.0100153
0.0100595
0.0101037
0.0101479
0.0101925
0.0102367
0.0102835
0.0103269
0.0103718
0.0104173
0.0104612
0.0105055
0.0105504
0.0105945
0.0106388
0.010683
0.0107284
0.0107732
0.0108185
0.0108632
0.0109072
0.0109529
0.010998
0.0110417
0.0110856
0.0111312
0.0111762
0.0112209
0.0112653
0.0113088
0.0113536
0.0113985
0.0114434
0.0114876
0.0115298
0.0115747
0.0116184
0.0116654
0.0117217
0.0117659
0.011811
0.0118557
0.0119006
0.0119459
0.0119905
0.0120323
0.0120763
0.0121211
0.0121661
0.0122003
0.0122458
0.0122908
0.0123352
0.0123798
0.0124253
0.0124693
0.012515
0.0125607
0.0126063
0.0126515
0.0126964
0.0127416
0.0127862
0.0128306
0.0128754
0.0129208
0.0129667
0.0130118
0.0130573
0.013103
0.0131491
0.0131953
0.0132389
0.0132829
0.013329
0.0133737
0.0134167
0.0134617
0.0135077
0.0135542
0.0135978
0.0136431
0.013689
0.013734
0.0137812
0.0138241
0.01387
0.0139151
0.0139704
0.0140157
0.0140611
0.0141053
0.0141502
0.0141956
0.014241
0.0142759
0.014322
0.0143677
0.0144131
0.0144562
0.0145024
0.0145466
0.0145918
0.0146368
0.0146838
0.0147282
0.0147728
0.0148179
0.014864
0.0149098
0.0149552
0.0150001
0.0150456
0.0150919
0.0151378
0.0151837
0.0152285
0.0152732
0.0153205
0.0153665
0.0154117
0.0154587
0.0155037
0.0155471
0.0155929
0.0156561
0.0157022
0.0157494
0.0157953
0.0158416
0.0158882
0.0159338
0.0159798
0.0160252
0.0160703
0.0161163
0.016161
0.0162058
0.0162329
0.0162804
0.0163261
0.0163726
0.0164202
0.0164671
0.0165123
0.0165597
0.0166057
0.0166531
0.0167002
0.0167478
0.0168054
0.0168511
0.0168969
0.016942
0.0169876
0.017032
0.0170793
0.0171274
0.0171744
0.0172179
0.0172647
0.0173099
0.0173495
0.017396
0.0174418
0.0174878
0.0175417
0.0175912
0.0176374
0.0176765
0.01772
0.0177664
0.0178155
0.0178592
0.0179071
0.0179558
0.0180056
0.018054
0.0181016
0.0181463
0.0181924
0.0182382
0.0182855
0.0183328
0.0183777
0.0184242
0.0184693
0.0185155
0.0185619
0.0186075
0.0186531
0.0186994
0.0187464
0.0187911
0.0188367
0.0188834
0.018931
0.0189764
0.0190204
0.0190669
0.0191137
0.0191593
0.0192055
0.019253
0.0192976
0.0193404
0.0193859
0.0194295
0.0194751
0.0195236
0.0195716
0.0196176
0.019664
0.0197102
0.0197569
0.0198004
0.0198483
0.0198947
0.0199407
0.019985
0.0200323
0.0200783
0.0201237
0.02017
0.0202159
0.0202624
0.0203095
0.0203555
0.0203987
0.020445
0.020491
0.0205366
0.0205831
0.0206298
0.0206756
0.0207235
0.0207693
0.020817
0.0208637
0.0209081
0.0209553
0.0210023
0.0210488
0.0210954
0.0211407
0.0211871
0.021234
0.02128
0.021327
0.0213729
0.0214156
0.0214638
0.0215107
0.0215562
0.021603
0.0216494
0.021696
0.0217409
0.0217865
0.0218363
0.0218836
0.0219289
0.0219752
0.0220224
0.0220663
0.022114
0.0221596
0.0222055
0.0222537
0.0223004
0.0223444
0.0223917
0.0224385
0.0224847
0.0225305
0.0225773
0.0226245
0.0226712
0.0227183
0.0227655
0.0228122
0.0228598
0.0229062
0.0229512
0.0229995
0.0230456
0.0230915
0.0231376
0.0231866
0.0232327
0.0232786
0.0233251
0.0233736
0.0234202
0.0234637
0.0235105
0.0235575
0.023604
0.0236514
0.0236983
0.0237446
0.0237905
0.0238382
0.0238878
0.023934
0.0239793
0.0240267
0.0240727
0.0241196
0.0241671
0.0242139
0.0242592
0.0243066
0.0243542
0.0244004
0.0244478
0.0244973
0.0245416
0.0245885
0.0246363
0.0246829
0.0247307
0.0247764
0.024824
0.0248641
0.0249111
0.0249577
0.0250067
0.0250547
0.0250992
0.0251441
0.0251926
0.0252399
0.0252881
0.025334
0.0253813
0.0254289
0.0254761
0.0255253
0.0255718
0.0256189
0.0256658
0.0257122
0.0257585
0.025806
0.0258539
0.0259013
0.0259489
0.0259967
0.0260454
0.0260927
0.0261386
0.0261846
0.0262293
0.0262797
0.0263266
0.0263754
0.0264229
0.0264681
0.0265141
0.0265621
0.0266099
0.0266583
0.0267068
0.0267548
0.0268021
0.0268516
0.0268993
0.0269457
0.0269876
0.0270354
0.0270948
0.0271432
0.0271936
0.0272445
0.0272877
0.0273386
0.0273837
0.0274294
0.0274784
0.027527
0.0275751
0.0276221
0.0276695
0.0277134
0.0277633
0.0278108
0.0278576
0.0279068
0.027955
0.0280031
0.0280512
0.0280988
0.0281224
0.0281696
0.0282166
0.0282639
0.0283112
0.0283603
0.028413
0.0284612
0.0285087
0.0285571
0.0286019
0.0286517
0.0286997
0.0287476
0.0287936
0.0288429
0.0288909
0.02894
0.0289879
0.0290347
0.0290853
0.0291336
0.0291837
0.0292316
0.0292761
0.0293244
0.0293722
0.0294201
0.0294694
0.0295173
0.0295693
0.0296187
0.0296672
0.0297164
0.02976
0.0298065
0.029881
0.0299301
0.029974
0.0300268
0.0300756
0.0301196
0.0301657
0.0302146
0.0302653
0.0303138
0.0303627
0.0304108
0.03046
0.0305092
0.030554
0.030604
0.0306518
0.0306965
0.0307501
0.0307981
0.0308471
0.0308949
0.0309421
0.0309902
0.0310388
0.0310888
0.0311354
0.031184
0.0312335
0.0312816
0.0313301
0.0313793
0.0314266
0.031474
0.0315239
0.0315723
0.0316238
0.0316723
0.0317223
0.0317636
0.0318117
0.0318615
0.0319121
0.0319622
0.0320153
0.0320621
0.0321118
0.0321574
0.0322087
0.0322503
0.032307
0.0323545
0.0324049
0.0324567
0.0325022
0.0325524
0.0326034
0.0326509
0.0326984
0.0327493
0.0327981
0.0328476
0.0328967
0.0329458
0.0329916
0.0330404
0.03309
0.0331382
0.0331898
0.033238
0.0332865
0.0333334
0.0333806
0.033431
0.0334789
0.0335288
0.0335779
0.033627
0.0336765
0.0337265
0.0337762
0.0338257
0.033876
0.0339229
0.0339733
0.0340209
0.034071
0.0341175
0.0341726
0.0342209
0.0342723
0.03432
0.0343646
0.0344211
0.0344706
0.0345203
0.0345668
0.0346165
0.0346668
0.0347163
0.034764
0.0348127
0.0348675
0.0349132
0.034961
0.0350111
0.03506
0.0351094
0.0351586
0.03521
0.0352589
0.0353063
0.0353546
0.0354054
0.0354587
0.0355103
0.0355572
0.0356071
0.0356687
0.035716
0.0357664
0.0358186
0.0358691
0.0359188
0.0359675
0.0360184
0.0360698
0.0361205
0.0361671
0.0362182
0.03627
0.0363208
0.0363713
0.0364214
0.0364693
0.0365202
0.0365618
0.0366133
0.0366723
0.0367241
0.0367741
0.0368254
0.0368762
0.0369306
0.0369805
0.0370301
0.0370808
0.0371298
0.0371813
0.0372314
0.0372813
0.0373286
0.0373864
0.0374399
0.0374912
0.0375372
0.0375864
0.0376358
0.037688
0.0377401
0.0377882
0.03784
0.0378927
0.0379419
0.0379925
0.0380426
0.0380929
0.0381442
0.0381938
0.0382477
0.0382981
0.0383507
0.0384018
0.0384467
0.038497
0.0385484
0.0385985
0.0386497
0.0387001
0.0387484
0.038799
0.03885
0.0389005
0.0389515
0.0389949
0.039045
0.0390993
0.0391496
0.0391905
0.0392376
0.0392907
0.0393431
0.0393969
0.0394481
0.0394975
0.0395513
0.0396077
0.0396598
0.0397094
0.0397572
0.0398093
0.0398626
0.0399131
0.0399636
0.040013
0.0400637
0.0401149
0.0401672
0.0402175
0.0402691
0.0403183
0.0403688
0.0404222
0.040473
0.0405254
0.0405758
0.0406277
0.0406785
0.0407265
0.0407767
0.0408282
0.0408809
0.0409362
0.0409878
0.0410419
0.0410869
0.0411389
0.041189
0.0412364
0.0412901
0.041341
0.0413889
0.0414409
0.0414854
0.0415409
0.0415933
0.0416466
0.0416978
0.0417481
0.0418018
0.0418525
0.0419079
0.0419673
0.0420201
0.0420686
0.0421197
0.0421713
0.0422308
0.0422845
0.0423375
0.0423818
0.0424355
0.0424871
0.0425382
0.042591
0.0426423
0.0426946
0.0427462
0.0427962
0.0428478
0.0429032
0.0429531
0.0430064
0.0430524
0.043111
0.0431655
0.0432186
0.0432708
0.0433226
0.0433751
0.0434261
0.0434783
0.0435302
0.0435855
0.0436353
0.0436859
0.0437257
0.0437788
0.0438368
0.0438922
0.0439457
0.0439934
0.0440465
0.0440979
0.0441497
0.0442001
0.044256
0.0443099
0.0443631
0.0444159
0.0444704
0.0445217
0.0445745
0.0446262
0.0446799
0.0447361
0.0447811
0.0448413
0.0449053
0.0449451
0.0449975
0.0450455
0.0451017
0.0451572
0.0452136
0.0452678
0.0453213
0.0453721
0.0454263
0.0454789
0.0455312
0.0455847
0.045638
0.0456932
0.0457462
0.045799
0.0458497
0.0459023
0.0459569
0.0460081
0.0460617
0.0461139
0.0461662
0.0462279
0.0462898
0.0463442
0.0463984
0.0464446
0.0464998
0.0465528
0.0466084
0.0466655
0.0467186
0.0467717
0.046822
0.0468755
0.0469247
0.046976
0.0470331
0.0470866
0.0471355
0.0471927
0.0472484
0.0472995
0.0473544
0.0474029
0.0474604
0.0475089
0.0475628
0.0476306
0.0476821
0.0477371
0.0477929
0.0478354
0.047891
0.0479461
0.0480021
0.0480571
0.0481102
0.0481606
0.0482121
0.0482632
0.0483204
0.0483833
0.0484351
0.0484904
0.0485507
0.0486008
0.0486572
0.0487105
0.0487629
0.0488195
0.0488726
0.0489309
0.0489946
0.0490478
0.0491085
0.0491581
0.0492071
0.0492624
0.0493192
0.0493766
0.049432
0.0494898
0.0495436
0.0495998
0.049654
0.0497091
0.049764
0.0498218
0.0498772
0.049932
0.0499892
0.0500446
0.0501005
0.0501529
0.0502079
0.0502681
0.0503248
0.0503905
0.0504474
0.0505034
0.0505496
0.0506053
0.0506612
0.0507113
0.0507616
0.050815
0.0508702
0.0509241
0.0509798
0.0510362
0.0510968
0.0511525
0.0512079
0.0512663
0.0513265
0.0513862
0.0514399
0.0514946
0.0515497
0.051604
0.0516608
0.051716
0.0517842
0.0518477
0.0518862
0.0519508
0.0519952
0.05205
0.0521068
0.0521653
0.0522262
0.0522827
0.0523363
0.0523978
0.0524643
0.0525245
0.0525797
0.0526317
0.052694
0.052754
0.0528098
0.0528674
0.0529231
0.0529815
0.0530358
0.0531098
0.0531745
0.0532317
0.0532782
0.0533363
0.0533837
0.0534382
0.0534926
0.0535524
0.0536145
0.0536711
0.053736
0.0537927
0.0538482
0.0539001
0.0539606
0.0540182
0.0540819
0.0541426
0.0541988
0.0542605
0.0543161
0.0543791
0.0544366
0.0545111
0.0545736
0.054616
0.0546696
0.0547332
0.0547926
0.0548582
0.0549213
0.0549816
0.0550418
0.0551018
0.0551465
0.0552027
0.0552655
0.0553257
0.0553814
0.0554442
0.0555062
0.0555804
0.05564
0.0557088
0.0557612
0.055824
0.0559075
0.0559685
0.0560112
0.0560721
0.0561349
0.0562003
0.0562536
0.0563252
0.0563717
0.0564306
0.0564901
0.056552
0.0566168
0.0566794
0.0567298
0.0567944
0.0568664
0.0569245
0.0569904
0.0570499
0.0571142
0.0572017
0.0572679
0.0573044
0.0573681
0.0574302
0.0574968
0.0575677
0.0576298
0.0577005
0.0577644
0.0578108
0.0578758
0.0579421
0.0580073
0.0580883
0.0581513
0.0581812
0.0582446
0.0583049
0.0583768
0.0584709
0.0585093
0.0585782
0.0586364
0.0587015
0.0587682
0.0588337
0.0588949
0.0589641
0.0590303
0.0590984
0.0591657
0.0592379
0.0593036
0.0593617
0.0594225
0.0594913
0.059559
0.0596097
0.0597028
0.0597465
0.0598133
0.0598904
0.0599465
0.0600168
0.0600973
0.0601655
0.0602342
0.0603056
0.0603694
0.0604504
0.0605194
0.0605846
0.0606561
0.060713
0.0607808
0.0608806
0.060931
0.0609893
0.0610575
0.0611518
0.0612229
0.0612676
0.061339
0.0614188
0.0614971
0.0615623
0.0616342
0.0617103
0.0617858
0.061859
0.061915
0.0619892
0.0620708
0.062132
0.0622089
0.0622943
0.0623762
0.0624471
0.0625252
0.0626041
0.0626671
0.0627443
0.0628088
0.0628747
0.0629531
0.0630161
0.0630848
0.0631721
0.0632572
0.0633079
0.0633926
0.0634745
0.0635623
0.0636605
0.0637372
0.0638085
0.0638883
0.0639772
0.0640491
0.0641546
0.0642445
0.0643112
0.0644332
0.0644739
0.0645617
0.0646491
0.0647333
0.0647388
0.0648315
0.0649175
0.0650016
0.0650843
0.0651652
0.0652532
0.0653388
0.0654247
0.0654917
0.0656236
0.0656731
0.0657667
0.0658681
0.0659567
0.0660611
0.0661447
0.0662327
0.0663158
0.0664131
0.0665077
0.066604
0.0667239
0.066827
0.0669215
0.0670197
0.0670835
0.0671763
0.0672969
0.0673941
0.0674942
0.0676017
0.0677046
0.0678309
0.067952
0.0680837
0.0682093
0.0683585
0.068477
0.068602
0.068698
0.0688742
0.0690281
0.0691874
0.069345
0.0695023
0.0696553
0.0697844
0.0698829
0.0700284
0.0701615
0.0702874
0.0704641
0.0705663
0.0707395
0.0708843
0.071049
0.0712415
0.0714142
0.0715663
0.0717281
0.0718934
0.0720775
0.0722702
0.0724349
0.0726127
0.0728342
0.0729118
0.0731828
0.0733456
0.0735878
0.0737599
0.0740152
0.074265
0.0744791
0.0747691
0.0749179
0.0751018
0.0753598
