-0.26505
-0.252555
-0.261602
-0.261019
-0.287281
-0.238281
-0.253971
-0.247827
-0.27245
-0.270345
-0.248329
-0.240876
-0.263967
-0.281626
-0.287637
-0.272972
-0.285926
-0.269278
-0.264721
-0.247373
-0.252011
-0.249914
-0.273693
-0.243073
-0.267504
-0.280955
-0.289198
-0.248616
-0.243297
-0.283673
-0.267567
-0.277461
-0.254076
-0.269074
-0.243096
-0.282668
-0.259022
-0.236542
-0.255369
-0.245508
-0.279541
-0.283016
-0.240822
-0.270345
-0.26524
-0.238211
-0.239502
-0.262366
-0.264846
-0.244281
-0.236921
-0.261885
-0.241338
-0.250469
-0.28999
-0.287375
-0.252375
-0.240574
-0.234938
-0.261872
-0.245305
-0.282358
-0.291024
-0.267372
-0.243616
-0.286436
-0.278957
-0.23731
-0.274958
-0.275064
-0.235285
-0.268483
-0.282124
-0.285307
-0.245979
-0.255133
-0.272986
-0.261222
-0.251186
-0.242265
-0.273144
-0.257704
-0.270067
-0.269068
-0.276666
-0.249733
-0.237729
-0.253549
-0.28254
-0.26141
-0.254591
-0.236031
-0.265215
-0.250962
-0.248422
-0.2483
-0.286539
-0.248707
-0.261655
-0.278828
-0.250827
-0.269972
-0.285184
-0.287937
-0.274221
-0.26157
-0.243771
-0.272283
-0.29098
-0.263291
-0.260646
-0.280391
-0.283928
-0.24352
-0.266997
-0.247917
-0.253313
-0.260039
-0.266567
-0.243628
-0.286515
-0.27688
-0.248562
-0.28901
-0.254044
-0.277814
-0.282009
-0.237219
-0.290056
-0.288027
-0.287365
-0.272403
-0.28135
-0.276608
-0.281991
-0.270162
-0.258348
-0.251368
-0.270529
-0.277431
-0.274633
-0.261147
-0.2507
-0.264987
-0.290891
-0.280473
-0.237396
-0.271357
-0.243734
-0.255228
-0.247551
-0.278562
-0.250989
-0.269605
-0.264435
-0.289131
-0.257507
-0.260631
-0.236212
-0.282654
-0.238197
-0.258573
-0.282256
-0.285596
-0.242455
-0.251443
-0.271449
-0.278497
-0.289579
-0.286686
-0.26665
-0.256937
-0.281915
-0.260921
-0.259939
-0.258642
-0.262575
-0.261452
-0.284992
-0.2564
-0.26346
-0.26345
-0.275377
-0.260974
-0.257173
-0.244481
-0.240035
-0.237969
-0.237033
-0.251216
-0.285407
-0.248087
-0.258552
-0.23579
-0.245403
-0.282605
-0.267009
-0.287661
-0.239939
-0.289292
-0.275346
-0.245007
-0.258173
-0.280319
-0.286939
-0.285975
-0.252792
-0.247421
-0.263472
-0.252061
-0.263973
-0.235703
-0.270511
-0.286903
-0.262723
-0.282779
-0.267914
-0.279835
-0.25841
-0.270182
-0.282632
-0.268222
-0.269839
-0.254392
-0.27078
-0.282852
-0.273218
-0.238826
-0.276087
-0.255066
-0.28223
-0.245973
-0.272882
-0.277916
-0.286883
-0.267098
-0.270788
-0.2648
-0.288209
-0.242041
-0.243788
-0.29
-0.261395
-0.243578
-0.254589
-0.272723
-0.275376
-0.243618
-0.260664
-0.277273
-0.277061
-0.24364
-0.252965
-0.284514
-0.265283
-0.242557
-0.287672
-0.281064
-0.257361
-0.25877
-0.279547
-0.277212
-0.236522
-0.246676
-0.258539
-0.262599
-0.284356
-0.269132
-0.28407
-0.242919
-0.270593
-0.25811
-0.281479
-0.240774
-0.251377
-0.275061
-0.286921
-0.281734
-0.266453
-0.275965
-0.278936
-0.238389
-0.270855
-0.246185
-0.284575
-0.269376
-0.239193
-0.243892
-0.237621
-0.258625
-0.2447
-0.271263
-0.248827
-0.256346
-0.283929
-0.283923
-0.265035
-0.252267
-0.284255
-0.287654
-0.278166
-0.288025
-0.289267
-0.252997
-0.257614
-0.265665
-0.261938
-0.256493
-0.254511
-0.279286
-0.284226
-0.260287
-0.2705
-0.23927
-0.245803
-0.251701
-0.26829
-0.261706
-0.283301
-0.267851
-0.280143
-0.267888
-0.255161
-0.271417
-0.272999
-0.26912
-0.247638
-0.234386
-0.279783
-0.279634
-0.256575
-0.282752
-0.25864
-0.243149
-0.248855
-0.259558
-0.25624
-0.271584
-0.267025
-0.270327
-0.267347
-0.259074
-0.287656
-0.259894
-0.287706
-0.242362
-0.243054
-0.235855
-0.274998
-0.287506
-0.27506
-0.279804
-0.252903
-0.281514
-0.290857
-0.253156
-0.264578
-0.265818
-0.24101
-0.290162
-0.259235
-0.289369
-0.260014
-0.237931
-0.24833
-0.269488
-0.273973
-0.276869
-0.250875
-0.28588
-0.273606
-0.254457
-0.265246
-0.267864
-0.235161
-0.270969
-0.254682
-0.286636
-0.276735
-0.290979
-0.236858
-0.284467
-0.278569
-0.277285
-0.242752
-0.239895
-0.234431
-0.248773
-0.254666
-0.242087
-0.274553
-0.243942
-0.247656
-0.269772
-0.257203
-0.246988
-0.240941
-0.262717
-0.25194
-0.275026
-0.268417
-0.25996
-0.277693
-0.265377
-0.244592
-0.24873
-0.267995
-0.253559
-0.273969
-0.239877
-0.267813
-0.256916
-0.28693
-0.268892
-0.251411
-0.269094
-0.275834
-0.245211
-0.254298
-0.269572
-0.278804
-0.240454
-0.235346
-0.282946
-0.286387
-0.269818
-0.277148
-0.276847
-0.261836
-0.267685
-0.25881
-0.245322
-0.283692
-0.279317
-0.273708
-0.272187
-0.252397
-0.281772
-0.241607
-0.277058
-0.241824
-0.235087
-0.252126
-0.268568
-0.263966
-0.274347
-0.266719
-0.253735
-0.253193
-0.275204
-0.287715
-0.276681
-0.264225
-0.276852
-0.264184
-0.243692
-0.282636
-0.247349
-0.254969
-0.275633
-0.24638
-0.243349
-0.2374
-0.244053
-0.242197
-0.241766
-0.267387
-0.270531
-0.244344
-0.267422
-0.267521
-0.235047
-0.283687
-0.277636
-0.28279
-0.286891
-0.249506
-0.249059
-0.24346
-0.275714
-0.255736
-0.249924
-0.285272
-0.277316
-0.260171
-0.288335
-0.27187
-0.275268
-0.241689
-0.260949
-0.277721
-0.244417
-0.28888
-0.270917
-0.273466
-0.239628
-0.244018
-0.258045
-0.273625
-0.289089
-0.247351
-0.236192
-0.282311
-0.251981
-0.281893
-0.24537
-0.258411
-0.26209
-0.257871
-0.271488
-0.248089
-0.281852
-0.28133
-0.244542
-0.243694
-0.287723
-0.279222
-0.270249
-0.244931
-0.24949
-0.250969
-0.251055
-0.280613
-0.251343
-0.280904
-0.261133
-0.252797
-0.244494
-0.283205
-0.289811
-0.285447
-0.245831
-0.255508
-0.272882
-0.249254
-0.273134
-0.240927
-0.241244
-0.245467
-0.287495
-0.272277
-0.28206
-0.28699
-0.277578
-0.271533
-0.235461
-0.238368
-0.254123
-0.276481
-0.263627
-0.240832
-0.280189
-0.244664
-0.280687
-0.275216
-0.25174
-0.277228
-0.271153
-0.272875
-0.238083
-0.273625
-0.287716
-0.261803
-0.256328
-0.254578
-0.281333
-0.268526
-0.245607
-0.258679
-0.284881
-0.253643
-0.2811
-0.265278
-0.28119
-0.257222
-0.271448
-0.285425
-0.246009
-0.283139
-0.284208
-0.258189
-0.234599
-0.269747
-0.235306
-0.254666
-0.271153
-0.281338
-0.285626
-0.284239
-0.267153
-0.258736
-0.282314
-0.285561
-0.239042
-0.277147
-0.257782
-0.261771
-0.269317
-0.259321
-0.276095
-0.28817
-0.246024
-0.27841
-0.274095
-0.282752
-0.25206
-0.281823
-0.286401
-0.27779
-0.270158
-0.251943
-0.290328
-0.280622
-0.287993
-0.240832
-0.281111
-0.23514
-0.237831
-0.265948
-0.271735
-0.249918
-0.241935
-0.253896
-0.264225
-0.276109
-0.258952
-0.283037
-0.248393
-0.25186
-0.258061
-0.264613
-0.278976
-0.280556
-0.264567
-0.272586
-0.262093
-0.237619
-0.263256
-0.239803
-0.23988
-0.273703
-0.236578
-0.257956
-0.269972
-0.288556
-0.258149
-0.244762
-0.281546
-0.253057
-0.238219
-0.270484
-0.276058
-0.263796
-0.244923
-0.287068
-0.235896
-0.273211
-0.278159
-0.279594
-0.257779
-0.278953
-0.271009
-0.278555
-0.252349
-0.27635
-0.279916
-0.287599
-0.271109
-0.282765
-0.242108
-0.242274
-0.237156
-0.270219
-0.272492
-0.238301
-0.239072
-0.283344
-0.255458
-0.256409
-0.270241
-0.274273
-0.280456
-0.259953
-0.24775
-0.246568
-0.242385
-0.272211
-0.245001
-0.280029
-0.279494
-0.235403
-0.270385
-0.26544
-0.238143
-0.275734
-0.241918
-0.238953
-0.281303
-0.260224
-0.289277
-0.282502
-0.269385
-0.249657
-0.284985
-0.283587
-0.240424
-0.288871
-0.281583
-0.263567
-0.283054
-0.277994
-0.278639
-0.278268
-0.290625
-0.251854
-0.237332
-0.279777
-0.256433
-0.28996
-0.254644
-0.285729
-0.261647
-0.290762
-0.259665
-0.251914
-0.275689
-0.277779
-0.285273
-0.264892
-0.248073
-0.258948
-0.256856
-0.277944
-0.235536
-0.253069
-0.246687
-0.282819
-0.263391
-0.289478
-0.284848
-0.265881
-0.257371
-0.256903
-0.263393
-0.267863
-0.281153
-0.259362
-0.260856
-0.282094
-0.267982
-0.287745
-0.277411
-0.244506
-0.272135
-0.270102
-0.28843
-0.25886
-0.255144
-0.277133
-0.254428
-0.272072
-0.257484
-0.259651
-0.262846
-0.290657
-0.266753
-0.265385
-0.252888
-0.267956
-0.274337
-0.272124
-0.284824
-0.241688
-0.239462
-0.242882
-0.271413
-0.259903
-0.279797
-0.263002
-0.248211
-0.265933
-0.250169
-0.246551
-0.246244
-0.262436
-0.290111
-0.237916
-0.263026
-0.237453
-0.262188
-0.27024
-0.281201
-0.236886
-0.256406
-0.265308
-0.24782
-0.251808
-0.281037
-0.277107
-0.276052
-0.288071
-0.255289
-0.271019
-0.236541
-0.241836
-0.271021
-0.248855
-0.263539
-0.263172
-0.23615
-0.250284
-0.249564
-0.244928
-0.257762
-0.275673
-0.266931
-0.284636
-0.274751
-0.253535
-0.263714
-0.268106
-0.272155
-0.268362
-0.266766
-0.285438
-0.258789
-0.269487
-0.28008
-0.257487
-0.244816
-0.282963
-0.273449
-0.236007
-0.24791
-0.267427
-0.266129
-0.247113
-0.244772
-0.286774
-0.258222
-0.239111
-0.262151
-0.246839
-0.259623
-0.267705
-0.24946
-0.255824
-0.252243
-0.257178
-0.279212
-0.273722
-0.264673
-0.24454
-0.241641
-0.277783
-0.238855
-0.244848
-0.239401
-0.243945
-0.246812
-0.255343
-0.267707
-0.270747
-0.255522
-0.266566
-0.250585
-0.246353
-0.279078
-0.245478
-0.234739
-0.271688
-0.244926
-0.27498
-0.261972
-0.243565
-0.269231
-0.284797
-0.259425
-0.239955
-0.24501
-0.266581
-0.278659
-0.241832
-0.265683
-0.258763
-0.264682
-0.272046
-0.283445
-0.237009
-0.238705
-0.259667
-0.280145
-0.278296
-0.260041
-0.245893
-0.278598
-0.289088
-0.257096
-0.2594
-0.2657
-0.274391
-0.260717
-0.259749
-0.24095
-0.256964
-0.262321
-0.247349
-0.271064
-0.234605
-0.283466
-0.278777
-0.283132
-0.242231
-0.272617
-0.281118
-0.253075
-0.234839
-0.242166
-0.264595
-0.262836
-0.268279
-0.286888
-0.246892
-0.277581
-0.26265
-0.265641
-0.256303
-0.253167
-0.251023
-0.239724
-0.239108
-0.234651
-0.274077
-0.279036
-0.237184
-0.25414
-0.249936
-0.264239
-0.237202
-0.2577
-0.252216
-0.242297
-0.275421
-0.289787
-0.272579
-0.258486
-0.267824
-0.25364
-0.264048
-0.270723
-0.257272
-0.287543
-0.245759
-0.256683
-0.287895
-0.250834
-0.248191
-0.269579
-0.266781
-0.265484
-0.247385
-0.2615
-0.258505
-0.256306
-0.242276
-0.249715
-0.28535
-0.286199
-0.28057
-0.271684
-0.235448
-0.278348
-0.247854
-0.260374
-0.23489
-0.258834
-0.255167
-0.28123
-0.251067
-0.28298
-0.236914
-0.271254
-0.256804
-0.252774
-0.277074
-0.283059
-0.237301
-0.288555
-0.250558
-0.270087
-0.24245
-0.249615
-0.250841
-0.275693
-0.240289
-0.270239
-0.249605
-0.250733
-0.237789
-0.285215
