-0.0788901
-0.0778953
-0.0769006
-0.0759058
-0.074911
-0.0739162
-0.0729214
-0.0719266
-0.0709318
-0.069937
-0.0689422
-0.0679474
-0.0669526
-0.0659578
-0.064963
-0.0639682
-0.0629734
-0.0619786
-0.0609838
-0.0599891
-0.0589943
-0.0579995
-0.0570047
-0.0560099
-0.0550151
-0.0540203
-0.0530255
-0.0520307
-0.0510359
-0.0500411
-0.0490463
-0.0480515
-0.0470567
-0.0460619
-0.0450671
-0.0440723
-0.0430776
-0.0420828
-0.041088
-0.0400932
-0.0390984
-0.0381036
-0.0371088
-0.036114
-0.0351192
-0.0341244
-0.0331296
-0.0321348
-0.03114
-0.0301452
-0.0291504
-0.0281556
-0.0271609
-0.0261661
-0.0251713
-0.0241765
-0.0231817
-0.0221869
-0.0211921
-0.0201973
-0.0192025
-0.0182077
-0.0172129
-0.0162181
-0.0152233
-0.0142285
-0.0132337
-0.0122389
-0.0112441
-0.0102494
-0.00925456
-0.00825976
-0.00726497
-0.00627017
-0.00527538
-0.00428059
-0.00328579
-0.002291
-0.0012962
-0.00030141
0.000693384
0.00168818
0.00268297
0.00367777
0.00467256
0.00566735
0.00666215
0.00765694
0.00865174
0.00964653
0.0106413
0.0116361
0.0126309
0.0136257
0.0146205
0.0156153
0.0166101
0.0176049
0.0185997
0.0195945
0.0205893
0.0215841
0.0225789
0.0235736
0.0245684
0.0255632
0.026558
0.0275528
0.0285476
0.0295424
0.0305372
0.031532
0.0325268
0.0335216
0.0345164
0.0355112
0.036506
0.0375008
0.0384956
0.0394904
0.0404851
0.0414799
0.0424747
0.0434695
0.0444643
0.0454591
0.0464539
0.0474487
0.0484435
0.0494383
0.0504331
0.0514279
0.0524227
0.0534175
0.0544123
0.0554071
0.0564019
0.0573966
0.0583914
0.0593862
0.060381
0.0613758
0.0623706
0.0633654
0.0643602
0.065355
0.0663498
0.0673446
0.0683394
0.0693342
0.070329
0.0713238
0.0723186
0.0733134
0.0743081
0.0753029
0.0762977
0.0772925
0.0782873
0.0792821
0.0802769
0.0812717
0.0822665
0.0832613
0.0842561
0.0852509
0.0862457
0.0872405
0.0882353
0.0892301
0.0902249
0.0912196
0.0922144
0.0932092
0.094204
0.0951988
0.0961936
0.0971884
