-0.291073
-0.291017
-0.29096
-0.290903
-0.290847
-0.29079
-0.290733
-0.290676
-0.290619
-0.290563
-0.290506
-0.290449
-0.290392
-0.290335
-0.290279
-0.290222
-0.290165
-0.290108
-0.290051
-0.289995
-0.289938
-0.289881
-0.289824
-0.289767
-0.289711
-0.289654
-0.289597
-0.28954
-0.289483
-0.289427
-0.28937
-0.289313
-0.289256
-0.289199
-0.289143
-0.289086
-0.289029
-0.288972
-0.288915
-0.288859
-0.288802
-0.288745
-0.288688
-0.288631
-0.288575
-0.288518
-0.288461
-0.288404
-0.288347
-0.288291
-0.288234
-0.288177
-0.28812
-0.288064
-0.288007
-0.28795
-0.287893
-0.287836
-0.28778
-0.287723
-0.287666
-0.287609
-0.287552
-0.287496
-0.287439
-0.287382
-0.287325
-0.287268
-0.287212
-0.287155
-0.287098
-0.287041
-0.286984
-0.286928
-0.286871
-0.286814
-0.286757
-0.2867
-0.286644
-0.286587
-0.28653
-0.286473
-0.286416
-0.28636
-0.286303
-0.286246
-0.286189
-0.286132
-0.286076
-0.286019
-0.285962
-0.285905
-0.285848
-0.285792
-0.285735
-0.285678
-0.285621
-0.285564
-0.285508
-0.285451
-0.285394
-0.285337
-0.28528
-0.285224
-0.285167
-0.28511
-0.285053
-0.284997
-0.28494
-0.284883
-0.284826
-0.284769
-0.284713
-0.284656
-0.284599
-0.284542
-0.284485
-0.284429
-0.284372
-0.284315
-0.284258
-0.284201
-0.284145
-0.284088
-0.284031
-0.283974
-0.283917
-0.283861
-0.283804
-0.283747
-0.28369
-0.283633
-0.283577
-0.28352
-0.283463
-0.283406
-0.283349
-0.283293
-0.283236
-0.283179
-0.283122
-0.283065
-0.283009
-0.282952
-0.282895
-0.282838
-0.282781
-0.282725
-0.282668
-0.282611
-0.282554
-0.282497
-0.282441
-0.282384
-0.282327
-0.28227
-0.282213
-0.282157
-0.2821
-0.282043
-0.281986
-0.28193
-0.281873
-0.281816
-0.281759
-0.281702
-0.281646
-0.281589
-0.281532
-0.281475
-0.281418
-0.281362
-0.281305
-0.281248
-0.281191
-0.281134
-0.281078
-0.281021
-0.280964
-0.280907
-0.28085
-0.280794
-0.280737
-0.28068
-0.280623
-0.280566
-0.28051
-0.280453
-0.280396
-0.280339
-0.280282
-0.280226
-0.280169
-0.280112
-0.280055
-0.279998
-0.279942
-0.279885
-0.279828
-0.279771
-0.279714
-0.279658
-0.279601
-0.279544
-0.279487
-0.27943
-0.279374
-0.279317
-0.27926
-0.279203
-0.279146
-0.27909
-0.279033
-0.278976
-0.278919
-0.278863
-0.278806
-0.278749
-0.278692
-0.278635
-0.278579
-0.278522
-0.278465
-0.278408
-0.278351
-0.278295
-0.278238
-0.278181
-0.278124
-0.278067
-0.278011
-0.277954
-0.277897
-0.27784
-0.277783
-0.277727
-0.27767
-0.277613
-0.277556
-0.277499
-0.277443
-0.277386
-0.277329
-0.277272
-0.277215
-0.277159
-0.277102
-0.277045
-0.276988
-0.276931
-0.276875
-0.276818
-0.276761
-0.276704
-0.276647
-0.276591
-0.276534
-0.276477
-0.27642
-0.276363
-0.276307
-0.27625
-0.276193
-0.276136
-0.276079
-0.276023
-0.275966
-0.275909
-0.275852
-0.275796
-0.275739
-0.275682
-0.275625
-0.275568
-0.275512
-0.275455
-0.275398
-0.275341
-0.275284
-0.275228
-0.275171
-0.275114
-0.275057
-0.275
-0.274944
-0.274887
-0.27483
-0.274773
-0.274716
-0.27466
-0.274603
-0.274546
-0.274489
-0.274432
-0.274376
-0.274319
-0.274262
-0.274205
-0.274148
-0.274092
-0.274035
-0.273978
-0.273921
-0.273864
-0.273808
-0.273751
-0.273694
-0.273637
-0.27358
-0.273524
-0.273467
-0.27341
-0.273353
-0.273296
-0.27324
-0.273183
-0.273126
-0.273069
-0.273012
-0.272956
-0.272899
-0.272842
-0.272785
-0.272729
-0.272672
-0.272615
-0.272558
-0.272501
-0.272445
-0.272388
-0.272331
-0.272274
-0.272217
-0.272161
-0.272104
-0.272047
-0.27199
-0.271933
-0.271877
-0.27182
-0.271763
-0.271706
-0.271649
-0.271593
-0.271536
-0.271479
-0.271422
-0.271365
-0.271309
-0.271252
-0.271195
-0.271138
-0.271081
-0.271025
-0.270968
-0.270911
-0.270854
-0.270797
-0.270741
-0.270684
-0.270627
-0.27057
-0.270513
-0.270457
-0.2704
-0.270343
-0.270286
-0.270229
-0.270173
-0.270116
-0.270059
-0.270002
-0.269945
-0.269889
-0.269832
-0.269775
-0.269718
-0.269662
-0.269605
-0.269548
-0.269491
-0.269434
-0.269378
-0.269321
-0.269264
-0.269207
-0.26915
-0.269094
-0.269037
-0.26898
-0.268923
-0.268866
-0.26881
-0.268753
-0.268696
-0.268639
-0.268582
-0.268526
-0.268469
-0.268412
-0.268355
-0.268298
-0.268242
-0.268185
-0.268128
-0.268071
-0.268014
-0.267958
-0.267901
-0.267844
-0.267787
-0.26773
-0.267674
-0.267617
-0.26756
-0.267503
-0.267446
-0.26739
-0.267333
-0.267276
-0.267219
-0.267162
-0.267106
-0.267049
-0.266992
-0.266935
-0.266878
-0.266822
-0.266765
-0.266708
-0.266651
-0.266595
-0.266538
-0.266481
-0.266424
-0.266367
-0.266311
-0.266254
-0.266197
-0.26614
-0.266083
-0.266027
-0.26597
-0.265913
-0.265856
-0.265799
-0.265743
-0.265686
-0.265629
-0.265572
-0.265515
-0.265459
-0.265402
-0.265345
-0.265288
-0.265231
-0.265175
-0.265118
-0.265061
-0.265004
-0.264947
-0.264891
-0.264834
-0.264777
-0.26472
-0.264663
-0.264607
-0.26455
-0.264493
-0.264436
-0.264379
-0.264323
-0.264266
-0.264209
-0.264152
-0.264095
-0.264039
-0.263982
-0.263925
-0.263868
-0.263811
-0.263755
-0.263698
-0.263641
-0.263584
-0.263528
-0.263471
-0.263414
-0.263357
-0.2633
-0.263244
-0.263187
-0.26313
-0.263073
-0.263016
-0.26296
-0.262903
-0.262846
-0.262789
-0.262732
-0.262676
-0.262619
-0.262562
-0.262505
-0.262448
-0.262392
-0.262335
-0.262278
-0.262221
-0.262164
-0.262108
-0.262051
-0.261994
-0.261937
-0.26188
-0.261824
-0.261767
-0.26171
-0.261653
-0.261596
-0.26154
-0.261483
-0.261426
-0.261369
-0.261312
-0.261256
-0.261199
-0.261142
-0.261085
-0.261028
-0.260972
-0.260915
-0.260858
-0.260801
-0.260744
-0.260688
-0.260631
-0.260574
-0.260517
-0.26046
-0.260404
-0.260347
-0.26029
-0.260233
-0.260177
-0.26012
-0.260063
-0.260006
-0.259949
-0.259893
-0.259836
-0.259779
-0.259722
-0.259665
-0.259609
-0.259552
-0.259495
-0.259438
-0.259381
-0.259325
-0.259268
-0.259211
-0.259154
-0.259097
-0.259041
-0.258984
-0.258927
-0.25887
-0.258813
-0.258757
-0.2587
-0.258643
-0.258586
-0.258529
-0.258473
-0.258416
-0.258359
-0.258302
-0.258245
-0.258189
-0.258132
-0.258075
-0.258018
-0.257961
-0.257905
-0.257848
-0.257791
-0.257734
-0.257677
-0.257621
-0.257564
-0.257507
-0.25745
-0.257393
-0.257337
-0.25728
-0.257223
-0.257166
-0.25711
-0.257053
-0.256996
-0.256939
-0.256882
-0.256826
-0.256769
-0.256712
-0.256655
-0.256598
-0.256542
-0.256485
-0.256428
-0.256371
-0.256314
-0.256258
-0.256201
-0.256144
-0.256087
-0.25603
-0.255974
-0.255917
-0.25586
-0.255803
-0.255746
-0.25569
-0.255633
-0.255576
-0.255519
-0.255462
-0.255406
-0.255349
-0.255292
-0.255235
-0.255178
-0.255122
-0.255065
-0.255008
-0.254951
-0.254894
-0.254838
-0.254781
-0.254724
-0.254667
-0.25461
-0.254554
-0.254497
-0.25444
-0.254383
-0.254326
-0.25427
-0.254213
-0.254156
-0.254099
-0.254043
-0.253986
-0.253929
-0.253872
-0.253815
-0.253759
-0.253702
-0.253645
-0.253588
-0.253531
-0.253475
-0.253418
-0.253361
-0.253304
-0.253247
-0.253191
-0.253134
-0.253077
-0.25302
-0.252963
-0.252907
-0.25285
-0.252793
-0.252736
-0.252679
-0.252623
-0.252566
-0.252509
-0.252452
-0.252395
-0.252339
-0.252282
-0.252225
-0.252168
-0.252111
-0.252055
-0.251998
-0.251941
-0.251884
-0.251827
-0.251771
-0.251714
-0.251657
-0.2516
-0.251543
-0.251487
-0.25143
-0.251373
-0.251316
-0.251259
-0.251203
-0.251146
-0.251089
-0.251032
-0.250976
-0.250919
-0.250862
-0.250805
-0.250748
-0.250692
-0.250635
-0.250578
-0.250521
-0.250464
-0.250408
-0.250351
-0.250294
-0.250237
-0.25018
-0.250124
-0.250067
-0.25001
-0.249953
-0.249896
-0.24984
-0.249783
-0.249726
-0.249669
-0.249612
-0.249556
-0.249499
-0.249442
-0.249385
-0.249328
-0.249272
-0.249215
-0.249158
-0.249101
-0.249044
-0.248988
-0.248931
-0.248874
-0.248817
-0.24876
-0.248704
-0.248647
-0.24859
-0.248533
-0.248476
-0.24842
-0.248363
-0.248306
-0.248249
-0.248192
-0.248136
-0.248079
-0.248022
-0.247965
-0.247909
-0.247852
-0.247795
-0.247738
-0.247681
-0.247625
-0.247568
-0.247511
-0.247454
-0.247397
-0.247341
-0.247284
-0.247227
-0.24717
-0.247113
-0.247057
-0.247
-0.246943
-0.246886
-0.246829
-0.246773
-0.246716
-0.246659
-0.246602
-0.246545
-0.246489
-0.246432
-0.246375
-0.246318
-0.246261
-0.246205
-0.246148
-0.246091
-0.246034
-0.245977
-0.245921
-0.245864
-0.245807
-0.24575
-0.245693
-0.245637
-0.24558
-0.245523
-0.245466
-0.245409
-0.245353
-0.245296
-0.245239
-0.245182
-0.245125
-0.245069
-0.245012
-0.244955
-0.244898
-0.244842
-0.244785
-0.244728
-0.244671
-0.244614
-0.244558
-0.244501
-0.244444
-0.244387
-0.24433
-0.244274
-0.244217
-0.24416
-0.244103
-0.244046
-0.24399
-0.243933
-0.243876
-0.243819
-0.243762
-0.243706
-0.243649
-0.243592
-0.243535
-0.243478
-0.243422
-0.243365
-0.243308
-0.243251
-0.243194
-0.243138
-0.243081
-0.243024
-0.242967
-0.24291
-0.242854
-0.242797
-0.24274
-0.242683
-0.242626
-0.24257
-0.242513
-0.242456
-0.242399
-0.242342
-0.242286
-0.242229
-0.242172
-0.242115
-0.242058
-0.242002
-0.241945
-0.241888
-0.241831
-0.241775
-0.241718
-0.241661
-0.241604
-0.241547
-0.241491
-0.241434
-0.241377
-0.24132
-0.241263
-0.241207
-0.24115
-0.241093
-0.241036
-0.240979
-0.240923
-0.240866
-0.240809
-0.240752
-0.240695
-0.240639
-0.240582
-0.240525
-0.240468
-0.240411
-0.240355
-0.240298
-0.240241
-0.240184
-0.240127
-0.240071
-0.240014
-0.239957
-0.2399
-0.239843
-0.239787
-0.23973
-0.239673
-0.239616
-0.239559
-0.239503
-0.239446
-0.239389
-0.239332
-0.239275
-0.239219
-0.239162
-0.239105
-0.239048
-0.238991
-0.238935
-0.238878
-0.238821
-0.238764
-0.238708
-0.238651
-0.238594
-0.238537
-0.23848
-0.238424
-0.238367
-0.23831
-0.238253
-0.238196
-0.23814
-0.238083
-0.238026
-0.237969
-0.237912
-0.237856
-0.237799
-0.237742
-0.237685
-0.237628
-0.237572
-0.237515
-0.237458
-0.237401
-0.237344
-0.237288
-0.237231
-0.237174
-0.237117
-0.23706
-0.237004
-0.236947
-0.23689
-0.236833
-0.236776
-0.23672
-0.236663
-0.236606
-0.236549
-0.236492
-0.236436
-0.236379
-0.236322
-0.236265
-0.236208
-0.236152
-0.236095
-0.236038
-0.235981
-0.235924
-0.235868
-0.235811
-0.235754
-0.235697
-0.235641
-0.235584
-0.235527
-0.23547
-0.235413
-0.235357
-0.2353
-0.235243
-0.235186
-0.235129
-0.235073
-0.235016
-0.234959
-0.234902
-0.234845
-0.234789
-0.234732
-0.234675
-0.234618
-0.234561
-0.234505
-0.234448
-0.234391
-0.234334
