Determining initial impinging trajectory...
Yhit = -0.269697
Determining lower impingement limit...
IndHit = 99, Yhit = -0.269697, Ymiss = -0.274043
IndHit = 15, Yhit = -0.273385, Ymiss = -0.273429
IndHit = 0, Yhit = -0.273429, Ymiss = -0.273429
Ylower = -0.273429
Determining upper impingement limit...
IndHit = 45, Yhit = -0.194598, Ymiss = -0.192846
IndHit = 81, Yhit = -0.193164, Ymiss = -0.193147
IndHit = 0, Yhit = -0.193164, Ymiss = -0.193164
Yupper = -0.193164
stagPtS = 1.008357, stagPtX = -0.000164, stagPtY = 0.000479
maxiter = 2000
ITER = 0	1000	1000
ITER = 1	1000	1000
ITER = 2	1000	1000
ITER = 3	1000	1000
ITER = 4	1000	1000
ITER = 5	1000	1000
ITER = 6	1000	1000
ITER = 7	1000	1000
ITER = 8	1000	1000
ITER = 9	1000	1000
ITER = 10	1000	1000
ITER = 11	1000	1000
ITER = 12	1000	1000
ITER = 13	1000	1000
ITER = 14	1000	1000
ITER = 15	1000	1000
ITER = 16	1000	1000
ITER = 17	1000	1000
ITER = 18	1000	1000
ITER = 19	1000	1000
ITER = 20	1000	1000
ITER = 21	1000	1000
ITER = 22	1000	1000
ITER = 23	1000	1000
ITER = 24	1000	1000
ITER = 25	1000	1000
ITER = 26	1000	1000
ITER = 27	1000	1000
ITER = 28	1000	1000
ITER = 29	1000	1000
ITER = 30	1000	1000
ITER = 31	1000	1000
ITER = 32	1000	1000
ITER = 33	1000	1000
ITER = 34	1000	1000
ITER = 35	1000	1000
ITER = 36	1000	1000
ITER = 37	1000	1000
ITER = 38	1000	1000
ITER = 39	1000	1000
ITER = 40	1000	1000
ITER = 41	1000	1000
ITER = 42	1000	1000
ITER = 43	1000	1000
ITER = 44	1000	1000
ITER = 45	1000	1000
ITER = 46	1000	1000
ITER = 47	1000	1000
ITER = 48	1000	1000
ITER = 49	1000	1000
ITER = 50	1000	1000
ITER = 51	1000	1000
ITER = 52	1000	1000
ITER = 53	1000	1000
ITER = 54	1000	1000
ITER = 55	1000	1000
ITER = 56	1000	1000
ITER = 57	1000	1000
ITER = 58	1000	1000
ITER = 59	1000	1000
ITER = 60	1000	1000
ITER = 61	1000	1000
ITER = 62	1000	1000
ITER = 63	1000	1000
ITER = 64	1000	1000
ITER = 65	1000	1000
ITER = 66	1000	1000
ITER = 67	1000	1000
ITER = 68	1000	1000
ITER = 69	1000	1000
ITER = 70	1000	1000
ITER = 71	1000	1000
ITER = 72	1000	1000
ITER = 73	1000	1000
ITER = 74	1000	1000
ITER = 75	1000	1000
ITER = 76	1000	1000
ITER = 77	1000	1000
ITER = 78	1000	1000
ITER = 79	1000	1000
ITER = 80	1000	1000
ITER = 81	1000	1000
ITER = 82	1000	1000
ITER = 83	1000	1000
ITER = 84	1000	1000
ITER = 85	1000	1000
ITER = 86	1000	1000
ITER = 87	1000	1000
ITER = 88	1000	1000
ITER = 89	1000	1000
ITER = 90	1000	1000
ITER = 91	1000	1000
ITER = 92	1000	1000
ITER = 93	1000	1000
ITER = 94	1000	1000
ITER = 95	1000	1000
ITER = 96	1000	1000
ITER = 97	1000	1000
ITER = 98	1000	1000
ITER = 99	1000	1000
ITER = 100	1000	1000
ITER = 101	1000	1000
ITER = 102	1000	1000
ITER = 103	1000	1000
ITER = 104	1000	1000
ITER = 105	1000	1000
ITER = 106	1000	1000
ITER = 107	1000	1000
ITER = 108	1000	1000
ITER = 109	1000	1000
ITER = 110	1000	1000
ITER = 111	1000	1000
ITER = 112	1000	1000
ITER = 113	1000	1000
ITER = 114	1000	1000
ITER = 115	1000	1000
ITER = 116	1000	1000
ITER = 117	1000	1000
ITER = 118	1000	1000
ITER = 119	1000	1000
ITER = 120	1000	1000
ITER = 121	1000	1000
ITER = 122	1000	1000
ITER = 123	1000	1000
ITER = 124	1000	1000
ITER = 125	1000	1000
ITER = 126	1000	1000
ITER = 127	1000	1000
ITER = 128	1000	1000
ITER = 129	1000	1000
ITER = 130	1000	1000
ITER = 131	1000	1000
ITER = 132	1000	1000
ITER = 133	1000	1000
ITER = 134	1000	1000
ITER = 135	1000	1000
ITER = 136	1000	1000
ITER = 137	1000	1000
ITER = 138	1000	1000
ITER = 139	1000	1000
ITER = 140	1000	1000
ITER = 141	1000	1000
ITER = 142	1000	1000
ITER = 143	1000	1000
ITER = 144	1000	1000
ITER = 145	1000	1000
ITER = 146	1000	1000
ITER = 147	1000	1000
ITER = 148	1000	1000
ITER = 149	1000	1000
ITER = 150	1000	1000
ITER = 151	1000	1000
ITER = 152	1000	1000
ITER = 153	1000	1000
ITER = 154	1000	1000
ITER = 155	1000	1000
ITER = 156	1000	1000
ITER = 157	1000	1000
ITER = 158	1000	1000
ITER = 159	1000	1000
ITER = 160	1000	1000
ITER = 161	1000	1000
ITER = 162	1000	1000
ITER = 163	1000	1000
ITER = 164	1000	1000
ITER = 165	1000	1000
ITER = 166	1000	1000
ITER = 167	1000	1000
ITER = 168	1000	1000
ITER = 169	1000	1000
ITER = 170	1000	1000
ITER = 171	1000	1000
ITER = 172	1000	1000
ITER = 173	1000	1000
ITER = 174	1000	1000
ITER = 175	1000	1000
ITER = 176	1000	1000
ITER = 177	1000	1000
ITER = 178	1000	1000
ITER = 179	1000	1000
ITER = 180	1000	1000
ITER = 181	1000	1000
ITER = 182	1000	1000
ITER = 183	1000	1000
ITER = 184	1000	1000
ITER = 185	1000	1000
ITER = 186	1000	1000
ITER = 187	1000	1000
ITER = 188	1000	1000
ITER = 189	1000	1000
ITER = 190	1000	1000
ITER = 191	1000	1000
ITER = 192	1000	1000
ITER = 193	1000	1000
ITER = 194	1000	1000
ITER = 195	1000	1000
ITER = 196	1000	1000
ITER = 197	1000	1000
ITER = 198	1000	1000
ITER = 199	1000	1000
ITER = 200	1000	1000
ITER = 201	1000	1000
ITER = 202	1000	1000
ITER = 203	1000	1000
ITER = 204	1000	1000
ITER = 205	1000	1000
ITER = 206	1000	1000
ITER = 207	1000	1000
ITER = 208	1000	1000
ITER = 209	1000	1000
ITER = 210	1000	1000
ITER = 211	1000	1000
ITER = 212	1000	1000
ITER = 213	1000	1000
ITER = 214	1000	1000
ITER = 215	1000	1000
ITER = 216	1000	1000
ITER = 217	1000	1000
ITER = 218	1000	1000
ITER = 219	1000	1000
ITER = 220	1000	1000
ITER = 221	1000	1000
ITER = 222	1000	1000
ITER = 223	1000	1000
ITER = 224	1000	1000
ITER = 225	1000	1000
ITER = 226	1000	1000
ITER = 227	1000	1000
ITER = 228	1000	1000
ITER = 229	1000	1000
ITER = 230	1000	1000
ITER = 231	1000	1000
ITER = 232	1000	1000
ITER = 233	1000	1000
ITER = 234	1000	1000
ITER = 235	1000	1000
ITER = 236	1000	1000
ITER = 237	1000	1000
ITER = 238	1000	1000
ITER = 239	1000	1000
ITER = 240	1000	1000
ITER = 241	1000	1000
ITER = 242	1000	1000
ITER = 243	1000	1000
ITER = 244	1000	1000
ITER = 245	1000	1000
ITER = 246	1000	1000
ITER = 247	1000	1000
ITER = 248	1000	1000
ITER = 249	1000	1000
ITER = 250	1000	1000
ITER = 251	1000	1000
ITER = 252	1000	1000
ITER = 253	1000	1000
ITER = 254	1000	1000
ITER = 255	1000	1000
ITER = 256	1000	1000
ITER = 257	1000	1000
ITER = 258	1000	1000
ITER = 259	1000	1000
ITER = 260	1000	1000
ITER = 261	1000	1000
ITER = 262	1000	1000
ITER = 263	1000	1000
ITER = 264	1000	1000
ITER = 265	1000	1000
ITER = 266	1000	1000
ITER = 267	1000	1000
ITER = 268	1000	1000
ITER = 269	1000	1000
ITER = 270	1000	1000
ITER = 271	1000	1000
ITER = 272	1000	1000
ITER = 273	1000	1000
ITER = 274	1000	1000
ITER = 275	1000	1000
ITER = 276	1000	1000
ITER = 277	1000	1000
ITER = 278	1000	1000
ITER = 279	1000	1000
ITER = 280	1000	1000
ITER = 281	1000	1000
ITER = 282	1000	1000
ITER = 283	1000	1000
ITER = 284	1000	1000
ITER = 285	1000	1000
ITER = 286	1000	1000
ITER = 287	1000	1000
ITER = 288	1000	1000
ITER = 289	1000	1000
ITER = 290	1000	1000
ITER = 291	1000	1000
ITER = 292	1000	1000
ITER = 293	1000	1000
ITER = 294	1000	1000
ITER = 295	1000	1000
ITER = 296	1000	1000
ITER = 297	1000	1000
ITER = 298	1000	1000
ITER = 299	1000	1000
ITER = 300	1000	1000
ITER = 301	1000	1000
ITER = 302	1000	1000
ITER = 303	1000	1000
ITER = 304	1000	1000
ITER = 305	1000	1000
ITER = 306	1000	1000
ITER = 307	1000	1000
ITER = 308	1000	1000
ITER = 309	1000	1000
ITER = 310	1000	1000
ITER = 311	1000	1000
ITER = 312	1000	1000
ITER = 313	1000	1000
ITER = 314	1000	1000
ITER = 315	1000	1000
ITER = 316	1000	1000
ITER = 317	1000	1000
ITER = 318	1000	1000
ITER = 319	1000	1000
ITER = 320	1000	1000
ITER = 321	1000	1000
ITER = 322	1000	1000
ITER = 323	1000	1000
ITER = 324	1000	1000
ITER = 325	1000	1000
ITER = 326	1000	1000
ITER = 327	1000	1000
ITER = 328	1000	1000
ITER = 329	1000	1000
ITER = 330	1000	1000
ITER = 331	1000	1000
ITER = 332	1000	1000
ITER = 333	1000	1000
ITER = 334	1000	1000
ITER = 335	1000	1000
ITER = 336	1000	1000
ITER = 337	1000	1000
ITER = 338	1000	1000
ITER = 339	1000	1000
ITER = 340	1000	1000
ITER = 341	1000	1000
ITER = 342	1000	1000
ITER = 343	1000	1000
ITER = 344	1000	1000
ITER = 345	1000	1000
ITER = 346	1000	1000
ITER = 347	1000	1000
ITER = 348	1000	1000
ITER = 349	1000	1000
ITER = 350	1000	1000
ITER = 351	1000	1000
ITER = 352	1000	1000
ITER = 353	1000	1000
ITER = 354	1000	1000
ITER = 355	1000	1000
ITER = 356	1000	1000
ITER = 357	1000	1000
ITER = 358	1000	1000
ITER = 359	1000	1000
ITER = 360	1000	1000
ITER = 361	1000	1000
ITER = 362	1000	1000
ITER = 363	1000	1000
ITER = 364	1000	1000
ITER = 365	1000	1000
ITER = 366	1000	1000
ITER = 367	1000	1000
ITER = 368	1000	1000
ITER = 369	1000	1000
ITER = 370	1000	1000
ITER = 371	1000	1000
ITER = 372	1000	1000
ITER = 373	1000	1000
ITER = 374	1000	1000
ITER = 375	1000	1000
ITER = 376	1000	1000
ITER = 377	1000	1000
ITER = 378	1000	1000
ITER = 379	1000	1000
ITER = 380	1000	1000
ITER = 381	1000	1000
ITER = 382	1000	1000
ITER = 383	1000	1000
ITER = 384	1000	1000
ITER = 385	1000	1000
ITER = 386	1000	1000
ITER = 387	1000	1000
ITER = 388	1000	1000
ITER = 389	1000	1000
ITER = 390	1000	1000
ITER = 391	1000	1000
ITER = 392	1000	1000
ITER = 393	1000	1000
ITER = 394	1000	1000
ITER = 395	1000	1000
ITER = 396	1000	1000
ITER = 397	1000	1000
ITER = 398	1000	1000
ITER = 399	1000	1000
ITER = 400	1000	1000
ITER = 401	1000	1000
ITER = 402	1000	1000
ITER = 403	1000	1000
ITER = 404	1000	1000
ITER = 405	1000	1000
ITER = 406	1000	1000
ITER = 407	1000	1000
ITER = 408	1000	1000
ITER = 409	1000	1000
ITER = 410	1000	1000
ITER = 411	1000	1000
ITER = 412	1000	1000
ITER = 413	1000	1000
ITER = 414	1000	1000
ITER = 415	1000	1000
ITER = 416	1000	1000
ITER = 417	1000	1000
ITER = 418	1000	1000
ITER = 419	1000	1000
ITER = 420	1000	1000
ITER = 421	1000	1000
ITER = 422	1000	1000
ITER = 423	1000	1000
ITER = 424	1000	1000
ITER = 425	1000	1000
ITER = 426	1000	1000
ITER = 427	1000	1000
ITER = 428	1000	1000
ITER = 429	1000	1000
ITER = 430	1000	1000
ITER = 431	1000	1000
ITER = 432	1000	1000
ITER = 433	1000	1000
ITER = 434	1000	1000
ITER = 435	1000	1000
ITER = 436	1000	1000
ITER = 437	1000	1000
ITER = 438	1000	1000
ITER = 439	1000	1000
ITER = 440	1000	1000
ITER = 441	1000	1000
ITER = 442	1000	1000
ITER = 443	1000	1000
ITER = 444	1000	1000
ITER = 445	1000	1000
ITER = 446	1000	1000
ITER = 447	1000	1000
ITER = 448	1000	1000
ITER = 449	1000	1000
ITER = 450	1000	1000
ITER = 451	1000	1000
ITER = 452	1000	1000
ITER = 453	1000	1000
ITER = 454	1000	1000
ITER = 455	1000	1000
ITER = 456	1000	1000
ITER = 457	1000	1000
ITER = 458	1000	1000
ITER = 459	1000	1000
ITER = 460	1000	1000
ITER = 461	1000	1000
ITER = 462	1000	1000
ITER = 463	1000	1000
ITER = 464	1000	1000
ITER = 465	1000	1000
ITER = 466	1000	1000
ITER = 467	1000	1000
ITER = 468	1000	1000
ITER = 469	1000	1000
ITER = 470	1000	1000
ITER = 471	1000	1000
ITER = 472	1000	1000
ITER = 473	1000	1000
ITER = 474	1000	1000
ITER = 475	1000	1000
ITER = 476	1000	1000
ITER = 477	1000	1000
ITER = 478	1000	1000
ITER = 479	1000	1000
ITER = 480	1000	1000
ITER = 481	1000	1000
ITER = 482	1000	1000
ITER = 483	1000	1000
ITER = 484	1000	1000
ITER = 485	1000	1000
ITER = 486	1000	1000
ITER = 487	1000	1000
ITER = 488	1000	1000
ITER = 489	1000	1000
ITER = 490	1000	1000
ITER = 491	1000	1000
ITER = 492	1000	1000
ITER = 493	1000	1000
ITER = 494	1000	1000
ITER = 495	1000	1000
ITER = 496	1000	1000
ITER = 497	1000	1000
ITER = 498	1000	1000
ITER = 499	1000	1000
ITER = 500	1000	1000
ITER = 501	1000	1000
ITER = 502	1000	1000
ITER = 503	1000	1000
ITER = 504	1000	1000
ITER = 505	1000	1000
ITER = 506	1000	1000
ITER = 507	1000	1000
ITER = 508	1000	1000
ITER = 509	1000	1000
ITER = 510	1000	1000
ITER = 511	1000	1000
ITER = 512	1000	1000
ITER = 513	1000	1000
ITER = 514	1000	1000
ITER = 515	1000	1000
ITER = 516	1000	1000
ITER = 517	1000	1000
ITER = 518	1000	1000
ITER = 519	1000	1000
ITER = 520	1000	1000
ITER = 521	1000	1000
ITER = 522	1000	1000
ITER = 523	1000	1000
ITER = 524	1000	1000
ITER = 525	1000	1000
ITER = 526	1000	1000
ITER = 527	1000	1000
ITER = 528	1000	1000
ITER = 529	1000	1000
ITER = 530	1000	1000
ITER = 531	1000	1000
ITER = 532	1000	1000
ITER = 533	1000	1000
ITER = 534	1000	1000
ITER = 535	1000	1000
ITER = 536	1000	1000
ITER = 537	1000	1000
ITER = 538	1000	1000
ITER = 539	1000	1000
ITER = 540	1000	1000
ITER = 541	1000	1000
ITER = 542	1000	1000
ITER = 543	1000	1000
ITER = 544	1000	1000
ITER = 545	1000	1000
ITER = 546	1000	1000
ITER = 547	1000	1000
ITER = 548	1000	1000
ITER = 549	1000	1000
ITER = 550	1000	1000
ITER = 551	1000	1000
ITER = 552	1000	1000
ITER = 553	1000	1000
ITER = 554	1000	1000
ITER = 555	1000	1000
ITER = 556	1000	1000
ITER = 557	1000	1000
ITER = 558	1000	1000
ITER = 559	1000	1000
ITER = 560	1000	1000
ITER = 561	1000	1000
ITER = 562	1000	1000
ITER = 563	1000	1000
ITER = 564	1000	1000
ITER = 565	1000	1000
ITER = 566	1000	1000
ITER = 567	1000	1000
ITER = 568	1000	1000
ITER = 569	1000	1000
ITER = 570	1000	1000
ITER = 571	1000	1000
ITER = 572	1000	1000
ITER = 573	1000	1000
ITER = 574	1000	1000
ITER = 575	1000	1000
ITER = 576	1000	1000
ITER = 577	1000	1000
ITER = 578	1000	1000
ITER = 579	1000	1000
ITER = 580	1000	1000
ITER = 581	1000	1000
ITER = 582	1000	1000
ITER = 583	1000	1000
ITER = 584	1000	1000
ITER = 585	1000	1000
ITER = 586	1000	1000
ITER = 587	1000	1000
ITER = 588	1000	1000
ITER = 589	1000	1000
ITER = 590	1000	1000
ITER = 591	1000	1000
ITER = 592	1000	1000
ITER = 593	1000	1000
ITER = 594	1000	1000
ITER = 595	1000	1000
ITER = 596	1000	1000
ITER = 597	1000	1000
ITER = 598	1000	1000
ITER = 599	1000	1000
ITER = 600	1000	1000
ITER = 601	1000	1000
ITER = 602	1000	1000
ITER = 603	1000	1000
ITER = 604	1000	1000
ITER = 605	1000	1000
ITER = 606	1000	1000
ITER = 607	1000	1000
ITER = 608	1000	1000
ITER = 609	1000	1000
ITER = 610	1000	1000
ITER = 611	1000	1000
ITER = 612	1000	1000
ITER = 613	1000	1000
ITER = 614	1000	1000
ITER = 615	1000	1000
ITER = 616	1000	1000
ITER = 617	1000	1000
ITER = 618	1000	1000
ITER = 619	1000	1000
ITER = 620	1000	1000
ITER = 621	1000	1000
ITER = 622	1000	1000
ITER = 623	1000	1000
ITER = 624	1000	1000
ITER = 625	1000	1000
ITER = 626	1000	1000
ITER = 627	1000	1000
ITER = 628	1000	1000
ITER = 629	1000	1000
ITER = 630	1000	1000
ITER = 631	1000	1000
ITER = 632	1000	1000
ITER = 633	1000	1000
ITER = 634	1000	1000
ITER = 635	1000	1000
ITER = 636	1000	1000
ITER = 637	1000	1000
ITER = 638	1000	1000
ITER = 639	1000	1000
ITER = 640	1000	1000
ITER = 641	1000	1000
ITER = 642	1000	1000
ITER = 643	1000	1000
ITER = 644	1000	1000
ITER = 645	1000	1000
ITER = 646	1000	1000
ITER = 647	1000	1000
ITER = 648	1000	1000
ITER = 649	1000	1000
ITER = 650	1000	1000
ITER = 651	1000	1000
ITER = 652	1000	1000
ITER = 653	1000	1000
ITER = 654	1000	1000
ITER = 655	1000	1000
ITER = 656	1000	1000
ITER = 657	1000	1000
ITER = 658	1000	1000
ITER = 659	1000	1000
ITER = 660	1000	1000
ITER = 661	1000	1000
ITER = 662	1000	1000
ITER = 663	1000	1000
ITER = 664	1000	1000
ITER = 665	1000	1000
ITER = 666	1000	1000
ITER = 667	1000	1000
ITER = 668	1000	1000
ITER = 669	1000	1000
ITER = 670	1000	1000
ITER = 671	1000	1000
ITER = 672	1000	1000
ITER = 673	1000	1000
ITER = 674	1000	1000
ITER = 675	1000	1000
ITER = 676	1000	1000
ITER = 677	1000	1000
ITER = 678	1000	1000
ITER = 679	1000	1000
ITER = 680	1000	1000
ITER = 681	1000	1000
ITER = 682	1000	1000
ITER = 683	1000	1000
ITER = 684	1000	1000
ITER = 685	1000	1000
ITER = 686	1000	1000
ITER = 687	1000	1000
ITER = 688	1000	1000
ITER = 689	1000	1000
ITER = 690	1000	1000
ITER = 691	1000	1000
ITER = 692	1000	1000
ITER = 693	1000	1000
ITER = 694	1000	1000
ITER = 695	1000	1000
ITER = 696	1000	1000
ITER = 697	1000	1000
ITER = 698	1000	1000
ITER = 699	1000	1000
ITER = 700	1000	1000
ITER = 701	1000	1000
ITER = 702	1000	1000
ITER = 703	1000	1000
ITER = 704	1000	1000
ITER = 705	1000	1000
ITER = 706	1000	1000
ITER = 707	1000	1000
ITER = 708	1000	1000
ITER = 709	1000	1000
ITER = 710	1000	1000
ITER = 711	1000	1000
ITER = 712	1000	1000
ITER = 713	1000	1000
ITER = 714	1000	1000
ITER = 715	1000	1000
ITER = 716	1000	1000
ITER = 717	1000	1000
ITER = 718	1000	1000
ITER = 719	1000	1000
ITER = 720	1000	1000
ITER = 721	1000	1000
ITER = 722	1000	1000
ITER = 723	1000	1000
ITER = 724	1000	1000
ITER = 725	1000	1000
ITER = 726	1000	1000
ITER = 727	1000	1000
ITER = 728	1000	1000
ITER = 729	1000	1000
ITER = 730	1000	1000
ITER = 731	1000	1000
ITER = 732	1000	1000
ITER = 733	1000	1000
ITER = 734	1000	1000
ITER = 735	1000	1000
ITER = 736	1000	1000
ITER = 737	1000	1000
ITER = 738	1000	1000
ITER = 739	1000	1000
ITER = 740	1000	1000
ITER = 741	1000	1000
ITER = 742	1000	1000
ITER = 743	1000	1000
ITER = 744	1000	1000
ITER = 745	1000	1000
ITER = 746	1000	1000
ITER = 747	1000	1000
ITER = 748	1000	1000
ITER = 749	1000	1000
ITER = 750	1000	1000
ITER = 751	1000	1000
ITER = 752	1000	1000
ITER = 753	1000	1000
ITER = 754	1000	1000
ITER = 755	1000	1000
ITER = 756	1000	1000
ITER = 757	1000	1000
ITER = 758	1000	1000
ITER = 759	1000	1000
ITER = 760	1000	1000
ITER = 761	1000	1000
ITER = 762	1000	1000
ITER = 763	1000	1000
ITER = 764	1000	1000
ITER = 765	1000	1000
ITER = 766	1000	1000
ITER = 767	1000	1000
ITER = 768	1000	1000
ITER = 769	1000	1000
ITER = 770	1000	1000
ITER = 771	1000	1000
ITER = 772	1000	1000
ITER = 773	1000	1000
ITER = 774	1000	1000
ITER = 775	1000	1000
ITER = 776	1000	1000
ITER = 777	1000	1000
ITER = 778	1000	1000
ITER = 779	1000	1000
ITER = 780	1000	1000
ITER = 781	1000	1000
ITER = 782	1000	1000
ITER = 783	1000	1000
ITER = 784	1000	1000
ITER = 785	1000	1000
ITER = 786	1000	1000
ITER = 787	1000	1000
ITER = 788	1000	1000
ITER = 789	1000	1000
ITER = 790	1000	1000
ITER = 791	1000	1000
ITER = 792	1000	1000
ITER = 793	1000	1000
ITER = 794	1000	1000
ITER = 795	1000	1000
ITER = 796	1000	1000
ITER = 797	1000	1000
ITER = 798	1000	1000
ITER = 799	1000	1000
ITER = 800	1000	1000
ITER = 801	1000	1000
ITER = 802	1000	1000
ITER = 803	1000	1000
ITER = 804	1000	1000
ITER = 805	1000	1000
ITER = 806	1000	1000
ITER = 807	1000	1000
ITER = 808	1000	1000
ITER = 809	1000	1000
ITER = 810	1000	1000
ITER = 811	1500	1000
ITER = 812	2400	1495
ITER = 813	3000	2386
ITER = 814	3500	2980
ITER = 815	4500	3475
ITER = 816	4900	4465
ITER = 817	5400	4861
ITER = 818	5500	5356
ITER = 819	5900	5455
ITER = 820	6000	5851
ITER = 821	6400	5950
ITER = 822	6500	6346
ITER = 823	6800	6445
ITER = 824	6900	6742
ITER = 825	7000	6841
ITER = 826	7300	6940
ITER = 827	7400	7237
ITER = 828	7600	7336
ITER = 829	7700	7534
ITER = 830	7800	7633
ITER = 831	7800	7732
ITER = 832	7800	7732
ITER = 833	8100	7732
ITER = 834	8400	8029
ITER = 835	8600	8326
ITER = 836	8800	8524
ITER = 837	9100	8722
ITER = 838	9400	9019
ITER = 839	9700	9316
ITER = 840	9900	9613
ITER = 841	10100	9811
ITER = 842	10200	10009
ITER = 843	10300	10108
ITER = 844	10500	10207
ITER = 845	10800	10405
ITER = 846	10900	10702
ITER = 847	11000	10801
ITER = 848	11200	10900
ITER = 849	11200	11098
ITER = 850	11200	11098
ITER = 851	11300	11098
ITER = 852	11600	11197
ITER = 853	11780	11494
ITER = 854	11960	11672
ITER = 855	12040	11850
ITER = 856	12040	11929
ITER = 857	12220	11929
ITER = 858	12320	12107
ITER = 859	12320	12206
ITER = 860	12420	12206
ITER = 861	12468	12305
ITER = 862	12568	12352
ITER = 863	12668	12451
ITER = 864	12868	12550
ITER = 865	12868	12748
ITER = 866	13368	12748
ITER = 867	13368	13243
ITER = 868	13368	13243
ITER = 869	13468	13243
ITER = 870	13668	13342
ITER = 871	13885	13540
ITER = 872	13985	13754
ITER = 873	13985	13853
ITER = 874	14076	13852
ITER = 875	14258	13941
ITER = 876	14349	14121
ITER = 877	14420	14210
ITER = 878	14420	14279
ITER = 879	14420	14279
ITER = 880	14420	14279
ITER = 881	14491	14279
ITER = 882	14491	14348
ITER = 883	14589	14347
ITER = 884	14638	14443
ITER = 885	14736	14490
ITER = 886	14810	14586
ITER = 887	14858	14658
ITER = 888	14858	14704
ITER = 889	14882	14704
ITER = 890	14978	14727
ITER = 891	15002	14819
ITER = 892	15002	14842
ITER = 893	15012	14841
ITER = 894	15012	14847
ITER = 895	15012	14847
ITER = 896	15022	14847
ITER = 897	15032	14855
ITER = 898	15037	14863
ITER = 899	15037	14867
ITER = 900	15037	14866
ITER = 901	15037	14864
ITER = 902	15037	14861
ITER = 903	15037	14858
ITER = 904	15037	14856
ITER = 905	15037	14856
ITER = 906	15037	14853
ITER = 907	15037	14853
ITER = 908	15037	14852
ITER = 909	15037	14851
ITER = 910	15037	14850
ITER = 911	15037	14848
ITER = 912	15037	14848
ITER = 913	15037	14847
ITER = 914	15037	14845
ITER = 915	15037	14845
ITER = 916	15037	14844
ITER = 917	15037	14841
ITER = 918	15037	14841
ITER = 919	15037	14841
ITER = 920	15037	14841
ITER = 921	15037	14841
ITER = 922	15037	14841
ITER = 923	15037	14839
ITER = 924	15037	14837
ITER = 925	15037	14836
ITER = 926	15037	14836
ITER = 927	15037	14836
ITER = 928	15037	14835
ITER = 929	15037	14835
ITER = 930	15037	14833
ITER = 931	15037	14832
ITER = 932	15037	14830
ITER = 933	15037	14827
ITER = 934	15037	14825
ITER = 935	15037	14825
ITER = 936	15037	14825
ITER = 937	15037	14825
ITER = 938	15037	14824
ITER = 939	15037	14824
ITER = 940	15037	14823
ITER = 941	15037	14821
ITER = 942	15037	14819
ITER = 943	15037	14816
ITER = 944	15037	14815
ITER = 945	15037	14813
ITER = 946	15037	14811
ITER = 947	15037	14808
ITER = 948	15037	14806
ITER = 949	15037	14803
ITER = 950	15037	14800
ITER = 951	15037	14797
ITER = 952	15037	14794
ITER = 953	15037	14793
ITER = 954	15037	14791
ITER = 955	15037	14790
ITER = 956	15037	14790
ITER = 957	15037	14789
ITER = 958	15037	14787
ITER = 959	15037	14786
ITER = 960	15037	14785
ITER = 961	15037	14780
ITER = 962	15037	14778
ITER = 963	15037	14777
ITER = 964	15037	14775
ITER = 965	15037	14773
ITER = 966	15037	14769
ITER = 967	15037	14768
ITER = 968	15037	14766
ITER = 969	15037	14762
ITER = 970	15037	14760
ITER = 971	15037	14755
ITER = 972	15037	14755
ITER = 973	15037	14754
ITER = 974	15037	14754
ITER = 975	15037	14752
ITER = 976	15037	14751
ITER = 977	15037	14750
ITER = 978	15037	14748
ITER = 979	15037	14748
ITER = 980	15037	14747
ITER = 981	15037	14746
ITER = 982	15037	14745
ITER = 983	15037	14743
ITER = 984	15037	14742
ITER = 985	15037	14741
ITER = 986	15037	14738
ITER = 987	15037	14733
ITER = 988	15037	14732
ITER = 989	15037	14730
ITER = 990	15037	14730
ITER = 991	15037	14728
ITER = 992	15037	14727
ITER = 993	15037	14726
ITER = 994	15037	14724
ITER = 995	15037	14723
ITER = 996	15037	14721
ITER = 997	15037	14719
ITER = 998	15037	14718
ITER = 999	15037	14717
ITER = 1000	15037	14713
ITER = 1001	15037	14712
ITER = 1002	15037	14711
ITER = 1003	15037	14709
ITER = 1004	15037	14709
ITER = 1005	15037	14707
ITER = 1006	15037	14705
ITER = 1007	15037	14705
ITER = 1008	15037	14704
ITER = 1009	15037	14702
ITER = 1010	15037	14699
ITER = 1011	15037	14694
ITER = 1012	15037	14692
ITER = 1013	15037	14692
ITER = 1014	15037	14689
ITER = 1015	15037	14689
ITER = 1016	15037	14689
ITER = 1017	15037	14689
ITER = 1018	15037	14687
ITER = 1019	15037	14687
ITER = 1020	15037	14686
ITER = 1021	15037	14686
ITER = 1022	15037	14686
ITER = 1023	15037	14681
ITER = 1024	15037	14680
ITER = 1025	15037	14679
ITER = 1026	15037	14679
ITER = 1027	15037	14678
ITER = 1028	15037	14678
ITER = 1029	15037	14675
ITER = 1030	15037	14672
ITER = 1031	15037	14672
ITER = 1032	15037	14670
ITER = 1033	15037	14667
ITER = 1034	15037	14667
ITER = 1035	15037	14664
ITER = 1036	15037	14664
ITER = 1037	15037	14663
ITER = 1038	15037	14661
ITER = 1039	15037	14661
ITER = 1040	15037	14661
ITER = 1041	15037	14660
ITER = 1042	15037	14660
ITER = 1043	15037	14658
ITER = 1044	15037	14657
ITER = 1045	15037	14657
ITER = 1046	15037	14655
ITER = 1047	15037	14654
ITER = 1048	15037	14653
ITER = 1049	15037	14650
ITER = 1050	15037	14649
ITER = 1051	15037	14648
ITER = 1052	15037	14644
ITER = 1053	15037	14640
ITER = 1054	15037	14638
ITER = 1055	15037	14638
ITER = 1056	15037	14635
ITER = 1057	15037	14634
ITER = 1058	15037	14633
ITER = 1059	15037	14631
ITER = 1060	15037	14630
ITER = 1061	15037	14625
ITER = 1062	15037	14623
ITER = 1063	15037	14620
ITER = 1064	15037	14615
ITER = 1065	15037	14615
ITER = 1066	15037	14612
ITER = 1067	15037	14612
ITER = 1068	15037	14609
ITER = 1069	15037	14609
ITER = 1070	15037	14607
ITER = 1071	15037	14607
ITER = 1072	15037	14607
ITER = 1073	15037	14605
ITER = 1074	15037	14604
ITER = 1075	15037	14604
ITER = 1076	15037	14603
ITER = 1077	15037	14602
ITER = 1078	15037	14602
ITER = 1079	15037	14600
ITER = 1080	15037	14598
ITER = 1081	15037	14598
ITER = 1082	15037	14597
ITER = 1083	15037	14595
ITER = 1084	15037	14590
ITER = 1085	15037	14586
ITER = 1086	15037	14586
ITER = 1087	15037	14585
ITER = 1088	15037	14585
ITER = 1089	15037	14585
ITER = 1090	15037	14585
ITER = 1091	15037	14582
ITER = 1092	15037	14581
ITER = 1093	15037	14581
ITER = 1094	15037	14580
ITER = 1095	15037	14579
ITER = 1096	15037	14577
ITER = 1097	15037	14575
ITER = 1098	15037	14570
ITER = 1099	15037	14569
ITER = 1100	15037	14566
ITER = 1101	15037	14566
ITER = 1102	15037	14564
ITER = 1103	15037	14563
ITER = 1104	15037	14560
ITER = 1105	15037	14559
ITER = 1106	15037	14557
ITER = 1107	15037	14556
ITER = 1108	15037	14555
ITER = 1109	15037	14553
ITER = 1110	15037	14549
ITER = 1111	15037	14549
ITER = 1112	15037	14547
ITER = 1113	15037	14545
ITER = 1114	15037	14545
ITER = 1115	15037	14541
ITER = 1116	15037	14540
ITER = 1117	15037	14538
ITER = 1118	15037	14538
ITER = 1119	15037	14535
ITER = 1120	15037	14534
ITER = 1121	15037	14533
ITER = 1122	15037	14533
ITER = 1123	15037	14533
ITER = 1124	15037	14530
ITER = 1125	15037	14529
ITER = 1126	15037	14526
ITER = 1127	15037	14525
ITER = 1128	15037	14523
ITER = 1129	15037	14521
ITER = 1130	15037	14521
ITER = 1131	15037	14519
ITER = 1132	15037	14519
ITER = 1133	15037	14519
ITER = 1134	15037	14518
ITER = 1135	15037	14517
ITER = 1136	15037	14517
ITER = 1137	15037	14517
ITER = 1138	15037	14513
ITER = 1139	15037	14512
ITER = 1140	15037	14511
ITER = 1141	15037	14511
ITER = 1142	15037	14510
ITER = 1143	15037	14506
ITER = 1144	15037	14503
ITER = 1145	15037	14501
ITER = 1146	15037	14500
ITER = 1147	15037	14500
ITER = 1148	15037	14496
ITER = 1149	15037	14496
ITER = 1150	15037	14496
ITER = 1151	15037	14496
ITER = 1152	15037	14496
ITER = 1153	15037	14496
ITER = 1154	15037	14494
ITER = 1155	15037	14492
ITER = 1156	15037	14492
ITER = 1157	15037	14492
ITER = 1158	15037	14491
ITER = 1159	15037	14489
ITER = 1160	15037	14487
ITER = 1161	15037	14486
ITER = 1162	15037	14484
ITER = 1163	15037	14482
ITER = 1164	15037	14482
ITER = 1165	15037	14481
ITER = 1166	15037	14479
ITER = 1167	15037	14477
ITER = 1168	15037	14477
ITER = 1169	15037	14476
ITER = 1170	15037	14475
ITER = 1171	15037	14474
ITER = 1172	15037	14474
ITER = 1173	15037	14474
ITER = 1174	15037	14474
ITER = 1175	15037	14472
ITER = 1176	15037	14470
ITER = 1177	15037	14469
ITER = 1178	15037	14465
ITER = 1179	15037	14464
ITER = 1180	15037	14462
ITER = 1181	15037	14458
ITER = 1182	15037	14456
ITER = 1183	15037	14456
ITER = 1184	15037	14455
ITER = 1185	15037	14453
ITER = 1186	15037	14453
ITER = 1187	15037	14452
ITER = 1188	15037	14448
ITER = 1189	15037	14447
ITER = 1190	15037	14444
ITER = 1191	15037	14444
ITER = 1192	15037	14444
ITER = 1193	15037	14444
ITER = 1194	15037	14443
ITER = 1195	15037	14441
ITER = 1196	15037	14440
ITER = 1197	15037	14440
ITER = 1198	15037	14440
ITER = 1199	15037	14440
ITER = 1200	15037	14435
ITER = 1201	15037	14435
ITER = 1202	15037	14434
ITER = 1203	15037	14433
ITER = 1204	15037	14432
ITER = 1205	15037	14432
ITER = 1206	15037	14432
ITER = 1207	15037	14431
ITER = 1208	15037	14430
ITER = 1209	15037	14430
ITER = 1210	15037	14428
ITER = 1211	15037	14428
ITER = 1212	15037	14428
ITER = 1213	15037	14428
ITER = 1214	15037	14425
ITER = 1215	15037	14425
ITER = 1216	15037	14425
ITER = 1217	15037	14422
ITER = 1218	15037	14420
ITER = 1219	15037	14420
ITER = 1220	15037	14419
ITER = 1221	15037	14416
ITER = 1222	15037	14413
ITER = 1223	15037	14412
ITER = 1224	15037	14412
ITER = 1225	15037	14411
ITER = 1226	15037	14411
ITER = 1227	15037	14411
ITER = 1228	15037	14411
ITER = 1229	15037	14411
ITER = 1230	15037	14410
ITER = 1231	15037	14410
ITER = 1232	15037	14409
ITER = 1233	15039	14408
ITER = 1234	15039	14409
ITER = 1235	15039	14408
ITER = 1236	15039	14406
ITER = 1237	15039	14404
ITER = 1238	15039	14404
ITER = 1239	15039	14401
ITER = 1240	15039	14401
ITER = 1241	15039	14401
ITER = 1242	15039	14400
ITER = 1243	15039	14400
ITER = 1244	15039	14399
ITER = 1245	15039	14397
ITER = 1246	15039	14397
ITER = 1247	15039	14396
ITER = 1248	15039	14395
ITER = 1249	15039	14393
ITER = 1250	15039	14391
ITER = 1251	15039	14390
ITER = 1252	15039	14389
ITER = 1253	15039	14389
ITER = 1254	15039	14389
ITER = 1255	15039	14389
ITER = 1256	15039	14389
ITER = 1257	15039	14389
ITER = 1258	15039	14389
ITER = 1259	15039	14389
ITER = 1260	15039	14389
ITER = 1261	15039	14384
ITER = 1262	15039	14384
ITER = 1263	15039	14384
ITER = 1264	15039	14384
ITER = 1265	15039	14384
ITER = 1266	15039	14380
ITER = 1267	15039	14380
ITER = 1268	15039	14378
ITER = 1269	15039	14378
ITER = 1270	15039	14377
ITER = 1271	15039	14377
ITER = 1272	15039	14377
ITER = 1273	15039	14377
ITER = 1274	15039	14377
ITER = 1275	15039	14377
ITER = 1276	15039	14377
ITER = 1277	15039	14377
ITER = 1278	15039	14376
ITER = 1279	15039	14375
ITER = 1280	15039	14375
ITER = 1281	15039	14375
ITER = 1282	15039	14375
ITER = 1283	15039	14375
ITER = 1284	15039	14375
ITER = 1285	15039	14375
ITER = 1286	15039	14373
ITER = 1287	15039	14373
ITER = 1288	15039	14372
ITER = 1289	15039	14371
ITER = 1290	15039	14371
ITER = 1291	15039	14370
ITER = 1292	15039	14370
ITER = 1293	15039	14369
ITER = 1294	15039	14369
ITER = 1295	15039	14368
ITER = 1296	15039	14367
ITER = 1297	15039	14367
ITER = 1298	15039	14367
ITER = 1299	15039	14365
ITER = 1300	15039	14364
ITER = 1301	15039	14362
ITER = 1302	15039	14361
ITER = 1303	15039	14361
ITER = 1304	15039	14360
ITER = 1305	15039	14359
ITER = 1306	15039	14357
ITER = 1307	15039	14356
ITER = 1308	15039	14356
ITER = 1309	15039	14356
ITER = 1310	15039	14356
ITER = 1311	15039	14356
ITER = 1312	15039	14356
ITER = 1313	15039	14356
ITER = 1314	15039	14355
ITER = 1315	15039	14355
ITER = 1316	15039	14354
ITER = 1317	15039	14354
ITER = 1318	15039	14353
ITER = 1319	15039	14353
ITER = 1320	15039	14353
ITER = 1321	15039	14351
ITER = 1322	15039	14350
ITER = 1323	15039	14349
ITER = 1324	15039	14349
ITER = 1325	15039	14349
ITER = 1326	15039	14349
ITER = 1327	15039	14349
ITER = 1328	15039	14348
ITER = 1329	15039	14347
ITER = 1330	15039	14347
ITER = 1331	15039	14346
ITER = 1332	15039	14346
ITER = 1333	15039	14345
ITER = 1334	15039	14345
ITER = 1335	15039	14345
ITER = 1336	15039	14345
ITER = 1337	15039	14343
ITER = 1338	15039	14343
ITER = 1339	15039	14343
ITER = 1340	15039	14343
ITER = 1341	15039	14342
ITER = 1342	15039	14342
ITER = 1343	15039	14341
ITER = 1344	15039	14340
ITER = 1345	15039	14339
ITER = 1346	15039	14338
ITER = 1347	15039	14338
ITER = 1348	15039	14338
ITER = 1349	15039	14337
ITER = 1350	15039	14336
ITER = 1351	15039	14336
ITER = 1352	15039	14335
ITER = 1353	15039	14335
ITER = 1354	15039	14335
ITER = 1355	15039	14335
ITER = 1356	15039	14335
ITER = 1357	15039	14335
ITER = 1358	15039	14335
ITER = 1359	15039	14333
ITER = 1360	15039	14333
ITER = 1361	15039	14333
ITER = 1362	15039	14333
ITER = 1363	15039	14333
ITER = 1364	15039	14331
ITER = 1365	15039	14331
ITER = 1366	15039	14331
ITER = 1367	15039	14331
ITER = 1368	15039	14331
ITER = 1369	15039	14330
ITER = 1370	15039	14330
ITER = 1371	15039	14330
ITER = 1372	15039	14329
ITER = 1373	15039	14328
ITER = 1374	15039	14328
ITER = 1375	15039	14328
ITER = 1376	15039	14327
ITER = 1377	15039	14327
ITER = 1378	15039	14327
ITER = 1379	15039	14327
ITER = 1380	15039	14327
ITER = 1381	15039	14327
ITER = 1382	15039	14326
ITER = 1383	15039	14326
ITER = 1384	15039	14324
ITER = 1385	15039	14324
ITER = 1386	15039	14324
ITER = 1387	15039	14324
ITER = 1388	15039	14323
ITER = 1389	15039	14323
ITER = 1390	15039	14323
ITER = 1391	15039	14323
ITER = 1392	15039	14322
ITER = 1393	15039	14322
ITER = 1394	15039	14321
ITER = 1395	15039	14321
ITER = 1396	15039	14320
ITER = 1397	15039	14319
ITER = 1398	15039	14319
ITER = 1399	15039	14318
ITER = 1400	15039	14318
ITER = 1401	15039	14318
ITER = 1402	15039	14318
ITER = 1403	15039	14317
ITER = 1404	15039	14317
ITER = 1405	15039	14317
ITER = 1406	15039	14317
ITER = 1407	15039	14316
ITER = 1408	15039	14316
ITER = 1409	15039	14316
ITER = 1410	15039	14316
ITER = 1411	15039	14316
ITER = 1412	15039	14316
ITER = 1413	15039	14316
ITER = 1414	15039	14316
ITER = 1415	15039	14316
ITER = 1416	15039	14316
ITER = 1417	15039	14316
ITER = 1418	15039	14315
ITER = 1419	15039	14315
ITER = 1420	15039	14315
ITER = 1421	15039	14314
ITER = 1422	15039	14314
ITER = 1423	15039	14314
ITER = 1424	15039	14314
ITER = 1425	15039	14314
ITER = 1426	15039	14314
ITER = 1427	15039	14314
ITER = 1428	15039	14314
ITER = 1429	15039	14314
ITER = 1430	15039	14314
ITER = 1431	15039	14314
ITER = 1432	15039	14314
ITER = 1433	15039	14314
ITER = 1434	15039	14314
ITER = 1435	15039	14314
ITER = 1436	15039	14313
ITER = 1437	15039	14307
ITER = 1438	15039	14296
ITER = 1439	15039	14294
ITER = 1440	15039	14293
ITER = 1441	15039	14293
ITER = 1442	15039	14292
ITER = 1443	15039	14292
ITER = 1444	15039	14292
ITER = 1445	15039	14292
ITER = 1446	15039	14290
ITER = 1447	15039	14289
ITER = 1448	15039	14289
ITER = 1449	15039	14289
ITER = 1450	15039	14289
ITER = 1451	15039	14288
ITER = 1452	15039	14288
ITER = 1453	15039	14288
ITER = 1454	15039	14288
ITER = 1455	15039	14287
ITER = 1456	15039	14287
ITER = 1457	15039	14286
ITER = 1458	15039	14286
ITER = 1459	15039	14286
ITER = 1460	15039	14286
ITER = 1461	15039	14286
ITER = 1462	15039	14286
ITER = 1463	15039	14286
ITER = 1464	15039	14286
ITER = 1465	15039	14286
ITER = 1466	15039	14286
ITER = 1467	15039	14284
ITER = 1468	15039	14283
ITER = 1469	15039	14282
ITER = 1470	15039	14282
ITER = 1471	15039	14282
ITER = 1472	15039	14281
ITER = 1473	15039	14281
ITER = 1474	15039	14281
ITER = 1475	15039	14281
ITER = 1476	15039	14281
ITER = 1477	15039	14280
ITER = 1478	15039	14280
ITER = 1479	15039	14280
ITER = 1480	15039	14280
ITER = 1481	15039	14279
ITER = 1482	15039	14279
ITER = 1483	15039	14279
ITER = 1484	15039	14278
ITER = 1485	15039	14278
ITER = 1486	15039	14278
ITER = 1487	15039	14278
ITER = 1488	15039	14278
ITER = 1489	15039	14278
ITER = 1490	15039	14278
ITER = 1491	15039	14277
ITER = 1492	15039	14277
ITER = 1493	15039	14277
ITER = 1494	15039	14277
ITER = 1495	15039	14277
ITER = 1496	15039	14277
ITER = 1497	15039	14276
ITER = 1498	15039	14276
ITER = 1499	15039	14276
ITER = 1500	15039	14273
ITER = 1501	15039	14273
ITER = 1502	15039	14271
ITER = 1503	15039	14271
ITER = 1504	15039	14270
ITER = 1505	15039	14270
ITER = 1506	15039	14270
ITER = 1507	15039	14270
ITER = 1508	15039	14270
ITER = 1509	15039	14269
ITER = 1510	15039	14269
ITER = 1511	15039	14269
ITER = 1512	15039	14268
ITER = 1513	15039	14268
ITER = 1514	15039	14268
ITER = 1515	15039	14268
ITER = 1516	15039	14268
ITER = 1517	15039	14266
ITER = 1518	15039	14266
ITER = 1519	15039	14266
ITER = 1520	15039	14265
ITER = 1521	15039	14265
ITER = 1522	15039	14265
ITER = 1523	15039	14264
ITER = 1524	15039	14264
ITER = 1525	15039	14263
ITER = 1526	15039	14263
ITER = 1527	15039	14263
ITER = 1528	15039	14263
ITER = 1529	15039	14262
ITER = 1530	15039	14262
ITER = 1531	15039	14261
ITER = 1532	15039	14261
ITER = 1533	15039	14261
ITER = 1534	15039	14261
ITER = 1535	15039	14261
ITER = 1536	15039	14261
ITER = 1537	15039	14261
ITER = 1538	15039	14261
ITER = 1539	15039	14261
ITER = 1540	15039	14261
ITER = 1541	15039	14261
ITER = 1542	15039	14261
ITER = 1543	15039	14261
ITER = 1544	15039	14260
ITER = 1545	15039	14260
ITER = 1546	15039	14260
ITER = 1547	15039	14260
ITER = 1548	15039	14260
ITER = 1549	15039	14259
ITER = 1550	15039	14258
ITER = 1551	15039	14257
ITER = 1552	15039	14257
ITER = 1553	15039	14257
ITER = 1554	15039	14255
ITER = 1555	15039	14254
ITER = 1556	15039	14253
ITER = 1557	15039	14252
ITER = 1558	15039	14251
ITER = 1559	15039	14251
ITER = 1560	15039	14251
ITER = 1561	15039	14251
ITER = 1562	15039	14249
ITER = 1563	15039	14249
ITER = 1564	15039	14249
ITER = 1565	15039	14249
ITER = 1566	15039	14249
ITER = 1567	15039	14248
ITER = 1568	15039	14248
ITER = 1569	15039	14247
ITER = 1570	15039	14247
ITER = 1571	15039	14246
ITER = 1572	15039	14246
ITER = 1573	15039	14246
ITER = 1574	15039	14246
ITER = 1575	15039	14246
ITER = 1576	15039	14246
ITER = 1577	15039	14244
ITER = 1578	15039	14243
ITER = 1579	15039	14243
ITER = 1580	15039	14241
ITER = 1581	15039	14241
ITER = 1582	15039	14241
ITER = 1583	15039	14239
ITER = 1584	15039	14239
ITER = 1585	15039	14239
ITER = 1586	15039	14236
ITER = 1587	15039	14236
ITER = 1588	15039	14234
ITER = 1589	15039	14233
ITER = 1590	15039	14232
ITER = 1591	15039	14231
ITER = 1592	15039	14230
ITER = 1593	15039	14230
ITER = 1594	15039	14229
ITER = 1595	15039	14229
ITER = 1596	15039	14229
ITER = 1597	15039	14229
ITER = 1598	15039	14229
ITER = 1599	15039	14229
ITER = 1600	15039	14229
ITER = 1601	15039	14228
ITER = 1602	15039	14228
ITER = 1603	15039	14228
ITER = 1604	15039	14228
ITER = 1605	15039	14227
ITER = 1606	15039	14227
ITER = 1607	15039	14226
ITER = 1608	15039	14224
ITER = 1609	15039	14222
ITER = 1610	15039	14222
ITER = 1611	15039	14222
ITER = 1612	15039	14222
ITER = 1613	15039	14222
ITER = 1614	15039	14222
ITER = 1615	15039	14222
ITER = 1616	15039	14222
ITER = 1617	15039	14222
ITER = 1618	15039	14222
ITER = 1619	15039	14221
ITER = 1620	15039	14221
ITER = 1621	15039	14221
ITER = 1622	15039	14221
ITER = 1623	15039	14221
ITER = 1624	15039	14221
ITER = 1625	15039	14220
ITER = 1626	15039	14220
ITER = 1627	15039	14219
ITER = 1628	15039	14219
ITER = 1629	15039	14219
ITER = 1630	15039	14218
ITER = 1631	15039	14218
ITER = 1632	15039	14218
ITER = 1633	15039	14217
ITER = 1634	15039	14216
ITER = 1635	15039	14216
ITER = 1636	15039	14214
ITER = 1637	15039	14213
ITER = 1638	15039	14212
ITER = 1639	15039	14210
ITER = 1640	15039	14210
ITER = 1641	15039	14209
ITER = 1642	15039	14209
ITER = 1643	15039	14208
ITER = 1644	15039	14207
ITER = 1645	15039	14206
ITER = 1646	15039	14205
ITER = 1647	15039	14186
ITER = 1648	15039	14186
ITER = 1649	15039	14185
ITER = 1650	15039	14185
ITER = 1651	15039	14184
ITER = 1652	15039	14184
ITER = 1653	15039	14183
ITER = 1654	15039	14182
ITER = 1655	15039	14179
ITER = 1656	15039	14177
ITER = 1657	15039	14176
ITER = 1658	15039	14175
ITER = 1659	15039	14175
ITER = 1660	15039	14175
ITER = 1661	15039	14173
ITER = 1662	15039	14171
ITER = 1663	15039	14171
ITER = 1664	15039	14171
ITER = 1665	15039	14171
ITER = 1666	15039	14171
ITER = 1667	15039	14170
ITER = 1668	15039	14168
ITER = 1669	15039	14168
ITER = 1670	15039	14166
ITER = 1671	15039	14165
ITER = 1672	15039	14164
ITER = 1673	15039	14164
ITER = 1674	15039	14163
ITER = 1675	15039	14162
ITER = 1676	15039	14162
ITER = 1677	15039	14161
ITER = 1678	15039	14159
ITER = 1679	15039	14158
ITER = 1680	15039	14158
ITER = 1681	15039	14158
ITER = 1682	15039	14156
ITER = 1683	15039	14155
ITER = 1684	15039	14154
ITER = 1685	15039	14152
ITER = 1686	15039	14151
ITER = 1687	15039	14149
ITER = 1688	15039	14148
ITER = 1689	15039	14147
ITER = 1690	15039	14146
ITER = 1691	15039	14144
ITER = 1692	15039	14143
ITER = 1693	15039	14143
ITER = 1694	15039	14143
ITER = 1695	15039	14142
ITER = 1696	15039	14141
ITER = 1697	15039	14141
ITER = 1698	15039	14140
ITER = 1699	15039	14139
ITER = 1700	15039	14138
ITER = 1701	15039	14138
ITER = 1702	15039	14136
ITER = 1703	15039	14135
ITER = 1704	15039	14133
ITER = 1705	15039	14133
ITER = 1706	15039	14133
ITER = 1707	15039	14133
ITER = 1708	15039	14132
ITER = 1709	15039	14131
ITER = 1710	15039	14130
ITER = 1711	15039	14129
ITER = 1712	15039	14129
ITER = 1713	15039	14128
ITER = 1714	15039	14127
ITER = 1715	15039	14127
ITER = 1716	15039	14126
ITER = 1717	15039	14124
ITER = 1718	15039	14124
ITER = 1719	15039	14124
ITER = 1720	15039	14120
ITER = 1721	15039	14119
ITER = 1722	15039	14119
ITER = 1723	15039	14119
ITER = 1724	15039	14118
ITER = 1725	15039	14117
ITER = 1726	15039	14116
ITER = 1727	15039	14116
ITER = 1728	15039	14115
ITER = 1729	15039	14113
ITER = 1730	15039	14112
ITER = 1731	15039	14112
ITER = 1732	15039	14111
ITER = 1733	15039	14110
ITER = 1734	15039	14108
ITER = 1735	15039	14107
ITER = 1736	15039	14107
ITER = 1737	15039	14103
ITER = 1738	15039	14102
ITER = 1739	15039	14101
ITER = 1740	15039	14099
ITER = 1741	15039	14095
ITER = 1742	15039	14095
ITER = 1743	15039	14095
ITER = 1744	15039	14094
ITER = 1745	15039	14092
ITER = 1746	15039	14090
ITER = 1747	15039	14090
ITER = 1748	15039	14089
ITER = 1749	15039	14087
ITER = 1750	15039	14086
ITER = 1751	15039	14084
ITER = 1752	15039	14084
ITER = 1753	15039	14084
ITER = 1754	15039	14082
ITER = 1755	15039	14081
ITER = 1756	15039	14080
ITER = 1757	15039	14076
ITER = 1758	15039	14073
ITER = 1759	15039	14072
ITER = 1760	15039	14071
ITER = 1761	15039	14070
ITER = 1762	15039	14069
ITER = 1763	15039	14065
ITER = 1764	15039	14065
ITER = 1765	15039	14063
ITER = 1766	15039	14062
ITER = 1767	15039	14061
ITER = 1768	15039	14059
ITER = 1769	15039	14057
ITER = 1770	15039	14055
ITER = 1771	15039	14051
ITER = 1772	15039	14050
ITER = 1773	15039	14048
ITER = 1774	15039	14045
ITER = 1775	15039	14043
ITER = 1776	15039	14042
ITER = 1777	15039	14040
ITER = 1778	15039	14038
ITER = 1779	15039	14035
ITER = 1780	15039	14034
ITER = 1781	15039	14032
ITER = 1782	15039	14031
ITER = 1783	15039	14028
ITER = 1784	15039	14027
ITER = 1785	15039	14024
ITER = 1786	15039	14013
ITER = 1787	15039	14010
ITER = 1788	15039	14009
ITER = 1789	15039	14008
ITER = 1790	15039	14006
ITER = 1791	15039	14003
ITER = 1792	15039	14003
ITER = 1793	15039	14001
ITER = 1794	15039	13999
ITER = 1795	15039	13998
ITER = 1796	15039	13995
ITER = 1797	15039	13994
ITER = 1798	15039	13990
ITER = 1799	15039	13989
ITER = 1800	15039	13984
ITER = 1801	15039	13984
ITER = 1802	15039	13981
ITER = 1803	15039	13978
ITER = 1804	15039	13977
ITER = 1805	15039	13975
ITER = 1806	15039	13975
ITER = 1807	15039	13973
ITER = 1808	15039	13972
ITER = 1809	15039	13971
ITER = 1810	15039	13966
ITER = 1811	15039	13964
ITER = 1812	15039	13962
ITER = 1813	15039	13960
ITER = 1814	15039	13960
ITER = 1815	15039	13958
ITER = 1816	15039	13957
ITER = 1817	15039	13955
ITER = 1818	15039	13953
ITER = 1819	15039	13949
ITER = 1820	15039	13942
ITER = 1821	15039	13939
ITER = 1822	15039	13937
ITER = 1823	15039	13936
ITER = 1824	15039	13936
ITER = 1825	15039	13934
ITER = 1826	15039	13931
ITER = 1827	15039	13929
ITER = 1828	15039	13927
ITER = 1829	15039	13926
ITER = 1830	15039	13921
ITER = 1831	15039	13916
ITER = 1832	15039	13915
ITER = 1833	15039	13914
ITER = 1834	15039	13903
ITER = 1835	15039	13903
ITER = 1836	15039	13901
ITER = 1837	15039	13897
ITER = 1838	15039	13893
ITER = 1839	15039	13892
ITER = 1840	15039	13888
ITER = 1841	15039	13886
ITER = 1842	15045	13882
ITER = 1843	15045	13884
ITER = 1844	15045	13880
ITER = 1845	15045	13878
ITER = 1846	15045	13874
ITER = 1847	15045	13872
ITER = 1848	15045	13870
ITER = 1849	15045	13866
ITER = 1850	15045	13864
ITER = 1851	15045	13861
ITER = 1852	15045	13855
ITER = 1853	15045	13853
ITER = 1854	15045	13851
ITER = 1855	15045	13849
ITER = 1856	15045	13847
ITER = 1857	15045	13845
ITER = 1858	15045	13839
ITER = 1859	15045	13833
ITER = 1860	15045	13831
ITER = 1861	15045	13827
ITER = 1862	15045	13824
ITER = 1863	15045	13817
ITER = 1864	15045	13815
ITER = 1865	15045	13815
ITER = 1866	15045	13814
ITER = 1867	15045	13809
ITER = 1868	15045	13807
ITER = 1869	15045	13800
ITER = 1870	15045	13798
ITER = 1871	15045	13794
ITER = 1872	15045	13792
ITER = 1873	15045	13790
ITER = 1874	15045	13787
ITER = 1875	15045	13785
ITER = 1876	15045	13780
ITER = 1877	15045	13778
ITER = 1878	15045	13777
ITER = 1879	15045	13776
ITER = 1880	15045	13776
ITER = 1881	15045	13775
ITER = 1882	15045	13771
ITER = 1883	15045	13770
ITER = 1884	15047	13768
ITER = 1885	15047	13766
ITER = 1886	15047	13763
ITER = 1887	15047	13759
ITER = 1888	15047	13752
ITER = 1889	15047	13750
ITER = 1890	15047	13747
ITER = 1891	15047	13745
ITER = 1892	15047	13744
ITER = 1893	15047	13742
ITER = 1894	15047	13736
ITER = 1895	15047	13734
ITER = 1896	15047	13731
ITER = 1897	15047	13728
ITER = 1898	15047	13727
ITER = 1899	15047	13725
ITER = 1900	15047	13725
ITER = 1901	15047	13725
ITER = 1902	15047	13723
ITER = 1903	15047	13722
ITER = 1904	15047	13718
ITER = 1905	15047	13715
ITER = 1906	15047	13711
ITER = 1907	15047	13706
ITER = 1908	15047	13700
ITER = 1909	15047	13697
ITER = 1910	15047	13696
ITER = 1911	15047	13693
ITER = 1912	15047	13691
ITER = 1913	15047	13684
ITER = 1914	15047	13683
ITER = 1915	15047	13681
ITER = 1916	15047	13676
ITER = 1917	15047	13676
ITER = 1918	15047	13673
ITER = 1919	15047	13671
ITER = 1920	15047	13670
ITER = 1921	15047	13668
ITER = 1922	15047	13665
ITER = 1923	15047	13659
ITER = 1924	15047	13658
ITER = 1925	15047	13654
ITER = 1926	15047	13654
ITER = 1927	15047	13650
ITER = 1928	15047	13644
ITER = 1929	15047	13640
ITER = 1930	15047	13637
ITER = 1931	15047	13637
ITER = 1932	15047	13632
ITER = 1933	15047	13629
ITER = 1934	15047	13629
ITER = 1935	15047	13627
ITER = 1936	15047	13626
ITER = 1937	15047	13622
ITER = 1938	15047	13619
ITER = 1939	15047	13617
ITER = 1940	15047	13616
ITER = 1941	15047	13612
ITER = 1942	15047	13610
ITER = 1943	15047	13607
ITER = 1944	15047	13601
ITER = 1945	15047	13600
ITER = 1946	15047	13597
ITER = 1947	15047	13594
ITER = 1948	15047	13592
ITER = 1949	15047	13590
ITER = 1950	15047	13589
ITER = 1951	15047	13578
ITER = 1952	15047	13576
ITER = 1953	15047	13573
ITER = 1954	15047	13569
ITER = 1955	15047	13567
ITER = 1956	15047	13564
ITER = 1957	15047	13559
ITER = 1958	15047	13550
ITER = 1959	15047	13549
ITER = 1960	15047	13545
ITER = 1961	15047	13540
ITER = 1962	15047	13536
ITER = 1963	15047	13534
ITER = 1964	15047	13533
ITER = 1965	15047	13532
ITER = 1966	15047	13529
ITER = 1967	15047	13525
ITER = 1968	15047	13523
ITER = 1969	15047	13521
ITER = 1970	15047	13517
ITER = 1971	15047	13512
ITER = 1972	15047	13511
ITER = 1973	15047	13505
ITER = 1974	15047	13502
ITER = 1975	15047	13499
ITER = 1976	15047	13497
ITER = 1977	15047	13494
ITER = 1978	15047	13491
ITER = 1979	15047	13487
ITER = 1980	15047	13480
ITER = 1981	15047	13477
ITER = 1982	15047	13477
ITER = 1983	15047	13472
ITER = 1984	15047	13468
ITER = 1985	15047	13464
ITER = 1986	15047	13460
ITER = 1987	15047	13458
ITER = 1988	15047	13453
ITER = 1989	15047	13432
ITER = 1990	15047	13429
ITER = 1991	15047	13426
ITER = 1992	15047	13421
ITER = 1993	15047	13418
ITER = 1994	15047	13416
ITER = 1995	15047	13412
ITER = 1996	15047	13406
ITER = 1997	15047	13400
ITER = 1998	15047	13397
ITER = 1999	15047	13396
