-0.150626
-0.149629
-0.148632
-0.147635
-0.146638
-0.145641
-0.144644
-0.143648
-0.142651
-0.141654
-0.140657
-0.13966
-0.138663
-0.137666
-0.136669
-0.135672
-0.134676
-0.133679
-0.132682
-0.131685
-0.130688
-0.129691
-0.128694
-0.127697
-0.126701
-0.125704
-0.124707
-0.12371
-0.122713
-0.121716
-0.120719
-0.119722
-0.118725
-0.117729
-0.116732
-0.115735
-0.114738
-0.113741
-0.112744
-0.111747
-0.11075
-0.109754
-0.108757
-0.10776
-0.106763
-0.105766
-0.104769
-0.103772
-0.102775
-0.101779
-0.100782
-0.0997847
-0.0987879
-0.097791
-0.0967941
-0.0957972
-0.0948003
-0.0938035
-0.0928066
-0.0918097
-0.0908128
-0.0898159
-0.0888191
-0.0878222
-0.0868253
-0.0858284
-0.0848315
-0.0838346
-0.0828378
-0.0818409
-0.080844
-0.0798471
-0.0788502
-0.0778534
-0.0768565
-0.0758596
-0.0748627
-0.0738658
-0.0728689
-0.0718721
-0.0708752
-0.0698783
-0.0688814
-0.0678845
-0.0668877
-0.0658908
-0.0648939
-0.063897
-0.0629001
-0.0619033
-0.0609064
-0.0599095
-0.0589126
-0.0579157
-0.0569188
-0.055922
-0.0549251
-0.0539282
-0.0529313
-0.0519344
-0.0509376
-0.0499407
-0.0489438
-0.0479469
-0.04695
-0.0459531
-0.0449563
-0.0439594
-0.0429625
-0.0419656
-0.0409687
-0.0399719
-0.038975
-0.0379781
-0.0369812
-0.0359843
-0.0349875
-0.0339906
-0.0329937
-0.0319968
-0.0309999
-0.030003
-0.0290062
-0.0280093
-0.0270124
-0.0260155
-0.0250186
-0.0240218
-0.0230249
-0.022028
-0.0210311
-0.0200342
-0.0190374
-0.0180405
-0.0170436
-0.0160467
-0.0150498
-0.0140529
-0.0130561
-0.0120592
-0.0110623
-0.0100654
-0.00906854
-0.00807165
-0.00707477
-0.00607789
-0.00508101
-0.00408413
-0.00308725
-0.00209037
-0.00109348
-9.66023e-05
0.000900279
0.00189716
0.00289404
0.00389092
0.0048878
0.00588469
0.00688157
0.00787845
0.00887533
0.00987221
0.0108691
0.011866
0.0128629
0.0138597
0.0148566
0.0158535
0.0168504
0.0178473
0.0188441
0.019841
0.0208379
0.0218348
0.0228317
0.0238286
0.0248254
0.0258223
0.0268192
0.0278161
0.028813
0.0298098
0.0308067
0.0318036
0.0328005
0.0337974
0.0347942
0.0357911
0.036788
0.0377849
0.0387818
0.0397787
0.0407755
0.0417724
0.0427693
0.0437662
0.0447631
0.0457599
0.0467568
0.0477537
0.0487506
0.0497475
0.0507444
0.0517412
0.0527381
0.053735
0.0547319
0.0557288
0.0567256
0.0577225
0.0587194
0.0597163
0.0607132
0.06171
0.0627069
0.0637038
0.0647007
0.0656976
0.0666945
0.0676913
0.0686882
0.0696851
0.070682
0.0716789
0.0726757
0.0736726
0.0746695
0.0756664
0.0766633
0.0776602
0.078657
0.0796539
0.0806508
0.0816477
0.0826446
0.0836414
0.0846383
0.0856352
0.0866321
0.087629
0.0886258
0.0896227
0.0906196
0.0916165
0.0926134
0.0936103
0.0946071
0.095604
0.0966009
0.0975978
0.0985947
0.0995915
0.100588
0.101585
0.102582
0.103579
0.104576
0.105573
0.10657
0.107567
0.108563
0.10956
0.110557
