-0.303765
-0.303721
-0.303677
-0.303633
-0.303588
-0.303544
-0.3035
-0.303456
-0.303411
-0.303367
-0.303323
-0.303279
-0.303235
-0.30319
-0.303146
-0.303102
-0.303058
-0.303013
-0.302969
-0.302925
-0.302881
-0.302837
-0.302792
-0.302748
-0.302704
-0.30266
-0.302615
-0.302571
-0.302527
-0.302483
-0.302439
-0.302394
-0.30235
-0.302306
-0.302262
-0.302218
-0.302173
-0.302129
-0.302085
-0.302041
-0.301996
-0.301952
-0.301908
-0.301864
-0.30182
-0.301775
-0.301731
-0.301687
-0.301643
-0.301598
-0.301554
-0.30151
-0.301466
-0.301422
-0.301377
-0.301333
-0.301289
-0.301245
-0.3012
-0.301156
-0.301112
-0.301068
-0.301024
-0.300979
-0.300935
-0.300891
-0.300847
-0.300803
-0.300758
-0.300714
-0.30067
-0.300626
-0.300581
-0.300537
-0.300493
-0.300449
-0.300405
-0.30036
-0.300316
-0.300272
-0.300228
-0.300183
-0.300139
-0.300095
-0.300051
-0.300007
-0.299962
-0.299918
-0.299874
-0.29983
-0.299785
-0.299741
-0.299697
-0.299653
-0.299609
-0.299564
-0.29952
-0.299476
-0.299432
-0.299388
-0.299343
-0.299299
-0.299255
-0.299211
-0.299166
-0.299122
-0.299078
-0.299034
-0.29899
-0.298945
-0.298901
-0.298857
-0.298813
-0.298768
-0.298724
-0.29868
-0.298636
-0.298592
-0.298547
-0.298503
-0.298459
-0.298415
-0.29837
-0.298326
-0.298282
-0.298238
-0.298194
-0.298149
-0.298105
-0.298061
-0.298017
-0.297973
-0.297928
-0.297884
-0.29784
-0.297796
-0.297751
-0.297707
-0.297663
-0.297619
-0.297575
-0.29753
-0.297486
-0.297442
-0.297398
-0.297353
-0.297309
-0.297265
-0.297221
-0.297177
-0.297132
-0.297088
-0.297044
-0.297
-0.296955
-0.296911
-0.296867
-0.296823
-0.296779
-0.296734
-0.29669
-0.296646
-0.296602
-0.296557
-0.296513
-0.296469
-0.296425
-0.296381
-0.296336
-0.296292
-0.296248
-0.296204
-0.29616
-0.296115
-0.296071
-0.296027
-0.295983
-0.295938
-0.295894
-0.29585
-0.295806
-0.295762
-0.295717
-0.295673
-0.295629
-0.295585
-0.29554
-0.295496
-0.295452
-0.295408
-0.295364
-0.295319
-0.295275
-0.295231
-0.295187
-0.295142
-0.295098
-0.295054
-0.29501
-0.294966
-0.294921
-0.294877
-0.294833
-0.294789
-0.294745
-0.2947
-0.294656
-0.294612
-0.294568
-0.294523
-0.294479
-0.294435
-0.294391
-0.294347
-0.294302
-0.294258
-0.294214
-0.29417
-0.294125
-0.294081
-0.294037
-0.293993
-0.293949
-0.293904
-0.29386
-0.293816
-0.293772
-0.293727
-0.293683
-0.293639
-0.293595
-0.293551
-0.293506
-0.293462
-0.293418
-0.293374
-0.29333
-0.293285
-0.293241
-0.293197
-0.293153
-0.293108
-0.293064
-0.29302
-0.292976
-0.292932
-0.292887
-0.292843
-0.292799
-0.292755
-0.29271
-0.292666
-0.292622
-0.292578
-0.292534
-0.292489
-0.292445
-0.292401
-0.292357
-0.292312
-0.292268
-0.292224
-0.29218
-0.292136
-0.292091
-0.292047
-0.292003
-0.291959
-0.291915
-0.29187
-0.291826
-0.291782
-0.291738
-0.291693
-0.291649
-0.291605
-0.291561
-0.291517
-0.291472
-0.291428
-0.291384
-0.29134
-0.291295
-0.291251
-0.291207
-0.291163
-0.291119
-0.291074
-0.29103
-0.290986
-0.290942
-0.290897
-0.290853
-0.290809
-0.290765
-0.290721
-0.290676
-0.290632
-0.290588
-0.290544
-0.2905
-0.290455
-0.290411
-0.290367
-0.290323
-0.290278
-0.290234
-0.29019
-0.290146
-0.290102
-0.290057
-0.290013
-0.289969
-0.289925
-0.28988
-0.289836
-0.289792
-0.289748
-0.289704
-0.289659
-0.289615
-0.289571
-0.289527
-0.289482
-0.289438
-0.289394
-0.28935
-0.289306
-0.289261
-0.289217
-0.289173
-0.289129
-0.289085
-0.28904
-0.288996
-0.288952
-0.288908
-0.288863
-0.288819
-0.288775
-0.288731
-0.288687
-0.288642
-0.288598
-0.288554
-0.28851
-0.288465
-0.288421
-0.288377
-0.288333
-0.288289
-0.288244
-0.2882
-0.288156
-0.288112
-0.288067
-0.288023
-0.287979
-0.287935
-0.287891
-0.287846
-0.287802
-0.287758
-0.287714
-0.28767
-0.287625
-0.287581
-0.287537
-0.287493
-0.287448
-0.287404
-0.28736
-0.287316
-0.287272
-0.287227
-0.287183
-0.287139
-0.287095
-0.28705
-0.287006
-0.286962
-0.286918
-0.286874
-0.286829
-0.286785
-0.286741
-0.286697
-0.286652
-0.286608
-0.286564
-0.28652
-0.286476
-0.286431
-0.286387
-0.286343
-0.286299
-0.286255
-0.28621
-0.286166
-0.286122
-0.286078
-0.286033
-0.285989
-0.285945
-0.285901
-0.285857
-0.285812
-0.285768
-0.285724
-0.28568
-0.285635
-0.285591
-0.285547
-0.285503
-0.285459
-0.285414
-0.28537
-0.285326
-0.285282
-0.285237
-0.285193
-0.285149
-0.285105
-0.285061
-0.285016
-0.284972
-0.284928
-0.284884
-0.28484
-0.284795
-0.284751
-0.284707
-0.284663
-0.284618
-0.284574
-0.28453
-0.284486
-0.284442
-0.284397
-0.284353
-0.284309
-0.284265
-0.28422
-0.284176
-0.284132
-0.284088
-0.284044
-0.283999
-0.283955
-0.283911
-0.283867
-0.283822
-0.283778
-0.283734
-0.28369
-0.283646
-0.283601
-0.283557
-0.283513
-0.283469
-0.283425
-0.28338
-0.283336
-0.283292
-0.283248
-0.283203
-0.283159
-0.283115
-0.283071
-0.283027
-0.282982
-0.282938
-0.282894
-0.28285
-0.282805
-0.282761
-0.282717
-0.282673
-0.282629
-0.282584
-0.28254
-0.282496
-0.282452
-0.282407
-0.282363
-0.282319
-0.282275
-0.282231
-0.282186
-0.282142
-0.282098
-0.282054
-0.28201
-0.281965
-0.281921
-0.281877
-0.281833
-0.281788
-0.281744
-0.2817
-0.281656
-0.281612
-0.281567
-0.281523
-0.281479
-0.281435
-0.28139
-0.281346
-0.281302
-0.281258
-0.281214
-0.281169
-0.281125
-0.281081
-0.281037
-0.280992
-0.280948
-0.280904
-0.28086
-0.280816
-0.280771
-0.280727
-0.280683
-0.280639
-0.280595
-0.28055
-0.280506
-0.280462
-0.280418
-0.280373
-0.280329
-0.280285
-0.280241
-0.280197
-0.280152
-0.280108
-0.280064
-0.28002
-0.279975
-0.279931
-0.279887
-0.279843
-0.279799
-0.279754
-0.27971
-0.279666
-0.279622
-0.279577
-0.279533
-0.279489
-0.279445
-0.279401
-0.279356
-0.279312
-0.279268
-0.279224
-0.279179
-0.279135
-0.279091
-0.279047
-0.279003
-0.278958
-0.278914
-0.27887
-0.278826
-0.278782
-0.278737
-0.278693
-0.278649
-0.278605
-0.27856
-0.278516
-0.278472
-0.278428
-0.278384
-0.278339
-0.278295
-0.278251
-0.278207
-0.278162
-0.278118
-0.278074
-0.27803
-0.277986
-0.277941
-0.277897
-0.277853
-0.277809
-0.277764
-0.27772
-0.277676
-0.277632
-0.277588
-0.277543
-0.277499
-0.277455
-0.277411
-0.277367
-0.277322
-0.277278
-0.277234
-0.27719
-0.277145
-0.277101
-0.277057
-0.277013
-0.276969
-0.276924
-0.27688
-0.276836
-0.276792
-0.276747
-0.276703
-0.276659
-0.276615
-0.276571
-0.276526
-0.276482
-0.276438
-0.276394
-0.276349
-0.276305
-0.276261
-0.276217
-0.276173
-0.276128
-0.276084
-0.27604
-0.275996
-0.275952
-0.275907
-0.275863
-0.275819
-0.275775
-0.27573
-0.275686
-0.275642
-0.275598
-0.275554
-0.275509
-0.275465
-0.275421
-0.275377
-0.275332
-0.275288
-0.275244
-0.2752
-0.275156
-0.275111
-0.275067
-0.275023
-0.274979
-0.274934
-0.27489
-0.274846
-0.274802
-0.274758
-0.274713
-0.274669
-0.274625
-0.274581
-0.274537
-0.274492
-0.274448
-0.274404
-0.27436
-0.274315
-0.274271
-0.274227
-0.274183
-0.274139
-0.274094
-0.27405
-0.274006
-0.273962
-0.273917
-0.273873
-0.273829
-0.273785
-0.273741
-0.273696
-0.273652
-0.273608
-0.273564
-0.273519
-0.273475
-0.273431
-0.273387
-0.273343
-0.273298
-0.273254
-0.27321
-0.273166
-0.273122
-0.273077
-0.273033
-0.272989
-0.272945
-0.2729
-0.272856
-0.272812
-0.272768
-0.272724
-0.272679
-0.272635
-0.272591
-0.272547
-0.272502
-0.272458
-0.272414
-0.27237
-0.272326
-0.272281
-0.272237
-0.272193
-0.272149
-0.272104
-0.27206
-0.272016
-0.271972
-0.271928
-0.271883
-0.271839
-0.271795
-0.271751
-0.271707
-0.271662
-0.271618
-0.271574
-0.27153
-0.271485
-0.271441
-0.271397
-0.271353
-0.271309
-0.271264
-0.27122
-0.271176
-0.271132
-0.271087
-0.271043
-0.270999
-0.270955
-0.270911
-0.270866
-0.270822
-0.270778
-0.270734
-0.270689
-0.270645
-0.270601
-0.270557
-0.270513
-0.270468
-0.270424
-0.27038
-0.270336
-0.270292
-0.270247
-0.270203
-0.270159
-0.270115
-0.27007
-0.270026
-0.269982
-0.269938
-0.269894
-0.269849
-0.269805
-0.269761
-0.269717
-0.269672
-0.269628
-0.269584
-0.26954
-0.269496
-0.269451
-0.269407
-0.269363
-0.269319
-0.269274
-0.26923
-0.269186
-0.269142
-0.269098
-0.269053
-0.269009
-0.268965
-0.268921
-0.268877
-0.268832
-0.268788
-0.268744
-0.2687
-0.268655
-0.268611
-0.268567
-0.268523
-0.268479
-0.268434
-0.26839
-0.268346
-0.268302
-0.268257
-0.268213
-0.268169
-0.268125
-0.268081
-0.268036
-0.267992
-0.267948
-0.267904
-0.267859
-0.267815
-0.267771
-0.267727
-0.267683
-0.267638
-0.267594
-0.26755
-0.267506
-0.267462
-0.267417
-0.267373
-0.267329
-0.267285
-0.26724
-0.267196
-0.267152
-0.267108
-0.267064
-0.267019
-0.266975
-0.266931
-0.266887
-0.266842
-0.266798
-0.266754
-0.26671
-0.266666
-0.266621
-0.266577
-0.266533
-0.266489
-0.266444
-0.2664
-0.266356
-0.266312
-0.266268
-0.266223
-0.266179
-0.266135
-0.266091
-0.266047
-0.266002
-0.265958
-0.265914
-0.26587
-0.265825
-0.265781
-0.265737
-0.265693
-0.265649
-0.265604
-0.26556
-0.265516
-0.265472
-0.265427
-0.265383
-0.265339
-0.265295
-0.265251
-0.265206
-0.265162
-0.265118
-0.265074
-0.265029
-0.264985
-0.264941
-0.264897
-0.264853
-0.264808
-0.264764
-0.26472
-0.264676
-0.264632
-0.264587
-0.264543
-0.264499
-0.264455
-0.26441
-0.264366
-0.264322
-0.264278
-0.264234
-0.264189
-0.264145
-0.264101
-0.264057
-0.264012
-0.263968
-0.263924
-0.26388
-0.263836
-0.263791
-0.263747
-0.263703
-0.263659
-0.263614
-0.26357
-0.263526
-0.263482
-0.263438
-0.263393
-0.263349
-0.263305
-0.263261
-0.263217
-0.263172
-0.263128
-0.263084
-0.26304
-0.262995
-0.262951
-0.262907
-0.262863
-0.262819
-0.262774
-0.26273
-0.262686
-0.262642
-0.262597
-0.262553
-0.262509
-0.262465
-0.262421
-0.262376
-0.262332
-0.262288
-0.262244
-0.262199
-0.262155
-0.262111
-0.262067
-0.262023
-0.261978
-0.261934
-0.26189
-0.261846
-0.261801
-0.261757
-0.261713
-0.261669
-0.261625
-0.26158
-0.261536
-0.261492
-0.261448
-0.261404
-0.261359
-0.261315
-0.261271
-0.261227
-0.261182
-0.261138
-0.261094
-0.26105
-0.261006
-0.260961
-0.260917
-0.260873
-0.260829
-0.260784
-0.26074
-0.260696
-0.260652
-0.260608
-0.260563
-0.260519
-0.260475
-0.260431
-0.260386
-0.260342
-0.260298
-0.260254
-0.26021
-0.260165
-0.260121
-0.260077
-0.260033
-0.259989
-0.259944
-0.2599
-0.259856
-0.259812
-0.259767
-0.259723
-0.259679
-0.259635
-0.259591
