-4.98335
-4.98335
-4.98335
-4.98335
-4.98335
-4.98335
-4.98335
-4.98335
-4.98335
-4.98335
-4.98335
-4.98335
-4.98335
-4.98335
-4.98335
-4.98335
-4.98335
-4.98335
-4.98335
-4.98335
-4.98335
-4.98335
-4.98335
-4.98335
-4.98335
-4.98335
-4.98335
-4.98335
-4.98335
-4.98335
-4.98335
-4.98335
-4.98335
-4.98335
-4.98335
-4.98335
-4.98335
-4.98335
-4.98335
-4.98335
-4.98335
-4.98335
-4.98335
-4.98335
-4.98335
-4.98335
-4.98335
-4.98335
-4.98335
-4.98335
-4.98335
-4.98335
-4.98335
-4.98335
-4.98335
-4.98335
-4.98335
-4.98335
-4.98335
-4.98335
-4.98335
-4.98335
-4.98335
-4.98335
-4.98335
-4.98335
-4.98335
-4.98335
-4.98335
-4.98335
-4.98335
-4.98335
-4.98335
-4.98335
-4.98335
-4.98335
-4.98335
-4.98335
-4.98335
-4.98335
-4.98335
-4.98335
-4.98335
-4.98335
-4.98335
-4.98335
-4.98335
-4.98335
-4.98335
-4.98335
-4.98335
-4.98335
-4.98335
-4.98335
-4.98335
-4.98335
-4.98335
-4.98335
-4.98335
-4.98335
-4.98335
-4.98335
-4.98335
-4.98335
-4.98335
-4.98335
-4.98335
-4.98335
-4.98335
-4.98335
-4.98335
-4.98335
-4.98335
-4.98335
-4.98335
-4.98335
-4.98335
-4.98335
-4.98335
-4.98335
-4.98335
-4.98335
-4.98335
-4.98335
-4.98335
-4.98335
-4.98335
-4.98335
-4.98335
-4.98335
-4.98335
-4.98335
-4.98335
-4.98335
-4.98335
-4.98335
-4.98335
-4.98335
-4.98335
-4.98335
-4.98335
-4.98335
-4.98335
-4.98335
-4.98335
-4.98335
-4.98335
-4.98335
-4.98335
-4.98335
-4.98335
-4.98335
-4.98335
-4.98335
-4.98335
-4.98335
-4.98335
-4.98335
-4.98335
-4.98335
-4.98335
-4.98335
-4.98335
-4.98335
-4.98335
-4.98335
-4.98335
-4.98335
-4.98335
-4.98335
-4.98335
-4.98335
-4.98335
-4.98335
-4.98335
-4.98335
-4.98335
-4.98335
-4.98335
-4.98335
-4.98335
-4.98335
-4.98335
-4.98335
-4.98335
-4.98335
-4.98335
-4.98335
-4.98335
-4.98335
-4.98335
-4.98335
-4.98335
-4.98335
-4.98335
-4.98335
-4.98335
-4.98335
-4.98335
-4.98335
-4.98335
-4.98335
-4.98335
-4.98335
-4.98335
-4.98335
-4.98335
-4.98335
-4.98335
-4.98335
-4.98335
-4.98335
-4.98335
-4.98335
-4.98335
-4.98335
-4.98335
-4.98335
-4.98335
-4.98335
-4.98335
-4.98335
-4.98335
-4.98335
-4.98335
-4.98335
-4.98335
-4.98335
-4.98335
-4.98335
-4.98335
-4.98335
-4.98335
-4.98335
-4.98335
-4.98335
-4.98335
-4.98335
-4.98335
-4.98335
-4.98335
-4.98335
-4.98335
-4.98335
-4.98335
-4.98335
-4.98335
-4.98335
-4.98335
-4.98335
-4.98335
-4.98335
-4.98335
-4.98335
-4.98335
-4.98335
-4.98335
-4.98335
-4.98335
-4.98335
-4.98335
-4.98335
-4.98335
-4.98335
-4.98335
-4.98335
-4.98335
-4.98335
-4.98335
-4.98335
-4.98335
-4.98335
-4.98335
-4.98335
-4.98335
-4.98335
-4.98335
-4.98335
-4.98335
-4.98335
-4.98335
-4.98335
-4.98335
-4.98335
-4.98335
-4.98335
-4.98335
-4.98335
-4.98335
-4.98335
-4.98335
-4.98335
-4.98335
-4.98335
-4.98335
-4.98335
-4.98335
-4.98335
-4.98335
-4.98335
-4.98335
-4.98335
-4.98335
-4.98335
-4.98335
-4.98335
-4.98335
-4.98335
-4.98335
-4.98335
-4.98335
-4.98335
-4.98335
-4.98335
-4.98335
-4.98335
-4.98335
-4.98335
-4.98335
-4.98335
-4.98335
-4.98335
-4.98335
-4.98335
-4.98335
-4.98335
-4.98335
-4.98335
-4.98335
-4.98335
-4.98335
-4.98335
-4.98335
-4.98335
-4.98335
-4.98335
-4.98335
-4.98335
-4.98335
-4.98335
-4.98335
-4.98335
-4.98335
-4.98335
-4.98335
-4.98335
-4.98335
-4.98335
-4.98335
-4.98335
-4.98335
-4.98335
-4.98335
-4.98335
-4.98335
-4.98335
-4.98335
-4.98335
-4.98335
-4.98335
-4.98335
-4.98335
-4.98335
-4.98335
-4.98335
-4.98335
-4.98335
-4.98335
-4.98335
-4.98335
-4.98335
-4.98335
-4.98335
-4.98335
-4.98335
-4.98335
-4.98335
-4.98335
-4.98335
-4.98335
-4.98335
-4.98335
-4.98335
-4.98335
-4.98335
-4.98335
-4.98335
-4.98335
-4.98335
-4.98335
-4.98335
-4.98335
-4.98335
-4.98335
-4.98335
-4.98335
-4.98335
-4.98335
-4.98335
-4.98335
-4.98335
-4.98335
-4.98335
-4.98335
-4.98335
-4.98335
-4.98335
-4.98335
-4.98335
-4.98335
-4.98335
-4.98335
-4.98335
-4.98335
-4.98335
-4.98335
-4.98335
-4.98335
-4.98335
-4.98335
-4.98335
-4.98335
-4.98335
-4.98335
-4.98335
-4.98335
-4.98335
-4.98335
-4.98335
-4.98335
-4.98335
-4.98335
-4.98335
-4.98335
-4.98335
-4.98335
-4.98335
-4.98335
-4.98335
-4.98335
-4.98335
-4.98335
-4.98335
-4.98335
-4.98335
-4.98335
-4.98335
-4.98335
-4.98335
-4.98335
-4.98335
-4.98335
-4.98335
-4.98335
-4.98335
-4.98335
-4.98335
-4.98335
-4.98335
-4.98335
-4.98335
-4.98335
-4.98335
-4.98335
-4.98335
-4.98335
-4.98335
-4.98335
-4.98335
-4.98335
-4.98335
-4.98335
-4.98335
-4.98335
-4.98335
-4.98335
-4.98335
-4.98335
-4.98335
-4.98335
-4.98335
-4.98335
-4.98335
-4.98335
-4.98335
-4.98335
-4.98335
-4.98335
-4.98335
-4.98335
-4.98335
-4.98335
-4.98335
-4.98335
-4.98335
-4.98335
-4.98335
-4.98335
-4.98335
-4.98335
-4.98335
-4.98335
-4.98335
-4.98335
-4.98335
-4.98335
-4.98335
-4.98335
-4.98335
-4.98335
-4.98335
-4.98335
-4.98335
-4.98335
-4.98335
-4.98335
-4.98335
-4.98335
-4.98335
-4.98335
-4.98335
-4.98335
-4.98335
-4.98335
-4.98335
-4.98335
-4.98335
-4.98335
-4.98335
-4.98335
-4.98335
-4.98335
-4.98335
-4.98335
-4.98335
-4.98335
-4.98335
-4.98335
-4.98335
-4.98335
-4.98335
-4.98335
-4.98335
-4.98335
-4.98335
-4.98335
-4.98335
-4.98335
-4.98335
-4.98335
-4.98335
-4.98335
-4.98335
-4.98335
-4.98335
-4.98335
-4.98335
-4.98335
-4.98335
-4.98335
-4.98335
-4.98335
-4.98335
-4.98335
-4.98335
-4.98335
-4.98335
-4.98335
-4.98335
-4.98335
-4.98335
-4.98335
-4.98335
-4.98335
-4.98335
-4.98335
-4.98335
-4.98335
-4.98335
-4.98335
-4.98335
-4.98335
-4.98335
-4.98335
-4.98335
-4.98335
-4.98335
-4.98335
-4.98335
-4.98335
-4.98335
-4.98335
-4.98335
-4.98335
-4.98335
-4.98335
-4.98335
-4.98335
-4.98335
-4.98335
-4.98335
-4.98335
-4.98335
-4.98335
-4.98335
-4.98335
-4.98335
-4.98335
-4.98335
-4.98335
-4.98335
-4.98335
-4.98335
-4.98335
-4.98335
-4.98335
-4.98335
-4.98335
-4.98335
-4.98335
-4.98335
-4.98335
-4.98335
-4.98335
-4.98335
-4.98335
-4.98335
-4.98335
-4.98335
-4.98335
-4.98335
-4.98335
-4.98335
-4.98335
-4.98335
-4.98335
-4.98335
-4.98335
-4.98335
-4.98335
-4.98335
-4.98335
-4.98335
-4.98335
-4.98335
-4.98335
-4.98335
-4.98335
-4.98335
-4.98335
-4.98335
-4.98335
-4.98335
-4.98335
-4.98335
-4.98335
-4.98335
-4.98335
-4.98335
-4.98335
-4.98335
-4.98335
-4.98335
-4.98335
-4.98335
-4.98335
-4.98335
-4.98335
-4.98335
-4.98335
-4.98335
-4.98335
-4.98335
-4.98335
-4.98335
-4.98335
-4.98335
-4.98335
-4.98335
-4.98335
-4.98335
-4.98335
-4.98335
-4.98335
-4.98335
-4.98335
-4.98335
-4.98335
-4.98335
-4.98335
-4.98335
-4.98335
-4.98335
-4.98335
-4.98335
-4.98335
-4.98335
-4.98335
-4.98335
-4.98335
-4.98335
-4.98335
-4.98335
-4.98335
-4.98335
-4.98335
-4.98335
-4.98335
-4.98335
-4.98335
-4.98335
-4.98335
-4.98335
-4.98335
-4.98335
-4.98335
-4.98335
-4.98335
-4.98335
-4.98335
-4.98335
-4.98335
-4.98335
-4.98335
-4.98335
-4.98335
-4.98335
-4.98335
-4.98335
-4.98335
-4.98335
-4.98335
-4.98335
-4.98335
-4.98335
-4.98335
-4.98335
-4.98335
-4.98335
-4.98335
-4.98335
-4.98335
-4.98335
-4.98335
-4.98335
-4.98335
-4.98335
-4.98335
-4.98335
-4.98335
-4.98335
-4.98335
-4.98335
-4.98335
-4.98335
-4.98335
-4.98335
-4.98335
-4.98335
-4.98335
-4.98335
-4.98335
-4.98335
-4.98335
-4.98335
-4.98335
-4.98335
-4.98335
-4.98335
-4.98335
-4.98335
-4.98335
-4.98335
-4.98335
-4.98335
-4.98335
-4.98335
-4.98335
-4.98335
-4.98335
-4.98335
-4.98335
-4.98335
-4.98335
-4.98335
-4.98335
-4.98335
-4.98335
-4.98335
-4.98335
-4.98335
-4.98335
-4.98335
-4.98335
-4.98335
-4.98335
-4.98335
-4.98335
-4.98335
-4.98335
-4.98335
-4.98335
-4.98335
-4.98335
-4.98335
-4.98335
-4.98335
-4.98335
-4.98335
-4.98335
-4.98335
-4.98335
-4.98335
-4.98335
-4.98335
-4.98335
-4.98335
-4.98335
-4.98335
-4.98335
-4.98335
-4.98335
-4.98335
-4.98335
-4.98335
-4.98335
-4.98335
-4.98335
-4.98335
-4.98335
-4.98335
-4.98335
-4.98335
-4.98335
-4.98335
-4.98335
-4.98335
-4.98335
-4.98335
-4.98335
-4.98335
-4.98335
-4.98335
-4.98335
-4.98335
-4.98335
-4.98335
-4.98335
-4.98335
-4.98335
-4.98335
-4.98335
-4.98335
-4.98335
-4.98335
-4.98335
-4.98335
-4.98335
-4.98335
-4.98335
-4.98335
-4.98335
-4.98335
-4.98335
-4.98335
-4.98335
-4.98335
-4.98335
-4.98335
-4.98335
-4.98335
-4.98335
-4.98335
-4.98335
-4.98335
-4.98335
-4.98335
-4.98335
-4.98335
-4.98335
-4.98335
-4.98335
-4.98335
-4.98335
-4.98335
-4.98335
-4.98335
-4.98335
-4.98335
-4.98335
-4.98335
-4.98335
-4.98335
-4.98335
-4.98335
-4.98335
-4.98335
-4.98335
-4.98335
-4.98335
-4.98335
-4.98335
-4.98335
-4.98335
-4.98335
-4.98335
-4.98335
-4.98335
-4.98335
-4.98335
-4.98335
-4.98335
-4.98335
-4.98335
-4.98335
-4.98335
-4.98335
-4.98335
-4.98335
-4.98335
-4.98335
-4.98335
-4.98335
-4.98335
-4.98335
-4.98335
-4.98335
-4.98335
-4.98335
-4.98335
-4.98335
-4.98335
-4.98335
-4.98335
-4.98335
-4.98335
-4.98335
-4.98335
-4.98335
-4.98335
-4.98335
-4.98335
-4.98335
-4.98335
-4.98335
-4.98335
-4.98335
-4.98335
-4.98335
-4.98335
-4.98335
-4.98335
-4.98335
-4.98335
-4.98335
-4.98335
-4.98335
-4.98335
-4.98335
-4.98335
-4.98335
-4.98335
-4.98335
-4.98335
-4.98335
-4.98335
-4.98335
-4.98335
-4.98335
-4.98335
-4.98335
-4.98335
-4.98335
-4.98335
-4.98335
-4.98335
-4.98335
-4.98335
-4.98335
-4.98335
-4.98335
-4.98335
-4.98335
-4.98335
-4.98335
-4.98335
-4.98335
-4.98335
-4.98335
-4.98335
-4.98335
-4.98335
-4.98335
-4.98335
-4.98335
-4.98335
-4.98335
-4.98335
-4.98335
-4.98335
-4.98335
-4.98335
-4.98335
-4.98335
-4.98335
-4.98335
-4.98335
-4.98335
-4.98335
-4.98335
-4.98335
-4.98335
-4.98335
-4.98335
-4.98335
-4.98335
-4.98335
-4.98335
-4.98335
-4.98335
-4.98335
-4.98335
-4.98335
-4.98335
-4.98335
-4.98335
-4.98335
-4.98335
-4.98335
-4.98335
-4.98335
-4.98335
-4.98335
-4.98335
-4.98335
-4.98335
-4.98335
-4.98335
-4.98335
-4.98335
-4.98335
-4.98335
-4.98335
-4.98335
-4.98335
-4.98335
-4.98335
-4.98335
-4.98335
-4.98335
-4.98335
-4.98335
-4.98335
-4.98335
-4.98335
-4.98335
-4.98335
-4.98335
-4.98335
-4.98335
-4.98335
-4.98335
-4.98335
-4.98335
-4.98335
-4.98335
-4.98335
-4.98335
-4.98335
-4.98335
-4.98335
-4.98335
-4.98335
-4.98335
-4.98335
-4.98335
-4.98335
-4.98335
-4.98335
-4.98335
-4.98335
-4.98335
-4.98335
-4.98335
-4.98335
-4.98335
-4.98335
-4.98335
-4.98335
-4.98335
-4.98335
-4.98335
-4.98335
-4.98335
-4.98335
-4.98335
-4.98335
-4.98335
-4.98335
-4.98335
-4.98335
-4.98335
-4.98335
-4.98335
-4.98335
-4.98335
-4.98335
-4.98335
-4.98335
-4.98335
-4.98335
-4.98335
-4.98335
-4.98335
-4.98335
-4.98335
-4.98335
-4.98335
-4.98335
-4.98335
-4.98335
-4.98335
-4.98335
-4.98335
-4.98335
-4.98335
-4.98335
-4.98335
-4.98335
-4.98335
-4.98335
-4.98335
-4.98335
-4.98335
-4.98335
-4.98335
-4.98335
-4.98335
-4.98335
-4.98335
-4.98335
-4.98335
-4.98335
-4.98335
-4.98335
-4.98335
-4.98335
-4.98335
-4.98335
-4.98335
-4.98335
-4.98335
-4.98335
-4.98335
-4.98335
-4.98335
-4.98335
-4.98335
-4.98335
-4.98335
-4.98335
-4.98335
-4.98335
-4.98335
-4.98335
-4.98335
-4.98335
-4.98335
-4.98335
-4.98335
-4.98335
-4.98335
-4.98335
-4.98335
-4.98335
-4.98335
-4.98335
-4.98335
-4.98335
-4.98335
-4.98335
-4.98335
-4.98335
-4.98335
-4.98335
-4.98335
-4.98335
-4.98335
-4.98335
-4.98335
-4.98335
-4.98335
-4.98335
-4.98335
-4.98335
-4.98335
-4.98335
-4.98335
-4.98335
-4.98335
-4.98335
-4.98335
-4.98335
-4.98335
-4.98335
-4.98335
-4.98335
-4.98335
-4.98335
-4.98335
-4.98335
-4.98335
-4.98335
-4.98335
-4.98335
-4.98335
-4.98335
-4.98335
-4.98335
-4.98335
-4.98335
-4.98335
-4.98335
-4.98335
-4.98335
-4.98335
-4.98335
-4.98335
-4.98335
-4.98335
-4.98335
-4.98335
-4.98335
-4.98335
-4.98335
-4.98335
-4.98335
-4.98335
-4.98335
-4.98335
-4.98335
-4.98335
-4.98335
-4.98335
-4.98335
-4.98335
-4.98335
-4.98335
-4.98335
-4.98335
-4.98335
-4.98335
-4.98335
-4.98335
-4.98335
-4.98335
-4.98335
-4.98335
-4.98335
-4.98335
-4.98335
-4.98335
-4.98335
-4.98335
-4.98335
-4.98335
-4.98335
-4.98335
-4.98335
-4.98335
-4.98335
-4.98335
-4.98335
-4.98335
-4.98335
-4.98335
-4.98335
-4.98335
-4.98335
-4.98335
-4.98335
-4.98335
-4.98335
-4.98335
-4.98335
-4.98335
-4.98335
-4.98335
-4.98335
-4.98335
-4.98335
-4.98335
-4.98335
-4.98335
-4.98335
-4.98335
-4.98335
-4.98335
-4.98335
-4.98335
-4.98335
-4.98335
-4.98335
-4.98335
-4.98335
-4.98335
-4.98335
-4.98335
-4.98335
-4.98335
-4.98335
-4.98335
-4.98335
-4.98335
-4.98335
-4.98335
-4.98335
-4.98335
-4.98335
-4.98335
-4.98335
-4.98335
-4.98335
-4.98335
-4.98335
-4.98335
-4.98335
-4.98335
-4.98335
-4.98335
-4.98335
-4.98335
-4.98335
-4.98335
-4.98335
-4.98335
-4.98335
-4.98335
-4.98335
-4.98335
-4.98335
-4.98335
-4.98335
-4.98335
-4.98335
-4.98335
-4.98335
-4.98335
-4.98335
-4.98335
-4.98335
-4.98335
-4.98335
-4.98335
-4.98335
-4.98335
-4.98335
-4.98335
-4.98335
-4.98335
-4.98335
-4.98335
-4.98335
-4.98335
-4.98335
-4.98335
-4.98335
-4.98335
-4.98335
-4.98335
-4.98335
-4.98335
-4.98335
-4.98335
-4.98335
-4.98335
-4.98335
-4.98335
-4.98335
-4.98335
-4.98335
-4.98335
-4.98335
-4.98335
-4.98335
-4.98335
-4.98335
-4.98335
-4.98335
-4.98335
-4.98335
-4.98335
-4.98335
-4.98335
-4.98335
-4.98335
-4.98335
-4.98335
-4.98335
-4.98335
-4.98335
-4.98335
-4.98335
-4.98335
-4.98335
-4.98335
-4.98335
-4.98335
-4.98335
-4.98335
-4.98335
-4.98335
-4.98335
-4.98335
-4.98335
-4.98335
-4.98335
-4.98335
-4.98335
-4.98335
-4.98335
-4.98335
-4.98335
-4.98335
-4.98335
-4.98335
-4.98335
-4.98335
-4.98335
-4.98335
-4.98335
-4.98335
-4.98335
-4.98335
-4.98335
-4.98335
-4.98335
-4.98335
-4.98335
-4.98335
-4.98335
-4.98335
-4.98335
-4.98335
-4.98335
-4.98335
-4.98335
-4.98335
-4.98335
-4.98335
-4.98335
-4.98335
-4.98335
-4.98335
-4.98335
-4.98335
-4.98335
-4.98335
-4.98335
-4.98335
-4.98335
-4.98335
-4.98335
-4.98335
-4.98335
-4.98335
-4.98335
-4.98335
-4.98335
-4.98335
-4.98335
-4.98335
-4.98335
-4.98335
-4.98335
-4.98335
-4.98335
-4.98335
-4.98335
-4.98335
-4.98335
-4.98335
-4.98335
-4.98335
-4.98335
-4.98335
-4.98335
-4.98335
-4.98335
-4.98335
-4.98335
-4.98335
-4.98335
-4.98335
-4.98335
-4.98335
-4.98335
-4.98335
-4.98335
-4.98335
-4.98335
-4.98335
-4.98335
-4.98335
-4.98335
-4.98335
-4.98335
-4.98335
-4.98335
-4.98335
-4.98335
-4.98335
-4.98335
-4.98335
-4.98335
-4.98335
-4.98335
-4.98335
-4.98335
-4.98335
-4.98335
-4.98335
-4.98335
-4.98335
-4.98335
-4.98335
-4.98335
-4.98335
-4.98335
-4.98335
-4.98335
-4.98335
-4.98335
-4.98335
-4.98335
-4.98335
-4.98335
-4.98335
-4.98335
-4.98335
-4.98335
-4.98335
-4.98335
-4.98335
-4.98335
-4.98335
-4.98335
-4.98335
-4.98335
-4.98335
-4.98335
-4.98335
-4.98335
-4.98335
-4.98335
-4.98335
-4.98335
-4.98335
-4.98335
-4.98335
-4.98335
-4.98335
-4.98335
-4.98335
-4.98335
-4.98335
-4.98335
-4.98335
-4.98335
-4.98335
-4.98335
-4.98335
-4.98335
-4.98335
-4.98335
-4.98335
-4.98335
-4.98335
-4.98335
-4.98335
-4.98335
-4.98335
-4.98335
-4.98335
-4.98335
-4.98335
-4.98335
-4.98335
-4.98335
-4.98335
-4.98335
-4.98335
-4.98335
-4.98335
-4.98335
-4.98335
-4.98335
-4.98335
-4.98335
-4.98335
-4.98335
-4.98335
-4.98335
-4.98335
-4.98335
-4.98335
-4.98335
-4.98335
-4.98335
-4.98335
-4.98335
-4.98335
-4.98335
-4.98335
-4.98335
-4.98335
-4.98335
-4.98335
-4.98335
-4.98335
-4.98335
-4.98335
-4.98335
-4.98335
-4.98335
-4.98335
-4.98335
-4.98335
-4.98335
-4.98335
-4.98335
-4.98335
-4.98335
-4.98335
-4.98335
-4.98335
-4.98335
-4.98335
-4.98335
-4.98335
-4.98335
-4.98335
-4.98335
-4.98335
-4.98335
-4.98335
-4.98335
-4.98335
-4.98335
-4.98335
-4.98335
-4.98335
-4.98335
-4.98335
-4.98335
-4.98335
-4.98335
-4.98335
-4.98335
-4.98335
-4.98335
-4.98335
-4.98335
-4.98335
-4.98335
-4.98335
-4.98335
-4.98335
-4.98335
-4.98335
-4.98335
-4.98335
-4.98335
-4.98335
-4.98335
-4.98335
-4.98335
-4.98335
-4.98335
-4.98335
-4.98335
-4.98335
-4.98335
-4.98335
-4.98335
-4.98335
-4.98335
-4.98335
-4.98335
-4.98335
-4.98335
-4.98335
-4.98335
-4.98335
-4.98335
-4.98335
-4.98335
-4.98335
-4.98335
-4.98335
-4.98335
-4.98335
-4.98335
-4.98335
-4.98335
-4.98335
-4.98335
-4.98335
-4.98335
-4.98335
-4.98335
-4.98335
-4.98335
-4.98335
-4.98335
-4.98335
-4.98335
-4.98335
-4.98335
-4.98335
-4.98335
-4.98335
-4.98335
-4.98335
-4.98335
-4.98335
-4.98335
-4.98335
-4.98335
-4.98335
-4.98335
-4.98335
-4.98335
-4.98335
-4.98335
-4.98335
-4.98335
-4.98335
-4.98335
-4.98335
-4.98335
-4.98335
-4.98335
-4.98335
-4.98335
-4.98335
-4.98335
-4.98335
-4.98335
-4.98335
-4.98335
-4.98335
-4.98335
-4.98335
-4.98335
-4.98335
-4.98335
-4.98335
-4.98335
-4.98335
-4.98335
-4.98335
-4.98335
-4.98335
-4.98335
-4.98335
-4.98335
-4.98335
-4.98335
-4.98335
-4.98335
-4.98335
-4.98335
-4.98335
-4.98335
-4.98335
-4.98335
-4.98335
-4.98335
-4.98335
-4.98335
-4.98335
-4.98335
-4.98335
-4.98335
-4.98335
-4.98335
-4.98335
-4.98335
-4.98335
-4.98335
-4.98335
-4.98335
-4.98335
-4.98335
-4.98335
-4.98335
-4.98335
-4.98335
-4.98335
-4.98335
-4.98335
-4.98335
-4.98335
-4.98335
-4.98335
-4.98335
-4.98335
-4.98335
-4.98335
-4.98335
-4.98335
-4.98335
-4.98335
-4.98335
-4.98335
-4.98335
-4.98335
-4.98335
-4.98335
-4.98335
-4.98335
-4.98335
-4.98335
-4.98335
-4.98335
-4.98335
-4.98335
-4.98335
-4.98335
-4.98335
-4.98335
-4.98335
-4.98335
-4.98335
-4.98335
-4.98335
-4.98335
-4.98335
-4.98335
-4.98335
-4.98335
-4.98335
-4.98335
-4.98335
-4.98335
-4.98335
-4.98335
-4.98335
-4.98335
-4.98335
-4.98335
-4.98335
-4.98335
-4.98335
-4.98335
-4.98335
-4.98335
-4.98335
-4.98335
-4.98335
-4.98335
-4.98335
-4.98335
-4.98335
-4.98335
-4.98335
-4.98335
-4.98335
-4.98335
-4.98335
-4.98335
-4.98335
-4.98335
-4.98335
-4.98335
-4.98335
-4.98335
-4.98335
-4.98335
-4.98335
-4.98335
-4.98335
-4.98335
-4.98335
-4.98335
-4.98335
-4.98335
-4.98335
-4.98335
-4.98335
-4.98335
-4.98335
-4.98335
-4.98335
-4.98335
-4.98335
-4.98335
-4.98335
-4.98335
-4.98335
-4.98335
-4.98335
-4.98335
-4.98335
-4.98335
-4.98335
-4.98335
-4.98335
-4.98335
-4.98335
-4.98335
-4.98335
-4.98335
-4.98335
-4.98335
-4.98335
-4.98335
-4.98335
-4.98335
-4.98335
-4.98335
-4.98335
-4.98335
-4.98335
-4.98335
-4.98335
-4.98335
-4.98335
-4.98335
-4.98335
-4.98335
-4.98335
-4.98335
-4.98335
-4.98335
-4.98335
-4.98335
-4.98335
-4.98335
-4.98335
-4.98335
-4.98335
-4.98335
-4.98335
-4.98335
-4.98335
-4.98335
-4.98335
-4.98335
-4.98335
-4.98335
-4.98335
-4.98335
-4.98335
-4.98335
-4.98335
-4.98335
-4.98335
-4.98335
-4.98335
-4.98335
-4.98335
-4.98335
-4.98335
-4.98335
-4.98335
-4.98335
-4.98335
-4.98335
-4.98335
-4.98335
-4.98335
-4.98335
-4.98335
-4.98335
-4.98335
-4.98335
-4.98335
-4.98335
-4.98335
-4.98335
-4.98335
-4.98335
-4.98335
-4.98335
-4.98335
-4.98335
-4.98335
-4.98335
-4.98335
-4.98335
-4.98167
-4.98167
-4.98167
-4.98167
-4.98167
-4.98167
-4.98167
-4.98167
0.216694
0.217821
0.216439
0.21603
0.215446
0.215017
0.2146
0.214086
0.213628
0.213167
0.212801
0.212326
0.211909
0.211512
0.20968
0.209306
0.208835
0.208424
0.20796
0.207551
0.207181
0.206798
0.206432
0.206029
0.205513
0.205059
0.204495
0.204113
0.203598
0.203201
0.202731
0.202287
0.201852
0.201368
0.200899
0.200524
0.200096
0.199703
0.199254
0.198844
0.198508
0.198054
0.197653
0.19724
0.196825
0.196406
0.196074
0.193854
0.193463
0.192967
0.192618
0.192086
0.191767
0.191364
0.190885
0.190495
0.190016
0.189634
0.189184
0.188734
0.188262
0.187845
0.18745
0.187073
0.186638
0.186264
0.185849
0.185418
0.184956
0.184365
0.182767
0.182496
0.18209
0.181678
0.181279
0.18079
0.180415
0.180016
0.179601
0.179126
0.178771
0.178391
0.17801
0.17763
0.177109
0.176762
0.176393
0.175996
0.175594
0.175232
0.174783
0.174325
0.166551
0.166147
0.16571
0.165334
0.164958
0.164559
0.164179
0.163797
0.16341
0.163033
0.162662
0.162264
0.161888
0.161499
0.161129
0.160735
0.160352
0.159976
0.159593
0.15921
0.158853
0.158484
0.158116
0.157697
0.157302
0.156933
0.156558
0.156176
0.155801
0.155451
0.155083
0.154722
0.154357
0.153956
0.153585
0.153216
0.152833
0.152471
0.152109
0.151751
0.151376
0.151061
0.150707
0.150388
0.149981
0.149588
0.14923
0.148874
0.148513
0.148162
0.147788
0.14744
0.147066
0.146705
0.146351
0.14598
0.145625
0.145266
0.144905
0.144552
0.144165
0.143748
0.143469
0.143082
0.14274
0.142374
0.142019
0.141648
0.141291
0.140932
0.14058
0.140261
0.139904
0.139546
0.139178
0.138845
0.138485
0.138119
0.137767
0.137413
0.137063
0.136723
0.136352
0.136015
0.135683
0.135319
0.13497
0.134615
0.134263
0.133899
0.13355
0.133197
0.132853
0.132492
0.132145
0.131783
0.131425
0.131074
0.130724
0.130372
0.130014
0.129669
0.129328
0.128995
0.128632
0.128287
0.127911
0.127574
0.127234
0.126898
0.126549
0.126212
0.125859
0.125528
0.125181
0.124843
0.124486
0.124147
0.123794
0.123455
0.123104
0.122781
0.122434
0.122099
0.121737
0.121389
0.121026
0.120702
0.120347
0.120021
0.119695
0.119335
0.118997
0.118625
0.11828
0.117944
0.11761
0.117265
0.116919
0.116605
0.116264
0.115907
0.115578
0.115224
0.11489
0.114558
0.114221
0.113911
0.113565
0.113229
0.112891
0.112565
0.112224
0.111878
0.111553
0.111224
0.11088
0.110537
0.110202
0.109863
0.109539
0.109194
0.108861
0.108525
0.108213
0.107884
0.107541
0.107224
0.106894
0.106552
0.106221
0.105886
0.105526
0.105191
0.104848
0.104512
0.104168
0.103838
0.103514
0.103191
0.102854
0.102504
0.102164
0.101827
0.101494
0.101161
0.100835
0.100489
0.100137
0.099808
0.0994876
0.0991502
0.0988208
0.0984536
0.0981239
0.0977897
0.0974537
0.0971263
0.0967819
0.0964545
0.0961267
0.0957956
0.0954582
0.095128
0.0947985
0.0944706
0.0941391
0.0938256
0.0934825
0.0931096
0.0927614
0.0924477
0.0921225
0.0918022
0.0914778
0.0911495
0.0908263
0.0904877
0.0901486
0.0898292
0.0895089
0.0891867
0.0888847
0.0885604
0.0882072
0.0878623
0.0875446
0.0872176
0.0868829
0.0865579
0.0862378
0.0859073
0.0855787
0.085278
0.0849471
0.0846372
0.0843195
0.0839931
0.0836521
0.0833305
0.0830166
0.0826915
0.0824146
0.082097
0.0817679
0.0814406
0.0811191
0.0808039
0.0804693
0.0801616
0.0798573
0.0795469
0.0792233
0.0789136
0.0786034
0.078312
0.0779959
0.0776914
0.0773834
0.0770744
0.076743
0.0764209
0.0761088
0.0758028
0.0754946
0.0751769
0.0748784
0.0745716
0.0742745
0.0739672
0.0736661
0.073358
0.0730553
0.0727491
0.0724508
0.0721359
0.0718417
0.071557
0.0712207
0.0709118
0.070616
0.0703148
0.0700425
0.0697471
0.069453
0.0691501
0.0688498
0.068541
0.0682477
0.0679692
0.0676597
0.0673752
0.0670745
0.0667882
0.0664917
0.0662101
0.0659104
0.0656248
0.0653286
0.065038
0.0647509
0.0644671
0.0642219
0.0639331
0.0636049
0.0633192
0.0630371
0.0627525
0.0624743
0.0621885
0.0619022
0.0616211
0.0613352
0.0610467
0.0607908
0.0605717
0.0602435
0.0599607
0.0597216
0.0594437
0.0591189
0.058852
0.0585701
0.058288
0.0580118
0.0577516
0.0574867
0.0572119
0.0569269
0.0566565
0.0563854
0.0561176
0.0558479
0.0555798
0.0553154
0.0550867
0.0547722
0.0545393
0.0542743
0.0540091
0.0537254
0.0534649
0.0532046
0.0529433
0.0526884
0.0524276
0.0521733
0.0519052
0.0516474
0.0513923
0.0511497
0.0508754
0.0506294
0.0503735
0.0501216
0.0498578
0.0496089
0.0493508
0.0491001
0.0488414
0.0485897
0.0483557
0.0480836
0.0478357
0.0475957
0.0473502
0.0471031
0.0468586
0.0466123
0.04637
0.0461154
0.0458792
0.045649
0.045386
0.0451538
0.0449164
0.0446822
0.0444392
0.0441992
0.0439592
0.0437288
0.0434955
0.0432637
0.0430386
0.0427953
0.0425721
0.0423256
0.0420977
0.0418718
0.0416429
0.0414194
0.0411917
0.0409832
0.0407547
0.0405289
0.0403056
0.0400681
0.0398489
0.0396509
0.0394277
0.0392108
0.0389938
0.0387821
0.0385631
0.0383423
0.0381239
0.0379156
0.037711
0.0375022
0.0372947
0.0370878
0.0368798
0.0366679
0.0364675
0.0362544
0.0360425
0.0358414
0.0356395
0.0354362
0.0352311
0.0350307
0.0348299
0.0346211
0.0344261
0.0342235
0.0340284
0.0338448
0.0336365
0.0334371
0.0332609
0.0330723
0.0328808
0.0326792
0.0324812
0.0322957
0.0321
0.0319124
0.0317203
0.0315382
0.0313511
0.0311803
0.0309925
0.030818
0.0306214
0.0304353
0.0302621
0.0300768
0.0298883
0.0297069
0.0295315
0.0293503
0.0291737
0.0289975
0.0288224
0.0286437
0.0284686
0.0282891
0.0281079
0.0279379
0.0277649
0.0275978
0.0274281
0.0272499
0.0270791
0.0269072
0.0267481
0.0265758
0.0264073
0.0262406
0.026075
0.0259145
0.0257539
0.0255934
0.0254289
0.0252642
0.0251021
0.0249401
0.0247936
0.0246289
0.0244707
0.0243059
0.0241519
0.0239974
0.0238458
0.0236929
0.0235333
0.0233802
0.0232393
0.0230841
0.0229356
0.0227904
0.0226415
0.0224964
0.0223502
0.0222027
0.022056
0.0219108
0.0217634
0.021614
0.0214716
0.0213335
0.0211913
0.021073
0.0209323
0.0207957
0.0206579
0.0205195
0.0203795
0.020238
0.0201049
0.0199716
0.0198387
0.0197029
0.0195709
0.0194396
0.0193075
0.0191723
0.0190423
0.0189019
0.018773
0.0186464
0.0185192
0.018371
0.0182481
0.0181266
0.0179985
0.0178722
0.0177641
0.0176426
0.0175135
0.0173923
0.0172798
0.0171609
0.0170369
0.0169163
0.0167993
0.0166793
0.0165613
0.0164402
0.0163187
0.0161973
0.0160858
0.0159712
0.0158549
0.0157444
0.0156282
0.0155127
0.0153969
0.0152855
0.0151684
0.0150622
0.014952
0.0148428
0.0147347
0.0146264
0.0145158
0.0144111
0.0143034
0.0141924
0.0140894
0.0139775
0.0138743
0.0137687
0.0136656
0.0135605
0.0134526
0.0133464
0.0132437
0.0131388
0.0130314
0.0129297
0.0128262
0.0127242
0.0126226
0.0125276
0.0124287
0.0123279
0.0122241
0.012127
0.0120237
0.0119244
0.0118323
0.0117388
0.0116394
0.0115432
0.0114465
0.0113512
0.0112557
0.0111629
0.0110614
0.0109729
0.0108816
0.0107886
0.010698
0.0106136
0.0105135
0.0104229
0.0103394
0.0102433
0.0101585
0.0100726
0.00998656
0.00990372
0.00981443
0.00971471
0.0096301
0.00954721
0.00946936
0.00937998
0.00929706
0.00921539
0.00914274
0.0090651
0.00898358
0.00889485
0.00880985
0.00873112
0.00864357
0.00856646
0.00849223
0.00841903
0.00834283
0.00826678
0.00819299
0.00811662
0.00805338
0.00797842
0.00789291
0.00782359
0.00775448
0.0076819
0.00761461
0.00753767
0.00747026
0.00739735
0.0073229
0.00725412
0.00717966
0.00711506
0.00704736
0.00698499
0.00691734
0.00685425
0.00678648
0.00672347
0.00665623
0.00659339
0.00652309
0.00646385
0.0064031
0.00634285
0.00628713
0.00622543
0.0061665
0.0061055
0.00604187
0.00597724
0.00591584
0.00585302
0.00580141
0.00574332
0.00568658
0.00563267
0.00557289
0.005525
0.00546652
0.00540864
0.0053494
0.00529073
0.00523789
0.00518361
0.00512626
0.00507336
0.00501863
0.00496254
0.00490945
0.00484779
0.00478908
0.00473941
0.00469104
0.00463657
0.00458651
0.0045342
0.00448447
0.00443419
0.0043864
0.00433632
0.00428302
0.00423257
0.00418526
0.00413601
0.00408919
0.00404392
0.00399442
0.00394731
0.00389877
0.00385255
0.00380459
0.00375536
0.00371099
0.00366698
0.00362354
0.00357579
0.00353334
0.00349016
0.00344652
0.00340476
0.00335997
0.00331015
0.00326876
0.00322859
0.00318893
0.00314663
0.00310597
0.00306677
0.00302657
0.0029839
0.0029435
0.00290403
0.00285927
0.00282103
0.00278397
0.00274742
0.00271086
0.00267268
0.00263227
0.00259415
0.00255764
0.00252112
0.00248436
0.00244598
0.00240569
0.00237367
0.00233519
0.00230162
0.00226608
0.00223784
0.002204
0.00216776
0.00213283
0.00209799
0.00206427
0.00201951
0.00198762
0.00195259
0.00192019
0.00188846
0.00185801
0.00182553
0.00179352
0.00175941
0.00172516
0.00169788
0.00166599
0.00163309
0.00160407
0.00157149
0.00154217
0.00151308
0.0014838
0.00145419
0.0014221
0.00139258
0.00136259
0.00133655
0.00132096
0.0012769
0.00125027
0.00122273
0.00119479
0.00116693
0.00113765
0.00110952
0.00108372
0.00105612
0.00102992
0.000999486
0.000973386
0.000947914
0.000919679
0.00089452
0.000867684
0.000843825
0.000817177
0.000789123
0.000763367
0.000737422
0.000711497
0.000695477
0.000662353
0.000636462
0.000613267
0.000589356
0.000565483
0.000541739
0.000517434
0.000491525
0.000467872
0.000445104
0.0004279
0.000393683
0.000372097
0.000350992
0.000329098
0.000307132
0.000283947
0.000262257
0.000240183
0.00021817
0.000196675
0.000183764
0.000151416
0.000131746
0.000113418
9.32933e-05
7.35691e-05
5.25543e-05
3.3255e-05
1.46308e-05
-5.03519e-06
-2.48113e-05
-4.4777e-05
-4.6756e-05
-8.32773e-05
-0.00010146
-0.000118895
-0.000136047
-0.000152865
-0.000170433
-0.000189689
-0.000204494
-0.000222398
-0.000239981
-0.000245476
-0.000274662
-0.000291821
-0.000304138
-0.000323394
-0.000339001
-0.000352579
-0.000366087
-0.000380783
-0.000397924
-0.000411849
-0.00041102
-0.000439752
-0.00045149
-0.000465873
-0.000477786
-0.000489825
-0.000499962
-0.000509575
-0.000521525
-0.000533516
-0.000547912
-0.000558573
-0.000550828
-0.000581371
-0.00059054
-0.000597546
-0.000607115
-0.00061852
-0.000626753
-0.00063599
-0.000645747
-0.000654052
-0.000662693
-0.000673416
-0.000680663
-0.000686726
-0.000692956
-0.000701571
-0.000707925
-0.000714047
-0.000719705
-0.000724983
-0.000731118
-0.000738661
-0.000727823
-0.00075186
-0.000754975
-0.000758826
-0.000762302
-0.000765883
-0.000769269
-0.00077316
-0.000776868
-0.000779841
-0.000782964
-0.000785939
-0.000769769
-0.000792125
-0.000792957
-0.000793725
-0.000794421
-0.000795232
-0.000795875
-0.000796121
-0.000795752
-0.000798357
-0.000798947
-0.000782294
-0.000799417
-0.00079685
-0.000795724
-0.000793838
-0.000791993
-0.000790017
-0.00078818
-0.000786304
-0.000784451
-0.000782467
-0.000780489
-0.000760492
-0.000773265
-0.000768009
-0.000763784
-0.000761449
-0.000757006
-0.000752745
-0.000746273
-0.000744197
-0.000739995
-0.000724097
-0.000716993
-0.000723479
-0.000717683
-0.000708109
-0.000703905
-0.000694926
-0.000688566
-0.000682084
-0.000677429
-0.00067077
-0.000652748
-0.000645281
-0.000645681
-0.000637111
-0.000627373
-0.000620704
-0.000612153
-0.000601689
-0.000595495
-0.000585039
-0.00057929
-0.000568738
-0.000550874
-0.000552168
-0.0005427
-0.000532618
-0.00052253
-0.00051009
-0.000502018
-0.000489745
-0.000479648
-0.000469382
-0.000459147
-0.000448965
-0.000429538
-0.000412516
-0.000402069
-0.000403933
-0.000392452
-0.000381084
-0.000366951
-0.000355176
-0.000344937
-0.000331354
-0.000319273
-0.000307207
-0.000286388
-0.000281698
-0.000269099
-0.000254524
-0.000241054
-0.000225888
-0.000212273
-0.000200425
-0.000184694
-0.000170959
-0.000157929
-0.000143926
-0.000113137
-9.66382e-05
-9.72356e-05
-8.12275e-05
-6.46138e-05
-4.94961e-05
-3.64229e-05
-2.05889e-05
-4.56921e-06
1.05723e-05
2.65253e-05
4.23886e-05
5.88804e-05
9.14984e-05
9.30421e-05
0.000110298
0.000129797
0.000147509
0.000165233
0.000183524
0.000201266
0.0002195
0.000239121
0.000256662
0.000274471
0.000292771
0.000328794
0.000333392
0.000354337
0.000374117
0.000393882
0.000416389
0.000436594
0.000456545
0.000476841
0.000497571
0.000518925
0.000538531
0.000574491
0.000596742
0.000603556
0.000626087
0.000650646
0.000673137
0.000695334
0.000717712
0.000742135
0.000764531
0.000786792
0.000808915
0.00083025
0.000867739
0.000891935
0.00090814
0.000932031
0.000958678
0.000983131
0.00100756
0.0010306
0.00105448
0.00107912
0.00110142
0.00112582
0.00114975
0.0011889
0.00121798
0.00122877
0.00125523
0.00128383
0.00131011
0.00133723
0.00136267
0.00138892
0.00141612
0.00144461
0.00147113
0.0014974
0.00153949
0.00157078
0.00158224
0.00161084
0.00164099
0.0016692
0.00169708
0.00172594
0.00175732
0.00178518
0.00181364
0.00184458
0.00187052
0.00190195
0.00194912
0.00196171
0.00199932
0.00202902
0.00205999
0.00209227
0.00212436
0.00214929
0.0021801
0.00221066
0.00223973
0.00227284
0.00230336
0.00234827
0.00238309
0.0024014
0.00243315
0.00246608
0.00250101
0.00253379
0.0025671
0.00260055
0.00263361
0.00266855
0.00270078
0.00273462
0.00276715
0.00282055
0.00285282
0.00287287
0.00290692
0.00295446
0.00298945
0.003028
0.00306296
0.00309778
0.00313601
0.00317144
0.00320545
0.00324022
0.00327726
0.00333108
0.00335406
0.00337508
0.00341622
0.00345437
0.00349154
0.00353087
0.0035696
0.00360968
0.00364876
0.00369213
0.003733
0.00377024
0.00380718
0.00384307
0.0039017
0.00394529
0.00396438
0.00400472
0.00404598
0.00408214
0.00412174
0.00416199
0.00421085
0.00425125
0.0042856
0.00432417
0.00436622
0.00440787
0.00444784
0.00451264
0.00455726
0.00458309
0.00462388
0.00466722
0.00470963
0.0047533
0.00479731
0.00483943
0.00488142
0.00492567
0.0049653
0.00500795
0.0050524
0.00509315
0.0051359
0.00520542
0.00524999
0.00526968
0.00531739
0.00536018
0.00540576
0.00545353
0.00549812
0.00553901
0.00558232
0.00562623
0.00567471
0.00572096
0.00576485
0.00580981
0.0058572
0.00592595
0.00596821
0.00599321
0.00604381
0.006091
0.00613751
0.00618429
0.00623445
0.00628119
0.0063286
0.0063742
0.00642448
0.00647082
0.00651816
0.00656531
0.00661424
0.00666335
0.00673543
0.00678518
0.00681249
0.00686293
0.00691559
0.00696618
0.00701373
0.00706394
0.0071161
0.00716776
0.00721405
0.00726409
0.00731503
0.00736744
0.00741688
0.0074669
0.00751629
0.00758811
0.0076457
0.00767243
0.00772545
0.00777922
0.00783038
0.00788561
0.00793575
0.00799336
0.00804573
0.00809494
0.00814716
0.00820224
0.00825305
0.00830684
0.00835908
0.00841212
0.00846797
0.00854645
0.00859615
0.00863
0.00868688
0.00874074
0.00879636
0.00885266
0.00890761
0.00896165
0.00901849
0.00907003
0.0091262
0.00918182
0.00924088
0.00929205
0.00935131
0.00940619
0.00946045
0.00953874
0.00959648
0.00963511
0.00969176
0.00974939
0.0098087
0.00986506
0.00992336
0.00998183
0.0100394
0.0100981
0.0101548
0.0102128
0.0102715
0.0103286
0.010386
0.010445
0.0105041
0.010553
0.01064
0.0107009
0.0107308
0.0107928
0.0108564
0.0109171
0.010978
0.0110399
0.0111008
0.0111629
0.0112224
0.0112815
0.0113407
0.0114016
0.0114617
0.0115263
0.0115873
0.011647
0.0117419
0.0118024
0.0118668
0.0118942
0.0119625
0.0120274
0.0120917
0.0121534
0.0122151
0.0122784
0.0123462
0.0124087
0.0124745
0.0125386
0.0126045
0.0126667
0.0127259
0.0127897
0.0128669
0.0129705
0.0130375
0.0131012
0.0131351
0.0132034
0.0132708
0.0133416
0.0134075
0.0134732
0.013537
0.013609
0.0136742
0.0137421
0.0138102
0.0138798
0.0139499
0.0140135
0.0140543
0.0141208
0.0141874
0.0142567
0.0143687
0.0144422
0.0144742
0.0145436
0.0146196
0.0146877
0.014758
0.0148346
0.0149033
0.0149789
0.0150497
0.0151218
0.0151946
0.0152657
0.0153332
0.0154054
0.0154792
0.0155483
0.0156222
0.0157408
0.0158214
0.0158954
0.0159245
0.0160062
0.0160752
0.0161846
0.0162545
0.0163388
0.0164082
0.0164802
0.0165625
0.0166369
0.0167128
0.016792
0.0168684
0.0169348
0.0170191
0.017094
0.0172117
0.0172911
0.0173741
0.0174058
0.0174874
0.0175682
0.0176487
0.0177288
0.0178122
0.01789
0.01797
0.0180511
0.0181298
0.0182091
0.0182938
0.0183733
0.0184538
0.0185407
0.0186071
0.0186864
0.0188099
0.0189051
0.0189821
0.0190261
0.0191132
0.0191899
0.0192728
0.019369
0.0194543
0.0195413
0.0196228
0.0197093
0.0197937
0.0198776
0.0199611
0.0200457
0.0201308
0.0202136
0.0202981
0.0203841
0.0205088
0.0205984
0.0206817
0.0207316
0.0208198
0.020908
0.020994
0.0210857
0.0211714
0.0212681
0.0213536
0.0214448
0.021531
0.0216193
0.021709
0.0217956
0.0218844
0.0219733
0.0220681
0.0221552
0.0222912
0.0223847
0.0224693
0.0225226
0.0226176
0.0227112
0.0228039
0.0228919
0.0229921
0.0230837
0.0231688
0.0232644
0.0233562
0.0234545
0.0235449
0.023634
0.0237283
0.0238239
0.023926
0.024014
0.0241514
0.0242701
0.0243554
0.0244088
0.02452
0.0246105
0.0247108
0.0248105
0.0249082
0.0250029
0.0251076
0.0252086
0.0253048
0.0253992
0.0255014
0.025584
0.025681
0.025801
0.025899
0.0259993
0.0261501
0.0262462
0.0263502
0.0264027
0.0265096
0.026613
0.0267173
0.0268258
0.0269293
0.0270414
0.0271431
0.0272386
0.0273434
0.0274459
0.027552
0.0276545
0.027756
0.0278623
0.0279619
0.0280682
0.028169
0.0283273
0.0284368
0.0285424
0.0285938
0.0287009
0.0288131
0.0289194
0.0290268
0.029136
0.0292384
0.029346
0.0294554
0.0295518
0.0296612
0.0297734
0.0298642
0.0299697
0.0300835
0.0301916
0.0303074
0.0304108
0.0305902
0.0306964
0.0307526
0.0308708
0.0309848
0.0311017
0.0312163
0.0313232
0.031438
0.0315549
0.0316688
0.0317794
0.0318862
0.0320044
0.0321204
0.0322308
0.0323464
0.0324646
0.0325721
0.0326829
0.0328006
0.0329754
0.0330944
0.0331615
0.0332758
0.033397
0.0335083
0.0336258
0.0337432
0.0338638
0.0339736
0.0341023
0.0342258
0.0343413
0.0344576
0.0345802
0.0346971
0.034836
0.0349615
0.0350767
0.0351899
0.035381
0.0355144
0.0356394
0.0357007
0.0358228
0.0359476
0.036076
0.0361996
0.0363323
0.0364464
0.0365771
0.036708
0.0368322
0.0369436
0.0370835
0.0372139
0.037341
0.037469
0.0375982
0.0377202
0.0378428
0.0380342
0.0381646
0.0382199
0.0383425
0.0384865
0.0386231
0.0387558
0.0388804
0.0390135
0.0391429
0.0392749
0.039414
0.0395472
0.0396833
0.0398146
0.0399499
0.0400763
0.0402122
0.0403507
0.0404844
0.0406999
0.0408017
0.0408726
0.0410186
0.0411641
0.0413141
0.0414552
0.0415936
0.0417341
0.041873
0.0420096
0.0421522
0.0422924
0.0424333
0.0425767
0.0427067
0.0428524
0.0429822
0.043124
0.0432585
0.0433947
0.0436469
0.0437885
0.0439352
0.0440104
0.0441558
0.0443054
0.044467
0.0446102
0.0447454
0.0448948
0.0450255
0.0451775
0.0453228
0.045466
0.0456212
0.0457629
0.0459114
0.0460483
0.0462078
0.0463379
0.046583
0.0467458
0.0468947
0.0469555
0.0471124
0.0472747
0.0474342
0.0475787
0.0477311
0.0478835
0.0480323
0.048204
0.0483624
0.0485174
0.0486815
0.0488388
0.0489949
0.049145
0.049302
0.0494589
0.0497202
0.0498944
0.0500445
0.0501226
0.0502859
0.050457
0.0506272
0.0507946
0.0509598
0.0511243
0.0512894
0.0514611
0.0516248
0.0517917
0.0519642
0.052135
0.0522935
0.0524599
0.0526216
0.0528108
0.0530884
0.0532588
0.0533218
0.0535008
0.0536771
0.0538352
0.0539991
0.054165
0.0543367
0.0545274
0.054693
0.0548841
0.0550514
0.0552426
0.0554221
0.0555964
0.0557731
0.0559466
0.0561224
0.0562975
0.0566037
0.0567882
0.0568663
0.0570754
0.0572119
0.0574075
0.0575885
0.0577916
0.0579717
0.0581747
0.0583519
0.0585721
0.0587521
0.0589536
0.0591455
0.0593329
0.0595196
0.0597052
0.0599028
0.0602479
0.0604474
0.0605293
0.0607266
0.0608908
0.0610784
0.0612899
0.0614986
0.0616993
0.0619157
0.0621107
0.0622959
0.0624975
0.0627171
0.0629094
0.0631189
0.063321
0.0635413
0.0638989
0.0641195
0.0641794
0.0643873
0.064612
0.0648327
0.0650681
0.0652985
0.0655254
0.0657295
0.0659027
0.0661303
0.0663493
0.0665656
0.0667891
0.0670618
0.0672745
0.0674873
0.0677164
0.0681727
0.0684127
0.0684729
0.0687055
0.068953
0.0691761
0.0694244
0.0696195
0.0698545
0.0700882
0.0703497
0.070541
0.0708083
0.0710455
0.0713202
0.0715569
0.0718073
0.0722936
0.0723613
0.0726104
0.0728697
0.0731429
0.0734337
0.0737208
0.0739882
0.0741987
0.0744578
0.0747425
0.0750526
0.075334
0.0754807
0.0757368
0.0760329
0.0765611
0.0766302
0.076897
0.0771967
0.0774776
0.0777407
0.078058
0.0783559
0.0786562
0.0789851
0.0792651
0.0795187
0.0798149
0.0801082
0.0803808
0.0806925
0.0809957
0.081333
0.0816581
0.0819567
0.082326
0.0826381
0.0829696
0.0832896
0.083651
0.0839544
0.0843036
0.0845821
0.0850196
0.0852757
0.0855759
0.0859356
0.0863798
0.0867488
0.08698
0.0873531
0.0877637
0.0880902
0.0884694
0.0888413
0.0891645
0.0895038
0.0980192
0.100134
0.100466
0.100908
0.101253
0.101759
0.102259
0.102685
0.103204
0.103547
0.104156
0.104616
0.105258
0.110605
0.112879
0.112959
0.113209
0.113606
0.114076
0.114545
0.115072
0.115615
0.116503
0.117167
0.11476
0.120334
0.120194
0.120153
0.120131
0.120308
0.120665
0.121109
0.121467
0.121934
0.122625
0.123338
0.121335
0.121027
0.121016
0.121119
0.12125
0.12169
0.121969
0.122484
0.123032
0.12062
0.120774
0.120823
0.121026
0.121373
0.121759
0.122227
0.12272
0.121783
0.12231
0.122786
0.123318
0.123843
0.124668
0.1254
0.125981
0.126533
0.127399
0.128333
0.129309
0.130423
0.131477
0.132368
0.133646
0.134623
0.135868
0.137158
0.138417
0.139868
0.141476
0.143006
0.144399
0.145905
0.147734
0.149464
0.150918
0.152593
0.154115
0.15584
0.158061
0.159998
0.162401
0.164969
0.167068
0.169446
0.171397
