0.121056
0.121056
0.0907919
0.166452
0.15132
0.166452
0.166452
0.166452
0.196716
0.242112
0.196716
0.22698
0.242112
0.272376
0.272376
0.242112
0.287508
0.332904
0.332904
0.348036
0.332904
0.408564
0.408564
0.484224
0.499355
0.484224
0.484224
0.605279
0.559883
0.605279
0.635543
0.620411
0.650675
0.665807
0.680939
0.575015
0.832259
0.680939
0.514487
0.786863
0.711203
0.696071
0.605279
0.559883
0.514487
0.3783
0.575015
0.529619
0.529619
0.484224
0.469092
0.423696
0.438828
0.408564
0.3783
0.348036
0.317772
0.257244
0.272376
0.332904
0.242112
0.257244
0.22698
0.22698
0.196716
0.211848
0.196716
0.15132
0.166452
0.15132
0.121056
0.121056
