-0.0347278
-0.0337278
-0.0327279
-0.0317279
-0.0307279
-0.0297279
-0.0287279
-0.027728
-0.026728
-0.025728
-0.024728
-0.0237281
-0.0227281
-0.0217281
-0.0207281
-0.0197281
-0.0187282
-0.0177282
-0.0167282
-0.0157282
-0.0147282
-0.0137283
-0.0127283
-0.0117283
-0.0107283
-0.00972834
-0.00872836
-0.00772839
-0.00672841
-0.00572843
-0.00472845
-0.00372847
-0.00272849
-0.00172851
-0.000728531
0.000271448
0.00127143
0.00227141
0.00327139
0.00427136
0.00527134
0.00627132
0.0072713
0.00827128
0.00927126
0.0102712
0.0112712
0.0122712
0.0132712
0.0142712
0.0152711
0.0162711
0.0172711
0.0182711
0.0192711
0.020271
0.021271
0.022271
0.023271
0.0242709
0.0252709
0.0262709
0.0272709
0.0282709
0.0292708
0.0302708
0.0312708
0.0322708
0.0332708
0.0342707
0.0352707
0.0362707
