-0.171273
-0.171273
-0.171273
-0.171273
-0.171273
-0.171273
-0.171273
-0.171273
-0.171273
-0.171273
-0.171273
-0.171273
-0.171273
-0.171273
-0.171273
-0.171273
-0.171273
-0.171273
-0.171273
-0.171273
-0.171273
-0.171273
-0.171273
-0.171273
-0.171273
-0.171273
-0.171273
-0.171273
-0.171273
-0.171273
-0.171273
-0.171273
-0.171273
-0.171273
-0.171273
-0.171273
-0.171273
-0.171273
-0.171273
-0.171273
-0.171273
-0.171273
-0.171273
-0.171273
-0.171273
-0.171273
-0.171273
-0.171273
-0.171273
-0.171273
-0.171273
-0.171273
-0.171273
-0.171273
-0.171273
-0.171273
-0.171273
-0.171273
-0.171273
-0.171273
-0.171273
-0.171273
-0.171273
-0.171273
-0.171273
-0.171273
-0.171273
-0.171273
-0.171273
-0.171273
-0.171273
-0.171273
-0.171273
-0.171273
-0.171273
-0.171273
-0.171273
-0.171273
-0.171273
-0.171273
-0.171273
-0.171273
-0.171273
-0.171273
-0.171273
-0.171273
-0.171273
-0.171273
-0.171273
-0.171273
-0.171273
-0.171273
-0.171273
-0.171273
-0.171273
-0.171273
-0.171273
-0.171273
-0.171273
-0.171273
-0.171273
-0.171273
-0.171273
-0.171273
-0.171273
-0.171273
-0.171273
-0.171273
-0.171273
-0.171273
-0.171273
-0.171273
-0.171273
-0.171273
-0.171273
-0.171273
-0.171273
-0.171273
-0.171273
-0.171273
-0.171273
-0.171273
-0.171273
-0.171273
-0.171273
-0.171273
-0.171273
-0.171273
-0.171273
-0.171273
-0.171273
-0.171273
-0.171273
-0.171273
-0.171273
-0.171273
-0.171273
-0.171273
-0.171273
-0.171273
-0.171273
-0.171273
-0.171273
-0.171273
-0.171273
-0.171273
-0.171273
-0.171273
-0.171273
-0.171273
-0.171273
-0.171273
-0.171273
-0.171273
-0.171273
-0.171273
-0.171273
-0.171273
-0.171273
-0.171273
-0.171273
-0.171273
-0.171273
-0.171273
-0.171273
-0.171273
-0.171273
-0.171273
-0.171273
-0.171273
-0.171273
-0.171273
-0.171273
-0.171273
-0.171273
-0.171273
-0.171273
-0.171273
-0.171273
-0.171273
-0.171273
-0.171273
-0.171273
-0.171273
-0.171273
-0.171273
-0.171273
-0.171273
-0.171273
-0.171273
-0.171273
-0.171273
-0.171273
-0.171273
-0.171273
-0.171273
-0.171273
-0.171273
-0.171273
-0.171273
-0.171273
-0.171273
-0.171273
-0.171273
-0.171273
-0.171273
-0.171273
-0.171273
-0.171273
-0.171273
-0.171273
-0.171273
-0.171273
-0.171273
-0.171273
-0.171273
-0.171273
-0.171273
-0.171273
-0.171273
-0.171273
-0.171273
-0.171273
-0.171273
-0.171273
-0.171273
-0.171273
-0.171273
-0.171273
-0.171273
-0.171273
-0.171273
-0.171273
-0.171273
-0.171273
-0.171273
-0.171273
-0.171273
-0.171273
-0.171273
-0.171273
-0.171273
-0.171273
-0.171273
-0.171273
-0.171273
-0.171273
-0.171273
-0.171273
-0.171273
-0.171273
-0.171273
-0.171273
-0.171273
-0.171273
-0.171273
-0.171273
-0.171273
-0.171273
-0.171273
-0.171273
-0.171273
-0.171273
-0.171273
-0.171273
-0.171273
-0.171273
-0.171273
-0.171273
-0.171273
-0.171273
-0.171273
-0.171273
-0.171273
-0.171273
-0.171273
-0.171273
-0.171273
-0.171273
-0.171273
-0.171273
-0.171273
-0.171273
-0.171273
-0.171273
-0.171273
-0.171273
-0.171273
-0.171273
-0.171273
-0.171273
-0.171273
-0.171273
-0.171273
-0.171273
-0.171273
-0.171273
-0.171273
-0.171273
-0.171273
-0.171273
-0.171273
-0.171273
-0.171273
-0.171273
-0.171273
-0.171273
-0.171273
-0.171273
-0.171273
-0.171273
-0.171273
-0.171273
-0.171273
-0.171273
-0.171273
-0.171273
-0.171273
-0.171273
-0.171273
-0.171273
-0.171273
-0.171273
-0.171273
-0.171273
-0.171273
-0.171273
-0.171273
-0.171273
-0.171273
-0.171273
-0.171273
-0.171273
-0.171273
-0.171273
-0.171273
-0.171273
-0.171273
-0.171273
-0.171273
-0.171273
-0.171273
-0.171273
-0.171273
-0.171273
-0.171273
-0.171273
-0.171273
-0.171273
-0.171273
-0.171273
-0.171273
-0.171273
-0.171273
-0.171273
-0.171273
-0.171273
-0.171273
-0.171273
-0.171273
-0.171273
-0.171273
-0.171273
-0.171273
-0.171273
-0.171273
-0.171273
-0.171273
-0.171273
-0.171273
-0.171273
-0.171273
-0.171273
-0.171273
-0.171273
-0.171273
-0.171273
-0.171273
-0.171273
-0.171273
-0.171273
-0.171273
-0.171273
-0.171273
-0.171273
-0.171273
-0.171273
-0.171273
-0.171273
-0.171273
-0.171273
-0.171273
-0.171273
-0.171273
-0.171273
-0.171273
-0.171273
-0.171273
-0.171273
-0.171273
-0.171273
-0.171273
-0.171273
-0.171273
-0.171273
-0.171273
-0.171273
-0.171273
-0.171273
-0.171273
-0.171273
-0.171273
-0.171273
-0.171273
-0.171273
-0.171273
-0.171273
-0.171273
-0.171273
-0.171273
-0.171273
-0.171273
-0.171273
-0.171273
-0.171273
-0.171273
-0.171273
-0.171273
-0.171273
-0.171273
-0.171273
-0.171273
-0.171273
-0.171273
-0.171273
-0.171273
-0.171273
-0.171273
-0.171273
-0.171273
-0.171273
-0.171273
-0.171273
-0.171273
-0.171273
-0.171273
-0.171273
-0.171273
-0.171273
-0.171273
-0.171273
-0.171273
-0.171273
-0.171273
-0.171273
-0.171273
-0.171273
-0.171273
-0.171273
-0.171273
-0.171273
-0.171273
-0.171273
-0.171273
-0.171273
-0.171273
-0.171273
-0.171273
-0.171273
-0.171273
-0.171273
-0.171273
-0.171273
-0.171273
-0.171273
-0.171273
-0.171273
-0.171273
-0.171273
-0.171273
-0.171273
-0.171273
-0.171273
-0.171273
-0.171273
-0.171273
-0.171273
-0.171273
-0.171273
-0.171273
-0.171273
-0.171273
-0.171273
-0.171273
-0.171273
-0.171273
-0.171273
-0.171273
-0.171273
-0.171273
-0.171273
-0.171273
-0.171273
-0.171273
-0.171273
-0.171273
-0.171273
-0.171273
-0.171273
-0.171273
-0.171273
-0.171273
-0.171273
-0.171273
-0.171273
-0.171273
-0.171273
-0.171273
-0.171273
-0.171273
-0.171273
-0.171273
-0.171273
-0.171273
-0.171273
-0.171273
-0.171273
-0.171273
-0.171273
-0.171273
-0.171273
-0.171273
-0.171273
-0.171273
-0.171273
-0.171273
-0.171273
-0.171273
-0.171273
-0.171273
-0.171273
-0.171273
-0.171273
-0.171273
-0.171273
-0.171273
-0.171273
-0.171273
-0.171273
-0.171273
-0.171273
-0.171273
-0.171273
-0.171273
-0.171273
-0.171273
-0.171273
-0.171273
-0.171273
-0.171273
-0.171273
-0.171273
-0.171273
-0.171273
-0.171273
-0.171273
-0.171273
-0.171273
-0.171273
-0.171273
-0.171273
-0.171273
-0.171273
-0.171273
-0.171273
-0.171273
-0.171273
-0.171273
-0.171273
-0.171273
-0.171273
-0.171273
-0.171273
-0.171273
-0.171273
-0.171273
-0.171273
-0.171273
-0.171273
-0.171273
-0.171273
-0.171273
-0.171273
-0.171273
-0.171273
-0.171273
-0.171273
-0.171273
-0.171273
-0.171273
-0.171273
-0.171273
-0.171273
-0.171273
-0.171273
-0.171273
-0.171273
-0.171273
-0.171273
-0.171273
-0.171273
-0.171273
-0.171273
-0.171273
-0.171273
-0.171273
-0.171273
-0.171273
-0.171273
-0.171273
-0.171273
-0.171273
-0.171273
-0.171273
-0.171273
-0.171273
-0.171273
-0.171273
-0.171273
-0.171273
-0.171273
-0.171273
-0.171273
-0.171273
-0.171273
-0.171273
-0.171273
-0.171273
-0.171273
-0.171273
-0.171273
-0.171273
-0.171273
-0.171273
-0.171273
-0.171273
-0.171273
-0.171273
-0.171273
-0.171273
-0.171273
-0.171273
-0.171273
-0.171273
-0.171273
-0.171273
-0.171273
-0.171273
-0.171273
-0.171273
-0.171273
-0.171273
-0.171273
-0.171273
-0.171273
-0.171273
-0.171273
-0.171273
-0.171273
-0.171273
-0.171273
-0.171273
-0.171273
-0.171273
-0.171273
-0.171273
-0.171273
-0.171273
-0.171273
-0.171273
-0.171273
-0.171273
-0.171273
-0.171273
-0.171273
-0.171273
-0.171273
-0.171273
-0.171273
-0.171273
-0.171273
-0.171273
-0.171273
-0.171273
-0.171273
-0.171273
-0.171273
-0.171273
-0.171273
-0.171273
-0.171273
-0.171273
-0.171273
-0.171273
-0.171273
-0.171273
-0.171273
-0.171273
-0.171273
-0.171273
-0.171273
-0.171273
-0.171273
-0.171273
-0.171273
-0.171273
-0.171273
-0.171273
-0.171273
-0.171273
-0.171273
-0.171273
-0.171273
-0.171273
-0.171273
-0.171273
-0.171273
-0.171273
-0.171273
-0.171273
-0.171273
-0.171273
-0.171273
-0.171273
-0.171273
-0.171273
-0.171273
-0.171273
-0.171273
-0.171273
-0.171273
-0.171273
-0.171273
-0.171273
-0.171273
-0.171273
-0.171273
-0.171273
-0.171273
-0.171273
-0.171273
-0.171273
-0.171273
-0.171273
-0.171273
-0.171273
-0.171273
-0.171273
-0.171273
-0.171273
-0.171273
-0.171273
-0.171273
-0.171273
-0.171273
-0.171273
-0.171273
-0.171273
-0.171273
-0.171273
-0.171273
-0.171273
-0.171273
-0.171273
-0.171273
-0.171273
-0.171273
-0.171273
-0.171273
-0.171273
-0.171273
-0.171273
-0.171273
-0.171273
-0.171273
-0.171273
-0.171273
-0.171273
-0.171273
-0.171273
-0.171273
-0.171273
-0.171273
-0.171273
-0.171273
-0.171273
-0.171273
-0.171273
-0.171273
-0.171273
-0.171273
-0.171273
-0.171273
-0.171273
-0.171273
-0.171273
-0.171273
-0.171273
-0.171273
-0.171273
-0.171273
-0.171273
-0.171273
-0.171273
-0.171273
-0.171273
-0.171273
-0.171273
-0.171273
-0.171273
-0.171273
-0.171273
-0.171273
-0.171273
-0.171273
-0.171273
-0.171273
-0.171273
-0.171273
-0.171273
-0.171273
-0.171273
-0.171273
-0.171273
-0.171273
-0.171273
-0.171273
-0.171273
-0.171273
-0.171273
-0.171273
-0.171273
-0.171273
-0.171273
-0.171273
-0.171273
-0.171273
-0.171273
-0.171273
-0.171273
-0.171273
-0.171273
-0.171273
-0.171273
-0.171273
-0.171273
-0.171273
-0.171273
-0.171273
-0.171273
-0.171273
-0.171273
-0.171273
-0.171273
-0.171273
-0.171273
-0.171273
-0.171273
-0.171273
-0.171273
-0.171273
-0.171273
-0.171273
-0.171273
-0.171273
-0.171273
-0.171273
-0.171273
-0.171273
-0.171273
-0.171273
-0.171273
-0.171273
-0.171273
-0.171273
-0.171273
-0.171273
-0.171273
-0.171273
-0.171273
-0.171273
-0.171273
-0.171273
-0.171273
-0.171273
-0.171273
-0.171273
-0.171273
-0.171273
-0.171273
-0.171273
-0.171273
-0.171273
-0.171273
-0.171273
-0.171273
-0.171273
-0.171273
-0.171273
-0.171273
-0.171273
-0.171273
-0.171273
-0.171273
-0.171273
-0.171273
-0.171273
-0.171273
-0.171273
-0.171273
-0.171273
-0.171273
-0.171273
-0.171273
-0.171273
-0.171273
-0.171273
-0.171273
-0.171273
-0.171273
-0.171273
-0.171273
-0.171273
-0.171273
-0.171273
-0.171273
-0.171273
-0.171273
-0.171273
-0.171273
-0.171273
-0.171273
-0.171273
-0.171273
-0.171273
-0.171273
-0.171273
-0.171273
-0.171273
-0.171273
-0.171273
-0.171273
-0.171273
-0.171273
-0.171273
-0.171273
-0.171273
-0.171273
-0.171273
-0.171273
-0.171273
-0.171273
-0.171273
-0.171273
-0.171273
-0.171273
-0.171273
-0.171273
-0.171273
-0.171273
-0.171273
-0.171273
-0.171273
-0.171273
-0.171273
-0.171273
-0.171273
-0.171273
-0.171273
-0.171273
-0.171273
-0.171273
-0.171273
-0.171273
-0.171273
-0.171273
-0.171273
-0.171273
-0.171273
-0.171273
-0.171273
-0.171273
-0.171273
-0.171273
-0.171273
-0.171273
-0.171273
-0.171273
-0.171273
-0.171273
-0.171273
-0.171273
-0.171273
-0.171273
-0.171273
-0.171273
-0.171273
-0.171273
-0.171273
-0.171273
-0.171273
-0.171273
-0.171273
-0.171273
-0.171273
-0.171273
-0.171273
-0.171273
-0.171273
-0.171273
-0.171273
-0.171273
-0.171273
-0.171273
-0.171273
-0.171273
-0.171273
-0.171273
-0.171273
-0.171273
-0.171273
-0.171273
-0.171273
-0.171273
-0.171273
-0.171273
-0.171273
-0.171273
-0.171273
-0.171273
-0.171273
-0.171273
-0.171273
-0.171273
-0.171273
-0.171273
-0.171273
-0.171273
-0.171273
-0.171273
-0.171273
-0.171273
-0.171273
-0.171273
-0.171273
-0.171273
-0.171273
-0.171273
-0.171273
-0.171273
-0.171273
-0.171273
-0.171273
-0.171273
-0.171273
-0.171273
-0.171273
-0.171273
-0.171273
-0.171273
-0.171273
-0.171273
-0.171273
-0.171273
-0.171273
-0.171273
-0.171273
-0.171273
-0.171273
-0.171273
-0.171273
-0.171273
-0.171273
-0.171273
-0.171273
-0.171273
-0.171273
-0.171273
-0.171273
-0.171273
-0.171273
-0.171273
-0.171273
-0.171273
-0.171273
-0.171273
-0.171273
-0.171273
-0.171273
-0.171273
-0.171273
-0.171273
-0.171273
-0.171273
-0.171273
-0.171273
-0.171273
-0.171273
-0.171273
-0.171273
-0.171273
-0.171273
-0.171273
-0.171273
-0.171273
-0.171273
-0.171273
-0.171273
-0.171273
-0.171273
-0.171273
-0.171273
-0.171273
-0.171273
-0.171273
-0.171273
-0.171273
-0.171273
-0.171273
-0.171273
-0.171273
-0.171273
-0.171273
-0.171273
-0.171273
-0.171273
-0.171273
-0.171273
-0.171273
-0.171273
-0.171273
-0.171273
-0.171273
-0.171273
-0.171273
-0.171273
-0.171273
-0.171273
-0.171273
-0.171273
-0.171273
-0.171273
-0.171273
-0.171273
-0.171273
-0.171273
-0.171273
-0.171273
-0.171273
-0.171273
-0.171273
-0.171273
-0.171273
-0.171273
-0.171273
-0.171273
-0.171273
-0.171273
-0.171273
-0.171273
-0.171273
-0.171273
-0.171273
-0.171273
-0.171273
-0.171273
-0.171273
-0.171273
-0.171273
-0.171273
-0.171273
-0.171273
-0.171273
-0.171273
-0.171273
-0.171273
-0.171273
-0.171273
-0.171273
-0.171273
-0.171273
-0.171273
-0.171273
-0.171273
-0.171273
-0.171273
-0.171273
-0.171273
-0.171273
-0.171273
-0.171273
-0.171273
-0.171273
-0.171273
-0.171273
-0.171273
-0.171273
-0.171273
-0.171273
-0.171273
-0.171273
-0.171273
-0.171273
-0.171273
-0.171273
-0.171273
-0.171273
-0.171273
-0.171273
-0.171273
-0.171273
-0.171273
-0.171273
-0.171273
-0.171273
-0.171273
-0.171273
-0.171273
-0.171273
-0.171273
-0.171273
-0.171273
-0.171273
-0.171273
-0.171273
-0.171273
-0.171273
-0.171273
-0.171273
-0.171273
-0.171273
-0.171273
-0.171273
-0.171273
-0.171273
-0.171273
-0.171273
-0.171273
-0.171273
-0.171273
-0.171273
-0.171273
-0.171273
-0.171273
-0.171273
-0.171273
-0.171273
-0.171273
-0.171273
-0.171273
-0.171273
-0.171273
-0.171273
-0.171273
-0.171273
-0.171273
-0.171273
-0.171273
-0.171273
-0.171273
-0.171273
-0.171273
-0.171273
-0.171273
-0.171273
-0.171273
-0.171273
-0.171273
-0.171273
-0.171273
-0.171273
-0.171273
-0.171273
-0.171273
-0.171273
-0.171273
-0.171273
-0.171273
-0.171273
-0.171273
-0.171273
-0.171273
-0.171273
-0.171273
-0.171273
-0.171273
-0.171273
-0.171273
-0.171273
-0.171273
-0.171273
-0.171273
-0.171273
-0.171273
-0.171273
-0.171273
-0.171273
-0.171273
-0.171273
-0.171273
-0.171273
-0.171273
-0.171273
-0.171273
-0.171273
-0.171273
-0.171273
-0.171273
-0.171273
-0.171273
-0.171273
-0.171273
-0.171273
-0.171273
-0.171273
-0.171273
-0.171273
-0.171273
-0.171273
-0.171273
-0.171273
-0.171273
-0.171273
-0.171273
-0.171273
-0.171273
-0.171273
-0.171273
-0.171273
-0.171273
-0.171273
-0.171273
-0.171273
-0.171273
-0.171273
-0.171273
-0.171273
-0.171273
-0.171273
-0.171273
-0.171273
-0.171273
-0.171273
-0.171273
-0.171273
-0.171273
-0.171273
-0.171273
-0.171273
-0.171273
-0.171273
-0.171273
-0.171273
-0.171273
-0.171273
-0.171273
-0.171273
-0.171273
-0.171273
-0.171273
-0.171273
-0.171273
-0.171273
-0.171273
-0.171273
-0.171273
-0.171273
-0.171273
-0.171273
-0.171273
-0.171273
-0.171273
-0.171273
-0.171273
-0.171273
-0.171273
-0.171273
-0.171273
-0.171273
-0.171273
-0.171273
-0.171273
-0.171273
-0.171273
-0.171273
-0.171273
-0.171273
-0.171273
-0.171273
-0.171273
-0.171273
-0.171273
-0.171273
-0.171273
-0.171273
-0.171273
-0.171273
-0.171273
-0.171273
-0.171273
-0.171273
-0.171273
-0.171273
-0.171273
-0.171273
-0.171273
-0.171273
-0.171273
-0.171273
-0.171273
-0.171273
-0.171273
-0.171273
-0.171273
-0.171273
-0.171273
-0.171273
-0.171273
-0.171273
-0.171273
-0.171273
-0.171273
-0.171273
-0.171273
-0.171273
-0.171273
-0.171273
-0.171273
-0.171273
-0.171273
-0.171273
-0.171273
-0.171273
-0.171273
-0.171273
-0.171273
-0.171273
-0.171273
-0.171273
-0.171273
-0.171273
-0.171273
-0.171273
-0.171273
-0.171273
-0.171273
-0.171273
-0.171273
-0.171273
-0.171273
-0.171273
-0.171273
-0.171273
-0.171273
-0.171273
-0.171273
-0.171273
-0.171273
-0.171273
-0.171273
-0.171273
-0.171273
-0.171273
-0.171273
-0.171273
-0.171273
-0.171273
-0.171273
-0.171273
-0.171273
-0.171273
-0.171273
-0.171273
-0.171273
-0.171273
-0.171273
-0.171273
-0.171273
-0.171273
-0.171273
-0.171273
-0.171273
-0.171273
-0.171273
-0.171273
-0.171273
-0.171273
-0.171273
-0.171273
-0.171273
-0.171273
-0.171273
-0.171273
-0.171273
-0.171273
-0.171273
-0.171273
-0.171273
-0.171273
-0.171273
-0.171273
-0.171273
-0.171273
-0.171273
-0.171273
-0.171273
-0.171273
-0.171273
-0.171273
-0.171273
-0.171273
-0.171273
-0.171273
-0.171273
-0.171273
-0.171273
-0.171273
-0.171273
-0.171273
-0.171273
-0.171273
-0.171273
-0.171273
-0.171273
-0.171273
-0.171273
-0.171273
-0.171273
-0.171273
-0.171273
-0.171273
-0.171273
-0.171273
-0.171273
-0.171273
-0.171273
-0.171273
-0.171273
-0.171273
-0.171273
-0.171273
-0.171273
-0.171273
-0.171273
-0.171273
-0.171273
-0.171273
-0.171273
-0.171273
-0.171273
-0.171273
-0.171273
-0.171273
-0.171273
-0.171273
-0.171273
-0.171273
-0.171273
-0.171273
-0.171273
-0.171273
-0.171273
-0.171273
-0.171273
-0.171273
-0.171273
-0.171273
-0.171273
-0.171273
-0.171273
-0.171273
-0.171273
-0.171273
-0.171273
-0.171273
-0.171273
-0.171273
-0.171273
-0.171273
-0.171273
-0.171273
-0.171273
-0.171273
-0.171273
-0.171273
-0.171273
-0.171273
-0.171273
-0.171273
-0.171273
-0.171273
-0.171273
-0.171273
-0.171273
-0.171273
-0.171273
-0.171273
-0.171273
-0.171273
-0.171273
-0.171273
-0.171273
-0.171273
-0.171273
-0.171273
-0.171273
-0.171273
-0.171273
-0.171273
-0.171273
-0.171273
-0.171273
-0.171273
-0.171273
-0.171273
-0.171273
-0.171273
-0.171273
-0.171273
-0.171273
-0.171273
-0.171273
-0.171273
-0.171273
-0.171273
-0.171273
-0.171273
-0.171273
-0.171273
-0.171273
-0.171273
-0.171273
-0.171273
-0.171273
-0.171273
-0.171273
-0.171273
-0.171273
-0.171273
-0.171273
-0.171273
-0.171273
-0.171273
-0.171273
-0.171273
-0.171273
-0.171273
-0.171273
-0.171273
-0.171273
-0.171273
-0.171273
-0.171273
-0.171273
-0.171273
-0.171273
-0.171273
-0.171273
-0.171273
-0.171273
-0.171273
-0.171273
-0.171273
-0.171273
-0.171273
-0.171273
-0.171273
-0.171273
-0.171273
-0.171273
-0.171273
-0.171273
-0.171273
-0.171273
-0.171273
-0.171273
-0.171273
-0.171273
-0.171273
-0.171273
-0.171273
-0.171273
-0.171273
-0.171273
-0.171273
-0.171273
-0.171273
-0.171273
-0.171273
-0.171273
-0.171273
-0.171273
-0.171273
-0.171273
-0.171273
-0.171273
-0.171273
-0.171273
-0.171273
-0.171273
-0.171273
-0.171273
-0.171273
-0.171273
-0.171273
-0.171273
-0.171273
-0.171273
-0.171273
-0.171273
-0.171273
-0.171273
-0.171273
-0.171273
-0.171273
-0.171273
-0.171273
-0.171273
-0.171273
-0.171273
-0.171273
-0.171273
-0.171273
-0.171273
-0.171273
-0.171273
-0.171273
-0.171273
-0.171273
-0.171273
-0.171273
-0.171273
-0.171273
-0.171273
-0.171273
-0.171273
-0.171273
-0.171273
-0.171273
-0.171273
-0.171273
-0.171273
-0.171273
-0.171273
-0.171273
-0.171273
-0.171273
-0.171273
-0.171273
-0.171273
-0.171273
-0.171273
-0.171273
-0.171273
-0.171273
-0.171273
-0.171273
-0.171273
-0.171273
-0.171273
-0.171273
-0.171273
-0.171273
-0.171273
-0.171273
-0.171273
-0.171273
-0.171273
-0.171273
-0.171273
-0.171273
-0.171273
-0.171273
-0.171273
-0.171273
-0.171273
-0.171273
-0.171273
-0.171273
-0.171273
-0.171273
-0.171273
-0.171273
-0.171273
-0.171273
-0.171273
-0.171273
-0.171273
-0.171273
-0.171273
-0.171273
-0.171273
-0.171273
-0.171273
-0.171273
-0.171273
-0.171273
-0.171273
-0.171273
-0.171273
-0.171273
-0.171273
-0.171273
-0.171273
-0.171273
-0.171273
-0.171273
-0.171273
-0.171273
-0.171273
-0.171273
-0.171273
-0.171273
-0.171273
-0.171273
-0.171273
-0.171273
-0.171273
-0.171273
-0.171273
-0.171273
-0.171273
-0.171273
-0.171273
-0.171273
-0.171273
-0.171273
-0.171273
-0.171273
-0.171273
-0.171273
-0.171273
-0.171273
-0.171273
-0.171273
-0.171273
-0.171273
-0.171273
-0.171273
-0.171273
-0.171273
-0.171273
-0.171273
-0.171273
-0.171273
-0.171273
-0.171273
-0.171273
-0.171273
-0.171273
-0.171273
-0.171273
-0.171273
-0.171273
-0.171273
-0.171273
-0.171273
-0.171273
-0.171273
-0.171273
-0.171273
-0.171273
-0.171273
-0.171273
-0.171273
-0.171273
-0.171273
-0.171273
-0.171273
-0.171273
-0.171273
-0.171273
-0.171273
-0.171273
-0.171273
-0.171273
-0.171273
-0.171273
-0.171273
-0.171273
-0.171273
-0.171273
-0.171273
-0.171273
-0.171273
-0.171273
-0.171273
-0.171273
-0.171273
-0.171273
-0.171273
-0.171273
-0.171273
-0.171273
-0.171273
-0.171273
-0.171273
-0.171273
-0.171273
-0.171273
-0.171273
-0.171273
-0.171273
-0.171273
-0.171273
-0.171273
-0.171273
-0.171273
-0.171273
-0.171273
-0.171273
-0.171273
-0.171273
-0.171273
-0.171273
-0.171273
-0.171273
-0.171273
-0.171273
-0.171273
-0.171273
-0.171273
-0.171273
-0.171273
-0.171273
-0.171273
-0.171273
-0.171273
-0.171273
-0.171273
-0.171273
-0.171273
-0.171273
-0.171273
-0.171273
-0.171273
-0.171273
-0.171273
-0.171273
-0.171273
-0.171273
-0.171273
-0.171273
-0.171273
-0.171273
-0.171273
-0.171273
-0.171273
-0.171273
-0.171273
-0.171273
-0.171273
-0.171273
-0.171273
-0.171273
-0.171273
-0.171273
-0.171273
-0.171273
-0.171273
-0.171273
-0.171273
-0.171273
-0.171273
-0.171273
-0.171273
-0.171273
-0.171273
-0.171273
-0.171273
-0.171273
-0.171273
-0.171273
-0.171273
-0.171273
-0.171273
-0.171273
-0.171273
-0.171273
-0.171273
-0.171273
-0.171273
-0.171273
-0.171273
-0.171273
-0.171273
-0.171273
-0.171273
-0.171273
-0.171273
-0.0237933
-0.0233041
-0.0233041
-0.0232774
-0.0232774
-0.0232528
-0.0232528
-0.0232299
-0.0227282
-0.0227282
-0.0227282
-0.0227282
-0.0227091
-0.0227091
-0.0226915
-0.0226915
-0.0222007
-0.0222007
-0.0222007
-0.022186
-0.022186
-0.0221724
-0.0221724
-0.021701
-0.021701
-0.0217142
-0.0217142
-0.0217285
-0.0217787
-0.0217787
-0.0217787
-0.0217787
-0.0217982
-0.0217982
-0.0213238
-0.0219222
-0.0219222
-0.0219222
-0.0214446
-0.0219533
-0.0214749
-0.0214749
-0.0215077
-0.0221509
-0.0221509
-0.0216677
-0.0222005
-0.0222005
-0.021716
-0.021716
-0.021716
-0.0217683
-0.0225155
-0.0225155
-0.0225155
-0.0225155
-0.0225155
-0.0225155
-0.0225155
-0.0225155
-0.0225155
-0.0225155
-0.0226801
-0.0226801
-0.0226801
-0.0226801
-0.0226801
-0.0226801
-0.0226801
-0.0226801
-0.0226801
-0.0226801
-0.0226801
-0.0226801
-0.0226801
-0.022184
-0.0220234
-0.021952
-0.021952
-0.021397
-0.021397
-0.021397
-0.021397
-0.021397
-0.021397
-0.021397
-0.0213373
-0.0199586
-0.0199586
-0.0199586
-0.0199363
-0.0199156
-0.0199156
-0.019422
-0.019422
-0.0194047
-0.0194047
-0.0193888
-0.0193888
-0.019374
-0.0179142
-0.0179142
-0.0179142
-0.0179142
-0.0179142
-0.0179142
-0.0179142
-0.0179142
-0.0179142
-0.0179142
-0.0179142
-0.0179142
-0.0179142
-0.0174426
-0.0174426
-0.0174426
-0.0174426
-0.0174426
-0.0174426
-0.0174426
-0.0174426
-0.0174426
-0.0174426
-0.0174426
-0.0169688
-0.0169688
-0.0169688
-0.0169688
-0.0169688
-0.0169688
-0.0169688
-0.0169688
-0.0169688
-0.0169688
-0.0169688
-0.0169688
-0.0169688
-0.0169688
-0.0169688
-0.0169688
-0.0169688
-0.0164922
-0.0164922
-0.0164922
-0.0164922
-0.0164922
-0.0164922
-0.0164922
-0.0164922
-0.0164922
-0.0164922
-0.0164922
-0.0164922
-0.0164922
-0.0164922
-0.0164922
-0.0164922
-0.0164922
-0.0160123
-0.0160123
-0.0160123
-0.0160123
-0.0160123
-0.0160123
-0.0160123
-0.0160123
-0.0160123
-0.0160123
-0.0160123
-0.0160123
-0.0160123
-0.0160123
-0.0160123
-0.0160123
-0.0160123
-0.0160123
-0.0155292
-0.0155292
-0.0155292
-0.0155292
-0.0155292
-0.0155292
-0.0155292
-0.0155292
-0.0155292
-0.0155292
-0.0155292
-0.0155292
-0.0155292
-0.0155292
-0.0155292
-0.0155292
-0.0155292
-0.0155292
-0.0155292
-0.015043
-0.015043
-0.015043
-0.015043
-0.015043
-0.015043
-0.015043
-0.015043
-0.015043
-0.015043
-0.015043
-0.015043
-0.015043
-0.015043
-0.015043
-0.015043
-0.015043
-0.015043
-0.015043
-0.015043
-0.015043
-0.0145544
-0.0145544
-0.0145544
-0.0145544
-0.0145544
-0.0145544
-0.0145544
-0.0145544
-0.0145544
-0.0145544
-0.0145544
-0.0145544
-0.0145544
-0.0145544
-0.0145544
-0.0145544
-0.0145544
-0.0145544
-0.0145544
-0.0145544
-0.0145544
-0.0140644
-0.0140644
-0.0140644
-0.0140644
-0.0140644
-0.0140644
-0.0140644
-0.0140644
-0.0140644
-0.0140644
-0.0140644
-0.0140644
-0.0140644
-0.0140644
-0.0140644
-0.0140644
-0.0140644
-0.0140644
-0.0140644
-0.0140644
-0.0140644
-0.0135747
-0.0135747
-0.0135747
-0.0135747
-0.0135747
-0.0135747
-0.0135747
-0.0135747
-0.0135747
-0.0135747
-0.0135747
-0.0135747
-0.0135747
-0.0135747
-0.0135747
-0.0135747
-0.0135747
-0.0135747
-0.0135747
-0.0135747
-0.0135747
-0.013087
-0.013087
-0.013087
-0.013087
-0.013087
-0.013087
-0.013087
-0.013087
-0.013087
-0.013087
-0.013087
-0.013087
-0.013087
-0.013087
-0.013087
-0.013087
-0.013087
-0.013087
-0.013087
-0.013087
-0.013087
-0.0126018
-0.0126018
-0.0126018
-0.0126018
-0.0126018
-0.0126018
-0.0126018
-0.0126018
-0.0126018
-0.0126018
-0.0126018
-0.0126018
-0.0126018
-0.0126018
-0.0126018
-0.0126018
-0.0126018
-0.0126018
-0.0126018
-0.0121183
-0.0121183
-0.0121183
-0.0121183
-0.0121183
-0.0121183
-0.0121183
-0.0121183
-0.0121183
-0.0121183
-0.0121183
-0.0121183
-0.0121183
-0.0121183
-0.0121183
-0.0121183
-0.0121183
-0.0121183
-0.0121183
-0.0121183
-0.0121183
-0.0121183
-0.0116347
-0.0116347
-0.0116347
-0.0116347
-0.0116347
-0.0116347
-0.0116347
-0.0116347
-0.0116347
-0.0116347
-0.0116347
-0.0116347
-0.0116347
-0.0116347
-0.0116347
-0.0116347
-0.0116347
-0.0116347
-0.0116347
-0.0116347
-0.0116347
-0.0116347
-0.0111492
-0.0111492
-0.0111492
-0.0111492
-0.0111492
-0.0111492
-0.0111492
-0.0111492
-0.0111492
-0.0111492
-0.0111492
-0.0111492
-0.0111492
-0.0111492
-0.0111492
-0.0111492
-0.0111492
-0.0111492
-0.0111492
-0.0111492
-0.0111492
-0.0111492
-0.0106602
-0.0106602
-0.0106602
-0.0106602
-0.0106602
-0.0106602
-0.0106602
-0.0106602
-0.0106602
-0.0106602
-0.0106602
-0.0106602
-0.0106602
-0.0106602
-0.0106602
-0.0106602
-0.0106602
-0.0106602
-0.0106602
-0.0106602
-0.0101669
-0.0101669
-0.0101669
-0.0101669
-0.0101669
-0.0101669
-0.0101669
-0.0101669
-0.0101669
-0.0101669
-0.0101669
-0.0101669
-0.0101669
-0.0101669
-0.0101669
-0.0101669
-0.0101669
-0.0101669
-0.0101669
-0.0101669
-0.0101669
-0.0101669
-0.0101669
-0.00966928
-0.00966928
-0.00966928
-0.00966928
-0.00966928
-0.00966928
-0.00966928
-0.00966928
-0.00966928
-0.00966928
-0.00966928
-0.00966928
-0.00966928
-0.00966928
-0.00966928
-0.00966928
-0.00966928
-0.00966928
-0.00966928
-0.00966928
-0.00966928
-0.00966928
-0.00966928
-0.00966928
-0.00966928
-0.00916824
-0.00916824
-0.00916824
-0.00916824
-0.00916824
-0.00916824
-0.00916824
-0.00916824
-0.00916824
-0.00916824
-0.00916824
-0.00916824
-0.00916824
-0.00916824
-0.00916824
-0.00916824
-0.00916824
-0.00916824
-0.00916824
-0.00916824
-0.00916824
-0.00916824
-0.00916824
-0.00916824
-0.00916824
-0.00916824
-0.00866588
-0.00866588
-0.00866588
-0.00866588
-0.00866588
-0.00866588
-0.00866588
-0.00866588
-0.00866588
-0.00866588
-0.00866588
-0.00866588
-0.00866588
-0.00866588
-0.00866588
-0.00866588
-0.00866588
-0.00866588
-0.00866588
-0.00866588
-0.00866588
-0.00866588
-0.00866588
-0.00866588
-0.00866588
-0.00866588
-0.00816472
-0.00816472
-0.00816472
-0.00816472
-0.00816472
-0.00816472
-0.00816472
-0.00816472
-0.00816472
-0.00816472
-0.00816472
-0.00816472
-0.00816472
-0.00816472
-0.00816472
-0.00816472
-0.00816472
-0.00816472
-0.00816472
-0.00816472
-0.00816472
-0.00816472
-0.00816472
-0.00816472
-0.00766196
-0.00766196
-0.00766196
-0.00766196
-0.00766196
-0.00766196
-0.00766196
-0.00766196
-0.00766196
-0.00766196
-0.00766196
-0.00766196
-0.00766196
-0.00766196
-0.00766196
-0.00766196
-0.00766196
-0.00766196
-0.00766196
-0.00766196
-0.00766196
-0.00766196
-0.00766196
-0.00766196
-0.0071494
-0.0071494
-0.0071494
-0.0071494
-0.0071494
-0.0071494
-0.0071494
-0.0071494
-0.0071494
-0.0071494
-0.0071494
-0.0071494
-0.0071494
-0.0071494
-0.0071494
-0.0071494
-0.0071494
-0.0071494
-0.0071494
-0.0071494
-0.0071494
-0.0071494
-0.0071494
-0.00662144
-0.00662144
-0.00662144
-0.00662144
-0.00662144
-0.00662144
-0.00662144
-0.00662144
-0.00662144
-0.00662144
-0.00662144
-0.00662144
-0.00662144
-0.00662144
-0.00662144
-0.00662144
-0.00662144
-0.00662144
-0.00662144
-0.00662144
-0.00662144
-0.00662144
-0.00662144
-0.00662144
-0.00662144
-0.00662144
-0.00662144
-0.00607636
-0.00607636
-0.00607636
-0.00607636
-0.00607636
-0.00607636
-0.00607636
-0.00607636
-0.00607636
-0.00607636
-0.00607636
-0.00607636
-0.00607636
-0.00607636
-0.00607636
-0.00607636
-0.00607636
-0.00607636
-0.00607636
-0.00607636
-0.00607636
-0.00607636
-0.00607636
-0.00607636
-0.00607636
-0.00607636
-0.00607636
-0.00607636
-0.00551427
-0.00551427
-0.00551427
-0.00551427
-0.00551427
-0.00551427
-0.00551427
-0.00551427
-0.00551427
-0.00551427
-0.00551427
-0.00551427
-0.00551427
-0.00551427
-0.00551427
-0.00551427
-0.00551427
-0.00551427
-0.00551427
-0.00551427
-0.00551427
-0.00551427
-0.00551427
-0.00551427
-0.00551427
-0.00551427
-0.00551427
-0.00551427
-0.00493661
-0.00493661
-0.00493661
-0.00493661
-0.00493661
-0.00493661
-0.00493661
-0.00493661
-0.00493661
-0.00493661
-0.00493661
-0.00493661
-0.00493661
-0.00493661
-0.00493661
-0.00493661
-0.00493661
-0.00493661
-0.00493661
-0.00493661
-0.00493661
-0.00493661
-0.00493661
-0.00493661
-0.00493661
-0.00434595
-0.00434595
-0.00434595
-0.00434595
-0.00434595
-0.00434595
-0.00434595
-0.00434595
-0.00434595
-0.00434595
-0.00434595
-0.00434595
-0.00434595
-0.00434595
-0.00434595
-0.00434595
-0.00434595
-0.00434595
-0.00434595
-0.00434595
-0.00434595
-0.00434595
-0.00434595
-0.00434595
-0.00434595
-0.00434595
-0.00434595
-0.00434595
-0.00434595
-0.00434595
-0.00434595
-0.00374569
-0.00434595
-0.00374569
-0.00374569
-0.00374569
-0.00374569
-0.00374569
-0.00374569
-0.00374569
-0.00374569
-0.00374569
-0.00374569
-0.00374569
-0.00374569
-0.00374569
-0.00374569
-0.00374569
-0.00374569
-0.00374569
-0.00374569
-0.00374569
-0.00374569
-0.00374569
-0.00374569
-0.00374569
-0.00374569
-0.00374569
-0.00374569
-0.00374569
-0.00374569
-0.00374569
-0.00313971
-0.00313971
-0.00313971
-0.00313971
-0.00313971
-0.00313971
-0.00313971
-0.00313971
-0.00313971
-0.00313971
-0.00313971
-0.00313971
-0.00313971
-0.00313971
-0.00313971
-0.00313971
-0.00313971
-0.00313971
-0.00313971
-0.00313971
-0.00313971
-0.00313971
-0.00313971
-0.00313971
-0.00313971
-0.00313971
-0.00313971
-0.00313971
-0.00313971
-0.00253187
-0.00253187
-0.00253187
-0.00253187
-0.00253187
-0.00253187
-0.00253187
-0.00253187
-0.00253187
-0.00253187
-0.00253187
-0.00253187
-0.00253187
-0.00253187
-0.00253187
-0.00253187
-0.00253187
-0.00253187
-0.00253187
-0.00253187
-0.00253187
-0.00253187
-0.00253187
-0.00253187
-0.00253187
-0.00253187
-0.00253187
-0.00253187
-0.00253187
-0.00253187
-0.0019255
-0.0019255
-0.0019255
-0.0019255
-0.0019255
-0.0019255
-0.0019255
-0.0019255
-0.0019255
-0.0019255
-0.0019255
-0.0019255
-0.0019255
-0.0019255
-0.0019255
-0.0019255
-0.0019255
-0.0019255
-0.0019255
-0.0019255
-0.0019255
-0.0019255
-0.0019255
-0.0019255
-0.0019255
-0.0019255
-0.0019255
-0.00132274
-0.00132274
-0.00132274
-0.00132274
-0.00132274
-0.00132274
-0.00132274
-0.00132274
-0.00132274
-0.00132274
-0.00132274
-0.00132274
-0.00132274
-0.00132274
-0.00132274
-0.00132274
-0.00132274
-0.00132274
-0.00132274
-0.00132274
-0.00132274
-0.00132274
-0.00132274
-0.00132274
-0.00132274
-0.00132274
-0.00132274
-0.00132274
-0.00132274
-0.000723693
-0.000723693
-0.000723693
-0.000723693
-0.000723693
-0.000723693
-0.000723693
-0.000723693
-0.000723693
-0.000723693
-0.000723693
-0.000723693
-0.000723693
-0.000723693
-0.000723693
-0.000723693
-0.000723693
-0.000723693
-0.000723693
-0.000723693
-0.000723693
-0.000723693
-0.000723693
-0.000723693
-0.000723693
-0.000723693
-0.000723693
-0.000723693
-0.000125766
-0.000125766
-0.000125766
-0.000125766
-0.000125766
-0.000125766
-0.000125766
-0.000125766
-0.000125766
-0.000125766
-0.000125766
-0.000125766
-0.000125766
-0.000125766
-0.000125766
-0.000125766
-0.000125766
-0.000125766
-0.000125766
-0.000125766
-0.000125766
-0.000125766
-0.000125766
-0.000125766
-0.000125766
-0.000125766
-0.000125766
-0.000125766
-0.000125766
-0.000125766
0.000474669
0.000474669
0.000474669
0.000474669
0.000474669
0.000474669
0.000474669
0.000474669
0.000474669
0.000474669
0.000474669
0.000474669
0.000474669
0.000474669
0.000474669
0.000474669
0.000474669
0.000474669
0.000474669
0.000474669
0.000474669
0.000474669
0.000474669
0.000474669
0.000474669
0.000474669
0.000474669
0.000474669
0.000474669
0.000474669
0.000474669
0.00107837
0.00107837
0.00107837
0.00107837
0.00107837
0.00107837
0.00107837
0.00107837
0.00107837
0.00107837
0.00107837
0.00107837
0.00107837
0.00107837
0.00107837
0.00107837
0.00107837
0.00107837
0.00107837
0.00107837
0.00107837
0.00107837
0.00168354
0.00168354
0.00168354
0.00168354
0.00168354
0.00168354
0.00168354
0.00168354
0.00168354
0.00168354
0.00168354
0.00168354
0.00168354
0.00168354
0.00168354
0.00168354
0.00168354
0.00168354
0.00168354
0.00168354
0.00168354
0.00168354
0.00168354
0.00168354
0.00168354
0.00168354
0.00168354
0.00168354
0.00168354
0.00168354
0.00168354
0.00168354
0.00168354
0.00107837
0.00168354
0.00168354
0.0022887
0.0022887
0.0022887
0.0022887
0.0022887
0.0022887
0.0022887
0.0022887
0.0022887
0.0022887
0.0022887
0.0022887
0.0022887
0.0022887
0.0022887
0.0022887
0.0022887
0.0022887
0.0022887
0.0022887
0.0022887
0.0022887
0.0022887
0.0022887
0.0022887
0.0022887
0.0022887
0.0022887
0.0022887
0.0028933
0.0028933
0.0028933
0.0028933
0.0028933
0.0028933
0.0028933
0.0028933
0.0028933
0.0028933
0.0028933
0.0028933
0.0028933
0.0028933
0.0028933
0.0028933
0.0028933
0.0028933
0.0028933
0.0028933
0.0028933
0.0028933
0.0028933
0.0028933
0.0028933
0.0028933
0.00349761
0.00349761
0.00349761
0.00349761
0.00349761
0.00349761
0.00349761
0.00349761
0.00349761
0.00349761
0.00349761
0.00349761
0.00349761
0.00349761
0.00349761
0.00349761
0.00349761
0.00349761
0.00349761
0.0028933
0.00410265
0.00410265
0.00410265
0.00410265
0.00410265
0.00410265
0.00410265
0.00410265
0.00410265
0.00410265
0.00410265
0.00410265
0.00410265
0.00410265
0.00410265
0.00410265
0.00410265
0.00410265
0.00410265
0.00410265
0.00410265
0.00410265
0.00410265
0.00410265
0.00410265
0.00471006
0.00471006
0.00471006
0.00471006
0.00471006
0.00471006
0.00471006
0.00471006
0.00471006
0.00471006
0.00471006
0.00471006
0.00471006
0.00471006
0.00471006
0.00471006
0.00471006
0.00471006
0.00471006
0.00471006
0.00471006
0.00471006
0.00471006
0.00471006
0.00471006
0.00471006
0.00471006
0.00471006
0.00471006
0.00471006
0.00471006
0.00471006
0.00471006
0.00532196
0.00532196
0.00532196
0.00532196
0.00532196
0.00532196
0.00532196
0.00532196
0.00532196
0.00532196
0.00532196
0.00532196
0.00532196
0.00532196
0.00532196
0.00532196
0.00532196
0.00532196
0.00532196
0.00532196
0.00532196
0.00532196
0.00532196
0.00532196
0.00532196
0.00532196
0.00532196
0.00532196
0.00532196
0.00532196
0.00532196
0.00532196
0.00594079
0.00594079
0.00594079
0.00594079
0.00594079
0.00594079
0.00594079
0.00594079
0.00594079
0.00594079
0.00594079
0.00594079
0.00594079
0.00594079
0.00594079
0.00594079
0.00594079
0.00594079
0.00594079
0.00594079
0.00594079
0.00594079
0.00594079
0.00594079
0.00594079
0.00594079
0.00594079
0.00594079
0.00656907
0.00656907
0.00656907
0.00656907
0.00656907
0.00656907
0.00656907
0.00656907
0.00656907
0.00656907
0.00656907
0.00656907
0.00656907
0.00656907
0.00656907
0.00656907
0.00656907
0.00656907
0.00656907
0.00656907
0.00656907
0.00656907
0.00656907
0.00656907
0.00656907
0.00656907
0.00656907
0.00656907
0.00656907
0.00656907
0.00720918
0.00720918
0.00720918
0.00720918
0.00720918
0.00720918
0.00720918
0.00720918
0.00720918
0.00720918
0.00720918
0.00720918
0.00720918
0.00720918
0.00720918
0.00720918
0.00720918
0.00720918
0.00720918
0.00720918
0.00720918
0.00720918
0.00720918
0.00720918
0.00720918
0.00720918
0.00786302
0.00786302
0.00786302
0.00786302
0.00786302
0.00786302
0.00786302
0.00786302
0.00786302
0.00786302
0.00786302
0.00786302
0.00786302
0.00786302
0.00786302
0.00786302
0.00786302
0.00786302
0.00786302
0.00786302
0.00786302
0.00786302
0.00786302
0.00786302
0.00786302
0.00786302
0.00786302
0.00786302
0.00853166
0.00853166
0.00853166
0.00853166
0.00853166
0.00853166
0.00853166
0.00853166
0.00853166
0.00853166
0.00853166
0.00853166
0.00853166
0.00853166
0.00853166
0.00853166
0.00853166
0.00853166
0.00853166
0.00853166
0.00853166
0.00853166
0.00853166
0.00853166
0.00853166
0.00853166
0.00921491
0.00921491
0.00921491
0.00921491
0.00921491
0.00921491
0.00921491
0.00921491
0.00921491
0.00921491
0.00921491
0.00921491
0.00921491
0.00921491
0.00921491
0.00921491
0.00921491
0.00921491
0.00921491
0.00921491
0.00921491
0.00921491
0.00921491
0.00921491
0.00921491
0.00921491
0.00991091
0.00991091
0.00991091
0.00991091
0.00991091
0.00991091
0.00991091
0.00991091
0.00991091
0.00991091
0.00991091
0.00991091
0.00991091
0.00991091
0.00991091
0.00991091
0.00991091
0.00991091
0.00991091
0.00991091
0.00991091
0.00991091
0.00991091
0.00991091
0.0106169
0.0106169
0.0106169
0.0106169
0.0106169
0.0106169
0.0106169
0.0106169
0.0106169
0.0106169
0.0106169
0.0106169
0.0106169
0.0106169
0.0106169
0.0106169
0.0106169
0.0106169
0.0106169
0.0106169
0.0113308
0.0113308
0.0113308
0.0113308
0.0113308
0.0113308
0.0113308
0.0113308
0.0113308
0.0113308
0.0113308
0.0113308
0.0113308
0.0113308
0.0113308
0.0113308
0.0113308
0.0113308
0.0113308
0.0113308
0.0113308
0.0113308
0.0113308
0.0113308
0.0113308
0.0113308
0.0113308
0.0113308
0.0113308
0.0120523
0.0120523
0.0120523
0.0120523
0.0120523
0.0120523
0.0120523
0.0120523
0.0120523
0.0120523
0.0120523
0.0120523
0.0120523
0.0120523
0.0120523
0.0120523
0.0120523
0.0120523
0.0120523
0.0120523
0.0120523
0.0120523
0.0120523
0.0120523
0.0120523
0.0120523
0.0120523
0.0120523
0.0120523
0.0127828
0.0127828
0.0127828
0.0127828
0.0127828
0.0127828
0.0127828
0.0127828
0.0127828
0.0127828
0.0127828
0.0127828
0.0127828
0.0127828
0.0127828
0.0127828
0.0127828
0.0127828
0.0127828
0.0127828
0.0127828
0.0127828
0.0127828
0.0127828
0.0127828
0.0127828
0.0135249
0.0135249
0.0135249
0.0135249
0.0135249
0.0135249
0.0135249
0.0135249
0.0135249
0.0135249
0.0135249
0.0135249
0.0135249
0.0135249
0.0135249
0.0135249
0.0135249
0.0135249
0.0135249
0.0135249
0.0135249
0.0135249
0.0135249
0.0135249
0.0135249
0.0135249
0.0135249
0.0135249
0.0135249
0.0135249
0.0135249
0.0142824
0.0142824
0.0142824
0.0142824
0.0142824
0.0142824
0.0142824
0.0142824
0.0142824
0.0142824
0.0142824
0.0142824
0.0142824
0.0142824
0.0142824
0.0142824
0.0142824
0.0142824
0.0142824
0.0142824
0.0142824
0.0142824
0.0142824
0.0142824
0.0142824
0.0142824
0.0142824
0.0142824
0.0150596
0.0150596
0.0150596
0.0150596
0.0150596
0.0150596
0.0150596
0.0150596
0.0150596
0.0150596
0.0150596
0.0150596
0.0150596
0.0150596
0.0150596
0.0150596
0.0150596
0.0150596
0.0150596
0.0150596
0.0150596
0.0150596
0.0150596
0.0150596
0.0150596
0.0150596
0.0150596
0.0150596
0.0158613
0.0158613
0.0158613
0.0158613
0.0158613
0.0158613
0.0158613
0.0158613
0.0158613
0.0158613
0.0158613
0.0158613
0.0158613
0.0158613
0.0158613
0.0158613
0.0158613
0.0158613
0.0158613
0.0158613
0.0158613
0.0158613
0.0158613
0.0158613
0.0158613
0.0158613
0.0158613
0.0166917
0.0166917
0.0166917
0.0166917
0.0166917
0.0166917
0.0166917
0.0166917
0.0166917
0.0166917
0.0166917
0.0166917
0.0166917
0.0166917
0.0166917
0.0166917
0.0166917
0.0166917
0.0166917
0.0166917
0.0166917
0.0166917
0.0166917
0.0166917
0.0166917
0.0166917
0.0166917
0.0166917
0.0166917
0.0166917
0.017554
0.017554
0.017554
0.017554
0.017554
0.017554
0.017554
0.017554
0.017554
0.017554
0.017554
0.017554
0.017554
0.017554
0.017554
0.017554
0.017554
0.017554
0.017554
0.017554
0.017554
0.017554
0.017554
0.017554
0.017554
0.017554
0.017554
0.01845
0.01845
0.01845
0.01845
0.01845
0.01845
0.01845
0.01845
0.01845
0.01845
0.01845
0.01845
0.01845
0.01845
0.01845
0.01845
0.01845
0.01845
0.01845
0.01845
0.01845
0.01845
0.01845
0.01845
0.01845
0.01845
0.01845
0.01845
0.01845
0.0193781
0.0193781
0.0193781
0.0193781
0.0193781
0.0193781
0.0193781
0.0193781
0.0193781
0.0193781
0.0193781
0.0193781
0.0193781
0.0193781
0.0193781
0.0193781
0.0193781
0.0193781
0.0193781
0.0193781
0.0193781
0.0193781
0.0193781
0.0193781
0.0193781
0.0193781
0.0193781
0.0203341
0.0203341
0.0203341
0.0203341
0.0203341
0.0203341
0.0203341
0.0203341
0.0203341
0.0203341
0.0203341
0.0203341
0.0203341
0.0203341
0.0203341
0.0203341
0.0203341
0.0203341
0.0203341
0.0203341
0.0203341
0.0203341
0.0213147
0.0213147
0.0213147
0.0213147
0.0213147
0.0213147
0.0213147
0.0213147
0.0213147
0.0213147
0.0213147
0.0213147
0.0213147
0.0213147
0.0213147
0.0213147
0.0213147
0.0213147
0.0213147
0.0213147
0.0213147
0.0213147
0.0213147
0.0213147
0.0223221
0.0223221
0.0223221
0.0223221
0.0223221
0.0223221
0.0223221
0.0223221
0.0223221
0.0223221
0.0223221
0.0223221
0.0223221
0.0223221
0.0223221
0.0223221
0.0223221
0.0223221
0.0223221
0.0223221
0.0223221
0.0223221
0.0223221
0.0223221
0.0223221
0.0223221
0.0223221
0.0223221
0.0233604
0.0233604
0.0233604
0.0233604
0.0233604
0.0233604
0.0233604
0.0233604
0.0233604
0.0233604
0.0233604
0.0233604
0.0233604
0.0233604
0.0233604
0.0233604
0.0233604
0.0233604
0.0233604
0.0233604
0.0233604
0.0233604
0.0233604
0.0233604
0.0233604
0.0233604
0.0244309
0.0244309
0.0244309
0.0244309
0.0244309
0.0244309
0.0244309
0.0244309
0.0244309
0.0244309
0.0244309
0.0244309
0.0244309
0.0244309
0.0244309
0.0244309
0.0244309
0.0244309
0.0244309
0.0244309
0.0244309
0.0255321
0.0255321
0.0255321
0.0255321
0.0255321
0.0255321
0.0255321
0.0255321
0.0255321
0.0255321
0.0255321
0.0255321
0.0255321
0.0255321
0.0255321
0.0255321
0.0255321
0.0255321
0.0255321
0.0255321
0.0255321
0.0255321
0.0266605
0.0266605
0.0266605
0.0266605
0.0266605
0.0266605
0.0266605
0.0266605
0.0266605
0.0266605
0.0266605
0.0266605
0.0266605
0.0266605
0.0266605
0.0266605
0.0266605
0.0266605
0.0266605
0.0266605
0.0266605
0.0266605
0.0266605
0.0266605
0.0266605
0.0278114
0.0278114
0.0278114
0.0278114
0.0278114
0.0278114
0.0278114
0.0278114
0.0278114
0.0278114
0.0278114
0.0278114
0.0278114
0.0278114
0.0278114
0.0278114
0.0278114
0.0278114
0.0289801
0.0289801
0.0289801
0.0289801
0.0289801
0.0289801
0.0289801
0.0289801
0.0289801
0.0289801
0.0289801
0.0289801
0.0289801
0.0289801
0.0289801
0.0289801
0.0289801
0.0289801
0.0289801
0.030163
0.030163
0.030163
0.030163
0.030163
0.030163
0.030163
0.030163
0.030163
0.030163
0.030163
0.030163
0.0370594
0.0370594
0.0369964
0.0369964
0.0369964
0.0369964
0.0369964
0.0369964
0.0369964
0.0370594
0.0367876
0.0367876
0.0367447
0.036705
0.036705
0.036705
0.0351318
0.0351318
0.0351318
0.0350619
0.0350619
0.0350619
0.0350619
0.0350714
0.0350714
0.0363779
0.0363779
0.0363914
0.036406
0.0377322
0.0377719
0.0377322
0.0377513
0.0377719
0.0392183
0.0391575
0.0391867
0.0407063
0.040582
0.0406616
0.0406616
0.0421559
0.0421559
0.0422144
0.0422144
0.0437122
0.0437122
0.0437122
0.0437886
0.045445
0.0468425
0.0469539
0.0470742
0.0470742
0.0505299
0.0523757
0.0523757
0.0521655
0.0523757
0.0543167
0.0557829
0.0560644
0.0578453
0.0596581
0.0596581
0.0638407
0.0658011
0.0678068
0.0678068
0.0698654
0.0719844
0.0719844
0.0741702
0.0741702
0.0764282
0.0801249
0.0801249
0.0825172
0.0825172
0.0849954
0.086253
0.086253
0.0899735
0.0926095
0.0964299
0.0964299
0.0964299
0.0964299
0.100292
0.1012
0.102054
