0.119433
0.0955462
0.0716596
0.0955462
0.0955462
0.0955462
0.0955462
0.0955462
0.0955462
0.0955462
0.0955462
0.119433
0.0955462
0.0955462
0.0955462
0.119433
0.119433
0.119433
0.0955462
0.119433
0.119433
0.119433
0.119433
0.119433
0.119433
0.119433
0.143319
0.119433
0.119433
0.143319
0.119433
0.143319
0.119433
0.143319
0.119433
0.143319
0.143319
0.143319
0.119433
0.143319
0.143319
0.143319
0.143319
0.143319
0.143319
0.143319
0.143319
0.143319
0.143319
0.167206
0.143319
0.143319
0.143319
0.167206
0.143319
0.143319
0.167206
0.143319
0.143319
0.167206
0.143319
0.167206
0.143319
0.167206
0.143319
0.167206
0.167206
0.143319
0.167206
0.143319
0.167206
0.143319
0.167206
0.167206
0.143319
0.167206
0.167206
0.143319
0.167206
0.167206
0.167206
0.167206
0.167206
0.167206
0.167206
0.167206
0.167206
0.167206
0.191092
0.167206
0.191092
0.167206
0.191092
0.191092
0.191092
0.191092
0.214979
0.191092
0.214979
0.214979
0.214979
0.214979
0.238865
0.238865
0.238865
0.262752
0.262752
0.262752
0.286639
0.286639
0.310525
0.334412
0.358298
0.358298
0.406071
0.406071
0.453844
0.477731
0.501617
0.54939
0.62105
0.668823
0.740483
0.812142
0.859916
0.907689
0.931575
0.979348
1.00323
0.979348
0.955462
0.931575
0.907689
0.859916
0.836029
0.788256
0.788256
0.740483
0.716596
0.69271
0.668823
0.644937
0.62105
0.62105
0.573277
0.573277
0.54939
0.525504
0.501617
0.501617
0.477731
0.477731
0.453844
0.453844
0.429958
0.429958
0.406071
0.406071
0.382185
0.382185
0.382185
0.358298
0.358298
0.334412
0.334412
0.334412
0.310525
0.310525
0.310525
0.286639
0.286639
0.286639
0.262752
0.238865
0.262752
0.262752
0.238865
0.214979
0.214979
0.214979
0.214979
0.191092
0.191092
0.191092
0.191092
0.191092
0.167206
0.143319
0.191092
0.143319
0.167206
0.143319
0.143319
0.143319
0.119433
0.143319
0.119433
0.119433
0.0955462
0.119433
0.0955462
0.0955462
0.0955462
0.0716596
0.0955462
0.0716596
0.0716596
0.0716596
0.0716596
0.0477731
0.0716596
0.0477731
0.0477731
0.0477731
0.0238865
