-0.171273
-0.171273
-0.171273
-0.171273
-0.171273
-0.168616
-0.171273
-0.171273
-0.171273
-0.171273
-0.171273
-0.171273
-0.171273
-0.171273
-0.171273
-0.171273
-0.171273
-0.171273
-0.171273
-0.171273
-0.171273
-0.171273
-0.171273
-0.171273
-0.171273
-0.171273
-0.171273
-0.171273
-0.171273
-0.171273
-0.171273
-0.171273
-0.171273
-0.171273
-0.171273
-0.171273
-0.171273
-0.168616
-0.171273
-0.171273
-0.171273
-0.171273
-0.171273
-0.171273
-0.171273
-0.168616
-0.168616
-0.171273
-0.171273
-0.171273
-0.168616
-0.171273
-0.171273
-0.171273
-0.171273
-0.171273
-0.171273
-0.171273
-0.168616
-0.171273
-0.171273
-0.171273
-0.171273
-0.171273
-0.171273
-0.171273
-0.171273
-0.168616
-0.171273
-0.171273
-0.168616
-0.171273
-0.171273
-0.171273
-0.171273
-0.171273
-0.171273
-0.171273
-0.171273
-0.171273
-0.171273
-0.171273
-0.171273
-0.171273
-0.171273
-0.171273
-0.168616
-0.171273
-0.171273
-0.171273
-0.171273
-0.168616
-0.171273
-0.171273
-0.171273
-0.171273
-0.171273
-0.171273
-0.171273
-0.171273
-0.171273
-0.171273
-0.171273
-0.171273
-0.171273
-0.171273
-0.171273
-0.171273
-0.171273
-0.171273
-0.171273
-0.171273
-0.171273
-0.171273
-0.171273
-0.171273
-0.171273
-0.171273
-0.171273
-0.171273
-0.171273
-0.171273
-0.171273
-0.171273
-0.171273
-0.171273
-0.171273
-0.168616
-0.171273
-0.171273
-0.171273
-0.171273
-0.171273
-0.171273
-0.171273
-0.171273
-0.171273
-0.171273
-0.171273
-0.171273
-0.171273
-0.171273
-0.171273
-0.171273
-0.171273
-0.171273
-0.168616
-0.171273
-0.171273
-0.171273
-0.171273
-0.171273
-0.171273
-0.171273
-0.171273
-0.171273
-0.171273
-0.171273
-0.168616
-0.171273
-0.168616
-0.171273
-0.171273
-0.171273
-0.171273
-0.171273
-0.171273
-0.171273
-0.171273
-0.171273
-0.171273
-0.171273
-0.171273
-0.171273
-0.171273
-0.171273
-0.171273
-0.171273
-0.171273
-0.171273
-0.171273
-0.171273
-0.171273
-0.171273
-0.171273
-0.171273
-0.171273
-0.168616
-0.168616
-0.171273
-0.171273
-0.171273
-0.171273
-0.168616
-0.171273
-0.171273
-0.171273
-0.171273
-0.171273
-0.171273
-0.171273
-0.171273
-0.171273
-0.171273
-0.171273
-0.171273
-0.171273
-0.171273
-0.171273
-0.171273
-0.171273
-0.168616
-0.171273
-0.171273
-0.171273
-0.171273
-0.171273
-0.171273
-0.171273
-0.171273
-0.171273
-0.171273
-0.171273
-0.171273
-0.171273
-0.171273
-0.171273
-0.168616
-0.171273
-0.171273
-0.171273
-0.171273
-0.171273
-0.171273
-0.171273
-0.171273
-0.171273
-0.171273
-0.171273
-0.171273
-0.171273
-0.171273
-0.171273
-0.171273
-0.171273
-0.171273
-0.171273
-0.171273
-0.171273
-0.171273
-0.171273
-0.171273
-0.171273
-0.171273
-0.171273
-0.171273
-0.171273
-0.171273
-0.171273
-0.171273
-0.171273
-0.171273
-0.168616
-0.171273
-0.171273
-0.171273
-0.171273
-0.171273
-0.171273
-0.171273
-0.171273
-0.171273
-0.171273
-0.171273
-0.171273
-0.171273
-0.171273
-0.171273
-0.171273
-0.171273
-0.171273
-0.168616
-0.171273
-0.171273
-0.171273
-0.171273
-0.168616
-0.171273
-0.168616
-0.171273
-0.171273
-0.171273
-0.171273
-0.171273
-0.171273
-0.171273
-0.171273
-0.171273
-0.171273
-0.171273
-0.171273
-0.171273
-0.171273
-0.171273
-0.171273
-0.171273
-0.171273
-0.171273
-0.171273
-0.171273
-0.171273
-0.171273
-0.171273
-0.168616
-0.171273
-0.171273
-0.171273
-0.171273
-0.171273
-0.171273
-0.171273
-0.171273
-0.171273
-0.171273
-0.171273
-0.171273
-0.171273
-0.168616
-0.171273
-0.171273
-0.171273
-0.171273
-0.171273
-0.171273
-0.171273
-0.171273
-0.171273
-0.171273
-0.171273
-0.171273
-0.171273
-0.171273
-0.171273
-0.171273
-0.171273
-0.171273
-0.171273
-0.168616
-0.171273
-0.171273
-0.171273
-0.171273
-0.171273
-0.171273
-0.171273
-0.171273
-0.171273
-0.171273
-0.171273
-0.171273
-0.171273
-0.171273
-0.171273
-0.168616
-0.171273
-0.171273
-0.171273
-0.171273
-0.171273
-0.171273
-0.171273
-0.171273
-0.171273
-0.171273
-0.168616
-0.171273
-0.171273
-0.171273
-0.171273
-0.171273
-0.168616
-0.171273
-0.171273
-0.171273
-0.171273
-0.171273
-0.168616
-0.171273
-0.171273
-0.171273
-0.171273
-0.171273
-0.171273
-0.171273
-0.171273
-0.171273
-0.171273
-0.171273
-0.171273
-0.171273
-0.171273
-0.171273
-0.171273
-0.171273
-0.171273
-0.171273
-0.171273
-0.171273
-0.171273
-0.171273
-0.171273
-0.171273
-0.171273
-0.171273
-0.171273
-0.171273
-0.171273
-0.171273
-0.171273
-0.171273
-0.171273
-0.171273
-0.168616
-0.171273
-0.171273
-0.171273
-0.171273
-0.171273
-0.171273
-0.171273
-0.171273
-0.171273
-0.171273
-0.171273
-0.171273
-0.171273
-0.171273
-0.171273
-0.171273
-0.171273
-0.171273
-0.168616
-0.171273
-0.171273
-0.171273
-0.171273
-0.171273
-0.171273
-0.171273
-0.171273
-0.171273
-0.171273
-0.171273
-0.171273
-0.171273
-0.171273
-0.171273
-0.171273
-0.171273
-0.171273
-0.171273
-0.171273
-0.168616
-0.171273
-0.171273
-0.171273
-0.171273
-0.171273
-0.171273
-0.171273
-0.171273
-0.168616
-0.171273
-0.171273
-0.171273
-0.171273
-0.171273
-0.171273
-0.171273
-0.171273
-0.171273
-0.171273
-0.171273
-0.171273
-0.171273
-0.171273
-0.171273
-0.171273
-0.171273
-0.171273
-0.171273
-0.171273
-0.171273
-0.171273
-0.171273
-0.168616
-0.171273
-0.171273
-0.171273
-0.171273
-0.171273
-0.168616
-0.171273
-0.171273
-0.171273
-0.171273
-0.171273
-0.171273
-0.171273
-0.171273
-0.171273
-0.171273
-0.171273
-0.171273
-0.171273
-0.171273
-0.171273
-0.171273
-0.171273
-0.171273
-0.171273
-0.171273
-0.171273
-0.171273
-0.171273
-0.171273
-0.171273
-0.171273
-0.171273
-0.171273
-0.171273
-0.171273
-0.171273
-0.171273
-0.171273
-0.171273
-0.171273
-0.171273
-0.171273
-0.171273
-0.171273
-0.171273
-0.171273
-0.171273
-0.171273
-0.168616
-0.168616
-0.171273
-0.171273
-0.171273
-0.171273
-0.171273
-0.171273
-0.171273
-0.171273
-0.171273
-0.171273
-0.171273
-0.171273
-0.168616
-0.171273
-0.171273
-0.171273
-0.171273
-0.171273
-0.171273
-0.171273
-0.171273
-0.171273
-0.171273
-0.171273
-0.171273
-0.171273
-0.171273
-0.171273
-0.171273
-0.171273
-0.171273
-0.171273
-0.171273
-0.171273
-0.168616
-0.171273
-0.168616
-0.171273
-0.171273
-0.171273
-0.171273
-0.171273
-0.171273
-0.171273
-0.171273
-0.171273
-0.168616
-0.171273
-0.171273
-0.171273
-0.171273
-0.171273
-0.171273
-0.171273
-0.171273
-0.171273
-0.171273
-0.171273
-0.171273
-0.171273
-0.171273
-0.171273
-0.171273
-0.171273
-0.171273
-0.171273
-0.171273
-0.171273
-0.171273
-0.168616
-0.168616
-0.171273
-0.171273
-0.171273
-0.171273
-0.171273
-0.171273
-0.171273
-0.171273
-0.171273
-0.171273
-0.171273
-0.171273
-0.171273
-0.171273
-0.171273
-0.171273
-0.171273
-0.171273
-0.168616
-0.171273
-0.171273
-0.171273
-0.171273
-0.168616
-0.171273
-0.171273
-0.171273
-0.171273
-0.171273
-0.171273
-0.171273
-0.168616
-0.171273
-0.171273
-0.171273
-0.171273
-0.171273
-0.168616
-0.171273
-0.171273
-0.171273
-0.171273
-0.171273
-0.171273
-0.171273
-0.171273
-0.171273
-0.171273
-0.171273
-0.171273
-0.171273
-0.171273
-0.171273
-0.168616
-0.171273
-0.171273
-0.168616
-0.168616
-0.171273
-0.171273
-0.171273
-0.171273
-0.171273
-0.171273
-0.171273
-0.171273
-0.171273
-0.171273
-0.171273
-0.171273
-0.171273
-0.171273
-0.168616
-0.171273
-0.171273
-0.168616
-0.171273
-0.171273
-0.168616
-0.171273
-0.171273
-0.171273
-0.171273
-0.171273
-0.171273
-0.171273
-0.171273
-0.171273
-0.171273
-0.171273
-0.171273
-0.171273
-0.171273
-0.171273
-0.171273
-0.171273
-0.171273
-0.168616
-0.171273
-0.171273
-0.171273
-0.171273
-0.171273
-0.171273
-0.171273
-0.171273
-0.171273
-0.171273
-0.171273
-0.171273
-0.171273
-0.171273
-0.171273
-0.171273
-0.171273
-0.168616
-0.171273
-0.171273
-0.171273
-0.171273
-0.171273
-0.171273
-0.171273
-0.171273
-0.171273
-0.171273
-0.171273
-0.171273
-0.171273
-0.171273
-0.171273
-0.171273
-0.171273
-0.171273
-0.171273
-0.171273
-0.171273
-0.171273
-0.171273
-0.171273
-0.171273
-0.171273
-0.171273
-0.171273
-0.171273
-0.171273
-0.171273
-0.171273
-0.171273
-0.171273
-0.171273
-0.171273
-0.171273
-0.171273
-0.171273
-0.168616
-0.171273
-0.171273
-0.171273
-0.171273
-0.171273
-0.171273
-0.171273
-0.171273
-0.171273
-0.171273
-0.171273
-0.171273
-0.168616
-0.171273
-0.168616
-0.171273
-0.171273
-0.171273
-0.168616
-0.171273
-0.171273
-0.171273
-0.171273
-0.171273
-0.171273
-0.171273
-0.171273
-0.171273
-0.171273
-0.168616
-0.171273
-0.171273
-0.171273
-0.171273
-0.171273
-0.168616
-0.171273
-0.171273
-0.171273
-0.171273
-0.171273
-0.171273
-0.171273
-0.171273
-0.171273
-0.171273
-0.171273
-0.171273
-0.171273
-0.171273
-0.171273
-0.171273
-0.171273
-0.171273
-0.171273
-0.171273
-0.171273
-0.171273
-0.168616
-0.171273
-0.171273
-0.171273
-0.171273
-0.171273
-0.171273
-0.171273
-0.168616
-0.171273
-0.171273
-0.171273
-0.171273
-0.171273
-0.171273
-0.171273
-0.171273
-0.171273
-0.171273
-0.171273
-0.171273
-0.171273
-0.171273
-0.168616
-0.171273
-0.168616
-0.171273
-0.171273
-0.171273
-0.171273
-0.171273
-0.171273
-0.171273
-0.171273
-0.171273
-0.171273
-0.171273
-0.168616
-0.171273
-0.171273
-0.171273
-0.171273
-0.171273
-0.171273
-0.171273
-0.171273
-0.171273
-0.171273
-0.171273
-0.171273
-0.171273
-0.171273
-0.171273
-0.171273
-0.171273
-0.171273
-0.168616
-0.168616
-0.171273
-0.171273
-0.171273
-0.171273
-0.171273
-0.171273
-0.171273
-0.171273
-0.171273
-0.171273
-0.171273
-0.171273
-0.171273
-0.171273
-0.171273
-0.171273
-0.171273
-0.171273
-0.168616
-0.171273
-0.171273
-0.171273
-0.171273
-0.171273
-0.171273
-0.171273
-0.168616
-0.171273
-0.171273
-0.171273
-0.171273
-0.171273
-0.171273
-0.171273
-0.171273
-0.171273
-0.171273
-0.171273
-0.171273
-0.168616
-0.168616
-0.168616
-0.171273
-0.171273
-0.168616
-0.171273
-0.171273
-0.171273
-0.168616
-0.171273
-0.171273
-0.171273
-0.171273
-0.171273
-0.171273
-0.171273
-0.171273
-0.171273
-0.171273
-0.171273
-0.171273
-0.171273
-0.171273
-0.171273
-0.171273
-0.171273
-0.171273
-0.171273
-0.171273
-0.171273
-0.171273
-0.171273
-0.171273
-0.171273
-0.171273
-0.171273
-0.171273
-0.171273
-0.171273
-0.171273
-0.168616
-0.171273
-0.171273
-0.171273
-0.168616
-0.171273
-0.171273
-0.171273
-0.171273
-0.171273
-0.168616
-0.171273
-0.171273
-0.171273
-0.171273
-0.171273
-0.168616
-0.171273
-0.171273
-0.171273
-0.171273
-0.171273
-0.171273
-0.171273
-0.171273
-0.171273
-0.171273
-0.171273
-0.168616
-0.171273
-0.000125766
0.111956
0.0120523
0.0135249
-0.0516044
0.176268
0.0442431
0.152245
-0.0282212
-0.0164922
0.152245
0.176268
0.00349761
-0.0470263
-0.0516044
-0.0448167
-0.047613
-0.0135747
0.00107837
0.152245
0.0710739
0.152245
-0.054838
0.163644
-0.00816472
-0.0452486
-0.0556359
0.152245
0.163644
-0.0509376
-0.00816472
-0.0438386
0.042897
-0.0126018
0.164031
-0.0498296
0.0213147
0.176268
0.0363241
0.163644
-0.0416832
-0.0498399
0.176268
-0.0164922
-0.000723693
0.176268
0.176268
0.00921491
0.000474669
0.163644
0.176268
0.0106169
0.164031
0.155561
-0.0599684
-0.0516044
0.137629
0.176268
0.189403
0.0106169
0.163644
-0.0487975
-0.0599684
-0.00766196
0.164031
-0.0478542
-0.0420208
0.176268
-0.0483341
-0.047502
0.176268
-0.0106602
-0.0481652
-0.0443668
0.163644
0.0376131
-0.0448167
0.0127828
0.0693488
0.164031
-0.0489065
0.0266605
-0.0155292
-0.0126018
-0.0451998
0.152245
0.176268
0.0455986
-0.0491308
0.0127828
0.0402339
0.176268
-0.000723693
0.0817085
0.152245
0.152245
-0.0478542
0.152245
0.0113308
-0.0413276
0.0974502
-0.0155292
-0.0443668
-0.0516044
-0.0512472
0.0120523
0.163644
-0.0241075
-0.0599684
0.00594079
0.0150596
-0.0434049
-0.0498563
0.163644
-0.00607636
0.152245
0.0469615
0.017554
-0.00493661
0.163644
-0.0478542
-0.0446604
0.152245
-0.0556359
0.042897
-0.0427867
-0.0480101
0.176268
-0.0599684
-0.0516044
-0.0516044
-0.0276434
-0.0462376
-0.0451998
-0.0480101
-0.0160123
0.0244309
0.0640926
-0.0169688
-0.0438386
-0.0492321
0.0135249
0.121592
0.000474669
-0.0599684
-0.0439867
0.176268
-0.0193253
0.163644
0.0376131
0.152245
-0.0419752
0.0799319
-0.0140644
0.0022887
-0.0556359
0.0278114
0.0150596
0.176268
-0.0493137
0.176268
0.0233604
-0.0486352
-0.0478542
0.163644
0.0627624
-0.0197973
-0.0421703
-0.0556359
-0.0478542
-0.00493661
0.030163
-0.0478334
0.0142824
0.017554
0.0233604
0.00853166
0.0120523
-0.0443668
0.0325711
0.00532196
0.00532196
-0.0467309
0.0142824
0.0289801
0.163644
0.176268
0.175878
0.176268
0.0681129
-0.0478542
0.152245
0.0233604
0.176268
0.163644
-0.0493137
-0.00662144
-0.0516044
0.175878
-0.0556359
-0.0467309
0.164031
0.0244309
-0.0433656
-0.0516044
-0.0478542
0.0804394
0.152245
0.00532196
0.0899735
0.00349761
0.176268
-0.0169688
-0.0516044
0.00786302
-0.0497344
-0.00916824
-0.042116
0.0233604
-0.0160123
-0.0493137
-0.0101669
-0.015043
0.0415607
-0.0179142
-0.049982
-0.0511715
0.176268
-0.0470872
0.0376131
-0.0486352
0.163644
-0.0437766
-0.0424861
-0.0516044
-0.00662144
-0.0179142
0.00107837
-0.0516044
0.164031
0.163644
-0.0599684
0.0127828
0.163644
0.0402339
-0.0381605
-0.0467309
0.163644
0.0150596
-0.0446854
-0.0436972
0.164031
0.0713831
-0.0468045
-0.000723693
0.163644
-0.0516044
-0.0453304
0.0278114
0.0223221
-0.0416832
-0.0436972
0.176268
0.163644
0.0233604
0.00853166
-0.0470324
-0.013087
-0.0499981
0.163644
-0.0169688
0.0244309
-0.0466378
0.176268
0.0640561
-0.047502
-0.0516044
-0.0472037
-0.00434595
-0.0460164
-0.0420208
0.176268
-0.0179142
0.163644
-0.0459911
-0.0135747
0.176268
0.163644
0.176268
0.0233604
0.163644
-0.0188546
0.152245
0.0325711
-0.0498563
-0.0503196
-0.000125766
0.117985
-0.0487199
-0.0516044
-0.0419491
-0.0516044
-0.0556359
0.064945
0.0266605
-0.0019255
0.0106169
0.0313592
0.0402339
-0.0411654
-0.0467315
0.0166917
-0.0169688
0.176268
0.163644
0.060654
-0.0101669
0.0113308
-0.0500503
-0.00916824
-0.0427066
-0.00916824
0.0376131
-0.0193253
-0.0448167
-0.013087
0.152245
0.189403
-0.0414446
-0.0415499
0.0313592
-0.0495135
0.0233604
0.163644
0.152245
0.0193781
0.0325711
-0.0197973
-0.00662144
-0.0164922
-0.00766196
0.0213147
-0.0516044
0.01845
-0.0516044
0.163644
0.163644
0.176268
-0.0483341
-0.0516044
-0.047502
-0.042116
0.0740294
-0.0466378
-0.0599684
0.0528089
0.00168354
-0.00253187
0.164031
-0.0599684
0.0203341
-0.0556359
0.017554
0.176268
0.152245
-0.0140644
-0.054838
-0.0446604
0.0909932
-0.0478542
-0.054838
0.0415607
-0.000723693
-0.00916824
0.189403
-0.0183846
0.0402339
-0.0478542
-0.0446604
-0.0599684
0.176268
-0.0473522
-0.0416268
-0.0446854
0.164031
0.176268
0.189403
0.152245
0.0402339
0.164031
-0.0502013
0.163644
0.152245
-0.0145544
0.0289801
0.163644
0.164031
0.00786302
0.0701739
-0.0483341
-0.0106602
0.017554
-0.0427867
-0.00132274
0.163644
0.152245
-0.00966928
0.0455986
-0.0535922
0.176268
-0.00866588
0.030163
-0.0516044
-0.0121183
0.063991
-0.0126018
-0.0467309
0.163644
0.0415607
-0.0140644
-0.0413276
0.176268
0.176268
-0.0502643
-0.0478542
-0.015043
-0.0436972
-0.0446604
0.0106169
-0.00866588
0.0223221
0.163644
-0.0504308
-0.0419168
-0.054838
-0.0234732
0.136848
-0.0474195
0.164031
-0.0436972
0.163644
0.189403
0.0899735
-0.0111492
0.00349761
-0.0512472
-0.00551427
0.0442431
0.0513939
-0.0464058
-0.0516044
-0.0451998
0.0028933
-0.0446604
0.0028933
0.163644
-0.0493137
0.163644
0.0389172
-0.0467309
0.163644
0.163644
0.176268
0.163644
0.163644
0.164031
-0.00766196
-0.0169688
0.163644
-0.00766196
-0.00816472
0.189403
-0.0504308
-0.0427867
-0.0497344
-0.0516044
0.152245
0.152245
0.163644
-0.0467309
0.0350531
0.152245
-0.0443668
-0.0428698
0.0166917
-0.0556359
-0.0207442
-0.047502
0.163644
0.0142824
-0.0427867
0.163644
-0.0556359
-0.0179142
-0.0535945
0.176268
0.164031
0.0255321
-0.054838
-0.0556359
0.163644
0.176268
-0.0489921
0.0706067
-0.047602
0.163644
0.0233604
0.00991091
0.0255321
-0.0197973
0.152245
-0.0476301
-0.0462376
0.163644
0.163644
-0.0516044
-0.0413081
-0.0160123
0.163644
0.152245
0.0817085
0.0753044
-0.0440823
0.0653227
-0.0451728
0.0135249
0.0804394
0.163644
-0.0500702
-0.0599684
-0.047613
0.163644
0.0363241
-0.0437766
0.152245
-0.0489065
0.176268
0.164031
0.163644
-0.0516044
-0.0240568
-0.0482844
-0.0516044
-0.0438386
-0.0197973
0.176268
0.176268
0.042897
-0.0457817
0.00471006
0.176268
-0.0433292
0.163644
-0.0446023
-0.0464058
0.0607569
-0.0446854
-0.0188546
-0.0437766
0.176268
-0.054838
-0.0516044
0.0113308
0.0325711
0.0402339
-0.0462376
-0.0111492
0.163644
0.0223221
-0.0443668
0.0455986
-0.04571
-0.000723693
-0.0458076
0.0289801
-0.0197973
-0.047613
0.163644
-0.0505307
-0.047118
0.0244309
0.189403
-0.0145544
0.176268
0.0402339
-0.0188546
-0.0462376
-0.0478542
-0.0490789
-0.00662144
0.0223221
-0.0489921
-0.0478542
0.175878
-0.0436972
0.0266605
0.0113308
-0.0135747
0.0203341
-0.0470872
-0.0516044
0.163644
-0.0421703
-0.0535922
-0.0495135
0.0899735
-0.0474195
-0.0478542
-0.0427867
-0.0160123
0.0701739
-0.0599684
-0.0440823
-0.0516044
0.176268
-0.04571
0.189403
0.175878
-0.00313971
-0.0202706
0.152245
0.164031
0.0442431
0.0028933
-0.0470872
0.0213147
-0.0505918
0.152245
0.0631097
0.0255321
0.00168354
-0.0420208
-0.0440327
0.00168354
-0.0331548
0.00991091
0.176268
0.00594079
0.176268
0.176268
-0.054838
0.176268
0.0255321
-0.0155292
-0.0556359
0.0244309
0.163644
-0.0467872
0.0529541
0.176268
-0.0169688
-0.0470872
0.00410265
0.164031
-0.0516044
0.176268
-0.0511715
-0.0419491
-0.0415909
0.0266605
-0.0420208
-0.0183846
-0.0419752
0.101385
-0.0464096
-0.042084
-0.0516044
-0.0188546
-0.0497344
0.163644
0.164031
0.176268
-0.0160123
-0.0284031
0.176268
0.175878
-0.0505923
0.0363241
0.0313592
-0.0160123
-0.0512472
-0.0439867
0.017554
0.152245
0.163644
0.164031
-0.0234732
0.164031
-0.0426756
-0.0416832
0.176268
-0.0164922
-0.00132274
0.176268
-0.0467309
0.164031
0.175878
-0.0461212
0.0166917
-0.0556359
-0.04939
-0.0135747
0.152245
-0.0443668
-0.0505597
0.176268
-0.0556359
-0.0467872
0.00471006
-0.0501537
-0.0422074
-0.0414715
-0.0412821
-0.0599684
0.0631097
0.176268
-0.0414446
0.0313592
-0.0599684
0.0402339
-0.047613
0.0113308
-0.0599684
0.0193781
0.0701739
-0.0467309
-0.0427867
-0.0443668
0.000474669
0.152245
0.0213147
0.030163
-0.0419491
0.176268
0.052902
0.163644
-0.0497344
0.00532196
-0.0556359
-0.0443668
-0.00253187
0.0278114
0.030163
0.00532196
-0.00916824
-0.04571
0.0203341
0.0142824
-0.0482844
-0.00916824
-0.0516044
-0.0438386
0.163644
-0.0234339
-0.0155292
-0.0556359
0.0223221
0.0376131
-0.0436972
0.0415607
-0.0212172
0.0278114
0.0193781
0.00720918
-0.0599684
-0.00551427
-0.00132274
0.0740294
-0.00916824
-0.0512472
-0.0234339
-0.0443668
0.163644
0.175878
0.163644
-0.0193253
0.01845
-0.0414446
0.00656907
0.152245
-0.00313971
0.152245
0.163644
0.163644
0.00853166
-0.0599684
0.175878
0.00656907
0.175878
0.00991091
-0.0160123
-0.0458076
0.176268
0.0313592
-0.000723693
0.152245
0.0628448
-0.0453304
-0.0436972
-0.0470872
-0.0516044
0.0376131
-0.0183846
0.176268
0.164031
-0.0183846
0.152245
0.00471006
0.00594079
0.176268
0.152245
0.152245
0.163644
0.0266605
-0.0467309
-0.00607636
-0.0451703
-0.0492321
0.0455986
0.00410265
-0.00966928
-0.0234339
-0.0106602
-0.00551427
-0.0478542
0.0223221
-0.0140644
-0.0426756
0.0278114
0.163644
-0.0498399
-0.0535945
0.176268
0.152245
-0.00766196
-0.00374569
0.163644
0.163644
-0.0516044
0.0244309
0.175878
0.00991091
0.163644
0.0193781
-0.00866588
0.152245
0.0350531
0.117985
0.0289801
-0.0413081
-0.054838
0.00107837
0.163644
0.164031
-0.0427867
0.175878
0.163644
0.175878
0.164031
0.163644
0.0363241
-0.00866588
-0.0174426
0.0363241
-0.00493661
0.143562
0.163644
-0.0415678
0.163644
0.189403
-0.0202706
0.163644
-0.0483341
0.0106169
0.163644
-0.013087
-0.0443668
0.0203341
0.176268
0.164031
-0.00493661
-0.0414715
0.164031
-0.0019255
0.0223221
0.00107837
-0.0212172
-0.0496364
0.176268
0.176268
0.0193781
-0.0427066
-0.0412821
0.017554
0.163644
-0.0416268
-0.0556359
0.0289801
0.0203341
-0.0019255
-0.0512472
0.0150596
0.01845
0.164031
0.0289801
0.00921491
0.163644
-0.0183846
0.189403
-0.050765
-0.0413276
-0.0505307
0.164031
-0.0338678
-0.04571
0.052902
0.189403
0.164031
0.00168354
0.00720918
-0.0101669
-0.0516044
0.163644
-0.043461
0.00786302
-0.0019255
0.0325711
0.0513939
0.0778709
0.176268
0.176268
0.189403
-0.0535922
-0.0415678
0.176268
0.042897
0.152245
0.0028933
0.176268
0.0266605
0.118901
0.163644
-0.0467309
-0.0556359
-0.0327844
0.0233604
-0.00916824
0.0455986
0.00349761
-0.0174426
0.0278114
-0.0516044
0.163644
0.030163
-0.0516044
0.0968239
0.152245
-0.0140644
-0.00551427
-0.00132274
0.152245
0.0120523
0.0233604
0.0325711
0.164031
0.152245
-0.0443668
-0.047613
-0.0440823
-0.0202706
0.176268
-0.0421703
0.152245
0.0158613
0.189403
0.0223221
0.0376131
-0.0458076
0.0750059
-0.0498399
0.176268
-0.0188546
0.030163
0.0960398
-0.0436972
-0.0501537
0.176268
-0.0556359
0.143755
-0.0155292
0.163644
0.152245
0.0949091
-0.0467309
0.176268
-0.0160123
0.152245
0.113935
0.175878
-0.0443668
