-0.258608
-0.219254
-0.247749
-0.245911
-0.328629
-0.174213
-0.223712
-0.204361
-0.281916
-0.275285
-0.205941
-0.182467
-0.255199
-0.310818
-0.329751
-0.28356
-0.32436
-0.271924
-0.257573
-0.20293
-0.21754
-0.210935
-0.285832
-0.189388
-0.266339
-0.308706
-0.334668
-0.206846
-0.190093
-0.317266
-0.266536
-0.2977
-0.224044
-0.271284
-0.189461
-0.314099
-0.239621
-0.168734
-0.228117
-0.197056
-0.304252
-0.315194
-0.182299
-0.275285
-0.259206
-0.173992
-0.178058
-0.250155
-0.257966
-0.193192
-0.169928
-0.248639
-0.183922
-0.212681
-0.337163
-0.328924
-0.218685
-0.181518
-0.163682
-0.248599
-0.196417
-0.313124
-0.340418
-0.265923
-0.191097
-0.325968
-0.302412
-0.171155
-0.289815
-0.29015
-0.164777
-0.269422
-0.312387
-0.322411
-0.19854
-0.227374
-0.283606
-0.246551
-0.214943
-0.186843
-0.284101
-0.235471
-0.274411
-0.271265
-0.295196
-0.210364
-0.172475
-0.222383
-0.313698
-0.247143
-0.225667
-0.167127
-0.259127
-0.214235
-0.206236
-0.205851
-0.326293
-0.207135
-0.247917
-0.302004
-0.213811
-0.27411
-0.322025
-0.330696
-0.287494
-0.247647
-0.191586
-0.28139
-0.340279
-0.253068
-0.244738
-0.306928
-0.318069
-0.190796
-0.264741
-0.204644
-0.221642
-0.242824
-0.263388
-0.191135
-0.326215
-0.295869
-0.206675
-0.334076
-0.223944
-0.298812
-0.312024
-0.170867
-0.337368
-0.330979
-0.328895
-0.281769
-0.309947
-0.295011
-0.311966
-0.274709
-0.237498
-0.215514
-0.275866
-0.297605
-0.28879
-0.246315
-0.21341
-0.25841
-0.339998
-0.307187
-0.171423
-0.278474
-0.191469
-0.227671
-0.203491
-0.301166
-0.214322
-0.272957
-0.25667
-0.334455
-0.234851
-0.244691
-0.167695
-0.314056
-0.173949
-0.238208
-0.312801
-0.323322
-0.187441
-0.215752
-0.278764
-0.300962
-0.335868
-0.326756
-0.263649
-0.233055
-0.311727
-0.245603
-0.242509
-0.238426
-0.250813
-0.247276
-0.321421
-0.231362
-0.253599
-0.253569
-0.291135
-0.24577
-0.233799
-0.193821
-0.17982
-0.17323
-0.170282
-0.215035
-0.322728
-0.205179
-0.23814
-0.166365
-0.196728
-0.313902
-0.264777
-0.329827
-0.179517
-0.334963
-0.291036
-0.19548
-0.236947
-0.3067
-0.327552
-0.324517
-0.219999
-0.203081
-0.253637
-0.217697
-0.255215
-0.166091
-0.27581
-0.327438
-0.25128
-0.314448
-0.267629
-0.305176
-0.237694
-0.274773
-0.313985
-0.268601
-0.273692
-0.225039
-0.276655
-0.31468
-0.284335
-0.17593
-0.293371
-0.227161
-0.312719
-0.19852
-0.283278
-0.299133
-0.327377
-0.26506
-0.276681
-0.257821
-0.331553
-0.186137
-0.191641
-0.337194
-0.247096
-0.190979
-0.225659
-0.282774
-0.291131
-0.191105
-0.244793
-0.297107
-0.296438
-0.191173
-0.220544
-0.319915
-0.259342
-0.187762
-0.329859
-0.309047
-0.234392
-0.238827
-0.304268
-0.296916
-0.168673
-0.200738
-0.238102
-0.250888
-0.319416
-0.271466
-0.318514
-0.188903
-0.276066
-0.236749
-0.310353
-0.182145
-0.215541
-0.290139
-0.327496
-0.311159
-0.263027
-0.292986
-0.302346
-0.174554
-0.276894
-0.199189
-0.320107
-0.272233
-0.177084
-0.191967
-0.172134
-0.238371
-0.194511
-0.278177
-0.20751
-0.231193
-0.318071
-0.318052
-0.258562
-0.218346
-0.319098
-0.329805
-0.29992
-0.330973
-0.334885
-0.220645
-0.235187
-0.260545
-0.248807
-0.231656
-0.225415
-0.303448
-0.319006
-0.243606
-0.275775
-0.177329
-0.197986
-0.216562
-0.268812
-0.248075
-0.316093
-0.267432
-0.306147
-0.267549
-0.227461
-0.278664
-0.283646
-0.271429
-0.203765
-0.161943
-0.305011
-0.304544
-0.231915
-0.314363
-0.238419
-0.189628
-0.2076
-0.241309
-0.230859
-0.279189
-0.264829
-0.27523
-0.265844
-0.239785
-0.329809
-0.24237
-0.329969
-0.187149
-0.189327
-0.166572
-0.28994
-0.329337
-0.290137
-0.305077
-0.220349
-0.310465
-0.339893
-0.221147
-0.257122
-0.261027
-0.182889
-0.337702
-0.240294
-0.335206
-0.242748
-0.17311
-0.205945
-0.272588
-0.286713
-0.295833
-0.213961
-0.324217
-0.285557
-0.225244
-0.259226
-0.267472
-0.164385
-0.277253
-0.225954
-0.326597
-0.295411
-0.340278
-0.169731
-0.319765
-0.301189
-0.297146
-0.188375
-0.179378
-0.162087
-0.207341
-0.225902
-0.186282
-0.28854
-0.192125
-0.203823
-0.27348
-0.233893
-0.201719
-0.182672
-0.25126
-0.217316
-0.29003
-0.269214
-0.242576
-0.298429
-0.259639
-0.194173
-0.207205
-0.267884
-0.222415
-0.2867
-0.179323
-0.267311
-0.232989
-0.327522
-0.270711
-0.21565
-0.271345
-0.292576
-0.196121
-0.224742
-0.272851
-0.301929
-0.181137
-0.164968
-0.314976
-0.325814
-0.273626
-0.296714
-0.295764
-0.248487
-0.266908
-0.238954
-0.19647
-0.317325
-0.303544
-0.285878
-0.281087
-0.218755
-0.311278
-0.184769
-0.296429
-0.185455
-0.164153
-0.217902
-0.269688
-0.255194
-0.287892
-0.263865
-0.222971
-0.221263
-0.290591
-0.329996
-0.295243
-0.25601
-0.29578
-0.25588
-0.191339
-0.314
-0.202857
-0.226857
-0.291941
-0.199803
-0.190258
-0.171438
-0.192476
-0.186627
-0.185272
-0.26597
-0.275871
-0.193392
-0.266081
-0.266392
-0.164027
-0.317311
-0.29825
-0.314484
-0.327402
-0.209651
-0.208243
-0.190607
-0.292197
-0.229271
-0.210967
-0.3223
-0.297241
-0.243241
-0.33195
-0.28009
-0.290792
-0.185029
-0.245691
-0.298519
-0.19362
-0.333666
-0.277087
-0.285116
-0.178454
-0.192364
-0.236544
-0.285617
-0.334325
-0.202861
-0.167633
-0.312976
-0.217445
-0.31166
-0.196624
-0.237699
-0.249284
-0.235996
-0.278886
-0.205188
-0.311528
-0.309885
-0.194015
-0.191345
-0.330023
-0.303245
-0.274984
-0.19524
-0.209599
-0.214258
-0.21453
-0.307628
-0.215435
-0.308543
-0.246271
-0.220014
-0.193865
-0.31579
-0.336598
-0.322851
-0.198073
-0.228554
-0.283277
-0.208855
-0.28407
-0.182628
-0.183628
-0.196927
-0.329304
-0.281371
-0.312186
-0.327711
-0.298067
-0.279027
-0.16533
-0.174487
-0.224191
-0.294613
-0.254128
-0.182328
-0.30629
-0.194398
-0.30786
-0.29063
-0.216687
-0.296965
-0.27783
-0.283254
-0.173589
-0.285617
-0.329998
-0.248382
-0.231138
-0.225624
-0.309894
-0.269557
-0.197369
-0.238543
-0.321069
-0.22268
-0.30916
-0.259327
-0.309444
-0.233952
-0.27876
-0.322784
-0.198635
-0.315584
-0.31895
-0.236998
-0.162615
-0.273403
-0.16484
-0.225901
-0.277829
-0.30991
-0.323417
-0.319049
-0.265232
-0.238722
-0.312986
-0.323211
-0.17661
-0.296709
-0.235715
-0.248281
-0.272047
-0.240564
-0.293398
-0.331429
-0.198682
-0.300689
-0.287098
-0.314364
-0.217695
-0.311438
-0.325858
-0.298735
-0.274697
-0.217325
-0.338226
-0.307654
-0.330871
-0.182328
-0.309197
-0.164321
-0.172796
-0.261438
-0.279664
-0.210947
-0.185804
-0.223477
-0.25601
-0.293441
-0.239401
-0.315263
-0.206144
-0.217065
-0.236596
-0.257233
-0.302472
-0.307446
-0.257086
-0.282345
-0.249293
-0.172127
-0.252958
-0.179089
-0.179332
-0.285864
-0.168847
-0.236264
-0.27411
-0.332645
-0.236873
-0.194708
-0.310564
-0.220834
-0.174017
-0.275724
-0.29328
-0.254659
-0.195214
-0.32796
-0.1667
-0.284315
-0.299899
-0.304418
-0.235708
-0.302399
-0.277377
-0.301144
-0.218605
-0.294199
-0.305431
-0.329631
-0.277691
-0.314404
-0.186348
-0.18687
-0.170668
-0.274888
-0.282047
-0.174276
-0.176704
-0.316229
-0.228396
-0.231393
-0.274958
-0.287657
-0.307132
-0.242555
-0.20412
-0.200396
-0.18722
-0.281164
-0.19546
-0.305788
-0.304101
-0.165146
-0.275411
-0.259837
-0.173777
-0.292261
-0.185749
-0.176328
-0.3098
-0.243407
-0.334917
-0.313576
-0.272261
-0.210124
-0.321397
-0.316995
-0.181045
-0.333636
-0.310682
-0.253938
-0.315316
-0.299377
-0.30141
-0.30024
-0.339162
-0.217044
-0.171222
-0.304995
-0.231468
-0.337068
-0.225832
-0.32374
-0.24789
-0.339594
-0.241646
-0.217234
-0.292118
-0.2987
-0.322304
-0.258111
-0.205135
-0.239389
-0.232801
-0.299221
-0.165566
-0.220872
-0.200771
-0.314574
-0.253383
-0.335549
-0.320965
-0.261225
-0.234423
-0.232949
-0.25339
-0.267469
-0.309327
-0.240692
-0.2454
-0.31229
-0.267843
-0.33009
-0.297542
-0.193902
-0.280924
-0.274519
-0.332247
-0.239111
-0.227408
-0.296665
-0.225152
-0.280725
-0.234779
-0.241604
-0.251666
-0.339264
-0.263973
-0.259662
-0.220303
-0.267761
-0.28786
-0.280889
-0.32089
-0.185026
-0.177933
-0.188785
-0.27865
-0.242396
-0.305056
-0.252159
-0.205572
-0.261391
-0.211736
-0.200342
-0.199376
-0.250374
-0.337542
-0.173064
-0.252234
-0.171606
-0.249593
-0.274955
-0.309478
-0.169817
-0.231383
-0.259421
-0.204339
-0.216901
-0.308964
-0.296585
-0.293263
-0.331118
-0.227863
-0.277408
-0.16873
-0.185492
-0.277414
-0.2076
-0.25385
-0.252693
-0.1675
-0.2121
-0.209833
-0.195232
-0.235653
-0.292067
-0.264533
-0.320299
-0.289165
-0.22234
-0.2544
-0.268233
-0.280988
-0.26904
-0.264012
-0.322823
-0.23889
-0.272584
-0.305949
-0.234787
-0.194879
-0.31503
-0.285062
-0.167049
-0.204623
-0.266095
-0.262007
-0.202112
-0.194739
-0.327033
-0.237104
-0.176825
-0.249476
-0.201251
-0.241514
-0.266971
-0.209504
-0.229551
-0.21827
-0.233814
-0.303214
-0.285923
-0.257422
-0.194009
-0.184877
-0.298715
-0.176019
-0.194978
-0.177741
-0.192133
-0.201163
-0.228036
-0.266977
-0.276553
-0.228598
-0.263383
-0.213048
-0.199719
-0.302792
-0.196964
-0.163056
-0.279515
-0.195223
-0.289884
-0.248915
-0.190937
-0.271779
-0.320806
-0.240892
-0.179566
-0.195487
-0.263432
-0.301473
-0.185477
-0.260603
-0.238807
-0.257451
-0.280645
-0.316546
-0.170207
-0.175547
-0.241655
-0.306154
-0.30033
-0.242832
-0.198268
-0.301281
-0.33432
-0.233555
-0.240812
-0.260657
-0.288028
-0.24496
-0.241912
-0.182701
-0.233139
-0.250013
-0.202857
-0.277549
-0.162633
-0.316613
-0.301845
-0.315561
-0.186735
-0.282443
-0.309219
-0.220891
-0.163371
-0.186531
-0.257176
-0.251636
-0.268778
-0.32739
-0.201417
-0.298076
-0.251048
-0.260471
-0.231058
-0.221182
-0.214428
-0.178757
-0.176816
-0.162778
-0.287041
-0.30266
-0.170756
-0.224245
-0.211004
-0.256055
-0.170815
-0.235459
-0.218184
-0.186944
-0.291273
-0.336522
-0.282323
-0.237935
-0.267347
-0.222669
-0.255453
-0.276476
-0.234109
-0.329456
-0.197848
-0.232256
-0.330564
-0.213833
-0.205508
-0.272872
-0.264059
-0.259974
-0.202969
-0.247426
-0.237993
-0.231069
-0.186876
-0.210308
-0.322546
-0.325221
-0.30749
-0.279503
-0.16529
-0.300493
-0.204445
-0.243882
-0.163531
-0.239031
-0.227479
-0.30957
-0.214565
-0.315081
-0.169906
-0.27815
-0.232638
-0.219943
-0.296482
-0.315331
-0.171127
-0.33264
-0.212962
-0.274474
-0.187424
-0.209994
-0.213856
-0.292131
-0.180618
-0.274953
-0.209962
-0.213515
-0.172661
-0.322122
-1.44854e-05
0.111481
0.0118136
0.013955
-0.0510213
0.175924
0.0436824
0.157355
-0.0282065
-0.0165189
0.156572
0.170232
0.00358228
-0.0470067
-0.0519781
-0.0446681
-0.0474526
-0.0133712
0.00105406
0.157999
0.0713803
0.154521
-0.0545885
0.165675
-0.00798232
-0.0451797
-0.0561416
0.156264
0.165355
-0.0500329
-0.00817126
-0.0434938
0.0431428
-0.0127631
0.165694
-0.0494643
0.0215153
0.17992
0.0367743
0.161131
-0.0418153
-0.0500194
0.17033
-0.0165112
-0.000656627
0.176163
0.173023
0.00912119
0.000622079
0.163401
0.179017
0.01081
0.169207
0.15139
-0.0582347
-0.0512487
0.140226
0.170846
0.183461
0.0108526
0.16149
-0.0488484
-0.0610602
-0.00757204
0.164721
-0.0488614
-0.0419016
0.178134
-0.0478049
-0.0475457
0.182595
-0.0109822
-0.0482899
-0.0458343
0.160365
0.0378326
-0.0449982
0.0132083
0.0692996
0.167231
-0.048972
0.0267489
-0.0157102
-0.012745
-0.0452755
0.154634
0.177152
0.0459212
-0.0492213
0.0125113
0.0405189
0.181208
-0.000580434
0.0816395
0.156392
0.156716
-0.049094
0.1561
0.0116308
-0.0417832
0.0982819
-0.0154286
-0.045449
-0.0527421
-0.0513359
0.0119296
0.164329
-0.0242654
-0.0609707
0.00582862
0.0153014
-0.0436052
-0.0493859
0.164831
-0.00638636
0.157152
0.0472438
0.0176023
-0.0050107
0.164669
-0.049003
-0.0447912
0.156263
-0.0555784
0.0432951
-0.042713
-0.0480215
0.178273
-0.0584181
-0.0529572
-0.0512864
-0.0277926
-0.0462422
-0.045194
-0.0479653
-0.015983
0.024123
0.064531
-0.0170497
-0.043468
-0.0497094
0.0134772
0.122199
0.000150358
-0.0606775
-0.0438302
0.17797
-0.0193901
0.164563
0.0374219
0.157848
-0.0422043
0.0797296
-0.014349
0.00200205
-0.0558876
0.0274882
0.0153443
0.180641
-0.0494354
0.176302
0.0232431
-0.0486233
-0.046577
0.167103
0.0631137
-0.0196326
-0.0420962
-0.0571473
-0.0494414
-0.00527865
0.0298255
-0.0477581
0.0143107
0.0179662
0.0229757
0.00841072
0.0123625
-0.0449602
0.032144
0.00525652
0.00530475
-0.0468239
0.0141169
0.02885
0.162963
0.171992
0.176682
0.178684
0.0683245
-0.046043
0.157064
0.02332
0.181555
0.161328
-0.0493709
-0.00642227
-0.0520375
0.17205
-0.0563721
-0.0466922
0.162017
0.0247999
-0.0433903
-0.0501022
-0.0476208
0.080923
0.157834
0.00521003
0.0897362
0.00356891
0.181765
-0.0169966
-0.0500205
0.00790324
-0.0496675
-0.00926096
-0.0422117
0.0238805
-0.0160447
-0.0494094
-0.0101972
-0.0150429
0.041563
-0.0177566
-0.0497807
-0.0509958
0.174725
-0.046867
0.0382374
-0.0485537
0.160423
-0.0438367
-0.0425843
-0.0499338
-0.00670865
-0.0177783
0.000787475
-0.0534698
0.167782
0.164349
-0.0582278
0.0125653
0.164841
0.0405277
-0.0383903
-0.046863
0.164642
0.0152366
-0.0444042
-0.0442187
0.164644
0.0718678
-0.0456178
-0.000793586
0.166859
-0.0520548
-0.0454783
0.0280743
0.0224818
-0.0418358
-0.044257
0.179929
0.159169
0.0233664
0.0083316
-0.0472937
-0.0129412
-0.0489758
0.166088
-0.0172168
0.025064
-0.0466394
0.170392
0.0642949
-0.047528
-0.0500614
-0.0473048
-0.00462646
-0.0467278
-0.041879
0.17557
-0.0179699
0.159959
-0.0451044
-0.0136706
0.173712
0.16421
0.177356
0.0230433
0.162569
-0.0191022
0.155929
0.0323437
-0.0493863
-0.0494359
-1.61295e-05
0.119155
-0.0479007
-0.0520157
-0.0423328
-0.0529622
-0.0562873
0.0652193
0.0271143
-0.00206248
0.0106252
0.0317969
0.0409911
-0.0415563
-0.0480422
0.0166263
-0.016966
0.173544
0.160702
0.060963
-0.0104172
0.0114458
-0.0501757
-0.00907021
-0.0429209
-0.00918129
0.0377107
-0.0195464
-0.0451793
-0.0129027
0.15763
0.184955
-0.0421186
-0.0418859
0.0313798
-0.0496278
0.0229835
0.16555
0.155857
0.0194513
0.0328185
-0.0199884
-0.00647403
-0.0164669
-0.00748013
0.0213123
-0.0520062
0.0181372
-0.0521353
0.167379
0.165745
0.181507
-0.0477363
-0.0516556
-0.0475271
-0.0421407
0.0739395
-0.0466949
-0.0605598
0.0521917
0.00150998
-0.00256233
0.169871
-0.0586792
0.0207002
-0.0565348
0.017685
0.176744
0.156616
-0.0140061
-0.0546076
-0.0448131
0.0907999
-0.0473711
-0.0540263
0.0412609
-0.000676696
-0.00910387
0.182982
-0.0182743
0.040072
-0.0493057
-0.044744
-0.0609676
0.179168
-0.0460013
-0.0415807
-0.0443866
0.166356
0.172164
0.184929
0.155888
0.0401242
0.167744
-0.0500299
0.163986
0.157549
-0.014824
0.028732
0.158612
0.170033
0.00792214
0.0699832
-0.0476632
-0.010787
0.0178944
-0.0427597
-0.00111613
0.162807
0.156071
-0.00950216
0.0458685
-0.0545023
0.172217
-0.0089505
0.0299193
-0.0500839
-0.0122294
0.0636001
-0.0128265
-0.0471679
0.161771
0.0420492
-0.0142542
-0.0417488
0.171169
0.182603
-0.0499079
-0.0486694
-0.0149813
-0.044252
-0.0447927
0.0109896
-0.00853196
0.0223255
0.161455
-0.049946
-0.0416061
-0.054636
-0.023647
0.137446
-0.0474023
0.168822
-0.0442067
0.168282
0.183028
0.0901331
-0.0112526
0.00358727
-0.051393
-0.00549936
0.0449453
0.0520323
-0.0468433
-0.0521558
-0.0453003
0.00269879
-0.044823
0.00284624
0.164658
-0.0494145
0.15804
0.0386735
-0.046953
0.159697
0.165241
0.177889
0.163831
0.167534
0.168313
-0.00761697
-0.0170497
0.163317
-0.00772444
-0.00803718
0.18328
-0.0499681
-0.0425362
-0.0496787
-0.0500236
0.154915
0.155517
0.164992
-0.047132
0.0350647
0.154488
-0.0457158
-0.0432572
0.0170532
-0.0537839
-0.0207866
-0.0468429
0.168505
0.0142093
-0.042694
0.163177
-0.0552597
-0.0181408
-0.0538259
0.172944
0.163899
0.0253176
-0.0547741
-0.0558114
0.15807
0.180806
-0.0487394
0.0711612
-0.0477076
0.161403
0.023872
0.0100989
0.0260207
-0.0197306
0.157011
-0.047619
-0.0462016
0.162979
0.164663
-0.0521857
-0.04158
-0.0162413
0.1622
0.155013
0.0819807
0.0753976
-0.0442199
0.0651297
-0.0450382
0.0135303
0.080892
0.163024
-0.0501662
-0.0577368
-0.0461671
0.16053
0.03613
-0.0438086
0.155374
-0.0490241
0.170126
0.169521
0.161137
-0.0516238
-0.0241966
-0.0481509
-0.0502799
-0.0435906
-0.0198504
0.182227
0.17575
0.0428978
-0.0453357
0.00468633
0.17023
-0.0430561
0.162697
-0.0444101
-0.0467828
0.0608642
-0.0443178
-0.0188049
-0.0438223
0.176373
-0.0546909
-0.0521642
0.0111041
0.0324255
0.0405854
-0.0462195
-0.0111282
0.161032
0.0228232
-0.0446437
0.0453958
-0.0455659
-0.000774251
-0.045797
0.0286464
-0.0196177
-0.0461135
0.160198
-0.0500876
-0.0480998
0.024742
0.184252
-0.0147517
0.182698
0.0401276
-0.0188047
-0.0462119
-0.0466314
-0.0479775
-0.00688059
0.0226118
-0.0487516
-0.0464587
0.174004
-0.0442518
0.0263709
0.0112137
-0.0135001
0.0203781
-0.0467784
-0.0533707
0.160168
-0.0419347
-0.0535779
-0.0496352
0.0896415
-0.0475103
-0.0487155
-0.0426923
-0.0159786
0.0701045
-0.0591373
-0.0442403
-0.0528948
0.17023
-0.0455945
0.183072
0.176948
-0.00299416
-0.0204135
0.154477
0.167988
0.0440635
0.00270027
-0.0468938
0.0217787
-0.0500405
0.156489
0.0630112
0.0252504
0.00140549
-0.0419217
-0.0440671
0.00156392
-0.0332481
0.0100852
0.177365
0.00596138
0.172476
0.172242
-0.054628
0.179862
0.0256703
-0.0154297
-0.0544028
0.0249076
0.162476
-0.0467791
0.0535655
0.176105
-0.0169148
-0.0468625
0.00412407
0.162172
-0.0504882
0.181443
-0.0508084
-0.0423175
-0.0418026
0.0263754
-0.0418998
-0.0184023
-0.0422072
0.102441
-0.045962
-0.0423671
-0.0518922
-0.0186759
-0.049649
0.167708
0.167276
0.178553
-0.0161566
-0.0286882
0.17584
0.174086
-0.0501773
0.0363653
0.0321011
-0.016216
-0.0519406
-0.0437834
0.017919
0.157485
0.159401
0.167206
-0.0237702
0.162052
-0.0426026
-0.0417012
0.182407
-0.0166212
-0.00132418
0.176188
-0.0469724
0.167947
0.174307
-0.0461262
0.0168605
-0.0563143
-0.0491502
-0.013696
0.154604
-0.0449212
-0.0501158
0.171249
-0.0552235
-0.0468971
0.00488733
-0.0500567
-0.0422774
-0.0416081
-0.0417677
-0.0599354
0.0630534
0.178071
-0.0421062
0.0319963
-0.0581983
0.0402232
-0.046932
0.0116565
-0.0602934
0.019037
0.0697234
-0.046961
-0.0427479
-0.0457072
0.000465412
0.157074
0.0217919
0.0301809
-0.0420486
0.182107
0.0533452
0.159228
-0.0497208
0.00550879
-0.0568579
-0.0445741
-0.00276942
0.0280389
0.0299724
0.00550297
-0.00910584
-0.0456889
0.020213
0.0145472
-0.0482261
-0.009461
-0.0522831
-0.0435219
0.16297
-0.0233739
-0.0158094
-0.0540514
0.0221295
0.0377786
-0.0441853
0.0413947
-0.0213154
0.0275798
0.0190801
0.00749177
-0.0600387
-0.0056138
-0.0011369
0.0747399
-0.00938839
-0.0516143
-0.023368
-0.0445321
0.168541
0.173158
0.166235
-0.0195231
0.0181062
-0.0421457
0.00690001
0.156705
-0.0029426
0.154066
0.159382
0.159758
0.00888889
-0.0585569
0.176824
0.0068035
0.177842
0.0097501
-0.0162097
-0.0458238
0.179093
0.0321237
-0.000882786
0.157362
0.062559
-0.0453963
-0.0442011
-0.0468421
-0.05311
0.0371381
-0.0184289
0.179936
0.168248
-0.0184274
0.155867
0.00498248
0.00627497
0.180744
0.153861
0.15493
0.162191
0.0265084
-0.0470187
-0.00616859
-0.0445006
-0.0486804
0.0460104
0.00440224
-0.00985045
-0.0234833
-0.0106353
-0.00565399
-0.0461571
0.0224019
-0.0140013
-0.0427484
0.0275768
0.162359
-0.0499373
-0.0535844
0.181264
0.157125
-0.00774124
-0.0035802
0.15841
0.162469
-0.0496833
0.0246117
0.173909
0.00988287
0.158859
0.0191849
-0.00859933
0.155031
0.0346663
0.118628
0.0288238
-0.0415592
-0.0547196
0.00120143
0.162937
0.168708
-0.0426937
0.17472
0.162311
0.173346
0.163992
0.158911
0.036877
-0.00860224
-0.0176659
0.0360492
-0.00501155
0.140558
0.159672
-0.0416007
0.161164
0.183977
-0.0202813
0.162197
-0.0477374
0.0105005
0.164881
-0.0132369
-0.0444348
0.0199732
0.172098
0.162005
-0.00505884
-0.0415957
0.168263
-0.00211973
0.0225148
0.00117338
-0.0212448
-0.0502171
0.178741
0.174989
0.0190202
-0.0429341
-0.0418984
0.0175848
0.160409
-0.0416126
-0.0557755
0.029173
0.0200692
-0.00216943
-0.051325
0.0150425
0.0187059
0.170039
0.0297332
0.00928511
0.15806
-0.0185487
0.184303
-0.0502007
-0.0417081
-0.0500885
0.16741
-0.033599
-0.045612
0.0531009
0.183685
0.167627
0.00145379
0.00752222
-0.0103733
-0.0499347
0.158752
-0.0435316
0.00815763
-0.00198056
0.0325379
0.0521148
0.0777013
0.172697
0.173934
0.184017
-0.0534476
-0.0415315
0.178496
0.0427976
0.154439
0.00265247
0.178312
0.0267661
0.119692
0.167208
-0.0470496
-0.0576717
-0.0330457
0.0235795
-0.00898496
0.0454252
0.00332821
-0.0175957
0.0284477
-0.0517153
0.160711
0.0309088
-0.0526246
0.0963181
0.156738
-0.0142738
-0.00568832
-0.00144528
0.158022
0.0121844
0.023508
0.0325249
0.16727
0.154674
-0.0459335
-0.0481891
-0.0440975
-0.0202717
0.182301
-0.0419319
0.157314
0.0163079
0.183595
0.0222329
0.0376932
-0.0459013
0.0747672
-0.0499539
0.179039
-0.0190803
0.0304045
0.0963408
-0.0442108
-0.0500616
0.178203
-0.0544124
0.144072
-0.0157692
0.167143
0.154797
0.0949437
-0.0469905
0.171447
-0.0162084
0.154811
0.114964
0.176942
-0.0455558
