-0.171273
-0.171273
-0.171273
-0.171273
-0.171273
-0.171273
-0.171273
-0.171273
-0.171273
-0.171273
-0.171273
-0.171273
-0.171273
-0.171273
-0.171273
-0.171273
-0.171273
-0.171273
-0.171273
-0.171273
-0.171273
-0.171273
-0.171273
-0.171273
-0.171273
-0.171273
-0.171273
-0.171273
-0.171273
-0.171273
-0.171273
-0.171273
-0.171273
-0.171273
-0.171273
-0.171273
-0.171273
-0.171273
-0.171273
-0.171273
-0.171273
-0.171273
-0.171273
-0.171273
-0.171273
-0.171273
-0.171273
-0.171273
-0.171273
-0.171273
-0.171273
-0.171273
-0.171273
-0.171273
-0.171273
-0.171273
-0.171273
-0.171273
-0.171273
-0.171273
-0.171273
-0.171273
-0.171273
-0.171273
-0.171273
-0.171273
-0.171273
-0.171273
-0.171273
-0.171273
-0.171273
-0.171273
-0.171273
-0.171273
-0.171273
-0.171273
-0.171273
-0.171273
-0.171273
-0.171273
-0.171273
-0.171273
-0.171273
-0.171273
-0.171273
-0.171273
-0.171273
-0.171273
-0.171273
-0.171273
-0.171273
-0.171273
-0.171273
-0.171273
-0.171273
-0.171273
-0.171273
-0.171273
-0.171273
-0.171273
-0.171273
-0.171273
-0.171273
-0.171273
-0.171273
-0.171273
-0.171273
-0.171273
-0.171273
-0.171273
-0.171273
-0.171273
-0.171273
-0.171273
-0.171273
-0.171273
-0.171273
-0.171273
-0.171273
-0.171273
-0.171273
-0.171273
-0.171273
-0.171273
-0.171273
-0.171273
-0.171273
-0.171273
-0.171273
-0.171273
-0.171273
-0.171273
-0.171273
-0.171273
-0.171273
-0.171273
-0.171273
-0.171273
-0.171273
-0.171273
-0.171273
-0.171273
-0.171273
-0.171273
-0.171273
-0.171273
-0.171273
-0.171273
-0.171273
-0.171273
-0.171273
-0.171273
-0.171273
-0.171273
-0.171273
-0.171273
-0.171273
-0.171273
-0.171273
-0.171273
-0.171273
-0.171273
-0.171273
-0.171273
-0.171273
-0.171273
-0.171273
-0.171273
-0.171273
-0.171273
-0.171273
-0.171273
-0.171273
-0.171273
-0.171273
-0.171273
-0.171273
-0.171273
-0.171273
-0.171273
-0.171273
-0.171273
-0.171273
-0.171273
-0.171273
-0.171273
-0.171273
-0.171273
-0.171273
-0.171273
-0.171273
-0.171273
-0.171273
-0.171273
-0.171273
-0.171273
-0.171273
-0.171273
-0.171273
-0.171273
-0.171273
-0.171273
-0.171273
-0.171273
-0.171273
-0.171273
-0.171273
-0.171273
-0.171273
-0.171273
-0.171273
-0.171273
-0.171273
-0.171273
-0.171273
-0.171273
-0.171273
-0.171273
-0.171273
-0.171273
-0.171273
-0.171273
-0.171273
-0.171273
-0.171273
-0.171273
-0.171273
-0.171273
-0.171273
-0.171273
-0.171273
-0.171273
-0.171273
-0.171273
-0.171273
-0.171273
-0.171273
-0.171273
-0.171273
-0.171273
-0.171273
-0.171273
-0.171273
-0.171273
-0.171273
-0.171273
-0.171273
-0.171273
-0.171273
-0.171273
-0.171273
-0.171273
-0.171273
-0.171273
-0.171273
-0.171273
-0.171273
-0.171273
-0.171273
-0.171273
-0.171273
-0.171273
-0.171273
-0.171273
-0.171273
-0.171273
-0.171273
-0.171273
-0.171273
-0.171273
-0.171273
-0.171273
-0.171273
-0.171273
-0.171273
-0.171273
-0.171273
-0.171273
-0.171273
-0.171273
-0.171273
-0.171273
-0.171273
-0.171273
-0.171273
-0.171273
-0.171273
-0.171273
-0.171273
-0.171273
-0.171273
-0.171273
-0.171273
-0.171273
-0.171273
-0.171273
-0.171273
-0.171273
-0.171273
-0.171273
-0.171273
-0.171273
-0.171273
-0.171273
-0.171273
-0.171273
-0.171273
-0.171273
-0.171273
-0.171273
-0.171273
-0.171273
-0.171273
-0.171273
-0.171273
-0.171273
-0.171273
-0.171273
-0.171273
-0.171273
-0.171273
-0.171273
-0.171273
-0.171273
-0.171273
-0.171273
-0.171273
-0.171273
-0.171273
-0.171273
-0.171273
-0.171273
-0.171273
-0.171273
-0.171273
-0.171273
-0.171273
-0.171273
-0.171273
-0.171273
-0.171273
-0.171273
-0.171273
-0.171273
-0.171273
-0.171273
-0.171273
-0.171273
-0.171273
-0.171273
-0.171273
-0.171273
-0.171273
-0.171273
-0.171273
-0.171273
-0.171273
-0.171273
-0.171273
-0.171273
-0.171273
-0.171273
-0.171273
-0.171273
-0.171273
-0.171273
-0.171273
-0.171273
-0.171273
-0.171273
-0.171273
-0.171273
-0.171273
-0.171273
-0.171273
-0.171273
-0.171273
-0.171273
-0.171273
-0.171273
-0.171273
-0.171273
-0.171273
-0.171273
-0.171273
-0.171273
-0.171273
-0.171273
-0.171273
-0.171273
-0.171273
-0.171273
-0.171273
-0.171273
-0.171273
-0.171273
-0.171273
-0.171273
-0.171273
-0.171273
-0.171273
-0.171273
-0.171273
-0.171273
-0.171273
-0.171273
-0.171273
-0.171273
-0.171273
-0.171273
-0.171273
-0.171273
-0.171273
-0.171273
-0.171273
-0.171273
-0.171273
-0.171273
-0.171273
-0.171273
-0.171273
-0.171273
-0.171273
-0.171273
-0.171273
-0.171273
-0.171273
-0.171273
-0.171273
-0.171273
-0.171273
-0.171273
-0.171273
-0.171273
-0.171273
-0.171273
-0.171273
-0.171273
-0.171273
-0.171273
-0.171273
-0.171273
-0.171273
-0.171273
-0.171273
-0.171273
-0.171273
-0.171273
-0.171273
-0.171273
-0.171273
-0.171273
-0.171273
-0.171273
-0.171273
-0.171273
-0.171273
-0.171273
-0.171273
-0.171273
-0.171273
-0.171273
-0.171273
-0.171273
-0.171273
-0.171273
-0.171273
-0.171273
-0.171273
-0.171273
-0.171273
-0.171273
-0.171273
-0.171273
-0.171273
-0.171273
-0.171273
-0.171273
-0.171273
-0.171273
-0.171273
-0.171273
-0.171273
-0.171273
-0.171273
-0.171273
-0.171273
-0.171273
-0.171273
-0.171273
-0.171273
-0.171273
-0.171273
-0.171273
-0.171273
-0.171273
-0.171273
-0.171273
-0.171273
-0.171273
-0.171273
-0.171273
-0.171273
-0.171273
-0.171273
-0.171273
-0.171273
-0.171273
-0.171273
-0.171273
-0.171273
-0.171273
-0.171273
-0.171273
-0.171273
-0.171273
-0.171273
-0.171273
-0.171273
-0.171273
-0.171273
-0.171273
-0.171273
-0.171273
-0.171273
-0.171273
-0.171273
-0.171273
-0.171273
-0.171273
-0.171273
-0.171273
-0.171273
-0.171273
-0.171273
-0.171273
-0.171273
-0.171273
-0.171273
-0.171273
-0.171273
-0.171273
-0.171273
-0.171273
-0.171273
-0.171273
-0.171273
-0.171273
-0.171273
-0.171273
-0.171273
-0.171273
-0.171273
-0.171273
-0.171273
-0.171273
-0.171273
-0.171273
-0.171273
-0.171273
-0.171273
-0.171273
-0.171273
-0.171273
-0.171273
-0.171273
-0.171273
-0.171273
-0.171273
-0.171273
-0.171273
-0.171273
-0.171273
-0.171273
-0.171273
-0.171273
-0.171273
-0.171273
-0.171273
-0.171273
-0.171273
-0.171273
-0.171273
-0.171273
-0.171273
-0.171273
-0.171273
-0.171273
-0.171273
-0.171273
-0.171273
-0.171273
-0.171273
-0.171273
-0.171273
-0.171273
-0.171273
-0.171273
-0.171273
-0.171273
-0.171273
-0.171273
-0.171273
-0.171273
-0.171273
-0.171273
-0.171273
-0.171273
-0.171273
-0.171273
-0.171273
-0.171273
-0.171273
-0.171273
-0.171273
-0.171273
-0.171273
-0.171273
-0.171273
-0.171273
-0.171273
-0.171273
-0.171273
-0.171273
-0.171273
-0.171273
-0.171273
-0.171273
-0.171273
-0.171273
-0.171273
-0.171273
-0.171273
-0.171273
-0.171273
-0.171273
-0.171273
-0.171273
-0.171273
-0.171273
-0.171273
-0.171273
-0.171273
-0.171273
-0.171273
-0.171273
-0.171273
-0.171273
-0.171273
-0.171273
-0.171273
-0.171273
-0.171273
-0.171273
-0.171273
-0.171273
-0.171273
-0.171273
-0.171273
-0.171273
-0.171273
-0.171273
-0.171273
-0.171273
-0.171273
-0.171273
-0.171273
-0.171273
-0.171273
-0.171273
-0.171273
-0.171273
-0.171273
-0.171273
-0.171273
-0.171273
-0.171273
-0.171273
-0.171273
-0.171273
-0.171273
-0.171273
-0.171273
-0.171273
-0.171273
-0.171273
-0.171273
-0.171273
-0.171273
-0.171273
-0.171273
-0.171273
-0.171273
-0.171273
-0.171273
-0.171273
-0.171273
-0.171273
-0.171273
-0.171273
-0.171273
-0.171273
-0.171273
-0.171273
-0.171273
-0.171273
-0.171273
-0.171273
-0.171273
-0.171273
-0.171273
-0.171273
-0.171273
-0.171273
-0.171273
-0.171273
-0.171273
-0.171273
-0.171273
-0.171273
-0.171273
-0.171273
-0.171273
-0.171273
-0.171273
-0.171273
-0.171273
-0.171273
-0.171273
-0.171273
-0.171273
-0.171273
-0.171273
-0.171273
-0.171273
-0.171273
-0.171273
-0.171273
-0.171273
-0.171273
-0.171273
-0.171273
-0.171273
-0.171273
-0.171273
-0.171273
-0.171273
-0.171273
-0.171273
-0.171273
-0.171273
-0.171273
-0.171273
-0.171273
-0.171273
-0.171273
-0.171273
-0.171273
-0.171273
-0.171273
-0.171273
-0.171273
-0.171273
-0.171273
-0.171273
-0.171273
-0.171273
-0.171273
-0.171273
-0.171273
-0.171273
-0.171273
-0.171273
-0.171273
-0.171273
-0.171273
-0.171273
-0.171273
-0.171273
-0.171273
-0.171273
-0.171273
-0.171273
-0.171273
-0.171273
-0.171273
-0.171273
-0.171273
-0.171273
-0.171273
-0.171273
-0.171273
-0.171273
-0.171273
-0.171273
-0.171273
-0.171273
-0.171273
-0.171273
-0.171273
-0.171273
-0.171273
-0.171273
-0.171273
-0.171273
-0.171273
-0.171273
-0.171273
-0.171273
-0.171273
-0.171273
-0.171273
-0.171273
-0.171273
-0.171273
-0.171273
-0.171273
-0.171273
-0.171273
-0.171273
-0.171273
-0.171273
-0.171273
-0.171273
-0.171273
-0.171273
-0.171273
-0.171273
-0.171273
-0.171273
-0.171273
-0.171273
-0.171273
-0.171273
-0.171273
-0.171273
-0.171273
-0.171273
-0.171273
-0.171273
-0.171273
-0.171273
-0.171273
-0.171273
-0.171273
-0.171273
-0.171273
-0.171273
-0.171273
-0.171273
-0.171273
-0.171273
-0.171273
-0.171273
-0.171273
-0.171273
-0.171273
-0.171273
-0.171273
-0.171273
-0.171273
-0.171273
-0.171273
-0.171273
-0.171273
-0.171273
-0.171273
-0.171273
-0.171273
-0.171273
-0.171273
-0.171273
-0.171273
-0.171273
-0.171273
-0.171273
-0.171273
-0.171273
-0.171273
-0.171273
-0.171273
-0.171273
-0.171273
-0.171273
-0.171273
-0.171273
-0.171273
-0.171273
-0.171273
-0.171273
-0.171273
-0.171273
-0.171273
-0.171273
-0.171273
-0.171273
-0.171273
-0.171273
-0.171273
-0.171273
-0.171273
-0.171273
-0.171273
-0.171273
-0.171273
-0.171273
-0.171273
-0.171273
-0.171273
-0.171273
-0.171273
-0.171273
-0.171273
-0.171273
-0.171273
-0.171273
-0.171273
-0.171273
-0.171273
-0.171273
-0.171273
-0.171273
-0.171273
-0.171273
-0.171273
-0.171273
-0.171273
-0.171273
-0.171273
-0.171273
-0.171273
-0.171273
-0.171273
-0.171273
-0.171273
-0.171273
-0.171273
-0.171273
-0.171273
-0.171273
-0.171273
-0.171273
-0.171273
-0.171273
-0.171273
-0.171273
-0.171273
-0.171273
-0.171273
-0.171273
-0.171273
-0.171273
-0.171273
-0.171273
-0.171273
-0.171273
-0.171273
-0.171273
-0.171273
-0.171273
-0.171273
-0.171273
-0.171273
-0.171273
-0.171273
-0.171273
-0.171273
-0.171273
-0.171273
-0.171273
-0.171273
-0.171273
-0.171273
-0.171273
-0.171273
-0.171273
-0.171273
-0.171273
-0.171273
-0.171273
-0.171273
-0.171273
-0.171273
-0.171273
-0.171273
-0.171273
-0.171273
-0.171273
-0.171273
-0.171273
-0.171273
-0.171273
-0.171273
-0.171273
-0.171273
-0.171273
-0.171273
-0.171273
-0.171273
-0.171273
-0.171273
-0.171273
-0.171273
-0.171273
-0.171273
-0.171273
-0.171273
-0.171273
-0.171273
-0.171273
-0.171273
-0.171273
-0.171273
-0.171273
-0.171273
-0.171273
-0.171273
-0.171273
-0.171273
-0.171273
-0.171273
-0.171273
-0.171273
-0.171273
-0.171273
-0.171273
-0.171273
-0.171273
-0.171273
-0.171273
-0.171273
-0.171273
-0.171273
-0.171273
-0.171273
-0.171273
-0.171273
-0.171273
-0.171273
-0.171273
-0.171273
-0.171273
-0.171273
-0.171273
-0.171273
-0.171273
-0.171273
-0.171273
-0.171273
-0.171273
-0.171273
-0.171273
-0.171273
-0.171273
-0.171273
-0.171273
-0.171273
-0.171273
-0.171273
-0.171273
-0.171273
-0.171273
-0.171273
-0.171273
-0.171273
-0.171273
-0.171273
-0.171273
-0.171273
-0.171273
-0.171273
-0.171273
-0.171273
-0.171273
-0.171273
-0.171273
-0.171273
-0.171273
-0.171273
-0.171273
-0.171273
-0.171273
-0.171273
-0.171273
-0.171273
-0.171273
-0.171273
-0.171273
-0.171273
-0.171273
-0.171273
-0.171273
-0.171273
-0.171273
-0.171273
-0.171273
-0.171273
-0.171273
-0.171273
-0.171273
-0.171273
-0.171273
-0.171273
-0.171273
-0.171273
-0.171273
-0.171273
-0.171273
-0.171273
-0.171273
-0.171273
-0.171273
-0.171273
-0.171273
-0.171273
-0.171273
-0.171273
-0.171273
-0.171273
-0.171273
-0.171273
-0.171273
-0.171273
-0.171273
-0.171273
-0.171273
-0.171273
-0.171273
-0.171273
-0.171273
-0.171273
-0.171273
-0.171273
-0.171273
-0.171273
-0.171273
-0.171273
-0.171273
-0.171273
-0.171273
-0.171273
-0.171273
-0.171273
-0.171273
-0.171273
-0.171273
-0.171273
-0.171273
-0.171273
-0.171273
-0.171273
-0.171273
-0.171273
-0.171273
-0.171273
-0.171273
-0.171273
-0.171273
-0.171273
-0.171273
-0.171273
-0.171273
-0.171273
-0.171273
-0.171273
-0.171273
-0.171273
-0.171273
-0.171273
-0.171273
-0.171273
-0.171273
-0.171273
-0.171273
-0.171273
-0.171273
-0.171273
-0.171273
-0.171273
-0.171273
-0.171273
-0.171273
-0.171273
-0.171273
-0.171273
-0.171273
-0.171273
-0.171273
-0.171273
-0.171273
-0.171273
-0.171273
-0.171273
-0.171273
-0.171273
-0.171273
-0.171273
-0.171273
-0.171273
-0.171273
-0.171273
-0.171273
-0.171273
-0.171273
-0.171273
-0.171273
-0.171273
-0.171273
-0.171273
-0.171273
-0.171273
-0.171273
-0.171273
-0.171273
-0.171273
-0.171273
-0.171273
-0.171273
-0.171273
-0.171273
-0.171273
-0.171273
-0.171273
-0.171273
-0.171273
-0.171273
-0.171273
-0.171273
-0.171273
-0.171273
-0.171273
-0.171273
-0.171273
-0.171273
-0.171273
-0.171273
-0.171273
-0.171273
-0.171273
-0.171273
-0.171273
-0.171273
-0.171273
-0.171273
-0.171273
-0.171273
-0.171273
-0.171273
-0.171273
-0.171273
-0.171273
-0.171273
-0.171273
-0.171273
-0.171273
-0.171273
-0.171273
-0.171273
-0.171273
-0.171273
-0.171273
-0.171273
-0.171273
-0.171273
-0.171273
-0.171273
-0.171273
-0.171273
-0.171273
-0.171273
-0.171273
-0.171273
-0.171273
-0.171273
-0.171273
-0.171273
-0.171273
-0.171273
-0.171273
-0.171273
-0.171273
-0.171273
-0.171273
-0.171273
-0.171273
-0.171273
-0.171273
-0.171273
-0.171273
-0.171273
-0.171273
-0.171273
-0.171273
-0.171273
-0.171273
-0.171273
-0.171273
-0.171273
-0.171273
-0.171273
-0.171273
-0.171273
-0.171273
-0.171273
-0.171273
-0.171273
-0.171273
-0.171273
-0.171273
-0.171273
-0.171273
-0.171273
-0.171273
-0.171273
-0.171273
-0.171273
-0.171273
-0.171273
-0.171273
-0.171273
-0.171273
-0.171273
-0.171273
-0.171273
-0.171273
-0.171273
-0.171273
-0.171273
-0.171273
-0.171273
-0.171273
-0.171273
-0.171273
-0.171273
-0.171273
-0.171273
-0.171273
-0.171273
-0.171273
-0.171273
-0.171273
-0.171273
-0.171273
-0.171273
-0.171273
-0.171273
-0.171273
-0.171273
-0.171273
-0.171273
-0.171273
-0.171273
-0.171273
-0.171273
-0.171273
-0.171273
-0.171273
-0.171273
-0.171273
-0.171273
-0.171273
-0.171273
-0.171273
-0.171273
-0.171273
-0.171273
-0.171273
-0.171273
-0.171273
-0.171273
-0.171273
-0.171273
-0.171273
-0.171273
-0.171273
-0.171273
-0.171273
-0.171273
-0.171273
-0.171273
-0.171273
-0.171273
-0.171273
-0.171273
-0.171273
-0.171273
-0.171273
-0.171273
-0.171273
-0.171273
-0.171273
-0.171273
-0.171273
-0.171273
-0.171273
-0.171273
-0.171273
-0.171273
-0.171273
-0.171273
-0.171273
-0.171273
-0.171273
-0.171273
-0.171273
-0.171273
-0.171273
-0.171273
-0.171273
-0.171273
-0.171273
-0.171273
-0.171273
-0.171273
-0.171273
-0.171273
-0.171273
-0.171273
-0.171273
-0.171273
-0.171273
-0.171273
-0.171273
-0.171273
-0.171273
-0.171273
-0.171273
-0.171273
-0.171273
-0.171273
-0.171273
-0.171273
-0.171273
-0.171273
-0.171273
-0.171273
-0.171273
-0.171273
-0.171273
-0.171273
-0.171273
-0.171273
-0.171273
-0.171273
-0.171273
-0.171273
-0.171273
-0.171273
-0.171273
-0.171273
-0.171273
-0.171273
-0.171273
-0.171273
-0.171273
-0.171273
-0.171273
-0.171273
-0.171273
-0.171273
-0.171273
-0.171273
-0.171273
-0.171273
-0.171273
-0.171273
-0.171273
-0.171273
-0.171273
-0.171273
-0.171273
-0.171273
-0.171273
-0.171273
-0.171273
-0.171273
-0.171273
-0.171273
-0.171273
-0.171273
-0.171273
-0.171273
-0.171273
-0.171273
-0.171273
-0.171273
-0.171273
-0.171273
-0.171273
-0.171273
-0.171273
-0.171273
-0.171273
-0.171273
-0.171273
-0.171273
-0.171273
-0.171273
-0.171273
-0.171273
-0.171273
-0.171273
-0.171273
-0.171273
-0.171273
-0.171273
-0.171273
-0.171273
-0.171273
-0.171273
-0.171273
-0.171273
-0.171273
-0.171273
-0.171273
-0.171273
-0.171273
-0.171273
-0.171273
-0.171273
-0.171273
-0.171273
-0.171273
-0.171273
-0.171273
-0.171273
-0.171273
-0.171273
-0.171273
-0.171273
-0.171273
-0.171273
-0.171273
-0.171273
-0.171273
-0.171273
-0.171273
-0.171273
-0.171273
-0.171273
-0.171273
-0.171273
-0.171273
-0.171273
-0.171273
-0.171273
-0.171273
-0.171273
-0.171273
-0.171273
-0.171273
-0.171273
-0.171273
-0.171273
-0.171273
-0.171273
-0.171273
-0.171273
-0.171273
-0.171273
-0.171273
-0.171273
-0.171273
-0.171273
-0.171273
-0.171273
-0.171273
-0.171273
-0.171273
-0.171273
-0.171273
-0.171273
-0.171273
-0.171273
-0.171273
-0.171273
-0.171273
-0.171273
-0.171273
-0.171273
-0.171273
-0.171273
-0.171273
-0.171273
-0.171273
-0.171273
-0.171273
-0.171273
-0.171273
-0.171273
-0.171273
-0.171273
-0.171273
-0.171273
-0.171273
-0.171273
-0.171273
-0.171273
-0.171273
-0.171273
-0.171273
-0.171273
-0.171273
-0.171273
-0.171273
-0.171273
-0.171273
-0.171273
-0.171273
-0.171273
-0.171273
-0.171273
-0.171273
-0.171273
-0.171273
-0.171273
-0.171273
-0.171273
-0.171273
-0.171273
-0.171273
-0.171273
-0.171273
-0.171273
-0.171273
-0.171273
-0.171273
-0.171273
-0.171273
-0.171273
-0.171273
-0.171273
-0.171273
-0.171273
-0.171273
-0.171273
-0.171273
-0.171273
-0.171273
-0.171273
-0.171273
-0.171273
-0.171273
-0.171273
-0.171273
-0.171273
-0.171273
-0.171273
-0.171273
-0.171273
-0.171273
-0.171273
-0.171273
-0.171273
-0.171273
-0.171273
-0.171273
-0.171273
-0.171273
-0.171273
-0.171273
-0.171273
-0.171273
-0.171273
-0.171273
-0.171273
-0.171273
-0.171273
-0.171273
-0.171273
-0.171273
-0.171273
-0.171273
-0.171273
-0.171273
-0.171273
-0.171273
-0.171273
-0.171273
-0.171273
-0.171273
-0.171273
-0.171273
-0.171273
-0.171273
-0.171273
-0.171273
-0.171273
-0.171273
-0.171273
-0.171273
-0.171273
-0.171273
-0.171273
-0.171273
-0.171273
-0.171273
-0.171273
-0.171273
-0.171273
-0.171273
-0.171273
-0.171273
-0.171273
-0.171273
-0.171273
-0.171273
-0.171273
-0.171273
-0.171273
-0.171273
-0.171273
-0.171273
-0.171273
-0.171273
-0.171273
-0.171273
-0.171273
-0.171273
-0.171273
-0.171273
-0.171273
-0.171273
-0.171273
-0.171273
-0.171273
-0.171273
-0.171273
-0.171273
-0.171273
-0.171273
-0.171273
-0.171273
-0.171273
-0.171273
-0.171273
-0.171273
-0.171273
-0.171273
-0.171273
-0.171273
-0.171273
-0.171273
-0.171273
-0.171273
-0.171273
-0.171273
-0.171273
-0.171273
-0.171273
-0.171273
-0.171273
-0.171273
-0.171273
-0.171273
-0.171273
-0.171273
-0.171273
-0.171273
-0.171273
-0.171273
-0.171273
-0.171273
-0.171273
-0.171273
-0.171273
-0.171273
-0.171273
-0.171273
-0.171273
-0.171273
-0.171273
-0.171273
-0.171273
-0.171273
-0.171273
-0.171273
-0.171273
-0.171273
-0.171273
-0.171273
-0.171273
-0.171273
-0.171273
-0.171273
-0.171273
-0.171273
-0.171273
-0.171273
-0.171273
-0.171273
-0.171273
-0.171273
-0.171273
-0.171273
-0.171273
-0.171273
-0.171273
-0.171273
-0.171273
-0.171273
-0.171273
-0.171273
-0.171273
-0.171273
-0.171273
-0.171273
-0.171273
-0.171273
-0.171273
-0.171273
-0.171273
-0.171273
-0.171273
-0.171273
-0.171273
-0.171273
-0.171273
-0.171273
-0.171273
-0.171273
-0.171273
-0.171273
-0.171273
-0.171273
-0.171273
-0.171273
-0.171273
-0.171273
-0.171273
-0.171273
-0.171273
-0.171273
-0.171273
-0.171273
-0.171273
-0.171273
-0.171273
-0.171273
-0.171273
-0.171273
-0.171273
-0.171273
-0.171273
-0.171273
-0.171273
-0.171273
-0.171273
-0.171273
-0.171273
-0.171273
-0.171273
-0.171273
-0.171273
-0.171273
-0.171273
-0.171273
-0.171273
-0.171273
-0.171273
-0.171273
-0.171273
-0.171273
-0.171273
-0.171273
-0.171273
-0.171273
-0.171273
-0.171273
-0.171273
-0.171273
-0.171273
-0.171273
-0.171273
-0.171273
-0.171273
-0.171273
-0.171273
-0.171273
-0.171273
-0.171273
-0.171273
-0.171273
-0.171273
-0.171273
-0.171273
-0.171273
-0.171273
-0.171273
-0.171273
-0.171273
-0.171273
-0.171273
-0.171273
-0.171273
-0.171273
-0.171273
-0.171273
-0.171273
-0.171273
-0.171273
-0.171273
-0.171273
-0.171273
-0.171273
-0.171273
-0.171273
-0.171273
-0.171273
-0.171273
-0.171273
-0.171273
-0.171273
-0.171273
-0.171273
-0.171273
-0.171273
-0.171273
-0.171273
-0.171273
-0.171273
-0.171273
-0.171273
-0.171273
-0.171273
-0.171273
-0.171273
-0.171273
-0.171273
-0.171273
-0.171273
-0.171273
-0.171273
-0.171273
-0.171273
-0.171273
-0.171273
-0.171273
-0.171273
-0.171273
-0.171273
-0.171273
-0.171273
-0.171273
-0.171273
-0.171273
-0.171273
-0.171273
-0.171273
-0.171273
-0.171273
-0.171273
-0.171273
-0.171273
-0.171273
-0.171273
-0.171273
-0.171273
-0.171273
-0.171273
-0.171273
-0.171273
-0.171273
-0.171273
-0.171273
-0.171273
-0.171273
-0.171273
-0.171273
-0.171273
-0.171273
-0.171273
-0.171273
-0.171273
-0.171273
-0.171273
-0.171273
-0.171273
-0.171273
-0.171273
-0.171273
-0.171273
-0.171273
-0.171273
-0.171273
-0.171273
-0.171273
-0.171273
-0.171273
-0.171273
-0.171273
-0.171273
-0.171273
-0.171273
-0.171273
-0.171273
-0.171273
-0.171273
-0.171273
-0.171273
-0.0241075
-0.0240568
-0.0235613
-0.0235155
-0.0235155
-0.0235155
-0.0234732
-0.0234732
-0.0234732
-0.0229124
-0.0229124
-0.0228796
-0.0228796
-0.0223702
-0.0223702
-0.0223429
-0.0223429
-0.0223429
-0.0218421
-0.0218193
-0.0218193
-0.0217982
-0.0217982
-0.0217787
-0.0217787
-0.0212872
-0.0212709
-0.0212709
-0.0212559
-0.021242
-0.0212291
-0.0207558
-0.0207558
-0.0207558
-0.0207558
-0.0207684
-0.0207967
-0.0207967
-0.0208126
-0.0207967
-0.0207967
-0.0208126
-0.0209135
-0.0209135
-0.0203541
-0.0209135
-0.0204358
-0.0204606
-0.0204606
-0.0204873
-0.0206177
-0.0211402
-0.0206572
-0.0211402
-0.0206572
-0.0206572
-0.0206572
-0.0206998
-0.0206998
-0.0213373
-0.0213373
-0.0213373
-0.0213373
-0.021397
-0.0208496
-0.021397
-0.021397
-0.021397
-0.021397
-0.0209079
-0.0209079
-0.0209079
-0.0209079
-0.0209079
-0.0209079
-0.0208496
-0.0208496
-0.0208496
-0.0208496
-0.0208496
-0.0195315
-0.0195061
-0.0194825
-0.0194608
-0.0194608
-0.0194825
-0.0189669
-0.0189669
-0.0189488
-0.0189488
-0.0189488
-0.0184448
-0.0174426
-0.0174426
-0.0174426
-0.0174426
-0.0174426
-0.0174426
-0.0174426
-0.0174426
-0.0174426
-0.0174426
-0.0174426
-0.0169688
-0.0169688
-0.0169688
-0.0169688
-0.0169688
-0.0169688
-0.0169688
-0.0169688
-0.0169688
-0.0169688
-0.0169688
-0.0169688
-0.0169688
-0.0169688
-0.0169688
-0.0164922
-0.0164922
-0.0164922
-0.0164922
-0.0164922
-0.0164922
-0.0164922
-0.0164922
-0.0164922
-0.0164922
-0.0164922
-0.0164922
-0.0160123
-0.0160123
-0.0160123
-0.0160123
-0.0160123
-0.0160123
-0.0160123
-0.0160123
-0.0160123
-0.0160123
-0.0160123
-0.0160123
-0.0160123
-0.0160123
-0.0160123
-0.0160123
-0.0160123
-0.0160123
-0.0155292
-0.0155292
-0.0155292
-0.0155292
-0.0155292
-0.0155292
-0.0155292
-0.0155292
-0.0155292
-0.0155292
-0.0155292
-0.0155292
-0.0155292
-0.0155292
-0.0155292
-0.0155292
-0.0155292
-0.0155292
-0.015043
-0.015043
-0.015043
-0.015043
-0.015043
-0.015043
-0.015043
-0.015043
-0.015043
-0.015043
-0.015043
-0.015043
-0.015043
-0.015043
-0.015043
-0.015043
-0.015043
-0.015043
-0.015043
-0.0145544
-0.0145544
-0.0145544
-0.0145544
-0.0145544
-0.0145544
-0.0145544
-0.0145544
-0.0145544
-0.0145544
-0.0145544
-0.0145544
-0.0145544
-0.0145544
-0.0145544
-0.0145544
-0.0145544
-0.0145544
-0.0145544
-0.0145544
-0.0145544
-0.0140644
-0.0140644
-0.0140644
-0.0140644
-0.0140644
-0.0140644
-0.0140644
-0.0140644
-0.0140644
-0.0140644
-0.0140644
-0.0140644
-0.0140644
-0.0140644
-0.0140644
-0.0140644
-0.0140644
-0.0140644
-0.0140644
-0.0140644
-0.0140644
-0.0140644
-0.0135747
-0.0135747
-0.0135747
-0.0135747
-0.0135747
-0.0135747
-0.0135747
-0.0135747
-0.0135747
-0.0135747
-0.0135747
-0.0135747
-0.0135747
-0.0135747
-0.0135747
-0.0135747
-0.0135747
-0.0135747
-0.0135747
-0.0135747
-0.0135747
-0.0135747
-0.0135747
-0.013087
-0.013087
-0.013087
-0.013087
-0.013087
-0.013087
-0.013087
-0.013087
-0.013087
-0.013087
-0.013087
-0.013087
-0.013087
-0.013087
-0.013087
-0.013087
-0.013087
-0.013087
-0.013087
-0.013087
-0.013087
-0.0126018
-0.0126018
-0.0126018
-0.0126018
-0.0126018
-0.0126018
-0.0126018
-0.0126018
-0.0126018
-0.0126018
-0.0126018
-0.0126018
-0.0126018
-0.0126018
-0.0126018
-0.0126018
-0.0126018
-0.0126018
-0.0126018
-0.0126018
-0.0121183
-0.0121183
-0.0121183
-0.0121183
-0.0121183
-0.0121183
-0.0121183
-0.0121183
-0.0121183
-0.0121183
-0.0121183
-0.0121183
-0.0121183
-0.0121183
-0.0121183
-0.0121183
-0.0121183
-0.0121183
-0.0121183
-0.0121183
-0.0116347
-0.0116347
-0.0116347
-0.0116347
-0.0116347
-0.0116347
-0.0116347
-0.0116347
-0.0116347
-0.0116347
-0.0116347
-0.0116347
-0.0116347
-0.0116347
-0.0116347
-0.0116347
-0.0116347
-0.0116347
-0.0116347
-0.0116347
-0.0116347
-0.0116347
-0.0116347
-0.0111492
-0.0111492
-0.0111492
-0.0111492
-0.0111492
-0.0111492
-0.0111492
-0.0111492
-0.0111492
-0.0111492
-0.0111492
-0.0111492
-0.0111492
-0.0111492
-0.0111492
-0.0111492
-0.0111492
-0.0111492
-0.0111492
-0.0111492
-0.0111492
-0.0111492
-0.0111492
-0.0106602
-0.0106602
-0.0106602
-0.0106602
-0.0106602
-0.0106602
-0.0106602
-0.0106602
-0.0106602
-0.0106602
-0.0106602
-0.0106602
-0.0106602
-0.0106602
-0.0106602
-0.0106602
-0.0106602
-0.0106602
-0.0106602
-0.0106602
-0.0106602
-0.0106602
-0.0106602
-0.0101669
-0.0101669
-0.0101669
-0.0101669
-0.0101669
-0.0101669
-0.0101669
-0.0101669
-0.0101669
-0.0101669
-0.0101669
-0.0101669
-0.0101669
-0.0101669
-0.0101669
-0.0101669
-0.0101669
-0.0101669
-0.0101669
-0.0101669
-0.0101669
-0.0101669
-0.0101669
-0.0101669
-0.00966928
-0.00966928
-0.00966928
-0.00966928
-0.00966928
-0.00966928
-0.00966928
-0.00966928
-0.00966928
-0.00966928
-0.00966928
-0.00966928
-0.00966928
-0.00966928
-0.00966928
-0.00966928
-0.00966928
-0.00966928
-0.00966928
-0.00966928
-0.00966928
-0.00966928
-0.00966928
-0.00966928
-0.00966928
-0.00916824
-0.00916824
-0.00916824
-0.00916824
-0.00916824
-0.00916824
-0.00916824
-0.00916824
-0.00916824
-0.00916824
-0.00916824
-0.00916824
-0.00916824
-0.00916824
-0.00916824
-0.00916824
-0.00916824
-0.00916824
-0.00916824
-0.00916824
-0.00916824
-0.00916824
-0.00916824
-0.00916824
-0.00916824
-0.00916824
-0.00916824
-0.00866588
-0.00866588
-0.00866588
-0.00866588
-0.00866588
-0.00866588
-0.00866588
-0.00866588
-0.00866588
-0.00866588
-0.00866588
-0.00866588
-0.00866588
-0.00866588
-0.00866588
-0.00866588
-0.00866588
-0.00866588
-0.00866588
-0.00866588
-0.00866588
-0.00866588
-0.00866588
-0.00816472
-0.00816472
-0.00816472
-0.00816472
-0.00816472
-0.00816472
-0.00816472
-0.00816472
-0.00816472
-0.00816472
-0.00816472
-0.00816472
-0.00816472
-0.00816472
-0.00816472
-0.00816472
-0.00816472
-0.00816472
-0.00816472
-0.00816472
-0.00816472
-0.00816472
-0.00816472
-0.00816472
-0.00816472
-0.00816472
-0.00816472
-0.00816472
-0.00766196
-0.00766196
-0.00766196
-0.00766196
-0.00766196
-0.00766196
-0.00766196
-0.00766196
-0.00766196
-0.00766196
-0.00766196
-0.00766196
-0.00766196
-0.00766196
-0.00766196
-0.00766196
-0.00766196
-0.00766196
-0.00766196
-0.00766196
-0.00766196
-0.00766196
-0.00766196
-0.00766196
-0.00766196
-0.00766196
-0.00766196
-0.0071494
-0.0071494
-0.0071494
-0.0071494
-0.0071494
-0.0071494
-0.0071494
-0.0071494
-0.0071494
-0.0071494
-0.0071494
-0.0071494
-0.0071494
-0.0071494
-0.0071494
-0.0071494
-0.0071494
-0.0071494
-0.0071494
-0.0071494
-0.0071494
-0.0071494
-0.0071494
-0.0071494
-0.0071494
-0.0071494
-0.00662144
-0.00662144
-0.00662144
-0.00662144
-0.00662144
-0.00662144
-0.00662144
-0.00662144
-0.00662144
-0.00662144
-0.00662144
-0.00662144
-0.00662144
-0.00662144
-0.00662144
-0.00662144
-0.00662144
-0.00662144
-0.00662144
-0.00662144
-0.00662144
-0.00662144
-0.00662144
-0.00662144
-0.00662144
-0.00607636
-0.00607636
-0.00607636
-0.00607636
-0.00607636
-0.00607636
-0.00607636
-0.00607636
-0.00607636
-0.00607636
-0.00607636
-0.00607636
-0.00607636
-0.00607636
-0.00607636
-0.00607636
-0.00607636
-0.00607636
-0.00607636
-0.00607636
-0.00607636
-0.00607636
-0.00607636
-0.00607636
-0.00607636
-0.00607636
-0.00607636
-0.00607636
-0.00607636
-0.00551427
-0.00551427
-0.00551427
-0.00551427
-0.00551427
-0.00551427
-0.00551427
-0.00551427
-0.00551427
-0.00551427
-0.00551427
-0.00551427
-0.00551427
-0.00551427
-0.00551427
-0.00551427
-0.00551427
-0.00551427
-0.00551427
-0.00551427
-0.00551427
-0.00551427
-0.00551427
-0.00551427
-0.00551427
-0.00551427
-0.00493661
-0.00493661
-0.00493661
-0.00493661
-0.00493661
-0.00493661
-0.00493661
-0.00493661
-0.00493661
-0.00493661
-0.00493661
-0.00493661
-0.00493661
-0.00493661
-0.00493661
-0.00493661
-0.00493661
-0.00493661
-0.00493661
-0.00493661
-0.00493661
-0.00493661
-0.00493661
-0.00493661
-0.00493661
-0.00493661
-0.00493661
-0.00493661
-0.00493661
-0.00493661
-0.00493661
-0.00493661
-0.00493661
-0.00493661
-0.00493661
-0.00434595
-0.00434595
-0.00434595
-0.00434595
-0.00434595
-0.00434595
-0.00434595
-0.00434595
-0.00434595
-0.00434595
-0.00434595
-0.00434595
-0.00434595
-0.00434595
-0.00434595
-0.00434595
-0.00434595
-0.00434595
-0.00434595
-0.00434595
-0.00434595
-0.00434595
-0.00434595
-0.00434595
-0.00434595
-0.00434595
-0.00434595
-0.00434595
-0.00434595
-0.00434595
-0.00434595
-0.00434595
-0.00374569
-0.00374569
-0.00374569
-0.00374569
-0.00374569
-0.00374569
-0.00374569
-0.00374569
-0.00374569
-0.00374569
-0.00374569
-0.00374569
-0.00374569
-0.00374569
-0.00374569
-0.00374569
-0.00374569
-0.00374569
-0.00374569
-0.00374569
-0.00374569
-0.00374569
-0.00374569
-0.00374569
-0.00374569
-0.00374569
-0.00374569
-0.00374569
-0.00374569
-0.00374569
-0.00374569
-0.00313971
-0.00313971
-0.00313971
-0.00313971
-0.00313971
-0.00313971
-0.00313971
-0.00313971
-0.00313971
-0.00313971
-0.00313971
-0.00313971
-0.00313971
-0.00313971
-0.00313971
-0.00313971
-0.00313971
-0.00313971
-0.00313971
-0.00313971
-0.00313971
-0.00313971
-0.00313971
-0.00313971
-0.00313971
-0.00313971
-0.00313971
-0.00313971
-0.00313971
-0.00313971
-0.00313971
-0.00253187
-0.00253187
-0.00253187
-0.00253187
-0.00253187
-0.00253187
-0.00253187
-0.00253187
-0.00253187
-0.00253187
-0.00253187
-0.00253187
-0.00253187
-0.00253187
-0.00253187
-0.00253187
-0.00253187
-0.00253187
-0.00253187
-0.00253187
-0.00253187
-0.00253187
-0.00253187
-0.00253187
-0.00253187
-0.00253187
-0.00253187
-0.00253187
-0.00253187
-0.00253187
-0.00253187
-0.00253187
-0.0019255
-0.0019255
-0.0019255
-0.0019255
-0.0019255
-0.0019255
-0.0019255
-0.0019255
-0.0019255
-0.0019255
-0.0019255
-0.0019255
-0.0019255
-0.0019255
-0.0019255
-0.0019255
-0.0019255
-0.0019255
-0.0019255
-0.0019255
-0.0019255
-0.0019255
-0.0019255
-0.0019255
-0.0019255
-0.0019255
-0.0019255
-0.0019255
-0.0019255
-0.0019255
-0.0019255
-0.00132274
-0.00132274
-0.00132274
-0.00132274
-0.00132274
-0.00132274
-0.00132274
-0.00132274
-0.00132274
-0.00132274
-0.00132274
-0.00132274
-0.00132274
-0.00132274
-0.00132274
-0.00132274
-0.00132274
-0.00132274
-0.00132274
-0.00132274
-0.00132274
-0.00132274
-0.00132274
-0.00132274
-0.00132274
-0.00132274
-0.00132274
-0.00132274
-0.00132274
-0.000723693
-0.000723693
-0.000723693
-0.000723693
-0.000723693
-0.000723693
-0.000723693
-0.000723693
-0.000723693
-0.000723693
-0.000723693
-0.000723693
-0.000723693
-0.000723693
-0.000723693
-0.000723693
-0.000723693
-0.000723693
-0.000723693
-0.000723693
-0.000723693
-0.000723693
-0.000723693
-0.000723693
-0.000723693
-0.000723693
-0.000723693
-0.000723693
-0.000723693
-0.000125766
-0.000125766
-0.000125766
-0.000125766
-0.000125766
-0.000125766
-0.000125766
-0.000125766
-0.000125766
-0.000125766
-0.000125766
-0.000125766
-0.000125766
-0.000125766
-0.000125766
-0.000125766
-0.000125766
-0.000125766
-0.000125766
-0.000125766
-0.000125766
-0.000125766
-0.000125766
-0.000125766
-0.000125766
-0.000125766
-0.000125766
-0.000125766
-0.000125766
-0.000125766
-0.000125766
0.000474669
0.000474669
0.000474669
0.000474669
0.000474669
0.000474669
0.000474669
0.000474669
0.000474669
0.000474669
0.000474669
0.000474669
0.000474669
0.000474669
0.000474669
0.000474669
0.000474669
0.000474669
0.000474669
0.000474669
0.000474669
0.000474669
0.000474669
0.000474669
0.000474669
0.000474669
0.000474669
0.000474669
0.000474669
0.000474669
0.000474669
0.000474669
0.000474669
0.000474669
0.000474669
0.00107837
0.00107837
0.00107837
0.00107837
0.00107837
0.00107837
0.00107837
0.00107837
0.00107837
0.00107837
0.00107837
0.00107837
0.00107837
0.00107837
0.00107837
0.00107837
0.00107837
0.00107837
0.00107837
0.00107837
0.00107837
0.00107837
0.00107837
0.00168354
0.00168354
0.00168354
0.00168354
0.00168354
0.00168354
0.00168354
0.00168354
0.00168354
0.00168354
0.00168354
0.00168354
0.00168354
0.00168354
0.00168354
0.00168354
0.00168354
0.00168354
0.00168354
0.00168354
0.00168354
0.00168354
0.00168354
0.00168354
0.00168354
0.00168354
0.00168354
0.00168354
0.00168354
0.00168354
0.00168354
0.00168354
0.00168354
0.00168354
0.00168354
0.0022887
0.00168354
0.0022887
0.0022887
0.0022887
0.0022887
0.0022887
0.0022887
0.0022887
0.0022887
0.0022887
0.0022887
0.0022887
0.0022887
0.0022887
0.0022887
0.0022887
0.0022887
0.0022887
0.0022887
0.0022887
0.0022887
0.0022887
0.0022887
0.0022887
0.0022887
0.0022887
0.0022887
0.0022887
0.0022887
0.0022887
0.0022887
0.0022887
0.0022887
0.0022887
0.0028933
0.0028933
0.0028933
0.0028933
0.0028933
0.0028933
0.0028933
0.0028933
0.0028933
0.0028933
0.0028933
0.0028933
0.0028933
0.0028933
0.0028933
0.0028933
0.0028933
0.0028933
0.0028933
0.0028933
0.0028933
0.0028933
0.0028933
0.0028933
0.0028933
0.0028933
0.0028933
0.0028933
0.0028933
0.0028933
0.00349761
0.00349761
0.00349761
0.00349761
0.00349761
0.00349761
0.00349761
0.00349761
0.00349761
0.00349761
0.00349761
0.00349761
0.00349761
0.00349761
0.00349761
0.00349761
0.00349761
0.00349761
0.00349761
0.00349761
0.00349761
0.00349761
0.00349761
0.00349761
0.00349761
0.00349761
0.00349761
0.00410265
0.00410265
0.00410265
0.00107837
0.00410265
0.00410265
0.00410265
0.00410265
0.00410265
0.00410265
0.00410265
0.00410265
0.00410265
0.00410265
0.00410265
0.00410265
0.00410265
0.00410265
0.00410265
0.00410265
0.00471006
0.00471006
0.00471006
0.00471006
0.00471006
0.00471006
0.00471006
0.00471006
0.00471006
0.00471006
0.00471006
0.00471006
0.00471006
0.00471006
0.00471006
0.00471006
0.00471006
0.00471006
0.00471006
0.00471006
0.00471006
0.00471006
0.00471006
0.00471006
0.00471006
0.00471006
0.00471006
0.00532196
0.00471006
0.00532196
0.00532196
0.00532196
0.00532196
0.00532196
0.00532196
0.00532196
0.00532196
0.00532196
0.00532196
0.00532196
0.00532196
0.00532196
0.00532196
0.00532196
0.00532196
0.00532196
0.00532196
0.00532196
0.00532196
0.00532196
0.00532196
0.00532196
0.00532196
0.00532196
0.00532196
0.00532196
0.00532196
0.00532196
0.00532196
0.00594079
0.00594079
0.00594079
0.00594079
0.00594079
0.00594079
0.00594079
0.00594079
0.00594079
0.00594079
0.00594079
0.00594079
0.00594079
0.00594079
0.00594079
0.00594079
0.00594079
0.00594079
0.00594079
0.00594079
0.00594079
0.00594079
0.00594079
0.00594079
0.00594079
0.00594079
0.00594079
0.00594079
0.00594079
0.00594079
0.00594079
0.00594079
0.00594079
0.00656907
0.00656907
0.00656907
0.00656907
0.00656907
0.00656907
0.00656907
0.00656907
0.00656907
0.00656907
0.00656907
0.00656907
0.00656907
0.00656907
0.00656907
0.00656907
0.00656907
0.00656907
0.00656907
0.00656907
0.00656907
0.00656907
0.00656907
0.00656907
0.00656907
0.00656907
0.00656907
0.00656907
0.00656907
0.00720918
0.00720918
0.00720918
0.00720918
0.00720918
0.00720918
0.00720918
0.00720918
0.00720918
0.00720918
0.00720918
0.00720918
0.00720918
0.00720918
0.00720918
0.00720918
0.00720918
0.00720918
0.00720918
0.00720918
0.00720918
0.00720918
0.00720918
0.00720918
0.00720918
0.00720918
0.00720918
0.00720918
0.00720918
0.00720918
0.00720918
0.00720918
0.00720918
0.00720918
0.00720918
0.00786302
0.00786302
0.00786302
0.00786302
0.00786302
0.00786302
0.00786302
0.00786302
0.00786302
0.00786302
0.00786302
0.00786302
0.00786302
0.00786302
0.00786302
0.00786302
0.00786302
0.00786302
0.00786302
0.00786302
0.00786302
0.00786302
0.00786302
0.00786302
0.00786302
0.00786302
0.00786302
0.00786302
0.00786302
0.00786302
0.00853166
0.00853166
0.00853166
0.00853166
0.00853166
0.00853166
0.00853166
0.00853166
0.00853166
0.00853166
0.00853166
0.00853166
0.00853166
0.00853166
0.00853166
0.00853166
0.00853166
0.00853166
0.00853166
0.00853166
0.00853166
0.00853166
0.00853166
0.00853166
0.00853166
0.00853166
0.00853166
0.00853166
0.00853166
0.00853166
0.00853166
0.00853166
0.00921491
0.00921491
0.00921491
0.00921491
0.00921491
0.00921491
0.00921491
0.00921491
0.00921491
0.00921491
0.00921491
0.00921491
0.00921491
0.00921491
0.00921491
0.00921491
0.00921491
0.00921491
0.00921491
0.00921491
0.00921491
0.00921491
0.00921491
0.00921491
0.00921491
0.00921491
0.00921491
0.00991091
0.00991091
0.00991091
0.00991091
0.00991091
0.00991091
0.00991091
0.00991091
0.00991091
0.00991091
0.00991091
0.00991091
0.00991091
0.00991091
0.00991091
0.00991091
0.00991091
0.00991091
0.00991091
0.00991091
0.00991091
0.00991091
0.00991091
0.00991091
0.00991091
0.00991091
0.00991091
0.00991091
0.00991091
0.00991091
0.0106169
0.0106169
0.0106169
0.0106169
0.0106169
0.0106169
0.0106169
0.0106169
0.0106169
0.0106169
0.0106169
0.0106169
0.0106169
0.0106169
0.0106169
0.0106169
0.0106169
0.0106169
0.0106169
0.0106169
0.0106169
0.0106169
0.0106169
0.0113308
0.0113308
0.0113308
0.0113308
0.0113308
0.0113308
0.0113308
0.0113308
0.0113308
0.0113308
0.0113308
0.0113308
0.0113308
0.0113308
0.0113308
0.0113308
0.0113308
0.0113308
0.0113308
0.0113308
0.0113308
0.0113308
0.0113308
0.0113308
0.0113308
0.0113308
0.0113308
0.0113308
0.0120523
0.0120523
0.0120523
0.0120523
0.0120523
0.0120523
0.0120523
0.0120523
0.0120523
0.0120523
0.0120523
0.0120523
0.0120523
0.0120523
0.0120523
0.0120523
0.0120523
0.0120523
0.0120523
0.0120523
0.0120523
0.0120523
0.0120523
0.0127828
0.0127828
0.0127828
0.0127828
0.0127828
0.0127828
0.0127828
0.0127828
0.0127828
0.0127828
0.0127828
0.0127828
0.0127828
0.0127828
0.0127828
0.0127828
0.0127828
0.0127828
0.0127828
0.0127828
0.0127828
0.0127828
0.0135249
0.0135249
0.0135249
0.0135249
0.0135249
0.0135249
0.0135249
0.0135249
0.0135249
0.0135249
0.0135249
0.0135249
0.0135249
0.0135249
0.0135249
0.0135249
0.0135249
0.0135249
0.0135249
0.0135249
0.0135249
0.0135249
0.0135249
0.0135249
0.0135249
0.0135249
0.0135249
0.0135249
0.0135249
0.0142824
0.0142824
0.0142824
0.0142824
0.0142824
0.0142824
0.0142824
0.0142824
0.0142824
0.0142824
0.0142824
0.0142824
0.0142824
0.0142824
0.0142824
0.0142824
0.0142824
0.0142824
0.0142824
0.0142824
0.0142824
0.0142824
0.0142824
0.0142824
0.0142824
0.0142824
0.0142824
0.0142824
0.0142824
0.0142824
0.0150596
0.0150596
0.0150596
0.0150596
0.0150596
0.0150596
0.0150596
0.0150596
0.0150596
0.0150596
0.0150596
0.0150596
0.0150596
0.0150596
0.0150596
0.0150596
0.0150596
0.0150596
0.0150596
0.0150596
0.0150596
0.0150596
0.0150596
0.0150596
0.0150596
0.0150596
0.0150596
0.0150596
0.0150596
0.0158613
0.0158613
0.0158613
0.0158613
0.0158613
0.0158613
0.0158613
0.0158613
0.0158613
0.0158613
0.0158613
0.0158613
0.0158613
0.0158613
0.0158613
0.0158613
0.0158613
0.0158613
0.0158613
0.0158613
0.0158613
0.0158613
0.0158613
0.0158613
0.0158613
0.0158613
0.0158613
0.0158613
0.0158613
0.0166917
0.0166917
0.0166917
0.0166917
0.0166917
0.0166917
0.0166917
0.0166917
0.0166917
0.0166917
0.0166917
0.0166917
0.0166917
0.0166917
0.0166917
0.0166917
0.0166917
0.0166917
0.0166917
0.0166917
0.0166917
0.0166917
0.0166917
0.0166917
0.0166917
0.0166917
0.0166917
0.0166917
0.0166917
0.0166917
0.017554
0.017554
0.017554
0.017554
0.017554
0.017554
0.017554
0.017554
0.017554
0.017554
0.017554
0.017554
0.017554
0.017554
0.017554
0.017554
0.017554
0.017554
0.017554
0.017554
0.017554
0.017554
0.017554
0.017554
0.017554
0.017554
0.017554
0.017554
0.017554
0.01845
0.01845
0.01845
0.01845
0.01845
0.01845
0.01845
0.01845
0.01845
0.01845
0.01845
0.01845
0.01845
0.01845
0.01845
0.01845
0.01845
0.01845
0.01845
0.01845
0.01845
0.01845
0.01845
0.01845
0.01845
0.01845
0.01845
0.01845
0.0193781
0.0193781
0.0193781
0.0193781
0.0193781
0.0193781
0.0193781
0.0193781
0.0193781
0.0193781
0.0193781
0.0193781
0.0193781
0.0193781
0.0193781
0.0193781
0.0193781
0.0193781
0.0193781
0.0193781
0.0193781
0.0193781
0.0193781
0.0193781
0.0193781
0.0193781
0.0193781
0.0193781
0.0203341
0.0203341
0.0203341
0.0203341
0.0203341
0.0203341
0.0203341
0.0203341
0.0203341
0.0203341
0.0203341
0.0203341
0.0203341
0.0203341
0.0203341
0.0203341
0.0203341
0.0203341
0.0203341
0.0203341
0.0203341
0.0203341
0.0203341
0.0213147
0.0213147
0.0213147
0.0213147
0.0213147
0.0213147
0.0213147
0.0213147
0.0213147
0.0213147
0.0213147
0.0213147
0.0213147
0.0213147
0.0213147
0.0213147
0.0213147
0.0213147
0.0213147
0.0213147
0.0213147
0.0213147
0.0213147
0.0213147
0.0213147
0.0223221
0.0223221
0.0223221
0.0223221
0.0223221
0.0223221
0.0223221
0.0223221
0.0223221
0.0223221
0.0223221
0.0223221
0.0223221
0.0223221
0.0223221
0.0223221
0.0223221
0.0223221
0.0223221
0.0223221
0.0223221
0.0223221
0.0223221
0.0223221
0.0233604
0.0233604
0.0233604
0.0233604
0.0233604
0.0233604
0.0233604
0.0233604
0.0233604
0.0233604
0.0233604
0.0233604
0.0233604
0.0233604
0.0233604
0.0233604
0.0233604
0.0233604
0.0233604
0.0233604
0.0233604
0.0233604
0.0233604
0.0233604
0.0233604
0.0244309
0.0244309
0.0244309
0.0244309
0.0244309
0.0244309
0.0244309
0.0244309
0.0244309
0.0244309
0.0244309
0.0244309
0.0244309
0.0244309
0.0244309
0.0244309
0.0244309
0.0244309
0.0244309
0.0244309
0.0244309
0.0244309
0.0244309
0.0244309
0.0255321
0.0255321
0.0255321
0.0255321
0.0255321
0.0255321
0.0255321
0.0255321
0.0255321
0.0255321
0.0255321
0.0255321
0.0255321
0.0255321
0.0255321
0.0255321
0.0255321
0.0255321
0.0255321
0.0255321
0.0255321
0.0255321
0.0266605
0.0266605
0.0266605
0.0266605
0.0266605
0.0266605
0.0266605
0.0266605
0.0266605
0.0266605
0.0266605
0.0266605
0.0266605
0.0266605
0.0266605
0.0266605
0.0266605
0.0266605
0.0266605
0.0278114
0.0278114
0.0278114
0.0278114
0.0278114
0.0278114
0.0278114
0.0278114
0.0278114
0.0278114
0.0278114
0.0278114
0.0278114
0.0278114
0.0278114
0.0278114
0.0289801
0.0289801
0.0289801
0.0289801
0.0289801
0.0289801
0.0289801
0.0289801
0.0289801
0.0289801
0.0289801
0.034271
0.034317
0.0343666
0.034271
0.034271
0.034271
0.034271
0.034271
0.034271
0.034271
0.0339837
0.0327445
0.0340067
0.0340067
0.0327242
0.0339427
0.0325791
0.0325791
0.0325791
0.0338195
0.0325791
0.0338294
0.0338515
0.0338639
0.0338639
0.0351632
0.0351808
0.0364983
0.0364983
0.0351808
0.0351999
0.0351999
0.0364983
0.0365465
0.0366027
0.0379709
0.0380092
0.0380092
0.0394685
0.0394685
0.0394685
0.0409237
0.0409893
0.0410602
0.0424988
0.0440563
0.0441602
0.0441602
0.0442723
0.0442723
0.0459297
0.0474957
0.0474957
0.0492743
0.050922
0.0511418
0.0511418
0.050922
0.0545896
0.0545896
0.0566963
0.0548843
0.0548843
0.0585483
0.0604398
0.0604398
0.0628574
0.0669588
0.0684247
0.0663578
0.0684247
0.0690917
0.0684247
0.0727436
0.0727436
0.0773582
0.0787626
0.0825172
0.0825172
0.0836819
0.0875711
