-0.0427322
-0.0417375
-0.0407428
-0.0397481
-0.0387534
-0.0377588
-0.0367641
-0.0357694
-0.0347747
-0.03378
-0.0327853
-0.0317907
-0.030796
-0.0298013
-0.0288066
-0.0278119
-0.0268172
-0.0258225
-0.0248279
-0.0238332
-0.0228385
-0.0218438
-0.0208491
-0.0198544
-0.0188598
-0.0178651
-0.0168704
-0.0158757
-0.014881
-0.0138863
-0.0128916
-0.011897
-0.0109023
-0.0099076
-0.00891291
-0.00791823
-0.00692354
-0.00592886
-0.00493417
-0.00393949
-0.00294481
-0.00195012
-0.000955437
3.92478e-05
0.00103393
0.00202862
0.0030233
0.00401799
0.00501267
0.00600735
0.00700204
0.00799672
0.00899141
0.00998609
0.0109808
0.0119755
0.0129701
0.0139648
0.0149595
0.0159542
0.0169489
0.0179436
0.0189383
0.0199329
0.0209276
0.0219223
0.022917
0.0239117
0.0249064
0.025901
0.0268957
0.0278904
0.0288851
0.0298798
0.0308745
0.0318691
0.0328638
0.0338585
0.0348532
0.0358479
0.0368426
0.0378373
0.0388319
0.0398266
0.0408213
0.041816
0.0428107
0.0438054
0.0448
0.0457947
0.0467894
0.0477841
0.0487788
0.0497735
0.0507682
0.0517628
0.0527575
0.0537522
0.0547469
0.0557416
0.0567363
0.0577309
