-4.98335
-4.98335
-4.98335
-4.98335
-4.98335
-4.98335
-4.98335
-4.98335
-4.98335
-4.98335
-4.98335
-4.98335
-4.98335
-4.98335
-4.98335
-4.98335
-4.98335
-4.98335
-4.98335
-4.98335
-4.98335
-4.98335
-4.98335
-4.98335
-4.98335
-4.98335
-4.98335
-4.98335
-4.98335
-4.98335
-4.98335
-4.98335
-4.98335
-4.98335
-4.98335
-4.98335
-4.98335
-4.98335
-4.98335
-4.98335
-4.98335
-4.98335
-4.98335
-4.98335
-4.98335
-4.98335
-4.98335
-4.98335
-4.98335
-4.98335
-4.98335
-4.98335
-4.98335
-4.98335
-4.98335
-4.98335
-4.98335
-4.98335
-4.98335
-4.98335
-4.98335
-4.98335
-4.98335
-4.98335
-4.98335
-4.98335
-4.98335
-4.98335
-4.98335
-4.98335
-4.98335
-4.98335
-4.98335
-4.98335
-4.98335
-4.98335
-4.98335
-4.98335
-4.98335
-4.98335
-4.98335
-4.98335
-4.98335
-4.98335
-4.98335
-4.98335
-4.98335
-4.98335
-4.98335
-4.98335
-4.98335
-4.98335
-4.98335
-4.98335
-4.98335
-4.98335
-4.98335
-4.98335
-4.98335
-4.98335
-4.98335
-4.98335
-4.98335
-4.98335
-4.98335
-4.98335
-4.98335
-4.98335
-4.98335
-4.98335
-4.98335
-4.98335
-4.98335
-4.98335
-4.98335
-4.98335
-4.98335
-4.98335
-4.98335
-4.98335
-4.98335
-4.98335
-4.98335
-4.98335
-4.98335
-4.98335
-4.98335
-4.98335
-4.98335
-4.98335
-4.98335
-4.98335
-4.98335
-4.98335
-4.98335
-4.98335
-4.98335
-4.98335
-4.98335
-4.98335
-4.98335
-4.98335
-4.98335
-4.98335
-4.98335
-4.98335
-4.98335
-4.98335
-4.98335
-4.98335
-4.98335
-4.98335
-4.98335
-4.98335
-4.98335
-4.98335
-4.98335
-4.98335
-4.98335
-4.98335
-4.98335
-4.98335
-4.98335
-4.98335
-4.98335
-4.98335
-4.98335
-4.98335
-4.98335
-4.98335
-4.98335
-4.98335
-4.98335
-4.98335
-4.98335
-4.98335
-4.98335
-4.98335
-4.98335
-4.98335
-4.98335
-4.98335
-4.98335
-4.98335
-4.98335
-4.98335
-4.98335
-4.98335
-4.98335
-4.98335
-4.98335
-4.98335
-4.98335
-4.98335
-4.98335
-4.98335
-4.98335
-4.98335
-4.98335
-4.98335
-4.98335
-4.98335
-4.98335
-4.98335
-4.98335
-4.98335
-4.98335
-4.98335
-4.98335
-4.98335
-4.98335
-4.98335
-4.98335
-4.98335
-4.98335
-4.98335
-4.98335
-4.98335
-4.98335
-4.98335
-4.98335
-4.98335
-4.98335
-4.98335
-4.98335
-4.98335
-4.98335
-4.98335
-4.98335
-4.98335
-4.98335
-4.98335
-4.98335
-4.98335
-4.98335
-4.98335
-4.98335
-4.98335
-4.98335
-4.98335
-4.98335
-4.98335
-4.98335
-4.98335
-4.98335
-4.98335
-4.98335
-4.98335
-4.98335
-4.98335
-4.98335
-4.98335
-4.98335
-4.98335
-4.98335
-4.98335
-4.98335
-4.98335
-4.98335
-4.98335
-4.98335
-4.98335
-4.98335
-4.98335
-4.98335
-4.98335
-4.98335
-4.98335
-4.98335
-4.98335
-4.98335
-4.98335
-4.98335
-4.98335
-4.98335
-4.98335
-4.98335
-4.98335
-4.98335
-4.98335
-4.98335
-4.98335
-4.98335
-4.98335
-4.98335
-4.98335
-4.98335
-4.98335
-4.98335
-4.98335
-4.98335
-4.98335
-4.98335
-4.98335
-4.98335
-4.98335
-4.98335
-4.98335
-4.98335
-4.98335
-4.98335
-4.98335
-4.98335
-4.98335
-4.98335
-4.98335
-4.98335
-4.98335
-4.98335
-4.98335
-4.98335
-4.98335
-4.98335
-4.98335
-4.98335
-4.98335
-4.98335
-4.98335
-4.98335
-4.98335
-4.98335
-4.98335
-4.98335
-4.98335
-4.98335
-4.98335
-4.98335
-4.98335
-4.98335
-4.98335
-4.98335
-4.98335
-4.98335
-4.98335
-4.98335
-4.98335
-4.98335
-4.98335
-4.98335
-4.98335
-4.98335
-4.98335
-4.98335
-4.98335
-4.98335
-4.98335
-4.98335
-4.98335
-4.98335
-4.98335
-4.98335
-4.98335
-4.98335
-4.98335
-4.98335
-4.98335
-4.98335
-4.98335
-4.98335
-4.98335
-4.98335
-4.98335
-4.98335
-4.98335
-4.98335
-4.98335
-4.98335
-4.98335
-4.98335
-4.98335
-4.98335
-4.98335
-4.98335
-4.98335
-4.98335
-4.98335
-4.98335
-4.98335
-4.98335
-4.98335
-4.98335
-4.98335
-4.98335
-4.98335
-4.98335
-4.98335
-4.98335
-4.98335
-4.98335
-4.98335
-4.98335
-4.98335
-4.98335
-4.98335
-4.98335
-4.98335
-4.98335
-4.98335
-4.98335
-4.98335
-4.98335
-4.98335
-4.98335
-4.98335
-4.98335
-4.98335
-4.98335
-4.98335
-4.98335
-4.98335
-4.98335
-4.98335
-4.98335
-4.98335
-4.98335
-4.98335
-4.98335
-4.98335
-4.98335
-4.98335
-4.98335
-4.98335
-4.98335
-4.98335
-4.98335
-4.98335
-4.98335
-4.98335
-4.98335
-4.98335
-4.98335
-4.98335
-4.98335
-4.98335
-4.98335
-4.98335
-4.98335
-4.98335
-4.98335
-4.98335
-4.98335
-4.98335
-4.98335
-4.98335
-4.98335
-4.98335
-4.98335
-4.98335
-4.98335
-4.98335
-4.98335
-4.98335
-4.98335
-4.98335
-4.98335
-4.98335
-4.98335
-4.98335
-4.98335
-4.98335
-4.98335
-4.98335
-4.98335
-4.98335
-4.98335
-4.98335
-4.98335
-4.98335
-4.98335
-4.98335
-4.98335
-4.98335
-4.98335
-4.98335
-4.98335
-4.98335
-4.98335
-4.98335
-4.98335
-4.98335
-4.98335
-4.98335
-4.98335
-4.98335
-4.98335
-4.98335
-4.98335
-4.98335
-4.98335
-4.98335
-4.98335
-4.98335
-4.98335
-4.98335
-4.98335
-4.98335
-4.98335
-4.98335
-4.98335
-4.98335
-4.98335
-4.98335
-4.98335
-4.98335
-4.98335
-4.98335
-4.98335
-4.98335
-4.98335
-4.98335
-4.98335
-4.98335
-4.98335
-4.98335
-4.98335
-4.98335
-4.98335
-4.98335
-4.98335
-4.98335
-4.98335
-4.98335
-4.98335
-4.98335
-4.98335
-4.98335
-4.98335
-4.98335
-4.98335
-4.98335
-4.98335
-4.98335
-4.98335
-4.98335
-4.98335
-4.98335
-4.98335
-4.98335
-4.98335
-4.98335
-4.98335
-4.98335
-4.98335
-4.98335
-4.98335
-4.98335
-4.98335
-4.98335
-4.98335
-4.98335
-4.98335
-4.98335
-4.98335
-4.98335
-4.98335
-4.98335
-4.98335
-4.98335
-4.98335
-4.98335
-4.98335
-4.98335
-4.98335
-4.98335
-4.98335
-4.98335
-4.98335
-4.98335
-4.98335
-4.98335
-4.98335
-4.98335
-4.98335
-4.98335
-4.98335
-4.98335
-4.98335
-4.98335
-4.98335
-4.98335
-4.98335
-4.98335
-4.98335
-4.98335
-4.98335
-4.98335
-4.98335
-4.98335
-4.98335
-4.98335
-4.98335
-4.98335
-4.98335
-4.98335
-4.98335
-4.98335
-4.98335
-4.98335
-4.98335
-4.98335
-4.98335
-4.98335
-4.98335
-4.98335
-4.98335
-4.98335
-4.98335
-4.98335
-4.98335
-4.98335
-4.98335
-4.98335
-4.98335
-4.98335
-4.98335
-4.98335
-4.98335
-4.98335
-4.98335
-4.98335
-4.98335
-4.98335
-4.98335
-4.98335
-4.98335
-4.98335
-4.98335
-4.98335
-4.98335
-4.98335
-4.98335
-4.98335
-4.98335
-4.98335
-4.98335
-4.98335
-4.98335
-4.98335
-4.98335
-4.98335
-4.98335
-4.98335
-4.98335
-4.98335
-4.98335
-4.98335
-4.98335
-4.98335
-4.98335
-4.98335
-4.98335
-4.98335
-4.98335
-4.98335
-4.98335
-4.98335
-4.98335
-4.98335
-4.98335
-4.98335
-4.98335
-4.98335
-4.98335
-4.98335
-4.98335
-4.98335
-4.98335
-4.98335
-4.98335
-4.98335
-4.98335
-4.98335
-4.98335
-4.98335
-4.98335
-4.98335
-4.98335
-4.98335
-4.98335
-4.98335
-4.98335
-4.98335
-4.98335
-4.98335
-4.98335
-4.98335
-4.98335
-4.98335
-4.98335
-4.98335
-4.98335
-4.98335
-4.98335
-4.98335
-4.98335
-4.98335
-4.98335
-4.98335
-4.98335
-4.98335
-4.98335
-4.98335
-4.98335
-4.98335
-4.98335
-4.98335
-4.98335
-4.98335
-4.98335
-4.98335
-4.98335
-4.98335
-4.98335
-4.98335
-4.98335
-4.98335
-4.98335
-4.98335
-4.98335
-4.98335
-4.98335
-4.98335
-4.98335
-4.98335
-4.98335
-4.98335
-4.98335
-4.98335
-4.98335
-4.98335
-4.98335
-4.98335
-4.98335
-4.98335
-4.98335
-4.98335
-4.98335
-4.98335
-4.98335
-4.98335
-4.98335
-4.98335
-4.98335
-4.98335
-4.98335
-4.98335
-4.98335
-4.98335
-4.98335
-4.98335
-4.98335
-4.98335
-4.98335
-4.98335
-4.98335
-4.98335
-4.98335
-4.98335
-4.98335
-4.98335
-4.98335
-4.98335
-4.98335
-4.98335
-4.98335
-4.98335
-4.98335
-4.98335
-4.98335
-4.98335
-4.98335
-4.98335
-4.98335
-4.98335
-4.98335
-4.98335
-4.98335
-4.98335
-4.98335
-4.98335
-4.98335
-4.98335
-4.98335
-4.98335
-4.98335
-4.98335
-4.98335
-4.98335
-4.98335
-4.98335
-4.98335
-4.98335
-4.98335
-4.98335
-4.98335
-4.98335
-4.98335
-4.98335
-4.98335
-4.98335
-4.98335
-4.98335
-4.98335
-4.98335
-4.98335
-4.98335
-4.98335
-4.98335
-4.98335
-4.98335
-4.98335
-4.98335
-4.98335
-4.98335
-4.98335
-4.98335
-4.98335
-4.98335
-4.98335
-4.98335
-4.98335
-4.98335
-4.98335
-4.98335
-4.98335
-4.98335
-4.98335
-4.98335
-4.98335
-4.98335
-4.98335
-4.98335
-4.98335
-4.98335
-4.98335
-4.98167
-4.98167
-4.98167
-4.98167
-4.98167
-4.98167
-4.98167
-4.98167
-4.98167
-4.98167
-4.98167
-4.98167
-4.98167
-4.98167
-4.98167
-4.98167
-4.98167
-4.98167
-4.98167
-4.98167
-4.98167
-4.98167
-4.98167
-4.98167
-4.98167
-4.98167
-4.98167
-4.98167
-4.98167
-4.98167
-4.98167
-4.98167
-4.98167
-4.98167
-4.98167
-4.98167
-4.98167
-4.98167
-4.98167
-4.98167
-4.98167
-4.98167
-4.98167
-4.98167
-4.98167
-4.98167
-4.98167
-4.98167
-4.98167
-4.98167
-4.98167
-4.98167
-4.98167
-4.98167
-4.98167
-4.98167
-4.98167
-4.98167
-4.98167
-4.98167
-4.98167
-4.98167
-4.98167
-4.98167
-4.98167
-4.98167
-4.98167
-4.98167
-4.98167
-4.98167
-4.98167
-4.98167
-4.98167
-4.98167
-4.98167
-4.98167
-4.98167
-4.98167
-4.98167
-4.98167
-4.98167
-4.98167
-4.98167
-4.98167
-4.98167
-4.98167
-4.98167
-4.98167
-4.98167
-4.98167
-4.98167
-4.98167
-4.98167
-4.98167
-4.98167
-4.98167
-4.98167
-4.98167
-4.98167
-4.98167
-4.98167
-4.98167
-4.98167
-4.98167
-4.98167
-4.98167
-4.98167
-4.98167
-4.98167
-4.98167
-4.98167
-4.98167
-4.98167
-4.98167
-4.98167
-4.98167
-4.98167
-4.98167
-4.98167
-4.98167
-4.98167
-4.98167
-4.98167
-4.98167
-4.98167
-4.98167
-4.98167
-4.98167
-4.98167
-4.98167
-4.98167
-4.98167
-4.98167
-4.98167
-4.98167
-4.98167
-4.98167
-4.98167
-4.98167
-4.98167
-4.98167
-4.98167
-4.98167
-4.98167
-4.98167
-4.98167
-4.98167
-4.98167
-4.98167
-4.98167
-4.98167
-4.98167
-4.98167
-4.98167
-4.98167
-4.98167
-4.98167
-4.98167
-4.98167
-4.98167
-4.98167
-4.98167
-4.98167
-4.98167
-4.98167
0.243858
0.243841
0.242483
0.241129
0.23978
0.23838
0.237097
0.23582
0.234552
0.23326
0.23198
0.230699
0.229412
0.227959
0.226789
0.225615
0.224442
0.223259
0.222082
0.220919
0.219753
0.218581
0.21717
0.216103
0.215046
0.213971
0.21291
0.211843
0.210776
0.209721
0.208659
0.207598
0.206379
0.205389
0.204404
0.203404
0.20242
0.201436
0.200447
0.199456
0.198464
0.197476
0.196471
0.195489
0.19447
0.193531
0.192592
0.191663
0.190731
0.189774
0.188849
0.187909
0.186955
0.186021
0.185087
0.184178
0.183294
0.182371
0.181485
0.180569
0.179673
0.178782
0.177885
0.176986
0.176089
0.175253
0.174321
0.173456
0.172584
0.171723
0.170857
0.169994
0.169128
0.168257
0.167399
0.166563
0.165664
0.164809
0.16394
0.163106
0.162257
0.161421
0.160557
0.159713
0.158882
0.158053
0.157216
0.156389
0.155565
0.154723
0.153912
0.153089
0.152264
0.15145
0.15067
0.149846
0.149002
0.148203
0.14739
0.146586
0.145781
0.14498
0.144174
0.143385
0.142603
0.14178
0.140971
0.140186
0.13942
0.138633
0.13783
0.137037
0.136239
0.135468
0.134663
0.133875
0.133096
0.132311
0.131527
0.130729
0.129947
0.129171
0.128404
0.127602
0.126828
0.126054
0.125278
0.124499
0.123746
0.122974
0.122221
0.121434
0.120681
0.11992
0.119159
0.118404
0.117648
0.116881
0.116122
0.115362
0.114604
0.113851
0.113111
0.112354
0.111594
0.110849
0.110088
0.109335
0.108582
0.107814
0.10706
0.106321
0.105564
0.1048
0.10404
0.103289
0.102534
0.101772
0.101019
0.100268
0.0995087
0.0987505
0.0979876
0.0972343
0.096482
0.0957269
0.0949851
0.094233
0.0934926
0.0927301
0.0919972
0.091244
0.0904975
0.0897497
0.0890233
0.0882601
0.0875287
0.0867859
0.0860492
0.0853145
0.0845804
0.0838473
0.0831107
0.0823885
0.0816645
0.0809322
0.080228
0.0795019
0.0787809
0.0780784
0.0773686
0.0766553
0.0759639
0.0752657
0.0745583
0.0738691
0.0731823
0.0724919
0.0718245
0.0711252
0.0704491
0.0697708
0.0691019
0.0684239
0.0677742
0.0670961
0.0664387
0.0657775
0.0651202
0.0644692
0.0638085
0.0631597
0.0625196
0.0618718
0.0612258
0.0606088
0.0599581
0.0593266
0.0587009
0.0580714
0.0574634
0.0568242
0.0562159
0.0556015
0.0549886
0.0543857
0.0537737
0.0531843
0.05259
0.0519985
0.0514191
0.0508131
0.0502354
0.0496587
0.0490713
0.0485151
0.0479376
0.0473765
0.0468219
0.0462638
0.0457056
0.0451624
0.0446205
0.0440818
0.0435515
0.0430262
0.0424977
0.0419831
0.0414711
0.0409553
0.0404434
0.0399472
0.0394549
0.0389588
0.0384641
0.0379783
0.0375059
0.0370314
0.0365644
0.0360897
0.0356235
0.0351729
0.0347185
0.0342653
0.0338349
0.0333666
0.0329309
0.0324961
0.0320539
0.0316252
0.0312053
0.0307842
0.0303645
0.0299396
0.0295301
0.0291273
0.0287277
0.0283192
0.0279317
0.0275427
0.0271575
0.026773
0.0263799
0.0260138
0.025649
0.0252794
0.0249154
0.0245511
0.0241996
0.0238498
0.023498
0.0231435
0.0228132
0.0224775
0.0221437
0.0218119
0.0214827
0.0211666
0.0208507
0.0205343
0.0202143
0.0199144
0.0196111
0.0193106
0.0190143
0.0187123
0.0184298
0.0181436
0.0178608
0.0175687
0.0172955
0.0170269
0.0167533
0.0164831
0.0162122
0.0159575
0.0156976
0.0154396
0.0151787
0.0149301
0.0146805
0.014435
0.0141882
0.0139436
0.013705
0.013464
0.0132291
0.0129907
0.0127665
0.0125384
0.0123097
0.012089
0.0118681
0.0116507
0.0114299
0.0112131
0.0110007
0.0107944
0.0105878
0.0103853
0.0101775
0.00997923
0.00978495
0.00959061
0.0093922
0.00921336
0.00902981
0.00884799
0.00867046
0.00849053
0.00832104
0.00815431
0.0079849
0.00781259
0.00765525
0.007497
0.00733784
0.00717462
0.00702913
0.00688262
0.00673361
0.00658908
0.00644278
0.00630464
0.00616726
0.00603239
0.0058892
0.00575818
0.00562851
0.00549791
0.00536963
0.00524448
0.00512299
0.00500473
0.00488196
0.004758
0.00464235
0.00452774
0.00441074
0.00429839
0.00418681
0.00407793
0.00397263
0.0038651
0.00375725
0.00365663
0.00355608
0.00345706
0.0033603
0.00326045
0.00316818
0.00307868
0.00298644
0.00289415
0.00280527
0.00271956
0.00263617
0.00255308
0.00246716
0.00238295
0.00230558
0.00222889
0.00214931
0.0020719
0.00199321
0.00192172
0.00185124
0.00177733
0.00170612
0.00163444
0.00156545
0.00149829
0.00143093
0.0013658
0.00129692
0.00123309
0.00117104
0.00110974
0.00104822
0.00099845
0.000924377
0.000868225
0.000808049
0.000751247
0.000692243
0.000637722
0.000584903
0.000528696
0.000476021
0.000429499
0.000372011
0.000320275
0.00027219
0.000223556
0.000181242
0.000124183
8.11159e-05
3.82956e-05
-6.79909e-06
-4.03065e-05
-9.37184e-05
-0.000131018
-0.000169917
-0.000208658
-0.000232524
-0.000284186
-0.00031697
-0.000352334
-0.000382922
-0.000415862
-0.000449442
-0.000473779
-0.000502999
-0.000529916
-0.000556586
-0.00057972
-0.000602624
-0.000623087
-0.000642778
-0.000664385
-0.00068377
-0.000697969
-0.000712146
-0.000726182
-0.000740313
-0.000751227
-0.000761342
-0.000767723
-0.000776165
-0.000782983
-0.000791723
-0.000793459
-0.000795151
-0.000796989
-0.000798265
-0.00079953
-0.000795436
-0.000791358
-0.000787191
-0.000782162
-0.00077832
-0.000768847
-0.00075959
-0.000750103
-0.00073857
-0.000716036
-0.000716738
-0.000702449
-0.00068809
-0.00067165
-0.000648237
-0.00063883
-0.000620218
-0.000601455
-0.000582625
-0.000554871
-0.000541725
-0.00051881
-0.000495993
-0.000473111
-0.000450251
-0.000425988
-0.000399306
-0.000372594
-0.000345702
-0.000319121
-0.000282617
-0.000263488
-0.000232019
-0.000199816
-0.000169127
-0.00013797
-0.000105611
-7.19423e-05
-3.48694e-05
-5.9861e-08
3.47318e-05
8.8395e-05
0.000111002
0.000151657
0.00019117
0.000232792
0.000273224
0.000332433
0.00036037
0.000404736
0.000451906
0.000496822
0.000542555
0.000591727
0.000642947
0.000692812
0.000742616
0.000793839
0.000842819
0.000895883
0.000950925
0.00100651
0.00106085
0.0011147
0.00118358
0.00122864
0.0012858
0.00134677
0.00140425
0.00146328
0.00153701
0.00158443
0.00164948
0.00171175
0.00177627
0.00183945
0.00190424
0.00197221
0.00203854
0.00210605
0.00217526
0.0022422
0.00231175
0.00238077
0.00245599
0.00252737
0.00260005
0.00267392
0.00274506
0.00283904
0.002897
0.00297562
0.00305506
0.00313097
0.00321112
0.00328755
0.00337105
0.00345153
0.00353636
0.00361728
0.00370127
0.00378272
0.00388503
0.00395217
0.00404094
0.00412725
0.00421737
0.00430375
0.0043926
0.00450045
0.00457288
0.00466364
0.00475834
0.00484987
0.0049444
0.00503797
0.00513375
0.00525378
0.00532826
0.00542757
0.00552424
0.00562364
0.00572114
0.0058189
0.00594481
0.0060224
0.00612766
0.0062329
0.00633664
0.00644214
0.00654447
0.00664965
0.0067775
0.0068662
0.00698079
0.00708788
0.00719834
0.00730711
0.00741864
0.00752677
0.00766135
0.00775135
0.00786837
0.00798456
0.00809863
0.00821191
0.00832824
0.00844251
0.00858198
0.00868585
0.00880654
0.00892658
0.00904852
0.0091669
0.00928406
0.00940562
0.00955132
0.00965343
0.00977801
0.00990497
0.0100296
0.0101568
0.0102804
0.0104048
0.0105319
0.0106915
0.010795
0.0109217
0.0110538
0.0111905
0.0113218
0.0114486
0.011582
0.011715
0.011854
0.0119925
0.0121281
0.0122676
0.0124081
0.0125457
0.0126833
0.0128193
0.0129561
0.0131391
0.0132482
0.0133959
0.0135391
0.0136852
0.01383
0.0139765
0.0141186
0.0143005
0.014458
0.0145706
0.0147237
0.0148808
0.0150312
0.015187
0.0153383
0.0154947
0.0156848
0.0158498
0.0159715
0.0161319
0.0162917
0.0164589
0.0166201
0.0167821
0.0169425
0.0171072
0.0173107
0.0174436
0.0176164
0.0177859
0.0179539
0.0181267
0.0182952
0.0184666
0.018641
0.0188532
0.0189943
0.0191721
0.0193515
0.0195324
0.0197095
0.0198892
0.0200709
0.0202483
0.0204662
0.0206604
0.0208053
0.0209893
0.0211797
0.0213686
0.0215532
0.0217435
0.0219344
0.0221183
0.0223597
0.0225065
0.0227067
0.0229031
0.0230963
0.0232968
0.0234956
0.0236883
0.0238881
0.0241319
0.0243372
0.0244925
0.0246957
0.0249074
0.0251131
0.0253165
0.0255243
0.0257298
0.0259356
0.0261919
0.026401
0.026576
0.0267905
0.0270089
0.0272207
0.0274384
0.0276544
0.0278668
0.0280852
0.0283501
0.028532
0.0287525
0.0289782
0.029206
0.029427
0.029655
0.0298788
0.0301067
0.030333
0.0306188
0.0308015
0.031038
0.0312755
0.0315118
0.031748
0.031988
0.0322184
0.0324586
0.0326983
0.0329905
0.0331866
0.0334322
0.0336811
0.033926
0.0341744
0.0344249
0.03467
0.0349202
0.035171
0.0354882
0.035684
0.0359411
0.0362018
0.0364613
0.0367231
0.0369832
0.0372434
0.0375041
0.0377645
0.0380852
0.0382998
0.0385717
0.0388454
0.0391172
0.0393905
0.039664
0.0399353
0.0402055
0.0404729
0.0408245
0.0410395
0.0413247
0.0416133
0.0418953
0.0421826
0.0424659
0.0427487
0.0430267
0.0433109
0.0436786
0.0439048
0.0442042
0.0445023
0.0448058
0.0451023
0.0454009
0.045695
0.0460005
0.0462952
0.0466786
0.046911
0.0472269
0.047542
0.0478517
0.0481719
0.0484889
0.0488039
0.0491178
0.0494248
0.0498425
0.0500785
0.0504129
0.0507499
0.051075
0.0514052
0.0517394
0.0520771
0.0524013
0.0527308
0.0531549
0.0534168
0.0537699
0.0541195
0.0544703
0.0548275
0.0551771
0.0555211
0.0558802
0.0562342
0.0566895
0.0569662
0.0573372
0.057704
0.0580756
0.0584443
0.058816
0.0591824
0.059548
0.0600279
0.0603219
0.0607214
0.0611054
0.0615059
0.0619002
0.0622882
0.0626849
0.063077
0.0634646
0.0640126
0.0643002
0.0647154
0.0651377
0.0655626
0.0659714
0.0663919
0.0668104
0.0672221
0.067647
0.0682503
0.06856
0.0690125
0.0694646
0.0699214
0.0703746
0.0708179
0.0712683
0.0717194
0.0723782
0.0727082
0.0731909
0.0736887
0.0741725
0.0746598
0.0751473
0.0756455
0.0763304
0.076693
0.0772248
0.0777545
0.0782849
0.0788088
0.0793394
0.0798845
0.0805867
0.08098
0.0815596
0.0821216
0.0826806
0.0832546
0.083823
0.0843931
0.0851425
0.0855648
0.0861806
0.0868003
0.0874172
0.0880347
0.0886455
0.0892655
0.0900663
0.0905443
0.0912107
0.0918634
0.0925191
0.09319
0.0938545
0.094517
0.0952069
0.095909
0.0966264
0.0973496
0.0980681
0.098794
0.0995181
0.100511
0.101061
0.101844
0.102633
0.103394
0.104179
0.104992
0.105816
0.106683
0.10755
0.108426
0.109293
0.11018
0.111034
0.112005
0.113019
0.113997
0.114996
0.115997
0.116999
0.118157
0.119289
0.120439
0.121611
0.122746
0.124058
0.125381
0.126715
0.128031
0.130052
0.131082
0.132669
0.134247
0.135797
0.137778
0.13979
0.141786
0.144249
0.146737
0.149934
0.15247
0.154841
0.157336
0.159959
0.16284
0.165787
0.168948
0.172226
0.175637
0.17966
0.18338
0.187265
0.192207
0.197189
0.202114
0.207051
0.212678
0.218618
0.225217
0.232724
0.239078
0.246659
0.256251
0.263605
0.273888
0.282793
0.295276
0.305659
0.320249
0.331982
0.349492
0.362977
