-0.282342
-0.282284
-0.282226
-0.282168
-0.28211
-0.282052
-0.281994
-0.281936
-0.281878
-0.28182
-0.281762
-0.281704
-0.281646
-0.281587
-0.281529
-0.281471
-0.281413
-0.281355
-0.281297
-0.281239
-0.281181
-0.281123
-0.281065
-0.281007
-0.280949
-0.28089
-0.280832
-0.280774
-0.280716
-0.280658
-0.2806
-0.280542
-0.280484
-0.280426
-0.280368
-0.28031
-0.280252
-0.280193
-0.280135
-0.280077
-0.280019
-0.279961
-0.279903
-0.279845
-0.279787
-0.279729
-0.279671
-0.279613
-0.279555
-0.279496
-0.279438
-0.27938
-0.279322
-0.279264
-0.279206
-0.279148
-0.27909
-0.279032
-0.278974
-0.278916
-0.278858
-0.278799
-0.278741
-0.278683
-0.278625
-0.278567
-0.278509
-0.278451
-0.278393
-0.278335
-0.278277
-0.278219
-0.278161
-0.278102
-0.278044
-0.277986
-0.277928
-0.27787
-0.277812
-0.277754
-0.277696
-0.277638
-0.27758
-0.277522
-0.277464
-0.277405
-0.277347
-0.277289
-0.277231
-0.277173
-0.277115
-0.277057
-0.276999
-0.276941
-0.276883
-0.276825
-0.276767
-0.276708
-0.27665
-0.276592
-0.276534
-0.276476
-0.276418
-0.27636
-0.276302
-0.276244
-0.276186
-0.276128
-0.276069
-0.276011
-0.275953
-0.275895
-0.275837
-0.275779
-0.275721
-0.275663
-0.275605
-0.275547
-0.275489
-0.275431
-0.275372
-0.275314
-0.275256
-0.275198
-0.27514
-0.275082
-0.275024
-0.274966
-0.274908
-0.27485
-0.274792
-0.274734
-0.274675
-0.274617
-0.274559
-0.274501
-0.274443
-0.274385
-0.274327
-0.274269
-0.274211
-0.274153
-0.274095
-0.274037
-0.273978
-0.27392
-0.273862
-0.273804
-0.273746
-0.273688
-0.27363
-0.273572
-0.273514
-0.273456
-0.273398
-0.27334
-0.273281
-0.273223
-0.273165
-0.273107
-0.273049
-0.272991
-0.272933
-0.272875
-0.272817
-0.272759
-0.272701
-0.272643
-0.272584
-0.272526
-0.272468
-0.27241
-0.272352
-0.272294
-0.272236
-0.272178
-0.27212
-0.272062
-0.272004
-0.271946
-0.271887
-0.271829
-0.271771
-0.271713
-0.271655
-0.271597
-0.271539
-0.271481
-0.271423
-0.271365
-0.271307
-0.271249
-0.27119
-0.271132
-0.271074
-0.271016
-0.270958
-0.2709
-0.270842
-0.270784
-0.270726
-0.270668
-0.27061
-0.270552
-0.270493
-0.270435
-0.270377
-0.270319
-0.270261
-0.270203
-0.270145
-0.270087
-0.270029
-0.269971
-0.269913
-0.269854
-0.269796
-0.269738
-0.26968
-0.269622
-0.269564
-0.269506
-0.269448
-0.26939
-0.269332
-0.269274
-0.269216
-0.269157
-0.269099
-0.269041
-0.268983
-0.268925
-0.268867
-0.268809
-0.268751
-0.268693
-0.268635
-0.268577
-0.268519
-0.26846
-0.268402
-0.268344
-0.268286
-0.268228
-0.26817
-0.268112
-0.268054
-0.267996
-0.267938
-0.26788
-0.267822
-0.267763
-0.267705
-0.267647
-0.267589
-0.267531
-0.267473
-0.267415
-0.267357
-0.267299
-0.267241
-0.267183
-0.267125
-0.267066
-0.267008
-0.26695
-0.266892
-0.266834
-0.266776
-0.266718
-0.26666
-0.266602
-0.266544
-0.266486
-0.266428
-0.266369
-0.266311
-0.266253
-0.266195
-0.266137
-0.266079
-0.266021
-0.265963
-0.265905
-0.265847
-0.265789
-0.265731
-0.265672
-0.265614
-0.265556
-0.265498
-0.26544
-0.265382
-0.265324
-0.265266
-0.265208
-0.26515
-0.265092
-0.265034
-0.264975
-0.264917
-0.264859
-0.264801
-0.264743
-0.264685
-0.264627
-0.264569
-0.264511
-0.264453
-0.264395
-0.264336
-0.264278
-0.26422
-0.264162
-0.264104
-0.264046
-0.263988
-0.26393
-0.263872
-0.263814
-0.263756
-0.263698
-0.263639
-0.263581
-0.263523
-0.263465
-0.263407
-0.263349
-0.263291
-0.263233
-0.263175
-0.263117
-0.263059
-0.263001
-0.262942
-0.262884
-0.262826
-0.262768
-0.26271
-0.262652
-0.262594
-0.262536
-0.262478
-0.26242
-0.262362
-0.262304
-0.262245
-0.262187
-0.262129
-0.262071
-0.262013
-0.261955
-0.261897
-0.261839
-0.261781
-0.261723
-0.261665
-0.261607
-0.261548
-0.26149
-0.261432
-0.261374
-0.261316
-0.261258
-0.2612
-0.261142
-0.261084
-0.261026
-0.260968
-0.26091
-0.260851
-0.260793
-0.260735
-0.260677
-0.260619
-0.260561
-0.260503
-0.260445
-0.260387
-0.260329
-0.260271
-0.260213
-0.260154
-0.260096
-0.260038
-0.25998
-0.259922
-0.259864
-0.259806
-0.259748
-0.25969
-0.259632
-0.259574
-0.259516
-0.259457
-0.259399
-0.259341
-0.259283
-0.259225
-0.259167
-0.259109
-0.259051
-0.258993
-0.258935
-0.258877
-0.258819
-0.25876
-0.258702
-0.258644
-0.258586
-0.258528
-0.25847
-0.258412
-0.258354
-0.258296
-0.258238
-0.25818
-0.258121
-0.258063
-0.258005
-0.257947
-0.257889
-0.257831
-0.257773
-0.257715
-0.257657
-0.257599
-0.257541
-0.257483
-0.257424
-0.257366
-0.257308
-0.25725
-0.257192
-0.257134
-0.257076
-0.257018
-0.25696
-0.256902
-0.256844
-0.256786
-0.256727
-0.256669
-0.256611
-0.256553
-0.256495
-0.256437
-0.256379
-0.256321
-0.256263
-0.256205
-0.256147
-0.256089
-0.25603
-0.255972
-0.255914
-0.255856
-0.255798
-0.25574
-0.255682
-0.255624
-0.255566
-0.255508
-0.25545
-0.255392
-0.255333
-0.255275
-0.255217
-0.255159
-0.255101
-0.255043
-0.254985
-0.254927
-0.254869
-0.254811
-0.254753
-0.254695
-0.254636
-0.254578
-0.25452
-0.254462
-0.254404
-0.254346
-0.254288
-0.25423
-0.254172
-0.254114
-0.254056
-0.253998
-0.253939
-0.253881
-0.253823
-0.253765
-0.253707
-0.253649
-0.253591
-0.253533
-0.253475
-0.253417
-0.253359
-0.253301
-0.253242
-0.253184
-0.253126
-0.253068
-0.25301
-0.252952
-0.252894
-0.252836
-0.252778
-0.25272
-0.252662
-0.252604
-0.252545
-0.252487
-0.252429
-0.252371
-0.252313
-0.252255
-0.252197
-0.252139
-0.252081
-0.252023
-0.251965
-0.251906
-0.251848
-0.25179
-0.251732
-0.251674
-0.251616
-0.251558
-0.2515
-0.251442
-0.251384
-0.251326
-0.251268
-0.251209
-0.251151
-0.251093
-0.251035
-0.250977
-0.250919
-0.250861
-0.250803
-0.250745
-0.250687
-0.250629
-0.250571
-0.250512
-0.250454
-0.250396
-0.250338
-0.25028
-0.250222
-0.250164
-0.250106
-0.250048
-0.24999
-0.249932
-0.249874
-0.249815
-0.249757
-0.249699
-0.249641
-0.249583
-0.249525
-0.249467
-0.249409
-0.249351
-0.249293
-0.249235
-0.249177
-0.249118
-0.24906
-0.249002
-0.248944
-0.248886
-0.248828
-0.24877
-0.248712
-0.248654
-0.248596
-0.248538
-0.24848
-0.248421
-0.248363
-0.248305
-0.248247
-0.248189
-0.248131
-0.248073
-0.248015
-0.247957
-0.247899
-0.247841
-0.247783
-0.247724
-0.247666
-0.247608
-0.24755
-0.247492
-0.247434
-0.247376
-0.247318
-0.24726
-0.247202
-0.247144
-0.247086
-0.247027
-0.246969
-0.246911
-0.246853
-0.246795
-0.246737
-0.246679
-0.246621
-0.246563
-0.246505
-0.246447
-0.246389
-0.24633
-0.246272
-0.246214
-0.246156
-0.246098
-0.24604
-0.245982
-0.245924
-0.245866
-0.245808
-0.24575
-0.245691
-0.245633
-0.245575
-0.245517
-0.245459
-0.245401
-0.245343
-0.245285
-0.245227
-0.245169
-0.245111
-0.245053
-0.244994
-0.244936
-0.244878
-0.24482
-0.244762
-0.244704
-0.244646
-0.244588
-0.24453
-0.244472
-0.244414
-0.244356
-0.244297
-0.244239
-0.244181
-0.244123
-0.244065
-0.244007
-0.243949
-0.243891
-0.243833
-0.243775
-0.243717
-0.243659
-0.2436
-0.243542
-0.243484
-0.243426
-0.243368
-0.24331
-0.243252
-0.243194
-0.243136
-0.243078
-0.24302
-0.242962
-0.242903
-0.242845
-0.242787
-0.242729
-0.242671
-0.242613
-0.242555
-0.242497
-0.242439
-0.242381
-0.242323
-0.242265
-0.242206
-0.242148
-0.24209
-0.242032
-0.241974
-0.241916
-0.241858
-0.2418
-0.241742
-0.241684
-0.241626
-0.241568
-0.241509
-0.241451
-0.241393
-0.241335
-0.241277
-0.241219
-0.241161
-0.241103
-0.241045
-0.240987
-0.240929
-0.240871
-0.240812
-0.240754
-0.240696
-0.240638
-0.24058
-0.240522
-0.240464
-0.240406
-0.240348
-0.24029
-0.240232
-0.240173
-0.240115
-0.240057
-0.239999
-0.239941
-0.239883
-0.239825
-0.239767
-0.239709
-0.239651
-0.239593
-0.239535
-0.239476
-0.239418
-0.23936
-0.239302
-0.239244
-0.239186
-0.239128
-0.23907
-0.239012
-0.238954
-0.238896
-0.238838
-0.238779
-0.238721
-0.238663
-0.238605
-0.238547
-0.238489
-0.238431
-0.238373
-0.238315
-0.238257
-0.238199
-0.238141
-0.238082
-0.238024
-0.237966
-0.237908
-0.23785
-0.237792
-0.237734
-0.237676
-0.237618
-0.23756
-0.237502
-0.237444
-0.237385
-0.237327
-0.237269
-0.237211
-0.237153
-0.237095
-0.237037
-0.236979
-0.236921
-0.236863
-0.236805
-0.236747
-0.236688
-0.23663
-0.236572
-0.236514
-0.236456
-0.236398
-0.23634
-0.236282
-0.236224
-0.236166
-0.236108
-0.23605
-0.235991
-0.235933
-0.235875
-0.235817
-0.235759
-0.235701
-0.235643
-0.235585
-0.235527
-0.235469
-0.235411
-0.235353
-0.235294
-0.235236
-0.235178
-0.23512
-0.235062
-0.235004
-0.234946
-0.234888
-0.23483
-0.234772
-0.234714
-0.234656
-0.234597
-0.234539
-0.234481
-0.234423
-0.234365
-0.234307
-0.234249
-0.234191
-0.234133
-0.234075
-0.234017
-0.233958
-0.2339
-0.233842
-0.233784
-0.233726
-0.233668
-0.23361
-0.233552
-0.233494
-0.233436
-0.233378
-0.23332
-0.233261
-0.233203
-0.233145
-0.233087
-0.233029
-0.232971
-0.232913
-0.232855
-0.232797
-0.232739
-0.232681
-0.232623
-0.232564
-0.232506
-0.232448
-0.23239
-0.232332
-0.232274
-0.232216
-0.232158
-0.2321
-0.232042
-0.231984
-0.231926
-0.231867
-0.231809
-0.231751
-0.231693
-0.231635
-0.231577
-0.231519
-0.231461
-0.231403
-0.231345
-0.231287
-0.231229
-0.23117
-0.231112
-0.231054
-0.230996
-0.230938
-0.23088
-0.230822
-0.230764
-0.230706
-0.230648
-0.23059
-0.230532
-0.230473
-0.230415
-0.230357
-0.230299
-0.230241
-0.230183
-0.230125
-0.230067
-0.230009
-0.229951
-0.229893
-0.229835
-0.229776
-0.229718
-0.22966
-0.229602
-0.229544
-0.229486
-0.229428
-0.22937
-0.229312
-0.229254
-0.229196
-0.229138
-0.229079
-0.229021
-0.228963
-0.228905
-0.228847
-0.228789
-0.228731
-0.228673
-0.228615
-0.228557
-0.228499
-0.228441
-0.228382
-0.228324
-0.228266
-0.228208
-0.22815
-0.228092
-0.228034
-0.227976
-0.227918
-0.22786
-0.227802
-0.227743
-0.227685
-0.227627
-0.227569
-0.227511
-0.227453
-0.227395
-0.227337
-0.227279
-0.227221
-0.227163
-0.227105
-0.227046
-0.226988
-0.22693
-0.226872
-0.226814
-0.226756
-0.226698
-0.22664
-0.226582
-0.226524
-0.226466
-0.226408
-0.226349
-0.226291
-0.226233
-0.226175
-0.226117
-0.226059
-0.226001
-0.225943
-0.225885
-0.225827
-0.225769
-0.225711
-0.225652
-0.225594
-0.225536
-0.225478
-0.22542
-0.225362
-0.225304
-0.225246
-0.225188
-0.22513
-0.225072
-0.225014
-0.224955
-0.224897
-0.224839
-0.224781
-0.224723
-0.224665
-0.224607
-0.224549
-0.224491
-0.224433
-0.224375
-0.224317
-0.224258
-0.2242
-0.224142
-0.224084
-0.224026
-0.223968
-0.22391
-0.223852
-0.223794
-0.223736
-0.223678
-0.22362
-0.223561
-0.223503
-0.223445
-0.223387
-0.223329
-0.223271
-0.223213
-0.223155
-0.223097
-0.223039
-0.222981
-0.222923
-0.222864
-0.222806
-0.222748
-0.22269
-0.222632
-0.222574
-0.222516
-0.222458
-0.2224
-0.222342
-0.222284
-0.222226
-0.222167
-0.222109
-0.222051
-0.221993
-0.221935
-0.221877
-0.221819
-0.221761
-0.221703
-0.221645
-0.221587
-0.221528
-0.22147
-0.221412
-0.221354
-0.221296
-0.221238
-0.22118
-0.221122
-0.221064
-0.221006
-0.220948
-0.22089
-0.220831
-0.220773
-0.220715
-0.220657
-0.220599
-0.220541
-0.220483
-0.220425
-0.220367
-0.220309
-0.220251
-0.220193
-0.220134
-0.220076
-0.220018
-0.21996
-0.219902
-0.219844
-0.219786
-0.219728
-0.21967
-0.219612
-0.219554
-0.219496
-0.219437
-0.219379
-0.219321
-0.219263
-0.219205
-0.219147
-0.219089
-0.219031
-0.218973
-0.218915
-0.218857
-0.218799
-0.21874
-0.218682
-0.218624
-0.218566
-0.218508
-0.21845
-0.218392
-0.218334
-0.218276
-0.218218
-0.21816
-0.218102
-0.218043
-0.217985
-0.217927
-0.217869
-0.217811
-0.217753
-0.217695
-0.217637
-0.217579
-0.217521
-0.217463
-0.217405
-0.217346
-0.217288
-0.21723
-0.217172
-0.217114
-0.217056
-0.216998
-0.21694
-0.216882
-0.216824
-0.216766
-0.216708
-0.216649
-0.216591
-0.216533
-0.216475
-0.216417
-0.216359
-0.216301
-0.216243
-0.216185
-0.216127
-0.216069
-0.21601
-0.215952
-0.215894
-0.215836
-0.215778
-0.21572
-0.215662
-0.215604
-0.215546
-0.215488
-0.21543
-0.215372
-0.215313
-0.215255
-0.215197
-0.215139
-0.215081
-0.215023
-0.214965
-0.214907
-0.214849
-0.214791
-0.214733
-0.214675
-0.214616
-0.214558
-0.2145
-0.214442
-0.214384
-0.214326
-0.214268
-0.21421
-0.214152
-0.214094
-0.214036
-0.213978
-0.213919
-0.213861
-0.213803
-0.213745
-0.213687
-0.213629
-0.213571
-0.213513
-0.213455
-0.213397
-0.213339
-0.213281
-0.213222
-0.213164
-0.213106
-0.213048
-0.21299
-0.212932
-0.212874
-0.212816
-0.212758
-0.2127
-0.212642
-0.212584
-0.212525
-0.212467
-0.212409
-0.212351
-0.212293
-0.212235
-0.212177
-0.212119
-0.212061
-0.212003
-0.211945
-0.211887
-0.211828
-0.21177
-0.211712
-0.211654
-0.211596
-0.211538
-0.21148
-0.211422
-0.211364
-0.211306
-0.211248
-0.21119
-0.211131
-0.211073
-0.211015
-0.210957
-0.210899
-0.210841
-0.210783
-0.210725
-0.210667
-0.210609
-0.210551
-0.210493
-0.210434
-0.210376
-0.210318
-0.21026
-0.210202
-0.210144
-0.210086
-0.210028
-0.20997
-0.209912
-0.209854
-0.209795
-0.209737
-0.209679
-0.209621
-0.209563
-0.209505
-0.209447
-0.209389
-0.209331
-0.209273
-0.209215
-0.209157
-0.209098
-0.20904
-0.208982
-0.208924
-0.208866
-0.208808
-0.20875
-0.208692
-0.208634
-0.208576
-0.208518
-0.20846
-0.208401
-0.208343
-0.208285
-0.208227
-0.208169
-0.208111
-0.208053
-0.207995
-0.207937
-0.207879
-0.207821
-0.207763
-0.207704
-0.207646
-0.207588
-0.20753
-0.207472
-0.207414
-0.207356
-0.207298
-0.20724
-0.207182
-0.207124
-0.207066
-0.207007
-0.206949
-0.206891
-0.206833
-0.206775
-0.206717
-0.206659
-0.206601
-0.206543
-0.206485
-0.206427
-0.206369
-0.20631
-0.206252
-0.206194
-0.206136
-0.206078
-0.20602
-0.205962
-0.205904
-0.205846
-0.205788
-0.20573
-0.205672
-0.205613
-0.205555
-0.205497
-0.205439
-0.205381
-0.205323
-0.205265
-0.205207
-0.205149
-0.205091
-0.205033
-0.204975
-0.204916
-0.204858
-0.2048
-0.204742
-0.204684
-0.204626
-0.204568
-0.20451
-0.204452
-0.204394
-0.204336
-0.204278
-0.204219
-0.204161
-0.204103
-0.204045
-0.203987
-0.203929
-0.203871
-0.203813
-0.203755
-0.203697
-0.203639
-0.20358
-0.203522
-0.203464
-0.203406
-0.203348
-0.20329
-0.203232
-0.203174
-0.203116
-0.203058
-0.203
-0.202942
-0.202883
-0.202825
-0.202767
-0.202709
-0.202651
-0.202593
-0.202535
-0.202477
-0.202419
-0.202361
-0.202303
-0.202245
-0.202186
-0.202128
-0.20207
-0.202012
-0.201954
-0.201896
-0.201838
-0.20178
-0.201722
-0.201664
-0.201606
-0.201548
-0.201489
-0.201431
-0.201373
-0.201315
-0.201257
-0.201199
-0.201141
-0.201083
-0.201025
-0.200967
-0.200909
-0.200851
-0.200792
-0.200734
-0.200676
-0.200618
-0.20056
-0.200502
-0.200444
-0.200386
-0.200328
-0.20027
-0.200212
-0.200154
-0.200095
-0.200037
-0.199979
-0.199921
-0.199863
-0.199805
-0.199747
-0.199689
-0.199631
-0.199573
-0.199515
-0.199457
-0.199398
-0.19934
-0.199282
-0.199224
-0.199166
-0.199108
-0.19905
-0.198992
-0.198934
-0.198876
-0.198818
-0.19876
-0.198701
-0.198643
-0.198585
-0.198527
-0.198469
-0.198411
-0.198353
-0.198295
-0.198237
-0.198179
-0.198121
-0.198062
-0.198004
-0.197946
-0.197888
-0.19783
-0.197772
-0.197714
-0.197656
-0.197598
-0.19754
-0.197482
-0.197424
-0.197365
-0.197307
-0.197249
-0.197191
-0.197133
-0.197075
-0.197017
-0.196959
-0.196901
-0.196843
-0.196785
-0.196727
-0.196668
-0.19661
-0.196552
-0.196494
-0.196436
-0.196378
-0.19632
-0.196262
-0.196204
-0.196146
-0.196088
-0.19603
-0.195971
-0.195913
-0.195855
-0.195797
-0.195739
-0.195681
-0.195623
-0.195565
-0.195507
-0.195449
-0.195391
-0.195333
-0.195274
-0.195216
-0.195158
-0.1951
-0.195042
-0.194984
-0.194926
-0.194868
-0.19481
-0.194752
-0.194694
-0.194636
-0.194577
-0.194519
-0.194461
-0.194403
-0.194345
-0.194287
-0.194229
-0.194171
-0.194113
-0.194055
-0.193997
-0.193939
-0.19388
-0.193822
-0.193764
-0.193706
-0.193648
-0.19359
-0.193532
-0.193474
-0.193416
-0.193358
-0.1933
-0.193242
-0.193183
-0.193125
-0.193067
-0.193009
-0.192951
-0.192893
-0.192835
-0.192777
-0.192719
-0.192661
-0.192603
-0.192545
-0.192486
-0.192428
-0.19237
-0.192312
-0.192254
-0.192196
-0.192138
-0.19208
-0.192022
-0.191964
-0.191906
-0.191847
-0.191789
-0.191731
-0.191673
-0.191615
-0.191557
-0.191499
-0.191441
-0.191383
-0.191325
-0.191267
-0.191209
-0.19115
-0.191092
-0.191034
-0.190976
-0.190918
-0.19086
-0.190802
-0.190744
-0.190686
-0.190628
-0.19057
-0.190512
-0.190453
-0.190395
-0.190337
-0.190279
-0.190221
-0.190163
-0.190105
-0.190047
-0.189989
-0.189931
-0.189873
-0.189815
-0.189756
-0.189698
-0.18964
-0.189582
-0.189524
-0.189466
-0.189408
-0.18935
-0.189292
-0.189234
-0.189176
-0.189118
-0.189059
-0.189001
-0.188943
-0.188885
-0.188827
-0.188769
-0.188711
-0.188653
-0.188595
-0.188537
-0.188479
-0.188421
-0.188362
-0.188304
-0.188246
-0.188188
-0.18813
-0.188072
-0.188014
-0.187956
-0.187898
-0.18784
-0.187782
-0.187724
-0.187665
-0.187607
-0.187549
-0.187491
-0.187433
-0.187375
-0.187317
-0.187259
-0.187201
-0.187143
-0.187085
-0.187027
-0.186968
-0.18691
-0.186852
-0.186794
-0.186736
-0.186678
-0.18662
-0.186562
-0.186504
-0.186446
-0.186388
-0.18633
-0.186271
-0.186213
-0.186155
-0.186097
-0.186039
-0.185981
-0.185923
-0.185865
-0.185807
-0.185749
-0.185691
-0.185632
-0.185574
-0.185516
-0.185458
-0.1854
-0.185342
-0.185284
-0.185226
-0.185168
-0.18511
-0.185052
-0.184994
-0.184935
-0.184877
-0.184819
-0.184761
-0.184703
-0.184645
-0.184587
-0.184529
-0.184471
-0.184413
-0.184355
-0.184297
-0.184238
-0.18418
-0.184122
-0.184064
-0.184006
-0.183948
-0.18389
-0.183832
-0.183774
-0.183716
-0.183658
-0.1836
-0.183541
-0.183483
-0.183425
-0.183367
-0.183309
-0.183251
-0.183193
-0.183135
-0.183077
-0.183019
-0.182961
-0.182903
-0.182844
-0.182786
-0.182728
-0.18267
-0.182612
-0.182554
-0.182496
-0.182438
-0.18238
-0.182322
-0.182264
-0.182206
-0.182147
-0.182089
-0.182031
-0.181973
-0.181915
-0.181857
-0.181799
-0.181741
-0.181683
-0.181625
-0.181567
-0.181509
-0.18145
-0.181392
-0.181334
-0.181276
-0.181218
-0.18116
-0.181102
-0.181044
-0.180986
-0.180928
-0.18087
-0.180812
-0.180753
-0.180695
-0.180637
-0.180579
-0.180521
-0.180463
-0.180405
-0.180347
-0.180289
-0.180231
-0.180173
-0.180115
-0.180056
-0.179998
-0.17994
-0.179882
-0.179824
-0.179766
-0.179708
-0.17965
-0.179592
-0.179534
-0.179476
-0.179417
-0.179359
-0.179301
-0.179243
-0.179185
-0.179127
-0.179069
-0.179011
-0.178871
-0.178812
-0.178754
-0.178696
-0.178638
-0.17858
-0.178522
-0.178464
-0.178406
-0.178348
-0.17829
-0.178232
-0.178174
-0.178115
-0.178057
-0.177999
-0.177941
-0.177883
-0.177825
-0.177767
-0.177709
-0.177651
-0.177593
-0.177535
-0.177476
-0.177418
-0.17736
-0.177302
-0.177244
-0.177186
-0.177128
-0.17707
-0.177012
-0.176954
-0.176896
-0.176838
-0.176779
-0.176721
-0.176663
-0.176605
-0.176547
-0.176489
-0.176431
-0.176373
-0.176315
-0.176257
-0.176199
-0.176141
-0.176082
-0.176024
-0.175966
-0.175908
-0.17585
-0.175792
-0.175734
-0.175676
-0.175618
-0.17556
-0.175502
-0.175444
-0.175385
-0.175327
-0.175269
-0.175211
-0.175153
-0.175095
-0.175037
-0.174979
-0.174921
-0.174863
-0.174805
-0.174747
-0.174688
-0.17463
-0.174572
-0.174514
-0.174456
-0.174398
-0.17434
-0.174282
-0.174224
-0.174166
-0.174108
-0.17405
-0.173991
-0.173933
-0.173875
-0.173817
-0.173759
-0.173701
-0.173643
-0.173585
-0.173527
-0.173469
-0.173411
-0.173353
-0.173294
-0.173236
-0.173178
-0.17312
-0.173062
-0.173004
-0.172946
-0.172888
-0.17283
-0.172772
-0.172714
-0.172656
-0.172597
-0.172539
-0.172481
-0.172423
-0.172365
-0.172307
-0.172249
-0.172191
-0.172133
-0.172075
-0.172017
-0.171959
-0.1719
-0.171842
-0.171784
-0.171726
-0.171668
-0.17161
-0.171552
-0.171494
-0.171436
-0.171378
-0.17132
-0.171261
-0.171203
-0.171145
-0.171087
-0.171029
-0.170971
-0.170913
-0.170855
-0.170797
-0.170739
-0.170681
-0.170623
-0.170564
-0.170506
-0.170448
-0.17039
-0.170332
-0.170274
-0.170216
-0.170158
-0.1701
-0.170042
-0.169984
-0.169926
-0.169867
-0.169809
-0.169751
-0.169693
-0.169635
-0.169577
-0.169519
-0.169461
-0.169403
-0.169345
-0.169287
-0.169229
-0.16917
-0.169112
-0.169054
-0.168996
-0.168938
-0.16888
-0.168822
-0.168764
-0.168706
-0.168648
-0.16859
-0.168532
-0.168473
-0.168415
-0.168357
-0.168299
-0.168241
-0.168183
-0.168125
-0.168067
-0.168009
-0.167951
-0.167893
-0.167835
-0.167776
-0.167718
-0.16766
-0.167602
-0.167544
-0.167486
-0.167428
-0.16737
-0.167312
-0.167254
-0.167196
-0.167138
-0.167079
-0.167021
-0.166963
-0.166905
-0.166847
-0.166789
-0.166731
-0.166673
-0.166615
-0.166557
-0.166499
-0.166441
-0.166382
-0.166324
-0.166266
-0.166208
-0.16615
-0.0431111
-0.0431361
-0.0431131
-0.0430866
-0.0430632
-0.0430357
-0.0430075
-0.0429852
-0.0428744
-0.042837
-0.0428085
-0.0427742
-0.0427373
-0.0427089
-0.0426758
-0.0426477
-0.0426126
-0.0425798
-0.0425555
-0.0425307
-0.0425031
-0.0424711
-0.0424336
-0.0423989
-0.0423684
-0.0423312
-0.0422805
-0.0420264
-0.0419911
-0.0419584
-0.0419251
-0.0418892
-0.0418552
-0.04182
-0.0417857
-0.041751
-0.0417223
-0.0416896
-0.0416555
-0.041622
-0.0415787
-0.0415408
-0.041501
-0.0414626
-0.0414271
-0.0413901
-0.0410243
-0.0409856
-0.0409465
-0.040909
-0.0408711
-0.0408336
-0.0407949
-0.0407576
-0.04072
-0.0406822
-0.0406436
-0.0406076
-0.0405698
-0.0405309
-0.040492
-0.0404548
-0.0404228
-0.0403839
-0.0403445
-0.0403053
-0.0402654
-0.0402246
-0.0401854
-0.0401463
-0.0401062
-0.0400668
-0.0400265
-0.0399898
-0.0399508
-0.0399114
-0.0398719
-0.0398317
-0.0397927
-0.039754
-0.0397158
-0.0396759
-0.0396363
-0.0395972
-0.0395579
-0.039521
-0.0394811
-0.03944
-0.0394001
-0.0393599
-0.0393203
-0.039279
-0.0392387
-0.0391987
-0.0391587
-0.0391186
-0.0390783
-0.0390386
-0.0389981
-0.038958
-0.038917
-0.0388769
-0.0388363
-0.0387956
-0.0387557
-0.0387156
-0.0386749
-0.0386355
-0.0385952
-0.0385532
-0.0385124
-0.0384712
-0.038429
-0.0383886
-0.0383473
-0.0383064
-0.0382649
-0.0382236
-0.0381835
-0.0381425
-0.0380978
-0.0380624
-0.0380214
-0.0379805
-0.0379394
-0.0379
-0.0378578
-0.0378154
-0.0377741
-0.037728
-0.0376878
-0.0376478
-0.0376086
-0.0375669
-0.0375297
-0.0374891
-0.0374476
-0.0374061
-0.0373636
-0.0373223
-0.0372809
-0.0372406
-0.0371992
-0.0371578
-0.0371165
-0.0370748
-0.0370328
-0.036991
-0.0369489
-0.0369067
-0.0368644
-0.0368199
-0.0367811
-0.0367393
-0.0366973
-0.0366567
-0.0366147
-0.0365747
-0.0365326
-0.036491
-0.0364498
-0.0364078
-0.0363659
-0.0363235
-0.0362814
-0.0362395
-0.0361977
-0.0361561
-0.0361147
-0.0360722
-0.0360289
-0.0359847
-0.0359439
-0.0359018
-0.0358586
-0.0358157
-0.0357723
-0.0357304
-0.0356883
-0.0356456
-0.0356042
-0.0355628
-0.0355216
-0.0354794
-0.0354374
-0.0353954
-0.035353
-0.0353109
-0.0352686
-0.0352252
-0.0351822
-0.0351388
-0.0350983
-0.0350565
-0.0350129
-0.0349705
-0.034928
-0.0348876
-0.0348451
-0.0348017
-0.0347583
-0.0347157
-0.0346731
-0.034631
-0.0345832
-0.0345405
-0.034498
-0.0344553
-0.034412
-0.0343717
-0.0343296
-0.0342921
-0.0342501
-0.0342074
-0.0341647
-0.0341213
-0.0340787
-0.0340357
-0.0339937
-0.0339505
-0.0339085
-0.0338648
-0.0338222
-0.0337797
-0.0337372
-0.0336941
-0.0336502
-0.0336069
-0.0335639
-0.0335202
-0.0334779
-0.033435
-0.0333934
-0.033351
-0.0333081
-0.0332648
-0.033221
-0.033179
-0.0331355
-0.0330926
-0.0330496
-0.033007
-0.0329651
-0.0329223
-0.0328794
-0.0328363
-0.0327916
-0.0327496
-0.0327065
-0.0326646
-0.0326216
-0.0325785
-0.0325348
-0.0324918
-0.0324502
-0.0324074
-0.0323643
-0.0323212
-0.0322773
-0.0322348
-0.0321922
-0.0321486
-0.0321052
-0.0320608
-0.032018
-0.0319749
-0.0319327
-0.0318897
-0.0318471
-0.0318043
-0.0317599
-0.0317169
-0.0316725
-0.031636
-0.0315929
-0.0315495
-0.0315063
-0.0314636
-0.0314195
-0.0313761
-0.0313297
-0.0312868
-0.0312443
-0.0312008
-0.031157
-0.0311153
-0.031072
-0.0310288
-0.030985
-0.0309419
-0.0308986
-0.0308559
-0.0308124
-0.0307688
-0.0307235
-0.030679
-0.0306356
-0.0305934
-0.0305506
-0.0305075
-0.0304628
-0.0304186
-0.0303766
-0.0303331
-0.0302899
-0.0302462
-0.030206
-0.030163
-0.0301197
-0.0300748
-0.0300321
-0.029989
-0.0299462
-0.0299024
-0.0298586
-0.0298158
-0.0297728
-0.0297295
-0.0296856
-0.0296424
-0.0295992
-0.0295571
-0.0295133
-0.0294706
-0.0294286
-0.0293856
-0.0293432
-0.0292981
-0.0292559
-0.0292116
-0.029168
-0.0291274
-0.0290833
-0.0290415
-0.0289988
-0.0289556
-0.0289129
-0.028868
-0.0288259
-0.0287825
-0.0287391
-0.0286963
-0.0286531
-0.0286099
-0.0285663
-0.0285232
-0.0284775
-0.0284358
-0.0283924
-0.0283488
-0.0283089
-0.0282655
-0.0282228
-0.0281784
-0.0281354
-0.0280941
-0.0280503
-0.0280071
-0.0279641
-0.0279209
-0.0278774
-0.027834
-0.0277904
-0.0277466
-0.027703
-0.0276596
-0.0276161
-0.0275723
-0.0275281
-0.0274856
-0.0274423
-0.0273966
-0.0273535
-0.0273094
-0.027266
-0.0272223
-0.0271787
-0.0271354
-0.0270913
-0.0270474
-0.0270027
-0.0269592
-0.0269161
-0.0268733
-0.0268315
-0.0267874
-0.0267441
-0.0267001
-0.0266565
-0.0266121
-0.0265684
-0.0265244
-0.0264794
-0.026435
-0.0263917
-0.0263473
-0.0263033
-0.0262602
-0.0262149
-0.0261705
-0.0261265
-0.0260824
-0.0260377
-0.0259924
-0.0259482
-0.0259036
-0.0258595
-0.0258155
-0.0257712
-0.0257251
-0.025681
-0.0256369
-0.0255928
-0.0255486
-0.0255039
-0.0254592
-0.0254134
-0.0253679
-0.0253244
-0.0252803
-0.0252356
-0.0251905
-0.0251457
-0.0251004
-0.0250556
-0.0250082
-0.024963
-0.0249182
-0.0248732
-0.0248283
-0.0247841
-0.0247389
-0.0246927
-0.0246475
-0.0246037
-0.0245568
-0.0245125
-0.0244676
-0.0244227
-0.0243781
-0.0243325
-0.0242882
-0.0242433
-0.0241976
-0.0241522
-0.0241068
-0.0240616
-0.0240161
-0.0239705
-0.0239249
-0.0238787
-0.0238332
-0.0237882
-0.0237425
-0.023697
-0.0236512
-0.0236049
-0.0235595
-0.0235148
-0.0234688
-0.0234236
-0.023377
-0.023331
-0.0232863
-0.0232396
-0.023194
-0.0231468
-0.0231008
-0.0230549
-0.0230088
-0.0229618
-0.0229149
-0.0228688
-0.0228232
-0.0227783
-0.0227316
-0.0226858
-0.0226394
-0.0225931
-0.0225465
-0.0225
-0.0224531
-0.022406
-0.0223603
-0.0223139
-0.0222677
-0.0222209
-0.0221734
-0.0221268
-0.02208
-0.0220332
-0.0219862
-0.0219383
-0.0218923
-0.0218452
-0.0217981
-0.0217509
-0.0217031
-0.0216555
-0.0216087
-0.0215608
-0.0215119
-0.0214651
-0.0214172
-0.0213714
-0.0213214
-0.0212738
-0.021228
-0.02118
-0.0211324
-0.0210845
-0.0210388
-0.0209915
-0.0209432
-0.0208948
-0.0208467
-0.0207989
-0.0207507
-0.0207034
-0.0206562
-0.0206082
-0.0205601
-0.0205126
-0.0204635
-0.0204147
-0.0203669
-0.0203187
-0.0202699
-0.0202217
-0.0201718
-0.0201234
-0.0200748
-0.0200262
-0.0199778
-0.0199283
-0.0198791
-0.0198303
-0.0197821
-0.0197335
-0.0196843
-0.0196339
-0.0195852
-0.0195366
-0.0194877
-0.0194389
-0.0193895
-0.0193408
-0.0192936
-0.0192441
-0.0191946
-0.0191454
-0.0190963
-0.0190468
-0.0189974
-0.0189479
-0.0188981
-0.0188484
-0.018799
-0.0187495
-0.0186994
-0.0186503
-0.0186003
-0.0185504
-0.0185002
-0.0184507
-0.0184002
-0.0183504
-0.0183002
-0.0182501
-0.0181999
-0.0181502
-0.0180994
-0.0180493
-0.0179991
-0.0179486
-0.0178986
-0.0178498
-0.0177981
-0.0177481
-0.0176975
-0.0176468
-0.0175964
-0.0175465
-0.0174959
-0.0174448
-0.0173928
-0.0173424
-0.0172919
-0.0172419
-0.0171903
-0.0171397
-0.0170882
-0.0170383
-0.0169874
-0.0169371
-0.0168857
-0.016835
-0.016784
-0.0167324
-0.0166813
-0.0166291
-0.0165779
-0.0165263
-0.0164745
-0.0164232
-0.0163722
-0.0163212
-0.0162694
-0.0162176
-0.0161658
-0.016113
-0.0160613
-0.0160097
-0.0159583
-0.0159062
-0.0158547
-0.0158026
-0.0157507
-0.0156979
-0.0156455
-0.0155907
-0.0155388
-0.0154865
-0.0154345
-0.0153852
-0.0153332
-0.0152817
-0.0152297
-0.0151777
-0.015126
-0.0150736
-0.0150212
-0.0149692
-0.0149168
-0.0148632
-0.0148113
-0.0147588
-0.0147063
-0.014653
-0.0146011
-0.0145482
-0.0144972
-0.0144439
-0.0143918
-0.0143393
-0.0142866
-0.0142332
-0.0141803
-0.0141283
-0.0140753
-0.0140218
-0.013969
-0.0139164
-0.0138634
-0.0138103
-0.0137572
-0.0137022
-0.013649
-0.013596
-0.0135423
-0.013491
-0.0134378
-0.0133843
-0.0133309
-0.0132776
-0.0132231
-0.0131697
-0.013116
-0.0130633
-0.0130099
-0.0129564
-0.0129029
-0.0128496
-0.0127967
-0.012745
-0.0126917
-0.012638
-0.0125841
-0.0125305
-0.0124768
-0.0124232
-0.0123696
-0.0123156
-0.0122616
-0.0122075
-0.0121534
-0.0120978
-0.012044
-0.0119905
-0.0119348
-0.0118832
-0.011829
-0.0117747
-0.0117207
-0.0116664
-0.0116123
-0.0115593
-0.0115056
-0.0114511
-0.0113968
-0.0113427
-0.0112876
-0.0112336
-0.0111788
-0.0111243
-0.0110675
-0.0110136
-0.0109592
-0.0109045
-0.0108498
-0.0107966
-0.0107418
-0.0106867
-0.0106333
-0.0105785
-0.0105241
-0.0104696
-0.0104145
-0.0103604
-0.0103058
-0.0102508
-0.0101957
-0.0101408
-0.0100862
-0.010029
-0.00997401
-0.00991841
-0.00986319
-0.00980812
-0.00975408
-0.00969891
-0.00964328
-0.00958828
-0.00953165
-0.00947652
-0.00942092
-0.00937072
-0.00931413
-0.0092588
-0.00920356
-0.00914816
-0.00909297
-0.00903726
-0.00898273
-0.0089271
-0.00887077
-0.00881528
-0.00876028
-0.00870457
-0.00864912
-0.00859106
-0.00853465
-0.00847978
-0.0084237
-0.00836809
-0.00831186
-0.00825573
-0.00819971
-0.00814426
-0.00808843
-0.00803424
-0.00797823
-0.00792648
-0.00787059
-0.0078126
-0.00775646
-0.00770098
-0.00764449
-0.0075889
-0.00753289
-0.00747696
-0.00742046
-0.00736628
-0.00731026
-0.00725504
-0.0071985
-0.00714247
-0.00708614
-0.00703067
-0.00697418
-0.006918
-0.00686165
-0.00680548
-0.00674858
-0.00669211
-0.00663587
-0.00658026
-0.00652447
-0.0064677
-0.00641151
-0.00635484
-0.0062984
-0.00624171
-0.00618447
-0.00612788
-0.0060714
-0.00601424
-0.00595979
-0.00590228
-0.00584409
-0.00578768
-0.00573185
-0.00567458
-0.00561781
-0.00556101
-0.00550407
-0.00544678
-0.00539021
-0.00533334
-0.00527702
-0.00521973
-0.00516552
-0.00510467
-0.00504792
-0.00499128
-0.00493436
-0.00487897
-0.00482167
-0.00476497
-0.00470807
-0.00465119
-0.00459395
-0.00453676
-0.0044799
-0.00442477
-0.00436761
-0.00431062
-0.00425366
-0.00419736
-0.00414032
-0.00408316
-0.004027
-0.00396968
-0.00391222
-0.00385592
-0.00379882
-0.00374108
-0.00368334
-0.00362638
-0.00356923
-0.00351231
-0.0034554
-0.00339795
-0.00334096
-0.00328339
-0.0032274
-0.00317016
-0.0031129
-0.0030556
-0.00299802
-0.00294076
-0.00288476
-0.00282788
-0.00277032
-0.00271309
-0.00265664
-0.00259922
-0.00254186
-0.00248536
-0.00242788
-0.0023706
-0.00231285
-0.00225472
-0.0021981
-0.00214005
-0.00208297
-0.00202539
-0.00196828
-0.0019111
-0.00185336
-0.00179432
-0.00173658
-0.00167895
-0.00162121
-0.00156363
-0.00150646
-0.00145113
-0.00139331
-0.00133572
-0.00127851
-0.00122073
-0.00116483
-0.00110719
-0.00104917
-0.000992521
-0.000934634
-0.000876703
-0.000819283
-0.000761699
-0.000703359
-0.000645758
-0.000587891
-0.000529711
-0.00047154
-0.000414127
-0.000357159
-0.000298
-0.000240386
-0.000183672
-0.000125431
-6.78773e-05
-9.08074e-06
4.72903e-05
0.000105757
0.000163675
0.000220723
0.000278538
0.000336901
0.000394866
0.000453045
0.000510682
0.000565408
0.000623379
0.000681589
0.000740576
0.000802693
0.00086037
0.000917981
0.000976181
0.00103458
0.00109195
0.00114663
0.00120463
0.00126277
0.00132131
0.00137873
0.0014369
0.00149495
0.00155374
0.00161211
0.00167085
0.00173086
0.00178871
0.00184622
0.00190303
0.0019622
0.00201919
0.00207768
0.00213589
0.00219458
0.00225291
0.00231136
0.00237005
0.00242836
0.00248652
0.00254466
0.00260209
0.0026602
0.00272099
0.00277918
0.00283818
0.00289931
0.00295751
0.0030158
0.00306859
0.003127
0.00318623
0.00324426
0.00330497
0.00336444
0.0034226
0.00348086
0.00353897
0.00359763
0.00365663
0.00371464
0.00377337
0.00383161
0.00389088
0.00394923
0.00400738
0.00406537
0.00412411
0.00418457
0.00424302
0.00430247
0.00436517
0.00442375
0.00448345
0.00454318
0.0046029
0.00466333
0.00472403
0.00478436
0.00484599
0.00490721
0.00496564
0.00502506
0.00508266
0.00514103
0.00519967
0.0052583
0.00531698
0.00537566
0.00543407
0.00549277
0.00555137
0.00561071
0.00566896
0.0057302
0.00578883
0.00584764
0.00590648
0.00596521
0.00602389
0.00608267
0.00614146
0.00619871
0.00625723
0.00631572
0.00637447
0.00643387
0.00649247
0.00655166
0.00661073
0.00667011
0.00672874
0.0067881
0.00684736
0.00690432
0.00696337
0.0070222
0.00708198
0.00714105
0.00720027
0.00725996
0.00731909
0.00737833
0.00743761
0.00749766
0.00755739
0.00761624
0.0076761
0.00773567
0.0077953
0.00785451
0.00791436
0.00797368
0.00803359
0.00809381
0.00815745
0.00821744
0.0082764
0.00833659
0.00839574
0.00845069
0.00851042
0.00857036
0.00862989
0.00868933
0.00874885
0.00880843
0.00886925
0.00892817
0.00898831
0.00904782
0.00910706
0.00916765
0.0092279
0.00928753
0.00934639
0.00940609
0.00946507
0.00952579
0.00958668
0.00964591
0.00970567
0.00976408
0.00982503
0.00988593
0.00994578
0.0100118
0.0100717
0.0101303
0.0101906
0.0102521
0.0103124
0.0103718
0.0104318
0.0104911
0.0105518
0.0106066
0.0106661
0.0107271
0.0107869
0.0108466
0.0109069
0.0109681
0.0110274
0.0110869
0.0111482
0.0112094
0.0112695
0.0113304
0.0113957
0.0114559
0.0115162
0.0115775
0.011638
0.0116992
0.0117578
0.011819
0.0118787
0.0119335
0.0119937
0.0120542
0.0121158
0.0121757
0.0122366
0.0122987
0.0123652
0.0124268
0.0124868
0.0125428
0.0126031
0.0126636
0.012724
0.0127847
0.012845
0.0129057
0.0129683
0.013035
0.0130902
0.013152
0.0132129
0.0132756
0.0133375
0.0134026
0.013465
0.0135251
0.0135848
0.0136453
0.013707
0.0137682
0.0138293
0.0138903
0.0139508
0.0140101
0.014071
0.0141315
0.0141921
0.0142527
0.014313
0.0143736
0.0144339
0.0144941
0.0145545
0.0146153
0.0146765
0.0147364
0.0147972
0.0148583
0.0149189
0.01498
0.0150406
0.015101
0.0151616
0.0152225
0.0152833
0.0153434
0.0154042
0.0154659
0.0155257
0.015587
0.0156483
0.0157081
0.0157693
0.0158303
0.0158913
0.015952
0.0160125
0.0160731
0.0161341
0.0161941
0.0162556
0.0163183
0.0163779
0.0164395
0.0165002
0.0165613
0.0166222
0.0166836
0.0167447
0.0168062
0.0168666
0.0169278
0.0169878
0.0170486
0.0171103
0.0171712
0.0172326
0.017293
0.0173548
0.0174162
0.0174773
0.0175386
0.0175998
0.0176613
0.0177229
0.0177841
0.0178404
0.0179011
0.0179618
0.0180248
0.0180843
0.0181473
0.0182082
0.0182697
0.0183313
0.0183928
0.0184543
0.018516
0.018576
0.0186373
0.0186987
0.0187598
0.0188216
0.0188827
0.0189453
0.0190057
0.0190675
0.0191293
0.0191907
0.0192525
0.0193136
0.019374
0.0194361
0.0194988
0.0195603
0.0196212
0.0196833
0.0197449
0.0198059
0.0198697
0.019936
0.0199969
0.0200571
0.0201188
0.0201816
0.020243
0.020305
0.0203666
0.0204287
0.0204902
0.0205517
0.0206128
0.0206747
0.0207378
0.0208008
0.0208626
0.0209199
0.0209819
0.0210443
0.0211057
0.0211678
0.0212296
0.0212919
0.021354
0.0214144
0.0214717
0.0215349
0.0215965
0.0216591
0.021721
0.021785
0.0218476
0.0219054
0.0219678
0.02203
0.0220934
0.0221563
0.0222188
0.0222813
0.0223434
0.0224061
0.0224683
0.0225421
0.0226043
0.022667
0.0227293
0.022791
0.0228542
0.0229154
0.0229779
0.0230415
0.0231034
0.0231607
0.0232222
0.023286
0.0233491
0.0234116
0.0234738
0.0235361
0.0235987
0.0236604
0.0237228
0.0237849
0.0238479
0.0239128
0.0239734
0.0240364
0.0240972
0.0241611
0.0242234
0.0242852
0.0243486
0.0244118
0.0244747
0.0245382
0.0246008
0.0246634
0.024724
0.0247869
0.0248499
0.0249135
0.0249795
0.0250419
0.0251023
0.0251653
0.0252279
0.0252912
0.0253511
0.0254127
0.0254749
0.0255391
0.0256015
0.0256653
0.02572
0.0257841
0.025847
0.0259093
0.0259731
0.0260355
0.0261007
0.0261631
0.0262227
0.0262849
0.026349
0.0264119
0.0264771
0.0265398
0.0266028
0.0266662
0.0267286
0.0267948
0.0268587
0.0269219
0.0269838
0.027047
0.0271103
0.0271737
0.0272395
0.0273034
0.027364
0.0274276
0.0274858
0.0275488
0.02761
0.0276742
0.0277386
0.0278017
0.0278638
0.027928
0.0279927
0.0280556
0.0281193
0.0281834
0.0282471
0.0283098
0.0283768
0.0284391
0.0285016
0.028563
0.0286248
0.0286886
0.0287511
0.0288143
0.0288793
0.0289443
0.0290118
0.0290727
0.0291369
0.0292015
0.0292645
0.0293289
0.0293934
0.0294565
0.0295182
0.0295811
0.02965
0.0297122
0.0297738
0.0298356
0.0299006
0.0299668
0.0300317
0.0300957
0.0301592
0.0302266
0.030288
0.0303523
0.0304172
0.0304819
0.030545
0.0306092
0.0306726
0.0307368
0.0308036
0.0308678
0.0309284
0.0309935
0.0310579
0.0311216
0.031185
0.0312484
0.0313123
0.0313762
0.0314395
0.0315035
0.0315671
0.0316321
0.0316968
0.0317608
0.0318259
0.0318888
0.0319557
0.0320208
0.0320832
0.0321439
0.0322099
0.0322743
0.0323386
0.0324028
0.0324674
0.0325326
0.0325951
0.0326593
0.032724
0.0327883
0.0328538
0.0329184
0.0329824
0.0330471
0.0331098
0.033177
0.0332408
0.0333045
0.033366
0.0334303
0.0334951
0.0335604
0.0336242
0.0336877
0.0337535
0.0338183
0.0338843
0.0339487
0.0340086
0.0340737
0.0341387
0.0342027
0.0342654
0.0343333
0.0344002
0.034465
0.0345305
0.0345922
0.0346553
0.03472
0.0347866
0.0348502
0.0349137
0.0349782
0.0350434
0.0351088
0.0351746
0.0352397
0.035305
0.0353681
0.0354338
0.0354986
0.0355631
0.0356282
0.0356968
0.035761
0.0358247
0.0358898
0.035955
0.0360203
0.0360856
0.0361508
0.0362158
0.0362811
0.0363468
0.0364121
0.0364779
0.0365433
0.0366076
0.0366743
0.0367382
0.0368031
0.0368679
0.0369358
0.0370014
0.0370674
0.0371288
0.0371959
0.0372599
0.037326
0.0373903
0.0374576
0.0375207
0.0375855
0.0376528
0.0377195
0.0377844
0.0378478
0.0379146
0.0379782
0.0380438
0.0381105
0.0381758
0.0382455
0.0383125
0.0383798
0.0384419
0.0385088
0.0385741
0.0386379
0.0387054
0.038769
0.0388352
0.0389015
0.0389692
0.0390351
0.039101
0.0391673
0.0392325
0.0393
0.039365
0.0394318
0.0394977
0.0395672
0.0396338
0.0396992
0.0397624
0.0398281
0.0398939
0.0399576
0.0400224
0.0400877
0.0401551
0.0402229
0.0402918
0.0403571
0.0404248
0.0404921
0.0405587
0.0406266
0.040695
0.0407601
0.0408263
0.0408947
0.0409617
0.0410298
0.0410925
0.0411595
0.0412261
0.0412916
0.0413589
0.0414235
0.0414901
0.0415555
0.0416225
0.0416904
0.041757
0.0418239
0.0418905
0.0419577
0.0420252
0.0420902
0.0421549
0.0422239
0.0422922
0.0423589
0.0424211
0.0424878
0.0425548
0.0426228
0.0426896
0.0427587
0.042826
0.0428946
0.0429631
0.0430303
0.0430994
0.0431644
0.0432314
0.043301
0.0433672
0.0434348
0.0435026
0.0435739
0.0436419
0.0437057
0.0437742
0.043842
0.0439096
0.0439769
0.0440455
0.0441104
0.0441777
0.0442451
0.0443132
0.044377
0.0444457
0.0445098
0.0445784
0.0446467
0.0447155
0.044784
0.044853
0.0449236
0.0449931
0.0450561
0.0451213
0.0451933
0.04526
0.0453288
0.0453941
0.0454602
0.0455306
0.0456006
0.0456683
0.0457369
0.0458044
0.0458734
0.0459415
0.0460115
0.0460797
0.046149
0.0462174
0.0462909
0.0463604
0.0464233
0.0464919
0.0465594
0.0466276
0.0466967
0.0467642
0.0468318
0.0468983
0.0469693
0.0470362
0.0471069
0.0471744
0.0472428
0.0473119
0.0473801
0.0474488
0.0475189
0.047591
0.0476673
0.047737
0.0478015
0.0478714
0.0479403
0.0480098
0.048077
0.0481462
0.0482158
0.0482837
0.0483538
0.0484236
0.0484936
0.0485635
0.0486325
0.0487011
0.0487698
0.0488357
0.0489025
0.0489763
0.0490506
0.0491227
0.0491922
0.0492539
0.0493232
0.0493915
0.049462
0.0495338
0.0496019
0.0496762
0.0497472
0.0498189
0.0498865
0.0499566
0.050026
0.0500904
0.0501586
0.0502307
0.0503012
0.0503795
0.0504475
0.0505197
0.0505816
0.0506512
0.0507235
0.0507948
0.0508655
0.0509357
0.0510057
0.051077
0.0511497
0.0512199
0.0512908
0.0513628
0.0514323
0.0515021
0.051571
0.0516419
0.0517211
0.0517911
0.0518546
0.0519277
0.0519975
0.05207
0.0521429
0.0522108
0.0522823
0.0523592
0.0524321
0.0525024
0.0525758
0.052647
0.0527171
0.0527885
0.0528624
0.0529298
0.0530008
0.0530735
0.0531537
0.0532218
0.05328
0.0533523
0.0534262
0.0535015
0.0535738
0.0536464
0.0537194
0.0537916
0.0538621
0.0539307
0.0540037
0.0540765
0.0541492
0.0542231
0.0542969
0.0543618
0.0544316
0.0545149
0.054593
0.0546565
0.0547291
0.0548059
0.0548772
0.0549509
0.0550245
0.0550984
0.0551708
0.0552443
0.0553173
0.055394
0.0554676
0.055541
0.0556114
0.0556847
0.0557574
0.0558336
0.0559232
0.0559956
0.0560593
0.0561363
0.0562112
0.0562833
0.0563588
0.0564389
0.0565129
0.0565854
0.0566565
0.05673
0.0568019
0.0568813
0.0569515
0.0570242
0.0571002
0.0571881
0.0572684
0.0573278
0.0574038
0.0574861
0.0575694
0.0576484
0.0577194
0.0577911
0.0578707
0.0579472
0.0580186
0.0580972
0.0581726
0.0582544
0.0583296
0.0584243
0.0584947
0.0585635
0.0586424
0.058723
0.058796
0.0588797
0.0589602
0.0590387
0.0591165
0.0591955
0.0592706
0.0593466
0.0594208
0.0594987
0.0595806
0.0596708
0.0597359
0.0598178
0.059898
0.0599713
0.0600579
0.060139
0.0602191
0.060296
0.0603726
0.0604535
0.0605325
0.0606094
0.0606945
0.0607753
0.0608607
0.060939
0.0610199
0.0611026
0.0611909
0.0612701
0.0613549
0.0614406
0.0615215
0.0616049
0.0616879
0.0617688
0.0618442
0.0619251
0.062009
0.0621079
0.0621719
0.0622532
0.0623339
0.0624083
0.0624923
0.062572
0.0626641
0.0627413
0.0628265
0.0629082
0.0629892
0.0630726
0.0631589
0.0632585
0.0633315
0.063423
0.0635119
0.0636007
0.0636773
0.0637671
0.0638558
0.0639405
0.0640329
0.0641246
0.0642097
0.0643005
0.0643787
0.0644887
0.064557
0.0646451
0.0647363
0.0648243
0.0649152
0.0650078
0.0650985
0.0651889
0.0652767
0.0653655
0.0654536
0.0655688
0.0656292
0.0657235
0.0658179
0.065912
0.0660066
0.0661042
0.0661994
0.0662937
0.0663845
0.0664782
0.0665716
0.0675308
0.0677199
0.0678072
0.0678959
0.0679621
0.0681047
0.0681148
0.0683498
0.068472
0.0685911
0.0697249
0.0697977
0.0698446
0.0698962
0.0699492
0.0700153
0.0701045
0.0702002
0.0701695
0.0704362
0.0704892
0.070218
0.070569
0.0705987
0.070656
0.0707208
0.0708053
0.0706027
0.0706432
0.0706559
0.0707017
0.0707208
0.0708529
0.0707138
0.0708258
0.0709405
0.071
0.0711727
0.0712141
0.0713283
0.071538
0.0716816
0.0717846
0.0719614
0.0720959
0.0722651
0.0724389
0.0725471
0.0727827
0.0729473
0.0731226
0.0733051
0.0734925
0.0736774
0.0738774
0.0740891
0.0742694
0.0744826
0.0747019
0.0749006
0.0751456
0.0753464
0.0756133
0.0755702
0.0761062
0.0763915
0.0765966
0.0768217
0.0771366
0.0773751
0.077751
0.0779927
0.0783159
0.0786542
0.0789633
0.0793205
0.0797098
0.080033
0.0805004
0.0808205
0.0811674
0.081619
0.0820729
0.0822895
0.0817612
0.0821631
0.0819052
0.0821383
0.0824438
0.0820954
0.0817854
