-0.171273
-0.171273
-0.171273
-0.171273
-0.171273
-0.131944
-0.171273
-0.168616
-0.171273
-0.171273
-0.168616
-0.131944
-0.171273
-0.171273
-0.171273
-0.171273
-0.171273
-0.171273
-0.171273
-0.168616
-0.171273
-0.168616
-0.171273
-0.131944
-0.171273
-0.171273
-0.171273
-0.168616
-0.131944
-0.171273
-0.171273
-0.171273
-0.171273
-0.171273
-0.131944
-0.171273
-0.171273
-0.131944
-0.171273
-0.168616
-0.171273
-0.171273
-0.131944
-0.171273
-0.171273
-0.131944
-0.131944
-0.171273
-0.171273
-0.168616
-0.131944
-0.171273
-0.131944
-0.168616
-0.171273
-0.171273
-0.171273
-0.131944
-0.0952791
-0.171273
-0.168616
-0.171273
-0.171273
-0.171273
-0.131944
-0.171273
-0.171273
-0.131944
-0.171273
-0.171273
-0.0952791
-0.171273
-0.171273
-0.171273
-0.168616
-0.171273
-0.171273
-0.171273
-0.168616
-0.131944
-0.171273
-0.171273
-0.171273
-0.171273
-0.171273
-0.168616
-0.131944
-0.171273
-0.171273
-0.171273
-0.171273
-0.0952791
-0.171273
-0.168616
-0.168616
-0.168616
-0.171273
-0.168616
-0.171273
-0.171273
-0.168616
-0.171273
-0.171273
-0.171273
-0.171273
-0.171273
-0.168616
-0.171273
-0.171273
-0.171273
-0.171273
-0.171273
-0.171273
-0.131944
-0.171273
-0.168616
-0.171273
-0.171273
-0.171273
-0.131944
-0.171273
-0.171273
-0.168616
-0.171273
-0.171273
-0.171273
-0.171273
-0.131944
-0.171273
-0.171273
-0.171273
-0.171273
-0.171273
-0.171273
-0.171273
-0.171273
-0.171273
-0.168616
-0.171273
-0.171273
-0.171273
-0.171273
-0.168616
-0.171273
-0.171273
-0.171273
-0.131944
-0.171273
-0.131944
-0.171273
-0.168616
-0.171273
-0.168616
-0.171273
-0.171273
-0.171273
-0.171273
-0.171273
-0.0952791
-0.171273
-0.131944
-0.171273
-0.171273
-0.171273
-0.131944
-0.168616
-0.171273
-0.171273
-0.171273
-0.171273
-0.171273
-0.171273
-0.171273
-0.171273
-0.171273
-0.171273
-0.171273
-0.171273
-0.171273
-0.171273
-0.171273
-0.171273
-0.171273
-0.171273
-0.171273
-0.168616
-0.131944
-0.131944
-0.131944
-0.168616
-0.171273
-0.168616
-0.171273
-0.0952791
-0.168616
-0.171273
-0.171273
-0.171273
-0.131944
-0.171273
-0.171273
-0.168616
-0.171273
-0.171273
-0.171273
-0.171273
-0.171273
-0.168616
-0.171273
-0.171273
-0.171273
-0.0952791
-0.171273
-0.171273
-0.171273
-0.171273
-0.171273
-0.171273
-0.171273
-0.171273
-0.171273
-0.171273
-0.171273
-0.171273
-0.171273
-0.171273
-0.171273
-0.131944
-0.171273
-0.171273
-0.171273
-0.168616
-0.171273
-0.171273
-0.171273
-0.171273
-0.171273
-0.171273
-0.171273
-0.131944
-0.168616
-0.171273
-0.171273
-0.131944
-0.171273
-0.171273
-0.171273
-0.131944
-0.171273
-0.171273
-0.171273
-0.131944
-0.171273
-0.171273
-0.171273
-0.131944
-0.171273
-0.171273
-0.171273
-0.171273
-0.171273
-0.171273
-0.131944
-0.168616
-0.171273
-0.171273
-0.171273
-0.171273
-0.171273
-0.131944
-0.171273
-0.171273
-0.171273
-0.131944
-0.168616
-0.171273
-0.171273
-0.171273
-0.171273
-0.171273
-0.171273
-0.131944
-0.171273
-0.168616
-0.171273
-0.171273
-0.131944
-0.168616
-0.131944
-0.171273
-0.168616
-0.171273
-0.168616
-0.171273
-0.171273
-0.171273
-0.171273
-0.171273
-0.171273
-0.171273
-0.171273
-0.171273
-0.171273
-0.171273
-0.171273
-0.171273
-0.171273
-0.171273
-0.171273
-0.171273
-0.171273
-0.171273
-0.171273
-0.131944
-0.168616
-0.168616
-0.171273
-0.171273
-0.171273
-0.171273
-0.171273
-0.171273
-0.171273
-0.171273
-0.171273
-0.171273
-0.168616
-0.0952791
-0.171273
-0.171273
-0.171273
-0.171273
-0.171273
-0.131944
-0.168616
-0.171273
-0.171273
-0.171273
-0.171273
-0.171273
-0.171273
-0.171273
-0.171273
-0.171273
-0.171273
-0.131944
-0.131944
-0.0952791
-0.171273
-0.171273
-0.171273
-0.171273
-0.171273
-0.171273
-0.171273
-0.171273
-0.171273
-0.171273
-0.131944
-0.171273
-0.171273
-0.171273
-0.171273
-0.131944
-0.168616
-0.171273
-0.171273
-0.171273
-0.168616
-0.171273
-0.171273
-0.171273
-0.171273
-0.171273
-0.0952791
-0.171273
-0.171273
-0.171273
-0.171273
-0.171273
-0.131944
-0.171273
-0.171273
-0.171273
-0.131944
-0.131944
-0.0952791
-0.168616
-0.171273
-0.131944
-0.171273
-0.168616
-0.168616
-0.171273
-0.171273
-0.168616
-0.131944
-0.171273
-0.171273
-0.171273
-0.171273
-0.171273
-0.171273
-0.171273
-0.168616
-0.168616
-0.171273
-0.171273
-0.171273
-0.131944
-0.171273
-0.171273
-0.171273
-0.171273
-0.168616
-0.171273
-0.171273
-0.168616
-0.171273
-0.171273
-0.171273
-0.131944
-0.0952791
-0.171273
-0.171273
-0.171273
-0.171273
-0.171273
-0.171273
-0.171273
-0.171273
-0.168616
-0.171273
-0.171273
-0.171273
-0.171273
-0.171273
-0.171273
-0.131944
-0.171273
-0.131944
-0.0952791
-0.171273
-0.171273
-0.171273
-0.171273
-0.171273
-0.171273
-0.171273
-0.171273
-0.171273
-0.171273
-0.171273
-0.171273
-0.171273
-0.131944
-0.171273
-0.168616
-0.171273
-0.171273
-0.168616
-0.131944
-0.131944
-0.168616
-0.131944
-0.131944
-0.171273
-0.171273
-0.168616
-0.171273
-0.171273
-0.0952791
-0.171273
-0.171273
-0.171273
-0.171273
-0.168616
-0.168616
-0.131944
-0.171273
-0.171273
-0.168616
-0.171273
-0.171273
-0.171273
-0.171273
-0.171273
-0.171273
-0.131944
-0.171273
-0.171273
-0.168616
-0.171273
-0.171273
-0.171273
-0.131944
-0.168616
-0.171273
-0.171273
-0.171273
-0.168616
-0.0952791
-0.171273
-0.171273
-0.171273
-0.168616
-0.171273
-0.171273
-0.171273
-0.171273
-0.168616
-0.171273
-0.171273
-0.168616
-0.131944
-0.171273
-0.171273
-0.171273
-0.168616
-0.168616
-0.168616
-0.168616
-0.171273
-0.168616
-0.171273
-0.171273
-0.171273
-0.168616
-0.171273
-0.171273
-0.171273
-0.168616
-0.171273
-0.171273
-0.168616
-0.171273
-0.131944
-0.131944
-0.168616
-0.171273
-0.171273
-0.171273
-0.171273
-0.171273
-0.171273
-0.0952791
-0.131944
-0.171273
-0.171273
-0.171273
-0.131944
-0.171273
-0.168616
-0.171273
-0.171273
-0.168616
-0.171273
-0.171273
-0.171273
-0.131944
-0.171273
-0.171273
-0.171273
-0.171273
-0.171273
-0.171273
-0.171273
-0.168616
-0.171273
-0.171273
-0.171273
-0.171273
-0.171273
-0.171273
-0.171273
-0.171273
-0.171273
-0.168616
-0.171273
-0.171273
-0.171273
-0.0952791
-0.171273
-0.0952791
-0.171273
-0.171273
-0.171273
-0.171273
-0.171273
-0.171273
-0.171273
-0.171273
-0.171273
-0.131944
-0.171273
-0.171273
-0.171273
-0.171273
-0.171273
-0.171273
-0.171273
-0.168616
-0.171273
-0.171273
-0.171273
-0.171273
-0.171273
-0.171273
-0.171273
-0.171273
-0.171273
-0.171273
-0.171273
-0.171273
-0.131944
-0.171273
-0.0952791
-0.131944
-0.171273
-0.171273
-0.168616
-0.131944
-0.171273
-0.171273
-0.171273
-0.171273
-0.171273
-0.168616
-0.171273
-0.171273
-0.171273
-0.171273
-0.171273
-0.171273
-0.171273
-0.171273
-0.131944
-0.171273
-0.131944
-0.131944
-0.171273
-0.131944
-0.171273
-0.171273
-0.171273
-0.171273
-0.168616
-0.171273
-0.171273
-0.131944
-0.171273
-0.171273
-0.171273
-0.168616
-0.171273
-0.0952791
-0.171273
-0.171273
-0.171273
-0.171273
-0.171273
-0.171273
-0.171273
-0.171273
-0.171273
-0.171273
-0.171273
-0.171273
-0.171273
-0.131944
-0.131944
-0.131944
-0.171273
-0.171273
-0.131944
-0.131944
-0.171273
-0.171273
-0.171273
-0.171273
-0.171273
-0.171273
-0.171273
-0.168616
-0.168616
-0.131944
-0.171273
-0.168616
-0.171273
-0.171273
-0.0952791
-0.171273
-0.171273
-0.131944
-0.171273
-0.131944
-0.131944
-0.171273
-0.171273
-0.171273
-0.171273
-0.171273
-0.168616
-0.171273
-0.171273
-0.131944
-0.171273
-0.171273
-0.171273
-0.171273
-0.171273
-0.171273
-0.171273
-0.171273
-0.171273
-0.131944
-0.171273
-0.171273
-0.171273
-0.171273
-0.171273
-0.171273
-0.171273
-0.171273
-0.171273
-0.171273
-0.171273
-0.171273
-0.171273
-0.168616
-0.171273
-0.171273
-0.171273
-0.0952791
-0.171273
-0.168616
-0.171273
-0.171273
-0.171273
-0.171273
-0.171273
-0.171273
-0.171273
-0.171273
-0.171273
-0.171273
-0.171273
-0.171273
-0.171273
-0.171273
-0.171273
-0.171273
-0.168616
-0.171273
-0.171273
-0.171273
-0.171273
-0.171273
-0.171273
-0.171273
-0.171273
-0.171273
-0.171273
-0.171273
-0.171273
-0.171273
-0.171273
-0.171273
-0.171273
-0.171273
-0.171273
-0.171273
-0.131944
-0.131944
-0.131944
-0.171273
-0.171273
-0.171273
-0.171273
-0.168616
-0.171273
-0.168616
-0.168616
-0.168616
-0.171273
-0.171273
-0.131944
-0.171273
-0.131944
-0.171273
-0.171273
-0.171273
-0.131944
-0.171273
-0.171273
-0.168616
-0.171273
-0.171273
-0.171273
-0.171273
-0.171273
-0.171273
-0.171273
-0.131944
-0.131944
-0.171273
-0.168616
-0.171273
-0.171273
-0.0952791
-0.168616
-0.168616
-0.168616
-0.171273
-0.171273
-0.171273
-0.171273
-0.171273
-0.171273
-0.171273
-0.171273
-0.171273
-0.171273
-0.171273
-0.171273
-0.171273
-0.171273
-0.171273
-0.171273
-0.168616
-0.171273
-0.171273
-0.0952791
-0.168616
-0.171273
-0.171273
-0.168616
-0.168616
-0.171273
-0.171273
-0.131944
-0.171273
-0.168616
-0.171273
-0.171273
-0.168616
-0.171273
-0.171273
-0.171273
-0.171273
-0.171273
-0.171273
-0.168616
-0.131944
-0.171273
-0.131944
-0.168616
-0.131944
-0.168616
-0.168616
-0.171273
-0.171273
-0.171273
-0.171273
-0.171273
-0.168616
-0.168616
-0.171273
-0.168616
-0.0952791
-0.171273
-0.168616
-0.171273
-0.171273
-0.131944
-0.171273
-0.171273
-0.171273
-0.131944
-0.168616
-0.171273
-0.171273
-0.131944
-0.171273
-0.171273
-0.171273
-0.171273
-0.171273
-0.131944
-0.131944
-0.171273
-0.171273
-0.171273
-0.171273
-0.168616
-0.171273
-0.171273
-0.171273
-0.171273
-0.171273
-0.171273
-0.171273
-0.171273
-0.131944
-0.171273
-0.171273
-0.168616
-0.171273
-0.0952791
-0.171273
-0.171273
-0.171273
-0.131944
-0.171273
-0.171273
-0.171273
-0.0952791
-0.131944
-0.171273
-0.171273
-0.171273
-0.171273
-0.168616
-0.171273
-0.171273
-0.171273
-0.171273
-0.171273
-0.168616
-0.131944
-0.131944
-0.0952791
-0.171273
-0.171273
-0.131944
-0.171273
-0.168616
-0.171273
-0.131944
-0.171273
-0.171273
-0.131944
-0.171273
-0.171273
-0.171273
-0.171273
-0.171273
-0.171273
-0.171273
-0.171273
-0.171273
-0.171273
-0.168616
-0.171273
-0.171273
-0.168616
-0.168616
-0.171273
-0.171273
-0.171273
-0.168616
-0.171273
-0.171273
-0.171273
-0.131944
-0.168616
-0.171273
-0.171273
-0.171273
-0.171273
-0.0952791
-0.171273
-0.168616
-0.171273
-0.0952791
-0.171273
-0.171273
-0.171273
-0.168616
-0.171273
-0.131944
-0.171273
-0.171273
-0.171273
-0.171273
-0.171273
-0.131944
-0.171273
-0.168616
-0.171273
-0.131944
-0.168616
-0.168616
-0.171273
-0.131944
-0.171273
-0.168616
-0.168616
-0.131944
-0.171273
-0.00607636
0.0655609
0.0106169
0.0142824
-0.0817559
0.189403
0.0555311
0.117501
-0.0367114
-0.029122
0.110468
0.189403
-0.000723693
-0.0681814
-0.0819112
-0.0387441
-0.0767666
-0.0247285
-0.00493661
0.121614
0.0699735
0.0905204
-0.042159
0.166977
-0.0174426
-0.0665729
-0.0871718
0.107108
0.166903
-0.0732923
-0.0179142
-0.0556587
0.0541339
-0.0241623
0.166977
-0.071756
0.0244309
0.203863
0.0456235
0.152369
-0.0632017
-0.0713248
0.189403
-0.029122
-0.0071494
0.189403
0.189403
0.00720918
-0.00551427
0.165048
0.203863
0.00921491
0.176628
0.0844419
-0.0935787
-0.0818
0.0670765
0.189403
0.203863
0.00921491
0.152669
-0.0721397
-0.0938125
-0.0169688
0.166623
-0.08129
-0.0602793
0.203504
-0.0470041
-0.0470041
0.203863
-0.0214749
-0.0698638
-0.0777077
0.143603
0.0470172
-0.0387441
0.0127828
0.0771924
0.17868
-0.0396681
0.0313592
-0.0278408
-0.0241623
-0.0530239
0.0927006
0.203504
0.0583983
-0.0719545
0.0120523
0.0512336
0.203504
-0.0071494
0.0790111
0.110143
0.110468
-0.0812931
0.104511
0.0106169
-0.0600647
0.0803543
-0.0271766
-0.0778702
-0.0818449
-0.043461
0.0113308
0.166198
-0.0367114
-0.0938125
0.0022887
0.0158613
-0.064927
-0.076076
0.166784
-0.015043
0.117416
0.0598307
0.0193781
-0.013087
0.166623
-0.0812931
-0.0537467
0.107302
-0.0871718
0.0541339
-0.0569969
-0.0700493
0.203504
-0.0938125
-0.0817133
-0.0818
-0.0367114
-0.068321
-0.0523667
-0.0700493
-0.0284178
0.0278114
0.0758836
-0.029858
-0.0556587
-0.0456994
0.0135249
0.0817003
-0.00607636
-0.0938125
-0.064927
0.203504
-0.0330532
0.166316
0.0470016
0.121592
-0.0600647
0.0790111
-0.025913
-0.00313971
-0.0871718
0.0325711
0.0158613
0.203504
-0.071756
0.189403
0.0266605
-0.0698638
-0.0772551
0.178884
0.0745608
-0.0330532
-0.0586897
-0.0871718
-0.081349
-0.0135747
0.0363241
-0.0700493
0.0142824
0.0193781
0.0266605
0.00594079
0.0113308
-0.0782056
0.0389172
0.00168354
0.00168354
-0.0483181
0.0142824
0.0350531
0.164553
0.189403
0.203504
0.203504
0.0763113
-0.0775501
0.113846
0.0266605
0.203504
0.152567
-0.0719545
-0.015043
-0.0819112
0.189403
-0.0869398
-0.0483181
0.153315
0.0289801
-0.0649344
-0.0814616
-0.0814544
0.0628448
0.121611
0.00168354
0.0699735
-0.00132274
0.203504
-0.029858
-0.0814616
0.00532196
-0.071756
-0.0194047
-0.0633018
0.0278114
-0.0284178
-0.0719545
-0.0204358
-0.0271766
0.0526606
-0.030632
-0.0715458
-0.0399481
0.189403
-0.0509989
0.0483862
-0.0698638
0.143603
-0.0387441
-0.0569969
-0.0814616
-0.0155292
-0.030632
-0.00493661
-0.0814977
0.178392
0.166073
-0.0935787
0.0120523
0.166708
0.0512336
-0.037838
-0.0483181
0.166623
0.0158613
-0.0551365
-0.0543379
0.166529
0.0627268
-0.0751946
-0.0071494
0.178957
-0.0819151
-0.0665729
0.0338019
0.0255321
-0.0632017
-0.0551365
0.203863
0.136733
0.0266605
0.00594079
-0.0754159
-0.0241623
-0.0758589
0.167
-0.029858
0.030163
-0.068321
0.189403
0.074948
-0.0470041
-0.0814616
-0.0702134
-0.0126018
-0.050407
-0.0602793
0.189403
-0.030632
0.143493
-0.0749752
-0.0253115
0.189403
0.165942
0.203504
0.0266605
0.153885
-0.0321485
0.104295
0.0402339
-0.076076
-0.076076
-0.00607636
0.0672631
-0.075638
-0.0819112
-0.0583676
-0.0817133
-0.0871718
0.0613693
0.0325711
-0.00916824
0.00921491
0.0389172
0.0512609
-0.0616934
-0.075638
0.017554
-0.029858
0.189403
0.143663
0.0728967
-0.0209388
0.0106169
-0.07374
-0.0189164
-0.0648999
-0.0189164
0.0470016
-0.0330532
-0.0387441
-0.0241623
0.121506
0.218643
-0.0633018
-0.0632017
0.0389172
-0.071756
0.0266605
0.166946
0.104049
0.0213147
0.0402339
-0.0338186
-0.0155292
-0.029122
-0.0169688
0.0244309
-0.0819112
0.0203341
-0.0819151
0.178792
0.166977
0.203504
-0.0470041
-0.0818716
-0.0470041
-0.0633018
0.0627268
-0.0681814
-0.0935787
0.0612707
-0.00374569
-0.00966928
0.189403
-0.0938125
0.0233604
-0.0871718
0.0193781
0.203504
0.110468
-0.025384
-0.0431111
-0.0537467
0.0803543
-0.0768753
-0.0408921
0.0512609
-0.0071494
-0.0189164
0.203863
-0.0312962
0.0498372
-0.0813231
-0.0530239
-0.0938125
0.203504
-0.0751946
-0.0600647
-0.0551365
0.179067
0.189403
0.203504
0.104295
0.0498372
0.178547
-0.0447868
0.165805
0.117637
-0.0265344
0.0350531
0.13104
0.189403
0.00532196
0.0702198
-0.0470041
-0.0214446
0.0193781
-0.0569969
-0.00766196
0.154
0.104511
-0.019422
0.0583983
-0.0431111
0.189403
-0.0189021
0.0363241
-0.0814616
-0.0230722
0.0745608
-0.0241623
-0.0496485
0.152878
0.0526935
-0.025913
-0.0600647
0.189403
0.203504
-0.0715458
-0.0812954
-0.0271766
-0.0543379
-0.0537467
0.00991091
-0.0184059
0.0255321
0.152669
-0.0732923
-0.0616934
-0.042159
-0.0356368
0.0670765
-0.0702134
0.177263
-0.0543379
0.178014
0.203504
0.0686274
-0.0219869
-0.000723693
-0.0444003
-0.0140644
0.0569663
0.0600016
-0.0470041
-0.0819151
-0.0530239
-0.00253187
-0.0537467
-0.0019255
0.166427
-0.0719545
0.121614
0.0484036
-0.0496485
0.1367
0.166849
0.203504
0.165662
0.17868
0.177789
-0.0169688
-0.029858
0.164886
-0.0169688
-0.0174426
0.203863
-0.0732923
-0.0569969
-0.071756
-0.0814616
0.0949091
0.101394
0.166784
-0.0496485
0.0442431
0.0905204
-0.0777077
-0.0556587
0.01845
-0.0813537
-0.0348108
-0.0483181
0.177539
0.0142824
-0.0569969
0.16472
-0.0869398
-0.0312962
-0.0408921
0.189403
0.165805
0.030163
-0.042159
-0.0871718
0.121614
0.203504
-0.0696604
0.0699735
-0.0700493
0.152567
0.0278114
0.00853166
0.0313592
-0.0330532
0.113734
-0.0702134
-0.068321
0.154114
0.166427
-0.0819151
-0.0616934
-0.028529
0.153541
0.0949091
0.0790111
0.0776646
-0.0666518
0.0758836
-0.0665729
0.0135249
0.0628448
0.164553
-0.0739473
-0.0871718
-0.0773989
0.143643
0.0455986
-0.0387441
0.0988751
-0.0396681
0.189403
0.176268
0.152467
-0.0818716
-0.0367114
-0.0700493
-0.0815079
-0.0556587
-0.0338186
0.203504
0.189403
0.0540944
-0.0523667
0.000474669
0.189403
-0.0649344
0.153885
-0.066632
-0.0470041
0.0715693
-0.0551365
-0.0321485
-0.0387441
0.189403
-0.042159
-0.0819151
0.00991091
0.0402339
0.0512336
-0.068321
-0.0219869
0.152178
0.0266605
-0.0783767
0.0570232
-0.0684262
-0.0071494
-0.0684262
0.0350531
-0.0330532
-0.0775501
0.143583
-0.0739473
-0.075638
0.0289801
0.203504
-0.0265344
0.203863
0.0498372
-0.0321485
-0.068321
-0.0772551
-0.075638
-0.0160123
0.0266605
-0.0696604
-0.0772551
0.189403
-0.0543379
0.0313592
0.00991091
-0.0247285
0.0233604
-0.0509989
-0.0816169
0.143583
-0.0586897
-0.043461
-0.071756
0.0699735
-0.0702134
-0.08129
-0.0569969
-0.0284178
0.0702198
-0.0935787
-0.0666518
-0.0817887
0.189403
-0.0684262
0.203863
0.203504
-0.0106602
-0.0338186
0.0905204
0.178215
0.0555311
-0.00253187
-0.0509989
0.0255321
-0.0741441
0.110319
0.0712971
0.030163
-0.00434595
-0.0602793
-0.0666518
-0.00374569
-0.0375907
0.00853166
0.203504
0.0022887
0.189403
0.189403
-0.042159
0.203504
0.030163
-0.0271766
-0.0869398
0.0289801
0.15377
-0.0681814
0.0613693
0.189403
-0.0292451
-0.0509989
-0.000125766
0.153541
-0.0815568
0.203504
-0.0399481
-0.0583676
-0.0632017
0.0313592
-0.0602793
-0.0314505
-0.0600647
0.0670765
-0.0517126
-0.0633543
-0.0819112
-0.0321485
-0.071756
0.178547
0.17868
0.203504
-0.028529
-0.0375907
0.189403
0.189403
-0.07374
0.0456106
0.0389172
-0.028529
-0.0444003
-0.064927
0.0193781
0.117566
0.136736
0.178884
-0.0356368
0.153315
-0.0648999
-0.0632017
0.203863
-0.029122
-0.00816472
0.189403
-0.0496485
0.178215
0.189403
-0.068321
0.01845
-0.0871718
-0.0719545
-0.0253115
0.0927006
-0.0782056
-0.0735217
0.189403
-0.0871718
-0.0681814
0.00107837
-0.0741441
-0.0573718
-0.0600647
-0.0586897
-0.0938125
0.0712971
0.203504
-0.0633018
0.0389172
-0.0938125
0.0512083
-0.076993
0.0106169
-0.0938125
0.0213147
0.0702198
-0.0496485
-0.0569969
-0.0777077
-0.00551427
0.113846
0.0255321
0.0363241
-0.0569969
0.203863
0.0613693
0.136733
-0.0715458
0.00168354
-0.0871718
-0.0783767
-0.0101669
0.0338019
0.0363241
0.00168354
-0.0189164
-0.0684262
0.0223221
0.0150596
-0.0698638
-0.019422
-0.0819065
-0.0556587
0.154228
-0.0356368
-0.0278408
-0.0809837
0.0255321
0.0470172
-0.0543379
0.0526606
-0.0356368
0.0325711
0.0213147
0.00471006
-0.0938125
-0.0140644
-0.00766196
0.0627268
-0.0194047
-0.0444003
-0.0356368
-0.0783767
0.177539
0.189403
0.167
-0.0330532
0.0193781
-0.0633018
0.00349761
0.110592
-0.0101669
0.0873428
0.136736
0.143437
0.00656907
-0.0938125
0.203504
0.00349761
0.203504
0.00786302
-0.028529
-0.0684262
0.203504
0.0389172
-0.00766196
0.117501
0.0715693
-0.0665729
-0.0543379
-0.0509989
-0.0817133
0.0469872
-0.0314505
0.203863
0.178014
-0.0314505
0.104049
0.00107837
0.0028933
0.203504
0.0858649
0.0945146
0.153541
0.0313592
-0.0496485
-0.015043
-0.0749752
-0.0456994
0.0583983
0.000474669
-0.0199156
-0.0356368
-0.0209388
-0.0140644
-0.0775501
0.0255321
-0.025384
-0.0648999
0.0325711
0.153655
-0.0713248
-0.0408921
0.203504
0.117416
-0.0169688
-0.0111492
0.126025
0.15377
-0.0813812
0.0289801
0.189403
0.00786302
0.131025
0.0213147
-0.0184178
0.0964474
0.042897
0.0672631
0.0350531
-0.0616934
-0.042159
-0.00434595
0.154114
0.177263
-0.0569969
0.189403
0.153655
0.189403
0.165805
0.131003
0.0456235
-0.0184178
-0.030632
0.0455986
-0.013087
0.0830586
0.136679
-0.0615129
0.152369
0.203504
-0.0338186
0.153541
-0.0470041
0.00921491
0.166708
-0.0247285
-0.0783767
0.0223221
0.189403
0.153203
-0.0135747
-0.0600647
0.178014
-0.00916824
0.0255321
-0.00434595
-0.0356368
-0.07374
0.203504
0.189403
0.0213147
-0.0648999
-0.0586897
0.0193781
0.143623
-0.0600647
-0.0871718
0.0350531
0.0223221
-0.00916824
-0.0444003
0.0158613
0.0203341
0.189403
0.0363241
0.00720918
0.125988
-0.0314505
0.203504
-0.0735217
-0.0600647
-0.0739473
0.17868
-0.0375907
-0.0684262
0.0613693
0.203504
0.178547
-0.00374569
0.00471006
-0.0209388
-0.0814616
0.131037
-0.0556587
0.00532196
-0.00916824
0.0402339
0.0612707
0.0790111
0.189403
0.189403
0.203863
-0.043461
-0.0615129
0.203504
0.0540944
0.0905204
-0.00253187
0.203504
0.0313592
0.0684211
0.178792
-0.0483181
-0.0871718
-0.0375907
0.0278114
-0.0189021
0.0570232
-0.00132274
-0.030632
0.0338019
-0.0818962
0.143684
0.0376131
-0.0818449
0.0803543
0.110592
-0.025913
-0.0140644
-0.00816472
0.121614
0.0113308
0.0278114
0.0402339
0.17868
0.0927006
-0.0777077
-0.0813323
-0.0666518
-0.0338186
0.203504
-0.0586897
0.117501
0.017554
0.203504
0.0255321
0.0470016
-0.0684262
0.0776646
-0.0713248
0.203504
-0.0321485
0.0376131
0.0640761
-0.0543379
-0.0741441
0.203504
-0.0869398
0.0830586
-0.0278408
0.178884
0.0945146
0.0803543
-0.0496485
0.189403
-0.028529
0.0945146
0.0817003
0.203504
-0.0778702
-0.00607636
0.0682458
0.0106169
0.0142824
-0.0807537
0.189403
0.0551255
0.152245
-0.037605
-0.0283652
0.152245
0.189403
-0.000723693
-0.0516044
-0.0807537
-0.0398055
-0.0696222
-0.0245867
-0.00493661
0.152245
0.0855008
0.152245
-0.042795
0.176268
-0.0174426
-0.0478542
-0.0871718
0.152245
0.176268
-0.0599684
-0.0179142
-0.0445717
0.0537808
-0.0235957
0.176268
-0.0556359
0.0244309
0.203863
0.0455986
0.164031
-0.0408866
-0.0599684
0.189403
-0.0283652
-0.0071494
0.189403
0.189403
0.00720918
-0.00551427
0.164031
0.203863
0.00921491
0.176268
0.141626
-0.0935787
-0.0807537
0.0711329
0.189403
0.203863
0.00921491
0.164031
-0.0556359
-0.0938125
-0.0169688
0.175878
-0.0749905
-0.037875
0.203504
-0.0442641
-0.0442641
0.203863
-0.0216888
-0.0556359
-0.0696222
0.164031
0.0469615
-0.0398055
0.0127828
0.141626
0.176268
-0.0410705
0.0313592
-0.0277889
-0.0235957
-0.0465657
0.152245
0.203504
0.0577422
-0.0556359
0.0120523
0.0510631
0.203504
-0.0071494
0.141626
0.152245
0.152245
-0.0749905
0.152245
0.0106169
-0.0381129
0.141626
-0.0272298
-0.0696222
-0.0807537
-0.0434086
0.0113308
0.176268
-0.0365472
-0.0938125
0.0022887
0.0158613
-0.0478542
-0.064623
0.176268
-0.015043
0.152245
0.0602442
0.0193781
-0.013087
0.176268
-0.0749905
-0.0463978
0.152245
-0.0871718
0.0551255
-0.0418984
-0.0556359
0.203504
-0.0938125
-0.0807537
-0.0807537
-0.037605
-0.0516044
-0.0466219
-0.0516044
-0.0277889
0.0278114
0.141626
-0.0289629
-0.0451306
-0.0440823
0.0135249
0.141626
-0.00607636
-0.0938125
-0.0478542
0.203504
-0.032378
0.175878
0.0469615
0.152245
-0.037875
0.141626
-0.0256144
-0.00313971
-0.0871718
0.0325711
0.0158613
0.203504
-0.0556359
0.189403
0.0266605
-0.0556359
-0.0696222
0.176268
0.141626
-0.032378
-0.0381129
-0.0871718
-0.0749905
-0.0135747
0.0363241
-0.0516044
0.0142824
0.0193781
0.0266605
0.00594079
0.0113308
-0.0696222
0.0389172
0.00168354
0.00168354
-0.0453355
0.0142824
0.0350531
0.164031
0.189403
0.203504
0.203504
0.141626
-0.0696222
0.152245
0.0266605
0.203504
0.164031
-0.0556359
-0.015043
-0.0807537
0.189403
-0.0869398
-0.0451467
0.164031
0.0289801
-0.0443668
-0.0749905
-0.0696222
0.0702087
0.152245
0.00168354
0.0820547
-0.00132274
0.203504
-0.0289629
-0.0749905
0.00532196
-0.0556359
-0.0193253
-0.0443668
0.0278114
-0.0277889
-0.0556359
-0.0202706
-0.0266826
0.0524249
-0.0302341
-0.0556359
-0.0418943
0.189403
-0.0464284
0.0483287
-0.0556359
0.163644
-0.0398055
-0.0408625
-0.0752184
-0.0155292
-0.0302341
-0.00493661
-0.0809837
0.176268
0.176268
-0.0935787
0.0120523
0.176268
0.0510631
-0.0387047
-0.0453355
0.176268
0.0158613
-0.045664
-0.0463675
0.175878
0.0710449
-0.064623
-0.0071494
0.176268
-0.0807537
-0.0478542
0.0338019
0.0255321
-0.0408866
-0.0460216
0.203863
0.163644
0.0266605
0.00594079
-0.064623
-0.0240872
-0.064623
0.176268
-0.029584
0.030163
-0.0516044
0.189403
0.141626
-0.0442641
-0.0752184
-0.0516044
-0.0126018
-0.0462674
-0.0381129
0.189403
-0.0302341
0.163644
-0.064623
-0.0250954
0.189403
0.176268
0.203504
0.0266605
0.164031
-0.0316363
0.152245
0.0402339
-0.064623
-0.064623
-0.00607636
0.0739922
-0.064623
-0.0809837
-0.0396493
-0.0809837
-0.0871718
0.0693383
0.0325711
-0.00916824
0.00921491
0.0389172
0.0510631
-0.0408866
-0.064623
0.017554
-0.0289629
0.189403
0.163644
0.128457
-0.0207442
0.0106169
-0.0599684
-0.0188546
-0.0443668
-0.0188546
0.0469615
-0.032378
-0.0398055
-0.0240872
0.152245
0.218643
-0.0443668
-0.0443668
0.0389172
-0.0556359
0.0266605
0.176268
0.152245
0.0213147
0.0402339
-0.0331409
-0.0155292
-0.0283652
-0.0169688
0.0244309
-0.0809837
0.0203341
-0.0807537
0.176268
0.176268
0.203504
-0.0442641
-0.0809837
-0.0442641
-0.0443668
0.0708113
-0.0516044
-0.0935787
0.0643811
-0.00374569
-0.00966928
0.189403
-0.0938125
0.0233604
-0.0871718
0.0193781
0.203504
0.152245
-0.0256144
-0.043257
-0.0463978
0.141626
-0.0696222
-0.0430862
0.0524249
-0.0071494
-0.0188546
0.203863
-0.0309191
0.0496969
-0.0749905
-0.0465072
-0.0938125
0.203504
-0.064623
-0.0381129
-0.045664
0.176268
0.189403
0.203504
0.152245
0.0510631
0.176268
-0.0435949
0.175878
0.152245
-0.0266826
0.0350531
0.163644
0.189403
0.00532196
0.090874
-0.0442641
-0.0212172
0.0193781
-0.0437883
-0.00766196
0.163644
0.152245
-0.0193253
0.0577422
-0.043257
0.189403
-0.0188546
0.0363241
-0.0749905
-0.0231112
0.141626
-0.0240872
-0.0460986
0.164031
0.0524249
-0.0256144
-0.037875
0.189403
0.203504
-0.0599684
-0.0749905
-0.0266826
-0.0459123
-0.0463978
0.00991091
-0.0183846
0.0255321
0.164031
-0.0599684
-0.0411251
-0.0429351
-0.0365472
0.0701784
-0.0516044
0.176268
-0.0463675
0.176268
0.203504
0.0789701
-0.0216888
-0.000723693
-0.0432522
-0.0140644
0.0564487
0.0643234
-0.0447363
-0.0807537
-0.0465657
-0.00253187
-0.0463978
-0.0019255
0.176268
-0.0556359
0.152245
0.0483287
-0.0457751
0.163644
0.176268
0.203504
0.176268
0.176268
0.176268
-0.0169688
-0.0289629
0.163644
-0.0169688
-0.0174426
0.203863
-0.0599684
-0.0431611
-0.0556359
-0.0749905
0.152245
0.152245
0.176268
-0.0459125
0.0442431
0.152245
-0.0696222
-0.0451323
0.01845
-0.0809837
-0.0339279
-0.0450517
0.176268
0.0142824
-0.0432571
0.164031
-0.0869398
-0.0309191
-0.0421573
0.189403
0.176268
0.030163
-0.0430862
-0.0871718
0.152245
0.203504
-0.0556359
0.0874342
-0.0516044
0.164031
0.0278114
0.00853166
0.0313592
-0.0331409
0.152245
-0.0516044
-0.0516044
0.164031
0.176268
-0.0807537
-0.0408866
-0.0283652
0.164031
0.152245
0.141626
0.141626
-0.0478542
0.141626
-0.0478542
0.0135249
0.0702087
0.163644
-0.0599684
-0.0871718
-0.0696222
0.163644
0.0455986
-0.0398055
0.152245
-0.0410705
0.189403
0.176268
0.164031
-0.0807537
-0.0365472
-0.0556359
-0.0749905
-0.0437947
-0.0331409
0.203504
0.189403
0.0537808
-0.0467187
0.000474669
0.189403
-0.0441273
0.164031
-0.0478542
-0.0450094
0.118996
-0.0454948
-0.0316363
-0.0398055
0.189403
-0.0430862
-0.0807537
0.00991091
0.0402339
0.0510631
-0.0516044
-0.0216888
0.163644
0.0266605
-0.064623
0.0577422
-0.0478542
-0.0071494
-0.0516044
0.0350531
-0.032378
-0.0696222
0.163644
-0.0599684
-0.064623
0.0289801
0.203504
-0.026144
0.203863
0.0510631
-0.0316363
-0.051361
-0.0696222
-0.064623
-0.0160123
0.0266605
-0.0556359
-0.0696222
0.189403
-0.0459123
0.0313592
0.00991091
-0.0245867
0.0233604
-0.0464284
-0.0807537
0.163644
-0.037875
-0.0429371
-0.0556359
0.0820547
-0.0516044
-0.0749905
-0.0424313
-0.0277889
0.090874
-0.0935787
-0.0478542
-0.0807537
0.189403
-0.0478542
0.203863
0.203504
-0.0106602
-0.0339279
0.152245
0.176268
0.0551255
-0.00253187
-0.0464284
0.0255321
-0.0599684
0.152245
0.100298
0.030163
-0.00434595
-0.0411251
-0.0478542
-0.00374569
-0.0376551
0.00853166
0.203504
0.0022887
0.189403
0.189403
-0.0429351
0.203504
0.030163
-0.0272298
-0.0869398
0.0289801
0.164031
-0.0516044
0.0678889
0.189403
-0.0289629
-0.0464284
-0.000125766
0.163644
-0.0752184
0.203504
-0.0418943
-0.0399404
-0.0411251
0.0313592
-0.037875
-0.0309191
-0.0381129
0.0712375
-0.0465404
-0.0443668
-0.0807537
-0.0316363
-0.0556359
0.176268
0.176268
0.203504
-0.0283652
-0.037605
0.189403
0.189403
-0.0599684
0.0455986
0.0389172
-0.0283652
-0.0433274
-0.0478542
0.0193781
0.152245
0.163644
0.176268
-0.0365472
0.163644
-0.0443668
-0.0408866
0.203863
-0.0289629
-0.00816472
0.189403
-0.0459125
0.176268
0.189403
-0.0516044
0.01845
-0.0871718
-0.0556359
-0.0250954
0.152245
-0.0696222
-0.0599684
0.189403
-0.0871718
-0.0516044
0.00107837
-0.0599684
-0.0407161
-0.0381129
-0.036994
-0.0938125
0.100298
0.203504
-0.0443668
0.0389172
-0.0938125
0.0510631
-0.0696222
0.0106169
-0.0938125
0.0213147
0.0936019
-0.0459125
-0.0429636
-0.0696222
-0.00551427
0.152245
0.0255321
0.0363241
-0.0416043
0.203863
0.0678889
0.163644
-0.0556359
0.00168354
-0.0871718
-0.064623
-0.0101669
0.0338019
0.0363241
0.00168354
-0.0188546
-0.0478542
0.0223221
0.0150596
-0.0556359
-0.0193253
-0.0807537
-0.0448282
0.164031
-0.0347399
-0.0277889
-0.0809837
0.0255321
0.0469615
-0.0459123
0.0524249
-0.0347399
0.0325711
0.0213147
0.00471006
-0.0938125
-0.0140644
-0.00766196
0.0710449
-0.0193253
-0.0432522
-0.0347399
-0.064623
0.176268
0.189403
0.176268
-0.032378
0.0193781
-0.0441273
0.00349761
0.152245
-0.0101669
0.152245
0.163644
0.163644
0.00656907
-0.0938125
0.203504
0.00349761
0.203504
0.00786302
-0.0283652
-0.0516044
0.203504
0.0389172
-0.00766196
0.152245
0.106652
-0.0478542
-0.0458546
-0.0464284
-0.0809837
0.0469615
-0.0309191
0.203863
0.176268
-0.0309191
0.152245
0.00107837
0.0028933
0.203504
0.152245
0.152245
0.164031
0.0313592
-0.0458294
-0.015043
-0.064623
-0.043944
0.0590058
0.000474669
-0.0197973
-0.0356701
-0.0212172
-0.0140644
-0.0696222
0.0255321
-0.0256144
-0.0443668
0.0325711
0.164031
-0.0599684
-0.0421573
0.203504
0.152245
-0.0169688
-0.0111492
0.163644
0.164031
-0.0749905
0.0289801
0.189403
0.00786302
0.163644
0.0213147
-0.0183846
0.152245
0.042897
0.0742324
0.0350531
-0.0408866
-0.042795
-0.00434595
0.164031
0.176268
-0.0424313
0.189403
0.164031
0.189403
0.176268
0.163644
0.0455986
-0.0183846
-0.0302341
0.0455986
-0.013087
0.141626
0.163644
-0.0411251
0.163644
0.203504
-0.0331409
0.163644
-0.0442641
0.00921491
0.176268
-0.0245867
-0.064623
0.0223221
0.189403
0.164031
-0.0135747
-0.0381129
0.176268
-0.00916824
0.0255321
-0.00434595
-0.0347399
-0.0599684
0.203504
0.189403
0.0213147
-0.0443668
-0.0355411
0.0193781
0.163644
-0.037875
-0.0871718
0.0350531
0.0223221
-0.00916824
-0.0437798
0.0158613
0.0203341
0.189403
0.0363241
0.00720918
0.152245
-0.0309191
0.203504
-0.0599684
-0.037875
-0.0599684
0.176268
-0.0386403
-0.047613
0.0678889
0.203504
0.176268
-0.00374569
0.00471006
-0.0207442
-0.0749905
0.163644
-0.0437947
0.00532196
-0.00916824
0.0402339
0.0643811
0.141626
0.189403
0.189403
0.203863
-0.0430358
-0.0408866
0.203504
0.0537808
0.152245
-0.00253187
0.203504
0.0313592
0.0750948
0.176268
-0.0453901
-0.0871718
-0.0385252
0.0278114
-0.0188546
0.0577422
-0.00132274
-0.0302341
0.0338019
-0.0807537
0.163644
0.0376131
-0.0807537
0.141626
0.152245
-0.0256144
-0.0140644
-0.00816472
0.152245
0.0113308
0.0278114
0.0402339
0.176268
0.152245
-0.0696222
-0.0749905
-0.0478542
-0.0331409
0.203504
-0.037875
0.152245
0.017554
0.203504
0.0255321
0.0469615
-0.0516044
0.141626
-0.0599684
0.203504
-0.0316363
0.0376131
0.0702087
-0.0458546
-0.0599684
0.203504
-0.0869398
0.141626
-0.0277889
0.176268
0.152245
0.141626
-0.0459125
0.189403
-0.0283652
0.152245
0.141626
0.203504
-0.0696222
