-0.312731
-0.312714
-0.312698
-0.312681
-0.312665
-0.312648
-0.312632
-0.312615
-0.312598
-0.312582
-0.312565
-0.312549
-0.312532
-0.312516
-0.312499
-0.312483
-0.312466
-0.312449
-0.312433
-0.312416
-0.3124
-0.312383
-0.312367
-0.31235
-0.312333
-0.312317
-0.3123
-0.312284
-0.312267
-0.312251
-0.312234
-0.312217
-0.312201
-0.312184
-0.312168
-0.312151
-0.312135
-0.312118
-0.312101
-0.312085
-0.312068
-0.312052
-0.312035
-0.312019
-0.312002
-0.311985
-0.311969
-0.311952
-0.311936
-0.311919
-0.311903
-0.311886
-0.31187
-0.311853
-0.311836
-0.31182
-0.311803
-0.311787
-0.31177
-0.311754
-0.311737
-0.31172
-0.311704
-0.311687
-0.311671
-0.311654
-0.311638
-0.311621
-0.311604
-0.311588
-0.311571
-0.311555
-0.311538
-0.311522
-0.311505
-0.311488
-0.311472
-0.311455
-0.311439
-0.311422
-0.311406
-0.311389
-0.311373
-0.311356
-0.311339
-0.311323
-0.311306
-0.31129
-0.311273
-0.311257
-0.31124
-0.311223
-0.311207
-0.31119
-0.311174
-0.311157
-0.311141
-0.311124
-0.311107
-0.311091
-0.311074
-0.311058
-0.311041
-0.311025
-0.311008
-0.310991
-0.310975
-0.310958
-0.310942
-0.310925
-0.310909
-0.310892
-0.310875
-0.310859
-0.310842
-0.310826
-0.310809
-0.310793
-0.310776
-0.31076
-0.310743
-0.310726
-0.31071
-0.310693
-0.310677
-0.31066
-0.310644
-0.310627
-0.31061
-0.310594
-0.310577
-0.310561
-0.310544
-0.310528
-0.310511
-0.310494
-0.310478
-0.310461
-0.310445
-0.310428
-0.310412
-0.310395
-0.310378
-0.310362
-0.310345
-0.310329
-0.310312
-0.310296
-0.310279
-0.310262
-0.310246
-0.310229
-0.310213
-0.310196
-0.31018
-0.310163
-0.310147
-0.31013
-0.310113
-0.310097
-0.31008
-0.310064
-0.310047
-0.310031
-0.310014
-0.309997
-0.309981
-0.309964
-0.309948
-0.309931
-0.309915
-0.309898
-0.309881
-0.309865
-0.309848
-0.309832
-0.309815
-0.309799
-0.309782
-0.309765
-0.309749
-0.309732
-0.309716
-0.309699
-0.309683
-0.309666
-0.30965
-0.309633
-0.309616
-0.3096
-0.309583
-0.309567
-0.30955
-0.309534
-0.309517
-0.3095
-0.309484
-0.309467
-0.309451
-0.309434
-0.309418
-0.309401
-0.309384
-0.309368
-0.309351
-0.309335
-0.309318
-0.309302
-0.309285
-0.309268
-0.309252
-0.309235
-0.309219
-0.309202
-0.309186
-0.309169
-0.309152
-0.309136
-0.309119
-0.309103
-0.309086
-0.30907
-0.309053
-0.309037
-0.30902
-0.309003
-0.308987
-0.30897
-0.308954
-0.308937
-0.308921
-0.308904
-0.308887
-0.308871
-0.308854
-0.308838
-0.308821
-0.308805
-0.308788
-0.308771
-0.308755
-0.308738
-0.308722
-0.308705
-0.308689
-0.308672
-0.308655
-0.308639
-0.308622
-0.308606
-0.308589
-0.308573
-0.308556
-0.30854
-0.308523
-0.308506
-0.30849
-0.308473
-0.308457
-0.30844
-0.308424
-0.308407
-0.30839
-0.308374
-0.308357
-0.308341
-0.308324
-0.308308
-0.308291
-0.308274
-0.308258
-0.308241
-0.308225
-0.308208
-0.308192
-0.308175
-0.308158
-0.308142
-0.308125
-0.308109
-0.308092
-0.308076
-0.308059
-0.308042
-0.308026
-0.308009
-0.307993
-0.307976
-0.30796
-0.307943
-0.307927
-0.30791
-0.307893
-0.307877
-0.30786
-0.307844
-0.307827
-0.307811
-0.307794
-0.307777
-0.307761
-0.307744
-0.307728
-0.307711
-0.307695
-0.307678
-0.307661
-0.307645
-0.307628
-0.307612
-0.307595
-0.307579
-0.307562
-0.307545
-0.307529
-0.307512
-0.307496
-0.307479
-0.307463
-0.307446
-0.30743
-0.307413
-0.307396
-0.30738
-0.307363
-0.307347
-0.30733
-0.307314
-0.307297
-0.30728
-0.307264
-0.307247
-0.307231
-0.307214
-0.307198
-0.307181
-0.307164
-0.307148
-0.307131
-0.307115
-0.307098
-0.307082
-0.307065
-0.307048
-0.307032
-0.307015
-0.306999
-0.306982
-0.306966
-0.306949
-0.306932
-0.306916
-0.306899
-0.306883
-0.306866
-0.30685
-0.306833
-0.306817
-0.3068
-0.306783
-0.306767
-0.30675
-0.306734
-0.306717
-0.306701
-0.306684
-0.306667
-0.306651
-0.306634
-0.306618
-0.306601
-0.306585
-0.306568
-0.306551
-0.306535
-0.306518
-0.306502
-0.306485
-0.306469
-0.306452
-0.306435
-0.306419
-0.306402
-0.306386
-0.306369
-0.306353
-0.306336
-0.30632
-0.306303
-0.306286
-0.30627
-0.306253
-0.306237
-0.30622
-0.306204
-0.306187
-0.30617
-0.306154
-0.306137
-0.306121
-0.306104
-0.306088
-0.306071
-0.306054
-0.306038
-0.306021
-0.306005
-0.305988
-0.305972
-0.305955
-0.305938
-0.305922
-0.305905
-0.305889
-0.305872
-0.305856
-0.305839
-0.305822
-0.305806
-0.305789
-0.305773
-0.305756
-0.30574
-0.305723
-0.305707
-0.30569
-0.305673
-0.305657
-0.30564
-0.305624
-0.305607
-0.305591
-0.305574
-0.305557
-0.305541
-0.305524
-0.305508
-0.305491
-0.305475
-0.305458
-0.305441
-0.305425
-0.305408
-0.305392
-0.305375
-0.305359
-0.305342
-0.305325
-0.305309
-0.305292
-0.305276
-0.305259
-0.305243
-0.305226
-0.305209
-0.305193
-0.305176
-0.30516
-0.305143
-0.305127
-0.30511
-0.305094
-0.305077
-0.30506
-0.305044
-0.305027
-0.305011
-0.304994
-0.304978
-0.304961
-0.304944
-0.304928
-0.304911
-0.304895
-0.304878
-0.304862
-0.304845
-0.304828
-0.304812
-0.304795
-0.304779
-0.304762
-0.304746
-0.304729
-0.304712
-0.304696
-0.304679
-0.304663
-0.304646
-0.30463
-0.304613
-0.304597
-0.30458
-0.304563
-0.304547
-0.30453
-0.304514
-0.304497
-0.304481
-0.304464
-0.304447
-0.304431
-0.304414
-0.304398
-0.304381
-0.304365
-0.304348
-0.304331
-0.304315
-0.304298
-0.304282
-0.304265
-0.304249
-0.304232
-0.304215
-0.304199
-0.304182
-0.304166
-0.304149
-0.304133
-0.304116
-0.304099
-0.304083
-0.304066
-0.30405
-0.304033
-0.304017
-0.304
-0.303984
-0.303967
-0.30395
-0.303934
-0.303917
-0.303901
-0.303884
-0.303868
-0.303851
-0.303834
-0.303818
-0.303801
-0.303785
-0.303768
-0.303752
-0.303735
-0.303718
-0.303702
-0.303685
-0.303669
-0.303652
-0.303636
-0.303619
-0.303602
-0.303586
-0.303569
-0.303553
-0.303536
-0.30352
-0.303503
-0.303487
-0.30347
-0.303453
-0.303437
-0.30342
-0.303404
-0.303387
-0.303371
-0.303354
-0.303337
-0.303321
-0.303304
-0.303288
-0.303271
-0.303255
-0.303238
-0.303221
-0.303205
-0.303188
-0.303172
-0.303155
-0.303139
-0.303122
-0.303105
-0.303089
-0.303072
-0.303056
-0.303039
-0.303023
-0.303006
-0.302989
-0.302973
-0.302956
-0.30294
-0.302923
-0.302907
-0.30289
-0.302874
-0.302857
-0.30284
-0.302824
-0.302807
-0.302791
-0.302774
-0.302758
-0.302741
-0.302724
-0.302708
-0.302691
-0.302675
-0.302658
-0.302642
-0.302625
-0.302608
-0.302592
-0.302575
-0.302559
-0.302542
-0.302526
-0.302509
-0.302492
-0.302476
-0.302459
-0.302443
-0.302426
-0.30241
-0.302393
-0.302377
-0.30236
-0.302343
-0.302327
-0.30231
-0.302294
-0.302277
-0.302261
-0.302244
-0.302227
-0.302211
-0.302194
-0.302178
-0.302161
-0.302145
-0.302128
-0.302111
-0.302095
-0.302078
-0.302062
-0.302045
-0.302029
-0.302012
-0.301995
-0.301979
-0.301962
-0.301946
-0.301929
-0.301913
-0.301896
-0.301879
-0.301863
-0.301846
-0.30183
-0.301813
-0.301797
-0.30178
-0.301764
-0.301747
-0.30173
-0.301714
-0.301697
-0.301681
-0.301664
-0.301648
-0.301631
-0.301614
-0.301598
-0.301581
-0.301565
-0.301548
-0.301532
-0.301515
-0.301498
-0.301482
-0.301465
-0.301449
-0.301432
-0.301416
-0.301399
-0.301382
-0.301366
-0.301349
-0.301333
-0.301316
-0.3013
-0.301283
-0.301267
-0.30125
-0.301233
-0.301217
-0.3012
-0.301184
-0.301167
-0.301151
-0.301134
-0.301117
-0.301101
-0.301084
-0.301068
-0.301051
-0.301035
-0.301018
-0.301001
-0.300985
-0.300968
-0.300952
-0.300935
-0.300919
-0.300902
-0.300885
-0.300869
-0.300852
-0.300836
-0.300819
-0.300803
-0.300786
-0.300769
-0.300753
-0.300736
-0.30072
-0.300703
-0.300687
-0.30067
-0.300654
-0.300637
-0.30062
-0.300604
-0.300587
-0.300571
-0.300554
-0.300538
-0.300521
-0.300504
-0.300488
-0.300471
-0.300455
-0.300438
-0.300422
-0.300405
-0.300388
-0.300372
-0.300355
-0.300339
-0.300322
-0.300306
-0.300289
-0.300272
-0.300256
-0.300239
-0.300223
-0.300206
-0.30019
-0.300173
-0.300156
-0.30014
-0.300123
-0.300107
-0.30009
-0.300074
-0.300057
-0.300041
-0.300024
-0.300007
-0.299991
-0.299974
-0.299958
-0.299941
-0.299925
-0.299908
-0.299891
-0.299875
-0.299858
-0.299842
-0.299825
-0.299809
-0.299792
-0.299775
-0.299759
-0.299742
-0.299726
-0.299709
-0.299693
-0.299676
-0.299659
-0.299643
-0.299626
-0.29961
-0.299593
-0.299577
-0.29956
-0.299544
-0.299527
-0.29951
-0.299494
-0.299477
-0.299461
-0.299444
-0.299428
-0.299411
-0.299394
-0.299378
-0.299361
-0.299345
-0.299328
-0.299312
-0.299295
-0.299278
-0.299262
-0.299245
-0.299229
-0.299212
-0.299196
-0.299179
-0.299162
-0.299146
-0.299129
-0.299113
-0.299096
-0.29908
-0.299063
-0.299046
-0.29903
-0.299013
-0.298997
-0.29898
-0.298964
-0.298947
-0.298931
-0.298914
-0.298897
-0.298881
-0.298864
-0.298848
-0.298831
-0.298815
-0.298798
-0.298781
-0.298765
-0.298748
-0.298732
-0.298715
-0.298699
-0.298682
-0.298665
-0.298649
-0.298632
-0.298616
-0.298599
-0.298583
-0.298566
-0.298549
-0.298533
-0.298516
-0.2985
-0.298483
-0.298467
-0.29845
-0.298434
-0.298417
-0.2984
-0.298384
-0.298367
-0.298351
-0.298334
-0.298318
-0.298301
-0.298284
-0.298268
-0.298251
-0.298235
-0.298218
-0.298202
-0.298185
-0.298168
-0.298152
-0.298135
-0.298119
-0.298102
-0.298086
-0.298069
-0.298052
-0.298036
-0.298019
-0.298003
-0.297986
-0.29797
-0.297953
-0.297936
-0.29792
-0.297903
-0.297887
-0.29787
-0.297854
-0.297837
-0.297821
-0.297804
-0.297787
-0.297771
-0.297754
-0.297738
-0.297721
-0.297705
-0.297688
-0.297671
-0.297655
-0.297638
-0.297622
-0.297605
-0.297589
-0.297572
-0.297555
-0.297539
-0.297522
-0.297506
-0.297489
-0.297473
-0.297456
-0.297439
-0.297423
-0.297406
-0.29739
-0.297373
-0.297357
-0.29734
-0.297324
-0.297307
-0.29729
-0.297274
-0.297257
-0.297241
-0.297224
-0.297208
-0.297191
-0.297174
-0.297158
-0.297141
-0.297125
-0.297108
-0.297092
-0.297075
-0.297058
-0.297042
-0.297025
-0.297009
-0.296992
-0.296976
-0.296959
-0.296942
-0.296926
-0.296909
-0.296893
-0.296876
-0.29686
-0.296843
-0.296826
-0.29681
-0.296793
-0.296777
-0.29676
-0.296744
-0.296727
-0.296711
-0.296694
-0.296677
-0.296661
-0.296644
-0.296628
-0.296611
-0.296595
-0.296578
-0.296561
-0.296545
-0.296528
-0.296512
-0.296495
-0.296479
-0.296462
-0.296445
-0.296429
-0.296412
-0.296396
-0.296379
-0.296363
-0.296346
-0.296329
-0.296313
-0.296296
-0.29628
-0.296263
-0.296247
-0.29623
-0.296214
-0.296197
-0.29618
-0.0350714
-0.0346997
-0.0343191
-0.0338426
-0.0335566
-0.0327699
-0.0327166
-0.0323849
-0.032022
-0.031323
-0.0309966
-0.0304241
-0.0299938
-0.0294821
-0.0291546
-0.0283513
-0.0278263
-0.0274033
-0.0268313
-0.0263906
-0.0259722
-0.0255474
-0.0244211
-0.0239728
-0.0234169
-0.0226897
-0.0227512
-0.0218755
-0.0216566
-0.0208683
-0.0201227
-0.0202321
-0.0200021
-0.0192444
-0.0189437
-0.0186569
-0.0181044
-0.0180053
-0.0177093
-0.0173073
-0.0170998
-0.016949
-0.0170158
-0.0165474
-0.016419
-0.0157423
-0.0156201
-0.0153498
-0.0151889
-0.0150374
-0.014935
-0.0147207
-0.0146453
-0.0146115
-0.0145289
-0.0143938
-0.0143183
-0.0142518
-0.014187
-0.0140706
-0.0140013
-0.0140046
-0.0139518
-0.0138414
-0.0137788
-0.013725
-0.0136127
-0.0135543
-0.0135044
-0.0134553
-0.0133949
-0.0133036
-0.013225
-0.0131804
-0.0131184
-0.0130705
-0.0130394
-0.0129885
-0.0129613
-0.0128564
-0.0128539
-0.0127494
-0.0127281
-0.0126653
-0.0126322
-0.0126092
-0.0125517
-0.0125399
-0.0124738
-0.0123639
-0.0123324
-0.0122912
-0.0122511
-0.0122152
-0.0121186
-0.0120587
-0.012022
-0.0119322
-0.0119162
-0.0118472
-0.0118061
-0.0117561
-0.0117143
-0.0116862
-0.0116515
-0.0115945
-0.0115217
-0.0114967
-0.0114344
-0.0114067
-0.0113618
-0.0113184
-0.0112742
-0.0112337
-0.011169
-0.0111639
-0.0111129
-0.0110744
-0.0110229
-0.0109646
-0.0109299
-0.0109212
-0.0108888
-0.0108201
-0.0107544
-0.0107072
-0.0106749
-0.0105889
-0.0105591
-0.0105344
-0.0105065
-0.0104498
-0.0104462
-0.0103952
-0.0103882
-0.0103524
-0.010288
-0.0102522
-0.0102275
-0.0102
-0.0101584
-0.0100911
-0.0100399
-0.0100147
-0.00998827
-0.0099496
-0.00991839
-0.00987028
-0.00982941
-0.00977452
-0.00973887
-0.00971344
-0.00968502
-0.0096264
-0.00958387
-0.00954779
-0.00951728
-0.00951221
-0.0094856
-0.00943269
-0.00940839
-0.00938449
-0.00935406
-0.00931992
-0.00930093
-0.00927467
-0.00922425
-0.00917248
-0.00914882
-0.00912622
-0.00908672
-0.00902498
-0.0090053
-0.00895485
-0.00892867
-0.00890559
-0.00885889
-0.0088268
-0.00880923
-0.00878324
-0.00875067
-0.00870004
-0.00869069
-0.00865097
-0.00862368
-0.00858641
-0.00855526
-0.00851066
-0.00848807
-0.00843936
-0.00842041
-0.00838967
-0.00837623
-0.008337
-0.00829301
-0.00826006
-0.00822176
-0.00816973
-0.0081495
-0.00811564
-0.00808359
-0.00805296
-0.00801936
-0.00799319
-0.00793302
-0.00791224
-0.00785683
-0.00783683
-0.0078089
-0.00778796
-0.00773156
-0.00770031
-0.00767438
-0.00765471
-0.00760708
-0.0075627
-0.00754525
-0.00752899
-0.00748134
-0.00741242
-0.00738482
-0.0073444
-0.00732128
-0.00729013
-0.00728336
-0.00724186
-0.00721078
-0.00718572
-0.00715538
-0.00712238
-0.00710996
-0.00709242
-0.00704752
-0.00701442
-0.00698784
-0.00694361
-0.00691991
-0.00689166
-0.00687204
-0.00682013
-0.00678604
-0.0067722
-0.00674318
-0.00670885
-0.00667412
-0.00664905
-0.00663105
-0.0066015
-0.00655462
-0.00652874
-0.00650107
-0.00644858
-0.00642043
-0.00639795
-0.0063639
-0.00634987
-0.00631509
-0.00628122
-0.00625238
-0.00619343
-0.00618439
-0.00616538
-0.0061324
-0.00606931
-0.00604209
-0.0060084
-0.00597868
-0.00595612
-0.00594012
-0.00591463
-0.00586343
-0.00583254
-0.00581583
-0.00578623
-0.00574564
-0.00572157
-0.00570439
-0.00566342
-0.00562575
-0.0055943
-0.00557129
-0.00555223
-0.00551802
-0.00547248
-0.00545198
-0.00540834
-0.00537057
-0.00534377
-0.00530221
-0.00527132
-0.00524402
-0.00521573
-0.00517419
-0.00514102
-0.00510425
-0.00508306
-0.00506561
-0.00502736
-0.00499836
-0.00494463
-0.00491353
-0.00489069
-0.00484414
-0.00481863
-0.00479788
-0.00477485
-0.00473632
-0.00473345
-0.00470788
-0.00468216
-0.00464377
-0.0046019
-0.00457085
-0.0045533
-0.00452174
-0.00447302
-0.00444287
-0.00441839
-0.00439394
-0.00436755
-0.00432191
-0.00428586
-0.00425788
-0.0042383
-0.00419024
-0.0041456
-0.00412742
-0.0040924
-0.0039764
-0.00393605
-0.00391125
-0.00388893
-0.00385974
-0.00383992
-0.00380536
-0.00377472
-0.00373601
-0.00370211
-0.00367551
-0.00362986
-0.00361468
-0.00358166
-0.0035526
-0.00352727
-0.00359535
-0.00356167
-0.00353467
-0.00351033
-0.00347734
-0.00345381
-0.00341713
-0.00338829
-0.00335365
-0.00331633
-0.00329006
-0.00325715
-0.00322493
-0.00319959
-0.00316291
-0.00314536
-0.00312209
-0.00309454
-0.00307475
-0.00303456
-0.00301917
-0.00297773
-0.00295571
-0.00292382
-0.00287609
-0.00285171
-0.00282718
-0.00279939
-0.00276389
-0.00272431
-0.00268557
-0.00266511
-0.00263102
-0.00259831
-0.00256304
-0.00253461
-0.00250264
-0.00247533
-0.00243793
-0.00240697
-0.00233457
-0.00231765
-0.00228801
-0.00226413
-0.00224386
-0.00220875
-0.00215704
-0.00213977
-0.00210537
-0.00214413
-0.0021213
-0.00210736
-0.00207756
-0.00204403
-0.00200662
-0.0019798
-0.0019625
-0.00193826
-0.00191982
-0.00188235
-0.00185625
-0.00183129
-0.00179585
-0.00177041
-0.00174513
-0.00170544
-0.00167254
-0.0016479
-0.00162047
-0.00158494
-0.00154687
-0.00151217
-0.00147718
-0.00144823
-0.00142455
-0.00138242
-0.0013556
-0.00132323
-0.00129546
-0.00125581
-0.00116987
-0.00114764
-0.00111468
-0.00107461
-0.00104158
-0.00101705
-0.000955005
-0.000928946
-0.000901976
-0.000875683
-0.000850025
-0.000821466
-0.000794885
-0.000778282
-0.000749267
-0.000733377
-0.000704895
-0.000687899
-0.000659529
-0.000620718
-0.000587616
-0.00057245
-0.000549249
-0.000530584
-0.000510538
-0.000478473
-0.000445474
-0.000422599
-0.000458736
-0.00043223
-0.000410459
-0.00039497
-0.000369332
-0.000338356
-0.000311097
-0.000296165
-0.000274612
-0.000251887
-0.000211991
-0.000197024
-0.000181184
-0.000131936
-5.25681e-05
5.71122e-05
0.000182909
0.000356933
0.000398088
0.000418096
0.000436618
0.000452623
0.00046675
0.000489103
0.00050756
0.000529839
0.000549666
0.000569489
0.000589796
0.000609542
0.000624938
0.000640477
0.000655435
0.000675458
0.000695613
0.000714045
0.000737797
0.000771099
0.000792321
0.000819897
0.000853247
0.00087816
0.000908876
0.000932768
0.000951619
0.000965192
0.0009887
0.00101926
0.00105411
0.00107933
0.00109819
0.00112512
0.00114391
0.00117919
0.00119455
0.0012159
0.00124496
0.00126043
0.00128443
0.00131726
0.00133243
0.00136327
0.00139024
0.00141754
0.00145896
0.00148223
0.00150712
0.00152488
0.00154276
0.00158869
0.00160609
0.00164356
0.00166102
0.00168933
0.00171795
0.00173346
0.00179321
0.0018177
0.00187668
0.00190568
0.00192119
0.00195564
0.0019869
0.00198757
0.00201938
0.00203515
0.00205714
0.00208291
0.00212853
0.00218811
0.0022267
0.00227821
0.00230422
0.0023217
0.00235424
0.00241363
0.0024359
0.00253186
0.0025529
0.00258871
0.00263136
0.00265911
0.00276726
0.0027934
0.00283135
0.00285604
0.00295739
0.00302919
0.00316041
0.00321279
0.00324204
0.00327649
0.00329274
0.00331252
0.00333406
0.00335635
0.00338468
0.00342182
0.00349062
0.00351233
0.0035288
0.00352496
0.00355519
0.003572
0.00359957
0.00363372
0.00364991
0.00368198
0.00370464
0.0037369
0.00375307
0.00377088
0.00378695
0.00383783
0.00386226
0.00387423
0.00390453
0.00394022
0.00397351
0.00399016
0.00400994
0.00402777
0.00407579
0.00411111
0.00414359
0.00416553
0.00419356
0.00420509
0.00423691
0.00424425
0.00427477
0.00430602
0.00434428
0.00436077
0.00440704
0.00441048
0.00446214
0.00447863
0.00449847
0.00451539
0.0045446
0.00457439
0.00459136
0.0046493
0.00459123
0.00463882
0.00467039
0.0046962
0.0047223
0.00475187
0.00477639
0.00482179
0.0048589
0.00488639
0.00492055
0.00494664
0.00497191
0.00498886
0.00502823
0.00505505
0.00508017
0.00508273
0.00510278
0.00513377
0.00517485
0.00519516
0.0052266
0.00524292
0.00528644
0.00532004
0.00533751
0.00535472
0.00537387
0.00541588
0.00545855
0.00549495
0.00553224
0.00555379
0.00559497
0.00561436
0.00564943
0.00566851
0.00569539
0.0057398
0.00580669
0.0058161
0.00593741
0.00596556
0.00598339
0.00598468
0.00604169
0.00604905
0.00607121
0.00611796
0.00616739
0.00618567
0.00623621
0.00627675
0.00630597
0.00630141
0.0063331
0.00636494
0.00638508
0.00640703
0.00643211
0.00647695
0.00651207
0.00654198
0.00660288
0.00661696
0.00665304
0.00669793
0.00670269
0.00677208
0.00687274
0.00689655
0.00693991
0.00696237
0.0069829
0.00704974
0.00707783
0.00708805
0.00710784
0.00715601
0.00717803
0.00721342
0.00727359
0.00729202
0.00733505
0.00736148
0.00740253
0.00743397
0.00745286
0.00752397
0.00762277
0.00766242
0.00770946
0.00773743
0.00778108
0.00780873
0.00788128
0.00792593
0.00794378
0.00800993
0.00803742
0.00805959
0.00811329
0.00813276
0.00816444
0.00821944
0.008294
0.00836093
0.00840956
0.00842963
0.00845937
0.00854819
0.0085693
0.00862316
0.00864868
0.00868136
0.00885395
0.00890627
0.00894966
0.00900027
0.00909786
0.00911687
0.00929318
0.00940851
0.00947036
0.00952611
0.00954909
0.00962251
0.00964665
0.00969978
0.00968977
0.00970935
0.00973142
0.00978093
0.00981441
0.00983634
0.00986691
0.00988816
0.00993147
0.00999425
0.0100203
0.0100443
0.0100966
0.0101197
0.010157
0.0101994
0.0102211
0.0102483
0.0102773
0.0103198
0.0103441
0.0103945
0.0104308
0.0104743
0.0105306
0.0105502
0.0105735
0.0105977
0.0106706
0.0107187
0.0107337
0.0107462
0.0107636
0.010825
0.0108581
0.0109029
0.0109522
0.0109787
0.0110435
0.0110798
0.0111055
0.0111296
0.0111601
0.0112218
0.0112422
0.0112688
0.0112979
0.011351
0.0113744
0.0113967
0.0114265
0.0115253
0.0115658
0.0115917
0.0116154
0.0116659
0.0117439
0.0117833
0.0118058
0.0118172
0.0118441
0.0118698
0.011959
0.0120217
0.0120559
0.0120811
0.0121639
0.0122043
0.0121929
0.0122599
0.0122843
0.0123337
0.0123843
0.0124149
0.012496
0.0125524
0.012619
0.012647
0.0126752
0.0126919
0.0127333
0.0127834
0.0128121
0.0128473
0.0128744
0.012925
0.012986
0.0130701
0.0131305
0.0132084
0.0132485
0.0132802
0.0133092
0.0133403
0.0133773
0.0134077
0.0134564
0.0135665
0.0136151
0.0136437
0.0136792
0.0137079
0.0137493
0.0138017
0.0138496
0.0138692
0.013982
0.0140286
0.0140662
0.014078
0.0141349
0.0141635
0.0142463
0.0143417
0.0144024
0.0144392
0.0144694
0.0144913
0.0145224
0.0145967
0.0146269
0.014662
0.0147712
0.0148088
0.014894
0.0149308
0.0150064
0.0150711
0.0151072
0.0151392
0.0151771
0.0152559
0.0153043
0.0153598
0.0153917
0.0154444
0.0154764
0.0155761
0.0156156
0.0156434
0.0157182
0.0157291
0.0158112
0.0159917
0.0160926
0.0161282
0.0161627
0.0162159
0.0162692
0.0162841
0.0163824
0.0164035
0.0164809
0.0165393
0.0165624
0.0166018
0.0166679
0.0167976
0.016858
0.0167996
0.0168867
0.0169182
0.0169744
0.0170156
0.017242
0.0173524
0.0173924
0.0174297
0.0174639
0.0175033
0.0175889
0.0176168
0.0177273
0.0178497
0.0178969
0.018005
0.0181641
0.0180437
0.018298
0.018431
0.018367
0.0184486
0.0184773
0.0186417
0.0186859
0.0187751
0.0188468
0.018879
0.0191524
0.0192211
0.0193869
0.019444
0.0195529
0.0195579
0.0197886
0.0199433
0.0201582
0.0202016
0.0202064
0.0203134
0.0205045
0.0206014
0.0205923
0.0207386
0.0208044
0.0211412
0.0213585
0.0213327
0.021441
0.0215031
0.0217041
0.0220188
0.0222096
0.0223933
0.0225023
0.0226852
0.0226486
0.0230159
0.0232836
0.0237027
0.0247486
0.0251709
0.0262172
0.0265258
0.0274924
0.0279699
0.0283378
0.0291087
0.0301562
0.0305699
0.0306106
0.0308425
0.0317274
0.0324774
0.0339674
0.0341823
0.03551
0.0361286
0.0371047
0.0396965
0.0392679
0.0400988
0.0429274
0.0438331
0.0465894
0.0501894
0.0556862
0.0583641
0.059945
0.0660074
0.0713353
0.0745228
0.0730982
0.0758864
