-4.55788
-4.55788
-4.55788
-4.55788
-4.55788
-4.55788
-4.55788
-4.55788
-4.55788
-4.55788
-4.55788
-4.55788
-4.55788
-4.55788
-4.55788
-4.55788
-4.55788
-4.55788
-4.55788
-4.55788
-4.55788
-4.55788
-4.55788
-4.55788
-4.55788
-4.55788
-4.55788
-4.55788
-4.55788
-4.55788
-4.55788
-4.55788
-4.55788
-4.55788
-4.55788
-4.55788
-4.55788
-4.55788
-4.55788
-4.55788
-4.55788
-4.55788
-4.55788
-4.55788
-4.55788
-4.55788
-4.55788
-4.55788
-4.55788
-4.55788
-4.55788
-4.55788
-4.55788
-4.55788
-4.55788
-4.55788
-4.55788
-4.55788
-4.55788
-4.55788
-4.55788
-4.55788
-4.55788
-4.55788
-4.55788
-4.55788
-4.55788
-4.55788
-4.55788
-4.55788
-4.55788
-4.55788
-4.55788
-4.55788
-4.55788
-4.55788
-4.55788
-4.55788
-4.55788
-4.55788
-4.55788
-4.55788
-4.55788
-4.55788
-4.55788
-4.55788
-4.55788
-4.55788
-4.55788
-4.55788
-4.55788
-4.55788
-4.55788
-4.55788
-4.55788
-4.55788
-4.55788
-4.55788
-4.55788
-4.55788
-4.55788
-4.55788
-4.55788
-4.55788
-4.55788
-4.55788
-4.55788
-4.55788
-4.55788
-4.55788
-4.55788
-4.55788
-4.55788
-4.55788
-4.55788
-4.55788
-4.55788
-4.55788
-4.55788
-4.55788
-4.55788
-4.55788
-4.55788
-4.55788
-4.55788
-4.55788
-4.55788
-4.55788
-4.55788
-4.55788
-4.55788
-4.55788
-4.55788
-4.55788
-4.55788
-4.55788
-4.55788
-4.55788
-4.55788
-4.55788
-4.55788
-4.55788
-4.55788
-4.55788
-4.55788
-4.55788
-4.55788
-4.55788
-4.55788
-4.55788
-4.55788
-4.55788
-4.55788
-4.55788
-4.55788
-4.55788
-4.55788
-4.55788
-4.55788
-4.55788
-4.55788
-4.55788
-4.55788
-4.55788
-4.55788
-4.55788
-4.55788
-4.55788
-4.55788
-4.55788
-4.55788
-4.55788
-4.55788
-4.55788
-4.55788
-4.55788
-4.55788
-4.55788
-4.55788
-4.55788
-4.55788
-4.55788
-4.55788
-4.55788
-4.55788
-4.55788
-4.55788
-4.55788
-4.55788
-4.55788
-4.55788
-4.55788
-4.55788
-4.55788
-4.55788
-4.55788
-4.55788
-4.55788
-4.55788
-4.55788
-4.55788
-4.55788
-4.55788
-4.55788
-4.55788
-4.55788
-4.55788
-4.55788
-4.55788
-4.55788
-4.55788
-4.55788
-4.55788
-4.55788
-4.55788
-4.55788
-4.55788
-4.55788
-4.55788
-4.55788
-4.55788
-4.55788
-4.55788
-4.55788
-4.55788
-4.55788
-4.55788
-4.55788
-4.55788
-4.55788
-4.55788
-4.55788
-4.55788
-4.55788
-4.55788
-4.55788
-4.55788
-4.55788
-4.55788
-4.55788
-4.55788
-4.55788
-4.55788
-4.55788
-4.55788
-4.55788
-4.55788
-4.55788
-4.55788
-4.55788
-4.55788
-4.55788
-4.55788
-4.55788
-4.55788
-4.55788
-4.55788
-4.55788
-4.55788
-4.55788
-4.55788
-4.55788
-4.55788
-4.55788
-4.55788
-4.55788
-4.55788
-4.55788
-4.55788
-4.55788
-4.55788
-4.55788
-4.55788
-4.55788
-4.55788
-4.55788
-4.55788
-4.55788
-4.55788
-4.55788
-4.55788
-4.55788
-4.55788
-4.55788
-4.55788
-4.55788
-4.55788
-4.55788
-4.55788
-4.55788
-4.55788
-4.55788
-4.55788
-4.55788
-4.55788
-4.55788
-4.55788
-4.55788
-4.55788
-4.55788
-4.55788
-4.55788
-4.55788
-4.55788
-4.55788
-4.55788
-4.55788
-4.55788
-4.55788
-4.55788
-4.55788
-4.55788
-4.55788
-4.55788
-4.55788
-4.55788
-4.55788
-4.55788
-4.55788
-4.55788
-4.55788
-4.55788
-4.55788
-4.55788
-4.55788
-4.55788
-4.55788
-4.55788
-4.55788
-4.55788
-4.55788
-4.55788
-4.55788
-4.55788
-4.55788
-4.55788
-4.55788
-4.55788
-4.55788
-4.55788
-4.55788
-4.55788
-4.55788
-4.55788
-4.55788
-4.55788
-4.55788
-4.55788
-4.55788
-4.55788
-4.55788
-4.55788
-4.55788
-4.55788
-4.55788
-4.55788
-4.55788
-4.55788
-4.55788
-4.55788
-4.55788
-4.55788
-4.55788
-4.55788
-4.55788
-4.55788
-4.55788
-4.55788
-4.55788
-4.55788
-4.55788
-4.55788
-4.55788
-4.55788
-4.55788
-4.55788
-4.55788
-4.55788
-4.55788
-4.55788
-4.55788
-4.55788
-4.55788
-4.55788
-4.55788
-4.55788
-4.55788
-4.55788
-4.55788
-4.55788
-4.55788
-4.55788
-4.55788
-4.55788
-4.55788
-4.55788
-4.55788
-4.55788
-4.55788
-4.55788
-4.55788
-4.55788
-4.55788
-4.55788
-4.55788
-4.55788
-4.55788
-4.55788
-4.55788
-4.55788
-4.55788
-4.55788
-4.55788
-4.55788
-4.55788
-4.55788
-4.55788
-4.55788
-4.55788
-4.55788
-4.55788
-4.55788
-4.55788
-4.55788
-4.55788
-4.55788
-4.55788
-4.55788
-4.55788
-4.55788
-4.55788
-4.55788
-4.55788
-4.55788
-4.55788
-4.55788
-4.55788
-4.55788
-4.55788
-4.55788
-4.55788
-4.55788
-4.55788
-4.55788
-4.55788
-4.55788
-4.55788
-4.55788
-4.55788
-4.55788
-4.55788
-4.55788
-4.55788
-4.55788
-4.55788
-4.55788
-4.55788
-4.55788
-4.55788
-4.55788
-4.55788
-4.55788
-4.55788
-4.55788
-4.55788
-4.55788
-4.55788
-4.55788
-4.55788
-4.55788
-4.55788
-4.55788
-4.55788
-4.55788
-4.55788
-4.55788
-4.55788
-4.55788
-4.55788
-4.55788
-4.55788
-4.55788
-4.55788
-4.55788
-4.55788
-4.55788
-4.55788
-4.55788
-4.55788
-4.55788
-4.55788
-4.55788
-4.55788
-4.55788
-4.55788
-4.55788
-4.55788
-4.55788
-4.55788
-4.55788
-4.55788
-4.55788
-4.55788
-4.55788
-4.55788
-4.55788
-4.55788
-4.55788
-4.55788
-4.55788
-4.55788
-4.55788
-4.55788
-4.55788
-4.55788
-4.55788
-4.55788
-4.55788
-4.55788
-4.55788
-4.55788
-4.55788
-4.55788
-4.55788
-4.55788
-4.55788
-4.55788
-4.55788
-4.55788
-4.55788
-4.55788
-4.55788
-4.55788
-4.55788
-4.55788
-4.55788
-4.55788
-4.55788
-4.55788
-4.55788
-4.55788
-4.55788
-4.55788
-4.55788
-4.55788
-4.55788
-4.55788
-4.55788
-4.55788
-4.55788
-4.55788
-4.55788
-4.55788
-4.55788
-4.55788
-4.55788
-4.55788
-4.55788
-4.55788
-4.55788
-4.55788
-4.55788
-4.55788
-4.55788
-4.55788
-4.55788
-4.55788
-4.55788
-4.55788
-4.55788
-4.55788
-4.55788
-4.55788
-4.55788
-4.55788
-4.55788
-4.55788
-4.55788
-4.55788
-4.55788
-4.55788
-4.55788
-4.55788
-4.55788
-4.55788
-4.55788
-4.55788
-4.55788
-4.55788
-4.55788
-4.55788
-4.55788
-4.55788
-4.55788
-4.55788
-4.55788
-4.55788
-4.55788
-4.55788
-4.55788
-4.55788
-4.55788
-4.55788
-4.55788
-4.55788
-4.55788
-4.55788
-4.55788
-4.55788
-4.55788
-4.55788
-4.55788
-4.55788
-4.55788
-4.55788
-4.55788
-4.55788
-4.55788
-4.55788
-4.55788
-4.55788
-4.55788
-4.55788
-4.55788
-4.55788
-4.55788
-4.55788
-4.55788
-4.55788
-4.55788
-4.55788
-4.55788
-4.55788
-4.55788
-4.55788
-4.55788
-4.55788
-4.55788
-4.55788
-4.55788
-4.55788
-4.55788
-4.55788
-4.55788
-4.55788
-4.55788
-4.55788
-4.55788
-4.55788
-4.55788
-4.55788
-4.55788
-4.55788
-4.55788
-4.55788
-4.55788
-4.55788
-4.55788
-4.55788
-4.55788
-4.55788
-4.55788
-4.55788
-4.55788
-4.55788
-4.55788
-4.55788
-4.55788
-4.55788
-4.55788
-4.55788
-4.55788
-4.55788
-4.55788
-4.55788
-4.55788
-4.55788
-4.55788
-4.55788
-4.55788
-4.55788
-4.55788
-4.55788
-4.55788
-4.55788
-4.55788
-4.55788
-4.55788
-4.55788
-4.55788
-4.55788
-4.55788
-4.55788
-4.55788
-4.55788
-4.55788
-4.55788
-4.55788
-4.55788
-4.55788
-4.55788
-4.55788
-4.55788
-4.55788
-4.55788
-4.55788
-4.55788
-4.55788
-4.55788
-4.55788
-4.55788
-4.55788
-4.55788
-4.55788
-4.55788
-4.55788
-4.55788
-4.55788
-4.55788
-4.55788
-4.55788
-4.55788
-4.55788
-4.55788
-4.55788
-4.55788
-4.55788
-4.55788
-4.55788
-4.55788
-4.55788
-4.55788
-4.55788
-4.55788
-4.55788
-4.55788
-4.55788
-4.55788
-4.55788
-4.55788
-4.55788
-4.55788
-4.55788
-4.55788
-4.55788
-4.55788
-4.55788
-4.55788
-4.55788
-4.55788
-4.55788
-4.55788
-4.55788
-4.55788
-4.55788
-4.55788
-4.55788
-4.55788
-4.55788
-4.55788
-4.55788
-4.55788
-4.55788
-4.55788
-4.55788
-4.55788
-4.55788
-4.55788
-4.55788
-4.55788
-4.55788
-4.55788
-4.55788
-4.55788
-4.55788
-4.55788
-4.55788
-4.55788
-4.55788
-4.55788
-4.55788
-4.55788
-4.55788
-4.55788
-4.55788
-4.55788
-4.55788
-4.55788
-4.55788
-4.55788
-4.55788
-4.55788
-4.55788
-4.55788
-4.55788
-4.55788
-4.55788
-4.55788
-4.55788
-4.55788
-4.55788
-4.55788
-4.55788
-4.55788
-4.55788
-4.55788
-4.55788
-4.55788
-4.55788
-4.55788
-4.55788
-4.55788
-4.55788
-4.55788
-4.55788
-4.55788
-4.55788
-4.55788
-4.55788
-4.55788
-4.55788
-4.55788
-4.55788
-4.55788
-4.55788
-4.55788
-4.55788
-4.55788
-4.55788
-4.55788
-4.55788
-4.55788
-4.55788
-4.55788
-4.55788
-4.55788
-4.55788
-4.55788
-4.55788
-4.55788
-4.55788
-4.55788
-4.55788
-4.55788
-4.55788
-4.55788
-4.55788
-4.55788
-4.55788
-4.55788
-4.55788
-4.55788
-4.55788
-4.55788
-4.55788
-4.55788
-4.55788
-4.55788
-4.55788
-4.55788
-4.55788
-4.55788
-4.55788
-4.55788
-4.55788
-4.55788
-4.55788
-4.55788
-4.55788
-4.55788
-4.55788
-4.55788
-4.55788
-4.55788
-4.55788
-4.55788
-4.55788
-4.55788
-4.55788
-4.55788
-4.55788
-4.55788
-4.55788
-4.55788
-4.55788
-4.55788
-4.55788
-4.55788
-4.55788
-4.55788
-4.55788
-4.55788
-4.55788
-4.55788
-4.55788
-4.55788
-4.55788
-4.55788
-4.55788
-4.55788
-4.55788
-4.55788
-4.55788
-4.55788
-4.55788
-4.55788
-4.55788
-4.55788
-4.55788
-4.55788
-4.55788
-4.55788
-4.55788
-4.55788
-4.55788
-4.55788
-4.55788
-4.55788
-4.55788
-4.55788
-4.55788
-4.55788
-4.55788
-4.55788
-4.55788
-4.55788
-4.55788
-4.55788
-4.55788
-4.55788
-4.55788
-4.55788
-4.55788
-4.55788
-4.55788
-4.55788
-4.55788
-4.55788
-4.55788
-4.55788
-4.55788
-4.55788
-4.55788
-4.55788
-4.55788
-4.55788
-4.55788
-4.55788
-4.55788
-4.55788
-4.55788
-4.55788
-4.55788
-4.55788
-4.55788
-4.55788
-4.55788
-4.55788
-4.55788
-4.55788
-4.55788
-4.55788
-4.55788
-4.55788
-4.55788
-4.55788
-4.55788
-4.55788
-4.55788
-4.55788
-4.55788
-4.55788
-4.55788
-4.55788
-4.55788
-4.55788
-4.55788
-4.55788
-4.55788
-4.55788
-4.55788
-4.55788
-4.55788
-4.55788
-4.55788
-4.55788
-4.55788
-4.55788
-4.55788
-4.55788
-4.55788
-4.55788
-4.55788
-4.55788
-4.55788
-4.55788
-4.55788
-4.55788
-4.55788
-4.55788
0.100863
0.100863
0.095618
0.095618
0.095618
0.0906192
0.0906192
0.0858547
0.0859069
0.0813658
0.0770386
0.0770864
0.0729643
0.0690385
0.0690385
0.0653446
0.061785
0.0618261
0.0584363
0.055246
0.055246
0.0522062
0.0493404
0.0465508
0.0439226
0.0414451
0.0414451
0.0390826
0.0390826
0.0346488
0.0326226
0.032607
0.0326226
0.0306872
0.0288192
0.0288402
0.0270792
0.0253876
0.0253948
0.0254131
0.0238085
0.0222821
0.023813
0.0208373
0.0208403
0.019453
0.019453
0.0181347
0.0181347
0.0181347
0.0168825
0.0168825
0.0168825
0.0168825
0.0168825
0.0156944
0.0156944
0.0156944
0.0156944
0.0156944
0.0156944
0.0156944
0.0156944
0.0145673
0.0145673
0.0145673
0.0145673
0.0145673
0.0145673
0.0145673
0.0134968
0.0134968
0.0134968
0.0134968
0.0134968
0.0134968
0.0134968
0.0134968
0.0134968
0.0124791
0.0124791
0.0124791
0.0124791
0.0124791
0.0124791
0.0124791
0.0124791
0.0124791
0.0124791
0.0115126
0.0115126
0.0115126
0.0115126
0.0115126
0.0115126
0.0115126
0.0115126
0.0105965
0.0105965
0.0105965
0.0105965
0.0105965
0.0105965
0.0105965
0.0105965
0.0105965
0.00973107
0.00973107
0.00973107
0.00973107
0.00973107
0.00973107
0.00973107
0.00973107
0.00973107
0.00973107
0.00973107
0.00891618
0.00891618
0.00891618
0.00891618
0.00891618
0.00891618
0.00891618
0.00891618
0.00891618
0.00891618
0.00815157
0.00815157
0.00815157
0.00815157
0.00815157
0.00815157
0.00815157
0.00815157
0.00815157
0.00815157
0.00815157
0.00815157
0.00815157
0.00815157
0.00815157
0.00743636
0.00743636
0.00743636
0.00743636
0.00743636
0.00743636
0.00743636
0.00743636
0.00743636
0.00743636
0.00743636
0.00743636
0.00743636
0.00676894
0.00676894
0.00676894
0.00676894
0.00676894
0.00676894
0.00676894
0.00676894
0.00676894
0.00676894
0.00676894
0.00676894
0.00676894
0.00676894
0.00676894
0.00676894
0.00614697
0.00614697
0.00614697
0.00614697
0.00614697
0.00614697
0.00614697
0.00614697
0.00614697
0.00614697
0.00614697
0.00614697
0.00614697
0.00614697
0.00614697
0.00614697
0.00614697
0.00556663
0.00556663
0.00556663
0.00556663
0.00556663
0.00556663
0.00556663
0.00556663
0.00556663
0.00556663
0.00556663
0.00556663
0.00556663
0.00556663
0.00556663
0.00556663
0.00501841
0.00501841
0.00501841
0.00501841
0.00501841
0.00501841
0.00501841
0.00501841
0.00501841
0.00501841
0.00501841
0.00501841
0.00501841
0.00501841
0.00449248
0.00449248
0.00449248
0.00449248
0.00449248
0.00449248
0.00449248
0.00449248
0.00449248
0.00449248
0.00449248
0.00449248
0.00449248
0.00449248
0.00449248
0.00449248
0.00449248
0.00398697
0.00398697
0.00398697
0.00398697
0.00398697
0.00398697
0.00398697
0.00398697
0.00398697
0.00398697
0.00398697
0.00398697
0.00398697
0.00398697
0.00398697
0.00398697
0.00398697
0.00350369
0.00350369
0.00350369
0.00350369
0.00350369
0.00350369
0.00350369
0.00350369
0.00350369
0.00350369
0.00350369
0.00350369
0.00350369
0.00350369
0.00350369
0.00350369
0.00350369
0.00350369
0.00304419
0.00304419
0.00304419
0.00304419
0.00304419
0.00304419
0.00304419
0.00304419
0.00304419
0.00304419
0.00304419
0.00304419
0.00304419
0.00304419
0.00304419
0.00304419
0.00304419
0.00304419
0.00260946
0.00260946
0.00260946
0.00260946
0.00260946
0.00260946
0.00260946
0.00260946
0.00260946
0.00260946
0.00260946
0.00260946
0.00260946
0.00260946
0.00260946
0.00260946
0.00260946
0.00260946
0.00260946
0.00260946
0.00220003
0.00220003
0.00220003
0.00220003
0.00220003
0.00220003
0.00220003
0.00220003
0.00220003
0.00220003
0.00220003
0.00220003
0.00220003
0.00220003
0.00220003
0.00220003
0.00220003
0.00220003
0.00220003
0.00181607
0.00181607
0.00181607
0.00181607
0.00181607
0.00181607
0.00181607
0.00181607
0.00181607
0.00181607
0.00181607
0.00181607
0.00181607
0.00181607
0.00181607
0.00181607
0.00181607
0.00181607
0.00181607
0.00181607
0.00181607
0.00145744
0.00145744
0.00145744
0.00145744
0.00145744
0.00145744
0.00145744
0.00145744
0.00145744
0.00145744
0.00145744
0.00145744
0.00145744
0.00145744
0.00145744
0.00145744
0.00145744
0.00145744
0.00145744
0.00145744
0.00145744
0.00112383
0.00112383
0.00112383
0.00112383
0.00112383
0.00112383
0.00112383
0.00112383
0.00112383
0.00112383
0.00112383
0.00112383
0.00112383
0.00112383
0.00112383
0.00112383
0.00112383
0.00112383
0.00112383
0.000814844
0.000814844
0.000814844
0.000814844
0.000814844
0.000814844
0.000814844
0.000814844
0.000814844
0.000814844
0.000814844
0.000814844
0.000814844
0.000814844
0.000814844
0.000814844
0.000814844
0.000814844
0.000814844
0.000814844
0.000814844
0.000814844
0.000814844
0.000814844
0.000814844
0.000530169
0.000530169
0.000530169
0.000530169
0.000530169
0.000530169
0.000530169
0.000530169
0.000530169
0.000530169
0.000530169
0.000530169
0.000530169
0.000530169
0.000530169
0.000530169
0.000269723
0.000269723
0.000269723
0.000269723
0.000269723
0.000269723
0.000269723
0.000269723
0.000269723
0.000269723
0.000269723
0.000269723
0.000269723
0.000269723
0.000269723
0.000269723
0.000269723
0.000269723
0.000269723
0.000269723
0.000269723
0.000269723
3.39058e-05
0.000269723
3.39058e-05
3.39058e-05
3.39058e-05
3.39058e-05
3.39058e-05
3.39058e-05
3.39058e-05
3.39058e-05
3.39058e-05
3.39058e-05
3.39058e-05
3.39058e-05
3.39058e-05
3.39058e-05
3.39058e-05
-0.000175978
-0.000175978
-0.000175978
-0.000175978
-0.000175978
-0.000175978
-0.000175978
-0.000175978
-0.000175978
-0.000175978
-0.000175978
-0.000175978
-0.000175978
-0.000175978
-0.000175978
-0.000175978
-0.000175978
-0.000175978
-0.000175978
-0.000175978
-0.000175978
-0.000175978
-0.000357715
-0.000357715
-0.000357715
-0.000357715
-0.000357715
-0.000357715
-0.000357715
-0.000357715
-0.000357715
-0.000357715
-0.000357715
-0.000357715
-0.000357715
-0.000357715
-0.000357715
-0.000357715
-0.000357715
-0.000357715
-0.000357715
-0.000357715
-0.000357715
-0.000357715
-0.000357715
-0.000357715
-0.000509131
-0.000509131
-0.000509131
-0.000509131
-0.000509131
-0.000509131
-0.000509131
-0.000509131
-0.000509131
-0.000509131
-0.000509131
-0.000509131
-0.000509131
-0.000509131
-0.000509131
-0.000509131
-0.000509131
-0.000509131
-0.000509131
-0.000509131
-0.000509131
-0.000509131
-0.000628843
-0.000628843
-0.000628843
-0.000628843
-0.000628843
-0.000628843
-0.000628843
-0.000628843
-0.000628843
-0.000628843
-0.000628843
-0.000628843
-0.000628843
-0.000628843
-0.000628843
-0.000628843
-0.000716293
-0.000716293
-0.000716293
-0.000716293
-0.000716293
-0.000716293
-0.000716293
-0.000716293
-0.000716293
-0.000716293
-0.000771664
-0.000771664
-0.000771664
-0.000771664
-0.000771664
-0.000771664
-0.000771664
-0.000771664
-0.000771664
-0.000771664
-0.000771664
-0.000771664
-0.000771664
-0.000771664
-0.000771664
-0.000771664
-0.000771664
-0.000771664
-0.000771664
-0.000771664
-0.000771664
-0.000771664
-0.000771664
-0.000771664
-0.000771664
-0.000795773
-0.000795773
-0.000795773
-0.000795773
-0.000795773
-0.000795773
-0.000795773
-0.000795773
-0.000795773
-0.000795773
-0.000795773
-0.000795773
-0.000795773
-0.000795773
-0.000795773
-0.000795773
-0.000795773
-0.000795773
-0.000795773
-0.000795773
-0.000795773
-0.000795773
-0.000795773
-0.000789929
-0.000789929
-0.000789929
-0.000789929
-0.000789929
-0.000789929
-0.000789929
-0.000789929
-0.000789929
-0.000789929
-0.000789929
-0.000789929
-0.000789929
-0.000789929
-0.000789929
-0.000789929
-0.000789929
-0.000789929
-0.000789929
-0.000789929
-0.000789929
-0.000789929
-0.000789929
-0.000789929
-0.000755767
-0.000755767
-0.000755767
-0.000755767
-0.000755767
-0.000755767
-0.000755767
-0.000755767
-0.000755767
-0.000755767
-0.000755767
-0.000755767
-0.000755767
-0.000755767
-0.000755767
-0.000755767
-0.000755767
-0.000755767
-0.000755767
-0.000755767
-0.000755767
-0.000695033
-0.000695033
-0.000695033
-0.000695033
-0.000695033
-0.000695033
-0.000695033
-0.000695033
-0.000695033
-0.000695033
-0.000695033
-0.000695033
-0.000695033
-0.000695033
-0.000695033
-0.000695033
-0.000695033
-0.000609327
-0.000609327
-0.000609327
-0.000609327
-0.000609327
-0.000609327
-0.000609327
-0.000609327
-0.000609327
-0.000609327
-0.000609327
-0.000609327
-0.000609327
-0.000609327
-0.000609327
-0.000609327
-0.000609327
-0.000499807
-0.000499807
-0.000499807
-0.000499807
-0.000499807
-0.000499807
-0.000499807
-0.000499807
-0.000499807
-0.000499807
-0.000499807
-0.000499807
-0.000499807
-0.000499807
-0.000499807
-0.000499807
-0.000499807
-0.000366822
-0.000366822
-0.000366822
-0.000366822
-0.000366822
-0.000366822
-0.000366822
-0.000366822
-0.000366822
-0.000366822
-0.000366822
-0.000366822
-0.000366822
-0.000366822
-0.000366822
-0.000366822
-0.000209472
-0.000209472
-0.000209472
-0.000209472
-0.000209472
-0.000209472
-0.000209472
-0.000209472
-0.000209472
-0.000209472
-0.000209472
-0.000209472
-0.000209472
-2.5145e-05
-2.5145e-05
-2.5145e-05
-2.5145e-05
-2.5145e-05
-2.5145e-05
-2.5145e-05
-2.5145e-05
-2.5145e-05
-2.5145e-05
-2.5145e-05
-2.5145e-05
0.000189876
0.000189876
0.000189876
0.000189876
0.000189876
0.000189876
0.000189876
0.000189876
0.000189876
0.000189876
0.000189876
0.000189876
0.000189876
0.000189876
0.000189876
0.000189876
0.000189876
0.000189876
0.000189876
0.000189876
0.000189876
0.000436989
0.000436989
0.000436989
0.000436989
0.000436989
0.000436989
0.000436989
0.000436989
0.000436989
0.000436989
0.000436989
0.000436989
0.000436989
0.000436989
0.000436989
0.000436989
0.000436989
0.000436989
0.000436989
0.000436989
0.000714642
0.000714642
0.000714642
0.000714642
0.000714642
0.000714642
0.000714642
0.000714642
0.000714642
0.000714642
0.000714642
0.000714642
0.000714642
0.000714642
0.000714642
0.000714642
0.000714642
0.0010216
0.0010216
0.0010216
0.0010216
0.0010216
0.0010216
0.0010216
0.0010216
0.0010216
0.0010216
0.0010216
0.0010216
0.0010216
0.0010216
0.0010216
0.0010216
0.00135823
0.00135823
0.00135823
0.00135823
0.00135823
0.00135823
0.00135823
0.00135823
0.00135823
0.00135823
0.00135823
0.00135823
0.00135823
0.00135823
0.00135823
0.00135823
0.00135823
0.00172644
0.00172644
0.00172644
0.00172644
0.00172644
0.00172644
0.00172644
0.00172644
0.00172644
0.00172644
0.00172644
0.00172644
0.00172644
0.00172644
0.00172644
0.00172644
0.00172644
0.0021294
0.0021294
0.0021294
0.0021294
0.0021294
0.0021294
0.0021294
0.0021294
0.0021294
0.0021294
0.0021294
0.0021294
0.0021294
0.0021294
0.0021294
0.00257131
0.00257131
0.00257131
0.00257131
0.00257131
0.00257131
0.00257131
0.00257131
0.00257131
0.00257131
0.00257131
0.00257131
0.00257131
0.00305707
0.00305707
0.00305707
0.00305707
0.00305707
0.00305707
0.00305707
0.00305707
0.00305707
0.00305707
0.00305707
0.00305707
0.00305707
0.0035919
0.0035919
0.0035919
0.0035919
0.0035919
0.0035919
0.0035919
0.0035919
0.0035919
0.0035919
0.0035919
0.0035919
0.0035919
0.0035919
0.00418084
0.00418084
0.00418084
0.00418084
0.00418084
0.00418084
0.00418084
0.00418084
0.00418084
0.00418084
0.00418084
0.00418084
0.00418084
0.00418084
0.0048282
0.0048282
0.0048282
0.0048282
0.0048282
0.0048282
0.0048282
0.0048282
0.0048282
0.0048282
0.00553688
0.00553688
0.00553688
0.00553688
0.00553688
0.00553688
0.00553688
0.00553688
0.00630777
0.00630777
0.00630777
0.00630777
0.00630777
0.00630777
0.00630777
0.00630777
0.00630777
0.00714103
0.00714103
0.00714103
0.00714103
0.00714103
0.00714103
0.00803852
0.00803852
0.00803852
0.00803852
0.00803852
0.00803852
0.00900366
0.00900366
0.00900366
0.0100347
0.0100287
0.0122826
0.0122604
0.0134936
0.0134606
0.013442
0.014737
0.0161041
0.0160717
0.0160717
0.0160717
0.0175416
0.0174563
0.0189953
0.0206784
0.0205515
0.0223246
0.0222471
0.0259951
0.0260935
0.0259951
0.0302567
0.032553
0.0348175
0.0399698
0.0488668
0.0520547
0.0553919
0.0666228
0.0796944
0.0892506
0.0842418
0.0944589
