0.22394
0.248822
0.248822
0.248822
0.248822
0.273705
0.273705
0.273705
0.298587
0.273705
0.323469
0.298587
0.323469
0.348351
0.323469
0.422998
0.373234
0.398116
0.373234
0.398116
0.44788
0.44788
0.44788
0.472763
0.497645
0.497645
0.622056
0.572292
0.622056
0.646938
0.646938
0.721585
0.696703
0.746467
0.77135
0.77135
0.821114
0.821114
0.845996
0.845996
0.845996
0.821114
0.920643
0.870879
0.796232
0.696703
0.895761
0.821114
0.796232
0.721585
0.746467
0.746467
0.671821
0.671821
0.646938
0.622056
0.622056
0.572292
0.497645
0.597174
0.572292
0.547409
0.547409
0.472763
0.522527
0.497645
0.522527
0.472763
0.44788
0.44788
0.398116
0.422998
0.373234
0.422998
0.398116
0.348351
0.348351
0.348351
0.348351
0.298587
0.298587
0.323469
0.298587
0.273705
0.298587
0.273705
0.248822
0.298587
0.22394
0.22394
