-4.55788
-4.55788
-4.55788
-4.55788
-4.55788
-4.55788
-4.55788
-4.55788
-4.55788
-4.55788
-4.55788
-4.55788
-4.55788
-4.55788
-4.55788
-4.55788
-4.55788
-4.55788
-4.55788
-4.55788
-4.55788
-4.55788
-4.55788
-4.55788
-4.55788
-4.55788
-4.55788
-4.55788
-4.55788
-4.55788
-4.55788
-4.55788
-4.55788
-4.55788
-4.55788
-4.55788
-4.55788
-4.55788
-4.55788
-4.55788
-4.55788
-4.55788
-4.55788
-4.55788
-4.55788
-4.55788
-4.55788
-4.55788
-4.55788
-4.55788
-4.55788
-4.55788
-4.55788
-4.55788
-4.55788
-4.55788
-4.55788
-4.55788
-4.55788
-4.55788
-4.55788
-4.55788
-4.55788
-4.55788
-4.55788
-4.55788
-4.55788
-4.55788
-4.55788
-4.55788
-4.55788
-4.55788
-4.55788
-4.55788
-4.55788
-4.55788
-4.55788
-4.55788
-4.55788
-4.55788
-4.55788
-4.55788
-4.55788
-4.55788
-4.55788
-4.55788
-4.55788
-4.55788
-4.55788
-4.55788
-4.55788
-4.55788
-4.55788
-4.55788
-4.55788
-4.55788
-4.55788
-4.55788
-4.55788
-4.55788
-4.55788
-4.55788
-4.55788
-4.55788
-4.55788
-4.55788
-4.55788
-4.55788
-4.55788
-4.55788
-4.55788
-4.55788
-4.55788
-4.55788
-4.55788
-4.55788
-4.55788
-4.55788
-4.55788
-4.55788
-4.55788
-4.55788
-4.55788
-4.55788
-4.55788
-4.55788
-4.55788
-4.55788
-4.55788
-4.55788
-4.55788
-4.55788
-4.55788
-4.55788
-4.55788
-4.55788
-4.55788
-4.55788
-4.55788
-4.55788
-4.55788
-4.55788
-4.55788
-4.55788
-4.55788
-4.55788
-4.55788
-4.55788
-4.55788
-4.55788
-4.55788
-4.55788
-4.55788
-4.55788
-4.55788
-4.55788
-4.55788
-4.55788
-4.55788
-4.55788
-4.55788
-4.55788
-4.55788
-4.55788
-4.55788
-4.55788
-4.55788
-4.55788
-4.55788
-4.55788
-4.55788
-4.55788
-4.55788
-4.55788
-4.55788
-4.55788
-4.55788
-4.55788
-4.55788
-4.55788
-4.55788
-4.55788
-4.55788
-4.55788
-4.55788
-4.55788
-4.55788
-4.55788
-4.55788
-4.55788
-4.55788
-4.55788
-4.55788
-4.55788
-4.55788
-4.55788
-4.55788
-4.55788
-4.55788
-4.55788
-4.55788
-4.55788
-4.55788
-4.55788
-4.55788
-4.55788
-4.55788
-4.55788
-4.55788
-4.55788
-4.55788
-4.55788
-4.55788
-4.55788
-4.55788
-4.55788
-4.55788
-4.55788
-4.55788
-4.55788
-4.55788
-4.55788
-4.55788
-4.55788
-4.55788
-4.55788
-4.55788
-4.55788
-4.55788
-4.55788
-4.55788
-4.55788
-4.55788
-4.55788
-4.55788
-4.55788
-4.55788
-4.55788
-4.55788
-4.55788
-4.55788
-4.55788
-4.55788
-4.55788
-4.55788
-4.55788
-4.55788
-4.55788
-4.55788
-4.55788
-4.55788
-4.55788
-4.55788
-4.55788
-4.55788
-4.55788
-4.55788
-4.55788
-4.55788
-4.55788
-4.55788
-4.55788
-4.55788
-4.55788
-4.55788
-4.55788
-4.55788
-4.55788
-4.55788
-4.55788
-4.55788
-4.55788
-4.55788
-4.55788
-4.55788
-4.55788
-4.55788
-4.55788
-4.55788
-4.55788
-4.55788
-4.55788
-4.55788
-4.55788
-4.55788
-4.55788
-4.55788
-4.55788
-4.55788
-4.55788
-4.55788
-4.55788
-4.55788
-4.55788
-4.55788
-4.55788
-4.55788
-4.55788
-4.55788
-4.55788
-4.55788
-4.55788
-4.55788
-4.55788
-4.55788
-4.55788
-4.55788
-4.55788
-4.55788
-4.55788
-4.55788
-4.55788
-4.55788
-4.55788
-4.55788
-4.55788
-4.55788
-4.55788
-4.55788
-4.55788
-4.55788
-4.55788
-4.55788
-4.55788
-4.55788
-4.55788
-4.55788
-4.55788
-4.55788
-4.55788
-4.55788
-4.55788
-4.55788
-4.55788
-4.55788
-4.55788
-4.55788
-4.55788
-4.55788
-4.55788
-4.55788
-4.55788
-4.55788
-4.55788
-4.55788
-4.55788
-4.55788
-4.55788
-4.55788
-4.55788
-4.55788
-4.55788
-4.55788
-4.55788
-4.55788
-4.55788
-4.55788
-4.55788
-4.55788
-4.55788
-4.55788
-4.55788
-4.55788
-4.55788
-4.55788
-4.55788
-4.55788
-4.55788
-4.55788
-4.55788
-4.55788
-4.55788
-4.55788
-4.55788
-4.55788
-4.55788
-4.55788
-4.55788
-4.55788
-4.55788
-4.55788
-4.55788
-4.55788
-4.55788
-4.55788
-4.55788
-4.55788
-4.55788
-4.55788
-4.55788
-4.55788
-4.55788
-4.55788
-4.55788
-4.55788
-4.55788
-4.55788
-4.55788
-4.55788
-4.55788
-4.55788
-4.55788
-4.55788
-4.55788
-4.55788
-4.55788
-4.55788
-4.55788
-4.55788
-4.55788
-4.55788
-4.55788
-4.55788
-4.55788
-4.55788
-4.55788
-4.55788
-4.55788
-4.55788
-4.55788
-4.55788
-4.55788
-4.55788
-4.55788
-4.55788
-4.55788
-4.55788
-4.55788
-4.55788
-4.55788
-4.55788
-4.55788
-4.55788
-4.55788
-4.55788
-4.55788
-4.55788
-4.55788
-4.55788
-4.55788
-4.55788
-4.55788
-4.55788
-4.55788
-4.55788
-4.55788
-4.55788
-4.55788
-4.55788
-4.55788
-4.55788
-4.55788
-4.55788
-4.55788
-4.55788
-4.55788
-4.55788
-4.55788
-4.55788
-4.55788
-4.55788
-4.55788
-4.55788
-4.55788
-4.55788
-4.55788
-4.55788
-4.55788
-4.55788
-4.55788
-4.55788
-4.55788
-4.55788
-4.55788
-4.55788
-4.55788
-4.55788
-4.55788
-4.55788
-4.55788
-4.55788
-4.55788
-4.55788
-4.55788
-4.55788
-4.55788
-4.55788
-4.55788
-4.55788
-4.55788
-4.55788
-4.55788
-4.55788
-4.55788
-4.55788
-4.55788
-4.55788
-4.55788
-4.55788
-4.55788
-4.55788
-4.55788
-4.55788
-4.55788
-4.55788
-4.55788
-4.55788
-4.55788
-4.55788
-4.55788
-4.55788
-4.55788
-4.55788
-4.55788
-4.55788
-4.55788
-4.55788
-4.55788
-4.55788
-4.55788
-4.55788
-4.55788
-4.55788
-4.55788
-4.55788
-4.55788
-4.55788
-4.55788
-4.55788
-4.55788
-4.55788
-4.55788
-4.55788
-4.55788
-4.55788
-4.55788
-4.55788
-4.55788
-4.55788
-4.55788
-4.55788
-4.55788
-4.55788
-4.55788
-4.55788
-4.55788
-4.55788
-4.55788
-4.55788
-4.55788
-4.55788
-4.55788
-4.55788
-4.55788
-4.55788
-4.55788
-4.55788
-4.55788
-4.55788
-4.55788
-4.55788
-4.55788
-4.55788
-4.55788
-4.55788
-4.55788
-4.55788
-4.55788
-4.55788
-4.55788
-4.55788
-4.55788
-4.55788
-4.55788
-4.55788
-4.55788
-4.55788
-4.55788
-4.55788
-4.55788
-4.55788
-4.55788
-4.55788
-4.55788
-4.55788
-4.55788
-4.55788
-4.55788
-4.55788
-4.55788
-4.55788
-4.55788
-4.55788
-4.55788
-4.55788
-4.55788
-4.55788
-4.55788
-4.55788
-4.55788
-4.55788
-4.55788
-4.55788
-4.55788
-4.55788
-4.55788
-4.55788
-4.55788
-4.55788
-4.55788
-4.55788
-4.55788
-4.55788
-4.55788
-4.55788
-4.55788
-4.55788
-4.55788
-4.55788
-4.55788
-4.55788
-4.55788
-4.55788
-4.55788
-4.55788
-4.55788
-4.55788
-4.55788
-4.55788
-4.55788
-4.55788
-4.55788
-4.55788
-4.55788
-4.55788
-4.55788
-4.55788
-4.55788
-4.55788
-4.55788
-4.55788
-4.55788
-4.55788
-4.55788
-4.55788
-4.55788
-4.55788
-4.55788
-4.55788
-4.55788
-4.55788
-4.55788
-4.55788
-4.55788
-4.55788
-4.55788
-4.55788
-4.55788
-4.55788
-4.55788
-4.55788
-4.55788
-4.55788
-4.55788
-4.55788
-4.55788
-4.55788
-4.55788
-4.55788
-4.55788
-4.55788
-4.55788
-4.55788
-4.55788
-4.55788
-4.55788
-4.55788
-4.55788
-4.55788
-4.55788
-4.55788
-4.55788
-4.55788
-4.55788
-4.55788
-4.55788
-4.55788
-4.55788
-4.55788
-4.55788
-4.55788
-4.55788
-4.55788
-4.55788
-4.55788
-4.55788
-4.55788
-4.55788
-4.55788
-4.55788
-4.55788
-4.55788
-4.55788
-4.55788
-4.55788
-4.55788
-4.55788
-4.55788
-4.55788
-4.55788
-4.55788
-4.55788
-4.55788
-4.55788
-4.55788
-4.55788
-4.55788
-4.55788
-4.55788
-4.55788
-4.55788
-4.55788
-4.55788
-4.55788
-4.55788
-4.55788
-4.55788
-4.55788
-4.55788
-4.55788
-4.55788
-4.55788
-4.55788
-4.55788
-4.55788
-4.55788
-4.55788
-4.55788
-4.55788
-4.55788
-4.55788
-4.55788
-4.55788
-4.55788
-4.55788
-4.55788
-4.55788
-4.55788
-4.55788
-4.55788
-4.55788
-4.55788
-4.55788
-4.55788
-4.55788
-4.55788
-4.55788
-4.55788
-4.55788
-4.55788
-4.55788
-4.55788
-4.55788
-4.55788
-4.55788
-4.55788
-4.55788
-4.55788
-4.55788
-4.55788
-4.55788
-4.55788
-4.55788
-4.55788
-4.55788
-4.55788
-4.55788
-4.55788
-4.55788
-4.55788
-4.55788
-4.55788
-4.55788
-4.55788
-4.55788
-4.55788
-4.55788
-4.55788
-4.55788
-4.55788
-4.55788
-4.55788
-4.55788
-4.55788
-4.55788
-4.55788
-4.55788
-4.55788
-4.55788
-4.55788
-4.55788
-4.55788
-4.55788
-4.55788
-4.55788
-4.55788
-4.55788
-4.55788
-4.55788
-4.55788
-4.55788
-4.55788
-4.55788
-4.55788
-4.55788
-4.55788
-4.55788
-4.55788
-4.55788
-4.55788
-4.55788
-4.55788
-4.55788
-4.55788
-4.55788
-4.55788
-4.55788
-4.55788
-4.55788
-4.55788
-4.55788
-4.55788
-4.55788
-4.55788
-4.55788
-4.55788
-4.55788
-4.55788
-4.55788
-4.55788
-4.55788
-4.55788
-4.55788
-4.55788
-4.55788
-4.55788
-4.55788
-4.55788
-4.55788
-4.55788
-4.55788
-4.55788
-4.55788
-4.55788
-4.55788
-4.55788
-4.55788
-4.55788
-4.55788
-4.55788
-4.55788
-4.55788
-4.55788
-4.55788
-4.55788
-4.55788
-4.55788
-4.55788
-4.55788
-4.55788
-4.55788
-4.55788
-4.55788
-4.55788
-4.55788
-4.55788
-4.55788
-4.55788
-4.55788
-4.55788
-4.55788
-4.55788
-4.55788
-4.55788
-4.55788
-4.55788
-4.55788
-4.55788
-4.55788
-4.55788
-4.55788
-4.55788
-4.55788
-4.55788
-4.55788
-4.55788
-4.55788
-4.55788
-4.55788
-4.55788
-4.55788
-4.55788
-4.55788
-4.55788
-4.55788
-4.55788
-4.55788
-4.55788
-4.55788
-4.55788
-4.55788
-4.55788
-4.55788
-4.55788
-4.55788
-4.55788
-4.55788
-4.55788
-4.55788
-4.55788
-4.55788
-4.55788
-4.55788
-4.55788
-4.55788
-4.55788
-4.55788
-4.55788
-4.55788
-4.55788
-4.55788
-4.55788
-4.55788
-4.55788
-4.55788
-4.55788
-4.55788
-4.55788
-4.55788
-4.55788
-4.55788
-4.55788
-4.55788
-4.55788
-4.55788
-4.55788
-4.55788
-4.55788
-4.55788
-4.55788
-4.55788
-4.55788
-4.55788
-4.55788
-4.55788
-4.55788
-4.55788
-4.55788
-4.55788
-4.55788
-4.55788
-4.55788
-4.55788
-4.55788
-4.55788
-4.55788
-4.55788
-4.55788
-4.55788
-4.55788
-4.55788
-4.55788
-4.55788
-4.55788
-4.55788
-4.55788
-4.55788
-4.55788
-4.55788
-4.55788
-4.55788
-4.55788
-4.55788
-4.55788
-4.55788
-4.55788
-4.55788
-4.55788
-4.55788
-4.55788
-4.55788
-4.55788
-4.55788
-4.55788
-4.55788
-4.55788
-4.55788
-4.55788
-4.55788
-4.55788
-4.55788
-4.55788
-4.55788
-4.55788
-4.55788
-4.55788
-4.55788
-4.55788
-4.55788
-4.55788
-4.55788
-4.55788
-4.55788
-4.55788
-4.55788
-4.55788
-4.55788
-4.55788
-4.55788
-4.55788
-4.55788
-4.55788
-4.55788
-4.55788
-4.55788
-4.55788
-4.55788
-4.55788
-4.55788
-4.55788
-4.55788
-4.55788
-4.55788
-4.55788
-4.55788
-4.55788
-4.55788
-4.55788
-4.55788
-4.55788
-4.55788
-4.55788
-4.55788
-4.55788
-4.55788
-4.55788
-4.55788
-4.55788
-4.55788
-4.55788
-4.55788
-4.55788
-4.55788
-4.55788
-4.55788
-4.55788
-4.55788
-4.55788
-4.55788
-4.55788
-4.55788
-4.55788
-4.55788
-4.55788
-4.55788
-4.55788
-4.55788
-4.55788
-4.55788
-4.55788
-4.55788
-4.55788
-4.55788
-4.55788
-4.55788
-4.55788
-4.55788
-4.55788
-4.55788
-4.55788
-4.55788
-4.55788
-4.55788
-4.55788
-4.55788
-4.55788
-4.55788
-4.55788
-4.55788
-4.55788
-4.55788
-4.55788
-4.55788
-4.55788
-4.55788
-4.55788
-4.55788
-4.55788
-4.55788
-4.55788
-4.55788
-4.55788
-4.55788
-4.55788
-4.55788
-4.55788
-4.55788
-4.55788
-4.55788
-4.55788
-4.55788
-4.55788
-4.55788
-4.55788
-4.55788
-4.55788
-4.55788
-4.55788
-4.55788
-4.55788
-4.55788
-4.55788
-4.55788
-4.55788
-4.55788
-4.55788
-4.55788
-4.55788
-4.55788
-4.55788
-4.55788
-4.55788
-4.55788
-4.55788
-4.55788
-4.55788
-4.55788
-4.55788
-4.55788
-4.55788
-4.55788
-4.55788
-4.55788
-4.55788
-4.55788
-4.55788
-4.55788
-4.55788
-4.55788
-4.55788
-4.55788
-4.55788
-4.55788
-4.55788
-4.55788
-4.55788
-4.55788
-4.55788
-4.55788
-4.55788
-4.55788
-4.55788
-4.55788
-4.55788
-4.55788
-4.55788
-4.55788
-4.55788
-4.55788
-4.55788
-4.55788
-4.55788
-4.55788
-4.55788
-4.55788
-4.55788
-4.55788
-4.55788
-4.55788
-4.55788
-4.55788
-4.55788
-4.55788
-4.55788
-4.55788
-4.55788
-4.55788
-4.55788
-4.55788
-4.55788
-4.55788
-4.55788
-4.55788
-4.55788
-4.55788
-4.55788
-4.55788
-4.55788
-4.55788
-4.55788
-4.55788
-4.55788
-4.55788
-4.55788
-4.55788
-4.55788
-4.55788
-4.55788
-4.55788
-4.55788
-4.55788
-4.55788
-4.55788
-4.55788
-4.55788
-4.55788
-4.55788
-4.55788
-4.55788
-4.55788
-4.55788
-4.55788
-4.55788
-4.55788
-4.55788
-4.55788
-4.55788
-4.55788
-4.55788
-4.55788
-4.55788
-4.55788
-4.55788
-4.55788
-4.55788
-4.55788
-4.55788
-4.55788
-4.55788
-4.55788
-4.55788
-4.55788
-4.55788
-4.55788
-4.55788
-4.55788
-4.55788
-4.55788
-4.55788
-4.55788
-4.55788
-4.55788
-4.55788
-4.55788
-4.55788
-4.55788
-4.55788
-4.55788
-4.55788
-4.55788
-4.55788
-4.55788
-4.55788
-4.55788
-4.55788
-4.55788
-4.55788
-4.55788
-4.55788
-4.55788
-4.55788
-4.55788
-4.55788
-4.55788
-4.55788
-4.55788
-4.55788
-4.55788
-4.55788
-4.55788
-4.55788
-4.55788
-4.55788
-4.55788
-4.55788
-4.55788
-4.55788
-4.55788
-4.55788
-4.55788
-4.55788
-4.55788
-4.55788
-4.55788
-4.55788
-4.55788
-4.55788
-4.55788
-4.55788
-4.55788
-4.55788
-4.55788
-4.55788
-4.55788
-4.55788
-4.55788
-4.55788
-4.55788
-4.55788
-4.55788
-4.55788
-4.55788
-4.55788
-4.55788
-4.55788
-4.55788
-4.55788
-4.55788
-4.55788
-4.55788
-4.55788
-4.55788
-4.55788
-4.55788
-4.55788
-4.55788
-4.55788
-4.55788
-4.55788
-4.55788
-4.55788
-4.55788
-4.55788
-4.55788
-4.55788
-4.55788
-4.55788
-4.55788
-4.55788
-4.55788
-4.55788
-4.55788
-4.55788
-4.55788
-4.55788
-4.55788
-4.55788
-4.55788
-4.55788
-4.55788
-4.55788
-4.55788
-4.55788
-4.55788
-4.55788
-4.55788
-4.55788
-4.55788
-4.55788
-4.55788
-4.55788
-4.55788
-4.55788
-4.55788
-4.55788
-4.55788
-4.55788
-4.55788
-4.55788
-4.55788
-4.55788
-4.55788
-4.55788
-4.55788
-4.55788
-4.55788
-4.55788
-4.55788
-4.55788
-4.55788
-4.55788
-4.55788
-4.55788
-4.55788
-4.55788
-4.55788
-4.55788
-4.55788
-4.55788
-4.55788
-4.55788
-4.55788
-4.55788
-4.55788
-4.55788
-4.55788
-4.55788
-4.55788
-4.55788
-4.55788
-4.55788
-4.55788
-4.55788
-4.55788
-4.55788
-4.55788
-4.55788
-4.55788
-4.55788
-4.55788
-4.55788
-4.55788
-4.55788
-4.55788
-4.55788
-4.55788
-4.55788
-4.55788
-4.55788
-4.55788
-4.55788
-4.55788
-4.55788
-4.55788
-4.55788
-4.55788
-4.55788
-4.55788
-4.55788
-4.55788
-4.55788
-4.55788
-4.55788
-4.55788
-4.55788
-4.55788
-4.55788
-4.55788
-4.55788
-4.55788
-4.55788
-4.55788
-4.55788
-4.55788
-4.55788
-4.55788
-4.55788
-4.55788
-4.55788
-4.55788
-4.55788
-4.55788
-4.55788
-4.55788
-4.55788
-4.55788
-4.55788
-4.55788
-4.55788
-4.55788
-4.55788
-4.55788
-4.55788
-4.55788
-4.55788
-4.55788
-4.55788
-4.55788
-4.55788
-4.55788
-4.55788
-4.55788
-4.55788
-4.55788
-4.55788
-4.55788
-4.55788
-4.55788
-4.55788
-4.55788
-4.55788
-4.55788
-4.55788
-4.55788
-4.55788
-4.55788
-4.55788
-4.55788
-4.55788
-4.55788
-4.55788
-4.55788
-4.55788
-4.55788
-4.55788
-4.55788
-4.55788
-4.55788
-4.55788
-4.55788
-4.55788
-4.55788
-4.55788
-4.55788
-4.55788
-4.55788
-4.55788
-4.55788
-4.55788
-4.55788
-4.55788
-4.55788
-4.55788
-4.55788
-4.55788
-4.55788
-4.55788
-4.55788
-4.55788
-4.55788
-4.55788
-4.55788
-4.55788
-4.55788
-4.55788
-4.55788
-4.55788
-4.55788
-4.55788
-4.55788
-4.55788
-4.55788
-4.55788
-4.55788
-4.55788
-4.55788
-4.55788
-4.55788
-4.55788
-4.55788
-4.55788
-4.55788
-4.55788
-4.55788
-4.55788
-4.55788
-4.55788
-4.55788
-4.55788
-4.55788
-4.55788
-4.55788
-4.55788
-4.55788
-4.55788
-4.55788
-4.55788
-4.55788
-4.55788
-4.55788
-4.55788
-4.55788
-4.55788
-4.55788
-4.55788
-4.55788
-4.55788
-4.55788
-4.55788
-4.55788
-4.55788
-4.55788
-4.55788
-4.55788
-4.55788
-4.55788
-4.55788
-4.55788
-4.55788
-4.55788
-4.55788
-4.55788
-4.55788
-4.55788
-4.55788
-4.55788
-4.55788
-4.55788
-4.55788
-4.55788
-4.55788
-4.55788
-4.55788
-4.55788
-4.55788
-4.55788
-4.55788
-4.55788
-4.55788
-4.55788
-4.55788
-4.55788
-4.55788
-4.55788
-4.55788
-4.55788
-4.55788
-4.55788
-4.55788
-4.55788
-4.55788
-4.55788
-4.55788
-4.55788
-4.55788
-4.55788
-4.55788
-4.55788
-4.55788
-4.55788
-4.55788
-4.55788
-4.55788
-4.55788
-4.55788
-4.55788
-4.55788
-4.55788
-4.55788
-4.55788
-4.55788
-4.55788
-4.55788
-4.55788
-4.55788
-4.55788
-4.55788
-4.55788
-4.55788
-4.55788
-4.55788
-4.55788
-4.55788
-4.55788
-4.55788
-4.55788
-4.55788
-4.55788
-4.55788
-4.55788
-4.55788
-4.55788
-4.55788
-4.55788
-4.55788
-4.55788
-4.55788
-4.55788
-4.55788
-4.55788
-4.55788
-4.55788
-4.55788
-4.55788
-4.55788
-4.55788
-4.55788
-4.55788
-4.55788
-4.55788
-4.55788
-4.55788
-4.55788
-4.55788
-4.55788
-4.55788
-4.55788
-4.55788
-4.55788
-4.55788
-4.55788
-4.55788
-4.55788
-4.55788
-4.55788
-4.55788
-4.55788
-4.55788
-4.55788
-4.55788
-4.55788
-4.55788
-4.55788
-4.55788
-4.55788
-4.55788
-4.55788
-4.55788
-4.55788
-4.55788
-4.55788
-4.55788
-4.55788
-4.55788
-4.55788
-4.55788
-4.55788
-4.55788
-4.55788
-4.55788
-4.55788
-4.55788
-4.55788
-4.55788
-4.55788
-4.55788
-4.55788
-4.55788
-4.55788
-4.55788
-4.55788
-4.55788
-4.55788
-4.55788
-4.55788
-4.55788
-4.55788
-4.55788
-4.55788
-4.55788
-4.55788
-4.55788
-4.55788
-4.55788
-4.55788
-4.55788
-4.55788
-4.55788
-4.55788
-4.55788
-4.55788
-4.55788
-4.55788
-4.55788
-4.55788
-4.55788
-4.55788
-4.55788
-4.55788
-4.55788
-4.55788
-4.55788
-4.55788
-4.55788
-4.55788
-4.55788
-4.55788
-4.55788
-4.55788
-4.55788
-4.55788
-4.55788
-4.55788
-4.55788
-4.55788
-4.55788
-4.55788
-4.55788
-4.55788
-4.55788
-4.55788
-4.55788
-4.55788
-4.55788
-4.55788
-4.55788
-4.55788
-4.55788
-4.55788
-4.55788
-4.55788
-4.55788
-4.55788
-4.55788
-4.55788
-4.55788
-4.55788
-4.55788
-4.55788
-4.55788
-4.55788
-4.55788
-4.55788
-4.55788
-4.55788
-4.55788
-4.55788
-4.55788
-4.55788
-4.55788
-4.55788
-4.55788
-4.55788
-4.55788
-4.55788
-4.55788
-4.55788
-4.55788
-4.55788
-4.55788
-4.55788
-4.55788
-4.55788
-4.55788
-4.55788
-4.55788
-4.55788
-4.55788
-4.55788
-4.55788
-4.55788
-4.55788
-4.55788
-4.55788
-4.55788
-4.55788
-4.55788
-4.55788
-4.55788
-4.55788
-4.55788
-4.55788
-4.55788
-4.55788
-4.55788
-4.55788
-4.55788
-4.55788
-4.55788
-4.55788
-4.55788
-4.55788
-4.55788
-4.55788
-4.55788
-4.55788
-4.55788
-4.55788
-4.55788
-4.55788
-4.55788
-4.55788
-4.55788
-4.55788
-4.55788
-4.55788
-4.55788
-4.55788
-4.55788
-4.55788
-4.55788
-4.55788
-4.55788
-4.55788
-4.55788
-4.55788
-4.55788
-4.55788
-4.55788
-4.55788
-4.55788
-4.55788
-4.55788
-4.55788
-4.55788
-4.55788
-4.55788
-4.55788
-4.55788
-4.55788
-4.55788
-4.55788
-4.55788
-4.55788
-4.55788
-4.55788
-4.55788
-4.55788
-4.55788
-4.55788
-4.55788
-4.55788
-4.55788
-4.55788
-4.55788
-4.55788
-4.55788
-4.55788
-4.55788
-4.55788
-4.55788
-4.55788
-4.55788
-4.55788
-4.55788
-4.55788
-4.55788
-4.55788
-4.55788
-4.55788
-4.55788
-4.55788
-4.55788
-4.55788
-4.55788
-4.55788
-4.55788
-4.55788
-4.55788
-4.55788
-4.55788
-4.55788
-4.55788
-4.55788
-4.55788
-4.55788
-4.55788
-4.55788
-4.55788
-4.55788
-4.55788
-4.55788
-4.55788
-4.55788
-4.55788
-4.55788
-4.55788
-4.55788
-4.55788
-4.55788
-4.55788
-4.55788
-4.55788
-4.55788
-4.55788
-4.55788
-4.55788
-4.55788
-4.55788
-4.55788
-4.55788
-4.55788
-4.55788
-4.55788
-4.55788
-4.55788
-4.55788
-4.55788
-4.55788
-4.55788
-4.55788
-4.55788
-4.55788
-4.55788
-4.55788
-4.55788
-4.55788
-4.55788
-4.55788
-4.55788
-4.55788
-4.55788
-4.55788
-4.55788
-4.55788
-4.55788
-4.55788
-4.55788
-4.55788
-4.55788
-4.55788
-4.55788
-4.55788
-4.55788
-4.55788
-4.55788
-4.55788
-4.55788
-4.55788
-4.55788
-4.55788
-4.55788
-4.55788
-4.55788
-4.55788
-4.55788
-4.55788
-4.55788
-4.55788
-4.55788
0.229926
0.230124
0.230124
0.230124
0.230124
0.230124
0.230124
0.230124
0.230124
0.230124
0.230124
0.230124
0.230124
0.230124
0.230124
0.230124
0.230124
0.197088
0.197088
0.197088
0.187089
0.18728
0.18728
0.18728
0.18728
0.18728
0.18728
0.18728
0.18728
0.177784
0.177784
0.177784
0.177784
0.177784
0.177784
0.177784
0.137368
0.130335
0.130335
0.130335
0.130335
0.130335
0.123782
0.123782
0.123782
0.123782
0.123782
0.123782
0.117411
0.117411
0.117411
0.117411
0.117411
0.117538
0.111474
0.0769293
0.0769293
0.0728639
0.0728639
0.0728639
0.0728639
0.0729163
0.0689902
0.0689902
0.0689902
0.0690385
0.0653001
0.0653446
0.0653446
0.0653446
0.0653446
0.0653446
0.0653446
0.0441243
0.0441243
0.0441352
0.0441243
0.0441352
0.0441352
0.0441452
0.0441452
0.0416299
0.0416299
0.0416387
0.0416387
0.0416387
0.0416468
0.0416468
0.0416543
0.0416543
0.0392585
0.0392585
0.0308077
0.0308077
0.0308077
0.0308077
0.0308077
0.0308077
0.0308077
0.0308077
0.0308077
0.0308077
0.0308077
0.0308077
0.0308077
0.0308077
0.0308077
0.0308077
0.0308077
0.0289305
0.0289305
0.0289305
0.0289305
0.0289305
0.0289305
0.0289305
0.0289305
0.0289305
0.0289305
0.0289305
0.0289305
0.0289305
0.0289305
0.0289305
0.0289305
0.0289305
0.0289305
0.0271454
0.0271454
0.0271454
0.0271454
0.0271454
0.0271454
0.0271454
0.0271454
0.0271454
0.0271454
0.0271454
0.0271454
0.0271454
0.0271454
0.0271454
0.0271454
0.0271454
0.0271454
0.0271454
0.0271454
0.025448
0.025448
0.025448
0.025448
0.025448
0.025448
0.025448
0.025448
0.025448
0.025448
0.025448
0.025448
0.025448
0.025448
0.025448
0.025448
0.025448
0.025448
0.0238341
0.0238341
0.0238341
0.0238341
0.0238341
0.0238341
0.0238341
0.0238341
0.0238341
0.0238341
0.0238341
0.0238341
0.0238341
0.0238341
0.0238341
0.0238341
0.0238341
0.0238341
0.0238341
0.0222995
0.0222995
0.0222995
0.0222995
0.0222995
0.0222995
0.0222995
0.0222995
0.0222995
0.0222995
0.0222995
0.0222995
0.0222995
0.0222995
0.0222995
0.0222995
0.0222995
0.0222995
0.0222995
0.0208403
0.0208403
0.0208403
0.0208403
0.0208403
0.0208403
0.0208403
0.0208403
0.0208403
0.0208403
0.0208403
0.0208403
0.0208403
0.0208403
0.0208403
0.0208403
0.0208403
0.0208403
0.0208403
0.019453
0.019453
0.019453
0.019453
0.019453
0.019453
0.019453
0.019453
0.019453
0.019453
0.019453
0.019453
0.019453
0.019453
0.019453
0.019453
0.019453
0.019453
0.019453
0.0181347
0.0181347
0.0181347
0.0181347
0.0181347
0.0181347
0.0181347
0.0181347
0.0181347
0.0181347
0.0181347
0.0181347
0.0181347
0.0181347
0.0181347
0.0181347
0.0181347
0.0181347
0.0181347
0.0168825
0.0168825
0.0168825
0.0168825
0.0168825
0.0168825
0.0168825
0.0168825
0.0168825
0.0168825
0.0168825
0.0168825
0.0168825
0.0168825
0.0168825
0.0168825
0.0168825
0.0168825
0.0168825
0.0168825
0.0168825
0.0156944
0.0156944
0.0156944
0.0156944
0.0156944
0.0156944
0.0156944
0.0156944
0.0156944
0.0156944
0.0156944
0.0156944
0.0156944
0.0156944
0.0156944
0.0156944
0.0156944
0.0156944
0.0156944
0.0156944
0.0145673
0.0145673
0.0145673
0.0145673
0.0145673
0.0145673
0.0145673
0.0145673
0.0145673
0.0145673
0.0145673
0.0145673
0.0145673
0.0145673
0.0145673
0.0145673
0.0145673
0.0145673
0.0145673
0.0145673
0.0134968
0.0134968
0.0134968
0.0134968
0.0134968
0.0134968
0.0134968
0.0134968
0.0134968
0.0134968
0.0134968
0.0134968
0.0134968
0.0134968
0.0134968
0.0134968
0.0134968
0.0134968
0.0124791
0.0124791
0.0124791
0.0124791
0.0124791
0.0124791
0.0124791
0.0124791
0.0124791
0.0124791
0.0124791
0.0124791
0.0124791
0.0124791
0.0124791
0.0124791
0.0124791
0.0124791
0.0124791
0.0115126
0.0115126
0.0115126
0.0115126
0.0115126
0.0115126
0.0115126
0.0115126
0.0115126
0.0115126
0.0115126
0.0115126
0.0115126
0.0115126
0.0115126
0.0115126
0.0115126
0.0115126
0.0115126
0.0105965
0.0105965
0.0105965
0.0105965
0.0105965
0.0105965
0.0105965
0.0105965
0.0105965
0.0105965
0.0105965
0.0105965
0.0105965
0.0105965
0.0105965
0.0105965
0.0105965
0.0105965
0.00973107
0.00973107
0.00973107
0.00973107
0.00973107
0.00973107
0.00973107
0.00973107
0.00973107
0.00973107
0.00973107
0.00973107
0.00973107
0.00973107
0.00973107
0.00973107
0.00973107
0.00973107
0.00891618
0.00891618
0.00891618
0.00891618
0.00891618
0.00891618
0.00891618
0.00891618
0.00891618
0.00891618
0.00891618
0.00891618
0.00891618
0.00891618
0.00891618
0.00891618
0.00891618
0.00891618
0.00815157
0.00815157
0.00815157
0.00815157
0.00815157
0.00815157
0.00815157
0.00815157
0.00815157
0.00815157
0.00815157
0.00815157
0.00815157
0.00815157
0.00815157
0.00815157
0.00815157
0.00815157
0.00815157
0.00743636
0.00743636
0.00743636
0.00743636
0.00743636
0.00743636
0.00743636
0.00743636
0.00743636
0.00743636
0.00743636
0.00743636
0.00743636
0.00743636
0.00743636
0.00743636
0.00743636
0.00743636
0.00743636
0.00743636
0.00676894
0.00676894
0.00676894
0.00676894
0.00676894
0.00676894
0.00676894
0.00676894
0.00676894
0.00676894
0.00676894
0.00676894
0.00676894
0.00676894
0.00676894
0.00676894
0.00676894
0.00676894
0.00676894
0.00676894
0.00614697
0.00614697
0.00614697
0.00614697
0.00614697
0.00614697
0.00614697
0.00614697
0.00614697
0.00614697
0.00614697
0.00614697
0.00614697
0.00614697
0.00614697
0.00614697
0.00614697
0.00614697
0.00614697
0.00614697
0.00556663
0.00556663
0.00556663
0.00556663
0.00556663
0.00556663
0.00556663
0.00556663
0.00556663
0.00556663
0.00556663
0.00556663
0.00556663
0.00556663
0.00556663
0.00556663
0.00556663
0.00556663
0.00556663
0.00556663
0.00501841
0.00501841
0.00501841
0.00501841
0.00501841
0.00501841
0.00501841
0.00501841
0.00501841
0.00501841
0.00501841
0.00501841
0.00501841
0.00501841
0.00501841
0.00501841
0.00501841
0.00501841
0.00501841
0.00449248
0.00449248
0.00449248
0.00449248
0.00449248
0.00449248
0.00449248
0.00449248
0.00449248
0.00449248
0.00449248
0.00449248
0.00449248
0.00449248
0.00449248
0.00449248
0.00449248
0.00449248
0.00449248
0.00398697
0.00398697
0.00398697
0.00398697
0.00398697
0.00398697
0.00398697
0.00398697
0.00398697
0.00398697
0.00398697
0.00398697
0.00398697
0.00398697
0.00398697
0.00398697
0.00398697
0.00398697
0.00398697
0.00398697
0.00350369
0.00350369
0.00350369
0.00350369
0.00350369
0.00350369
0.00350369
0.00350369
0.00350369
0.00350369
0.00350369
0.00350369
0.00350369
0.00350369
0.00350369
0.00350369
0.00350369
0.00350369
0.00350369
0.00350369
0.00350369
0.00304419
0.00304419
0.00304419
0.00304419
0.00304419
0.00304419
0.00304419
0.00304419
0.00304419
0.00304419
0.00304419
0.00304419
0.00304419
0.00304419
0.00304419
0.00304419
0.00304419
0.00304419
0.00304419
0.00304419
0.00304419
0.00260946
0.00260946
0.00260946
0.00260946
0.00260946
0.00260946
0.00260946
0.00260946
0.00260946
0.00260946
0.00260946
0.00260946
0.00260946
0.00260946
0.00260946
0.00260946
0.00260946
0.00260946
0.00260946
0.00260946
0.00260946
0.00260946
0.00220003
0.00220003
0.00220003
0.00220003
0.00220003
0.00220003
0.00220003
0.00220003
0.00220003
0.00220003
0.00220003
0.00220003
0.00220003
0.00220003
0.00220003
0.00220003
0.00220003
0.00220003
0.00220003
0.00220003
0.00220003
0.00220003
0.00220003
0.00181607
0.00181607
0.00181607
0.00181607
0.00181607
0.00181607
0.00181607
0.00181607
0.00181607
0.00181607
0.00181607
0.00181607
0.00181607
0.00181607
0.00181607
0.00181607
0.00181607
0.00181607
0.00181607
0.00181607
0.00181607
0.00145744
0.00145744
0.00145744
0.00145744
0.00145744
0.00145744
0.00145744
0.00145744
0.00145744
0.00145744
0.00145744
0.00145744
0.00145744
0.00145744
0.00145744
0.00145744
0.00145744
0.00145744
0.00145744
0.00145744
0.00145744
0.00145744
0.00112383
0.00112383
0.00112383
0.00112383
0.00112383
0.00112383
0.00112383
0.00112383
0.00112383
0.00112383
0.00112383
0.00112383
0.00112383
0.00112383
0.00112383
0.00112383
0.00112383
0.00112383
0.00112383
0.00112383
0.00112383
0.00112383
0.00112383
0.00112383
0.000814844
0.000814844
0.000814844
0.000814844
0.000814844
0.000814844
0.000814844
0.000814844
0.000814844
0.000814844
0.000814844
0.000814844
0.000814844
0.000814844
0.000814844
0.000814844
0.000814844
0.000814844
0.000814844
0.000814844
0.000814844
0.000814844
0.000530169
0.000530169
0.000530169
0.000530169
0.000530169
0.000530169
0.000530169
0.000530169
0.000530169
0.000530169
0.000530169
0.000530169
0.000530169
0.000530169
0.000530169
0.000530169
0.000530169
0.000530169
0.000530169
0.000530169
0.000530169
0.000269723
0.000530169
0.000269723
0.000269723
0.000269723
0.000269723
0.000269723
0.000269723
0.000269723
0.000269723
0.000269723
0.000269723
0.000269723
0.000269723
0.000269723
0.000269723
0.000269723
0.000269723
0.000269723
0.000269723
0.000269723
3.39058e-05
3.39058e-05
3.39058e-05
3.39058e-05
3.39058e-05
3.39058e-05
3.39058e-05
3.39058e-05
3.39058e-05
3.39058e-05
3.39058e-05
3.39058e-05
3.39058e-05
3.39058e-05
3.39058e-05
3.39058e-05
3.39058e-05
3.39058e-05
3.39058e-05
3.39058e-05
3.39058e-05
3.39058e-05
3.39058e-05
-0.000175978
-0.000175978
-0.000175978
-0.000175978
-0.000175978
-0.000175978
-0.000175978
-0.000175978
-0.000175978
-0.000175978
-0.000175978
-0.000175978
-0.000175978
-0.000175978
-0.000175978
-0.000175978
-0.000175978
-0.000175978
-0.000175978
-0.000175978
-0.000175978
-0.000175978
-0.000357715
-0.000357715
-0.000357715
-0.000357715
-0.000357715
-0.000357715
-0.000357715
-0.000357715
-0.000357715
-0.000357715
-0.000357715
-0.000357715
-0.000357715
-0.000357715
-0.000357715
-0.000357715
-0.000357715
-0.000357715
-0.000357715
-0.000357715
-0.000509131
-0.000509131
-0.000509131
-0.000509131
-0.000509131
-0.000509131
-0.000509131
-0.000509131
-0.000509131
-0.000509131
-0.000509131
-0.000509131
-0.000509131
-0.000509131
-0.000509131
-0.000509131
-0.000509131
-0.000509131
-0.000509131
-0.000509131
-0.000509131
-0.000509131
-0.000509131
-0.000628843
-0.000628843
-0.000628843
-0.000628843
-0.000628843
-0.000628843
-0.000628843
-0.000628843
-0.000628843
-0.000628843
-0.000628843
-0.000628843
-0.000628843
-0.000628843
-0.000628843
-0.000628843
-0.000628843
-0.000628843
-0.000628843
-0.000628843
-0.000716293
-0.000716293
-0.000716293
-0.000716293
-0.000716293
-0.000716293
-0.000716293
-0.000716293
-0.000716293
-0.000716293
-0.000716293
-0.000716293
-0.000716293
-0.000716293
-0.000716293
-0.000716293
-0.000716293
-0.000716293
-0.000716293
-0.000716293
-0.000716293
-0.000716293
-0.000771664
-0.000771664
-0.000771664
-0.000771664
-0.000771664
-0.000771664
-0.000771664
-0.000771664
-0.000771664
-0.000771664
-0.000771664
-0.000771664
-0.000771664
-0.000771664
-0.000771664
-0.000771664
-0.000771664
-0.000771664
-0.000771664
-0.000771664
-0.000771664
-0.000771664
-0.000771664
-0.000795773
-0.000795773
-0.000795773
-0.000795773
-0.000795773
-0.000795773
-0.000795773
-0.000795773
-0.000795773
-0.000795773
-0.000795773
-0.000795773
-0.000795773
-0.000795773
-0.000795773
-0.000795773
-0.000795773
-0.000795773
-0.000795773
-0.000795773
-0.000795773
-0.000795773
-0.000789929
-0.000789929
-0.000789929
-0.000789929
-0.000789929
-0.000789929
-0.000789929
-0.000789929
-0.000789929
-0.000789929
-0.000789929
-0.000789929
-0.000789929
-0.000789929
-0.000789929
-0.000789929
-0.000789929
-0.000789929
-0.000789929
-0.000789929
-0.000789929
-0.000789929
-0.000755767
-0.000755767
-0.000755767
-0.000755767
-0.000755767
-0.000755767
-0.000755767
-0.000755767
-0.000755767
-0.000755767
-0.000755767
-0.000755767
-0.000755767
-0.000755767
-0.000755767
-0.000755767
-0.000755767
-0.000755767
-0.000755767
-0.000695033
-0.000789929
-0.000695033
-0.000695033
-0.000695033
-0.000695033
-0.000695033
-0.000695033
-0.000695033
-0.000695033
-0.000695033
-0.000695033
-0.000695033
-0.000695033
-0.000695033
-0.000695033
-0.000695033
-0.000695033
-0.000609327
-0.000609327
-0.000609327
-0.000609327
-0.000609327
-0.000609327
-0.000609327
-0.000609327
-0.000609327
-0.000609327
-0.000609327
-0.000609327
-0.000609327
-0.000609327
-0.000609327
-0.000609327
-0.000609327
-0.000609327
-0.000609327
-0.000499807
-0.000499807
-0.000499807
-0.000499807
-0.000499807
-0.000499807
-0.000499807
-0.000499807
-0.000499807
-0.000499807
-0.000499807
-0.000499807
-0.000499807
-0.000499807
-0.000499807
-0.000499807
-0.000499807
-0.000499807
-0.000499807
-0.000499807
-0.000499807
-0.000499807
-0.000499807
-0.000366822
-0.000366822
-0.000366822
-0.000366822
-0.000366822
-0.000366822
-0.000366822
-0.000366822
-0.000366822
-0.000366822
-0.000366822
-0.000366822
-0.000366822
-0.000366822
-0.000366822
-0.000366822
-0.000366822
-0.000366822
-0.000366822
-0.000366822
-0.000366822
-0.000366822
-0.000366822
-0.000366822
-0.000366822
-0.000209472
-0.000209472
-0.000209472
-0.000209472
-0.000209472
-0.000209472
-0.000209472
-0.000209472
-0.000209472
-0.000209472
-0.000209472
-0.000209472
-0.000209472
-0.000209472
-0.000209472
-0.000209472
-0.000209472
-0.000209472
-0.000209472
-0.000209472
-0.000209472
-0.000209472
-0.000209472
-2.5145e-05
-2.5145e-05
-2.5145e-05
-2.5145e-05
-2.5145e-05
-2.5145e-05
-2.5145e-05
-2.5145e-05
-2.5145e-05
-2.5145e-05
-2.5145e-05
-2.5145e-05
-2.5145e-05
-2.5145e-05
-2.5145e-05
-2.5145e-05
-2.5145e-05
-2.5145e-05
-2.5145e-05
-2.5145e-05
-2.5145e-05
-2.5145e-05
-2.5145e-05
-2.5145e-05
0.000189876
0.000189876
0.000189876
0.000189876
0.000189876
0.000189876
0.000189876
0.000189876
0.000189876
0.000189876
0.000189876
0.000189876
0.000189876
0.000189876
0.000189876
0.000189876
0.000189876
0.000189876
0.000189876
0.000189876
0.000189876
0.000189876
0.000189876
0.000436989
0.000436989
0.000436989
0.000436989
0.000436989
0.000436989
0.000436989
0.000436989
0.000436989
0.000436989
0.000436989
0.000436989
0.000436989
0.000436989
0.000436989
0.000436989
0.000436989
0.000436989
0.000436989
0.000436989
0.000436989
0.000436989
0.000714642
0.000714642
0.000714642
0.000714642
0.000714642
0.000714642
0.000714642
0.000714642
0.000714642
0.000714642
0.000714642
0.000714642
0.000714642
0.000714642
0.000714642
0.000714642
0.000714642
0.000714642
0.000714642
0.000714642
0.000714642
0.000714642
0.000714642
0.000714642
0.0010216
0.0010216
0.0010216
0.0010216
0.0010216
0.0010216
0.0010216
0.0010216
0.0010216
0.0010216
0.0010216
0.0010216
0.0010216
0.0010216
0.0010216
0.0010216
0.0010216
0.0010216
0.0010216
0.0010216
0.0010216
0.0010216
0.0010216
0.00135823
0.00135823
0.00135823
0.00135823
0.00135823
0.00135823
0.00135823
0.00135823
0.00135823
0.00135823
0.00135823
0.00135823
0.00135823
0.00135823
0.00135823
0.00135823
0.00135823
0.00135823
0.00135823
0.00135823
0.00135823
0.00135823
0.00135823
0.00172644
0.00172644
0.00172644
0.00172644
0.00172644
0.00172644
0.00172644
0.00172644
0.00172644
0.00172644
0.00172644
0.00172644
0.00172644
0.00172644
0.00172644
0.00172644
0.00172644
0.00172644
0.00172644
0.00172644
0.00172644
0.00172644
0.00172644
0.0021294
0.0021294
0.0021294
0.0021294
0.0021294
0.0021294
0.0021294
0.0021294
0.0021294
0.0021294
0.0021294
0.0021294
0.0021294
0.0021294
0.0021294
0.0021294
0.0021294
0.0021294
0.0021294
0.0021294
0.0021294
0.0021294
0.0021294
0.0021294
0.00257131
0.00257131
0.00257131
0.00257131
0.00257131
0.00257131
0.00257131
0.00257131
0.00257131
0.00257131
0.00257131
0.00257131
0.00257131
0.00257131
0.00257131
0.00257131
0.00257131
0.00257131
0.00257131
0.00257131
0.00257131
0.00257131
0.00257131
0.00257131
0.00305707
0.00305707
0.00305707
0.00305707
0.00305707
0.00305707
0.00305707
0.00305707
0.00305707
0.00305707
0.00305707
0.00305707
0.00305707
0.00305707
0.00305707
0.00305707
0.00305707
0.00305707
0.00305707
0.00305707
0.00305707
0.00305707
0.00305707
0.00305707
0.00305707
0.0035919
0.0035919
0.0035919
0.0035919
0.0035919
0.0035919
0.0035919
0.0035919
0.0035919
0.0035919
0.0035919
0.0035919
0.0035919
0.0035919
0.0035919
0.0035919
0.0035919
0.0035919
0.0035919
0.0035919
0.0035919
0.0035919
0.0035919
0.0035919
0.00418084
0.00418084
0.00418084
0.00418084
0.00418084
0.00418084
0.00418084
0.00418084
0.00418084
0.00418084
0.00418084
0.00418084
0.00418084
0.00418084
0.00418084
0.00418084
0.00418084
0.00418084
0.00418084
0.00418084
0.00418084
0.00418084
0.00418084
0.00418084
0.00418084
0.00418084
0.0048282
0.0048282
0.0048282
0.0048282
0.0048282
0.0048282
0.0048282
0.0048282
0.0048282
0.0048282
0.0048282
0.0048282
0.0048282
0.0048282
0.0048282
0.0048282
0.0048282
0.0048282
0.0048282
0.0048282
0.0048282
0.0048282
0.0048282
0.0048282
0.00553688
0.00553688
0.00553688
0.00553688
0.00553688
0.00553688
0.00553688
0.00553688
0.00553688
0.00553688
0.00553688
0.00553688
0.00553688
0.00553688
0.00553688
0.00553688
0.00553688
0.00553688
0.00553688
0.00553688
0.00553688
0.00553688
0.00553688
0.00553688
0.00553688
0.00553688
0.00553688
0.00553688
0.00630777
0.00630777
0.00630777
0.00630777
0.00630777
0.00630777
0.00630777
0.00630777
0.00630777
0.00630777
0.00630777
0.00630777
0.00630777
0.00630777
0.00630777
0.00630777
0.00630777
0.00630777
0.00630777
0.00630777
0.00630777
0.00630777
0.00630777
0.00630777
0.00630777
0.00630777
0.00630777
0.00630777
0.00714103
0.00714103
0.00714103
0.00714103
0.00714103
0.00714103
0.00714103
0.00714103
0.00714103
0.00714103
0.00714103
0.00714103
0.00714103
0.00714103
0.00714103
0.00714103
0.00714103
0.00714103
0.00714103
0.00714103
0.00714103
0.00714103
0.00714103
0.00714103
0.00714103
0.00714103
0.00714103
0.00714103
0.00803852
0.00803852
0.00803852
0.00803852
0.00803852
0.00803852
0.00803852
0.00803852
0.00803852
0.00803852
0.00803852
0.00803852
0.00803852
0.00803852
0.00803852
0.00803852
0.00803852
0.00803852
0.00803852
0.00803852
0.00803852
0.00803852
0.00803852
0.00803852
0.00803852
0.00803852
0.00803852
0.00803852
0.00803852
0.00900366
0.00900366
0.00900366
0.00900366
0.00900366
0.00900366
0.00900366
0.00900366
0.00900366
0.00900366
0.00900366
0.00900366
0.00900366
0.00900366
0.00900366
0.00900366
0.00900366
0.00900366
0.00900366
0.00900366
0.00900366
0.00900366
0.00900366
0.00900366
0.00900366
0.00900366
0.00900366
0.00900366
0.00900366
0.0100403
0.0100403
0.0100403
0.0100403
0.0100403
0.0100403
0.0100403
0.0100403
0.0100403
0.0100403
0.0100403
0.0100403
0.0100403
0.0100403
0.0100403
0.0100403
0.0100403
0.0100403
0.0100403
0.0100403
0.0100403
0.0100403
0.0100403
0.0100403
0.0100403
0.0100403
0.0100403
0.0100403
0.0100403
0.0100403
0.0100403
0.0111522
0.0111522
0.0111522
0.0111522
0.0111522
0.0111522
0.0111522
0.0111522
0.0111522
0.0111522
0.0111522
0.0111522
0.0111522
0.0111522
0.0111522
0.0111522
0.0111522
0.0111522
0.0111522
0.0111522
0.0111522
0.0111522
0.0111522
0.0111522
0.0111522
0.0111522
0.0111522
0.0111522
0.0111522
0.0111522
0.0123435
0.0123435
0.0123435
0.0123435
0.0123435
0.0123435
0.0123435
0.0123435
0.0123435
0.0123435
0.0123435
0.0123435
0.0123435
0.0123435
0.0123435
0.0123435
0.0123435
0.0123435
0.0123435
0.0123435
0.0123435
0.0123435
0.0123435
0.0123435
0.0123435
0.0123435
0.0123435
0.0123435
0.0123435
0.0136178
0.0136178
0.0136178
0.0136178
0.0136178
0.0136178
0.0136178
0.0136178
0.0136178
0.0136178
0.0136178
0.0136178
0.0136178
0.0136178
0.0136178
0.0136178
0.0136178
0.0136178
0.0136178
0.0136178
0.0136178
0.0136178
0.0136178
0.0136178
0.0136178
0.0136178
0.0136178
0.0136178
0.0136178
0.0136178
0.0149789
0.0149789
0.0149789
0.0149789
0.0149789
0.0149789
0.0149789
0.0149789
0.0149789
0.0149789
0.0149789
0.0149789
0.0149789
0.0149789
0.0149789
0.0149789
0.0149789
0.0149789
0.0149789
0.0149789
0.0149789
0.0149789
0.0149789
0.0149789
0.0149789
0.0149789
0.0149789
0.0149789
0.0149789
0.0164298
0.0164298
0.0164298
0.0164298
0.0164298
0.0164298
0.0164298
0.0164298
0.0164298
0.0164298
0.0164298
0.0164298
0.0164298
0.0164298
0.0164298
0.0164298
0.0164298
0.0164298
0.0164298
0.0164298
0.0164298
0.0164298
0.0164298
0.0164298
0.0164298
0.0164298
0.0164298
0.0164298
0.0164298
0.0179733
0.0179733
0.0179733
0.0179733
0.0179733
0.0179733
0.0179733
0.0179733
0.0179733
0.0179733
0.0179733
0.0179733
0.0179733
0.0179733
0.0179733
0.0179733
0.0179733
0.0179733
0.0179733
0.0179733
0.0179733
0.0179733
0.0179733
0.0179733
0.0179733
0.0179733
0.0179733
0.0196122
0.0196122
0.0196122
0.0196122
0.0196122
0.0196122
0.0196122
0.0196122
0.0196122
0.0196122
0.0196122
0.0196122
0.0196122
0.0196122
0.0196122
0.0196122
0.0196122
0.0196122
0.0196122
0.0196122
0.0196122
0.0196122
0.0196122
0.0196122
0.0213511
0.0213511
0.0213511
0.0213511
0.0213511
0.0213511
0.0213511
0.0213511
0.0213511
0.0213511
0.0213511
0.0213511
0.0213511
0.0213511
0.0213511
0.0213511
0.0213511
0.0213511
0.0213511
0.0213511
0.0213511
0.0213511
0.0213511
0.0213511
0.0213511
0.0213511
0.0213511
0.0213511
0.0213511
0.0231955
0.0231955
0.0231955
0.0231955
0.0231955
0.0231955
0.0231955
0.0231955
0.0231955
0.0231955
0.0231955
0.0231955
0.0231955
0.0231955
0.0231955
0.0231955
0.0231955
0.0231955
0.0231955
0.0231955
0.0231955
0.0231955
0.0231955
0.0231955
0.0231955
0.0251496
0.0251496
0.0251496
0.0251496
0.0251496
0.0251496
0.0251496
0.0251496
0.0251496
0.0251496
0.0251496
0.0251496
0.0251496
0.0251496
0.0251496
0.0251496
0.0251496
0.0251496
0.0251496
0.0251496
0.0251496
0.0251496
0.0251496
0.0251496
0.0251496
0.0251496
0.0251496
0.0251496
0.0272161
0.0272161
0.0272161
0.0272161
0.0272161
0.0272161
0.0272161
0.0272161
0.0272161
0.0272161
0.0272161
0.0272161
0.0272161
0.0272161
0.0272161
0.0272161
0.0272161
0.0272161
0.0272161
0.0272161
0.0339966
0.0340102
0.0340102
0.0339966
0.0364851
0.0364667
0.0364468
0.0364468
0.0364468
0.0364252
0.0364252
0.0390642
0.0390642
0.0390392
0.0390121
0.0390121
0.0389828
0.0389828
0.0390121
0.0389828
0.0417104
0.0417444
0.0417104
0.0417104
0.0416736
0.0416736
0.0713429
0.0892506
0.0892506
0.0944589
0.0944589
0.0944589
0.0944589
0.0941905
0.0944589
0.0892506
0.0944589
0.0944589
0.0996169
0.0996169
0.0993336
0.104987
0.104987
0.110578
0.116395
0.116395
0.122443
0.122443
0.171281
0.249161
0.241074
0.241074
0.249161
0.241074
0.249161
0.249161
0.249161
0.249161
0.249161
0.249161
0.249161
0.256759
0.256759
0.264887
0.264887
0.273019
0.273019
0.281153
0.281153
0.21698
0.224978
0.321316
0.313178
0.305036
0.305036
0.313178
0.305036
0.305036
0.313178
0.305036
0.305036
0.305036
0.313178
0.313178
0.313178
0.321316
0.32945
0.321316
