-4.55788
-5.24087
-4.55788
-4.55788
-4.55788
-5.24243
-4.55788
-5.24087
-4.55788
-4.55788
-5.24087
-5.24243
-4.55788
-4.55788
-4.55788
-4.55788
-4.55788
-4.55788
-4.55788
-5.24087
-5.24087
-5.24087
-4.55788
-5.24243
-4.55788
-4.55788
-4.55788
-5.24087
-5.24243
-4.55788
-4.55788
-4.55788
-4.55788
-4.55788
-5.24243
-4.55788
-4.55788
-5.24382
-4.55788
-5.24087
-4.55788
-4.55788
-5.24243
-4.55788
-4.55788
-5.24243
-5.24243
-4.55788
-4.55788
-5.24243
-5.24382
-4.55788
-5.24243
-5.24087
-4.55788
-4.55788
-5.24087
-5.24243
-5.24382
-4.55788
-5.24087
-4.55788
-4.55788
-4.55788
-5.24243
-4.55788
-4.55788
-5.24382
-4.55788
-4.55788
-5.24382
-4.55788
-4.55788
-4.55788
-5.24087
-4.55788
-4.55788
-4.55788
-5.24087
-5.24243
-4.55788
-4.55788
-4.55788
-4.55788
-4.55788
-5.24087
-5.24382
-4.55788
-4.55788
-4.55788
-4.55788
-5.24382
-4.55788
-5.24087
-5.24087
-5.24087
-4.55788
-5.24087
-4.55788
-4.55788
-5.24087
-4.55788
-4.55788
-4.55788
-4.55788
-4.55788
-5.24243
-4.55788
-4.55788
-4.55788
-4.55788
-4.55788
-4.55788
-5.24243
-4.55788
-5.24087
-4.55788
-4.55788
-4.55788
-5.24243
-4.55788
-4.55788
-5.24087
-4.55788
-4.55788
-4.55788
-4.55788
-5.24382
-4.55788
-4.55788
-4.55788
-4.55788
-4.55788
-4.55788
-4.55788
-4.55788
-4.55788
-5.24087
-4.55788
-4.55788
-4.55788
-4.55788
-5.24087
-4.55788
-4.55788
-4.55788
-5.24382
-4.55788
-5.24243
-4.55788
-5.24087
-4.55788
-5.24087
-4.55788
-4.55788
-4.55788
-4.55788
-4.55788
-5.24382
-4.55788
-5.24243
-4.55788
-4.55788
-4.55788
-5.24243
-5.24087
-4.55788
-4.55788
-4.55788
-4.55788
-4.55788
-4.55788
-4.55788
-4.55788
-4.55788
-4.55788
-4.55788
-4.55788
-4.55788
-4.55788
-4.55788
-4.55788
-4.55788
-4.55788
-4.55788
-5.24243
-5.24243
-5.24382
-5.24382
-5.24087
-4.55788
-5.24087
-4.55788
-5.24382
-5.24087
-4.55788
-4.55788
-4.55788
-5.24243
-4.55788
-4.55788
-5.24243
-4.55788
-4.55788
-4.55788
-4.55788
-4.55788
-5.24087
-4.55788
-5.24087
-4.55788
-5.24382
-4.55788
-4.55788
-4.55788
-4.55788
-4.55788
-4.55788
-4.55788
-4.55788
-4.55788
-4.55788
-4.55788
-4.55788
-4.55788
-4.55788
-4.55788
-5.24243
-4.55788
-4.55788
-4.55788
-5.24087
-4.55788
-4.55788
-4.55788
-4.55788
-4.55788
-4.55788
-4.55788
-5.24243
-5.24243
-4.55788
-4.55788
-5.24243
-4.55788
-4.55788
-4.55788
-5.24243
-4.55788
-4.55788
-4.55788
-5.24243
-4.55788
-4.55788
-4.55788
-5.24243
-4.55788
-4.55788
-4.55788
-4.55788
-4.55788
-4.55788
-5.24382
-5.24087
-4.55788
-4.55788
-4.55788
-4.55788
-4.55788
-5.24243
-4.55788
-4.55788
-4.55788
-5.24243
-5.24087
-4.55788
-4.55788
-4.55788
-4.55788
-4.55788
-4.55788
-5.24243
-4.55788
-5.24087
-4.55788
-4.55788
-5.24243
-5.24243
-5.24382
-4.55788
-5.24243
-4.55788
-5.24087
-4.55788
-4.55788
-4.55788
-4.55788
-5.24087
-4.55788
-4.55788
-4.55788
-4.55788
-4.55788
-4.55788
-4.55788
-4.55788
-4.55788
-4.55788
-4.55788
-4.55788
-4.55788
-4.55788
-4.55788
-5.24243
-5.24087
-5.24087
-4.55788
-4.55788
-4.55788
-4.55788
-4.55788
-4.55788
-4.55788
-4.55788
-4.55788
-4.55788
-5.24087
-5.24382
-4.55788
-4.55788
-4.55788
-4.55788
-4.55788
-5.24243
-5.24087
-4.55788
-4.55788
-4.55788
-4.55788
-4.55788
-4.55788
-4.55788
-4.55788
-4.55788
-4.55788
-5.24243
-5.24243
-5.24382
-4.55788
-4.55788
-4.55788
-4.55788
-4.55788
-4.55788
-4.55788
-4.55788
-4.55788
-4.55788
-5.24243
-4.55788
-4.55788
-4.55788
-4.55788
-5.24382
-5.24087
-4.55788
-4.55788
-4.55788
-5.24087
-4.55788
-4.55788
-4.55788
-4.55788
-4.55788
-5.24382
-4.55788
-4.55788
-4.55788
-4.55788
-4.55788
-5.24382
-4.55788
-4.55788
-4.55788
-5.24243
-5.24243
-5.24382
-5.24087
-4.55788
-5.24243
-4.55788
-5.24243
-5.24087
-4.55788
-4.55788
-5.24087
-5.24243
-4.55788
-5.24087
-4.55788
-4.55788
-4.55788
-4.55788
-4.55788
-5.24243
-5.24087
-4.55788
-4.55788
-4.55788
-5.24243
-4.55788
-4.55788
-4.55788
-4.55788
-5.24087
-4.55788
-4.55788
-5.24243
-4.55788
-4.55788
-4.55788
-5.24243
-5.24382
-4.55788
-4.55788
-4.55788
-4.55788
-4.55788
-4.55788
-4.55788
-4.55788
-5.24087
-4.55788
-4.55788
-4.55788
-4.55788
-5.24087
-4.55788
-5.24243
-4.55788
-5.24243
-5.24382
-5.24087
-4.55788
-4.55788
-4.55788
-4.55788
-4.55788
-4.55788
-4.55788
-4.55788
-4.55788
-4.55788
-4.55788
-4.55788
-5.24243
-4.55788
-5.24087
-4.55788
-4.55788
-5.24087
-5.24243
-5.24382
-5.24243
-5.24243
-5.24243
-4.55788
-4.55788
-5.24243
-4.55788
-4.55788
-5.24382
-4.55788
-4.55788
-4.55788
-4.55788
-5.24087
-5.24087
-5.24243
-4.55788
-4.55788
-5.24087
-4.55788
-4.55788
-4.55788
-4.55788
-4.55788
-4.55788
-5.24243
-4.55788
-4.55788
-5.24243
-4.55788
-4.55788
-4.55788
-5.24243
-5.24243
-4.55788
-4.55788
-4.55788
-5.24087
-5.24382
-4.55788
-5.24087
-4.55788
-5.24087
-4.55788
-4.55788
-4.55788
-4.55788
-5.24087
-4.55788
-4.55788
-5.24243
-5.24243
-4.55788
-4.55788
-4.55788
-5.24243
-5.24087
-5.24087
-5.24087
-4.55788
-5.24087
-4.55788
-4.55788
-4.55788
-5.24243
-4.55788
-4.55788
-4.55788
-5.24087
-4.55788
-4.55788
-5.24087
-4.55788
-5.24243
-5.24243
-5.24087
-4.55788
-4.55788
-4.55788
-4.55788
-4.55788
-4.55788
-5.24382
-5.24243
-4.55788
-4.55788
-4.55788
-5.24243
-4.55788
-5.24243
-4.55788
-4.55788
-5.24087
-4.55788
-4.55788
-4.55788
-5.24382
-4.55788
-4.55788
-4.55788
-4.55788
-4.55788
-4.55788
-4.55788
-5.24087
-4.55788
-4.55788
-4.55788
-4.55788
-4.55788
-4.55788
-4.55788
-4.55788
-4.55788
-5.24087
-4.55788
-4.55788
-4.55788
-5.24382
-4.55788
-5.24382
-4.55788
-4.55788
-4.55788
-4.55788
-4.55788
-4.55788
-4.55788
-4.55788
-4.55788
-5.24243
-4.55788
-4.55788
-4.55788
-4.55788
-4.55788
-4.55788
-4.55788
-5.24087
-4.55788
-4.55788
-4.55788
-5.24087
-4.55788
-4.55788
-4.55788
-4.55788
-5.24087
-4.55788
-4.55788
-4.55788
-5.24243
-4.55788
-5.24382
-5.24382
-4.55788
-4.55788
-5.24087
-5.24243
-4.55788
-4.55788
-4.55788
-4.55788
-4.55788
-5.24087
-5.24087
-4.55788
-4.55788
-4.55788
-4.55788
-4.55788
-4.55788
-4.55788
-5.24382
-4.55788
-5.24243
-5.24243
-4.55788
-5.24382
-4.55788
-4.55788
-4.55788
-4.55788
-5.24243
-4.55788
-4.55788
-5.24243
-4.55788
-4.55788
-4.55788
-5.24243
-4.55788
-5.24382
-4.55788
-4.55788
-4.55788
-4.55788
-4.55788
-4.55788
-4.55788
-5.24087
-4.55788
-4.55788
-4.55788
-4.55788
-4.55788
-5.24243
-5.24243
-5.24382
-4.55788
-4.55788
-5.24243
-5.24243
-4.55788
-4.55788
-4.55788
-4.55788
-4.55788
-4.55788
-4.55788
-5.24087
-5.24087
-5.24243
-4.55788
-5.24243
-4.55788
-4.55788
-5.24382
-4.55788
-4.55788
-5.24382
-4.55788
-5.24243
-5.24243
-4.55788
-4.55788
-4.55788
-4.55788
-4.55788
-5.24087
-4.55788
-4.55788
-5.24243
-4.55788
-4.55788
-4.55788
-4.55788
-4.55788
-4.55788
-4.55788
-4.55788
-5.24087
-5.24382
-4.55788
-4.55788
-4.55788
-4.55788
-4.55788
-4.55788
-4.55788
-4.55788
-5.24087
-4.55788
-4.55788
-4.55788
-4.55788
-5.24087
-4.55788
-4.55788
-4.55788
-5.24382
-4.55788
-5.24087
-4.55788
-4.55788
-4.55788
-4.55788
-4.55788
-4.55788
-4.55788
-4.55788
-4.55788
-4.55788
-4.55788
-4.55788
-4.55788
-4.55788
-4.55788
-4.55788
-5.24243
-4.55788
-4.55788
-4.55788
-4.55788
-4.55788
-4.55788
-4.55788
-4.55788
-4.55788
-4.55788
-4.55788
-4.55788
-4.55788
-4.55788
-4.55788
-4.55788
-4.55788
-4.55788
-4.55788
-5.24243
-5.24243
-5.24243
-4.55788
-4.55788
-4.55788
-4.55788
-5.24087
-4.55788
-5.24087
-5.24087
-5.24087
-4.55788
-4.55788
-5.24382
-4.55788
-5.24382
-4.55788
-4.55788
-4.55788
-5.24382
-4.55788
-4.55788
-5.24087
-5.24087
-4.55788
-4.55788
-4.55788
-4.55788
-4.55788
-4.55788
-5.24382
-5.24243
-4.55788
-5.24087
-4.55788
-4.55788
-5.24382
-5.24087
-5.24087
-5.24243
-4.55788
-4.55788
-4.55788
-4.55788
-4.55788
-4.55788
-4.55788
-4.55788
-4.55788
-4.55788
-4.55788
-4.55788
-4.55788
-4.55788
-4.55788
-4.55788
-5.24243
-4.55788
-4.55788
-5.24382
-5.24087
-4.55788
-4.55788
-5.24087
-5.24243
-4.55788
-4.55788
-5.24243
-4.55788
-5.24087
-4.55788
-4.55788
-5.24087
-4.55788
-5.24087
-4.55788
-4.55788
-4.55788
-4.55788
-5.24243
-5.24243
-4.55788
-5.24243
-5.24243
-5.24243
-5.24243
-5.24087
-4.55788
-4.55788
-4.55788
-4.55788
-4.55788
-5.24087
-5.24087
-4.55788
-5.24087
-5.24382
-4.55788
-5.24243
-4.55788
-4.55788
-5.24243
-4.55788
-4.55788
-4.55788
-5.24243
-5.24243
-4.55788
-4.55788
-5.24243
-4.55788
-4.55788
-4.55788
-4.55788
-4.55788
-5.24382
-5.24243
-4.55788
-4.55788
-4.55788
-4.55788
-5.24087
-4.55788
-4.55788
-4.55788
-4.55788
-4.55788
-4.55788
-4.55788
-4.55788
-5.24243
-4.55788
-4.55788
-5.24087
-4.55788
-5.24382
-4.55788
-4.55788
-4.55788
-5.24243
-4.55788
-4.55788
-4.55788
-5.24382
-5.24243
-4.55788
-4.55788
-4.55788
-4.55788
-5.24087
-4.55788
-4.55788
-4.55788
-4.55788
-4.55788
-5.24087
-5.24243
-5.24243
-5.24382
-4.55788
-4.55788
-5.24382
-4.55788
-5.24087
-4.55788
-5.24382
-4.55788
-5.24087
-5.24243
-4.55788
-4.55788
-4.55788
-4.55788
-4.55788
-4.55788
-4.55788
-4.55788
-4.55788
-4.55788
-5.24087
-4.55788
-4.55788
-5.24087
-5.24087
-4.55788
-4.55788
-4.55788
-5.24087
-4.55788
-4.55788
-4.55788
-5.24243
-5.24087
-4.55788
-4.55788
-4.55788
-4.55788
-5.24382
-4.55788
-5.24087
-4.55788
-5.24382
-4.55788
-4.55788
-4.55788
-5.24087
-4.55788
-5.24382
-4.55788
-4.55788
-5.24087
-4.55788
-4.55788
-5.24382
-4.55788
-5.24087
-4.55788
-5.24243
-5.24087
-5.24087
-4.55788
-5.24243
-4.55788
-5.24087
-5.24087
-5.24382
-4.55788
0.00449248
0.145846
0.000436989
0.00172644
0.996917
1.00052
0.0738444
0.998891
0.19914
0.112822
0.998891
0.998934
0.000814844
0.998469
1.00097
0.220415
1.00047
0.077613
0.00350369
0.998891
0.49605
0.997568
0.256569
1.00182
0.0327808
0.998469
1.00152
0.998891
0.99743
0.999569
0.0327808
1.00049
0.0696696
0.0695711
0.99743
0.998804
0.0111522
1.00052
0.0450191
1.00031
1.00151
0.999171
0.998934
0.112822
0.00614697
1.00052
0.998934
-0.000609327
0.00398697
0.99743
1.00052
-2.5145e-05
0.998934
0.997568
0.997905
1.00097
0.190123
0.998934
0.997497
-2.5145e-05
0.996013
0.998804
0.997905
0.0289305
0.99743
1.00047
1.00122
0.995937
0.348938
0.362028
0.997497
0.0556687
0.998804
1
1.00031
0.0480835
0.220415
0.00135823
0.997568
0.99743
0.231902
0.0196122
0.101512
0.0695711
0.681864
0.998891
1.00052
0.082728
0.998804
0.000714642
0.0581626
0.995937
0.00556663
0.997568
0.998891
0.998891
1.00047
0.998891
0.000436989
1.00122
0.997568
0.101512
1
0.996917
0.282873
0.000436989
0.99743
0.189261
0.997905
-0.000509131
0.00305707
0.998161
0.999569
0.99743
0.0238341
0.998891
0.092349
0.00553688
0.0181347
0.99743
1.00047
0.752346
0.998891
0.997394
0.0696696
1.00071
0.998804
1.00052
0.997905
0.996917
0.996917
0.189242
0.998469
0.662717
0.998804
0.10703
0.0149789
0.997568
0.118904
1.00049
0.322604
0.00135823
0.997568
0.00449248
0.997905
0.998161
0.995937
0.146418
0.99743
0.0480835
0.998891
0.997387
0.997568
0.0864808
0.00220003
0.997394
0.0213511
0.00305707
0.995937
0.998804
1.00052
0.0136178
0.998804
1
0.99743
0.997568
0.146418
0.997387
0.997394
0.996475
0.0181347
0.0272161
0.998804
0.0021294
0.00553688
0.0123435
-0.000755767
0.000714642
1
0.0316931
-0.000175978
-0.000175978
0.413647
0.0021294
0.0251496
0.996013
0.998934
1.00052
1.00052
0.997568
1
0.998891
0.0136178
0.995937
1.00031
0.998804
0.0238341
0.996917
0.998934
0.997394
0.400872
0.996013
0.0164298
0.998161
1.00047
1.00047
0.12599
0.998891
-0.000175978
0.403439
0.000814844
0.995937
0.118904
1.00047
-0.000789929
0.999171
0.0417174
0.99788
0.0149789
0.10703
0.998804
0.0468898
0.0962561
0.0618338
0.125288
0.999171
0.231902
0.998934
0.523654
0.0512921
0.998804
1.00031
0.220409
0.997172
0.996475
0.025448
0.125288
0.00350369
0.996917
0.99743
0.99743
0.997905
0.0010216
1.00182
0.0581626
0.209503
0.413647
0.99743
0.00305707
0.926698
0.82766
0.99743
0.119626
0.999569
0.00614697
0.99743
1.00097
0.998469
0.0231955
0.0123435
0.99788
0.90094
1.00052
1.00031
0.0136178
-0.000755767
0.999569
0.0734937
0.999569
0.99743
0.118904
0.0164298
0.998469
0.998934
0.997568
0.362028
0.996475
0.998469
0.0168825
0.500077
1.00122
1.00052
0.125288
1.00031
0.999569
0.0819387
0.998934
0.99743
1.00052
0.0136178
0.996013
0.139029
0.998891
0.034107
0.999569
0.999569
0.00501841
0.228641
0.999569
0.996917
0.997387
0.996917
0.997394
0.119602
0.0213511
0.00891618
-0.000209472
0.0316931
0.0618338
0.997622
0.999569
0.00418084
0.118904
0.998934
0.996013
0.997568
0.0496738
0.000189876
0.999171
0.0393164
0.99788
0.0393164
0.0480835
0.146418
0.220415
0.0734937
0.998891
0.997497
1.00151
0.99788
0.0316931
0.999171
0.0123435
0.99743
0.998891
0.00803852
0.034107
0.154175
0.0238341
0.112822
0.0289305
0.0100403
0.996917
0.00630777
1.00097
0.99743
0.99743
0.995937
0.362027
1.00097
0.362028
0.99788
0.119708
0.998469
0.997905
0.113801
0.00260946
0.00973107
0.998934
0.997905
0.00900366
0.997394
0.00553688
1.00052
0.998891
0.0819387
0.269603
0.744055
0.997568
1.00047
0.256566
0.0618338
0.00614697
0.0393164
0.997497
0.131992
0.0581626
1.00047
0.700392
0.997905
1.00052
0.999569
1.00095
0.931524
0.99743
0.998934
0.997497
0.998891
0.0581626
0.99743
0.322605
0.99743
0.998891
0.0912496
0.0251496
1.00031
0.998934
-0.000789929
0.644778
0.362028
0.0525979
0.00553688
1.00071
0.00676894
0.996013
0.998891
0.0417174
0.082728
0.269603
0.998934
0.0393164
0.0272161
0.996475
0.0658361
0.997568
0.0695711
0.475976
0.996013
0.0656678
0.0864808
0.997622
0.998934
0.995937
0.999171
1.00047
0.0962561
0.860298
0.735619
-2.5145e-05
0.0348535
0.0123435
0.996013
0.999569
1.00122
0.256569
0.179838
0.182545
0.998469
0.99743
0.82766
0.99743
0.997497
0.323865
0.0556687
0.000814844
0.296133
0.019453
0.078196
0.108095
0.388003
1.00097
0.681864
0.00145744
0.744055
0.00145744
1.00182
0.998804
0.998891
0.0512921
0.451378
1.00031
0.99743
1.00052
0.99743
0.99743
0.99743
0.0308077
0.118904
1.00182
0.0308077
0.0327808
0.997497
0.999569
0.997172
0.999171
0.996475
0.998891
0.998891
0.99743
0.463732
0.0420937
0.997568
1
0.945416
0.0048282
1.00152
0.16232
0.388004
0.99743
0.0021294
1.00071
1.00182
1.00152
0.131992
0.243969
0.998934
0.99743
0.0164298
0.256566
0.997394
0.998891
0.995937
0.998804
0.547813
0.998804
1.00031
0.0149789
-0.000366822
0.0179733
0.154175
0.998891
0.998804
0.998469
0.996013
1.00182
0.996917
0.997622
0.10703
0.996013
0.998891
0.997568
0.997568
0.998161
0.997568
0.998161
0.00172644
0.12599
0.996013
0.999171
1.0021
1
1.00031
0.0450191
0.220409
0.998891
0.231898
0.998934
0.998934
1.00031
1.00097
0.189264
0.998804
0.996917
1.00071
0.154175
0.995937
1.00052
0.0696696
0.622591
3.39058e-05
0.998934
0.998161
0.996013
0.998161
0.388003
0.997568
0.906287
0.139029
0.220409
1.00052
0.256566
0.996917
-2.5145e-05
0.034107
0.0581626
0.998469
0.0556687
1.00031
0.0123435
1
0.082728
0.998469
0.00614697
0.998469
0.0251496
0.146418
1
1.00031
0.999171
0.999569
0.0164298
0.997497
0.0912496
0.995937
0.0581626
0.139029
0.998469
1
0.999569
0.025448
0.0123435
0.998804
1
0.998934
0.860298
0.0196122
0.000189876
0.077613
0.00900366
0.535217
0.996917
1.00031
0.997387
0.282855
0.999171
0.403439
0.998804
1.00047
1.00071
0.10703
0.631524
0.997905
0.998161
0.996917
0.998934
0.998469
0.997497
1.00052
0.0115126
0.16232
0.998891
0.99743
0.0738444
0.00145744
0.535217
0.0111522
0.999171
0.998891
0.834227
0.0164298
0.00304419
1.00122
0.998161
0.00260946
0.199136
-0.000366822
1.00052
-0.000509131
0.998934
0.998934
0.256569
0.995937
0.0179733
0.101512
1.00152
0.0164298
1.00031
0.998469
0.119602
1.00052
0.112822
0.523636
0.000530169
0.996013
1.00097
0.995937
0.231902
1.00095
1.00151
0.0196122
0.997622
0.131992
0.997387
0.197744
0.590956
0.99788
0.996917
0.139029
0.999171
0.99743
0.99743
0.995937
0.10703
0.199136
1.00052
0.998934
0.999171
0.0450191
0.0316931
0.10703
0.282878
0.998161
0.00553688
0.998891
1.00031
0.99743
0.179838
0.996013
0.99788
0.99788
0.995937
0.112822
0.00676894
1.00052
0.463732
0.99743
0.998934
0.998469
0.0048282
0.997394
0.998804
0.0819387
0.998891
1
0.999171
0.998934
0.997394
0.998469
3.39058e-05
0.999171
0.997172
1.00095
0.997387
0.997905
0.848733
0.995937
0.99788
0.0316931
0.997905
0.0581626
0.996065
0.000436989
0.997905
0.00714103
0.701889
0.451378
1.00071
1
0.00398697
0.998891
0.0111522
0.0272161
1.00071
0.995937
0.119602
1.00031
0.999171
-0.000357715
0.997394
1
0.0105965
0.0231955
0.0272161
-0.000357715
0.0393164
0.998469
0.00900366
0.00257131
0.998804
0.0417174
0.996917
1.00049
0.996013
0.170871
0.101512
1.00152
0.0111522
0.0480835
0.854028
0.0618338
0.170871
0.0213511
0.00714103
-0.000795773
0.997905
0.019453
0.00676894
0.119725
0.0417174
0.296133
0.170871
1
0.99743
0.998934
0.99743
0.146418
0.00630777
0.99788
-0.000716293
0.998891
0.0105965
0.997568
1.00031
1.00031
-0.000695033
1.0021
1.00052
-0.000716293
1.00052
-0.000499807
0.10703
0.998469
1.00052
0.0316931
0.00614697
0.998891
0.938655
0.998469
0.84763
0.523636
0.996917
0.0480835
0.131992
1.00052
0.99743
0.131992
0.998891
-0.000175978
-0.000628843
0.995937
0.997568
0.998891
1.00031
0.0196122
0.451378
0.0222995
0.999569
0.335794
0.082728
0.000269723
0.0442397
0.179841
0.0525979
0.0208403
0.996065
0.0123435
0.0819387
0.99788
0.0213511
1.00031
0.999171
0.243969
0.995937
0.998891
0.0308077
0.0124791
1.00031
1.00031
0.996475
0.0164298
0.998934
-0.000366822
1.00031
0.00714103
0.0370303
0.998891
0.0393027
0.244328
0.0251496
0.997622
0.256569
0.00304419
0.996013
0.99743
1.00071
0.998934
1.00031
0.998934
0.99743
1.00031
0.0450191
0.0370303
0.125288
0.0450191
0.0181347
0.997568
1.00031
1.00122
1.00031
0.997497
0.154175
0.996013
0.362027
-0.000209472
0.99743
0.0734937
1
0.00803852
0.998934
0.996013
0.0181347
1.00095
0.99743
0.00891618
0.0123435
0.00304419
0.170871
0.999171
1.00052
0.998934
0.00714103
1.00151
0.997387
0.00553688
1.00031
0.997387
0.997394
0.0251496
0.00900366
0.00891618
0.296131
0.00305707
0.00714103
0.998934
0.0272161
-0.000609327
0.998891
0.139029
0.997497
0.999171
1.00122
0.999171
0.99743
0.209524
0.998469
0.119602
0.997497
0.99743
0.00260946
-0.000795773
0.0496738
1.00047
1.00031
1.00071
-0.000789929
0.00815157
0.034107
0.108079
0.997568
0.998934
0.998934
0.997497
0.269612
1.00122
0.995937
0.0696696
0.997568
0.00145744
1.00052
0.0196122
0.260128
0.99743
0.41365
0.997905
0.199136
0.0136178
0.0393164
0.082728
0.00112383
0.125288
0.0231955
1.00097
1.00031
0.0293968
0.996917
0.997568
0.998891
0.0864808
0.0208403
0.00743636
0.998891
0.000714642
0.0136178
0.034107
0.99743
0.998891
0.996065
0.996475
0.998161
0.154175
0.995937
1.00095
0.998891
0.00418084
0.997497
0.0123435
0.0480835
0.998469
0.997568
0.999171
1.00052
0.139029
0.0293968
0.125997
0.834444
0.999171
1.00052
1.00152
0.997568
0.101512
0.99743
0.998891
0.997568
0.451385
0.998934
0.10703
0.998891
0.997568
1.00052
1
