-4.98344
-4.98174
-4.98336
-4.98345
-4.98345
-4.9817
-4.9834
-4.9817
-4.98345
-4.98337
-4.98167
-4.98177
-4.98341
-4.98342
-4.98336
-4.9834
-4.9834
-4.98344
-4.98336
-4.98176
-4.98175
-4.9817
-4.98336
-4.98172
-4.98337
-4.9834
-4.98339
-4.98172
-4.98168
-4.98343
-4.98342
-4.98338
-4.98342
-4.98338
-4.98176
-4.98335
-4.98341
-4.98173
-4.98343
-4.9817
-4.9834
-4.98336
-4.98173
-4.98343
-4.98344
-4.98173
-4.98175
-4.98336
-4.98337
-4.98171
-4.98171
-4.98342
-4.98173
-4.98169
-4.98338
-4.9834
-4.98172
-4.98168
-4.98177
-4.98341
-4.98172
-4.98343
-4.98339
-4.98338
-4.98171
-4.98337
-4.98339
-4.98174
-4.98342
-4.98337
-4.98178
-4.98337
-4.98343
-4.98342
-4.9817
-4.98337
-4.98339
-4.98344
-4.98171
-4.98176
-4.98339
-4.9834
-4.98341
-4.98341
-4.98344
-4.9817
-4.98168
-4.9834
-4.98339
-4.98342
-4.98345
-4.98169
-4.98337
-4.98176
-4.98172
-4.9817
-4.98345
-4.98168
-4.98345
-4.9834
-4.9817
-4.98342
-4.98342
-4.98337
-4.98343
-4.9834
-4.98176
-4.98339
-4.98335
-4.98345
-4.98338
-4.98344
-4.98339
-4.98168
-4.98342
-4.98168
-4.9834
-4.98343
-4.98343
-4.9817
-4.98335
-4.98337
-4.98169
-4.98338
-4.98343
-4.98341
-4.98343
-4.98171
-4.98339
-4.98338
-4.9834
-4.98335
-4.98338
-4.98336
-4.98344
-4.98344
-4.98342
-4.98169
-4.98336
-4.9834
-4.98341
-4.98343
-4.98168
-4.98341
-4.98337
-4.98338
-4.98177
-4.98339
-4.98172
-4.98342
-4.98176
-4.9834
-4.98176
-4.98342
-4.98343
-4.98335
-4.98345
-4.98342
-4.98174
-4.98336
-4.98171
-4.98337
-4.98336
-4.98342
-4.98177
-4.9817
-4.98343
-4.98344
-4.98339
-4.98337
-4.98336
-4.98337
-4.9834
-4.98339
-4.98338
-4.98338
-4.98341
-4.98345
-4.98345
-4.98339
-4.98337
-4.98338
-4.98338
-4.98342
-4.98343
-4.98168
-4.98175
-4.98171
-4.98169
-4.98175
-4.98344
-4.98173
-4.98342
-4.98176
-4.98172
-4.98343
-4.98341
-4.98339
-4.98168
-4.98343
-4.9834
-4.98171
-4.98336
-4.98336
-4.98338
-4.98336
-4.98341
-4.98168
-4.98336
-4.98173
-4.98344
-4.98176
-4.98338
-4.98337
-4.9834
-4.98336
-4.98344
-4.98335
-4.98343
-4.98339
-4.98339
-4.98335
-4.98337
-4.9834
-4.98337
-4.98342
-4.98338
-4.98171
-4.9834
-4.98337
-4.9834
-4.9817
-4.98342
-4.98338
-4.98341
-4.98339
-4.98342
-4.98339
-4.98336
-4.98171
-4.98176
-4.98338
-4.98343
-4.9817
-4.98338
-4.9834
-4.98341
-4.98176
-4.98342
-4.98336
-4.98339
-4.98175
-4.98339
-4.98336
-4.98338
-4.98177
-4.98338
-4.98342
-4.98336
-4.98338
-4.98341
-4.98342
-4.98173
-4.98174
-4.98335
-4.98344
-4.9834
-4.98338
-4.98337
-4.98171
-4.98344
-4.98338
-4.98343
-4.98171
-4.98173
-4.98337
-4.98343
-4.98338
-4.98337
-4.98336
-4.98337
-4.98174
-4.98339
-4.98175
-4.98345
-4.98338
-4.98174
-4.98173
-4.98177
-4.98341
-4.98169
-4.98341
-4.98167
-4.98337
-4.98342
-4.98344
-4.98338
-4.98174
-4.98336
-4.98336
-4.98344
-4.98339
-4.98337
-4.98335
-4.98343
-4.98343
-4.98336
-4.98336
-4.98339
-4.98345
-4.98339
-4.98344
-4.98336
-4.98174
-4.98167
-4.98172
-4.9834
-4.9834
-4.98336
-4.98338
-4.98345
-4.98342
-4.98338
-4.98345
-4.9834
-4.98344
-4.98176
-4.98168
-4.98342
-4.9834
-4.9834
-4.98337
-4.9834
-4.98171
-4.98173
-4.98341
-4.98339
-4.98345
-4.98343
-4.98338
-4.98344
-4.98342
-4.9834
-4.98344
-4.98344
-4.98168
-4.98172
-4.98171
-4.98343
-4.98339
-4.98336
-4.98341
-4.98337
-4.98338
-4.98336
-4.98343
-4.9834
-4.98344
-4.98171
-4.98343
-4.98344
-4.98343
-4.98336
-4.98173
-4.98171
-4.98343
-4.98335
-4.98336
-4.98168
-4.9834
-4.98337
-4.98337
-4.98343
-4.98343
-4.98176
-4.98342
-4.98342
-4.98345
-4.9834
-4.98338
-4.98177
-4.98343
-4.98335
-4.98342
-4.98172
-4.98172
-4.9817
-4.98173
-4.98337
-4.98176
-4.98336
-4.98168
-4.98175
-4.98345
-4.98343
-4.98171
-4.9817
-4.98335
-4.98169
-4.98343
-4.98336
-4.98336
-4.98342
-4.98342
-4.98171
-4.98171
-4.98337
-4.98338
-4.98342
-4.98168
-4.98335
-4.98337
-4.98344
-4.98341
-4.98171
-4.98345
-4.98339
-4.98176
-4.98343
-4.98344
-4.9834
-4.98174
-4.98174
-4.98339
-4.9834
-4.98343
-4.98343
-4.98337
-4.9834
-4.98341
-4.98336
-4.98173
-4.98345
-4.98335
-4.98337
-4.98335
-4.98176
-4.98343
-4.98175
-4.98344
-4.98172
-4.98172
-4.98168
-4.98339
-4.98341
-4.98337
-4.9834
-4.9834
-4.98339
-4.98338
-4.98345
-4.98343
-4.98338
-4.98336
-4.98338
-4.98172
-4.98335
-4.98173
-4.9834
-4.98338
-4.98175
-4.98177
-4.98168
-4.98174
-4.98175
-4.98168
-4.98338
-4.98341
-4.98175
-4.98335
-4.98338
-4.98172
-4.98345
-4.98338
-4.98338
-4.98339
-4.98175
-4.98167
-4.98175
-4.98343
-4.98337
-4.98172
-4.98341
-4.98341
-4.98339
-4.98344
-4.9834
-4.98336
-4.9817
-4.98343
-4.98338
-4.98175
-4.98336
-4.9834
-4.98343
-4.98176
-4.98171
-4.98343
-4.98343
-4.98341
-4.98176
-4.98175
-4.98338
-4.98171
-4.9834
-4.98176
-4.98339
-4.98338
-4.9834
-4.98338
-4.98176
-4.98341
-4.98345
-4.98168
-4.98174
-4.98341
-4.98339
-4.98338
-4.98176
-4.98171
-4.98171
-4.98169
-4.98341
-4.98174
-4.9834
-4.98343
-4.98342
-4.98171
-4.98344
-4.98336
-4.98342
-4.98169
-4.98345
-4.98342
-4.98168
-4.98344
-4.98176
-4.98171
-4.98173
-4.98339
-4.98339
-4.98343
-4.98338
-4.98343
-4.98343
-4.98175
-4.98171
-4.98337
-4.98343
-4.98345
-4.98168
-4.98336
-4.98175
-4.9834
-4.98336
-4.98173
-4.98345
-4.98339
-4.98342
-4.98171
-4.98337
-4.98342
-4.98343
-4.9834
-4.98335
-4.98343
-4.98336
-4.98175
-4.98337
-4.98344
-4.98338
-4.9834
-4.98342
-4.98335
-4.9834
-4.98338
-4.98335
-4.98176
-4.98341
-4.98344
-4.98338
-4.98172
-4.98344
-4.98176
-4.98344
-4.98338
-4.98336
-4.9834
-4.98344
-4.98344
-4.98342
-4.98343
-4.98339
-4.98174
-4.98336
-4.98337
-4.98337
-4.98338
-4.98343
-4.98338
-4.98344
-4.98176
-4.98342
-4.9834
-4.98344
-4.98168
-4.98343
-4.98338
-4.98344
-4.98336
-4.98175
-4.98337
-4.98343
-4.98336
-4.98168
-4.98342
-4.98176
-4.98171
-4.98337
-4.98344
-4.98173
-4.9817
-4.98341
-4.98339
-4.98337
-4.98344
-4.98342
-4.98169
-4.98176
-4.98335
-4.98345
-4.98341
-4.98337
-4.98337
-4.98341
-4.98336
-4.98176
-4.9834
-4.98175
-4.98177
-4.9834
-4.98174
-4.98338
-4.9834
-4.9834
-4.98344
-4.98171
-4.98339
-4.98338
-4.9817
-4.98344
-4.98343
-4.98339
-4.9817
-4.98345
-4.98178
-4.98339
-4.98337
-4.98342
-4.98339
-4.98341
-4.98335
-4.98344
-4.98175
-4.98338
-4.98335
-4.98343
-4.98339
-4.98341
-4.98172
-4.98168
-4.98169
-4.98336
-4.98345
-4.98172
-4.98169
-4.98336
-4.98344
-4.98336
-4.9834
-4.9834
-4.98339
-4.98337
-4.98176
-4.98172
-4.98177
-4.98338
-4.98175
-4.98344
-4.98343
-4.98177
-4.9834
-4.98342
-4.98173
-4.98341
-4.98176
-4.98168
-4.98345
-4.98342
-4.98345
-4.98339
-4.98339
-4.98172
-4.98344
-4.98335
-4.98176
-4.98339
-4.98343
-4.98344
-4.98338
-4.98336
-4.98343
-4.98338
-4.98344
-4.98168
-4.98175
-4.98342
-4.98336
-4.98337
-4.98336
-4.98336
-4.98336
-4.9834
-4.98343
-4.98167
-4.98338
-4.98341
-4.98341
-4.98341
-4.9817
-4.98341
-4.98341
-4.9834
-4.98173
-4.98341
-4.98175
-4.98343
-4.98338
-4.98337
-4.98338
-4.98337
-4.98343
-4.98337
-4.98343
-4.98338
-4.98336
-4.98336
-4.9834
-4.98339
-4.98338
-4.98345
-4.98335
-4.98174
-4.98342
-4.98339
-4.98343
-4.98339
-4.98341
-4.98338
-4.98337
-4.98338
-4.98335
-4.98345
-4.98342
-4.98342
-4.98337
-4.98345
-4.98341
-4.98339
-4.9834
-4.98336
-4.98336
-4.98177
-4.98176
-4.9817
-4.98335
-4.98343
-4.98344
-4.98336
-4.98173
-4.98338
-4.98171
-4.9817
-4.98168
-4.9834
-4.9834
-4.98174
-4.98337
-4.98177
-4.98338
-4.98344
-4.98341
-4.98177
-4.98341
-4.98343
-4.98173
-4.98176
-4.98343
-4.98337
-4.98339
-4.98341
-4.98336
-4.98335
-4.98169
-4.98169
-4.98345
-4.9817
-4.98342
-4.98344
-4.98175
-4.98171
-4.98169
-4.98173
-4.9834
-4.98338
-4.98338
-4.98337
-4.98338
-4.98343
-4.98345
-4.98344
-4.9834
-4.98345
-4.98339
-4.98341
-4.9834
-4.98344
-4.98339
-4.98344
-4.98168
-4.98337
-4.98343
-4.98172
-4.98168
-4.98343
-4.98344
-4.98169
-4.98177
-4.98339
-4.98342
-4.98171
-4.98337
-4.98167
-4.98335
-4.98336
-4.98172
-4.98337
-4.98171
-4.98338
-4.98337
-4.98336
-4.98342
-4.98176
-4.98175
-4.98337
-4.98172
-4.98168
-4.98169
-4.98171
-4.98171
-4.9834
-4.98344
-4.98338
-4.9834
-4.98336
-4.98176
-4.98175
-4.9834
-4.98172
-4.98176
-4.98341
-4.98175
-4.98341
-4.98341
-4.98174
-4.9834
-4.98344
-4.98342
-4.98168
-4.98175
-4.98337
-4.98338
-4.98171
-4.98338
-4.98343
-4.98341
-4.98341
-4.98336
-4.98176
-4.98173
-4.98338
-4.98336
-4.98336
-4.98336
-4.98174
-4.98342
-4.98336
-4.9834
-4.9834
-4.98337
-4.98339
-4.98344
-4.98337
-4.98175
-4.98337
-4.98336
-4.98174
-4.98343
-4.98171
-4.98339
-4.98341
-4.98335
-4.98169
-4.98336
-4.98345
-4.98345
-4.98171
-4.98174
-4.98344
-4.98335
-4.98338
-4.98336
-4.98175
-4.9834
-4.98344
-4.98345
-4.98343
-4.9834
-4.98171
-4.98169
-4.98174
-4.98172
-4.98337
-4.98336
-4.98169
-4.98343
-4.98172
-4.98342
-4.9817
-4.98339
-4.98175
-4.9817
-4.98338
-4.98342
-4.9834
-4.98341
-4.98337
-4.98342
-4.98344
-4.98337
-4.98341
-4.98336
-4.98175
-4.98343
-4.98344
-4.98168
-4.98176
-4.98336
-4.98341
-4.98345
-4.98175
-4.98337
-4.98339
-4.98345
-4.98168
-4.98172
-4.98345
-4.98343
-4.98345
-4.98341
-4.98176
-4.9834
-4.98173
-4.98337
-4.98174
-4.98343
-4.98342
-4.9834
-4.98168
-4.98339
-4.98174
-4.98342
-4.98335
-4.98169
-4.98338
-4.98335
-4.98173
-4.98339
-4.98168
-4.9834
-4.98175
-4.98175
-4.98167
-4.98335
-4.98175
-4.98344
-4.98168
-4.98167
-4.98172
-4.98342
0.00477935
0.147559
0.000443328
0.00189284
1.00069
1.00145
0.0723839
1.00103
0.196554
0.111378
1.00129
1.00073
0.000842426
1.00056
1.0019
0.221768
1.00074
0.0768548
0.00332289
1.00139
0.494397
1.00023
0.256335
1.00208
0.0323061
1.00024
1.00204
1.00142
1.00092
1.00117
0.0334812
1.00054
0.069827
0.0707626
1.00154
1.00086
0.0107652
1.00086
0.0462677
1.00046
1.00174
1.00109
1.00032
0.111364
0.00593369
1.00049
1.00149
-0.000617279
0.00387303
1.00094
1.00104
-5.82201e-05
1.00211
1.00102
1
1.00096
0.186995
1.00078
1.0004
-3.904e-05
1.00029
1.00069
1.00002
0.0298814
1.00153
1.00122
1.00143
1.00033
0.356701
0.368689
1.00057
0.0543789
1.00159
1.00092
1.00194
0.0499571
0.222421
0.00133139
1.00131
1.00134
0.229705
0.0200833
0.10219
0.0705802
0.68024
1.00028
1.00187
0.0841901
1.00148
0.00087375
0.0591876
1.00019
0.00579047
1.00094
1.00049
1.00119
1.00146
1.00084
0.000336014
1.00136
1.00043
0.0990503
1.00054
1.0011
0.289304
0.00050732
1.00048
0.188006
1.00101
-0.000477859
0.00309752
1.00154
1.00135
1.00094
0.0237312
1.00152
0.0922735
0.00552523
0.0178648
1.00106
1.00148
0.752056
1.00114
1.00084
0.0705485
1.00104
1.0006
1.00121
1.00081
1.00112
1.00074
0.194733
1.00035
0.661827
1.0014
0.105316
0.0151193
1.0013
0.117449
1.00099
0.323781
0.00154137
1.00159
0.00455334
1.00013
1.00064
1.00023
0.145912
1.00056
0.0483898
1.00036
1.00058
1.0012
0.087178
0.00223214
1.00161
0.0217823
0.00315335
1.00059
1.00139
1.00074
0.0135409
1.0003
1.00061
1.00026
1.00116
0.149057
1.0007
1.00117
1.00044
0.0188946
0.0271784
1.00109
0.00218805
0.00599794
0.0131205
-0.000751363
0.000766848
1.00019
0.0329686
-0.000240001
-0.000244223
0.407972
0.00202576
0.0248671
1.00034
1.00137
1.00076
1.00068
1.00151
1.00192
1.0009
0.0136884
1.00054
1.00186
1.00171
0.0239088
1.00101
1.00144
1.00163
0.403754
1.00046
0.0163761
1.00122
1.00198
1.00178
0.12406
1.00094
-0.000222011
0.406636
0.000853831
1.00006
0.116857
1.00129
-0.000795041
1.00097
0.0405731
1.00135
0.0146576
0.106016
1.00082
0.0477581
0.0946777
0.063014
0.125911
1.00057
0.232919
1.00121
0.528218
0.0509585
1.00138
1.00079
0.218429
1.00041
1.00063
0.0252645
0.126167
0.00366196
1.00009
1.00021
1.00146
1.0003
0.000896377
1.00164
0.0592141
0.209952
0.407794
1.00106
0.0030341
0.926719
0.829727
1.00023
0.122246
1.00067
0.00618832
1.002
1.00133
1.00111
0.0230886
0.0123023
1.0009
0.902544
1.00086
1.00127
0.0137636
-0.000761694
1.00158
0.0724536
1.00012
1.00178
0.11955
0.0168453
1.00064
1.00169
1.00122
0.368247
1.00063
1.00077
0.0164961
0.505029
1.00154
1.00134
0.128484
1.00178
1.00108
0.0798999
1.00136
1.00082
1.00197
0.0132058
1.00037
0.142617
1.0004
0.033527
1.00135
1.00088
0.00479695
0.230873
1.00117
1.00101
1.00062
1.00111
1.0009
0.122231
0.0208501
0.00881548
-0.000140239
0.0318678
0.0606485
1.00109
1.00044
0.00447187
0.116502
1.00099
1.0001
1.00103
0.0494089
0.00024332
1.00006
0.039245
1.00059
0.0400281
0.049415
0.14807
0.223055
0.0720862
1.00108
1.00148
1.0018
1.00059
0.030958
1.00142
0.0131387
1.00148
1.00087
0.00782458
0.0347801
0.153991
0.0241355
0.110792
0.0294272
0.0104609
1.00101
0.0061805
1.00102
1.00213
1.00124
1.00068
0.360918
1.00096
0.368195
1.00064
0.122235
1.00063
1.00117
0.111278
0.00275352
0.0100625
1.00017
1.0006
0.00956453
1.0005
0.00563224
1.00171
1.00055
0.0834003
0.272556
0.747369
1.00112
1.00141
0.251653
0.061717
0.00597081
0.0394997
1.00065
0.132359
0.0574759
1.00092
0.701971
1.00095
1.00154
1.00024
1.00093
0.932907
1.00091
1.00143
1.00056
1.00007
0.0577854
1.00143
0.31649
1.00078
1.00208
0.0925382
0.0245779
1.00126
1.00095
-0.000794035
0.648773
0.364174
0.052653
0.00587525
1.00111
0.00677484
1.00037
1.00045
0.0423791
0.0838636
0.272226
1.00146
0.0384268
0.0273879
1.00063
0.0655185
1.00119
0.071377
0.479946
1.00038
0.065014
0.0860545
1.00019
1.00102
1.00052
1.00165
1.00048
0.0940038
0.86104
0.739616
1.72279e-05
0.0357764
0.0120473
1.00028
1.00069
1.00138
0.257065
0.184104
0.180432
1.00152
1.00126
0.828446
1.00217
1.00128
0.328015
0.0565621
0.000838309
0.29913
0.019778
0.0786102
0.109282
0.385518
1.00134
0.684228
0.00155866
0.741129
0.00143494
1.00211
1.00118
1.00193
0.0525193
0.445707
1.00036
1.00064
1.00223
1.00009
1.00217
1.00115
0.0301547
0.117491
1.00145
0.0308062
0.0326191
1.00074
1.00048
1.00013
1.00041
1.00062
1.00193
1.00022
1.00023
0.458678
0.0411312
1.00157
1.00079
0.948568
0.00495414
1.0016
0.164623
0.393489
1.00195
0.00210391
1.00108
1.00142
1.00152
0.130577
0.244542
1.00162
1.00094
0.0173839
0.252736
1.00159
1.00141
1.00071
1.0009
0.548581
1.00061
1.0016
0.0146443
-0.0003362
0.0187061
0.150635
1.00026
1.00158
1.00134
1.00051
1.00205
1.00014
1.00075
0.108229
1.00048
1.00124
1.00012
1.0014
1.00136
1.00129
1.00079
0.0015722
0.123892
1.00052
1.00087
1.00205
1.00052
1.00041
0.0442784
0.218409
1.00024
0.229293
1.00214
1.00005
1.00114
1.00097
0.187624
1.00183
1.0007
1.00067
0.152205
1.00052
1.00145
0.0687905
0.624346
6.29218e-05
1.00033
1.00072
1.00036
1.00131
0.386932
1.00099
0.908262
0.138747
0.21807
1.00005
0.252764
1.00103
8.53095e-05
0.0337238
0.0594005
1.00169
0.0554802
1.00087
0.0128467
1.00187
0.0813298
1.00058
0.00615824
1.00047
0.0243933
0.149034
1.00102
1.00045
1.00181
1.00081
0.0162586
1.00118
0.0917476
1.00052
0.0577985
0.138743
1.00061
1.00045
1.00176
0.0261381
0.0125166
1.00115
1.00034
1.00048
0.860799
0.0194367
0.000122997
0.0780861
0.00907508
0.530312
1.00112
1.00187
1.00061
0.280361
1.0011
0.405549
1.00171
1.00119
1.00142
0.105226
0.636507
1.00002
1.00097
1.00111
1.00033
1.0003
1.00071
1.00183
0.0112469
0.159521
1.00182
1.00169
0.0742745
0.00156031
0.535165
0.0111817
1.00168
1.00079
0.835378
0.0172542
0.00288834
1.0014
1.00003
0.0027122
0.202438
-0.000340667
1.00198
-0.000521215
1.00147
1.00145
0.256825
1.00006
0.0180337
0.0990569
1.00151
0.0165589
1.00207
1.00048
0.119671
1.00197
0.115935
0.522873
0.000431669
1.00034
1.00099
1.00058
0.232692
1.00136
1.00168
0.0194588
1.00054
0.133741
1.0004
0.195939
0.589672
1.00023
1.00021
0.137204
1.00109
1.0006
1.0005
1.00038
0.107227
0.198253
1.00145
1.00114
1.00045
0.0449806
0.0327938
0.107964
0.292991
1.00076
0.00592893
1.00099
1.00099
1.00175
0.185024
1.00059
1.00018
1.00096
1.00093
0.112693
0.00717653
1.00124
0.462022
1.00202
1.00214
1.00145
0.0047378
1.00165
1.00157
0.080174
1.00209
1.0019
1.00151
1.00048
1.00127
1.00086
-4.4872e-05
1.00106
1.00043
1.00094
1.00003
1.00121
0.853512
1.00028
1.00044
0.0325308
1.00158
0.0581759
1.00015
0.000353692
1.00011
0.00728678
0.707538
0.454596
1.00085
1.00081
0.00408828
1.00092
0.0112011
0.0279887
1.00065
1.00094
0.11907
1.0014
1.00024
-0.000342515
1.00131
1.001
0.0106254
0.0230028
0.0275199
-0.000341745
0.0394966
1.00165
0.00885421
0.00238867
1.00009
0.0420974
1.00103
1.00079
1.00041
0.174816
0.103321
1.00201
0.0117668
0.0497813
0.855126
0.0622836
0.172364
0.0219729
0.00735302
-0.000793024
1.00064
0.0202261
0.00681616
0.122282
0.0414977
0.298332
0.174354
1.00066
1.00196
1.00117
1.00172
0.147942
0.00614164
1.00081
-0.000736542
1.00081
0.0111019
1.00043
1.00154
1.00176
-0.000671634
1.00209
1.00171
-0.00072282
1.00216
-0.000450894
0.107892
1.00185
1.00112
0.0328988
0.00634401
1.00027
0.941507
1.00181
0.84561
0.522081
1.00111
0.0474546
0.134102
1.00087
1.00203
0.134124
1.00054
-0.000104842
-0.000609364
1.00069
1.00157
1.0016
1.00212
0.0196028
0.451966
0.0227482
1.00166
0.335015
0.084612
0.000242338
0.0449218
0.182672
0.051242
0.0203988
1.00008
0.0121801
0.0833485
1.0001
0.0219558
1.00097
1.00129
0.243745
1.00055
1.00029
0.030869
0.0129886
1.00117
1.00174
1.0006
0.0160148
1.00037
-0.000409453
1.00095
0.00749098
0.0362077
1.00193
0.0399465
0.241651
0.0248163
1.00113
0.257825
0.00312296
1.00053
1.00181
1.00141
1.00121
1.00175
1.0013
1.00075
1.00134
0.046723
0.0362295
0.124807
0.0440823
0.0178559
1.00015
1.00057
1.00131
1.00086
1.00123
0.157798
1.0002
0.359028
-0.000185469
1.00011
0.0754686
1.00149
0.00853569
1.00132
1.00046
0.0180446
1.00087
1.00201
0.0089618
0.0123457
0.00315907
0.171366
1.00118
1.00078
1.00122
0.0072726
1.00169
1.0005
0.00551213
1.00199
1.00037
1.00159
0.025608
0.00865033
0.00910315
0.302645
0.0028516
0.00686953
1.00052
0.0269146
-0.000580253
1.0018
0.135655
1.00119
1.00118
1.00134
1.0011
1.00016
0.20392
1.00107
0.118937
1.00154
1.00097
0.00281357
-0.000793616
0.0491409
1.00076
1.00132
1.00067
-0.000781439
0.00862166
0.0340316
0.110579
1.00025
1.00114
1.00034
1.00115
0.2792
1.00146
1.00014
0.0684143
1.00173
0.00160086
1.0013
0.0201109
0.260041
1.00219
0.414159
1.00063
0.202138
0.0141271
0.0386711
0.0814035
0.00105397
0.123986
0.0239075
1.0012
1.00126
0.0297889
1.00108
1.00068
1.00177
0.0862998
0.0206196
0.00747314
1.00188
0.00066282
0.0139964
0.0339891
1.00049
1.00192
1.00005
1.00018
1.0017
0.157668
1.00052
1.00154
1.00073
0.0041265
1.00092
0.0118971
0.0493409
1.00152
1.00049
1.00102
1.00103
0.1423
0.0285207
0.124853
0.833324
1.00109
1.00137
1.00151
1.00166
0.102842
1.00145
1.00201
1.00151
0.455551
1.00193
0.107881
1.00205
1.00094
1.00201
1.00108
