-0.222792
-0.196106
-0.215428
-0.214182
-0.270274
-0.165537
-0.199129
-0.186007
-0.238597
-0.2341
-0.187078
-0.171078
-0.22048
-0.258196
-0.271035
-0.239712
-0.267379
-0.231822
-0.22209
-0.185037
-0.194943
-0.190465
-0.241252
-0.175771
-0.228034
-0.256763
-0.274368
-0.187692
-0.176249
-0.262568
-0.228168
-0.2493
-0.199354
-0.231387
-0.17582
-0.26042
-0.209917
-0.161821
-0.202116
-0.181053
-0.253743
-0.261163
-0.170964
-0.2341
-0.223198
-0.165387
-0.168144
-0.21706
-0.222357
-0.178351
-0.162631
-0.216032
-0.172065
-0.191649
-0.27606
-0.270474
-0.19572
-0.170435
-0.158396
-0.216005
-0.18062
-0.259759
-0.278268
-0.227752
-0.17693
-0.268469
-0.252495
-0.163463
-0.243953
-0.244181
-0.159138
-0.230125
-0.259259
-0.266057
-0.18206
-0.201612
-0.239743
-0.214616
-0.193182
-0.174045
-0.240079
-0.207103
-0.233508
-0.231375
-0.247602
-0.190077
-0.164358
-0.198227
-0.260149
-0.215017
-0.200454
-0.160732
-0.223144
-0.192702
-0.187278
-0.187017
-0.268689
-0.187888
-0.215542
-0.252219
-0.192415
-0.233304
-0.265795
-0.271675
-0.242379
-0.215359
-0.177262
-0.238241
-0.278173
-0.219035
-0.213386
-0.255558
-0.263113
-0.176726
-0.226951
-0.186198
-0.197725
-0.212089
-0.226033
-0.176956
-0.268636
-0.248059
-0.187576
-0.273967
-0.199286
-0.250054
-0.259014
-0.163268
-0.276199
-0.271867
-0.270454
-0.238497
-0.257605
-0.247477
-0.258974
-0.23371
-0.208477
-0.19357
-0.234495
-0.249236
-0.243259
-0.214456
-0.192143
-0.222658
-0.277983
-0.255734
-0.163645
-0.236263
-0.177182
-0.201814
-0.185417
-0.251651
-0.192761
-0.232522
-0.221478
-0.274224
-0.206682
-0.213355
-0.161117
-0.260391
-0.165357
-0.208958
-0.25954
-0.266675
-0.174451
-0.193731
-0.236459
-0.251513
-0.275182
-0.269004
-0.22621
-0.205464
-0.258812
-0.213973
-0.211875
-0.209107
-0.217506
-0.215108
-0.265385
-0.204316
-0.219395
-0.219375
-0.244849
-0.214087
-0.205969
-0.178777
-0.169283
-0.16487
-0.162871
-0.193245
-0.266272
-0.186562
-0.208913
-0.160215
-0.180831
-0.260287
-0.226975
-0.271086
-0.169077
-0.274568
-0.244782
-0.179984
-0.208103
-0.255404
-0.269543
-0.267485
-0.196611
-0.185139
-0.219421
-0.19505
-0.220491
-0.160029
-0.234456
-0.269466
-0.217823
-0.260657
-0.228909
-0.25437
-0.20861
-0.233753
-0.260343
-0.229568
-0.233021
-0.200028
-0.23503
-0.260815
-0.240237
-0.166701
-0.246365
-0.201468
-0.259485
-0.182046
-0.239521
-0.250272
-0.269424
-0.227167
-0.235047
-0.222258
-0.272256
-0.173567
-0.177299
-0.276082
-0.214985
-0.17685
-0.200449
-0.239179
-0.244846
-0.176935
-0.213424
-0.248898
-0.248444
-0.176981
-0.19698
-0.264364
-0.22329
-0.174668
-0.271108
-0.256995
-0.206371
-0.209378
-0.253754
-0.248768
-0.16178
-0.18355
-0.208886
-0.217557
-0.264026
-0.231511
-0.263414
-0.175442
-0.23463
-0.207969
-0.25788
-0.17086
-0.193588
-0.244173
-0.269505
-0.258427
-0.225788
-0.246104
-0.252451
-0.165768
-0.235192
-0.182499
-0.264495
-0.232031
-0.167484
-0.17752
-0.164127
-0.209069
-0.179327
-0.236061
-0.188142
-0.204202
-0.263114
-0.263101
-0.22276
-0.19549
-0.26381
-0.271071
-0.250806
-0.271863
-0.274516
-0.197049
-0.20691
-0.224106
-0.216146
-0.204515
-0.200283
-0.253198
-0.263748
-0.212619
-0.234433
-0.167649
-0.181684
-0.19428
-0.229712
-0.215649
-0.261772
-0.228776
-0.255028
-0.228855
-0.201671
-0.236392
-0.239771
-0.231486
-0.185603
-0.157216
-0.254258
-0.253941
-0.204691
-0.2606
-0.209101
-0.175934
-0.188203
-0.211061
-0.203975
-0.236748
-0.22701
-0.234063
-0.227699
-0.210028
-0.271074
-0.211781
-0.271182
-0.174253
-0.17573
-0.160355
-0.244038
-0.270753
-0.244172
-0.254303
-0.196848
-0.257956
-0.277911
-0.197389
-0.221784
-0.224432
-0.171364
-0.276426
-0.210373
-0.274734
-0.212037
-0.164789
-0.187081
-0.232272
-0.24185
-0.248035
-0.192517
-0.267282
-0.241066
-0.200168
-0.223211
-0.228802
-0.158872
-0.235435
-0.200649
-0.268896
-0.247748
-0.278172
-0.162497
-0.264263
-0.251666
-0.248925
-0.175084
-0.168983
-0.157314
-0.188028
-0.200614
-0.173665
-0.243089
-0.177627
-0.185642
-0.232877
-0.206033
-0.184215
-0.171217
-0.217809
-0.194792
-0.2441
-0.229984
-0.21192
-0.249794
-0.223491
-0.179098
-0.187935
-0.229082
-0.198249
-0.241841
-0.168946
-0.228693
-0.20542
-0.269523
-0.230999
-0.193662
-0.231429
-0.245825
-0.180419
-0.199827
-0.23245
-0.252168
-0.170176
-0.159267
-0.261015
-0.268364
-0.232975
-0.248632
-0.247987
-0.215928
-0.22842
-0.209464
-0.180656
-0.262608
-0.253263
-0.241284
-0.238035
-0.195767
-0.258507
-0.172639
-0.248438
-0.173104
-0.158715
-0.195189
-0.230305
-0.220477
-0.242649
-0.226356
-0.198626
-0.197468
-0.24448
-0.2712
-0.247634
-0.22103
-0.247998
-0.220942
-0.177094
-0.260353
-0.184986
-0.201261
-0.245395
-0.182916
-0.176361
-0.163655
-0.177865
-0.173899
-0.17298
-0.227784
-0.234498
-0.178486
-0.227859
-0.22807
-0.15863
-0.262598
-0.249673
-0.260682
-0.269441
-0.189594
-0.188639
-0.176598
-0.245569
-0.202898
-0.190486
-0.265982
-0.248989
-0.212372
-0.272525
-0.237359
-0.244616
-0.172815
-0.214033
-0.249856
-0.178641
-0.273689
-0.235323
-0.240767
-0.168412
-0.177789
-0.20783
-0.241107
-0.274136
-0.184989
-0.161075
-0.259659
-0.194879
-0.258767
-0.18076
-0.208613
-0.21647
-0.207459
-0.236542
-0.186568
-0.258677
-0.257563
-0.178991
-0.177098
-0.271219
-0.25306
-0.233897
-0.179822
-0.189559
-0.192718
-0.192902
-0.256033
-0.193516
-0.256653
-0.214426
-0.196621
-0.178807
-0.261567
-0.275678
-0.266356
-0.181743
-0.202412
-0.23952
-0.189054
-0.240058
-0.171187
-0.171866
-0.180966
-0.270731
-0.238228
-0.259123
-0.269651
-0.249549
-0.236638
-0.159513
-0.165722
-0.199453
-0.247207
-0.219754
-0.170984
-0.255125
-0.179251
-0.25619
-0.244506
-0.194365
-0.248802
-0.235826
-0.239505
-0.165113
-0.241107
-0.271202
-0.215858
-0.204165
-0.200425
-0.257569
-0.230217
-0.181265
-0.209186
-0.265147
-0.198429
-0.257071
-0.22328
-0.257264
-0.206072
-0.236457
-0.26631
-0.182124
-0.261428
-0.26371
-0.208138
-0.157672
-0.232824
-0.159181
-0.200613
-0.235826
-0.25758
-0.266739
-0.263777
-0.227283
-0.209307
-0.259666
-0.266599
-0.167162
-0.248628
-0.207268
-0.215789
-0.231905
-0.210556
-0.246383
-0.272172
-0.182156
-0.251327
-0.242111
-0.260601
-0.195048
-0.258616
-0.268395
-0.250002
-0.233702
-0.194798
-0.276781
-0.25605
-0.271794
-0.170984
-0.257096
-0.158829
-0.164576
-0.224711
-0.23707
-0.190472
-0.173341
-0.198969
-0.22103
-0.246412
-0.209768
-0.26121
-0.187216
-0.194622
-0.207865
-0.221859
-0.252537
-0.255909
-0.22176
-0.238888
-0.216475
-0.164122
-0.21896
-0.168787
-0.168952
-0.241274
-0.161898
-0.20764
-0.233304
-0.272997
-0.208053
-0.179461
-0.258024
-0.197177
-0.165404
-0.234398
-0.246303
-0.220114
-0.179804
-0.26982
-0.160442
-0.240224
-0.250791
-0.253856
-0.207263
-0.252487
-0.235519
-0.251636
-0.195666
-0.246927
-0.254543
-0.270953
-0.235732
-0.260627
-0.17371
-0.174064
-0.163133
-0.233832
-0.238686
-0.165579
-0.167226
-0.261865
-0.202305
-0.204337
-0.233879
-0.24249
-0.255696
-0.211906
-0.185843
-0.183318
-0.174301
-0.238087
-0.179971
-0.254785
-0.253641
-0.159389
-0.234186
-0.223625
-0.165241
-0.245612
-0.173304
-0.166971
-0.257505
-0.212484
-0.274537
-0.260066
-0.23205
-0.189915
-0.265369
-0.262384
-0.170114
-0.273669
-0.258103
-0.219625
-0.261246
-0.250438
-0.251816
-0.251023
-0.277416
-0.194607
-0.163509
-0.254247
-0.204388
-0.275996
-0.200567
-0.266958
-0.215524
-0.277709
-0.21129
-0.194736
-0.245515
-0.249978
-0.265984
-0.222455
-0.186532
-0.209759
-0.205292
-0.250332
-0.159673
-0.197203
-0.183572
-0.260742
-0.219249
-0.274966
-0.265076
-0.224566
-0.206392
-0.205392
-0.219253
-0.228801
-0.257184
-0.210643
-0.213835
-0.259194
-0.229054
-0.271264
-0.249193
-0.178832
-0.237924
-0.233581
-0.272727
-0.209571
-0.201635
-0.248598
-0.200105
-0.23779
-0.206633
-0.211261
-0.218085
-0.277485
-0.22643
-0.223507
-0.196817
-0.228999
-0.242628
-0.237901
-0.265026
-0.172813
-0.168059
-0.175362
-0.236382
-0.211798
-0.254288
-0.218419
-0.186828
-0.224679
-0.191008
-0.183281
-0.182626
-0.217208
-0.276317
-0.164757
-0.218469
-0.163769
-0.216679
-0.233877
-0.257287
-0.162556
-0.20433
-0.223343
-0.185992
-0.19451
-0.256938
-0.248545
-0.246291
-0.271961
-0.201944
-0.23554
-0.161819
-0.173129
-0.235544
-0.188203
-0.219566
-0.218781
-0.160985
-0.191255
-0.189717
-0.179816
-0.207226
-0.24548
-0.226809
-0.264625
-0.243513
-0.198199
-0.219939
-0.229319
-0.237968
-0.229866
-0.226457
-0.266336
-0.209421
-0.232269
-0.254894
-0.206639
-0.179577
-0.261052
-0.24073
-0.160679
-0.186184
-0.227869
-0.225097
-0.184481
-0.179482
-0.269191
-0.20821
-0.167308
-0.2166
-0.183898
-0.2112
-0.228463
-0.189494
-0.203088
-0.195438
-0.205979
-0.253039
-0.241315
-0.221988
-0.178987
-0.172712
-0.249988
-0.166761
-0.179644
-0.167929
-0.177633
-0.183838
-0.20206
-0.228467
-0.234961
-0.202442
-0.22603
-0.191898
-0.182859
-0.252753
-0.180991
-0.157971
-0.236969
-0.17981
-0.244
-0.216219
-0.176821
-0.231723
-0.264969
-0.210778
-0.169111
-0.179989
-0.226063
-0.251859
-0.173119
-0.224145
-0.209365
-0.222007
-0.237735
-0.26208
-0.16282
-0.166441
-0.211296
-0.255033
-0.251084
-0.212094
-0.181875
-0.251729
-0.274133
-0.205804
-0.210725
-0.224181
-0.242742
-0.213537
-0.21147
-0.171237
-0.205521
-0.216964
-0.184987
-0.235636
-0.157684
-0.262125
-0.252111
-0.261412
-0.173972
-0.238955
-0.257111
-0.197216
-0.158185
-0.173834
-0.221821
-0.218064
-0.229688
-0.269433
-0.18401
-0.249555
-0.217666
-0.224055
-0.20411
-0.197413
-0.192833
-0.168618
-0.167302
-0.157783
-0.242073
-0.252663
-0.163193
-0.19949
-0.190512
-0.221061
-0.163232
-0.207094
-0.19538
-0.174114
-0.244942
-0.275626
-0.238873
-0.208774
-0.228718
-0.198421
-0.220653
-0.234908
-0.206179
-0.270834
-0.18159
-0.204922
-0.271585
-0.19243
-0.186784
-0.232464
-0.226488
-0.223718
-0.185063
-0.215209
-0.208813
-0.204118
-0.174068
-0.190039
-0.266149
-0.267963
-0.255939
-0.236961
-0.159486
-0.251194
-0.186064
-0.212806
-0.158293
-0.209517
-0.201683
-0.257349
-0.192926
-0.261087
-0.162616
-0.236043
-0.205181
-0.196573
-0.248474
-0.261256
-0.163444
-0.272994
-0.191839
-0.233551
-0.174439
-0.189827
-0.192445
-0.245524
-0.169824
-0.233876
-0.189804
-0.192214
-0.164484
-0.265861
0.00288358
0.030352
0.0102044
0.0114822
-0.0375814
0.0651292
0.0271416
0.0412785
-0.0125279
-0.00830214
0.0401029
0.0581903
0.00508617
-0.0287459
-0.0381164
-0.0135547
-0.035514
-0.00610724
0.00346884
0.0423512
0.0315949
0.0364155
-0.0149578
0.0526762
-0.00241767
-0.0276768
-0.0403869
0.0394329
0.0521247
-0.0319918
-0.0025463
-0.0218757
0.0269047
-0.00568933
0.0526219
-0.0303997
0.0158621
0.0705098
0.0239924
0.0467753
-0.0253831
-0.0309512
0.0583245
-0.0082996
0.00236544
0.0653294
0.0617882
0.00854126
0.0032022
0.0497291
0.0692083
0.0095906
0.0570061
0.0351334
-0.0414473
-0.037721
0.0307626
0.0589642
0.0791239
0.00961697
0.0472622
-0.0299071
-0.0427151
-0.0021399
0.0513458
-0.0362994
-0.0244165
0.0679756
-0.0173574
-0.0175587
0.0765635
-0.00446263
-0.029535
-0.0345551
0.04565
0.0245208
-0.0135833
0.0110396
0.0334809
0.0546783
-0.0138892
0.0187766
-0.0077337
-0.00567593
-0.0204756
0.0368345
0.0667282
0.0280963
-0.0301971
0.0106277
0.025745
0.0726469
0.00241581
0.0340007
0.0398868
0.0401708
-0.0364551
0.0392172
0.0100919
-0.0242002
0.034307
-0.00753668
-0.0343635
-0.0385632
-0.0159661
0.0102768
0.0509688
-0.0122006
-0.042664
0.00654342
0.0122929
-0.0267689
-0.0323954
0.0515773
-0.00134907
0.0410684
0.0286293
0.0136246
-0.00044513
0.0513168
-0.0364198
-0.0208564
0.0395613
-0.0401182
0.0269774
-0.022483
-0.0293527
0.0682569
-0.0415324
-0.0386952
-0.037707
-0.0124398
-0.0283074
-0.0203736
-0.0293232
-0.00792572
0.0173495
0.0330635
-0.0086787
-0.0218225
-0.016748
0.0112014
0.0345982
0.0029026
-0.0425583
-0.0269035
0.067734
-0.0103553
0.0510583
0.0243089
0.0419322
-0.0237539
0.033937
-0.00678412
0.0040862
-0.0402913
0.0192158
0.0123253
0.0718219
-0.0303777
0.0653644
0.0168497
-0.0297459
-0.0350058
0.0542079
0.0328913
-0.0105382
-0.0236434
-0.0409059
-0.0366808
-0.000623436
0.0204824
-0.0292056
0.0116939
0.0138418
0.0166972
0.00809141
0.0105368
-0.0340634
0.021682
0.00617688
0.00619832
-0.0181382
0.0115787
0.019959
0.0492433
0.0603721
0.0660167
0.068846
0.0334162
-0.0347115
0.040672
0.0168982
0.073749
0.047026
-0.0302981
-0.00137366
-0.0381512
0.0606227
-0.0405092
-0.0180794
0.0479751
0.0177363
-0.0266545
-0.0370661
-0.0355926
0.0298124
0.042238
0.00615073
0.0314798
0.00507665
0.0741697
-0.00864237
-0.0370108
0.00776972
-0.0305758
-0.00327117
-0.025866
0.0172122
-0.00796947
-0.0303413
-0.00391972
-0.00726648
0.0261933
-0.00918693
-0.0306911
-0.0140346
0.0636173
-0.0194353
0.0246718
-0.029703
0.045665
-0.0133784
-0.0226584
-0.0369804
-0.00156393
-0.00920168
0.00330208
-0.0389627
0.0552342
0.0509266
-0.0414609
0.0106612
0.0514362
0.0257481
-0.0130663
-0.018135
0.0513428
0.0122559
-0.0215487
-0.0211751
0.0512897
0.0294199
-0.0333175
0.00227139
0.0539563
-0.0381664
-0.0278494
0.0195373
0.0164161
-0.0253915
-0.0214404
0.0705831
0.043996
0.0169234
0.00804094
-0.0330674
-0.00580872
-0.0326193
0.0530557
-0.00880343
0.0178764
-0.0285107
0.0584574
0.0330459
-0.0175518
-0.0370368
-0.0289194
-0.000206253
-0.0192151
-0.0243817
0.0648274
-0.00934028
0.045163
-0.0334106
-0.00631291
0.0626209
0.0506726
0.0670367
0.0167369
0.0487147
-0.0101645
0.0389393
0.0218037
-0.0323952
-0.0323852
0.00279909
0.0310095
-0.0329097
-0.0381418
-0.0230832
-0.038692
-0.0404772
0.0293448
0.018979
0.0014612
0.00947253
0.0214723
0.0259226
-0.0249608
-0.0328631
0.0130806
-0.00862084
0.062409
0.0460686
0.0323029
-0.00405805
0.00997961
-0.0314039
-0.00314303
-0.0263672
-0.0032187
0.0244579
-0.0104742
-0.0136083
-0.00578268
0.0417276
0.0850424
-0.0257795
-0.0255362
0.0212899
-0.0305327
0.0167031
0.0524884
0.0388756
0.014681
0.0220406
-0.010809
-0.00140709
-0.00826666
-0.00208466
0.0157483
-0.0381424
0.0139423
-0.0382169
0.0544324
0.0527247
0.0734336
-0.0174311
-0.0379199
-0.0175512
-0.0258142
0.0295615
-0.0285692
-0.0425187
0.0289873
0.00377711
0.00113819
0.0578429
-0.0416685
0.0153923
-0.040616
0.0136744
0.0661275
0.0401023
-0.00654356
-0.0154954
-0.0208366
0.0341962
-0.035444
-0.0147892
0.0260439
0.00235218
-0.003167
0.0774165
-0.00957153
0.0255378
-0.0366023
-0.020598
-0.0426627
0.0694105
-0.0332397
-0.0237672
-0.0215676
0.0534725
0.0607408
0.0844479
0.0390664
0.0255744
0.0551223
-0.0165996
0.0505525
0.0416838
-0.00712469
0.0198917
0.0432567
0.0580203
0.00778167
0.0317541
-0.0174845
-0.00432531
0.0137947
-0.0222741
0.00207219
0.0489745
0.0391667
-0.00344417
0.0280723
-0.0154847
0.0607845
-0.00306365
0.0205293
-0.0370493
-0.00531053
0.0329656
-0.00572675
-0.018976
0.0474893
0.0264057
-0.0067144
-0.0241602
0.0592793
0.0761825
-0.0308412
-0.0362237
-0.00722035
-0.0213276
-0.0207971
0.00969424
-0.00279443
0.0163269
0.0472218
-0.0320204
-0.0250148
-0.0149862
-0.0120116
0.0307137
-0.0289773
0.0563265
-0.021168
0.0557762
0.0779367
0.031329
-0.00463776
0.00508951
-0.0162101
-0.000765011
0.0276739
0.028902
-0.0178178
-0.038229
-0.0205026
0.00453324
-0.0208068
0.00462221
0.0511588
-0.0303502
0.0424046
0.0248902
-0.0186093
0.0446996
0.0520003
0.0676928
0.0502801
0.0548469
0.0559277
-0.00217177
-0.0086794
0.0495771
-0.00224639
-0.00245222
0.0782828
-0.0320132
-0.0221776
-0.0305935
-0.036993
0.0373617
0.038399
0.0517326
-0.0187557
0.0231683
0.0363931
-0.034501
-0.0216208
0.0133323
-0.0391444
-0.0113813
-0.0179375
0.0561172
0.0116335
-0.022325
0.0494009
-0.0399328
-0.00946629
-0.0145156
0.0614535
0.0503695
0.0180241
-0.0148236
-0.0402304
0.0424032
0.07193
-0.0298335
0.0316615
-0.0291714
0.0471069
0.0172072
0.00914177
0.0184074
-0.0106184
0.0406668
-0.029105
-0.0282735
0.0490986
0.0511555
-0.0382435
-0.0248554
-0.00810714
0.0481602
0.0373979
0.033981
0.0337819
-0.0271283
0.0331232
-0.0275946
0.0112322
0.0298022
0.0492109
-0.0312495
-0.0412259
-0.0347725
0.0460026
0.0236822
-0.0133776
0.0379456
-0.01387
0.0580589
0.0572523
0.0468751
-0.0379042
-0.0121876
-0.0294344
-0.0371423
-0.0220755
-0.0107063
0.0754961
0.0648853
0.0267978
-0.0201444
0.00581779
0.0582971
-0.0264431
0.0488041
-0.0272472
-0.0178417
0.0322129
-0.021467
-0.00994315
-0.0133638
0.0656906
-0.0148261
-0.0382317
0.00976797
0.0218436
0.0257716
-0.0282786
-0.00455267
0.0465391
0.0166144
-0.0338886
0.0278816
-0.0279073
0.00228304
-0.0280535
0.0198489
-0.0105385
-0.0347425
0.0455811
-0.0311476
-0.0328335
0.0177014
0.0824822
-0.00707465
0.0764528
0.025577
-0.00994305
-0.0282892
-0.035054
-0.0328833
-0.00167598
0.0164915
-0.0298367
-0.0349519
0.0630267
-0.0213273
0.0186043
0.00983513
-0.00619038
0.0152031
-0.0194517
-0.038903
0.045546
-0.0234969
-0.0157284
-0.0305311
0.0314791
-0.0290586
-0.0362461
-0.0224402
-0.00792152
0.03175
-0.0418857
-0.0271411
-0.0386453
0.0582974
-0.0279262
0.0775521
0.0664149
0.000858922
-0.0111104
0.0364083
0.0554988
0.0273128
0.0045339
-0.0194762
0.0160162
-0.0309853
0.0399532
0.031939
0.0179841
0.00370339
-0.0244479
-0.0270375
0.00379976
-0.0127974
0.00913489
0.0670426
0.00661643
0.0609857
0.0607821
-0.0149764
0.0703759
0.018218
-0.00753769
-0.0394701
0.0177918
0.048565
-0.0286191
0.0292103
0.0653043
-0.00858396
-0.0193813
0.00545288
0.0481779
-0.0372591
0.0732562
-0.0140219
-0.023074
-0.0254701
0.01861
-0.024409
-0.00965388
-0.0237407
0.0308244
-0.0199109
-0.0259995
-0.0380567
-0.009854
-0.0305517
0.0550674
0.0546526
0.0684537
-0.00804582
-0.0126102
0.0650734
0.0629425
-0.0314719
0.0237936
0.0216586
-0.00808977
-0.0160668
-0.0268753
0.0138098
0.0414613
0.0442511
0.0543815
-0.0120585
0.0479908
-0.0261816
-0.0253038
0.0758484
-0.0083836
0.0019413
0.0655185
-0.0187932
0.055544
0.063274
-0.0282305
0.0132187
-0.0404889
-0.0301355
-0.00633102
0.0370145
-0.0340518
-0.0318579
0.0593572
-0.0399182
-0.0286767
0.00594758
-0.0310129
-0.0227918
-0.0238829
-0.0232575
-0.0422396
0.0319505
0.0679083
-0.0257708
0.0216055
-0.041408
0.0256237
-0.0352104
0.0101072
-0.0424064
0.0144464
0.0318127
-0.018711
-0.0224218
-0.0345026
0.00310483
0.0407032
0.0160233
0.0206644
-0.0227057
0.0750623
0.0291845
0.043971
-0.0306368
0.00632493
-0.0407666
-0.0338387
0.00100223
0.0195191
0.0205575
0.00632278
-0.00316776
-0.0279937
0.0151108
0.0118344
-0.0294881
-0.00341701
-0.0382736
-0.0217893
0.0491838
-0.0119062
-0.00780478
-0.0392841
0.0162173
0.0244975
-0.021302
0.0261103
-0.0117821
0.0192629
0.0144761
0.00750388
-0.0422797
-0.000838558
0.0020579
0.029596
-0.00336178
-0.0161899
-0.0118865
-0.0338023
0.056123
0.0618945
0.0531501
-0.0104694
0.013924
-0.0258018
0.00716248
0.0403794
0.000890985
0.0358264
0.0442913
0.0450222
0.00839192
-0.0416032
0.0661691
0.00711192
0.0675379
0.00892872
-0.00808573
-0.0280684
0.0693213
0.0216681
0.00222008
0.0412963
0.0320596
-0.027807
-0.0212581
-0.0193729
-0.0387593
0.0241705
-0.00967403
0.070511
0.0557449
-0.00967381
0.0388738
0.00600652
0.0067994
0.0721052
0.0355596
0.0372252
0.0481654
0.0186486
-0.0186817
-0.00121184
-0.0335086
-0.0169725
0.028128
0.00563233
-0.00367298
-0.0119472
-0.00420629
-0.000864455
-0.0347596
0.0163728
-0.00654032
-0.0262667
0.0192613
0.0484331
-0.0308691
-0.0144824
0.0727564
0.0410834
-0.00225253
0.000479465
0.0429623
0.0485442
-0.0368139
0.0176291
0.0628406
0.00900946
0.0436097
0.0145355
-0.00283792
0.037469
0.0229686
0.0310633
0.0199471
-0.0248399
-0.015014
0.00357367
0.0491068
0.0562402
-0.0224315
0.0635381
0.048357
0.0620571
0.0505471
0.0436769
0.0240494
-0.00283899
-0.0091207
0.0236489
-0.000446021
0.0348679
0.0447628
-0.0246162
0.0468465
0.0808781
-0.0110168
0.0481729
-0.0173988
0.00939853
0.0514711
-0.00601344
-0.0337582
0.0149728
0.0605813
0.0479713
-0.000477681
-0.0239183
0.0557579
0.00142057
0.016432
0.00355377
-0.0117297
-0.0316323
0.068927
0.0639497
0.0144378
-0.0263725
-0.0233065
0.0136158
0.0458581
-0.0238142
-0.0402296
0.0201295
0.0150283
0.00138373
-0.0162916
0.0121402
0.0142578
0.057998
0.0204234
0.0086382
0.0424051
-0.00976123
0.0823289
-0.0316644
-0.0241151
-0.0311362
0.0547605
-0.0128614
-0.0279368
0.0291726
0.0799473
0.0549223
0.00374187
0.00752238
-0.00403602
-0.0369886
0.0434848
-0.0220819
0.00793129
0.00151228
0.0219018
0.0289606
0.0338574
0.0611941
0.0628503
0.0817908
-0.015695
-0.0245477
0.0683649
0.0267615
0.0363655
0.0045046
0.0683078
0.0187849
0.0311276
0.0546022
-0.018219
-0.0411911
-0.0127846
0.0170421
-0.00308696
0.0278915
0.0049147
-0.00907161
0.0197392
-0.0379773
0.0461766
0.0210499
-0.0384992
0.0342901
0.0404291
-0.0067314
-0.000894852
0.00184803
0.0423249
0.0104289
0.0170004
0.0218946
0.0546479
0.0368767
-0.0346214
-0.0359356
-0.0270571
-0.0110098
0.0755733
-0.0233923
0.0412176
0.0128862
0.0795843
0.0162755
0.0244481
-0.0281151
0.0337555
-0.0308943
0.0692317
-0.0101466
0.0207762
0.0298525
-0.0211999
-0.0310207
0.0680023
-0.0394682
0.0349275
-0.00777462
0.0542201
0.037109
0.0342728
-0.0187201
0.059717
-0.0080848
0.0371298
0.034523
0.0665369
-0.0344121
