-0.171273
-0.171273
-0.171273
-0.171273
-0.171273
-0.171273
-0.171273
-0.171273
-0.171273
-0.171273
-0.171273
-0.171273
-0.171273
-0.171273
-0.171273
-0.171273
-0.171273
-0.171273
-0.171273
-0.171273
-0.171273
-0.171273
-0.171273
-0.171273
-0.171273
-0.171273
-0.171273
-0.171273
-0.171273
-0.171273
-0.171273
-0.171273
-0.171273
-0.171273
-0.171273
-0.171273
-0.171273
-0.171273
-0.171273
-0.171273
-0.171273
-0.171273
-0.171273
-0.171273
-0.171273
-0.171273
-0.171273
-0.171273
-0.171273
-0.171273
-0.171273
-0.171273
-0.171273
-0.171273
-0.171273
-0.171273
-0.171273
-0.171273
-0.171273
-0.171273
-0.171273
-0.171273
-0.171273
-0.171273
-0.171273
-0.171273
-0.171273
-0.171273
-0.171273
-0.171273
-0.171273
-0.171273
-0.171273
-0.171273
-0.171273
-0.171273
-0.171273
-0.171273
-0.171273
-0.171273
-0.171273
-0.171273
-0.171273
-0.171273
-0.171273
-0.171273
-0.171273
-0.171273
-0.171273
-0.171273
-0.171273
-0.171273
-0.171273
-0.171273
-0.171273
-0.171273
-0.171273
-0.171273
-0.171273
-0.171273
-0.171273
-0.171273
-0.171273
-0.171273
-0.171273
-0.171273
-0.171273
-0.171273
-0.171273
-0.171273
-0.171273
-0.171273
-0.171273
-0.171273
-0.171273
-0.171273
-0.171273
-0.171273
-0.171273
-0.171273
-0.171273
-0.171273
-0.171273
-0.171273
-0.171273
-0.171273
-0.171273
-0.171273
-0.171273
-0.171273
-0.171273
-0.171273
-0.171273
-0.171273
-0.171273
-0.171273
-0.171273
-0.171273
-0.171273
-0.171273
-0.171273
-0.171273
-0.171273
-0.171273
-0.171273
-0.171273
-0.171273
-0.171273
-0.171273
-0.171273
-0.171273
-0.171273
-0.171273
-0.171273
-0.171273
-0.171273
-0.171273
-0.171273
-0.171273
-0.171273
-0.171273
-0.171273
-0.171273
-0.171273
-0.171273
-0.171273
-0.171273
-0.171273
-0.171273
-0.171273
-0.171273
-0.171273
-0.171273
-0.171273
-0.171273
-0.171273
-0.171273
-0.171273
-0.171273
-0.171273
-0.171273
-0.171273
-0.171273
-0.171273
-0.171273
-0.171273
-0.171273
-0.171273
-0.171273
-0.171273
-0.171273
-0.171273
-0.171273
-0.171273
-0.171273
-0.171273
-0.171273
-0.171273
-0.171273
-0.171273
-0.171273
-0.171273
-0.171273
-0.171273
-0.171273
-0.171273
-0.171273
-0.171273
-0.171273
-0.171273
-0.171273
-0.171273
-0.171273
-0.171273
-0.171273
-0.171273
-0.171273
-0.171273
-0.171273
-0.171273
-0.171273
-0.171273
-0.171273
-0.171273
-0.171273
-0.171273
-0.171273
-0.171273
-0.171273
-0.171273
-0.171273
-0.171273
-0.171273
-0.171273
-0.171273
-0.171273
-0.171273
-0.171273
-0.171273
-0.171273
-0.171273
-0.171273
-0.171273
-0.171273
-0.171273
-0.171273
-0.171273
-0.171273
-0.171273
-0.171273
-0.171273
-0.171273
-0.171273
-0.171273
-0.171273
-0.171273
-0.171273
-0.171273
-0.171273
-0.171273
-0.171273
-0.171273
-0.171273
-0.171273
-0.171273
-0.171273
-0.171273
-0.171273
-0.171273
-0.171273
-0.171273
-0.171273
-0.171273
-0.171273
-0.171273
-0.171273
-0.171273
-0.171273
-0.171273
-0.171273
-0.171273
-0.171273
-0.171273
-0.171273
-0.171273
-0.171273
-0.171273
-0.171273
-0.171273
-0.171273
-0.171273
-0.171273
-0.171273
-0.171273
-0.171273
-0.171273
-0.171273
-0.171273
-0.171273
-0.171273
-0.171273
-0.171273
-0.171273
-0.171273
-0.171273
-0.171273
-0.171273
-0.171273
-0.171273
-0.171273
-0.171273
-0.171273
-0.171273
-0.171273
-0.171273
-0.171273
-0.171273
-0.171273
-0.171273
-0.171273
-0.171273
-0.171273
-0.171273
-0.171273
-0.171273
-0.171273
-0.171273
-0.171273
-0.171273
-0.171273
-0.171273
-0.171273
-0.171273
-0.171273
-0.171273
-0.171273
-0.171273
-0.171273
-0.171273
-0.171273
-0.171273
-0.171273
-0.171273
-0.171273
-0.171273
-0.171273
-0.171273
-0.171273
-0.171273
-0.171273
-0.171273
-0.171273
-0.171273
-0.171273
-0.171273
-0.171273
-0.171273
-0.171273
-0.171273
-0.171273
-0.171273
-0.171273
-0.171273
-0.171273
-0.171273
-0.171273
-0.171273
-0.171273
-0.171273
-0.171273
-0.171273
-0.171273
-0.171273
-0.171273
-0.171273
-0.171273
-0.171273
-0.171273
-0.171273
-0.171273
-0.171273
-0.171273
-0.171273
-0.171273
-0.171273
-0.171273
-0.171273
-0.171273
-0.171273
-0.171273
-0.171273
-0.171273
-0.171273
-0.171273
-0.171273
-0.171273
-0.171273
-0.171273
-0.171273
-0.171273
-0.171273
-0.171273
-0.171273
-0.171273
-0.171273
-0.171273
-0.171273
-0.171273
-0.171273
-0.171273
-0.171273
-0.171273
-0.171273
-0.171273
-0.171273
-0.171273
-0.171273
-0.171273
-0.171273
-0.171273
-0.171273
-0.171273
-0.171273
-0.171273
-0.171273
-0.171273
-0.171273
-0.171273
-0.171273
-0.171273
-0.171273
-0.171273
-0.171273
-0.171273
-0.171273
-0.171273
-0.171273
-0.171273
-0.171273
-0.171273
-0.171273
-0.171273
-0.171273
-0.171273
-0.171273
-0.171273
-0.171273
-0.171273
-0.171273
-0.171273
-0.171273
-0.171273
-0.171273
-0.171273
-0.171273
-0.171273
-0.171273
-0.171273
-0.171273
-0.171273
-0.171273
-0.171273
-0.171273
-0.171273
-0.171273
-0.171273
-0.171273
-0.171273
-0.171273
-0.171273
-0.171273
-0.171273
-0.171273
-0.171273
-0.171273
-0.171273
-0.171273
-0.171273
-0.171273
-0.171273
-0.171273
-0.171273
-0.171273
-0.171273
-0.171273
-0.171273
-0.171273
-0.171273
-0.171273
-0.171273
-0.171273
-0.171273
-0.171273
-0.171273
-0.171273
-0.171273
-0.171273
-0.171273
-0.171273
-0.171273
-0.171273
-0.171273
-0.171273
-0.171273
-0.171273
-0.171273
-0.171273
-0.171273
-0.171273
-0.171273
-0.171273
-0.171273
-0.171273
-0.171273
-0.171273
-0.171273
-0.171273
-0.171273
-0.171273
-0.171273
-0.171273
-0.171273
-0.171273
-0.171273
-0.171273
-0.171273
-0.171273
-0.171273
-0.171273
-0.171273
-0.171273
-0.171273
-0.171273
-0.171273
-0.171273
-0.171273
-0.171273
-0.171273
-0.171273
-0.171273
-0.171273
-0.171273
-0.171273
-0.171273
-0.171273
-0.171273
-0.171273
-0.171273
-0.171273
-0.171273
-0.171273
-0.171273
-0.171273
-0.171273
-0.171273
-0.171273
-0.171273
-0.171273
-0.171273
-0.171273
-0.171273
-0.171273
-0.171273
-0.171273
-0.171273
-0.171273
-0.171273
-0.171273
-0.171273
-0.171273
-0.171273
-0.171273
-0.171273
-0.171273
-0.171273
-0.171273
-0.171273
-0.171273
-0.171273
-0.171273
-0.171273
-0.171273
-0.171273
-0.171273
-0.171273
-0.171273
-0.171273
-0.171273
-0.171273
-0.171273
-0.171273
-0.171273
-0.171273
-0.171273
-0.171273
-0.171273
-0.171273
-0.171273
-0.171273
-0.171273
-0.171273
-0.171273
-0.171273
-0.171273
-0.171273
-0.171273
-0.171273
-0.171273
-0.171273
-0.171273
-0.171273
-0.171273
-0.171273
-0.171273
-0.171273
-0.171273
-0.171273
-0.171273
-0.171273
-0.171273
-0.171273
-0.171273
-0.171273
-0.171273
-0.171273
-0.171273
-0.171273
-0.171273
-0.171273
-0.171273
-0.171273
-0.171273
-0.171273
-0.171273
-0.171273
-0.171273
-0.171273
-0.171273
-0.171273
-0.171273
-0.171273
-0.171273
-0.171273
-0.171273
-0.171273
-0.171273
-0.171273
-0.171273
-0.171273
-0.171273
-0.171273
-0.171273
-0.171273
-0.171273
-0.171273
-0.171273
-0.171273
-0.171273
-0.171273
-0.171273
-0.171273
-0.171273
-0.171273
-0.171273
-0.171273
-0.171273
-0.171273
-0.171273
-0.171273
-0.171273
-0.171273
-0.171273
-0.171273
-0.171273
-0.171273
-0.171273
-0.171273
-0.171273
-0.171273
-0.171273
-0.171273
-0.171273
-0.171273
-0.171273
-0.171273
-0.171273
-0.171273
-0.171273
-0.171273
-0.171273
-0.171273
-0.171273
-0.171273
-0.171273
-0.171273
-0.171273
-0.171273
-0.171273
-0.171273
-0.171273
-0.171273
-0.171273
-0.171273
-0.171273
-0.171273
-0.171273
-0.171273
-0.171273
-0.171273
-0.171273
-0.171273
-0.171273
-0.171273
-0.171273
-0.171273
-0.171273
-0.171273
-0.171273
-0.171273
-0.171273
-0.171273
-0.171273
-0.171273
-0.171273
-0.171273
-0.171273
-0.171273
-0.171273
-0.171273
-0.171273
-0.171273
-0.171273
-0.171273
-0.171273
-0.171273
-0.171273
-0.171273
-0.171273
-0.171273
-0.171273
-0.171273
-0.171273
-0.171273
-0.171273
-0.171273
-0.171273
-0.171273
-0.171273
-0.171273
-0.171273
-0.171273
-0.171273
-0.171273
-0.171273
-0.171273
-0.171273
-0.171273
-0.171273
-0.171273
-0.171273
-0.171273
-0.171273
-0.171273
-0.171273
-0.171273
-0.171273
-0.171273
-0.171273
-0.171273
-0.171273
-0.171273
-0.171273
-0.171273
-0.171273
-0.171273
-0.171273
-0.171273
-0.171273
-0.171273
-0.171273
-0.171273
-0.171273
-0.171273
-0.171273
-0.171273
-0.171273
-0.171273
-0.171273
-0.171273
-0.171273
-0.171273
-0.171273
-0.171273
-0.171273
-0.171273
-0.171273
-0.171273
-0.171273
-0.171273
-0.171273
-0.171273
-0.171273
-0.171273
-0.171273
-0.171273
-0.171273
-0.171273
-0.171273
-0.171273
-0.171273
-0.171273
-0.171273
-0.171273
-0.171273
-0.171273
-0.171273
-0.171273
-0.171273
-0.171273
-0.171273
-0.171273
-0.171273
-0.171273
-0.171273
-0.171273
-0.171273
-0.171273
-0.171273
-0.171273
-0.171273
-0.171273
-0.171273
-0.171273
-0.171273
-0.171273
-0.171273
-0.171273
-0.171273
-0.171273
-0.171273
-0.171273
-0.171273
-0.171273
-0.171273
-0.171273
-0.171273
-0.171273
-0.171273
-0.171273
-0.171273
-0.171273
-0.171273
-0.171273
-0.171273
-0.171273
-0.171273
-0.171273
-0.171273
-0.171273
-0.171273
-0.171273
-0.171273
-0.171273
-0.171273
-0.171273
-0.171273
-0.171273
-0.171273
-0.171273
-0.171273
-0.171273
-0.171273
-0.171273
-0.171273
-0.171273
-0.171273
-0.171273
-0.171273
-0.171273
-0.171273
-0.171273
-0.171273
-0.171273
-0.171273
-0.171273
-0.171273
-0.171273
-0.171273
-0.171273
-0.171273
-0.171273
-0.171273
-0.171273
-0.171273
-0.171273
-0.171273
-0.171273
-0.171273
-0.171273
-0.171273
-0.171273
-0.171273
-0.171273
-0.171273
-0.171273
-0.171273
-0.171273
-0.171273
-0.171273
-0.171273
-0.171273
-0.171273
-0.171273
-0.171273
-0.171273
-0.171273
-0.171273
-0.171273
-0.171273
-0.171273
-0.171273
-0.171273
-0.171273
-0.171273
-0.171273
-0.171273
-0.171273
-0.171273
-0.171273
-0.171273
-0.171273
-0.171273
-0.171273
-0.171273
-0.171273
-0.171273
-0.171273
-0.171273
-0.171273
-0.171273
-0.171273
-0.171273
-0.171273
-0.171273
-0.171273
-0.171273
-0.171273
-0.171273
-0.171273
-0.171273
-0.171273
-0.171273
-0.171273
-0.171273
-0.171273
-0.171273
-0.171273
-0.171273
-0.171273
-0.171273
-0.171273
-0.171273
-0.171273
-0.171273
-0.171273
-0.171273
-0.171273
-0.171273
-0.171273
-0.171273
-0.171273
-0.171273
-0.171273
-0.171273
-0.171273
-0.171273
-0.171273
-0.171273
-0.171273
-0.171273
-0.171273
-0.171273
-0.171273
-0.171273
-0.171273
-0.171273
-0.171273
-0.171273
-0.171273
-0.171273
-0.171273
-0.171273
-0.171273
-0.171273
-0.171273
-0.171273
-0.171273
-0.171273
-0.171273
-0.171273
-0.0019255
0.100044
0.00720918
0.00921491
-0.0556359
0.141626
0.0338019
0.131731
-0.0325887
-0.0145544
0.131331
0.141626
0.00107837
-0.0545491
-0.0556359
-0.0587223
-0.0516044
-0.0121183
-0.000723693
0.131331
0.0564936
0.131331
-0.0489065
0.14122
-0.00766196
-0.0500065
-0.0556359
0.131731
0.14122
-0.051717
-0.00816472
-0.034083
0.0325711
-0.0116347
0.14122
-0.0593395
0.0150596
0.152245
0.0278114
0.131731
-0.0421456
-0.0573258
0.141626
-0.0145544
-0.0019255
0.141626
0.141626
0.00532196
-0.00132274
0.131331
0.141626
0.00656907
0.141626
0.135829
-0.0599684
-0.0556359
0.116012
0.14122
0.152245
0.00656907
0.131331
-0.058558
-0.0599684
-0.00766196
0.141626
-0.0516044
-0.03929
0.141626
-0.032936
-0.0315156
0.152245
-0.0101669
-0.0571772
-0.0516044
0.131731
0.0278114
-0.0587223
0.00853166
0.0618483
0.141626
-0.0587223
0.0193781
-0.0140644
-0.0116347
-0.0321048
0.131331
0.141626
0.0350531
-0.0586864
0.00786302
0.030163
0.152245
-0.0019255
0.0812118
0.131331
0.131731
-0.0516044
0.131331
0.00720918
-0.0383822
0.102177
-0.0135747
-0.0516044
-0.0556359
-0.0412553
0.00720918
0.14122
-0.0237733
-0.0599684
0.0028933
0.00991091
-0.0465047
-0.0489651
0.14122
-0.00662144
0.131731
0.0363241
0.0120523
-0.00551427
0.14122
-0.0516044
-0.0327542
0.131331
-0.0556359
0.0325711
-0.03481
-0.0563046
0.141626
-0.0599684
-0.0556359
-0.0556359
-0.0315117
-0.0525438
-0.0321048
-0.0565537
-0.0140644
0.0166917
0.0554465
-0.015043
-0.034083
-0.0358091
0.00853166
0.129651
-0.00132274
-0.0599684
-0.0472719
0.141626
-0.0169688
0.14122
0.0278114
0.131731
-0.0374046
0.0769417
-0.013087
-0.000125766
-0.0556359
0.0193781
0.00991091
0.152245
-0.0597151
0.141626
0.0166917
-0.0574896
-0.0516044
0.141626
0.052529
-0.0174426
-0.0373728
-0.0599684
-0.0516044
-0.00551427
0.0213147
-0.0567655
0.00921491
0.0120523
0.0158613
0.00471006
0.00786302
-0.0516044
0.0233604
0.0022887
0.0022887
-0.030632
0.00921491
0.0213147
0.131731
0.141626
0.141626
0.141626
0.0603124
-0.0516044
0.131331
0.0166917
0.152245
0.131731
-0.0583082
-0.00662144
-0.0556359
0.141626
-0.0599684
-0.0307827
0.131731
0.017554
-0.0462781
-0.0556359
-0.0516044
0.0921925
0.131731
0.0022887
0.0684247
0.00107837
0.152245
-0.015043
-0.0556359
0.00410265
-0.0585542
-0.00866588
-0.0433808
0.0166917
-0.0140644
-0.0579213
-0.00966928
-0.0135747
0.0313592
-0.0160123
-0.0597717
-0.0587223
0.141626
-0.0309278
0.0289801
-0.0578285
0.131331
-0.054838
-0.0356168
-0.0556359
-0.00662144
-0.0160123
-0.00132274
-0.0556359
0.14122
0.141626
-0.0599684
0.00786302
0.141626
0.030163
-0.0466593
-0.030632
0.141626
0.00991091
-0.0333588
-0.0334374
0.141626
0.079446
-0.0478542
-0.00253187
0.14122
-0.0556359
-0.0511221
0.0203341
0.0158613
-0.0422343
-0.0333588
0.152245
0.131331
0.0166917
0.00471006
-0.0478542
-0.0116347
-0.0478542
0.14122
-0.0155292
0.017554
-0.0538706
0.14122
0.0540238
-0.0315156
-0.0556359
-0.0551607
-0.00551427
-0.0310807
-0.03929
0.141626
-0.0160123
0.131731
-0.0478542
-0.0126018
0.141626
0.14122
0.141626
0.0158613
0.131731
-0.0169688
0.131331
0.0244309
-0.0489651
-0.0491147
-0.0019255
0.0921925
-0.0478542
-0.0556359
-0.0364369
-0.0556359
-0.0599684
0.0698117
0.0193781
-0.00313971
0.00656907
0.0233604
0.030163
-0.0403574
-0.0478542
0.0113308
-0.015043
0.141626
0.131731
0.0499806
-0.00966928
0.00720918
-0.0567009
-0.00866588
-0.0452975
-0.00866588
0.0278114
-0.0174426
-0.0587223
-0.0116347
0.131331
0.152245
-0.043257
-0.04233
0.0233604
-0.0585542
0.0158613
0.14122
0.131331
0.0135249
0.0244309
-0.0179142
-0.00662144
-0.0145544
-0.00766196
0.0150596
-0.0556359
0.0120523
-0.0556359
0.14122
0.14122
0.152245
-0.032936
-0.0556359
-0.0315156
-0.043257
0.0821006
-0.0538521
-0.0599684
0.0451676
-0.000723693
-0.00374569
0.141626
-0.0599684
0.0142824
-0.0599684
0.0120523
0.141626
0.131731
-0.0126018
-0.0448167
-0.0327542
0.0964003
-0.0516044
-0.0535945
0.0313592
-0.00253187
-0.00866588
0.152245
-0.0160123
0.030163
-0.0516044
-0.0320522
-0.0599684
0.141626
-0.047613
-0.0374046
-0.0333588
0.14122
0.141626
0.152245
0.131731
0.030163
0.141626
-0.0358091
0.141626
0.131731
-0.0135747
0.0203341
0.131331
0.141626
0.00410265
0.0567242
-0.032936
-0.0101669
0.0120523
-0.0348371
-0.00253187
0.131731
0.131331
-0.00916824
0.0350531
-0.0457027
0.141626
-0.00866588
0.0223221
-0.0556359
-0.0111492
0.0539632
-0.0116347
-0.0304917
0.131731
0.0313592
-0.013087
-0.0383413
0.141626
0.152245
-0.0589532
-0.0516044
-0.0135747
-0.0333966
-0.0327542
0.00656907
-0.00816472
0.0158613
0.131731
-0.0511078
-0.0411654
-0.0500675
-0.0224424
0.116012
-0.0551607
0.14122
-0.0334374
0.14122
0.152245
0.0705506
-0.0106602
0.00107837
-0.0390434
-0.00607636
0.0338019
0.0450884
-0.0313107
-0.0556359
-0.0321048
0.000474669
-0.0327542
0.000474669
0.141626
-0.0597151
0.131331
0.0289801
-0.0306794
0.131331
0.14122
0.141626
0.141626
0.141626
0.14122
-0.00766196
-0.015043
0.131731
-0.00766196
-0.00816472
0.152245
-0.0515047
-0.0348371
-0.0581429
-0.0556359
0.131731
0.131731
0.14122
-0.0306794
0.0255321
0.131731
-0.0516044
-0.0333238
0.0113308
-0.0556359
-0.0183846
-0.0307827
0.14122
0.00921491
-0.0348371
0.131731
-0.0556359
-0.0160123
-0.0574576
0.141626
0.141626
0.017554
-0.0535945
-0.0556359
0.131331
0.152245
-0.0588976
0.0586883
-0.0557394
0.131731
0.0166917
0.00594079
0.01845
-0.0174426
0.131331
-0.0559295
-0.0531657
0.131731
0.141626
-0.0556359
-0.040295
-0.0145544
0.131731
0.131731
0.0804232
0.0709923
-0.047985
0.0554465
-0.0500065
0.00853166
0.0907965
0.131731
-0.0581875
-0.0599684
-0.0516044
0.131731
0.0266605
-0.054838
0.131731
-0.0587223
0.14122
0.141626
0.131331
-0.0556359
-0.0236763
-0.0574459
-0.0556359
-0.034052
-0.0174426
0.152245
0.141626
0.0325711
-0.0314344
0.00168354
0.14122
-0.0452975
0.131731
-0.0482828
-0.0313107
0.0500165
-0.0333588
-0.0164922
-0.054838
0.141626
-0.0535945
-0.0556359
0.00656907
0.0244309
0.030163
-0.0531657
-0.0101669
0.131331
0.0158613
-0.051361
0.0350531
-0.0512879
-0.00253187
-0.0519138
0.0203341
-0.0174426
-0.0516044
0.131731
-0.0589415
-0.0478542
0.017554
0.152245
-0.013087
0.152245
0.030163
-0.0164922
-0.0525438
-0.0516044
-0.0478542
-0.0071494
0.0158613
-0.0588976
-0.0516044
0.141626
-0.0333966
0.01845
0.00656907
-0.0121183
0.0142824
-0.0309278
-0.0556359
0.131331
-0.0373433
-0.0429741
-0.0585542
0.0684247
-0.0559295
-0.0516044
-0.03481
-0.0140644
0.0567242
-0.0599684
-0.047985
-0.0556359
0.14122
-0.0512879
0.152245
0.141626
-0.00374569
-0.0179142
0.131331
0.14122
0.0338019
0.000474669
-0.0309278
0.0150596
-0.0573258
0.131731
0.052061
0.017554
-0.000723693
-0.03929
-0.0472719
-0.000723693
-0.0436147
0.00594079
0.141626
0.0028933
0.141626
0.141626
-0.0500675
0.141626
0.01845
-0.0140644
-0.0556359
0.017554
0.131731
-0.0538521
0.0469539
0.141626
-0.015043
-0.0309278
0.00168354
0.131731
-0.0556359
0.152245
-0.0587223
-0.0364369
-0.0422343
0.01845
-0.03929
-0.0164922
-0.0374046
0.0953696
-0.0314943
-0.044184
-0.0556359
-0.0164922
-0.0585542
0.14122
0.14122
0.141626
-0.0145544
-0.0337347
0.141626
0.141626
-0.0563453
0.0266605
0.0233604
-0.0145544
-0.0390434
-0.0470218
0.0120523
0.131331
0.131731
0.14122
-0.0230083
0.131731
-0.0443321
-0.0413882
0.152245
-0.0145544
-0.00253187
0.141626
-0.030582
0.141626
0.141626
-0.0525438
0.0113308
-0.0599684
-0.0590559
-0.0126018
0.131331
-0.0516044
-0.0529279
0.14122
-0.0556359
-0.0545491
0.0022887
-0.0573258
-0.035593
-0.0383033
-0.0364614
-0.0599684
0.0521544
0.141626
-0.043257
0.0233604
-0.0599684
0.030163
-0.0516044
0.00720918
-0.0599684
0.0127828
0.0564936
-0.0306794
-0.03481
-0.0516044
-0.00132274
0.131331
0.0150596
0.0223221
-0.0356168
0.152245
0.0469539
0.131331
-0.0581429
0.0022887
-0.0599684
-0.0516044
-0.00374569
0.0203341
0.0223221
0.0022887
-0.00866588
-0.0518015
0.0135249
0.00991091
-0.0571772
-0.00916824
-0.0556359
-0.034083
0.131331
-0.0188546
-0.0140644
-0.0556359
0.0150596
0.0278114
-0.0333966
0.0313592
-0.0188546
0.0193781
0.0127828
0.00410265
-0.0599684
-0.00607636
-0.00253187
0.0821006
-0.00916824
-0.0390434
-0.0188546
-0.0516044
0.14122
0.141626
0.141626
-0.0174426
0.0120523
-0.043257
0.00349761
0.131731
-0.00374569
0.131331
0.131731
0.131331
0.00532196
-0.0599684
0.141626
0.00349761
0.141626
0.00594079
-0.0145544
-0.0519138
0.141626
0.0233604
-0.00253187
0.131731
0.0519746
-0.050656
-0.0334374
-0.0309278
-0.0556359
0.0278114
-0.0164922
0.152245
0.14122
-0.0164922
0.131331
0.0022887
0.00349761
0.152245
0.131331
0.131331
0.131731
0.01845
-0.0306794
-0.00662144
-0.0516044
-0.0342207
0.0350531
0.00168354
-0.00916824
-0.0223747
-0.0101669
-0.00607636
-0.0516044
0.0158613
-0.0126018
-0.0451211
0.0193781
0.131331
-0.0585416
-0.0574576
0.152245
0.131331
-0.00766196
-0.00434595
0.131731
0.131731
-0.0516044
0.017554
0.141626
0.00594079
0.131331
0.0127828
-0.00816472
0.131731
0.0255321
0.0921925
0.0213147
-0.040295
-0.0500675
-0.000723693
0.131731
0.14122
-0.03481
0.141626
0.131331
0.141626
0.141626
0.131331
0.0278114
-0.00816472
-0.0155292
0.0266605
-0.00551427
0.143623
0.131731
-0.0401837
0.131731
0.152245
-0.0179142
0.131731
-0.032936
0.00656907
0.141626
-0.0121183
-0.0516044
0.0135249
0.141626
0.131331
-0.00551427
-0.0383033
0.141626
-0.00313971
0.0158613
-0.000723693
-0.0188546
-0.0546888
0.141626
0.141626
0.0127828
-0.0452975
-0.0364614
0.0120523
0.131331
-0.0382682
-0.0556359
0.0213147
0.0135249
-0.00313971
-0.0390434
0.00991091
0.0127828
0.14122
0.0213147
0.00532196
0.131731
-0.0164922
0.152245
-0.0546888
-0.0383413
-0.0589415
0.14122
-0.0446431
-0.0512879
0.0469539
0.152245
0.141626
-0.000723693
0.00410265
-0.00966928
-0.0556359
0.131331
-0.0348664
0.00471006
-0.00313971
0.0244309
0.0450884
0.0741868
0.141626
0.141626
0.152245
-0.0419821
-0.0393387
0.141626
0.0325711
0.131331
0.000474669
0.141626
0.0193781
0.0921925
0.141626
-0.030632
-0.0599684
-0.0436147
0.0166917
-0.00866588
0.0350531
0.00107837
-0.0155292
0.0203341
-0.0556359
0.131731
0.0223221
-0.0556359
0.102177
0.131331
-0.013087
-0.00607636
-0.00313971
0.131731
0.00786302
0.0166917
0.0244309
0.14122
0.131731
-0.0516044
-0.0516044
-0.0475416
-0.0179142
0.152245
-0.0373433
0.131731
0.0106169
0.152245
0.0158613
0.0278114
-0.0519138
0.0706118
-0.0581325
0.141626
-0.0169688
0.0223221
0.0987279
-0.0334374
-0.056926
0.141626
-0.0556359
0.14373
-0.0140644
0.141626
0.131331
0.102177
-0.0306794
0.14122
-0.0145544
0.131731
0.11921
0.141626
-0.0516044
-0.00255561
-0.00744306
0.0346611
-0.023325
-0.0538463
-0.0255076
-0.00194004
0.0184135
0.0107328
0.01303
0.0329804
0.106045
-0.0050885
-0.019745
-0.0407168
-0.0453542
0.0107559
-0.00441805
-0.0305066
0.0578449
0.098764
0.0981117
0.00168247
0.105184
-0.00256022
0.0618608
0.0258817
-0.00440948
-0.054735
-0.00256519
0.0603214
0.0202851
0.0340979
0.00168354
0.00410121
-0.0186057
0.0519583
-0.00960098
-0.014713
0.00168453
-0.0130031
-0.0556676
0.0733916
-0.00559806
0.0398723
-0.00562056
0.00168626
-0.0121001
-0.00965427
0.0123425
-0.00807358
-0.0250691
0.0487879
0.00596073
-0.0265983
-0.0145399
0.00229076
0.0828386
-0.0331797
0.00931573
-0.00606586
-0.00373788
0.00349761
-0.00131875
0.00410152
0.0849394
0.00168543
0.00229076
0.00725107
0.063383
0.062946
-0.00864098
0.000477337
0.00107837
0.0138202
0.0116159
0.00852975
0.00349432
-0.00133953
-0.0121057
-0.00383042
0.0930789
0.0150525
0.00108172
0.00289428
0.00229076
0.00532136
0.00229014
0.00349815
-0.00012269
0.00727611
-0.0043608
-0.000121301
0.00471429
0.0363701
0.0072553
-0.00255561
0.00791675
0.0669588
0.0193781
0.065467
0.010035
0.00533533
0.00289381
-0.000125766
-0.00319437
0.00107837
-0.00621856
0.0028933
-0.00661024
-0.00865197
-0.0121057
-0.00662144
-0.00498143
-0.00867138
-0.0086562
-0.00374028
-0.043707
-0.0193061
0.0716979
-0.0261789
-0.00865197
-0.00374028
-0.016125
-0.00713761
-0.00915388
-0.00374288
0.00108172
-0.00313469
-0.00374028
-0.00433751
-0.00313247
-0.00252721
-0.001317
-0.00434291
-0.000720109
0.000474669
-0.00562056
-0.0269762
-0.00621856
-0.00440948
-0.0103148
0.0992091
0.0028933
-0.00625173
-0.0219019
-0.0298698
-0.00316519
-0.0050353
0.00853166
-0.0186057
-0.00713761
-0.0153891
-0.00956261
0.00938625
0.0172214
0.0790381
0.0245277
0.0945146
0.0166832
0.00532136
0.00720774
0.080987
0.0120489
0.00289471
0.00229076
0.107108
-0.000720109
0.0816758
-0.00313469
0.00289471
0.00720713
0.0053211
0.00471006
0.00289471
0.00229014
0.00470969
0.0106141
-0.00374028
0.00168626
0.00289428
0.00108172
0.00593988
0.00852891
0.00349761
0.00229076
0.00786062
0.0237235
0.00593948
0.00349815
0.00289471
-0.001317
0.00168626
-0.00434011
-0.00434011
-0.000718533
0.00107837
-0.00258273
-0.00252721
0.0402995
-0.00373788
-0.00131875
-0.0255076
-0.00256022
0.00727026
0.0107439
0.01303
0.0437837
0.106045
-0.003876
-0.00012269
-0.0407168
-0.0453542
0.0107559
-0.00501442
-0.0128487
0.0578449
0.0980487
0.0981117
0.00168626
0.0120489
-0.0031755
0.0618608
0.0131023
-0.00434011
-0.054735
-0.000720109
0.0613505
0.0147341
0.00229014
0.00594079
0.00229076
-0.0252096
0.0790962
-0.00904522
-0.0328558
-0.00551075
-0.00550448
-0.0490447
-0.00374028
-0.00661742
-0.00132065
-0.00606586
-0.0117552
-0.00606586
-0.00550448
-0.00191929
-0.00713761
-0.0342279
-0.039959
-0.00374028
-0.00373788
-0.0191245
-0.00252721
0.0266446
-0.00252516
-0.00252721
-0.00192118
-0.00313469
-0.00374028
-0.012583
-0.00661369
-0.00965889
-0.0232763
-0.00252516
-0.00435663
-0.0384789
-0.00374874
-0.00606909
-0.00493031
-0.00131875
-0.00313469
-0.00253735
-0.00492751
-0.00131875
-0.00313247
-0.00374028
-0.00194765
0.00168626
-0.00502444
-0.00313247
-0.000121301
-0.00441805
-0.00317014
-0.00259694
-0.00317014
-0.00504706
0.0519164
-0.00191929
-0.00132065
-0.00765768
0.00288827
-0.001317
-0.00440948
0.00720918
0.00863831
-0.00405028
-0.000721826
-0.0326411
-0.00440948
0.0947037
-0.0315117
-0.00374028
0.0358207
0.013939
0.0320545
-0.00255136
0.00165426
0.0215678
0.00859313
0.0888541
0.00229076
0.0200303
0.0926201
0.000477337
0.00727026
0.0940772
0.0850462
0.0838029
0.0154104
-0.00191929
-0.000125766
0.0247324
-0.00191929
0.0982766
0.02109
-0.00313469
0.00228945
0.0244167
0.0257694
0.0201479
0.000478544
0.00289381
0.00593948
0.0047098
0.00108069
0.0200869
0.02109
0.0613505
0.00108069
0.0589635
-0.000124174
0.00168543
-0.00191929
0.00289471
0.064883
0.00229076
0.00228945
0.107812
0.00289471
0.0150547
0.00289471
0.00656737
0.02109
-0.00192118
0.107469
0.0455679
0.0175477
0.0193678
0.00229014
0.00990737
0.00289471
0.00229076
0.0310633
-0.00433751
0.00108172
0.00289471
0.104511
-0.000121301
0.00229076
0.00349839
0.0172672
0.00168626
0.00656788
0.00593948
0.0192328
0.00289471
0.00229076
0.00108172
0.00289428
-0.00252721
-0.00012269
0.00168543
0.00168626
0.0047098
0.0022887
-0.00373788
-0.00434011
-0.00492751
-0.00374028
-0.0106231
-0.00434011
-0.00492751
-0.00747216
-0.00661369
-0.00313247
-0.00713761
-0.0143492
-0.0178999
-0.0121057
-0.00606909
-0.0135307
-0.00787196
-0.00492751
-0.00661024
-0.00661742
-0.00252516
-0.00373788
-0.0249467
0.00229014
-0.00492751
-0.0538463
-0.0116487
-0.00620385
-0.00191929
-0.00677276
-0.00736843
-0.00252516
0.0430843
-0.00443739
-0.0308243
-0.039959
-0.0298698
-0.00314253
-0.024386
-0.00493031
-0.0168438
0.103503
-0.000720109
-0.00562056
-0.0510056
-0.00317014
-0.0272124
0.0320545
0.0750108
0.000478544
0.0287141
-0.00195655
0.0460464
0.00724717
0.00349314
-0.0431514
-0.0528692
0.00533533
0.0839747
0.0850462
0.0933225
-0.00378422
0.00660383
0.0940818
0.0108147
-0.0538036
0.0690632
0.00108172
0.000477337
-0.00134316
0.0325675
0.0282757
-0.00680815
0.0988672
0.00595874
0.00865893
-0.00502444
-0.0283841
0.00349375
0.0190612
0.00107958
-0.0499693
-0.00388984
-0.00202938
-0.0153931
0.0108325
0.103371
0.00471429
0.00410166
0.00168626
0.0213028
0.00410121
0.00720774
-0.00313469
-0.00313247
-0.00256022
0.00410104
-0.000720109
-0.00313971
-0.000718533
0.00921178
0.0271916
-0.0557623
-0.00252516
0.00533533
-0.0520031
0.064883
-0.000720109
-0.001317
-0.0050353
0.00795629
0.0255171
0.00862919
-0.00623448
-0.00012269
-0.000720109
-0.00252721
-0.000720109
-0.0358091
-0.00789437
-0.00132274
-0.00260494
-0.00134316
-0.000718533
0.00471006
0.0273298
-0.000718533
0.0316549
-0.000121301
-0.00192118
-0.00196154
0.000478544
-0.00313247
0.0947037
-0.0340379
-0.00441805
-0.00313247
-0.00192118
-0.0335549
-0.000121301
-0.00192118
-0.0510056
-0.00433751
0.00229014
-0.00550749
-0.0224577
-0.00373788
-0.00192118
-0.00313247
-0.00313469
-0.00815546
-0.0328558
-0.00313247
-0.0139813
-0.00313247
-0.0520031
-0.0182511
-0.00313247
-0.0295569
-0.00374028
-0.00252516
-0.0260386
-0.00313469
-0.00191929
-0.00252516
0.00168626
-0.00012269
0.0375291
0.000477337
0.0913744
0.00108172
0.00168626
0.00229014
0.0129903
0.00229014
0.0720887
0.000477337
0.00349815
0.00921274
-0.000121301
0.00229076
0.01303
0.00656788
0.00168626
0.0223094
0.00168543
0.00229014
0.00289471
0.000478544
0.00168453
-0.000720109
0.0405234
0.00168543
0.10171
0.00724717
0.000477337
-0.000720109
0.0213065
0.00229014
0.0053211
-0.00313469
0.00108172
0.00108069
-0.000718533
-0.00374028
-0.0315117
-0.00131875
0.00990737
0.107108
-0.0112943
-0.0111374
-0.00434011
-0.00132274
-0.00191929
0.00410265
0.0207357
-0.00433751
-0.000121301
-0.00191929
-0.015028
-0.00131875
-0.00713761
-0.00131875
-0.00252721
-0.00131875
-0.00012269
-0.00252944
-0.00607259
-0.000718533
-0.00435279
-0.00012269
-0.00492751
-0.00313247
-0.00435279
-0.0347196
-0.00714125
-0.0019255
0.000474669
-0.00550749
-0.00865197
-0.0250298
-0.00313469
-0.00191929
-0.00252516
-0.00313469
-0.00313247
-0.00252516
-0.00550448
-0.00313247
-0.00313469
-0.00252721
-0.00191929
-0.00313469
-0.00252516
0.0435279
-0.00493031
-0.00373788
-0.00313247
-0.00373788
-0.00492751
0.0123681
-0.00192325
-0.00373788
-0.0351974
-0.00131875
-0.00661024
-0.00315251
-0.00606909
-0.0347608
-0.0203877
0.0633878
-0.00433751
-0.00434291
-0.00764951
0.00471382
0.00228603
0.00471382
-0.00012269
-0.00373788
-0.001317
0.00288515
-0.00252721
0.00229076
-0.00191929
0.0861297
0.102177
0.0131609
-0.000720109
0.00107958
0.0053211
0.00168626
-0.001317
-0.00191929
0.00168626
0.0787469
0.0911054
0.00108069
0.0461484
-0.000720109
0.0174279
0.000478544
-0.00012269
0.105278
0.000476049
0.071281
-0.0260731
-0.00990765
-0.00682807
-0.00374028
-0.00373788
-0.0367717
-0.00904522
-0.0297532
-0.00843671
-0.0207174
-0.0418802
-0.00131875
-0.00313469
-0.0257819
-0.0522456
0.0028933
0.0807284
0.00933557
0.0276399
0.0659928
0.0938124
0.0290416
0.00108069
0.0107439
0.0100143
0.0982766
0.110816
0.00229076
0.0787626
0.0206312
0.0223473
0.0213836
0.0967899
0.0419437
0.0022688
0.0550791
0.0871495
0.0086482
0.0305072
0.0987246
0.00168626
0.0292601
0.00727026
0.00168543
0.0184135
0.00289471
0.00597347
0.0164893
0.0106129
0.10051
0.0603214
0.00229014
0.0106141
-0.0164418
-0.0383521
-0.00252721
-0.037067
-0.0492321
-0.0106651
-0.0178812
-0.0025345
-0.0156084
-0.00664106
-0.00433751
-0.033629
-0.0111322
-0.00192118
-0.0109672
0.00597049
0.00107958
0.00229014
-0.000121301
-0.0469799
0.00410258
0.0369973
0.0028933
0.0190123
0.00288627
0.00727611
-0.042767
0.00795629
0.0974502
0.0265919
0.0155508
0.074651
0.0950596
0.0131023
0.0468692
0.0791491
-0.00317014
0.0298109
0.0181737
-0.0311551
0.0716979
0.0244366
0.0079483
0.00725989
0.00933557
0.105503
0.00163887
0.0816758
0.00349839
-0.000720109
0.0790381
0.00108172
0.00108172
0.00107837
-0.00663048
-0.0342773
-0.0283285
-0.00313247
-0.0633543
-0.0407168
-0.00314253
-0.00493031
-0.00375203
-0.00816472
-0.00252516
-0.0160041
-0.0115672
-0.0050353
-0.0453542
0.00168626
0.00168453
0.00107566
-0.00374028
0.00108069
0.0498868
-0.000723693
-0.00192325
0.0171397
0.00229014
-0.00373788
-0.00374288
0.0262751
-0.0116171
0.0954484
0.0282757
-0.00131875
-0.0130031
0.00921491
0.0513663
0.0938124
0.0778099
0.00933557
0.00107837
-0.00313469
0.0487383
0.00168453
0.0323834
0.0639502
0.0740294
0.0864291
-0.000718533
0.0227407
-0.00191929
0.0994777
-0.00191929
0.00229014
0.00229076
0.033516
0.00229076
0.104105
0.0184402
0.00289471
0.0912149
0.00108069
0.00108172
0.00168543
-0.00252721
0.00228945
0.00289471
0.0976616
0.00168626
-0.000720109
0.00229076
0.000477337
0.0652853
-0.00131875
0.00108172
0.0627885
0.0172214
0.00229076
-0.00965427
0.0181737
0.00289428
0.00229076
-0.00191929
0.0166858
0.0346611
-0.00374028
0.00229076
0.00289428
-0.00434011
0.00229076
-0.00191929
-0.000121301
0.00108069
0.00410283
0.00228945
0.0120474
0.0047098
0.00410278
-0.00252721
0.0289443
0.00168626
0.00990847
0.0203232
0.00532136
0.0415332
0.0954484
0.00349815
0.00470969
0.00349761
0.00108172
0.0528801
0.0106141
-0.00192118
0.0255171
0.00289471
0.00289471
0.00229014
0.00349839
0.00349815
0.0415417
-0.00252721
0.105999
0.00349839
-0.00192118
0.0804394
0.00349839
0.0191711
0.000478544
-0.00606909
-0.00493031
-0.00252721
-0.00132065
0.00349839
-0.00433751
0.00168626
-0.00192118
0.0457033
0.109166
-0.00313247
-0.00012269
0.00108069
0.0246262
0.0213836
0.00990847
0.00593948
0.00108069
0.0828549
0.00289428
0.00168543
-0.00012269
0.0637953
-0.000121301
0.00108172
-0.00373788
0.0761098
0.0226308
-0.00252516
0.0130763
0.0325567
-0.00252516
-0.0295517
-0.00764951
-0.00373788
-0.00661369
-0.00192118
-0.00192118
-0.00252721
-0.00606586
-0.00191929
-0.0451998
-0.0159964
-0.0266282
-0.00433751
-0.00373788
-0.00192118
-0.00965889
-0.00192118
-0.00493031
-0.00313469
-0.00434011
-0.00252721
-0.00373788
-0.0135548
-0.00192118
-0.00434011
-0.00374028
-0.00252516
-0.0515208
-0.00252721
-0.0392615
-0.00313469
-0.00252516
-0.00252516
-0.00313247
-0.0417351
-0.00661369
-0.00434011
-0.00373788
-0.00252721
-0.00433751
-0.0646935
-0.00313247
-0.00313469
-0.0421461
-0.00313247
-0.00714125
-0.0522456
-0.00252516
0.0106129
0.0113263
0.0336955
0.00289471
0.0671197
0.00289428
0.0120474
0.0850331
0.00289428
0.0211552
0.0744477
0.00289428
0.0965384
0.0047098
0.0592892
0.00289471
0.0337869
0.00289428
0.0561423
0.00289471
0.0325504
0.00289428
0.0322127
0.0333497
0.00229014
0.0223094
0.0166858
0.00349839
0.019371
0.0415417
-0.0101561
0.00229076
0.0416108
0.0113263
0.00229076
0.0166858
0.0325567
0.0356638
0.0869552
0.0355184
0.00410272
0.00289471
0.00229076
0.00229076
0.00168543
0.0150525
-0.000720109
0.00107837
0.00108172
0.00593988
0.00108172
0.00921178
0.0911718
0.000478544
0.00289428
0.00168543
0.00168626
0.00108172
0.0310877
0.00349789
0.00108172
0.00229014
0.0307754
0.0226308
0.0680976
0.0925057
0.00108172
0.0791491
0.00289428
-0.000718533
0.0210296
0.00410283
0.0375885
-0.0106489
-0.0383487
0.00228788
0.0123681
-0.00131875
0.0053211
0.00349432
0.0123681
0.0754026
0.0213028
-0.00131875
0.0192328
0.00661117
0.00596073
0.010291
0.00108069
0.00594079
0.0483436
0.0214722
0.101503
0.0615016
0.0141012
0.0513663
0.00792787
-0.0031371
0.0712903
0.0108518
0.0930789
0.0231143
0.0154415
0.0825172
-0.00313971
0.107471
0.0122969
0.0705506
0.0307754
0.0534944
0.00858229
0.0401637
0.0906815
0.103249
0.104511
0.00471055
0.0477534
0.0598261
0.00108172
0.0315687
0.0269448
0.0314513
0.0115161
0.0540263
0.0115712
0.0860275
0.0146047
0.00349789
0.0200303
0.00859313
0.0047098
0.0903529
0.104295
0.0874972
0.0719844
0.0419437
0.0390369
0.0100052
0.0840176
0.100339
0.100785
0.100186
0.0131023
0.0643647
0.0410258
0.0165428
0.0267693
0.0417108
0.0162419
0.0130763
0.00532196
0.11406
0.0698117
0.0100143
0.0860275
0.0220576
0.0232565
0.0239661
0.00410272
0.105223
0.0354464
0.0577166
0.0540385
0.0778099
0.0342106
0.0769273
0.00720843
0.00943671
0.105271
0.0270635
0.0319079
0.0733446
0.0988751
0.0948286
-0.0244438
-0.0316821
-0.00852677
-0.0347608
-0.0499862
-0.0256031
-0.00791864
-0.0351974
-0.0156084
-0.0234972
-0.0450461
-0.0712571
0.0346611
0.0147341
0.0147732
-0.000720109
0.00349815
0.0343232
0.0180788
0.0566683
0.0130094
0.0255688
0.100513
0.105097
0.0928539
0.0669588
0.010783
0.0320545
0.088103
0.0243521
0.0850331
0.0156391
0.110598
0.100782
0.0480447
0.0306362
0.0686424
0.00349839
0.111544
0.0414951
0.0587705
0.0307754
0.000478544
0.0848697
0.0273298
0.0129727
0.00289381
0.025249
0.0303877
0.0705887
0.10812
0.043075
0.0871495
0.00349839
0.0976616
0.0162756
0.0740012
0.0997248
0.0713831
0.106008
0.10041
0.0356638
0.00168543
0.084908
0.071281
0.0721225
0.0053211
0.071281
0.0191711
0.0982697
0.107924
0.0874972
0.0381919
0.0608559
0.0189669
0.0162419
0.0131305
0.107302
0.0639502
0.0184135
0.0861297
0.0698788
0.0210296
0.0107559
0.0940818
0.0424663
0.113935
0.0714274
0.0145782
0.107471
0.0840263
0.0830771
0.0480447
0.0750108
0.0137525
0.055655
0.0369973
0.0753525
0.0871495
0.0429124
0.0325675
0.0361729
0.00229014
0.102858
0.0285567
0.0277351
0.0047098
0.012196
0.0316462
0.090257
0.0942584
0.0540978
0.091916
0.00349839
0.0744477
0.0242738
0.0513663
0.0947888
0.0713831
0.0694021
0.000477337
0.0356638
0.0386227
0.0505891
0.00228945
0.0436397
-0.0226334
-0.0332782
-0.0200102
-0.033332
-0.0556676
-0.0330348
-0.0123207
-0.00252516
-0.0144156
-0.017366
-0.042689
-0.0609722
-0.0275574
-0.0259723
-0.0443066
-0.0245538
-0.0175376
-0.0289484
-0.0173541
-0.0480971
-0.0325887
-0.0176627
-0.0370973
-0.0164626
-0.0150061
-0.0407168
-0.0507951
-0.0392615
-0.0416912
-0.0412762
0.0233362
0.0416108
0.0255171
0.0375885
0.0150525
0.0135189
0.00786062
0.0233511
0.00656845
0.00786214
0.00594031
0.0350305
0.00656788
0.0127808
0.0113263
0.00593948
0.00593988
0.00921274
0.00990847
0.0142758
0.0193678
0.0166858
-0.00965427
-0.0106439
-0.00606586
-0.00865197
-0.030186
-0.0130676
-0.00965427
-0.0140503
-0.00815546
-0.0121057
-0.0106489
-0.0086562
-0.0116171
-0.00965427
-0.00815141
-0.00965889
-0.0106439
-0.012583
-0.00815141
-0.00965889
-0.00915829
-0.0101512
-0.0106489
-0.00764951
-0.0174253
-0.00493031
-0.0106439
-0.0155137
0.00532136
0.00532136
0.00532136
0.00532136
0.00921274
0.00532136
0.0053211
0.00470969
0.00593948
0.00532136
0.00593988
0.00410278
-0.00191929
0.00470969
0.00532136
0.00720774
0.00532136
0.0053211
0.0047098
0.00593948
0.0047098
0.000478544
0.00656737
0.00656788
0.0053211
0.00470969
0.0047098
0.00593948
0.00470969
0.00720774
0.0053211
0.00470969
0.00410283
0.0047098
0.00470969
0.00593948
0.00410283
0.00786135
0.00470969
0.0053211
0.00656737
0.00410283
0.00852975
0.00410278
0.00349839
0.00470969
0.0047098
0.00349839
-0.00192118
0.00108069
0.00532136
-0.0135747
0.0047098
0.0047098
0.00470969
0.00470969
0.00168543
0.0047098
0.00349839
-0.00373788
0.00410283
0.00410283
0.00410283
0.00349839
0.00593988
0.0053211
0.0047098
0.0053211
0.00410283
0.00410278
-0.00915829
-0.0101512
-0.00915388
-0.00865197
-0.00815546
-0.0086562
-0.00714125
-0.00865197
-0.00765335
-0.00915829
-0.0086562
-0.00965889
-0.00714125
-0.0116171
-0.0101512
-0.0101512
-0.0155137
-0.0101512
-0.00714125
-0.00915388
-0.0086562
-0.0101512
-0.0121057
-0.0145399
-0.0111322
-0.00915829
-0.0086562
-0.00915388
-0.0121057
-0.030885
-0.00815141
-0.00765335
-0.00965427
-0.00815141
-0.00865197
-0.00915829
-0.0086562
-0.00915829
-0.00915829
-0.00915388
-0.00915829
-0.0101512
-0.00661369
-0.00865197
-0.00713761
-0.0086562
0.0047098
0.00289471
0.00410278
-0.0121183
0.00229014
0.00410278
0.00410283
-0.0126018
0.0047098
0.0047098
0.00349815
0.00349815
0.00410278
0.00289471
0.00229076
0.00168626
0.00410283
0.00410278
0.00108069
0.0047098
-0.000121301
0.00289471
0.00289471
0.00349839
0.00289428
0.00410278
0.00229014
0.00289471
0.00229076
0.00410283
0.00349839
0.00349839
0.00349839
0.00349815
0.00349839
-0.00764951
-0.00865197
-0.00915388
-0.00965427
0.00593948
0.00593988
0.0053211
0.0053211
0.00532136
0.0053211
0.0053211
0.00532136
0.00470969
0.00593988
0.00593948
0.0047098
0.00470969
-0.00313469
0.00532136
0.00593988
0.00593988
0.00593988
0.00532136
0.00593988
0.00410283
-0.00965427
-0.0101561
-0.00815546
-0.0111322
-0.0086562
-0.0086562
0.00470969
0.00349815
0.00593988
0.00593988
0.00470969
0.00532136
0.0053211
0.00532136
0.00532136
0.0053211
0.00470969
0.00349815
0.00410278
-0.00252516
0.00532136
0.00168543
0.00532136
0.0053211
0.00532136
0.00349815
0.00470969
0.00593988
0.0053211
0.00349839
0.00532136
0.00593988
0.00532136
0.00410283
0.00593988
0.0053211
0.0053211
0.00593988
0.0053211
0.0053211
0.0053211
0.0053211
0.00349839
0.00593988
0.0053211
-0.00252516
0.00289471
0.00470969
-0.00714125
-0.0086562
-0.00714125
-0.00661369
-0.00965427
-0.0086562
-0.00714125
-0.00915388
-0.00713761
-0.00661369
-0.00661369
-0.00815546
0.00470969
0.00532136
0.0053211
0.0053211
0.00656788
0.00349839
0.0053211
0.00532136
0.00593948
0.00532136
0.0053211
0.00470969
0.0053211
0.0053211
0.00593988
0.0047098
0.00349839
0.0047098
0.00289471
0.00593988
0.00410278
0.00470969
0.0053211
0.0053211
0.00593988
0.0053211
0.00470969
0.00593988
0.00229014
0.00656788
0.00593988
0.00593988
0.00532136
0.00470969
0.00532136
0.0053211
-0.00915388
-0.0101561
-0.0111374
0.00593988
0.0053211
0.0053211
0.00349815
0.000478544
0.00593988
0.00410283
0.00289428
0.00656788
0.0047098
0.00349815
0.00470969
0.00532136
0.00532136
0.0047098
0.00593988
0.0053211
0.00656788
0.00470969
0.00593988
0.00410283
0.0053211
0.00470969
0.00656788
0.00532136
0.00532136
0.00470969
0.00593988
0.00470969
0.00656788
0.00593988
0.00410283
0.00532136
0.00532136
0.00410283
0.00532136
0.00470969
0.0053211
0.00593948
0.00656788
0.00410283
0.00593948
0.00593988
0.00349839
0.00108069
0.00593988
0.00470969
0.00410283
0.00593948
0.00593988
0.00593988
0.00593988
0.00349815
0.00470969
0.0053211
0.00410278
0.00593988
0.00656788
0.00470969
0.00593988
0.0053211
0.0053211
0.00656788
0.0053211
0.00720774
0.0053211
0.00532136
0.00349839
0.00593948
0.0053211
0.00593988
0.00593948
0.00593988
0.00470969
0.00470969
0.00593988
0.00720774
0.00720713
0.00593948
0.00656788
0.00470969
0.0053211
0.00593948
0.00593988
0.00656737
0.0053211
0.0053211
0.00656788
0.00656737
0.00720713
0.00593948
0.00593948
0.00470969
0.00593988
0.00656788
0.00532136
0.00720713
0.00532136
0.00656788
0.00720774
0.00593948
0.00656788
0.00470969
0.0053211
0.00593948
0.00593988
0.00470969
0.00593988
0.00593948
0.00532136
0.00289471
0.00720774
0.00720774
0.00720774
0.00593988
0.00656788
0.00593988
0.00593948
0.0053211
0.0053211
0.00656737
0.00593948
0.00593948
0.00593948
0.00656788
0.00656788
0.00349839
0.0053211
0.00656788
0.00593948
0.00593988
0.0053211
0.00656788
0.00470969
0.00229076
0.00593988
0.00593948
0.0053211
0.00289471
0.00720774
0.00720774
0.00720774
0.00470969
0.00593948
0.00720713
0.00593948
0.00593988
0.00656788
0.00720774
0.00470969
0.00720713
0.00656788
0.00593988
0.0053211
0.00720774
0.00656737
0.00410283
0.0053211
0.00720774
0.00593948
0.00656788
0.00593948
0.00720713
0.00532136
0.0053211
0.00852975
0.00786135
0.00786135
0.00656737
0.0053211
0.00593988
0.00656788
0.00229014
0.00656788
0.00786135
0.00720713
0.00532136
0.00656737
0.00720713
0.00593948
0.00593948
0.00786062
0.00720774
0.00656788
0.00593948
0.00720774
0.00593948
0.00656788
0.00593988
0.00656788
0.00349815
0.00720774
0.00852975
0.00593988
0.00410278
0.00720713
0.0047098
0.00852891
0.00720774
0.00656788
0.00786135
0.0047098
0.00852891
0.00786062
0.00410278
0.00410283
0.00656788
0.00786135
0.00656737
0.00852975
0.00990847
0.00786135
0.00786062
0.0053211
0.00720713
0.00852891
0.00349839
0.00532136
0.0053211
0.00786135
