-4.98344
-4.98343
-4.98336
-4.98345
-4.98345
-4.9817
-4.9834
-4.9817
-4.98345
-4.98337
-4.98167
-4.98176
-4.98341
-4.98342
-4.98336
-4.9834
-4.9834
-4.98344
-4.98336
-4.98176
-4.98344
-4.98339
-4.98336
-4.98171
-4.98337
-4.9834
-4.98339
-4.98172
-4.98168
-4.98343
-4.98342
-4.98338
-4.98342
-4.98338
-4.98175
-4.98335
-4.98341
-4.98172
-4.98343
-4.9817
-4.9834
-4.98336
-4.98172
-4.98343
-4.98344
-4.98173
-4.98174
-4.98336
-4.98337
-4.9817
-4.9817
-4.98342
-4.98172
-4.98338
-4.98338
-4.9834
-4.9834
-4.98167
-4.98176
-4.98341
-4.98172
-4.98343
-4.98339
-4.98338
-4.9817
-4.98337
-4.98339
-4.98173
-4.98342
-4.98337
-4.98177
-4.98337
-4.98343
-4.98342
-4.9817
-4.98337
-4.98339
-4.98344
-4.98339
-4.98175
-4.98339
-4.9834
-4.98341
-4.98341
-4.98344
-4.98338
-4.98168
-4.9834
-4.98339
-4.98342
-4.98345
-4.98168
-4.98337
-4.98345
-4.98172
-4.9817
-4.98345
-4.98168
-4.98345
-4.9834
-4.98339
-4.98342
-4.98342
-4.98337
-4.98343
-4.9834
-4.98175
-4.98339
-4.98335
-4.98345
-4.98338
-4.98344
-4.98339
-4.98167
-4.98342
-4.98168
-4.9834
-4.98343
-4.98343
-4.9817
-4.98335
-4.98337
-4.98169
-4.98338
-4.98343
-4.98341
-4.98343
-4.98171
-4.98339
-4.98338
-4.9834
-4.98335
-4.98338
-4.98336
-4.98344
-4.98344
-4.98342
-4.98337
-4.98336
-4.9834
-4.98341
-4.98343
-4.98336
-4.98341
-4.98337
-4.98338
-4.98176
-4.98339
-4.98171
-4.98342
-4.98176
-4.9834
-4.98344
-4.98342
-4.98343
-4.98335
-4.98345
-4.98342
-4.98173
-4.98336
-4.98171
-4.98337
-4.98336
-4.98342
-4.98176
-4.98338
-4.98343
-4.98344
-4.98339
-4.98337
-4.98336
-4.98337
-4.9834
-4.98339
-4.98338
-4.98338
-4.98341
-4.98345
-4.98345
-4.98339
-4.98337
-4.98338
-4.98338
-4.98342
-4.98343
-4.98167
-4.98174
-4.98171
-4.98169
-4.98344
-4.98344
-4.98173
-4.98342
-4.98175
-4.98172
-4.98343
-4.98341
-4.98339
-4.98168
-4.98343
-4.9834
-4.98171
-4.98336
-4.98336
-4.98338
-4.98336
-4.98341
-4.98168
-4.98336
-4.98341
-4.98344
-4.98175
-4.98338
-4.98337
-4.9834
-4.98336
-4.98344
-4.98335
-4.98343
-4.98339
-4.98339
-4.98335
-4.98337
-4.9834
-4.98337
-4.98342
-4.98338
-4.98171
-4.9834
-4.98337
-4.9834
-4.9817
-4.98342
-4.98338
-4.98341
-4.98339
-4.98342
-4.98339
-4.98336
-4.98171
-4.98176
-4.98338
-4.98343
-4.98169
-4.98338
-4.9834
-4.98341
-4.98175
-4.98342
-4.98336
-4.98339
-4.98175
-4.98339
-4.98336
-4.98338
-4.98176
-4.98338
-4.98342
-4.98336
-4.98338
-4.98341
-4.98342
-4.98173
-4.98174
-4.98335
-4.98344
-4.9834
-4.98338
-4.98337
-4.9817
-4.98344
-4.98338
-4.98343
-4.9817
-4.98342
-4.98337
-4.98343
-4.98338
-4.98337
-4.98336
-4.98337
-4.98174
-4.98339
-4.98175
-4.98345
-4.98338
-4.98173
-4.98173
-4.98176
-4.98341
-4.98168
-4.98341
-4.98167
-4.98337
-4.98342
-4.98344
-4.98338
-4.98343
-4.98336
-4.98336
-4.98344
-4.98339
-4.98337
-4.98335
-4.98343
-4.98343
-4.98336
-4.98336
-4.98339
-4.98345
-4.98339
-4.98344
-4.98336
-4.98174
-4.98167
-4.98341
-4.9834
-4.9834
-4.98336
-4.98338
-4.98345
-4.98342
-4.98338
-4.98345
-4.9834
-4.98344
-4.98176
-4.98168
-4.98342
-4.9834
-4.9834
-4.98337
-4.9834
-4.9817
-4.98342
-4.98341
-4.98339
-4.98345
-4.98343
-4.98338
-4.98344
-4.98342
-4.9834
-4.98344
-4.98344
-4.98167
-4.98171
-4.98171
-4.98343
-4.98339
-4.98336
-4.98341
-4.98337
-4.98338
-4.98336
-4.98343
-4.9834
-4.98344
-4.9817
-4.98343
-4.98344
-4.98343
-4.98336
-4.98172
-4.98171
-4.98343
-4.98335
-4.98336
-4.98337
-4.9834
-4.98337
-4.98337
-4.98343
-4.98343
-4.98176
-4.98342
-4.98342
-4.98345
-4.9834
-4.98338
-4.98176
-4.98343
-4.98335
-4.98342
-4.98171
-4.98171
-4.9817
-4.98173
-4.98337
-4.98176
-4.98336
-4.98167
-4.98175
-4.98345
-4.98343
-4.98171
-4.98169
-4.98335
-4.98338
-4.98343
-4.98336
-4.98336
-4.98342
-4.98342
-4.9817
-4.98171
-4.98337
-4.98338
-4.98342
-4.98167
-4.98335
-4.98337
-4.98344
-4.98341
-4.98339
-4.98345
-4.98339
-4.98175
-4.98343
-4.98344
-4.9834
-4.98173
-4.98173
-4.98339
-4.9834
-4.98343
-4.98343
-4.98337
-4.9834
-4.98341
-4.98336
-4.98173
-4.98345
-4.98335
-4.98337
-4.98335
-4.98344
-4.98343
-4.98175
-4.98344
-4.98171
-4.98171
-4.98337
-4.98339
-4.98341
-4.98337
-4.9834
-4.9834
-4.98339
-4.98338
-4.98345
-4.98343
-4.98338
-4.98336
-4.98338
-4.98171
-4.98335
-4.98173
-4.9834
-4.98338
-4.98175
-4.98176
-4.98168
-4.98173
-4.98174
-4.98167
-4.98338
-4.98341
-4.98175
-4.98335
-4.98338
-4.98171
-4.98345
-4.98338
-4.98338
-4.98339
-4.98343
-4.98335
-4.98174
-4.98343
-4.98337
-4.9834
-4.98341
-4.98341
-4.98339
-4.98344
-4.9834
-4.98336
-4.9817
-4.98343
-4.98338
-4.98174
-4.98336
-4.9834
-4.98343
-4.98175
-4.98171
-4.98343
-4.98343
-4.98341
-4.98176
-4.98174
-4.98338
-4.98339
-4.9834
-4.98176
-4.98339
-4.98338
-4.9834
-4.98338
-4.98176
-4.98341
-4.98345
-4.98167
-4.98173
-4.98341
-4.98339
-4.98338
-4.98175
-4.9834
-4.9834
-4.98338
-4.98341
-4.98342
-4.9834
-4.98343
-4.98342
-4.98171
-4.98344
-4.98336
-4.98342
-4.98169
-4.98345
-4.98342
-4.98337
-4.98344
-4.98176
-4.9817
-4.98173
-4.98339
-4.98339
-4.98343
-4.98338
-4.98343
-4.98343
-4.98174
-4.98171
-4.98337
-4.98343
-4.98345
-4.98167
-4.98336
-4.98174
-4.9834
-4.98336
-4.98342
-4.98345
-4.98339
-4.98342
-4.98171
-4.98337
-4.98342
-4.98343
-4.9834
-4.98335
-4.98343
-4.98336
-4.98175
-4.98337
-4.98344
-4.98338
-4.9834
-4.98342
-4.98335
-4.9834
-4.98338
-4.98335
-4.98176
-4.98341
-4.98344
-4.98338
-4.98171
-4.98344
-4.98175
-4.98344
-4.98338
-4.98336
-4.9834
-4.98344
-4.98344
-4.98342
-4.98343
-4.98339
-4.98174
-4.98336
-4.98337
-4.98337
-4.98338
-4.98343
-4.98338
-4.98344
-4.98176
-4.98342
-4.9834
-4.98344
-4.98337
-4.98343
-4.98338
-4.98344
-4.98336
-4.98343
-4.98337
-4.98343
-4.98336
-4.98167
-4.98342
-4.98176
-4.98171
-4.98337
-4.98344
-4.98341
-4.98169
-4.98341
-4.98339
-4.98337
-4.98344
-4.98342
-4.98169
-4.98344
-4.98335
-4.98345
-4.98341
-4.98337
-4.98337
-4.98341
-4.98336
-4.98176
-4.9834
-4.98174
-4.98176
-4.9834
-4.98174
-4.98338
-4.9834
-4.9834
-4.98344
-4.9817
-4.98339
-4.98338
-4.9817
-4.98344
-4.98343
-4.98339
-4.9817
-4.98345
-4.98177
-4.98339
-4.98337
-4.98342
-4.98339
-4.98341
-4.98335
-4.98344
-4.98344
-4.98338
-4.98335
-4.98343
-4.98339
-4.98341
-4.98171
-4.98167
-4.98168
-4.98336
-4.98345
-4.98172
-4.98169
-4.98336
-4.98344
-4.98336
-4.9834
-4.9834
-4.98339
-4.98337
-4.98176
-4.98172
-4.98176
-4.98338
-4.98174
-4.98344
-4.98343
-4.98177
-4.9834
-4.98342
-4.98172
-4.98341
-4.98175
-4.98168
-4.98345
-4.98342
-4.98345
-4.98339
-4.98339
-4.9834
-4.98344
-4.98335
-4.98175
-4.98339
-4.98343
-4.98344
-4.98338
-4.98336
-4.98343
-4.98338
-4.98344
-4.98336
-4.98175
-4.98342
-4.98336
-4.98337
-4.98336
-4.98336
-4.98336
-4.9834
-4.98343
-4.98335
-4.98338
-4.98341
-4.98341
-4.98341
-4.9817
-4.98341
-4.98341
-4.9834
-4.98172
-4.98341
-4.98175
-4.98343
-4.98338
-4.98337
-4.98338
-4.98337
-4.98343
-4.98337
-4.98343
-4.98338
-4.98336
-4.98336
-4.9834
-4.98339
-4.98338
-4.98345
-4.98335
-4.98173
-4.98342
-4.98339
-4.98343
-4.98339
-4.98341
-4.98338
-4.98337
-4.98338
-4.98335
-4.98345
-4.98342
-4.98342
-4.98337
-4.98345
-4.98341
-4.98339
-4.9834
-4.98336
-4.98336
-4.98176
-4.98176
-4.98169
-4.98335
-4.98343
-4.98344
-4.98336
-4.98173
-4.98338
-4.98339
-4.9817
-4.98168
-4.9834
-4.9834
-4.98173
-4.98337
-4.98177
-4.98338
-4.98344
-4.98341
-4.98176
-4.98341
-4.98343
-4.98173
-4.98344
-4.98343
-4.98337
-4.98339
-4.98341
-4.98336
-4.98335
-4.98169
-4.98168
-4.98345
-4.98339
-4.98342
-4.98344
-4.98174
-4.98339
-4.98337
-4.98172
-4.9834
-4.98338
-4.98338
-4.98337
-4.98338
-4.98343
-4.98345
-4.98344
-4.9834
-4.98345
-4.98339
-4.98341
-4.9834
-4.98344
-4.98339
-4.98344
-4.98168
-4.98337
-4.98343
-4.98171
-4.98168
-4.98343
-4.98344
-4.98169
-4.98176
-4.98339
-4.98342
-4.9817
-4.98337
-4.98167
-4.98335
-4.98336
-4.9834
-4.98337
-4.9834
-4.98338
-4.98337
-4.98336
-4.98342
-4.98175
-4.98174
-4.98337
-4.98172
-4.98167
-4.98168
-4.9817
-4.98171
-4.9834
-4.98344
-4.98338
-4.9834
-4.98336
-4.98345
-4.98175
-4.9834
-4.98172
-4.98176
-4.98341
-4.98174
-4.98341
-4.98341
-4.98173
-4.9834
-4.98344
-4.98342
-4.98168
-4.98174
-4.98337
-4.98338
-4.98171
-4.98338
-4.98343
-4.98341
-4.98341
-4.98336
-4.98176
-4.98173
-4.98338
-4.98336
-4.98336
-4.98336
-4.98174
-4.98342
-4.98336
-4.9834
-4.9834
-4.98337
-4.98339
-4.98344
-4.98337
-4.98174
-4.98337
-4.98336
-4.98174
-4.98343
-4.9817
-4.98339
-4.98341
-4.98335
-4.98168
-4.98336
-4.98345
-4.98345
-4.9817
-4.98174
-4.98344
-4.98335
-4.98338
-4.98336
-4.98175
-4.9834
-4.98344
-4.98345
-4.98343
-4.9834
-4.9834
-4.98168
-4.98174
-4.98172
-4.98337
-4.98336
-4.98168
-4.98343
-4.98341
-4.98342
-4.98169
-4.98339
-4.98344
-4.98169
-4.98338
-4.98342
-4.9834
-4.98341
-4.98337
-4.98342
-4.98344
-4.98337
-4.98341
-4.98336
-4.98175
-4.98343
-4.98344
-4.98336
-4.98176
-4.98336
-4.98341
-4.98345
-4.98175
-4.98337
-4.98339
-4.98345
-4.98167
-4.9834
-4.98345
-4.98343
-4.98345
-4.98341
-4.98176
-4.9834
-4.98173
-4.98337
-4.98173
-4.98343
-4.98342
-4.9834
-4.98337
-4.98339
-4.98173
-4.98342
-4.98335
-4.98337
-4.98338
-4.98335
-4.98172
-4.98339
-4.98337
-4.9834
-4.98174
-4.98343
-4.98335
-4.98335
-4.98174
-4.98344
-4.98337
-4.98335
-4.98171
-4.98342
0.000170144
0.111217
0.00204772
0.00361065
1.00069
1.00183
0.0580657
1.0011
0.0932084
0.0386374
1.00098
1.00029
-0.000793954
0.813258
1.00066
0.111059
1.00072
0.0236714
-0.00027721
1.00117
0.134515
1.00152
0.131366
1.00069
0.00840906
0.620152
1.0012
1.00063
1.00174
1.00013
0.00878394
0.244262
0.0564771
0.0213647
1.00175
1.00088
0.0115701
1.00035
0.0393357
1.00078
0.39118
1.00085
1.00043
0.0386266
0.000533776
1.00105
1.00037
0.00050668
-0.000111126
1.00056
1.00013
0.00141609
1.00116
1.00092
1.00116
1.00101
0.107444
1.00111
1.00203
0.00144173
1.00061
1.00058
1.00001
0.00766543
1.00087
1.00086
0.334864
1.00159
0.17331
0.177688
1.00139
0.015598
1.00008
1.00147
1.00114
0.0420672
0.1114
0.0030329
0.977021
1.00215
0.116455
0.0191532
0.0342727
0.0212948
0.22252
1.00079
1.00089
0.0655944
1.00053
0.00253131
0.0488951
1.00113
0.00048864
1.00031
1.00196
1.00105
1.00146
1.00015
0.00193965
0.324436
1.00035
0.0328174
1.00169
1.00094
0.149896
0.00212791
1.00082
0.0865373
1.00135
-0.000575608
0.004783
0.509202
1.00078
1.00065
0.00579012
1.00197
0.0704146
0.00701702
0.0040307
1.00042
1.00132
0.226451
1.0011
1.00168
0.0568289
0.260241
0.980102
1.00159
1.00088
1.00045
1.00064
0.0918836
0.724186
0.220635
0.963025
0.0357134
0.0151529
0.6602
0.0417775
0.243069
0.162919
0.00324245
1.00171
9.58624e-05
1.00162
0.520919
1.00132
0.0576698
1.00053
0.0410218
1.00062
0.304673
1.00027
0.0277241
-0.000575242
1.00125
0.0205395
0.00483527
1.00135
1.00139
1.00063
0.0138802
1.00043
1.0004
1.00067
0.48014
0.0596355
0.300227
1.00096
1.00163
0.00434981
0.024669
0.924766
0.00392611
0.00743804
0.0135098
0.00018856
0.00241947
1.001
0.0291345
-0.000680591
-0.000675561
0.187551
0.00375911
0.0228679
1.0005
1.00202
1.00119
1.00116
0.931069
1.00007
1.00113
0.0140017
1.00124
1.00129
1.00017
0.00584333
1.00069
1.00075
1.0016
0.186762
1.00036
0.0161751
0.495597
1.00039
1.0001
0.12698
1.00102
-0.000686675
0.128254
-0.000793517
1.0005
0.0414564
1.00173
-1.20814e-05
1.00028
0.0110645
0.425929
0.0147957
0.0360356
1.0001
0.0134206
0.0309335
0.0516844
0.0462214
1.0002
0.118495
1.00014
0.208826
0.042829
1.00091
1.00205
0.107654
0.265504
1.00172
0.00626369
0.0464473
-0.000173589
1.00025
1.00041
1.00026
1.00012
0.00257125
1.00091
0.0489212
0.103253
0.187509
1.00051
0.00472705
0.236595
0.229959
1.0017
0.120545
1.00045
0.000610913
1.00188
1.00024
0.648265
0.0215312
0.0128267
0.39177
0.234167
1.00004
1.00162
0.0140612
0.000151637
1.00007
0.0220025
1.00004
1.00128
0.0428506
0.0165531
0.761552
1.00109
0.624179
0.177706
1.00003
0.851664
0.00362472
0.204679
0.333145
1.00012
0.04766
1.00194
1.00013
0.0248381
1.00214
1.00129
1.00112
0.0136018
1.00076
0.0557275
1.00031
0.0296385
1.00123
1.00001
0.000176152
0.110624
1.00033
1.0001
0.279165
1.00044
1.00003
0.118808
0.0197593
0.00140892
0.00130406
0.02843
0.0499555
0.364573
1.0008
0.00607787
0.0412772
1.00209
1.00215
0.213228
0.0139591
0.00180702
1.00138
0.0106403
0.467535
0.0108918
0.0417747
0.0589313
0.111675
0.0218567
1.00045
1.00127
0.420277
0.401876
0.0276804
1.00025
0.0135251
1.00165
1.00104
0.00906966
0.0306359
0.0625726
0.00591656
0.0383506
0.00752482
0.0113186
1.00159
0.00764539
1.00163
1.00213
1.00157
1.00211
0.174988
1.0006
0.177691
0.422624
0.12743
0.771182
1.00159
0.0933177
-0.000441349
0.0017718
1.00204
1.00064
0.0105708
1.00095
0.00710754
1.00085
1.00005
0.0262316
0.139905
0.226116
1.00103
1.00065
0.128674
0.0507226
0.000544437
0.0107192
1.00146
0.049847
0.047659
1.00151
0.223435
1.00129
1.00019
1.00019
0.305269
0.236993
1.0006
1.00202
1.00004
1.00107
0.047871
1.00118
0.160723
1.00093
1.00125
0.0299934
0.0226343
1.00161
1.00208
-4.75475e-06
0.144055
0.176127
0.0150269
0.00732542
0.254428
0.000789998
1.0001
1.0009
0.0116773
0.065407
0.139821
1.00061
0.0103649
0.0248248
1.00116
0.0194361
0.55261
0.0215575
0.200745
1.00085
0.0531732
0.0272804
0.32262
1.00214
1.00184
1.00006
1.00029
0.03065
0.23284
0.225493
0.00151401
0.00952255
0.0126376
1.00178
1.00155
0.367742
0.131716
0.0839467
0.107069
0.870253
1.00096
0.229851
1.00017
1.00151
0.120819
0.016315
-0.000794035
0.153832
0.00461711
0.0620675
0.0914361
0.181993
1.00038
0.221317
-0.000711203
0.225609
-0.000732861
1.00088
1.00126
1.00137
0.0440015
0.195492
1.0018
1.00077
1.00074
1.00037
1.00074
1.00151
0.00774587
0.0417678
1.00054
0.00795052
0.00850754
1.002
1.00039
0.251944
1.00026
1.00061
1.0016
1.00101
1.00046
0.19782
0.0355319
1.00071
1.00051
0.238041
0.00648507
1.00126
0.0689228
0.183987
1.00106
0.00383328
0.255721
1.0008
1.00146
0.0488331
0.125017
1.00193
1.00168
0.0169517
0.129302
1.00041
1.00135
1.00156
1.00141
0.138035
0.916776
1.00128
0.0147851
0.001001
0.0180571
0.0604989
1.00115
0.901698
0.71748
1.00149
1.00051
1.00135
0.35871
0.0370774
1.00038
1.00091
1.0003
1.00086
0.548936
0.723462
0.610831
0.00327803
0.127062
1.00017
1.00036
1.00151
1.00163
1
0.0378232
0.107642
1.00016
0.116215
1.00072
1.00025
1.00018
1.0014
0.0863851
0.999288
1.00065
0.24929
0.0614345
1.00122
1.0018
0.0556516
0.218517
-0.000750515
1.00216
0.475135
1.00048
0.561932
0.182433
0.197984
0.234698
0.0534672
0.107485
1.00072
0.129305
1.00055
0.00158719
0.0297849
0.0490686
0.7188
0.0159657
1.00008
0.0133036
1.00057
0.0636924
0.655909
0.000601547
0.680799
0.0225024
0.0596303
1.00097
1.00082
1.00118
1.00041
0.0160732
1.00225
0.0296542
1.00092
0.0479109
0.0534636
0.72022
1.00141
1.00088
0.00651361
0.0130394
1.00023
1.0016
1.00185
0.23282
0.0186212
0.00165842
0.0241349
0.0101446
0.209182
1.00078
1.00163
0.294604
0.144914
1.00033
0.128043
0.893243
1.00169
0.259055
0.0356311
0.143871
1.00151
0.551743
1.00114
1.00216
0.658319
1.00053
1.00095
0.00210488
0.0658701
1.00085
1.00138
0.0593038
-0.000712125
0.208625
0.0119208
1.00115
1.00111
0.16031
0.0168467
-0.000404151
0.336579
0.536373
-0.00045394
0.0986071
0.000995224
1.00113
-0.000549205
1.0019
1.00037
0.131612
1.00141
0.0175051
0.0328008
1.00085
0.016319
1.00088
0.782006
0.117962
1.00062
0.0409478
0.207591
-0.000791507
1.0007
1.00043
1.00132
0.118269
0.278883
0.397352
0.018638
0.334602
0.0505716
0.304179
0.108211
0.215035
0.436459
1.00064
0.0525431
1.00071
1.00022
1.0015
1.00146
0.0366115
0.0943777
1.00022
1.00223
1.00096
0.038422
0.0290395
0.0369436
0.151549
0.517784
0.00735573
1.00135
1.00005
1.00112
0.0844457
1.00036
0.452216
0.386306
1.00034
0.039289
0.000919527
1.00037
0.198445
1.00034
1.0001
0.709645
0.00629432
1.00066
1.00032
0.0249446
1.00148
1.0001
1.00029
1.00121
1.00092
0.801895
-0.000719316
1.00091
0.269627
0.310281
0.285552
1.0012
0.161449
1.00109
0.419421
0.0288419
1.00079
0.048193
1.00145
0.00195501
1.00159
0.00860428
0.148177
0.196918
0.258525
1.00051
-3.83978e-05
1.00052
0.0119321
0.0252929
0.267036
1.00123
0.105271
1.00037
1.00068
-0.000640069
1.0004
1.00163
0.00192231
0.0214183
0.0249324
-0.000641554
0.0107207
0.668637
0.00995822
0.00410467
1.00031
0.0115795
1.00113
0.242219
1.00112
0.0751246
0.0347983
1.00179
0.012386
0.0419616
0.232321
0.0511803
0.0736379
0.0207
0.0086392
-0.000165457
1.00157
0.00475337
0.000802201
0.126365
0.0113831
0.15338
0.0748742
1.00085
1.00103
1.00079
1.00077
0.0588668
0.00760798
0.421865
-0.000330966
1.00122
0.00206235
1.00061
1.00044
1.00117
0.000397587
1.00116
1.00089
-0.000356137
1.00143
0.000816602
0.0369568
0.687319
1.00141
0.0290833
0.000652234
1.00215
0.173775
0.640997
0.231404
0.20759
1.00042
0.0402723
0.0507662
1.00039
1.00152
0.0507791
1.00104
-0.000717935
-0.000481964
1.00033
1.00065
1.0009
1.00038
0.0188019
0.196613
0.00549633
1.0017
0.167006
0.0658547
-0.000780057
0.0124996
0.0829015
0.0145569
0.00480721
1.00043
0.012728
0.0262135
0.458341
0.020694
1.00132
1.00095
0.124472
1.00128
1.00095
0.00796811
0.00259705
1.00088
1.00044
1.00056
0.0159202
1.00185
0.000900323
1.00036
0.00878186
0.00964739
1.00052
0.0345874
0.112139
0.0228288
0.357815
0.13204
-0.000332257
1.00121
1.00058
0.258818
1.00128
1.00041
1.00193
1.00056
1.00025
0.039643
0.0096739
0.0456951
0.037668
0.00403076
1.00044
1.00029
0.34523
1.00178
1.00013
0.0648216
1.00058
0.173663
0.00122979
1.0004
0.0231252
1.00143
0.00966471
1.00204
1.00035
0.00408563
0.311781
1.00145
0.00145131
0.0128701
-0.00032413
0.0730149
1.00007
1.00156
1.00062
0.00859122
0.467966
0.287167
0.007003
1.00144
0.307313
1.00064
0.0234493
0.0097864
0.0014903
0.15506
0.00457502
0.00821388
1.00204
0.0244517
0.000594705
1.00136
0.0516321
1.00226
1.00022
0.320409
1.00095
1.00119
0.0994191
0.659673
0.117651
1.0017
1.00133
-0.000409093
-0.000155809
0.013874
1.00064
1.00067
0.249481
9.70967e-05
0.00135412
0.0300196
0.092772
1.00159
1.00198
1.00156
1.00179
0.144539
0.34164
1.00031
0.0553796
1.00209
-0.000706296
1.00167
0.0191786
0.113667
1.00039
0.18897
1.0015
0.0984831
0.0143993
0.0104487
0.0637777
-0.00077823
0.0452454
0.0221321
1.00121
1.00142
0.0267724
1.00033
1.0016
1.00042
0.0273929
0.00486768
0.00101447
1.00074
0.0022959
0.0142524
0.0299887
1.00131
1.00013
1.00161
1.001
0.538524
0.0647271
1.00127
0.290463
1.00115
0.00575189
1.00031
0.0125063
0.0417142
0.693631
1.00024
1.00054
1.00067
0.0555516
0.0257056
0.123192
0.230345
1.00108
1.00167
1.00066
1.00044
0.0345723
1.00108
1.00086
1.00196
0.197141
1.00212
0.036949
1.0014
1.00025
1.00128
1.00007
