-4.55788
-5.24087
-4.55788
-4.55788
-4.55788
-5.24243
-4.55788
-5.24087
-4.55788
-4.55788
-5.24087
-5.24243
-4.55788
-4.55788
-4.55788
-4.55788
-4.55788
-4.55788
-4.55788
-5.24087
-5.24087
-5.24087
-4.55788
-5.24243
-4.55788
-4.55788
-4.55788
-5.24087
-5.24243
-4.55788
-4.55788
-4.55788
-4.55788
-4.55788
-5.24243
-4.55788
-4.55788
-5.24382
-4.55788
-5.24087
-4.55788
-4.55788
-5.24243
-4.55788
-4.55788
-5.24243
-5.24243
-4.55788
-4.55788
-5.24243
-5.24382
-4.55788
-5.24243
-5.24087
-4.55788
-4.55788
-5.24087
-5.24243
-5.24382
-4.55788
-5.24087
-4.55788
-4.55788
-4.55788
-5.24243
-4.55788
-4.55788
-5.24382
-4.55788
-4.55788
-5.24382
-4.55788
-4.55788
-4.55788
-5.24087
-4.55788
-4.55788
-4.55788
-5.24087
-5.24243
-4.55788
-4.55788
-4.55788
-4.55788
-4.55788
-5.24087
-5.24382
-4.55788
-4.55788
-4.55788
-4.55788
-5.24382
-4.55788
-5.24087
-5.24087
-5.24087
-4.55788
-5.24087
-4.55788
-4.55788
-5.24087
-4.55788
-4.55788
-4.55788
-4.55788
-4.55788
-5.24243
-4.55788
-4.55788
-4.55788
-4.55788
-4.55788
-4.55788
-5.24243
-4.55788
-5.24087
-4.55788
-4.55788
-4.55788
-5.24243
-4.55788
-4.55788
-5.24087
-4.55788
-4.55788
-4.55788
-4.55788
-5.24382
-4.55788
-4.55788
-4.55788
-4.55788
-4.55788
-4.55788
-4.55788
-4.55788
-4.55788
-5.24087
-4.55788
-4.55788
-4.55788
-4.55788
-5.24087
-4.55788
-4.55788
-4.55788
-5.24382
-4.55788
-5.24243
-4.55788
-5.24087
-4.55788
-5.24087
-4.55788
-4.55788
-4.55788
-4.55788
-4.55788
-5.24382
-4.55788
-5.24243
-4.55788
-4.55788
-4.55788
-5.24243
-5.24087
-4.55788
-4.55788
-4.55788
-4.55788
-4.55788
-4.55788
-4.55788
-4.55788
-4.55788
-4.55788
-4.55788
-4.55788
-4.55788
-4.55788
-4.55788
-4.55788
-4.55788
-4.55788
-4.55788
-5.24243
-5.24243
-5.24243
-5.24382
-5.24087
-4.55788
-5.24087
-4.55788
-5.24382
-5.24087
-4.55788
-4.55788
-4.55788
-5.24243
-4.55788
-4.55788
-5.24087
-4.55788
-4.55788
-4.55788
-4.55788
-4.55788
-5.24087
-4.55788
-5.24087
-4.55788
-5.24382
-4.55788
-4.55788
-4.55788
-4.55788
-4.55788
-4.55788
-4.55788
-4.55788
-4.55788
-4.55788
-4.55788
-4.55788
-4.55788
-4.55788
-4.55788
-5.24243
-4.55788
-4.55788
-4.55788
-5.24087
-4.55788
-4.55788
-4.55788
-4.55788
-4.55788
-4.55788
-4.55788
-5.24243
-5.24243
-4.55788
-4.55788
-5.24243
-4.55788
-4.55788
-4.55788
-5.24243
-4.55788
-4.55788
-4.55788
-5.24243
-4.55788
-4.55788
-4.55788
-5.24243
-4.55788
-4.55788
-4.55788
-4.55788
-4.55788
-4.55788
-5.24382
-5.24087
-4.55788
-4.55788
-4.55788
-4.55788
-4.55788
-5.24243
-4.55788
-4.55788
-4.55788
-5.24243
-5.24087
-4.55788
-4.55788
-4.55788
-4.55788
-4.55788
-4.55788
-5.24243
-4.55788
-5.24087
-4.55788
-4.55788
-5.24243
-5.24243
-5.24382
-4.55788
-5.24243
-4.55788
-5.24087
-4.55788
-4.55788
-4.55788
-4.55788
-5.24087
-4.55788
-4.55788
-4.55788
-4.55788
-4.55788
-4.55788
-4.55788
-4.55788
-4.55788
-4.55788
-4.55788
-4.55788
-4.55788
-4.55788
-4.55788
-5.24243
-5.24087
-5.24087
-4.55788
-4.55788
-4.55788
-4.55788
-4.55788
-4.55788
-4.55788
-4.55788
-4.55788
-4.55788
-5.24087
-5.24382
-4.55788
-4.55788
-4.55788
-4.55788
-4.55788
-5.24243
-5.24087
-4.55788
-4.55788
-4.55788
-4.55788
-4.55788
-4.55788
-4.55788
-4.55788
-4.55788
-4.55788
-5.24243
-5.24243
-5.24382
-4.55788
-4.55788
-4.55788
-4.55788
-4.55788
-4.55788
-4.55788
-4.55788
-4.55788
-4.55788
-5.24243
-4.55788
-4.55788
-4.55788
-4.55788
-5.24243
-5.24087
-4.55788
-4.55788
-4.55788
-5.24087
-4.55788
-4.55788
-4.55788
-4.55788
-4.55788
-5.24382
-4.55788
-4.55788
-4.55788
-4.55788
-4.55788
-5.24382
-4.55788
-4.55788
-4.55788
-5.24243
-5.24243
-5.24382
-5.24087
-4.55788
-5.24243
-4.55788
-5.24243
-5.24087
-4.55788
-4.55788
-5.24087
-5.24243
-4.55788
-5.24087
-4.55788
-4.55788
-4.55788
-4.55788
-4.55788
-5.24243
-5.24087
-4.55788
-4.55788
-4.55788
-5.24243
-4.55788
-4.55788
-4.55788
-4.55788
-5.24087
-4.55788
-4.55788
-5.24087
-4.55788
-4.55788
-4.55788
-5.24243
-5.24382
-4.55788
-4.55788
-4.55788
-4.55788
-4.55788
-4.55788
-4.55788
-4.55788
-5.24087
-4.55788
-4.55788
-4.55788
-4.55788
-5.24087
-4.55788
-5.24243
-4.55788
-5.24243
-5.24382
-5.24087
-4.55788
-4.55788
-4.55788
-4.55788
-4.55788
-4.55788
-4.55788
-4.55788
-4.55788
-4.55788
-4.55788
-4.55788
-5.24243
-4.55788
-5.24087
-4.55788
-4.55788
-5.24087
-5.24243
-5.24382
-5.24243
-5.24243
-5.24243
-4.55788
-4.55788
-5.24243
-4.55788
-4.55788
-5.24382
-4.55788
-4.55788
-4.55788
-4.55788
-5.24087
-5.24087
-5.24243
-4.55788
-4.55788
-5.24087
-4.55788
-4.55788
-4.55788
-4.55788
-4.55788
-4.55788
-5.24243
-4.55788
-4.55788
-5.24243
-4.55788
-4.55788
-4.55788
-5.24243
-5.24243
-4.55788
-4.55788
-4.55788
-5.24087
-5.24382
-4.55788
-5.24087
-4.55788
-5.24087
-4.55788
-4.55788
-4.55788
-4.55788
-5.24087
-4.55788
-4.55788
-5.24243
-5.24243
-4.55788
-4.55788
-4.55788
-5.24243
-5.24087
-5.24087
-5.24087
-4.55788
-5.24087
-4.55788
-4.55788
-4.55788
-5.24243
-4.55788
-4.55788
-4.55788
-5.24087
-4.55788
-4.55788
-5.24087
-4.55788
-5.24243
-5.24243
-5.24087
-4.55788
-4.55788
-4.55788
-4.55788
-4.55788
-4.55788
-5.24382
-5.24243
-4.55788
-4.55788
-4.55788
-5.24243
-4.55788
-5.24243
-4.55788
-4.55788
-5.24087
-4.55788
-4.55788
-4.55788
-5.24243
-4.55788
-4.55788
-4.55788
-4.55788
-4.55788
-4.55788
-4.55788
-5.24087
-4.55788
-4.55788
-4.55788
-4.55788
-4.55788
-4.55788
-4.55788
-4.55788
-4.55788
-5.24087
-4.55788
-4.55788
-4.55788
-5.24382
-4.55788
-5.24382
-4.55788
-4.55788
-4.55788
-4.55788
-4.55788
-4.55788
-4.55788
-4.55788
-4.55788
-5.24243
-4.55788
-4.55788
-4.55788
-4.55788
-4.55788
-4.55788
-4.55788
-5.24087
-4.55788
-4.55788
-4.55788
-5.24087
-4.55788
-4.55788
-4.55788
-4.55788
-5.24087
-4.55788
-4.55788
-4.55788
-5.24243
-4.55788
-5.24382
-5.24382
-4.55788
-4.55788
-5.24087
-5.24243
-4.55788
-4.55788
-4.55788
-4.55788
-4.55788
-5.24087
-5.24087
-4.55788
-4.55788
-4.55788
-4.55788
-4.55788
-4.55788
-4.55788
-5.24382
-4.55788
-5.24243
-5.24243
-4.55788
-5.24382
-4.55788
-4.55788
-4.55788
-4.55788
-5.24243
-4.55788
-4.55788
-5.24243
-4.55788
-4.55788
-4.55788
-5.24243
-4.55788
-5.24382
-4.55788
-4.55788
-4.55788
-4.55788
-4.55788
-4.55788
-4.55788
-5.24087
-4.55788
-4.55788
-4.55788
-4.55788
-4.55788
-5.24243
-5.24243
-5.24382
-4.55788
-4.55788
-5.24243
-5.24243
-4.55788
-4.55788
-4.55788
-4.55788
-4.55788
-4.55788
-4.55788
-5.24087
-5.24087
-5.24243
-4.55788
-5.24087
-4.55788
-4.55788
-5.24382
-4.55788
-4.55788
-5.24243
-4.55788
-5.24243
-5.24243
-4.55788
-4.55788
-4.55788
-4.55788
-4.55788
-5.24087
-4.55788
-4.55788
-5.24243
-4.55788
-4.55788
-4.55788
-4.55788
-4.55788
-4.55788
-4.55788
-4.55788
-5.24087
-5.24382
-4.55788
-4.55788
-4.55788
-4.55788
-4.55788
-4.55788
-4.55788
-4.55788
-5.24087
-4.55788
-4.55788
-4.55788
-4.55788
-5.24087
-4.55788
-4.55788
-4.55788
-5.24382
-4.55788
-5.24087
-4.55788
-4.55788
-4.55788
-4.55788
-4.55788
-4.55788
-4.55788
-4.55788
-4.55788
-4.55788
-4.55788
-4.55788
-4.55788
-4.55788
-4.55788
-4.55788
-5.24243
-4.55788
-4.55788
-4.55788
-4.55788
-4.55788
-4.55788
-4.55788
-4.55788
-4.55788
-4.55788
-4.55788
-4.55788
-4.55788
-4.55788
-4.55788
-4.55788
-4.55788
-4.55788
-4.55788
-5.24243
-5.24243
-5.24243
-4.55788
-4.55788
-4.55788
-4.55788
-5.24087
-4.55788
-5.24087
-5.24087
-5.24087
-4.55788
-4.55788
-5.24243
-4.55788
-5.24382
-4.55788
-4.55788
-4.55788
-5.24382
-4.55788
-4.55788
-5.24087
-5.24087
-4.55788
-4.55788
-4.55788
-4.55788
-4.55788
-4.55788
-5.24382
-5.24243
-4.55788
-5.24087
-4.55788
-4.55788
-5.24382
-5.24087
-5.24087
-5.24243
-4.55788
-4.55788
-4.55788
-4.55788
-4.55788
-4.55788
-4.55788
-4.55788
-4.55788
-4.55788
-4.55788
-4.55788
-4.55788
-4.55788
-4.55788
-4.55788
-5.24243
-4.55788
-4.55788
-5.24382
-5.24087
-4.55788
-4.55788
-5.24087
-5.24243
-4.55788
-4.55788
-5.24243
-4.55788
-5.24087
-4.55788
-4.55788
-5.24087
-4.55788
-5.24087
-4.55788
-4.55788
-4.55788
-4.55788
-5.24243
-5.24243
-4.55788
-5.24243
-5.24243
-5.24243
-5.24243
-5.24087
-4.55788
-4.55788
-4.55788
-4.55788
-4.55788
-5.24087
-5.24087
-4.55788
-5.24087
-5.24382
-4.55788
-5.24243
-4.55788
-4.55788
-5.24243
-4.55788
-4.55788
-4.55788
-5.24243
-5.24087
-4.55788
-4.55788
-5.24243
-4.55788
-4.55788
-4.55788
-4.55788
-4.55788
-5.24382
-5.24243
-4.55788
-4.55788
-4.55788
-4.55788
-5.24087
-4.55788
-4.55788
-4.55788
-4.55788
-4.55788
-4.55788
-4.55788
-4.55788
-5.24243
-4.55788
-4.55788
-5.24087
-4.55788
-5.24382
-4.55788
-4.55788
-4.55788
-5.24243
-4.55788
-4.55788
-4.55788
-5.24382
-5.24243
-4.55788
-4.55788
-4.55788
-4.55788
-5.24087
-4.55788
-4.55788
-4.55788
-4.55788
-4.55788
-5.24087
-5.24243
-5.24243
-5.24382
-4.55788
-4.55788
-5.24382
-4.55788
-5.24087
-4.55788
-5.24382
-4.55788
-5.24087
-5.24243
-4.55788
-4.55788
-4.55788
-4.55788
-4.55788
-4.55788
-4.55788
-4.55788
-4.55788
-4.55788
-5.24087
-4.55788
-4.55788
-5.24087
-5.24087
-4.55788
-4.55788
-4.55788
-5.24087
-4.55788
-4.55788
-4.55788
-5.24243
-5.24087
-4.55788
-4.55788
-4.55788
-4.55788
-5.24382
-4.55788
-5.24087
-4.55788
-5.24382
-4.55788
-4.55788
-4.55788
-5.24087
-4.55788
-5.24382
-4.55788
-4.55788
-4.55788
-4.55788
-4.55788
-5.24382
-4.55788
-5.24087
-4.55788
-5.24243
-5.24087
-5.24087
-4.55788
-5.24243
-4.55788
-5.24087
-5.24087
-5.24382
-4.55788
0.00501841
0.102337
0.000189876
0.00172644
1.00097
1.00052
0.0655289
0.434838
0.161942
0.101303
0.371681
0.998934
0.00112383
0.591772
1.00097
0.179451
0.93132
0.0733535
0.00350369
0.496234
0.11936
0.228159
0.198775
0.944578
0.0327581
0.547343
0.997394
0.347763
0.93092
0.736762
0.0327537
0.348786
0.065544
0.0657188
0.944578
0.663825
0.0100403
1.00052
0.0450074
0.754007
0.464028
0.682992
0.998934
0.101303
0.00614697
1.00052
0.998934
-0.000695033
0.00398697
0.866979
0.995937
-0.000209472
0.998934
0.189576
0.997905
0.996917
0.107785
0.998934
1.00219
-0.000209472
0.781603
0.633832
0.997905
0.0307926
0.913095
0.96325
0.426464
1.00052
0.243668
0.243668
0.995937
0.0525166
0.623546
0.878559
0.701545
0.0480584
0.179451
0.0010216
0.15236
0.98427
0.179451
0.0196122
0.0910472
0.0657188
0.309049
0.243908
1.00052
0.0736243
0.653953
0.000714642
0.0545824
0.995937
0.00614697
0.167017
0.363738
0.379663
0.971824
0.331709
0.000189876
0.413727
0.174503
0.0910646
0.866749
0.996917
0.220105
0.000436989
0.904071
0.153826
0.997905
-0.000357715
0.00257131
0.512458
0.753511
0.917576
0.0238341
0.419217
0.0824771
0.0048282
0.0181347
0.913095
0.971824
0.322341
0.355731
0.997394
0.065544
0.361908
0.613114
1.00052
0.997905
1.00097
1.00097
0.161973
0.569872
0.309049
0.613114
0.0960509
0.0136178
0.145279
0.106796
0.348786
0.231607
0.00135823
0.174443
0.00501841
0.997905
0.512458
1.00052
0.131698
0.904071
0.0450008
0.465801
0.400889
0.159563
0.0817862
0.00260946
0.997394
0.0213511
0.00257131
1.00052
0.663825
1.00052
0.0123435
0.633832
0.900844
0.971096
0.138415
0.131698
0.400904
0.997394
0.980206
0.019453
0.0251496
0.613114
0.00172644
0.00553688
0.0123435
-0.000789929
0.000436989
0.848109
0.0316931
-0.000175978
-0.000175978
0.256229
0.00172644
0.0231955
0.857412
0.998934
1.00052
1.00052
0.15236
0.884291
0.403445
0.0123435
1.00052
0.765193
0.653953
0.0238341
1.00097
0.998934
0.997394
0.256229
0.802823
0.0149789
0.500549
0.992458
0.93132
0.0919775
0.488669
-0.000175978
0.119403
0.00112383
0.995937
0.106796
0.992458
-0.000795773
0.663825
0.0416735
0.476323
0.0136178
0.0960509
0.653953
0.0468224
0.0862973
0.0580736
0.112562
0.673491
0.188891
0.998934
0.295722
0.0480584
0.623546
0.701545
0.179484
0.374989
0.992458
0.025448
0.112562
0.00398697
0.996917
0.993044
0.904071
0.997905
0.000714642
0.913095
0.0545824
0.170498
0.256229
0.913095
0.00257131
0.335579
0.335606
0.908594
0.0920387
0.807384
0.00676894
0.966697
1.00097
0.547343
0.0213511
0.0111522
0.464028
0.335579
1.00052
0.597449
0.0123435
-0.000789929
0.792724
0.0694428
0.769655
0.953456
0.106796
0.0164298
0.580897
0.998934
0.145279
0.243668
0.992458
0.591772
0.0168825
0.282376
0.426464
1.00052
0.112562
0.670422
0.814515
0.0733535
0.998934
0.899527
1.00052
0.0123435
0.84281
0.124997
0.323732
0.0316931
0.753511
0.753511
0.00501841
0.107744
0.785184
1.00097
0.387978
1.00097
0.997394
0.0871231
0.0196122
0.00891618
-0.000209472
0.0293968
0.0580851
0.439091
0.777496
0.00418084
0.106796
0.998934
0.725176
0.131842
0.0496074
-2.5145e-05
0.71053
0.0392768
0.488504
0.0392712
0.0480654
0.131698
0.179451
0.0694428
0.458107
1.00219
0.476323
0.464028
0.0293968
0.663825
0.0123435
0.939742
0.323732
0.00714103
0.034107
0.138708
0.025448
0.101303
0.0307961
0.0100403
1.00097
0.00553688
0.996917
0.97549
0.944578
1.00052
0.243668
0.996917
0.243668
0.476323
0.0920093
0.580897
0.997905
0.0871772
0.00304419
0.0105965
0.998934
1.0021
0.00900366
0.997394
0.0048282
1.00052
0.371681
0.07746
0.209169
0.322341
0.166958
0.926463
0.198775
0.0580851
0.00614697
0.0392712
0.995937
0.11864
0.0545925
0.976038
0.322341
0.997905
0.995937
0.800122
0.400889
0.348786
0.957878
0.998934
0.997497
0.331709
0.0545925
0.993044
0.231607
0.894958
0.458107
0.0863132
0.0231955
0.555154
0.998934
-0.000795773
0.11936
0.243668
0.0525166
0.00553688
0.361908
0.00676894
0.847712
0.331709
0.0416676
0.0736452
0.209169
0.998934
0.0392768
0.0251496
0.992458
0.0621726
0.145331
0.065707
0.282411
0.792304
0.0617341
0.0817862
0.413727
0.998934
1.00052
0.682992
0.96325
0.0863132
0.335606
0.322341
-0.000209472
0.0369999
0.0111522
0.776182
0.736762
0.451616
0.19874
0.153826
0.107824
0.602496
0.99743
0.335606
0.99743
1.00052
0.113442
0.0555795
0.00112383
0.220105
0.0208403
0.0736645
0.0824524
0.256229
0.996917
0.309049
0.00181607
0.322341
0.00145744
0.908594
0.663779
0.496234
0.0512598
0.269179
0.644591
0.926488
1.00052
0.885744
0.988657
0.99743
0.0307926
0.106796
0.866979
0.0307888
0.0327581
0.997497
0.736762
0.361908
0.673491
0.992458
0.259775
0.299703
0.92204
0.269179
0.0393027
0.228159
0.872713
0.348786
0.00418084
0.996917
0.146096
0.256229
0.99743
0.00172644
0.361908
0.857412
0.997394
0.11864
0.198775
0.998934
0.890364
0.0164298
0.198775
0.997394
0.496234
0.995937
0.633832
0.11936
0.602496
0.770712
0.0136178
-0.000499807
0.0179733
0.131698
0.403445
0.602496
0.569872
0.852579
0.908594
1.00097
0.439091
0.0960509
0.818284
0.259775
0.167017
0.159621
0.524224
0.145279
0.535869
0.00135823
0.0919775
0.857412
0.701507
0.997905
0.889914
0.725176
0.0420937
0.179484
0.283724
0.179451
0.998934
0.998934
0.759625
0.996917
0.153826
0.613114
0.996475
0.361929
0.131698
0.995937
1.00052
0.065544
0.309049
0.000269723
0.998934
0.500549
0.847712
0.524245
0.256229
0.131889
0.335579
0.124997
0.179451
1.00052
0.198775
1.00097
-2.5145e-05
0.0316931
0.0545824
0.569872
0.0525078
0.742622
0.0123435
0.835033
0.0736452
0.547343
0.00676894
0.558666
0.0231955
0.131698
0.884291
0.695422
0.692329
0.777496
0.0149789
0.997497
0.0863132
0.995937
0.0545925
0.124997
0.569872
0.906156
0.785184
0.0271427
0.0111522
0.633832
0.900844
0.998934
0.335606
0.0179733
-2.5145e-05
0.0733535
0.00803852
0.295722
0.996917
0.689248
0.400904
0.220105
0.663825
0.119403
0.602496
0.96325
0.361908
0.0960509
0.11936
0.997905
0.524245
0.996917
0.998934
0.558666
0.995937
1.00052
0.0115126
0.138708
0.228159
0.99743
0.0695194
0.00181607
0.295722
0.0100403
0.682992
0.363738
0.125506
0.0164298
0.00304419
0.426464
0.512458
0.00304419
0.170498
-0.000499807
1.00052
-0.000357715
0.998934
0.998934
0.198775
1.00052
0.0164298
0.0910646
0.997394
0.0149789
0.838344
0.580897
0.0871512
1.00052
0.106796
0.282376
0.000530169
0.818284
1.00047
0.995937
0.188891
0.387978
0.464028
0.0179733
0.426464
0.11864
0.400889
0.107785
0.295686
0.476323
1.00097
0.124997
0.663825
0.993044
0.979881
1.00052
0.0960509
0.161942
1.00052
0.998934
0.71053
0.0420937
0.0316931
0.0960509
0.220105
0.512458
0.00553688
0.442626
0.611222
0.97549
0.153826
0.802823
0.488493
0.451616
0.995937
0.101283
0.00743636
1.00052
0.269179
0.99743
0.998934
0.569872
0.00418084
0.997394
0.643969
0.0733535
0.251864
0.848109
0.728171
0.998934
0.997394
0.580897
3.39058e-05
0.692329
0.374989
0.413727
0.387978
0.997905
0.125506
1.00052
0.476323
0.0316931
0.997905
0.0545925
0.911372
0.000189876
0.997905
0.00630777
0.119313
0.269179
0.361908
0.872713
0.00449248
0.403445
0.0100403
0.0272161
0.374989
1.00052
0.0871512
0.590494
0.673491
-0.000175978
1.00152
0.835033
0.0115126
0.0213511
0.0251496
-0.000175978
0.0392712
0.558666
0.00803852
0.0021294
0.623546
0.0416676
0.996917
0.348786
0.857412
0.153826
0.0960509
1.00152
0.0111522
0.0480584
0.335606
0.0580736
0.153826
0.0213511
0.00714103
-0.000771664
0.997905
0.0208403
0.00743636
0.0920093
0.0416676
0.220105
0.153826
0.835033
0.99743
0.998934
0.953456
0.131698
0.00553688
0.476323
-0.000716293
0.387625
0.0115126
0.212635
0.611222
0.664043
-0.000695033
1.0021
1.00052
-0.000628843
1.00052
-0.000499807
0.0960509
0.558666
1.00052
0.0316931
0.00676894
0.434838
0.125459
0.547343
0.335606
0.282376
1.00097
0.0450074
0.11864
1.00052
0.99743
0.11864
0.323732
3.39058e-05
-0.000509131
1.00052
0.204931
0.259775
0.818284
0.0179733
0.269179
0.0238341
0.814515
0.2437
0.0779827
0.000269723
0.044185
0.153826
0.0495998
0.0208403
0.884291
0.0111522
0.07746
0.488504
0.0213511
0.833387
0.682992
0.188857
1.00052
0.419217
0.0307888
0.0134968
0.526043
0.833387
0.98433
0.0149789
0.998934
-0.000499807
0.569374
0.00714103
0.0369999
0.26777
0.0393027
0.113484
0.0231955
0.439091
0.19874
0.00350369
0.852579
0.99743
0.361908
0.998934
0.828391
0.998934
0.894958
0.576455
0.0450074
0.0369999
0.112562
0.0420937
0.0181347
0.181988
0.651129
0.426455
0.754007
0.997497
0.138708
0.818284
0.243668
-0.000366822
0.913095
0.0694428
0.828299
0.00803852
0.998934
0.802823
0.0181347
0.413727
0.99743
0.00891618
0.0111522
0.00350369
0.153826
0.719407
1.00052
0.998934
0.00630777
0.488504
0.387978
0.0048282
0.719609
0.400889
0.997394
0.0251496
0.00803852
0.00973107
0.220105
0.00257131
0.00630777
0.998934
0.0251496
-0.000609327
0.496234
0.11864
0.997497
0.719407
0.413727
0.692329
0.98427
0.170498
0.558666
0.0871512
0.997497
0.988657
0.00304419
-0.000771664
0.0468224
0.992458
0.562251
0.361908
-0.000789929
0.00891618
0.0316931
0.0824524
0.159563
0.998934
0.998934
0.997497
0.220105
0.426455
1.00052
0.0655579
0.228159
0.00181607
1.00052
0.0196122
0.113484
0.979881
0.269214
0.997905
0.170498
0.0136178
0.0392768
0.0736452
0.00112383
0.112562
0.0231955
0.996917
0.73104
0.0272161
0.996917
0.166958
0.395566
0.0817862
0.0208403
0.00743636
0.496234
0.000436989
0.0136178
0.0316931
0.979881
0.243908
0.878559
0.949972
0.524224
0.138708
1.00052
0.387978
0.434838
0.0035919
1.00219
0.0111522
0.0480654
0.558696
0.159621
0.682992
0.995937
0.124997
0.0272161
0.0970899
0.335606
0.692329
1.00052
0.997394
0.189639
0.0960509
0.971096
0.251864
0.166958
0.269179
0.998934
0.0960509
0.251864
0.174443
1.00052
0.866749
0.00501841
0.132416
0.000189876
0.00172644
1.00097
1.00052
0.0696696
0.998891
0.199136
0.112822
0.998891
0.998934
0.00112383
0.998469
1.00097
0.220409
1.00047
0.077613
0.00350369
0.998891
0.307886
0.997568
0.256569
0.99743
0.0327808
0.998161
0.997394
0.998891
0.99743
0.999171
0.0348535
0.996975
0.0656678
0.0734937
0.99743
0.998804
0.0100403
1.00052
0.0450191
0.996013
0.99788
0.999171
0.998934
0.112822
0.00614697
1.00052
0.998934
-0.000695033
0.00398697
1.00182
0.995937
-0.000209472
0.998934
0.997568
0.997905
0.996917
0.152913
0.998934
1.00219
-0.000209472
1.00031
0.998804
0.997905
0.0308077
1.00182
1.00047
0.997622
1.00052
0.348938
0.362028
0.995937
0.0556687
0.998804
1
1.00031
0.0480835
0.220409
0.0010216
0.997568
0.99743
0.231898
0.0196122
0.101512
0.0695711
0.672397
0.998891
1.00052
0.078196
0.998804
0.000714642
0.0546501
0.995937
0.00614697
0.997568
0.998891
0.998891
1.00047
0.998891
0.000189876
1.00122
0.997568
0.101512
1
0.996917
0.282873
0.000436989
0.99743
0.189258
0.997905
-0.000357715
0.00257131
0.998161
0.999569
0.99743
0.0238341
0.998891
0.0874441
0.0048282
0.0181347
0.99743
1.00047
0.744055
0.998891
0.997394
0.0656678
1.00071
0.998804
1.00052
0.997905
1.00097
1.00097
0.199136
0.998469
0.652935
0.998804
0.10703
0.0136178
0.997568
0.118904
1.00049
0.322604
0.00135823
0.997568
0.00501841
0.997905
0.998161
1.00052
0.146418
0.99743
0.0450191
0.998891
1.00095
0.997568
0.0864808
0.00260946
0.997394
0.0213511
0.00257131
1.00052
0.998804
1.00052
0.0123435
0.998804
1
0.99743
0.997568
0.146418
1.00095
0.997394
0.996475
0.019453
0.0251496
0.998804
0.00172644
0.00553688
0.0123435
-0.000789929
0.000436989
1
0.0316931
-0.000175978
-0.000175978
0.400872
0.00172644
0.0231955
0.996013
0.998934
1.00052
1.00052
0.997568
1
0.998891
0.0123435
1.00052
0.996013
0.998804
0.0238341
1.00097
0.998934
0.997394
0.400872
1.00031
0.0149789
0.998161
0.996475
0.996475
0.125797
0.998891
-0.000175978
0.268049
0.00112383
0.995937
0.118904
0.996475
-0.000795773
0.999171
0.0417174
0.99788
0.0136178
0.10703
0.998804
0.0496738
0.0962561
0.0581626
0.125288
0.999171
0.231902
0.998934
0.523654
0.0480835
0.998804
1.00031
0.220403
1.00071
1.00047
0.025448
0.125288
0.00398697
0.996917
0.99743
0.99743
0.997905
0.000714642
0.99743
0.0581626
0.209503
0.400872
1.00182
0.00257131
0.916661
0.820655
0.99743
0.119575
0.999569
0.00676894
0.99743
1.00097
0.998469
0.0213511
0.0111522
1.00151
0.884249
1.00052
1.00031
0.0123435
-0.000789929
0.999569
0.0734937
0.999569
0.99743
0.118904
0.0164298
0.998469
0.998934
1.00169
0.362028
1.00047
0.998469
0.0168825
0.500077
0.997622
1.00052
0.131992
1.00031
0.999569
0.0819387
0.998934
0.99743
1.00052
0.0123435
1.00031
0.146418
0.998891
0.0316931
0.999569
0.999569
0.00501841
0.174991
0.999569
1.00097
1.00095
1.00097
0.997394
0.113748
0.0196122
0.00891618
-0.000209472
0.0293968
0.0581626
0.997622
0.999569
0.00418084
0.118904
0.998934
1.00031
0.872436
0.0496738
-2.5145e-05
0.999171
0.0393164
0.99788
0.0417174
0.0480835
0.146418
0.220409
0.0734937
0.998891
1.00219
0.99788
0.99788
0.0293968
0.999171
0.0123435
0.99743
0.998891
0.00714103
0.034107
0.154175
0.025448
0.112822
0.0308077
0.0100403
1.00097
0.00553688
0.996917
0.99743
0.99743
1.00052
0.362027
0.996917
0.362028
0.99788
0.119575
0.998469
0.997905
0.0974296
0.00304419
0.0105965
0.998934
1.0021
0.00900366
0.997394
0.0048282
1.00052
0.998891
0.0864808
0.269603
0.735619
0.997568
1.00047
0.256566
0.0581626
0.00614697
0.0393164
0.995937
0.131992
0.0546501
1.00047
0.691174
0.997905
0.995937
0.999569
0.997387
0.921691
1.00182
0.998934
0.997497
0.998891
0.0546501
0.99743
0.322605
0.99743
0.998891
0.0912496
0.0231955
1.00031
0.998934
-0.000795773
0.37968
0.362028
0.0525979
0.00553688
1.00071
0.00676894
0.996013
0.998891
0.0442397
0.078196
0.269603
0.998934
0.0393164
0.0251496
1.00047
0.0658361
0.997568
0.0734937
0.475976
0.996013
0.0618338
0.0864808
0.997622
0.998934
1.00052
0.999171
1.00047
0.0962561
0.854028
0.735619
-0.000209472
0.0370303
0.0111522
1.00031
0.999171
1.00122
0.256569
0.179835
0.152926
0.998469
0.99743
0.820655
0.99743
1.00052
0.228641
0.0588934
0.00112383
0.296133
0.0208403
0.0738444
0.0974296
0.388003
0.996917
0.681864
0.00181607
0.735619
0.00145744
0.99743
0.998804
0.998891
0.0512921
0.438911
1.00031
0.99743
1.00052
0.99743
0.99743
0.99743
0.0308077
0.118904
0.996013
0.0308077
0.0327808
0.997497
0.999171
1.00071
0.999171
1.00047
0.998891
0.998891
0.99743
0.451385
0.0393027
0.997568
1
0.936251
0.00418084
0.996917
0.16232
0.388004
0.99743
0.00172644
1.00071
0.996013
0.997394
0.131992
0.243969
0.998934
0.99743
0.0164298
0.256566
0.997394
0.998891
0.995937
0.998804
0.339847
0.998804
1.00031
0.0136178
-0.000499807
0.0179733
0.154175
0.998891
0.998804
0.998469
1.00031
0.99743
1.00097
0.997622
0.10703
0.996013
0.998891
0.997568
0.997568
0.998161
0.997568
0.998161
0.00135823
0.125797
0.996013
0.999171
0.997905
1
1.00031
0.0420937
0.220403
0.998891
0.231898
0.998934
0.998934
1.00031
0.996917
0.189258
0.998804
1.00047
0.997172
0.154175
0.995937
1.00052
0.0656678
0.622591
0.000269723
0.998934
0.99788
1.00031
0.998161
0.388003
0.803729
0.90094
0.139029
0.220403
1.00052
0.256566
1.00097
-2.5145e-05
0.0316931
0.0581626
0.998469
0.0556687
1.00031
0.0123435
1
0.078196
0.998469
0.00676894
0.998469
0.0231955
0.146418
1
1.00031
0.999171
0.999569
0.0149789
0.997497
0.0912496
0.995937
0.0546501
0.139029
0.998469
1
0.999569
0.0271454
0.0111522
0.998804
1
0.998934
0.854028
0.0179733
-2.5145e-05
0.077613
0.00803852
0.523654
0.996917
1.00031
1.00095
0.282855
0.999171
0.268049
0.998469
0.996475
0.997172
0.10703
0.37968
0.997905
0.998161
0.996917
0.998934
0.998469
0.995937
1.00052
0.0115126
0.16232
0.997568
0.99743
0.0696696
0.00181607
0.535217
0.0100403
0.999171
0.998891
0.51109
0.0164298
0.00304419
1.00122
0.998161
0.00304419
0.199131
-0.000499807
1.00052
-0.000357715
0.998934
0.998934
0.256569
1.00052
0.0164298
0.101512
0.997394
0.0149789
1.00031
0.998469
0.108061
1.00052
0.118904
0.523636
0.000530169
0.996013
1.00047
0.995937
0.231902
0.997387
0.99788
0.0179733
0.997622
0.131992
0.997387
0.160173
0.590925
0.99788
1.00097
0.139029
0.999171
0.99743
0.99743
1.00052
0.10703
0.199131
1.00052
0.998934
0.999171
0.0420937
0.0316931
0.10703
0.282873
0.998161
0.00553688
0.998891
1.00031
0.99743
0.189261
1.00031
0.99788
0.99788
0.995937
0.112822
0.00743636
1.00052
0.463732
0.99743
0.998934
0.998469
0.00418084
0.997394
0.998804
0.0819387
0.998891
1
0.999171
0.998934
0.997394
0.998469
3.39058e-05
0.999171
1.00071
0.997387
0.997387
0.997905
0.518509
1.00052
0.99788
0.0316931
0.997905
0.0546501
0.996065
0.000189876
0.997905
0.00630777
0.419131
0.451378
1.00071
1
0.00449248
0.998891
0.0100403
0.0272161
0.997172
1.00052
0.108061
1.00031
0.999171
-0.000175978
1.00152
1
0.0115126
0.0213511
0.0251496
-0.000175978
0.0393164
0.998469
0.00803852
0.0021294
0.998804
0.0442397
0.996917
1.00049
0.996013
0.170871
0.101512
1.00152
0.0111522
0.0480835
0.84763
0.0581626
0.170871
0.0213511
0.00714103
-0.000771664
0.997905
0.0208403
0.00743636
0.119575
0.0417174
0.296133
0.170871
1
0.99743
0.998934
0.99743
0.146418
0.00553688
0.99788
-0.000716293
0.998891
0.0115126
0.997568
1.00031
1.00031
-0.000695033
1.0021
1.00052
-0.000628843
1.00052
-0.000499807
0.10703
0.998469
1.00052
0.0316931
0.00676894
0.998891
0.631524
0.998469
0.834444
0.523636
1.00097
0.0450191
0.131992
1.00052
0.99743
0.131992
0.998891
3.39058e-05
-0.000509131
1.00052
0.997568
0.998891
0.996013
0.0179733
0.451378
0.0238341
0.999569
0.335794
0.078196
0.000269723
0.0468898
0.179835
0.0525979
0.0208403
0.996065
0.0111522
0.0864808
0.99788
0.0213511
0.996013
0.999171
0.243969
1.00052
0.998891
0.0308077
0.0134968
0.998891
0.996013
1.00047
0.0149789
0.998934
-0.000499807
1.00031
0.00714103
0.0370303
0.998891
0.0393027
0.182521
0.0231955
0.997622
0.256569
0.00350369
0.996013
0.99743
1.00071
0.998934
1.00031
0.998934
0.99743
1.00031
0.0450191
0.0370303
0.125288
0.0420937
0.0181347
0.997568
1.00031
1.00122
0.996013
0.997497
0.16232
0.996013
0.362027
-0.000366822
1.00182
0.077613
1
0.00803852
0.998934
1.00031
0.0181347
1.00095
0.99743
0.00891618
0.0111522
0.00350369
0.170871
0.999171
1.00052
0.998934
0.00630777
0.99788
0.997387
0.0048282
1.00031
0.997387
0.997394
0.0251496
0.00803852
0.00973107
0.296131
0.00257131
0.00630777
0.998934
0.0251496
-0.000609327
0.998891
0.139029
0.997497
0.999171
1.00122
0.999171
0.99743
0.209519
0.998469
0.108061
0.997497
0.99743
0.00304419
-0.000771664
0.0496738
1.00047
1.00031
1.00071
-0.000789929
0.00891618
0.0316931
0.0974296
0.997568
0.998934
0.998934
0.997497
0.269612
0.997622
1.00052
0.0656678
0.997568
0.00181607
1.00052
0.0196122
0.190098
0.99743
0.41365
0.997905
0.199131
0.0136178
0.0393164
0.078196
0.00112383
0.125288
0.0231955
0.996917
1.00031
0.0272161
0.996917
0.997568
0.998891
0.0864808
0.0208403
0.00743636
0.998891
0.000436989
0.0136178
0.0316931
0.99743
0.998891
1
1.00047
0.998161
0.16232
1.00052
0.997387
0.998891
0.0035919
1.00219
0.0111522
0.0480835
0.998469
0.997568
0.999171
0.995937
0.146418
0.0272161
0.125797
0.82766
0.999171
1.00052
0.997394
0.997568
0.101512
0.99743
0.998891
0.997568
0.451378
0.998934
0.10703
0.998891
0.997568
1.00052
1
