-0.0653898
-0.0643974
-0.0634049
-0.0624125
-0.0614201
-0.0604277
-0.0594353
-0.0584428
-0.0574504
-0.056458
-0.0554656
-0.0544731
-0.0534807
-0.0524883
-0.0514959
-0.0505035
-0.049511
-0.0485186
-0.0475262
-0.0465338
-0.0455414
-0.0445489
-0.0435565
-0.0425641
-0.0415717
-0.0405793
-0.0395868
-0.0385944
-0.037602
-0.0366096
-0.0356172
-0.0346247
-0.0336323
-0.0326399
-0.0316475
-0.030655
-0.0296626
-0.0286702
-0.0276778
-0.0266854
-0.0256929
-0.0247005
-0.0237081
-0.0227157
-0.0217233
-0.0207308
-0.0197384
-0.018746
-0.0177536
-0.0167612
-0.0157687
-0.0147763
-0.0137839
-0.0127915
-0.0117991
-0.0108066
-0.00981421
-0.00882179
-0.00782937
-0.00683695
-0.00584453
-0.00485211
-0.00385969
-0.00286727
-0.00187484
-0.000882424
0.000109997
0.00110242
0.00209484
0.00308726
0.00407968
0.0050721
0.00606452
0.00705694
0.00804936
0.00904178
0.0100342
0.0110266
0.012019
0.0130115
0.0140039
0.0149963
0.0159887
0.0169812
0.0179736
0.018966
0.0199584
0.0209508
0.0219433
0.0229357
0.0239281
0.0249205
0.0259129
0.0269054
0.0278978
0.0288902
0.0298826
0.030875
0.0318675
0.0328599
0.0338523
0.0348447
0.0358371
0.0368296
0.037822
0.0388144
0.0398068
0.0407993
0.0417917
0.0427841
0.0437765
0.0447689
0.0457614
0.0467538
0.0477462
0.0487386
0.049731
0.0507235
0.0517159
0.0527083
0.0537007
0.0546931
