0.229487
0.229487
0.229487
0.229487
0.229487
0.229487
0.229487
0.26227
0.229487
0.26227
0.229487
0.295054
0.26227
0.26227
0.295054
0.26227
0.295054
0.295054
0.327838
0.295054
0.327838
0.327838
0.360622
0.327838
0.393405
0.327838
0.426189
0.393405
0.393405
0.426189
0.458973
0.458973
0.458973
0.458973
0.524541
0.524541
0.557324
0.590108
0.622892
0.655076
0.650295
0.710458
0.707102
0.739093
0.741713
0.812317
0.818218
0.852379
0.852379
0.917946
0.852379
0.917946
0.917946
0.917946
0.983514
0.885162
0.885162
0.819595
0.885162
0.885162
0.849397
0.809418
0.804443
0.736873
0.766875
0.702467
0.735029
0.704686
0.642734
0.645612
0.649008
0.621132
0.622598
0.655676
0.622892
0.590108
0.557324
0.590108
0.557324
0.557324
0.491757
0.590108
0.524541
0.491757
0.491757
0.491757
0.426189
0.458973
0.426189
0.491757
0.426189
0.426189
0.393405
0.393405
0.360622
0.393405
0.393405
0.360622
0.327838
0.360622
0.360622
0.327838
0.327838
0.327838
0.327838
0.26227
0.295054
0.327838
0.295054
0.295054
0.295054
0.26227
0.295054
0.26227
0.26227
0.229487
0.295054
0.229487
0.229487
0.26227
0.229487
0.196703
