-4.98335
-4.98335
-4.98335
-4.98335
-4.98335
-4.98335
-4.98335
-4.98335
-4.98335
-4.98335
-4.98335
-4.98335
-4.98335
-4.98335
-4.98335
-4.98335
-4.98335
-4.98335
-4.98335
-4.98335
-4.98335
-4.98335
-4.98335
-4.98335
-4.98335
-4.98335
-4.98335
-4.98335
-4.98335
-4.98335
-4.98335
-4.98335
-4.98335
-4.98335
-4.98335
-4.98335
-4.98335
-4.98335
-4.98335
-4.98335
-4.98335
-4.98335
-4.98335
-4.98335
-4.98335
-4.98335
-4.98335
-4.98335
-4.98335
-4.98335
-4.98335
-4.98335
-4.98335
-4.98335
-4.98335
-4.98335
-4.98335
-4.98335
-4.98335
-4.98335
-4.98335
-4.98335
-4.98335
-4.98335
-4.98335
-4.98335
-4.98335
-4.98335
-4.98335
-4.98335
-4.98335
-4.98335
-4.98335
-4.98335
-4.98335
-4.98335
-4.98335
-4.98335
-4.98335
-4.98335
-4.98335
-4.98335
-4.98335
-4.98335
-4.98335
-4.98335
-4.98335
-4.98335
-4.98335
-4.98335
-4.98335
-4.98335
-4.98335
-4.98335
-4.98335
-4.98335
-4.98335
-4.98335
-4.98335
-4.98335
-4.98335
-4.98335
-4.98335
-4.98335
-4.98335
-4.98335
-4.98335
-4.98335
-4.98335
-4.98335
-4.98335
-4.98335
-4.98335
-4.98335
-4.98335
-4.98335
-4.98335
-4.98335
-4.98335
-4.98335
-4.98335
-4.98335
-4.98335
-4.98335
-4.98335
-4.98335
-4.98335
-4.98335
-4.98335
-4.98335
-4.98335
-4.98335
-4.98335
-4.98335
-4.98335
-4.98335
-4.98335
-4.98335
-4.98335
-4.98335
-4.98335
-4.98335
-4.98335
-4.98335
-4.98335
-4.98335
-4.98335
-4.98335
-4.98335
-4.98335
-4.98335
-4.98335
-4.98335
-4.98335
-4.98335
-4.98335
-4.98335
-4.98335
-4.98335
-4.98335
-4.98335
-4.98335
-4.98335
-4.98335
-4.98335
-4.98335
-4.98335
-4.98335
-4.98335
-4.98335
-4.98335
-4.98335
-4.98335
-4.98335
-4.98335
-4.98335
-4.98335
-4.98335
-4.98335
-4.98335
-4.98335
-4.98335
-4.98335
-4.98335
-4.98335
-4.98335
-4.98335
-4.98335
-4.98335
-4.98335
-4.98335
-4.98335
-4.98335
-4.98335
-4.98335
-4.98335
-4.98335
-4.98335
-4.98335
-4.98335
-4.98335
-4.98335
-4.98335
-4.98335
-4.98335
-4.98335
-4.98335
-4.98335
-4.98335
-4.98335
-4.98335
-4.98335
-4.98335
-4.98335
-4.98335
-4.98335
-4.98335
-4.98335
-4.98335
-4.98335
-4.98335
-4.98335
-4.98335
-4.98335
-4.98335
-4.98335
-4.98335
-4.98335
-4.98335
-4.98335
-4.98335
-4.98335
-4.98335
-4.98335
-4.98335
-4.98335
-4.98335
-4.98335
-4.98335
-4.98335
-4.98335
-4.98335
-4.98335
-4.98335
-4.98335
-4.98335
-4.98335
-4.98335
-4.98335
-4.98335
-4.98335
-4.98335
-4.98335
-4.98335
-4.98335
-4.98335
-4.98335
-4.98335
-4.98335
-4.98335
-4.98335
-4.98335
-4.98335
-4.98335
-4.98335
-4.98335
-4.98335
-4.98335
-4.98335
-4.98335
-4.98335
-4.98335
-4.98335
-4.98335
-4.98335
-4.98335
-4.98335
-4.98335
-4.98335
-4.98335
-4.98335
-4.98335
-4.98335
-4.98335
-4.98335
-4.98335
-4.98335
-4.98335
-4.98335
-4.98335
-4.98335
-4.98335
-4.98335
-4.98335
-4.98335
-4.98335
-4.98335
-4.98335
-4.98335
-4.98335
-4.98335
-4.98335
-4.98335
-4.98335
-4.98335
-4.98335
-4.98335
-4.98335
-4.98335
-4.98335
-4.98335
-4.98335
-4.98335
-4.98335
-4.98335
-4.98335
-4.98335
-4.98335
-4.98335
-4.98335
-4.98335
-4.98335
-4.98335
-4.98335
-4.98335
-4.98335
-4.98335
-4.98335
-4.98335
-4.98335
-4.98335
-4.98335
-4.98335
-4.98335
-4.98335
-4.98335
-4.98335
-4.98335
-4.98335
-4.98335
-4.98335
-4.98335
-4.98335
-4.98335
-4.98335
-4.98335
-4.98335
-4.98335
-4.98335
-4.98335
-4.98335
-4.98335
-4.98335
-4.98335
-4.98335
-4.98335
-4.98335
-4.98335
-4.98335
-4.98335
-4.98335
-4.98335
-4.98335
-4.98335
-4.98335
-4.98335
-4.98335
-4.98335
-4.98335
-4.98335
-4.98335
-4.98335
-4.98335
-4.98335
-4.98335
-4.98335
-4.98335
-4.98335
-4.98335
-4.98335
-4.98335
-4.98335
-4.98335
-4.98335
-4.98335
-4.98335
-4.98335
-4.98335
-4.98335
-4.98335
-4.98335
-4.98335
-4.98335
-4.98335
-4.98335
-4.98335
-4.98335
-4.98335
-4.98335
-4.98335
-4.98335
-4.98335
-4.98335
-4.98335
-4.98335
-4.98335
-4.98335
-4.98335
-4.98335
-4.98335
-4.98335
-4.98335
-4.98335
-4.98335
-4.98335
-4.98335
-4.98335
-4.98335
-4.98335
-4.98335
-4.98335
-4.98335
-4.98335
-4.98335
-4.98335
-4.98335
-4.98335
-4.98335
-4.98335
-4.98335
-4.98335
-4.98335
-4.98335
-4.98335
-4.98335
-4.98335
-4.98335
-4.98335
-4.98335
-4.98335
-4.98335
-4.98335
-4.98335
-4.98335
-4.98335
-4.98335
-4.98335
-4.98335
-4.98335
-4.98335
-4.98335
-4.98335
-4.98335
-4.98335
-4.98335
-4.98335
-4.98335
-4.98335
-4.98335
-4.98335
-4.98335
-4.98335
-4.98335
-4.98335
-4.98335
-4.98335
-4.98335
-4.98335
-4.98335
-4.98335
-4.98335
-4.98335
-4.98335
-4.98335
-4.98335
-4.98335
-4.98335
-4.98335
-4.98335
-4.98335
-4.98335
-4.98335
-4.98335
-4.98335
-4.98335
-4.98335
-4.98335
-4.98335
-4.98335
-4.98335
-4.98335
-4.98335
-4.98335
-4.98335
-4.98335
-4.98335
-4.98335
-4.98335
-4.98335
-4.98335
-4.98335
-4.98335
-4.98335
-4.98335
-4.98335
-4.98335
-4.98335
-4.98335
-4.98335
-4.98335
-4.98335
-4.98335
-4.98335
-4.98335
-4.98335
-4.98335
-4.98335
-4.98335
-4.98335
-4.98335
-4.98335
-4.98335
-4.98335
-4.98335
-4.98335
-4.98335
-4.98335
-4.98335
-4.98335
-4.98335
-4.98335
-4.98335
-4.98335
-4.98335
-4.98335
-4.98335
-4.98335
-4.98335
-4.98335
-4.98335
-4.98335
-4.98335
-4.98335
-4.98335
-4.98335
-4.98335
-4.98335
-4.98335
-4.98335
-4.98335
-4.98335
-4.98335
-4.98335
-4.98335
-4.98335
-4.98335
-4.98335
-4.98335
-4.98335
-4.98335
-4.98335
-4.98335
-4.98335
-4.98335
-4.98335
-4.98335
-4.98335
-4.98335
-4.98335
-4.98335
-4.98335
-4.98335
-4.98335
-4.98335
-4.98335
-4.98335
-4.98335
-4.98335
-4.98335
-4.98335
-4.98335
-4.98335
-4.98335
-4.98335
-4.98335
-4.98335
-4.98335
-4.98335
-4.98335
-4.98335
-4.98335
-4.98335
-4.98335
-4.98335
-4.98335
-4.98335
-4.98335
-4.98335
-4.98335
-4.98335
-4.98335
-4.98335
-4.98335
-4.98335
-4.98335
-4.98335
-4.98335
-4.98335
-4.98335
-4.98335
-4.98335
-4.98335
-4.98335
-4.98335
-4.98335
-4.98335
-4.98335
-4.98335
-4.98335
-4.98335
-4.98335
-4.98335
-4.98335
-4.98335
-4.98335
-4.98335
-4.98335
-4.98335
-4.98335
-4.98335
-4.98335
-4.98335
-4.98335
-4.98335
-4.98335
-4.98335
-4.98335
-4.98335
-4.98335
-4.98335
-4.98335
-4.98335
-4.98335
-4.98335
-4.98335
-4.98335
-4.98335
-4.98335
-4.98335
-4.98335
-4.98335
-4.98335
-4.98335
-4.98335
-4.98335
-4.98335
-4.98335
-4.98335
-4.98335
-4.98335
-4.98335
-4.98335
-4.98335
-4.98335
-4.98335
-4.98335
-4.98335
-4.98335
-4.98335
-4.98335
-4.98335
-4.98335
-4.98335
-4.98335
-4.98335
-4.98335
-4.98335
-4.98335
-4.98335
-4.98335
-4.98335
-4.98335
-4.98335
-4.98335
-4.98335
-4.98335
-4.98335
-4.98335
-4.98335
-4.98335
-4.98335
-4.98335
-4.98335
-4.98335
-4.98335
-4.98335
-4.98335
-4.98335
-4.98335
-4.98335
-4.98335
-4.98335
-4.98335
-4.98335
-4.98335
-4.98335
-4.98335
-4.98335
-4.98335
-4.98335
-4.98335
-4.98335
-4.98335
-4.98335
-4.98335
-4.98335
-4.98335
-4.98335
-4.98335
-4.98335
-4.98335
-4.98335
-4.98335
-4.98335
-4.98335
-4.98335
-4.98335
-4.98335
-4.98335
-4.98335
-4.98335
-4.98335
-4.98335
-4.98335
-4.98335
-4.98335
-4.98335
-4.98335
-4.98335
-4.98335
-4.98335
-4.98335
-4.98335
-4.98335
-4.98335
-4.98335
-4.98335
-4.98335
-4.98335
-4.98335
-4.98335
-4.98335
-4.98335
-4.98335
-4.98335
-4.98335
-4.98335
-4.98335
-4.98335
-4.98335
-4.98335
-4.98335
-4.98335
-4.98335
-4.98335
-4.98335
-4.98335
-4.98335
-4.98335
-4.98335
-4.98335
-4.98335
-4.98335
-4.98335
-4.98335
-4.98335
-4.98335
-4.98335
-4.98335
-4.98335
-4.98335
-4.98335
-4.98335
-4.98335
-4.98335
-4.98335
-4.98335
-4.98335
-4.98335
-4.98335
-4.98335
-4.98335
-4.98335
-4.98335
-4.98335
-4.98335
-4.98335
-4.98335
-4.98335
-4.98335
-4.98335
-4.98335
-4.98335
-4.98335
-4.98335
-4.98335
-4.98335
-4.98335
-4.98335
-4.98335
-4.98335
-4.98335
-4.98335
-4.98335
-4.98335
-4.98335
-4.98335
-4.98335
-4.98335
-4.98335
-4.98335
-4.98335
-4.98335
-4.98335
-4.98335
-4.98335
-4.98335
-4.98335
-4.98335
-4.98335
-4.98335
-4.98335
-4.98335
-4.98335
-4.98335
-4.98335
-4.98335
-4.98335
-4.98335
-4.98335
-4.98335
-4.98335
-4.98335
-4.98335
-4.98335
-4.98335
-4.98335
-4.98335
-4.98335
-4.98335
-4.98335
-4.98335
-4.98335
-4.98335
-4.98335
-4.98335
-4.98335
-4.98335
-4.98335
-4.98335
-4.98335
-4.98335
-4.98335
-4.98335
-4.98335
-4.98335
-4.98335
-4.98335
-4.98335
-4.98335
-4.98335
-4.98335
-4.98335
-4.98335
-4.98335
-4.98335
-4.98335
-4.98335
-4.98335
-4.98335
-4.98335
-4.98335
-4.98335
-4.98335
-4.98335
-4.98335
-4.98335
-4.98335
-4.98335
-4.98335
-4.98335
-4.98335
-4.98335
-4.98335
-4.98335
-4.98335
-4.98335
-4.98335
-4.98335
-4.98335
-4.98335
-4.98335
-4.98335
-4.98335
-4.98335
-4.98335
-4.98335
-4.98335
-4.98335
-4.98335
-4.98335
-4.98335
-4.98335
-4.98335
-4.98335
-4.98335
-4.98335
-4.98335
-4.98335
-4.98335
-4.98335
-4.98335
-4.98335
-4.98335
-4.98335
-4.98335
-4.98335
-4.98335
-4.98335
-4.98335
-4.98335
-4.98335
-4.98335
-4.98335
-4.98335
-4.98335
-4.98335
-4.98335
-4.98335
-4.98335
-4.98335
-4.98335
-4.98335
-4.98335
-4.98335
-4.98335
-4.98335
-4.98335
-4.98335
-4.98335
-4.98335
-4.98335
-4.98335
-4.98335
-4.98335
-4.98335
-4.98335
-4.98335
-4.98335
-4.98335
-4.98335
-4.98335
-4.98335
-4.98335
-4.98335
-4.98335
-4.98335
-4.98335
-4.98335
-4.98335
-4.98335
-4.98335
-4.98335
-4.98335
-4.98335
-4.98335
-4.98335
-4.98335
-4.98335
-4.98335
-4.98335
-4.98335
-4.98335
-4.98335
-4.98335
-4.98335
-4.98335
-4.98335
-4.98335
-4.98335
-4.98335
-4.98335
-4.98335
-4.98335
-4.98335
-4.98335
-4.98335
-4.98335
-4.98335
-4.98335
-4.98335
-4.98335
-4.98335
-4.98335
-4.98335
-4.98335
-4.98335
-4.98335
-4.98335
-4.98335
-4.98335
-4.98335
-4.98335
-4.98335
-4.98335
-4.98335
-4.98335
-4.98335
-4.98335
-4.98335
-4.98335
-4.98335
-4.98335
-4.98335
-4.98335
-4.98335
-4.98335
-4.98335
-4.98335
-4.98335
-4.98335
-4.98335
-4.98335
-4.98335
-4.98335
-4.98335
-4.98335
-4.98335
-4.98335
-4.98335
-4.98335
-4.98335
-4.98335
-4.98335
-4.98335
-4.98335
-4.98335
-4.98335
-4.98335
-4.98335
-4.98335
-4.98335
-4.98335
-4.98335
-4.98335
-4.98335
-4.98335
-4.98335
-4.98335
-4.98335
-4.98335
-4.98335
-4.98335
-4.98335
-4.98335
-4.98335
-4.98335
-4.98335
-4.98335
-4.98335
-4.98335
-4.98335
-4.98335
-4.98335
-4.98335
-4.98335
-4.98335
-4.98335
-4.98335
-4.98335
-4.98335
-4.98335
-4.98335
-4.98335
-4.98335
-4.98335
-4.98335
-4.98335
-4.98335
-4.98335
-4.98335
-4.98335
-4.98335
-4.98335
-4.98335
-4.98335
-4.98335
-4.98335
-4.98335
-4.98335
-4.98335
-4.98335
-4.98335
-4.98335
-4.98335
-4.98335
-4.98335
-4.98335
-4.98335
-4.98335
-4.98335
-4.98335
-4.98335
-4.98335
-4.98335
-4.98335
-4.98335
-4.98335
-4.98335
-4.98335
-4.98335
-4.98335
-4.98335
-4.98335
-4.98335
-4.98335
-4.98335
-4.98335
-4.98335
-4.98335
-4.98335
-4.98335
-4.98335
-4.98335
-4.98335
-4.98335
-4.98335
-4.98335
-4.98335
-4.98335
-4.98335
-4.98335
-4.98335
-4.98335
-4.98335
-4.98335
-4.98335
-4.98335
-4.98335
-4.98335
-4.98335
-4.98335
-4.98335
-4.98335
-4.98335
-4.98335
-4.98335
-4.98335
-4.98335
-4.98335
-4.98335
-4.98335
-4.98335
-4.98335
-4.98335
-4.98335
-4.98335
-4.98335
-4.98335
-4.98335
-4.98335
-4.98335
-4.98335
-4.98335
-4.98335
-4.98335
-4.98335
-4.98335
-4.98335
-4.98335
-4.98335
-4.98335
-4.98335
-4.98335
-4.98335
-4.98335
-4.98335
-4.98335
-4.98335
-4.98335
-4.98335
-4.98335
-4.98335
-4.98335
-4.98335
-4.98335
-4.98335
-4.98335
-4.98335
-4.98335
-4.98335
-4.98335
-4.98335
-4.98335
-4.98335
-4.98335
-4.98335
-4.98335
-4.98335
-4.98335
-4.98335
-4.98335
-4.98335
-4.98335
-4.98335
-4.98335
-4.98335
-4.98335
-4.98335
-4.98335
-4.98335
-4.98335
-4.98335
-4.98335
-4.98335
-4.98335
-4.98335
-4.98335
-4.98335
-4.98335
-4.98335
-4.98335
-4.98335
-4.98335
-4.98335
-4.98335
-4.98335
-4.98335
-4.98335
-4.98335
-4.98335
-4.98335
-4.98335
-4.98335
-4.98335
-4.98335
-4.98335
-4.98335
-4.98335
-4.98335
-4.98335
-4.98335
-4.98335
-4.98335
-4.98335
-4.98335
-4.98335
-4.98335
-4.98335
-4.98335
-4.98335
-4.98335
-4.98335
-4.98335
-4.98335
-4.98335
-4.98335
-4.98335
-4.98335
-4.98335
-4.98335
-4.98335
-4.98335
-4.98335
-4.98335
-4.98335
-4.98335
-4.98335
-4.98335
-4.98335
-4.98335
-4.98335
-4.98335
-4.98335
-4.98335
-4.98335
-4.98335
-4.98335
-4.98335
-4.98335
-4.98335
-4.98335
-4.98335
-4.98335
-4.98335
-4.98335
-4.98335
-4.98335
-4.98335
-4.98335
-4.98335
-4.98335
-4.98335
-4.98335
-4.98335
-4.98335
-4.98335
-4.98335
-4.98335
-4.98335
-4.98335
-4.98335
-4.98335
-4.98335
-4.98335
-4.98335
-4.98335
-4.98335
-4.98335
-4.98335
-4.98335
-4.98335
-4.98335
-4.98335
-4.98335
-4.98335
-4.98335
-4.98335
-4.98335
-4.98335
-4.98335
-4.98335
-4.98335
-4.98335
-4.98335
-4.98335
-4.98335
-4.98335
-4.98335
-4.98335
-4.98335
-4.98335
-4.98335
-4.98335
-4.98335
-4.98335
-4.98335
-4.98335
-4.98335
-4.98335
-4.98335
-4.98335
-4.98335
-4.98335
-4.98335
-4.98335
-4.98335
-4.98335
-4.98335
-4.98335
-4.98335
-4.98335
-4.98335
-4.98335
-4.98335
-4.98335
-4.98335
-4.98335
-4.98335
-4.98335
-4.98335
-4.98335
-4.98335
-4.98335
-4.98335
-4.98335
-4.98335
-4.98335
-4.98335
-4.98335
-4.98335
-4.98335
-4.98335
-4.98335
-4.98335
-4.98335
-4.98335
-4.98335
-4.98335
-4.98335
-4.98335
-4.98335
-4.98335
-4.98335
-4.98335
-4.98335
-4.98335
-4.98335
-4.98335
-4.98335
-4.98335
-4.98335
-4.98335
-4.98335
-4.98335
-4.98335
-4.98335
-4.98335
-4.98335
-4.98335
-4.98335
-4.98335
-4.98335
-4.98335
-4.98335
-4.98335
-4.98335
-4.98335
-4.98335
-4.98335
-4.98335
-4.98335
-4.98335
-4.98335
-4.98335
-4.98335
-4.98335
-4.98335
-4.98335
-4.98335
-4.98335
-4.98335
-4.98335
-4.98335
-4.98335
-4.98335
-4.98335
-4.98335
-4.98335
-4.98335
-4.98335
-4.98335
-4.98335
-4.98335
-4.98335
-4.98335
-4.98335
-4.98335
-4.98335
-4.98335
-4.98335
-4.98335
-4.98335
-4.98335
-4.98335
-4.98335
-4.98335
-4.98335
-4.98335
-4.98335
-4.98335
-4.98335
-4.98335
-4.98335
-4.98335
-4.98335
-4.98335
-4.98335
-4.98335
-4.98335
-4.98335
-4.98335
-4.98335
-4.98335
-4.98335
-4.98335
-4.98335
-4.98335
-4.98335
-4.98335
-4.98335
-4.98335
-4.98335
-4.98335
-4.98335
-4.98335
-4.98335
-4.98335
-4.98335
-4.98335
-4.98335
-4.98335
-4.98335
-4.98335
-4.98335
-4.98335
-4.98335
-4.98335
-4.98335
-4.98335
-4.98335
-4.98335
-4.98335
-4.98335
-4.98335
-4.98335
-4.98335
-4.98335
-4.98335
-4.98335
-4.98335
-4.98335
-4.98335
-4.98335
-4.98335
-4.98335
-4.98335
-4.98335
-4.98335
-4.98335
-4.98335
-4.98335
-4.98335
-4.98335
-4.98335
-4.98335
-4.98335
-4.98335
-4.98335
-4.98335
-4.98335
-4.98335
-4.98335
-4.98335
-4.98335
-4.98335
-4.98335
-4.98335
-4.98335
-4.98335
-4.98335
-4.98335
-4.98335
-4.98335
-4.98335
-4.98335
-4.98335
-4.98335
-4.98335
-4.98335
-4.98335
-4.98335
-4.98335
-4.98335
-4.98335
-4.98335
-4.98335
-4.98335
-4.98335
-4.98335
-4.98335
-4.98335
-4.98335
-4.98335
-4.98335
-4.98335
-4.98335
-4.98335
-4.98335
-4.98335
-4.98335
-4.98335
-4.98335
-4.98335
-4.98335
-4.98335
-4.98335
-4.98335
-4.98335
-4.98335
-4.98335
-4.98335
-4.98335
-4.98335
-4.98335
-4.98335
-4.98335
-4.98335
-4.98335
-4.98335
-4.98335
-4.98335
-4.98335
-4.98335
-4.98335
-4.98335
-4.98335
-4.98335
-4.98335
-4.98335
-4.98335
-4.98335
-4.98335
-4.98335
-4.98335
-4.98335
-4.98335
-4.98335
-4.98335
-4.98335
-4.98335
-4.98335
-4.98335
-4.98335
-4.98335
-4.98335
-4.98335
-4.98335
-4.98335
-4.98335
-4.98335
-4.98335
-4.98335
-4.98335
-4.98335
-4.98335
-4.98335
-4.98335
-4.98335
-4.98335
-4.98335
-4.98335
-4.98335
-4.98335
-4.98335
-4.98335
-4.98335
-4.98335
-4.98335
-4.98335
-4.98335
-4.98335
-4.98335
-4.98335
-4.98335
-4.98335
-4.98335
-4.98335
-4.98335
-4.98335
-4.98335
-4.98335
-4.98335
-4.98335
-4.98335
-4.98335
-4.98335
-4.98335
-4.98335
-4.98335
-4.98335
-4.98335
-4.98335
-4.98335
-4.98335
-4.98335
-4.98335
-4.98335
-4.98335
-4.98335
-4.98335
-4.98335
-4.98335
-4.98335
-4.98335
-4.98335
-4.98335
-4.98335
-4.98335
-4.98335
-4.98335
-4.98335
-4.98335
-4.98335
-4.98335
-4.98335
-4.98335
-4.98335
-4.98335
-4.98335
-4.98335
-4.98335
-4.98335
-4.98335
-4.98335
-4.98335
-4.98335
-4.98335
-4.98335
-4.98335
-4.98335
-4.98335
-4.98335
-4.98335
-4.98335
-4.98335
-4.98335
-4.98335
-4.98335
-4.98335
-4.98335
-4.98335
-4.98335
-4.98335
-4.98335
-4.98335
-4.98335
-4.98335
-4.98335
-4.98335
-4.98335
-4.98335
-4.98335
-4.98335
-4.98335
-4.98335
-4.98335
-4.98335
-4.98335
-4.98335
-4.98335
-4.98335
-4.98335
-4.98335
-4.98335
-4.98335
-4.98335
-4.98335
-4.98335
-4.98335
-4.98335
-4.98335
-4.98335
-4.98335
-4.98335
-4.98335
-4.98335
-4.98335
-4.98335
-4.98335
-4.98335
-4.98335
-4.98335
-4.98335
-4.98335
-4.98335
-4.98335
-4.98335
-4.98335
-4.98335
-4.98335
-4.98335
-4.98335
-4.98335
-4.98335
-4.98335
-4.98335
-4.98335
-4.98335
-4.98335
-4.98335
-4.98335
-4.98335
-4.98335
-4.98335
-4.98335
-4.98335
-4.98335
-4.98335
-4.98335
-4.98335
-4.98335
-4.98335
-4.98335
-4.98335
-4.98335
-4.98335
-4.98335
-4.98335
-4.98335
-4.98335
-4.98335
-4.98335
-4.98335
-4.98335
-4.98335
-4.98335
-4.98335
-4.98335
-4.98335
-4.98335
-4.98335
-4.98335
-4.98335
-4.98335
-4.98335
-4.98335
-4.98335
-4.98335
-4.98335
-4.98335
-4.98335
-4.98335
-4.98335
-4.98335
-4.98335
-4.98335
-4.98335
-4.98335
-4.98335
-4.98335
-4.98335
-4.98335
-4.98335
-4.98335
-4.98335
-4.98335
-4.98335
-4.98335
-4.98335
-4.98335
-4.98335
-4.98335
-4.98335
-4.98335
-4.98335
-4.98335
-4.98335
-4.98335
-4.98335
-4.98335
-4.98335
-4.98335
-4.98335
-4.98335
-4.98335
-4.98335
-4.98335
-4.98335
-4.98335
-4.98335
-4.98335
-4.98335
-4.98335
-4.98335
-4.98335
-4.98335
-4.98335
-4.98335
-4.98335
-4.98335
-4.98335
-4.98335
-4.98335
-4.98335
-4.98335
-4.98335
-4.98335
-4.98335
-4.98335
-4.98335
-4.98335
-4.98335
-4.98335
-4.98335
-4.98335
-4.98335
-4.98335
-4.98335
-4.98335
-4.98335
-4.98335
-4.98335
-4.98335
-4.98335
-4.98335
-4.98335
-4.98335
-4.98335
-4.98335
-4.98335
-4.98335
-4.98335
-4.98335
-4.98335
-4.98335
-4.98335
-4.98335
-4.98335
-4.98335
-4.98335
-4.98335
-4.98335
-4.98335
-4.98335
-4.98335
-4.98335
-4.98335
-4.98335
-4.98335
-4.98335
-4.98335
-4.98335
-4.98335
-4.98335
-4.98335
-4.98335
-4.98335
-4.98335
-4.98335
-4.98335
-4.98335
-4.98335
-4.98335
-4.98335
-4.98335
-4.98335
-4.98335
-4.98335
-4.98335
-4.98335
-4.98335
-4.98335
-4.98335
-4.98335
-4.98335
-4.98335
-4.98335
-4.98335
-4.98335
-4.98335
-4.98335
-4.98335
-4.98335
-4.98335
-4.98335
-4.98335
-4.98335
-4.98335
-4.98335
-4.98335
-4.98335
-4.98335
-4.98335
-4.98335
-4.98335
-4.98335
-4.98335
-4.98335
-4.98335
-4.98335
-4.98335
-4.98335
-4.98335
-4.98335
-4.98335
-4.98335
-4.98335
-4.98335
-4.98335
-4.98335
-4.98335
-4.98335
-4.98335
-4.98335
-4.98335
-4.98335
-4.98335
-4.98335
-4.98335
-4.98335
-4.98335
-4.98335
-4.98335
-4.98335
-4.98335
-4.98335
-4.98335
-4.98335
-4.98335
-4.98335
-4.98335
-4.98335
-4.98335
-4.98335
-4.98335
-4.98335
-4.98335
-4.98335
-4.98335
0.144619
0.14497
0.144691
0.144082
0.144236
0.141751
0.140907
0.131321
0.131454
0.130811
0.130521
0.129301
0.129389
0.128958
0.127774
0.127592
0.127638
0.1274
0.126904
0.126432
0.126161
0.125633
0.125257
0.124468
0.123104
0.110381
0.109934
0.11047
0.11029
0.109281
0.108686
0.108504
0.107937
0.107394
0.106938
0.106073
0.105857
0.105601
0.104908
0.104625
0.104353
0.103281
0.102303
0.0891042
0.089242
0.0886377
0.0881263
0.0874567
0.0873758
0.0867765
0.0860197
0.08575
0.0849137
0.0840105
0.0718404
0.0717748
0.0714229
0.0706457
0.069997
0.0698411
0.0696551
0.0693603
0.0693113
0.069119
0.0685873
0.068067
0.0677462
0.0667247
0.0664324
0.0661542
0.0657804
0.0654534
0.0651541
0.0646892
0.0643917
0.0636108
0.0552711
0.0549671
0.0546773
0.0542683
0.0539652
0.0535284
0.0532859
0.0530543
0.0527766
0.0526539
0.0524247
0.0521097
0.0517559
0.0515404
0.0513403
0.0512063
0.0508451
0.0428567
0.0427057
0.0425549
0.0424159
0.0422752
0.0421258
0.041966
0.0418216
0.0416701
0.041523
0.041378
0.0412382
0.0411004
0.0409314
0.0407886
0.0407365
0.0405861
0.0404441
0.0402909
0.0401631
0.0399997
0.0398557
0.0397348
0.0395855
0.0394356
0.0392888
0.0391483
0.0390082
0.0388818
0.0387316
0.0385812
0.0384453
0.0382951
0.0381576
0.0380215
0.0378903
0.0377445
0.0376191
0.0374713
0.0373342
0.037209
0.0370767
0.0369371
0.0368028
0.0366762
0.0365138
0.0363749
0.0362425
0.0361118
0.0359927
0.0358426
0.0357352
0.0356034
0.0354767
0.0353223
0.0352049
0.0350856
0.0349542
0.0348214
0.0346914
0.0345588
0.0344169
0.0342885
0.0341666
0.034037
0.0339069
0.0337771
0.0337309
0.0336443
0.0335199
0.0333959
0.0332716
0.0330673
0.0329567
0.0328352
0.0326997
0.0325413
0.0324295
0.0322954
0.032152
0.0320293
0.0319102
0.0317905
0.0317216
0.0315854
0.0314627
0.0313465
0.0312338
0.0311169
0.0309974
0.0308475
0.0307752
0.0306403
0.0305215
0.0304085
0.0302774
0.0301547
0.0300397
0.0299241
0.02981
0.0296275
0.0295187
0.0294021
0.0292872
0.0291828
0.0290675
0.0289616
0.0288485
0.0287949
0.0286929
0.0285843
0.0284616
0.0283319
0.0282211
0.0281043
0.0279994
0.027901
0.0277814
0.027679
0.0275728
0.0274651
0.027354
0.0272431
0.027139
0.0270356
0.0269134
0.0268091
0.0267026
0.026591
0.02648
0.0263671
0.0262711
0.0261507
0.0260625
0.0259578
0.0258552
0.025758
0.0256558
0.0255552
0.0254443
0.0253188
0.0252138
0.0251154
0.0250165
0.0249405
0.024837
0.0247182
0.0246288
0.0245213
0.0244179
0.0243254
0.0242111
0.0241211
0.0240234
0.0239331
0.0238333
0.0237404
0.0236389
0.0234903
0.0233874
0.0232926
0.0231981
0.0230877
0.0230504
0.0229445
0.0228479
0.0227622
0.0226687
0.0225768
0.0224783
0.0223821
0.022288
0.0221951
0.0220967
0.022004
0.0219209
0.021821
0.0217306
0.0216314
0.0215451
0.0214534
0.0213626
0.0212787
0.0211786
0.0210854
0.0209976
0.0209102
0.0208206
0.0207355
0.0206439
0.0205535
0.0204737
0.0203866
0.0202929
0.0201931
0.0201145
0.0200265
0.0199421
0.0198546
0.0197674
0.0196814
0.0195961
0.019509
0.019432
0.0193464
0.0192591
0.0191718
0.0190876
0.0190048
0.018924
0.018839
0.0187542
0.0186754
0.0185908
0.0185091
0.0184319
0.0183522
0.0182756
0.0181577
0.0180727
0.0179872
0.0179087
0.0178315
0.0177459
0.0176686
0.017578
0.0175081
0.0174279
0.0173469
0.0172749
0.0172024
0.0171218
0.0170488
0.0169895
0.0169099
0.0168559
0.0167833
0.0166975
0.0166229
0.0165503
0.0164732
0.0164129
0.0163153
0.016245
0.016173
0.0161028
0.0160298
0.015958
0.0158779
0.0158007
0.0157258
0.0156548
0.0155864
0.0155177
0.0154452
0.0153597
0.0152958
0.0152225
0.0151454
0.0150789
0.0150096
0.0149381
0.0148635
0.0147945
0.014718
0.0146466
0.0145787
0.0145079
0.0144366
0.0143713
0.0142958
0.0142246
0.0141564
0.0140892
0.0140264
0.0139632
0.0138991
0.0138386
0.0137669
0.0137019
0.0136447
0.0135779
0.0135117
0.0134435
0.0133799
0.0133097
0.0132387
0.0131724
0.0130917
0.0130233
0.0129748
0.0129081
0.0128472
0.0127853
0.0127215
0.012656
0.0125915
0.0125388
0.0124756
0.0124096
0.0123457
0.0122821
0.012216
0.0121488
0.0120865
0.0120244
0.0119563
0.0118947
0.0118387
0.0117771
0.0117177
0.0116549
0.0115723
0.0114999
0.0114447
0.0113801
0.0113187
0.011266
0.0112101
0.011149
0.0110883
0.0110276
0.0109665
0.0109075
0.0108512
0.010795
0.0107335
0.0106749
0.0106142
0.0105597
0.0105342
0.0104738
0.0104132
0.010355
0.0102943
0.0102335
0.0101793
0.0101262
0.0100728
0.0100156
0.00995937
0.00989027
0.00983696
0.00978495
0.00972536
0.00966466
0.00960558
0.00955446
0.00949999
0.00944856
0.00938318
0.0093313
0.00930121
0.00925037
0.00920015
0.00916159
0.00911063
0.00905715
0.00900849
0.0089532
0.0089015
0.00885
0.00880035
0.00874478
0.00869452
0.00863552
0.00858972
0.00854195
0.00848811
0.0084426
0.0083935
0.00834542
0.00832367
0.00827347
0.00822755
0.00817985
0.00813137
0.00807836
0.00803514
0.007986
0.00793258
0.00788025
0.00783717
0.00778962
0.00775429
0.00770876
0.0076609
0.00761755
0.00757516
0.00751034
0.00746279
0.00741641
0.0073819
0.00733832
0.00729217
0.00725249
0.00721063
0.00718107
0.00713486
0.00709615
0.00705094
0.00700773
0.0069656
0.00692831
0.00688479
0.00684209
0.00680035
0.00675678
0.00671809
0.00667456
0.0066311
0.00659775
0.00655596
0.00651086
0.00644764
0.00640767
0.00637135
0.00633485
0.00629587
0.00625362
0.00621705
0.00617446
0.00613504
0.00609647
0.00605999
0.00602086
0.00598149
0.00594612
0.00590758
0.00588101
0.00584561
0.00580744
0.00577272
0.00573417
0.00569555
0.00565948
0.0056259
0.00559072
0.00555092
0.00551361
0.00547914
0.00544283
0.00540059
0.00536539
0.00532928
0.00529342
0.00525891
0.00522213
0.00518585
0.00515365
0.00511281
0.00507197
0.00505123
0.00501584
0.00497584
0.00494393
0.00491919
0.00488224
0.00484982
0.0048125
0.0047744
0.00474254
0.00471434
0.00467878
0.00464544
0.00461286
0.00458258
0.00454821
0.0045158
0.00448266
0.00444975
0.00441831
0.00438679
0.00435936
0.0043269
0.0042945
0.00425752
0.00422763
0.00419605
0.00416519
0.00413696
0.00410691
0.00407734
0.0040439
0.00401749
0.00398465
0.00395307
0.00392354
0.00389275
0.00386238
0.00383221
0.00379928
0.0037673
0.00373307
0.0037015
0.00367373
0.00365153
0.00362307
0.00359551
0.00356045
0.00353311
0.00350482
0.00347915
0.003446
0.00341505
0.00339373
0.00336714
0.00334227
0.00331042
0.00329157
0.00326194
0.00323713
0.00321047
0.00318428
0.00315952
0.00313241
0.0031053
0.00307791
0.00305193
0.00302529
0.00299933
0.00296788
0.00294151
0.00291617
0.00288939
0.00286301
0.00283619
0.00281313
0.0027915
0.0027664
0.00274308
0.0027204
0.00268292
0.00265862
0.00263496
0.00260998
0.0025858
0.00256231
0.00253481
0.0025116
0.00248507
0.00246351
0.0024391
0.00241165
0.00239101
0.00236601
0.00234294
0.00232352
0.00230078
0.0022762
0.00226285
0.00223918
0.00221839
0.00219622
0.00217515
0.00215294
0.00212911
0.00210639
0.00208602
0.002064
0.0020396
0.00201764
0.00199653
0.00197575
0.00195416
0.00193373
0.00191253
0.00188901
0.00186754
0.00184715
0.00182726
0.0018072
0.00178582
0.0017657
0.00174612
0.00172294
0.00170263
0.00168257
0.00167662
0.00163283
0.00161324
0.00159358
0.00158206
0.00156269
0.00154225
0.00152364
0.00150322
0.00148543
0.00146371
0.00144504
0.00142671
0.00140783
0.00138904
0.00137036
0.00134846
0.00132988
0.00132412
0.00129002
0.00127125
0.00125775
0.0012371
0.00121847
0.00120084
0.00118217
0.00116407
0.00114318
0.0011251
0.00110999
0.0010859
0.00106875
0.00104857
0.00103138
0.00101347
0.001001
0.000991072
0.000962945
0.000946353
0.000929997
0.000913462
0.000897855
0.000881329
0.00086496
0.00084869
0.000832594
0.000813854
0.000799806
0.000781932
0.0007652
0.000749418
0.000733163
0.000714512
0.00069926
0.000673166
0.000657509
0.000642811
0.000628078
0.00061243
0.000603566
0.000588584
0.000573581
0.000556845
0.000543932
0.000527254
0.000510458
0.000494829
0.000478718
0.000462313
0.000448487
0.000431839
0.000424018
0.000398766
0.000378238
0.000365855
0.000352825
0.000338822
0.000325027
0.000314984
0.000300955
0.000284497
0.000271713
0.000258104
0.000243087
0.000229012
0.000215034
0.000200417
0.000185533
0.000179911
0.000172973
0.000140301
0.000135253
0.000123146
0.00011061
0.00010168
8.98711e-05
7.76829e-05
6.54678e-05
5.31347e-05
4.0316e-05
2.70243e-05
1.3151e-05
-2.79201e-07
-1.36918e-05
-2.95315e-05
-4.01543e-05
-5.41388e-05
-5.30152e-05
-7.73973e-05
-8.85665e-05
-9.982e-05
-0.000111923
-0.000125222
-0.000134051
-0.000151363
-0.000162897
-0.000175203
-0.00018705
-0.000196094
-0.00020927
-0.000220145
-0.000231161
-0.000243783
-0.000241901
-0.000265734
-0.00027537
-0.000288222
-0.00029509
-0.000304762
-0.000314309
-0.00032357
-0.000335142
-0.000342926
-0.000351469
-0.000363703
-0.000372355
-0.000379957
-0.000391057
-0.000398605
-0.000409445
-0.000418347
-0.000410676
-0.000436
-0.000443303
-0.000451704
-0.000459827
-0.000465038
-0.000471914
-0.000482111
-0.000489798
-0.000497367
-0.00050537
-0.000514231
-0.000521766
-0.000530328
-0.000538894
-0.000547429
-0.000554806
-0.000560845
-0.000554885
-0.000577088
-0.000584148
-0.000589841
-0.000595575
-0.000601736
-0.000608139
-0.000613625
-0.000619409
-0.000625169
-0.000631063
-0.000637637
-0.000640698
-0.000648358
-0.000654245
-0.000658596
-0.00066563
-0.000655772
-0.000680146
-0.000682306
-0.000688723
-0.000692549
-0.000696638
-0.000700828
-0.000704833
-0.000709492
-0.000711928
-0.000715289
-0.000720024
-0.00072604
-0.000730826
-0.000734152
-0.00073833
-0.000743431
-0.000733357
-0.000752863
-0.000754983
-0.000754914
-0.000759157
-0.000761365
-0.000763492
-0.00076571
-0.000767826
-0.000770042
-0.000772205
-0.000772562
-0.000776441
-0.000779012
-0.000781141
-0.000782241
-0.000785275
-0.000772184
-0.000771073
-0.000791587
-0.000792128
-0.000790394
-0.000790806
-0.00079133
-0.000793865
-0.000794351
-0.000794918
-0.000795343
-0.000793626
-0.000796244
-0.000794602
-0.000797324
-0.000797661
-0.000798291
-0.000798564
-0.000798887
-0.000798207
-0.000781505
-0.000798847
-0.000795579
-0.000796537
-0.000795346
-0.000794228
-0.00079306
-0.000791835
-0.000790704
-0.000789455
-0.000788302
-0.00078725
-0.000785987
-0.000784773
-0.000781476
-0.000781897
-0.000766045
-0.00076473
-0.000775014
-0.000773328
-0.000768419
-0.000765744
-0.000765
-0.000762178
-0.000757425
-0.000754564
-0.00075186
-0.000750171
-0.000749256
-0.000746617
-0.000743982
-0.000740749
-0.000735885
-0.000722302
-0.000718843
-0.000727107
-0.000721742
-0.000717973
-0.00071323
-0.000710301
-0.000703895
-0.000699764
-0.000695238
-0.000690809
-0.000686727
-0.000684013
-0.000679823
-0.000675439
-0.000671347
-0.000666947
-0.000651453
-0.000646718
-0.000651093
-0.00064592
-0.000637932
-0.000632644
-0.00062668
-0.000621372
-0.000614791
-0.00061002
-0.000603776
-0.000597798
-0.000591702
-0.000584917
-0.000577909
-0.00057083
-0.000556759
-0.000551418
-0.000551681
-0.000548109
-0.00053731
-0.000531603
-0.000521469
-0.000513986
-0.000507598
-0.000500736
-0.000493414
-0.000487433
-0.000479363
-0.000474681
-0.000465978
-0.00045941
-0.000454541
-0.00043907
-0.000427316
-0.000419701
-0.000424944
-0.000417387
-0.000409677
-0.000401984
-0.00039424
-0.000387668
-0.000379872
-0.000372433
-0.000363178
-0.000355944
-0.000348037
-0.000341279
-0.000331623
-0.000323807
-0.000316535
-0.000309405
-0.000301302
-0.000280181
-0.000284694
-0.000276335
-0.000265856
-0.000258433
-0.000248353
-0.000239535
-0.000230779
-0.000221415
-0.000212655
-0.000204757
-0.000195184
-0.000186429
-0.00017829
-0.000169198
-0.000160861
-0.000150925
-0.000142792
-0.000119201
-0.000108565
-9.83198e-05
-0.000104527
-9.31881e-05
-8.27532e-05
-7.30698e-05
-6.24233e-05
-5.2205e-05
-4.1437e-05
-2.94599e-05
-1.94262e-05
-9.09408e-06
6.68099e-07
1.00655e-05
2.02197e-05
3.45553e-05
4.52648e-05
5.56008e-05
6.58926e-05
9.20437e-05
0.000102943
0.000100945
0.00011265
0.000123125
0.000134713
0.000147386
0.000158841
0.000171266
0.00018395
0.000195444
0.000206574
0.000216248
0.000230047
0.000241485
0.000253115
0.000265137
0.000276695
0.000288394
0.00031534
0.000328029
0.000327736
0.00034184
0.000356314
0.000369695
0.000383047
0.000395802
0.000409912
0.000422967
0.000437958
0.00045123
0.000463304
0.000477319
0.000489954
0.000503099
0.000518956
0.000533138
0.00054687
0.000574075
0.000587578
0.00060541
0.000605904
0.000617936
0.000632474
0.000648803
0.000661998
0.000679184
0.000693907
0.000708351
0.000722677
0.000737057
0.000751778
0.000769503
0.00078393
0.000799471
0.000813693
0.000828497
0.000844802
0.000873284
0.000891796
0.00088962
0.000907236
0.000921921
0.000940838
0.000957912
0.00097409
0.000990253
0.00100636
0.00102552
0.0010414
0.00105832
0.00107368
0.00109096
0.00110691
0.00112505
0.00114086
0.00115686
0.00118626
0.00120722
0.00122216
0.00122755
0.00124354
0.00126554
0.0012835
0.00130091
0.00131911
0.00133799
0.00135597
0.00137772
0.00139769
0.00141441
0.00143178
0.00144779
0.00146566
0.00148293
0.00150314
0.00151957
0.00155556
0.00157314
0.00157928
0.00159435
0.00161271
0.00163251
0.0016591
0.0016805
0.0016996
0.00171873
0.00173504
0.00175484
0.00177246
0.00179405
0.00181178
0.00183177
0.00185067
0.00186965
0.00189162
0.00192649
0.0019466
0.00195114
0.00197244
0.00199592
0.00201726
0.00203678
0.00205728
0.00207964
0.00210179
0.00212355
0.00214448
0.00216283
0.00217591
0.00219442
0.00221797
0.0022383
0.0022628
0.00228251
0.00230316
0.00232343
0.00235989
0.0023879
0.00239058
0.00241474
0.00243507
0.00246221
0.00248259
0.00250619
0.00252233
0.00254586
0.00256951
0.00258837
0.00261201
0.00263367
0.00265628
0.0026746
0.00269146
0.00271652
0.00273621
0.00276735
0.00278993
0.00283252
0.00285931
0.00286532
0.00288917
0.00291357
0.00293797
0.00296131
0.00298456
0.00300879
0.00303504
0.00305285
0.00307633
0.00310078
0.00312828
0.00315184
0.00317398
0.00319939
0.0032228
0.00324613
0.00326255
0.00328798
0.00333228
0.00336102
0.00336431
0.00339147
0.00341838
0.00344321
0.00346928
0.00349793
0.00352161
0.00354745
0.00357311
0.00359665
0.00362051
0.00365093
0.00367442
0.00369931
0.00372914
0.00375293
0.00378275
0.00380673
0.00383315
0.00386104
0.00390544
0.00393172
0.00395463
0.00398681
0.00401669
0.0040439
0.0040767
0.00410213
0.00413109
0.00415639
0.00418439
0.00421384
0.0042377
0.00426614
0.00429208
0.00431927
0.00434648
0.00437256
0.00439865
0.00442813
0.00445739
0.00451051
0.00454137
0.00456767
0.00457551
0.00461303
0.00464252
0.00467162
0.00470769
0.00472347
0.00475767
0.00479589
0.00482483
0.00485448
0.00488204
0.00490856
0.0049383
0.00496316
0.00499923
0.00502923
0.00505491
0.00508247
0.00511142
0.00513817
0.0051669
0.0052209
0.00525664
0.00526489
0.00529183
0.00533449
0.00536925
0.00540351
0.00542892
0.00546428
0.00549399
0.00552052
0.00555293
0.00558516
0.00562563
0.00565741
0.00569367
0.00572653
0.0057594
0.00579261
0.00582333
0.00585755
0.00587392
0.00590787
0.0059623
0.00599805
0.00600064
0.00603653
0.00607019
0.00609568
0.00612674
0.00616403
0.00619448
0.00622764
0.00626368
0.00629998
0.00633041
0.00637814
0.00641559
0.00644926
0.00647763
0.00651396
0.00654504
0.00657479
0.00661074
0.00663186
0.00665946
0.00669182
0.00675502
0.00678653
0.00679957
0.00683444
0.00686697
0.00690212
0.00693595
0.00696791
0.00700614
0.0070362
0.00706346
0.0071039
0.00713811
0.0071738
0.00720853
0.00724549
0.00728062
0.00731103
0.00734484
0.00738709
0.00741987
0.00744955
0.00748377
0.00751753
0.00757229
0.00761433
0.0076509
0.00766861
0.00769926
0.0077377
0.00777215
0.0078124
0.00784792
0.00788508
0.00792054
0.00795914
0.00799512
0.00802525
0.00806176
0.00810003
0.00814317
0.00817575
0.00821228
0.00824851
0.00828355
0.00831762
0.00835809
0.00839054
0.00842289
0.0084856
0.00852982
0.00856964
0.00860622
0.00862202
0.00865884
0.00870401
0.00874093
0.00877428
0.00880955
0.00884434
0.00889271
0.00892807
0.00896016
0.0090023
0.009041
0.00907763
0.00912047
0.00916637
0.0092027
0.00923578
0.00927203
0.00930927
0.00934648
0.00938809
0.00942467
0.00948872
0.00952016
0.00956418
0.00960818
0.00962286
0.00966044
0.00969797
0.00974492
0.00978294
0.00982104
0.0098631
0.00990597
0.00994382
0.00998493
0.0100192
0.0100625
0.0101019
0.0101393
0.0101819
0.0102291
0.0102679
0.0103101
0.0103444
0.010385
0.010427
0.0104697
0.0105121
0.0105511
0.0106255
0.0106736
0.0107096
0.0107206
0.0107623
0.0108074
0.0108589
0.0109021
0.0109426
0.01098
0.0110217
0.0110589
0.0111023
0.0111449
0.0111837
0.0112316
0.0112721
0.011318
0.0113601
0.0114018
0.0114493
0.011493
0.0115377
0.0116256
0.0116683
0.0117107
0.0117966
0.011833
0.011887
0.0119028
0.011945
0.0119844
0.01203
0.0120829
0.0121261
0.0121716
0.0122176
0.012264
0.012307
0.0123526
0.0124043
0.0124471
0.0124913
0.0125391
0.0125157
0.0125625
0.0126104
0.0126575
0.0127012
0.0127465
0.0127883
0.0128373
0.0128776
0.0129251
0.0130093
0.0130572
0.013098
0.0131553
0.0131611
0.0132208
0.0132632
0.0133097
0.0133537
0.0134005
0.0134546
0.013497
0.0135507
0.0135987
0.0136418
0.0136888
0.0137351
0.0137804
0.0138321
0.0138802
0.0139242
0.0139783
0.0140165
0.0140645
0.0141127
0.0141681
0.0142022
0.0142543
0.0143579
0.0143985
0.0144501
0.0145057
0.0145209
0.0145711
0.0146241
0.0146779
0.0147254
0.0147762
0.0148358
0.0148792
0.0149292
0.0149847
0.0150353
0.015087
0.0151434
0.0151877
0.0152387
0.0152936
0.0153478
0.0153961
0.0154508
0.0154996
0.0155514
0.0156016
0.0156554
0.0157583
0.0158205
0.0158744
0.0159294
0.0159292
0.0159829
0.016035
0.0160974
0.0161582
0.0162091
0.0162619
0.0163201
0.0163786
0.0164351
0.0164943
0.0165538
0.0166155
0.0166816
0.0167359
0.0167907
0.0168333
0.0168965
0.0169492
0.0170085
0.0170663
0.0171131
0.0172266
0.0173356
0.0173965
0.017404
0.0174711
0.0175234
0.0175785
0.0176315
0.0176927
0.0177538
0.0178206
0.0178751
0.017932
0.0180071
0.0180624
0.0181141
0.01817
0.0182237
0.0181967
0.0182617
0.0183284
0.0183898
0.0184301
0.0184548
0.0185102
0.0185804
0.0186452
0.0186993
0.0188025
0.0188619
0.0189303
0.018986
0.0190033
0.0190703
0.0191377
0.0192034
0.0192574
0.0193252
0.0193905
0.0194539
0.0195103
0.0195745
0.0196425
0.0197078
0.0197838
0.019843
0.0198853
0.0199527
0.0200291
0.0200895
0.0201461
0.020217
0.0202841
0.0203449
0.0203976
0.0205016
0.0205792
0.0206535
0.0207085
0.0207186
0.0207876
0.0208591
0.0209131
0.0209884
0.0210489
0.0211166
0.0211891
0.0212546
0.0213141
0.0213818
0.021457
0.0215293
0.0215911
0.0216665
0.0217322
0.0217998
0.0218625
0.0219335
0.0220094
0.0220684
0.0221455
0.0222062
0.0223322
0.0224056
0.0224844
0.0225711
0.0226411
0.0227164
0.022781
0.0228557
0.022927
0.0229969
0.0230552
0.0231247
0.0231375
0.0232038
0.0232692
0.0233447
0.0234146
0.0234819
0.0235524
0.023633
0.0237197
0.0237822
0.0238398
0.0239217
0.0239832
0.0240544
0.0241115
0.024256
0.0243351
0.0244112
0.0244328
0.0245227
0.0245969
0.024649
0.0247261
0.0248199
0.0249044
0.0249799
0.0250533
0.0251225
0.0251967
0.0252733
0.0253458
0.0254274
0.0254922
0.0255708
0.0256403
0.0256972
0.0257768
0.0258434
0.0259295
0.0259976
0.0260834
0.0262253
0.0263177
0.0263866
0.0264729
0.0264759
0.0265477
0.02664
0.0267129
0.0268687
0.02694
0.0270313
0.0270867
0.0271838
0.0272442
0.027343
0.0274374
0.027511
0.0275968
0.027687
0.0277779
0.0277757
0.0278457
0.0279327
0.0280095
0.0280955
0.0281957
0.0283491
0.0284459
0.0285212
0.028593
0.0286046
0.0286908
0.0287856
0.028865
0.0289556
0.0290447
0.0291215
0.0292071
0.0292983
0.0293903
0.0294199
0.0295371
0.0296609
0.0298092
0.029931
0.0299872
0.0300838
0.0301711
0.0302581
0.0303353
0.0304054
0.0304179
0.0305695
0.0306595
0.0307604
0.0308593
0.030847
0.0309453
0.0310494
0.031099
0.0311741
0.0312608
0.0313676
0.0314665
0.0315559
0.0317238
0.0318094
0.0319184
0.0320082
0.0321045
0.0322356
0.0323303
0.0324293
0.0324946
0.0325744
0.0326794
0.0327819
0.0329681
0.033039
0.0331269
0.0331559
0.0332451
0.033346
0.0334528
0.033549
0.0336328
0.0337256
0.0338206
0.0339195
0.0340009
0.034113
0.0342081
0.0343107
0.0343832
0.0344912
0.0345824
0.0347065
0.0348016
0.0348778
0.034983
0.0350768
0.0351582
0.0352672
0.0354297
0.0355375
0.0356512
0.0356259
0.0357049
0.0357942
0.0359159
0.0360233
0.0361131
0.036219
0.0363226
0.0364187
0.0365458
0.0366489
0.036757
0.0368482
0.036967
0.0370654
0.0371827
0.0372887
0.0373983
0.0374681
0.0375255
0.0376158
0.03774
0.0378617
0.038061
0.038169
0.038272
0.0383103
0.0383955
0.0384996
0.0386156
0.0387235
0.0388485
0.038966
0.0390756
0.0391978
0.0393069
0.039411
0.0395136
0.0396273
0.0397472
0.0398377
0.0399644
0.0400645
0.0401708
0.0402845
0.040394
0.0404995
0.0406372
0.0408148
0.0409228
0.0410227
0.0410283
0.0411251
0.0412615
0.0413758
0.0415118
0.0416386
0.041736
0.0418484
0.0419475
0.0421049
0.0422252
0.0423546
0.0424752
0.0425791
0.0427011
0.0428033
0.042941
0.0430576
0.0431814
0.0432738
0.0434102
0.0436335
0.0437903
0.0438303
0.0439759
0.0440955
0.0442089
0.0443483
0.0444629
0.0445751
0.0446873
0.0448402
0.0449575
0.0450778
0.045145
0.0453013
0.045405
0.0455259
0.0455958
0.0457359
0.0459571
0.0461111
0.0462661
0.0464059
0.0516764
0.0518054
0.0531878
0.0534756
0.0537574
0.0534047
0.053681
0.0533639
0.0537256
0.0541225
0.0541071
0.0543211
0.0542832
0.0548511
0.0548951
0.0553707
0.0554379
0.0556841
0.0563276
0.0799316
0.0805347
0.0815405
0.0829639
0.0840954
0.0747852
0.0852695
0.0849871
0.0861183
0.0859748
0.0867117
0.0866862
0.0877832
0.0884338
0.0893674
0.0906744
0.0911296
0.092251
0.0940117
0.0957885
0.0972188
0.0964729
0.0983946
0.0992001
0.100191
0.102056
0.138157
0.139498
0.190685
0.186916
0.185969
0.186414
0.186653
0.186524
0.190257
0.189638
0.18977
0.192679
0.192972
0.192146
0.197686
0.197626
0.202159
0.202022
0.20459
0.214646
0.219842
0.22846
0.191538
0.27195
0.267569
0.266859
0.264136
0.262631
0.26031
0.263888
0.264241
0.264566
0.266282
0.264768
0.266466
0.272296
0.274056
0.279655
0.279807
0.287618
0.17356
0.172711
0.240973
0.234009
0.232331
0.230593
