-0.171273
-0.171273
-0.171273
-0.171273
-0.171273
-0.171273
-0.171273
-0.171273
-0.171273
-0.171273
-0.171273
-0.171273
-0.171273
-0.171273
-0.171273
-0.171273
-0.171273
-0.171273
-0.171273
-0.171273
-0.171273
-0.171273
-0.171273
-0.171273
-0.171273
-0.171273
-0.171273
-0.171273
-0.171273
-0.171273
-0.171273
-0.171273
-0.171273
-0.171273
-0.171273
-0.171273
-0.171273
-0.171273
-0.171273
-0.171273
-0.171273
-0.171273
-0.171273
-0.171273
-0.171273
-0.171273
-0.171273
-0.171273
-0.171273
-0.171273
-0.171273
-0.171273
-0.171273
-0.171273
-0.171273
-0.171273
-0.171273
-0.171273
-0.171273
-0.171273
-0.171273
-0.171273
-0.171273
-0.171273
-0.171273
-0.171273
-0.171273
-0.171273
-0.171273
-0.171273
-0.171273
-0.171273
-0.171273
-0.171273
-0.171273
-0.171273
-0.171273
-0.171273
-0.171273
-0.171273
-0.171273
-0.171273
-0.171273
-0.171273
-0.171273
-0.171273
-0.171273
-0.171273
-0.171273
-0.171273
-0.171273
-0.171273
-0.171273
-0.171273
-0.171273
-0.171273
-0.171273
-0.171273
-0.171273
-0.171273
-0.171273
-0.171273
-0.171273
-0.171273
-0.171273
-0.171273
-0.171273
-0.171273
-0.171273
-0.171273
-0.171273
-0.171273
-0.171273
-0.171273
-0.171273
-0.171273
-0.171273
-0.171273
-0.171273
-0.171273
-0.171273
-0.171273
-0.171273
-0.171273
-0.171273
-0.171273
-0.171273
-0.171273
-0.171273
-0.171273
-0.171273
-0.171273
-0.171273
-0.171273
-0.171273
-0.171273
-0.171273
-0.171273
-0.171273
-0.171273
-0.171273
-0.171273
-0.171273
-0.171273
-0.171273
-0.171273
-0.171273
-0.171273
-0.171273
-0.171273
-0.171273
-0.171273
-0.171273
-0.171273
-0.171273
-0.171273
-0.171273
-0.171273
-0.171273
-0.171273
-0.171273
-0.171273
-0.171273
-0.171273
-0.171273
-0.171273
-0.171273
-0.171273
-0.171273
-0.171273
-0.171273
-0.171273
-0.171273
-0.171273
-0.171273
-0.171273
-0.171273
-0.171273
-0.171273
-0.171273
-0.171273
-0.171273
-0.171273
-0.171273
-0.171273
-0.171273
-0.171273
-0.171273
-0.171273
-0.171273
-0.171273
-0.171273
-0.171273
-0.171273
-0.171273
-0.171273
-0.171273
-0.171273
-0.171273
-0.171273
-0.171273
-0.171273
-0.171273
-0.171273
-0.171273
-0.171273
-0.171273
-0.171273
-0.171273
-0.171273
-0.171273
-0.171273
-0.171273
-0.171273
-0.171273
-0.171273
-0.171273
-0.171273
-0.171273
-0.171273
-0.171273
-0.171273
-0.171273
-0.171273
-0.171273
-0.171273
-0.171273
-0.171273
-0.171273
-0.171273
-0.171273
-0.171273
-0.171273
-0.171273
-0.171273
-0.171273
-0.171273
-0.171273
-0.171273
-0.171273
-0.171273
-0.171273
-0.171273
-0.171273
-0.171273
-0.171273
-0.171273
-0.171273
-0.171273
-0.171273
-0.171273
-0.171273
-0.171273
-0.171273
-0.171273
-0.171273
-0.171273
-0.171273
-0.171273
-0.171273
-0.171273
-0.171273
-0.171273
-0.171273
-0.171273
-0.171273
-0.171273
-0.171273
-0.171273
-0.171273
-0.171273
-0.171273
-0.171273
-0.171273
-0.171273
-0.171273
-0.171273
-0.171273
-0.171273
-0.171273
-0.171273
-0.171273
-0.171273
-0.171273
-0.171273
-0.171273
-0.171273
-0.171273
-0.171273
-0.171273
-0.171273
-0.171273
-0.171273
-0.171273
-0.171273
-0.171273
-0.171273
-0.171273
-0.171273
-0.171273
-0.171273
-0.171273
-0.171273
-0.171273
-0.171273
-0.171273
-0.171273
-0.171273
-0.171273
-0.171273
-0.171273
-0.171273
-0.171273
-0.171273
-0.171273
-0.171273
-0.171273
-0.171273
-0.171273
-0.171273
-0.171273
-0.171273
-0.171273
-0.171273
-0.171273
-0.171273
-0.171273
-0.171273
-0.171273
-0.171273
-0.171273
-0.171273
-0.171273
-0.171273
-0.171273
-0.171273
-0.171273
-0.171273
-0.171273
-0.171273
-0.171273
-0.171273
-0.171273
-0.171273
-0.171273
-0.171273
-0.171273
-0.171273
-0.171273
-0.171273
-0.171273
-0.171273
-0.171273
-0.171273
-0.171273
-0.171273
-0.171273
-0.171273
-0.171273
-0.171273
-0.171273
-0.171273
-0.171273
-0.171273
-0.171273
-0.171273
-0.171273
-0.171273
-0.171273
-0.171273
-0.171273
-0.171273
-0.171273
-0.171273
-0.171273
-0.171273
-0.171273
-0.171273
-0.171273
-0.171273
-0.171273
-0.171273
-0.171273
-0.171273
-0.171273
-0.171273
-0.171273
-0.171273
-0.171273
-0.171273
-0.171273
-0.171273
-0.171273
-0.171273
-0.171273
-0.171273
-0.171273
-0.171273
-0.171273
-0.171273
-0.171273
-0.171273
-0.171273
-0.171273
-0.171273
-0.171273
-0.171273
-0.171273
-0.171273
-0.171273
-0.171273
-0.171273
-0.171273
-0.171273
-0.171273
-0.171273
-0.171273
-0.171273
-0.171273
-0.171273
-0.171273
-0.171273
-0.171273
-0.171273
-0.171273
-0.171273
-0.171273
-0.171273
-0.171273
-0.171273
-0.171273
-0.171273
-0.171273
-0.171273
-0.171273
-0.171273
-0.171273
-0.171273
-0.171273
-0.171273
-0.171273
-0.171273
-0.171273
-0.171273
-0.171273
-0.171273
-0.171273
-0.171273
-0.171273
-0.171273
-0.171273
-0.171273
-0.171273
-0.171273
-0.171273
-0.171273
-0.171273
-0.171273
-0.171273
-0.171273
-0.171273
-0.171273
-0.171273
-0.171273
-0.171273
-0.171273
-0.171273
-0.171273
-0.171273
-0.171273
-0.171273
-0.171273
-0.171273
-0.171273
-0.171273
-0.171273
-0.171273
-0.171273
-0.171273
-0.171273
-0.171273
-0.171273
-0.171273
-0.171273
-0.171273
-0.171273
-0.171273
-0.171273
-0.171273
-0.171273
-0.171273
-0.171273
-0.171273
-0.171273
-0.171273
-0.171273
-0.171273
-0.171273
-0.171273
-0.171273
-0.171273
-0.171273
-0.171273
-0.171273
-0.171273
-0.171273
-0.171273
-0.171273
-0.171273
-0.171273
-0.171273
-0.171273
-0.171273
-0.171273
-0.171273
-0.171273
-0.171273
-0.171273
-0.171273
-0.171273
-0.171273
-0.171273
-0.171273
-0.171273
-0.171273
-0.171273
-0.171273
-0.171273
-0.171273
-0.171273
-0.171273
-0.171273
-0.171273
-0.171273
-0.171273
-0.171273
-0.171273
-0.171273
-0.171273
-0.171273
-0.171273
-0.171273
-0.171273
-0.171273
-0.171273
-0.171273
-0.171273
-0.171273
-0.171273
-0.171273
-0.171273
-0.171273
-0.171273
-0.171273
-0.171273
-0.171273
-0.171273
-0.171273
-0.171273
-0.171273
-0.171273
-0.171273
-0.171273
-0.171273
-0.171273
-0.171273
-0.171273
-0.171273
-0.171273
-0.171273
-0.171273
-0.171273
-0.171273
-0.171273
-0.171273
-0.171273
-0.171273
-0.171273
-0.171273
-0.171273
-0.171273
-0.171273
-0.171273
-0.171273
-0.171273
-0.171273
-0.171273
-0.171273
-0.171273
-0.171273
-0.171273
-0.171273
-0.171273
-0.171273
-0.171273
-0.171273
-0.171273
-0.171273
-0.171273
-0.171273
-0.171273
-0.171273
-0.171273
-0.171273
-0.171273
-0.171273
-0.171273
-0.171273
-0.171273
-0.171273
-0.171273
-0.171273
-0.171273
-0.171273
-0.171273
-0.171273
-0.171273
-0.171273
-0.171273
-0.171273
-0.171273
-0.171273
-0.171273
-0.171273
-0.171273
-0.171273
-0.171273
-0.171273
-0.171273
-0.171273
-0.171273
-0.171273
-0.171273
-0.171273
-0.171273
-0.171273
-0.171273
-0.171273
-0.171273
-0.171273
-0.171273
-0.171273
-0.171273
-0.171273
-0.171273
-0.171273
-0.171273
-0.171273
-0.171273
-0.171273
-0.171273
-0.171273
-0.171273
-0.171273
-0.171273
-0.171273
-0.171273
-0.171273
-0.171273
-0.171273
-0.171273
-0.171273
-0.171273
-0.171273
-0.171273
-0.171273
-0.171273
-0.171273
-0.171273
-0.171273
-0.171273
-0.171273
-0.171273
-0.171273
-0.171273
-0.171273
-0.171273
-0.171273
-0.171273
-0.171273
-0.171273
-0.171273
-0.171273
-0.171273
-0.171273
-0.171273
-0.171273
-0.171273
-0.171273
-0.171273
-0.171273
-0.171273
-0.171273
-0.171273
-0.171273
-0.171273
-0.171273
-0.171273
-0.171273
-0.171273
-0.171273
-0.171273
-0.171273
-0.171273
-0.171273
-0.171273
-0.171273
-0.171273
-0.171273
-0.171273
-0.171273
-0.171273
-0.171273
-0.171273
-0.171273
-0.171273
-0.171273
-0.171273
-0.171273
-0.171273
-0.171273
-0.171273
-0.171273
-0.171273
-0.171273
-0.171273
-0.171273
-0.171273
-0.171273
-0.171273
-0.171273
-0.171273
-0.171273
-0.171273
-0.171273
-0.171273
-0.171273
-0.171273
-0.171273
-0.171273
-0.171273
-0.171273
-0.171273
-0.171273
-0.171273
-0.171273
-0.171273
-0.171273
-0.171273
-0.171273
-0.171273
-0.171273
-0.171273
-0.171273
-0.171273
-0.171273
-0.171273
-0.171273
-0.171273
-0.171273
-0.171273
-0.171273
-0.171273
-0.171273
-0.171273
-0.171273
-0.171273
-0.171273
-0.171273
-0.171273
-0.171273
-0.171273
-0.171273
-0.171273
-0.171273
-0.171273
-0.171273
-0.171273
-0.171273
-0.171273
-0.171273
-0.171273
-0.171273
-0.171273
-0.171273
-0.171273
-0.171273
-0.171273
-0.171273
-0.171273
-0.171273
-0.171273
-0.171273
-0.171273
-0.171273
-0.171273
-0.171273
-0.171273
-0.171273
-0.171273
-0.171273
-0.171273
-0.171273
-0.171273
-0.171273
-0.171273
-0.171273
-0.171273
-0.171273
-0.171273
-0.171273
-0.171273
-0.171273
-0.171273
-0.171273
-0.171273
-0.171273
-0.171273
-0.171273
-0.171273
-0.171273
-0.171273
-0.171273
-0.171273
-0.171273
-0.171273
-0.171273
-0.171273
-0.171273
-0.171273
-0.171273
-0.171273
-0.171273
-0.171273
-0.171273
-0.171273
-0.171273
-0.171273
-0.171273
-0.171273
-0.171273
-0.171273
-0.171273
-0.171273
-0.171273
-0.171273
-0.171273
-0.171273
-0.171273
-0.171273
-0.171273
-0.171273
-0.171273
-0.171273
-0.171273
-0.171273
-0.171273
-0.171273
-0.171273
-0.171273
-0.171273
-0.171273
-0.171273
-0.171273
-0.171273
-0.171273
-0.171273
-0.171273
-0.171273
-0.171273
-0.171273
-0.171273
-0.171273
-0.171273
-0.171273
-0.171273
-0.171273
-0.171273
-0.171273
-0.171273
-0.171273
-0.171273
-0.171273
-0.171273
-0.171273
-0.171273
-0.171273
-0.171273
-0.171273
-0.171273
-0.171273
-0.171273
-0.171273
-0.171273
-0.171273
-0.171273
-0.171273
-0.171273
-0.171273
-0.171273
-0.171273
-0.171273
-0.171273
-0.171273
-0.171273
-0.171273
-0.171273
-0.171273
-0.171273
-0.171273
-0.171273
-0.171273
-0.171273
-0.171273
-0.171273
-0.171273
-0.171273
-0.171273
-0.171273
-0.171273
-0.171273
-0.171273
-0.171273
-0.171273
-0.171273
-0.171273
-0.171273
-0.171273
-0.171273
-0.171273
-0.171273
-0.171273
-0.171273
-0.171273
-0.171273
-0.171273
-0.171273
-0.171273
-0.171273
-0.171273
-0.171273
-0.171273
-0.171273
-0.171273
-0.171273
-0.171273
-0.171273
-0.171273
-0.171273
-0.171273
-0.171273
-0.171273
-0.171273
-0.171273
-0.171273
-0.171273
-0.171273
-0.171273
-0.171273
-0.171273
-0.171273
-0.171273
-0.171273
-0.171273
-0.171273
-0.171273
-0.171273
-0.171273
-0.171273
-0.171273
-0.171273
-0.171273
-0.171273
-0.171273
-0.171273
-0.171273
-0.171273
-0.171273
-0.171273
-0.171273
-0.171273
-0.171273
-0.171273
-0.171273
-0.171273
-0.171273
-0.171273
-0.171273
-0.171273
-0.171273
-0.171273
-0.171273
-0.171273
-0.171273
-0.171273
-0.171273
-0.171273
-0.171273
-0.171273
-0.171273
-0.00313971
0.0354981
0.00471006
0.00656907
-0.0666228
0.141772
0.029041
0.0727436
-0.0207459
-0.015043
0.0684247
0.132311
-0.000723693
-0.0478183
-0.0666228
-0.021952
-0.0611339
-0.0126018
-0.00253187
0.0773582
0.0397125
0.0545896
-0.0237733
0.117257
-0.00866588
-0.0460164
-0.0703258
0.0663578
0.116487
-0.0548117
-0.00866588
-0.0349838
0.02902
-0.0121183
0.117257
-0.0507951
0.0113308
0.143061
0.0233604
0.0971999
-0.0416912
-0.0527633
0.132311
-0.015043
-0.00374569
0.141772
0.13489
0.0028933
-0.00253187
0.107516
0.142911
0.00410265
0.126713
0.0494713
-0.0733597
-0.0666228
0.036884
0.132717
0.143493
0.00410265
0.0971999
-0.0507951
-0.0764839
-0.00866588
0.112685
-0.0634365
-0.0397681
0.14273
-0.0272499
-0.0280131
0.143437
-0.0111492
-0.0497095
-0.0601929
0.0902593
0.0244309
-0.021952
0.00594079
0.0443934
0.124105
-0.0225155
0.0150596
-0.0145544
-0.0121183
-0.0328129
0.0563683
0.142253
0.0302832
-0.0507951
0.00532196
0.0266605
0.143286
-0.00374569
0.046076
0.0663578
0.0684247
-0.0634365
0.0643419
0.00471006
-0.0392615
0.0476591
-0.0145544
-0.0589298
-0.0673152
-0.0251495
0.00471006
0.111879
-0.0201746
-0.0764839
0.00107837
0.00720918
-0.0449537
-0.0558369
0.112685
-0.00766196
0.0727436
0.0315445
0.00853166
-0.00662144
0.112685
-0.0634365
-0.0331379
0.0663578
-0.0703258
0.0290301
-0.0361857
-0.0497095
0.14273
-0.0733597
-0.0673152
-0.0666228
-0.0202163
-0.0478183
-0.032124
-0.0497095
-0.015043
0.0135249
0.0428856
-0.0155292
-0.0349838
-0.0265201
0.00594079
0.0476591
-0.00313971
-0.0764839
-0.0449537
0.142626
-0.0175644
0.111879
0.0233604
0.0750108
-0.0383521
0.0459297
-0.0135747
-0.0019255
-0.0703258
0.0158613
0.00720918
0.143185
-0.0507951
0.141772
0.0127828
-0.0507951
-0.0611339
0.123483
0.0427775
-0.0180595
-0.0383521
-0.0728853
-0.0634365
-0.00662144
0.017554
-0.0489024
0.00656907
0.00921491
0.0127828
0.0028933
0.00532196
-0.0589298
0.0193781
0.000474669
0.000474669
-0.0288119
0.00656907
0.017554
0.105675
0.133786
0.142105
0.142825
0.0443934
-0.0601929
0.0705506
0.0127828
0.143369
0.0971999
-0.0507951
-0.00766196
-0.0666228
0.134381
-0.0703258
-0.0288119
0.101385
0.0135249
-0.0443066
-0.0642627
-0.0611339
0.0341524
0.0773582
0.000474669
0.0383125
-0.000723693
0.143369
-0.0155292
-0.0642627
0.0022887
-0.0527633
-0.00966928
-0.0422637
0.0135249
-0.015043
-0.0507951
-0.0101669
-0.0140644
0.0266882
-0.0165112
-0.0527633
-0.0225155
0.141167
-0.0311708
0.0244309
-0.0507951
0.0914651
-0.021886
-0.0361857
-0.0642627
-0.00766196
-0.0165112
-0.00253187
-0.0673152
0.124691
0.111879
-0.0733597
0.00532196
0.112685
0.0266605
-0.0213373
-0.0288119
0.112685
0.00720918
-0.0349838
-0.0338616
0.112685
0.0340873
-0.0579635
-0.00374569
0.11931
-0.0666228
-0.0460164
0.0166917
0.0120523
-0.0416912
-0.0342207
0.143061
0.0836819
0.0127828
0.0022887
-0.0558369
-0.0126018
-0.0558369
0.117984
-0.0160123
0.0142824
-0.0478183
0.132717
0.0428856
-0.0278211
-0.0642627
-0.0489024
-0.00662144
-0.0305296
-0.0397681
0.141585
-0.016522
0.0902593
-0.0579635
-0.013087
0.135116
0.111028
0.142388
0.0127828
0.102398
-0.0175462
0.0643419
0.0193781
-0.0558369
-0.0558369
-0.00313971
0.036938
-0.0558369
-0.0666228
-0.0370239
-0.0673152
-0.0703258
0.0340873
0.0158613
-0.00434595
0.00410265
0.0193781
0.0266666
-0.0407168
-0.0558369
0.00853166
-0.0155292
0.13489
0.0930762
0.0412195
-0.0106602
0.00471006
-0.0538036
-0.00966928
-0.0432749
-0.00966928
0.0244309
-0.0180393
-0.021952
-0.0126018
0.0750108
0.143583
-0.0422637
-0.0416912
0.0193781
-0.0518511
0.0127828
0.117257
0.0623706
0.00991091
0.0203341
-0.0180812
-0.00766196
-0.015043
-0.00866588
0.0113308
-0.0666228
0.00921491
-0.0666228
0.123483
0.117984
0.14333
-0.0278211
-0.0666228
-0.0278211
-0.0422637
0.0341186
-0.0478183
-0.0764839
0.0328158
-0.0019255
-0.00493661
0.131878
-0.0733597
0.0106169
-0.0703258
0.00921491
0.142105
0.0684247
-0.013087
-0.024503
-0.0331379
0.0474957
-0.0611339
-0.0237733
0.0266733
-0.00374569
-0.00966928
0.143466
-0.0165461
0.0255321
-0.0634365
-0.0331379
-0.0764839
0.142911
-0.0579635
-0.0383521
-0.0349838
0.11931
0.134381
0.143583
0.0643419
0.0266666
0.124691
-0.0263631
0.111028
0.0750108
-0.0140644
0.0166917
0.0811783
0.132311
0.0022887
0.0397125
-0.0278211
-0.0106602
0.00921491
-0.0361857
-0.00374569
0.105675
0.0643419
-0.00966928
0.0302832
-0.024503
0.134381
-0.00916824
0.01845
-0.0642627
-0.0121183
0.0427775
-0.0126018
-0.03027
0.0982948
0.0278324
-0.0135747
-0.0392615
0.133098
0.143437
-0.0527633
-0.0634365
-0.0140644
-0.0338616
-0.0331379
0.00410265
-0.00916824
0.0120523
0.0971999
-0.0548117
-0.0407168
-0.0237733
-0.0196933
0.0368339
-0.0489024
0.126253
-0.0338616
0.125763
0.143466
0.0383125
-0.0111492
-0.000723693
-0.0258209
-0.0071494
0.030253
0.0327902
-0.0280131
-0.0666228
-0.0328129
-0.00132274
-0.0331379
-0.00132274
0.111879
-0.0507951
0.0773582
0.0244309
-0.0294147
0.0875711
0.116487
0.142626
0.111028
0.124105
0.125763
-0.00866588
-0.0155292
0.106622
-0.00866588
-0.00866588
0.143466
-0.0548117
-0.0357798
-0.0527633
-0.0642627
0.0581834
0.0623706
0.113447
-0.0296494
0.0223221
0.0545896
-0.0601929
-0.0349838
0.00853166
-0.069754
-0.0191114
-0.0285996
0.125763
0.00656907
-0.0361857
0.106622
-0.069754
-0.0165336
-0.0231769
0.134646
0.111028
0.0142824
-0.0237733
-0.0703258
0.0773582
0.143185
-0.0507951
0.0397125
-0.0489024
0.0971999
0.0135249
0.00349761
0.0150596
-0.0180595
0.0705506
-0.0489024
-0.0478183
0.105675
0.111879
-0.0666228
-0.0407168
-0.015043
0.101385
0.0581834
0.046076
0.0459297
-0.0449537
0.0428856
-0.0460164
0.00594079
0.0341524
0.105675
-0.0527633
-0.0728853
-0.0601929
0.0930762
0.0223221
-0.021886
0.0604398
-0.0225155
0.132311
0.130928
0.0971999
-0.0666228
-0.0201746
-0.0497095
-0.0642627
-0.0357798
-0.0180812
0.143405
0.141772
0.0278494
-0.032124
-0.000125766
0.132311
-0.0432749
0.104673
-0.0449537
-0.0285996
0.0412195
-0.0342207
-0.0170533
-0.021886
0.141946
-0.0237733
-0.0666228
0.00410265
0.0203341
0.0266605
-0.0478183
-0.0111492
0.0942584
0.0127828
-0.0579635
0.0302675
-0.0460164
-0.00374569
-0.0460164
0.0166917
-0.0180595
-0.0601929
0.0902593
-0.0527633
-0.0558369
0.0135249
0.143541
-0.0140644
0.143437
0.0266666
-0.0170533
-0.0478183
-0.0611339
-0.0558369
-0.00816472
0.0120523
-0.0507951
-0.0601929
0.135323
-0.0338616
0.0150596
0.00410265
-0.013087
0.0106169
-0.0311708
-0.0673152
0.0902593
-0.0383521
-0.0250212
-0.0507951
0.0383125
-0.0489024
-0.0634365
-0.0361857
-0.015043
0.0397125
-0.0733597
-0.0449537
-0.0673152
0.132311
-0.0460164
0.143466
0.142253
-0.00551427
-0.0186064
0.0545896
0.125243
0.0290527
-0.00132274
-0.0311708
0.0120523
-0.0527633
0.0669588
0.0397862
0.0142824
-0.0019255
-0.0397681
-0.0449537
-0.0019255
-0.0207957
0.00349761
0.142388
0.00107837
0.134381
0.134381
-0.0237733
0.143061
0.0142824
-0.0145544
-0.069754
0.0142824
0.102398
-0.0478183
0.0328435
0.141772
-0.0155292
-0.0311708
-0.000125766
0.101385
-0.0642627
0.14333
-0.0225155
-0.0370239
-0.0416912
0.0150596
-0.0397681
-0.0170243
-0.0383521
0.036884
-0.032124
-0.0432749
-0.0666228
-0.0170382
-0.0518511
0.124691
0.124105
0.142825
-0.015043
-0.0207459
0.141772
0.135323
-0.0538036
0.0233604
0.0193781
-0.015043
-0.0256789
-0.0449537
0.00921491
0.0727436
0.0849954
0.123483
-0.0196933
0.101385
-0.0432749
-0.0416912
0.143405
-0.0155292
-0.00434595
0.141946
-0.0296494
0.125243
0.135512
-0.0478183
0.00853166
-0.0703258
-0.0507951
-0.013087
0.0566963
-0.0579635
-0.0548117
0.133098
-0.069754
-0.0478183
-0.000125766
-0.0527633
-0.0370239
-0.0383521
-0.0370239
-0.0737717
0.0397862
0.14273
-0.0422637
0.0193781
-0.0733597
0.0266666
-0.0611339
0.00471006
-0.0737717
0.00991091
0.0397125
-0.0296494
-0.0361857
-0.0601929
-0.00313971
0.0705506
0.0120523
0.01845
-0.0370239
0.143405
0.0340873
0.0836819
-0.0527633
0.000474669
-0.0728853
-0.0579635
-0.00493661
0.0166917
0.01845
0.000474669
-0.00966928
-0.0460164
0.0106169
0.00656907
-0.0497095
-0.00966928
-0.0666228
-0.0349838
0.105675
-0.0196557
-0.0145544
-0.069754
0.0120523
0.0244309
-0.0338616
0.0266733
-0.0196557
0.0158613
0.00991091
0.00168354
-0.0737717
-0.0071494
-0.00374569
0.0341186
-0.00966928
-0.0258209
-0.0196557
-0.0579635
0.125763
0.13489
0.118668
-0.0180393
0.00921491
-0.0422637
0.00168354
0.0690917
-0.00493661
0.0528476
0.0862829
0.0889947
0.0028933
-0.0733597
0.142105
0.00107837
0.142626
0.00349761
-0.015043
-0.0460164
0.142911
0.0193781
-0.00374569
0.0727436
0.0397862
-0.0460164
-0.0338616
-0.0311708
-0.0673152
0.0233604
-0.0170243
0.143061
0.125763
-0.0170243
0.0623706
0.000474669
0.00107837
0.143238
0.0511418
0.0566963
0.101385
0.0150596
-0.0296494
-0.00766196
-0.0579635
-0.0270763
0.0315043
-0.000125766
-0.0101669
-0.0196933
-0.0106602
-0.0071494
-0.0601929
0.0120523
-0.013087
-0.0432749
0.0158613
0.102398
-0.0527633
-0.0231769
0.143286
0.0727436
-0.00866588
-0.00551427
0.0811783
0.102398
-0.0642627
0.0135249
0.135323
0.00349761
0.0836819
0.00991091
-0.00916824
0.0585483
0.0213147
0.0382517
0.017554
-0.0407168
-0.0237733
-0.00253187
0.105675
0.125763
-0.0361857
0.140934
0.102398
0.13489
0.111028
0.0836819
0.0233604
-0.00916824
-0.0160309
0.0223221
-0.00662144
0.0492743
0.0875711
-0.0407168
0.0971999
0.143518
-0.0185803
0.101385
-0.0278211
0.00410265
0.112685
-0.0126018
-0.0579635
0.0106169
0.134094
0.101385
-0.00662144
-0.0392615
0.125763
-0.00493661
0.0120523
-0.00253187
-0.0196557
-0.0538036
0.142825
0.141384
0.00991091
-0.0432749
-0.0383521
0.00853166
0.0914651
-0.0383521
-0.0703258
0.017554
0.0106169
-0.00493661
-0.0258209
0.00720918
0.00991091
0.132311
0.017554
0.0028933
0.0773582
-0.0170382
0.143541
-0.0538036
-0.0392615
-0.0527633
0.124105
-0.0207957
-0.0460164
0.0328158
0.143518
0.124105
-0.0019255
0.00168354
-0.0106602
-0.0642627
0.0811783
-0.0349838
0.0022887
-0.00434595
0.0203341
0.0327902
0.0459297
0.134381
0.135323
0.143541
-0.0250212
-0.0407168
0.14273
0.0278494
0.0545896
-0.00132274
0.14273
0.0150596
0.0382517
0.124105
-0.0288119
-0.0728853
-0.0207957
0.0127828
-0.00966928
0.0302675
-0.000723693
-0.0160212
0.0166917
-0.0666228
0.0930762
0.01845
-0.0666228
0.0476591
0.0705506
-0.0135747
-0.0071494
-0.00434595
0.0773582
0.00532196
0.0127828
0.0203341
0.124105
0.0563683
-0.0601929
-0.0634365
-0.0449537
-0.0185803
0.143405
-0.0383521
0.0727436
0.00786302
0.143493
0.0120523
0.0244309
-0.0467309
0.0445242
-0.0527633
0.142911
-0.0175462
0.01845
0.0341524
-0.0338616
-0.0527633
0.14273
-0.069754
0.0492743
-0.0145544
0.123483
0.0566963
0.0476591
-0.0296494
0.133454
-0.015043
0.0566963
0.0476591
0.142253
-0.0601929
-0.00313971
0.043576
0.00471006
0.00656907
-0.0516044
0.122118
0.0289801
0.105134
-0.0311383
-0.015043
0.105538
0.113534
-0.000723693
-0.0443668
-0.0516044
-0.0270763
-0.0516044
-0.0126018
-0.00253187
0.105134
0.0538901
0.105134
-0.0257253
0.113534
-0.00866588
-0.0532006
-0.0556359
0.105538
0.113123
-0.047613
-0.00866588
-0.0495395
0.0289801
-0.0121183
0.113534
-0.0443668
0.0113308
0.122118
0.0233604
0.113123
-0.0611243
-0.0478542
0.113534
-0.015043
-0.00374569
0.122118
0.113534
0.0028933
-0.00253187
0.113123
0.122118
0.00410265
0.113534
0.105538
-0.0556359
-0.0516044
0.041583
0.113534
0.122118
0.00410265
0.113534
-0.0443668
-0.0599684
-0.00866588
0.113123
-0.0516044
-0.0602025
0.122118
-0.0321616
-0.0322228
0.122118
-0.0111492
-0.0443668
-0.0478542
0.113534
0.0244309
-0.0260833
0.00594079
0.119446
0.113534
-0.0255469
0.0150596
-0.0145544
-0.0121183
-0.0432356
0.105538
0.122118
0.0313592
-0.0441273
0.00532196
0.0266605
0.122118
-0.00374569
0.105538
0.105134
0.105134
-0.0516044
0.105538
0.00471006
-0.0592071
0.105538
-0.0145544
-0.0478542
-0.0516044
-0.0279118
0.00471006
0.113123
-0.0289484
-0.0599684
0.00107837
0.00720918
-0.0581875
-0.0478542
0.113534
-0.00766196
0.105538
0.0325711
0.00853166
-0.00662144
0.113123
-0.0516044
-0.0445366
0.105538
-0.0556359
0.0289801
-0.0527299
-0.0443668
0.122118
-0.0556359
-0.0516044
-0.0516044
-0.0304963
-0.0463076
-0.0421703
-0.0443668
-0.015043
0.0135249
0.130249
-0.0155292
-0.0495395
-0.0299266
0.00594079
0.105538
-0.00313971
-0.0556359
-0.0574351
0.122118
-0.0179142
0.113534
0.0233604
0.105538
-0.0582631
0.105538
-0.0135747
-0.0019255
-0.0556359
0.0158613
0.00720918
0.122118
-0.0441273
0.122118
0.0127828
-0.0443668
-0.0516044
0.113534
0.131012
-0.0179142
-0.0582522
-0.0556359
-0.0516044
-0.00662144
0.017554
-0.0443668
0.00656907
0.00921491
0.0127828
0.0028933
0.00532196
-0.0478542
0.0193781
0.000474669
0.000474669
-0.034712
0.00656907
0.017554
0.113123
0.113534
0.122118
0.122118
0.119853
-0.0478542
0.105538
0.0127828
0.122118
0.113123
-0.0443668
-0.00766196
-0.0516044
0.113534
-0.0556359
-0.033904
0.113123
0.0135249
-0.059317
-0.0516044
-0.0516044
0.0519117
0.105134
0.000474669
0.0505786
-0.000723693
0.122118
-0.0155292
-0.0516044
0.0022887
-0.0443668
-0.00966928
-0.0612998
0.0135249
-0.015043
-0.0443668
-0.0101669
-0.0140644
0.0266605
-0.0164922
-0.0443668
-0.0254623
0.113534
-0.0388059
0.0244309
-0.0443668
0.113123
-0.0272499
-0.0530973
-0.0516044
-0.00766196
-0.0164922
-0.00253187
-0.0516044
0.113534
0.113534
-0.0556359
0.00532196
0.113123
0.0266605
-0.0286867
-0.034712
0.113123
0.00720918
-0.0480352
-0.0458951
0.113534
0.0480261
-0.0478542
-0.00374569
0.113534
-0.0516044
-0.0524131
0.0166917
0.0120523
-0.0611243
-0.046968
0.122118
0.105538
0.0127828
0.0022887
-0.047613
-0.0126018
-0.0478542
0.113534
-0.0160123
0.0142824
-0.0453444
0.113534
0.130505
-0.0322228
-0.0516044
-0.0443668
-0.00662144
-0.0377814
-0.0603591
0.122118
-0.0164922
0.113123
-0.0478542
-0.013087
0.113534
0.113534
0.122118
0.0127828
0.113123
-0.0174426
0.105134
0.0193781
-0.0478542
-0.0478542
-0.00313971
0.044328
-0.047613
-0.0516044
-0.0550451
-0.0516044
-0.0556359
0.0480261
0.0158613
-0.00434595
0.00410265
0.0193781
0.0266605
-0.0607168
-0.0478542
0.00853166
-0.0155292
0.113534
0.113123
0.0839018
-0.0106602
0.00471006
-0.047613
-0.00966928
-0.0585416
-0.00966928
0.0244309
-0.0179142
-0.0260833
-0.0126018
0.105134
0.122118
-0.0616529
-0.0604382
0.0193781
-0.0443668
0.0127828
0.113123
0.105538
0.00991091
0.0203341
-0.0183846
-0.00766196
-0.015043
-0.00866588
0.0113308
-0.0516044
0.00921491
-0.0516044
0.113534
0.113534
0.122118
-0.0321616
-0.0516044
-0.0322228
-0.0612998
0.049684
-0.0449874
-0.0556359
0.0364983
-0.0019255
-0.00493661
0.113534
-0.0556359
0.0106169
-0.0556359
0.00921491
0.122118
0.105538
-0.013087
-0.0267154
-0.0445366
0.105538
-0.0516044
-0.0252522
0.0266605
-0.00374569
-0.00966928
0.122118
-0.0169688
0.0255321
-0.0516044
-0.0434681
-0.0599684
0.122118
-0.0478542
-0.0582631
-0.0480352
0.113534
0.113534
0.122118
0.105538
0.0255321
0.113534
-0.0298846
0.113534
0.105538
-0.0140644
0.0166917
0.105538
0.113534
0.0022887
0.0573044
-0.0321616
-0.0106602
0.00921491
-0.0511396
-0.00374569
0.113534
0.105538
-0.00966928
0.0313592
-0.0267154
0.113534
-0.00916824
0.01845
-0.0516044
-0.0121183
0.130973
-0.0126018
-0.0367846
0.113123
0.0278114
-0.0135747
-0.0592071
0.113534
0.122118
-0.0443668
-0.0516044
-0.0140644
-0.046968
-0.0445366
0.00410265
-0.00916824
0.0120523
0.113123
-0.047613
-0.0607168
-0.0257031
-0.02614
0.0415954
-0.0441273
0.113534
-0.0458951
0.113534
0.122118
0.047379
-0.0111492
-0.000723693
-0.0285478
-0.0071494
0.030163
0.0364387
-0.0330466
-0.0516044
-0.0432356
-0.00132274
-0.0445366
-0.00132274
0.113123
-0.0443668
0.105538
0.0244309
-0.0357192
0.113534
0.113123
0.122118
0.113534
0.113534
0.113534
-0.00866588
-0.0155292
0.113534
-0.00866588
-0.00866588
0.122118
-0.047613
-0.0506232
-0.0441273
-0.0516044
0.105538
0.105538
0.113534
-0.036675
0.0223221
0.105538
-0.0478542
-0.0480352
0.00853166
-0.0556359
-0.0209958
-0.033829
0.113534
0.00656907
-0.0516861
0.113123
-0.0556359
-0.0164922
-0.0253407
0.113534
0.113534
0.0142824
-0.0252269
-0.0556359
0.105538
0.122118
-0.0443668
0.0557289
-0.0443668
0.113123
0.0135249
0.00349761
0.0150596
-0.0179142
0.105538
-0.0443668
-0.0464691
0.113534
0.113123
-0.0516044
-0.0607168
-0.015043
0.113123
0.105134
0.105538
0.109307
-0.0563453
0.129869
-0.0537735
0.00594079
0.0519117
0.113123
-0.0478542
-0.0556359
-0.0478542
0.113534
0.0223221
-0.0272499
0.105538
-0.0255469
0.113534
0.113534
0.113534
-0.0516044
-0.0289484
-0.0443668
-0.0516044
-0.0506232
-0.0183846
0.122118
0.122118
0.0278114
-0.0419752
-0.000125766
0.113534
-0.0581325
0.113534
-0.0559984
-0.033829
0.0839018
-0.046968
-0.0169688
-0.0272499
0.122118
-0.0252269
-0.0516044
0.00410265
0.0203341
0.0266605
-0.0464691
-0.0111492
0.113123
0.0127828
-0.0478542
0.030163
-0.0519391
-0.00374569
-0.0513017
0.0166917
-0.0179142
-0.0478542
0.113534
-0.0478542
-0.0478542
0.0135249
0.122118
-0.0140644
0.122118
0.0255321
-0.0169688
-0.0463076
-0.0516044
-0.0478542
-0.00816472
0.0120523
-0.0443668
-0.0516044
0.113534
-0.046968
0.0150596
0.00410265
-0.013087
0.0106169
-0.0388059
-0.0516044
0.113534
-0.0571908
-0.027303
-0.0441273
0.0505786
-0.0441273
-0.0516044
-0.0521264
-0.015043
0.0574932
-0.0556359
-0.0563453
-0.0516044
0.113534
-0.0519391
0.122118
0.122118
-0.00551427
-0.0188546
0.105538
0.113534
0.0289801
-0.00132274
-0.0388059
0.0120523
-0.047613
0.105538
0.066692
0.0142824
-0.0019255
-0.0602025
-0.0570646
-0.0019255
-0.0301586
0.00349761
0.122118
0.00107837
0.113534
0.113534
-0.0257031
0.122118
0.0142824
-0.0145544
-0.0556359
0.0142824
0.113123
-0.0447939
0.0379027
0.122118
-0.0155292
-0.0388059
-0.000125766
0.113534
-0.0516044
0.122118
-0.0254623
-0.0550451
-0.0607863
0.0150596
-0.0602025
-0.0169688
-0.0582522
0.041583
-0.0409147
-0.0605595
-0.0516044
-0.0169688
-0.0443668
0.113534
0.113534
0.122118
-0.015043
-0.0311383
0.122118
0.113534
-0.0478542
0.0233604
0.0193781
-0.015043
-0.0279383
-0.0578102
0.00921491
0.105538
0.105538
0.113534
-0.0283516
0.113534
-0.0593645
-0.0614508
0.122118
-0.0155292
-0.00434595
0.122118
-0.036675
0.113534
0.113534
-0.0469803
0.00853166
-0.0556359
-0.0443668
-0.013087
0.105134
-0.047613
-0.047613
0.113534
-0.0556359
-0.0443668
-0.000125766
-0.047613
-0.0537635
-0.0582274
-0.0560506
-0.0556359
0.064945
0.122118
-0.0616529
0.0193781
-0.0556359
0.0255321
-0.0516044
0.00471006
-0.0556359
0.00991091
0.0612256
-0.0358183
-0.0516861
-0.0478542
-0.00313971
0.105538
0.0120523
0.01845
-0.0537635
0.122118
0.0392524
0.105134
-0.0443668
0.000474669
-0.0556359
-0.0478542
-0.00493661
0.0166917
0.01845
0.000474669
-0.00966928
-0.0515047
0.0106169
0.00656907
-0.0443668
-0.00966928
-0.0516044
-0.0490916
0.113534
-0.025438
-0.0145544
-0.0556359
0.0120523
0.0244309
-0.046968
0.0266605
-0.0247637
0.0158613
0.00991091
0.00168354
-0.0556359
-0.0071494
-0.00374569
0.049684
-0.00966928
-0.0285478
-0.025438
-0.0478542
0.113534
0.113534
0.113534
-0.0179142
0.00921491
-0.0612998
0.00168354
0.105538
-0.00493661
0.105538
0.113534
0.113123
0.0028933
-0.0556359
0.122118
0.00107837
0.122118
0.00349761
-0.015043
-0.0511078
0.122118
0.0193781
-0.00374569
0.105538
0.0753525
-0.0524131
-0.0466281
-0.0388059
-0.0516044
0.0233604
-0.0169688
0.122118
0.113534
-0.0169688
0.105538
0.000474669
0.00107837
0.122118
0.105538
0.105538
0.113123
0.0150596
-0.0357192
-0.00766196
-0.0478542
-0.0306336
0.0313592
-0.000125766
-0.0101669
-0.025438
-0.0106602
-0.0071494
-0.0478542
0.0120523
-0.013087
-0.0589532
0.0158613
0.113534
-0.047613
-0.0254122
0.122118
0.105538
-0.00866588
-0.00551427
0.105538
0.113123
-0.0516044
0.0135249
0.113534
0.00349761
0.105538
0.00991091
-0.00916824
0.105134
0.0213147
0.0443876
0.017554
-0.0609905
-0.0257031
-0.00253187
0.113123
0.113534
-0.0516861
0.113534
0.113534
0.113534
0.113123
0.105538
0.0233604
-0.00916824
-0.0160123
0.0223221
-0.00662144
0.105538
0.113534
-0.0600081
0.113123
0.122118
-0.0188546
0.113534
-0.0321616
0.00410265
0.113534
-0.0126018
-0.0478542
0.0106169
0.113534
0.113123
-0.00662144
-0.0593663
0.113534
-0.00493661
0.0120523
-0.00253187
-0.0246283
-0.0478542
0.122118
0.113534
0.00991091
-0.0585416
-0.0560506
0.00853166
0.113534
-0.0582631
-0.0556359
0.017554
0.0106169
-0.00493661
-0.0285795
0.00720918
0.00991091
0.113534
0.017554
0.0028933
0.105538
-0.0169688
0.122118
-0.047613
-0.0593069
-0.047613
0.113534
-0.0301586
-0.0519391
0.0379355
0.122118
0.113534
-0.0019255
0.00168354
-0.0106602
-0.0516044
0.105134
-0.0506232
0.0022887
-0.00434595
0.0203341
0.0364769
0.10724
0.113534
0.113534
0.122118
-0.027303
-0.0600081
0.122118
0.0278114
0.105134
-0.00132274
0.122118
0.0150596
0.045772
0.113534
-0.034795
-0.0556359
-0.0301586
0.0127828
-0.00966928
0.030163
-0.000723693
-0.0160123
0.0166917
-0.0516044
0.113534
0.01845
-0.0516044
0.105538
0.105538
-0.0135747
-0.0071494
-0.00434595
0.105134
0.00532196
0.0127828
0.0203341
0.113534
0.105538
-0.0478542
-0.0516044
-0.0570646
-0.0183846
0.122118
-0.0570951
0.105538
0.00786302
0.122118
0.0120523
0.0244309
-0.0477552
0.110102
-0.0478542
0.122118
-0.0174426
0.01845
0.0519117
-0.0458951
-0.047613
0.122118
-0.0556359
0.105134
-0.0145544
0.113534
0.105134
0.105538
-0.036675
0.113534
-0.015043
0.105538
0.105538
0.122118
-0.0478542
