-0.171273
-0.171273
-0.171273
-0.171273
-0.171273
-0.171273
-0.171273
-0.171273
-0.171273
-0.171273
-0.171273
-0.171273
-0.171273
-0.171273
-0.171273
-0.171273
-0.171273
-0.171273
-0.171273
-0.171273
-0.171273
-0.171273
-0.171273
-0.171273
-0.171273
-0.171273
-0.171273
-0.171273
-0.171273
-0.171273
-0.171273
-0.171273
-0.171273
-0.171273
-0.171273
-0.171273
-0.171273
-0.171273
-0.171273
-0.171273
-0.171273
-0.171273
-0.171273
-0.171273
-0.171273
-0.171273
-0.171273
-0.171273
-0.171273
-0.171273
-0.171273
-0.171273
-0.171273
-0.171273
-0.171273
-0.171273
-0.171273
-0.171273
-0.171273
-0.171273
-0.171273
-0.171273
-0.171273
-0.171273
-0.171273
-0.171273
-0.171273
-0.171273
-0.171273
-0.171273
-0.171273
-0.171273
-0.171273
-0.171273
-0.171273
-0.171273
-0.171273
-0.171273
-0.171273
-0.171273
-0.171273
-0.171273
-0.171273
-0.171273
-0.171273
-0.171273
-0.171273
-0.171273
-0.171273
-0.171273
-0.171273
-0.171273
-0.171273
-0.171273
-0.171273
-0.171273
-0.171273
-0.171273
-0.171273
-0.171273
-0.171273
-0.171273
-0.171273
-0.171273
-0.171273
-0.171273
-0.171273
-0.171273
-0.171273
-0.171273
-0.171273
-0.171273
-0.171273
-0.171273
-0.171273
-0.171273
-0.171273
-0.171273
-0.171273
-0.171273
-0.171273
-0.171273
-0.171273
-0.171273
-0.171273
-0.171273
-0.171273
-0.171273
-0.171273
-0.171273
-0.171273
-0.171273
-0.171273
-0.171273
-0.171273
-0.171273
-0.171273
-0.171273
-0.171273
-0.171273
-0.171273
-0.171273
-0.171273
-0.171273
-0.171273
-0.171273
-0.171273
-0.171273
-0.171273
-0.171273
-0.171273
-0.171273
-0.171273
-0.171273
-0.171273
-0.171273
-0.171273
-0.171273
-0.171273
-0.171273
-0.171273
-0.171273
-0.171273
-0.171273
-0.171273
-0.171273
-0.171273
-0.171273
-0.171273
-0.171273
-0.171273
-0.171273
-0.171273
-0.171273
-0.171273
-0.171273
-0.171273
-0.171273
-0.171273
-0.171273
-0.171273
-0.171273
-0.171273
-0.171273
-0.171273
-0.171273
-0.171273
-0.171273
-0.171273
-0.171273
-0.171273
-0.171273
-0.171273
-0.171273
-0.171273
-0.171273
-0.171273
-0.171273
-0.171273
-0.171273
-0.171273
-0.171273
-0.171273
-0.171273
-0.171273
-0.171273
-0.171273
-0.171273
-0.171273
-0.171273
-0.171273
-0.171273
-0.171273
-0.171273
-0.171273
-0.171273
-0.171273
-0.171273
-0.171273
-0.171273
-0.171273
-0.171273
-0.171273
-0.171273
-0.171273
-0.171273
-0.171273
-0.171273
-0.171273
-0.171273
-0.171273
-0.171273
-0.171273
-0.171273
-0.171273
-0.171273
-0.171273
-0.171273
-0.171273
-0.171273
-0.171273
-0.171273
-0.171273
-0.171273
-0.171273
-0.171273
-0.171273
-0.171273
-0.171273
-0.171273
-0.171273
-0.171273
-0.171273
-0.171273
-0.171273
-0.171273
-0.171273
-0.171273
-0.171273
-0.171273
-0.171273
-0.171273
-0.171273
-0.171273
-0.171273
-0.171273
-0.171273
-0.171273
-0.171273
-0.171273
-0.171273
-0.171273
-0.171273
-0.171273
-0.171273
-0.171273
-0.171273
-0.171273
-0.171273
-0.171273
-0.171273
-0.171273
-0.171273
-0.171273
-0.171273
-0.171273
-0.171273
-0.171273
-0.171273
-0.171273
-0.171273
-0.171273
-0.171273
-0.171273
-0.171273
-0.171273
-0.171273
-0.171273
-0.171273
-0.171273
-0.171273
-0.171273
-0.171273
-0.171273
-0.171273
-0.171273
-0.171273
-0.171273
-0.171273
-0.171273
-0.171273
-0.171273
-0.171273
-0.171273
-0.171273
-0.171273
-0.171273
-0.171273
-0.171273
-0.171273
-0.171273
-0.171273
-0.171273
-0.171273
-0.171273
-0.171273
-0.171273
-0.171273
-0.171273
-0.171273
-0.171273
-0.171273
-0.171273
-0.171273
-0.171273
-0.171273
-0.171273
-0.171273
-0.171273
-0.171273
-0.171273
-0.171273
-0.171273
-0.171273
-0.171273
-0.171273
-0.171273
-0.171273
-0.171273
-0.171273
-0.171273
-0.171273
-0.171273
-0.171273
-0.171273
-0.171273
-0.171273
-0.171273
-0.171273
-0.171273
-0.171273
-0.171273
-0.171273
-0.171273
-0.171273
-0.171273
-0.171273
-0.171273
-0.171273
-0.171273
-0.171273
-0.171273
-0.171273
-0.171273
-0.171273
-0.171273
-0.171273
-0.171273
-0.171273
-0.171273
-0.171273
-0.171273
-0.171273
-0.171273
-0.171273
-0.171273
-0.171273
-0.171273
-0.171273
-0.171273
-0.171273
-0.171273
-0.171273
-0.171273
-0.171273
-0.171273
-0.171273
-0.171273
-0.171273
-0.171273
-0.171273
-0.171273
-0.171273
-0.171273
-0.171273
-0.171273
-0.171273
-0.171273
-0.171273
-0.171273
-0.171273
-0.171273
-0.171273
-0.171273
-0.171273
-0.171273
-0.171273
-0.171273
-0.171273
-0.171273
-0.171273
-0.171273
-0.171273
-0.171273
-0.171273
-0.171273
-0.171273
-0.171273
-0.171273
-0.171273
-0.171273
-0.171273
-0.171273
-0.171273
-0.171273
-0.171273
-0.171273
-0.171273
-0.171273
-0.171273
-0.171273
-0.171273
-0.171273
-0.171273
-0.171273
-0.171273
-0.171273
-0.171273
-0.171273
-0.171273
-0.171273
-0.171273
-0.171273
-0.171273
-0.171273
-0.171273
-0.171273
-0.171273
-0.171273
-0.171273
-0.171273
-0.171273
-0.171273
-0.171273
-0.171273
-0.171273
-0.171273
-0.171273
-0.171273
-0.171273
-0.171273
-0.171273
-0.171273
-0.171273
-0.171273
-0.171273
-0.171273
-0.171273
-0.171273
-0.171273
-0.171273
-0.171273
-0.171273
-0.171273
-0.171273
-0.171273
-0.171273
-0.171273
-0.171273
-0.171273
-0.171273
-0.171273
-0.171273
-0.171273
-0.171273
-0.171273
-0.171273
-0.171273
-0.171273
-0.171273
-0.171273
-0.171273
-0.171273
-0.171273
-0.171273
-0.171273
-0.171273
-0.171273
-0.171273
-0.171273
-0.171273
-0.171273
-0.171273
-0.171273
-0.171273
-0.171273
-0.171273
-0.171273
-0.171273
-0.171273
-0.171273
-0.171273
-0.171273
-0.171273
-0.171273
-0.171273
-0.171273
-0.171273
-0.171273
-0.171273
-0.171273
-0.171273
-0.171273
-0.171273
-0.171273
-0.171273
-0.171273
-0.171273
-0.171273
-0.171273
-0.171273
-0.171273
-0.171273
-0.171273
-0.171273
-0.171273
-0.171273
-0.171273
-0.171273
-0.171273
-0.171273
-0.171273
-0.171273
-0.171273
-0.171273
-0.171273
-0.171273
-0.171273
-0.171273
-0.171273
-0.171273
-0.171273
-0.171273
-0.171273
-0.171273
-0.171273
-0.171273
-0.171273
-0.171273
-0.171273
-0.171273
-0.171273
-0.171273
-0.171273
-0.171273
-0.171273
-0.171273
-0.171273
-0.171273
-0.171273
-0.171273
-0.171273
-0.171273
-0.171273
-0.171273
-0.171273
-0.171273
-0.171273
-0.171273
-0.171273
-0.171273
-0.171273
-0.171273
-0.171273
-0.171273
-0.171273
-0.171273
-0.171273
-0.171273
-0.171273
-0.171273
-0.171273
-0.171273
-0.171273
-0.171273
-0.171273
-0.171273
-0.171273
-0.171273
-0.171273
-0.171273
-0.171273
-0.171273
-0.171273
-0.171273
-0.171273
-0.171273
-0.171273
-0.171273
-0.171273
-0.171273
-0.171273
-0.171273
-0.171273
-0.171273
-0.171273
-0.171273
-0.171273
-0.171273
-0.171273
-0.171273
-0.171273
-0.171273
-0.171273
-0.171273
-0.171273
-0.171273
-0.171273
-0.171273
-0.171273
-0.171273
-0.171273
-0.171273
-0.171273
-0.171273
-0.171273
-0.171273
-0.171273
-0.171273
-0.171273
-0.171273
-0.171273
-0.171273
-0.171273
-0.171273
-0.171273
-0.171273
-0.171273
-0.171273
-0.171273
-0.171273
-0.171273
-0.171273
-0.171273
-0.171273
-0.171273
-0.171273
-0.171273
-0.171273
-0.171273
-0.171273
-0.171273
-0.171273
-0.171273
-0.171273
-0.171273
-0.171273
-0.171273
-0.171273
-0.171273
-0.171273
-0.171273
-0.171273
-0.171273
-0.171273
-0.171273
-0.171273
-0.171273
-0.171273
-0.171273
-0.171273
-0.171273
-0.171273
-0.171273
-0.171273
-0.171273
-0.171273
-0.171273
-0.171273
-0.171273
-0.171273
-0.171273
-0.171273
-0.171273
-0.171273
-0.171273
-0.171273
-0.171273
-0.171273
-0.171273
-0.171273
-0.171273
-0.171273
-0.171273
-0.171273
-0.171273
-0.171273
-0.171273
-0.171273
-0.171273
-0.171273
-0.171273
-0.171273
-0.171273
-0.171273
-0.171273
-0.171273
-0.171273
-0.171273
-0.171273
-0.171273
-0.171273
-0.171273
-0.171273
-0.171273
-0.171273
-0.171273
-0.171273
-0.171273
-0.171273
-0.171273
-0.171273
-0.171273
-0.171273
-0.171273
-0.171273
-0.171273
-0.171273
-0.171273
-0.171273
-0.171273
-0.171273
-0.171273
-0.171273
-0.171273
-0.171273
-0.171273
-0.171273
-0.171273
-0.171273
-0.171273
-0.171273
-0.171273
-0.171273
-0.171273
-0.171273
-0.171273
-0.171273
-0.171273
-0.171273
-0.171273
-0.171273
-0.171273
-0.171273
-0.171273
-0.171273
-0.171273
-0.171273
-0.171273
-0.171273
-0.171273
-0.171273
-0.171273
-0.171273
-0.171273
-0.171273
-0.171273
-0.171273
-0.171273
-0.171273
-0.171273
-0.171273
-0.171273
-0.171273
-0.171273
-0.171273
-0.171273
-0.171273
-0.171273
-0.171273
-0.171273
-0.171273
-0.171273
-0.171273
-0.171273
-0.171273
-0.171273
-0.171273
-0.171273
-0.171273
-0.171273
-0.171273
-0.171273
-0.171273
-0.171273
-0.171273
-0.171273
-0.171273
-0.171273
-0.171273
-0.171273
-0.171273
-0.171273
-0.171273
-0.171273
-0.171273
-0.171273
-0.171273
-0.171273
-0.171273
-0.171273
-0.171273
-0.171273
-0.171273
-0.171273
-0.171273
-0.171273
-0.171273
-0.171273
-0.171273
-0.171273
-0.171273
-0.171273
-0.171273
-0.171273
-0.171273
-0.171273
-0.171273
-0.171273
-0.171273
-0.171273
-0.171273
-0.171273
-0.171273
-0.171273
-0.171273
-0.171273
-0.171273
-0.171273
-0.171273
-0.171273
-0.171273
-0.171273
-0.171273
-0.171273
-0.171273
-0.171273
-0.171273
-0.171273
-0.171273
-0.171273
-0.171273
-0.171273
-0.171273
-0.171273
-0.171273
-0.171273
-0.171273
-0.171273
-0.171273
-0.171273
-0.171273
-0.171273
-0.171273
-0.171273
-0.171273
-0.171273
-0.171273
-0.171273
-0.171273
-0.171273
-0.171273
-0.171273
-0.171273
-0.171273
-0.171273
-0.171273
-0.171273
-0.171273
-0.171273
-0.171273
-0.171273
-0.171273
-0.171273
-0.171273
-0.171273
-0.171273
-0.171273
-0.171273
-0.171273
-0.171273
-0.171273
-0.171273
-0.171273
-0.171273
-0.171273
-0.171273
-0.171273
-0.171273
-0.171273
-0.171273
-0.171273
-0.171273
-0.171273
-0.171273
-0.171273
-0.171273
-0.171273
-0.171273
-0.171273
-0.171273
-0.171273
-0.171273
-0.171273
-0.171273
-0.171273
-0.171273
-0.171273
-0.171273
-0.171273
-0.171273
-0.171273
-0.171273
-0.171273
-0.171273
-0.171273
-0.171273
-0.171273
-0.171273
-0.171273
-0.171273
-0.171273
-0.171273
-0.171273
-0.171273
-0.171273
-0.171273
-0.171273
-0.171273
-0.171273
-0.171273
-0.171273
-0.171273
-0.171273
-0.171273
-0.171273
-0.171273
-0.171273
-0.171273
-0.171273
-0.171273
-0.171273
-0.171273
-0.171273
-0.171273
-0.171273
-0.171273
-0.171273
-0.171273
-0.171273
-0.171273
-0.171273
-0.171273
-0.171273
-0.171273
-0.171273
-0.171273
-0.171273
-0.171273
-0.171273
-0.171273
-0.171273
-0.171273
-0.171273
-0.171273
-0.171273
-0.171273
-0.171273
-0.171273
-0.171273
-0.171273
-0.171273
-0.171273
-0.171273
-0.171273
-0.171273
-0.171273
-0.171273
-0.171273
-0.171273
-0.171273
-0.171273
-0.171273
-0.171273
-0.171273
-0.171273
-0.171273
-0.171273
-0.171273
-0.171273
-0.171273
-0.171273
-0.171273
-0.171273
-0.171273
-0.171273
-0.171273
-0.171273
-0.171273
-0.171273
-0.171273
-0.171273
-0.171273
-0.171273
-0.171273
-0.171273
-0.171273
-0.171273
-0.171273
-0.171273
-0.171273
-0.171273
-0.171273
-0.171273
-0.171273
-0.171273
-0.171273
-0.171273
-0.171273
-0.171273
-0.171273
-0.171273
-0.171273
-0.171273
-0.171273
-0.171273
-0.171273
-0.171273
-0.171273
-0.171273
-0.171273
-0.171273
-0.171273
-0.171273
-0.171273
-0.171273
-0.171273
-0.171273
-0.171273
-0.171273
-0.171273
-0.171273
-0.171273
-0.171273
-0.171273
-0.171273
-0.171273
-0.171273
-0.171273
-0.171273
-0.171273
-0.171273
-0.171273
-0.171273
-0.171273
-0.171273
-0.171273
-0.171273
-0.171273
-0.171273
-0.171273
-0.171273
-0.171273
-0.171273
-0.171273
-0.171273
-0.171273
-0.171273
-0.171273
-0.171273
-0.171273
-0.171273
-0.171273
-0.171273
-0.171273
-0.171273
-0.171273
-0.171273
-0.171273
-0.171273
-0.171273
-0.171273
-0.171273
-0.171273
-0.171273
-0.171273
-0.171273
-0.171273
-0.171273
-0.171273
-0.171273
-0.171273
-0.171273
-0.171273
-0.171273
-0.171273
-0.171273
-0.171273
-0.171273
-0.171273
-0.171273
-0.171273
-0.171273
-0.171273
-0.171273
-0.171273
-0.171273
-0.171273
-0.171273
-0.171273
-0.171273
-0.171273
-0.171273
-0.171273
-0.171273
-0.171273
-0.171273
-0.171273
-0.171273
-0.171273
-0.171273
-0.171273
-0.171273
-0.171273
-0.171273
-0.171273
-0.171273
-0.171273
-0.171273
-0.171273
-0.171273
-0.171273
-0.171273
-0.171273
-0.171273
-0.171273
-0.171273
-0.171273
-0.171273
-0.171273
-0.171273
-0.171273
-0.171273
-0.171273
-0.171273
-0.171273
-0.171273
-0.171273
-0.171273
-0.171273
-0.171273
-0.171273
-0.171273
-0.171273
-0.171273
-0.171273
-0.171273
-0.171273
-0.171273
-0.171273
-0.171273
-0.171273
-0.171273
-0.171273
-0.171273
-0.171273
-0.171273
-0.171273
-0.171273
-0.171273
-0.171273
-0.171273
-0.171273
-0.171273
-0.171273
-0.171273
-0.171273
-0.171273
-0.171273
-0.171273
-0.171273
-0.171273
-0.171273
-0.171273
-0.171273
-0.171273
-0.171273
-0.171273
-0.171273
-0.171273
-0.171273
-0.171273
-0.171273
-0.171273
-0.171273
-0.171273
-0.171273
-0.171273
-0.171273
-0.171273
-0.171273
-0.171273
-0.171273
-0.171273
-0.171273
-0.171273
-0.171273
-0.171273
-0.171273
-0.171273
-0.171273
-0.171273
-0.171273
-0.171273
-0.171273
-0.171273
-0.171273
-0.171273
-0.171273
-0.171273
-0.171273
-0.171273
-0.171273
-0.171273
-0.171273
-0.171273
-0.171273
-0.171273
-0.171273
-0.171273
-0.171273
-0.171273
-0.171273
-0.171273
-0.171273
-0.171273
-0.171273
-0.171273
-0.171273
-0.171273
-0.171273
-0.171273
-0.171273
-0.171273
-0.171273
-0.171273
-0.171273
-0.171273
-0.171273
-0.171273
-0.171273
-0.171273
-0.171273
-0.171273
-0.171273
-0.171273
-0.171273
-0.171273
-0.171273
-0.171273
-0.171273
-0.171273
-0.171273
-0.171273
-0.171273
-0.171273
-0.171273
-0.171273
-0.171273
-0.171273
-0.171273
-0.171273
-0.171273
-0.171273
-0.171273
-0.171273
-0.171273
-0.171273
-0.171273
-0.171273
-0.171273
-0.171273
-0.171273
-0.171273
-0.171273
-0.171273
-0.171273
-0.171273
-0.171273
-0.171273
-0.171273
-0.171273
-0.171273
-0.171273
-0.171273
-0.171273
-0.171273
-0.171273
-0.171273
-0.171273
-0.171273
-0.171273
-0.171273
-0.171273
-0.171273
-0.171273
-0.171273
-0.171273
-0.171273
-0.171273
-0.171273
-0.171273
-0.171273
-0.171273
-0.171273
-0.171273
-0.171273
-0.171273
-0.171273
-0.171273
-0.171273
-0.171273
-0.171273
-0.171273
-0.171273
-0.171273
-0.171273
-0.171273
-0.171273
-0.171273
-0.171273
-0.171273
-0.171273
-0.171273
-0.171273
-0.171273
-0.171273
-0.171273
-0.171273
-0.171273
-0.171273
-0.171273
-0.171273
-0.171273
-0.171273
-0.171273
-0.171273
-0.171273
-0.171273
-0.171273
-0.171273
-0.171273
-0.171273
-0.171273
-0.171273
-0.171273
-0.171273
-0.171273
-0.171273
-0.171273
-0.171273
-0.171273
-0.171273
-0.171273
-0.171273
-0.171273
-0.171273
-0.171273
-0.171273
-0.171273
-0.171273
-0.171273
-0.171273
-0.171273
-0.171273
-0.171273
-0.171273
-0.171273
-0.171273
-0.171273
-0.171273
-0.171273
-0.171273
-0.171273
-0.171273
-0.171273
-0.171273
-0.171273
-0.171273
-0.171273
-0.171273
-0.171273
-0.171273
-0.171273
-0.171273
-0.171273
-0.171273
-0.171273
-0.171273
-0.171273
-0.171273
-0.171273
-0.171273
-0.171273
-0.171273
-0.171273
-0.171273
-0.171273
-0.171273
-0.171273
-0.171273
-0.171273
-0.171273
-0.171273
-0.171273
-0.171273
-0.171273
-0.171273
-0.171273
-0.171273
-0.171273
-0.171273
-0.171273
-0.171273
-0.171273
-0.171273
-0.171273
-0.171273
-0.171273
-0.171273
-0.171273
-0.171273
-0.171273
-0.171273
-0.171273
-0.171273
-0.171273
-0.171273
-0.171273
-0.171273
-0.171273
-0.171273
-0.171273
-0.171273
-0.171273
-0.171273
-0.171273
-0.171273
-0.171273
-0.171273
-0.171273
-0.171273
-0.171273
-0.171273
-0.171273
-0.171273
-0.171273
-0.171273
-0.171273
-0.171273
-0.171273
-0.171273
-0.171273
-0.171273
-0.171273
-0.171273
-0.171273
-0.171273
-0.171273
-0.171273
-0.171273
-0.171273
-0.171273
-0.171273
-0.171273
-0.171273
-0.171273
-0.171273
-0.171273
-0.171273
-0.171273
-0.171273
-0.171273
-0.171273
-0.171273
-0.171273
-0.171273
-0.171273
-0.171273
-0.171273
-0.171273
-0.171273
-0.171273
-0.171273
-0.171273
-0.171273
-0.171273
-0.171273
-0.171273
-0.171273
-0.171273
-0.171273
-0.171273
-0.171273
-0.171273
-0.171273
-0.171273
-0.171273
-0.171273
-0.171273
-0.171273
-0.171273
-0.171273
-0.171273
-0.171273
-0.171273
-0.171273
-0.171273
-0.171273
-0.171273
-0.171273
-0.171273
-0.171273
-0.171273
-0.171273
-0.171273
-0.171273
-0.171273
-0.171273
-0.171273
-0.171273
-0.171273
-0.171273
-0.171273
-0.171273
-0.171273
-0.171273
-0.171273
-0.171273
-0.171273
-0.171273
-0.171273
-0.171273
-0.171273
-0.171273
-0.171273
-0.171273
-0.171273
-0.171273
-0.171273
-0.171273
-0.171273
-0.171273
-0.171273
-0.171273
-0.171273
-0.171273
-0.171273
-0.171273
-0.171273
-0.171273
-0.171273
-0.171273
-0.171273
-0.171273
-0.171273
-0.171273
-0.171273
-0.171273
-0.171273
-0.171273
-0.171273
-0.171273
-0.171273
-0.171273
-0.171273
-0.171273
-0.171273
-0.171273
-0.171273
-0.171273
-0.171273
-0.171273
-0.171273
-0.171273
-0.171273
-0.171273
-0.171273
-0.171273
-0.171273
-0.171273
-0.171273
-0.171273
-0.171273
-0.171273
-0.171273
-0.171273
-0.171273
-0.171273
-0.171273
-0.171273
-0.171273
-0.171273
-0.171273
-0.171273
-0.171273
-0.171273
-0.171273
-0.171273
-0.171273
-0.171273
-0.171273
-0.171273
-0.171273
-0.171273
-0.171273
-0.171273
-0.171273
-0.171273
-0.171273
-0.171273
-0.171273
-0.171273
-0.171273
-0.171273
-0.171273
-0.171273
-0.171273
-0.171273
-0.171273
-0.171273
-0.171273
-0.171273
-0.171273
-0.171273
-0.171273
-0.171273
-0.171273
-0.171273
-0.171273
-0.171273
-0.171273
-0.171273
-0.171273
-0.171273
-0.171273
-0.171273
-0.171273
-0.171273
-0.171273
-0.171273
-0.171273
-0.171273
-0.171273
-0.171273
-0.171273
-0.171273
-0.171273
-0.171273
-0.171273
-0.171273
-0.171273
-0.171273
-0.171273
-0.171273
-0.171273
-0.171273
-0.171273
-0.171273
-0.171273
-0.171273
-0.171273
-0.171273
-0.171273
-0.171273
-0.171273
-0.171273
-0.171273
-0.171273
-0.171273
-0.171273
-0.171273
-0.171273
-0.171273
-0.171273
-0.171273
-0.171273
-0.171273
-0.171273
-0.171273
-0.171273
-0.171273
-0.171273
-0.171273
-0.171273
-0.171273
-0.171273
-0.171273
-0.171273
-0.171273
-0.171273
-0.171273
-0.171273
-0.171273
-0.171273
-0.171273
-0.171273
-0.171273
-0.171273
-0.171273
-0.171273
-0.171273
-0.171273
-0.171273
-0.171273
-0.171273
-0.171273
-0.171273
-0.171273
-0.171273
-0.171273
-0.171273
-0.171273
-0.171273
-0.171273
-0.171273
-0.171273
-0.171273
-0.171273
-0.171273
-0.171273
-0.171273
-0.171273
-0.171273
-0.171273
-0.171273
-0.171273
-0.171273
-0.171273
-0.171273
-0.171273
-0.171273
-0.171273
-0.171273
-0.171273
-0.171273
-0.171273
-0.171273
-0.171273
-0.171273
-0.171273
-0.171273
-0.171273
-0.171273
-0.171273
-0.171273
-0.171273
-0.171273
-0.171273
-0.171273
-0.171273
-0.171273
-0.171273
-0.171273
-0.171273
-0.171273
-0.171273
-0.171273
-0.171273
-0.171273
-0.171273
-0.171273
-0.171273
-0.171273
-0.171273
-0.171273
-0.171273
-0.171273
-0.171273
-0.171273
-0.171273
-0.171273
-0.171273
-0.171273
-0.171273
-0.171273
-0.171273
-0.171273
-0.171273
-0.171273
-0.171273
-0.171273
-0.171273
-0.171273
-0.171273
-0.171273
-0.171273
-0.171273
-0.171273
-0.171273
-0.171273
-0.171273
-0.171273
-0.171273
-0.171273
-0.171273
-0.171273
-0.171273
-0.171273
-0.171273
-0.171273
-0.171273
-0.171273
-0.171273
-0.171273
-0.171273
-0.171273
-0.171273
-0.171273
-0.171273
-0.171273
-0.171273
-0.171273
-0.171273
-0.171273
-0.171273
-0.171273
-0.171273
-0.171273
-0.171273
-0.171273
-0.171273
-0.171273
-0.171273
-0.171273
-0.171273
-0.171273
-0.171273
-0.171273
-0.171273
-0.171273
-0.171273
-0.171273
-0.171273
-0.171273
-0.171273
-0.171273
-0.171273
-0.171273
-0.171273
-0.171273
-0.171273
-0.171273
-0.171273
-0.171273
-0.171273
-0.171273
-0.171273
-0.171273
-0.171273
-0.171273
-0.171273
-0.171273
-0.171273
-0.171273
-0.171273
-0.171273
-0.171273
-0.171273
-0.171273
-0.171273
-0.171273
-0.171273
-0.171273
-0.171273
-0.171273
-0.171273
-0.171273
-0.171273
-0.171273
-0.171273
-0.171273
-0.171273
-0.171273
-0.171273
-0.171273
-0.171273
-0.171273
-0.171273
-0.171273
-0.171273
-0.171273
-0.171273
-0.171273
-0.171273
-0.171273
-0.171273
-0.171273
-0.171273
-0.171273
-0.171273
-0.171273
-0.171273
-0.171273
-0.171273
-0.171273
-0.171273
-0.171273
-0.171273
-0.171273
-0.171273
-0.171273
-0.171273
-0.171273
-0.171273
-0.171273
-0.171273
-0.171273
-0.171273
-0.171273
-0.171273
-0.171273
-0.171273
-0.171273
-0.171273
-0.171273
-0.171273
-0.171273
-0.171273
-0.171273
-0.171273
-0.171273
-0.171273
-0.171273
-0.171273
-0.171273
-0.171273
-0.171273
-0.171273
-0.171273
-0.171273
-0.171273
-0.171273
-0.171273
-0.171273
-0.171273
-0.171273
-0.171273
-0.171273
-0.171273
-0.171273
-0.171273
-0.171273
-0.171273
-0.171273
-0.171273
-0.171273
-0.171273
-0.171273
-0.171273
-0.171273
-0.171273
-0.171273
-0.171273
-0.171273
-0.171273
-0.171273
-0.171273
-0.171273
-0.171273
-0.171273
-0.171273
-0.171273
-0.171273
-0.171273
-0.171273
-0.171273
-0.171273
-0.171273
-0.171273
-0.171273
-0.171273
-0.171273
-0.171273
-0.171273
-0.171273
-0.171273
-0.171273
-0.171273
-0.171273
-0.171273
-0.171273
-0.171273
-0.171273
-0.171273
-0.171273
-0.171273
-0.171273
-0.171273
-0.171273
-0.171273
-0.171273
-0.171273
-0.171273
-0.171273
-0.171273
-0.171273
-0.171273
-0.171273
-0.171273
-0.171273
-0.171273
-0.171273
-0.171273
-0.171273
-0.171273
-0.171273
-0.171273
-0.171273
-0.171273
-0.171273
-0.171273
-0.171273
-0.171273
-0.171273
-0.171273
-0.171273
-0.171273
-0.171273
-0.171273
-0.171273
-0.171273
-0.171273
-0.171273
-0.171273
-0.171273
-0.171273
-0.171273
-0.171273
-0.171273
-0.171273
-0.171273
-0.171273
-0.171273
-0.171273
-0.171273
-0.171273
-0.171273
-0.171273
-0.171273
-0.171273
-0.171273
-0.171273
-0.171273
-0.171273
-0.171273
-0.171273
-0.171273
-0.171273
-0.171273
-0.171273
-0.171273
-0.171273
-0.171273
-0.171273
-0.171273
-0.171273
-0.171273
-0.171273
-0.171273
-0.171273
-0.171273
-0.171273
-0.171273
-0.171273
-0.171273
-0.171273
-0.171273
-0.171273
-0.171273
-0.171273
-0.171273
-0.171273
-0.171273
-0.171273
-0.171273
-0.171273
-0.171273
-0.171273
-0.171273
-0.171273
-0.171273
-0.171273
-0.171273
-0.171273
-0.171273
-0.171273
-0.171273
-0.171273
-0.171273
-0.171273
-0.171273
-0.171273
-0.171273
-0.171273
-0.171273
-0.171273
-0.171273
-0.171273
-0.171273
-0.171273
-0.171273
-0.171273
-0.171273
-0.171273
-0.171273
-0.171273
-0.171273
-0.171273
-0.171273
-0.171273
-0.171273
-0.171273
-0.171273
-0.171273
-0.171273
-0.171273
-0.171273
-0.171273
-0.171273
-0.171273
-0.171273
-0.171273
-0.171273
-0.171273
-0.171273
-0.171273
-0.171273
-0.171273
-0.171273
-0.171273
-0.171273
-0.171273
-0.171273
-0.171273
-0.171273
-0.171273
-0.171273
-0.171273
-0.171273
-0.171273
-0.171273
-0.171273
-0.171273
-0.171273
-0.171273
-0.171273
-0.171273
-0.171273
-0.171273
-0.171273
-0.171273
-0.171273
-0.171273
-0.171273
-0.171273
-0.171273
-0.171273
-0.171273
-0.171273
-0.171273
-0.171273
-0.171273
-0.171273
-0.171273
-0.171273
-0.171273
-0.171273
-0.171273
-0.171273
-0.171273
-0.171273
-0.171273
-0.171273
-0.171273
-0.171273
-0.171273
-0.171273
-0.171273
-0.171273
-0.171273
-0.171273
-0.171273
-0.171273
-0.171273
-0.171273
-0.171273
-0.171273
-0.171273
-0.171273
-0.171273
-0.171273
-0.171273
-0.171273
-0.171273
-0.171273
-0.171273
-0.171273
-0.171273
-0.171273
-0.171273
-0.171273
-0.171273
-0.171273
-0.171273
-0.171273
-0.171273
-0.171273
-0.171273
-0.171273
-0.171273
-0.171273
-0.171273
-0.171273
-0.171273
-0.171273
-0.171273
-0.171273
-0.171273
-0.171273
-0.171273
-0.171273
-0.171273
-0.171273
-0.171273
-0.171273
-0.171273
-0.171273
-0.171273
-0.171273
-0.171273
-0.171273
-0.171273
-0.171273
-0.171273
-0.171273
-0.171273
-0.171273
-0.171273
-0.171273
-0.171273
-0.171273
-0.171273
-0.171273
-0.171273
-0.171273
-0.171273
-0.171273
-0.171273
-0.171273
-0.171273
-0.171273
-0.171273
-0.171273
-0.171273
-0.171273
-0.171273
-0.171273
-0.171273
-0.171273
-0.171273
-0.171273
-0.171273
-0.171273
-0.171273
-0.171273
-0.171273
-0.171273
-0.171273
-0.171273
-0.171273
-0.171273
-0.171273
-0.171273
-0.171273
-0.171273
-0.171273
-0.171273
-0.171273
-0.171273
-0.171273
-0.171273
-0.171273
-0.171273
-0.171273
-0.171273
-0.171273
-0.171273
-0.171273
-0.171273
-0.171273
-0.171273
-0.171273
-0.171273
-0.171273
-0.171273
-0.171273
-0.171273
-0.171273
-0.171273
-0.171273
-0.171273
-0.171273
-0.171273
-0.171273
-0.171273
-0.171273
-0.171273
-0.171273
-0.171273
-0.171273
-0.171273
-0.171273
-0.171273
-0.171273
-0.171273
-0.171273
-0.171273
-0.171273
-0.171273
-0.171273
-0.171273
-0.171273
-0.171273
-0.171273
-0.171273
-0.171273
-0.171273
-0.171273
-0.171273
-0.171273
-0.171273
-0.171273
-0.171273
-0.171273
-0.171273
-0.171273
-0.171273
-0.171273
-0.171273
-0.171273
-0.171273
-0.171273
-0.171273
-0.171273
-0.171273
-0.171273
-0.171273
-0.171273
-0.171273
-0.171273
-0.171273
-0.171273
-0.171273
-0.171273
-0.171273
-0.171273
-0.171273
-0.171273
-0.171273
-0.171273
-0.171273
-0.171273
-0.171273
-0.171273
-0.171273
-0.171273
-0.171273
-0.171273
-0.171273
-0.171273
-0.171273
-0.171273
-0.171273
-0.171273
-0.171273
-0.171273
-0.171273
-0.171273
-0.171273
-0.171273
-0.171273
-0.171273
-0.171273
-0.171273
-0.171273
-0.171273
-0.171273
-0.171273
-0.171273
-0.171273
-0.171273
-0.171273
-0.171273
-0.171273
-0.171273
-0.171273
-0.171273
-0.171273
-0.171273
-0.171273
-0.171273
-0.171273
-0.171273
-0.171273
-0.171273
-0.171273
-0.171273
-0.171273
-0.171273
-0.171273
-0.171273
-0.171273
-0.171273
-0.171273
-0.171273
-0.171273
-0.171273
-0.171273
-0.171273
-0.171273
-0.171273
-0.171273
-0.171273
-0.171273
-0.171273
-0.171273
-0.171273
-0.171273
-0.171273
-0.171273
-0.171273
-0.171273
-0.171273
-0.171273
-0.171273
-0.171273
-0.171273
-0.171273
-0.171273
-0.171273
-0.171273
-0.171273
-0.171273
-0.171273
-0.171273
-0.171273
-0.171273
-0.171273
-0.171273
-0.171273
-0.171273
-0.171273
-0.171273
-0.171273
-0.171273
-0.171273
-0.171273
-0.171273
-0.171273
-0.0346086
-0.0346086
-0.0346086
-0.0346086
-0.0346086
-0.0338678
-0.0338678
-0.0338678
-0.0338678
-0.0338678
-0.0338678
-0.0331548
-0.0331548
-0.0324648
-0.0331548
-0.0331548
-0.0324648
-0.0324648
-0.032103
-0.032103
-0.032103
-0.032103
-0.0314402
-0.0314402
-0.0307928
-0.0307928
-0.0307928
-0.0307928
-0.029846
-0.029846
-0.029846
-0.029846
-0.029846
-0.0292311
-0.0292311
-0.0292311
-0.0292311
-0.0289484
-0.0283516
-0.0283516
-0.0277664
-0.0275164
-0.0275164
-0.0275164
-0.0269478
-0.0269478
-0.0267218
-0.0261684
-0.0261684
-0.025424
-0.0261684
-0.025424
-0.025424
-0.025424
-0.0245435
-0.0245435
-0.0240236
-0.0240236
-0.0238727
-0.023223
-0.0233594
-0.022591
-0.022591
-0.022591
-0.0224771
-0.022591
-0.0219741
-0.0218712
-0.0218712
-0.0218712
-0.0218712
-0.021192
-0.021192
-0.0206192
-0.0206192
-0.0199922
-0.0199922
-0.0205473
-0.0200571
-0.0199922
-0.0199922
-0.0199922
-0.0193922
-0.0188145
-0.0188145
-0.0188145
-0.0187727
-0.0187727
-0.0182199
-0.0181876
-0.0181578
-0.0181578
-0.0181303
-0.017653
-0.0181303
-0.0176282
-0.0176052
-0.0170873
-0.0170697
-0.0170697
-0.0170533
-0.0170533
-0.0170382
-0.0165597
-0.0170533
-0.0170533
-0.0165461
-0.016522
-0.016522
-0.016522
-0.0160123
-0.0165013
-0.0155292
-0.0155292
-0.0155292
-0.0155292
-0.0155292
-0.015043
-0.015043
-0.015043
-0.015043
-0.015043
-0.015043
-0.0145544
-0.0145544
-0.0145544
-0.0145544
-0.0145544
-0.0145544
-0.0145544
-0.0145544
-0.0145544
-0.0145544
-0.0145544
-0.0145544
-0.0145544
-0.0140644
-0.0140644
-0.0140644
-0.0140644
-0.0140644
-0.0140644
-0.0140644
-0.0140644
-0.0140644
-0.0140644
-0.0140644
-0.0140644
-0.0140644
-0.0140644
-0.0140644
-0.0140644
-0.0140644
-0.0140644
-0.0140644
-0.0140644
-0.0135747
-0.0135747
-0.0135747
-0.0135747
-0.0135747
-0.0135747
-0.0135747
-0.0135747
-0.0135747
-0.0135747
-0.0135747
-0.0135747
-0.0135747
-0.0135747
-0.0135747
-0.0135747
-0.0135747
-0.0135747
-0.0135747
-0.0135747
-0.013087
-0.013087
-0.013087
-0.013087
-0.013087
-0.013087
-0.013087
-0.013087
-0.013087
-0.013087
-0.013087
-0.013087
-0.013087
-0.013087
-0.013087
-0.013087
-0.013087
-0.013087
-0.013087
-0.013087
-0.013087
-0.0126018
-0.0126018
-0.0126018
-0.0126018
-0.0126018
-0.0126018
-0.0126018
-0.0126018
-0.0126018
-0.0126018
-0.0126018
-0.0126018
-0.0126018
-0.0126018
-0.0126018
-0.0126018
-0.0126018
-0.0126018
-0.0126018
-0.0126018
-0.0126018
-0.0126018
-0.0126018
-0.0126018
-0.0121183
-0.0121183
-0.0121183
-0.0121183
-0.0121183
-0.0121183
-0.0121183
-0.0121183
-0.0121183
-0.0121183
-0.0121183
-0.0121183
-0.0121183
-0.0121183
-0.0121183
-0.0121183
-0.0121183
-0.0121183
-0.0116347
-0.0121183
-0.0116347
-0.0116347
-0.0116347
-0.0116347
-0.0116347
-0.0116347
-0.0116347
-0.0116347
-0.0116347
-0.0116347
-0.0116347
-0.0116347
-0.0116347
-0.0116347
-0.0116347
-0.0116347
-0.0116347
-0.0116347
-0.0116347
-0.0116347
-0.0116347
-0.0116347
-0.0116347
-0.0116347
-0.0111492
-0.0111492
-0.0111492
-0.0111492
-0.0111492
-0.0111492
-0.0111492
-0.0111492
-0.0111492
-0.0111492
-0.0111492
-0.0111492
-0.0111492
-0.0111492
-0.0111492
-0.0111492
-0.0111492
-0.0111492
-0.0111492
-0.0111492
-0.0111492
-0.0111492
-0.0111492
-0.0111492
-0.0111492
-0.0111492
-0.0111492
-0.0111492
-0.0106602
-0.0106602
-0.0106602
-0.0106602
-0.0106602
-0.0106602
-0.0106602
-0.0106602
-0.0106602
-0.0106602
-0.0106602
-0.0106602
-0.0106602
-0.0106602
-0.0106602
-0.0106602
-0.0106602
-0.0106602
-0.0106602
-0.0106602
-0.0106602
-0.0106602
-0.0106602
-0.0106602
-0.0106602
-0.0101669
-0.0101669
-0.0101669
-0.0101669
-0.0101669
-0.0101669
-0.0101669
-0.0101669
-0.0101669
-0.0101669
-0.0101669
-0.0101669
-0.0101669
-0.0101669
-0.0101669
-0.0101669
-0.0101669
-0.0101669
-0.0101669
-0.0101669
-0.0101669
-0.0101669
-0.0101669
-0.0101669
-0.0101669
-0.0101669
-0.0101669
-0.0101669
-0.0101669
-0.0101669
-0.0101669
-0.0101669
-0.0101669
-0.0101669
-0.0101669
-0.00966928
-0.00966928
-0.00966928
-0.00966928
-0.00966928
-0.00966928
-0.00966928
-0.00966928
-0.00966928
-0.00966928
-0.00966928
-0.00966928
-0.00966928
-0.00966928
-0.00966928
-0.00966928
-0.00966928
-0.00966928
-0.00966928
-0.00966928
-0.00966928
-0.00966928
-0.00966928
-0.00966928
-0.00966928
-0.00966928
-0.00966928
-0.00966928
-0.00966928
-0.00966928
-0.00966928
-0.00966928
-0.00966928
-0.00916824
-0.00916824
-0.00916824
-0.00916824
-0.00916824
-0.00916824
-0.00916824
-0.00916824
-0.00916824
-0.00916824
-0.00916824
-0.00916824
-0.00916824
-0.00916824
-0.00916824
-0.00916824
-0.00916824
-0.00916824
-0.00916824
-0.00916824
-0.00916824
-0.00916824
-0.00916824
-0.00916824
-0.00916824
-0.00916824
-0.00916824
-0.00916824
-0.00916824
-0.00916824
-0.00916824
-0.00916824
-0.00916824
-0.00916824
-0.00916824
-0.00916824
-0.00916824
-0.00916824
-0.00916824
-0.00916824
-0.00916824
-0.00866588
-0.00866588
-0.00866588
-0.00866588
-0.00866588
-0.00866588
-0.00866588
-0.00866588
-0.00866588
-0.00866588
-0.00866588
-0.00866588
-0.00866588
-0.00866588
-0.00866588
-0.00866588
-0.00866588
-0.00866588
-0.00866588
-0.00866588
-0.00866588
-0.00866588
-0.00866588
-0.00866588
-0.00866588
-0.00866588
-0.00866588
-0.00866588
-0.00866588
-0.00866588
-0.00866588
-0.00866588
-0.00866588
-0.00866588
-0.00866588
-0.00866588
-0.00866588
-0.00866588
-0.00866588
-0.00866588
-0.00866588
-0.00866588
-0.00816472
-0.00816472
-0.00816472
-0.00816472
-0.00816472
-0.00816472
-0.00816472
-0.00816472
-0.00816472
-0.00816472
-0.00816472
-0.00816472
-0.00816472
-0.00816472
-0.00816472
-0.00816472
-0.00816472
-0.00816472
-0.00816472
-0.00816472
-0.00816472
-0.00816472
-0.00816472
-0.00816472
-0.00816472
-0.00816472
-0.00816472
-0.00816472
-0.00816472
-0.00816472
-0.00816472
-0.00816472
-0.00816472
-0.00816472
-0.00816472
-0.00816472
-0.00816472
-0.00816472
-0.00816472
-0.00816472
-0.00766196
-0.00766196
-0.00766196
-0.00766196
-0.00766196
-0.00766196
-0.00766196
-0.00766196
-0.00766196
-0.00766196
-0.00766196
-0.00766196
-0.00766196
-0.00766196
-0.00766196
-0.00766196
-0.00766196
-0.00766196
-0.00766196
-0.00766196
-0.00766196
-0.00766196
-0.00766196
-0.00766196
-0.00766196
-0.00766196
-0.00766196
-0.00766196
-0.00766196
-0.00766196
-0.00766196
-0.00766196
-0.00766196
-0.00766196
-0.00766196
-0.00766196
-0.00766196
-0.0071494
-0.0071494
-0.0071494
-0.0071494
-0.0071494
-0.0071494
-0.0071494
-0.0071494
-0.0071494
-0.0071494
-0.0071494
-0.0071494
-0.0071494
-0.0071494
-0.0071494
-0.0071494
-0.0071494
-0.0071494
-0.0071494
-0.0071494
-0.0071494
-0.0071494
-0.0071494
-0.0071494
-0.0071494
-0.0071494
-0.0071494
-0.0071494
-0.0071494
-0.0071494
-0.0071494
-0.0071494
-0.0071494
-0.0071494
-0.0071494
-0.0071494
-0.0071494
-0.0071494
-0.0071494
-0.0071494
-0.0071494
-0.00662144
-0.00662144
-0.00662144
-0.00662144
-0.00662144
-0.00662144
-0.00662144
-0.00662144
-0.00662144
-0.00662144
-0.00662144
-0.00662144
-0.00662144
-0.00662144
-0.00662144
-0.00662144
-0.00662144
-0.00662144
-0.00662144
-0.00662144
-0.00662144
-0.00662144
-0.00662144
-0.00662144
-0.00662144
-0.00662144
-0.00662144
-0.00662144
-0.00662144
-0.00662144
-0.00662144
-0.00662144
-0.00662144
-0.00662144
-0.00662144
-0.00662144
-0.00662144
-0.00662144
-0.00662144
-0.00662144
-0.00662144
-0.00662144
-0.00607636
-0.00607636
-0.00607636
-0.00607636
-0.00607636
-0.00607636
-0.00607636
-0.00607636
-0.00607636
-0.00607636
-0.00607636
-0.00607636
-0.00607636
-0.00607636
-0.00607636
-0.00607636
-0.00607636
-0.00607636
-0.00607636
-0.00607636
-0.00607636
-0.00607636
-0.00607636
-0.00607636
-0.00607636
-0.00607636
-0.00607636
-0.00607636
-0.00607636
-0.00607636
-0.00607636
-0.00607636
-0.00607636
-0.00607636
-0.00607636
-0.00607636
-0.00607636
-0.00607636
-0.00607636
-0.00607636
-0.00607636
-0.00607636
-0.00607636
-0.00607636
-0.00607636
-0.00607636
-0.00551427
-0.00551427
-0.00551427
-0.00551427
-0.00551427
-0.00551427
-0.00551427
-0.00551427
-0.00551427
-0.00551427
-0.00551427
-0.00551427
-0.00551427
-0.00551427
-0.00551427
-0.00551427
-0.00551427
-0.00551427
-0.00551427
-0.00551427
-0.00551427
-0.00551427
-0.00551427
-0.00551427
-0.00551427
-0.00551427
-0.00551427
-0.00551427
-0.00551427
-0.00551427
-0.00551427
-0.00551427
-0.00551427
-0.00551427
-0.00551427
-0.00551427
-0.00551427
-0.00551427
-0.00551427
-0.00551427
-0.00551427
-0.00551427
-0.00551427
-0.00551427
-0.00551427
-0.00551427
-0.00493661
-0.00493661
-0.00493661
-0.00493661
-0.00493661
-0.00493661
-0.00493661
-0.00493661
-0.00493661
-0.00493661
-0.00493661
-0.00493661
-0.00493661
-0.00493661
-0.00493661
-0.00493661
-0.00493661
-0.00493661
-0.00493661
-0.00493661
-0.00493661
-0.00493661
-0.00493661
-0.00493661
-0.00493661
-0.00493661
-0.00493661
-0.00493661
-0.00493661
-0.00493661
-0.00493661
-0.00493661
-0.00493661
-0.00493661
-0.00493661
-0.00493661
-0.00493661
-0.00493661
-0.00493661
-0.00493661
-0.00493661
-0.00493661
-0.00493661
-0.00493661
-0.00493661
-0.00493661
-0.00493661
-0.00493661
-0.00493661
-0.00493661
-0.00434595
-0.00434595
-0.00434595
-0.00434595
-0.00434595
-0.00434595
-0.00434595
-0.00434595
-0.00434595
-0.00434595
-0.00434595
-0.00434595
-0.00434595
-0.00434595
-0.00434595
-0.00434595
-0.00434595
-0.00434595
-0.00434595
-0.00434595
-0.00434595
-0.00434595
-0.00434595
-0.00434595
-0.00434595
-0.00434595
-0.00434595
-0.00434595
-0.00434595
-0.00434595
-0.00434595
-0.00434595
-0.00434595
-0.00434595
-0.00434595
-0.00434595
-0.00434595
-0.00434595
-0.00434595
-0.00434595
-0.00434595
-0.00434595
-0.00434595
-0.00434595
-0.00434595
-0.00434595
-0.00434595
-0.00374569
-0.00374569
-0.00374569
-0.00374569
-0.00374569
-0.00374569
-0.00374569
-0.00374569
-0.00374569
-0.00374569
-0.00374569
-0.00374569
-0.00374569
-0.00374569
-0.00374569
-0.00374569
-0.00374569
-0.00374569
-0.00374569
-0.00374569
-0.00374569
-0.00374569
-0.00374569
-0.00374569
-0.00374569
-0.00374569
-0.00374569
-0.00374569
-0.00374569
-0.00374569
-0.00374569
-0.00374569
-0.00374569
-0.00374569
-0.00374569
-0.00374569
-0.00374569
-0.00374569
-0.00374569
-0.00374569
-0.00374569
-0.00374569
-0.00374569
-0.00374569
-0.00374569
-0.00374569
-0.00374569
-0.00374569
-0.00374569
-0.00374569
-0.00374569
-0.00374569
-0.00374569
-0.00313971
-0.00313971
-0.00313971
-0.00313971
-0.00313971
-0.00313971
-0.00313971
-0.00313971
-0.00313971
-0.00313971
-0.00313971
-0.00313971
-0.00313971
-0.00313971
-0.00313971
-0.00313971
-0.00313971
-0.00313971
-0.00313971
-0.00313971
-0.00313971
-0.00313971
-0.00313971
-0.00313971
-0.00313971
-0.00313971
-0.00313971
-0.00313971
-0.00313971
-0.00313971
-0.00313971
-0.00313971
-0.00313971
-0.00313971
-0.00313971
-0.00313971
-0.00313971
-0.00313971
-0.00313971
-0.00313971
-0.00313971
-0.00313971
-0.00313971
-0.00313971
-0.00313971
-0.00313971
-0.00313971
-0.00313971
-0.00313971
-0.00313971
-0.00313971
-0.00253187
-0.00253187
-0.00253187
-0.00253187
-0.00253187
-0.00253187
-0.00253187
-0.00253187
-0.00253187
-0.00253187
-0.00253187
-0.00253187
-0.00253187
-0.00253187
-0.00253187
-0.00253187
-0.00253187
-0.00253187
-0.00253187
-0.00253187
-0.00253187
-0.00253187
-0.00253187
-0.00253187
-0.00253187
-0.00253187
-0.00253187
-0.00253187
-0.00253187
-0.00253187
-0.00253187
-0.00253187
-0.00253187
-0.00253187
-0.00253187
-0.00253187
-0.00253187
-0.00253187
-0.00253187
-0.00253187
-0.00253187
-0.00253187
-0.00253187
-0.00253187
-0.00253187
-0.00253187
-0.00253187
-0.0019255
-0.0019255
-0.0019255
-0.0019255
-0.0019255
-0.0019255
-0.0019255
-0.0019255
-0.0019255
-0.0019255
-0.0019255
-0.0019255
-0.0019255
-0.0019255
-0.0019255
-0.0019255
-0.0019255
-0.0019255
-0.0019255
-0.0019255
-0.0019255
-0.0019255
-0.0019255
-0.0019255
-0.0019255
-0.0019255
-0.0019255
-0.0019255
-0.0019255
-0.0019255
-0.0019255
-0.0019255
-0.0019255
-0.0019255
-0.0019255
-0.0019255
-0.0019255
-0.0019255
-0.0019255
-0.0019255
-0.0019255
-0.0019255
-0.0019255
-0.0019255
-0.0019255
-0.0019255
-0.0019255
-0.0019255
-0.0019255
-0.0019255
-0.0019255
-0.0019255
-0.0019255
-0.0019255
-0.0019255
-0.0019255
-0.0019255
-0.0019255
-0.0019255
-0.0019255
-0.0019255
-0.0019255
-0.00132274
-0.00132274
-0.00132274
-0.00132274
-0.00132274
-0.00132274
-0.00132274
-0.00132274
-0.00132274
-0.00132274
-0.00132274
-0.00132274
-0.00132274
-0.00132274
-0.00132274
-0.00132274
-0.00132274
-0.00132274
-0.00132274
-0.00132274
-0.00132274
-0.00132274
-0.00132274
-0.00132274
-0.00132274
-0.00132274
-0.00132274
-0.00132274
-0.00132274
-0.00132274
-0.00132274
-0.00132274
-0.00132274
-0.00132274
-0.00132274
-0.00132274
-0.00132274
-0.00132274
-0.00132274
-0.00132274
-0.000723693
-0.000723693
-0.000723693
-0.000723693
-0.000723693
-0.000723693
-0.000723693
-0.000723693
-0.000723693
-0.000723693
-0.000723693
-0.000723693
-0.000723693
-0.000723693
-0.000723693
-0.000723693
-0.000723693
-0.000723693
-0.000723693
-0.000723693
-0.000723693
-0.000723693
-0.000723693
-0.000723693
-0.000723693
-0.000723693
-0.000723693
-0.000723693
-0.000723693
-0.000723693
-0.000723693
-0.000723693
-0.000723693
-0.000723693
-0.000723693
-0.000723693
-0.000723693
-0.000723693
-0.000723693
-0.000723693
-0.000723693
-0.000723693
-0.000723693
-0.000723693
-0.000723693
-0.000723693
-0.000723693
-0.000723693
-0.000723693
-0.000723693
-0.000723693
-0.000723693
-0.000723693
-0.000723693
-0.000723693
-0.000723693
-0.000125766
-0.000125766
-0.000125766
-0.000723693
-0.000723693
-0.000723693
-0.000125766
-0.000125766
-0.000125766
-0.000125766
-0.000125766
-0.000125766
-0.000125766
-0.000125766
-0.000125766
-0.000125766
-0.000125766
-0.000125766
-0.000125766
-0.000125766
-0.000125766
-0.000125766
-0.000125766
-0.000125766
-0.000125766
-0.000125766
-0.000125766
-0.000125766
-0.000125766
-0.000125766
-0.000125766
-0.000125766
-0.000125766
-0.000125766
-0.000125766
-0.000125766
-0.000125766
-0.000125766
-0.000125766
-0.000125766
-0.000125766
-0.000125766
-0.000125766
-0.000125766
0.000474669
0.000474669
0.000474669
0.000474669
0.000474669
0.000474669
0.000474669
0.000474669
0.000474669
0.000474669
0.000474669
0.000474669
0.000474669
0.000474669
0.000474669
0.000474669
0.000474669
0.000474669
0.000474669
0.000474669
0.000474669
0.000474669
0.000474669
0.000474669
0.000474669
0.000474669
0.000474669
0.000474669
0.000474669
0.000474669
0.000474669
0.000474669
0.000474669
0.000474669
0.000474669
0.000474669
0.000474669
0.000474669
0.000474669
0.000474669
0.000474669
0.000474669
0.000474669
0.000474669
0.000474669
0.000474669
0.000474669
0.000474669
0.000474669
0.000474669
0.000474669
0.000474669
0.000474669
0.00107837
0.00107837
0.00107837
0.00107837
0.00107837
0.00107837
0.00107837
0.00107837
0.00107837
0.00107837
0.00107837
0.00107837
0.00107837
0.00107837
0.00107837
0.00107837
0.00107837
0.00107837
0.00107837
0.00107837
0.00107837
0.00107837
0.00107837
0.00107837
0.00107837
0.00107837
0.00107837
0.00107837
0.00107837
0.00107837
0.00107837
0.00107837
0.00107837
0.00107837
0.00107837
0.00107837
0.00107837
0.00107837
0.00107837
0.00107837
0.00107837
0.00107837
0.00107837
0.00107837
0.00107837
0.00107837
0.00107837
0.00107837
0.00107837
0.00107837
0.00107837
0.00107837
0.00107837
0.00107837
0.00107837
0.00107837
0.00107837
0.00107837
0.00107837
0.00107837
0.00107837
0.00107837
0.00107837
0.00107837
0.00168354
0.00168354
0.00168354
0.00168354
0.00168354
0.00168354
0.00168354
0.00168354
0.00168354
0.00168354
0.00168354
0.00168354
0.00168354
0.00168354
0.00168354
0.00168354
0.00168354
0.00168354
0.00168354
0.00168354
0.00168354
0.00168354
0.00168354
0.00168354
0.00168354
0.00168354
0.00168354
0.00168354
0.00168354
0.00168354
0.00168354
0.00168354
0.00168354
0.00168354
0.00168354
0.00168354
0.00168354
0.00168354
0.00168354
0.00168354
0.00168354
0.00168354
0.00168354
0.00168354
0.00168354
0.00168354
0.00168354
0.00168354
0.00168354
0.00168354
0.00168354
0.00168354
0.0022887
0.0022887
0.0022887
0.0022887
0.0022887
0.0022887
0.0022887
0.0022887
0.0022887
0.0022887
0.0022887
0.0022887
0.0022887
0.0022887
0.0022887
0.0022887
0.0022887
0.0022887
0.0022887
0.0022887
0.0022887
0.0022887
0.0022887
0.0022887
0.0022887
0.0022887
0.0022887
0.0022887
0.0022887
0.0022887
0.0022887
0.0022887
0.0022887
0.0022887
0.0022887
0.0022887
0.0022887
0.0022887
0.0022887
0.0022887
0.0028933
0.0028933
0.0028933
0.0028933
0.0028933
0.0028933
0.0028933
0.0028933
0.0028933
0.0028933
0.0028933
0.0028933
0.0028933
0.0028933
0.0028933
0.0028933
0.0028933
0.0028933
0.0028933
0.0028933
0.0028933
0.0028933
0.0028933
0.0028933
0.0028933
0.0028933
0.00349761
0.00349761
0.00349761
0.00349761
0.00349761
0.00349761
0.00349761
0.00349761
0.00349761
0.00349761
0.00349761
0.00349761
0.00349761
0.00349761
0.00349761
0.00349761
0.00349761
0.00349761
0.00349761
0.00349761
0.00349761
0.00349761
0.00349761
0.00349761
0.00349761
0.00349761
0.00349761
0.00349761
0.00349761
0.00349761
0.00349761
0.00349761
0.00349761
0.00349761
0.00349761
0.00349761
0.00349761
0.00349761
0.00349761
0.00349761
0.00349761
0.00349761
0.00349761
0.00349761
0.00349761
0.00349761
0.00349761
0.00349761
0.00349761
0.00349761
0.00349761
0.00349761
0.00349761
0.00349761
0.00349761
0.00349761
0.00349761
0.00349761
0.00349761
0.00349761
0.00349761
0.00410265
0.00410265
0.00410265
0.00410265
0.00410265
0.00410265
0.00410265
0.00410265
0.00410265
0.00410265
0.00410265
0.00410265
0.00410265
0.00410265
0.00410265
0.00410265
0.00410265
0.00410265
0.00410265
0.00410265
0.00410265
0.00410265
0.00410265
0.00410265
0.00410265
0.00410265
0.00410265
0.00410265
0.00410265
0.00410265
0.00410265
0.00410265
0.00410265
0.00410265
0.00410265
0.00410265
0.00410265
0.00410265
0.00410265
0.00410265
0.00410265
0.00410265
0.00410265
0.00410265
0.00410265
0.00410265
0.00410265
0.00410265
0.00410265
0.00410265
0.00410265
0.00410265
0.00410265
0.00410265
0.00410265
0.00410265
0.00410265
0.00471006
0.00471006
0.00471006
0.00471006
0.00471006
0.00471006
0.00471006
0.00471006
0.00471006
0.00471006
0.00471006
0.00471006
0.00471006
0.00471006
0.00471006
0.00471006
0.00471006
0.00471006
0.00471006
0.00471006
0.00471006
0.00471006
0.00471006
0.00471006
0.00471006
0.00471006
0.00471006
0.00471006
0.00471006
0.00471006
0.00471006
0.00471006
0.00471006
0.00471006
0.00471006
0.00471006
0.00471006
0.00471006
0.00471006
0.00471006
0.00471006
0.00471006
0.00471006
0.00471006
0.00471006
0.00471006
0.00471006
0.00471006
0.00471006
0.00471006
0.00471006
0.00471006
0.00471006
0.00471006
0.00471006
0.00471006
0.00471006
0.00471006
0.00471006
0.00471006
0.00471006
0.00532196
0.00532196
0.00532196
0.00532196
0.00532196
0.00532196
0.00532196
0.00532196
0.00532196
0.00532196
0.00532196
0.00532196
0.00532196
0.00532196
0.00532196
0.00532196
0.00532196
0.00532196
0.00532196
0.00532196
0.00532196
0.00532196
0.00532196
0.00532196
0.00532196
0.00532196
0.00532196
0.00532196
0.00532196
0.00532196
0.00532196
0.00532196
0.00532196
0.00532196
0.00532196
0.00532196
0.00532196
0.00532196
0.00532196
0.00532196
0.00532196
0.00532196
0.00532196
0.00532196
0.00532196
0.00532196
0.00532196
0.00532196
0.00532196
0.00532196
0.00532196
0.00532196
0.00594079
0.00594079
0.00594079
0.00594079
0.00594079
0.00594079
0.00594079
0.00594079
0.00594079
0.00594079
0.00594079
0.00594079
0.00594079
0.00594079
0.00594079
0.00594079
0.00594079
0.00594079
0.00594079
0.00594079
0.00594079
0.00594079
0.00594079
0.00594079
0.00594079
0.00594079
0.00594079
0.00594079
0.00594079
0.00594079
0.00594079
0.00594079
0.00594079
0.00594079
0.00594079
0.00594079
0.00594079
0.00594079
0.00594079
0.00594079
0.00594079
0.00594079
0.00594079
0.00594079
0.00656907
0.00656907
0.00656907
0.00656907
0.00656907
0.00656907
0.00656907
0.00656907
0.00656907
0.00656907
0.00656907
0.00656907
0.00656907
0.00656907
0.00656907
0.00656907
0.00656907
0.00656907
0.00656907
0.00656907
0.00656907
0.00656907
0.00656907
0.00656907
0.00656907
0.00656907
0.00656907
0.00656907
0.00656907
0.00656907
0.00656907
0.00656907
0.00656907
0.00656907
0.00656907
0.00656907
0.00656907
0.00656907
0.00656907
0.00656907
0.00656907
0.00656907
0.00720918
0.00720918
0.00720918
0.00720918
0.00720918
0.00720918
0.00720918
0.00720918
0.00720918
0.00720918
0.00720918
0.00720918
0.00720918
0.00720918
0.00720918
0.00720918
0.00720918
0.00720918
0.00720918
0.00720918
0.00720918
0.00720918
0.00720918
0.00720918
0.00720918
0.00720918
0.00720918
0.00720918
0.00720918
0.00720918
0.00720918
0.00720918
0.00720918
0.00720918
0.00720918
0.00720918
0.00720918
0.00720918
0.00720918
0.00720918
0.00720918
0.00720918
0.00720918
0.00786302
0.00786302
0.00786302
0.00786302
0.00786302
0.00786302
0.00786302
0.00786302
0.00786302
0.00786302
0.00786302
0.00786302
0.00786302
0.00786302
0.00786302
0.00786302
0.00786302
0.00786302
0.00786302
0.00786302
0.00786302
0.00786302
0.00786302
0.00786302
0.00786302
0.00786302
0.00786302
0.00786302
0.00786302
0.00786302
0.00786302
0.00786302
0.00786302
0.00786302
0.00786302
0.00786302
0.00786302
0.00786302
0.00786302
0.00786302
0.00853166
0.00853166
0.00853166
0.00853166
0.00853166
0.00853166
0.00853166
0.00853166
0.00853166
0.00853166
0.00853166
0.00853166
0.00853166
0.00853166
0.00853166
0.00853166
0.00853166
0.00853166
0.00853166
0.00853166
0.00853166
0.00853166
0.00853166
0.00853166
0.00853166
0.00853166
0.00853166
0.00853166
0.00853166
0.00853166
0.00853166
0.00853166
0.00921491
0.00921491
0.00921491
0.00921491
0.00921491
0.00921491
0.00921491
0.00921491
0.00921491
0.00921491
0.00921491
0.00921491
0.00921491
0.00921491
0.00921491
0.00921491
0.00921491
0.00921491
0.00921491
0.00921491
0.00921491
0.00921491
0.00921491
0.00921491
0.00921491
0.00921491
0.00921491
0.00991091
0.00921491
0.00921491
0.00991091
0.00991091
0.00991091
0.00991091
0.00991091
0.00991091
0.00991091
0.00991091
0.00991091
0.00991091
0.00991091
0.00991091
0.00991091
0.00991091
0.00991091
0.00991091
0.00991091
0.00991091
0.00991091
0.00991091
0.00991091
0.00991091
0.00991091
0.00991091
0.00991091
0.00991091
0.00991091
0.00991091
0.00991091
0.00991091
0.00991091
0.00991091
0.00991091
0.00991091
0.00991091
0.00991091
0.00991091
0.00991091
0.00991091
0.00991091
0.00991091
0.00991091
0.00991091
0.00991091
0.00991091
0.00991091
0.00991091
0.00991091
0.00991091
0.00991091
0.00991091
0.00991091
0.00991091
0.0106169
0.0106169
0.0106169
0.0106169
0.0106169
0.0106169
0.0106169
0.0106169
0.0106169
0.0106169
0.0106169
0.0106169
0.0106169
0.0106169
0.0106169
0.0106169
0.0106169
0.0106169
0.0106169
0.0106169
0.0106169
0.0106169
0.0106169
0.0106169
0.0106169
0.0106169
0.0106169
0.0106169
0.0106169
0.0106169
0.0106169
0.0106169
0.0106169
0.0106169
0.0106169
0.0106169
0.0106169
0.0106169
0.0106169
0.0106169
0.0106169
0.0106169
0.0106169
0.0106169
0.0106169
0.0106169
0.0106169
0.0106169
0.0106169
0.0113308
0.0113308
0.0113308
0.0113308
0.0113308
0.0113308
0.0113308
0.0113308
0.0113308
0.0113308
0.0113308
0.0113308
0.0113308
0.0113308
0.0113308
0.0113308
0.0113308
0.0113308
0.0113308
0.0113308
0.0113308
0.0113308
0.0113308
0.0113308
0.0113308
0.0113308
0.0113308
0.0113308
0.0113308
0.0113308
0.0113308
0.0113308
0.0113308
0.0113308
0.0113308
0.0113308
0.0113308
0.0113308
0.0113308
0.0113308
0.0113308
0.0113308
0.0113308
0.0113308
0.0120523
0.0120523
0.0120523
0.0120523
0.0120523
0.0120523
0.0120523
0.0120523
0.0120523
0.0120523
0.0120523
0.0120523
0.0120523
0.0120523
0.0120523
0.0120523
0.0120523
0.0120523
0.0120523
0.0120523
0.0120523
0.0120523
0.0120523
0.0120523
0.0120523
0.0120523
0.0120523
0.0120523
0.0120523
0.0120523
0.0120523
0.0120523
0.0120523
0.0120523
0.0120523
0.0120523
0.0120523
0.0120523
0.0120523
0.0127828
0.0120523
0.0127828
0.0127828
0.0127828
0.0127828
0.0127828
0.0127828
0.0127828
0.0127828
0.0127828
0.0127828
0.0127828
0.0127828
0.0127828
0.0127828
0.0127828
0.0127828
0.0127828
0.0127828
0.0127828
0.0127828
0.0127828
0.0127828
0.0127828
0.0127828
0.0127828
0.0127828
0.0127828
0.0127828
0.0127828
0.0127828
0.0127828
0.0127828
0.0127828
0.0127828
0.0127828
0.0127828
0.0127828
0.0127828
0.0127828
0.0135249
0.0135249
0.0135249
0.0135249
0.0135249
0.0135249
0.0135249
0.0135249
0.0135249
0.0135249
0.0135249
0.0135249
0.0135249
0.0135249
0.0135249
0.0135249
0.0135249
0.0135249
0.0135249
0.0135249
0.0135249
0.0135249
0.0135249
0.0135249
0.0135249
0.0135249
0.0135249
0.0135249
0.0135249
0.0135249
0.0135249
0.0135249
0.0135249
0.0135249
0.0135249
0.0135249
0.0135249
0.0135249
0.0135249
0.0135249
0.0135249
0.0135249
0.0142824
0.0135249
0.0142824
0.0142824
0.0142824
0.0142824
0.0142824
0.0142824
0.0142824
0.0142824
0.0142824
0.0142824
0.0142824
0.0142824
0.0142824
0.0142824
0.0142824
0.0142824
0.0142824
0.0142824
0.0142824
0.0142824
0.0142824
0.0142824
0.0142824
0.0142824
0.0142824
0.0142824
0.0142824
0.0142824
0.0142824
0.0142824
0.0142824
0.0142824
0.0142824
0.0142824
0.0142824
0.0142824
0.0142824
0.0150596
0.0150596
0.0150596
0.0150596
0.0150596
0.0150596
0.0150596
0.0150596
0.0150596
0.0150596
0.0150596
0.0150596
0.0150596
0.0150596
0.0150596
0.0150596
0.0150596
0.0150596
0.0150596
0.0150596
0.0150596
0.0150596
0.0150596
0.0150596
0.0150596
0.0150596
0.0150596
0.0150596
0.0150596
0.0150596
0.0150596
0.0150596
0.0150596
0.0150596
0.0150596
0.0158613
0.0158613
0.0158613
0.0158613
0.0158613
0.0158613
0.0158613
0.0158613
0.0158613
0.0158613
0.0158613
0.0158613
0.0158613
0.0158613
0.0158613
0.0158613
0.0158613
0.0158613
0.0158613
0.0158613
0.0158613
0.0158613
0.0158613
0.0158613
0.0158613
0.0158613
0.0158613
0.0158613
0.0158613
0.0158613
0.0158613
0.0158613
0.0158613
0.0158613
0.0166917
0.0166917
0.0166917
0.0166917
0.0166917
0.0166917
0.0166917
0.0166917
0.0166917
0.0166917
0.0166917
0.0166917
0.0166917
0.0166917
0.0166917
0.0166917
0.0166917
0.0166917
0.0166917
0.0166917
0.0166917
0.0166917
0.0166917
0.0166917
0.0166917
0.0166917
0.0166917
0.0166917
0.0166917
0.0166917
0.0166917
0.0166917
0.0166917
0.017554
0.017554
0.017554
0.017554
0.017554
0.017554
0.017554
0.017554
0.017554
0.017554
0.017554
0.017554
0.017554
0.017554
0.017554
0.017554
0.017554
0.017554
0.017554
0.017554
0.017554
0.017554
0.017554
0.017554
0.017554
0.017554
0.017554
0.017554
0.017554
0.017554
0.017554
0.017554
0.017554
0.01845
0.01845
0.01845
0.01845
0.01845
0.01845
0.01845
0.01845
0.01845
0.01845
0.01845
0.01845
0.01845
0.01845
0.01845
0.01845
0.01845
0.01845
0.01845
0.01845
0.01845
0.01845
0.01845
0.01845
0.01845
0.0193781
0.0193781
0.0193781
0.0193781
0.0193781
0.0193781
0.0193781
0.0193781
0.0193781
0.0193781
0.0193781
0.0193781
0.0193781
0.0193781
0.0193781
0.0193781
0.0193781
0.0193781
0.0193781
0.0193781
0.0203341
0.0203341
0.0203341
0.0203341
0.0203341
0.0203341
0.0203341
0.0203341
0.0203341
0.0203341
0.0203341
0.0203341
0.0203341
0.0203341
0.0203341
0.0203341
0.0203341
0.0203341
0.0203341
0.0203341
0.0203341
0.0203341
0.0203341
0.0213147
0.0213147
0.0213147
0.0213147
0.0213147
0.0213147
0.0213147
0.0213147
0.0213147
0.0213147
0.0213147
0.0213147
0.0213147
0.0213147
0.0213147
0.0213147
0.0223221
0.0223221
0.0223221
0.0223221
0.0223221
0.0223221
0.0223221
0.0223221
0.0223221
0.0223221
0.0223221
0.0223221
0.0223221
0.0223221
0.0223221
0.0233604
0.0233604
0.0233604
0.0233604
0.0233604
0.0233604
0.0233604
0.0244309
0.0244365
0.0244425
0.0244425
0.0255585
0.0255845
0.0267261
0.0267376
0.02675
0.0279692
0.0279692
0.0279692
0.0279884
0.0279884
0.0267935
0.0279692
0.0292378
0.0292655
0.0292655
0.0292655
0.0305296
0.0305664
0.0305664
0.0306062
0.0305664
0.0306062
0.0306492
0.0319207
0.0306062
0.0319207
0.0319734
0.0319207
0.0319734
0.0320304
0.0320304
0.0334109
0.0348452
0.0333412
0.0347601
0.0348452
0.0349371
0.0362381
0.0363417
0.0363417
0.0363417
0.0364536
0.0394042
0.039557
0.039557
0.039557
0.039557
0.0394042
0.039557
0.039557
0.04111
0.0427047
0.0429124
0.0429124
0.044342
0.0462845
0.0462845
0.0498587
0.0498587
0.0498587
0.0532554
0.0536605
0.055655
0.055655
0.0572137
0.063006
0.0608559
0.0592892
0.063006
0.0652233
0.0667777
0.0705887
0.0729504
0.0744477
0.0744477
0.0744477
0.0729504
0.0744477
0.0744477
0.0759181
