-0.284391
-0.284359
-0.284326
-0.284294
-0.284261
-0.284228
-0.284196
-0.284163
-0.284131
-0.284098
-0.284065
-0.284033
-0.284
-0.283968
-0.283935
-0.283902
-0.28387
-0.283837
-0.283805
-0.283772
-0.283739
-0.283707
-0.283674
-0.283642
-0.283609
-0.283576
-0.283544
-0.283511
-0.283479
-0.283446
-0.283413
-0.283381
-0.283348
-0.283316
-0.283283
-0.28325
-0.283218
-0.283185
-0.283153
-0.28312
-0.283087
-0.283055
-0.283022
-0.28299
-0.282957
-0.282924
-0.282892
-0.282859
-0.282827
-0.282794
-0.282761
-0.282729
-0.282696
-0.282664
-0.282631
-0.282598
-0.282566
-0.282533
-0.282501
-0.282468
-0.282435
-0.282403
-0.28237
-0.282338
-0.282305
-0.282272
-0.28224
-0.282207
-0.282175
-0.282142
-0.282109
-0.282077
-0.282044
-0.282012
-0.281979
-0.281946
-0.281914
-0.281881
-0.281849
-0.281816
-0.281784
-0.281751
-0.281718
-0.281686
-0.281653
-0.281621
-0.281588
-0.281555
-0.281523
-0.28149
-0.281458
-0.281425
-0.281392
-0.28136
-0.281327
-0.281295
-0.281262
-0.281229
-0.281197
-0.281164
-0.281132
-0.281099
-0.281066
-0.281034
-0.281001
-0.280969
-0.280936
-0.280903
-0.280871
-0.280838
-0.280806
-0.280773
-0.28074
-0.280708
-0.280675
-0.280643
-0.28061
-0.280577
-0.280545
-0.280512
-0.28048
-0.280447
-0.280414
-0.280382
-0.280349
-0.280317
-0.280284
-0.280251
-0.280219
-0.280186
-0.280154
-0.280121
-0.280088
-0.280056
-0.280023
-0.279991
-0.279958
-0.279925
-0.279893
-0.27986
-0.279828
-0.279795
-0.279762
-0.27973
-0.279697
-0.279665
-0.279632
-0.279599
-0.279567
-0.279534
-0.279502
-0.279469
-0.279436
-0.279404
-0.279371
-0.279339
-0.279306
-0.279273
-0.279241
-0.279208
-0.279176
-0.279143
-0.27911
-0.279078
-0.279045
-0.279013
-0.27898
-0.278947
-0.278915
-0.278882
-0.27885
-0.278817
-0.278784
-0.278752
-0.278719
-0.278687
-0.278654
-0.278621
-0.278589
-0.278556
-0.278524
-0.278491
-0.278458
-0.278426
-0.278393
-0.278361
-0.278328
-0.278295
-0.278263
-0.27823
-0.278198
-0.278165
-0.278132
-0.2781
-0.278067
-0.278035
-0.278002
-0.277969
-0.277937
-0.277904
-0.277872
-0.277839
-0.277806
-0.277774
-0.277741
-0.277709
-0.277676
-0.277643
-0.277611
-0.277578
-0.277546
-0.277513
-0.27748
-0.277448
-0.277415
-0.277383
-0.27735
-0.277317
-0.277285
-0.277252
-0.27722
-0.277187
-0.277154
-0.277122
-0.277089
-0.277057
-0.277024
-0.276991
-0.276959
-0.276926
-0.276894
-0.276861
-0.276828
-0.276796
-0.276763
-0.276731
-0.276698
-0.276665
-0.276633
-0.2766
-0.276568
-0.276535
-0.276503
-0.27647
-0.276437
-0.276405
-0.276372
-0.27634
-0.276307
-0.276274
-0.276242
-0.276209
-0.276177
-0.276144
-0.276111
-0.276079
-0.276046
-0.276014
-0.275981
-0.275948
-0.275916
-0.275883
-0.275851
-0.275818
-0.275785
-0.275753
-0.27572
-0.275688
-0.275655
-0.275622
-0.27559
-0.275557
-0.275525
-0.275492
-0.275459
-0.275427
-0.275394
-0.275362
-0.275329
-0.275296
-0.275264
-0.275231
-0.275199
-0.275166
-0.275133
-0.275101
-0.275068
-0.275036
-0.275003
-0.27497
-0.274938
-0.274905
-0.274873
-0.27484
-0.274807
-0.274775
-0.274742
-0.27471
-0.274677
-0.274644
-0.274612
-0.274579
-0.274547
-0.274514
-0.274481
-0.274449
-0.274416
-0.274384
-0.274351
-0.274318
-0.274286
-0.274253
-0.274221
-0.274188
-0.274155
-0.274123
-0.27409
-0.274058
-0.274025
-0.273992
-0.27396
-0.273927
-0.273895
-0.273862
-0.273829
-0.273797
-0.273764
-0.273732
-0.273699
-0.273666
-0.273634
-0.273601
-0.273569
-0.273536
-0.273503
-0.273471
-0.273438
-0.273406
-0.273373
-0.27334
-0.273308
-0.273275
-0.273243
-0.27321
-0.273177
-0.273145
-0.273112
-0.27308
-0.273047
-0.273014
-0.272982
-0.272949
-0.272917
-0.272884
-0.272851
-0.272819
-0.272786
-0.272754
-0.272721
-0.272688
-0.272656
-0.272623
-0.272591
-0.272558
-0.272525
-0.272493
-0.27246
-0.272428
-0.272395
-0.272362
-0.27233
-0.272297
-0.272265
-0.272232
-0.272199
-0.272167
-0.272134
-0.272102
-0.272069
-0.272036
-0.272004
-0.271971
-0.271939
-0.271906
-0.271873
-0.271841
-0.271808
-0.271776
-0.271743
-0.27171
-0.271678
-0.271645
-0.271613
-0.27158
-0.271547
-0.271515
-0.271482
-0.27145
-0.271417
-0.271385
-0.271352
-0.271319
-0.271287
-0.271254
-0.271222
-0.271189
-0.271156
-0.271124
-0.271091
-0.271059
-0.271026
-0.270993
-0.270961
-0.270928
-0.270896
-0.270863
-0.27083
-0.270798
-0.270765
-0.270733
-0.2707
-0.270667
-0.270635
-0.270602
-0.27057
-0.270537
-0.270504
-0.270472
-0.270439
-0.270407
-0.270374
-0.270341
-0.270309
-0.270276
-0.270244
-0.270211
-0.270178
-0.270146
-0.270113
-0.270081
-0.270048
-0.270015
-0.269983
-0.26995
-0.269918
-0.269885
-0.269852
-0.26982
-0.269787
-0.269755
-0.269722
-0.269689
-0.269657
-0.269624
-0.269592
-0.269559
-0.269526
-0.269494
-0.269461
-0.269429
-0.269396
-0.269363
-0.269331
-0.269298
-0.269266
-0.269233
-0.2692
-0.269168
-0.269135
-0.269103
-0.26907
-0.269037
-0.269005
-0.268972
-0.26894
-0.268907
-0.268874
-0.268842
-0.268809
-0.268777
-0.268744
-0.268711
-0.268679
-0.268646
-0.268614
-0.268581
-0.268548
-0.268516
-0.268483
-0.268451
-0.268418
-0.268385
-0.268353
-0.26832
-0.268288
-0.268255
-0.268222
-0.26819
-0.268157
-0.268125
-0.268092
-0.268059
-0.268027
-0.267994
-0.267962
-0.267929
-0.267896
-0.267864
-0.267831
-0.267799
-0.267766
-0.267733
-0.267701
-0.267668
-0.267636
-0.267603
-0.26757
-0.267538
-0.267505
-0.267473
-0.26744
-0.267407
-0.267375
-0.267342
-0.26731
-0.267277
-0.267244
-0.267212
-0.267179
-0.267147
-0.267114
-0.267081
-0.267049
-0.267016
-0.266984
-0.266951
-0.266918
-0.266886
-0.266853
-0.266821
-0.266788
-0.266755
-0.266723
-0.26669
-0.266658
-0.266625
-0.266592
-0.26656
-0.266527
-0.266495
-0.266462
-0.266429
-0.266397
-0.266364
-0.266332
-0.266299
-0.266266
-0.266234
-0.266201
-0.266169
-0.266136
-0.266104
-0.266071
-0.266038
-0.266006
-0.265973
-0.265941
-0.265908
-0.265875
-0.265843
-0.26581
-0.265778
-0.265745
-0.265712
-0.26568
-0.265647
-0.265615
-0.265582
-0.265549
-0.265517
-0.265484
-0.265452
-0.265419
-0.265386
-0.265354
-0.265321
-0.265289
-0.265256
-0.265223
-0.265191
-0.265158
-0.265126
-0.265093
-0.26506
-0.265028
-0.264995
-0.264963
-0.26493
-0.264897
-0.264865
-0.264832
-0.2648
-0.264767
-0.264734
-0.264702
-0.264669
-0.264637
-0.264604
-0.264571
-0.264539
-0.264506
-0.264474
-0.264441
-0.264408
-0.264376
-0.264343
-0.264311
-0.264278
-0.264245
-0.264213
-0.26418
-0.264148
-0.264115
-0.264082
-0.26405
-0.264017
-0.263985
-0.263952
-0.263919
-0.263887
-0.263854
-0.263822
-0.263789
-0.263756
-0.263724
-0.263691
-0.263659
-0.263626
-0.263593
-0.263561
-0.263528
-0.263496
-0.263463
-0.26343
-0.263398
-0.263365
-0.263333
-0.2633
-0.263267
-0.263235
-0.263202
-0.26317
-0.263137
-0.263104
-0.263072
-0.263039
-0.263007
-0.262974
-0.262941
-0.262909
-0.262876
-0.262844
-0.262811
-0.262778
-0.262746
-0.262713
-0.262681
-0.262648
-0.262615
-0.262583
-0.26255
-0.262518
-0.262485
-0.262452
-0.26242
-0.262387
-0.262355
-0.262322
-0.262289
-0.262257
-0.262224
-0.262192
-0.262159
-0.262126
-0.262094
-0.262061
-0.262029
-0.261996
-0.261963
-0.261931
-0.261898
-0.261866
-0.261833
-0.2618
-0.261768
-0.261735
-0.261703
-0.26167
-0.261637
-0.261605
-0.261572
-0.26154
-0.261507
-0.261474
-0.261442
-0.261409
-0.261377
-0.261344
-0.261311
-0.261279
-0.261246
-0.261214
-0.261181
-0.261148
-0.261116
-0.261083
-0.261051
-0.261018
-0.260985
-0.260953
-0.26092
-0.260888
-0.260855
-0.260823
-0.26079
-0.260757
-0.260725
-0.260692
-0.26066
-0.260627
-0.260594
-0.260562
-0.260529
-0.260497
-0.260464
-0.260431
-0.260399
-0.260366
-0.260334
-0.260301
-0.260268
-0.260236
-0.260203
-0.260171
-0.260138
-0.260105
-0.260073
-0.26004
-0.260008
-0.259975
-0.259942
-0.25991
-0.259877
-0.259845
-0.259812
-0.259779
-0.259747
-0.259714
-0.259682
-0.259649
-0.259616
-0.259584
-0.259551
-0.259519
-0.259486
-0.259453
-0.259421
-0.259388
-0.259356
-0.259323
-0.25929
-0.259258
-0.259225
-0.259193
-0.25916
-0.259127
-0.259095
-0.259062
-0.25903
-0.258997
-0.258964
-0.258932
-0.258899
-0.258867
-0.258834
-0.258801
-0.258769
-0.258736
-0.258704
-0.258671
-0.258638
-0.258606
-0.258573
-0.258541
-0.258508
-0.258475
-0.258443
-0.25841
-0.258378
-0.258345
-0.258312
-0.25828
-0.258247
-0.258215
-0.258182
-0.258149
-0.258117
-0.258084
-0.258052
-0.258019
-0.257986
-0.257954
-0.257921
-0.257889
-0.257856
-0.257823
-0.257791
-0.257758
-0.257726
-0.257693
-0.25766
-0.257628
-0.257595
-0.257563
-0.25753
-0.257497
-0.257465
-0.257432
-0.2574
-0.257367
-0.257334
-0.257302
-0.257269
-0.257237
-0.257204
-0.257171
-0.257139
-0.257106
-0.257074
-0.257041
-0.257008
-0.256976
-0.256943
-0.256911
-0.256878
-0.256845
-0.256813
-0.25678
-0.256748
-0.256715
-0.256682
-0.25665
-0.256617
-0.256585
-0.256552
-0.256519
-0.256487
-0.256454
-0.256422
-0.256389
-0.256356
-0.256324
-0.256291
-0.256259
-0.256226
-0.256193
-0.256161
-0.256128
-0.256096
-0.256063
-0.25603
-0.255998
-0.255965
-0.255933
-0.2559
-0.255867
-0.255835
-0.255802
-0.25577
-0.255737
-0.255705
-0.255672
-0.255639
-0.255607
-0.255574
-0.255542
-0.255509
-0.255476
-0.255444
-0.255411
-0.255379
-0.255346
-0.255313
-0.255281
-0.255248
-0.255216
-0.255183
-0.25515
-0.255118
-0.255085
-0.255053
-0.25502
-0.254987
-0.254955
-0.254922
-0.25489
-0.254857
-0.254824
-0.254792
-0.254759
-0.254727
-0.254694
-0.254661
-0.254629
-0.254596
-0.254564
-0.254531
-0.254498
-0.254466
-0.254433
-0.254401
-0.254368
-0.254335
-0.254303
-0.25427
-0.254238
-0.254205
-0.254172
-0.25414
-0.254107
-0.254075
-0.254042
-0.254009
-0.253977
-0.253944
-0.253912
-0.253879
-0.253846
-0.253814
-0.253781
-0.253749
-0.253716
-0.253683
-0.253651
-0.253618
-0.253586
-0.253553
-0.25352
-0.253488
-0.253455
-0.253423
-0.25339
-0.253357
-0.253325
-0.253292
-0.25326
-0.253227
-0.253194
-0.253162
-0.253129
-0.253097
-0.253064
-0.253031
-0.252999
-0.252966
-0.252934
-0.252901
-0.252868
-0.252836
-0.252803
-0.252771
-0.252738
-0.252705
-0.252673
-0.25264
-0.252608
-0.252575
-0.252542
-0.25251
-0.252477
-0.252445
-0.252412
-0.252379
-0.252347
-0.252314
-0.252282
-0.252249
-0.252216
-0.252184
-0.252151
-0.252119
-0.252086
-0.252053
-0.252021
-0.251988
-0.251956
-0.251923
-0.25189
-0.251858
-0.251825
-0.251793
-0.25176
-0.251727
-0.251695
-0.251662
-0.25163
-0.251597
-0.251564
-0.251532
-0.251499
-0.251467
-0.251434
-0.251401
-0.251369
-0.251336
-0.251304
-0.251271
-0.251238
-0.251206
-0.251173
-0.251141
-0.251108
-0.251075
-0.251043
-0.25101
-0.250978
-0.250945
-0.250912
-0.25088
-0.250847
-0.250815
-0.250782
-0.250749
-0.250717
-0.250684
-0.250652
-0.250619
-0.250586
-0.250554
-0.250521
-0.250489
-0.250456
-0.250424
-0.250391
-0.250358
-0.250326
-0.250293
-0.250261
-0.250228
-0.250195
-0.250163
-0.25013
-0.250098
-0.250065
-0.250032
-0.25
-0.249967
-0.249935
-0.249902
-0.249869
-0.249837
-0.249804
-0.249772
-0.249739
-0.249706
-0.249674
-0.249641
-0.249609
-0.249576
-0.249543
-0.249511
-0.249478
-0.249446
-0.249413
-0.24938
-0.249348
-0.249315
-0.249283
-0.24925
-0.249217
-0.249185
-0.249152
-0.24912
-0.249087
-0.249054
-0.249022
-0.248989
-0.248957
-0.248924
-0.248891
-0.248859
-0.248826
-0.248794
-0.248761
-0.248728
-0.248696
-0.248663
-0.248631
-0.248598
-0.248565
-0.248533
-0.2485
-0.248468
-0.248435
-0.248402
-0.24837
-0.248337
-0.248305
-0.248272
-0.248239
-0.248207
-0.248174
-0.248142
-0.248109
-0.248076
-0.248044
-0.248011
-0.247979
-0.247946
-0.247913
-0.247881
-0.247848
-0.247816
-0.247783
-0.24775
-0.247718
-0.247685
-0.247653
-0.24762
-0.247587
-0.247555
-0.247522
-0.24749
-0.247457
-0.247424
-0.247392
-0.247359
-0.247327
-0.247294
-0.247261
-0.247229
-0.247196
-0.247164
-0.247131
-0.247098
-0.247066
-0.247033
-0.247001
-0.246968
-0.246935
-0.246903
-0.24687
-0.246838
-0.246805
-0.246772
-0.24674
-0.246707
-0.246675
-0.246642
-0.246609
-0.246577
-0.246544
-0.246512
-0.246479
-0.246446
-0.246414
-0.246381
-0.246349
-0.246316
-0.246283
-0.246251
-0.246218
-0.246186
-0.246153
-0.24612
-0.246088
-0.246055
-0.246023
-0.24599
-0.245957
-0.245925
-0.245892
-0.24586
-0.245827
-0.245794
-0.245762
-0.245729
-0.245697
-0.245664
-0.245631
-0.245599
-0.245566
-0.245534
-0.245501
-0.245468
-0.245436
-0.245403
-0.245371
-0.245338
-0.245306
-0.245273
-0.24524
-0.245208
-0.245175
-0.245143
-0.24511
-0.245077
-0.245045
-0.245012
-0.24498
-0.244947
-0.244914
-0.244882
-0.244849
-0.244817
-0.244784
-0.244751
-0.244719
-0.244686
-0.244654
-0.244621
-0.244588
-0.244556
-0.244523
-0.244491
-0.244458
-0.244425
-0.244393
-0.24436
-0.244328
-0.244295
-0.244262
-0.24423
-0.244197
-0.244165
-0.244132
-0.244099
-0.244067
-0.244034
-0.244002
-0.243969
-0.243936
-0.243904
-0.243871
-0.243839
-0.243806
-0.243773
-0.243741
-0.243708
-0.243676
-0.243643
-0.24361
-0.243578
-0.243545
-0.243513
-0.24348
-0.243447
-0.243415
-0.243382
-0.24335
-0.243317
-0.243284
-0.243252
-0.243219
-0.243187
-0.243154
-0.243121
-0.243089
-0.243056
-0.243024
-0.242991
-0.242958
-0.242926
-0.242893
-0.242861
-0.242828
-0.242795
-0.242763
-0.24273
-0.242698
-0.242665
-0.242632
-0.2426
-0.242567
-0.242535
-0.242502
-0.242469
-0.242437
-0.242404
-0.242372
-0.242339
-0.242306
-0.242274
-0.242241
-0.242209
-0.242176
-0.242143
-0.242111
-0.242078
-0.242046
-0.242013
-0.24198
-0.241948
-0.241915
-0.241883
-0.24185
-0.241817
-0.241785
-0.241752
-0.24172
-0.241687
-0.241654
-0.241622
-0.241589
-0.241557
-0.241524
-0.241491
-0.241459
-0.241426
-0.241394
-0.241361
-0.241328
-0.241296
-0.241263
-0.241231
-0.241198
-0.241165
-0.241133
-0.2411
-0.241068
-0.241035
-0.241002
-0.24097
-0.240937
-0.240905
-0.240872
-0.240839
-0.240807
-0.240774
-0.240742
-0.240709
-0.240676
-0.240644
-0.240611
-0.240579
-0.240546
-0.240513
-0.240481
-0.240448
-0.240416
-0.240383
-0.24035
-0.240318
-0.240285
-0.240253
-0.24022
-0.240187
-0.240155
-0.240122
-0.24009
-0.240057
-0.240025
-0.239992
-0.239959
-0.239927
-0.239894
-0.239862
-0.239829
-0.239796
-0.239764
-0.239731
-0.239699
-0.239666
-0.239633
-0.239601
-0.239568
-0.239536
-0.239503
-0.23947
-0.239438
-0.239405
-0.239373
-0.23934
-0.239307
-0.239275
-0.239242
-0.23921
-0.239177
-0.239144
-0.239112
-0.239079
-0.239047
-0.239014
-0.238981
-0.238949
-0.238916
-0.238884
-0.238851
-0.238818
-0.238786
-0.238753
-0.238721
-0.238688
-0.238655
-0.238623
-0.23859
-0.238558
-0.238525
-0.238492
-0.23846
-0.238427
-0.238395
-0.238362
-0.238329
-0.238297
-0.238264
-0.238232
-0.238199
-0.238166
-0.238134
-0.238101
-0.238069
-0.238036
-0.238003
-0.237971
-0.237938
-0.237906
-0.237873
-0.23784
-0.237808
-0.237775
-0.237743
-0.23771
-0.237677
-0.237645
-0.237612
-0.23758
-0.237547
-0.237514
-0.237482
-0.237449
-0.237417
-0.237384
-0.237351
-0.237319
-0.237286
-0.237254
-0.237221
-0.237188
-0.237156
-0.237123
-0.237091
-0.237058
-0.237025
-0.236993
-0.23696
-0.236928
-0.236895
-0.236862
-0.23683
-0.236797
-0.236765
-0.236732
-0.236699
-0.236667
-0.236634
-0.236602
-0.236569
-0.236536
-0.236504
-0.236471
-0.236439
-0.236406
-0.236373
-0.236341
-0.236308
-0.236276
-0.236243
-0.23621
-0.236178
-0.236145
-0.236113
-0.23608
-0.236047
-0.236015
-0.235982
-0.23595
-0.235917
-0.235884
-0.235852
-0.235819
-0.235787
-0.235754
-0.235721
-0.235689
-0.235656
-0.235624
-0.235591
-0.235558
-0.235526
-0.235493
-0.235461
-0.235428
-0.235395
-0.235363
-0.23533
-0.235298
-0.235265
-0.235232
-0.2352
-0.235167
-0.235135
-0.235102
-0.235069
-0.235037
-0.235004
-0.234972
-0.234939
-0.234907
-0.234874
-0.234841
-0.234809
-0.234776
-0.234744
-0.234711
-0.234678
-0.234646
-0.234613
-0.234581
-0.234548
-0.234515
-0.234483
-0.23445
-0.234418
-0.234385
-0.234352
-0.23432
-0.234287
-0.234255
-0.234222
-0.234189
-0.234157
-0.234124
-0.234092
-0.234059
-0.234026
-0.233994
-0.233961
-0.233929
-0.233896
-0.233863
-0.233831
-0.233798
-0.233766
-0.233733
-0.2337
-0.233668
-0.233635
-0.233603
-0.23357
-0.233537
-0.233505
-0.233472
-0.23344
-0.233407
-0.233374
-0.233342
-0.233309
-0.233277
-0.233244
-0.233211
-0.233179
-0.233146
-0.233114
-0.233081
-0.233048
-0.233016
-0.232983
-0.232951
-0.232918
-0.232885
-0.232853
-0.23282
-0.232788
-0.232755
-0.232722
-0.23269
-0.232657
-0.232625
-0.232592
-0.232559
-0.232527
-0.232494
-0.232462
-0.232429
-0.232396
-0.232364
-0.232331
-0.232299
-0.232266
-0.232233
-0.232201
-0.232168
-0.232136
-0.232103
-0.23207
-0.232038
-0.232005
-0.231973
-0.23194
-0.231907
-0.231875
-0.231842
-0.23181
-0.231777
-0.231744
-0.231712
-0.231679
-0.231647
-0.231614
-0.231581
-0.231549
-0.231516
-0.231484
-0.231451
-0.231418
-0.231386
-0.231353
-0.231321
-0.231288
-0.231255
-0.231223
-0.23119
-0.231158
-0.231125
-0.231092
-0.23106
-0.231027
-0.230995
-0.230962
-0.230929
-0.230897
-0.230864
-0.230832
-0.230799
-0.230766
-0.230734
-0.230701
-0.230669
-0.230636
-0.230603
-0.230571
-0.230538
-0.230506
-0.230473
-0.23044
-0.230408
-0.230375
-0.230343
-0.23031
-0.230277
-0.230245
-0.230212
-0.23018
-0.230147
-0.230114
-0.230082
-0.230049
-0.230017
-0.229984
-0.229951
-0.229919
-0.229886
-0.229854
-0.229821
-0.229788
-0.229756
-0.229723
-0.229691
-0.229658
-0.229626
-0.229593
-0.22956
-0.229528
-0.229495
-0.229463
-0.22943
-0.229397
-0.229365
-0.229332
-0.2293
-0.229267
-0.229234
-0.229202
-0.229169
-0.229137
-0.229104
-0.229071
-0.229039
-0.229006
-0.228974
-0.228941
-0.228908
-0.228876
-0.228843
-0.228811
-0.228778
-0.228745
-0.228713
-0.22868
-0.228648
-0.228615
-0.228582
-0.22855
-0.228517
-0.228485
-0.228452
-0.228419
-0.228387
-0.228354
-0.228322
-0.228289
-0.228256
-0.228224
-0.228191
-0.228159
-0.228126
-0.228093
-0.228061
-0.228028
-0.227996
-0.227963
-0.22793
-0.227898
-0.227865
-0.227833
-0.2278
-0.227767
-0.227735
-0.227702
-0.22767
-0.227637
-0.227604
-0.227572
-0.227539
-0.227507
-0.227474
-0.227441
-0.227409
-0.227376
-0.227344
-0.227311
-0.227278
-0.227246
-0.227213
-0.227181
-0.227148
-0.227115
-0.227083
-0.22705
-0.227018
-0.226985
-0.226952
-0.22692
-0.226887
-0.226855
-0.226822
-0.226789
-0.226757
-0.226724
-0.226692
-0.226659
-0.226626
-0.226594
-0.226561
-0.226529
-0.226496
-0.226463
-0.226431
-0.226398
-0.226366
-0.226333
-0.2263
-0.226268
-0.226235
-0.226203
-0.22617
-0.226137
-0.226105
-0.226072
-0.22604
-0.226007
-0.225974
-0.225942
-0.225909
-0.225877
-0.225844
-0.225811
-0.225779
-0.225746
-0.225714
-0.225681
-0.225648
-0.225616
-0.225583
-0.225551
-0.225518
-0.225485
-0.225453
-0.22542
-0.225388
-0.225355
-0.225322
-0.22529
-0.225257
-0.225225
-0.225192
-0.225159
-0.225127
-0.225094
-0.225062
-0.225029
-0.224996
-0.224964
-0.224931
-0.224899
-0.224866
-0.224833
-0.224801
-0.224768
-0.224736
-0.224703
-0.22467
-0.224638
-0.224605
-0.224573
-0.22454
-0.224507
-0.224475
-0.224442
-0.22441
-0.224377
-0.224345
-0.224312
-0.224279
-0.224247
-0.224214
-0.224182
-0.224149
-0.224116
-0.224084
-0.224051
-0.224019
-0.223986
-0.223953
-0.223921
-0.223888
-0.223856
-0.223823
-0.22379
-0.223758
-0.223725
-0.223693
-0.22366
-0.223627
-0.223595
-0.223562
-0.22353
-0.223497
-0.223464
-0.223432
-0.223399
-0.223367
-0.223334
-0.223301
-0.223269
-0.223236
-0.223204
-0.223171
-0.223138
-0.223106
-0.223073
-0.223041
-0.223008
-0.222975
-0.222943
-0.22291
-0.222878
-0.222845
-0.222812
-0.22278
-0.222747
-0.222715
-0.222682
-0.222649
-0.222617
-0.222584
-0.222552
-0.222519
-0.222486
-0.222454
-0.222421
-0.222389
-0.222356
-0.222323
-0.222291
-0.222258
-0.222226
-0.222193
-0.22216
-0.222128
-0.222095
-0.222063
-0.22203
-0.221997
-0.221965
-0.221932
-0.2219
-0.221867
-0.221834
-0.221802
-0.221769
-0.221737
-0.221704
-0.221671
-0.221639
-0.221606
-0.221574
-0.221541
-0.221508
-0.221476
-0.221443
-0.221411
-0.221378
-0.221345
-0.221313
-0.22128
-0.221248
-0.221215
-0.221182
-0.22115
-0.221117
-0.221085
-0.221052
-0.221019
-0.220987
-0.220954
-0.220922
-0.220889
-0.220856
-0.220824
-0.220791
-0.220759
-0.220726
-0.220693
-0.220661
-0.220628
-0.220596
-0.220563
-0.22053
-0.220498
-0.220465
-0.220433
-0.2204
-0.220367
-0.220335
-0.220302
-0.22027
-0.220237
-0.220204
-0.220172
-0.220139
-0.220107
-0.220074
-0.220041
-0.220009
-0.219976
-0.219944
-0.219911
-0.219878
-0.219846
-0.219813
-0.219781
-0.219748
-0.219715
-0.219683
-0.21965
-0.219618
-0.219585
-0.219552
-0.21952
-0.219487
-0.219455
-0.219422
-0.219389
-0.219357
-0.219324
-0.219292
-0.219259
-0.219227
-0.0510789
-0.0510665
-0.0509054
-0.0504369
-0.0500006
-0.0471707
-0.0474072
-0.0475814
-0.0474965
-0.047332
-0.0472235
-0.0471446
-0.0468092
-0.0469341
-0.0468379
-0.0466928
-0.0464225
-0.0464304
-0.0463882
-0.0463662
-0.0462699
-0.0459475
-0.0456854
-0.0418347
-0.041745
-0.0420397
-0.0417639
-0.0418952
-0.0415729
-0.0415082
-0.0413268
-0.0410732
-0.0409885
-0.0410751
-0.0407883
-0.040928
-0.0407941
-0.0407384
-0.0407082
-0.0403697
-0.040008
-0.0358057
-0.0358421
-0.0358918
-0.0357262
-0.035537
-0.0353244
-0.0352079
-0.0351125
-0.0350251
-0.0349121
-0.0347626
-0.0347082
-0.0345864
-0.0303187
-0.0302486
-0.0301625
-0.0299423
-0.0296602
-0.0297124
-0.0297621
-0.0296303
-0.0294613
-0.0294127
-0.0292812
-0.0291849
-0.0289723
-0.0289096
-0.0288316
-0.0287488
-0.0286131
-0.0285859
-0.028436
-0.0282719
-0.0249956
-0.0249113
-0.0248517
-0.0247192
-0.0246769
-0.0246316
-0.0245347
-0.0244731
-0.0244988
-0.0244291
-0.024363
-0.0242766
-0.024255
-0.0241869
-0.0241283
-0.0240263
-0.0239532
-0.0214593
-0.0214316
-0.0213967
-0.0213693
-0.0213413
-0.021316
-0.0212888
-0.0212571
-0.0212289
-0.0212102
-0.0211826
-0.0211528
-0.0211271
-0.0210996
-0.0210726
-0.0210433
-0.0210019
-0.0209738
-0.0209449
-0.0209176
-0.0208933
-0.020865
-0.0208373
-0.0208093
-0.0207796
-0.020763
-0.0207285
-0.0207169
-0.0206869
-0.0206587
-0.0206323
-0.0206048
-0.0205736
-0.0205446
-0.0205163
-0.020488
-0.0204598
-0.0204286
-0.0204011
-0.0203735
-0.0203473
-0.0203137
-0.0202841
-0.0202573
-0.0202297
-0.0202011
-0.0201731
-0.0201412
-0.0201129
-0.020084
-0.0200535
-0.0200267
-0.0199989
-0.0199701
-0.0199312
-0.0199026
-0.0198733
-0.0198455
-0.0198174
-0.0197897
-0.019767
-0.0197373
-0.0197092
-0.0196772
-0.0196487
-0.0196213
-0.0195932
-0.0195593
-0.0195278
-0.0195021
-0.0194711
-0.0194474
-0.019418
-0.0193881
-0.01936
-0.0193338
-0.0193033
-0.0192756
-0.0192465
-0.0192154
-0.0191855
-0.0191583
-0.0191302
-0.0190992
-0.0190681
-0.0190403
-0.0190121
-0.0189834
-0.0189518
-0.0189234
-0.0188969
-0.0188622
-0.0188341
-0.0188062
-0.0187872
-0.0187564
-0.0187241
-0.0186962
-0.0186679
-0.0186388
-0.01863
-0.0185969
-0.0185692
-0.0185426
-0.018511
-0.018469
-0.0184393
-0.0184099
-0.0183831
-0.0183532
-0.0183246
-0.0182985
-0.0182698
-0.0182398
-0.0182114
-0.0181797
-0.0181433
-0.0181215
-0.0180938
-0.0180658
-0.0180333
-0.0179822
-0.0179531
-0.0179221
-0.0178939
-0.017865
-0.017838
-0.0178077
-0.0178016
-0.0177725
-0.0177423
-0.0177131
-0.0176827
-0.0176561
-0.0176255
-0.0175956
-0.0175664
-0.0175348
-0.0175078
-0.0174794
-0.0174505
-0.0174218
-0.0173923
-0.0173613
-0.0173316
-0.0173008
-0.0172721
-0.0172418
-0.0172122
-0.0171814
-0.0171497
-0.0171197
-0.0170915
-0.0170616
-0.0170312
-0.017003
-0.0169751
-0.016944
-0.0169155
-0.0168866
-0.016856
-0.0168293
-0.0168013
-0.0167704
-0.0167413
-0.0167127
-0.0166812
-0.0166507
-0.0166215
-0.0165915
-0.0165628
-0.0165312
-0.0164882
-0.0164604
-0.0164288
-0.0163977
-0.0163676
-0.0163388
-0.0163228
-0.0162944
-0.0162628
-0.0162312
-0.0162019
-0.0161719
-0.0161417
-0.0161135
-0.0160833
-0.0160523
-0.016021
-0.0159911
-0.0159625
-0.0159341
-0.0159012
-0.0158726
-0.0158406
-0.0158122
-0.0157831
-0.0157506
-0.015717
-0.0156866
-0.0156562
-0.0156281
-0.0155948
-0.0155629
-0.0155343
-0.0155051
-0.0154735
-0.0154436
-0.0154131
-0.0153831
-0.0153522
-0.0153233
-0.0152946
-0.0152658
-0.0152362
-0.0152044
-0.0151726
-0.0151419
-0.0151129
-0.0150824
-0.0150489
-0.0150197
-0.0149895
-0.0149586
-0.0149309
-0.0148991
-0.0148701
-0.0148383
-0.0148078
-0.0147784
-0.0147463
-0.0147115
-0.0146828
-0.0146509
-0.0146203
-0.0145915
-0.0145615
-0.0145334
-0.0144858
-0.0144544
-0.0144234
-0.0143989
-0.0143704
-0.0143401
-0.0143058
-0.0142761
-0.014246
-0.0142167
-0.0141848
-0.0141549
-0.0141259
-0.0140921
-0.0140578
-0.014028
-0.013999
-0.0139768
-0.0139458
-0.013915
-0.0138851
-0.0138544
-0.0138235
-0.0137933
-0.0137694
-0.0137367
-0.0137065
-0.0136735
-0.0136413
-0.0136114
-0.0135814
-0.0135501
-0.0135183
-0.0134893
-0.0134558
-0.0134198
-0.0133907
-0.0133599
-0.0133192
-0.0132864
-0.0132579
-0.0132274
-0.0131988
-0.0131679
-0.0131382
-0.01311
-0.0130772
-0.013056
-0.01302
-0.0129954
-0.0129566
-0.0129254
-0.012897
-0.0128649
-0.012834
-0.0128023
-0.0127706
-0.0127387
-0.012706
-0.0126779
-0.0126456
-0.0126112
-0.01258
-0.0125472
-0.0125169
-0.0124855
-0.0124528
-0.0124237
-0.01239
-0.0123573
-0.0123274
-0.0123051
-0.012274
-0.0122398
-0.0122101
-0.0121791
-0.0121494
-0.0121186
-0.0120856
-0.0120548
-0.0120247
-0.0119932
-0.0119636
-0.0119323
-0.0119038
-0.0118722
-0.0118414
-0.0118106
-0.0117806
-0.0117515
-0.0117199
-0.0116883
-0.0116565
-0.0116246
-0.0115827
-0.0115529
-0.0115212
-0.0114862
-0.0114566
-0.0114254
-0.0113916
-0.0113608
-0.0113293
-0.0112959
-0.0112644
-0.0112322
-0.0112009
-0.011169
-0.011137
-0.0111049
-0.0110737
-0.0110584
-0.011028
-0.0109953
-0.0109637
-0.0109331
-0.0108863
-0.0108562
-0.0108261
-0.0107958
-0.0107617
-0.0107317
-0.0106994
-0.0106689
-0.0106434
-0.0106114
-0.0105798
-0.0105546
-0.0105222
-0.0104911
-0.0104601
-0.0104341
-0.0104023
-0.0103708
-0.0103365
-0.0103047
-0.0102737
-0.0102412
-0.0102078
-0.010176
-0.010144
-0.0101123
-0.0100787
-0.0100464
-0.0100127
-0.00998234
-0.00994918
-0.00991752
-0.00988521
-0.00984921
-0.00981843
-0.0097854
-0.00975265
-0.00972086
-0.00968249
-0.00964804
-0.00961718
-0.0095861
-0.00955551
-0.0095206
-0.00949072
-0.00946332
-0.00943173
-0.0093988
-0.00936627
-0.00935689
-0.00932627
-0.00929281
-0.00926012
-0.00921796
-0.00918476
-0.00915302
-0.00912153
-0.00908851
-0.00905623
-0.00902406
-0.0089927
-0.00896124
-0.00894187
-0.0089096
-0.00887672
-0.00884426
-0.00881015
-0.00878022
-0.00874633
-0.00871312
-0.00868148
-0.00864834
-0.00861562
-0.00858383
-0.0085496
-0.00851577
-0.00848507
-0.00845337
-0.00842756
-0.00839527
-0.00836239
-0.00832865
-0.00829608
-0.0082638
-0.00822969
-0.00817937
-0.00814668
-0.00811433
-0.00807954
-0.00804971
-0.00801861
-0.0079836
-0.00795139
-0.00791931
-0.00788765
-0.00785274
-0.0078215
-0.00778785
-0.00775435
-0.00771895
-0.00770329
-0.00767212
-0.00763942
-0.00760593
-0.00756836
-0.00753629
-0.00750417
-0.00747591
-0.00744284
-0.00740914
-0.00737688
-0.00734321
-0.00730982
-0.00727581
-0.00724311
-0.00719966
-0.00716718
-0.00714418
-0.00710995
-0.00707654
-0.00704613
-0.00701255
-0.00697852
-0.00694459
-0.00690935
-0.0068781
-0.00684685
-0.00682848
-0.00679164
-0.00675894
-0.00672668
-0.00669456
-0.00666404
-0.00663094
-0.00659687
-0.00657159
-0.006539
-0.00650535
-0.00647404
-0.00643731
-0.00640446
-0.00637238
-0.00633876
-0.00630681
-0.00627188
-0.00623711
-0.00620403
-0.00617102
-0.00613856
-0.00609342
-0.00606261
-0.0060261
-0.00599404
-0.00596782
-0.00593651
-0.00590561
-0.00587192
-0.00583833
-0.00580633
-0.00577176
-0.00573932
-0.00570588
-0.00566885
-0.00563807
-0.00560249
-0.00556898
-0.00553469
-0.00550171
-0.00546805
-0.00543719
-0.00540454
-0.00537067
-0.0053351
-0.005303
-0.00526933
-0.00523594
-0.00520355
-0.00516526
-0.00513193
-0.00509888
-0.00506955
-0.00503639
-0.00500256
-0.00497351
-0.00493895
-0.00491175
-0.00487855
-0.00484493
-0.00481471
-0.0047806
-0.00474655
-0.00471262
-0.00467958
-0.00464599
-0.00461211
-0.00458031
-0.00454449
-0.00450974
-0.00447631
-0.00444214
-0.00440688
-0.00436913
-0.00433541
-0.00428327
-0.00425077
-0.00422054
-0.00418549
-0.00415343
-0.00412065
-0.00408693
-0.00405417
-0.00401937
-0.00398722
-0.00395211
-0.00391883
-0.0038858
-0.00385176
-0.00382115
-0.00378687
-0.00375344
-0.00371968
-0.00368498
-0.00365995
-0.00362631
-0.00359273
-0.00356065
-0.00352712
-0.00349178
-0.00345807
-0.00342647
-0.00339113
-0.00335768
-0.00332353
-0.00328809
-0.00325471
-0.00321859
-0.00318419
-0.00314895
-0.00311843
-0.00308517
-0.00303879
-0.00300456
-0.00296809
-0.00294849
-0.00291444
-0.00288046
-0.00284717
-0.00281392
-0.00278097
-0.00274613
-0.00271187
-0.00267837
-0.00264452
-0.0026104
-0.00257412
-0.00254122
-0.00250728
-0.00247047
-0.00243569
-0.00239502
-0.00236172
-0.00233284
-0.00229784
-0.00226414
-0.0022367
-0.00220232
-0.00216775
-0.00213179
-0.00208702
-0.00205279
-0.00201801
-0.00198562
-0.0019524
-0.00192618
-0.00189091
-0.00185624
-0.00182357
-0.00178859
-0.00175705
-0.0017232
-0.00168948
-0.0016558
-0.00162176
-0.00158777
-0.00155395
-0.00151934
-0.00148713
-0.00145201
-0.0014158
-0.0013813
-0.00134857
-0.00130113
-0.00126686
-0.00123306
-0.00119971
-0.00116579
-0.00114319
-0.00110883
-0.00108082
-0.00103114
-0.00101099
-0.000977711
-0.000944615
-0.000908098
-0.000872163
-0.000837184
-0.000803272
-0.00076799
-0.000733045
-0.000698423
-0.000648972
-0.000616592
-0.000580997
-0.000548186
-0.000515044
-0.000492717
-0.000459817
-0.000423777
-0.000392555
-0.000358972
-0.000325271
-0.000289265
-0.000251504
-0.000216888
-0.000181126
-0.000144395
-0.000104413
-7.74431e-05
-4.42571e-05
-7.58921e-06
2.56818e-05
5.78047e-05
9.67444e-05
0.000130277
0.000162766
0.000194251
0.000228944
0.000265798
0.000297404
0.000335778
0.000370875
0.000405889
0.000439622
0.000473279
0.000506271
0.000540799
0.000543911
0.000577688
0.000613177
0.000649199
0.000684304
0.000723802
0.00075943
0.000793558
0.000827342
0.000861527
0.000895278
0.000929561
0.000964318
0.000998131
0.0010348
0.00106891
0.00110675
0.00113982
0.00117544
0.00120824
0.00124296
0.00127772
0.00131162
0.00136198
0.00140087
0.00143451
0.00146912
0.00150401
0.00153657
0.00157094
0.00160345
0.00164121
0.00167925
0.00171412
0.00174905
0.00178412
0.00181999
0.00185557
0.00189015
0.00192711
0.00196193
0.00199196
0.00202465
0.00205839
0.00209043
0.00212787
0.00216087
0.00219394
0.00222892
0.00226101
0.00229429
0.00233206
0.00235219
0.00238284
0.00241549
0.0024497
0.00248885
0.00251994
0.00255303
0.00258973
0.00262597
0.00266023
0.00269318
0.00273128
0.00276937
0.00280232
0.00283611
0.0028759
0.00291173
0.00295034
0.00298542
0.0030256
0.00306222
0.00310184
0.0031441
0.00318666
0.00323135
0.00326699
0.00329934
0.003332
0.0033646
0.00339922
0.00343183
0.00346448
0.00349795
0.00353091
0.00356427
0.00359689
0.00363057
0.00366351
0.00369602
0.00373012
0.0037651
0.0037945
0.00382676
0.00385961
0.00389291
0.00392676
0.00396047
0.00399341
0.00402579
0.00406039
0.00409527
0.0041294
0.00416322
0.00419812
0.0042327
0.00426555
0.00430068
0.00433579
0.00437
0.00440687
0.00443667
0.00446992
0.004507
0.00454107
0.00456018
0.00460019
0.00463409
0.00466965
0.00470042
0.00473454
0.00477099
0.00480528
0.00483923
0.00487526
0.00490904
0.00494261
0.00497964
0.0050162
0.00505025
0.00508269
0.00511813
0.00515257
0.00518868
0.00522351
0.00525955
0.00529847
0.00533111
0.00536582
0.00540455
0.00544036
0.00547572
0.00551616
0.00555038
0.00558659
0.00563032
0.005663
0.00569974
0.0057397
0.00577477
0.00581025
0.00585012
0.00589867
0.00593579
0.00596979
0.00600539
0.00603936
0.00607729
0.00611328
0.00614547
0.00618618
0.00622404
0.00626196
0.00629496
0.00634688
0.00636303
0.00639952
0.00643678
0.00647179
0.00650678
0.00654238
0.00657915
0.00662389
0.00665898
0.00669389
0.00673047
0.00677258
0.00680701
0.0068437
0.00688701
0.00692739
0.00696743
0.00700304
0.0070423
0.00708467
0.00712037
0.0071602
0.00719996
0.0072453
0.00729117
0.00732732
0.00737514
0.00740838
0.00745717
0.00749893
0.00753845
0.00757565
0.00761027
0.00763605
0.00767248
0.00770949
0.00775406
0.00778097
0.00781615
0.00785067
0.00788419
0.00791857
0.0079538
0.00799231
0.00802596
0.00806136
0.00809738
0.00813119
0.00816727
0.00820096
0.00823759
0.00827222
0.00830772
0.0083428
0.00837852
0.00841423
0.00844837
0.00848215
0.00851782
0.00855604
0.00859093
0.00862582
0.00866265
0.00869819
0.00873314
0.00876843
0.0088037
0.00883937
0.00887365
0.00891161
0.00894596
0.00898223
0.00901996
0.00905456
0.0090908
0.00912632
0.00916142
0.0092002
0.0092366
0.00927216
0.00930916
0.00934535
0.00938073
0.00941765
0.0094536
0.00948417
0.00952234
0.00955774
0.00959367
0.0096294
0.00966679
0.00970359
0.00974146
0.00977675
0.00981195
0.00984858
0.0098871
0.00992149
0.00995595
0.00999069
0.0100289
0.0100656
0.0101009
0.0101367
0.0101737
0.0102102
0.0102478
0.0102858
0.0103184
0.0103643
0.010401
0.0104364
0.0104717
0.0105098
0.0105485
0.0105849
0.0106222
0.010658
0.0106958
0.0107325
0.0107651
0.0108053
0.010839
0.0108778
0.0109122
0.010948
0.010984
0.0110184
0.0110539
0.0110917
0.0111265
0.0111629
0.0112011
0.0112396
0.0112766
0.0113133
0.0113487
0.0113867
0.0114223
0.0114604
0.0114948
0.0115313
0.0115648
0.011604
0.0116395
0.0116814
0.0117215
0.0117565
0.0117933
0.0118306
0.0118649
0.0119031
0.0119403
0.0119759
0.0120165
0.0120531
0.0120864
0.0121186
0.01216
0.0121945
0.01223
0.012268
0.0123086
0.0123468
0.0123813
0.0124203
0.0124584
0.0124943
0.0125303
0.0125661
0.0126057
0.0126429
0.0126828
0.01272
0.012757
0.0127962
0.0128331
0.0128699
0.012908
0.012948
0.0129872
0.0130266
0.0130623
0.0131003
0.0131412
0.0131783
0.0132126
0.0132492
0.0132901
0.0133288
0.0133664
0.0134033
0.0134407
0.0134762
0.013515
0.0135537
0.0135928
0.0136327
0.0136701
0.0137077
0.0137504
0.0137881
0.0138271
0.013865
0.013907
0.0139447
0.013981
0.0140179
0.0140567
0.0140911
0.0141328
0.0141695
0.014207
0.0142403
0.0142736
0.0143129
0.0143514
0.0143917
0.0144265
0.0144659
0.014505
0.0145531
0.0145958
0.0146338
0.0146744
0.014711
0.0147451
0.0147841
0.0148231
0.0148606
0.0148975
0.0149339
0.0149772
0.015013
0.0150476
0.0150883
0.0151296
0.0151629
0.0152031
0.0152445
0.015287
0.0153258
0.015364
0.0154009
0.0154438
0.0154833
0.0155242
0.0155407
0.0155774
0.0156153
0.0156477
0.0156875
0.015727
0.0157647
0.0158
0.0158358
0.015873
0.0159086
0.0159468
0.0159863
0.0160296
0.0160698
0.0160991
0.0161362
0.0161755
0.0162152
0.0162563
0.0163145
0.0163498
0.0163765
0.0164137
0.0164543
0.0164904
0.0165282
0.016569
0.0166068
0.0166481
0.0166858
0.0167219
0.0167631
0.0168004
0.0168396
0.0168835
0.0169211
0.0169608
0.0169991
0.0170425
0.0170817
0.0171211
0.0171513
0.0171897
0.0172251
0.0172643
0.0173028
0.0173421
0.0173874
0.0174233
0.0174531
0.0174916
0.0175299
0.0175699
0.0176125
0.0176531
0.0176944
0.0177349
0.0177765
0.0178201
0.0178551
0.0178945
0.0179375
0.0179783
0.0180206
0.0180645
0.0181214
0.0181617
0.0181988
0.0182391
0.0182786
0.0183211
0.0183615
0.0183999
0.0184436
0.0184718
0.018517
0.0185596
0.0186006
0.0186448
0.0186833
0.018724
0.0187658
0.0188036
0.018845
0.0188836
0.0189292
0.0189666
0.0190016
0.0190385
0.0190862
0.0191203
0.0191523
0.0192021
0.0192472
0.0192878
0.0193263
0.019361
0.019399
0.0194473
0.0194897
0.0195234
0.019562
0.0195967
0.0196356
0.0196828
0.0197145
0.0197618
0.0197978
0.0198422
0.0198869
0.0199284
0.0199721
0.0200145
0.0200586
0.0200974
0.0201434
0.0201708
0.0202186
0.0202715
0.020311
0.0203532
0.0203943
0.0204368
0.0204773
0.0205106
0.0205531
0.0205962
0.0206338
0.0206689
0.0207013
0.0207387
0.0207872
0.0208336
0.020875
0.0209089
0.020948
0.0209856
0.0210298
0.0210734
0.0211113
0.0211473
0.0211843
0.0212249
0.0212629
0.0213008
0.0213404
0.0213787
0.0214181
0.0214617
0.0215028
0.021541
0.021579
0.0216442
0.0216837
0.0217193
0.0217604
0.0218018
0.0218434
0.0218845
0.0219216
0.0219333
0.0219766
0.022012
0.0220534
0.0220948
0.0221354
0.0221802
0.0222212
0.0222598
0.0222983
0.0223456
0.0223819
0.0224197
0.0224599
0.0225023
0.0225417
0.0225741
0.0226184
0.0226572
0.0226967
0.0227353
0.0227817
0.0228195
0.0228581
0.0228994
0.0229311
0.0229716
0.0230125
0.0230634
0.0230981
0.0231425
0.0231832
0.0232231
0.0232671
0.0233042
0.0233474
0.0233846
0.0234225
0.0234623
0.0235068
0.0235459
0.0235907
0.0236347
0.0236754
0.023715
0.0237516
0.0237937
0.0238308
0.0238759
0.0239157
0.0239589
0.0240001
0.0240364
0.0240792
0.0241187
0.0241591
0.0242037
0.0242371
0.0242756
0.0243149
0.0243574
0.0244022
0.0244435
0.0244806
0.0245224
0.0245627
0.0246029
0.0246417
0.0246829
0.0247265
0.0247679
0.024809
0.024847
0.0248936
0.0249375
0.0249734
0.0250142
0.0250513
0.0250876
0.0251327
0.0251732
0.025217
0.0252605
0.025302
0.0253393
0.0253842
0.0254156
0.0254624
0.0255032
0.0255514
0.0255958
0.0256381
0.0256809
0.0257268
0.0257583
0.0257981
0.0258369
0.0258824
0.0259273
0.0259683
0.0260131
0.026057
0.026106
0.0261458
0.0261861
0.0262265
0.0262537
0.0262966
0.0263286
0.0263657
0.026413
0.0264595
0.0265107
0.0265523
0.0266016
0.0266389
0.0266874
0.0267232
0.026763
0.0268008
0.0268427
0.0268856
0.0269272
0.0269755
0.0270214
0.0270612
0.0271018
0.0271407
0.0271822
0.0272325
0.0273435
0.0273852
0.027402
0.0274473
0.027505
0.0275527
0.0275972
0.02763
0.0276691
0.0277138
0.0277575
0.0277977
0.0278435
0.0278843
0.0279287
0.0279738
0.0280151
0.0280583
0.0281
0.0281384
0.028182
0.0281523
0.0281944
0.0282319
0.0282791
0.0283191
0.0283674
0.0284272
0.0284702
0.0285098
0.0285543
0.0285873
0.0286364
0.0286791
0.0287214
0.0287582
0.0288078
0.0288513
0.028872
0.0289158
0.0289608
0.0290039
0.029051
0.0290928
0.0291372
0.0291832
0.0292268
0.0292607
0.0293061
0.0293503
0.0293976
0.0294394
0.0294816
0.0295236
0.029581
0.029622
0.029672
0.0297147
0.0297582
0.0297918
0.0298338
0.0298725
0.0299179
0.0299608
0.0300066
0.0300538
0.0300922
0.030146
0.0301898
0.0302299
0.030276
0.0303192
0.0303587
0.0304047
0.0304514
0.0305001
0.0305424
0.0305911
0.0306265
0.030675
0.0307157
0.0307744
0.0308131
0.0308681
0.0309228
0.0309569
0.0309963
0.0310407
0.0310861
0.0311329
0.0311861
0.031225
0.0312696
0.0313184
0.0313601
0.0313935
0.0314376
0.0314879
0.0315348
0.0315818
0.0316246
0.0316645
0.0317105
0.0317594
0.0318021
0.0318636
0.0318971
0.0319371
0.0319918
0.0320376
0.0320826
0.0321131
0.0321678
0.032269
0.0323108
0.0323535
0.0323988
0.0324467
0.0324918
0.032533
0.0325701
0.0326162
0.0326615
0.0327047
0.0327515
0.0328013
0.0328475
0.0328929
0.0329359
0.0329764
0.0330211
0.0330218
0.0330719
0.0331147
0.0331362
0.0331932
0.033235
0.0332672
0.0333187
0.0333503
0.0333994
0.0334557
0.0335008
0.0335462
0.0335907
0.0336369
0.0336789
0.0337332
0.0337867
0.0338327
0.033879
0.0339167
0.0339606
0.0340052
0.0340515
0.0341056
0.0341475
0.0341983
0.0342462
0.0342887
0.0343365
0.034386
0.0344421
0.0344921
0.0345371
0.0345807
0.0346257
0.034673
0.0347189
0.0347608
0.0347968
0.0348544
0.0349049
0.0349498
0.0349977
0.0350506
0.0350924
0.0351383
0.0351847
0.0352331
0.0352789
0.0353213
0.0353675
0.0353972
0.0354589
0.0355022
0.0355588
0.0356204
0.0356822
0.0357218
0.0357669
0.0358166
0.035856
0.0358956
0.0359502
0.0359924
0.0361053
0.0361584
0.036207
0.0362511
0.0362967
0.0363407
0.0363869
0.0364398
0.0364942
0.0365017
0.0365441
0.0365938
0.0366453
0.036695
0.0367427
0.0367937
0.0368224
0.0368752
0.0369281
0.0369828
0.0370255
0.0370774
0.037129
0.0371627
0.0372128
0.037279
0.0373255
0.0373708
0.037429
0.0374671
0.0375315
0.0375667
0.0376131
0.0376485
0.0377036
0.0377558
0.037797
0.0378289
0.0378753
0.0379128
0.0379661
0.0380037
0.0380642
0.038122
0.0381853
0.0382294
0.0383011
0.0383555
0.0384032
0.0384429
0.0384912
0.0385462
0.0385859
0.0386608
0.0387099
0.0387617
0.0388177
0.0388696
0.0389593
0.0390097
0.0390622
0.0391175
0.0391685
0.0392184
0.0392704
0.0393199
0.0393716
0.0394197
0.0394526
0.0395026
0.0395194
0.0396023
0.0396532
0.0397052
0.0397385
0.0397906
0.0398352
0.0398849
0.0399317
0.0399869
0.0400402
0.0400824
0.0401316
0.0401839
0.0402212
0.0402763
0.040309
0.04037
0.0404226
0.0404752
0.0405319
0.0405866
0.0406769
0.0407392
0.0407877
0.0408441
0.0409302
0.040986
0.0410227
0.0410339
0.041102
0.0411572
0.0412178
0.0412578
0.0413215
0.0413829
0.0414206
0.0414811
0.0415395
0.0415927
0.0416449
0.0416935
0.0417593
0.0418119
0.0418646
0.041922
0.0419858
0.042041
0.0420944
0.0421483
0.0422207
0.0422649
0.0423178
0.0423448
0.0423921
0.0424586
0.0425187
0.0425702
0.0426251
0.0426773
0.0427253
0.0427668
0.0428159
0.0428606
0.0429134
0.0429457
0.0430151
0.0430766
0.0431294
0.0431889
0.043236
0.0432795
0.0433317
0.0433991
0.0434572
0.0434989
0.0436093
0.0436436
0.0436804
0.0437214
0.043775
0.0438362
0.0438875
0.0439329
0.0439896
0.0440479
0.0441071
0.0441507
0.0442022
0.0442604
0.0443138
0.0443728
0.044437
0.0444926
0.0445329
0.0446076
0.044661
0.0447167
0.0447685
0.0448283
0.0448664
0.044944
0.0449983
0.0450652
0.0450992
0.0451584
0.0452167
0.0452765
0.0453287
0.045379
0.0454202
0.0454639
0.0455201
0.045563
0.0456357
0.0457121
0.045772
0.0458178
0.0458627
0.0459124
0.045987
0.0460468
0.0461147
0.0461711
0.0462285
0.0462995
0.0463574
0.0464026
0.0464614
0.0465223
0.0465838
0.0466304
0.0466974
0.0467561
0.0468146
0.0468695
0.0469488
0.0470104
0.0470727
0.0471297
0.0471869
0.0472345
0.0472916
0.0473591
0.0474178
0.0474642
0.0475248
0.0475923
0.052541
0.0526717
0.0541166
0.0541563
0.0541894
0.0543286
0.0546139
0.0547273
0.0549111
0.0550589
0.0548633
0.055395
0.0554738
0.0555034
0.055899
0.055852
0.0560501
0.0563407
0.0565337
0.0777708
0.0787776
0.079444
0.079906
0.0720804
0.0724214
0.0821705
0.0821036
0.0823877
0.0830661
0.0834752
0.0836965
0.0846288
0.0850923
0.0848692
0.0854311
0.085461
0.0862098
0.0871315
0.0877855
0.0890155
0.0893924
0.0902026
0.0915447
0.0929867
0.103654
0.129551
0.12794
0.128165
0.126346
0.126477
0.12676
0.126951
0.126967
0.127663
0.127741
0.128519
0.129434
0.129686
0.130657
0.13154
0.132538
0.133911
0.134168
0.135045
0.136934
0.114517
0.140561
0.140359
0.138811
0.137602
0.136524
0.136348
0.135417
0.135503
0.135859
0.136143
0.135486
0.13668
0.136259
0.137288
0.137767
0.13921
0.139905
0.0986228
0.0992615
0.119547
0.118812
0.117426
0.117211
0.116084
0.115069
