-4.55788
-4.55788
-4.55788
-4.55788
-4.55788
-5.24243
-4.55788
-5.24087
-4.55788
-4.55788
-5.24087
-5.24243
-4.55788
-4.55788
-4.55788
-4.55788
-4.55788
-4.55788
-4.55788
-5.24087
-4.55788
-5.24087
-4.55788
-5.24243
-4.55788
-4.55788
-4.55788
-5.24087
-5.24243
-4.55788
-4.55788
-4.55788
-4.55788
-4.55788
-5.24243
-4.55788
-4.55788
-5.24243
-4.55788
-5.24087
-4.55788
-4.55788
-5.24243
-4.55788
-4.55788
-5.24243
-5.24243
-4.55788
-4.55788
-5.24087
-5.24243
-4.55788
-5.24243
-5.24087
-4.55788
-4.55788
-4.55788
-5.24243
-5.24382
-4.55788
-5.24087
-4.55788
-4.55788
-4.55788
-5.24243
-4.55788
-4.55788
-5.24243
-4.55788
-4.55788
-5.24382
-4.55788
-4.55788
-4.55788
-5.24087
-4.55788
-4.55788
-4.55788
-5.24087
-5.24243
-4.55788
-4.55788
-4.55788
-4.55788
-4.55788
-5.24087
-5.24243
-4.55788
-4.55788
-4.55788
-4.55788
-5.24382
-4.55788
-5.24087
-5.24087
-5.24087
-4.55788
-5.24087
-4.55788
-4.55788
-5.24087
-4.55788
-4.55788
-4.55788
-4.55788
-4.55788
-5.24087
-4.55788
-4.55788
-4.55788
-4.55788
-4.55788
-4.55788
-5.24243
-4.55788
-5.24087
-4.55788
-4.55788
-4.55788
-5.24243
-4.55788
-4.55788
-5.24087
-4.55788
-4.55788
-4.55788
-4.55788
-5.24243
-4.55788
-4.55788
-4.55788
-4.55788
-4.55788
-4.55788
-4.55788
-4.55788
-4.55788
-5.24087
-4.55788
-4.55788
-4.55788
-4.55788
-5.24087
-4.55788
-4.55788
-4.55788
-5.24243
-4.55788
-5.24087
-4.55788
-5.24087
-4.55788
-5.24087
-4.55788
-4.55788
-4.55788
-4.55788
-4.55788
-5.24382
-4.55788
-5.24243
-4.55788
-4.55788
-4.55788
-5.24243
-5.24087
-4.55788
-4.55788
-4.55788
-4.55788
-4.55788
-4.55788
-4.55788
-4.55788
-4.55788
-4.55788
-4.55788
-4.55788
-4.55788
-4.55788
-4.55788
-4.55788
-4.55788
-4.55788
-4.55788
-5.24087
-5.24243
-5.24243
-5.24243
-5.24087
-4.55788
-5.24087
-4.55788
-5.24382
-5.24087
-4.55788
-4.55788
-4.55788
-5.24243
-4.55788
-4.55788
-5.24087
-4.55788
-4.55788
-4.55788
-4.55788
-4.55788
-5.24087
-4.55788
-4.55788
-4.55788
-5.24382
-4.55788
-4.55788
-4.55788
-4.55788
-4.55788
-4.55788
-4.55788
-4.55788
-4.55788
-4.55788
-4.55788
-4.55788
-4.55788
-4.55788
-4.55788
-5.24243
-4.55788
-4.55788
-4.55788
-5.24087
-4.55788
-4.55788
-4.55788
-4.55788
-4.55788
-4.55788
-4.55788
-5.24243
-5.24087
-4.55788
-4.55788
-5.24243
-4.55788
-4.55788
-4.55788
-5.24243
-4.55788
-4.55788
-4.55788
-5.24243
-4.55788
-4.55788
-4.55788
-5.24243
-4.55788
-4.55788
-4.55788
-4.55788
-4.55788
-4.55788
-5.24243
-5.24087
-4.55788
-4.55788
-4.55788
-4.55788
-4.55788
-5.24243
-4.55788
-4.55788
-4.55788
-5.24243
-5.24087
-4.55788
-4.55788
-4.55788
-4.55788
-4.55788
-4.55788
-5.24243
-4.55788
-5.24087
-4.55788
-4.55788
-5.24243
-5.24087
-5.24243
-4.55788
-5.24087
-4.55788
-5.24087
-4.55788
-4.55788
-4.55788
-4.55788
-4.55788
-4.55788
-4.55788
-4.55788
-4.55788
-4.55788
-4.55788
-4.55788
-4.55788
-4.55788
-4.55788
-4.55788
-4.55788
-4.55788
-4.55788
-4.55788
-5.24243
-5.24087
-5.24087
-4.55788
-4.55788
-4.55788
-4.55788
-4.55788
-4.55788
-4.55788
-4.55788
-4.55788
-4.55788
-5.24087
-5.24382
-4.55788
-4.55788
-4.55788
-4.55788
-4.55788
-5.24243
-5.24087
-4.55788
-4.55788
-4.55788
-4.55788
-4.55788
-4.55788
-4.55788
-4.55788
-4.55788
-4.55788
-5.24243
-5.24243
-5.24382
-4.55788
-4.55788
-4.55788
-4.55788
-4.55788
-4.55788
-4.55788
-4.55788
-4.55788
-4.55788
-5.24243
-4.55788
-4.55788
-4.55788
-4.55788
-5.24243
-5.24087
-4.55788
-4.55788
-4.55788
-5.24087
-4.55788
-4.55788
-4.55788
-4.55788
-4.55788
-5.24382
-4.55788
-4.55788
-4.55788
-4.55788
-4.55788
-5.24243
-4.55788
-4.55788
-4.55788
-5.24243
-5.24243
-5.24382
-5.24087
-4.55788
-5.24243
-4.55788
-5.24087
-5.24087
-4.55788
-4.55788
-5.24087
-5.24243
-4.55788
-4.55788
-4.55788
-4.55788
-4.55788
-4.55788
-4.55788
-5.24087
-5.24087
-4.55788
-4.55788
-4.55788
-5.24243
-4.55788
-4.55788
-4.55788
-4.55788
-5.24087
-4.55788
-4.55788
-5.24087
-4.55788
-4.55788
-4.55788
-5.24243
-5.24382
-4.55788
-4.55788
-4.55788
-4.55788
-4.55788
-4.55788
-4.55788
-4.55788
-5.24087
-4.55788
-4.55788
-4.55788
-4.55788
-4.55788
-4.55788
-5.24243
-4.55788
-5.24243
-5.24382
-4.55788
-4.55788
-4.55788
-4.55788
-4.55788
-4.55788
-4.55788
-4.55788
-4.55788
-4.55788
-4.55788
-4.55788
-4.55788
-5.24243
-4.55788
-5.24087
-4.55788
-4.55788
-5.24087
-5.24243
-5.24243
-5.24087
-5.24243
-5.24243
-4.55788
-4.55788
-5.24087
-4.55788
-4.55788
-5.24382
-4.55788
-4.55788
-4.55788
-4.55788
-5.24087
-5.24087
-5.24243
-4.55788
-4.55788
-5.24087
-4.55788
-4.55788
-4.55788
-4.55788
-4.55788
-4.55788
-5.24243
-4.55788
-4.55788
-5.24087
-4.55788
-4.55788
-4.55788
-5.24243
-5.24087
-4.55788
-4.55788
-4.55788
-5.24087
-5.24382
-4.55788
-4.55788
-4.55788
-5.24087
-4.55788
-4.55788
-4.55788
-4.55788
-5.24087
-4.55788
-4.55788
-5.24087
-5.24243
-4.55788
-4.55788
-4.55788
-5.24087
-5.24087
-5.24087
-5.24087
-4.55788
-5.24087
-4.55788
-4.55788
-4.55788
-5.24087
-4.55788
-4.55788
-4.55788
-5.24087
-4.55788
-4.55788
-5.24087
-4.55788
-5.24243
-5.24243
-5.24087
-4.55788
-4.55788
-4.55788
-4.55788
-4.55788
-4.55788
-5.24382
-5.24243
-4.55788
-4.55788
-4.55788
-5.24243
-4.55788
-5.24087
-4.55788
-4.55788
-5.24087
-4.55788
-4.55788
-4.55788
-5.24243
-4.55788
-4.55788
-4.55788
-4.55788
-4.55788
-4.55788
-4.55788
-5.24087
-4.55788
-4.55788
-4.55788
-4.55788
-4.55788
-4.55788
-4.55788
-4.55788
-4.55788
-5.24087
-4.55788
-4.55788
-4.55788
-5.24382
-4.55788
-5.24382
-4.55788
-4.55788
-4.55788
-4.55788
-4.55788
-4.55788
-4.55788
-4.55788
-4.55788
-5.24243
-4.55788
-4.55788
-4.55788
-4.55788
-4.55788
-4.55788
-4.55788
-5.24087
-4.55788
-4.55788
-4.55788
-4.55788
-4.55788
-4.55788
-4.55788
-4.55788
-4.55788
-4.55788
-4.55788
-4.55788
-5.24243
-4.55788
-5.24382
-5.24243
-4.55788
-4.55788
-5.24087
-5.24243
-4.55788
-4.55788
-4.55788
-4.55788
-4.55788
-5.24087
-4.55788
-4.55788
-4.55788
-4.55788
-4.55788
-4.55788
-4.55788
-4.55788
-5.24243
-4.55788
-5.24243
-5.24243
-4.55788
-5.24243
-4.55788
-4.55788
-4.55788
-4.55788
-5.24087
-4.55788
-4.55788
-5.24243
-4.55788
-4.55788
-4.55788
-5.24087
-4.55788
-5.24382
-4.55788
-4.55788
-4.55788
-4.55788
-4.55788
-4.55788
-4.55788
-4.55788
-4.55788
-4.55788
-4.55788
-4.55788
-4.55788
-5.24243
-5.24243
-5.24243
-4.55788
-4.55788
-5.24243
-5.24243
-4.55788
-4.55788
-4.55788
-4.55788
-4.55788
-4.55788
-4.55788
-5.24087
-5.24087
-5.24243
-4.55788
-5.24087
-4.55788
-4.55788
-5.24382
-4.55788
-4.55788
-5.24243
-4.55788
-5.24243
-5.24243
-4.55788
-4.55788
-4.55788
-4.55788
-4.55788
-5.24087
-4.55788
-4.55788
-5.24243
-4.55788
-4.55788
-4.55788
-4.55788
-4.55788
-4.55788
-4.55788
-4.55788
-4.55788
-5.24243
-4.55788
-4.55788
-4.55788
-4.55788
-4.55788
-4.55788
-4.55788
-4.55788
-4.55788
-4.55788
-4.55788
-4.55788
-4.55788
-5.24087
-4.55788
-4.55788
-4.55788
-5.24382
-4.55788
-5.24087
-4.55788
-4.55788
-4.55788
-4.55788
-4.55788
-4.55788
-4.55788
-4.55788
-4.55788
-4.55788
-4.55788
-4.55788
-4.55788
-4.55788
-4.55788
-4.55788
-5.24087
-4.55788
-4.55788
-4.55788
-4.55788
-4.55788
-4.55788
-4.55788
-4.55788
-4.55788
-4.55788
-4.55788
-4.55788
-4.55788
-4.55788
-4.55788
-4.55788
-4.55788
-4.55788
-4.55788
-5.24243
-5.24243
-5.24243
-4.55788
-4.55788
-4.55788
-4.55788
-5.24087
-4.55788
-5.24087
-5.24087
-5.24087
-4.55788
-4.55788
-5.24243
-4.55788
-5.24243
-4.55788
-4.55788
-4.55788
-5.24243
-4.55788
-4.55788
-5.24087
-4.55788
-4.55788
-4.55788
-4.55788
-4.55788
-4.55788
-4.55788
-5.24243
-5.24243
-4.55788
-5.24087
-4.55788
-4.55788
-5.24382
-5.24087
-5.24087
-5.24087
-4.55788
-4.55788
-4.55788
-4.55788
-4.55788
-4.55788
-4.55788
-4.55788
-4.55788
-4.55788
-4.55788
-4.55788
-4.55788
-4.55788
-4.55788
-4.55788
-5.24087
-4.55788
-4.55788
-5.24382
-5.24087
-4.55788
-4.55788
-5.24087
-5.24087
-4.55788
-4.55788
-5.24243
-4.55788
-5.24087
-4.55788
-4.55788
-5.24087
-4.55788
-4.55788
-4.55788
-4.55788
-4.55788
-4.55788
-5.24087
-5.24243
-4.55788
-5.24243
-5.24087
-5.24243
-5.24087
-5.24087
-4.55788
-4.55788
-4.55788
-4.55788
-4.55788
-5.24087
-5.24087
-4.55788
-5.24087
-5.24382
-4.55788
-5.24087
-4.55788
-4.55788
-5.24243
-4.55788
-4.55788
-4.55788
-5.24243
-5.24087
-4.55788
-4.55788
-5.24243
-4.55788
-4.55788
-4.55788
-4.55788
-4.55788
-5.24243
-5.24243
-4.55788
-4.55788
-4.55788
-4.55788
-5.24087
-4.55788
-4.55788
-4.55788
-4.55788
-4.55788
-4.55788
-4.55788
-4.55788
-5.24243
-4.55788
-4.55788
-5.24087
-4.55788
-5.24382
-4.55788
-4.55788
-4.55788
-5.24243
-4.55788
-4.55788
-4.55788
-5.24382
-5.24243
-4.55788
-4.55788
-4.55788
-4.55788
-5.24087
-4.55788
-4.55788
-4.55788
-4.55788
-4.55788
-5.24087
-5.24243
-5.24243
-5.24382
-4.55788
-4.55788
-5.24243
-4.55788
-5.24087
-4.55788
-5.24243
-4.55788
-4.55788
-5.24243
-4.55788
-4.55788
-4.55788
-4.55788
-4.55788
-4.55788
-4.55788
-4.55788
-4.55788
-4.55788
-5.24087
-4.55788
-4.55788
-5.24087
-5.24087
-4.55788
-4.55788
-4.55788
-5.24087
-4.55788
-4.55788
-4.55788
-5.24243
-5.24087
-4.55788
-4.55788
-4.55788
-4.55788
-5.24382
-4.55788
-5.24087
-4.55788
-5.24382
-4.55788
-4.55788
-4.55788
-5.24087
-4.55788
-5.24243
-4.55788
-4.55788
-4.55788
-4.55788
-4.55788
-5.24243
-4.55788
-5.24087
-4.55788
-5.24243
-5.24087
-5.24087
-4.55788
-5.24243
-4.55788
-5.24087
-5.24087
-5.24243
-4.55788
0.00350369
0.119867
0.000436989
0.00172644
1.00047
0.998934
0.0656678
0.998891
0.170837
0.0912496
0.998891
0.998934
0.000530169
0.998161
1.00047
0.1892
0.999569
0.0622797
0.00260946
0.998891
0.244296
0.998891
0.220379
0.99743
0.025448
0.99788
1.00097
0.998891
0.99743
0.998804
0.0271454
0.652935
0.0618338
0.0556687
0.99743
0.998469
0.0100403
1.00052
0.0420937
1.00031
0.997387
0.998804
0.998934
0.0912496
0.00449248
0.998934
0.998934
-0.000499807
0.00304419
1.00031
1.00052
-2.5145e-05
0.99743
0.998891
1.00152
1.00047
0.138998
0.998934
0.995937
-2.5145e-05
0.996013
0.998469
0.997394
0.0238341
0.99743
1
0.997172
1.00052
0.282873
0.282873
0.995937
0.0442397
0.998469
0.999569
1.00031
0.0450191
0.1892
0.00135823
0.997568
0.99743
0.199065
0.0179733
0.0864808
0.0556687
0.475976
0.998891
1.00052
0.0738444
0.998469
0.0010216
0.0546501
1.00052
0.00449248
0.997568
0.998891
0.998891
1
0.998891
0.000436989
0.997172
0.997568
0.0819387
0.999569
1.00047
0.243969
0.000714642
0.99743
0.162306
0.997394
-0.000628843
0.00305707
1.00151
0.999171
1.00182
0.0181347
0.998891
0.082728
0.00553688
0.0145673
1.00182
1
0.511933
0.998891
1.00097
0.0656678
0.768569
0.998469
1.00052
1.00152
0.996475
1.00047
0.170837
0.998161
0.46374
0.998161
0.0864808
0.0136178
0.997568
0.0962561
0.642999
0.269594
0.00172644
0.997568
0.00350369
0.997394
0.99788
1.00052
0.125288
0.99743
0.0450191
0.998891
0.997172
0.997568
0.0695711
0.00145744
1.00097
0.0196122
0.00305707
1.00052
0.998469
0.998934
0.0123435
0.998469
0.999569
0.99743
0.997568
0.125288
0.997172
1.00097
1
0.0145673
0.0251496
0.998161
0.0021294
0.00553688
0.0123435
-0.000695033
0.000714642
0.999569
0.0293968
-0.000509131
-0.000509131
0.322605
0.0021294
0.0231955
1.00031
0.998934
1.00052
1.00052
0.997568
0.999569
0.998891
0.0123435
1.00052
1.00031
0.998469
0.0181347
0.996475
0.998934
0.996917
0.309378
0.996013
0.0149789
0.997622
1
0.999569
0.119546
0.998891
-0.000509131
0.220831
0.000530169
0.995937
0.0962561
1
-0.000755767
0.998469
0.0327808
1.00122
0.0136178
0.0864808
0.998469
0.0370303
0.077613
0.0581626
0.10703
0.998469
0.209465
0.998934
0.388004
0.0480835
0.998469
1.00031
0.1892
0.806465
1
0.019453
0.10703
0.00260946
0.996475
0.99743
0.99743
0.997394
0.0010216
0.99743
0.0546501
0.179794
0.322605
0.99743
0.00305707
0.601673
0.546681
0.99743
0.119403
0.999171
0.00449248
0.99743
1.00047
0.99788
0.0213511
0.0111522
1.00095
0.580123
0.995937
1.00031
0.0123435
-0.000695033
0.999171
0.0588934
0.999171
0.99743
0.101512
0.0164298
0.998161
0.998934
0.997568
0.282873
0.996065
0.998161
0.0124791
0.375053
1.00071
0.998934
0.10703
1.00031
0.999171
0.0658361
0.998934
0.99743
1.00052
0.0123435
1.00031
0.118904
0.998891
0.0316931
0.999171
0.999171
0.00350369
0.152889
0.999171
1.00047
0.916744
0.996475
0.996917
0.113594
0.0196122
0.00676894
-2.5145e-05
0.0293968
0.0546501
1.00095
0.999171
0.00418084
0.0962561
0.998934
0.996013
0.713978
0.0393164
0.000436989
0.998804
0.0308077
0.997622
0.0308077
0.0450191
0.125288
0.1892
0.0588934
0.998891
1.00052
1.00122
0.997622
0.0293968
0.998469
0.0123435
0.99743
0.998891
0.00714103
0.0316931
0.131992
0.019453
0.0912496
0.0238341
0.0100403
1.00047
0.00630777
1.00047
0.99743
0.99743
0.995937
0.282873
1.00047
0.282873
0.997622
0.119443
0.998161
0.997394
0.0973245
0.00181607
0.00743636
0.998934
0.997394
0.00900366
0.996917
0.00553688
0.998934
0.998891
0.0695711
0.231893
0.511933
0.997568
0.999569
0.22037
0.0546501
0.00449248
0.0308077
0.995937
0.112822
0.0512921
1
0.48809
0.997394
1.00052
0.999171
1.00071
0.601673
0.99743
0.998934
0.995937
0.998891
0.0512921
0.99743
0.25657
0.99743
0.998891
0.077613
0.0231955
1.00031
0.998934
-0.000755767
0.291923
0.282873
0.0417174
0.00553688
0.718323
0.00501841
1.00031
0.998891
0.0327808
0.0738444
0.231893
0.998934
0.0308077
0.0251496
0.996065
0.0525979
0.997568
0.0588934
0.362028
0.996013
0.0581626
0.0695711
1.00071
0.998934
1.00052
0.998804
1
0.077613
0.569112
0.511933
0.000189876
0.0289305
0.0111522
1.00031
0.998804
0.997387
0.220379
0.162306
0.13239
0.998161
0.99743
0.546681
0.99743
0.995937
0.190068
0.0442397
0.000269723
0.243971
0.0156944
0.0696696
0.0973374
0.296128
1.00047
0.475976
0.00112383
0.511933
0.000814844
1.00182
0.998469
0.998891
0.0480835
0.335794
1.00031
0.99743
1.00052
0.99743
0.99743
0.99743
0.0238341
0.0962561
0.996013
0.0238341
0.025448
0.995937
0.998804
0.709397
0.998469
0.996065
0.998891
0.998891
1.00182
0.348938
0.036642
0.998891
0.999569
0.612207
0.0048282
0.996475
0.139029
0.30938
0.99743
0.0021294
0.727041
1.00031
0.996917
0.112822
0.220379
0.998934
0.99743
0.0164298
0.22037
1.00097
0.998891
1.00052
0.998469
0.260101
0.998161
0.996013
0.0136178
-0.000209472
0.0179733
0.125288
0.998891
0.998161
0.998161
0.996013
1.00182
1.00047
1.00095
0.0912496
1.00031
0.998891
0.997568
0.997568
0.99788
0.997568
0.99788
0.00172644
0.119514
0.996013
0.998804
1.00097
0.999569
1.00031
0.0420937
0.1892
0.998891
0.199065
0.998934
0.99743
0.996013
1.00047
0.162306
0.998469
0.996065
0.681864
0.131992
0.995937
0.998934
0.0618338
0.438916
-0.000175978
0.998934
0.997622
0.996013
0.99788
0.309381
0.59747
0.590956
0.118904
0.1892
0.998934
0.22037
1.00047
0.000189876
0.0316931
0.0546501
1.00183
0.0442397
1.00031
0.0123435
0.999171
0.0738444
0.99788
0.00449248
0.998161
0.0231955
0.125288
0.999569
1.00031
0.998804
0.999171
0.0149789
1.00052
0.0734937
1.00052
0.0512921
0.118904
0.998161
0.999569
0.999171
0.0208403
0.0123435
0.998469
0.999569
0.998934
0.569112
0.0179733
0.000189876
0.0622797
0.00900366
0.388004
1.00047
1.00031
1.00071
0.231905
0.998469
0.220831
0.998161
1
0.760572
0.0864808
0.299899
1.00152
0.99788
0.996475
0.998934
0.99788
0.995937
1.00052
0.00891618
0.139029
0.998891
0.99743
0.0656678
0.00112383
0.388004
0.0100403
0.998804
0.998891
0.387625
0.0164298
0.00220003
0.997387
0.99788
0.00181607
0.179811
-0.000209472
1.00052
-0.000628843
0.998934
0.998934
0.220379
1.00052
0.0164298
0.0819387
1.00097
0.0149789
0.996013
0.998161
0.107892
0.998934
0.0962561
0.388004
3.39058e-05
0.996013
1
1.00052
0.209465
0.911612
0.997387
0.0179733
1.00071
0.112822
1.00071
0.138988
0.426333
1.00122
1.00047
0.118904
0.998469
0.99743
0.99743
1.00052
0.0912496
0.170837
0.998934
0.998934
0.998804
0.0420937
0.0293968
0.0912496
0.24397
1.00151
0.00553688
0.998891
1.00031
0.99743
0.162306
0.996013
0.997622
1.00095
0.995937
0.0962561
0.00556663
0.998934
0.348938
0.99743
0.998934
0.998161
0.0048282
0.996917
0.998469
0.0658361
0.998891
0.999569
0.998804
0.998934
1.00097
0.998161
-0.000357715
0.998804
0.834444
1.00071
0.962659
0.997394
0.387649
1.00052
0.997622
0.0293968
0.997394
0.0546501
0.999569
0.000436989
0.997394
0.00714103
0.315873
0.348938
0.752425
0.999569
0.00304419
0.998891
0.0111522
0.0251496
0.820751
0.995937
0.107892
1.00031
0.998469
-0.000509131
1.00097
0.999171
0.00815157
0.0213511
0.0251496
-0.000509131
0.0308077
0.99788
0.00803852
0.00257131
0.998469
0.0327808
1.00047
0.632866
0.996013
0.146418
0.0864808
0.996475
0.0111522
0.0450191
0.569112
0.0581626
0.146418
0.0196122
0.00714103
-0.000789929
1.00152
0.0156944
0.00501841
0.119443
0.0327808
0.243971
0.146418
0.999171
0.99743
0.998934
0.99743
0.125288
0.00553688
1.00122
-0.000771664
0.998891
0.00815157
0.998891
1.00031
1.00031
-0.000609327
1.00152
1.00052
-0.000771664
1.00052
-0.000366822
0.0912496
0.998161
1.00052
0.0293968
0.00501841
0.998891
0.465701
0.99788
0.557956
0.388004
0.996475
0.0450191
0.112822
1.00052
0.99743
0.112822
0.998891
-0.000357715
-0.000716293
0.995937
0.998891
0.998891
0.996013
0.0179733
0.348938
0.0181347
0.999171
0.269607
0.0738444
-0.000175978
0.0348535
0.154165
0.0417174
0.0156944
0.999569
0.0111522
0.0695711
0.997622
0.0196122
1.00031
0.998804
0.209446
1.00052
0.998891
0.0238341
0.00973107
1.00031
0.996013
1
0.0149789
0.998934
-0.000366822
1.00031
0.00714103
0.0289305
0.998891
0.036642
0.160145
0.0231955
0.997387
0.220379
0.00220003
0.996013
0.99743
0.752425
0.998934
0.996013
0.998934
0.99743
1.00031
0.0420937
0.0289305
0.10703
0.0393027
0.0134968
0.997568
1.00031
1.00095
1.00031
1.00052
0.131992
1.00031
0.282873
-2.5145e-05
0.99743
0.0622797
0.999171
0.00803852
0.998934
1.00031
0.0145673
1.00071
0.99743
0.00676894
0.0111522
0.00220003
0.146418
0.998804
1.00052
0.998934
0.00714103
0.997622
0.986146
0.00553688
1.00031
1.00071
1.00097
0.0231955
0.00803852
0.00676894
0.256568
0.00305707
0.00630777
0.998934
0.0251496
-0.000499807
0.998891
0.112822
1.00052
0.998804
1.00071
0.998804
0.99743
0.1798
0.99788
0.107892
1.00052
0.99743
0.00220003
-0.000789929
0.0393164
0.996065
1.00031
0.681864
-0.000755767
0.00676894
0.0316931
0.0973374
0.997568
0.998934
0.998934
0.995937
0.231902
1.00095
1.00052
0.0618338
0.998891
0.00112383
1.00052
0.0179733
0.167531
0.99743
0.322604
0.996917
0.179811
0.0136178
0.0308077
0.0738444
0.000530169
0.10703
0.0213511
1.00047
0.996013
0.0272161
1.00047
0.997568
0.998891
0.0695711
0.0156944
0.00556663
0.998891
0.000714642
0.0136178
0.0316931
0.99743
0.998891
0.999569
1
0.99788
0.131992
1.00052
1.00071
0.998891
0.00418084
0.995937
0.0111522
0.0450191
0.998161
0.997568
0.998804
1.00052
0.118904
0.0272161
0.119546
0.557956
0.998804
1.00052
1.00097
0.997568
0.0864808
0.99743
0.998891
0.997568
0.348938
0.998934
0.0912496
0.998891
0.997568
1.00052
0.999569
