-4.98344
-4.98343
-4.98336
-4.98345
-4.98345
-4.9817
-4.9834
-4.9817
-4.98345
-4.98337
-4.98167
-4.98177
-4.98341
-4.98342
-4.98336
-4.9834
-4.9834
-4.98344
-4.98336
-4.98176
-4.98344
-4.9817
-4.98336
-4.98172
-4.98337
-4.9834
-4.98339
-4.98172
-4.98168
-4.98343
-4.98342
-4.98338
-4.98342
-4.98338
-4.98176
-4.98335
-4.98341
-4.98172
-4.98343
-4.9817
-4.9834
-4.98336
-4.98173
-4.98343
-4.98344
-4.98173
-4.98175
-4.98336
-4.98337
-4.9817
-4.9817
-4.98342
-4.98173
-4.98169
-4.98338
-4.9834
-4.9834
-4.98168
-4.98177
-4.98341
-4.98172
-4.98343
-4.98339
-4.98338
-4.98171
-4.98337
-4.98339
-4.98173
-4.98342
-4.98337
-4.98178
-4.98337
-4.98343
-4.98342
-4.9817
-4.98337
-4.98339
-4.98344
-4.98171
-4.98176
-4.98339
-4.9834
-4.98341
-4.98341
-4.98344
-4.9817
-4.98168
-4.9834
-4.98339
-4.98342
-4.98345
-4.98169
-4.98337
-4.98176
-4.98172
-4.9817
-4.98345
-4.98168
-4.98345
-4.9834
-4.9817
-4.98342
-4.98342
-4.98337
-4.98343
-4.9834
-4.98175
-4.98339
-4.98335
-4.98345
-4.98338
-4.98344
-4.98339
-4.98168
-4.98342
-4.98168
-4.9834
-4.98343
-4.98343
-4.9817
-4.98335
-4.98337
-4.98169
-4.98338
-4.98343
-4.98341
-4.98343
-4.98171
-4.98339
-4.98338
-4.9834
-4.98335
-4.98338
-4.98336
-4.98344
-4.98344
-4.98342
-4.98169
-4.98336
-4.9834
-4.98341
-4.98343
-4.98168
-4.98341
-4.98337
-4.98338
-4.98176
-4.98339
-4.98171
-4.98342
-4.98176
-4.9834
-4.98176
-4.98342
-4.98343
-4.98335
-4.98345
-4.98342
-4.98174
-4.98336
-4.98171
-4.98337
-4.98336
-4.98342
-4.98177
-4.9817
-4.98343
-4.98344
-4.98339
-4.98337
-4.98336
-4.98337
-4.9834
-4.98339
-4.98338
-4.98338
-4.98341
-4.98345
-4.98345
-4.98339
-4.98337
-4.98338
-4.98338
-4.98342
-4.98343
-4.98167
-4.98175
-4.98171
-4.98169
-4.98175
-4.98344
-4.98173
-4.98342
-4.98176
-4.98172
-4.98343
-4.98341
-4.98339
-4.98168
-4.98343
-4.9834
-4.98171
-4.98336
-4.98336
-4.98338
-4.98336
-4.98341
-4.98168
-4.98336
-4.98341
-4.98344
-4.98176
-4.98338
-4.98337
-4.9834
-4.98336
-4.98344
-4.98335
-4.98343
-4.98339
-4.98339
-4.98335
-4.98337
-4.9834
-4.98337
-4.98342
-4.98338
-4.98171
-4.9834
-4.98337
-4.9834
-4.9817
-4.98342
-4.98338
-4.98341
-4.98339
-4.98342
-4.98339
-4.98336
-4.98171
-4.98176
-4.98338
-4.98343
-4.9817
-4.98338
-4.9834
-4.98341
-4.98176
-4.98342
-4.98336
-4.98339
-4.98175
-4.98339
-4.98336
-4.98338
-4.98177
-4.98338
-4.98342
-4.98336
-4.98338
-4.98341
-4.98342
-4.98173
-4.98174
-4.98335
-4.98344
-4.9834
-4.98338
-4.98337
-4.98171
-4.98344
-4.98338
-4.98343
-4.98171
-4.98173
-4.98337
-4.98343
-4.98338
-4.98337
-4.98336
-4.98337
-4.98174
-4.98339
-4.98175
-4.98345
-4.98338
-4.98174
-4.98173
-4.98176
-4.98341
-4.98168
-4.98341
-4.98167
-4.98337
-4.98342
-4.98344
-4.98338
-4.98343
-4.98336
-4.98336
-4.98344
-4.98339
-4.98337
-4.98335
-4.98343
-4.98343
-4.98336
-4.98336
-4.98339
-4.98345
-4.98339
-4.98344
-4.98336
-4.98174
-4.98167
-4.98172
-4.9834
-4.9834
-4.98336
-4.98338
-4.98345
-4.98342
-4.98338
-4.98345
-4.9834
-4.98344
-4.98176
-4.98168
-4.98342
-4.9834
-4.9834
-4.98337
-4.9834
-4.98171
-4.98173
-4.98341
-4.98339
-4.98345
-4.98343
-4.98338
-4.98344
-4.98342
-4.9834
-4.98344
-4.98344
-4.98168
-4.98172
-4.98171
-4.98343
-4.98339
-4.98336
-4.98341
-4.98337
-4.98338
-4.98336
-4.98343
-4.9834
-4.98344
-4.98171
-4.98343
-4.98344
-4.98343
-4.98336
-4.98172
-4.98171
-4.98343
-4.98335
-4.98336
-4.98168
-4.9834
-4.98337
-4.98337
-4.98343
-4.98343
-4.98176
-4.98342
-4.98342
-4.98345
-4.9834
-4.98338
-4.98176
-4.98343
-4.98335
-4.98342
-4.98172
-4.98172
-4.9817
-4.98173
-4.98337
-4.98176
-4.98336
-4.98167
-4.98175
-4.98345
-4.98343
-4.98171
-4.9817
-4.98335
-4.98338
-4.98343
-4.98336
-4.98336
-4.98342
-4.98342
-4.9817
-4.98171
-4.98337
-4.98338
-4.98342
-4.98168
-4.98335
-4.98337
-4.98344
-4.98341
-4.98171
-4.98345
-4.98339
-4.98175
-4.98343
-4.98344
-4.9834
-4.98174
-4.98174
-4.98339
-4.9834
-4.98343
-4.98343
-4.98337
-4.9834
-4.98341
-4.98336
-4.98173
-4.98345
-4.98335
-4.98337
-4.98335
-4.98344
-4.98343
-4.98175
-4.98344
-4.98172
-4.98172
-4.98337
-4.98339
-4.98341
-4.98337
-4.9834
-4.9834
-4.98339
-4.98338
-4.98345
-4.98343
-4.98338
-4.98336
-4.98338
-4.98172
-4.98335
-4.98173
-4.9834
-4.98338
-4.98175
-4.98177
-4.98168
-4.98173
-4.98175
-4.98168
-4.98338
-4.98341
-4.98175
-4.98335
-4.98338
-4.98172
-4.98345
-4.98338
-4.98338
-4.98339
-4.98175
-4.98167
-4.98175
-4.98343
-4.98337
-4.98172
-4.98341
-4.98341
-4.98339
-4.98344
-4.9834
-4.98336
-4.9817
-4.98343
-4.98338
-4.98174
-4.98336
-4.9834
-4.98343
-4.98176
-4.98171
-4.98343
-4.98343
-4.98341
-4.98176
-4.98175
-4.98338
-4.98339
-4.9834
-4.98176
-4.98339
-4.98338
-4.9834
-4.98338
-4.98176
-4.98341
-4.98345
-4.98167
-4.98174
-4.98341
-4.98339
-4.98338
-4.98175
-4.98171
-4.98171
-4.98169
-4.98341
-4.98174
-4.9834
-4.98343
-4.98342
-4.98171
-4.98344
-4.98336
-4.98342
-4.98169
-4.98345
-4.98342
-4.98168
-4.98344
-4.98176
-4.98171
-4.98173
-4.98339
-4.98339
-4.98343
-4.98338
-4.98343
-4.98343
-4.98175
-4.98171
-4.98337
-4.98343
-4.98345
-4.98168
-4.98336
-4.98174
-4.9834
-4.98336
-4.98173
-4.98345
-4.98339
-4.98342
-4.98171
-4.98337
-4.98342
-4.98343
-4.9834
-4.98335
-4.98343
-4.98336
-4.98175
-4.98337
-4.98344
-4.98338
-4.9834
-4.98342
-4.98335
-4.9834
-4.98338
-4.98335
-4.98176
-4.98341
-4.98344
-4.98338
-4.98172
-4.98344
-4.98176
-4.98344
-4.98338
-4.98336
-4.9834
-4.98344
-4.98344
-4.98342
-4.98343
-4.98339
-4.98174
-4.98336
-4.98337
-4.98337
-4.98338
-4.98343
-4.98338
-4.98344
-4.98176
-4.98342
-4.9834
-4.98344
-4.98337
-4.98343
-4.98338
-4.98344
-4.98336
-4.98343
-4.98337
-4.98343
-4.98336
-4.98168
-4.98342
-4.98176
-4.98171
-4.98337
-4.98344
-4.98173
-4.9817
-4.98341
-4.98339
-4.98337
-4.98344
-4.98342
-4.98169
-4.98344
-4.98335
-4.98345
-4.98341
-4.98337
-4.98337
-4.98341
-4.98336
-4.98176
-4.9834
-4.98175
-4.98177
-4.9834
-4.98174
-4.98338
-4.9834
-4.9834
-4.98344
-4.9817
-4.98339
-4.98338
-4.9817
-4.98344
-4.98343
-4.98339
-4.9817
-4.98345
-4.98178
-4.98339
-4.98337
-4.98342
-4.98339
-4.98341
-4.98335
-4.98344
-4.98344
-4.98338
-4.98335
-4.98343
-4.98339
-4.98341
-4.98172
-4.98168
-4.98168
-4.98336
-4.98345
-4.98172
-4.98169
-4.98336
-4.98344
-4.98336
-4.9834
-4.9834
-4.98339
-4.98337
-4.98176
-4.98172
-4.98177
-4.98338
-4.98174
-4.98344
-4.98343
-4.98177
-4.9834
-4.98342
-4.98172
-4.98341
-4.98176
-4.98168
-4.98345
-4.98342
-4.98345
-4.98339
-4.98339
-4.98172
-4.98344
-4.98335
-4.98176
-4.98339
-4.98343
-4.98344
-4.98338
-4.98336
-4.98343
-4.98338
-4.98344
-4.98336
-4.98175
-4.98342
-4.98336
-4.98337
-4.98336
-4.98336
-4.98336
-4.9834
-4.98343
-4.98335
-4.98338
-4.98341
-4.98341
-4.98341
-4.9817
-4.98341
-4.98341
-4.9834
-4.98173
-4.98341
-4.98175
-4.98343
-4.98338
-4.98337
-4.98338
-4.98337
-4.98343
-4.98337
-4.98343
-4.98338
-4.98336
-4.98336
-4.9834
-4.98339
-4.98338
-4.98345
-4.98335
-4.98173
-4.98342
-4.98339
-4.98343
-4.98339
-4.98341
-4.98338
-4.98337
-4.98338
-4.98335
-4.98345
-4.98342
-4.98342
-4.98337
-4.98345
-4.98341
-4.98339
-4.9834
-4.98336
-4.98336
-4.98177
-4.98176
-4.9817
-4.98335
-4.98343
-4.98344
-4.98336
-4.98173
-4.98338
-4.98171
-4.9817
-4.98168
-4.9834
-4.9834
-4.98173
-4.98337
-4.98177
-4.98338
-4.98344
-4.98341
-4.98176
-4.98341
-4.98343
-4.98173
-4.98344
-4.98343
-4.98337
-4.98339
-4.98341
-4.98336
-4.98335
-4.98169
-4.98169
-4.98345
-4.9817
-4.98342
-4.98344
-4.98175
-4.98171
-4.98169
-4.98172
-4.9834
-4.98338
-4.98338
-4.98337
-4.98338
-4.98343
-4.98345
-4.98344
-4.9834
-4.98345
-4.98339
-4.98341
-4.9834
-4.98344
-4.98339
-4.98344
-4.98168
-4.98337
-4.98343
-4.98172
-4.98168
-4.98343
-4.98344
-4.98169
-4.98176
-4.98339
-4.98342
-4.98171
-4.98337
-4.98167
-4.98335
-4.98336
-4.98172
-4.98337
-4.9834
-4.98338
-4.98337
-4.98336
-4.98342
-4.98175
-4.98175
-4.98337
-4.98172
-4.98167
-4.98169
-4.9817
-4.98171
-4.9834
-4.98344
-4.98338
-4.9834
-4.98336
-4.98176
-4.98175
-4.9834
-4.98172
-4.98176
-4.98341
-4.98174
-4.98341
-4.98341
-4.98174
-4.9834
-4.98344
-4.98342
-4.98168
-4.98174
-4.98337
-4.98338
-4.98171
-4.98338
-4.98343
-4.98341
-4.98341
-4.98336
-4.98176
-4.98173
-4.98338
-4.98336
-4.98336
-4.98336
-4.98174
-4.98342
-4.98336
-4.9834
-4.9834
-4.98337
-4.98339
-4.98344
-4.98337
-4.98175
-4.98337
-4.98336
-4.98174
-4.98343
-4.98171
-4.98339
-4.98341
-4.98335
-4.98169
-4.98336
-4.98345
-4.98345
-4.98171
-4.98174
-4.98344
-4.98335
-4.98338
-4.98336
-4.98175
-4.9834
-4.98344
-4.98345
-4.98343
-4.9834
-4.98171
-4.98169
-4.98174
-4.98172
-4.98337
-4.98336
-4.98168
-4.98343
-4.98172
-4.98342
-4.98169
-4.98339
-4.98344
-4.9817
-4.98338
-4.98342
-4.9834
-4.98341
-4.98337
-4.98342
-4.98344
-4.98337
-4.98341
-4.98336
-4.98175
-4.98343
-4.98344
-4.98168
-4.98176
-4.98336
-4.98341
-4.98345
-4.98175
-4.98337
-4.98339
-4.98345
-4.98168
-4.98172
-4.98345
-4.98343
-4.98345
-4.98341
-4.98176
-4.9834
-4.98173
-4.98337
-4.98174
-4.98343
-4.98342
-4.9834
-4.98168
-4.98339
-4.98173
-4.98342
-4.98335
-4.98337
-4.98338
-4.98335
-4.98172
-4.98339
-4.98168
-4.9834
-4.98175
-4.98175
-4.98167
-4.98335
-4.98175
-4.98344
-4.98168
-4.98167
-4.98171
-4.98342
0.00361456
0.121265
0.000540678
0.00195845
1.00049
1.00022
0.0659232
1.00116
0.170465
0.0929995
1.00093
1.00051
0.000420029
1.00115
1.00045
0.192653
1.00165
0.0624005
0.00245327
1.00208
0.244414
1.00209
0.223382
1.00165
0.0255345
1.00073
1.001
1.00079
1.00073
1.00079
0.02648
0.650184
0.0637014
0.057143
1.0013
1.00033
0.0102851
1.00204
0.0428533
1.00179
1.00028
1.00147
1
0.0929754
0.00454673
1.00125
1.0012
-0.000538372
0.0028886
1.00108
1.00206
4.28334e-05
1.00195
1.00182
1.00153
1.00045
0.137557
1.00013
1.00046
6.10578e-05
1.00028
1.00123
1.00166
0.0236138
1.00091
1.00014
1.00034
1.00101
0.285038
0.292485
1.00055
0.0433199
1.00152
1.00184
1.00175
0.0460605
0.193219
0.00140355
1.00167
1.00164
0.201124
0.0189052
0.0845353
0.0569554
0.474483
1.00011
1.00031
0.0758638
1.00178
0.000954298
0.0544419
1.001
0.00443033
1.00171
1.00091
1.00196
1.00147
1.00144
0.00044504
1.00034
1.00048
0.0817168
1.00144
1.00088
0.244005
0.000608395
1.00071
0.162922
1.00017
-0.000633336
0.00308126
1.00169
1.00079
1.00151
0.0187436
1.00104
0.0827494
0.00538014
0.0140771
1.00168
1.00196
0.514554
1.0008
1.00188
0.0644067
0.765294
1.00176
1.00195
1.00196
1.00054
1.00041
0.168866
1.00133
0.464577
1.00069
0.0873099
0.0143129
1.00161
0.0987026
0.641584
0.264921
0.00159349
1.00185
0.003435
1.00118
1.0012
1.00143
0.124614
1.00038
0.0447589
1.00079
1.00026
1.00055
0.0712294
0.00156467
1.00165
0.0204658
0.00313023
1.00056
1.0004
1.00127
0.0128564
1.00029
1.00078
1.00101
1.00162
0.127544
1.00017
1.00185
1.00003
0.0149138
0.0253549
1.00165
0.00222322
0.00580099
0.0124387
-0.000697396
0.000872015
1.00091
0.030702
-0.00046081
-0.000469054
0.317744
0.00207104
0.023239
1.00135
1.00123
1.00195
1.00198
1.00021
1.0009
1.00186
0.0130159
1.0009
1.00183
1
0.0188825
1.0003
1.0017
1.00103
0.314989
1.00002
0.0154464
1.00079
1.00096
1.0017
0.119635
1.00146
-0.000447337
0.220697
0.000423567
1.00012
0.0981388
1.00121
-0.000767586
1.00011
0.0321875
1.00139
0.0138776
0.0880004
1.00107
0.0379415
0.0778383
0.0578443
0.106462
1.00099
0.203756
1.00195
0.390893
0.047041
1.00151
1.0021
0.189469
0.803883
1.00168
0.0199583
0.106691
0.00272248
1.00026
1.00198
1.00115
1.00086
0.000987936
1.00029
0.0544898
0.181995
0.317635
1.00091
0.00302493
0.601851
0.552125
1.00088
0.119013
1.00175
0.00474353
1.00146
1.00046
1.0004
0.0216264
0.0116928
1.00129
0.584959
1.00029
1.00032
0.0131015
-0.000714153
1.00003
0.0585947
1.00152
1.00061
0.100596
0.0158847
1.00098
1.00072
1.00004
0.292245
1.00008
1.00169
0.0129698
0.376422
1.00104
1.0018
0.108812
1.00018
1.0018
0.064987
1.0009
1.0012
1.00149
0.0125419
1.0019
0.121622
1.00065
0.0312346
1.00077
1.00159
0.00363081
0.15517
1.00014
1.00171
0.915533
1.00054
1.00048
0.113306
0.019577
0.00681251
-3.64692e-05
0.029719
0.0557312
1.0014
1.00037
0.00437178
0.0978058
1.00142
1.0002
0.714944
0.0393035
0.000346451
1.00079
0.0311176
1.00038
0.0317439
0.045679
0.126504
0.193685
0.058344
1.00097
1.00161
1.0011
1.00076
0.028866
1.00081
0.012455
1.00127
1.00032
0.00753376
0.0323715
0.131946
0.0190863
0.0924829
0.023255
0.0100044
1.00164
0.00599614
1.00047
1.00188
1.00042
1.00052
0.287931
1.00125
0.292208
1.00065
0.119204
1.00159
1.00009
0.0985412
0.00198297
0.00779518
1.00011
1.00001
0.00915075
1.00095
0.00548243
1.0005
1.00093
0.0680257
0.233711
0.513045
1.00178
1.00164
0.220807
0.0567732
0.00457742
0.0313225
1.00052
0.112339
0.0530081
1.00002
0.486533
1.00015
1.00152
1.00111
1.00095
0.604406
1.00026
1.00075
1.00121
1.00067
0.0532787
1.00208
0.26054
1.00061
1.00111
0.07589
0.0229728
1.00131
1.00021
-0.000767432
0.295644
0.289848
0.0419173
0.00571298
0.722144
0.00521439
1.00119
1.00069
0.0336466
0.0756208
0.233482
1.00075
0.030458
0.0255528
1.00011
0.0526675
1.0011
0.0576742
0.361962
1.00026
0.0595148
0.0703021
1.00096
1.00026
1.00142
1.00186
1.00069
0.0772859
0.572633
0.506567
0.00011852
0.0283359
0.0114661
1.00068
1.0008
1.00055
0.224041
0.159441
0.134866
1.00035
1.00198
0.551403
1.00194
1.00062
0.19296
0.0451684
0.000399441
0.249965
0.0156311
0.0711863
0.0969073
0.303143
1.00065
0.47673
0.000994252
0.508117
0.000893627
1.00199
1.00163
1.00111
0.0484531
0.34124
1.00172
1.00037
1.00144
1.00061
1.00202
1.00205
0.0238268
0.09873
1.00056
0.0243337
0.0257879
1.00022
1.00043
0.707499
1.00148
1.0001
1.00058
1.00052
1.00197
0.349248
0.0382346
1.00192
1.00038
0.61054
0.0048344
1.00056
0.141279
0.308505
1.00021
0.00214192
0.729973
1.00168
1.00059
0.110695
0.214564
1.00104
1.00052
0.0163182
0.221787
1.00174
1.00112
1.00079
1.00146
0.263515
1.00143
1.00011
0.0138658
-0.000243364
0.0175769
0.128836
1.00099
1.00177
1.00116
1.00049
1.00154
1.00134
1.00123
0.090061
1.00176
1.00026
1.00171
1.002
1.00044
1.00057
1.00114
0.00163772
0.119625
1.00054
1.00022
1.0013
1.00017
1.00207
0.041005
0.189413
1.00117
0.200705
1.00091
1.0008
1.00019
1.00046
0.162733
1.00097
1.00013
0.684146
0.130268
1.0008
1.00044
0.0627793
0.444803
-0.000227424
1.00222
1.00023
1.00006
1.00099
0.304272
0.598526
0.588828
0.118121
0.189183
1.0015
0.221891
1.001
0.000175601
0.0314283
0.0546683
1.00181
0.0442603
1.00169
0.0122201
1.00171
0.0733583
1.00069
0.00471978
1.00093
0.0228076
0.127505
1.00082
1.00165
1.00055
1.00029
0.0153406
1.00197
0.0751784
1.00224
0.0532914
0.118128
1.00148
1.00118
1.00019
0.0206518
0.0118833
1.00185
1.00154
1.00173
0.572414
0.0182415
0.00023017
0.0634114
0.00870747
0.391864
1.00167
1.00046
1.00044
0.238276
1.0008
0.220564
1.00118
1.00178
0.758716
0.087229
0.297865
1.00151
1.00146
1.00053
1.00222
1.00028
1.00064
1.00111
0.00871154
0.136851
1.0001
1.00211
0.0675327
0.000994081
0.393584
0.0106909
1.00038
1.0009
0.384923
0.0162254
0.00209537
1.00035
1.00108
0.00195094
0.17565
-0.000245183
1.00149
-0.000662726
1.00083
1.00075
0.22389
1.00057
0.0169452
0.0817259
1.00099
0.0156122
1.00045
1.00169
0.110375
1.00126
0.0972718
0.387416
6.11705e-05
1.00043
1.00174
1.00095
0.203524
0.91315
1.0006
0.0182584
1.00116
0.113655
1.00063
0.141287
0.425411
1.00152
1.00046
0.116747
1.0003
1.00082
1.00128
1.00187
0.0891471
0.172009
1.00132
1.00164
1.0007
0.0416687
0.0305957
0.0898098
0.246355
1.00174
0.00574097
1.00106
1.00062
1.00118
0.16031
1.00031
1.00108
1.00094
1.00024
0.0941935
0.00554479
1.00041
0.351321
1.00214
1.00154
1.00137
0.00462362
1.0008
1.00119
0.0652271
1.00015
1.00191
1.00169
1.00025
1.00184
1.00004
-0.000315865
1.00065
0.836753
1.00074
0.966012
1.00095
0.389145
1.00216
1.00034
0.0303267
1.00033
0.0535305
1.00109
0.000458718
1.0003
0.0070379
0.320187
0.346717
0.754539
1.00046
0.0030633
1.0019
0.010688
0.026161
0.820311
1.00007
0.110108
1.00149
1.00062
-0.000534822
1.0017
1.00058
0.00823355
0.0215454
0.0256696
-0.000533
0.0313198
1.00076
0.00851646
0.00241329
1.001
0.0334182
1.00063
0.636704
1.00036
0.150178
0.0855877
1.00045
0.0111848
0.045919
0.567228
0.0571823
0.148022
0.0206487
0.00709981
-0.000796137
1.00184
0.0159961
0.00525055
0.119767
0.0329544
0.249465
0.149832
1.00023
1.00132
1.00126
1.0003
0.126395
0.00598656
1.00117
-0.000788115
1.00161
0.00859277
1.00198
1.00162
1.00195
-0.000598063
1.00166
1.00126
-0.000779447
1.00161
-0.000356659
0.089756
1.00116
1.00054
0.0306354
0.00486771
1.00034
0.463647
1.00052
0.560753
0.38677
1.00055
0.0439059
0.11397
1.00214
1.00095
0.11398
1.00039
-0.000353983
-0.000718642
1.00022
1.00192
1.00019
1.0003
0.0183958
0.345158
0.0179796
1.00042
0.27169
0.0765243
-8.91293e-05
0.0357071
0.158236
0.0407497
0.0161295
1.00152
0.011579
0.0679847
1.00054
0.0206273
1.00119
1.00152
0.213905
1.00116
1.00024
0.0243836
0.0101023
1.00127
1.00046
1.00074
0.0151199
1.00112
-0.000315908
1.0014
0.00722992
0.0286862
1.00025
0.0370976
0.159852
0.0231964
1.00057
0.224605
0.00229175
1.00049
1.00066
0.757165
1.00148
1.00039
1.00034
1.0006
1.00015
0.0431766
0.0286983
0.105436
0.04091
0.0140698
1.00003
1.00171
1.00152
1.00153
1.00204
0.135329
1.00128
0.286683
-8.61619e-05
1.00096
0.0611814
1.00141
0.00818433
1.00145
1.00148
0.0142272
1.00096
1.00113
0.00693075
0.011756
0.00232069
0.147171
1.0014
1.00036
1.00016
0.00701739
1.00011
0.989048
0.0053621
1.00204
1.00089
1.00154
0.0238988
0.00830845
0.00704633
0.25218
0.00285963
0.00663714
1.00004
0.0251134
-0.00049496
1.00111
0.115341
1.00198
1.00004
1.00096
1.00029
1.00068
0.177901
1.00111
0.109924
1.0018
1.00069
0.00203748
-0.000792509
0.0390798
1.0001
1.0014
0.68513
-0.000741162
0.00666785
0.031699
0.0980357
1.00027
1.00096
1.00093
1.00053
0.237612
1.00136
1.00054
0.0625166
1.0021
0.00104034
1.0002
0.0189335
0.16587
1.00194
0.321597
1.00114
0.175356
0.0133953
0.0306528
0.0734756
0.00058445
0.104675
0.0224334
1.00121
1.00031
0.0277737
1.0005
1.00173
1.00062
0.0705255
0.0162867
0.00578312
1.00089
0.000755795
0.013272
0.0316661
1.00127
1.0001
1.0015
1.0005
1.00004
0.13522
1.00094
1.00067
1.00007
0.00404906
1.00056
0.0113301
0.0456201
1.00057
1.00011
1.0015
1.00206
0.121349
0.0265765
0.120178
0.554744
1.00076
1.00108
1.00099
1.00157
0.0851443
1.00169
1.0013
1.00082
0.347187
1.00041
0.0897407
1.00207
1.00039
1.0014
1.00031
