-0.244073
-0.182905
-0.227195
-0.224338
-0.352906
-0.112945
-0.189834
-0.159676
-0.280299
-0.269993
-0.162132
-0.125647
-0.238774
-0.325222
-0.354649
-0.282855
-0.346269
-0.26477
-0.242464
-0.157452
-0.180241
-0.169894
-0.286386
-0.136403
-0.256089
-0.321938
-0.362291
-0.163538
-0.137498
-0.335244
-0.256395
-0.304833
-0.190351
-0.263774
-0.136516
-0.33032
-0.214561
-0.104429
-0.196681
-0.148322
-0.315016
-0.332023
-0.125385
-0.269993
-0.245002
-0.112601
-0.118921
-0.230934
-0.243075
-0.142315
-0.106284
-0.228579
-0.127908
-0.172607
-0.366169
-0.353363
-0.182021
-0.124171
-0.0965774
-0.228516
-0.147328
-0.328806
-0.371228
-0.255442
-0.139059
-0.348768
-0.312156
-0.108192
-0.292576
-0.293098
-0.0982792
-0.260881
-0.327659
-0.343241
-0.150628
-0.195526
-0.282926
-0.225332
-0.176122
-0.132447
-0.283695
-0.208112
-0.268635
-0.263745
-0.300941
-0.169006
-0.110243
-0.187769
-0.329698
-0.226253
-0.192873
-0.101932
-0.244879
-0.175022
-0.162589
-0.161991
-0.349274
-0.163986
-0.227455
-0.311523
-0.174364
-0.268168
-0.342641
-0.356117
-0.288969
-0.227036
-0.13982
-0.279482
-0.371012
-0.235463
-0.222514
-0.319175
-0.336492
-0.138592
-0.253605
-0.160115
-0.186617
-0.21954
-0.251502
-0.139119
-0.349153
-0.301987
-0.163272
-0.36137
-0.190195
-0.30656
-0.327097
-0.107745
-0.366488
-0.356558
-0.353318
-0.280071
-0.323868
-0.300653
-0.327006
-0.269097
-0.211262
-0.17701
-0.270897
-0.304685
-0.290984
-0.224966
-0.17374
-0.243765
-0.370575
-0.319578
-0.108609
-0.27495
-0.139637
-0.195989
-0.158324
-0.31022
-0.175158
-0.266374
-0.241061
-0.36196
-0.207148
-0.222442
-0.102814
-0.330254
-0.112534
-0.212365
-0.328303
-0.344657
-0.133377
-0.17738
-0.2754
-0.309903
-0.364156
-0.349994
-0.251908
-0.204357
-0.326635
-0.223859
-0.219051
-0.212705
-0.231956
-0.22646
-0.341701
-0.201725
-0.236288
-0.236241
-0.294628
-0.224119
-0.205512
-0.143293
-0.121532
-0.111417
-0.106835
-0.176266
-0.343733
-0.160947
-0.21226
-0.100748
-0.147811
-0.330015
-0.253661
-0.354766
-0.121061
-0.362749
-0.294475
-0.145871
-0.210405
-0.318822
-0.351231
-0.346514
-0.184064
-0.157686
-0.236346
-0.180485
-0.238799
-0.100322
-0.270809
-0.351053
-0.232683
-0.330864
-0.258094
-0.316452
-0.211567
-0.269197
-0.330144
-0.259604
-0.267518
-0.191897
-0.272122
-0.331224
-0.284059
-0.115613
-0.298104
-0.195195
-0.328176
-0.150597
-0.282417
-0.307059
-0.350959
-0.254101
-0.272163
-0.242849
-0.35745
-0.131351
-0.139904
-0.366218
-0.226179
-0.138875
-0.19286
-0.281634
-0.294623
-0.139072
-0.222601
-0.303911
-0.302871
-0.139177
-0.18491
-0.33936
-0.245214
-0.133876
-0.354817
-0.322468
-0.206434
-0.213328
-0.315041
-0.303613
-0.104334
-0.154044
-0.2122
-0.232073
-0.338585
-0.264057
-0.337183
-0.13565
-0.271207
-0.210098
-0.324499
-0.125146
-0.177053
-0.293081
-0.351144
-0.325752
-0.250941
-0.297506
-0.312053
-0.113475
-0.272494
-0.151636
-0.33966
-0.26525
-0.117408
-0.140412
-0.109713
-0.212619
-0.144365
-0.274488
-0.164569
-0.201462
-0.336495
-0.336465
-0.244001
-0.181494
-0.338091
-0.354733
-0.308283
-0.356549
-0.362628
-0.185068
-0.20767
-0.247084
-0.228839
-0.202181
-0.192481
-0.313766
-0.337948
-0.220755
-0.270755
-0.117787
-0.149767
-0.178639
-0.259933
-0.227701
-0.33342
-0.257788
-0.317961
-0.257969
-0.195662
-0.275245
-0.282989
-0.264
-0.15875
-0.0938748
-0.316196
-0.315469
-0.202584
-0.330732
-0.212693
-0.136776
-0.16471
-0.217185
-0.200943
-0.276062
-0.253742
-0.269908
-0.255319
-0.214816
-0.354739
-0.218835
-0.354987
-0.132923
-0.136308
-0.101069
-0.292771
-0.354004
-0.293077
-0.316299
-0.184607
-0.324673
-0.370411
-0.185847
-0.241764
-0.247832
-0.126301
-0.367007
-0.215607
-0.363128
-0.219422
-0.11123
-0.162137
-0.265802
-0.287756
-0.301931
-0.174597
-0.346047
-0.285959
-0.192216
-0.245032
-0.257849
-0.0976694
-0.273052
-0.193319
-0.349747
-0.301275
-0.37101
-0.105978
-0.339128
-0.310255
-0.303972
-0.134829
-0.120844
-0.0940976
-0.164308
-0.193238
-0.131576
-0.290596
-0.140657
-0.158839
-0.267188
-0.205659
-0.155569
-0.125964
-0.232651
-0.179894
-0.292912
-0.260557
-0.219154
-0.305965
-0.245676
-0.143841
-0.164096
-0.25849
-0.187818
-0.287735
-0.120759
-0.257599
-0.204254
-0.351184
-0.262884
-0.177222
-0.26387
-0.296868
-0.146867
-0.191436
-0.266211
-0.311406
-0.12358
-0.0985757
-0.331683
-0.348529
-0.267414
-0.3033
-0.301823
-0.228341
-0.256973
-0.213524
-0.14741
-0.335335
-0.313916
-0.286458
-0.279012
-0.18213
-0.325936
-0.129225
-0.302856
-0.13029
-0.0973089
-0.180804
-0.261294
-0.238766
-0.289588
-0.252243
-0.188683
-0.186028
-0.293783
-0.355029
-0.301013
-0.240035
-0.301848
-0.239832
-0.139435
-0.330167
-0.157337
-0.194723
-0.295882
-0.15259
-0.137755
-0.108632
-0.141202
-0.132113
-0.130006
-0.255516
-0.270904
-0.142626
-0.255688
-0.256171
-0.0971141
-0.335313
-0.305688
-0.33092
-0.350997
-0.167897
-0.165709
-0.138298
-0.29628
-0.198474
-0.169943
-0.343068
-0.304119
-0.220189
-0.358066
-0.277461
-0.294096
-0.129627
-0.223997
-0.306106
-0.142981
-0.360734
-0.272794
-0.285273
-0.119536
-0.141028
-0.209779
-0.286052
-0.361758
-0.157344
-0.102719
-0.328576
-0.180094
-0.32653
-0.14765
-0.211574
-0.229581
-0.208927
-0.27559
-0.160961
-0.326326
-0.323771
-0.143595
-0.139444
-0.355071
-0.31345
-0.269526
-0.145499
-0.167817
-0.175058
-0.175481
-0.320264
-0.176887
-0.321686
-0.224897
-0.184087
-0.143361
-0.332949
-0.365291
-0.343925
-0.149903
-0.197361
-0.282414
-0.16666
-0.283648
-0.125896
-0.127451
-0.148121
-0.353954
-0.279453
-0.327347
-0.351478
-0.305403
-0.27581
-0.0991388
-0.113371
-0.190579
-0.300034
-0.237109
-0.125431
-0.318184
-0.144191
-0.320625
-0.293843
-0.178833
-0.30369
-0.273949
-0.28238
-0.111975
-0.286051
-0.355033
-0.228178
-0.201377
-0.192806
-0.323785
-0.261091
-0.148807
-0.212886
-0.341155
-0.18823
-0.322644
-0.245191
-0.323087
-0.20575
-0.275395
-0.34382
-0.150776
-0.33263
-0.337861
-0.210485
-0.0949187
-0.267067
-0.0983778
-0.193236
-0.273948
-0.323811
-0.344804
-0.338015
-0.254368
-0.213164
-0.328591
-0.344483
-0.11667
-0.303292
-0.20849
-0.228021
-0.26496
-0.216027
-0.298146
-0.357257
-0.150849
-0.309478
-0.288354
-0.330734
-0.180482
-0.326185
-0.348598
-0.306441
-0.26908
-0.179908
-0.367822
-0.320304
-0.35639
-0.12543
-0.322702
-0.0975699
-0.110743
-0.248471
-0.2768
-0.169911
-0.130832
-0.189469
-0.240035
-0.298212
-0.21422
-0.33213
-0.162446
-0.179504
-0.209859
-0.241935
-0.31225
-0.319981
-0.241707
-0.280966
-0.229595
-0.109703
-0.23529
-0.120395
-0.120773
-0.286436
-0.104605
-0.209344
-0.268168
-0.359146
-0.21029
-0.144673
-0.324827
-0.185361
-0.112641
-0.270675
-0.297962
-0.237935
-0.145459
-0.351864
-0.101268
-0.284028
-0.30825
-0.315274
-0.20848
-0.312136
-0.273245
-0.310186
-0.181897
-0.299392
-0.316849
-0.354461
-0.273733
-0.330795
-0.131679
-0.13249
-0.107435
-0.269377
-0.280503
-0.113042
-0.116817
-0.333631
-0.197115
-0.201773
-0.269486
-0.289222
-0.319492
-0.219121
-0.1593
-0.153513
-0.133033
-0.279131
-0.145841
-0.317404
-0.314782
-0.0988533
-0.27019
-0.245983
-0.112267
-0.296379
-0.130748
-0.116232
-0.323639
-0.220445
-0.362678
-0.329508
-0.265293
-0.168633
-0.341664
-0.334822
-0.123436
-0.360687
-0.32501
-0.236814
-0.332212
-0.307439
-0.310599
-0.30878
-0.369276
-0.179471
-0.108296
-0.316171
-0.201889
-0.366021
-0.19313
-0.345306
-0.227414
-0.369947
-0.217709
-0.179766
-0.296156
-0.306387
-0.343073
-0.243301
-0.160879
-0.214201
-0.203962
-0.307196
-0.0995063
-0.18542
-0.154095
-0.331059
-0.235952
-0.363661
-0.340992
-0.24814
-0.206482
-0.204192
-0.235962
-0.257845
-0.322903
-0.216226
-0.223543
-0.32751
-0.258427
-0.355175
-0.304587
-0.143419
-0.278758
-0.268803
-0.358528
-0.213769
-0.19558
-0.303224
-0.192073
-0.278449
-0.207035
-0.217644
-0.233283
-0.369434
-0.252411
-0.245711
-0.184536
-0.258299
-0.289539
-0.278704
-0.340876
-0.129624
-0.118727
-0.135465
-0.275223
-0.218874
-0.316266
-0.234049
-0.161558
-0.248397
-0.171139
-0.153429
-0.151927
-0.231274
-0.366757
-0.111158
-0.234165
-0.108892
-0.230061
-0.26948
-0.323139
-0.106112
-0.201757
-0.245336
-0.159641
-0.179248
-0.322339
-0.3031
-0.297935
-0.356774
-0.196286
-0.273293
-0.104423
-0.130347
-0.273302
-0.16471
-0.236678
-0.234879
-0.102512
-0.171704
-0.16818
-0.145486
-0.208394
-0.296077
-0.253281
-0.339957
-0.291567
-0.187702
-0.237533
-0.259032
-0.278858
-0.260286
-0.252472
-0.343881
-0.213425
-0.265795
-0.317653
-0.207048
-0.144937
-0.331768
-0.285189
-0.101811
-0.160083
-0.255709
-0.249356
-0.156179
-0.14472
-0.350424
-0.210649
-0.117005
-0.229879
-0.154841
-0.217503
-0.257071
-0.167668
-0.19891
-0.181376
-0.205536
-0.313402
-0.286528
-0.242229
-0.143585
-0.129392
-0.306409
-0.115752
-0.145092
-0.118428
-0.14067
-0.154705
-0.196554
-0.25708
-0.271964
-0.197428
-0.251494
-0.173178
-0.15246
-0.312746
-0.148179
-0.0956044
-0.276567
-0.145473
-0.292685
-0.229007
-0.13881
-0.264543
-0.340746
-0.216536
-0.121137
-0.145883
-0.251571
-0.310697
-0.130325
-0.247173
-0.213296
-0.242274
-0.278324
-0.334125
-0.106719
-0.115018
-0.217722
-0.317972
-0.308921
-0.219552
-0.150206
-0.310399
-0.361751
-0.205134
-0.216413
-0.247257
-0.2898
-0.222859
-0.218122
-0.12601
-0.204486
-0.230714
-0.157337
-0.273513
-0.0949475
-0.334229
-0.311276
-0.332594
-0.132279
-0.28112
-0.322736
-0.18545
-0.0960943
-0.131963
-0.241847
-0.233236
-0.259879
-0.350979
-0.155099
-0.305417
-0.232323
-0.246968
-0.201252
-0.185902
-0.175322
-0.120007
-0.11699
-0.0951727
-0.288266
-0.312541
-0.107572
-0.190664
-0.170001
-0.240105
-0.107663
-0.208092
-0.181242
-0.132604
-0.294842
-0.365173
-0.280933
-0.211941
-0.257655
-0.188213
-0.239169
-0.271844
-0.205994
-0.35419
-0.149552
-0.203114
-0.355912
-0.174397
-0.161457
-0.266243
-0.252545
-0.246196
-0.157512
-0.226692
-0.212031
-0.201269
-0.132499
-0.168918
-0.34345
-0.347608
-0.320049
-0.27655
-0.0990759
-0.309173
-0.159806
-0.221184
-0.0963425
-0.213645
-0.195689
-0.323281
-0.175536
-0.331848
-0.106251
-0.274447
-0.203707
-0.183977
-0.302939
-0.332236
-0.108148
-0.359139
-0.173044
-0.268732
-0.133351
-0.168431
-0.174433
-0.296177
-0.122773
-0.269478
-0.16838
-0.173903
-0.110533
-0.342792
-0.00620723
0.0684936
0.0108966
0.01394
-0.0782798
0.194874
0.0552184
0.15618
-0.0375716
-0.0285824
0.154406
0.184092
-0.00104142
-0.0517217
-0.0799596
-0.040154
-0.0718123
-0.0246092
-0.00471664
0.157907
0.0845205
0.148767
-0.0430784
0.175148
-0.0174705
-0.0486533
-0.0873366
0.153377
0.174242
-0.0612795
-0.0177372
-0.0447005
0.0544598
-0.0238255
0.175046
-0.0565757
0.0246772
0.202579
0.0459629
0.164979
-0.0421639
-0.0581665
0.184395
-0.0285795
-0.00720379
0.195342
0.189904
0.00699295
-0.00531649
0.169716
0.200809
0.0094474
0.182335
0.146936
-0.0910756
-0.0787209
0.0708998
0.185489
0.209036
0.00951185
0.165726
-0.0551383
-0.0959714
-0.0169044
0.172999
-0.0743007
-0.0394399
0.199377
-0.0443417
-0.0445686
0.207459
-0.0215252
-0.0540296
-0.0689096
0.163263
0.0474419
-0.0402085
0.0128746
0.1446
0.178434
-0.041205
0.032035
-0.0275574
-0.0238007
-0.04657
0.149353
0.197572
0.058354
-0.0559421
0.0118983
0.0509859
0.204428
-0.00708799
0.145336
0.154075
0.154507
-0.0747363
0.152972
0.0106372
-0.0388573
0.145725
-0.0272082
-0.0683487
-0.0813378
-0.043453
0.0110654
0.171782
-0.0366223
-0.0958143
0.00231487
0.0158992
-0.0460106
-0.062419
0.173418
-0.0152764
0.155817
0.0602564
0.0191758
-0.0133583
0.172947
-0.0745894
-0.0463371
0.153625
-0.0864017
0.0547014
-0.0424621
-0.0534845
0.199753
-0.0913313
-0.0817874
-0.0786817
-0.0374071
-0.0504513
-0.0466009
-0.0534358
-0.0278968
0.02839
0.144067
-0.0292598
-0.0448403
-0.0439175
0.0132662
0.146173
-0.00599416
-0.0953743
-0.046413
0.198937
-0.0323078
0.171979
0.0468474
0.157154
-0.0376139
0.145229
-0.0258463
-0.00332843
-0.0869803
0.0331601
0.0159793
0.203515
-0.0565168
0.195421
0.0271366
-0.0546931
-0.0703152
0.177671
0.143713
-0.032645
-0.0373213
-0.0890934
-0.0754658
-0.013731
0.0364567
-0.0530454
0.0144505
0.0197162
0.0267497
0.00590389
0.0116813
-0.0674852
0.0396538
0.00146775
0.00151533
-0.0452904
0.0141725
0.0350844
0.168991
0.187597
0.196666
0.200471
0.144447
-0.0694189
0.155295
0.0272538
0.205361
0.165438
-0.0563181
-0.0153279
-0.080065
0.188031
-0.0877702
-0.0452215
0.166823
0.0293735
-0.0457134
-0.0766301
-0.072061
0.0703092
0.157666
0.00140756
0.0817557
-0.00106602
0.205784
-0.029194
-0.0764407
0.00514366
-0.0571144
-0.019191
-0.0434844
0.0280406
-0.0279801
-0.0563965
-0.0204685
-0.026717
0.0523103
-0.0301736
-0.0574223
-0.0414174
0.192882
-0.0464081
0.047877
-0.0545096
0.163304
-0.0398557
-0.0416396
-0.0763349
-0.0157126
-0.030201
-0.0050942
-0.0826661
0.179364
0.171679
-0.0911298
0.0119749
0.173121
0.051004
-0.0389176
-0.0452879
0.17299
0.0158076
-0.0454006
-0.0460107
0.172841
0.0710799
-0.065207
-0.00740106
0.177397
-0.0801101
-0.0491747
0.0339933
0.0260565
-0.04215
-0.0456578
0.202609
0.160498
0.0273244
0.00577928
-0.0644925
-0.0240481
-0.063117
0.175777
-0.0294838
0.0297296
-0.0510322
0.184564
0.143946
-0.0445599
-0.0765775
-0.0522234
-0.0128424
-0.0462743
-0.0393251
0.194511
-0.0304519
0.162316
-0.0654604
-0.0249815
0.191278
0.171313
0.197931
0.026845
0.168136
-0.0319617
0.152578
0.0399801
-0.0624264
-0.0623667
-0.00622306
0.0734449
-0.0640255
-0.0799879
-0.0388531
-0.0817778
-0.0876807
0.0691888
0.0325469
-0.00920385
0.00917237
0.0391084
0.0514982
-0.0409578
-0.06386
0.017825
-0.0291543
0.191068
0.16382
0.126637
-0.0207452
0.0103692
-0.0595292
-0.0189336
-0.0449208
-0.0190861
0.0472659
-0.0325261
-0.0402535
-0.0240104
0.156882
0.211415
-0.0432665
-0.0425856
0.03861
-0.0569568
0.0267652
0.174796
0.152436
0.0217675
0.0406164
-0.0331437
-0.0153991
-0.0285197
-0.0167967
0.0243941
-0.079995
0.0199577
-0.0802628
0.178079
0.175197
0.20513
-0.0444103
-0.0793123
-0.0445584
-0.0433766
0.0708803
-0.0511802
-0.095253
0.0646336
-0.00401805
-0.00992867
0.183592
-0.0919343
0.0235152
-0.0881477
0.0193081
0.196712
0.154376
-0.025407
-0.0433285
-0.0463348
0.145632
-0.0716095
-0.0430547
0.0518728
-0.00723564
-0.018984
0.208018
-0.0308693
0.050381
-0.0752374
-0.0465184
-0.0958193
0.201081
-0.0650034
-0.0376309
-0.0453758
0.176355
0.188213
0.211146
0.152727
0.0504912
0.179161
-0.0437816
0.171123
0.156798
-0.026466
0.034906
0.159288
0.183844
0.00517315
0.0902587
-0.0444722
-0.0212598
0.0196027
-0.0433837
-0.00784665
0.168528
0.152883
-0.0195307
0.0582806
-0.0433161
0.188309
-0.0187726
0.0365828
-0.0766166
-0.0231277
0.143818
-0.0239073
-0.0461039
0.166054
0.0529417
-0.0257208
-0.0387273
0.18592
0.20726
-0.0578426
-0.0740585
-0.0266467
-0.0457583
-0.0464328
0.00969472
-0.0182352
0.0258369
0.165714
-0.0613588
-0.041099
-0.0431261
-0.0362456
0.0704905
-0.0524408
0.181307
-0.0460168
0.180346
0.208431
0.0783793
-0.0218626
-0.00103515
-0.0435396
-0.0140402
0.0569403
0.0642081
-0.0449011
-0.0802955
-0.04657
-0.0022866
-0.0464108
-0.00208504
0.17264
-0.0563862
0.15795
0.0484941
-0.0457829
0.161649
0.174095
0.198868
0.170691
0.178732
0.180539
-0.0169698
-0.0292632
0.169487
-0.0171232
-0.0175416
0.208552
-0.0613522
-0.0436158
-0.0571049
-0.0764286
0.150179
0.151677
0.173608
-0.0459165
0.0436874
0.148753
-0.0687948
-0.0453089
0.0184583
-0.0832277
-0.0341859
-0.0450493
0.18086
0.014306
-0.0432401
0.169241
-0.0858331
-0.0306744
-0.0424884
0.189441
0.17076
0.0300766
-0.0431589
-0.0867692
0.157951
0.20356
-0.0549048
0.0866982
-0.0529526
0.165531
0.0280305
0.00839682
0.0310597
-0.0327898
0.155199
-0.0527453
-0.0503696
0.168742
0.172607
-0.0803149
-0.040655
-0.0282291
0.167212
0.150278
0.145275
0.144989
-0.0470818
0.144071
-0.0484109
0.0133511
0.0703324
0.16888
-0.0590802
-0.0902104
-0.0696453
0.163755
0.045085
-0.039848
0.151122
-0.041165
0.183964
0.182681
0.165025
-0.0792924
-0.0366028
-0.0537537
-0.0768942
-0.0441249
-0.0329543
0.206791
0.194551
0.0541273
-0.0466169
0.000639685
0.184438
-0.0451464
0.168223
-0.0474013
-0.0449328
0.118211
-0.0456015
-0.0315521
-0.0398292
0.196033
-0.0431706
-0.0802908
0.0098676
0.0400878
0.0510745
-0.0503632
-0.0216965
0.164731
0.0265461
-0.066901
0.0576031
-0.0493177
-0.00737687
-0.0497388
0.0347964
-0.0326406
-0.0695124
0.163114
-0.0587775
-0.0637805
0.0292855
0.21049
-0.0263717
0.207426
0.0504963
-0.0315526
-0.0504063
-0.0704394
-0.0639585
-0.0159501
0.0262337
-0.0549072
-0.0701229
0.191896
-0.0457571
0.0315626
0.0100287
-0.0247568
0.0230495
-0.0464158
-0.0824241
0.163019
-0.0368946
-0.0432726
-0.0569624
0.0817394
-0.0526329
-0.0740781
-0.0425726
-0.0278871
0.0905186
-0.0926634
-0.0470843
-0.0816127
0.184438
-0.0493954
0.2081
0.197266
-0.0105334
-0.0336939
0.148641
0.179855
0.0557672
-0.00228562
-0.0464286
0.0250612
-0.058297
0.154184
0.0994942
0.0300026
-0.00418573
-0.0395494
-0.0468025
-0.00396223
-0.0381206
0.00838217
0.197942
0.00249757
0.188633
0.188257
-0.0431213
0.202319
0.0305752
-0.0272093
-0.0842764
0.0295106
0.167761
-0.051313
0.0684474
0.195297
-0.0290906
-0.0463779
-0.000196833
0.167252
-0.0772252
0.204964
-0.0413976
-0.0389234
-0.0424002
0.0315762
-0.0393942
-0.0310259
-0.0375445
0.0714626
-0.0465918
-0.0438617
-0.0797647
-0.0313902
-0.0570317
0.179066
0.178355
0.199942
-0.0281166
-0.0377354
0.194817
0.191782
-0.0597339
0.0454012
0.0395946
-0.0281984
-0.0434426
-0.0463101
0.0196389
0.156471
0.160883
0.178007
-0.0363407
0.166872
-0.0443992
-0.0419337
0.207019
-0.0287251
-0.00814533
0.195712
-0.0459471
0.179951
0.192243
-0.0502403
0.0181726
-0.087711
-0.0557745
-0.0250155
0.149693
-0.0674078
-0.0608262
0.18605
-0.0857378
-0.0515546
0.000935457
-0.0583644
-0.0408558
-0.0379513
-0.0374938
-0.0940961
0.0998915
0.199338
-0.0432714
0.0394644
-0.0909556
0.050622
-0.0709114
0.0106755
-0.0947798
0.0211943
0.0928544
-0.0458746
-0.0426715
-0.068796
-0.0055372
0.15532
0.0250836
0.0369424
-0.041187
0.206459
0.0683989
0.160472
-0.0572705
0.00180869
-0.0886353
-0.0667963
-0.0102221
0.0339388
0.0366566
0.00180065
-0.0189838
-0.0495615
0.0228237
0.01479
-0.0539111
-0.0194769
-0.0804402
-0.044901
0.168829
-0.0351517
-0.0276866
-0.0837033
0.0255623
0.0473753
-0.0458557
0.0520583
-0.0349229
0.0332873
0.0212672
0.00452572
-0.0942346
-0.0141937
-0.00788086
0.0709966
-0.0193689
-0.0435267
-0.0351153
-0.0666997
0.180952
0.190138
0.175872
-0.032513
0.0199163
-0.0433204
0.0037533
0.154786
-0.0104645
0.147911
0.160998
0.162193
0.00662922
-0.0916057
0.19685
0.00362912
0.198661
0.0079006
-0.0281917
-0.0497627
0.200942
0.0396139
-0.00751758
0.156132
0.106916
-0.0490108
-0.0459564
-0.0463717
-0.0820045
0.0464567
-0.0310627
0.202579
0.180214
-0.0310641
0.152445
0.00107344
0.00291366
0.203815
0.147552
0.149931
0.167157
0.0316814
-0.0458475
-0.0149857
-0.0658061
-0.0440433
0.058501
0.000213402
-0.0199907
-0.0361115
-0.0210349
-0.0142498
-0.0695449
0.0259479
-0.0254016
-0.0446593
0.0332745
0.167694
-0.0579371
-0.0424379
0.204495
0.155794
-0.0171378
-0.0113648
0.158899
0.167707
-0.0758465
0.0290998
0.191513
0.00808758
0.159935
0.021416
-0.0183242
0.150345
0.0431354
0.0740878
0.0350549
-0.0406416
-0.043154
-0.00448253
0.168755
0.181118
-0.0425968
0.192754
0.167556
0.190337
0.17112
0.159962
0.0461174
-0.0183278
-0.0300531
0.0450082
-0.0133563
0.146468
0.161702
-0.0399721
0.165087
0.209871
-0.033523
0.167232
-0.0443812
0.00899869
0.173241
-0.0244328
-0.0665278
0.0224839
0.187944
0.166874
-0.0134251
-0.0380325
0.180252
-0.00929321
0.0260906
-0.00452614
-0.0348308
-0.0601736
0.200517
0.193331
0.0211741
-0.0449555
-0.0367761
0.0191556
0.163492
-0.0377631
-0.0867658
0.0355238
0.022619
-0.00938333
-0.0436159
0.0155419
0.020733
0.183775
0.0363033
0.00722947
0.157951
-0.0312255
0.210461
-0.0603234
-0.0386026
-0.0587629
0.178502
-0.0384924
-0.0493909
0.0683571
0.20941
0.178836
-0.00409768
0.00456983
-0.0207004
-0.0764088
0.15965
-0.0441065
0.00551038
-0.00909092
0.040241
0.0645029
0.145072
0.18903
0.191543
0.210176
-0.0433222
-0.0397838
0.199854
0.0540325
0.148759
-0.00236961
0.199746
0.0320559
0.0748947
0.17826
-0.0453811
-0.0901015
-0.0380884
0.0276143
-0.0188207
0.0576386
-0.00143921
-0.0299631
0.0345192
-0.0794927
0.163992
0.0379554
-0.0811438
0.145774
0.154798
-0.0257516
-0.0143178
-0.00835863
0.157822
0.011429
0.0275066
0.0402217
0.178343
0.1494
-0.0691402
-0.0731669
-0.0468979
-0.0335093
0.206875
-0.0365919
0.156039
0.0173645
0.209171
0.0257065
0.0472388
-0.0499358
0.144828
-0.0580058
0.200844
-0.0319319
0.0372247
0.0703771
-0.0459988
-0.0583942
0.199426
-0.0842697
0.146686
-0.027633
0.177695
0.149774
0.145696
-0.0458826
0.186686
-0.0281899
0.149869
0.145999
0.197488
-0.0685362
