Determining initial impinging trajectory...
Yhit = -0.269697
Determining lower impingement limit...
IndHit = 98, Yhit = -0.274043, Ymiss = -0.278390
IndHit = 78, Yhit = -0.274965, Ymiss = -0.275009
IndHit = 0, Yhit = -0.275009, Ymiss = -0.275009
Ylower = -0.275009
Determining upper impingement limit...
IndHit = 39, Yhit = -0.206066, Ymiss = -0.204299
IndHit = 93, Yhit = -0.204406, Ymiss = -0.204388
IndHit = 86, Yhit = -0.204390, Ymiss = -0.204390
Yupper = -0.204390
stagPtS = 1.008357, stagPtX = -0.000164, stagPtY = 0.000479
maxiter = 2000
ITER = 0	20000	20000
ITER = 1	20000	20000
ITER = 2	20000	20000
ITER = 3	20000	20000
ITER = 4	20000	20000
ITER = 5	20000	20000
ITER = 6	20000	20000
ITER = 7	20000	20000
ITER = 8	20000	20000
ITER = 9	20000	20000
ITER = 10	20000	20000
ITER = 11	20000	20000
ITER = 12	20000	20000
ITER = 13	20000	20000
ITER = 14	20000	20000
ITER = 15	20000	20000
ITER = 16	20000	20000
ITER = 17	20000	20000
ITER = 18	20000	20000
ITER = 19	20000	20000
ITER = 20	20000	20000
ITER = 21	20000	20000
ITER = 22	20000	20000
ITER = 23	20000	20000
ITER = 24	20000	20000
ITER = 25	20000	20000
ITER = 26	20000	20000
ITER = 27	20000	20000
ITER = 28	20000	20000
ITER = 29	20000	20000
ITER = 30	20000	20000
ITER = 31	20000	20000
ITER = 32	20000	20000
ITER = 33	20000	20000
ITER = 34	20000	20000
ITER = 35	20000	20000
ITER = 36	20000	20000
ITER = 37	20000	20000
ITER = 38	20000	20000
ITER = 39	20000	20000
ITER = 40	20000	20000
ITER = 41	20000	20000
ITER = 42	20000	20000
ITER = 43	20000	20000
ITER = 44	20000	20000
ITER = 45	20000	20000
ITER = 46	20000	20000
ITER = 47	20000	20000
ITER = 48	20000	20000
ITER = 49	20000	20000
ITER = 50	20000	20000
ITER = 51	20000	20000
ITER = 52	20000	20000
ITER = 53	20000	20000
ITER = 54	20000	20000
ITER = 55	20000	20000
ITER = 56	20000	20000
ITER = 57	20000	20000
ITER = 58	20000	20000
ITER = 59	20000	20000
ITER = 60	20000	20000
ITER = 61	20000	20000
ITER = 62	20000	20000
ITER = 63	20000	20000
ITER = 64	20000	20000
ITER = 65	20000	20000
ITER = 66	20000	20000
ITER = 67	20000	20000
ITER = 68	20000	20000
ITER = 69	20000	20000
ITER = 70	20000	20000
ITER = 71	20000	20000
ITER = 72	20000	20000
ITER = 73	20000	20000
ITER = 74	20000	20000
ITER = 75	20000	20000
ITER = 76	20000	20000
ITER = 77	20000	20000
ITER = 78	20000	20000
ITER = 79	20000	20000
ITER = 80	20000	20000
ITER = 81	20000	20000
ITER = 82	20000	20000
ITER = 83	20000	20000
ITER = 84	20000	20000
ITER = 85	20000	20000
ITER = 86	20000	20000
ITER = 87	20000	20000
ITER = 88	20000	20000
ITER = 89	20000	20000
ITER = 90	20000	20000
ITER = 91	20000	20000
ITER = 92	20000	20000
ITER = 93	20000	20000
ITER = 94	20000	20000
ITER = 95	20000	20000
ITER = 96	20000	20000
ITER = 97	20000	20000
ITER = 98	20000	20000
ITER = 99	20000	20000
ITER = 100	20000	20000
ITER = 101	20000	20000
ITER = 102	20000	20000
ITER = 103	20000	20000
ITER = 104	20000	20000
ITER = 105	20000	20000
ITER = 106	20000	20000
ITER = 107	20000	20000
ITER = 108	20000	20000
ITER = 109	20000	20000
ITER = 110	20000	20000
ITER = 111	20000	20000
ITER = 112	20000	20000
ITER = 113	20000	20000
ITER = 114	20000	20000
ITER = 115	20000	20000
ITER = 116	20000	20000
ITER = 117	20000	20000
ITER = 118	20000	20000
ITER = 119	20000	20000
ITER = 120	20000	20000
ITER = 121	20000	20000
ITER = 122	20000	20000
ITER = 123	20000	20000
ITER = 124	20000	20000
ITER = 125	20000	20000
ITER = 126	20000	20000
ITER = 127	20000	20000
ITER = 128	20000	20000
ITER = 129	20000	20000
ITER = 130	20000	20000
ITER = 131	20000	20000
ITER = 132	20000	20000
ITER = 133	20000	20000
ITER = 134	20000	20000
ITER = 135	20000	20000
ITER = 136	20000	20000
ITER = 137	20000	20000
ITER = 138	20000	20000
ITER = 139	20000	20000
ITER = 140	20000	20000
ITER = 141	20000	20000
ITER = 142	20000	20000
ITER = 143	20000	20000
ITER = 144	20000	20000
ITER = 145	20000	20000
ITER = 146	20000	20000
ITER = 147	20000	20000
ITER = 148	20000	20000
ITER = 149	20000	20000
ITER = 150	20000	20000
ITER = 151	20000	20000
ITER = 152	20000	20000
ITER = 153	20000	20000
ITER = 154	20000	20000
ITER = 155	20000	20000
ITER = 156	20000	20000
ITER = 157	20000	20000
ITER = 158	20000	20000
ITER = 159	20000	20000
ITER = 160	20000	20000
ITER = 161	20000	20000
ITER = 162	20000	20000
ITER = 163	20000	20000
ITER = 164	20000	20000
ITER = 165	20000	20000
ITER = 166	20000	20000
ITER = 167	20000	20000
ITER = 168	20000	20000
ITER = 169	20000	20000
ITER = 170	20000	20000
ITER = 171	20000	20000
ITER = 172	20000	20000
ITER = 173	20000	20000
ITER = 174	20000	20000
ITER = 175	20000	20000
ITER = 176	20000	20000
ITER = 177	20000	20000
ITER = 178	20000	20000
ITER = 179	20000	20000
ITER = 180	20000	20000
ITER = 181	20000	20000
ITER = 182	20000	20000
ITER = 183	20000	20000
ITER = 184	20000	20000
ITER = 185	20000	20000
ITER = 186	20000	20000
ITER = 187	20000	20000
ITER = 188	20000	20000
ITER = 189	20000	20000
ITER = 190	20000	20000
ITER = 191	20000	20000
ITER = 192	20000	20000
ITER = 193	20000	20000
ITER = 194	20000	20000
ITER = 195	20000	20000
ITER = 196	20000	20000
ITER = 197	20000	20000
ITER = 198	20000	20000
ITER = 199	20000	20000
ITER = 200	20000	20000
ITER = 201	20000	20000
ITER = 202	20000	20000
ITER = 203	20000	20000
ITER = 204	20000	20000
ITER = 205	20000	20000
ITER = 206	20000	20000
ITER = 207	20000	20000
ITER = 208	20000	20000
ITER = 209	20000	20000
ITER = 210	20000	20000
ITER = 211	20000	20000
ITER = 212	20000	20000
ITER = 213	20000	20000
ITER = 214	20000	20000
ITER = 215	20000	20000
ITER = 216	20000	20000
ITER = 217	20000	20000
ITER = 218	20000	20000
ITER = 219	20000	20000
ITER = 220	20000	20000
ITER = 221	20000	20000
ITER = 222	20000	20000
ITER = 223	20000	20000
ITER = 224	20000	20000
ITER = 225	20000	20000
ITER = 226	20000	20000
ITER = 227	20000	20000
ITER = 228	20000	20000
ITER = 229	20000	20000
ITER = 230	20000	20000
ITER = 231	20000	20000
ITER = 232	20000	20000
ITER = 233	20000	20000
ITER = 234	20000	20000
ITER = 235	20000	20000
ITER = 236	20000	20000
ITER = 237	20000	20000
ITER = 238	20000	20000
ITER = 239	20000	20000
ITER = 240	20000	20000
ITER = 241	20000	20000
ITER = 242	20000	20000
ITER = 243	20000	20000
ITER = 244	20000	20000
ITER = 245	20000	20000
ITER = 246	20000	20000
ITER = 247	20000	20000
ITER = 248	20000	20000
ITER = 249	20000	20000
ITER = 250	20000	20000
ITER = 251	20000	20000
ITER = 252	20000	20000
ITER = 253	20000	20000
ITER = 254	20000	20000
ITER = 255	20000	20000
ITER = 256	20000	20000
ITER = 257	20000	20000
ITER = 258	20000	20000
ITER = 259	20000	20000
ITER = 260	20000	20000
ITER = 261	20000	20000
ITER = 262	20000	20000
ITER = 263	20000	20000
ITER = 264	20000	20000
ITER = 265	20000	20000
ITER = 266	20000	20000
ITER = 267	20000	20000
ITER = 268	20000	20000
ITER = 269	20000	20000
ITER = 270	20000	20000
ITER = 271	20000	20000
ITER = 272	20000	20000
ITER = 273	20000	20000
ITER = 274	20000	20000
ITER = 275	20000	20000
ITER = 276	20000	20000
ITER = 277	20000	20000
ITER = 278	20000	20000
ITER = 279	20000	20000
ITER = 280	20000	20000
ITER = 281	20000	20000
ITER = 282	20000	20000
ITER = 283	20000	20000
ITER = 284	20000	20000
ITER = 285	20000	20000
ITER = 286	20000	20000
ITER = 287	20000	20000
ITER = 288	20000	20000
ITER = 289	20000	20000
ITER = 290	20000	20000
ITER = 291	20000	20000
ITER = 292	20000	20000
ITER = 293	20000	20000
ITER = 294	20000	20000
ITER = 295	20000	20000
ITER = 296	20000	20000
ITER = 297	20000	20000
ITER = 298	20000	20000
ITER = 299	20000	20000
ITER = 300	20000	20000
ITER = 301	20000	20000
ITER = 302	20000	20000
ITER = 303	20000	20000
ITER = 304	20000	20000
ITER = 305	20000	20000
ITER = 306	20000	20000
ITER = 307	20000	20000
ITER = 308	20000	20000
ITER = 309	20000	20000
ITER = 310	20000	20000
ITER = 311	20000	20000
ITER = 312	20000	20000
ITER = 313	20000	20000
ITER = 314	20000	20000
ITER = 315	20000	20000
ITER = 316	20000	20000
ITER = 317	20000	20000
ITER = 318	20000	20000
ITER = 319	20000	20000
ITER = 320	20000	20000
ITER = 321	20000	20000
ITER = 322	20000	20000
ITER = 323	20000	20000
ITER = 324	20000	20000
ITER = 325	20000	20000
ITER = 326	20000	20000
ITER = 327	20000	20000
ITER = 328	20000	20000
ITER = 329	20000	20000
ITER = 330	20000	20000
ITER = 331	20000	20000
ITER = 332	20000	20000
ITER = 333	20000	20000
ITER = 334	20000	20000
ITER = 335	20000	20000
ITER = 336	20000	20000
ITER = 337	20000	20000
ITER = 338	20000	20000
ITER = 339	20000	20000
ITER = 340	20000	20000
ITER = 341	20000	20000
ITER = 342	20000	20000
ITER = 343	20000	20000
ITER = 344	20000	20000
ITER = 345	20000	20000
ITER = 346	20000	20000
ITER = 347	20000	20000
ITER = 348	20000	20000
ITER = 349	20000	20000
ITER = 350	20000	20000
ITER = 351	20000	20000
ITER = 352	20000	20000
ITER = 353	20000	20000
ITER = 354	20000	20000
ITER = 355	20000	20000
ITER = 356	20000	20000
ITER = 357	20000	20000
ITER = 358	20000	20000
ITER = 359	20000	20000
ITER = 360	20000	20000
ITER = 361	20000	20000
ITER = 362	20000	20000
ITER = 363	20000	20000
ITER = 364	20000	20000
ITER = 365	20000	20000
ITER = 366	20000	20000
ITER = 367	20000	20000
ITER = 368	20000	20000
ITER = 369	20000	20000
ITER = 370	20000	20000
ITER = 371	20000	20000
ITER = 372	20000	20000
ITER = 373	20000	20000
ITER = 374	20000	20000
ITER = 375	20000	20000
ITER = 376	20000	20000
ITER = 377	20000	20000
ITER = 378	20000	20000
ITER = 379	20000	20000
ITER = 380	20000	20000
ITER = 381	20000	20000
ITER = 382	20000	20000
ITER = 383	20000	20000
ITER = 384	20000	20000
ITER = 385	20000	20000
ITER = 386	20000	20000
ITER = 387	20000	20000
ITER = 388	20000	20000
ITER = 389	20000	20000
ITER = 390	20000	20000
ITER = 391	20000	20000
ITER = 392	20000	20000
ITER = 393	20000	20000
ITER = 394	20000	20000
ITER = 395	20000	20000
ITER = 396	20000	20000
ITER = 397	20000	20000
ITER = 398	20000	20000
ITER = 399	20000	20000
ITER = 400	20000	20000
ITER = 401	20000	20000
ITER = 402	20000	20000
ITER = 403	20000	20000
ITER = 404	20000	20000
ITER = 405	20000	20000
ITER = 406	20000	20000
ITER = 407	20000	20000
ITER = 408	20000	20000
ITER = 409	20000	20000
ITER = 410	20000	20000
ITER = 411	20000	20000
ITER = 412	20000	20000
ITER = 413	20000	20000
ITER = 414	20000	20000
ITER = 415	20000	20000
ITER = 416	20000	20000
ITER = 417	20000	20000
ITER = 418	20000	20000
ITER = 419	20000	20000
ITER = 420	20000	20000
ITER = 421	20000	20000
ITER = 422	20000	20000
ITER = 423	20000	20000
ITER = 424	20000	20000
ITER = 425	20000	20000
ITER = 426	20000	20000
ITER = 427	20000	20000
ITER = 428	20000	20000
ITER = 429	20000	20000
ITER = 430	20000	20000
ITER = 431	20000	20000
ITER = 432	20000	20000
ITER = 433	20000	20000
ITER = 434	20000	20000
ITER = 435	20000	20000
ITER = 436	20000	20000
ITER = 437	20000	20000
ITER = 438	20000	20000
ITER = 439	20000	20000
ITER = 440	20000	20000
ITER = 441	20000	20000
ITER = 442	20000	20000
ITER = 443	20000	20000
ITER = 444	20000	20000
ITER = 445	20000	20000
ITER = 446	20000	20000
ITER = 447	20000	20000
ITER = 448	20000	20000
ITER = 449	20000	20000
ITER = 450	20000	20000
ITER = 451	20000	20000
ITER = 452	20000	20000
ITER = 453	20000	20000
ITER = 454	20000	20000
ITER = 455	20000	20000
ITER = 456	20000	20000
ITER = 457	20000	20000
ITER = 458	20000	20000
ITER = 459	20000	20000
ITER = 460	20000	20000
ITER = 461	20000	20000
ITER = 462	20000	20000
ITER = 463	20000	20000
ITER = 464	20000	20000
ITER = 465	20000	20000
ITER = 466	20000	20000
ITER = 467	20000	20000
ITER = 468	20000	20000
ITER = 469	20000	20000
ITER = 470	20000	20000
ITER = 471	20000	20000
ITER = 472	20000	20000
ITER = 473	20000	20000
ITER = 474	20000	20000
ITER = 475	20000	20000
ITER = 476	20000	20000
ITER = 477	20000	20000
ITER = 478	20000	20000
ITER = 479	20000	20000
ITER = 480	20000	20000
ITER = 481	20000	20000
ITER = 482	20000	20000
ITER = 483	20000	20000
ITER = 484	20000	20000
ITER = 485	20000	20000
ITER = 486	20000	20000
ITER = 487	20000	20000
ITER = 488	20000	20000
ITER = 489	20000	20000
ITER = 490	20000	20000
ITER = 491	20000	20000
ITER = 492	20000	20000
ITER = 493	20000	20000
ITER = 494	20000	20000
ITER = 495	20000	20000
ITER = 496	20000	20000
ITER = 497	20000	20000
ITER = 498	20000	20000
ITER = 499	20000	20000
ITER = 500	20000	20000
ITER = 501	20000	20000
ITER = 502	20000	20000
ITER = 503	20000	20000
ITER = 504	20000	20000
ITER = 505	20000	20000
ITER = 506	20000	20000
ITER = 507	20000	20000
ITER = 508	20000	20000
ITER = 509	20000	20000
ITER = 510	20000	20000
ITER = 511	20000	20000
ITER = 512	20000	20000
ITER = 513	20000	20000
ITER = 514	20000	20000
ITER = 515	20000	20000
ITER = 516	20000	20000
ITER = 517	20000	20000
ITER = 518	20000	20000
ITER = 519	20000	20000
ITER = 520	20000	20000
ITER = 521	20000	20000
ITER = 522	20000	20000
ITER = 523	20000	20000
ITER = 524	20000	20000
ITER = 525	20000	20000
ITER = 526	20000	20000
ITER = 527	20000	20000
ITER = 528	20000	20000
ITER = 529	20000	20000
ITER = 530	20000	20000
ITER = 531	20000	20000
ITER = 532	20000	20000
ITER = 533	20000	20000
ITER = 534	20000	20000
ITER = 535	20000	20000
ITER = 536	20000	20000
ITER = 537	20000	20000
ITER = 538	20000	20000
ITER = 539	20000	20000
ITER = 540	20000	20000
ITER = 541	20000	20000
ITER = 542	20000	20000
ITER = 543	20000	20000
ITER = 544	20000	20000
ITER = 545	20000	20000
ITER = 546	20000	20000
ITER = 547	20000	20000
ITER = 548	20000	20000
ITER = 549	20000	20000
ITER = 550	20000	20000
ITER = 551	20000	20000
ITER = 552	20000	20000
ITER = 553	20000	20000
ITER = 554	20000	20000
ITER = 555	20000	20000
ITER = 556	20000	20000
ITER = 557	20000	20000
ITER = 558	20000	20000
ITER = 559	20000	20000
ITER = 560	20000	20000
ITER = 561	20000	20000
ITER = 562	20000	20000
ITER = 563	20000	20000
ITER = 564	20000	20000
ITER = 565	20000	20000
ITER = 566	20000	20000
ITER = 567	20000	20000
ITER = 568	20000	20000
ITER = 569	20000	20000
ITER = 570	20000	20000
ITER = 571	20000	20000
ITER = 572	20000	20000
ITER = 573	20000	20000
ITER = 574	20000	20000
ITER = 575	20000	20000
ITER = 576	20000	20000
ITER = 577	20000	20000
ITER = 578	20000	20000
ITER = 579	20000	20000
ITER = 580	20000	20000
ITER = 581	20000	20000
ITER = 582	20000	20000
ITER = 583	20000	20000
ITER = 584	20000	20000
ITER = 585	20000	20000
ITER = 586	20000	20000
ITER = 587	20000	20000
ITER = 588	20000	20000
ITER = 589	20000	20000
ITER = 590	20000	20000
ITER = 591	20000	20000
ITER = 592	20000	20000
ITER = 593	20000	20000
ITER = 594	20000	20000
ITER = 595	20000	20000
ITER = 596	20000	20000
ITER = 597	20000	20000
ITER = 598	20000	20000
ITER = 599	20000	20000
ITER = 600	20000	20000
ITER = 601	20000	20000
ITER = 602	20000	20000
ITER = 603	20000	20000
ITER = 604	20000	20000
ITER = 605	20000	20000
ITER = 606	20000	20000
ITER = 607	20000	20000
ITER = 608	20000	20000
ITER = 609	20000	20000
ITER = 610	20000	20000
ITER = 611	20000	20000
ITER = 612	20000	20000
ITER = 613	20000	20000
ITER = 614	20000	20000
ITER = 615	20000	20000
ITER = 616	20000	20000
ITER = 617	20000	20000
ITER = 618	20000	20000
ITER = 619	20000	20000
ITER = 620	20000	20000
ITER = 621	20000	20000
ITER = 622	20000	20000
ITER = 623	20000	20000
ITER = 624	20000	20000
ITER = 625	20000	20000
ITER = 626	20000	20000
ITER = 627	20000	20000
ITER = 628	20000	20000
ITER = 629	20000	20000
ITER = 630	20000	20000
ITER = 631	20000	20000
ITER = 632	20000	20000
ITER = 633	20000	20000
ITER = 634	20000	20000
ITER = 635	20000	20000
ITER = 636	20000	20000
ITER = 637	20000	20000
ITER = 638	20000	20000
ITER = 639	20000	20000
ITER = 640	20000	20000
ITER = 641	20000	20000
ITER = 642	20000	20000
ITER = 643	20000	20000
ITER = 644	20000	20000
ITER = 645	20000	20000
ITER = 646	20000	20000
ITER = 647	20000	20000
ITER = 648	20000	20000
ITER = 649	20000	20000
ITER = 650	20000	20000
ITER = 651	20000	20000
ITER = 652	20000	20000
ITER = 653	20000	20000
ITER = 654	20000	20000
ITER = 655	20000	20000
ITER = 656	20000	20000
ITER = 657	20000	20000
ITER = 658	20000	20000
ITER = 659	20000	20000
ITER = 660	20000	20000
ITER = 661	20000	20000
ITER = 662	20000	20000
ITER = 663	20000	20000
ITER = 664	20000	20000
ITER = 665	20000	20000
ITER = 666	20000	20000
ITER = 667	20000	20000
ITER = 668	20000	20000
ITER = 669	20000	20000
ITER = 670	20000	20000
ITER = 671	20000	20000
ITER = 672	20000	20000
ITER = 673	20000	20000
ITER = 674	20000	20000
ITER = 675	20000	20000
ITER = 676	20000	20000
ITER = 677	20000	20000
ITER = 678	20000	20000
ITER = 679	20000	20000
ITER = 680	20000	20000
ITER = 681	20000	20000
ITER = 682	20000	20000
ITER = 683	20000	20000
ITER = 684	20000	20000
ITER = 685	20000	20000
ITER = 686	20000	20000
ITER = 687	20000	20000
ITER = 688	20000	20000
ITER = 689	20000	20000
ITER = 690	20000	20000
ITER = 691	20000	20000
ITER = 692	20000	20000
ITER = 693	20000	20000
ITER = 694	20000	20000
ITER = 695	20000	20000
ITER = 696	20000	20000
ITER = 697	20000	20000
ITER = 698	20000	20000
ITER = 699	20000	20000
ITER = 700	20000	20000
ITER = 701	20000	20000
ITER = 702	20000	20000
ITER = 703	20000	20000
ITER = 704	20000	20000
ITER = 705	20000	20000
ITER = 706	20000	20000
ITER = 707	20000	20000
ITER = 708	20000	20000
ITER = 709	20000	20000
ITER = 710	20000	20000
ITER = 711	20000	20000
ITER = 712	20000	20000
ITER = 713	20000	20000
ITER = 714	20000	20000
ITER = 715	20000	20000
ITER = 716	20000	20000
ITER = 717	20000	20000
ITER = 718	20000	20000
ITER = 719	20000	20000
ITER = 720	20000	20000
ITER = 721	20000	20000
ITER = 722	20000	20000
ITER = 723	20000	20000
ITER = 724	20000	20000
ITER = 725	20000	20000
ITER = 726	20000	20000
ITER = 727	20000	20000
ITER = 728	20000	20000
ITER = 729	20000	20000
ITER = 730	20000	20000
ITER = 731	20000	20000
ITER = 732	20000	20000
ITER = 733	20000	20000
ITER = 734	20000	20000
ITER = 735	20000	20000
ITER = 736	20000	20000
ITER = 737	20000	20000
ITER = 738	20000	20000
ITER = 739	20000	20000
ITER = 740	20000	20000
ITER = 741	20000	20000
ITER = 742	20000	20000
ITER = 743	20000	20000
ITER = 744	20000	20000
ITER = 745	20000	20000
ITER = 746	20000	20000
ITER = 747	20000	20000
ITER = 748	20000	20000
ITER = 749	20000	20000
ITER = 750	20000	20000
ITER = 751	20000	20000
ITER = 752	20000	20000
ITER = 753	20000	20000
ITER = 754	20000	20000
ITER = 755	20000	20000
ITER = 756	20000	20000
ITER = 757	20000	20000
ITER = 758	20000	20000
ITER = 759	20000	20000
ITER = 760	20000	20000
ITER = 761	20000	20000
ITER = 762	20000	20000
ITER = 763	20000	20000
ITER = 764	20000	20000
ITER = 765	20000	20000
ITER = 766	20000	20000
ITER = 767	20000	20000
ITER = 768	20000	20000
ITER = 769	20000	20000
ITER = 770	20000	20000
ITER = 771	20000	20000
ITER = 772	20000	20000
ITER = 773	20000	20000
ITER = 774	20000	20000
ITER = 775	20000	20000
ITER = 776	20000	20000
ITER = 777	20000	20000
ITER = 778	20000	20000
ITER = 779	20000	20000
ITER = 780	20000	20000
ITER = 781	20000	20000
ITER = 782	20000	20000
ITER = 783	20000	20000
ITER = 784	20000	20000
ITER = 785	20000	20000
ITER = 786	20000	20000
ITER = 787	20000	20000
ITER = 788	20000	20000
ITER = 789	20000	20000
ITER = 790	20000	20000
ITER = 791	20000	20000
ITER = 792	20000	20000
ITER = 793	20000	20000
ITER = 794	20000	20000
ITER = 795	20000	20000
ITER = 796	20000	20000
ITER = 797	20000	20000
ITER = 798	20000	20000
ITER = 799	20000	20000
ITER = 800	20000	20000
ITER = 801	20000	20000
ITER = 802	20000	20000
ITER = 803	20000	20000
ITER = 804	20000	20000
ITER = 805	20000	20000
ITER = 806	20000	20000
ITER = 807	20000	20000
ITER = 808	20000	20000
ITER = 809	20000	20000
ITER = 810	20000	19999
ITER = 811	20000	19818
ITER = 812	20000	19280
ITER = 813	20000	18842
ITER = 814	20000	18450
ITER = 815	20000	18106
ITER = 816	20000	17846
ITER = 817	20000	17606
ITER = 818	20000	17337
ITER = 819	20000	17155
ITER = 820	20000	17004
ITER = 821	20000	16770
ITER = 822	20000	16609
ITER = 823	20000	16461
ITER = 824	20000	16352
ITER = 825	20000	16205
ITER = 826	20000	16091
ITER = 827	20000	15939
ITER = 828	20000	15842
ITER = 829	20000	15718
ITER = 830	20000	15624
ITER = 831	20000	15492
ITER = 832	20000	15352
ITER = 833	20000	15252
ITER = 834	20000	15139
ITER = 835	20000	15039
ITER = 836	20000	14926
ITER = 837	20000	14815
ITER = 838	20000	14704
ITER = 839	20000	14590
ITER = 840	20000	14483
ITER = 841	20000	14386
ITER = 842	20000	14279
ITER = 843	20000	14179
ITER = 844	20000	14081
ITER = 845	20000	13988
ITER = 846	20000	13893
ITER = 847	20000	13772
ITER = 848	20000	13674
ITER = 849	20000	13584
ITER = 850	20000	13493
ITER = 851	20000	13391
ITER = 852	20000	13295
ITER = 853	20000	13223
ITER = 854	20000	13128
ITER = 855	20000	13046
ITER = 856	20000	12970
ITER = 857	20000	12899
ITER = 858	20000	12801
ITER = 859	20000	12748
ITER = 860	20000	12671
ITER = 861	20000	12564
ITER = 862	20000	12487
ITER = 863	20000	12430
ITER = 864	20000	12332
ITER = 865	20000	12241
ITER = 866	20000	12180
ITER = 867	20000	12147
ITER = 868	20000	12088
ITER = 869	20000	11960
ITER = 870	20000	11868
ITER = 871	20000	11796
ITER = 872	20000	11728
ITER = 873	20000	11650
ITER = 874	20000	11569
ITER = 875	20000	11481
ITER = 876	20000	11442
ITER = 877	20000	11354
ITER = 878	20000	11285
ITER = 879	20000	11208
ITER = 880	20000	11131
ITER = 881	20000	11066
ITER = 882	20000	10996
ITER = 883	20000	10915
ITER = 884	20000	10859
ITER = 885	20000	10800
ITER = 886	20000	10752
ITER = 887	20000	10678
ITER = 888	20000	10624
ITER = 889	20000	10561
ITER = 890	20000	10516
ITER = 891	20000	10437
ITER = 892	20000	10361
ITER = 893	20000	10327
ITER = 894	20000	10271
ITER = 895	20000	10216
ITER = 896	20000	10183
ITER = 897	20000	10128
ITER = 898	20000	10041
ITER = 899	20000	9984
ITER = 900	20000	9927
ITER = 901	20000	9880
ITER = 902	20000	9840
ITER = 903	20000	9782
ITER = 904	20000	9726
ITER = 905	20000	9658
ITER = 906	20000	9614
ITER = 907	20000	9562
ITER = 908	20000	9522
ITER = 909	20000	9465
ITER = 910	20000	9391
ITER = 911	20000	9336
ITER = 912	20000	9267
ITER = 913	20000	9226
ITER = 914	20000	9186
ITER = 915	20000	9136
ITER = 916	20000	9099
ITER = 917	20000	9051
ITER = 918	20000	8992
ITER = 919	20000	8899
ITER = 920	20000	8845
ITER = 921	20000	8821
ITER = 922	20000	8766
ITER = 923	20000	8709
ITER = 924	20000	8682
ITER = 925	20000	8635
ITER = 926	20000	8590
ITER = 927	20000	8521
ITER = 928	20000	8481
ITER = 929	20000	8462
ITER = 930	20000	8410
ITER = 931	20000	8361
ITER = 932	20000	8328
ITER = 933	20000	8274
ITER = 934	20000	8233
ITER = 935	20000	8161
ITER = 936	20000	8114
ITER = 937	20000	8089
ITER = 938	20000	8075
ITER = 939	20000	8009
ITER = 940	20000	7957
ITER = 941	20000	7924
ITER = 942	20000	7877
ITER = 943	20000	7804
ITER = 944	20000	7752
ITER = 945	20000	7694
ITER = 946	20000	7665
ITER = 947	20000	7653
ITER = 948	20000	7609
ITER = 949	20000	7581
ITER = 950	20000	7542
ITER = 951	20000	7507
ITER = 952	20000	7460
ITER = 953	20000	7411
ITER = 954	20000	7361
ITER = 955	20000	7341
ITER = 956	20000	7316
ITER = 957	20000	7276
ITER = 958	20000	7238
ITER = 959	20000	7204
ITER = 960	20000	7172
ITER = 961	20000	7142
ITER = 962	20000	7090
ITER = 963	20000	7038
ITER = 964	20000	6982
ITER = 965	20000	6957
ITER = 966	20000	6946
ITER = 967	20000	6924
ITER = 968	20000	6880
ITER = 969	20000	6850
ITER = 970	20000	6809
ITER = 971	20000	6774
ITER = 972	20000	6737
ITER = 973	20000	6671
ITER = 974	20000	6604
ITER = 975	20000	6553
ITER = 976	20000	6530
ITER = 977	20000	6511
ITER = 978	20000	6486
ITER = 979	20000	6451
ITER = 980	20000	6425
ITER = 981	20000	6401
ITER = 982	20000	6372
ITER = 983	20000	6336
ITER = 984	20000	6268
ITER = 985	20000	6224
ITER = 986	20000	6189
ITER = 987	20000	6154
ITER = 988	20000	6132
ITER = 989	20000	6116
ITER = 990	20000	6098
ITER = 991	20000	6070
ITER = 992	20000	6041
ITER = 993	20000	6018
ITER = 994	20000	6001
ITER = 995	20000	5957
ITER = 996	20000	5912
ITER = 997	20000	5843
ITER = 998	20000	5815
ITER = 999	20000	5772
ITER = 1000	20000	5753
ITER = 1001	20000	5741
ITER = 1002	20000	5730
ITER = 1003	20000	5711
ITER = 1004	20000	5664
ITER = 1005	20000	5623
ITER = 1006	20000	5591
ITER = 1007	20000	5559
ITER = 1008	20000	5528
ITER = 1009	20000	5496
ITER = 1010	20000	5424
ITER = 1011	20000	5398
ITER = 1012	20000	5372
ITER = 1013	20000	5335
ITER = 1014	20000	5326
ITER = 1015	20000	5315
ITER = 1016	20000	5295
ITER = 1017	20000	5274
ITER = 1018	20000	5243
ITER = 1019	20000	5212
ITER = 1020	20000	5186
ITER = 1021	20000	5153
ITER = 1022	20000	5128
ITER = 1023	20000	5064
ITER = 1024	20000	5028
ITER = 1025	20000	4997
ITER = 1026	20000	4965
ITER = 1027	20000	4937
ITER = 1028	20000	4903
ITER = 1029	20000	4882
ITER = 1030	20000	4863
ITER = 1031	20000	4848
ITER = 1032	20000	4832
ITER = 1033	20000	4794
ITER = 1034	20000	4776
ITER = 1035	20000	4758
ITER = 1036	20000	4739
ITER = 1037	20000	4719
ITER = 1038	20000	4695
ITER = 1039	20000	4653
ITER = 1040	20000	4618
ITER = 1041	20000	4589
ITER = 1042	20000	4564
ITER = 1043	20000	4542
ITER = 1044	20000	4512
ITER = 1045	20000	4499
ITER = 1046	20000	4479
ITER = 1047	20000	4463
ITER = 1048	20000	4444
ITER = 1049	20000	4422
ITER = 1050	20000	4407
ITER = 1051	20000	4388
ITER = 1052	20000	4367
ITER = 1053	20000	4346
ITER = 1054	20000	4318
ITER = 1055	20000	4279
ITER = 1056	20000	4239
ITER = 1057	20000	4222
ITER = 1058	20000	4197
ITER = 1059	20000	4161
ITER = 1060	20000	4141
ITER = 1061	20000	4098
ITER = 1062	20000	4083
ITER = 1063	20000	4080
ITER = 1064	20000	4072
ITER = 1065	20000	4062
ITER = 1066	20000	4049
ITER = 1067	20000	4032
ITER = 1068	20000	4012
ITER = 1069	20000	3995
ITER = 1070	20000	3978
ITER = 1071	20000	3955
ITER = 1072	20000	3932
ITER = 1073	20000	3897
ITER = 1074	20000	3856
ITER = 1075	20000	3836
ITER = 1076	20000	3817
ITER = 1077	20000	3798
ITER = 1078	20000	3776
ITER = 1079	20000	3752
ITER = 1080	20000	3730
ITER = 1081	20000	3718
ITER = 1082	20000	3704
ITER = 1083	20000	3688
ITER = 1084	20000	3678
ITER = 1085	20000	3663
ITER = 1086	20000	3648
ITER = 1087	20000	3637
ITER = 1088	20000	3610
ITER = 1089	20000	3585
ITER = 1090	20000	3568
ITER = 1091	20000	3552
ITER = 1092	20000	3527
ITER = 1093	20000	3506
ITER = 1094	20000	3477
ITER = 1095	20000	3448
ITER = 1096	20000	3420
ITER = 1097	20000	3401
ITER = 1098	20000	3385
ITER = 1099	20000	3369
ITER = 1100	20000	3353
ITER = 1101	20000	3323
ITER = 1102	20000	3300
ITER = 1103	20000	3287
ITER = 1104	20000	3265
ITER = 1105	20000	3259
ITER = 1106	20000	3253
ITER = 1107	20000	3248
ITER = 1108	20000	3242
ITER = 1109	20000	3232
ITER = 1110	20000	3221
ITER = 1111	20000	3200
ITER = 1112	20000	3184
ITER = 1113	20000	3165
ITER = 1114	20000	3155
ITER = 1115	20000	3130
ITER = 1116	20000	3113
ITER = 1117	20000	3090
ITER = 1118	20000	3067
ITER = 1119	20000	3058
ITER = 1120	20000	3039
ITER = 1121	20000	3017
ITER = 1122	20000	2988
ITER = 1123	20000	2969
ITER = 1124	20000	2954
ITER = 1125	20000	2919
ITER = 1126	20000	2898
ITER = 1127	20000	2891
ITER = 1128	20000	2887
ITER = 1129	20000	2874
ITER = 1130	20000	2856
ITER = 1131	20000	2842
ITER = 1132	20000	2829
ITER = 1133	20000	2814
ITER = 1134	20000	2801
ITER = 1135	20000	2782
ITER = 1136	20000	2770
ITER = 1137	20000	2763
ITER = 1138	20000	2736
ITER = 1139	20000	2715
ITER = 1140	20000	2687
ITER = 1141	20000	2665
ITER = 1142	20000	2630
ITER = 1143	20000	2606
ITER = 1144	20000	2585
ITER = 1145	20000	2575
ITER = 1146	20000	2546
ITER = 1147	20000	2528
ITER = 1148	20000	2503
ITER = 1149	20000	2486
ITER = 1150	20000	2466
ITER = 1151	20000	2439
ITER = 1152	20000	2426
ITER = 1153	20000	2411
ITER = 1154	20000	2402
ITER = 1155	20000	2378
ITER = 1156	20000	2370
ITER = 1157	20000	2358
ITER = 1158	20000	2346
ITER = 1159	20000	2332
ITER = 1160	20000	2320
ITER = 1161	20000	2309
ITER = 1162	20000	2291
ITER = 1163	20000	2280
ITER = 1164	20000	2257
ITER = 1165	20000	2248
ITER = 1166	20000	2225
ITER = 1167	20000	2217
ITER = 1168	20000	2208
ITER = 1169	20000	2198
ITER = 1170	20000	2171
ITER = 1171	20000	2146
ITER = 1172	20000	2122
ITER = 1173	20000	2102
ITER = 1174	20000	2080
ITER = 1175	20000	2069
ITER = 1176	20000	2053
ITER = 1177	20000	2028
ITER = 1178	20000	2009
ITER = 1179	20000	1994
ITER = 1180	20000	1969
ITER = 1181	20000	1946
ITER = 1182	20000	1937
ITER = 1183	20000	1927
ITER = 1184	20000	1914
ITER = 1185	20000	1897
ITER = 1186	20000	1868
ITER = 1187	20000	1859
ITER = 1188	20000	1844
ITER = 1189	20000	1833
ITER = 1190	20000	1825
ITER = 1191	20000	1812
ITER = 1192	20000	1807
ITER = 1193	20000	1798
ITER = 1194	20000	1790
ITER = 1195	20000	1779
ITER = 1196	20000	1773
ITER = 1197	20000	1747
ITER = 1198	20000	1744
ITER = 1199	20000	1732
ITER = 1200	20000	1718
ITER = 1201	20000	1678
ITER = 1202	20000	1651
ITER = 1203	20000	1638
ITER = 1204	20000	1618
ITER = 1205	20000	1606
ITER = 1206	20000	1591
ITER = 1207	20000	1562
ITER = 1208	20000	1553
ITER = 1209	20000	1541
ITER = 1210	20000	1533
ITER = 1211	20000	1516
ITER = 1212	20000	1501
ITER = 1213	20000	1495
ITER = 1214	20000	1477
ITER = 1215	20000	1464
ITER = 1216	20000	1434
ITER = 1217	20000	1415
ITER = 1218	20000	1398
ITER = 1219	20000	1390
ITER = 1220	20000	1372
ITER = 1221	20000	1360
ITER = 1222	20000	1347
ITER = 1223	20000	1341
ITER = 1224	20000	1330
ITER = 1225	20000	1315
ITER = 1226	20000	1301
ITER = 1227	20000	1295
ITER = 1228	20000	1284
ITER = 1229	20000	1275
ITER = 1230	20000	1270
ITER = 1231	20000	1233
ITER = 1232	20000	1208
ITER = 1233	20000	1197
ITER = 1234	20000	1185
ITER = 1235	20000	1171
ITER = 1236	20000	1156
ITER = 1237	20000	1150
ITER = 1238	20000	1133
ITER = 1239	20000	1120
ITER = 1240	20000	1107
ITER = 1241	20000	1085
ITER = 1242	20000	1076
ITER = 1243	20000	1070
ITER = 1244	20000	1069
ITER = 1245	20000	1060
ITER = 1246	20000	1032
ITER = 1247	20000	1002
ITER = 1248	20000	991
ITER = 1249	20000	968
ITER = 1250	20000	960
ITER = 1251	20000	949
ITER = 1252	20000	939
ITER = 1253	20000	923
ITER = 1254	20000	900
ITER = 1255	20000	892
ITER = 1256	20000	878
ITER = 1257	20000	863
ITER = 1258	20000	850
ITER = 1259	20000	847
ITER = 1260	20000	836
ITER = 1261	20000	828
ITER = 1262	20000	798
ITER = 1263	20000	776
ITER = 1264	20000	754
ITER = 1265	20000	743
ITER = 1266	20000	723
ITER = 1267	20000	711
ITER = 1268	20000	697
ITER = 1269	20000	685
ITER = 1270	20000	675
ITER = 1271	20000	668
ITER = 1272	20000	650
ITER = 1273	20000	642
ITER = 1274	20000	633
ITER = 1275	20000	622
ITER = 1276	20000	622
ITER = 1277	20000	612
ITER = 1278	20000	590
ITER = 1279	20000	563
ITER = 1280	20000	551
ITER = 1281	20000	537
ITER = 1282	20000	536
ITER = 1283	20000	533
ITER = 1284	20000	533
ITER = 1285	20000	530
ITER = 1286	20000	528
ITER = 1287	20000	528
ITER = 1288	20000	525
ITER = 1289	20000	522
ITER = 1290	20000	519
ITER = 1291	20000	518
ITER = 1292	20000	517
ITER = 1293	20000	514
ITER = 1294	20000	510
ITER = 1295	20000	507
ITER = 1296	20000	499
ITER = 1297	20000	488
ITER = 1298	20000	488
ITER = 1299	20000	481
ITER = 1300	20000	475
ITER = 1301	20000	473
ITER = 1302	20000	472
ITER = 1303	20000	467
ITER = 1304	20000	466
ITER = 1305	20000	466
ITER = 1306	20000	464
ITER = 1307	20000	459
ITER = 1308	20000	455
ITER = 1309	20000	452
ITER = 1310	20000	450
ITER = 1311	20000	446
ITER = 1312	20000	443
ITER = 1313	20000	442
ITER = 1314	20000	439
ITER = 1315	20000	436
ITER = 1316	20000	432
ITER = 1317	20000	427
ITER = 1318	20000	425
ITER = 1319	20000	416
ITER = 1320	20000	415
ITER = 1321	20000	413
ITER = 1322	20000	413
ITER = 1323	20000	413
ITER = 1324	20000	412
ITER = 1325	20000	412
ITER = 1326	20000	412
ITER = 1327	20000	408
ITER = 1328	20000	405
ITER = 1329	20000	403
ITER = 1330	20000	403
ITER = 1331	20000	401
ITER = 1332	20000	396
ITER = 1333	20000	394
ITER = 1334	20000	393
ITER = 1335	20000	391
ITER = 1336	20000	390
ITER = 1337	20000	388
ITER = 1338	20000	388
ITER = 1339	20000	386
ITER = 1340	20000	382
ITER = 1341	20000	382
ITER = 1342	20000	382
ITER = 1343	20000	377
ITER = 1344	20000	375
ITER = 1345	20000	371
ITER = 1346	20000	370
ITER = 1347	20000	364
ITER = 1348	20000	361
ITER = 1349	20000	358
ITER = 1350	20000	357
ITER = 1351	20000	353
ITER = 1352	20000	348
ITER = 1353	20000	345
ITER = 1354	20000	337
ITER = 1355	20000	334
ITER = 1356	20000	332
ITER = 1357	20000	331
ITER = 1358	20000	329
ITER = 1359	20000	325
ITER = 1360	20000	321
ITER = 1361	20000	315
ITER = 1362	20000	310
ITER = 1363	20000	307
ITER = 1364	20000	301
ITER = 1365	20000	292
ITER = 1366	20000	288
ITER = 1367	20000	282
ITER = 1368	20000	279
ITER = 1369	20000	277
ITER = 1370	20000	276
ITER = 1371	20000	268
ITER = 1372	20000	264
ITER = 1373	20000	257
ITER = 1374	20000	255
ITER = 1375	20000	247
ITER = 1376	20000	244
ITER = 1377	20000	243
ITER = 1378	20000	240
ITER = 1379	20000	239
ITER = 1380	20000	238
ITER = 1381	20000	238
ITER = 1382	20000	237
ITER = 1383	20000	235
ITER = 1384	20000	234
ITER = 1385	20000	233
ITER = 1386	20000	232
ITER = 1387	20000	229
ITER = 1388	20000	226
ITER = 1389	20000	226
ITER = 1390	20000	226
ITER = 1391	20000	224
ITER = 1392	20000	223
ITER = 1393	20000	223
ITER = 1394	20000	222
ITER = 1395	20000	222
ITER = 1396	20000	218
ITER = 1397	20000	214
ITER = 1398	20000	213
ITER = 1399	20000	212
ITER = 1400	20000	212
ITER = 1401	20000	211
ITER = 1402	20000	209
ITER = 1403	20000	206
ITER = 1404	20000	205
ITER = 1405	20000	201
ITER = 1406	20000	198
ITER = 1407	20000	197
ITER = 1408	20000	194
ITER = 1409	20000	194
ITER = 1410	20000	193
ITER = 1411	20000	190
ITER = 1412	20000	187
ITER = 1413	20000	184
ITER = 1414	20000	181
ITER = 1415	20000	179
ITER = 1416	20000	178
ITER = 1417	20000	178
ITER = 1418	20000	177
ITER = 1419	20000	173
ITER = 1420	20000	168
ITER = 1421	20000	167
ITER = 1422	20000	164
ITER = 1423	20000	162
ITER = 1424	20000	158
ITER = 1425	20000	154
ITER = 1426	20000	148
ITER = 1427	20000	146
ITER = 1428	20000	143
ITER = 1429	20000	139
ITER = 1430	20000	136
ITER = 1431	20000	133
ITER = 1432	20000	132
ITER = 1433	20000	132
ITER = 1434	20000	129
ITER = 1435	20000	128
ITER = 1436	20000	126
ITER = 1437	20000	122
ITER = 1438	20000	121
ITER = 1439	20000	118
ITER = 1440	20000	116
ITER = 1441	20000	114
ITER = 1442	20000	112
ITER = 1443	20000	108
ITER = 1444	20000	106
ITER = 1445	20000	106
ITER = 1446	20000	106
ITER = 1447	20000	106
ITER = 1448	20000	105
ITER = 1449	20000	102
ITER = 1450	20000	102
ITER = 1451	20000	102
ITER = 1452	20000	102
ITER = 1453	20000	102
ITER = 1454	20000	100
ITER = 1455	20000	98
ITER = 1456	20000	97
ITER = 1457	20000	96
ITER = 1458	20000	94
ITER = 1459	20000	92
ITER = 1460	20000	89
ITER = 1461	20000	88
ITER = 1462	20000	84
ITER = 1463	20000	82
ITER = 1464	20000	77
ITER = 1465	20000	77
ITER = 1466	20000	76
ITER = 1467	20000	76
ITER = 1468	20000	74
ITER = 1469	20000	73
ITER = 1470	20000	73
ITER = 1471	20000	73
ITER = 1472	20000	70
ITER = 1473	20000	69
ITER = 1474	20000	68
ITER = 1475	20000	68
ITER = 1476	20000	67
ITER = 1477	20000	64
ITER = 1478	20000	64
ITER = 1479	20000	64
ITER = 1480	20000	64
ITER = 1481	20000	62
ITER = 1482	20000	58
ITER = 1483	20000	57
ITER = 1484	20000	57
ITER = 1485	20000	56
ITER = 1486	20000	56
ITER = 1487	20000	55
ITER = 1488	20000	55
ITER = 1489	20000	53
ITER = 1490	20000	52
ITER = 1491	20000	51
ITER = 1492	20000	50
ITER = 1493	20000	46
ITER = 1494	20000	46
ITER = 1495	20000	43
ITER = 1496	20000	42
ITER = 1497	20000	41
ITER = 1498	20000	39
ITER = 1499	20000	38
ITER = 1500	20000	37
ITER = 1501	20000	34
ITER = 1502	20000	32
ITER = 1503	20000	31
ITER = 1504	20000	28
ITER = 1505	20000	27
ITER = 1506	20000	27
ITER = 1507	20000	21
ITER = 1508	20000	19
ITER = 1509	20000	18
ITER = 1510	20000	17
ITER = 1511	20000	14
ITER = 1512	20000	11
ITER = 1513	20000	10
ITER = 1514	20000	9
ITER = 1515	20000	9
ITER = 1516	20000	9
ITER = 1517	20000	7
ITER = 1518	20000	5
ITER = 1519	20000	3
ITER = 1520	20000	1
