-0.0879725
-0.085983
-0.0839935
-0.082004
-0.0800145
-0.078025
-0.0760355
-0.074046
-0.0720565
-0.070067
-0.0680775
-0.0660881
-0.0640986
-0.0621091
-0.0601196
-0.0581301
-0.0561406
-0.0541511
-0.0521616
-0.0501721
-0.0481826
-0.0461931
-0.0442036
-0.0422141
-0.0402246
-0.0382352
-0.0362457
-0.0342562
-0.0322667
-0.0302772
-0.0282877
-0.0262982
-0.0243087
-0.0223192
-0.0203297
-0.0183402
-0.0163507
-0.0143612
-0.0123717
-0.0103823
-0.00839276
-0.00640327
-0.00441377
-0.00242428
-0.000434787
0.00155471
0.0035442
0.00553369
0.00752318
0.00951268
0.0115022
0.0134917
0.0154812
0.0174706
0.0194601
0.0214496
0.0234391
0.0254286
0.0274181
0.0294076
0.0313971
0.0333866
0.0353761
0.0373656
0.0393551
0.0413446
0.0433341
0.0453235
0.047313
0.0493025
0.051292
0.0532815
0.055271
0.0572605
0.05925
0.0612395
0.063229
0.0652185
0.067208
0.0691975
0.071187
0.0731764
0.0751659
0.0771554
0.0791449
0.0811344
0.0831239
0.0851134
0.0871029
0.0890924
0.0910819
0.0930714
0.0950609
0.0970504
0.0990399
0.101029
0.103019
0.105008
0.106998
0.108987
0.110977
0.112966
0.114956
