0.158106
0.140539
0.175674
0.158106
0.140539
0.175674
0.175674
0.175674
0.193241
0.228376
0.210808
0.228376
0.228376
0.245943
0.228376
0.298645
0.281078
0.33378
0.316212
0.298645
0.351347
0.33378
0.351347
0.439184
0.386482
0.456751
0.474319
0.509453
0.474319
0.562155
0.579723
0.614857
0.614857
0.632425
0.685127
0.649992
0.702694
0.720262
0.737829
0.720262
0.772964
0.632425
0.825666
0.737829
0.685127
0.614857
0.544588
0.702694
0.667559
0.614857
0.632425
0.562155
0.527021
0.562155
0.474319
0.456751
0.474319
0.404049
0.421617
0.421617
0.33378
0.351347
0.26351
0.386482
0.33378
0.316212
0.316212
0.26351
0.281078
0.281078
0.26351
0.245943
0.210808
0.210808
0.210808
0.175674
0.140539
0.175674
