-0.278008
-0.27797
-0.277931
-0.277892
-0.277853
-0.277814
-0.277776
-0.277737
-0.277698
-0.277659
-0.277621
-0.277582
-0.277543
-0.277504
-0.277465
-0.277427
-0.277388
-0.277349
-0.27731
-0.277271
-0.277233
-0.277194
-0.277155
-0.277116
-0.277077
-0.277039
-0.277
-0.276961
-0.276922
-0.276883
-0.276845
-0.276806
-0.276767
-0.276728
-0.276689
-0.276651
-0.276612
-0.276573
-0.276534
-0.276495
-0.276457
-0.276418
-0.276379
-0.27634
-0.276301
-0.276263
-0.276224
-0.276185
-0.276146
-0.276108
-0.276069
-0.27603
-0.275991
-0.275952
-0.275914
-0.275875
-0.275836
-0.275797
-0.275758
-0.27572
-0.275681
-0.275642
-0.275603
-0.275564
-0.275526
-0.275487
-0.275448
-0.275409
-0.27537
-0.275332
-0.275293
-0.275254
-0.275215
-0.275176
-0.275138
-0.275099
-0.27506
-0.275021
-0.274982
-0.274944
-0.274905
-0.274866
-0.274827
-0.274788
-0.27475
-0.274711
-0.274672
-0.274633
-0.274595
-0.274556
-0.274517
-0.274478
-0.274439
-0.274401
-0.274362
-0.274323
-0.274284
-0.274245
-0.274207
-0.274168
-0.274129
-0.27409
-0.274051
-0.274013
-0.273974
-0.273935
-0.273896
-0.273857
-0.273819
-0.27378
-0.273741
-0.273702
-0.273663
-0.273625
-0.273586
-0.273547
-0.273508
-0.273469
-0.273431
-0.273392
-0.273353
-0.273314
-0.273275
-0.273237
-0.273198
-0.273159
-0.27312
-0.273082
-0.273043
-0.273004
-0.272965
-0.272926
-0.272888
-0.272849
-0.27281
-0.272771
-0.272732
-0.272694
-0.272655
-0.272616
-0.272577
-0.272538
-0.2725
-0.272461
-0.272422
-0.272383
-0.272344
-0.272306
-0.272267
-0.272228
-0.272189
-0.27215
-0.272112
-0.272073
-0.272034
-0.271995
-0.271956
-0.271918
-0.271879
-0.27184
-0.271801
-0.271762
-0.271724
-0.271685
-0.271646
-0.271607
-0.271569
-0.27153
-0.271491
-0.271452
-0.271413
-0.271375
-0.271336
-0.271297
-0.271258
-0.271219
-0.271181
-0.271142
-0.271103
-0.271064
-0.271025
-0.270987
-0.270948
-0.270909
-0.27087
-0.270831
-0.270793
-0.270754
-0.270715
-0.270676
-0.270637
-0.270599
-0.27056
-0.270521
-0.270482
-0.270443
-0.270405
-0.270366
-0.270327
-0.270288
-0.27025
-0.270211
-0.270172
-0.270133
-0.270094
-0.270056
-0.270017
-0.269978
-0.269939
-0.2699
-0.269862
-0.269823
-0.269784
-0.269745
-0.269706
-0.269668
-0.269629
-0.26959
-0.269551
-0.269512
-0.269474
-0.269435
-0.269396
-0.269357
-0.269318
-0.26928
-0.269241
-0.269202
-0.269163
-0.269124
-0.269086
-0.269047
-0.269008
-0.268969
-0.26893
-0.268892
-0.268853
-0.268814
-0.268775
-0.268737
-0.268698
-0.268659
-0.26862
-0.268581
-0.268543
-0.268504
-0.268465
-0.268426
-0.268387
-0.268349
-0.26831
-0.268271
-0.268232
-0.268193
-0.268155
-0.268116
-0.268077
-0.268038
-0.267999
-0.267961
-0.267922
-0.267883
-0.267844
-0.267805
-0.267767
-0.267728
-0.267689
-0.26765
-0.267611
-0.267573
-0.267534
-0.267495
-0.267456
-0.267417
-0.267379
-0.26734
-0.267301
-0.267262
-0.267224
-0.267185
-0.267146
-0.267107
-0.267068
-0.26703
-0.266991
-0.266952
-0.266913
-0.266874
-0.266836
-0.266797
-0.266758
-0.266719
-0.26668
-0.266642
-0.266603
-0.266564
-0.266525
-0.266486
-0.266448
-0.266409
-0.26637
-0.266331
-0.266292
-0.266254
-0.266215
-0.266176
-0.266137
-0.266098
-0.26606
-0.266021
-0.265982
-0.265943
-0.265904
-0.265866
-0.265827
-0.265788
-0.265749
-0.265711
-0.265672
-0.265633
-0.265594
-0.265555
-0.265517
-0.265478
-0.265439
-0.2654
-0.265361
-0.265323
-0.265284
-0.265245
-0.265206
-0.265167
-0.265129
-0.26509
-0.265051
-0.265012
-0.264973
-0.264935
-0.264896
-0.264857
-0.264818
-0.264779
-0.264741
-0.264702
-0.264663
-0.264624
-0.264585
-0.264547
-0.264508
-0.264469
-0.26443
-0.264391
-0.264353
-0.264314
-0.264275
-0.264236
-0.264198
-0.264159
-0.26412
-0.264081
-0.264042
-0.264004
-0.263965
-0.263926
-0.263887
-0.263848
-0.26381
-0.263771
-0.263732
-0.263693
-0.263654
-0.263616
-0.263577
-0.263538
-0.263499
-0.26346
-0.263422
-0.263383
-0.263344
-0.263305
-0.263266
-0.263228
-0.263189
-0.26315
-0.263111
-0.263072
-0.263034
-0.262995
-0.262956
-0.262917
-0.262878
-0.26284
-0.262801
-0.262762
-0.262723
-0.262685
-0.262646
-0.262607
-0.262568
-0.262529
-0.262491
-0.262452
-0.262413
-0.262374
-0.262335
-0.262297
-0.262258
-0.262219
-0.26218
-0.262141
-0.262103
-0.262064
-0.262025
-0.261986
-0.261947
-0.261909
-0.26187
-0.261831
-0.261792
-0.261753
-0.261715
-0.261676
-0.261637
-0.261598
-0.261559
-0.261521
-0.261482
-0.261443
-0.261404
-0.261365
-0.261327
-0.261288
-0.261249
-0.26121
-0.261172
-0.261133
-0.261094
-0.261055
-0.261016
-0.260978
-0.260939
-0.2609
-0.260861
-0.260822
-0.260784
-0.260745
-0.260706
-0.260667
-0.260628
-0.26059
-0.260551
-0.260512
-0.260473
-0.260434
-0.260396
-0.260357
-0.260318
-0.260279
-0.26024
-0.260202
-0.260163
-0.260124
-0.260085
-0.260046
-0.260008
-0.259969
-0.25993
-0.259891
-0.259853
-0.259814
-0.259775
-0.259736
-0.259697
-0.259659
-0.25962
-0.259581
-0.259542
-0.259503
-0.259465
-0.259426
-0.259387
-0.259348
-0.259309
-0.259271
-0.259232
-0.259193
-0.259154
-0.259115
-0.259077
-0.259038
-0.258999
-0.25896
-0.258921
-0.258883
-0.258844
-0.258805
-0.258766
-0.258727
-0.258689
-0.25865
-0.258611
-0.258572
-0.258533
-0.258495
-0.258456
-0.258417
-0.258378
-0.25834
-0.258301
-0.258262
-0.258223
-0.258184
-0.258146
-0.258107
-0.258068
-0.258029
-0.25799
-0.257952
-0.257913
-0.257874
-0.257835
-0.257796
-0.257758
-0.257719
-0.25768
-0.257641
-0.257602
-0.257564
-0.257525
-0.257486
-0.257447
-0.257408
-0.25737
-0.257331
-0.257292
-0.257253
-0.257214
-0.257176
-0.257137
-0.257098
-0.257059
-0.25702
-0.256982
-0.256943
-0.256904
-0.256865
-0.256827
-0.256788
-0.256749
-0.25671
-0.256671
-0.256633
-0.256594
-0.256555
-0.256516
-0.256477
-0.256439
-0.2564
-0.256361
-0.256322
-0.256283
-0.256245
-0.256206
-0.256167
-0.256128
-0.256089
-0.256051
-0.256012
-0.255973
-0.255934
-0.255895
-0.255857
-0.255818
-0.255779
-0.25574
-0.255701
-0.255663
-0.255624
-0.255585
-0.255546
-0.255507
-0.255469
-0.25543
-0.255391
-0.255352
-0.255314
-0.255275
-0.255236
-0.255197
-0.255158
-0.25512
-0.255081
-0.255042
-0.255003
-0.254964
-0.254926
-0.254887
-0.254848
-0.254809
-0.25477
-0.254732
-0.254693
-0.254654
-0.254615
-0.254576
-0.254538
-0.254499
-0.25446
-0.254421
-0.254382
-0.254344
-0.254305
-0.254266
-0.254227
-0.254188
-0.25415
-0.254111
-0.254072
-0.254033
-0.253994
-0.253956
-0.253917
-0.253878
-0.253839
-0.253801
-0.253762
-0.253723
-0.253684
-0.253645
-0.253607
-0.253568
-0.253529
-0.25349
-0.253451
-0.253413
-0.253374
-0.253335
-0.253296
-0.253257
-0.253219
-0.25318
-0.253141
-0.253102
-0.253063
-0.253025
-0.252986
-0.252947
-0.252908
-0.252869
-0.252831
-0.252792
-0.252753
-0.252714
-0.252675
-0.252637
-0.252598
-0.252559
-0.25252
-0.252481
-0.252443
-0.252404
-0.252365
-0.252326
-0.252288
-0.252249
-0.25221
-0.252171
-0.252132
-0.252094
-0.252055
-0.252016
-0.251977
-0.251938
-0.2519
-0.251861
-0.251822
-0.251783
-0.251744
-0.251706
-0.251667
-0.251628
-0.251589
-0.25155
-0.251512
-0.251473
-0.251434
-0.251395
-0.251356
-0.251318
-0.251279
-0.25124
-0.251201
-0.251162
-0.251124
-0.251085
-0.251046
-0.251007
-0.250968
-0.25093
-0.250891
-0.250852
-0.250813
-0.250775
-0.250736
-0.250697
-0.250658
-0.250619
-0.250581
-0.250542
-0.250503
-0.250464
-0.250425
-0.250387
-0.250348
-0.250309
-0.25027
-0.250231
-0.250193
-0.250154
-0.250115
-0.250076
-0.250037
-0.249999
-0.24996
-0.249921
-0.249882
-0.249843
-0.249805
-0.249766
-0.249727
-0.249688
-0.249649
-0.249611
-0.249572
-0.249533
-0.249494
-0.249456
-0.249417
-0.249378
-0.249339
-0.2493
-0.249262
-0.249223
-0.249184
-0.249145
-0.249106
-0.249068
-0.249029
-0.24899
-0.248951
-0.248912
-0.248874
-0.248835
-0.248796
-0.248757
-0.248718
-0.24868
-0.248641
-0.248602
-0.248563
-0.248524
-0.248486
-0.248447
-0.248408
-0.248369
-0.24833
-0.248292
-0.248253
-0.248214
-0.248175
-0.248136
-0.248098
-0.248059
-0.24802
-0.247981
-0.247943
-0.247904
-0.247865
-0.247826
-0.247787
-0.247749
-0.24771
-0.247671
-0.247632
-0.247593
-0.247555
-0.247516
-0.247477
-0.247438
-0.247399
-0.247361
-0.247322
-0.247283
-0.247244
-0.247205
-0.247167
-0.247128
-0.247089
-0.24705
-0.247011
-0.246973
-0.246934
-0.246895
-0.246856
-0.246817
-0.246779
-0.24674
-0.246701
-0.246662
-0.246623
-0.246585
-0.246546
-0.246507
-0.246468
-0.24643
-0.246391
-0.246352
-0.246313
-0.246274
-0.246236
-0.246197
-0.246158
-0.246119
-0.24608
-0.246042
-0.246003
-0.245964
-0.245925
-0.245886
-0.245848
-0.245809
-0.24577
-0.245731
-0.245692
-0.245654
-0.245615
-0.245576
-0.245537
-0.245498
-0.24546
-0.245421
-0.245382
-0.245343
-0.245304
-0.245266
-0.245227
-0.245188
-0.245149
-0.24511
-0.245072
-0.245033
-0.244994
-0.244955
-0.244917
-0.244878
-0.244839
-0.2448
-0.244761
-0.244723
-0.244684
-0.244645
-0.244606
-0.244567
-0.244529
-0.24449
-0.244451
-0.244412
-0.244373
-0.244335
-0.244296
-0.244257
-0.244218
-0.244179
-0.244141
-0.244102
-0.244063
-0.244024
-0.243985
-0.243947
-0.243908
-0.243869
-0.24383
-0.243791
-0.243753
-0.243714
-0.243675
-0.243636
-0.243597
-0.243559
-0.24352
-0.243481
-0.243442
-0.243404
-0.243365
-0.243326
-0.243287
-0.243248
-0.24321
-0.243171
-0.243132
-0.243093
-0.243054
-0.243016
-0.242977
-0.242938
-0.242899
-0.24286
-0.242822
-0.242783
-0.242744
-0.242705
-0.242666
-0.242628
-0.242589
-0.24255
-0.242511
-0.242472
-0.242434
-0.242395
-0.242356
-0.242317
-0.242278
-0.24224
-0.242201
-0.242162
-0.242123
-0.242084
-0.242046
-0.242007
-0.241968
-0.241929
-0.241891
-0.241852
-0.241813
-0.241774
-0.241735
-0.241697
-0.241658
-0.241619
-0.24158
-0.241541
-0.241503
-0.241464
-0.241425
-0.241386
-0.241347
-0.241309
-0.24127
-0.241231
-0.241192
-0.241153
-0.241115
-0.241076
-0.241037
-0.240998
-0.240959
-0.240921
-0.240882
-0.240843
-0.240804
-0.240765
-0.240727
-0.240688
-0.240649
-0.24061
-0.240572
-0.240533
-0.240494
-0.240455
-0.240416
-0.240378
-0.240339
-0.2403
-0.240261
-0.240222
-0.240184
-0.240145
-0.240106
-0.240067
-0.240028
-0.23999
-0.239951
-0.239912
-0.239873
-0.239834
-0.239796
-0.239757
-0.239718
-0.239679
-0.23964
-0.239602
-0.239563
-0.239524
-0.239485
-0.239446
-0.239408
-0.239369
-0.23933
-0.239291
-0.239252
-0.239214
-0.239175
-0.239136
-0.239097
-0.239059
-0.23902
-0.238981
-0.238942
-0.238903
-0.238865
-0.238826
-0.238787
-0.238748
-0.238709
-0.238671
-0.238632
-0.238593
-0.238554
-0.238515
-0.238477
-0.238438
-0.238399
-0.23836
-0.238321
-0.238283
-0.238244
-0.238205
-0.238166
-0.238127
-0.238089
-0.23805
-0.238011
-0.237972
-0.237933
-0.237895
-0.237856
-0.237817
-0.237778
-0.237739
-0.237701
-0.237662
-0.237623
-0.237584
-0.237546
-0.237507
-0.237468
-0.237429
-0.23739
-0.237352
-0.237313
-0.237274
-0.237235
-0.237196
-0.237158
-0.237119
-0.23708
-0.237041
-0.237002
-0.236964
-0.236925
-0.236886
-0.236847
-0.236808
-0.23677
-0.236731
-0.236692
-0.236653
-0.236614
-0.236576
-0.236537
-0.236498
-0.236459
-0.23642
-0.236382
-0.236343
-0.236304
-0.236265
-0.236226
-0.236188
-0.236149
-0.23611
-0.236071
-0.236033
-0.235994
-0.235955
-0.235916
-0.235877
-0.235839
-0.2358
-0.235761
-0.235722
-0.235683
-0.235645
-0.235606
-0.235567
-0.235528
-0.235489
-0.235451
-0.235412
-0.235373
-0.235334
-0.235295
-0.235257
-0.235218
-0.235179
-0.23514
-0.235101
-0.235063
-0.235024
-0.234985
-0.234946
-0.234907
-0.234869
-0.23483
-0.234791
-0.234752
-0.234713
-0.234675
-0.234636
-0.234597
-0.234558
-0.23452
-0.234481
-0.234442
-0.234403
-0.234364
-0.234326
-0.234287
-0.234248
-0.234209
-0.23417
-0.234132
-0.234093
-0.234054
-0.234015
-0.233976
-0.233938
-0.233899
-0.23386
-0.233821
-0.233782
-0.233744
-0.233705
-0.233666
-0.233627
-0.233588
-0.23355
-0.233511
-0.233472
-0.233433
-0.233394
-0.233356
-0.233317
-0.233278
-0.233239
-0.2332
-0.233162
-0.233123
-0.233084
-0.233045
-0.233007
-0.232968
-0.232929
-0.23289
-0.232851
-0.232813
-0.232774
-0.232735
-0.232696
-0.232657
-0.232619
-0.23258
-0.232541
-0.232502
-0.232463
-0.232425
-0.232386
-0.232347
-0.232308
-0.232269
-0.232231
-0.232192
-0.232153
-0.232114
-0.232075
-0.232037
-0.231998
-0.231959
-0.23192
-0.231881
-0.231843
-0.231804
-0.231765
-0.231726
-0.231687
-0.231649
-0.23161
-0.231571
-0.231532
-0.231494
-0.231455
-0.231416
-0.231377
-0.231338
-0.2313
-0.231261
-0.231222
-0.231183
-0.231144
-0.231106
-0.231067
-0.231028
-0.230989
-0.23095
-0.230912
-0.230873
-0.230834
-0.230795
-0.230756
-0.230718
-0.230679
-0.23064
-0.230601
-0.230562
-0.230524
-0.230485
-0.230446
-0.230407
-0.230368
-0.23033
-0.230291
-0.230252
-0.230213
-0.230175
-0.230136
-0.230097
-0.230058
-0.230019
-0.229981
-0.229942
-0.229903
-0.229864
-0.229825
-0.229787
-0.229748
-0.229709
-0.22967
-0.229631
-0.229593
-0.229554
-0.229515
-0.229476
-0.229437
-0.229399
-0.22936
-0.229321
-0.229282
-0.229243
-0.229205
-0.229166
-0.229127
-0.229088
-0.229049
-0.229011
-0.228972
-0.228933
-0.228894
-0.228855
-0.228817
-0.228778
-0.228739
-0.2287
-0.228662
-0.228623
-0.228584
-0.228545
-0.228506
-0.228468
-0.228429
-0.22839
-0.228351
-0.228312
-0.228274
-0.228235
-0.228196
-0.228157
-0.228118
-0.22808
-0.228041
-0.228002
-0.227963
-0.227924
-0.227886
-0.227847
-0.227808
-0.227769
-0.22773
-0.227692
-0.227653
-0.227614
-0.227575
-0.227536
-0.227498
-0.227459
-0.22742
-0.227381
-0.227342
-0.227304
-0.227265
-0.227226
-0.227187
-0.227149
-0.22711
-0.227071
-0.227032
-0.226993
-0.226955
-0.226916
-0.226877
-0.226838
-0.226799
-0.226761
-0.226722
-0.226683
-0.226644
-0.226605
-0.226567
-0.226528
-0.226489
-0.22645
-0.226411
-0.226373
-0.226334
-0.226295
-0.226256
-0.226217
-0.226179
-0.22614
-0.226101
-0.226062
-0.226023
-0.225985
-0.225946
-0.225907
-0.225868
-0.225829
-0.225791
-0.225752
-0.225713
-0.225674
-0.225636
-0.225597
-0.225558
-0.225519
-0.22548
-0.225442
-0.225403
-0.225364
-0.225325
-0.225286
-0.225248
-0.225209
-0.22517
-0.225131
-0.225092
-0.225054
-0.225015
-0.224976
-0.224937
-0.224898
-0.22486
-0.224821
-0.224782
-0.224743
-0.224704
-0.224666
-0.224627
-0.224588
-0.224549
-0.22451
-0.224472
-0.224433
-0.224394
-0.224355
-0.224316
-0.224278
-0.224239
-0.2242
-0.224161
-0.224123
-0.224084
-0.224045
-0.224006
-0.223967
-0.223929
-0.22389
-0.223851
-0.223812
-0.223773
-0.223735
-0.223696
-0.223657
-0.223618
-0.223579
-0.223541
-0.223502
-0.223463
-0.223424
-0.223385
-0.223347
-0.223308
-0.223269
-0.22323
-0.223191
-0.223153
-0.223114
-0.223075
-0.223036
-0.222997
-0.222959
-0.22292
-0.222881
-0.222842
-0.222803
-0.222765
-0.222726
-0.222687
-0.222648
-0.22261
-0.222571
-0.222532
-0.222493
-0.222454
-0.222416
-0.222377
-0.222338
-0.222299
-0.22226
-0.222222
-0.222183
-0.222144
-0.222105
-0.222066
-0.222028
-0.221989
-0.22195
-0.221911
-0.221872
-0.221834
-0.221795
-0.221756
-0.221717
-0.221678
-0.22164
-0.221601
-0.221562
-0.221523
-0.221484
-0.221446
-0.221407
-0.221368
-0.221329
-0.22129
-0.221252
-0.221213
-0.221174
-0.221135
-0.221097
-0.221058
-0.221019
-0.22098
-0.220941
-0.220903
-0.220864
-0.220825
-0.220786
-0.220747
-0.220709
-0.22067
-0.220631
-0.220592
-0.220553
-0.220515
-0.220476
-0.220437
-0.220398
-0.220359
-0.220321
-0.220282
-0.220243
-0.220204
-0.220165
-0.220127
-0.220088
-0.220049
-0.22001
-0.219971
-0.219933
-0.219894
-0.219855
-0.219816
-0.219778
-0.219739
-0.2197
-0.219661
-0.219622
-0.219584
-0.219545
-0.219506
-0.219467
-0.219428
-0.21939
-0.219351
-0.219312
-0.219273
-0.219234
-0.219196
-0.219157
-0.219118
-0.219079
-0.21904
-0.219002
-0.218963
-0.218924
-0.218885
-0.218846
-0.218808
-0.218769
-0.21873
-0.218691
-0.218652
-0.218614
-0.218575
-0.218536
-0.218497
-0.218458
-0.21842
-0.218381
-0.218342
-0.218303
-0.218265
-0.218226
-0.218187
-0.218148
-0.218109
-0.218071
-0.218032
-0.217993
-0.217954
-0.217915
-0.217877
-0.217838
-0.217799
-0.21776
-0.217721
-0.217683
-0.217644
-0.217605
-0.217566
-0.217527
-0.217489
-0.21745
-0.217411
-0.217372
-0.217333
-0.217295
-0.217256
-0.217217
-0.217178
-0.217139
-0.217101
-0.217062
-0.217023
-0.216984
-0.216945
-0.216907
-0.216868
-0.216829
-0.21679
-0.216752
-0.216713
-0.216674
-0.216635
-0.216596
-0.216558
-0.216519
-0.21648
-0.216441
-0.216402
-0.216364
-0.216325
-0.216286
-0.216247
-0.216208
-0.21617
-0.216131
-0.216092
-0.216053
-0.216014
-0.215976
-0.215937
-0.215898
-0.215859
-0.21582
-0.215782
-0.215743
-0.215704
-0.215665
-0.215626
-0.215588
-0.215549
-0.21551
-0.215471
-0.215432
-0.215394
-0.215355
-0.215316
-0.215277
-0.215239
-0.2152
-0.215161
-0.215122
-0.215083
-0.215045
-0.215006
-0.214967
-0.214928
-0.214889
-0.214851
-0.214812
-0.214773
-0.214734
-0.214695
-0.214657
-0.214618
-0.214579
-0.21454
-0.214501
-0.214463
-0.214424
-0.214385
-0.214346
-0.214307
-0.214269
-0.21423
-0.214191
-0.214152
-0.214113
-0.214075
-0.214036
-0.213997
-0.213958
-0.213919
-0.213881
-0.213842
-0.213803
-0.213764
-0.213726
-0.213687
-0.213648
-0.213609
-0.21357
-0.213532
-0.213493
-0.213454
-0.213415
-0.213376
-0.213338
-0.213299
-0.21326
-0.213221
-0.213182
-0.213144
-0.213105
-0.213066
-0.213027
-0.212988
-0.21295
-0.212911
-0.212872
-0.212833
-0.212794
-0.212756
-0.212717
-0.212678
-0.212639
-0.2126
-0.212562
-0.212523
-0.212484
-0.212445
-0.212406
-0.212368
-0.212329
-0.21229
-0.212251
-0.212213
-0.212174
-0.212135
-0.212096
-0.212057
-0.212019
-0.21198
-0.211941
-0.211902
-0.211863
-0.211825
-0.211786
-0.211747
-0.211708
-0.211669
-0.211631
-0.211592
-0.211553
-0.211514
-0.211475
-0.211437
-0.211398
-0.211359
-0.21132
-0.211281
-0.211243
-0.211204
-0.211165
-0.211126
-0.211087
-0.211049
-0.21101
-0.210971
-0.210932
-0.210894
-0.210855
-0.210816
-0.210777
-0.210738
-0.2107
-0.210661
-0.210622
-0.210583
-0.210544
-0.210506
-0.210467
-0.210428
-0.210389
-0.21035
-0.210312
-0.210273
-0.210234
-0.210195
-0.210156
-0.210118
-0.210079
-0.21004
-0.210001
-0.209962
-0.209924
-0.209885
-0.209846
-0.209807
-0.209768
-0.20973
-0.209691
-0.209652
-0.209613
-0.209574
-0.209536
-0.209497
-0.209458
-0.209419
-0.209381
-0.209342
-0.209303
-0.209264
-0.209225
-0.209187
-0.209148
-0.209109
-0.20907
-0.209031
-0.208993
-0.208954
-0.208915
-0.208876
-0.208837
-0.208799
-0.20876
-0.208721
-0.208682
-0.208643
-0.208605
-0.208566
-0.208527
-0.208488
-0.208449
-0.208411
-0.208372
-0.208333
-0.208294
-0.208255
-0.208217
-0.208178
-0.208139
-0.2081
-0.208061
-0.208023
-0.207984
-0.207945
-0.207906
-0.207868
-0.207829
-0.20779
-0.207751
-0.207712
-0.207674
-0.207635
-0.207596
-0.207557
-0.207518
-0.20748
-0.207441
-0.207402
-0.207363
-0.207324
-0.207286
-0.207247
-0.207208
-0.207169
-0.20713
-0.207092
-0.207053
-0.207014
-0.206975
-0.206936
-0.206898
-0.206859
-0.20682
-0.206781
-0.206742
-0.206704
-0.206665
-0.206626
-0.206587
-0.206548
-0.20651
-0.206471
-0.206432
-0.206393
-0.206355
-0.206316
-0.206277
-0.206238
-0.206199
-0.206161
-0.206122
-0.206083
-0.206044
-0.206005
-0.205967
-0.205928
-0.205889
-0.20585
-0.205811
-0.205773
-0.205734
-0.205695
-0.205656
-0.205617
-0.205579
-0.20554
-0.205501
-0.205462
-0.205423
-0.205385
-0.205346
-0.205307
-0.205268
-0.205229
-0.205191
-0.205152
-0.205113
-0.205074
-0.205035
-0.204997
-0.204958
-0.204919
-0.20488
-0.204842
-0.204803
-0.204764
-0.204725
-0.204686
-0.204648
-0.204609
-0.20457
-0.204531
-0.204492
-0.204454
-0.204415
-0.204376
-0.204337
-0.204298
-0.20426
-0.204221
-0.204182
-0.204143
-0.204104
-0.204066
-0.204027
-0.203988
-0.203949
-0.20391
-0.203872
-0.203833
-0.203794
-0.203755
-0.203716
-0.203678
-0.203639
-0.2036
-0.203561
-0.203522
-0.203484
-0.203445
-0.203406
-0.203367
-0.203329
-0.20329
-0.203251
-0.203212
-0.203173
-0.203135
-0.203096
-0.203057
-0.203018
-0.202979
-0.202941
-0.202902
-0.202863
-0.202824
-0.202785
-0.202747
-0.202708
-0.202669
-0.20263
-0.202591
-0.202553
-0.202514
-0.202475
-0.202436
-0.202397
-0.202359
-0.20232
-0.202281
-0.202242
-0.202203
-0.202165
-0.202126
-0.202087
-0.202048
-0.202009
-0.201971
-0.201932
-0.201893
-0.201854
-0.201816
-0.201777
-0.201738
-0.201699
-0.20166
-0.201622
-0.201583
-0.201544
-0.201505
-0.201466
-0.201428
-0.201389
-0.20135
-0.201311
-0.201272
-0.201234
-0.201195
-0.201156
-0.201117
-0.201078
-0.20104
-0.201001
-0.200962
-0.200923
-0.200884
-0.200846
-0.200807
-0.200768
-0.200729
-0.20069
-0.200652
-0.200613
-0.200574
-0.200535
-0.200497
-0.200458
-0.0337797
-0.0337605
-0.0337421
-0.0336987
-0.0335936
-0.0335142
-0.0324956
-0.0324668
-0.0324694
-0.0324336
-0.0323719
-0.0323538
-0.0323153
-0.0322535
-0.0322063
-0.0321592
-0.0320637
-0.0320376
-0.0319983
-0.0319661
-0.0319532
-0.0318885
-0.0318037
-0.0317386
-0.0305668
-0.0305791
-0.0305594
-0.0305225
-0.0304665
-0.0304105
-0.0303696
-0.030303
-0.0302393
-0.0302005
-0.0301398
-0.030107
-0.0300597
-0.0300477
-0.029973
-0.0299458
-0.0298765
-0.029752
-0.0288929
-0.0288967
-0.0288236
-0.0287737
-0.0287295
-0.028684
-0.0286368
-0.028562
-0.0285219
-0.0285071
-0.0284405
-0.0283963
-0.0283785
-0.0283301
-0.0282972
-0.0282015
-0.0281487
-0.0274455
-0.0274185
-0.0273858
-0.0273249
-0.0272803
-0.0272407
-0.0272013
-0.0271397
-0.0271003
-0.0270435
-0.027002
-0.0269653
-0.0269233
-0.0268873
-0.0268301
-0.0267921
-0.026734
-0.0266606
-0.0266499
-0.0266235
-0.026555
-0.026523
-0.0259427
-0.0259003
-0.0258671
-0.0258236
-0.0257853
-0.0257447
-0.0257081
-0.0256712
-0.0256436
-0.0255728
-0.0255144
-0.02432
-0.0242901
-0.0242591
-0.024227
-0.0242094
-0.0241797
-0.0241473
-0.0241145
-0.0240842
-0.0240539
-0.0240227
-0.0239905
-0.023959
-0.0239273
-0.0238961
-0.0238649
-0.0238344
-0.0238049
-0.0237743
-0.0237398
-0.0237092
-0.0236787
-0.023644
-0.0236143
-0.0235844
-0.023549
-0.0235181
-0.0234854
-0.0234538
-0.0234207
-0.0233947
-0.0233634
-0.0233352
-0.0233053
-0.0232775
-0.0232464
-0.0232128
-0.023183
-0.0231511
-0.0231207
-0.02309
-0.0230599
-0.0230296
-0.0229969
-0.0229644
-0.0229333
-0.0229018
-0.0228702
-0.0228389
-0.0228064
-0.0227667
-0.0227362
-0.0227032
-0.0226741
-0.0226439
-0.0226115
-0.0225805
-0.0225478
-0.0225168
-0.0224848
-0.0224535
-0.0224223
-0.0223904
-0.0223602
-0.0223254
-0.0222963
-0.0222649
-0.0222317
-0.0222012
-0.0221715
-0.0221372
-0.0221036
-0.0220712
-0.022039
-0.0220075
-0.0219766
-0.0219524
-0.0219222
-0.0218882
-0.0218567
-0.0218254
-0.0217909
-0.0217594
-0.0217285
-0.0216962
-0.0216648
-0.0216341
-0.0216017
-0.0215687
-0.021536
-0.0215064
-0.0214741
-0.0214432
-0.0214103
-0.0213788
-0.0213453
-0.0213135
-0.0212799
-0.0212476
-0.0212153
-0.0211834
-0.0211517
-0.0211206
-0.0210874
-0.0210528
-0.021021
-0.0209898
-0.0209567
-0.0209238
-0.0208921
-0.0208491
-0.0208154
-0.0207841
-0.0207523
-0.0207225
-0.0206911
-0.0206576
-0.020623
-0.0205907
-0.020558
-0.0205259
-0.0204953
-0.0204618
-0.020429
-0.0203933
-0.0203661
-0.0203381
-0.0203062
-0.020271
-0.0202417
-0.0202085
-0.0201762
-0.020143
-0.0201132
-0.0200802
-0.0200464
-0.0200125
-0.0199799
-0.0199477
-0.0199159
-0.019881
-0.0198476
-0.0198133
-0.0197805
-0.0197475
-0.0197152
-0.0196831
-0.0196494
-0.019616
-0.0195816
-0.0195501
-0.0195176
-0.0194835
-0.0194509
-0.0194177
-0.0193857
-0.0193516
-0.0193179
-0.0192847
-0.0192522
-0.0192178
-0.0191854
-0.0191507
-0.0191185
-0.0190862
-0.0190508
-0.0190174
-0.0189843
-0.0189506
-0.0189165
-0.0188835
-0.0188498
-0.0188159
-0.0187828
-0.0187431
-0.0187081
-0.0186755
-0.0186431
-0.0186154
-0.0185806
-0.0185477
-0.0185136
-0.0184944
-0.0184611
-0.0184243
-0.0183899
-0.0183575
-0.0183234
-0.0182928
-0.0182593
-0.0182257
-0.0181914
-0.0181584
-0.0181255
-0.0180902
-0.0180567
-0.0180238
-0.0179868
-0.0179547
-0.0179213
-0.0178874
-0.0178532
-0.0178196
-0.0177778
-0.0177441
-0.0177103
-0.0176772
-0.0176445
-0.0176099
-0.0175764
-0.0175425
-0.017506
-0.017472
-0.0174379
-0.0174043
-0.0173692
-0.0173332
-0.017299
-0.0172657
-0.0172322
-0.0172064
-0.0171705
-0.0171272
-0.0170933
-0.0170589
-0.0170243
-0.0169892
-0.0169539
-0.0169203
-0.016886
-0.0168507
-0.0168214
-0.0167879
-0.0167525
-0.0167192
-0.0166847
-0.0166469
-0.0166131
-0.0165726
-0.0165419
-0.0165081
-0.0164729
-0.0164386
-0.0164051
-0.0163727
-0.0163363
-0.0163006
-0.0162676
-0.0162317
-0.0161966
-0.016161
-0.016127
-0.0160954
-0.0160521
-0.0160186
-0.0159836
-0.0159482
-0.0159111
-0.015877
-0.0158423
-0.015808
-0.0157712
-0.015742
-0.015705
-0.0156703
-0.0156361
-0.0155995
-0.0155648
-0.0155291
-0.0154932
-0.0154578
-0.0154228
-0.0153881
-0.0153475
-0.0153199
-0.0152841
-0.015248
-0.0152133
-0.0151755
-0.0151452
-0.0151117
-0.0150773
-0.0150423
-0.0150062
-0.0149658
-0.0149314
-0.0148955
-0.0148707
-0.0148329
-0.0147982
-0.014762
-0.014727
-0.0146922
-0.014658
-0.0146233
-0.0145862
-0.0145509
-0.0145156
-0.0144809
-0.0144453
-0.0144096
-0.0143748
-0.0143388
-0.0143008
-0.014265
-0.0142304
-0.0141931
-0.0141576
-0.0141204
-0.0140839
-0.0140519
-0.0140167
-0.0139811
-0.0139449
-0.0139089
-0.0138727
-0.0138347
-0.0137987
-0.0137636
-0.0137251
-0.0136921
-0.0136566
-0.0136185
-0.013584
-0.0135478
-0.0135168
-0.0134797
-0.0134441
-0.0134076
-0.0133711
-0.013334
-0.0132981
-0.0132626
-0.0132262
-0.01319
-0.0131536
-0.0131166
-0.0130805
-0.0130481
-0.013013
-0.0129769
-0.0129402
-0.0128976
-0.0128625
-0.0128266
-0.0127915
-0.0127591
-0.0127231
-0.0126866
-0.0126489
-0.0126064
-0.0125706
-0.0125354
-0.0124979
-0.0124615
-0.0124249
-0.0123895
-0.012352
-0.0123154
-0.0122801
-0.0122431
-0.0122064
-0.0121695
-0.0121325
-0.0120965
-0.0120607
-0.0120194
-0.0119839
-0.0119462
-0.0119096
-0.0118728
-0.0118371
-0.0118034
-0.0117662
-0.0117311
-0.011694
-0.0116563
-0.0116199
-0.0115845
-0.0115472
-0.0115084
-0.0114735
-0.0114361
-0.0113987
-0.011363
-0.011326
-0.0112888
-0.0112566
-0.01122
-0.0111824
-0.0111454
-0.0111097
-0.0110731
-0.0110343
-0.0109967
-0.0109624
-0.0109242
-0.0108869
-0.0108496
-0.0108117
-0.010775
-0.0107392
-0.0107023
-0.0106647
-0.010627
-0.0105898
-0.0105537
-0.0105166
-0.0104801
-0.0104415
-0.0104049
-0.0103668
-0.0103295
-0.0102864
-0.0102513
-0.0102134
-0.0101776
-0.0101384
-0.0100992
-0.0100636
-0.0100292
-0.00999073
-0.00995154
-0.0099138
-0.00987636
-0.00983878
-0.00980353
-0.00976697
-0.00972917
-0.00968964
-0.00965241
-0.00961527
-0.00957753
-0.00953896
-0.00950184
-0.00946396
-0.00942627
-0.00939011
-0.00935243
-0.00931328
-0.00927555
-0.00923975
-0.00920553
-0.00916644
-0.00912936
-0.00909148
-0.0090507
-0.00901306
-0.00897542
-0.00893866
-0.00890181
-0.00886437
-0.00882685
-0.00878885
-0.00875166
-0.00871396
-0.00867582
-0.0086386
-0.00860023
-0.00856318
-0.00852504
-0.00848507
-0.0084484
-0.00841132
-0.0083718
-0.00833464
-0.00829695
-0.00825903
-0.00822136
-0.00818393
-0.00814393
-0.00810479
-0.00806758
-0.00802848
-0.00799164
-0.00795142
-0.00791375
-0.00787747
-0.00783768
-0.00780334
-0.00776526
-0.00771892
-0.00768881
-0.00765066
-0.00761292
-0.00758202
-0.00754367
-0.00750409
-0.00746777
-0.00742955
-0.00739183
-0.00735415
-0.00731424
-0.00727762
-0.00723926
-0.00720101
-0.0071627
-0.00712402
-0.00708634
-0.007046
-0.00700857
-0.00696988
-0.00693107
-0.00689109
-0.00685432
-0.00682427
-0.00678535
-0.00674854
-0.00670812
-0.00667116
-0.00663134
-0.00659308
-0.0065553
-0.00651684
-0.00647233
-0.00643295
-0.00639523
-0.00635671
-0.00631342
-0.00628135
-0.00624332
-0.00620522
-0.00616573
-0.00612666
-0.00608907
-0.00604999
-0.00600642
-0.005969
-0.00592904
-0.00589115
-0.00585697
-0.00581669
-0.00578269
-0.0057459
-0.0057092
-0.00567023
-0.0056315
-0.00559303
-0.00555329
-0.00551435
-0.00547511
-0.00543484
-0.00539529
-0.00535048
-0.00531081
-0.00527131
-0.00523319
-0.00519418
-0.00515201
-0.0051217
-0.00508313
-0.00504405
-0.00500414
-0.00496721
-0.00493117
-0.00489359
-0.0048545
-0.00481408
-0.0047741
-0.00473547
-0.00469388
-0.00464822
-0.00460942
-0.00457103
-0.0045313
-0.00449201
-0.00445184
-0.00440514
-0.00436591
-0.00432749
-0.00428933
-0.00425653
-0.00422402
-0.00418684
-0.00414854
-0.00410871
-0.00407011
-0.0040257
-0.00398764
-0.00394763
-0.00390895
-0.00386901
-0.0038296
-0.00379029
-0.00375099
-0.00371182
-0.00367182
-0.00363353
-0.00359405
-0.00355585
-0.00351958
-0.00348028
-0.00344141
-0.00340308
-0.00336399
-0.0033255
-0.00328642
-0.00324707
-0.00320503
-0.00316581
-0.0031267
-0.00308734
-0.00304722
-0.00300757
-0.00296835
-0.00292962
-0.00288988
-0.00285057
-0.00281213
-0.0027725
-0.00273273
-0.00269249
-0.00265488
-0.00261611
-0.0025766
-0.0025488
-0.00250825
-0.00246821
-0.00242917
-0.00238885
-0.00234824
-0.00230934
-0.00226853
-0.00222763
-0.00218801
-0.00214821
-0.00211211
-0.00207213
-0.0020314
-0.00199339
-0.0019534
-0.00191542
-0.00187524
-0.00183732
-0.00179903
-0.00175843
-0.00171929
-0.00167953
-0.00163963
-0.00159886
-0.00156103
-0.00152202
-0.00148223
-0.00144275
-0.00140297
-0.00136326
-0.00132565
-0.00128545
-0.00124509
-0.0012046
-0.00116443
-0.00112286
-0.00108231
-0.00104348
-0.00100375
-0.000963927
-0.000924227
-0.000884732
-0.000849684
-0.00081039
-0.000768624
-0.000728419
-0.00068818
-0.000648336
-0.000608492
-0.000569529
-0.000530134
-0.000489737
-0.000450147
-0.000411536
-0.000371502
-0.000331059
-0.00029139
-0.00026178
-0.000222052
-0.00017238
-0.000132438
-9.22161e-05
-5.37992e-05
-1.73374e-05
2.29222e-05
6.34863e-05
0.000105197
0.000144389
0.000184241
0.000222392
0.000261538
0.000300321
0.000349797
0.000382665
0.000423131
0.00046225
0.000503488
0.000543619
0.000583419
0.000622738
0.000661051
0.000700205
0.00074194
0.000781581
0.000817638
0.000858109
0.000897157
0.000937383
0.000973943
0.00101468
0.001056
0.00109678
0.00113442
0.00117516
0.00121552
0.00125485
0.00129332
0.00133482
0.00137545
0.00141436
0.00145353
0.00149301
0.00153407
0.00157479
0.00161459
0.00165366
0.00169491
0.00173614
0.00177494
0.00181688
0.00185571
0.00189571
0.00193701
0.00197609
0.00201543
0.00205496
0.00209461
0.00214197
0.00218156
0.00222187
0.00226142
0.00230008
0.0023421
0.00238687
0.00242793
0.00246725
0.00250777
0.00254942
0.00258994
0.00263402
0.00267721
0.00272091
0.00276013
0.00280703
0.00284628
0.00288468
0.00292426
0.00296262
0.00300182
0.00304098
0.00306371
0.0031027
0.00314869
0.00318727
0.00322523
0.00326494
0.00330379
0.0033457
0.00339144
0.00343793
0.00347765
0.00351667
0.00356081
0.00360326
0.00364335
0.00368403
0.00372384
0.0037673
0.00380615
0.00384693
0.00388642
0.00393178
0.00397297
0.00401786
0.0040579
0.00410213
0.00414526
0.00418782
0.00423504
0.00428269
0.00433437
0.00438714
0.00442976
0.00446906
0.00450804
0.00454788
0.00458685
0.00462589
0.00466633
0.00470512
0.00474475
0.00478437
0.00482385
0.00486409
0.00490381
0.00494388
0.00498494
0.00502477
0.00506262
0.00510313
0.00514265
0.00518283
0.00522233
0.00526284
0.00530313
0.0053429
0.00538353
0.00542368
0.00546363
0.00550537
0.0055455
0.00558641
0.00562758
0.00566472
0.00570456
0.00574577
0.0057782
0.00581806
0.00585951
0.00590026
0.00593453
0.0059744
0.00601484
0.00605483
0.00609535
0.00613596
0.00617762
0.00621949
0.00626003
0.00630804
0.00634958
0.00638964
0.00642994
0.00647263
0.00651448
0.00655475
0.00659574
0.00663701
0.00667916
0.00671915
0.00675911
0.00680004
0.00684146
0.00688328
0.00692292
0.00696474
0.00700546
0.00703681
0.00707695
0.00711841
0.00716031
0.00720058
0.00724098
0.00728141
0.00732372
0.00736521
0.00740676
0.00744715
0.00748773
0.00753364
0.00757369
0.00761517
0.00765496
0.00769553
0.00773717
0.00778214
0.00782343
0.00786576
0.00790681
0.007945
0.00799113
0.00803254
0.00807536
0.00811816
0.00815939
0.00820006
0.0082432
0.00828549
0.00832743
0.00836861
0.00842589
0.00848462
0.00852777
0.00857176
0.00861298
0.00865473
0.00866344
0.00870135
0.00874191
0.00878323
0.00882814
0.00887274
0.0089149
0.00895722
0.00899816
0.00904005
0.00908057
0.00912183
0.00916506
0.00921065
0.00925405
0.00929628
0.00933945
0.00938072
0.00942198
0.00946264
0.0095063
0.00955008
0.00959474
0.00963743
0.00968025
0.00972216
0.00976451
0.00980398
0.00984778
0.00988905
0.00993385
0.00997942
0.0100189
0.0100741
0.0101169
0.010159
0.0101993
0.0102433
0.010285
0.0103276
0.0103583
0.0104039
0.0104476
0.0104903
0.0105321
0.0105743
0.0106174
0.0106594
0.010695
0.0107365
0.0107794
0.0108269
0.010874
0.0109188
0.010964
0.0110039
0.0110363
0.01107
0.0111137
0.0111685
0.0112117
0.0112604
0.0113046
0.0113468
0.011389
0.0114324
0.0114681
0.0115087
0.0115526
0.0115929
0.0116358
0.0116857
0.0117297
0.0117703
0.0118129
0.0118691
0.0119129
0.0119528
0.0119957
0.0120463
0.0120881
0.0121322
0.0121684
0.0122109
0.0122528
0.0122983
0.0123548
0.0123995
0.0124461
0.0124813
0.0125334
0.0125828
0.0126142
0.0126609
0.0127064
0.0127488
0.0127927
0.0128348
0.0128773
0.0129207
0.0129643
0.0130083
0.0130502
0.0130934
0.0131381
0.0131788
0.0132209
0.0132607
0.0133035
0.0133486
0.0133905
0.0134329
0.0134763
0.0135313
0.0135736
0.0136176
0.0136589
0.0137031
0.0137464
0.0137892
0.0138315
0.0138746
0.0139171
0.0139598
0.0140043
0.0140472
0.0140887
0.0141321
0.0141755
0.0142188
0.0142613
0.014278
0.0143202
0.0143636
0.0144057
0.0144492
0.0144928
0.0145364
0.0145779
0.0146208
0.0146659
0.01471
0.014752
0.0147948
0.0148403
0.0148814
0.0149257
0.0149687
0.0150132
0.0150549
0.015099
0.0151417
0.0151854
0.0152282
0.0152701
0.0153156
0.0153559
0.0153991
0.0154456
0.0154882
0.015529
0.01557
0.0156132
0.0156581
0.015702
0.0157457
0.0157897
0.0158336
0.0158773
0.0159211
0.0159655
0.0160087
0.0160515
0.0160963
0.0161386
0.016181
0.0162236
0.0162693
0.0163131
0.0163551
0.0163992
0.016441
0.0164878
0.0165308
0.0165745
0.0166165
0.0166608
0.0167069
0.0167487
0.0167937
0.0168387
0.0168829
0.0169269
0.0169693
0.0170117
0.0170554
0.0170976
0.0171431
0.0171797
0.0172287
0.0172724
0.0173138
0.0173607
0.0174025
0.0174476
0.0174927
0.0175381
0.0175827
0.0176251
0.0176681
0.0177127
0.0177588
0.0177976
0.0178434
0.0178882
0.017932
0.0179975
0.0180406
0.0180821
0.0181241
0.0181496
0.0181884
0.018233
0.0182774
0.0183212
0.0183655
0.0184104
0.0184547
0.0184983
0.0185419
0.0185875
0.0186324
0.0186763
0.0187194
0.018765
0.0188092
0.0188533
0.0188933
0.0189401
0.0189836
0.0190238
0.0190696
0.0191155
0.0191577
0.0192031
0.0192459
0.0192901
0.0193337
0.0193791
0.0194241
0.0194678
0.0195126
0.019558
0.0195976
0.0196412
0.0196879
0.0197312
0.0197765
0.0198194
0.0198678
0.0199149
0.0199556
0.02
0.0200456
0.020092
0.020136
0.0201818
0.020228
0.0202721
0.0203097
0.0203547
0.0204011
0.0204449
0.0204864
0.0205311
0.020579
0.0206188
0.0206661
0.0207152
0.0207586
0.0207954
0.0208442
0.0208917
0.0209332
0.0209759
0.0210231
0.0210695
0.0211169
0.0211579
0.0212041
0.0212497
0.0212963
0.0213427
0.0213822
0.0214256
0.0214726
0.0215574
0.0216026
0.0216468
0.0216917
0.0217355
0.0217787
0.0218251
0.0218737
0.0218868
0.0219294
0.0219768
0.0220132
0.0220579
0.0221041
0.0221504
0.0221965
0.0222423
0.0222877
0.0223329
0.0223769
0.022422
0.0224696
0.0225169
0.0225611
0.022608
0.0226497
0.0226947
0.0227412
0.022785
0.022832
0.0228819
0.0229224
0.0229684
0.0230169
0.0230611
0.0231058
0.0231482
0.0231946
0.0232438
0.0232872
0.0233323
0.0233798
0.023427
0.0234752
0.0235205
0.0235674
0.023615
0.0236573
0.0237058
0.0237538
0.0237963
0.0238434
0.0238947
0.0239397
0.0239782
0.0240247
0.0240742
0.0241183
0.0241647
0.0242118
0.0242607
0.0243392
0.0243877
0.0244344
0.024477
0.0245208
0.0245674
0.0246144
0.0246589
0.0247061
0.0247552
0.024773
0.0248186
0.0248647
0.0249072
0.0249596
0.0250134
0.0250568
0.0251003
0.0251456
0.0251912
0.0252351
0.0252776
0.0253255
0.0253702
0.0254168
0.0254671
0.0255153
0.0255622
0.0256075
0.0256535
0.0257026
0.0257508
0.0258001
0.0258441
0.0258925
0.0259356
0.0259857
0.02603
0.0260811
0.0261293
0.0261757
0.0262377
0.0262838
0.0263295
0.0263776
0.0264299
0.0264752
0.0265218
0.0265475
0.0265905
0.0266376
0.0266853
0.0267274
0.0267764
0.0268339
0.0268784
0.0269253
0.0269691
0.0270206
0.027063
0.0271106
0.027158
0.0272037
0.0272437
0.0272944
0.0273414
0.0273893
0.0274424
0.0275118
0.0275541
0.0275967
0.0276482
0.0276944
0.0277438
0.0277903
0.0278309
0.0278839
0.0279331
0.0279776
0.0280309
0.0280785
0.0281127
0.0281576
0.0282092
0.0282723
0.028331
0.0283824
0.0284363
0.0284836
0.0285293
0.0285703
0.0286193
0.0286648
0.0287021
0.028752
0.0287912
0.0288407
0.0288882
0.0289356
0.0289845
0.0290324
0.0290781
0.0291242
0.0291741
0.0292148
0.0292635
0.0293117
0.0293587
0.0294045
0.0294512
0.029499
0.0295552
0.0296041
0.0296529
0.0296988
0.0297449
0.0297889
0.0298362
0.0298774
0.0299327
0.0299791
0.0300245
0.030071
0.0301215
0.0301718
0.0302208
0.0302646
0.0303129
0.0303603
0.0304094
0.0304593
0.0305085
0.0305531
0.0305978
0.0306451
0.0306957
0.0307409
0.0307963
0.0308468
0.0308948
0.0309402
0.0309852
0.0310368
0.0310799
0.0311294
0.0311767
0.0312297
0.0312795
0.0313231
0.0313705
0.0314142
0.0314639
0.0315042
0.0315545
0.0316101
0.0316613
0.0317091
0.0317529
0.0318021
0.0318507
0.0319
0.0319523
0.0319977
0.0320449
0.0320946
0.0321422
0.0321921
0.0322424
0.0322858
0.0323342
0.0323804
0.0324335
0.0324814
0.0325283
0.0325785
0.0326275
0.032676
0.0327268
0.0327796
0.0328275
0.0328751
0.032925
0.0329713
0.0330199
0.0330653
0.0331198
0.0331757
0.0332262
0.0332752
0.0333263
0.03337
0.0334182
0.0334688
0.0335165
0.0335542
0.0336034
0.0336521
0.0337006
0.0337518
0.0338077
0.0338549
0.0339045
0.0339557
0.0340067
0.0340668
0.0341031
0.0341495
0.034194
0.034246
0.0342982
0.0343479
0.0344103
0.0344601
0.0345038
0.0345524
0.0345962
0.0346479
0.0346994
0.0347495
0.0348027
0.0348532
0.0349043
0.0349553
0.0350038
0.0350555
0.0351003
0.0351526
0.0352
0.0352518
0.0352989
0.0353437
0.0353941
0.0354478
0.0354995
0.0355517
0.0356007
0.0356539
0.0357144
0.0357648
0.0358047
0.0358566
0.0359064
0.0359542
0.0360047
0.0360522
0.0360999
0.0361506
0.0362067
0.0362611
0.0363087
0.0363629
0.0364063
0.036456
0.0365058
0.0365551
0.0366062
0.036655
0.0367042
0.0367544
0.0368082
0.0368581
0.0369092
0.0369614
0.0370107
0.0370572
0.037115
0.0371462
0.0372045
0.0372592
0.0373058
0.0373554
0.0374081
0.0374624
0.0375202
0.0375723
0.0376234
0.037678
0.0377298
0.0377773
0.0378327
0.0378861
0.0379304
0.0379845
0.038035
0.0380846
0.0381274
0.0381778
0.0382305
0.0382911
0.0383452
0.0383975
0.0384397
0.0384925
0.0385384
0.038593
0.038646
0.0386982
0.0387503
0.038806
0.0388523
0.038906
0.0389605
0.0390135
0.0390659
0.0391155
0.0391668
0.039218
0.0392671
0.0393207
0.0393668
0.0394187
0.039472
0.0395253
0.0395754
0.0396274
0.0396759
0.0397252
0.0397739
0.0398234
0.0398673
0.0399282
0.0399794
0.0400353
0.0400924
0.040141
0.040201
0.0402547
0.0403059
0.0403749
0.0404347
0.0404873
0.0405391
0.0405921
0.0406461
0.0407044
0.0407511
0.0408047
0.040847
0.0409075
0.0409601
0.0410136
0.041029
0.0410772
0.0411326
0.0411873
0.0412427
0.0412985
0.0413518
0.0414061
0.0414568
0.0415105
0.0415654
0.0416209
0.0416743
0.0417273
0.0417822
0.0418333
0.0418737
0.0419159
0.041967
0.0420234
0.0420795
0.0421295
0.0421874
0.0422537
0.0423114
0.042364
0.0424096
0.0424567
0.0425178
0.0425729
0.0426292
0.042678
0.0427305
0.0427829
0.0428319
0.0428893
0.0429499
0.0430048
0.0430672
0.0431196
0.0431835
0.0432395
0.0432911
0.0433448
0.0433964
0.0434524
0.0435099
0.0435827
0.0436345
0.0436916
0.0437328
0.0437846
0.0438434
0.0439193
0.0439807
0.0440377
0.0440884
0.0441489
0.0441979
0.04425
0.0442993
0.0443513
0.0444057
0.0444662
0.0445276
0.044589
0.0446448
0.044693
0.0447331
0.0447916
0.0448778
0.0449371
0.0449821
0.0450295
0.0450862
0.0451439
0.0452025
0.0452325
0.0452893
0.0453532
0.0454143
0.0454727
0.0455274
0.0455856
0.0456362
0.0456906
0.0457439
0.0458077
0.0458707
0.0459297
0.0459794
0.0460264
0.0460745
0.0461321
0.0461858
0.046252
0.0463273
0.0463836
0.046424
0.0464915
0.0465544
0.0465995
0.0466559
0.0467121
0.0467738
0.0468253
0.046884
0.0469368
0.0469938
0.0470462
0.0471092
0.047172
0.0472293
0.0472976
0.04736
0.0474145
0.0474828
0.0475392
0.0476018
0.0476961
0.0477559
0.0477956
0.0478578
0.0479068
0.047971
0.0480287
0.048089
0.0481398
0.0482047
0.0482671
0.0483316
0.0483833
0.0484567
0.0485169
0.0485793
0.0486424
0.0487024
0.0487453
0.0488051
0.0488439
0.0489088
0.0489654
0.0490479
0.0491147
0.0491704
0.0492193
0.0492802
0.0493402
0.0494128
0.0494678
0.0495143
0.0495708
0.0496343
0.0496897
0.0497419
0.0497902
0.0498694
0.0499332
0.0499986
0.0500534
0.0501092
0.0501767
0.0502514
0.0503131
0.0503707
0.0504556
0.0504985
0.0505757
0.0506377
0.0507033
0.0507711
0.0508356
0.050881
0.0509311
0.051003
0.0510667
0.0511434
0.0512036
0.0512701
0.051325
0.0513926
0.0514512
0.0515243
0.0515835
0.0516511
0.051714
0.0517632
0.0518369
0.0518754
0.0519522
0.0520247
0.0520914
0.0521528
0.052217
0.0522819
0.0523223
0.0523808
0.0524286
0.0524947
0.0525876
0.052652
0.0527189
0.0527765
0.0528359
0.0529088
0.0529773
0.053055
0.0531396
0.0532157
0.0532607
0.0533359
0.0533991
0.0534684
0.0535295
0.053599
0.0536534
0.0537322
0.0538049
0.0538706
0.053942
0.0539654
0.0540428
0.0541146
0.0541867
0.0542613
0.0543324
0.0543906
0.0544638
0.0586764
0.0587556
0.0601564
0.0603674
0.060373
0.0605803
0.0607794
0.0608905
0.0610027
0.0611451
0.0613991
0.0615996
0.0617639
0.0619618
0.0621428
0.0755131
0.0764002
0.0771473
0.0776268
0.0708441
0.0781432
0.0782587
0.0779241
0.0778531
0.077993
0.0780752
0.078371
0.0787259
0.0789158
0.0795257
0.0798192
0.0803613
0.080976
0.0817838
0.0824726
0.0828418
0.0907149
0.0898779
0.089342
0.0883395
0.0882612
0.0877937
0.0874667
0.087867
0.0875698
0.0877776
0.0880373
0.0885094
0.0886697
0.0894365
0.0898334
0.0816311
0.0737122
0.0810987
0.0803864
0.0800689
0.079924
0.0796953
0.0792474
0.0793181
0.0793197
0.0791706
0.0793024
0.0795863
0.079784
0.0800198
0.0684541
0.0722292
0.071697
0.0713692
0.0713012
0.0711506
0.0709352
0.0709321
0.0709468
0.0709774
0.0710253
0.0711649
0.0700121
0.0673452
0.0672228
0.0670036
0.0668962
0.0668004
0.0667779
0.0667986
0.0668176
0.066883
0.0669178
0.0663488
