0.136748
0.113957
0.113957
0.136748
0.113957
0.113957
0.113957
0.136748
0.113957
0.113957
0.113957
0.113957
0.136748
0.136748
0.113957
0.136748
0.113957
0.136748
0.113957
0.136748
0.136748
0.113957
0.136748
0.136748
0.113957
0.136748
0.136748
0.136748
0.136748
0.136748
0.136748
0.136748
0.136748
0.113957
0.136748
0.136748
0.136748
0.136748
0.136748
0.136748
0.136748
0.15954
0.136748
0.136748
0.136748
0.15954
0.136748
0.136748
0.136748
0.15954
0.136748
0.136748
0.136748
0.15954
0.136748
0.136748
0.15954
0.15954
0.136748
0.136748
0.15954
0.136748
0.15954
0.136748
0.15954
0.136748
0.15954
0.136748
0.15954
0.136748
0.15954
0.15954
0.136748
0.15954
0.15954
0.136748
0.15954
0.15954
0.15954
0.136748
0.15954
0.15954
0.15954
0.136748
0.15954
0.15954
0.15954
0.15954
0.15954
0.136748
0.15954
0.15954
0.15954
0.15954
0.15954
0.15954
0.15954
0.136748
0.182331
0.15954
0.15954
0.15954
0.136748
0.15954
0.15954
0.15954
0.15954
0.15954
0.15954
0.15954
0.15954
0.15954
0.15954
0.136748
0.182331
0.15954
0.15954
0.15954
0.15954
0.15954
0.15954
0.15954
0.182331
0.15954
0.15954
0.15954
0.182331
0.15954
0.182331
0.15954
0.182331
0.15954
0.182331
0.15954
0.182331
0.182331
0.182331
0.182331
0.182331
0.15954
0.182331
0.182331
0.205123
0.182331
0.182331
0.182331
0.182331
0.205123
0.182331
0.205123
0.182331
0.205123
0.182331
0.205123
0.205123
0.205123
0.205123
0.205123
0.227914
0.205123
0.227914
0.205123
0.227914
0.227914
0.227914
0.250705
0.227914
0.250705
0.250705
0.250705
0.250705
0.273497
0.250705
0.273497
0.273497
0.273497
0.29182
0.268566
0.30417
0.28037
0.293765
0.289742
0.284406
0.316822
0.292855
0.286353
0.317989
0.294728
0.306831
0.321299
0.33014
0.324714
0.320286
0.349027
0.327525
0.358099
0.35077
0.361805
0.388361
0.384348
0.427559
0.426878
0.458486
0.47629
0.496885
0.535527
0.578483
0.591917
0.639351
0.674162
0.689535
0.745622
0.748741
0.821934
0.882338
0.93563
0.972366
0.920977
0.888009
0.860085
0.793922
0.790658
0.729826
0.709848
0.674867
0.644323
0.61695
0.591168
0.582955
0.559735
0.554074
0.517708
0.513928
0.510815
0.492733
0.475444
0.473834
0.457376
0.456781
0.441136
0.440794
0.425616
0.425627
0.411053
0.411451
0.397133
0.398204
0.383922
0.385817
0.386869
0.358562
0.3749
0.362207
0.347224
0.365988
0.351317
0.337701
0.35602
0.326102
0.344981
0.344978
0.333303
0.334134
0.336333
0.323414
0.323431
0.328417
0.312833
0.312815
0.31998
0.320016
0.303978
0.327828
0.309611
0.293765
0.31761
0.298957
0.28185
0.326461
0.307267
0.269479
0.316729
0.296987
0.296975
0.305128
0.286733
0.286751
0.276441
0.318969
0.297713
0.276455
0.286322
0.288172
0.288201
0.24389
0.319079
0.273497
0.273497
0.250705
0.296288
0.250705
0.273497
0.227914
0.273497
0.250705
0.250705
0.227914
0.227914
0.227914
0.227914
0.227914
0.205123
0.227914
0.205123
0.205123
0.15954
0.227914
0.182331
0.205123
0.182331
0.182331
0.182331
0.15954
0.205123
0.15954
0.182331
0.15954
0.136748
0.182331
0.136748
0.15954
0.15954
0.136748
0.15954
0.136748
0.136748
0.136748
0.136748
0.136748
0.136748
0.136748
0.136748
0.113957
0.113957
0.113957
0.113957
