-0.212561
-0.211562
-0.210564
-0.209565
-0.208566
-0.207568
-0.206569
-0.20557
-0.204572
-0.203573
-0.202575
-0.201576
-0.200577
-0.199579
-0.19858
-0.197581
-0.196583
-0.195584
-0.194585
-0.193587
-0.192588
-0.19159
-0.190591
-0.189592
-0.188594
-0.187595
-0.186596
-0.185598
-0.184599
-0.1836
-0.182602
-0.181603
-0.180605
-0.179606
-0.178607
-0.177609
-0.17661
-0.175611
-0.174613
-0.173614
-0.172615
-0.171617
-0.170618
-0.16962
-0.168621
-0.167622
-0.166624
-0.165625
-0.164626
-0.163628
-0.162629
-0.16163
-0.160632
-0.159633
-0.158635
-0.157636
-0.156637
-0.155639
-0.15464
-0.153641
-0.152643
-0.151644
-0.150645
-0.149647
-0.148648
-0.14765
-0.146651
-0.145652
-0.144654
-0.143655
-0.142656
-0.141658
-0.140659
-0.13966
-0.138662
-0.137663
-0.136665
-0.135666
-0.134667
-0.133669
-0.13267
-0.131671
-0.130673
-0.129674
-0.128675
-0.127677
-0.126678
-0.12568
-0.124681
-0.123682
-0.122684
-0.121685
-0.120686
-0.119688
-0.118689
-0.11769
-0.116692
-0.115693
-0.114695
-0.113696
-0.112697
-0.111699
-0.1107
-0.109701
-0.108703
-0.107704
-0.106705
-0.105707
-0.104708
-0.10371
-0.102711
-0.101712
-0.100714
-0.099715
-0.0987164
-0.0977177
-0.0967191
-0.0957205
-0.0947218
-0.0937232
-0.0927246
-0.0917259
-0.0907273
-0.0897286
-0.08873
-0.0877314
-0.0867327
-0.0857341
-0.0847355
-0.0837368
-0.0827382
-0.0817395
-0.0807409
-0.0797423
-0.0787436
-0.077745
-0.0767464
-0.0757477
-0.0747491
-0.0737505
-0.0727518
-0.0717532
-0.0707545
-0.0697559
-0.0687573
-0.0677586
-0.06676
-0.0657614
-0.0647627
-0.0637641
-0.0627655
-0.0617668
-0.0607682
-0.0597695
-0.0587709
-0.0577723
-0.0567736
-0.055775
-0.0547764
-0.0537777
-0.0527791
-0.0517804
-0.0507818
-0.0497832
-0.0487845
-0.0477859
-0.0467873
-0.0457886
-0.04479
-0.0437914
-0.0427927
-0.0417941
-0.0407954
-0.0397968
-0.0387982
-0.0377995
-0.0368009
-0.0358023
-0.0348036
-0.033805
-0.0328063
-0.0318077
-0.0308091
-0.0298104
-0.0288118
-0.0278132
-0.0268145
-0.0258159
-0.0248173
-0.0238186
-0.02282
-0.0218213
-0.0208227
-0.0198241
-0.0188254
-0.0178268
-0.0168282
-0.0158295
-0.0148309
-0.0138323
-0.0128336
-0.011835
-0.0108363
-0.00983771
-0.00883907
-0.00784043
-0.0068418
-0.00584316
-0.00484452
-0.00384589
-0.00284725
-0.00184861
-0.000849975
0.000148662
0.0011473
0.00214594
0.00314457
0.00414321
0.00514185
0.00614048
0.00713912
0.00813776
0.00913639
0.010135
0.0111337
0.0121323
0.0131309
0.0141296
0.0151282
0.0161268
0.0171255
0.0181241
0.0191228
0.0201214
0.02112
0.0221187
0.0231173
0.0241159
0.0251146
0.0261132
0.0271119
0.0281105
0.0291091
0.0301078
0.0311064
0.032105
0.0331037
0.0341023
0.0351009
0.0360996
0.0370982
0.0380969
0.0390955
0.0400941
0.0410928
0.0420914
0.04309
0.0440887
0.0450873
0.0460859
0.0470846
0.0480832
0.0490819
0.0500805
0.0510791
0.0520778
0.0530764
0.054075
0.0550737
0.0560723
0.057071
0.0580696
0.0590682
0.0600669
0.0610655
0.0620641
0.0630628
0.0640614
0.06506
0.0660587
0.0670573
0.068056
0.0690546
0.0700532
0.0710519
0.0720505
0.0730491
0.0740478
0.0750464
0.0760451
0.0770437
0.0780423
0.079041
0.0800396
0.0810382
0.0820369
0.0830355
0.0840341
0.0850328
0.0860314
0.0870301
0.0880287
0.0890273
0.090026
0.0910246
0.0920232
0.0930219
0.0940205
0.0950191
0.0960178
0.0970164
0.0980151
0.0990137
0.100012
0.101011
0.10201
0.103008
0.104007
0.105006
0.106004
0.107003
0.108001
0.109
0.109999
0.110997
0.111996
0.112995
0.113993
0.114992
0.115991
0.116989
0.117988
0.118986
0.119985
0.120984
0.121982
0.122981
0.12398
0.124978
0.125977
0.126976
0.127974
0.128973
0.129971
0.13097
0.131969
