-0.0501608
-0.0491742
-0.0481876
-0.047201
-0.0462144
-0.0452277
-0.0442411
-0.0432545
-0.0422679
-0.0412813
-0.0402947
-0.0393081
-0.0383215
-0.0373349
-0.0363482
-0.0353616
-0.034375
-0.0333884
-0.0324018
-0.0314152
-0.0304286
-0.029442
-0.0284553
-0.0274687
-0.0264821
-0.0254955
-0.0245089
-0.0235223
-0.0225357
-0.0215491
-0.0205625
-0.0195758
-0.0185892
-0.0176026
-0.016616
-0.0156294
-0.0146428
-0.0136562
-0.0126696
-0.0116829
-0.0106963
-0.00970973
-0.00872311
-0.0077365
-0.00674989
-0.00576328
-0.00477667
-0.00379005
-0.00280344
-0.00181683
-0.00083022
0.000156392
0.001143
0.00212962
0.00311623
0.00410284
0.00508945
0.00607606
0.00706267
0.00804929
0.0090359
0.0100225
0.0110091
0.0119957
0.0129823
0.013969
0.0149556
0.0159422
0.0169288
0.0179154
0.018902
