-4.98344
-4.98343
-4.98336
-4.98345
-4.98345
-4.98338
-4.9834
-4.98338
-4.98345
-4.98337
-4.98335
-4.98344
-4.98341
-4.98342
-4.98336
-4.9834
-4.9834
-4.98344
-4.98336
-4.98345
-4.98344
-4.98339
-4.98336
-4.9834
-4.98337
-4.9834
-4.98339
-4.9834
-4.98336
-4.98343
-4.98342
-4.98338
-4.98342
-4.98338
-4.98344
-4.98335
-4.98341
-4.98172
-4.98343
-4.98339
-4.9834
-4.98336
-4.98341
-4.98343
-4.98344
-4.9834
-4.98343
-4.98336
-4.98337
-4.98339
-4.9817
-4.98342
-4.98341
-4.98338
-4.98338
-4.9834
-4.9834
-4.98336
-4.98175
-4.98341
-4.98341
-4.98343
-4.98339
-4.98338
-4.98338
-4.98337
-4.98339
-4.98173
-4.98342
-4.98337
-4.98176
-4.98337
-4.98343
-4.98342
-4.98339
-4.98337
-4.98339
-4.98344
-4.98339
-4.98343
-4.98339
-4.9834
-4.98341
-4.98341
-4.98344
-4.98338
-4.98336
-4.9834
-4.98339
-4.98342
-4.98345
-4.98167
-4.98337
-4.98345
-4.98341
-4.98338
-4.98345
-4.98336
-4.98345
-4.9834
-4.98339
-4.98342
-4.98342
-4.98337
-4.98343
-4.9834
-4.98344
-4.98339
-4.98335
-4.98345
-4.98338
-4.98344
-4.98339
-4.98335
-4.98342
-4.98336
-4.98341
-4.98343
-4.98343
-4.98338
-4.98335
-4.98337
-4.98337
-4.98338
-4.98343
-4.98341
-4.98343
-4.9817
-4.98339
-4.98338
-4.9834
-4.98335
-4.98338
-4.98336
-4.98344
-4.98344
-4.98342
-4.98337
-4.98336
-4.9834
-4.98341
-4.98343
-4.98336
-4.98341
-4.98337
-4.98338
-4.98175
-4.98339
-4.9834
-4.98342
-4.98345
-4.9834
-4.98344
-4.98342
-4.98343
-4.98335
-4.98345
-4.98342
-4.98173
-4.98336
-4.98339
-4.98337
-4.98336
-4.98342
-4.98345
-4.98338
-4.98343
-4.98344
-4.98339
-4.98337
-4.98336
-4.98337
-4.9834
-4.98339
-4.98338
-4.98338
-4.98341
-4.98345
-4.98345
-4.9834
-4.98337
-4.98338
-4.98338
-4.98342
-4.98343
-4.98336
-4.98343
-4.98339
-4.98168
-4.98344
-4.98344
-4.98342
-4.98342
-4.98175
-4.9834
-4.98343
-4.98341
-4.98339
-4.98336
-4.98343
-4.9834
-4.98339
-4.98336
-4.98336
-4.98338
-4.98336
-4.98341
-4.98337
-4.98336
-4.98341
-4.98344
-4.98174
-4.98338
-4.98337
-4.9834
-4.98336
-4.98344
-4.98335
-4.98343
-4.98339
-4.98339
-4.98335
-4.98337
-4.9834
-4.98337
-4.98342
-4.98338
-4.98339
-4.9834
-4.98337
-4.9834
-4.98338
-4.98342
-4.98338
-4.98341
-4.98339
-4.98342
-4.98339
-4.98336
-4.98339
-4.98344
-4.98338
-4.98343
-4.98338
-4.98338
-4.9834
-4.98341
-4.98344
-4.98342
-4.98336
-4.98339
-4.98343
-4.98339
-4.98336
-4.98338
-4.98345
-4.98338
-4.98342
-4.98336
-4.98338
-4.98341
-4.98342
-4.98172
-4.98343
-4.98335
-4.98344
-4.9834
-4.98338
-4.98337
-4.98339
-4.98344
-4.98338
-4.98343
-4.98338
-4.98342
-4.98337
-4.98343
-4.98338
-4.98337
-4.98336
-4.98337
-4.98341
-4.98339
-4.98343
-4.98345
-4.98338
-4.98342
-4.98341
-4.98175
-4.98341
-4.98337
-4.98341
-4.98336
-4.98337
-4.98342
-4.98344
-4.98338
-4.98343
-4.98336
-4.98336
-4.98344
-4.98339
-4.98337
-4.98335
-4.98343
-4.98343
-4.98336
-4.98336
-4.98339
-4.98345
-4.98339
-4.98344
-4.98336
-4.98342
-4.98335
-4.98341
-4.9834
-4.9834
-4.98336
-4.98338
-4.98345
-4.98342
-4.98338
-4.98345
-4.9834
-4.98344
-4.98344
-4.98167
-4.98342
-4.9834
-4.9834
-4.98337
-4.9834
-4.98338
-4.98342
-4.98341
-4.98339
-4.98345
-4.98343
-4.98338
-4.98344
-4.98342
-4.9834
-4.98344
-4.98344
-4.98336
-4.9834
-4.9817
-4.98343
-4.98339
-4.98336
-4.98341
-4.98337
-4.98338
-4.98336
-4.98343
-4.9834
-4.98344
-4.98338
-4.98343
-4.98344
-4.98343
-4.98336
-4.9834
-4.9834
-4.98343
-4.98335
-4.98336
-4.98337
-4.9834
-4.98337
-4.98337
-4.98343
-4.98343
-4.98175
-4.98342
-4.98342
-4.98345
-4.9834
-4.98338
-4.98176
-4.98343
-4.98335
-4.98342
-4.9834
-4.98339
-4.98169
-4.98341
-4.98337
-4.98344
-4.98336
-4.98335
-4.98343
-4.98345
-4.98343
-4.9834
-4.98338
-4.98335
-4.98338
-4.98343
-4.98336
-4.98336
-4.98342
-4.98342
-4.98338
-4.9834
-4.98337
-4.98338
-4.98342
-4.98335
-4.98335
-4.98337
-4.98344
-4.98341
-4.98339
-4.98345
-4.98339
-4.98343
-4.98343
-4.98344
-4.9834
-4.98341
-4.98172
-4.98339
-4.9834
-4.98343
-4.98343
-4.98337
-4.9834
-4.98342
-4.98336
-4.98341
-4.98345
-4.98335
-4.98337
-4.98335
-4.98344
-4.98343
-4.98343
-4.98344
-4.9834
-4.98171
-4.98337
-4.98339
-4.98341
-4.98337
-4.9834
-4.9834
-4.98339
-4.98338
-4.98345
-4.98343
-4.98338
-4.98336
-4.98338
-4.9834
-4.98335
-4.98341
-4.9834
-4.98338
-4.98343
-4.98344
-4.98167
-4.98341
-4.98343
-4.98335
-4.98338
-4.98341
-4.98343
-4.98335
-4.98338
-4.98171
-4.98345
-4.98338
-4.98338
-4.98339
-4.98343
-4.98335
-4.98343
-4.98343
-4.98337
-4.9834
-4.98341
-4.98341
-4.98339
-4.98344
-4.9834
-4.98336
-4.98338
-4.98343
-4.98338
-4.98343
-4.98336
-4.9834
-4.98343
-4.98344
-4.98339
-4.98343
-4.98343
-4.98341
-4.98344
-4.98174
-4.98338
-4.98339
-4.9834
-4.98345
-4.98339
-4.98338
-4.9834
-4.98338
-4.98345
-4.98341
-4.98345
-4.98336
-4.98342
-4.98341
-4.98339
-4.98338
-4.98344
-4.9834
-4.9834
-4.98338
-4.98341
-4.98342
-4.9834
-4.98343
-4.98342
-4.98339
-4.98345
-4.98336
-4.98342
-4.98337
-4.98345
-4.98342
-4.98337
-4.98344
-4.98344
-4.98339
-4.98341
-4.98339
-4.98339
-4.98343
-4.98338
-4.98343
-4.98343
-4.98173
-4.98338
-4.98337
-4.98343
-4.98345
-4.98335
-4.98336
-4.98343
-4.9834
-4.98336
-4.98342
-4.98345
-4.98339
-4.98342
-4.98338
-4.98337
-4.98342
-4.98343
-4.9834
-4.98335
-4.98343
-4.98336
-4.98343
-4.98337
-4.98344
-4.98338
-4.9834
-4.98342
-4.98335
-4.9834
-4.98338
-4.98335
-4.98344
-4.98341
-4.98344
-4.98338
-4.98171
-4.98344
-4.98174
-4.98344
-4.98338
-4.98336
-4.9834
-4.98344
-4.98344
-4.98342
-4.98343
-4.98339
-4.98342
-4.98336
-4.98337
-4.98337
-4.98338
-4.98343
-4.98338
-4.98344
-4.98345
-4.98342
-4.9834
-4.98344
-4.98337
-4.98343
-4.98338
-4.98344
-4.98336
-4.98343
-4.98337
-4.98343
-4.98336
-4.98336
-4.98342
-4.98175
-4.98339
-4.98337
-4.98344
-4.98341
-4.98337
-4.98341
-4.98339
-4.98337
-4.98344
-4.98342
-4.98338
-4.98344
-4.98335
-4.98345
-4.98341
-4.98337
-4.98337
-4.98341
-4.98336
-4.98175
-4.9834
-4.98342
-4.98345
-4.9834
-4.98173
-4.98338
-4.9834
-4.9834
-4.98344
-4.98339
-4.98339
-4.98338
-4.98338
-4.98344
-4.98343
-4.98339
-4.98338
-4.98345
-4.98177
-4.98339
-4.98337
-4.98342
-4.98339
-4.98341
-4.98335
-4.98344
-4.98344
-4.98338
-4.98335
-4.98343
-4.98339
-4.98341
-4.9834
-4.98335
-4.98167
-4.98336
-4.98345
-4.98339
-4.98336
-4.98336
-4.98344
-4.98336
-4.9834
-4.9834
-4.98339
-4.98337
-4.98345
-4.9834
-4.98345
-4.98338
-4.98343
-4.98344
-4.98343
-4.98176
-4.9834
-4.98342
-4.9834
-4.98341
-4.98344
-4.98336
-4.98345
-4.98342
-4.98345
-4.98339
-4.98339
-4.9834
-4.98344
-4.98335
-4.98344
-4.98339
-4.98343
-4.98344
-4.98338
-4.98336
-4.98343
-4.98338
-4.98344
-4.98336
-4.98174
-4.98342
-4.98336
-4.98337
-4.98336
-4.98336
-4.98336
-4.9834
-4.98343
-4.98335
-4.98338
-4.98341
-4.98341
-4.98341
-4.98339
-4.98341
-4.98341
-4.9834
-4.98171
-4.98341
-4.98343
-4.98343
-4.98338
-4.98337
-4.98338
-4.98337
-4.98343
-4.98337
-4.98343
-4.98338
-4.98336
-4.98336
-4.9834
-4.98339
-4.98338
-4.98345
-4.98335
-4.98341
-4.98342
-4.98339
-4.98343
-4.98339
-4.98341
-4.98338
-4.98337
-4.98338
-4.98335
-4.98345
-4.98342
-4.98342
-4.98337
-4.98345
-4.98341
-4.98339
-4.9834
-4.98336
-4.98336
-4.98345
-4.98344
-4.98337
-4.98335
-4.98343
-4.98344
-4.98336
-4.98341
-4.98338
-4.98339
-4.98338
-4.98336
-4.9834
-4.9834
-4.98341
-4.98337
-4.98176
-4.98338
-4.98344
-4.98341
-4.98176
-4.98341
-4.98343
-4.98341
-4.98344
-4.98343
-4.98337
-4.98339
-4.98341
-4.98336
-4.98335
-4.98168
-4.98336
-4.98345
-4.98339
-4.98342
-4.98344
-4.98174
-4.98339
-4.98337
-4.98341
-4.9834
-4.98338
-4.98338
-4.98337
-4.98338
-4.98343
-4.98345
-4.98344
-4.9834
-4.98345
-4.98339
-4.98341
-4.9834
-4.98344
-4.98339
-4.98344
-4.98336
-4.98337
-4.98343
-4.9817
-4.98336
-4.98343
-4.98344
-4.98337
-4.98345
-4.98339
-4.98342
-4.98339
-4.98337
-4.98335
-4.98335
-4.98336
-4.9834
-4.98337
-4.9834
-4.98338
-4.98337
-4.98336
-4.98342
-4.98344
-4.98342
-4.98337
-4.98339
-4.98335
-4.98336
-4.98339
-4.98339
-4.9834
-4.98344
-4.98338
-4.9834
-4.98336
-4.98345
-4.98344
-4.9834
-4.9834
-4.98175
-4.98341
-4.98343
-4.98341
-4.98341
-4.98342
-4.9834
-4.98344
-4.98342
-4.98336
-4.98343
-4.98337
-4.98338
-4.98339
-4.98338
-4.98343
-4.98341
-4.98341
-4.98336
-4.98175
-4.98341
-4.98338
-4.98336
-4.98336
-4.98336
-4.98342
-4.98342
-4.98336
-4.9834
-4.9834
-4.98337
-4.98339
-4.98344
-4.98337
-4.98342
-4.98337
-4.98336
-4.98342
-4.98343
-4.9817
-4.98339
-4.98341
-4.98335
-4.98337
-4.98336
-4.98345
-4.98345
-4.9817
-4.98342
-4.98344
-4.98335
-4.98338
-4.98336
-4.98343
-4.9834
-4.98344
-4.98345
-4.98343
-4.9834
-4.9834
-4.98336
-4.98342
-4.98171
-4.98337
-4.98336
-4.98167
-4.98343
-4.98341
-4.98342
-4.98168
-4.98339
-4.98344
-4.98338
-4.98338
-4.98342
-4.9834
-4.98341
-4.98337
-4.98342
-4.98344
-4.98337
-4.98341
-4.98336
-4.98344
-4.98343
-4.98344
-4.98336
-4.98344
-4.98336
-4.98341
-4.98345
-4.98344
-4.98337
-4.98339
-4.98345
-4.98336
-4.9834
-4.98345
-4.98343
-4.98345
-4.98341
-4.98175
-4.9834
-4.98342
-4.98337
-4.98173
-4.98343
-4.98342
-4.9834
-4.98337
-4.98339
-4.98173
-4.98342
-4.98335
-4.98337
-4.98338
-4.98335
-4.98171
-4.98339
-4.98337
-4.9834
-4.98342
-4.98343
-4.98335
-4.98335
-4.98342
-4.98344
-4.98337
-4.98335
-4.98339
-4.98342
4.01514e-05
0.0496096
0.000704009
0.00164058
0.360244
0.817621
0.0349163
0.157265
0.0434715
0.0211276
0.138176
0.672306
-0.000763348
0.208936
0.37196
0.0504544
0.318835
0.0134394
-0.000301566
0.176164
0.0565325
0.0934565
0.0608524
0.474136
0.00517276
0.194377
0.42537
0.128867
0.455839
0.257608
0.00540014
0.125672
0.0339261
0.0122192
0.471766
0.232919
0.00657807
0.885798
0.0239038
0.282098
0.165289
0.241193
0.676446
0.0211208
0.000293721
0.822678
0.756126
-0.000153277
-0.000175984
0.371312
0.873886
0.000337196
0.636396
0.0817108
0.454477
0.363434
0.0519592
0.691554
0.933426
0.000353327
0.295442
0.225499
0.493721
0.00477942
0.426329
0.333894
0.15382
0.855877
0.0808789
0.0828298
0.924428
0.00904923
0.220103
0.301024
0.251278
0.0256349
0.050643
0.00128483
0.0687876
0.552131
0.0528196
0.0113633
0.0188564
0.0121829
0.111038
0.0975882
0.842155
0.0389003
0.229735
0.000989349
0.0296422
0.899442
0.000265096
0.0725243
0.135582
0.138967
0.337081
0.125926
0.000634229
0.151481
0.0748663
0.0181749
0.29751
0.38195
0.0690242
0.000753428
0.41219
0.0413118
0.491925
-0.00074092
0.00235232
0.182634
0.264286
0.437131
0.00368573
0.154682
0.0412711
0.00370204
0.00263681
0.425106
0.336476
0.11498
0.13032
0.419238
0.034238
0.132298
0.2175
0.859568
0.455899
0.384965
0.363309
0.0429037
0.202878
0.110005
0.217064
0.0196403
0.00889783
0.0658023
0.0227312
0.125057
0.0756419
0.00141805
0.0771695
-2.0978e-05
0.488997
0.184252
0.852959
0.030718
0.415499
0.024865
0.168654
0.146153
0.0720645
0.0155746
-0.000537287
0.423399
0.0121698
0.00238852
0.894149
0.232462
0.823596
0.00810828
0.223067
0.309117
0.532634
0.0645549
0.0317002
0.144935
0.437798
0.341724
0.00281928
0.0147344
0.21538
0.00180501
0.00394713
0.00784589
-0.000345547
0.000926839
0.292104
0.0176003
-0.000767997
-0.000766322
0.0881679
0.00171471
0.01364
0.354563
0.729158
0.834652
0.866979
0.0682371
0.303692
0.147181
0.00819299
0.90632
0.28759
0.231241
0.00371525
0.373259
0.733343
0.428663
0.0875964
0.315918
0.00956565
0.18108
0.35
0.320349
0.046951
0.174024
-0.000780599
0.0557414
-0.000761852
0.908592
0.0225718
0.348944
-0.000456273
0.235542
0.00662468
0.17121
0.0086868
0.0198035
0.231956
0.00783884
0.0172126
0.0312156
0.0249901
0.237219
0.0538744
0.793518
0.100578
0.02609
0.222489
0.251702
0.0490912
0.134041
0.348282
0.00397453
0.0251178
-0.000227308
0.391816
0.580976
0.4115
0.4549
0.00101231
0.429795
0.0296596
0.0469729
0.0881098
0.425739
0.00230257
0.122155
0.118256
0.424269
0.0450152
0.279416
0.000350872
0.524513
0.373547
0.196684
0.0127962
0.00742275
0.165402
0.121023
0.885586
0.210712
0.00822594
-0.000363227
0.275236
0.0125514
0.267573
0.487706
0.0232861
0.00977862
0.2056
0.678378
0.0655993
0.0827705
0.34941
0.211272
0.00237769
0.0984554
0.153662
0.813321
0.0257148
0.23847
0.28101
0.0140586
0.779153
0.403968
0.845442
0.00792181
0.342559
0.0297528
0.122262
0.017893
0.264348
0.264041
3.92747e-05
0.0532287
0.272489
0.372814
0.138709
0.38487
0.427669
0.0446473
0.011762
0.000918557
0.000272632
0.0170022
0.0302565
0.160435
0.271736
0.0031204
0.0224634
0.775671
0.261937
0.0608442
0.00813097
0.000574515
0.24816
0.00639964
0.177655
0.00652465
0.0254184
0.0313687
0.0508232
0.0124826
0.165462
0.946707
0.170284
0.167169
0.0165755
0.234899
0.00785058
0.468004
0.121533
0.00495779
0.0184854
0.0332619
0.003759
0.0209827
0.0047008
0.00641531
0.373085
0.00404905
0.374481
0.541561
0.475684
0.904018
0.0816233
0.367786
0.0827413
0.170674
0.0456727
0.206381
0.487822
0.0429239
-0.00041351
0.00117701
0.665445
0.459498
0.00587039
0.431178
0.00375696
0.835356
0.138129
0.0147955
0.0651366
0.114769
0.0738148
0.317399
0.0595984
0.0307099
0.000301494
0.00643373
0.927928
0.0268373
0.0288346
0.339948
0.11229
0.492066
0.877975
0.278194
0.146227
0.122344
0.509842
0.735676
0.94501
0.123561
0.0289581
0.573447
0.0743977
0.399402
0.16407
0.0167123
0.0135073
0.194394
0.669314
-0.000452855
0.057468
0.0820591
0.00872835
0.0039115
0.129992
0.000483233
0.34845
0.125026
0.00693752
0.0387701
0.0651043
0.73644
0.00626195
0.0148395
0.349618
0.0111747
0.0651192
0.0123154
0.0961554
0.304322
0.0321529
0.0153421
0.151028
0.699096
0.924419
0.239673
0.332387
0.0170308
0.119813
0.114349
0.000396373
0.00579603
0.00726678
0.293855
0.258014
0.161118
0.0610715
0.040196
0.0516298
0.212182
0.613381
0.118195
0.596806
0.929885
0.0550071
0.009468
-0.000763784
0.0710546
0.00298411
0.0371943
0.0426176
0.0851466
0.374856
0.111313
-0.000661177
0.114458
-0.00068356
0.417767
0.232059
0.177503
0.026741
0.0924955
0.226551
0.451486
0.852794
0.392759
0.557806
0.601329
0.00481607
0.0227343
0.365003
0.00493535
0.00524907
0.930427
0.2579
0.128821
0.235853
0.348508
0.103252
0.115592
0.444198
0.0938392
0.0214497
0.0932271
0.300104
0.122893
0.00338641
0.395951
0.0362889
0.0862886
0.60718
0.0017572
0.130486
0.359186
0.414441
0.0262708
0.0575316
0.749639
0.394591
0.0100151
0.0598446
0.422199
0.1776
0.894755
0.224334
0.0568401
0.214986
0.289303
0.00867868
0.000103007
0.0107373
0.03214
0.147145
0.213983
0.202387
0.351362
0.417827
0.375121
0.159132
0.0203366
0.320177
0.103571
0.0724166
0.0709888
0.187275
0.0661662
0.19328
0.00143963
0.0469023
0.353718
0.245741
0.447721
0.304908
0.259928
0.0229617
0.04908
0.110236
0.0527132
0.669785
0.646276
0.284334
0.367431
0.0412248
0.218591
0.351278
0.127831
0.0326131
0.922178
0.813803
0.0334926
0.107698
-0.000797396
0.67602
0.178451
0.344659
0.18876
0.0853624
0.0602022
0.121298
0.0286394
0.0491288
0.832168
0.0598639
0.374838
0.00044036
0.0179981
0.0297287
0.20243
0.00925333
0.275853
0.00771972
0.289333
0.0378949
0.197468
0.000345203
0.199361
0.0134212
0.0317261
0.304267
0.250053
0.244029
0.271199
0.00950486
0.940839
0.0165312
0.924584
0.0289737
0.0286434
0.202606
0.310122
0.27203
0.00413056
0.00755663
0.224445
0.308151
0.784971
0.11985
0.0110456
0.000477722
0.0136953
0.00564383
0.10071
0.390091
0.249119
0.143139
0.0670412
0.234952
0.0558026
0.213316
0.332917
0.13181
0.0196147
0.0574112
0.465487
0.187491
0.383676
0.676017
0.197681
0.928354
0.838489
0.00139903
0.0349182
0.0934358
0.588211
0.0356197
-0.00066102
0.100928
0.00682477
0.241746
0.136483
0.0586335
0.00995788
-0.000402105
0.154207
0.186173
-0.000440089
0.0452692
0.000100604
0.845162
-0.000718582
0.741254
0.73623
0.0609909
0.885588
0.0103574
0.0181772
0.402887
0.00963311
0.334857
0.20706
0.0439854
0.822269
0.0222482
0.100148
-0.000792733
0.320645
0.353737
0.903179
0.0537873
0.138574
0.166341
0.0110542
0.153723
0.0272173
0.145983
0.0522395
0.105335
0.172917
0.370773
0.0281985
0.235249
0.568931
0.549925
0.862227
0.0200915
0.043998
0.816934
0.783835
0.249444
0.023303
0.0175406
0.0202583
0.0698296
0.183829
0.00392625
0.159948
0.218574
0.539751
0.0404221
0.316454
0.175254
0.164305
0.923725
0.0213967
0.000571561
0.830123
0.0942413
0.58988
0.788341
0.201753
0.00326201
0.428133
0.228853
0.0141135
0.0991665
0.291895
0.255582
0.701987
0.413982
0.207943
-0.000792982
0.242227
0.135369
0.14785
0.140561
0.4782
0.0586654
0.855533
0.170165
0.0173466
0.453615
0.0291243
0.313166
0.00064194
0.484871
0.0046662
0.0578767
0.0934835
0.131611
0.300105
-0.000134045
0.147662
0.00680739
0.015127
0.134502
0.916193
0.0438932
0.210198
0.23646
-0.000764292
0.434424
0.288399
0.00127854
0.0127574
0.0148973
-0.000766562
0.00643745
0.198527
0.00551553
0.00194333
0.219398
0.00689248
0.375774
0.124689
0.353524
0.0395612
0.0191412
0.398999
0.00709633
0.025432
0.119568
0.0309359
0.0388276
0.0122849
0.004704
-0.000536545
0.479827
0.00307001
0.000492543
0.0458193
0.0067957
0.0708662
0.0394484
0.287714
0.606838
0.75889
0.492059
0.0313527
0.00403015
0.170529
-0.000626427
0.142442
0.00136785
0.0878428
0.219054
0.234438
-0.000223882
0.458121
0.836295
-0.000636339
0.851514
5.37368e-06
0.0202446
0.199575
0.877127
0.017572
0.000380358
0.157414
0.0593241
0.196111
0.119151
0.100026
0.386579
0.0244168
0.0273183
0.885834
0.596063
0.027321
0.121566
-0.000790074
-0.000698348
0.895303
0.0851981
0.101894
0.320183
0.0111262
0.0932041
0.00349998
0.282831
0.0776531
0.0390352
-0.000796448
0.0073758
0.0398008
0.00847363
0.00309884
0.304651
0.00734252
0.0147847
0.176358
0.0122589
0.329239
0.23999
0.0572542
0.899446
0.154816
0.0049469
0.00173283
0.188134
0.333555
0.344809
0.00935744
0.781992
4.30451e-05
0.202656
0.00479974
0.00586845
0.104987
0.0208739
0.0535607
0.0136134
0.15897
0.0612962
-0.000348555
0.351977
0.610347
0.13158
0.792297
0.326382
0.763598
0.399178
0.203896
0.0240687
0.00586859
0.0246861
0.0228523
0.00262969
0.0793732
0.228614
0.156166
0.283461
0.937911
0.0343969
0.32075
0.0813351
0.000235852
0.431187
0.0131423
0.287023
0.00533088
0.732572
0.315902
0.00266289
0.148244
0.596265
0.000946683
0.00744821
-0.000339442
0.0385086
0.251864
0.868609
0.799185
0.00467396
0.17757
0.141082
0.0036909
0.256029
0.146878
0.422152
0.013982
0.00540669
0.000976087
0.0717267
0.00219999
0.00445042
0.668005
0.0146085
-9.96285e-05
0.177565
0.0277459
0.940534
0.252476
0.150546
0.2439
0.553739
0.0457045
0.197812
0.0438561
0.935668
0.560936
-0.000416965
-0.000531023
0.00808441
0.348482
0.200662
0.127871
-0.000403994
0.000878836
0.0181422
0.0428082
0.0715303
0.744497
0.782318
0.940151
0.0667585
0.155388
0.861971
0.0333631
0.0929706
-0.000652763
0.860897
0.0113766
0.0538839
0.547396
0.0889324
0.446688
0.0451799
0.00839797
0.00630061
0.0379433
-0.000734351
0.0244516
0.0131905
0.369119
0.265614
0.0159947
0.38056
0.0747242
0.143786
0.0154057
0.00313214
0.000634769
0.175545
0.000863221
0.00834781
0.0181185
0.549861
0.0979113
0.302252
0.327098
0.186454
0.0343585
0.922174
0.141943
0.156449
0.00292135
0.934063
0.00718329
0.0253187
0.200227
0.0707098
0.240322
0.873895
0.0296696
0.0153815
0.0471564
0.118512
0.242347
0.856555
0.402774
0.0798229
0.0190214
0.533785
0.100465
0.0744905
0.0935367
0.715777
0.0202368
0.100727
0.0765552
0.840091
0.298171
4.01514e-05
0.305215
0.000704009
0.00164058
1.00042
1.00139
0.0354356
1.00184
0.0766488
0.0211276
1.0019
1.00045
-0.000763348
0.327237
1.00033
0.165224
1.00169
0.0134394
-0.000301566
1.00116
0.145755
1.00129
0.200464
1.00061
0.00517276
0.27906
1.00103
1.00118
1.00025
0.628307
0.00540014
0.176983
0.0342764
0.0122192
1.00093
0.440929
0.00657807
1.00002
0.0239038
1.00159
0.212513
0.493829
1.00075
0.0211208
0.000293721
1.00154
1.00061
-0.000153277
-0.000175984
1.00063
1.00208
0.000337196
1.00042
0.800472
1.0014
1.0003
0.324699
1.00047
1.00195
0.000353327
1.00161
0.401069
1.00046
0.00477942
1.00071
1.00067
0.197872
1.00107
0.164725
0.164089
1.00193
0.00904923
0.373555
1.00128
1.00137
0.0256349
0.164705
0.00128483
0.108867
1.00147
0.182388
0.0113633
0.0188564
0.0121829
0.171693
1.00115
1.00198
0.0397647
0.423408
0.000989349
0.0297204
1.00195
0.000265096
0.154106
1.00082
1.00002
1.00155
1.00132
0.000634229
0.196431
0.222165
0.0181749
1.00028
1.00144
0.193507
0.000753428
1.0006
0.0546589
1.00077
-0.00074092
0.00235232
0.248118
0.692642
1.00153
0.00368573
1.00115
0.0424636
0.00370204
0.00263681
1.00008
1.00055
0.171558
1.00118
1.00133
0.0346158
0.180765
0.362201
1.00212
1.00142
1.00095
1.0001
0.0742336
0.305344
0.170541
0.360948
0.0196403
0.00889783
0.0909439
0.0227312
0.176418
0.174034
0.00141805
0.344802
-2.0978e-05
1.00067
0.25221
1.00059
0.0309084
1.00031
0.024865
1.00126
0.190211
0.145826
0.0155746
-0.000537287
1.00166
0.0121698
0.00238852
1.00138
0.439163
1.00014
0.00810828
0.390395
1.00055
1.00054
0.0857163
0.0319451
0.190056
1.00006
1.00054
0.00281928
0.0147344
0.353765
0.00180501
0.00394713
0.00784589
-0.000345547
0.000926839
1.00152
0.0176003
-0.000767997
-0.000766322
0.161302
0.00171471
0.01364
1.00172
1.00191
1.00197
1.00012
0.104646
1.00169
1.00115
0.00819299
1.00194
1.0018
0.433516
0.00371525
1.00082
1.00047
1.00117
0.163045
1.00013
0.00956565
0.244389
1.00009
1.00031
0.253745
1.00025
-0.000780599
0.146273
-0.000761852
1.00193
0.0225718
1.00118
-0.000456273
0.458764
0.00662468
0.222417
0.0086868
0.0198035
0.43684
0.00783884
0.0172126
0.0313813
0.0249901
0.46713
0.185466
1.00047
0.168599
0.02609
0.385057
1.00038
0.158215
0.179718
1.00001
0.00397453
0.0251178
-0.000227308
1.00149
1.00188
1.00068
1.00037
0.00101231
1.00176
0.0297378
0.115105
0.160625
1.00062
0.00230257
0.175446
0.173006
1.00103
0.125383
0.86988
0.000350872
1.00191
1.00017
0.285713
0.0127962
0.00742275
0.212686
0.174843
1.00201
1.00073
0.00822594
-0.000363227
0.823615
0.0125514
0.735089
1.00033
0.0232861
0.00977862
0.315115
1.00046
0.0901537
0.164771
1.00041
0.33684
0.00237769
0.167181
0.19759
1.0019
0.0257148
1.00064
0.896508
0.0140586
1.00145
1.00035
1.00042
0.00792181
1.00193
0.0298895
1.0012
0.017893
0.692677
0.689386
3.92747e-05
0.226412
0.784915
1.00079
0.184697
1.00078
1.00052
0.066959
0.011762
0.000918557
0.000272632
0.0170022
0.0303614
0.205686
0.774808
0.0031204
0.0224634
1.00072
1.00105
0.07892
0.00813097
0.000574515
0.544929
0.00639964
0.236109
0.00652465
0.0254184
0.0315963
0.165503
0.0124826
1.00116
1.00182
0.220469
0.215613
0.0165755
0.455736
0.00785058
1.0006
1.00146
0.00495779
0.0184854
0.0336047
0.003759
0.0209827
0.0047008
0.00641531
1.0016
0.00404905
1.00009
1.00154
1.00009
1.00193
0.164499
1.00165
0.164735
0.221219
0.130549
0.317997
1.00071
0.0590545
-0.00041351
0.00117701
1.00026
1.00005
0.00587039
1.00015
0.00375696
1.00026
1.00111
0.0147955
0.198334
0.171501
0.18009
1.00128
0.200245
0.0308448
0.000301494
0.00643373
1.00095
0.0268373
0.028875
1.00144
0.169893
1.00075
1.0016
0.854013
0.190303
0.173694
1.00055
1.00045
1.00013
1.00134
0.0290048
1.0014
0.174408
1.00026
1.00115
0.0167123
0.0135073
1.00184
1.00044
-0.000452855
0.101499
0.164494
0.00872835
0.0039115
0.178626
0.000483233
1.00065
1.00119
0.00693752
0.0396189
0.197857
1.00051
0.00626195
0.0148395
1.00012
0.0111747
0.0881247
0.0123154
0.164791
1.00165
0.0323803
0.0153421
0.195814
1.00173
1.00193
0.484737
1.0007
0.0170308
0.174025
0.171471
0.000396373
0.00579603
0.00726678
1.00116
0.631473
0.206655
0.199219
0.0520818
0.313679
0.339974
1.00043
0.172929
1.00047
1.00065
0.152193
0.009468
-0.000763784
0.184568
0.00298411
0.037849
0.0585782
0.162633
1.0001
0.171237
-0.000661177
0.171269
-0.00068356
1.00211
0.437214
1.00048
0.026741
0.163108
1.00072
1.00067
1.00043
1.00152
1.0005
1.00135
0.00481607
0.0227343
1.00036
0.00493535
0.00524907
1.0012
0.630452
0.177735
0.459729
1.00073
1.0012
1.00082
1.00094
0.163699
0.0214497
1.00127
1.00011
0.174961
0.00338641
1.00048
0.0368766
0.162253
1.00044
0.0017572
0.178868
1.00018
1.0009
0.0262708
0.199844
1.0001
1.00127
0.0100151
0.196894
1.00013
1.0007
1.00191
0.394437
0.149168
0.351973
1.00199
0.00867868
0.000103007
0.0107373
0.0324213
1.00116
0.347158
0.303872
1.00196
1.00004
1.00169
0.204851
0.0203366
1.00175
1.0005
0.152285
0.13006
0.259656
0.0927076
0.275938
0.00143963
0.252406
1.00201
0.527165
1.00047
1.00167
1.00141
0.0229617
0.158151
1.00124
0.182593
1.00044
1.00043
1.00136
1.00004
0.0544608
0.368405
1.00082
0.178333
0.0329199
1.00192
1.00026
0.0338126
0.17232
-0.000797396
1.00046
0.238109
1.00204
0.263708
0.16259
0.0833935
0.175455
0.0287184
0.159872
1.00143
0.197188
1.00008
0.00044036
0.0179981
0.0298132
0.303988
0.00925333
1.00174
0.00771972
1.00065
0.038639
0.288146
0.000345203
0.294139
0.0134212
0.03197
1.00012
1.00137
0.514222
0.768596
0.00950486
1.00041
0.0165312
1.00205
0.0290204
0.0287224
0.304529
1.00091
0.778051
0.00413056
0.00755663
0.39512
1.00154
1.00196
0.174038
0.0110456
0.000477722
0.0136953
0.00564383
0.168426
1.00126
1.00137
0.18791
0.192766
0.455457
0.145475
0.34504
1.0015
0.180265
0.0196147
0.10219
1.00066
0.260337
1.0001
1.00046
0.288882
1.00137
1.0009
0.00139903
0.0353826
1.00099
1.00211
0.0361215
-0.00066102
0.168877
0.00682477
0.499178
1.00118
0.0824554
0.00995788
-0.000402105
0.198376
0.256896
-0.000440089
0.106665
0.000100604
1.00014
-0.000718582
1.00024
1.00048
0.200852
1.00201
0.0103574
0.0181772
1.00117
0.00963311
1.0019
0.320474
0.0632699
1.00133
0.0222482
0.168214
-0.000792733
1.00005
1.00044
1.00118
0.184581
0.184622
0.214108
0.0110542
0.197803
0.0272383
0.189844
0.171728
0.170856
0.225697
1.00014
0.0282537
0.456743
1.00048
1.00046
1.00017
0.0200915
0.0792036
1.00095
1.00092
0.555118
0.023303
0.0175406
0.0202583
0.186119
0.251121
0.00392625
1.00051
1.00119
1.00052
0.0524402
1.00132
0.230357
0.211309
1.00125
0.0213967
0.000571561
1.00164
0.163694
1.00048
1.00054
0.301875
0.00326201
1.00183
0.419676
0.0141135
1.00019
1.00087
0.611266
1.00158
1.00153
0.323934
-0.000792982
0.504136
0.18159
0.19189
0.18535
1.0007
0.0826276
1.00073
0.220293
0.0173466
1.00104
0.0291773
1.00136
0.00064194
1.00123
0.0046662
0.0999067
0.163549
0.17996
1.00061
-0.000134045
1.00098
0.00680739
0.015127
0.180933
1.0005
0.0630014
1.00119
0.46326
-0.000764292
1.00118
1.00038
0.00127854
0.0127574
0.0148973
-0.000766562
0.00643745
0.291548
0.00551553
0.00194333
0.37111
0.00689248
1.00138
0.176122
1.00196
0.0404391
0.0191412
1.00026
0.00709633
0.025432
0.17385
0.0310869
0.0396416
0.0122849
0.004704
-0.000536545
1.00076
0.00307001
0.000492543
0.129473
0.0067957
0.183626
0.0403138
0.988443
1.00044
1.0006
1.0006
0.0315803
0.00403015
0.220907
-0.000626427
1.00151
0.00136785
1.00131
1.00039
1.00214
-0.000223882
1.00065
1.0012
-0.000636339
1.00159
5.37368e-06
0.0202446
0.294937
1.00075
0.017572
0.000380358
1.00043
0.0835328
0.284184
0.173578
0.167808
1.00032
0.0244168
0.0273447
1.00006
1.00045
0.0273474
1.0015
-0.000790074
-0.000698348
1.00022
1.00143
1.00158
1.00176
0.0111262
0.163529
0.00349998
0.928931
0.168396
0.0399122
-0.000796448
0.0073758
0.0511875
0.00847363
0.00309884
1.0011
0.00734252
0.0147847
0.233157
0.0122589
1.00149
0.486694
0.196419
1.00195
1.00115
0.0049469
0.00173283
1.00192
1.00186
1.00176
0.00935744
1.00168
4.30451e-05
1.00035
0.00479974
0.00586845
1.00169
0.0208739
0.224838
0.0136134
0.2046
0.200628
-0.000348555
1.00007
1.00044
0.179946
1.00145
1.00187
1.00017
1.00012
1.00118
0.0240687
0.00586859
0.0246861
0.0228523
0.00262969
0.551551
1.00128
0.200943
1.00158
1.00195
0.0348308
1.00015
0.164498
0.000235852
1.00068
0.0131423
0.978379
0.00533088
1.00026
1.00011
0.00266289
0.192261
1.00046
0.000946683
0.00744821
-0.000339442
0.0392946
0.577797
1.00174
1.00098
0.00467396
0.236008
0.185785
0.0036909
1.00093
0.190894
1.00008
0.013982
0.00540669
0.000976087
0.183909
0.00219999
0.00445042
1.00178
0.0146085
-9.96285e-05
1.00059
0.027783
1.00011
0.581295
0.195192
0.513348
1.00051
0.108463
0.289339
0.0628069
1.00195
1.00049
-0.000416965
-0.000531023
0.00808441
1.00105
1.00097
0.17867
-0.000403994
0.000878836
0.0181422
0.0586477
0.138079
1.00052
1.00201
1.00196
0.192841
0.199881
1.00211
0.0336745
1.00127
-0.000652763
1.00125
0.0113766
0.2259
1.00052
0.161349
1.00056
0.10612
0.00839797
0.00630061
0.0386895
-0.000734351
0.0244516
0.0131905
1.0016
1.00105
0.0159947
1.0001
0.213729
1.00118
0.0154057
0.00313214
0.000634769
1.00005
0.000863221
0.00834781
0.0181185
1.00044
1.001
1
1.00088
0.257709
0.0347919
1.00192
0.186715
1.00114
0.00292135
1.00034
0.00718329
0.0253187
0.297072
0.126528
0.488423
1.00209
0.0297993
0.0153815
0.268719
0.173135
0.504711
1.00174
1.0009
0.607809
0.0190214
1.00078
1.00128
0.203772
0.163648
1.00047
0.0202368
1.00087
0.305715
1.00002
1.00045
