-4.98335
-4.98335
-4.98335
-4.98335
-4.98335
-4.98335
-4.98335
-4.98335
-4.98335
-4.98335
-4.98335
-4.98335
-4.98335
-4.98335
-4.98335
-4.98335
-4.98335
-4.98335
-4.98335
-4.98335
-4.98335
-4.98335
-4.98335
-4.98335
-4.98335
-4.98335
-4.98335
-4.98335
-4.98335
-4.98335
-4.98335
-4.98335
-4.98335
-4.98335
-4.98335
-4.98335
-4.98335
-4.98335
-4.98335
-4.98335
-4.98335
-4.98335
-4.98335
-4.98335
-4.98335
-4.98335
-4.98335
-4.98335
-4.98335
-4.98335
-4.98335
-4.98335
-4.98335
-4.98335
-4.98335
-4.98335
-4.98335
-4.98335
-4.98335
-4.98335
-4.98335
-4.98335
-4.98335
-4.98335
-4.98335
-4.98335
-4.98335
-4.98335
-4.98335
-4.98335
-4.98335
-4.98335
-4.98335
-4.98335
-4.98335
-4.98335
-4.98335
-4.98335
-4.98335
-4.98335
-4.98335
-4.98335
-4.98335
-4.98335
-4.98335
-4.98335
-4.98335
-4.98335
-4.98335
-4.98335
-4.98335
-4.98335
-4.98335
-4.98335
-4.98335
-4.98335
-4.98335
-4.98335
-4.98335
-4.98335
-4.98335
-4.98335
-4.98335
-4.98335
-4.98335
-4.98335
-4.98335
-4.98335
-4.98335
-4.98335
-4.98335
-4.98335
-4.98335
-4.98335
-4.98335
-4.98335
-4.98335
-4.98335
-4.98335
-4.98335
-4.98335
-4.98335
-4.98335
-4.98335
-4.98335
-4.98335
-4.98335
-4.98335
-4.98335
-4.98335
-4.98335
-4.98335
-4.98335
-4.98335
-4.98335
-4.98335
-4.98335
-4.98335
-4.98335
-4.98335
-4.98335
-4.98335
-4.98335
-4.98335
-4.98335
-4.98335
-4.98335
-4.98335
-4.98335
-4.98335
-4.98335
-4.98335
-4.98335
-4.98335
-4.98335
-4.98335
-4.98335
-4.98335
-4.98335
-4.98335
-4.98335
-4.98335
-4.98335
-4.98335
-4.98335
-4.98335
-4.98335
-4.98335
-4.98335
-4.98335
-4.98335
-4.98335
-4.98335
-4.98335
-4.98335
-4.98335
-4.98335
-4.98335
-4.98335
-4.98335
-4.98335
-4.98335
-4.98335
-4.98335
-4.98335
-4.98335
-4.98335
-4.98335
-4.98335
-4.98335
-4.98335
-4.98335
-4.98335
-4.98335
-4.98335
-4.98335
-4.98335
-4.98335
-4.98335
-4.98335
-4.98335
-4.98335
-4.98335
-4.98335
-4.98335
-4.98335
-4.98335
-4.98335
-4.98335
-4.98335
-4.98335
-4.98335
-4.98335
-4.98335
-4.98335
-4.98335
-4.98335
-4.98335
-4.98335
-4.98335
-4.98335
-4.98335
-4.98335
-4.98335
-4.98335
-4.98335
-4.98335
-4.98335
-4.98335
-4.98335
-4.98335
-4.98335
-4.98335
-4.98335
-4.98335
-4.98335
-4.98335
-4.98335
-4.98335
-4.98335
-4.98335
-4.98335
-4.98335
-4.98335
-4.98335
-4.98335
-4.98335
-4.98335
-4.98335
-4.98335
-4.98335
-4.98335
-4.98335
-4.98335
-4.98335
-4.98335
-4.98335
-4.98335
-4.98335
-4.98335
-4.98335
-4.98335
-4.98335
-4.98335
-4.98335
-4.98335
-4.98335
-4.98335
-4.98335
-4.98335
-4.98335
-4.98335
-4.98335
-4.98335
-4.98335
-4.98335
-4.98335
-4.98335
-4.98335
-4.98335
-4.98335
-4.98335
-4.98335
-4.98335
-4.98335
-4.98335
-4.98335
-4.98335
-4.98335
-4.98335
-4.98335
-4.98335
-4.98335
-4.98335
-4.98335
-4.98335
-4.98335
-4.98335
-4.98335
-4.98335
-4.98335
-4.98335
-4.98335
-4.98335
-4.98335
-4.98335
-4.98335
-4.98335
-4.98335
-4.98335
-4.98335
-4.98335
-4.98335
-4.98335
-4.98335
-4.98335
-4.98335
-4.98335
-4.98335
-4.98335
-4.98335
-4.98335
-4.98335
-4.98335
-4.98335
-4.98335
-4.98335
-4.98335
-4.98335
-4.98335
-4.98335
-4.98335
-4.98335
-4.98335
-4.98335
-4.98335
-4.98335
-4.98335
-4.98335
-4.98335
-4.98335
-4.98335
-4.98335
-4.98335
-4.98335
-4.98335
-4.98335
-4.98335
-4.98335
-4.98335
-4.98335
-4.98335
-4.98335
-4.98335
-4.98335
-4.98335
-4.98335
-4.98335
-4.98335
-4.98335
-4.98335
-4.98335
-4.98335
-4.98335
-4.98335
-4.98335
-4.98335
-4.98335
-4.98335
-4.98335
-4.98335
-4.98335
-4.98335
-4.98335
-4.98335
-4.98335
-4.98335
-4.98335
-4.98335
-4.98335
-4.98335
-4.98335
-4.98335
-4.98335
-4.98335
-4.98335
-4.98335
-4.98335
-4.98335
-4.98335
-4.98335
-4.98335
-4.98335
-4.98335
-4.98335
-4.98335
-4.98335
-4.98335
-4.98335
-4.98335
-4.98335
-4.98335
-4.98335
-4.98335
-4.98335
-4.98335
-4.98335
-4.98335
-4.98335
-4.98335
-4.98335
-4.98335
-4.98335
-4.98335
-4.98335
-4.98335
-4.98335
-4.98335
-4.98335
-4.98335
-4.98335
-4.98335
-4.98335
-4.98335
-4.98335
-4.98335
-4.98335
-4.98335
-4.98335
-4.98335
-4.98335
-4.98335
-4.98335
-4.98335
-4.98335
-4.98335
-4.98335
-4.98335
-4.98335
-4.98335
-4.98335
-4.98335
-4.98335
-4.98335
-4.98335
-4.98335
-4.98335
-4.98335
-4.98335
-4.98335
-4.98335
-4.98335
-4.98335
-4.98335
-4.98335
-4.98335
-4.98335
-4.98335
-4.98335
-4.98335
-4.98335
-4.98335
-4.98335
-4.98335
-4.98335
-4.98335
-4.98335
-4.98335
-4.98335
-4.98335
-4.98335
-4.98335
-4.98335
-4.98335
-4.98335
-4.98335
-4.98335
-4.98335
-4.98335
-4.98335
-4.98335
-4.98335
-4.98335
-4.98335
-4.98335
-4.98335
-4.98335
-4.98335
-4.98335
-4.98335
-4.98335
-4.98335
-4.98335
-4.98335
-4.98335
-4.98335
-4.98335
-4.98335
-4.98335
-4.98335
-4.98335
-4.98335
-4.98335
-4.98335
-4.98335
-4.98335
-4.98335
-4.98335
-4.98335
-4.98335
-4.98335
-4.98335
-4.98335
-4.98335
-4.98335
-4.98335
-4.98335
-4.98335
-4.98335
-4.98335
-4.98335
-4.98335
-4.98335
-4.98335
-4.98335
-4.98335
-4.98335
-4.98335
-4.98335
-4.98335
-4.98335
-4.98335
-4.98335
-4.98335
-4.98335
-4.98335
-4.98335
-4.98335
-4.98335
-4.98335
-4.98335
-4.98335
-4.98335
-4.98335
-4.98335
-4.98335
-4.98335
-4.98335
-4.98335
-4.98335
-4.98335
-4.98335
-4.98335
-4.98335
-4.98335
-4.98335
-4.98335
-4.98335
-4.98335
-4.98335
-4.98335
-4.98335
-4.98335
-4.98335
-4.98335
-4.98335
-4.98335
-4.98335
-4.98335
-4.98335
-4.98335
-4.98335
-4.98335
-4.98335
-4.98335
-4.98335
-4.98335
-4.98335
-4.98335
-4.98335
-4.98335
-4.98335
-4.98335
-4.98335
-4.98335
-4.98335
-4.98335
-4.98335
-4.98335
-4.98335
-4.98335
-4.98335
-4.98335
-4.98335
-4.98335
-4.98335
-4.98335
-4.98335
-4.98335
-4.98335
-4.98335
-4.98335
-4.98335
-4.98335
-4.98335
-4.98335
-4.98335
-4.98335
-4.98335
-4.98335
-4.98335
-4.98335
-4.98335
-4.98335
-4.98335
-4.98335
-4.98335
-4.98335
-4.98335
-4.98335
-4.98335
-4.98335
-4.98335
-4.98335
-4.98335
-4.98335
-4.98335
-4.98335
-4.98335
-4.98335
-4.98335
-4.98335
-4.98335
-4.98335
-4.98335
-4.98335
-4.98335
-4.98335
-4.98335
-4.98335
-4.98335
-4.98335
-4.98335
-4.98335
-4.98335
-4.98335
-4.98335
-4.98335
-4.98335
-4.98335
-4.98335
-4.98335
-4.98335
-4.98335
-4.98335
-4.98335
-4.98335
-4.98335
-4.98335
-4.98335
-4.98335
-4.98335
-4.98335
-4.98335
-4.98335
-4.98335
-4.98335
-4.98335
-4.98335
-4.98335
-4.98335
-4.98335
-4.98335
-4.98335
-4.98335
-4.98335
-4.98335
-4.98335
-4.98335
-4.98335
-4.98335
-4.98335
-4.98335
-4.98335
-4.98335
-4.98335
-4.98335
-4.98335
-4.98335
-4.98335
-4.98335
-4.98335
-4.98335
-4.98335
-4.98335
-4.98335
-4.98335
-4.98335
-4.98335
-4.98335
-4.98335
-4.98335
-4.98335
-4.98335
-4.98335
-4.98335
-4.98335
-4.98335
-4.98335
-4.98335
-4.98335
-4.98335
-4.98335
-4.98335
-4.98335
-4.98335
-4.98335
-4.98335
-4.98335
-4.98335
-4.98335
-4.98335
-4.98335
-4.98335
-4.98335
-4.98335
-4.98335
-4.98335
-4.98335
-4.98335
-4.98335
-4.98335
-4.98335
-4.98335
-4.98335
-4.98335
-4.98335
-4.98335
-4.98335
-4.98335
-4.98335
-4.98335
-4.98335
-4.98335
-4.98335
-4.98335
-4.98335
-4.98335
-4.98335
-4.98335
-4.98335
-4.98335
-4.98335
-4.98335
-4.98335
-4.98335
-4.98335
-4.98335
-4.98335
-4.98335
-4.98335
-4.98335
-4.98335
-4.98335
-4.98335
-4.98335
-4.98335
-4.98335
-4.98335
-4.98335
-4.98335
-4.98335
-4.98335
-4.98335
-4.98335
-4.98335
-4.98335
-4.98335
-4.98335
-4.98335
-4.98335
-4.98335
-4.98335
-4.98335
-4.98335
-4.98335
-4.98335
-4.98335
-4.98335
-4.98335
-4.98335
-4.98335
-4.98335
-4.98335
-4.98335
-4.98335
-4.98335
-4.98335
-4.98335
-4.98335
-4.98335
-4.98335
-4.98335
-4.98335
-4.98335
-4.98335
-4.98335
-4.98335
-4.98335
-4.98335
-4.98335
-4.98335
-4.98335
-4.98335
-4.98335
-4.98335
-4.98335
-4.98335
-4.98335
-4.98335
-4.98335
-4.98335
-4.98335
-4.98335
-4.98335
-4.98335
-4.98335
-4.98335
-4.98335
-4.98335
-4.98335
-4.98335
-4.98335
-4.98335
-4.98335
-4.98335
-4.98335
-4.98335
-4.98335
-4.98335
-4.98335
-4.98335
-4.98335
-4.98335
-4.98335
-4.98335
-4.98335
-4.98335
-4.98335
-4.98335
-4.98335
-4.98335
-4.98335
-4.98335
-4.98335
-4.98335
-4.98335
-4.98335
-4.98335
-4.98335
-4.98335
-4.98335
-4.98335
-4.98335
-4.98335
-4.98335
-4.98335
-4.98335
-4.98335
-4.98335
-4.98335
-4.98335
-4.98335
-4.98335
-4.98335
-4.98335
-4.98335
-4.98335
-4.98335
-4.98335
-4.98335
-4.98335
-4.98335
-4.98335
-4.98335
-4.98335
-4.98335
-4.98335
-4.98335
-4.98335
-4.98335
-4.98335
-4.98335
-4.98335
-4.98335
-4.98335
-4.98335
-4.98335
-4.98335
-4.98335
-4.98335
-4.98335
-4.98335
-4.98335
-4.98335
-4.98335
-4.98335
-4.98335
-4.98335
-4.98335
-4.98335
-4.98335
-4.98335
-4.98335
-4.98335
-4.98335
-4.98335
-4.98335
-4.98335
-4.98335
-4.98335
-4.98335
-4.98335
-4.98335
-4.98335
-4.98335
-4.98335
-4.98335
-4.98335
-4.98335
-4.98335
-4.98335
-4.98335
-4.98335
-4.98335
-4.98335
-4.98335
-4.98335
-4.98335
-4.98335
-4.98335
-4.98335
-4.98335
-4.98335
-4.98335
-4.98335
-4.98335
-4.98335
-4.98335
-4.98335
-4.98335
-4.98335
-4.98335
-4.98335
-4.98335
-4.98335
-4.98335
-4.98335
-4.98335
-4.98335
-4.98335
-4.98335
-4.98335
-4.98335
-4.98335
-4.98335
-4.98335
-4.98335
-4.98335
-4.98335
-4.98335
-4.98335
-4.98335
-4.98335
-4.98335
-4.98335
-4.98335
-4.98335
-4.98335
-4.98335
-4.98335
-4.98335
-4.98335
-4.98335
-4.98335
-4.98335
-4.98335
-4.98335
-4.98335
-4.98335
-4.98335
-4.98335
-4.98335
-4.98335
-4.98335
-4.98335
-4.98335
-4.98335
-4.98335
-4.98335
-4.98335
-4.98335
-4.98335
-4.98335
-4.98335
-4.98335
-4.98335
-4.98335
-4.98335
-4.98335
-4.98335
-4.98335
-4.98335
-4.98335
-4.98335
-4.98335
-4.98335
-4.98335
-4.98335
-4.98335
-4.98335
-4.98335
-4.98335
-4.98335
-4.98335
-4.98335
-4.98335
-4.98335
-4.98335
-4.98335
-4.98335
-4.98335
-4.98335
-4.98335
-4.98335
-4.98335
-4.98335
-4.98335
-4.98335
-4.98335
-4.98335
-4.98335
-4.98335
-4.98335
-4.98335
-4.98335
-4.98335
-4.98335
-4.98335
-4.98335
-4.98335
-4.98335
-4.98335
-4.98335
-4.98335
-4.98335
-4.98335
-4.98335
-4.98335
-4.98335
-4.98335
-4.98335
-4.98335
-4.98335
-4.98335
-4.98335
-4.98335
-4.98335
-4.98335
-4.98335
-4.98335
-4.98335
-4.98335
-4.98335
-4.98335
-4.98335
-4.98335
-4.98335
-4.98335
-4.98335
-4.98335
-4.98335
-4.98335
-4.98335
-4.98335
-4.98335
-4.98335
-4.98335
-4.98335
-4.98335
-4.98335
-4.98335
-4.98335
-4.98335
-4.98335
-4.98335
-4.98335
-4.98335
-4.98335
-4.98335
-4.98335
-4.98335
-4.98335
-4.98335
-4.98335
-4.98335
-4.98335
-4.98335
-4.98335
-4.98335
-4.98335
-4.98335
-4.98335
-4.98335
-4.98335
-4.98335
-4.98335
-4.98335
-4.98335
-4.98335
-4.98335
-4.98335
-4.98335
-4.98335
-4.98335
-4.98335
-4.98335
-4.98335
-4.98335
-4.98335
-4.98335
-4.98335
-4.98335
-4.98335
-4.98335
-4.98335
-4.98335
-4.98335
-4.98335
-4.98335
-4.98335
-4.98335
-4.98335
-4.98335
-4.98335
-4.98335
-4.98335
-4.98335
-4.98335
-4.98335
-4.98335
-4.98335
-4.98335
-4.98335
-4.98335
-4.98335
-4.98335
-4.98335
-4.98335
-4.98335
-4.98335
-4.98335
-4.98335
-4.98335
-4.98335
-4.98335
-4.98335
-4.98335
-4.98335
-4.98335
-4.98335
-4.98335
-4.98335
-4.98335
-4.98335
-4.98335
-4.98335
-4.98335
-4.98335
-4.98335
-4.98335
-4.98335
-4.98335
-4.98335
-4.98335
-4.98335
-4.98335
-4.98335
-4.98335
-4.98335
-4.98335
-4.98335
-4.98335
-4.98335
-4.98335
-4.98335
-4.98335
-4.98335
-4.98335
-4.98335
-4.98335
-4.98335
-4.98335
-4.98335
-4.98335
-4.98335
-4.98335
-4.98335
-4.98335
-4.98335
-4.98335
-4.98335
-4.98335
-4.98335
-4.98335
-4.98335
-4.98335
-4.98335
-4.98335
-4.98335
-4.98335
-4.98335
-4.98335
-4.98335
-4.98335
-4.98335
-4.98335
-4.98335
-4.98335
-4.98335
-4.98335
-4.98335
-4.98335
-4.98335
-4.98335
-4.98335
-4.98335
-4.98335
-4.98335
-4.98335
-4.98335
-4.98335
-4.98335
-4.98335
-4.98335
-4.98335
-4.98335
-4.98335
-4.98335
-4.98335
-4.98335
-4.98335
-4.98335
-4.98335
-4.98335
-4.98335
-4.98335
-4.98335
-4.98335
-4.98335
-4.98335
-4.98335
-4.98335
-4.98335
-4.98335
-4.98335
-4.98335
-4.98335
-4.98335
-4.98335
-4.98335
-4.98335
-4.98335
-4.98335
-4.98335
-4.98335
-4.98335
-4.98335
-4.98335
-4.98335
-4.98335
-4.98335
-4.98335
-4.98335
-4.98335
-4.98335
-4.98335
-4.98335
-4.98335
-4.98335
-4.98335
-4.98335
-4.98335
-4.98335
-4.98335
-4.98335
-4.98335
-4.98335
-4.98335
-4.98335
-4.98335
-4.98335
-4.98335
-4.98335
-4.98335
-4.98335
-4.98335
-4.98335
-4.98335
-4.98335
-4.98335
-4.98335
-4.98335
-4.98335
-4.98335
-4.98335
-4.98335
-4.98335
-4.98335
-4.98335
-4.98335
-4.98335
-4.98335
-4.98335
-4.98335
-4.98335
-4.98335
-4.98335
-4.98335
-4.98335
-4.98335
-4.98335
-4.98335
-4.98335
-4.98335
-4.98335
-4.98335
-4.98335
-4.98335
-4.98335
-4.98335
-4.98335
-4.98335
-4.98335
-4.98335
-4.98335
-4.98335
-4.98335
-4.98335
-4.98335
-4.98335
-4.98335
-4.98335
-4.98335
-4.98335
-4.98335
-4.98335
-4.98335
-4.98335
-4.98335
-4.98335
-4.98335
-4.98335
-4.98335
-4.98335
-4.98335
-4.98335
-4.98335
-4.98335
-4.98335
-4.98335
-4.98335
-4.98335
-4.98335
-4.98335
-4.98335
-4.98335
-4.98335
-4.98335
-4.98335
-4.98335
-4.98335
-4.98335
-4.98335
-4.98335
-4.98335
-4.98335
-4.98335
-4.98335
-4.98335
-4.98335
-4.98335
-4.98335
-4.98335
-4.98335
-4.98335
-4.98335
-4.98335
-4.98335
-4.98335
-4.98335
-4.98335
-4.98335
-4.98335
-4.98335
-4.98335
-4.98335
-4.98335
-4.98335
-4.98335
-4.98335
-4.98335
-4.98335
-4.98335
-4.98335
-4.98335
-4.98335
-4.98335
-4.98335
-4.98335
-4.98335
-4.98335
-4.98335
-4.98335
-4.98335
-4.98335
-4.98335
-4.98335
-4.98335
-4.98335
-4.98335
-4.98335
-4.98335
-4.98335
-4.98335
-4.98335
-4.98335
-4.98335
-4.98335
-4.98335
-4.98335
-4.98335
-4.98335
-4.98335
-4.98335
-4.98335
-4.98335
-4.98335
-4.98335
-4.98335
-4.98335
-4.98335
-4.98335
-4.98335
-4.98335
-4.98335
-4.98335
-4.98335
-4.98335
-4.98335
-4.98335
-4.98335
-4.98335
-4.98335
-4.98335
-4.98335
-4.98335
-4.98335
-4.98335
-4.98335
-4.98335
-4.98335
-4.98335
-4.98335
-4.98335
-4.98335
-4.98335
-4.98335
-4.98335
-4.98335
-4.98335
-4.98335
-4.98335
-4.98335
-4.98335
-4.98335
-4.98335
-4.98335
-4.98335
-4.98335
-4.98335
-4.98335
-4.98335
-4.98335
-4.98335
-4.98335
-4.98335
-4.98335
-4.98335
-4.98335
-4.98335
-4.98335
-4.98335
-4.98335
-4.98335
-4.98335
-4.98335
-4.98335
-4.98335
-4.98335
-4.98335
-4.98335
-4.98335
-4.98335
-4.98335
-4.98335
-4.98335
-4.98335
-4.98335
-4.98335
-4.98335
-4.98335
-4.98335
-4.98335
-4.98335
-4.98335
-4.98335
-4.98335
-4.98335
-4.98335
-4.98335
-4.98335
-4.98335
-4.98335
-4.98335
-4.98335
-4.98335
-4.98335
-4.98335
-4.98335
-4.98335
-4.98335
-4.98335
-4.98335
-4.98335
-4.98335
-4.98335
-4.98335
-4.98335
-4.98335
-4.98335
-4.98335
-4.98335
-4.98335
-4.98335
-4.98335
-4.98335
-4.98335
-4.98335
-4.98335
-4.98335
-4.98335
-4.98335
-4.98335
-4.98335
-4.98335
-4.98335
-4.98335
-4.98335
-4.98335
-4.98335
-4.98335
-4.98335
-4.98335
-4.98335
-4.98335
-4.98335
-4.98335
-4.98335
-4.98335
-4.98335
-4.98335
-4.98335
-4.98335
-4.98335
-4.98335
-4.98335
-4.98335
-4.98335
-4.98335
-4.98335
-4.98335
-4.98335
-4.98335
-4.98335
-4.98335
-4.98335
-4.98335
-4.98335
-4.98335
-4.98335
-4.98335
-4.98335
-4.98335
-4.98335
-4.98335
-4.98335
-4.98335
-4.98335
-4.98335
-4.98335
-4.98335
-4.98335
-4.98335
-4.98335
-4.98335
-4.98335
-4.98335
-4.98335
-4.98335
-4.98335
-4.98335
-4.98335
-4.98335
-4.98335
-4.98335
-4.98335
-4.98335
-4.98335
-4.98335
-4.98335
-4.98335
-4.98335
-4.98335
-4.98335
-4.98335
-4.98335
-4.98335
-4.98335
-4.98335
-4.98335
-4.98335
-4.98335
-4.98335
-4.98335
-4.98335
-4.98335
-4.98335
-4.98335
-4.98335
-4.98335
-4.98335
-4.98335
-4.98335
-4.98335
-4.98335
-4.98335
-4.98335
-4.98335
-4.98335
-4.98335
-4.98335
-4.98335
-4.98335
-4.98335
-4.98335
-4.98335
-4.98335
-4.98335
-4.98335
-4.98335
-4.98335
-4.98335
-4.98335
-4.98335
-4.98335
-4.98335
-4.98335
-4.98335
-4.98335
-4.98335
-4.98335
-4.98335
-4.98335
-4.98335
-4.98335
-4.98335
-4.98335
-4.98335
-4.98335
-4.98335
-4.98335
-4.98335
-4.98335
-4.98335
-4.98335
-4.98335
-4.98335
-4.98335
-4.98335
-4.98335
-4.98335
-4.98335
-4.98335
-4.98335
-4.98335
-4.98335
-4.98335
-4.98335
-4.98335
-4.98335
-4.98335
-4.98335
-4.98335
-4.98335
-4.98335
-4.98335
-4.98335
-4.98335
-4.98335
-4.98335
-4.98335
-4.98335
-4.98335
-4.98335
-4.98335
-4.98335
-4.98335
-4.98335
-4.98335
-4.98335
-4.98335
-4.98335
-4.98335
-4.98335
-4.98335
-4.98335
-4.98335
-4.98335
-4.98335
-4.98335
-4.98335
-4.98335
-4.98335
-4.98335
-4.98335
-4.98335
-4.98335
-4.98335
-4.98335
-4.98335
-4.98335
-4.98335
-4.98335
-4.98335
-4.98335
-4.98335
-4.98335
-4.98335
-4.98335
-4.98335
-4.98335
-4.98335
-4.98335
-4.98335
-4.98335
-4.98335
-4.98335
-4.98335
-4.98335
-4.98335
-4.98335
-4.98335
-4.98335
-4.98335
-4.98335
-4.98335
-4.98335
-4.98335
-4.98335
-4.98335
-4.98335
-4.98335
-4.98335
-4.98335
-4.98335
-4.98335
-4.98335
-4.98335
-4.98335
-4.98335
-4.98335
-4.98335
-4.98335
-4.98335
-4.98335
-4.98335
-4.98335
-4.98335
-4.98335
-4.98335
-4.98335
-4.98335
-4.98335
-4.98335
-4.98335
-4.98335
-4.98335
-4.98335
-4.98335
-4.98335
-4.98335
-4.98335
-4.98335
-4.98335
-4.98335
-4.98335
-4.98335
-4.98335
-4.98335
-4.98335
-4.98335
-4.98335
-4.98335
-4.98335
-4.98335
-4.98335
-4.98335
-4.98335
-4.98335
-4.98335
-4.98335
-4.98335
-4.98335
-4.98335
-4.98335
-4.98335
-4.98335
-4.98335
-4.98335
-4.98335
-4.98335
-4.98335
-4.98335
-4.98335
-4.98335
-4.98335
-4.98335
-4.98335
-4.98335
-4.98335
-4.98335
-4.98335
-4.98335
-4.98335
-4.98335
-4.98335
-4.98335
-4.98335
-4.98335
-4.98335
-4.98335
-4.98335
-4.98335
-4.98335
-4.98335
-4.98335
-4.98335
-4.98335
-4.98335
-4.98335
-4.98335
-4.98335
-4.98335
-4.98335
-4.98335
-4.98335
-4.98335
-4.98335
-4.98335
-4.98335
-4.98335
-4.98335
-4.98335
-4.98335
-4.98335
-4.98335
-4.98335
-4.98335
-4.98335
-4.98335
-4.98335
-4.98335
-4.98335
-4.98335
-4.98335
-4.98335
-4.98335
-4.98335
-4.98335
-4.98335
-4.98335
-4.98335
-4.98335
-4.98335
-4.98335
-4.98335
-4.98335
-4.98335
-4.98335
-4.98335
-4.98335
-4.98335
-4.98335
-4.98335
-4.98335
-4.98335
-4.98335
-4.98335
-4.98335
-4.98335
-4.98335
-4.98335
-4.98335
-4.98335
-4.98335
-4.98335
-4.98335
-4.98335
-4.98335
-4.98335
-4.98335
-4.98335
-4.98335
-4.98335
-4.98335
-4.98335
-4.98335
-4.98335
-4.98335
-4.98335
-4.98335
-4.98335
-4.98335
-4.98335
-4.98335
-4.98335
-4.98335
-4.98335
-4.98335
-4.98335
-4.98335
-4.98335
-4.98335
-4.98335
-4.98335
-4.98335
-4.98335
-4.98335
-4.98335
-4.98335
-4.98335
-4.98335
-4.98335
-4.98335
-4.98335
-4.98335
-4.98335
-4.98335
-4.98335
-4.98335
-4.98335
-4.98335
-4.98335
-4.98335
-4.98335
-4.98335
-4.98335
-4.98335
-4.98335
-4.98335
-4.98335
-4.98335
-4.98335
-4.98335
-4.98335
-4.98335
-4.98335
-4.98335
-4.98335
-4.98335
-4.98335
-4.98335
-4.98335
-4.98335
-4.98335
-4.98335
-4.98335
-4.98335
-4.98335
-4.98335
-4.98335
-4.98335
-4.98335
-4.98335
-4.98335
-4.98335
-4.98335
-4.98335
-4.98335
-4.98335
-4.98335
-4.98335
-4.98335
-4.98335
-4.98335
-4.98335
-4.98335
-4.98335
-4.98335
-4.98335
-4.98335
-4.98335
-4.98335
-4.98335
-4.98335
-4.98335
-4.98335
-4.98335
-4.98335
-4.98335
-4.98335
-4.98335
-4.98335
-4.98335
-4.98335
-4.98335
-4.98335
-4.98335
-4.98335
-4.98335
-4.98335
-4.98335
-4.98335
-4.98335
-4.98335
-4.98335
-4.98335
-4.98335
-4.98335
-4.98335
-4.98335
-4.98335
-4.98335
-4.98335
-4.98335
-4.98335
-4.98335
-4.98335
-4.98335
-4.98335
-4.98335
-4.98335
-4.98335
-4.98335
-4.98335
-4.98335
-4.98335
-4.98335
-4.98335
-4.98335
-4.98335
-4.98335
-4.98335
-4.98335
-4.98335
-4.98335
-4.98335
-4.98335
-4.98335
-4.98335
-4.98335
-4.98335
-4.98335
-4.98335
-4.98335
-4.98335
-4.98335
-4.98335
-4.98335
-4.98335
-4.98335
-4.98335
-4.98335
-4.98335
-4.98335
-4.98335
-4.98335
-4.98335
-4.98335
-4.98167
-4.98167
-4.98167
-4.98167
-4.98167
-4.98167
-4.98167
-4.98167
-4.98167
-4.98167
-4.98167
-4.98167
-4.98167
-4.98167
-4.98167
-4.98167
-4.98167
-4.98167
-4.98167
-4.98167
-4.98167
-4.98167
-4.98167
-4.98167
-4.98167
-4.98167
-4.98167
-4.98167
-4.98167
-4.98167
-4.98167
-4.98167
-4.98167
-4.98167
-4.98167
-4.98167
-4.98167
-4.98167
-4.98167
-4.98167
-4.98167
-4.98167
-4.98167
-4.98167
-4.98167
-4.98167
-4.98167
-4.98167
-4.98167
-4.98167
-4.98167
-4.98167
-4.98167
-4.98167
-4.98167
-4.98167
-4.98167
-4.98167
-4.98167
-4.98167
-4.98167
-4.98167
-4.98167
-4.98167
-4.98167
-4.98167
-4.98167
-4.98167
-4.98167
-4.98167
-4.98167
-4.98167
-4.98167
-4.98167
-4.98167
-4.98167
-4.98167
-4.98167
-4.98167
-4.98167
-4.98167
-4.98167
-4.98167
-4.98167
-4.98167
-4.98167
-4.98167
-4.98167
-4.98167
-4.98167
-4.98167
-4.98167
-4.98167
-4.98167
-4.98167
-4.98167
-4.98167
-4.98167
-4.98167
-4.98167
-4.98167
-4.98167
-4.98167
-4.98167
-4.98167
-4.98167
-4.98167
-4.98167
-4.98167
-4.98167
-4.98167
-4.98167
-4.98167
-4.98167
-4.98167
-4.98167
-4.98167
-4.98167
-4.98167
-4.98167
-4.98167
-4.98167
-4.98167
-4.98167
-4.98167
-4.98167
-4.98167
-4.98167
-4.98167
-4.98167
-4.98167
-4.98167
-4.98167
-4.98167
-4.98167
-4.98167
-4.98167
-4.98167
-4.98167
-4.98167
-4.98167
-4.98167
-4.98167
-4.98167
-4.98167
-4.98167
-4.98167
-4.98167
-4.98167
-4.98167
-4.98167
-4.98167
-4.98167
-4.98167
-4.98167
-4.98167
-4.98167
-4.98167
-4.98167
-4.98167
-4.98167
-4.98167
-4.98167
-4.98167
-4.98167
-4.98167
-4.98167
-4.98167
-4.98167
-4.98167
-4.98167
-4.98167
-4.98167
-4.98167
-4.98167
-4.98167
-4.98167
-4.98167
-4.98167
-4.98167
-4.98167
-4.98167
-4.98167
-4.98167
-4.98167
-4.98167
-4.98167
-4.98167
-4.98167
-4.98167
-4.98167
-4.98167
-4.98167
-4.98167
-4.98167
-4.98167
-4.98167
-4.98167
-4.98167
-4.98167
-4.98167
-4.98167
-4.98167
-4.98167
-4.98167
-4.98167
-4.98167
-4.98167
-4.98167
-4.98167
-4.98167
-4.98167
-4.98167
-4.98167
-4.98167
-4.98167
-4.98167
-4.98167
-4.98167
-4.98167
-4.98167
-4.98167
-4.98167
-4.98167
-4.98167
-4.98167
-4.98167
-4.98167
-4.98167
-4.98167
-4.98167
-4.98167
-4.98167
-4.98167
-4.98167
-4.98167
-4.98167
-4.98167
-4.98167
-4.98167
-4.98167
-4.98167
-4.98167
-4.98167
-4.98167
-4.98167
-4.98167
-4.98167
-4.98167
-4.98167
-4.98167
-4.98167
-4.98167
-4.98167
-4.98167
-4.98167
-4.98167
-4.98167
-4.98167
-4.98167
-4.98167
-4.98167
-4.98167
-4.98167
-4.98167
-4.98167
-4.98167
-4.98167
-4.98167
-4.98167
-4.98167
-4.98167
-4.98167
-4.98167
-4.98167
-4.98167
-4.98167
-4.98167
-4.98167
-4.98167
-4.98167
-4.98167
-4.98167
-4.98167
-4.98167
-4.98167
-4.98167
-4.98167
-4.98167
-4.98167
-4.98167
-4.98167
-4.98167
-4.98167
-4.98167
-4.98167
-4.98167
-4.98167
-4.98167
-4.98167
-4.98167
-4.98167
-4.98167
-4.98167
-4.98167
-4.98167
-4.98167
-4.98167
-4.98167
-4.98167
-4.98167
-4.98167
-4.98167
-4.98167
-4.98167
-4.98167
-4.98167
-4.98167
-4.98167
-4.98167
-4.98167
-4.98167
-4.98167
-4.98167
-4.98167
-4.98167
-4.98167
-4.98167
-4.98167
-4.98167
-4.98167
-4.98167
-4.98167
-4.98167
-4.98167
-4.98167
-4.98167
-4.98167
-4.98167
-4.98167
-4.98167
-4.98167
-4.98167
-4.98167
-4.98167
-4.98167
-4.98167
-4.98167
-4.98167
-4.98167
-4.98167
-4.98167
-4.98167
-4.98167
-4.98167
-4.98167
-4.98167
-4.98167
-4.98167
-4.98167
-4.98167
-4.98167
-4.98167
-4.98167
-4.98167
-4.98167
-4.98167
-4.98167
-4.98167
-4.98167
-4.98167
-4.98167
-4.98167
-4.98167
-4.98167
-4.98167
-4.98167
-4.98167
-4.98167
-4.98167
-4.98167
-4.98167
-4.98167
-4.98167
-4.98167
-4.98167
-4.98167
-4.98167
-4.98167
-4.98167
-4.98167
-4.98167
-4.98167
-4.98167
-4.98167
-4.98167
-4.98167
-4.98167
-4.98167
-4.98167
0.243703
0.244491
0.243955
0.243411
0.242863
0.242336
0.241795
0.241241
0.240711
0.24017
0.239632
0.239094
0.238559
0.238005
0.237484
0.236966
0.236449
0.235943
0.235443
0.234935
0.234425
0.23392
0.233398
0.232886
0.232373
0.231861
0.231346
0.230841
0.230329
0.229826
0.22931
0.228568
0.22811
0.227623
0.227146
0.226686
0.22622
0.225752
0.225273
0.224803
0.224348
0.223878
0.223408
0.222949
0.222489
0.222011
0.221538
0.221072
0.220607
0.220136
0.219661
0.219198
0.21873
0.217951
0.217525
0.217108
0.216688
0.216264
0.215843
0.215417
0.214984
0.214563
0.21414
0.213706
0.213282
0.212861
0.212441
0.212011
0.211587
0.211166
0.210739
0.210318
0.209892
0.209462
0.209038
0.208629
0.208189
0.207778
0.20735
0.206929
0.20635
0.205957
0.205554
0.205169
0.204767
0.204376
0.203987
0.203592
0.203195
0.202796
0.202404
0.20201
0.201609
0.201218
0.200815
0.200423
0.200028
0.199645
0.199249
0.198854
0.198466
0.198076
0.197674
0.197274
0.19688
0.196475
0.196085
0.195682
0.195227
0.194848
0.194474
0.194099
0.193725
0.19335
0.192973
0.192603
0.192227
0.19186
0.191486
0.191121
0.190741
0.190374
0.189994
0.18962
0.189236
0.188872
0.188493
0.188121
0.187754
0.187379
0.187006
0.186613
0.186241
0.185867
0.1855
0.185127
0.184739
0.184385
0.184033
0.183686
0.183331
0.182963
0.182608
0.182253
0.181894
0.181539
0.181174
0.180821
0.180463
0.180101
0.17972
0.179357
0.179009
0.178653
0.178291
0.17794
0.177587
0.177225
0.176869
0.176517
0.17615
0.175824
0.17549
0.175117
0.174748
0.174384
0.174046
0.173692
0.17335
0.173009
0.172667
0.17232
0.17197
0.171627
0.171272
0.170918
0.17058
0.170229
0.169881
0.169546
0.169202
0.168864
0.16852
0.16817
0.167826
0.167502
0.167168
0.166832
0.16649
0.166119
0.165761
0.165427
0.165087
0.164738
0.164411
0.164066
0.163728
0.163397
0.163045
0.162708
0.162382
0.162016
0.161673
0.161342
0.160995
0.160658
0.160323
0.160014
0.159674
0.159335
0.159003
0.158669
0.158359
0.158002
0.15766
0.157311
0.156991
0.156656
0.156357
0.156025
0.155692
0.155368
0.155029
0.154703
0.154372
0.154047
0.153725
0.153379
0.15306
0.152731
0.15241
0.152074
0.151742
0.15142
0.151103
0.150791
0.150474
0.15016
0.149819
0.149472
0.149157
0.148838
0.148514
0.148195
0.147862
0.14755
0.147222
0.146899
0.146583
0.146253
0.145939
0.145615
0.145295
0.144982
0.144662
0.144339
0.144009
0.14369
0.143393
0.143074
0.142768
0.142442
0.142119
0.141783
0.141476
0.141154
0.140841
0.140526
0.140197
0.139884
0.139564
0.139253
0.138932
0.138627
0.138307
0.138021
0.137703
0.137391
0.137074
0.136757
0.136442
0.13614
0.135826
0.135513
0.1352
0.134866
0.134555
0.134233
0.133916
0.13361
0.133295
0.132979
0.132673
0.13235
0.132038
0.131732
0.131413
0.131104
0.13079
0.130477
0.130161
0.12984
0.129529
0.129224
0.128935
0.128616
0.128301
0.127967
0.127665
0.127363
0.127061
0.126749
0.12644
0.126124
0.125817
0.125517
0.125203
0.124889
0.124576
0.124273
0.123962
0.12366
0.123357
0.12305
0.122751
0.122445
0.122158
0.12185
0.121533
0.121213
0.120912
0.120616
0.120314
0.120014
0.119708
0.119401
0.119095
0.118799
0.118498
0.118198
0.117902
0.117593
0.117292
0.116989
0.116679
0.116376
0.116088
0.115781
0.115473
0.115179
0.114872
0.114574
0.114271
0.113969
0.11367
0.113367
0.113073
0.11276
0.112475
0.112163
0.111859
0.111571
0.111271
0.110971
0.110667
0.110368
0.110065
0.109773
0.109464
0.109161
0.108869
0.108564
0.108265
0.107959
0.107661
0.107357
0.107051
0.106746
0.106449
0.106144
0.105843
0.10555
0.105258
0.104954
0.104661
0.10436
0.10405
0.103743
0.103446
0.103138
0.102837
0.102532
0.102234
0.101932
0.101629
0.101333
0.101026
0.10073
0.100425
0.10013
0.0998197
0.0995273
0.0992148
0.0989325
0.0986326
0.098325
0.0980262
0.0977202
0.0974261
0.0971111
0.0968079
0.0965161
0.096214
0.0959087
0.09561
0.0953105
0.095016
0.0947122
0.0944182
0.0941249
0.0938357
0.0935234
0.0932247
0.092927
0.0926375
0.0923346
0.0920376
0.0917396
0.0914487
0.091144
0.0908527
0.0905508
0.0902598
0.0899607
0.0896614
0.0893632
0.0890753
0.0887773
0.0884777
0.0881858
0.0878904
0.0875964
0.0873014
0.0870078
0.0867175
0.0864213
0.0861253
0.0858312
0.0855372
0.0852415
0.0849441
0.0846649
0.0843713
0.0840869
0.0837922
0.0834867
0.0831959
0.0829083
0.0826216
0.0823302
0.0820484
0.0817615
0.0814695
0.081175
0.0808919
0.0806011
0.0803052
0.0800321
0.0797564
0.0794594
0.0791601
0.078879
0.0785948
0.0783105
0.0780316
0.0777496
0.0774694
0.0771907
0.0769073
0.0766204
0.0763397
0.076063
0.0758018
0.0755277
0.0752396
0.0749458
0.0746721
0.074398
0.0741215
0.0738476
0.0735742
0.0732978
0.0730268
0.0727532
0.0724722
0.0722045
0.0719348
0.0716787
0.0713986
0.071114
0.0708446
0.0705751
0.0703081
0.0700414
0.0697678
0.0695029
0.069233
0.0689625
0.0686973
0.0684275
0.068169
0.0679091
0.0676407
0.0673633
0.067105
0.0668416
0.0665767
0.066317
0.0660529
0.0657919
0.0655224
0.0652609
0.0650061
0.0647373
0.0644769
0.0642273
0.0639676
0.0637087
0.0634348
0.0631773
0.0629257
0.0626663
0.06241
0.0621581
0.061898
0.0616443
0.0613885
0.0611324
0.0608797
0.0606374
0.0603761
0.0601116
0.0598636
0.0596185
0.0593698
0.0591196
0.0588668
0.0586127
0.058365
0.0581182
0.0578672
0.057627
0.0573817
0.0571284
0.0568732
0.0566262
0.0563865
0.0561403
0.0558954
0.0556519
0.0554104
0.0551663
0.0549205
0.0546808
0.0544474
0.0542126
0.0539646
0.053721
0.0534781
0.0532436
0.053003
0.0527681
0.0525298
0.0522979
0.0520638
0.0518277
0.0515866
0.0513608
0.051137
0.0508873
0.0506626
0.0504347
0.0501996
0.0499684
0.0497409
0.0495069
0.0492742
0.0490412
0.0488057
0.0485745
0.0483656
0.0481301
0.0478969
0.0476721
0.0474509
0.0472346
0.0470152
0.0467887
0.046574
0.0463484
0.0461287
0.045905
0.0456987
0.0454614
0.0452487
0.0450354
0.044821
0.0446082
0.0443916
0.0441785
0.043962
0.0437503
0.043531
0.0433163
0.0431085
0.0428957
0.0426835
0.0424833
0.0422783
0.0420728
0.0418667
0.0416678
0.0414619
0.0412584
0.0410521
0.0408493
0.0406436
0.040439
0.0402435
0.0400492
0.0398518
0.0396555
0.0394593
0.0392626
0.039064
0.038868
0.0386692
0.0384757
0.0382723
0.0380846
0.0378939
0.0377016
0.0375198
0.037328
0.037134
0.0369464
0.0367613
0.0365731
0.0363826
0.0361956
0.0360224
0.035823
0.0356481
0.035466
0.0352792
0.0351024
0.0349203
0.0347359
0.0345558
0.034381
0.0341962
0.0340184
0.0338515
0.0336584
0.0334847
0.0333102
0.0331365
0.0329569
0.0327847
0.0326115
0.032437
0.0322625
0.0320858
0.0319121
0.0317366
0.0315698
0.0314041
0.0312387
0.0310727
0.0309021
0.0307353
0.0305683
0.0304021
0.0302309
0.0300679
0.0298956
0.0297339
0.0295727
0.0294112
0.029249
0.02909
0.0289272
0.0287709
0.0286061
0.0284478
0.0282848
0.0281262
0.0279686
0.0278149
0.0276658
0.0275095
0.0273482
0.0271954
0.0270497
0.0268996
0.0267456
0.0265889
0.0264371
0.0262829
0.0261365
0.0259882
0.0258428
0.0256945
0.025548
0.0253997
0.0252565
0.0251074
0.0249643
0.0248144
0.0246722
0.0245343
0.0243948
0.0242556
0.0241174
0.0239774
0.0238383
0.0236983
0.0235536
0.0234146
0.0232769
0.0231336
0.0230002
0.0228673
0.0227347
0.0226017
0.0224697
0.0223342
0.0222058
0.0220741
0.021943
0.0218066
0.0216682
0.0215415
0.0214193
0.0212912
0.0211642
0.0210403
0.0209109
0.0207868
0.0206606
0.0205338
0.020407
0.0202809
0.0201567
0.0200336
0.0199129
0.0197959
0.0196736
0.0195556
0.0194353
0.0193149
0.0191948
0.0190768
0.0189574
0.0188338
0.0187173
0.0186099
0.0184961
0.0183755
0.018265
0.0181503
0.0180391
0.0179231
0.0178085
0.0176983
0.0175769
0.0174701
0.017362
0.0172575
0.0171468
0.0170386
0.0169319
0.0168233
0.0167129
0.0166055
0.0164982
0.0163836
0.0162779
0.0161783
0.0160736
0.0159725
0.0158678
0.0157669
0.0156656
0.0155606
0.0154586
0.0153533
0.0152516
0.0151447
0.0150483
0.0149511
0.0148498
0.0147538
0.0146538
0.0145552
0.0144548
0.0143578
0.0142589
0.0141637
0.014059
0.0139666
0.0138713
0.0137785
0.0136814
0.0135906
0.0134968
0.0133999
0.0133049
0.0132107
0.0131163
0.0130138
0.0129236
0.0128336
0.012745
0.0126542
0.0125619
0.0124723
0.0123838
0.0122937
0.0122048
0.0121149
0.0120215
0.0119352
0.0118487
0.0117579
0.0116801
0.0115896
0.011504
0.0114167
0.0113306
0.011247
0.01116
0.0110693
0.0109872
0.0109066
0.0108231
0.0107436
0.0106606
0.0105778
0.0104984
0.010417
0.010334
0.0102449
0.0101697
0.010093
0.0100134
0.00993731
0.0098588
0.0097841
0.00970463
0.00962365
0.00954418
0.00946887
0.00938742
0.00931548
0.0092436
0.00917137
0.00909747
0.0090263
0.00895205
0.00888226
0.00880819
0.00873564
0.00866456
0.0085902
0.00852207
0.00845622
0.00838787
0.00832235
0.00825241
0.00818643
0.00811706
0.00804882
0.00798497
0.00791472
0.00784525
0.00778105
0.00771855
0.00765483
0.00759237
0.00753093
0.0074671
0.00740596
0.00734235
0.00727871
0.00721688
0.00715019
0.00709063
0.00703335
0.00697466
0.0069171
0.00685751
0.00679926
0.0067408
0.00668243
0.00662202
0.00656685
0.00650312
0.0064506
0.00639267
0.00633869
0.00628555
0.00622924
0.00617491
0.00612174
0.00606538
0.00600997
0.00595585
0.00590059
0.00584709
0.00579708
0.00574621
0.00569067
0.00563996
0.00559122
0.00553736
0.00548081
0.00543163
0.0053778
0.00532592
0.00527819
0.00522699
0.00517871
0.00513067
0.00508291
0.00503604
0.00498875
0.00493849
0.00489051
0.00484112
0.00479007
0.00474721
0.00470142
0.00465353
0.00460975
0.00456194
0.00451584
0.00447163
0.00442391
0.00437859
0.00433371
0.0042821
0.00424047
0.00419846
0.00415662
0.00411151
0.00406994
0.00402803
0.00398634
0.003941
0.00389943
0.00385752
0.00381499
0.00376979
0.00372833
0.00368943
0.0036496
0.00361176
0.00357046
0.00353103
0.00349158
0.00345055
0.00341264
0.00337162
0.00333305
0.00329138
0.00325514
0.00321941
0.00318375
0.00314512
0.00310923
0.00307313
0.00303816
0.00300001
0.00296367
0.00292804
0.00289345
0.0028541
0.00281824
0.00278546
0.00275255
0.00271928
0.00268262
0.00264952
0.0026173
0.00258345
0.0025508
0.00251486
0.00248215
0.00244647
0.00241436
0.00238124
0.00235026
0.00231979
0.00228973
0.00225942
0.00222579
0.00219493
0.0021634
0.00213302
0.00210276
0.00206953
0.00204008
0.00200675
0.00197861
0.0019495
0.00192078
0.00189283
0.00186534
0.00183662
0.00180588
0.00177803
0.00174967
0.00172151
0.00169159
0.00167805
0.00163246
0.00160603
0.00157976
0.00155264
0.00152719
0.00149956
0.00147324
0.00144607
0.00142099
0.00139353
0.00136746
0.00134122
0.0013272
0.00128743
0.00126062
0.00123597
0.00121151
0.00118718
0.00116246
0.00113728
0.00111337
0.00108598
0.00106066
0.00103612
0.00101173
0.00100131
0.000961814
0.000939258
0.00091631
0.000893988
0.00087089
0.000845821
0.000822734
0.000799875
0.000777339
0.000754713
0.000731731
0.000709246
0.00068628
0.000663001
0.00064151
0.000620601
0.000599528
0.000577892
0.000554662
0.000533739
0.000512632
0.000491989
0.000471133
0.00044842
0.000425049
0.000402588
0.000384755
0.000363066
0.000343944
0.000324964
0.000305841
0.000286482
0.00026563
0.000247773
0.000228215
0.000208884
0.000187627
0.000177852
0.000166157
0.000129381
0.000112064
9.52968e-05
7.75797e-05
6.0122e-05
4.02387e-05
2.49243e-05
5.61359e-06
-1.17929e-05
-2.82748e-05
-4.58886e-05
-5.17676e-05
-8.13438e-05
-9.60562e-05
-0.000111265
-0.000126081
-0.000141624
-0.000157217
-0.000172554
-0.000188001
-0.000203417
-0.000218979
-0.000234599
-0.000252464
-0.000266622
-0.000279625
-0.000292863
-0.000305774
-0.000318914
-0.000331981
-0.000346576
-0.000358376
-0.000371484
-0.00038474
-0.000397726
-0.000410928
-0.000410503
-0.000439963
-0.000448294
-0.00045894
-0.000472081
-0.000482719
-0.000490989
-0.000501686
-0.00051473
-0.000523195
-0.000533869
-0.000544509
-0.000557333
-0.000548787
-0.000576201
-0.000584342
-0.000594893
-0.000601245
-0.000611245
-0.000617183
-0.000627613
-0.00063582
-0.00064175
-0.000652108
-0.000660168
-0.000668359
-0.00065664
-0.00068374
-0.000689395
-0.000695036
-0.000698688
-0.000704406
-0.000710484
-0.000717889
-0.000723419
-0.00072709
-0.000733608
-0.000739773
-0.000731332
-0.000752059
-0.000755094
-0.000758146
-0.000761375
-0.000764552
-0.000767598
-0.000770662
-0.000773774
-0.000776413
-0.000779194
-0.000783173
-0.000786129
-0.000774456
-0.000791796
-0.000792379
-0.000793073
-0.000793744
-0.000794423
-0.000795097
-0.000795783
-0.000795239
-0.000795422
-0.000797892
-0.000798384
-0.000799102
-0.000784781
-0.000796664
-0.000795015
-0.000795514
-0.000793824
-0.000792208
-0.000790633
-0.000789047
-0.000787325
-0.000785759
-0.000783907
-0.00078159
-0.000778945
-0.000760263
-0.000775125
-0.000771365
-0.00076756
-0.000763902
-0.000757782
-0.000754018
-0.000752444
-0.000748605
-0.000744955
-0.000741166
-0.000737591
-0.00072132
-0.000709653
-0.000722715
-0.00071776
-0.000712021
-0.000706375
-0.000700625
-0.000693423
-0.000689245
-0.00068355
-0.000677797
-0.000672103
-0.00066636
-0.000647321
-0.000651786
-0.000646457
-0.000638932
-0.000631446
-0.0006218
-0.000614325
-0.000608955
-0.000601487
-0.000593968
-0.000586415
-0.000576979
-0.000571667
-0.000552248
-0.000553728
-0.000544507
-0.00053533
-0.000526161
-0.000517109
-0.00051009
-0.000498782
-0.000491451
-0.000480144
-0.000471125
-0.000461937
-0.00045292
-0.000434972
-0.000420976
-0.000423531
-0.00041274
-0.00040216
-0.000391489
-0.000380887
-0.00037064
-0.000359931
-0.000349271
-0.000338556
-0.000328068
-0.000317388
-0.000306798
-0.000287063
-0.000284802
-0.000257098
-0.000261422
-0.000247304
-0.000235185
-0.000222885
-0.000210718
-0.000198395
-0.000185736
-0.000174102
-0.000160957
-0.000149015
-0.000136794
-0.000109233
-0.000110285
-9.73542e-05
-8.19078e-05
-6.94464e-05
-5.37323e-05
-3.96313e-05
-2.57033e-05
-1.29856e-05
1.41366e-06
1.43737e-05
2.82553e-05
4.29979e-05
5.67799e-05
8.86143e-05
0.000105003
0.000103427
0.000119965
0.00013503
0.00015289
0.000168865
0.000185594
0.000200935
0.00021603
0.000231715
0.000249512
0.000265155
0.000281072
0.000297256
0.000331864
0.00033173
0.000351806
0.000369645
0.000386984
0.000406944
0.000424049
0.000442013
0.000461153
0.000479263
0.00049669
0.000514408
0.000532503
0.000566465
0.000586216
0.000589037
0.000610703
0.000630784
0.000652653
0.000672313
0.000691933
0.000711837
0.000731314
0.00075361
0.000771639
0.000793573
0.000813189
0.000832757
0.000867494
0.000888829
0.000896931
0.000918072
0.000939091
0.000961112
0.000981779
0.0010055
0.0010274
0.00104886
0.00107035
0.00109136
0.00111484
0.00113622
0.00115746
0.00119404
0.00121538
0.00122638
0.00125046
0.00127347
0.00129667
0.00131958
0.00134488
0.00136714
0.0013901
0.00141384
0.00143729
0.0014628
0.00148623
0.00150916
0.00154629
0.00157395
0.0015839
0.00160883
0.00163366
0.00165806
0.00168347
0.00171049
0.00173558
0.00176067
0.00178584
0.00181034
0.00183762
0.00186272
0.00188744
0.0019267
0.00195697
0.0019676
0.00199413
0.00202069
0.00204773
0.0020743
0.00210379
0.0021309
0.00215798
0.00218418
0.00221111
0.00223704
0.0022633
0.00229316
0.00231985
0.00236518
0.00237662
0.00240637
0.00243455
0.00246329
0.00249185
0.00252007
0.00254915
0.00258029
0.00260972
0.00263812
0.00266602
0.00269509
0.00272369
0.00275491
0.00278205
0.00283154
0.0028451
0.00287407
0.002907
0.00293709
0.00296763
0.00299837
0.00303104
0.00306137
0.0030922
0.00312239
0.00315304
0.00318621
0.00321581
0.00324774
0.00327752
0.0033242
0.00335888
0.00337637
0.00340884
0.00344192
0.00347691
0.00350938
0.00354166
0.00357474
0.00360628
0.00364199
0.00367473
0.0037065
0.0037401
0.00377188
0.00380651
0.00383928
0.00389208
0.00392239
0.00394112
0.00397592
0.00401319
0.00404718
0.00408109
0.00411547
0.00414917
0.00418704
0.00422172
0.00425512
0.00429045
0.00432523
0.00436188
0.00439651
0.00443142
0.00446561
0.00451996
0.00455986
0.00457601
0.00461305
0.00464946
0.00468629
0.00472515
0.00476192
0.00479743
0.0048338
0.00487037
0.00490723
0.00494691
0.00498396
0.0050206
0.00505734
0.0050962
0.00513255
0.00518869
0.00523159
0.00524735
0.00528822
0.00532929
0.00536878
0.00541047
0.00544862
0.00548732
0.00552546
0.00556735
0.0056062
0.00564542
0.00568441
0.00572281
0.00576163
0.00579918
0.00584085
0.00588106
0.0059437
0.00598224
0.00600218
0.00604272
0.00608552
0.00612901
0.00616816
0.00621186
0.00625238
0.00629381
0.00633534
0.00637888
0.00642062
0.00646103
0.00650265
0.00654335
0.00658464
0.00662809
0.00666833
0.00673662
0.00677539
0.00680036
0.00684437
0.00688751
0.00692992
0.00697447
0.00702034
0.00706368
0.0071073
0.00715073
0.00719621
0.00724047
0.00728288
0.00732549
0.00736909
0.00741585
0.00745819
0.00750159
0.00754508
0.00761572
0.00766295
0.00768408
0.00772946
0.00777347
0.00782238
0.00786717
0.007908
0.00795686
0.00800199
0.0080475
0.00809296
0.00814057
0.00818668
0.00823188
0.00827708
0.00832206
0.00836741
0.00841574
0.00846219
0.00852677
0.00857588
0.00860205
0.00865298
0.00870061
0.00874703
0.00879445
0.0088447
0.00889255
0.0089429
0.00899266
0.0090407
0.00908925
0.00913572
0.00918301
0.00923025
0.0092803
0.00932846
0.00937501
0.00942257
0.00947313
0.00954073
0.00959054
0.00961674
0.00966958
0.00971935
0.00977069
0.00982064
0.00986821
0.00991907
0.00997132
0.0100213
0.0100722
0.0101187
0.0101692
0.0102185
0.0102692
0.0103191
0.0103737
0.0104205
0.0104705
0.0105211
0.0105728
0.0106528
0.0106786
0.0107293
0.01078
0.010835
0.0108856
0.0109381
0.0109891
0.0110448
0.0110933
0.0111508
0.0111988
0.0112511
0.0113074
0.0113554
0.0114118
0.0114653
0.0115182
0.0115712
0.0116238
0.0116731
0.0117604
0.0118165
0.011865
0.0118955
0.0119503
0.0120053
0.0120604
0.0121138
0.0121678
0.0122225
0.0122782
0.0123313
0.0123895
0.0124451
0.0125003
0.0125554
0.012609
0.0126689
0.0127217
0.0127752
0.0128292
0.0128881
0.0129445
0.0130331
0.0130946
0.0131138
0.013172
0.0132298
0.0132911
0.0133488
0.0134059
0.0134633
0.0135197
0.0135802
0.0136387
0.0136942
0.0137549
0.0138103
0.0138668
0.0139277
0.0139864
0.0140415
0.014099
0.0141599
0.0142186
0.0143153
0.014374
0.0144368
0.0144604
0.0145212
0.0145832
0.0146418
0.0147026
0.0147658
0.0148272
0.0148881
0.014949
0.0150081
0.0150727
0.0151294
0.0151936
0.0152564
0.0153175
0.0153786
0.0154397
0.0154983
0.0155618
0.0156234
0.0157317
0.0157904
0.0158526
0.0158796
0.0159448
0.0160092
0.0160745
0.0161367
0.0162049
0.0162696
0.0163325
0.016396
0.0164633
0.0165291
0.0165918
0.0166559
0.0167194
0.0167869
0.0168511
0.0169134
0.0169782
0.0170462
0.0171093
0.0172159
0.0172815
0.0173534
0.0174196
0.0174487
0.017516
0.0175838
0.0176525
0.0177233
0.01779
0.0178603
0.0179282
0.0179966
0.0180629
0.0181338
0.0181947
0.0182645
0.0183328
0.0184032
0.0184728
0.0185373
0.0186052
0.018674
0.0187878
0.0188589
0.0189253
0.0190016
0.0190302
0.0191001
0.0191708
0.0192469
0.0193199
0.0193907
0.0194612
0.0195311
0.0196016
0.0196757
0.019748
0.0198181
0.0198874
0.0199632
0.0200347
0.0201043
0.020176
0.0202509
0.0203214
0.0204259
0.0205027
0.0205835
0.0206586
0.020691
0.0207631
0.020838
0.0209117
0.0209908
0.0210639
0.0211373
0.0212131
0.0212897
0.0213638
0.0214378
0.0215109
0.0215905
0.0216643
0.0217381
0.0218126
0.0218918
0.0219659
0.0220442
0.0221179
0.0221889
0.0223161
0.0223945
0.0224652
0.0225056
0.0225832
0.0226618
0.0227392
0.0228165
0.0228993
0.0229752
0.0230566
0.023134
0.0232115
0.02329
0.0233716
0.0234487
0.0235261
0.0236016
0.023686
0.0237614
0.0238437
0.0239205
0.023998
0.0240764
0.024202
0.0242846
0.0243738
0.0244012
0.0244846
0.0245658
0.0246476
0.0247354
0.024817
0.0248993
0.0249814
0.0250639
0.0251455
0.0252243
0.0253096
0.0253931
0.0254744
0.0255584
0.0256375
0.0257199
0.0258009
0.0258828
0.0259683
0.0260481
0.0261836
0.0262661
0.0263513
0.0263868
0.0264757
0.0265619
0.0266456
0.0267326
0.026818
0.0269023
0.0269936
0.0270809
0.0271658
0.0272539
0.0273396
0.0274234
0.027513
0.0275969
0.0276825
0.0277731
0.0278567
0.0279451
0.0280305
0.0281154
0.0282495
0.0283374
0.0284365
0.0285269
0.0285587
0.0286511
0.0287399
0.0288267
0.0289208
0.0290146
0.0291016
0.0291891
0.029278
0.0293713
0.029459
0.0295492
0.0296432
0.0297322
0.0298197
0.0299114
0.0300033
0.0300921
0.0301794
0.0302739
0.030362
0.030509
0.030602
0.0306926
0.0307936
0.0308283
0.030926
0.0310208
0.0311147
0.0312112
0.0313057
0.0313971
0.0314915
0.031589
0.0316818
0.031774
0.0318728
0.0319672
0.0320605
0.0321582
0.032251
0.0323482
0.032442
0.0325343
0.0326285
0.0327224
0.0328163
0.0329813
0.0330777
0.0331701
0.0332121
0.0333119
0.0334121
0.0335108
0.0336077
0.033705
0.0338066
0.0339041
0.0340058
0.0340997
0.0342036
0.0342999
0.0343972
0.0345017
0.034601
0.0347017
0.0348026
0.0349024
0.0350023
0.0351004
0.0351934
0.0353586
0.0354668
0.0355637
0.0356108
0.0357092
0.0358137
0.0359194
0.0360229
0.0361301
0.0362318
0.0363331
0.0364403
0.0365409
0.0366515
0.0367533
0.0368537
0.0369625
0.0370621
0.0371658
0.0372714
0.0373724
0.0374764
0.0375822
0.0376848
0.037793
0.0379563
0.0380544
0.0381689
0.0382164
0.0383261
0.0384307
0.0385374
0.0386515
0.0387632
0.038876
0.0389812
0.0390895
0.0391993
0.0393053
0.0394112
0.0395272
0.0396365
0.0397448
0.0398525
0.0399618
0.0400703
0.0401733
0.0402843
0.040394
0.0405049
0.0406739
0.0407981
0.0409066
0.0409525
0.041067
0.0411823
0.0413005
0.0414147
0.0415286
0.0416404
0.0417504
0.0418693
0.0419832
0.0420968
0.0422084
0.0423261
0.0424399
0.0425504
0.0426674
0.0427771
0.0428869
0.0430064
0.0431163
0.0432302
0.0433432
0.0434651
0.043655
0.0437734
0.0438134
0.0439316
0.0440561
0.0441727
0.0442965
0.0444114
0.0445337
0.0446499
0.0447766
0.0448968
0.045012
0.045126
0.0452459
0.0453718
0.0454892
0.0456053
0.0457293
0.0458475
0.0459726
0.0460899
0.0462057
0.0463281
0.0465173
0.0466444
0.0467754
0.0469012
0.0469444
0.0470748
0.0471965
0.0473183
0.0474469
0.047572
0.0477029
0.0478261
0.0479523
0.0480757
0.0481974
0.0483273
0.0484518
0.0485776
0.0487086
0.0488355
0.0489569
0.0490849
0.0492094
0.0493382
0.0494615
0.0496756
0.0497987
0.0499426
0.0500689
0.0501147
0.0502476
0.050378
0.0505141
0.0506432
0.0507778
0.0509094
0.0510439
0.0511741
0.0513103
0.051449
0.0515835
0.0517127
0.0518489
0.0519798
0.0521101
0.0522426
0.0523761
0.0525054
0.0526389
0.0527627
0.0529915
0.0531236
0.0532623
0.053401
0.0534532
0.0535898
0.0537344
0.0538766
0.0540138
0.0541497
0.054296
0.0544339
0.0545709
0.0547165
0.0548571
0.0549979
0.0551414
0.0552833
0.055423
0.0555604
0.0557046
0.0558415
0.0559815
0.0561268
0.0562724
0.0565156
0.0566619
0.0567108
0.0568624
0.0569993
0.0571497
0.0573027
0.0574437
0.0575989
0.05775
0.057893
0.0580455
0.0581928
0.058337
0.058486
0.0586385
0.0587864
0.0589379
0.0590779
0.0592268
0.0593728
0.0595153
0.0596672
0.0598101
0.0600698
0.0602364
0.0603877
0.0604499
0.0606033
0.0607525
0.060916
0.0610724
0.0612304
0.0613874
0.06155
0.0617039
0.0618628
0.0620197
0.0621809
0.0623412
0.0624946
0.06266
0.0628183
0.0629747
0.0631279
0.0632896
0.0634441
0.0635972
0.0638834
0.0640555
0.0642269
0.0642703
0.064434
0.0645959
0.0647782
0.0649392
0.0651098
0.0652815
0.0654509
0.065613
0.0657948
0.0659591
0.0661085
0.066276
0.0664423
0.0666186
0.0667866
0.0669585
0.0671212
0.0672952
0.0674608
0.0676256
0.0679577
0.068134
0.0683183
0.0683564
0.0685279
0.068713
0.0688991
0.0690805
0.0692669
0.0694542
0.069626
0.069808
0.0699917
0.0701747
0.0703548
0.070531
0.0707194
0.0709014
0.0710832
0.0712604
0.0714422
0.0716224
0.0717957
0.072171
0.0723798
0.0723989
0.0725913
0.072786
0.0729801
0.0731892
0.0733776
0.0735778
0.0737713
0.0739708
0.0741693
0.0743593
0.0745498
0.0747505
0.0749396
0.0751377
0.0753313
0.0755268
0.0757264
0.0759252
0.0763188
0.0765224
0.0765709
0.076784
0.0770039
0.0772184
0.0774367
0.0776499
0.0778658
0.0780839
0.0782926
0.0785048
0.0787204
0.0789283
0.0791396
0.0793562
0.0795671
0.0797735
0.0799846
0.0801993
0.0805916
0.0808385
0.0808877
0.0811154
0.0813382
0.0815736
0.0817987
0.0820341
0.0822665
0.082491
0.0827246
0.0829615
0.0831808
0.0833877
0.083617
0.0838435
0.0840826
0.0843134
0.084529
0.0847534
0.085057
0.0853996
0.0854689
0.0857263
0.0859835
0.0862307
0.0864748
0.0867171
0.086955
0.0872122
0.0874542
0.0877042
0.0879503
0.0881918
0.0884369
0.0886947
0.0889422
0.0891911
0.0894401
0.089762
0.090128
0.0901982
0.0904593
0.0907218
0.0909979
0.0912689
0.0915346
0.0918074
0.0920797
0.0923395
0.0926063
0.0928739
0.0931217
0.0933882
0.093655
0.0939193
0.0941973
0.0944597
0.0948321
0.0952338
0.0953016
0.0956007
0.0958773
0.0961658
0.0964476
0.096723
0.0970329
0.0972907
0.0975858
0.0978965
0.098176
0.0984624
0.0987572
0.0990378
0.099332
0.0996253
0.099914
0.100485
0.10055
0.10087
0.101189
0.101505
0.10184
0.102152
0.102473
0.10279
0.103099
0.103424
0.103734
0.10405
0.104368
0.104675
0.10498
0.105296
0.105945
0.105993
0.106353
0.106727
0.107082
0.107428
0.107776
0.108138
0.108498
0.108848
0.109183
0.109538
0.109882
0.110239
0.11058
0.11094
0.111704
0.111706
0.112101
0.112487
0.11288
0.113285
0.113668
0.114077
0.114488
0.114902
0.11531
0.115712
0.116108
0.11651
0.116928
0.117396
0.117847
0.118314
0.11876
0.119242
0.119702
0.120149
0.120616
0.121094
0.121549
0.122011
0.122497
0.122957
0.123508
0.124055
0.124622
0.125166
0.125698
0.126253
0.126796
0.127338
0.127869
0.128421
0.128958
0.12958
0.130223
0.130852
0.131498
0.132172
0.132832
0.133493
0.134128
0.134795
0.135437
0.136217
0.136997
0.137791
0.138613
0.139451
0.14023
0.141036
0.141816
0.142639
0.143792
0.144805
0.145935
0.147018
0.148132
0.149212
0.150704
0.151609
0.152547
0.153524
0.154478
0.155448
0.156461
0.157525
0.158622
0.159693
0.16083
0.161951
0.163025
0.164222
0.16545
0.166728
0.168061
0.169355
0.170729
0.172079
0.173477
0.174906
0.176478
0.177875
0.179238
0.18115
0.182325
0.184485
0.185596
0.188008
0.189382
0.191699
0.193164
0.195114
0.197095
0.198861
0.201548
0.203291
0.205154
0.20801
0.209779
0.212379
0.215003
0.216934
0.219547
0.222676
0.224847
0.227416
0.23135
0.233446
0.235934
0.239045
0.243144
0.245516
0.248471
0.252058
0.256534
0.25924
0.26221
0.265842
0.271502
0.274527
0.278064
0.28199
0.286907
0.292846
0.296334
0.300199
0.304733
0.310701
0.317731
0.321869
0.327041
0.331904
0.338065
0.347263
0.35265
0.357839
