Determining initial impinging trajectory...
Yhit = -0.269697
Determining lower impingement limit...
IndHit = 98, Yhit = -0.274043, Ymiss = -0.278390
IndHit = 80, Yhit = -0.274878, Ymiss = -0.274922
IndHit = 0, Yhit = -0.274922, Ymiss = -0.274922
Ylower = -0.274922
Determining upper impingement limit...
IndHit = 61, Yhit = -0.167142, Ymiss = -0.165375
IndHit = 57, Yhit = -0.166124, Ymiss = -0.166106
IndHit = 99, Yhit = -0.166106, Ymiss = -0.166106
Yupper = -0.166106
stagPtS = 1.008357, stagPtX = -0.000164, stagPtY = 0.000479
maxiter = 2000
ITER = 0	5000	5000
ITER = 1	5000	5000
ITER = 2	5000	5000
ITER = 3	5000	5000
ITER = 4	5000	5000
ITER = 5	5000	5000
ITER = 6	5000	5000
ITER = 7	5000	5000
ITER = 8	5000	5000
ITER = 9	5000	5000
ITER = 10	5000	5000
ITER = 11	5000	5000
ITER = 12	5000	5000
ITER = 13	5000	5000
ITER = 14	5000	5000
ITER = 15	5000	5000
ITER = 16	5000	5000
ITER = 17	5000	5000
ITER = 18	5000	5000
ITER = 19	5000	5000
ITER = 20	5000	5000
ITER = 21	5000	5000
ITER = 22	5000	5000
ITER = 23	5000	5000
ITER = 24	5000	5000
ITER = 25	5000	5000
ITER = 26	5000	5000
ITER = 27	5000	5000
ITER = 28	5000	5000
ITER = 29	5000	5000
ITER = 30	5000	5000
ITER = 31	5000	5000
ITER = 32	5000	5000
ITER = 33	5000	5000
ITER = 34	5000	5000
ITER = 35	5000	5000
ITER = 36	5000	5000
ITER = 37	5000	5000
ITER = 38	5000	5000
ITER = 39	5000	5000
ITER = 40	5000	5000
ITER = 41	5000	5000
ITER = 42	5000	5000
ITER = 43	5000	5000
ITER = 44	5000	5000
ITER = 45	5000	5000
ITER = 46	5000	5000
ITER = 47	5000	5000
ITER = 48	5000	5000
ITER = 49	5000	5000
ITER = 50	5000	5000
ITER = 51	5000	5000
ITER = 52	5000	5000
ITER = 53	5000	5000
ITER = 54	5000	5000
ITER = 55	5000	5000
ITER = 56	5000	5000
ITER = 57	5000	5000
ITER = 58	5000	5000
ITER = 59	5000	5000
ITER = 60	5000	5000
ITER = 61	5000	5000
ITER = 62	5000	5000
ITER = 63	5000	5000
ITER = 64	5000	5000
ITER = 65	5000	5000
ITER = 66	5000	5000
ITER = 67	5000	5000
ITER = 68	5000	5000
ITER = 69	5000	5000
ITER = 70	5000	5000
ITER = 71	5000	5000
ITER = 72	5000	5000
ITER = 73	5000	5000
ITER = 74	5000	5000
ITER = 75	5000	5000
ITER = 76	5000	5000
ITER = 77	5000	5000
ITER = 78	5000	5000
ITER = 79	5000	5000
ITER = 80	5000	5000
ITER = 81	5000	5000
ITER = 82	5000	5000
ITER = 83	5000	5000
ITER = 84	5000	5000
ITER = 85	5000	5000
ITER = 86	5000	5000
ITER = 87	5000	5000
ITER = 88	5000	5000
ITER = 89	5000	5000
ITER = 90	5000	5000
ITER = 91	5000	5000
ITER = 92	5000	5000
ITER = 93	5000	5000
ITER = 94	5000	5000
ITER = 95	5000	5000
ITER = 96	5000	5000
ITER = 97	5000	5000
ITER = 98	5000	5000
ITER = 99	5000	5000
ITER = 100	5000	5000
ITER = 101	5000	5000
ITER = 102	5000	5000
ITER = 103	5000	5000
ITER = 104	5000	5000
ITER = 105	5000	5000
ITER = 106	5000	5000
ITER = 107	5000	5000
ITER = 108	5000	5000
ITER = 109	5000	5000
ITER = 110	5000	5000
ITER = 111	5000	5000
ITER = 112	5000	5000
ITER = 113	5000	5000
ITER = 114	5000	5000
ITER = 115	5000	5000
ITER = 116	5000	5000
ITER = 117	5000	5000
ITER = 118	5000	5000
ITER = 119	5000	5000
ITER = 120	5000	5000
ITER = 121	5000	5000
ITER = 122	5000	5000
ITER = 123	5000	5000
ITER = 124	5000	5000
ITER = 125	5000	5000
ITER = 126	5000	5000
ITER = 127	5000	5000
ITER = 128	5000	5000
ITER = 129	5000	5000
ITER = 130	5000	5000
ITER = 131	5000	5000
ITER = 132	5000	5000
ITER = 133	5000	5000
ITER = 134	5000	5000
ITER = 135	5000	5000
ITER = 136	5000	5000
ITER = 137	5000	5000
ITER = 138	5000	5000
ITER = 139	5000	5000
ITER = 140	5000	5000
ITER = 141	5000	5000
ITER = 142	5000	5000
ITER = 143	5000	5000
ITER = 144	5000	5000
ITER = 145	5000	5000
ITER = 146	5000	5000
ITER = 147	5000	5000
ITER = 148	5000	5000
ITER = 149	5000	5000
ITER = 150	5000	5000
ITER = 151	5000	5000
ITER = 152	5000	5000
ITER = 153	5000	5000
ITER = 154	5000	5000
ITER = 155	5000	5000
ITER = 156	5000	5000
ITER = 157	5000	5000
ITER = 158	5000	5000
ITER = 159	5000	5000
ITER = 160	5000	5000
ITER = 161	5000	5000
ITER = 162	5000	5000
ITER = 163	5000	5000
ITER = 164	5000	5000
ITER = 165	5000	5000
ITER = 166	5000	5000
ITER = 167	5000	5000
ITER = 168	5000	5000
ITER = 169	5000	5000
ITER = 170	5000	5000
ITER = 171	5000	5000
ITER = 172	5000	5000
ITER = 173	5000	5000
ITER = 174	5000	5000
ITER = 175	5000	5000
ITER = 176	5000	5000
ITER = 177	5000	5000
ITER = 178	5000	5000
ITER = 179	5000	5000
ITER = 180	5000	5000
ITER = 181	5000	5000
ITER = 182	5000	5000
ITER = 183	5000	5000
ITER = 184	5000	5000
ITER = 185	5000	5000
ITER = 186	5000	5000
ITER = 187	5000	5000
ITER = 188	5000	5000
ITER = 189	5000	5000
ITER = 190	5000	5000
ITER = 191	5000	5000
ITER = 192	5000	5000
ITER = 193	5000	5000
ITER = 194	5000	5000
ITER = 195	5000	5000
ITER = 196	5000	5000
ITER = 197	5000	5000
ITER = 198	5000	5000
ITER = 199	5000	5000
ITER = 200	5000	5000
ITER = 201	5000	5000
ITER = 202	5000	5000
ITER = 203	5000	5000
ITER = 204	5000	5000
ITER = 205	5000	5000
ITER = 206	5000	5000
ITER = 207	5000	5000
ITER = 208	5000	5000
ITER = 209	5000	5000
ITER = 210	5000	5000
ITER = 211	5000	5000
ITER = 212	5000	5000
ITER = 213	5000	5000
ITER = 214	5000	5000
ITER = 215	5000	5000
ITER = 216	5000	5000
ITER = 217	5000	5000
ITER = 218	5000	5000
ITER = 219	5000	5000
ITER = 220	5000	5000
ITER = 221	5000	5000
ITER = 222	5000	5000
ITER = 223	5000	5000
ITER = 224	5000	5000
ITER = 225	5000	5000
ITER = 226	5000	5000
ITER = 227	5000	5000
ITER = 228	5000	5000
ITER = 229	5000	5000
ITER = 230	5000	5000
ITER = 231	5000	5000
ITER = 232	5000	5000
ITER = 233	5000	5000
ITER = 234	5000	5000
ITER = 235	5000	5000
ITER = 236	5000	5000
ITER = 237	5000	5000
ITER = 238	5000	5000
ITER = 239	5000	5000
ITER = 240	5000	5000
ITER = 241	5000	5000
ITER = 242	5000	5000
ITER = 243	5000	5000
ITER = 244	5000	5000
ITER = 245	5000	5000
ITER = 246	5000	5000
ITER = 247	5000	5000
ITER = 248	5000	5000
ITER = 249	5000	5000
ITER = 250	5000	5000
ITER = 251	5000	5000
ITER = 252	5000	5000
ITER = 253	5000	5000
ITER = 254	5000	5000
ITER = 255	5000	5000
ITER = 256	5000	5000
ITER = 257	5000	5000
ITER = 258	5000	5000
ITER = 259	5000	5000
ITER = 260	5000	5000
ITER = 261	5000	5000
ITER = 262	5000	5000
ITER = 263	5000	5000
ITER = 264	5000	5000
ITER = 265	5000	5000
ITER = 266	5000	5000
ITER = 267	5000	5000
ITER = 268	5000	5000
ITER = 269	5000	5000
ITER = 270	5000	5000
ITER = 271	5000	5000
ITER = 272	5000	5000
ITER = 273	5000	5000
ITER = 274	5000	5000
ITER = 275	5000	5000
ITER = 276	5000	5000
ITER = 277	5000	5000
ITER = 278	5000	5000
ITER = 279	5000	5000
ITER = 280	5000	5000
ITER = 281	5000	5000
ITER = 282	5000	5000
ITER = 283	5000	5000
ITER = 284	5000	5000
ITER = 285	5000	5000
ITER = 286	5000	5000
ITER = 287	5000	5000
ITER = 288	5000	5000
ITER = 289	5000	5000
ITER = 290	5000	5000
ITER = 291	5000	5000
ITER = 292	5000	5000
ITER = 293	5000	5000
ITER = 294	5000	5000
ITER = 295	5000	5000
ITER = 296	5000	5000
ITER = 297	5000	5000
ITER = 298	5000	5000
ITER = 299	5000	5000
ITER = 300	5000	5000
ITER = 301	5000	5000
ITER = 302	5000	5000
ITER = 303	5000	5000
ITER = 304	5000	5000
ITER = 305	5000	5000
ITER = 306	5000	5000
ITER = 307	5000	5000
ITER = 308	5000	5000
ITER = 309	5000	5000
ITER = 310	5000	5000
ITER = 311	5000	5000
ITER = 312	5000	5000
ITER = 313	5000	5000
ITER = 314	5000	5000
ITER = 315	5000	5000
ITER = 316	5000	5000
ITER = 317	5000	5000
ITER = 318	5000	5000
ITER = 319	5000	5000
ITER = 320	5000	5000
ITER = 321	5000	5000
ITER = 322	5000	5000
ITER = 323	5000	5000
ITER = 324	5000	5000
ITER = 325	5000	5000
ITER = 326	5000	5000
ITER = 327	5000	5000
ITER = 328	5000	5000
ITER = 329	5000	5000
ITER = 330	5000	5000
ITER = 331	5000	5000
ITER = 332	5000	5000
ITER = 333	5000	5000
ITER = 334	5000	5000
ITER = 335	5000	5000
ITER = 336	5000	5000
ITER = 337	5000	5000
ITER = 338	5000	5000
ITER = 339	5000	5000
ITER = 340	5000	5000
ITER = 341	5000	5000
ITER = 342	5000	5000
ITER = 343	5000	5000
ITER = 344	5000	5000
ITER = 345	5000	5000
ITER = 346	5000	5000
ITER = 347	5000	5000
ITER = 348	5000	5000
ITER = 349	5000	5000
ITER = 350	5000	5000
ITER = 351	5000	5000
ITER = 352	5000	5000
ITER = 353	5000	5000
ITER = 354	5000	5000
ITER = 355	5000	5000
ITER = 356	5000	5000
ITER = 357	5000	5000
ITER = 358	5000	5000
ITER = 359	5000	5000
ITER = 360	5000	5000
ITER = 361	5000	5000
ITER = 362	5000	5000
ITER = 363	5000	5000
ITER = 364	5000	5000
ITER = 365	5000	5000
ITER = 366	5000	5000
ITER = 367	5000	5000
ITER = 368	5000	5000
ITER = 369	5000	5000
ITER = 370	5000	5000
ITER = 371	5000	5000
ITER = 372	5000	5000
ITER = 373	5000	5000
ITER = 374	5000	5000
ITER = 375	5000	5000
ITER = 376	5000	5000
ITER = 377	5000	5000
ITER = 378	5000	5000
ITER = 379	5000	5000
ITER = 380	5000	5000
ITER = 381	5000	5000
ITER = 382	5000	5000
ITER = 383	5000	5000
ITER = 384	5000	5000
ITER = 385	5000	5000
ITER = 386	5000	5000
ITER = 387	5000	5000
ITER = 388	5000	5000
ITER = 389	5000	5000
ITER = 390	5000	5000
ITER = 391	5000	5000
ITER = 392	5000	5000
ITER = 393	5000	5000
ITER = 394	5000	5000
ITER = 395	5000	5000
ITER = 396	5000	5000
ITER = 397	5000	5000
ITER = 398	5000	5000
ITER = 399	5000	5000
ITER = 400	5000	5000
ITER = 401	5000	5000
ITER = 402	5000	5000
ITER = 403	5000	5000
ITER = 404	5000	5000
ITER = 405	5000	5000
ITER = 406	5000	5000
ITER = 407	5000	5000
ITER = 408	5000	5000
ITER = 409	5000	5000
ITER = 410	5000	5000
ITER = 411	5000	5000
ITER = 412	5000	5000
ITER = 413	5000	5000
ITER = 414	5000	5000
ITER = 415	5000	5000
ITER = 416	5000	5000
ITER = 417	5000	5000
ITER = 418	5000	5000
ITER = 419	5000	5000
ITER = 420	5000	5000
ITER = 421	5000	5000
ITER = 422	5000	5000
ITER = 423	5000	5000
ITER = 424	5000	5000
ITER = 425	5000	5000
ITER = 426	5000	5000
ITER = 427	5000	5000
ITER = 428	5000	5000
ITER = 429	5000	5000
ITER = 430	5000	5000
ITER = 431	5000	5000
ITER = 432	5000	5000
ITER = 433	5000	5000
ITER = 434	5000	5000
ITER = 435	5000	5000
ITER = 436	5000	5000
ITER = 437	5000	5000
ITER = 438	5000	5000
ITER = 439	5000	5000
ITER = 440	5000	5000
ITER = 441	5000	5000
ITER = 442	5000	5000
ITER = 443	5000	5000
ITER = 444	5000	5000
ITER = 445	5000	5000
ITER = 446	5000	5000
ITER = 447	5000	5000
ITER = 448	5000	5000
ITER = 449	5000	5000
ITER = 450	5000	5000
ITER = 451	5000	5000
ITER = 452	5000	5000
ITER = 453	5000	5000
ITER = 454	5000	5000
ITER = 455	5000	5000
ITER = 456	5000	5000
ITER = 457	5000	5000
ITER = 458	5000	5000
ITER = 459	5000	5000
ITER = 460	5000	5000
ITER = 461	5000	5000
ITER = 462	5000	5000
ITER = 463	5000	5000
ITER = 464	5000	5000
ITER = 465	5000	5000
ITER = 466	5000	5000
ITER = 467	5000	5000
ITER = 468	5000	5000
ITER = 469	5000	5000
ITER = 470	5000	5000
ITER = 471	5000	5000
ITER = 472	5000	5000
ITER = 473	5000	5000
ITER = 474	5000	5000
ITER = 475	5000	5000
ITER = 476	5000	5000
ITER = 477	5000	5000
ITER = 478	5000	5000
ITER = 479	5000	5000
ITER = 480	5000	5000
ITER = 481	5000	5000
ITER = 482	5000	5000
ITER = 483	5000	5000
ITER = 484	5000	5000
ITER = 485	5000	5000
ITER = 486	5000	5000
ITER = 487	5000	5000
ITER = 488	5000	5000
ITER = 489	5000	5000
ITER = 490	5000	5000
ITER = 491	5000	5000
ITER = 492	5000	5000
ITER = 493	5000	5000
ITER = 494	5000	5000
ITER = 495	5000	5000
ITER = 496	5000	5000
ITER = 497	5000	5000
ITER = 498	5000	5000
ITER = 499	5000	5000
ITER = 500	5000	5000
ITER = 501	5000	5000
ITER = 502	5000	5000
ITER = 503	5000	5000
ITER = 504	5000	5000
ITER = 505	5000	5000
ITER = 506	5000	5000
ITER = 507	5000	5000
ITER = 508	5000	5000
ITER = 509	5000	5000
ITER = 510	5000	5000
ITER = 511	5000	5000
ITER = 512	5000	5000
ITER = 513	5000	5000
ITER = 514	5000	5000
ITER = 515	5000	5000
ITER = 516	5000	5000
ITER = 517	5000	5000
ITER = 518	5000	5000
ITER = 519	5000	5000
ITER = 520	5000	5000
ITER = 521	5000	5000
ITER = 522	5000	5000
ITER = 523	5000	5000
ITER = 524	5000	5000
ITER = 525	5000	5000
ITER = 526	5000	5000
ITER = 527	5000	5000
ITER = 528	5000	5000
ITER = 529	5000	5000
ITER = 530	5000	5000
ITER = 531	5000	5000
ITER = 532	5000	5000
ITER = 533	5000	5000
ITER = 534	5000	5000
ITER = 535	5000	5000
ITER = 536	5000	5000
ITER = 537	5000	5000
ITER = 538	5000	5000
ITER = 539	5000	5000
ITER = 540	5000	5000
ITER = 541	5000	5000
ITER = 542	5000	5000
ITER = 543	5000	5000
ITER = 544	5000	5000
ITER = 545	5000	5000
ITER = 546	5000	5000
ITER = 547	5000	5000
ITER = 548	5000	5000
ITER = 549	5000	5000
ITER = 550	5000	5000
ITER = 551	5000	5000
ITER = 552	5000	5000
ITER = 553	5000	5000
ITER = 554	5000	5000
ITER = 555	5000	5000
ITER = 556	5000	5000
ITER = 557	5000	5000
ITER = 558	5000	5000
ITER = 559	5000	5000
ITER = 560	5000	5000
ITER = 561	5000	5000
ITER = 562	5000	5000
ITER = 563	5000	5000
ITER = 564	5000	5000
ITER = 565	5000	5000
ITER = 566	5000	5000
ITER = 567	5000	5000
ITER = 568	5000	5000
ITER = 569	5000	5000
ITER = 570	5000	5000
ITER = 571	5000	5000
ITER = 572	5000	5000
ITER = 573	5000	5000
ITER = 574	5000	5000
ITER = 575	5000	5000
ITER = 576	5000	5000
ITER = 577	5000	5000
ITER = 578	5000	5000
ITER = 579	5000	5000
ITER = 580	5000	5000
ITER = 581	5000	5000
ITER = 582	5000	5000
ITER = 583	5000	5000
ITER = 584	5000	5000
ITER = 585	5000	5000
ITER = 586	5000	5000
ITER = 587	5000	5000
ITER = 588	5000	5000
ITER = 589	5000	5000
ITER = 590	5000	5000
ITER = 591	5000	5000
ITER = 592	5000	5000
ITER = 593	5000	5000
ITER = 594	5000	5000
ITER = 595	5000	5000
ITER = 596	5000	5000
ITER = 597	5000	5000
ITER = 598	5000	5000
ITER = 599	5000	5000
ITER = 600	5000	5000
ITER = 601	5000	5000
ITER = 602	5000	5000
ITER = 603	5000	5000
ITER = 604	5000	5000
ITER = 605	5000	5000
ITER = 606	5000	5000
ITER = 607	5000	5000
ITER = 608	5000	5000
ITER = 609	5000	5000
ITER = 610	5000	5000
ITER = 611	5000	5000
ITER = 612	5000	5000
ITER = 613	5000	5000
ITER = 614	5000	5000
ITER = 615	5000	5000
ITER = 616	5000	5000
ITER = 617	5000	5000
ITER = 618	5000	5000
ITER = 619	5000	5000
ITER = 620	5000	5000
ITER = 621	5000	5000
ITER = 622	5000	5000
ITER = 623	5000	5000
ITER = 624	5000	5000
ITER = 625	5000	5000
ITER = 626	5000	5000
ITER = 627	5000	5000
ITER = 628	5000	5000
ITER = 629	5000	5000
ITER = 630	5000	5000
ITER = 631	5000	5000
ITER = 632	5000	5000
ITER = 633	5000	5000
ITER = 634	5000	5000
ITER = 635	5000	5000
ITER = 636	5000	5000
ITER = 637	5000	5000
ITER = 638	5000	5000
ITER = 639	5000	5000
ITER = 640	5000	5000
ITER = 641	5000	5000
ITER = 642	5000	5000
ITER = 643	5000	5000
ITER = 644	5000	5000
ITER = 645	5000	5000
ITER = 646	5000	5000
ITER = 647	5000	5000
ITER = 648	5000	5000
ITER = 649	5000	5000
ITER = 650	5000	5000
ITER = 651	5000	5000
ITER = 652	5000	5000
ITER = 653	5000	5000
ITER = 654	5000	5000
ITER = 655	5000	5000
ITER = 656	5000	5000
ITER = 657	5000	5000
ITER = 658	5000	5000
ITER = 659	5000	5000
ITER = 660	5000	5000
ITER = 661	5000	5000
ITER = 662	5000	5000
ITER = 663	5000	5000
ITER = 664	5000	5000
ITER = 665	5000	5000
ITER = 666	5000	5000
ITER = 667	5000	5000
ITER = 668	5000	5000
ITER = 669	5000	5000
ITER = 670	5000	5000
ITER = 671	5000	5000
ITER = 672	5000	5000
ITER = 673	5000	5000
ITER = 674	5000	5000
ITER = 675	5000	5000
ITER = 676	5000	5000
ITER = 677	5000	5000
ITER = 678	5000	5000
ITER = 679	5000	5000
ITER = 680	5000	5000
ITER = 681	5000	5000
ITER = 682	5000	5000
ITER = 683	5000	5000
ITER = 684	5000	5000
ITER = 685	5000	5000
ITER = 686	5000	5000
ITER = 687	5000	5000
ITER = 688	5000	5000
ITER = 689	5000	5000
ITER = 690	5000	5000
ITER = 691	5000	5000
ITER = 692	5000	5000
ITER = 693	5000	5000
ITER = 694	5000	5000
ITER = 695	5000	5000
ITER = 696	5000	5000
ITER = 697	5000	5000
ITER = 698	5000	5000
ITER = 699	5000	5000
ITER = 700	5000	5000
ITER = 701	5000	5000
ITER = 702	5000	5000
ITER = 703	5000	5000
ITER = 704	5000	5000
ITER = 705	5000	5000
ITER = 706	5000	5000
ITER = 707	5000	5000
ITER = 708	5000	5000
ITER = 709	5000	5000
ITER = 710	5000	5000
ITER = 711	5000	5000
ITER = 712	5000	5000
ITER = 713	5000	5000
ITER = 714	5000	5000
ITER = 715	5000	5000
ITER = 716	5000	5000
ITER = 717	5000	5000
ITER = 718	5000	5000
ITER = 719	5000	5000
ITER = 720	5000	5000
ITER = 721	5000	5000
ITER = 722	5000	5000
ITER = 723	5000	5000
ITER = 724	5000	5000
ITER = 725	5000	5000
ITER = 726	5000	5000
ITER = 727	5000	5000
ITER = 728	5000	5000
ITER = 729	5000	5000
ITER = 730	5000	5000
ITER = 731	5000	5000
ITER = 732	5000	5000
ITER = 733	5000	5000
ITER = 734	5000	5000
ITER = 735	5000	5000
ITER = 736	5000	5000
ITER = 737	5000	5000
ITER = 738	5000	5000
ITER = 739	5000	5000
ITER = 740	5000	5000
ITER = 741	5000	5000
ITER = 742	5000	5000
ITER = 743	5000	5000
ITER = 744	5000	5000
ITER = 745	5000	5000
ITER = 746	5000	5000
ITER = 747	5000	5000
ITER = 748	5000	5000
ITER = 749	5000	5000
ITER = 750	5000	5000
ITER = 751	5000	5000
ITER = 752	5000	5000
ITER = 753	5000	5000
ITER = 754	5000	5000
ITER = 755	5000	5000
ITER = 756	5000	5000
ITER = 757	5000	5000
ITER = 758	5000	5000
ITER = 759	5000	5000
ITER = 760	5000	5000
ITER = 761	5000	5000
ITER = 762	5000	5000
ITER = 763	5000	5000
ITER = 764	5000	5000
ITER = 765	5000	5000
ITER = 766	5000	5000
ITER = 767	5000	5000
ITER = 768	5000	5000
ITER = 769	5000	5000
ITER = 770	5000	5000
ITER = 771	5000	5000
ITER = 772	5000	5000
ITER = 773	5000	5000
ITER = 774	5000	5000
ITER = 775	5000	5000
ITER = 776	5000	5000
ITER = 777	5000	5000
ITER = 778	5000	5000
ITER = 779	5000	5000
ITER = 780	5000	5000
ITER = 781	5000	5000
ITER = 782	5000	5000
ITER = 783	5000	5000
ITER = 784	5000	5000
ITER = 785	5000	5000
ITER = 786	5000	5000
ITER = 787	5000	5000
ITER = 788	5000	5000
ITER = 789	5000	5000
ITER = 790	5000	5000
ITER = 791	5000	5000
ITER = 792	5000	5000
ITER = 793	5000	5000
ITER = 794	5000	5000
ITER = 795	5000	5000
ITER = 796	5000	5000
ITER = 797	5000	5000
ITER = 798	5000	5000
ITER = 799	5000	5000
ITER = 800	5000	5000
ITER = 801	5000	5000
ITER = 802	5000	5000
ITER = 803	5000	5000
ITER = 804	5000	5000
ITER = 805	5000	5000
ITER = 806	5000	5000
ITER = 807	5000	5000
ITER = 808	5000	5000
ITER = 809	5000	5000
ITER = 810	5000	5000
ITER = 811	5000	5000
ITER = 812	5000	5000
ITER = 813	5000	4986
ITER = 814	5000	4907
ITER = 815	5000	4842
ITER = 816	5000	4789
ITER = 817	5000	4722
ITER = 818	5000	4681
ITER = 819	5000	4631
ITER = 820	5000	4584
ITER = 821	5000	4537
ITER = 822	5000	4508
ITER = 823	5000	4481
ITER = 824	5000	4439
ITER = 825	5000	4418
ITER = 826	5000	4385
ITER = 827	5000	4346
ITER = 828	5000	4328
ITER = 829	5000	4317
ITER = 830	5000	4295
ITER = 831	5000	4279
ITER = 832	5000	4256
ITER = 833	5000	4236
ITER = 834	5000	4209
ITER = 835	5000	4178
ITER = 836	5000	4149
ITER = 837	5000	4132
ITER = 838	5000	4110
ITER = 839	5000	4090
ITER = 840	5000	4067
ITER = 841	5000	4039
ITER = 842	5000	4023
ITER = 843	5000	4003
ITER = 844	5000	3982
ITER = 845	5000	3953
ITER = 846	5000	3924
ITER = 847	5000	3893
ITER = 848	5000	3870
ITER = 849	5000	3857
ITER = 850	5000	3840
ITER = 851	5000	3823
ITER = 852	5000	3799
ITER = 853	5000	3777
ITER = 854	5000	3761
ITER = 855	5000	3748
ITER = 856	5000	3735
ITER = 857	5000	3714
ITER = 858	5000	3695
ITER = 859	5000	3682
ITER = 860	5000	3665
ITER = 861	5000	3642
ITER = 862	5000	3627
ITER = 863	5000	3606
ITER = 864	5000	3593
ITER = 865	5000	3568
ITER = 866	5000	3546
ITER = 867	5000	3534
ITER = 868	5000	3524
ITER = 869	5000	3509
ITER = 870	5000	3492
ITER = 871	5000	3475
ITER = 872	5000	3461
ITER = 873	5000	3442
ITER = 874	5000	3427
ITER = 875	5000	3413
ITER = 876	5000	3403
ITER = 877	5000	3388
ITER = 878	5000	3384
ITER = 879	5000	3373
ITER = 880	5000	3365
ITER = 881	5000	3354
ITER = 882	5000	3337
ITER = 883	5000	3322
ITER = 884	5000	3314
ITER = 885	5000	3304
ITER = 886	5000	3298
ITER = 887	5000	3286
ITER = 888	5000	3278
ITER = 889	5000	3263
ITER = 890	5000	3256
ITER = 891	5000	3240
ITER = 892	5000	3224
ITER = 893	5000	3212
ITER = 894	5000	3197
ITER = 895	5000	3190
ITER = 896	5000	3177
ITER = 897	5000	3164
ITER = 898	5000	3148
ITER = 899	5000	3141
ITER = 900	5000	3125
ITER = 901	5000	3113
ITER = 902	5000	3100
ITER = 903	5000	3080
ITER = 904	5000	3073
ITER = 905	5000	3062
ITER = 906	5000	3053
ITER = 907	5000	3035
ITER = 908	5000	3024
ITER = 909	5000	3019
ITER = 910	5000	3008
ITER = 911	5000	2997
ITER = 912	5000	2989
ITER = 913	5000	2976
ITER = 914	5000	2964
ITER = 915	5000	2957
ITER = 916	5000	2948
ITER = 917	5000	2936
ITER = 918	5000	2928
ITER = 919	5000	2910
ITER = 920	5000	2898
ITER = 921	5000	2892
ITER = 922	5000	2885
ITER = 923	5000	2879
ITER = 924	5000	2872
ITER = 925	5000	2864
ITER = 926	5000	2854
ITER = 927	5000	2838
ITER = 928	5000	2827
ITER = 929	5000	2818
ITER = 930	5000	2799
ITER = 931	5000	2794
ITER = 932	5000	2782
ITER = 933	5000	2762
ITER = 934	5000	2757
ITER = 935	5000	2753
ITER = 936	5000	2743
ITER = 937	5000	2736
ITER = 938	5000	2726
ITER = 939	5000	2716
ITER = 940	5000	2701
ITER = 941	5000	2689
ITER = 942	5000	2684
ITER = 943	5000	2676
ITER = 944	5000	2669
ITER = 945	5000	2662
ITER = 946	5000	2651
ITER = 947	5000	2638
ITER = 948	5000	2628
ITER = 949	5000	2611
ITER = 950	5000	2609
ITER = 951	5000	2602
ITER = 952	5000	2594
ITER = 953	5000	2588
ITER = 954	5000	2574
ITER = 955	5000	2568
ITER = 956	5000	2555
ITER = 957	5000	2544
ITER = 958	5000	2530
ITER = 959	5000	2530
ITER = 960	5000	2521
ITER = 961	5000	2510
ITER = 962	5000	2507
ITER = 963	5000	2502
ITER = 964	5000	2496
ITER = 965	5000	2489
ITER = 966	5000	2477
ITER = 967	5000	2472
ITER = 968	5000	2472
ITER = 969	5000	2466
ITER = 970	5000	2462
ITER = 971	5000	2455
ITER = 972	5000	2453
ITER = 973	5000	2450
ITER = 974	5000	2443
ITER = 975	5000	2436
ITER = 976	5000	2429
ITER = 977	5000	2427
ITER = 978	5000	2423
ITER = 979	5000	2418
ITER = 980	5000	2412
ITER = 981	5000	2408
ITER = 982	5000	2405
ITER = 983	5000	2401
ITER = 984	5000	2390
ITER = 985	5000	2377
ITER = 986	5000	2366
ITER = 987	5000	2364
ITER = 988	5000	2359
ITER = 989	5000	2351
ITER = 990	5000	2345
ITER = 991	5000	2334
ITER = 992	5000	2329
ITER = 993	5000	2321
ITER = 994	5000	2313
ITER = 995	5000	2305
ITER = 996	5000	2301
ITER = 997	5000	2296
ITER = 998	5000	2289
ITER = 999	5000	2287
ITER = 1000	5000	2285
ITER = 1001	5000	2277
ITER = 1002	5000	2272
ITER = 1003	5000	2268
ITER = 1004	5000	2261
ITER = 1005	5000	2255
ITER = 1006	5000	2245
ITER = 1007	5000	2240
ITER = 1008	5000	2235
ITER = 1009	5000	2226
ITER = 1010	5000	2220
ITER = 1011	5000	2218
ITER = 1012	5000	2215
ITER = 1013	5000	2205
ITER = 1014	5000	2200
ITER = 1015	5000	2195
ITER = 1016	5000	2190
ITER = 1017	5000	2188
ITER = 1018	5000	2187
ITER = 1019	5000	2180
ITER = 1020	5000	2175
ITER = 1021	5000	2164
ITER = 1022	5000	2156
ITER = 1023	5000	2152
ITER = 1024	5000	2151
ITER = 1025	5000	2149
ITER = 1026	5000	2146
ITER = 1027	5000	2139
ITER = 1028	5000	2135
ITER = 1029	5000	2132
ITER = 1030	5000	2128
ITER = 1031	5000	2124
ITER = 1032	5000	2118
ITER = 1033	5000	2106
ITER = 1034	5000	2104
ITER = 1035	5000	2097
ITER = 1036	5000	2089
ITER = 1037	5000	2085
ITER = 1038	5000	2083
ITER = 1039	5000	2081
ITER = 1040	5000	2079
ITER = 1041	5000	2077
ITER = 1042	5000	2073
ITER = 1043	5000	2066
ITER = 1044	5000	2063
ITER = 1045	5000	2055
ITER = 1046	5000	2050
ITER = 1047	5000	2042
ITER = 1048	5000	2034
ITER = 1049	5000	2029
ITER = 1050	5000	2024
ITER = 1051	5000	2023
ITER = 1052	5000	2018
ITER = 1053	5000	2006
ITER = 1054	5000	2003
ITER = 1055	5000	1998
ITER = 1056	5000	1996
ITER = 1057	5000	1991
ITER = 1058	5000	1989
ITER = 1059	5000	1986
ITER = 1060	5000	1984
ITER = 1061	5000	1979
ITER = 1062	5000	1978
ITER = 1063	5000	1971
ITER = 1064	5000	1965
ITER = 1065	5000	1962
ITER = 1066	5000	1955
ITER = 1067	5000	1950
ITER = 1068	5000	1949
ITER = 1069	5000	1946
ITER = 1070	5000	1941
ITER = 1071	5000	1934
ITER = 1072	5000	1931
ITER = 1073	5000	1931
ITER = 1074	5000	1931
ITER = 1075	5000	1928
ITER = 1076	5000	1926
ITER = 1077	5000	1924
ITER = 1078	5000	1921
ITER = 1079	5000	1916
ITER = 1080	5000	1913
ITER = 1081	5000	1906
ITER = 1082	5000	1904
ITER = 1083	5000	1901
ITER = 1084	5000	1895
ITER = 1085	5000	1890
ITER = 1086	5000	1889
ITER = 1087	5000	1884
ITER = 1088	5000	1883
ITER = 1089	5000	1881
ITER = 1090	5000	1880
ITER = 1091	5000	1879
ITER = 1092	5000	1875
ITER = 1093	5000	1872
ITER = 1094	5000	1872
ITER = 1095	5000	1871
ITER = 1096	5000	1870
ITER = 1097	5000	1865
ITER = 1098	5000	1861
ITER = 1099	5000	1859
ITER = 1100	5000	1856
ITER = 1101	5000	1856
ITER = 1102	5000	1853
ITER = 1103	5000	1849
ITER = 1104	5000	1840
ITER = 1105	5000	1838
ITER = 1106	5000	1835
ITER = 1107	5000	1830
ITER = 1108	5000	1828
ITER = 1109	5000	1822
ITER = 1110	5000	1816
ITER = 1111	5000	1809
ITER = 1112	5000	1800
ITER = 1113	5000	1796
ITER = 1114	5000	1791
ITER = 1115	5000	1787
ITER = 1116	5000	1783
ITER = 1117	5000	1781
ITER = 1118	5000	1777
ITER = 1119	5000	1776
ITER = 1120	5000	1775
ITER = 1121	5000	1774
ITER = 1122	5000	1771
ITER = 1123	5000	1768
ITER = 1124	5000	1768
ITER = 1125	5000	1761
ITER = 1126	5000	1758
ITER = 1127	5000	1758
ITER = 1128	5000	1752
ITER = 1129	5000	1750
ITER = 1130	5000	1745
ITER = 1131	5000	1738
ITER = 1132	5000	1734
ITER = 1133	5000	1728
ITER = 1134	5000	1723
ITER = 1135	5000	1721
ITER = 1136	5000	1718
ITER = 1137	5000	1715
ITER = 1138	5000	1712
ITER = 1139	5000	1712
ITER = 1140	5000	1708
ITER = 1141	5000	1707
ITER = 1142	5000	1703
ITER = 1143	5000	1702
ITER = 1144	5000	1700
ITER = 1145	5000	1697
ITER = 1146	5000	1694
ITER = 1147	5000	1691
ITER = 1148	5000	1686
ITER = 1149	5000	1678
ITER = 1150	5000	1675
ITER = 1151	5000	1671
ITER = 1152	5000	1668
ITER = 1153	5000	1667
ITER = 1154	5000	1662
ITER = 1155	5000	1657
ITER = 1156	5000	1656
ITER = 1157	5000	1654
ITER = 1158	5000	1649
ITER = 1159	5000	1648
ITER = 1160	5000	1643
ITER = 1161	5000	1642
ITER = 1162	5000	1636
ITER = 1163	5000	1630
ITER = 1164	5000	1627
ITER = 1165	5000	1623
ITER = 1166	5000	1621
ITER = 1167	5000	1620
ITER = 1168	5000	1614
ITER = 1169	5000	1612
ITER = 1170	5000	1606
ITER = 1171	5000	1604
ITER = 1172	5000	1601
ITER = 1173	5000	1598
ITER = 1174	5000	1596
ITER = 1175	5000	1595
ITER = 1176	5000	1593
ITER = 1177	5000	1590
ITER = 1178	5000	1584
ITER = 1179	5000	1582
ITER = 1180	5000	1579
ITER = 1181	5000	1575
ITER = 1182	5000	1572
ITER = 1183	5000	1569
ITER = 1184	5000	1567
ITER = 1185	5000	1561
ITER = 1186	5000	1555
ITER = 1187	5000	1554
ITER = 1188	5000	1551
ITER = 1189	5000	1548
ITER = 1190	5000	1547
ITER = 1191	5000	1544
ITER = 1192	5000	1542
ITER = 1193	5000	1536
ITER = 1194	5000	1532
ITER = 1195	5000	1529
ITER = 1196	5000	1526
ITER = 1197	5000	1522
ITER = 1198	5000	1518
ITER = 1199	5000	1516
ITER = 1200	5000	1512
ITER = 1201	5000	1511
ITER = 1202	5000	1510
ITER = 1203	5000	1507
ITER = 1204	5000	1503
ITER = 1205	5000	1502
ITER = 1206	5000	1502
ITER = 1207	5000	1497
ITER = 1208	5000	1492
ITER = 1209	5000	1491
ITER = 1210	5000	1488
ITER = 1211	5000	1485
ITER = 1212	5000	1483
ITER = 1213	5000	1482
ITER = 1214	5000	1477
ITER = 1215	5000	1474
ITER = 1216	5000	1470
ITER = 1217	5000	1467
ITER = 1218	5000	1464
ITER = 1219	5000	1463
ITER = 1220	5000	1461
ITER = 1221	5000	1458
ITER = 1222	5000	1454
ITER = 1223	5000	1447
ITER = 1224	5000	1442
ITER = 1225	5000	1438
ITER = 1226	5000	1435
ITER = 1227	5000	1429
ITER = 1228	5000	1428
ITER = 1229	5000	1428
ITER = 1230	5000	1425
ITER = 1231	5000	1424
ITER = 1232	5000	1421
ITER = 1233	5000	1417
ITER = 1234	5000	1417
ITER = 1235	5000	1416
ITER = 1236	5000	1411
ITER = 1237	5000	1409
ITER = 1238	5000	1403
ITER = 1239	5000	1403
ITER = 1240	5000	1398
ITER = 1241	5000	1397
ITER = 1242	5000	1395
ITER = 1243	5000	1395
ITER = 1244	5000	1392
ITER = 1245	5000	1387
ITER = 1246	5000	1386
ITER = 1247	5000	1385
ITER = 1248	5000	1384
ITER = 1249	5000	1380
ITER = 1250	5000	1374
ITER = 1251	5000	1369
ITER = 1252	5000	1366
ITER = 1253	5000	1364
ITER = 1254	5000	1362
ITER = 1255	5000	1360
ITER = 1256	5000	1356
ITER = 1257	5000	1353
ITER = 1258	5000	1347
ITER = 1259	5000	1345
ITER = 1260	5000	1339
ITER = 1261	5000	1337
ITER = 1262	5000	1333
ITER = 1263	5000	1329
ITER = 1264	5000	1327
ITER = 1265	5000	1323
ITER = 1266	5000	1321
ITER = 1267	5000	1319
ITER = 1268	5000	1314
ITER = 1269	5000	1312
ITER = 1270	5000	1311
ITER = 1271	5000	1307
ITER = 1272	5000	1305
ITER = 1273	5000	1303
ITER = 1274	5000	1300
ITER = 1275	5000	1298
ITER = 1276	5000	1295
ITER = 1277	5000	1294
ITER = 1278	5000	1293
ITER = 1279	5000	1289
ITER = 1280	5000	1285
ITER = 1281	5000	1278
ITER = 1282	5000	1272
ITER = 1283	5000	1271
ITER = 1284	5000	1269
ITER = 1285	5000	1264
ITER = 1286	5000	1260
ITER = 1287	5000	1255
ITER = 1288	5000	1252
ITER = 1289	5000	1250
ITER = 1290	5000	1245
ITER = 1291	5000	1241
ITER = 1292	5000	1239
ITER = 1293	5000	1239
ITER = 1294	5000	1236
ITER = 1295	5000	1234
ITER = 1296	5000	1230
ITER = 1297	5000	1225
ITER = 1298	5000	1222
ITER = 1299	5000	1218
ITER = 1300	5000	1213
ITER = 1301	5000	1211
ITER = 1302	5000	1210
ITER = 1303	5000	1203
ITER = 1304	5000	1201
ITER = 1305	5000	1199
ITER = 1306	5000	1196
ITER = 1307	5000	1195
ITER = 1308	5000	1194
ITER = 1309	5000	1183
ITER = 1310	5000	1177
ITER = 1311	5000	1174
ITER = 1312	5000	1168
ITER = 1313	5000	1164
ITER = 1314	5000	1163
ITER = 1315	5000	1161
ITER = 1316	5000	1158
ITER = 1317	5000	1153
ITER = 1318	5000	1150
ITER = 1319	5000	1146
ITER = 1320	5000	1145
ITER = 1321	5000	1138
ITER = 1322	5000	1134
ITER = 1323	5000	1132
ITER = 1324	5000	1130
ITER = 1325	5000	1129
ITER = 1326	5000	1123
ITER = 1327	5000	1118
ITER = 1328	5000	1114
ITER = 1329	5000	1112
ITER = 1330	5000	1105
ITER = 1331	5000	1104
ITER = 1332	5000	1087
ITER = 1333	5000	1083
ITER = 1334	5000	1081
ITER = 1335	5000	1075
ITER = 1336	5000	1068
ITER = 1337	5000	1064
ITER = 1338	5000	1059
ITER = 1339	5000	1057
ITER = 1340	5000	1053
ITER = 1341	5000	1046
ITER = 1342	5000	1034
ITER = 1343	5000	1033
ITER = 1344	5000	1028
ITER = 1345	5000	1018
ITER = 1346	5000	1016
ITER = 1347	5000	1010
ITER = 1348	5000	1008
ITER = 1349	5000	994
ITER = 1350	5000	981
ITER = 1351	5000	973
ITER = 1352	5000	967
ITER = 1353	5000	959
ITER = 1354	5000	954
ITER = 1355	5000	952
ITER = 1356	5000	946
ITER = 1357	5000	938
ITER = 1358	5000	934
ITER = 1359	5000	926
ITER = 1360	5000	923
ITER = 1361	5000	919
ITER = 1362	5000	913
ITER = 1363	5000	910
ITER = 1364	5000	907
ITER = 1365	5000	903
ITER = 1366	5000	892
ITER = 1367	5000	890
ITER = 1368	5000	888
ITER = 1369	5000	885
ITER = 1370	5000	883
ITER = 1371	5000	875
ITER = 1372	5000	871
ITER = 1373	5000	870
ITER = 1374	5000	869
ITER = 1375	5000	861
ITER = 1376	5000	856
ITER = 1377	5000	851
ITER = 1378	5000	849
ITER = 1379	5000	847
ITER = 1380	5000	843
ITER = 1381	5000	841
ITER = 1382	5000	837
ITER = 1383	5000	834
ITER = 1384	5000	831
ITER = 1385	5000	831
ITER = 1386	5000	822
ITER = 1387	5000	812
ITER = 1388	5000	808
ITER = 1389	5000	801
ITER = 1390	5000	799
ITER = 1391	5000	793
ITER = 1392	5000	790
ITER = 1393	5000	783
ITER = 1394	5000	779
ITER = 1395	5000	779
ITER = 1396	5000	777
ITER = 1397	5000	776
ITER = 1398	5000	763
ITER = 1399	5000	760
ITER = 1400	5000	754
ITER = 1401	5000	750
ITER = 1402	5000	744
ITER = 1403	5000	743
ITER = 1404	5000	740
ITER = 1405	5000	734
ITER = 1406	5000	730
ITER = 1407	5000	728
ITER = 1408	5000	728
ITER = 1409	5000	722
ITER = 1410	5000	719
ITER = 1411	5000	714
ITER = 1412	5000	707
ITER = 1413	5000	705
ITER = 1414	5000	704
ITER = 1415	5000	700
ITER = 1416	5000	696
ITER = 1417	5000	692
ITER = 1418	5000	687
ITER = 1419	5000	686
ITER = 1420	5000	684
ITER = 1421	5000	679
ITER = 1422	5000	679
ITER = 1423	5000	677
ITER = 1424	5000	672
ITER = 1425	5000	665
ITER = 1426	5000	660
ITER = 1427	5000	654
ITER = 1428	5000	651
ITER = 1429	5000	650
ITER = 1430	5000	646
ITER = 1431	5000	639
ITER = 1432	5000	637
ITER = 1433	5000	637
ITER = 1434	5000	634
ITER = 1435	5000	631
ITER = 1436	5000	628
ITER = 1437	5000	626
ITER = 1438	5000	625
ITER = 1439	5000	620
ITER = 1440	5000	614
ITER = 1441	5000	608
ITER = 1442	5000	602
ITER = 1443	5000	594
ITER = 1444	5000	587
ITER = 1445	5000	582
ITER = 1446	5000	581
ITER = 1447	5000	578
ITER = 1448	5000	571
ITER = 1449	5000	571
ITER = 1450	5000	569
ITER = 1451	5000	569
ITER = 1452	5000	567
ITER = 1453	5000	560
ITER = 1454	5000	559
ITER = 1455	5000	554
ITER = 1456	5000	553
ITER = 1457	5000	552
ITER = 1458	5000	549
ITER = 1459	5000	545
ITER = 1460	5000	542
ITER = 1461	5000	533
ITER = 1462	5000	527
ITER = 1463	5000	524
ITER = 1464	5000	521
ITER = 1465	5000	519
ITER = 1466	5000	518
ITER = 1467	5000	509
ITER = 1468	5000	503
ITER = 1469	5000	498
ITER = 1470	5000	497
ITER = 1471	5000	494
ITER = 1472	5000	492
ITER = 1473	5000	486
ITER = 1474	5000	482
ITER = 1475	5000	480
ITER = 1476	5000	479
ITER = 1477	5000	473
ITER = 1478	5000	471
ITER = 1479	5000	469
ITER = 1480	5000	467
ITER = 1481	5000	464
ITER = 1482	5000	461
ITER = 1483	5000	461
ITER = 1484	5000	460
ITER = 1485	5000	460
ITER = 1486	5000	458
ITER = 1487	5000	454
ITER = 1488	5000	453
ITER = 1489	5000	450
ITER = 1490	5000	449
ITER = 1491	5000	448
ITER = 1492	5000	446
ITER = 1493	5000	444
ITER = 1494	5000	440
ITER = 1495	5000	440
ITER = 1496	5000	440
ITER = 1497	5000	440
ITER = 1498	5000	436
ITER = 1499	5000	433
ITER = 1500	5000	431
ITER = 1501	5000	427
ITER = 1502	5000	424
ITER = 1503	5000	421
ITER = 1504	5000	418
ITER = 1505	5000	417
ITER = 1506	5000	416
ITER = 1507	5000	416
ITER = 1508	5000	415
ITER = 1509	5000	413
ITER = 1510	5000	409
ITER = 1511	5000	408
ITER = 1512	5000	407
ITER = 1513	5000	407
ITER = 1514	5000	403
ITER = 1515	5000	402
ITER = 1516	5000	402
ITER = 1517	5000	400
ITER = 1518	5000	400
ITER = 1519	5000	399
ITER = 1520	5000	397
ITER = 1521	5000	396
ITER = 1522	5000	395
ITER = 1523	5000	394
ITER = 1524	5000	392
ITER = 1525	5000	389
ITER = 1526	5000	388
ITER = 1527	5000	388
ITER = 1528	5000	388
ITER = 1529	5000	383
ITER = 1530	5000	380
ITER = 1531	5000	377
ITER = 1532	5000	377
ITER = 1533	5000	376
ITER = 1534	5000	374
ITER = 1535	5000	373
ITER = 1536	5000	371
ITER = 1537	5000	370
ITER = 1538	5000	364
ITER = 1539	5000	360
ITER = 1540	5000	359
ITER = 1541	5000	356
ITER = 1542	5000	354
ITER = 1543	5000	354
ITER = 1544	5000	353
ITER = 1545	5000	352
ITER = 1546	5000	352
ITER = 1547	5000	351
ITER = 1548	5000	351
ITER = 1549	5000	351
ITER = 1550	5000	350
ITER = 1551	5000	347
ITER = 1552	5000	347
ITER = 1553	5000	346
ITER = 1554	5000	344
ITER = 1555	5000	342
ITER = 1556	5000	340
ITER = 1557	5000	340
ITER = 1558	5000	338
ITER = 1559	5000	338
ITER = 1560	5000	337
ITER = 1561	5000	337
ITER = 1562	5000	336
ITER = 1563	5000	336
ITER = 1564	5000	335
ITER = 1565	5000	332
ITER = 1566	5000	331
ITER = 1567	5000	329
ITER = 1568	5000	326
ITER = 1569	5000	321
ITER = 1570	5000	320
ITER = 1571	5000	316
ITER = 1572	5000	315
ITER = 1573	5000	314
ITER = 1574	5000	311
ITER = 1575	5000	311
ITER = 1576	5000	308
ITER = 1577	5000	303
ITER = 1578	5000	299
ITER = 1579	5000	299
ITER = 1580	5000	297
ITER = 1581	5000	296
ITER = 1582	5000	296
ITER = 1583	5000	296
ITER = 1584	5000	295
ITER = 1585	5000	295
ITER = 1586	5000	295
ITER = 1587	5000	294
ITER = 1588	5000	294
ITER = 1589	5000	294
ITER = 1590	5000	294
ITER = 1591	5000	294
ITER = 1592	5000	294
ITER = 1593	5000	294
ITER = 1594	5000	294
ITER = 1595	5000	294
ITER = 1596	5000	294
ITER = 1597	5000	294
ITER = 1598	5000	294
ITER = 1599	5000	294
ITER = 1600	5000	294
ITER = 1601	5000	293
ITER = 1602	5000	290
ITER = 1603	5000	290
ITER = 1604	5000	290
ITER = 1605	5000	290
ITER = 1606	5000	289
ITER = 1607	5000	287
ITER = 1608	5000	286
ITER = 1609	5000	282
ITER = 1610	5000	280
ITER = 1611	5000	279
ITER = 1612	5000	279
ITER = 1613	5000	278
ITER = 1614	5000	277
ITER = 1615	5000	275
ITER = 1616	5000	274
ITER = 1617	5000	273
ITER = 1618	5000	273
ITER = 1619	5000	273
ITER = 1620	5000	272
ITER = 1621	5000	271
ITER = 1622	5000	271
ITER = 1623	5000	268
ITER = 1624	5000	267
ITER = 1625	5000	265
ITER = 1626	5000	264
ITER = 1627	5000	264
ITER = 1628	5000	262
ITER = 1629	5000	260
ITER = 1630	5000	259
ITER = 1631	5000	254
ITER = 1632	5000	253
ITER = 1633	5000	252
ITER = 1634	5000	252
ITER = 1635	5000	252
ITER = 1636	5000	250
ITER = 1637	5000	250
ITER = 1638	5000	249
ITER = 1639	5000	249
ITER = 1640	5000	249
ITER = 1641	5000	248
ITER = 1642	5000	247
ITER = 1643	5000	247
ITER = 1644	5000	247
ITER = 1645	5000	247
ITER = 1646	5000	247
ITER = 1647	5000	247
ITER = 1648	5000	246
ITER = 1649	5000	246
ITER = 1650	5000	245
ITER = 1651	5000	244
ITER = 1652	5000	244
ITER = 1653	5000	243
ITER = 1654	5000	243
ITER = 1655	5000	243
ITER = 1656	5000	241
ITER = 1657	5000	240
ITER = 1658	5000	240
ITER = 1659	5000	240
ITER = 1660	5000	240
ITER = 1661	5000	239
ITER = 1662	5000	237
ITER = 1663	5000	234
ITER = 1664	5000	232
ITER = 1665	5000	232
ITER = 1666	5000	232
ITER = 1667	5000	232
ITER = 1668	5000	232
ITER = 1669	5000	230
ITER = 1670	5000	229
ITER = 1671	5000	227
ITER = 1672	5000	226
ITER = 1673	5000	225
ITER = 1674	5000	223
ITER = 1675	5000	223
ITER = 1676	5000	222
ITER = 1677	5000	221
ITER = 1678	5000	220
ITER = 1679	5000	220
ITER = 1680	5000	220
ITER = 1681	5000	219
ITER = 1682	5000	219
ITER = 1683	5000	219
ITER = 1684	5000	219
ITER = 1685	5000	218
ITER = 1686	5000	218
ITER = 1687	5000	217
ITER = 1688	5000	216
ITER = 1689	5000	216
ITER = 1690	5000	215
ITER = 1691	5000	215
ITER = 1692	5000	215
ITER = 1693	5000	215
ITER = 1694	5000	215
ITER = 1695	5000	214
ITER = 1696	5000	213
ITER = 1697	5000	211
ITER = 1698	5000	210
ITER = 1699	5000	210
ITER = 1700	5000	208
ITER = 1701	5000	208
ITER = 1702	5000	207
ITER = 1703	5000	206
ITER = 1704	5000	206
ITER = 1705	5000	206
ITER = 1706	5000	206
ITER = 1707	5000	206
ITER = 1708	5000	205
ITER = 1709	5000	202
ITER = 1710	5000	201
ITER = 1711	5000	201
ITER = 1712	5000	200
ITER = 1713	5000	199
ITER = 1714	5000	198
ITER = 1715	5000	196
ITER = 1716	5000	195
ITER = 1717	5000	194
ITER = 1718	5000	193
ITER = 1719	5000	193
ITER = 1720	5000	193
ITER = 1721	5000	193
ITER = 1722	5000	193
ITER = 1723	5000	193
ITER = 1724	5000	193
ITER = 1725	5000	193
ITER = 1726	5000	193
ITER = 1727	5000	193
ITER = 1728	5000	193
ITER = 1729	5000	193
ITER = 1730	5000	193
ITER = 1731	5000	193
ITER = 1732	5000	193
ITER = 1733	5000	193
ITER = 1734	5000	193
ITER = 1735	5000	193
ITER = 1736	5000	192
ITER = 1737	5000	192
ITER = 1738	5000	192
ITER = 1739	5000	192
ITER = 1740	5000	191
ITER = 1741	5000	191
ITER = 1742	5000	191
ITER = 1743	5000	191
ITER = 1744	5000	191
ITER = 1745	5000	190
ITER = 1746	5000	190
ITER = 1747	5000	190
ITER = 1748	5000	190
ITER = 1749	5000	190
ITER = 1750	5000	190
ITER = 1751	5000	190
ITER = 1752	5000	190
ITER = 1753	5000	190
ITER = 1754	5000	190
ITER = 1755	5000	190
ITER = 1756	5000	190
ITER = 1757	5000	190
ITER = 1758	5000	189
ITER = 1759	5000	189
ITER = 1760	5000	189
ITER = 1761	5000	189
ITER = 1762	5000	188
ITER = 1763	5000	188
ITER = 1764	5000	188
ITER = 1765	5000	188
ITER = 1766	5000	188
ITER = 1767	5000	188
ITER = 1768	5000	187
ITER = 1769	5000	187
ITER = 1770	5000	187
ITER = 1771	5000	187
ITER = 1772	5000	187
ITER = 1773	5000	185
ITER = 1774	5000	185
ITER = 1775	5000	185
ITER = 1776	5000	185
ITER = 1777	5000	185
ITER = 1778	5000	185
ITER = 1779	5000	185
ITER = 1780	5000	185
ITER = 1781	5000	185
ITER = 1782	5000	185
ITER = 1783	5000	185
ITER = 1784	5000	185
ITER = 1785	5000	185
ITER = 1786	5000	185
ITER = 1787	5000	183
ITER = 1788	5000	183
ITER = 1789	5000	182
ITER = 1790	5000	182
ITER = 1791	5000	182
ITER = 1792	5000	182
ITER = 1793	5000	182
ITER = 1794	5000	182
ITER = 1795	5000	182
ITER = 1796	5000	182
ITER = 1797	5000	182
ITER = 1798	5000	182
ITER = 1799	5000	182
ITER = 1800	5000	182
ITER = 1801	5000	182
ITER = 1802	5000	182
ITER = 1803	5000	182
ITER = 1804	5000	182
ITER = 1805	5000	182
ITER = 1806	5000	182
ITER = 1807	5000	181
ITER = 1808	5000	181
ITER = 1809	5000	181
ITER = 1810	5000	180
ITER = 1811	5000	180
ITER = 1812	5000	180
ITER = 1813	5000	180
ITER = 1814	5000	180
ITER = 1815	5000	180
ITER = 1816	5000	180
ITER = 1817	5000	179
ITER = 1818	5000	179
ITER = 1819	5000	179
ITER = 1820	5000	179
ITER = 1821	5000	179
ITER = 1822	5000	179
ITER = 1823	5000	179
ITER = 1824	5000	179
ITER = 1825	5000	179
ITER = 1826	5000	179
ITER = 1827	5000	179
ITER = 1828	5000	179
ITER = 1829	5000	178
ITER = 1830	5000	178
ITER = 1831	5000	178
ITER = 1832	5000	177
ITER = 1833	5000	177
ITER = 1834	5000	177
ITER = 1835	5000	177
ITER = 1836	5000	177
ITER = 1837	5000	177
ITER = 1838	5000	177
ITER = 1839	5000	177
ITER = 1840	5000	177
ITER = 1841	5000	176
ITER = 1842	5000	176
ITER = 1843	5000	176
ITER = 1844	5000	176
ITER = 1845	5000	176
ITER = 1846	5000	176
ITER = 1847	5000	176
ITER = 1848	5000	176
ITER = 1849	5000	176
ITER = 1850	5000	176
ITER = 1851	5000	176
ITER = 1852	5000	176
ITER = 1853	5000	176
ITER = 1854	5000	176
ITER = 1855	5000	176
ITER = 1856	5000	176
ITER = 1857	5000	176
ITER = 1858	5000	176
ITER = 1859	5000	176
ITER = 1860	5000	175
ITER = 1861	5000	175
ITER = 1862	5000	175
ITER = 1863	5000	175
ITER = 1864	5000	175
ITER = 1865	5000	175
ITER = 1866	5000	174
ITER = 1867	5000	174
ITER = 1868	5000	174
ITER = 1869	5000	174
ITER = 1870	5000	174
ITER = 1871	5000	174
ITER = 1872	5000	174
ITER = 1873	5000	174
ITER = 1874	5000	174
ITER = 1875	5000	174
ITER = 1876	5000	174
ITER = 1877	5000	174
ITER = 1878	5000	174
ITER = 1879	5000	174
ITER = 1880	5000	173
ITER = 1881	5000	173
ITER = 1882	5000	173
ITER = 1883	5000	173
ITER = 1884	5000	173
ITER = 1885	5000	173
ITER = 1886	5000	173
ITER = 1887	5000	173
ITER = 1888	5000	173
ITER = 1889	5000	173
ITER = 1890	5000	173
ITER = 1891	5000	173
ITER = 1892	5000	173
ITER = 1893	5000	173
ITER = 1894	5000	173
ITER = 1895	5000	173
ITER = 1896	5000	173
ITER = 1897	5000	173
ITER = 1898	5000	173
ITER = 1899	5000	173
ITER = 1900	5000	173
ITER = 1901	5000	172
ITER = 1902	5000	172
ITER = 1903	5000	172
ITER = 1904	5000	172
ITER = 1905	5000	172
ITER = 1906	5000	172
ITER = 1907	5000	171
ITER = 1908	5000	171
ITER = 1909	5000	171
ITER = 1910	5000	171
ITER = 1911	5000	171
ITER = 1912	5000	171
ITER = 1913	5000	171
ITER = 1914	5000	171
ITER = 1915	5000	170
ITER = 1916	5000	170
ITER = 1917	5000	170
ITER = 1918	5000	170
ITER = 1919	5000	170
ITER = 1920	5000	170
ITER = 1921	5000	170
ITER = 1922	5000	170
ITER = 1923	5000	170
ITER = 1924	5000	170
ITER = 1925	5000	169
ITER = 1926	5000	169
ITER = 1927	5000	169
ITER = 1928	5000	169
ITER = 1929	5000	169
ITER = 1930	5000	169
ITER = 1931	5000	169
ITER = 1932	5000	169
ITER = 1933	5000	169
ITER = 1934	5000	169
ITER = 1935	5000	168
ITER = 1936	5000	168
ITER = 1937	5000	168
ITER = 1938	5000	168
ITER = 1939	5000	168
ITER = 1940	5000	168
ITER = 1941	5000	168
ITER = 1942	5000	167
ITER = 1943	5000	167
ITER = 1944	5000	167
ITER = 1945	5000	167
ITER = 1946	5000	167
ITER = 1947	5000	167
ITER = 1948	5000	167
ITER = 1949	5000	167
ITER = 1950	5000	167
ITER = 1951	5000	167
ITER = 1952	5000	167
ITER = 1953	5000	167
ITER = 1954	5000	167
ITER = 1955	5000	167
ITER = 1956	5000	167
ITER = 1957	5000	167
ITER = 1958	5000	167
ITER = 1959	5000	167
ITER = 1960	5000	167
ITER = 1961	5000	167
ITER = 1962	5000	166
ITER = 1963	5000	166
ITER = 1964	5000	166
ITER = 1965	5000	166
ITER = 1966	5000	166
ITER = 1967	5000	166
ITER = 1968	5000	166
ITER = 1969	5000	166
ITER = 1970	5000	166
ITER = 1971	5000	166
ITER = 1972	5000	166
ITER = 1973	5000	166
ITER = 1974	5000	166
ITER = 1975	5000	166
ITER = 1976	5000	166
ITER = 1977	5000	166
ITER = 1978	5000	166
ITER = 1979	5000	166
ITER = 1980	5000	166
ITER = 1981	5000	166
ITER = 1982	5000	166
ITER = 1983	5000	166
ITER = 1984	5000	166
ITER = 1985	5000	166
ITER = 1986	5000	166
ITER = 1987	5000	166
ITER = 1988	5000	166
ITER = 1989	5000	166
ITER = 1990	5000	166
ITER = 1991	5000	166
ITER = 1992	5000	166
ITER = 1993	5000	166
ITER = 1994	5000	166
ITER = 1995	5000	166
ITER = 1996	5000	166
ITER = 1997	5000	166
ITER = 1998	5000	166
ITER = 1999	5000	166
