-0.171273
-0.171273
-0.171273
-0.171273
-0.171273
-0.131944
-0.171273
-0.168616
-0.171273
-0.171273
-0.168616
-0.168616
-0.171273
-0.171273
-0.171273
-0.171273
-0.171273
-0.171273
-0.171273
-0.168616
-0.171273
-0.171273
-0.171273
-0.168616
-0.171273
-0.171273
-0.171273
-0.168616
-0.168616
-0.171273
-0.171273
-0.171273
-0.171273
-0.171273
-0.168616
-0.171273
-0.171273
-0.131944
-0.171273
-0.168616
-0.171273
-0.171273
-0.168616
-0.171273
-0.171273
-0.131944
-0.131944
-0.171273
-0.171273
-0.168616
-0.131944
-0.171273
-0.168616
-0.171273
-0.171273
-0.171273
-0.171273
-0.168616
-0.131944
-0.171273
-0.168616
-0.171273
-0.171273
-0.171273
-0.168616
-0.171273
-0.171273
-0.131944
-0.171273
-0.171273
-0.131944
-0.171273
-0.171273
-0.171273
-0.168616
-0.171273
-0.171273
-0.171273
-0.171273
-0.168616
-0.171273
-0.171273
-0.171273
-0.171273
-0.171273
-0.168616
-0.131944
-0.171273
-0.171273
-0.171273
-0.171273
-0.131944
-0.171273
-0.171273
-0.168616
-0.168616
-0.171273
-0.168616
-0.171273
-0.171273
-0.171273
-0.171273
-0.171273
-0.171273
-0.171273
-0.171273
-0.168616
-0.171273
-0.171273
-0.171273
-0.171273
-0.171273
-0.171273
-0.168616
-0.171273
-0.168616
-0.171273
-0.171273
-0.171273
-0.168616
-0.171273
-0.171273
-0.168616
-0.171273
-0.171273
-0.171273
-0.171273
-0.131944
-0.171273
-0.171273
-0.171273
-0.171273
-0.171273
-0.171273
-0.171273
-0.171273
-0.171273
-0.171273
-0.171273
-0.171273
-0.171273
-0.171273
-0.171273
-0.171273
-0.171273
-0.171273
-0.131944
-0.171273
-0.168616
-0.171273
-0.168616
-0.171273
-0.171273
-0.171273
-0.171273
-0.171273
-0.171273
-0.171273
-0.131944
-0.171273
-0.131944
-0.171273
-0.171273
-0.171273
-0.168616
-0.171273
-0.171273
-0.171273
-0.171273
-0.171273
-0.171273
-0.171273
-0.171273
-0.171273
-0.171273
-0.171273
-0.171273
-0.171273
-0.171273
-0.171273
-0.171273
-0.171273
-0.171273
-0.171273
-0.171273
-0.168616
-0.131944
-0.131944
-0.131944
-0.171273
-0.171273
-0.168616
-0.171273
-0.131944
-0.168616
-0.171273
-0.171273
-0.171273
-0.131944
-0.171273
-0.171273
-0.168616
-0.171273
-0.171273
-0.171273
-0.171273
-0.171273
-0.168616
-0.171273
-0.171273
-0.171273
-0.131944
-0.171273
-0.171273
-0.171273
-0.171273
-0.171273
-0.171273
-0.171273
-0.171273
-0.171273
-0.171273
-0.171273
-0.171273
-0.171273
-0.171273
-0.171273
-0.131944
-0.171273
-0.171273
-0.171273
-0.168616
-0.171273
-0.171273
-0.171273
-0.171273
-0.171273
-0.171273
-0.171273
-0.168616
-0.168616
-0.171273
-0.171273
-0.168616
-0.171273
-0.171273
-0.171273
-0.168616
-0.171273
-0.171273
-0.171273
-0.168616
-0.171273
-0.171273
-0.171273
-0.168616
-0.171273
-0.171273
-0.171273
-0.171273
-0.171273
-0.171273
-0.131944
-0.168616
-0.171273
-0.171273
-0.171273
-0.171273
-0.171273
-0.168616
-0.171273
-0.171273
-0.171273
-0.168616
-0.171273
-0.171273
-0.171273
-0.171273
-0.171273
-0.171273
-0.171273
-0.131944
-0.171273
-0.168616
-0.171273
-0.171273
-0.131944
-0.168616
-0.131944
-0.171273
-0.168616
-0.171273
-0.168616
-0.171273
-0.171273
-0.171273
-0.171273
-0.171273
-0.171273
-0.171273
-0.171273
-0.171273
-0.171273
-0.171273
-0.171273
-0.171273
-0.171273
-0.171273
-0.171273
-0.171273
-0.171273
-0.171273
-0.171273
-0.131944
-0.168616
-0.171273
-0.171273
-0.171273
-0.171273
-0.171273
-0.171273
-0.171273
-0.171273
-0.171273
-0.171273
-0.171273
-0.168616
-0.131944
-0.171273
-0.171273
-0.171273
-0.171273
-0.171273
-0.168616
-0.168616
-0.171273
-0.171273
-0.171273
-0.171273
-0.171273
-0.171273
-0.171273
-0.171273
-0.171273
-0.171273
-0.168616
-0.168616
-0.131944
-0.171273
-0.171273
-0.171273
-0.171273
-0.171273
-0.171273
-0.171273
-0.171273
-0.171273
-0.171273
-0.168616
-0.171273
-0.171273
-0.171273
-0.171273
-0.131944
-0.168616
-0.171273
-0.171273
-0.171273
-0.171273
-0.171273
-0.171273
-0.171273
-0.171273
-0.171273
-0.131944
-0.171273
-0.171273
-0.171273
-0.171273
-0.171273
-0.131944
-0.171273
-0.171273
-0.171273
-0.168616
-0.131944
-0.131944
-0.168616
-0.171273
-0.168616
-0.171273
-0.168616
-0.168616
-0.171273
-0.171273
-0.168616
-0.168616
-0.171273
-0.171273
-0.171273
-0.171273
-0.171273
-0.171273
-0.171273
-0.168616
-0.168616
-0.171273
-0.171273
-0.171273
-0.131944
-0.171273
-0.171273
-0.171273
-0.171273
-0.171273
-0.171273
-0.171273
-0.168616
-0.171273
-0.171273
-0.171273
-0.168616
-0.131944
-0.171273
-0.171273
-0.171273
-0.171273
-0.171273
-0.171273
-0.171273
-0.171273
-0.168616
-0.171273
-0.171273
-0.171273
-0.171273
-0.171273
-0.171273
-0.168616
-0.171273
-0.168616
-0.131944
-0.171273
-0.171273
-0.171273
-0.171273
-0.171273
-0.171273
-0.171273
-0.171273
-0.171273
-0.171273
-0.171273
-0.171273
-0.171273
-0.168616
-0.171273
-0.168616
-0.171273
-0.171273
-0.168616
-0.168616
-0.131944
-0.168616
-0.168616
-0.168616
-0.171273
-0.171273
-0.168616
-0.171273
-0.171273
-0.131944
-0.171273
-0.171273
-0.171273
-0.171273
-0.168616
-0.168616
-0.168616
-0.171273
-0.171273
-0.171273
-0.171273
-0.171273
-0.171273
-0.171273
-0.171273
-0.171273
-0.168616
-0.171273
-0.171273
-0.168616
-0.171273
-0.171273
-0.171273
-0.131944
-0.168616
-0.171273
-0.171273
-0.171273
-0.168616
-0.131944
-0.171273
-0.171273
-0.171273
-0.168616
-0.171273
-0.171273
-0.171273
-0.171273
-0.168616
-0.171273
-0.171273
-0.168616
-0.168616
-0.171273
-0.171273
-0.171273
-0.168616
-0.168616
-0.171273
-0.171273
-0.171273
-0.171273
-0.171273
-0.171273
-0.171273
-0.168616
-0.171273
-0.171273
-0.171273
-0.168616
-0.171273
-0.171273
-0.168616
-0.171273
-0.168616
-0.168616
-0.168616
-0.171273
-0.171273
-0.171273
-0.171273
-0.171273
-0.171273
-0.131944
-0.131944
-0.171273
-0.171273
-0.171273
-0.168616
-0.171273
-0.168616
-0.171273
-0.171273
-0.171273
-0.171273
-0.171273
-0.171273
-0.131944
-0.171273
-0.171273
-0.171273
-0.171273
-0.171273
-0.171273
-0.171273
-0.168616
-0.171273
-0.171273
-0.171273
-0.171273
-0.171273
-0.171273
-0.171273
-0.171273
-0.171273
-0.168616
-0.171273
-0.171273
-0.171273
-0.131944
-0.171273
-0.131944
-0.171273
-0.171273
-0.171273
-0.171273
-0.171273
-0.171273
-0.171273
-0.171273
-0.171273
-0.131944
-0.171273
-0.171273
-0.171273
-0.171273
-0.171273
-0.171273
-0.171273
-0.168616
-0.171273
-0.171273
-0.171273
-0.171273
-0.171273
-0.171273
-0.171273
-0.171273
-0.171273
-0.171273
-0.171273
-0.171273
-0.168616
-0.171273
-0.131944
-0.131944
-0.171273
-0.171273
-0.171273
-0.168616
-0.171273
-0.171273
-0.171273
-0.171273
-0.171273
-0.168616
-0.171273
-0.171273
-0.171273
-0.171273
-0.171273
-0.171273
-0.171273
-0.171273
-0.131944
-0.171273
-0.131944
-0.131944
-0.171273
-0.131944
-0.171273
-0.171273
-0.171273
-0.171273
-0.168616
-0.171273
-0.171273
-0.131944
-0.171273
-0.171273
-0.171273
-0.168616
-0.171273
-0.131944
-0.171273
-0.171273
-0.171273
-0.171273
-0.171273
-0.171273
-0.171273
-0.171273
-0.171273
-0.171273
-0.171273
-0.171273
-0.171273
-0.168616
-0.168616
-0.131944
-0.171273
-0.171273
-0.131944
-0.131944
-0.171273
-0.171273
-0.171273
-0.171273
-0.171273
-0.171273
-0.171273
-0.168616
-0.168616
-0.168616
-0.171273
-0.168616
-0.171273
-0.171273
-0.131944
-0.171273
-0.171273
-0.131944
-0.171273
-0.168616
-0.131944
-0.171273
-0.171273
-0.171273
-0.171273
-0.171273
-0.168616
-0.171273
-0.171273
-0.168616
-0.171273
-0.171273
-0.171273
-0.171273
-0.171273
-0.171273
-0.171273
-0.171273
-0.171273
-0.131944
-0.171273
-0.171273
-0.171273
-0.171273
-0.171273
-0.171273
-0.171273
-0.171273
-0.171273
-0.171273
-0.171273
-0.171273
-0.171273
-0.168616
-0.171273
-0.171273
-0.171273
-0.131944
-0.171273
-0.168616
-0.171273
-0.171273
-0.171273
-0.171273
-0.171273
-0.171273
-0.171273
-0.171273
-0.171273
-0.171273
-0.171273
-0.171273
-0.171273
-0.171273
-0.171273
-0.171273
-0.168616
-0.171273
-0.171273
-0.171273
-0.171273
-0.171273
-0.171273
-0.171273
-0.171273
-0.171273
-0.171273
-0.171273
-0.171273
-0.171273
-0.171273
-0.171273
-0.171273
-0.171273
-0.171273
-0.171273
-0.168616
-0.131944
-0.168616
-0.171273
-0.171273
-0.171273
-0.171273
-0.168616
-0.171273
-0.171273
-0.168616
-0.168616
-0.171273
-0.171273
-0.131944
-0.171273
-0.131944
-0.171273
-0.171273
-0.171273
-0.131944
-0.171273
-0.171273
-0.168616
-0.171273
-0.171273
-0.171273
-0.171273
-0.171273
-0.171273
-0.171273
-0.131944
-0.168616
-0.171273
-0.168616
-0.171273
-0.171273
-0.131944
-0.171273
-0.168616
-0.168616
-0.171273
-0.171273
-0.171273
-0.171273
-0.171273
-0.171273
-0.171273
-0.171273
-0.171273
-0.171273
-0.171273
-0.171273
-0.171273
-0.171273
-0.171273
-0.171273
-0.168616
-0.171273
-0.171273
-0.131944
-0.168616
-0.171273
-0.171273
-0.168616
-0.168616
-0.171273
-0.171273
-0.131944
-0.171273
-0.168616
-0.171273
-0.171273
-0.168616
-0.171273
-0.171273
-0.171273
-0.171273
-0.171273
-0.171273
-0.168616
-0.168616
-0.171273
-0.131944
-0.168616
-0.131944
-0.168616
-0.168616
-0.171273
-0.171273
-0.171273
-0.171273
-0.171273
-0.171273
-0.168616
-0.171273
-0.168616
-0.131944
-0.171273
-0.168616
-0.171273
-0.171273
-0.168616
-0.171273
-0.171273
-0.171273
-0.131944
-0.168616
-0.171273
-0.171273
-0.168616
-0.171273
-0.171273
-0.171273
-0.171273
-0.171273
-0.131944
-0.131944
-0.171273
-0.171273
-0.171273
-0.171273
-0.168616
-0.171273
-0.171273
-0.171273
-0.171273
-0.171273
-0.171273
-0.171273
-0.171273
-0.168616
-0.171273
-0.171273
-0.168616
-0.171273
-0.131944
-0.171273
-0.171273
-0.171273
-0.168616
-0.171273
-0.171273
-0.171273
-0.131944
-0.168616
-0.171273
-0.171273
-0.171273
-0.171273
-0.168616
-0.171273
-0.171273
-0.171273
-0.171273
-0.171273
-0.171273
-0.131944
-0.131944
-0.131944
-0.171273
-0.171273
-0.131944
-0.171273
-0.171273
-0.171273
-0.131944
-0.171273
-0.171273
-0.168616
-0.171273
-0.171273
-0.171273
-0.171273
-0.171273
-0.171273
-0.171273
-0.171273
-0.171273
-0.171273
-0.168616
-0.171273
-0.171273
-0.171273
-0.168616
-0.171273
-0.171273
-0.171273
-0.168616
-0.171273
-0.171273
-0.171273
-0.168616
-0.168616
-0.171273
-0.171273
-0.171273
-0.171273
-0.131944
-0.171273
-0.168616
-0.171273
-0.131944
-0.171273
-0.171273
-0.171273
-0.171273
-0.171273
-0.131944
-0.171273
-0.171273
-0.171273
-0.171273
-0.171273
-0.131944
-0.171273
-0.171273
-0.171273
-0.168616
-0.168616
-0.171273
-0.171273
-0.131944
-0.171273
-0.168616
-0.171273
-0.131944
-0.171273
-0.000723693
0.0628448
0.0142824
0.0166917
-0.0741441
0.189403
0.0527675
0.106886
-0.028529
-0.0214749
0.101081
0.179067
0.00349761
-0.0583676
-0.07374
-0.030632
-0.0700493
-0.0179142
0.000474669
0.113436
0.0660678
0.0838154
-0.0330532
0.164212
-0.0111492
-0.0569969
-0.0783767
0.0981094
0.163689
-0.0648999
-0.0111492
-0.0456994
0.0527291
-0.0169688
0.164212
-0.0616934
0.0266605
0.189403
0.0456235
0.136733
-0.0523667
-0.0632017
0.179067
-0.0214749
-0.0019255
0.189403
0.177539
0.0106169
-0.000125766
0.152178
0.189403
0.0127828
0.178856
0.0781743
-0.0773989
-0.0739473
0.0631097
0.179011
0.203504
0.0127828
0.143238
-0.0602793
-0.0812954
-0.0106602
0.163161
-0.0721397
-0.050226
0.189403
-0.0367114
-0.0375907
0.203504
-0.0145544
-0.0600647
-0.068321
0.131012
0.0470172
-0.030632
0.0158613
0.0721804
0.165805
-0.0312962
0.0325711
-0.0204358
-0.0169688
-0.042159
0.0861786
0.189403
0.055685
-0.0615129
0.0150596
0.0498616
0.189403
-0.00132274
0.074948
0.100731
0.101081
-0.0719545
0.0964474
0.0135249
-0.0496485
0.0753659
-0.0204129
-0.068321
-0.0764887
-0.0348108
0.0142824
0.152878
-0.0284178
-0.0813094
0.00656907
0.01845
-0.0551365
-0.0649344
0.163337
-0.00916824
0.106636
0.057151
0.0213147
-0.0071494
0.162985
-0.0719545
-0.043461
0.0985136
-0.078725
0.0527675
-0.0470041
-0.0600647
0.189403
-0.0772551
-0.0762867
-0.0739473
-0.028529
-0.0583676
-0.042159
-0.0600647
-0.0209388
0.0289801
0.0707726
-0.0220233
-0.0456994
-0.0358552
0.0158613
0.0767729
-0.000723693
-0.0813323
-0.0551365
0.189403
-0.0253115
0.152985
0.0456526
0.110143
-0.0496485
0.0739502
-0.0189164
0.00168354
-0.0785498
0.0338019
0.01845
0.189403
-0.0616934
0.189403
0.0278114
-0.0600647
-0.0703516
0.165515
0.0704857
-0.0253115
-0.0483181
-0.0780366
-0.0719545
-0.00766196
0.0363241
-0.0597876
0.017554
0.0223221
0.0278114
0.00991091
0.0150596
-0.0684262
0.0389172
0.00594079
0.00594079
-0.0387441
0.0166917
0.0350531
0.151813
0.178547
0.189403
0.189403
0.0721804
-0.0681814
0.103773
0.0289801
0.203504
0.136736
-0.0615129
-0.00916824
-0.0735217
0.178215
-0.0783767
-0.0387441
0.143493
0.030163
-0.0543379
-0.0715458
-0.0700493
0.0600974
0.113248
0.00594079
0.0658858
0.00349761
0.203504
-0.0219869
-0.0715458
0.00921491
-0.0616934
-0.0126018
-0.0530239
0.0289801
-0.0209388
-0.0615129
-0.0135747
-0.0199156
0.0512609
-0.0230722
-0.0616934
-0.0312962
0.189403
-0.0408921
0.047034
-0.0600647
0.131012
-0.0299942
-0.0470041
-0.071756
-0.00916824
-0.0230722
-0.000125766
-0.076076
0.166198
0.152878
-0.0773989
0.0150596
0.163161
0.0498616
-0.029858
-0.0387441
0.163161
0.01845
-0.0447868
-0.0444003
0.162985
0.0600016
-0.066632
-0.0019255
0.165363
-0.0735217
-0.0569969
0.0338019
0.0278114
-0.0523667
-0.0447868
0.189403
0.121506
0.0289801
0.00991091
-0.0666518
-0.0174426
-0.0649344
0.164553
-0.0225036
0.030163
-0.0583676
0.179067
0.0707726
-0.0375907
-0.0715458
-0.0586897
-0.00662144
-0.0408921
-0.0496485
0.189403
-0.0235613
0.130878
-0.066632
-0.017935
0.190094
0.152669
0.189403
0.0278114
0.151461
-0.0247285
0.0960273
0.0402339
-0.0649344
-0.0649344
-0.000723693
0.0645003
-0.0666518
-0.0735217
-0.0483181
-0.0762867
-0.0783767
0.0587064
0.0325711
-0.00374569
0.0127828
0.0389172
0.049888
-0.0509989
-0.0666518
0.0203341
-0.0219869
0.190395
0.131037
0.0688502
-0.0140644
0.0135249
-0.0633018
-0.0126018
-0.0537467
-0.0126018
0.0456526
-0.0253115
-0.030632
-0.0169688
0.109941
0.203863
-0.0523667
-0.0523667
0.0389172
-0.0616934
0.0278114
0.164038
0.0960273
0.0233604
0.0402339
-0.025913
-0.00916824
-0.0214749
-0.0101669
0.0255321
-0.0735217
0.0223221
-0.0735217
0.165662
0.164212
0.203504
-0.0375907
-0.07374
-0.0375907
-0.0530239
0.0600016
-0.0583676
-0.0813323
0.0585406
0.00107837
-0.00434595
0.179028
-0.0772551
0.0255321
-0.0782056
0.0213147
0.189403
0.101081
-0.0184178
-0.0338186
-0.043461
0.074948
-0.0700493
-0.0328785
0.049888
-0.0019255
-0.0126018
0.203504
-0.0236108
0.0484645
-0.0719545
-0.043461
-0.0813094
0.189403
-0.066632
-0.0496485
-0.0447868
0.165048
0.178014
0.203504
0.0960273
0.0484645
0.166198
-0.0356368
0.152669
0.109711
-0.019422
0.0350531
0.117309
0.179056
0.00921491
0.0660678
-0.0375907
-0.0145544
0.0213147
-0.0461263
-0.00253187
0.151636
0.0960273
-0.013087
0.055685
-0.0338186
0.178014
-0.0121183
0.0363241
-0.0715458
-0.0164922
0.0704857
-0.0169688
-0.0399481
0.14333
0.0512904
-0.0189021
-0.0496485
0.178957
0.203504
-0.0632017
-0.0721397
-0.0198965
-0.0444003
-0.043461
0.0127828
-0.0116347
0.0266605
0.143238
-0.0648999
-0.0509989
-0.0330532
-0.0278408
0.0631097
-0.0586897
0.166708
-0.0444003
0.166623
0.203504
0.0658858
-0.015043
0.00349761
-0.0348108
-0.00766196
0.0542227
0.0585406
-0.037838
-0.0735217
-0.0431111
0.0022887
-0.043461
0.0028933
0.152985
-0.0615129
0.113436
0.0470522
-0.0396681
0.125938
0.163689
0.189403
0.152467
0.165942
0.166623
-0.0106602
-0.0220233
0.152085
-0.0106602
-0.0111492
0.203504
-0.0648999
-0.0456994
-0.0616934
-0.0715458
0.0877802
0.0935983
0.163337
-0.0399481
0.042897
0.0838154
-0.068321
-0.0447868
0.0203341
-0.0758589
-0.0265344
-0.037838
0.166708
0.0166917
-0.0461263
0.151902
-0.0749752
-0.0236108
-0.0321485
0.177789
0.152467
0.0313592
-0.0328785
-0.0785498
0.113436
0.189403
-0.0600647
0.0660678
-0.0597876
0.136736
0.0289801
0.0120523
0.0313592
-0.0253115
0.103773
-0.0597876
-0.0583676
0.151636
0.152985
-0.0735217
-0.0509989
-0.0214446
0.143518
0.0877802
0.074948
0.0735719
-0.0556587
0.0718632
-0.0565407
0.0158613
0.0600974
0.151724
-0.0632017
-0.0777077
-0.0681814
0.13104
0.0442547
-0.029858
0.0900078
-0.0312962
0.17907
0.178927
0.136738
-0.07374
-0.0284178
-0.0600647
-0.0743303
-0.0456994
-0.025913
0.203504
0.189403
0.0527291
-0.042159
0.00532196
0.179067
-0.0543379
0.151461
-0.0556587
-0.037838
0.0676819
-0.0447868
-0.0241623
-0.029858
0.189403
-0.0328785
-0.0735217
0.0135249
0.0402339
0.0498616
-0.0583676
-0.015043
0.136722
0.0278114
-0.0684945
0.0556297
-0.0569969
-0.0019255
-0.0569969
0.0350531
-0.0253115
-0.0681814
0.131012
-0.0632017
-0.0666518
0.030163
0.203504
-0.019422
0.203504
0.0484645
-0.0241623
-0.0583676
-0.0702134
-0.0666518
-0.00966928
0.0278114
-0.0600647
-0.0703516
0.189764
-0.0444003
0.0325711
0.0135249
-0.0179242
0.0244309
-0.0408921
-0.076076
0.131012
-0.0483181
-0.0338186
-0.0616934
0.0658858
-0.0586897
-0.0721397
-0.0470041
-0.0209388
0.0660678
-0.081581
-0.0556587
-0.0762867
0.179067
-0.0569969
0.203504
0.189403
-0.00493661
-0.0265344
0.0838154
0.166427
0.0541766
0.0022887
-0.0408921
0.0266605
-0.0632017
0.100731
0.0674645
0.0313592
0.00107837
-0.0509989
-0.0551365
0.00107837
-0.029122
0.0120523
0.189403
0.00656907
0.178014
0.178014
-0.0330532
0.189403
0.0313592
-0.0204129
-0.075638
0.030163
0.143583
-0.0583676
0.0586203
0.189403
-0.0219869
-0.0408921
0.00471006
0.143518
-0.0743303
0.189403
-0.0312962
-0.0474761
-0.0523667
0.0325711
-0.050226
-0.0236643
-0.0488402
0.064348
-0.042159
-0.0537467
-0.07374
-0.0241623
-0.0616934
0.166073
0.165805
0.189403
-0.0209662
-0.029122
0.189403
0.189764
-0.0633018
0.0442672
0.0389172
-0.0214446
-0.0348108
-0.0551365
0.0213147
0.107108
0.12579
0.165662
-0.0278408
0.143493
-0.0537467
-0.0523667
0.203504
-0.0219533
-0.00253187
0.189403
-0.0399481
0.166529
0.189403
-0.0569969
0.0203341
-0.0783767
-0.0615129
-0.017935
0.0861786
-0.0684262
-0.0648999
0.178957
-0.0751946
-0.0583676
0.00532196
-0.0632017
-0.0470041
-0.0496485
-0.0483181
-0.0814047
0.0674645
0.189403
-0.0523667
0.0389172
-0.0773989
0.0498372
-0.0702134
0.0142824
-0.081364
0.0233604
0.0672631
-0.0399481
-0.0470041
-0.068321
-0.000125766
0.103773
0.0266605
0.0376131
-0.0470041
0.203504
0.0586203
0.121436
-0.0616934
0.00594079
-0.0782056
-0.0684945
-0.00434595
0.0338019
0.0363241
0.00594079
-0.0126018
-0.0569969
0.0244309
0.017554
-0.0600647
-0.013087
-0.0735217
-0.0456994
0.151724
-0.0278408
-0.0209135
-0.0758589
0.0266605
0.0470172
-0.0444003
0.049888
-0.0271766
0.0338019
0.0233604
0.00853166
-0.0814047
-0.00816472
-0.00253187
0.0600016
-0.0126018
-0.0348108
-0.0278408
-0.0684945
0.166708
0.177539
0.16472
-0.0253115
0.0223221
-0.0530239
0.00786302
0.103464
-0.00434595
0.0816462
0.12579
0.126023
0.0106169
-0.0772551
0.189403
0.00786302
0.189403
0.0113308
-0.0214446
-0.0569969
0.189403
0.0389172
-0.0019255
0.106886
0.0674645
-0.0569969
-0.0444003
-0.0408921
-0.0762867
0.0456375
-0.0241623
0.189403
0.166529
-0.0241623
0.0955643
0.00532196
0.00720918
0.189403
0.0801813
0.0877802
0.143518
0.0325711
-0.0396681
-0.00866588
-0.066632
-0.0367114
0.055685
0.00471006
-0.0135747
-0.0278408
-0.0145544
-0.00816472
-0.0681814
0.0278114
-0.0184178
-0.0537467
0.0338019
0.143562
-0.0632017
-0.0321485
0.189403
0.106636
-0.0106602
-0.00551427
0.117179
0.143583
-0.071756
0.030163
0.190094
0.0113308
0.121238
0.0233604
-0.0116347
0.0883576
0.042897
0.0645003
0.0350531
-0.0509989
-0.0330532
0.000474669
0.151636
0.166708
-0.0470041
0.189403
0.143562
0.177263
0.152669
0.121238
0.0456375
-0.0116347
-0.0230722
0.0442547
-0.0071494
0.0781743
0.125938
-0.0509989
0.136738
0.203504
-0.0265344
0.143518
-0.0367114
0.0127828
0.163161
-0.0174426
-0.0684945
0.0244309
0.178215
0.143493
-0.0071494
-0.0496485
0.166529
-0.00374569
0.0278114
0.000474669
-0.0271766
-0.0633018
0.189403
0.189403
0.0233604
-0.0537467
-0.0483181
0.0213147
0.131031
-0.0496485
-0.0785498
0.0363241
0.0244309
-0.00374569
-0.0348108
0.01845
0.0223221
0.179056
0.0363241
0.0106169
0.113436
-0.0241623
0.203504
-0.0633018
-0.0496485
-0.0632017
0.165942
-0.0292451
-0.0569969
0.0586203
0.203504
0.166073
0.00107837
0.00853166
-0.0140644
-0.071756
0.117416
-0.0456994
0.00921491
-0.00313971
0.0402339
0.0585406
0.0735719
0.177789
0.190094
0.203504
-0.0338186
-0.0509989
0.189403
0.0527291
0.0838154
0.0022887
0.189403
0.0325711
0.0645003
0.165805
-0.0387441
-0.0777077
-0.029122
0.0289801
-0.0121183
0.0556297
0.00349761
-0.0230275
0.0350531
-0.07374
0.136601
0.0376131
-0.0764887
0.0753659
0.103464
-0.0189164
-0.00816472
-0.00253187
0.113436
0.0142824
0.0289801
0.0402339
0.165805
0.0861786
-0.068321
-0.0723096
-0.0556587
-0.025913
0.203504
-0.0483181
0.106886
0.0193781
0.203504
0.0266605
0.0456526
-0.0569969
0.0735719
-0.0632017
0.189403
-0.0247285
0.0376131
0.0614756
-0.0444003
-0.0632017
0.189403
-0.075638
0.0781743
-0.0209135
0.165662
0.0867857
0.0753659
-0.0399481
0.178792
-0.0214446
0.0867857
0.0767729
0.189403
-0.068321
-0.000723693
0.0689889
0.0142824
0.0166917
-0.0599684
0.189403
0.0537808
0.152245
-0.0297762
-0.0216888
0.152245
0.176268
0.00349761
-0.0381129
-0.0599684
-0.0312798
-0.0556359
-0.0179142
0.000474669
0.163644
0.0734633
0.152245
-0.034635
0.176268
-0.0111492
-0.0438681
-0.0696222
0.152245
0.176268
-0.0478542
-0.0111492
-0.043944
0.0524249
-0.0169688
0.176268
-0.0408866
0.0266605
0.189403
0.0455986
0.163644
-0.0469496
-0.0441273
0.176268
-0.0216888
-0.0019255
0.189403
0.189403
0.0106169
-0.000125766
0.164031
0.189403
0.0127828
0.176268
0.152245
-0.0696222
-0.0599684
0.0674099
0.176268
0.203504
0.0127828
0.163644
-0.0411251
-0.0749905
-0.0106602
0.163644
-0.0556359
-0.0465292
0.189403
-0.0401862
-0.0410915
0.203504
-0.0145544
-0.0411251
-0.0516044
0.163644
0.0469615
-0.0320036
0.0158613
0.152245
0.176268
-0.0320036
0.0325711
-0.0207442
-0.0169688
-0.0431422
0.152245
0.189403
0.0564487
-0.0411251
0.0150596
0.0496969
0.189403
-0.00132274
0.152245
0.152245
0.152245
-0.0556359
0.152245
0.0135249
-0.0462674
0.152245
-0.0202706
-0.0516044
-0.064623
-0.036675
0.0142824
0.164031
-0.0290658
-0.0749905
0.00656907
0.01845
-0.0458998
-0.0478542
0.176268
-0.00916824
0.152245
0.0577422
0.0213147
-0.0071494
0.163644
-0.0556359
-0.0433274
0.152245
-0.064623
0.0524249
-0.0442959
-0.0411251
0.189403
-0.0696222
-0.064623
-0.0599684
-0.0291495
-0.0399404
-0.043257
-0.0408866
-0.0207442
0.0289801
0.135839
-0.0221598
-0.043944
-0.0389507
0.0158613
0.152245
-0.000723693
-0.0749905
-0.046207
0.189403
-0.0250954
0.163644
0.0455986
0.152245
-0.0460021
0.152245
-0.0188546
0.00168354
-0.0696222
0.0338019
0.01845
0.189403
-0.0411251
0.189403
0.0278114
-0.0411251
-0.0516044
0.176268
0.12957
-0.0250954
-0.0458566
-0.0696222
-0.0599684
-0.00766196
0.0363241
-0.037875
0.017554
0.0223221
0.0278114
0.00991091
0.0150596
-0.051361
0.0389172
0.00594079
0.00594079
-0.0421703
0.0166917
0.0350531
0.164031
0.176268
0.189403
0.189403
0.152245
-0.0516044
0.152245
0.0289801
0.203504
0.164031
-0.0408866
-0.00916824
-0.0599684
0.176268
-0.0696222
-0.0421703
0.164031
0.030163
-0.0461895
-0.0599684
-0.0556359
0.0747994
0.163644
0.00594079
0.071581
0.00349761
0.203504
-0.0221598
-0.0599684
0.00921491
-0.0443668
-0.0126018
-0.0468458
0.0289801
-0.0207442
-0.0411251
-0.0135747
-0.0197973
0.0510631
-0.0231112
-0.0443668
-0.0327542
0.189403
-0.04382
0.0469615
-0.0411251
0.163644
-0.0312798
-0.0447363
-0.0599684
-0.00916824
-0.0231112
-0.000125766
-0.064623
0.176268
0.163644
-0.0696222
0.0150596
0.176268
0.0496969
-0.030587
-0.0421703
0.163644
0.01845
-0.043542
-0.0431175
0.163644
0.0728924
-0.0478542
-0.0019255
0.176268
-0.0599684
-0.0429718
0.0338019
0.0278114
-0.0469496
-0.0435949
0.189403
0.163644
0.0289801
0.00991091
-0.0478542
-0.0174426
-0.0478542
0.176268
-0.0221598
0.030163
-0.0395269
0.176268
0.13581
-0.0410915
-0.0599684
-0.037875
-0.00662144
-0.044041
-0.0465292
0.189403
-0.0231112
0.163644
-0.0478542
-0.0179142
0.189403
0.163644
0.189403
0.0278114
0.164031
-0.0245867
0.152245
0.0402339
-0.0478542
-0.0478542
-0.000723693
0.0681697
-0.0478542
-0.0599684
-0.0451467
-0.064623
-0.0696222
0.0717778
0.0325711
-0.00374569
0.0127828
0.0389172
0.0496969
-0.0467532
-0.0478542
0.0203341
-0.0221598
0.189403
0.163644
0.0906331
-0.0140644
0.0135249
-0.0441273
-0.0126018
-0.0464294
-0.0126018
0.0455986
-0.0250954
-0.0320036
-0.0169688
0.152245
0.203863
-0.0468694
-0.0469241
0.0389172
-0.0408866
0.0278114
0.176268
0.152245
0.0233604
0.0402339
-0.0256144
-0.00916824
-0.0216888
-0.0101669
0.0255321
-0.0599684
0.0223221
-0.0599684
0.176268
0.175878
0.203504
-0.0401862
-0.0599684
-0.0410915
-0.0472605
0.073722
-0.0383365
-0.0749905
0.0655609
0.00107837
-0.00434595
0.176268
-0.0696222
0.0255321
-0.0696222
0.0213147
0.189403
0.152245
-0.0183846
-0.0357192
-0.0434086
0.152245
-0.0556359
-0.033695
0.0496969
-0.0019255
-0.0126018
0.203504
-0.0235957
0.0483287
-0.0556359
-0.0428456
-0.0749905
0.189403
-0.047613
-0.0460021
-0.043542
0.176268
0.176268
0.203504
0.152245
0.0496969
0.175878
-0.0386718
0.164031
0.152245
-0.0197973
0.0350531
0.163644
0.176268
0.00921491
0.0758161
-0.0401862
-0.0145544
0.0213147
-0.0442641
-0.00253187
0.163644
0.152245
-0.013087
0.0564487
-0.0357192
0.189403
-0.0121183
0.0363241
-0.0599684
-0.0164922
0.135847
-0.0169688
-0.0432356
0.164031
0.0510631
-0.0188546
-0.0463195
0.176268
0.203504
-0.0441273
-0.0556359
-0.0197973
-0.0437135
-0.0434086
0.0127828
-0.0116347
0.0266605
0.164031
-0.0478542
-0.0467532
-0.034635
-0.0284427
0.0674522
-0.037875
0.176268
-0.0431823
0.176268
0.203504
0.0703544
-0.015043
0.00349761
-0.0377814
-0.00766196
0.0551255
0.0654162
-0.0412821
-0.0599684
-0.0431422
0.0022887
-0.0434086
0.0028933
0.164031
-0.0408866
0.163644
0.0469615
-0.0432356
0.163644
0.176268
0.189403
0.163644
0.176268
0.176268
-0.0106602
-0.0221598
0.164031
-0.0106602
-0.0111492
0.203504
-0.047613
-0.0438341
-0.0443668
-0.0599684
0.152245
0.152245
0.175878
-0.0432356
0.042897
0.152245
-0.0516044
-0.0434928
0.0203341
-0.064623
-0.0266826
-0.0412821
0.176268
0.0166917
-0.0442641
0.163644
-0.064623
-0.0235957
-0.0336354
0.189403
0.164031
0.0313592
-0.033695
-0.0696222
0.163644
0.189403
-0.0408866
0.0738593
-0.037875
0.164031
0.0289801
0.0120523
0.0313592
-0.0250954
0.152245
-0.037875
-0.0405501
0.164031
0.164031
-0.0599684
-0.046772
-0.0212172
0.164031
0.152245
0.152245
0.152245
-0.0449437
0.145331
-0.0429636
0.0158613
0.0747994
0.163644
-0.0443668
-0.0696222
-0.0516044
0.163644
0.0442431
-0.0312798
0.152245
-0.0320036
0.176268
0.176268
0.164031
-0.0599684
-0.0290658
-0.0408866
-0.0599684
-0.043868
-0.0256144
0.203504
0.189403
0.0524249
-0.0435144
0.00532196
0.176268
-0.0465406
0.164031
-0.0448371
-0.0412821
0.0871255
-0.0435949
-0.0240872
-0.0312798
0.189403
-0.033695
-0.0599684
0.0135249
0.0402339
0.0496969
-0.0405501
-0.015043
0.163644
0.0278114
-0.0516044
0.0551255
-0.0420537
-0.0019255
-0.042141
0.0350531
-0.0250954
-0.0516044
0.163644
-0.0443668
-0.0478542
0.030163
0.203504
-0.0193253
0.203504
0.0496969
-0.0240872
-0.0402407
-0.0556359
-0.0478542
-0.00966928
0.0278114
-0.0408866
-0.0516044
0.189403
-0.0437135
0.0325711
0.0135249
-0.0179142
0.0244309
-0.04382
-0.064623
0.163644
-0.0456996
-0.036675
-0.0411251
0.071581
-0.037875
-0.0556359
-0.0442959
-0.0207442
0.0756146
-0.0696222
-0.0449437
-0.064623
0.176268
-0.0416043
0.203504
0.189403
-0.00493661
-0.026144
0.152245
0.176268
0.0537808
0.0022887
-0.04382
0.0266605
-0.0441273
0.152245
0.0789193
0.0313592
0.00107837
-0.0464284
-0.0455062
0.00107837
-0.0298456
0.0120523
0.189403
0.00656907
0.189403
0.189403
-0.034635
0.189403
0.0313592
-0.0202706
-0.064623
0.030163
0.163644
-0.0381129
0.0717778
0.189403
-0.0221598
-0.044041
0.00471006
0.164031
-0.0599684
0.189403
-0.0327542
-0.0451467
-0.0469241
0.0325711
-0.0465292
-0.0235957
-0.0459125
0.0672411
-0.0432493
-0.0468316
-0.0599684
-0.0240872
-0.0411251
0.176268
0.176268
0.189403
-0.0212172
-0.0297762
0.189403
0.189403
-0.0443668
0.0442431
0.0389172
-0.0212172
-0.0367846
-0.046207
0.0213147
0.152245
0.163644
0.175878
-0.028466
0.164031
-0.0468666
-0.0469496
0.203504
-0.0216888
-0.00253187
0.189403
-0.0432356
0.176268
0.189403
-0.041197
0.0203341
-0.0696222
-0.0411251
-0.0179142
0.152245
-0.0516044
-0.0443668
0.176268
-0.064623
-0.037875
0.00532196
-0.0441273
-0.0447774
-0.0460988
-0.045449
-0.0749905
0.0792859
0.189403
-0.0468694
0.0389172
-0.0696222
0.0496969
-0.0556359
0.0142824
-0.0749905
0.0233604
0.0768075
-0.0432356
-0.0442641
-0.0516044
-0.000125766
0.152245
0.0266605
0.0376131
-0.0447363
0.203504
0.0693502
0.163644
-0.0443668
0.00594079
-0.0696222
-0.0516044
-0.00434595
0.0338019
0.0363241
0.00594079
-0.0126018
-0.0429894
0.0244309
0.017554
-0.0411251
-0.013087
-0.0599684
-0.0439867
0.163644
-0.0272298
-0.0207442
-0.064623
0.0266605
0.0469615
-0.0431175
0.0510631
-0.0272298
0.0338019
0.0233604
0.00853166
-0.0749905
-0.00816472
-0.00253187
0.0732913
-0.0126018
-0.0377814
-0.0272298
-0.0516044
0.176268
0.189403
0.176268
-0.0250954
0.0223221
-0.0472605
0.00786302
0.152245
-0.00434595
0.152245
0.163644
0.163644
0.0106169
-0.0696222
0.189403
0.00786302
0.189403
0.0113308
-0.0212172
-0.0417224
0.189403
0.0389172
-0.0019255
0.152245
0.082268
-0.0439276
-0.0431175
-0.044041
-0.064623
0.0455986
-0.0235957
0.189403
0.176268
-0.0235957
0.152245
0.00532196
0.00720918
0.189403
0.152245
0.152245
0.164031
0.0325711
-0.0432356
-0.00866588
-0.0516044
-0.0389507
0.0564487
0.00471006
-0.0135747
-0.0272298
-0.0145544
-0.00816472
-0.0516044
0.0278114
-0.0183846
-0.0463675
0.0338019
0.163644
-0.0441273
-0.0336354
0.189403
0.152245
-0.0106602
-0.00551427
0.163644
0.163644
-0.0599684
0.030163
0.189403
0.0113308
0.163644
0.0233604
-0.0116347
0.152245
0.042897
0.0681931
0.0350531
-0.046772
-0.034635
0.000474669
0.164031
0.176268
-0.0442641
0.189403
0.163644
0.189403
0.164031
0.163644
0.0455986
-0.0116347
-0.0231112
0.0442431
-0.0071494
0.152245
0.163644
-0.0465922
0.163644
0.203504
-0.026144
0.164031
-0.0401862
0.0127828
0.176268
-0.0174426
-0.0516044
0.0244309
0.176268
0.164031
-0.0071494
-0.0460988
0.176268
-0.00374569
0.0278114
0.000474669
-0.0272298
-0.0443668
0.189403
0.189403
0.0233604
-0.0464294
-0.0455125
0.0213147
0.163644
-0.0460021
-0.0696222
0.0363241
0.0244309
-0.00374569
-0.0377814
0.01845
0.0223221
0.176268
0.0363241
0.0106169
0.163644
-0.0240872
0.203504
-0.0441273
-0.0463195
-0.0443668
0.176268
-0.0305039
-0.0416043
0.0670765
0.203504
0.176268
0.00107837
0.00853166
-0.0140644
-0.0599684
0.163644
-0.043868
0.00921491
-0.00313971
0.0402339
0.0654162
0.152245
0.189403
0.189403
0.203504
-0.036675
-0.0465776
0.189403
0.0524249
0.152245
0.0022887
0.189403
0.0325711
0.0692223
0.176268
-0.0423807
-0.0696222
-0.0298456
0.0289801
-0.0121183
0.0551255
0.00349761
-0.0226329
0.0350531
-0.0599684
0.163644
0.0376131
-0.064623
0.152245
0.152245
-0.0188546
-0.00816472
-0.00253187
0.163644
0.0142824
0.0289801
0.0402339
0.176268
0.152245
-0.0516044
-0.0556359
-0.0455062
-0.026144
0.203504
-0.0455125
0.152245
0.0193781
0.203504
0.0266605
0.0455986
-0.0409032
0.152245
-0.0443668
0.189403
-0.0245867
0.0376131
0.0721804
-0.0431175
-0.0443668
0.189403
-0.064623
0.152245
-0.0207442
0.176268
0.152245
0.152245
-0.0432356
0.176268
-0.0212172
0.152245
0.152245
0.189403
-0.0516044
