-0.242806
-0.190501
-0.228373
-0.22593
-0.335868
-0.130665
-0.196426
-0.170625
-0.273782
-0.264969
-0.172725
-0.141527
-0.238274
-0.312196
-0.337359
-0.275968
-0.330194
-0.260503
-0.241429
-0.168723
-0.188223
-0.179445
-0.278987
-0.150725
-0.25308
-0.309388
-0.343893
-0.173928
-0.151661
-0.320765
-0.253342
-0.294761
-0.196868
-0.259652
-0.150821
-0.316555
-0.21757
-0.123383
-0.202281
-0.160917
-0.303468
-0.318012
-0.141303
-0.264969
-0.2436
-0.130371
-0.135775
-0.23157
-0.241952
-0.15578
-0.12497
-0.229556
-0.143461
-0.181765
-0.34721
-0.33626
-0.189744
-0.140265
-0.116669
-0.229503
-0.160067
-0.31526
-0.351536
-0.252527
-0.152996
-0.33233
-0.301023
-0.126602
-0.28428
-0.284727
-0.118124
-0.257177
-0.31428
-0.327603
-0.162889
-0.201292
-0.276028
-0.22678
-0.184771
-0.147342
-0.276686
-0.212055
-0.263808
-0.259627
-0.291433
-0.178603
-0.128355
-0.19466
-0.316023
-0.227567
-0.199024
-0.121248
-0.243494
-0.18383
-0.173116
-0.172605
-0.332763
-0.174311
-0.228596
-0.300481
-0.183267
-0.263409
-0.32709
-0.338615
-0.281196
-0.228237
-0.153646
-0.273084
-0.351351
-0.235443
-0.224371
-0.307025
-0.321833
-0.152597
-0.250956
-0.171001
-0.193674
-0.221827
-0.249158
-0.153047
-0.332659
-0.292328
-0.1737
-0.343106
-0.196734
-0.296238
-0.313799
-0.126219
-0.347482
-0.338991
-0.336221
-0.273587
-0.311038
-0.291187
-0.313721
-0.264204
-0.214749
-0.18553
-0.265742
-0.294635
-0.282919
-0.226467
-0.182734
-0.242542
-0.350977
-0.30737
-0.126958
-0.269208
-0.15349
-0.201688
-0.169469
-0.299368
-0.183946
-0.261875
-0.240229
-0.343611
-0.211231
-0.224308
-0.122002
-0.316499
-0.130314
-0.215692
-0.314831
-0.328815
-0.148137
-0.185846
-0.269593
-0.299097
-0.345488
-0.333378
-0.249505
-0.208844
-0.313404
-0.22552
-0.221409
-0.215982
-0.232444
-0.227744
-0.326287
-0.206594
-0.236148
-0.236108
-0.286035
-0.225743
-0.209832
-0.156616
-0.138008
-0.129359
-0.125441
-0.184894
-0.328024
-0.171712
-0.215602
-0.120236
-0.16048
-0.316294
-0.251004
-0.337459
-0.137605
-0.344285
-0.285904
-0.158821
-0.214016
-0.306723
-0.334437
-0.330402
-0.191492
-0.168924
-0.236198
-0.188431
-0.238295
-0.119871
-0.265667
-0.334284
-0.233066
-0.31702
-0.254794
-0.304696
-0.215009
-0.264289
-0.316404
-0.256086
-0.262853
-0.198189
-0.26679
-0.317328
-0.276997
-0.132947
-0.289007
-0.20101
-0.314721
-0.162862
-0.275593
-0.296665
-0.334203
-0.25138
-0.266825
-0.241759
-0.339754
-0.146404
-0.153719
-0.347251
-0.227504
-0.152839
-0.199013
-0.274924
-0.28603
-0.153007
-0.224444
-0.293973
-0.293083
-0.153096
-0.192215
-0.324286
-0.243781
-0.148563
-0.337503
-0.309841
-0.21062
-0.216515
-0.30349
-0.293718
-0.123302
-0.165809
-0.215551
-0.232544
-0.323623
-0.259894
-0.322424
-0.15008
-0.266008
-0.213753
-0.311578
-0.141099
-0.185566
-0.284712
-0.334362
-0.312649
-0.248678
-0.288496
-0.300935
-0.131119
-0.267108
-0.163751
-0.324541
-0.260914
-0.134482
-0.154152
-0.127902
-0.215909
-0.157533
-0.268813
-0.17481
-0.206369
-0.321835
-0.32181
-0.242743
-0.189294
-0.3232
-0.337431
-0.297711
-0.338983
-0.344182
-0.19235
-0.211677
-0.24538
-0.229778
-0.206984
-0.198689
-0.3024
-0.323078
-0.222866
-0.265621
-0.134806
-0.162152
-0.186923
-0.256367
-0.228805
-0.319206
-0.254533
-0.305987
-0.254688
-0.201409
-0.26946
-0.276083
-0.259845
-0.169833
-0.114358
-0.304478
-0.303856
-0.207328
-0.316907
-0.215972
-0.151043
-0.17493
-0.219813
-0.205925
-0.270159
-0.251073
-0.264897
-0.252422
-0.217787
-0.337436
-0.221224
-0.337648
-0.147749
-0.150643
-0.12051
-0.284447
-0.336808
-0.284709
-0.304566
-0.191956
-0.311726
-0.350837
-0.193016
-0.24083
-0.246019
-0.142087
-0.347926
-0.218464
-0.344609
-0.221726
-0.129199
-0.17273
-0.261386
-0.280158
-0.29228
-0.183467
-0.330003
-0.278622
-0.198462
-0.243626
-0.254585
-0.117603
-0.267585
-0.199405
-0.333167
-0.291719
-0.351349
-0.124709
-0.324087
-0.299397
-0.294025
-0.149379
-0.13742
-0.114549
-0.174586
-0.199336
-0.146597
-0.282587
-0.154362
-0.16991
-0.262571
-0.209958
-0.167113
-0.141798
-0.233038
-0.187925
-0.284567
-0.256901
-0.221497
-0.295729
-0.244176
-0.157085
-0.174405
-0.255133
-0.194702
-0.280141
-0.137347
-0.254371
-0.208756
-0.334396
-0.25889
-0.185711
-0.259733
-0.28795
-0.159673
-0.197795
-0.261735
-0.300382
-0.139759
-0.118378
-0.317721
-0.332126
-0.262764
-0.293451
-0.292187
-0.229353
-0.253836
-0.216683
-0.160137
-0.320843
-0.302528
-0.279049
-0.272682
-0.189838
-0.312806
-0.144586
-0.293071
-0.145497
-0.117295
-0.188704
-0.257531
-0.238267
-0.281725
-0.249791
-0.195441
-0.193171
-0.285312
-0.337684
-0.291495
-0.239352
-0.292209
-0.239179
-0.153318
-0.316424
-0.168625
-0.200606
-0.287107
-0.164566
-0.151881
-0.126978
-0.154828
-0.147056
-0.145254
-0.25259
-0.265749
-0.156046
-0.252737
-0.25315
-0.117128
-0.320825
-0.295492
-0.317068
-0.334236
-0.177656
-0.175784
-0.152345
-0.287447
-0.203814
-0.179487
-0.327456
-0.294151
-0.222382
-0.340281
-0.271355
-0.28558
-0.144931
-0.225638
-0.29585
-0.15635
-0.342562
-0.267365
-0.278035
-0.136302
-0.15468
-0.21348
-0.278701
-0.343438
-0.168631
-0.121921
-0.315064
-0.188096
-0.313314
-0.160342
-0.215016
-0.230413
-0.212752
-0.269755
-0.171724
-0.31314
-0.310955
-0.156874
-0.153325
-0.33772
-0.30213
-0.26457
-0.158503
-0.177587
-0.183861
-0.184222
-0.307956
-0.185425
-0.309172
-0.226408
-0.191511
-0.156674
-0.318803
-0.346459
-0.328188
-0.162268
-0.202861
-0.275591
-0.176597
-0.276646
-0.14174
-0.14307
-0.160745
-0.336765
-0.273058
-0.314013
-0.334647
-0.295248
-0.269943
-0.11886
-0.13103
-0.197062
-0.290658
-0.236851
-0.141342
-0.306178
-0.157384
-0.308265
-0.285364
-0.187089
-0.293784
-0.268352
-0.275561
-0.129836
-0.278701
-0.337687
-0.229214
-0.206296
-0.198967
-0.310967
-0.257357
-0.161332
-0.216138
-0.32582
-0.195054
-0.309991
-0.243761
-0.31037
-0.210035
-0.269589
-0.328099
-0.163015
-0.31853
-0.323004
-0.214084
-0.115251
-0.262468
-0.118209
-0.199335
-0.268351
-0.310989
-0.328941
-0.323135
-0.251608
-0.216375
-0.315077
-0.328666
-0.133851
-0.293443
-0.212379
-0.22908
-0.260666
-0.218823
-0.289043
-0.339589
-0.163077
-0.298733
-0.28067
-0.316909
-0.188429
-0.313019
-0.332185
-0.296136
-0.264189
-0.187938
-0.348623
-0.30799
-0.338848
-0.141342
-0.310041
-0.117518
-0.128783
-0.246566
-0.27079
-0.17946
-0.145961
-0.196113
-0.239352
-0.2891
-0.217278
-0.318103
-0.172994
-0.187592
-0.213549
-0.240977
-0.301104
-0.307714
-0.240782
-0.274352
-0.230425
-0.127893
-0.235295
-0.137036
-0.13736
-0.27903
-0.123534
-0.213108
-0.263409
-0.341205
-0.213918
-0.157796
-0.311858
-0.1926
-0.130406
-0.265553
-0.288886
-0.237556
-0.158468
-0.334978
-0.12068
-0.276971
-0.297683
-0.30369
-0.212369
-0.301006
-0.26775
-0.299338
-0.189638
-0.290108
-0.305036
-0.337198
-0.268167
-0.316961
-0.146685
-0.147378
-0.125954
-0.264443
-0.273957
-0.130749
-0.133977
-0.319387
-0.202652
-0.206635
-0.264536
-0.281412
-0.307296
-0.221469
-0.170304
-0.165356
-0.147843
-0.272783
-0.158795
-0.305511
-0.303268
-0.118615
-0.265138
-0.244439
-0.130086
-0.287532
-0.145889
-0.133476
-0.310842
-0.222601
-0.344224
-0.315861
-0.260951
-0.178284
-0.326255
-0.320404
-0.139637
-0.342522
-0.312015
-0.236598
-0.318173
-0.29699
-0.299691
-0.298137
-0.349867
-0.187564
-0.126691
-0.304456
-0.206734
-0.347083
-0.199244
-0.32937
-0.22856
-0.35044
-0.220261
-0.187816
-0.287341
-0.29609
-0.32746
-0.242145
-0.171654
-0.217262
-0.208506
-0.296782
-0.119174
-0.192651
-0.165853
-0.317187
-0.235861
-0.345065
-0.325681
-0.246283
-0.210661
-0.208703
-0.235869
-0.254582
-0.310213
-0.218993
-0.22525
-0.314152
-0.255079
-0.337808
-0.294551
-0.156724
-0.272464
-0.263952
-0.340676
-0.216893
-0.201339
-0.293385
-0.19834
-0.2722
-0.211134
-0.220206
-0.233579
-0.350002
-0.249935
-0.244206
-0.191895
-0.25497
-0.281683
-0.272418
-0.325582
-0.144928
-0.13561
-0.149923
-0.269442
-0.221258
-0.304537
-0.234234
-0.172235
-0.246503
-0.180509
-0.165283
-0.163999
-0.231861
-0.347713
-0.129138
-0.234333
-0.1272
-0.230824
-0.264531
-0.310415
-0.124823
-0.206621
-0.243885
-0.170596
-0.187374
-0.309731
-0.293279
-0.288863
-0.339176
-0.201943
-0.267792
-0.123379
-0.145546
-0.267799
-0.17493
-0.236482
-0.234943
-0.121744
-0.180993
-0.177897
-0.158492
-0.212296
-0.287274
-0.250679
-0.324796
-0.283417
-0.194603
-0.237213
-0.255597
-0.27255
-0.256669
-0.249988
-0.328151
-0.216598
-0.26138
-0.305724
-0.211145
-0.158022
-0.317793
-0.277963
-0.121144
-0.170973
-0.252756
-0.247323
-0.167635
-0.157837
-0.333746
-0.214224
-0.134138
-0.230668
-0.166491
-0.220085
-0.25392
-0.17746
-0.204186
-0.189193
-0.209852
-0.302089
-0.279109
-0.241229
-0.156866
-0.144729
-0.296109
-0.133066
-0.158154
-0.135355
-0.154373
-0.166375
-0.202172
-0.253928
-0.266655
-0.202919
-0.249151
-0.182253
-0.164455
-0.301528
-0.160794
-0.115837
-0.270591
-0.15848
-0.284373
-0.229922
-0.152783
-0.260309
-0.32547
-0.219259
-0.13767
-0.158831
-0.249216
-0.299776
-0.145527
-0.245456
-0.216488
-0.241267
-0.272093
-0.319809
-0.125342
-0.132438
-0.220273
-0.305996
-0.298257
-0.221838
-0.162527
-0.29952
-0.343431
-0.209508
-0.219153
-0.245528
-0.281906
-0.224665
-0.220615
-0.141837
-0.208954
-0.231382
-0.168625
-0.267979
-0.115276
-0.319897
-0.30027
-0.318499
-0.147198
-0.274484
-0.31007
-0.192676
-0.116256
-0.146928
-0.240901
-0.233538
-0.256321
-0.334221
-0.166711
-0.29526
-0.232757
-0.24528
-0.206189
-0.193063
-0.184087
-0.136705
-0.134125
-0.115468
-0.280594
-0.301352
-0.126071
-0.197135
-0.179537
-0.239412
-0.126149
-0.212038
-0.189079
-0.147476
-0.286218
-0.346358
-0.274324
-0.215329
-0.25442
-0.19504
-0.238612
-0.266552
-0.210244
-0.336966
-0.161969
-0.207781
-0.338439
-0.183296
-0.172149
-0.261763
-0.25005
-0.244621
-0.168775
-0.227943
-0.215406
-0.206204
-0.147387
-0.178528
-0.327783
-0.331338
-0.307772
-0.270576
-0.118806
-0.298473
-0.170737
-0.223232
-0.116468
-0.216786
-0.201432
-0.310536
-0.184269
-0.317862
-0.124942
-0.268778
-0.208289
-0.191417
-0.293141
-0.318194
-0.126564
-0.341199
-0.182138
-0.263892
-0.148114
-0.178112
-0.183327
-0.28736
-0.139069
-0.264529
-0.178068
-0.182874
-0.128603
-0.32722
-0.000872863
0.0623324
0.0141886
0.0168582
-0.0736375
0.188193
0.0532368
0.107621
-0.0287656
-0.0216081
0.101277
0.175901
0.00368329
-0.0586342
-0.0744222
-0.0305143
-0.0704761
-0.0177959
0.00043623
0.113221
0.0662237
0.0839521
-0.0329074
0.162324
-0.0110474
-0.0566025
-0.0774999
0.0978638
0.160695
-0.0645562
-0.0112927
-0.0454484
0.0526143
-0.0170444
0.162088
-0.0617118
0.0263315
0.194415
0.0451754
0.138141
-0.0521787
-0.0627023
0.176079
-0.0216085
-0.0017475
0.188492
0.183368
0.0107544
-8.74163e-05
0.152724
0.192954
0.0129102
0.173081
0.0787244
-0.0789015
-0.0738394
0.0635953
0.177283
0.200038
0.0129675
0.140426
-0.0607933
-0.0804937
-0.0105178
0.15854
-0.071698
-0.0503062
0.1918
-0.0371064
-0.0374615
0.199036
-0.0148263
-0.0601094
-0.0689072
0.131665
0.0464966
-0.030563
0.0159279
0.072592
0.167648
-0.0310791
0.0327825
-0.0206295
-0.0170203
-0.0428074
0.0858137
0.190017
0.0558099
-0.0613308
0.0150686
0.0495875
0.196093
-0.00164706
0.074455
0.100239
0.101638
-0.0719413
0.0969141
0.0139556
-0.049904
0.075575
-0.0203041
-0.068602
-0.0749972
-0.0346595
0.0143344
0.156987
-0.0282163
-0.0804346
0.00661723
0.0185796
-0.0548578
-0.0652536
0.15926
-0.00901867
0.106357
0.0573255
0.0214737
-0.0072644
0.158376
-0.0718867
-0.043521
0.0986798
-0.0771508
0.0528009
-0.046608
-0.0597781
0.192163
-0.0790058
-0.0752218
-0.0738187
-0.0286154
-0.0578016
-0.0426157
-0.0597252
-0.0209592
0.0296122
0.0711252
-0.0222597
-0.0453471
-0.0360339
0.0162707
0.0767004
-0.000685559
-0.0803078
-0.0551025
0.19144
-0.0250939
0.157356
0.0459678
0.110993
-0.049042
0.0742306
-0.0189788
0.00167567
-0.0773778
0.0337814
0.0186502
0.195553
-0.0616646
0.188593
0.0285026
-0.0605058
-0.0696278
0.166553
0.0705196
-0.0253991
-0.0488281
-0.0782757
-0.0722907
-0.00760296
0.0367016
-0.0594968
0.0173099
0.0219296
0.0281607
0.00982922
0.014888
-0.0680957
0.0395491
0.00587143
0.00591455
-0.0385029
0.0170643
0.0355167
0.150384
0.180691
0.18925
0.192698
0.0723686
-0.0691572
0.104336
0.028609
0.19698
0.139301
-0.061509
-0.00906296
-0.0744625
0.181407
-0.0777043
-0.0384004
0.145033
0.0304655
-0.054636
-0.0728375
-0.0705818
0.0607229
0.112795
0.00581913
0.0658545
0.00366304
0.197494
-0.0221952
-0.0727641
0.00917128
-0.062017
-0.0126454
-0.0531105
0.0293029
-0.0210295
-0.061585
-0.0138373
-0.0198241
0.0507363
-0.0231294
-0.0622388
-0.0313307
0.186337
-0.0408815
0.0468743
-0.0604307
0.131769
-0.0302171
-0.0469452
-0.0727262
-0.00942668
-0.023152
0.000108346
-0.0756313
0.169039
0.156816
-0.0789335
0.0151391
0.158909
0.049599
-0.0296824
-0.0384993
0.158529
0.0184993
-0.0448314
-0.044119
0.158215
0.05957
-0.0668349
-0.00193075
0.165977
-0.0744792
-0.0569321
0.0345455
0.0275433
-0.0522015
-0.0446138
0.194522
0.122625
0.0286626
0.00972541
-0.0664122
-0.0172617
-0.0656354
0.163484
-0.0224764
0.0307806
-0.0581915
0.176382
0.0710611
-0.0374513
-0.0727994
-0.0589577
-0.00680707
-0.0404734
-0.0502405
0.18802
-0.0233873
0.128926
-0.0670027
-0.0181548
0.184817
0.155862
0.190558
0.0282479
0.148183
-0.0247685
0.0958018
0.0398314
-0.0652533
-0.0652309
-0.000887092
0.0643625
-0.0661341
-0.0744539
-0.0477565
-0.075229
-0.0776831
0.0593452
0.0332456
-0.00353178
0.0126655
0.0390541
0.0500469
-0.0513681
-0.066057
0.0202753
-0.0221581
0.184438
0.133772
0.0685537
-0.0140934
0.0137212
-0.0635047
-0.0124049
-0.0540781
-0.0125467
0.046336
-0.0252913
-0.0306061
-0.0172206
0.109797
0.201901
-0.0529477
-0.0524778
0.0386217
-0.0619425
0.0281739
0.161814
0.0953927
0.0237658
0.040407
-0.0258592
-0.00912855
-0.0215503
-0.0104156
0.0260907
-0.0744546
0.0221719
-0.0745574
0.166993
0.162437
0.1967
-0.0372346
-0.0741523
-0.037449
-0.0530135
0.0599773
-0.058306
-0.0802336
0.0583277
0.00105336
-0.00416203
0.17491
-0.0791439
0.0253035
-0.0778567
0.0215858
0.189343
0.101265
-0.0185642
-0.0338387
-0.0434815
0.0751787
-0.0703661
-0.0326136
0.050348
-0.00177358
-0.0124534
0.199283
-0.0237798
0.0490705
-0.0721678
-0.04303
-0.080437
0.193208
-0.0667095
-0.0490712
-0.0448703
0.1648
0.181614
0.20183
0.0962955
0.0491542
0.168764
-0.0357756
0.155452
0.109545
-0.0195866
0.0353601
0.118293
0.175481
0.00920017
0.0667546
-0.0373297
-0.0145802
0.0218308
-0.046211
-0.00233106
0.149133
0.0967486
-0.0129564
0.0557465
-0.0338195
0.181673
-0.0122465
0.03681
-0.07282
-0.0163665
0.0708097
-0.0171206
-0.040031
0.141631
0.0512917
-0.0188559
-0.0498218
0.177811
0.198802
-0.0624979
-0.0715745
-0.0197531
-0.0443871
-0.0434044
0.013129
-0.0117578
0.0273467
0.140242
-0.0646138
-0.0514675
-0.0329599
-0.0278922
0.0634283
-0.0590684
0.171766
-0.0441086
0.170568
0.199456
0.0653594
-0.0151468
0.0036901
-0.0350825
-0.00788483
0.0546875
0.0580815
-0.0379292
-0.0745645
-0.0428587
0.00257004
-0.0434203
0.00274584
0.157659
-0.0616099
0.113474
0.0474207
-0.0393648
0.126183
0.160364
0.191455
0.154581
0.168111
0.170899
-0.0105817
-0.0222625
0.152338
-0.0107225
-0.0111151
0.199655
-0.0646025
-0.0460183
-0.0620501
-0.0727377
0.088143
0.0930193
0.159654
-0.0396354
0.0431268
0.0838873
-0.0688263
-0.0449722
0.02083
-0.075912
-0.0268199
-0.0381476
0.171327
0.0171834
-0.0463079
0.151166
-0.0768735
-0.0235971
-0.0321446
0.182841
0.154837
0.0310916
-0.0326726
-0.077323
0.113468
0.195623
-0.0606582
0.0664535
-0.0594361
0.13966
0.0292915
0.0119824
0.0319609
-0.0255342
0.104306
-0.0593082
-0.0577388
0.149713
0.157651
-0.0745828
-0.0511727
-0.0212869
0.145799
0.0882766
0.0743843
0.0736431
-0.0555464
0.0713437
-0.0564373
0.0163346
0.0606918
0.150237
-0.0632361
-0.0786248
-0.0692397
0.133393
0.0444195
-0.0302156
0.0907545
-0.0310487
0.175522
0.173552
0.138611
-0.0741384
-0.0281949
-0.0599338
-0.0729289
-0.0458195
-0.0256847
0.198542
0.188045
0.0523342
-0.0421961
0.00514724
0.176026
-0.0542222
0.148435
-0.0557675
-0.0379747
0.0682604
-0.0446634
-0.0243861
-0.0301921
0.189054
-0.0326766
-0.0745673
0.0132784
0.0399227
0.0496519
-0.0577464
-0.014991
0.137049
0.0279807
-0.0678049
0.0552616
-0.0570401
-0.00191019
-0.0573162
0.035264
-0.0253979
-0.0692056
0.131401
-0.0630569
-0.0660064
0.0303875
0.20135
-0.0194978
0.198951
0.0491646
-0.024386
-0.0577673
-0.0697107
-0.0660981
-0.00964141
0.0277096
-0.0606729
-0.0695443
0.185445
-0.0443869
0.0324041
0.0134184
-0.017937
0.0248947
-0.0409099
-0.0755303
0.131138
-0.048548
-0.0342405
-0.0619346
0.0658614
-0.059215
-0.071615
-0.0465295
-0.0209486
0.0667348
-0.0794134
-0.0555759
-0.0751382
0.176026
-0.0570756
0.199234
0.189671
-0.00471632
-0.0263652
0.0839332
0.169916
0.0537119
0.00256847
-0.0409571
0.0266618
-0.0627575
0.100572
0.0673444
0.0310174
0.000897113
-0.0503637
-0.0553661
0.00110056
-0.0292174
0.0119706
0.190567
0.00678894
0.182073
0.181672
-0.0329405
0.194338
0.0315445
-0.0202969
-0.0763448
0.0305874
0.147439
-0.0584039
0.0589397
0.18848
-0.0220963
-0.0407804
0.00442516
0.145857
-0.0731358
0.196526
-0.0313105
-0.0477388
-0.0523436
0.0324163
-0.0502927
-0.0239103
-0.0490155
0.0637691
-0.0417515
-0.0533638
-0.0743383
-0.0242387
-0.0619686
0.16863
0.167579
0.19242
-0.0211615
-0.0289094
0.188246
0.185294
-0.0636225
0.0447043
0.0394895
-0.0212397
-0.0348402
-0.0550467
0.0218652
0.108438
0.123918
0.16693
-0.0279666
0.145093
-0.0537273
-0.0520285
0.198607
-0.0217504
-0.00258882
0.188855
-0.0397069
0.170131
0.185924
-0.0576572
0.0205758
-0.0776616
-0.0612049
-0.0181801
0.0865039
-0.0680745
-0.0643119
0.177925
-0.0768646
-0.0585034
0.00541231
-0.0628111
-0.0472012
-0.0492964
-0.0480878
-0.0799037
0.0673893
0.191613
-0.0529278
0.0393698
-0.0788566
0.0492801
-0.0699775
0.0139874
-0.0800983
0.023263
0.0669391
-0.0395535
-0.0464942
-0.0688281
-0.000283164
0.104484
0.0266766
0.0371347
-0.0470317
0.198249
0.0588789
0.122396
-0.0621291
0.00616657
-0.0780987
-0.0677096
-0.00443624
0.0345039
0.0368752
0.00615999
-0.012443
-0.0572076
0.0246948
0.0176266
-0.0600268
-0.0129058
-0.074624
-0.0452858
0.150104
-0.0277104
-0.0207433
-0.0760982
0.0271032
0.0464351
-0.0443381
0.0505244
-0.0275002
0.0338976
0.0233249
0.00860563
-0.0799654
-0.00802718
-0.0023642
0.060073
-0.0128043
-0.0350533
-0.0276749
-0.0676468
0.171338
0.183564
0.163727
-0.0252803
0.0221325
-0.0529881
0.00790037
0.102985
-0.00465526
0.0814034
0.124132
0.127911
0.0104517
-0.0790893
0.189354
0.00779528
0.19132
0.0115524
-0.0212494
-0.0573464
0.193074
0.0395153
-0.00203911
0.107704
0.0677459
-0.0568489
-0.0442598
-0.0407668
-0.0753164
0.0456318
-0.0239357
0.194456
0.17051
-0.0239475
0.0953434
0.00553169
0.00715801
0.195764
0.0804505
0.0876282
0.145812
0.0324925
-0.0394988
-0.0087474
-0.0671454
-0.0364264
0.0559275
0.0047751
-0.0133718
-0.0277838
-0.0143621
-0.00807894
-0.0692217
0.0274473
-0.0185587
-0.0538896
0.0338834
0.14691
-0.062548
-0.0320908
0.196234
0.106477
-0.0107373
-0.00546512
0.117004
0.1473
-0.0724912
0.0302254
0.185166
0.011722
0.120067
0.0234571
-0.011831
0.0885594
0.0426564
0.064537
0.0354857
-0.0511464
-0.0330054
0.000638084
0.149757
0.171524
-0.0465132
0.186304
0.146607
0.183767
0.155463
0.120386
0.045322
-0.0118396
-0.0230165
0.0443354
-0.00726319
0.0776737
0.12651
-0.050711
0.138417
0.200703
-0.0262084
0.145857
-0.0371745
0.0125162
0.158979
-0.0176285
-0.0675656
0.0244003
0.181284
0.145023
-0.00732514
-0.0493611
0.170539
-0.00361197
0.0275753
0.000599585
-0.0274129
-0.0639072
0.192737
0.186917
0.023244
-0.0540904
-0.0481856
0.021456
0.132666
-0.0491605
-0.0773065
0.0358767
0.0245188
-0.00368428
-0.0352259
0.0182534
0.0228624
0.175354
0.0365633
0.0109521
0.113475
-0.0240828
0.20134
-0.0639657
-0.0497367
-0.0630416
0.167866
-0.0293225
-0.0570965
0.0588338
0.200371
0.168268
0.000972954
0.00865155
-0.0140518
-0.0727428
0.1194
-0.0458326
0.00950221
-0.00343372
0.0400556
0.0582607
0.0739151
0.182402
0.185205
0.201163
-0.0341847
-0.0505675
0.192308
0.0522304
0.0837875
0.0025087
0.192232
0.0328019
0.0647397
0.167388
-0.0386531
-0.0785756
-0.0291951
0.0289304
-0.0122994
0.0552639
0.00333204
-0.0229332
0.0350106
-0.0742183
0.134373
0.0380539
-0.074911
0.075529
0.103187
-0.0188838
-0.0081382
-0.0027707
0.113169
0.0146572
0.0288388
0.0400388
0.167568
0.0859666
-0.0690162
-0.0711034
-0.0554075
-0.0261966
0.198463
-0.0483484
0.107382
0.0198875
0.200236
0.0272338
0.0463121
-0.0574376
0.0735334
-0.0625908
0.192989
-0.0247369
0.037395
0.0608588
-0.0441653
-0.062834
0.191849
-0.0763389
0.0778987
-0.0206947
0.166614
0.0868984
0.0754677
-0.0395704
0.179377
-0.0212478
0.0870101
0.0764221
0.18989
-0.0686832
-0.000872863
0.0689938
0.0141886
0.0168582
-0.0600637
0.188193
0.0534471
0.157141
-0.029566
-0.0215562
0.155706
0.17909
0.00368329
-0.0380998
-0.0614625
-0.031591
-0.0547597
-0.0177959
0.00043623
0.158433
0.0732765
0.1515
-0.0345287
0.171771
-0.0110474
-0.0435223
-0.0676448
0.15494
0.171001
-0.0460459
-0.0112927
-0.0438315
0.0527934
-0.0170444
0.171652
-0.0421958
0.0263315
0.194415
0.0451858
0.164033
-0.0469558
-0.0435363
0.179166
-0.0215566
-0.0017475
0.188492
0.184093
0.0107544
-8.74163e-05
0.167819
0.192954
0.0129102
0.177404
0.150047
-0.0707814
-0.0604317
0.0672717
0.180074
0.200038
0.0129675
0.164624
-0.0409854
-0.0749155
-0.0105178
0.169902
-0.0567061
-0.0465183
0.1918
-0.0405172
-0.0408851
0.199036
-0.0148263
-0.0400547
-0.0523841
0.162603
0.0465219
-0.0316472
0.0159279
0.148339
0.174321
-0.0321336
0.0327825
-0.0205972
-0.0170203
-0.0432559
0.151959
0.190017
0.056191
-0.0416834
0.0150686
0.0496667
0.196093
-0.00164706
0.148899
0.155469
0.155809
-0.0571511
0.154717
0.0139556
-0.0463531
0.149137
-0.0202774
-0.0518539
-0.0626013
-0.0369015
0.0143344
0.169535
-0.0288652
-0.0746868
0.00661723
0.0185796
-0.0459945
-0.047045
0.170333
-0.00901867
0.156813
0.0578831
0.0214737
-0.0072644
0.169886
-0.0570753
-0.043184
0.15509
-0.066861
0.0529865
-0.0444369
-0.0396358
0.192163
-0.0710282
-0.0629727
-0.0603609
-0.0294069
-0.0401983
-0.0431989
-0.039549
-0.0209213
0.0296122
0.139217
-0.0221906
-0.0437956
-0.0390404
0.0162707
0.14958
-0.000685559
-0.0743107
-0.0457894
0.19144
-0.0249285
0.169716
0.045986
0.158003
-0.0459492
0.148768
-0.018969
0.00167567
-0.0673695
0.0337814
0.0186502
0.195553
-0.042134
0.188593
0.0285026
-0.0406079
-0.0534362
0.173729
0.128236
-0.0252221
-0.0458362
-0.0691255
-0.0577096
-0.00760296
0.0367016
-0.0392329
0.0173099
0.0219296
0.0281607
0.00982922
0.014888
-0.0510924
0.0395491
0.00587143
0.00591455
-0.0419664
0.0170643
0.0355167
0.167248
0.182328
0.18925
0.192698
0.148315
-0.0527085
0.156522
0.028609
0.19698
0.164325
-0.0419071
-0.00906296
-0.0615427
0.182766
-0.0679832
-0.0419846
0.165558
0.0304655
-0.0461868
-0.058719
-0.0549747
0.0744554
0.158393
0.00581913
0.0719554
0.00366304
0.197494
-0.0221278
-0.0585665
0.00917128
-0.0426327
-0.0126454
-0.0468731
0.0293029
-0.0209907
-0.0420461
-0.0138373
-0.0198044
0.0508459
-0.0230344
-0.0429319
-0.0323946
0.186337
-0.0436204
0.046904
-0.0405002
0.162658
-0.0313313
-0.0446752
-0.0584859
-0.00942668
-0.023056
0.000108346
-0.0637513
0.175109
0.169511
-0.0708104
0.0151391
0.170155
0.0496782
-0.0307594
-0.0419972
0.169893
0.0184993
-0.0435764
-0.0433471
0.169893
0.0726318
-0.0492716
-0.00193075
0.173408
-0.0615453
-0.0427139
0.0345455
0.0275433
-0.0469576
-0.0435036
0.194522
0.160619
0.0286626
0.00972541
-0.0486375
-0.0172617
-0.0476075
0.172251
-0.0224007
0.0307806
-0.0384706
0.17938
0.138464
-0.0408747
-0.0586449
-0.0385211
-0.00680707
-0.0438604
-0.0464918
0.18802
-0.0232842
0.161983
-0.0495215
-0.0181527
0.18518
0.169056
0.190558
0.0282479
0.16661
-0.0246157
0.154463
0.0398314
-0.0470447
-0.0470046
-0.000887092
0.0680863
-0.0482945
-0.061545
-0.0452075
-0.062983
-0.0679165
0.0721656
0.0332456
-0.00353178
0.0126655
0.0390541
0.0501379
-0.0468393
-0.0481497
0.0202753
-0.0220916
0.184893
0.163192
0.0905074
-0.0140934
0.0137212
-0.0445933
-0.0124049
-0.0464792
-0.0125467
0.0463679
-0.0251181
-0.0316851
-0.0172206
0.157709
0.201901
-0.0469445
-0.0469656
0.0386217
-0.0424989
0.0281739
0.17157
0.154361
0.0237658
0.040407
-0.0256632
-0.00912855
-0.0215
-0.0104156
0.0260907
-0.0615429
0.0221719
-0.0617219
0.173918
0.171855
0.1967
-0.0406362
-0.0609721
-0.040866
-0.046933
0.0743315
-0.037882
-0.0741598
0.0655494
0.00105336
-0.00416203
0.178499
-0.0714733
0.0253035
-0.0682938
0.0215858
0.189343
0.155672
-0.0185584
-0.0358253
-0.0431785
0.149029
-0.054597
-0.0339324
0.0504606
-0.00177358
-0.0124534
0.199283
-0.0236634
0.0491525
-0.0575408
-0.0430435
-0.0746893
0.193208
-0.0490502
-0.0459636
-0.0435965
0.172744
0.182787
0.20183
0.154602
0.0492242
0.174948
-0.0383505
0.168844
0.157718
-0.0195693
0.0353601
0.1596
0.178872
0.00920017
0.0757013
-0.0406973
-0.0145802
0.0218308
-0.0441687
-0.00233106
0.166813
0.154804
-0.0129564
0.0561216
-0.035796
0.182847
-0.0122465
0.03681
-0.0586543
-0.0163665
0.134019
-0.0171206
-0.0433883
0.164912
0.051419
-0.0188472
-0.0463204
0.180401
0.198802
-0.0432572
-0.0565416
-0.0197343
-0.0434626
-0.043155
0.013129
-0.0117578
0.0273467
0.164544
-0.0461438
-0.0468582
-0.0345725
-0.0285218
0.0671193
-0.0386569
0.176617
-0.0433473
0.17585
0.199456
0.0704344
-0.0151468
0.0036901
-0.037629
-0.00788483
0.0549847
0.0650274
-0.0415254
-0.0617092
-0.0432735
0.00257004
-0.0431616
0.00274584
0.169715
-0.0420477
0.158428
0.047458
-0.0430044
0.161486
0.170819
0.191455
0.168687
0.174554
0.176078
-0.0105817
-0.0221928
0.167689
-0.0107225
-0.0111151
0.199655
-0.0461051
-0.0441086
-0.0426714
-0.0584839
0.152606
0.153739
0.170551
-0.0431661
0.0431268
0.151453
-0.0522513
-0.0436413
0.02083
-0.0642264
-0.0265806
-0.0417483
0.17629
0.0171834
-0.0442212
0.167401
-0.0663793
-0.0234871
-0.033389
0.183745
0.168647
0.0310916
-0.0339949
-0.0672079
0.158431
0.195623
-0.040759
0.0741929
-0.0391579
0.164421
0.0292915
0.0119824
0.0319609
-0.025351
0.156497
-0.0389855
-0.0403717
0.16701
0.169712
-0.0617853
-0.0467938
-0.0212419
0.16584
0.152629
0.148772
0.148597
-0.045268
0.141771
-0.0437473
0.0163346
0.0744121
0.167272
-0.0442532
-0.0700327
-0.0528949
0.163007
0.0444235
-0.0313296
0.153177
-0.0320968
0.178819
0.177758
0.164088
-0.0609084
-0.0288369
-0.0398176
-0.0588682
-0.0440007
-0.025496
0.198542
0.188045
0.052503
-0.0431973
0.00514724
0.179113
-0.0464731
0.166617
-0.0449838
-0.0416067
0.0870992
-0.0435114
-0.0242476
-0.0313133
0.189054
-0.0339866
-0.0617813
0.0132784
0.0399227
0.0497325
-0.0403503
-0.014991
0.163625
0.0279807
-0.0507244
0.0555974
-0.0424019
-0.00191019
-0.0417996
0.035264
-0.0252212
-0.0528499
0.162569
-0.0440145
-0.0481011
0.0303875
0.20135
-0.0194824
0.198951
0.0492348
-0.0242473
-0.0402993
-0.0536176
-0.0481965
-0.00964141
0.0277096
-0.040806
-0.0533459
0.185626
-0.0434634
0.0324041
0.0134184
-0.0179362
0.0248947
-0.0436288
-0.0635675
0.162466
-0.0456821
-0.03648
-0.0425033
0.0720147
-0.0388666
-0.0566322
-0.04438
-0.0209109
0.0756138
-0.0720863
-0.045253
-0.0628297
0.179113
-0.0423461
0.199234
0.189671
-0.00471632
-0.0261467
0.151471
0.175535
0.0539485
0.00256847
-0.0436839
0.0266618
-0.0436139
0.155595
0.0790897
0.0310174
0.000897113
-0.0465359
-0.0453831
0.00110056
-0.0301505
0.0119706
0.190567
0.00678894
0.183159
0.182846
-0.0345585
0.194338
0.0315445
-0.0202705
-0.0651281
0.0305874
0.166444
-0.0377975
0.0721929
0.18848
-0.0220317
-0.043834
0.00442516
0.165872
-0.0592442
0.196526
-0.032384
-0.0451964
-0.0469558
0.0324163
-0.0465135
-0.0237892
-0.0459348
0.0672316
-0.0435467
-0.0468097
-0.0613044
-0.0241055
-0.0425395
0.174824
0.174256
0.19242
-0.021119
-0.0297209
0.188246
0.185475
-0.0447809
0.0447108
0.0394895
-0.0211959
-0.0371259
-0.0458273
0.0218652
0.157377
0.160839
0.173954
-0.028603
0.165597
-0.0466694
-0.0469326
0.198607
-0.0216949
-0.00258882
0.188855
-0.0432237
0.175538
0.185924
-0.0405899
0.0205758
-0.0678838
-0.0415165
-0.0181777
0.152125
-0.0511087
-0.0457393
0.180417
-0.0663855
-0.037895
0.00541231
-0.0436631
-0.0448476
-0.0460763
-0.0454138
-0.0732869
0.0794508
0.191613
-0.0469393
0.0393698
-0.0706642
0.0493523
-0.0539907
0.0139874
-0.0738771
0.023263
0.0766896
-0.0431436
-0.0443546
-0.0522495
-0.000283164
0.156566
0.0266766
0.0371347
-0.0447327
0.198249
0.0688733
0.16059
-0.0427547
0.00616657
-0.0687715
-0.0505635
-0.00443624
0.0345039
0.0368752
0.00615999
-0.012443
-0.0420917
0.0246948
0.0176266
-0.0399662
-0.0129058
-0.0618748
-0.0438003
0.167163
-0.0274282
-0.0207091
-0.0645746
0.0271032
0.0464591
-0.0434331
0.0506286
-0.027228
0.0338976
0.0233249
0.00860563
-0.0734297
-0.00802718
-0.0023642
0.0738669
-0.0128043
-0.0376153
-0.0273943
-0.0504989
0.1763
0.18429
0.172318
-0.0251079
0.0221325
-0.0469425
0.00790037
0.156104
-0.00465526
0.150711
0.16101
0.16175
0.0104517
-0.0712628
0.189354
0.00779528
0.19132
0.0115524
-0.0212055
-0.0417239
0.193074
0.0395153
-0.00203911
0.157176
0.0822507
-0.0430253
-0.0433986
-0.043802
-0.0631583
0.0456471
-0.0238134
0.194456
0.175794
-0.0238249
0.154343
0.00553169
0.00715801
0.195764
0.150512
0.152358
0.16585
0.0324925
-0.0431421
-0.0087474
-0.0497438
-0.0394388
0.0563249
0.0047751
-0.0133718
-0.0274981
-0.0143621
-0.00807894
-0.0528313
0.0274473
-0.0185529
-0.0466668
0.0338834
0.166154
-0.0432987
-0.033333
0.196234
0.156813
-0.0107373
-0.00546512
0.159227
0.166317
-0.0580618
0.0302254
0.185438
0.011722
0.160082
0.0234571
-0.011831
0.152667
0.0426564
0.0684455
0.0354857
-0.0467878
-0.0346339
0.000638084
0.167046
0.176483
-0.0443684
0.186304
0.166071
0.184403
0.168858
0.160159
0.0453341
-0.0118396
-0.0229248
0.0443386
-0.00726319
0.149674
0.16156
-0.0466633
0.164078
0.200703
-0.0259971
0.165875
-0.0405658
0.0125162
0.170213
-0.0176285
-0.0503884
0.0244003
0.182644
0.165549
-0.00732514
-0.0461096
0.175824
-0.00361197
0.0275753
0.000599585
-0.027145
-0.0451644
0.192737
0.186917
0.023244
-0.0464814
-0.0454715
0.021456
0.162902
-0.0460091
-0.067196
0.0358767
0.0245188
-0.00368428
-0.0378027
0.0182534
0.0228624
0.178746
0.0365633
0.0109521
0.158434
-0.0239555
0.20134
-0.0452248
-0.0462819
-0.0440047
0.174414
-0.0302612
-0.0423042
0.0669573
0.200371
0.174703
0.000972954
0.00865155
-0.0140518
-0.0585001
0.159915
-0.0440083
0.00950221
-0.00343372
0.0400556
0.0653951
0.148706
0.183395
0.185477
0.201163
-0.0363962
-0.046609
0.192308
0.0523948
0.151407
0.0025087
0.192232
0.0328019
0.0689071
0.174167
-0.0424076
-0.0699146
-0.0301331
0.0289304
-0.0122994
0.055599
0.00333204
-0.0228443
0.0350106
-0.0610476
0.163339
0.0380539
-0.0624658
0.149168
0.156091
-0.0188748
-0.0081382
-0.0027707
0.158488
0.0146572
0.0288388
0.0400388
0.174238
0.151917
-0.0524783
-0.0558529
-0.0453647
-0.0259861
0.198463
-0.0455666
0.15712
0.0198875
0.200236
0.0272338
0.0463439
-0.0414643
0.148471
-0.0434017
0.192989
-0.0245861
0.037395
0.0721126
-0.0433634
-0.0437122
0.191849
-0.0651229
0.1498
-0.0206614
0.173784
0.152174
0.149134
-0.0431753
0.181487
-0.0212039
0.152199
0.149441
0.18989
-0.0520169
