-0.279383
-0.279335
-0.279287
-0.279239
-0.279191
-0.279143
-0.279095
-0.279047
-0.278999
-0.278951
-0.278903
-0.278855
-0.278807
-0.278759
-0.278711
-0.278663
-0.278615
-0.278567
-0.278519
-0.278471
-0.278423
-0.278375
-0.278327
-0.278279
-0.278231
-0.278183
-0.278135
-0.278087
-0.278039
-0.277991
-0.277943
-0.277895
-0.277847
-0.277799
-0.277751
-0.277703
-0.277655
-0.277607
-0.277559
-0.277511
-0.277463
-0.277415
-0.277367
-0.277319
-0.277271
-0.277223
-0.277176
-0.277128
-0.27708
-0.277032
-0.276984
-0.276936
-0.276888
-0.27684
-0.276792
-0.276744
-0.276696
-0.276648
-0.2766
-0.276552
-0.276504
-0.276456
-0.276408
-0.27636
-0.276312
-0.276264
-0.276216
-0.276168
-0.27612
-0.276072
-0.276024
-0.275976
-0.275928
-0.27588
-0.275832
-0.275784
-0.275736
-0.275688
-0.27564
-0.275592
-0.275544
-0.275496
-0.275448
-0.2754
-0.275352
-0.275304
-0.275256
-0.275208
-0.27516
-0.275112
-0.275064
-0.275016
-0.274968
-0.27492
-0.274872
-0.274824
-0.274776
-0.274728
-0.27468
-0.274632
-0.274584
-0.274536
-0.274488
-0.27444
-0.274392
-0.274344
-0.274296
-0.274248
-0.2742
-0.274152
-0.274104
-0.274056
-0.274008
-0.27396
-0.273912
-0.273864
-0.273816
-0.273768
-0.27372
-0.273672
-0.273624
-0.273576
-0.273528
-0.27348
-0.273432
-0.273384
-0.273336
-0.273288
-0.27324
-0.273192
-0.273144
-0.273096
-0.273048
-0.273
-0.272952
-0.272904
-0.272856
-0.272808
-0.27276
-0.272712
-0.272664
-0.272616
-0.272568
-0.27252
-0.272472
-0.272424
-0.272376
-0.272328
-0.27228
-0.272232
-0.272184
-0.272136
-0.272088
-0.27204
-0.271992
-0.271945
-0.271897
-0.271849
-0.271801
-0.271753
-0.271705
-0.271657
-0.271609
-0.271561
-0.271513
-0.271465
-0.271417
-0.271369
-0.271321
-0.271273
-0.271225
-0.271177
-0.271129
-0.271081
-0.271033
-0.270985
-0.270937
-0.270889
-0.270841
-0.270793
-0.270745
-0.270697
-0.270649
-0.270601
-0.270553
-0.270505
-0.270457
-0.270409
-0.270361
-0.270313
-0.270265
-0.270217
-0.270169
-0.270121
-0.270073
-0.270025
-0.269977
-0.269929
-0.269881
-0.269833
-0.269785
-0.269737
-0.269689
-0.269641
-0.269593
-0.269545
-0.269497
-0.269449
-0.269401
-0.269353
-0.269305
-0.269257
-0.269209
-0.269161
-0.269113
-0.269065
-0.269017
-0.268969
-0.268921
-0.268873
-0.268825
-0.268777
-0.268729
-0.268681
-0.268633
-0.268585
-0.268537
-0.268489
-0.268441
-0.268393
-0.268345
-0.268297
-0.268249
-0.268201
-0.268153
-0.268105
-0.268057
-0.268009
-0.267961
-0.267913
-0.267865
-0.267817
-0.267769
-0.267721
-0.267673
-0.267625
-0.267577
-0.267529
-0.267481
-0.267433
-0.267385
-0.267337
-0.267289
-0.267241
-0.267193
-0.267145
-0.267097
-0.267049
-0.267001
-0.266953
-0.266905
-0.266857
-0.266809
-0.266761
-0.266714
-0.266666
-0.266618
-0.26657
-0.266522
-0.266474
-0.266426
-0.266378
-0.26633
-0.266282
-0.266234
-0.266186
-0.266138
-0.26609
-0.266042
-0.265994
-0.265946
-0.265898
-0.26585
-0.265802
-0.265754
-0.265706
-0.265658
-0.26561
-0.265562
-0.265514
-0.265466
-0.265418
-0.26537
-0.265322
-0.265274
-0.265226
-0.265178
-0.26513
-0.265082
-0.265034
-0.264986
-0.264938
-0.26489
-0.264842
-0.264794
-0.264746
-0.264698
-0.26465
-0.264602
-0.264554
-0.264506
-0.264458
-0.26441
-0.264362
-0.264314
-0.264266
-0.264218
-0.26417
-0.264122
-0.264074
-0.264026
-0.263978
-0.26393
-0.263882
-0.263834
-0.263786
-0.263738
-0.26369
-0.263642
-0.263594
-0.263546
-0.263498
-0.26345
-0.263402
-0.263354
-0.263306
-0.263258
-0.26321
-0.263162
-0.263114
-0.263066
-0.263018
-0.26297
-0.262922
-0.262874
-0.262826
-0.262778
-0.26273
-0.262682
-0.262634
-0.262586
-0.262538
-0.26249
-0.262442
-0.262394
-0.262346
-0.262298
-0.26225
-0.262202
-0.262154
-0.262106
-0.262058
-0.26201
-0.261962
-0.261914
-0.261866
-0.261818
-0.26177
-0.261722
-0.261674
-0.261626
-0.261578
-0.26153
-0.261482
-0.261435
-0.261387
-0.261339
-0.261291
-0.261243
-0.261195
-0.261147
-0.261099
-0.261051
-0.261003
-0.260955
-0.260907
-0.260859
-0.260811
-0.260763
-0.260715
-0.260667
-0.260619
-0.260571
-0.260523
-0.260475
-0.260427
-0.260379
-0.260331
-0.260283
-0.260235
-0.260187
-0.260139
-0.260091
-0.260043
-0.259995
-0.259947
-0.259899
-0.259851
-0.259803
-0.259755
-0.259707
-0.259659
-0.259611
-0.259563
-0.259515
-0.259467
-0.259419
-0.259371
-0.259323
-0.259275
-0.259227
-0.259179
-0.259131
-0.259083
-0.259035
-0.258987
-0.258939
-0.258891
-0.258843
-0.258795
-0.258747
-0.258699
-0.258651
-0.258603
-0.258555
-0.258507
-0.258459
-0.258411
-0.258363
-0.258315
-0.258267
-0.258219
-0.258171
-0.258123
-0.258075
-0.258027
-0.257979
-0.257931
-0.257883
-0.257835
-0.257787
-0.257739
-0.257691
-0.257643
-0.257595
-0.257547
-0.257499
-0.257451
-0.257403
-0.257355
-0.257307
-0.257259
-0.257211
-0.257163
-0.257115
-0.257067
-0.257019
-0.256971
-0.256923
-0.256875
-0.256827
-0.256779
-0.256731
-0.256683
-0.256635
-0.256587
-0.256539
-0.256491
-0.256443
-0.256395
-0.256347
-0.256299
-0.256251
-0.256204
-0.256156
-0.256108
-0.25606
-0.256012
-0.255964
-0.255916
-0.255868
-0.25582
-0.255772
-0.255724
-0.255676
-0.255628
-0.25558
-0.255532
-0.255484
-0.255436
-0.255388
-0.25534
-0.255292
-0.255244
-0.255196
-0.255148
-0.2551
-0.255052
-0.255004
-0.254956
-0.254908
-0.25486
-0.254812
-0.254764
-0.254716
-0.254668
-0.25462
-0.254572
-0.254524
-0.254476
-0.254428
-0.25438
-0.254332
-0.254284
-0.254236
-0.254188
-0.25414
-0.254092
-0.254044
-0.253996
-0.253948
-0.2539
-0.253852
-0.253804
-0.253756
-0.253708
-0.25366
-0.253612
-0.253564
-0.253516
-0.253468
-0.25342
-0.253372
-0.253324
-0.253276
-0.253228
-0.25318
-0.253132
-0.253084
-0.253036
-0.252988
-0.25294
-0.252892
-0.252844
-0.252796
-0.252748
-0.2527
-0.252652
-0.252604
-0.252556
-0.252508
-0.25246
-0.252412
-0.252364
-0.252316
-0.252268
-0.25222
-0.252172
-0.252124
-0.252076
-0.252028
-0.25198
-0.251932
-0.251884
-0.251836
-0.251788
-0.25174
-0.251692
-0.251644
-0.251596
-0.251548
-0.2515
-0.251452
-0.251404
-0.251356
-0.251308
-0.25126
-0.251212
-0.251164
-0.251116
-0.251068
-0.25102
-0.250973
-0.250925
-0.250877
-0.250829
-0.250781
-0.250733
-0.250685
-0.250637
-0.250589
-0.250541
-0.250493
-0.250445
-0.250397
-0.250349
-0.250301
-0.250253
-0.250205
-0.250157
-0.250109
-0.250061
-0.250013
-0.249965
-0.249917
-0.249869
-0.249821
-0.249773
-0.249725
-0.249677
-0.249629
-0.249581
-0.249533
-0.249485
-0.249437
-0.249389
-0.249341
-0.249293
-0.249245
-0.249197
-0.249149
-0.249101
-0.249053
-0.249005
-0.248957
-0.248909
-0.248861
-0.248813
-0.248765
-0.248717
-0.248669
-0.248621
-0.248573
-0.248525
-0.248477
-0.248429
-0.248381
-0.248333
-0.248285
-0.248237
-0.248189
-0.248141
-0.248093
-0.248045
-0.247997
-0.247949
-0.247901
-0.247853
-0.247805
-0.247757
-0.247709
-0.247661
-0.247613
-0.247565
-0.247517
-0.247469
-0.247421
-0.247373
-0.247325
-0.247277
-0.247229
-0.247181
-0.247133
-0.247085
-0.247037
-0.246989
-0.246941
-0.246893
-0.246845
-0.246797
-0.246749
-0.246701
-0.246653
-0.246605
-0.246557
-0.246509
-0.246461
-0.246413
-0.246365
-0.246317
-0.246269
-0.246221
-0.246173
-0.246125
-0.246077
-0.246029
-0.245981
-0.245933
-0.245885
-0.245837
-0.245789
-0.245741
-0.245694
-0.245646
-0.245598
-0.24555
-0.245502
-0.245454
-0.245406
-0.245358
-0.24531
-0.245262
-0.245214
-0.245166
-0.245118
-0.24507
-0.245022
-0.244974
-0.244926
-0.244878
-0.24483
-0.244782
-0.244734
-0.244686
-0.244638
-0.24459
-0.244542
-0.244494
-0.244446
-0.244398
-0.24435
-0.244302
-0.244254
-0.244206
-0.244158
-0.24411
-0.244062
-0.244014
-0.243966
-0.243918
-0.24387
-0.243822
-0.243774
-0.243726
-0.243678
-0.24363
-0.243582
-0.243534
-0.243486
-0.243438
-0.24339
-0.243342
-0.243294
-0.243246
-0.243198
-0.24315
-0.243102
-0.243054
-0.243006
-0.242958
-0.24291
-0.242862
-0.242814
-0.242766
-0.242718
-0.24267
-0.242622
-0.242574
-0.242526
-0.242478
-0.24243
-0.242382
-0.242334
-0.242286
-0.242238
-0.24219
-0.242142
-0.242094
-0.242046
-0.241998
-0.24195
-0.241902
-0.241854
-0.241806
-0.241758
-0.24171
-0.241662
-0.241614
-0.241566
-0.241518
-0.24147
-0.241422
-0.241374
-0.241326
-0.241278
-0.24123
-0.241182
-0.241134
-0.241086
-0.241038
-0.24099
-0.240942
-0.240894
-0.240846
-0.240798
-0.24075
-0.240702
-0.240654
-0.240606
-0.240558
-0.24051
-0.240463
-0.240415
-0.240367
-0.240319
-0.240271
-0.240223
-0.240175
-0.240127
-0.240079
-0.240031
-0.239983
-0.239935
-0.239887
-0.239839
-0.239791
-0.239743
-0.239695
-0.239647
-0.239599
-0.239551
-0.239503
-0.239455
-0.239407
-0.239359
-0.239311
-0.239263
-0.239215
-0.239167
-0.239119
-0.239071
-0.239023
-0.238975
-0.238927
-0.238879
-0.238831
-0.238783
-0.238735
-0.238687
-0.238639
-0.238591
-0.238543
-0.238495
-0.238447
-0.238399
-0.238351
-0.238303
-0.238255
-0.238207
-0.238159
-0.238111
-0.238063
-0.238015
-0.237967
-0.237919
-0.237871
-0.237823
-0.237775
-0.237727
-0.237679
-0.237631
-0.237583
-0.237535
-0.237487
-0.237439
-0.237391
-0.237343
-0.237295
-0.237247
-0.237199
-0.237151
-0.237103
-0.237055
-0.237007
-0.236959
-0.236911
-0.236863
-0.236815
-0.236767
-0.236719
-0.236671
-0.236623
-0.236575
-0.236527
-0.236479
-0.236431
-0.236383
-0.236335
-0.236287
-0.236239
-0.236191
-0.236143
-0.236095
-0.236047
-0.235999
-0.235951
-0.235903
-0.235855
-0.235807
-0.235759
-0.235711
-0.235663
-0.235615
-0.235567
-0.235519
-0.235471
-0.235423
-0.235375
-0.235327
-0.235279
-0.235232
-0.235184
-0.235136
-0.235088
-0.23504
-0.234992
-0.234944
-0.234896
-0.234848
-0.2348
-0.234752
-0.234704
-0.234656
-0.234608
-0.23456
-0.234512
-0.234464
-0.234416
-0.234368
-0.23432
-0.234272
-0.234224
-0.234176
-0.234128
-0.23408
-0.234032
-0.233984
-0.233936
-0.233888
-0.23384
-0.233792
-0.233744
-0.233696
-0.233648
-0.2336
-0.233552
-0.233504
-0.233456
-0.233408
-0.23336
-0.233312
-0.233264
-0.233216
-0.233168
-0.23312
-0.233072
-0.233024
-0.232976
-0.232928
-0.23288
-0.232832
-0.232784
-0.232736
-0.232688
-0.23264
-0.232592
-0.232544
-0.232496
-0.232448
-0.2324
-0.232352
-0.232304
-0.232256
-0.232208
-0.23216
-0.232112
-0.232064
-0.232016
-0.231968
-0.23192
-0.231872
-0.231824
-0.231776
-0.231728
-0.23168
-0.231632
-0.231584
-0.231536
-0.231488
-0.23144
-0.231392
-0.231344
-0.231296
-0.231248
-0.2312
-0.231152
-0.231104
-0.231056
-0.231008
-0.23096
-0.230912
-0.230864
-0.230816
-0.230768
-0.23072
-0.230672
-0.230624
-0.230576
-0.230528
-0.23048
-0.230432
-0.230384
-0.230336
-0.230288
-0.23024
-0.230192
-0.230144
-0.230096
-0.230048
-0.23
-0.229953
-0.229905
-0.229857
-0.229809
-0.229761
-0.229713
-0.229665
-0.229617
-0.229569
-0.229521
-0.229473
-0.229425
-0.229377
-0.229329
-0.229281
-0.229233
-0.229185
-0.229137
-0.229089
-0.229041
-0.228993
-0.228945
-0.228897
-0.228849
-0.228801
-0.228753
-0.228705
-0.228657
-0.228609
-0.228561
-0.228513
-0.228465
-0.228417
-0.228369
-0.228321
-0.228273
-0.228225
-0.228177
-0.228129
-0.228081
-0.228033
-0.227985
-0.227937
-0.227889
-0.227841
-0.227793
-0.227745
-0.227697
-0.227649
-0.227601
-0.227553
-0.227505
-0.227457
-0.227409
-0.227361
-0.227313
-0.227265
-0.227217
-0.227169
-0.227121
-0.227073
-0.227025
-0.226977
-0.226929
-0.226881
-0.226833
-0.226785
-0.226737
-0.226689
-0.226641
-0.226593
-0.226545
-0.226497
-0.226449
-0.226401
-0.226353
-0.226305
-0.226257
-0.226209
-0.226161
-0.226113
-0.226065
-0.226017
-0.225969
-0.225921
-0.225873
-0.225825
-0.225777
-0.225729
-0.225681
-0.225633
-0.225585
-0.225537
-0.225489
-0.225441
-0.225393
-0.225345
-0.225297
-0.225249
-0.225201
-0.225153
-0.225105
-0.225057
-0.225009
-0.224961
-0.224913
-0.224865
-0.224817
-0.224769
-0.224722
-0.224674
-0.224626
-0.224578
-0.22453
-0.224482
-0.224434
-0.224386
-0.224338
-0.22429
-0.224242
-0.224194
-0.224146
-0.224098
-0.22405
-0.224002
-0.223954
-0.223906
-0.223858
-0.22381
-0.223762
-0.223714
-0.223666
-0.223618
-0.22357
-0.223522
-0.223474
-0.223426
-0.223378
-0.22333
-0.223282
-0.223234
-0.223186
-0.223138
-0.22309
-0.223042
-0.222994
-0.222946
-0.222898
-0.22285
-0.222802
-0.222754
-0.222706
-0.222658
-0.22261
-0.222562
-0.222514
-0.222466
-0.222418
-0.22237
-0.222322
-0.222274
-0.222226
-0.222178
-0.22213
-0.222082
-0.222034
-0.221986
-0.221938
-0.22189
-0.221842
-0.221794
-0.221746
-0.221698
-0.22165
-0.221602
-0.221554
-0.221506
-0.221458
-0.22141
-0.221362
-0.221314
-0.221266
-0.221218
-0.22117
-0.221122
-0.221074
-0.221026
-0.220978
-0.22093
-0.220882
-0.220834
-0.220786
-0.220738
-0.22069
-0.220642
-0.220594
-0.220546
-0.220498
-0.22045
-0.220402
-0.220354
-0.220306
-0.220258
-0.22021
-0.220162
-0.220114
-0.220066
-0.220018
-0.21997
-0.219922
-0.219874
-0.219826
-0.219778
-0.21973
-0.219682
-0.219634
-0.219586
-0.219538
-0.219491
-0.219443
-0.219395
-0.219347
-0.219299
-0.219251
-0.219203
-0.219155
-0.219107
-0.219059
-0.219011
-0.218963
-0.218915
-0.218867
-0.218819
-0.218771
-0.218723
-0.218675
-0.218627
-0.218579
-0.218531
-0.218483
-0.218435
-0.218387
-0.218339
-0.218291
-0.218243
-0.218195
-0.218147
-0.218099
-0.218051
-0.218003
-0.217955
-0.217907
-0.217859
-0.217811
-0.217763
-0.217715
-0.217667
-0.217619
-0.217571
-0.217523
-0.217475
-0.217427
-0.217379
-0.217331
-0.217283
-0.217235
-0.217187
-0.217139
-0.217091
-0.217043
-0.216995
-0.216947
-0.216899
-0.216851
-0.216803
-0.216755
-0.216707
-0.216659
-0.216611
-0.216563
-0.216515
-0.216467
-0.216419
-0.216371
-0.216323
-0.216275
-0.216227
-0.216179
-0.216131
-0.216083
-0.216035
-0.215987
-0.215939
-0.215891
-0.215843
-0.215795
-0.215747
-0.215699
-0.215651
-0.215603
-0.215555
-0.215507
-0.215459
-0.215411
-0.215363
-0.215315
-0.215267
-0.215219
-0.215171
-0.215123
-0.215075
-0.215027
-0.214979
-0.214931
-0.214883
-0.214835
-0.214787
-0.214739
-0.214691
-0.214643
-0.214595
-0.214547
-0.214499
-0.214451
-0.214403
-0.214355
-0.214307
-0.214259
-0.214212
-0.214164
-0.214116
-0.214068
-0.21402
-0.213972
-0.213924
-0.213876
-0.213828
-0.21378
-0.213732
-0.213684
-0.213636
-0.213588
-0.21354
-0.213492
-0.213444
-0.213396
-0.213348
-0.2133
-0.213252
-0.213204
-0.213156
-0.213108
-0.21306
-0.213012
-0.212964
-0.212916
-0.212868
-0.21282
-0.212772
-0.212724
-0.212676
-0.212628
-0.21258
-0.212532
-0.212484
-0.212436
-0.212388
-0.21234
-0.212292
-0.212244
-0.212196
-0.212148
-0.2121
-0.212052
-0.212004
-0.211956
-0.211908
-0.21186
-0.211812
-0.211764
-0.211716
-0.211668
-0.21162
-0.211572
-0.211524
-0.211476
-0.211428
-0.21138
-0.211332
-0.211284
-0.211236
-0.211188
-0.21114
-0.211092
-0.211044
-0.210996
-0.210948
-0.2109
-0.210852
-0.210804
-0.210756
-0.210708
-0.21066
-0.210612
-0.210564
-0.210516
-0.210468
-0.21042
-0.210372
-0.210324
-0.210276
-0.210228
-0.21018
-0.210132
-0.210084
-0.210036
-0.209988
-0.20994
-0.209892
-0.209844
-0.209796
-0.209748
-0.2097
-0.209652
-0.209604
-0.209556
-0.209508
-0.20946
-0.209412
-0.209364
-0.209316
-0.209268
-0.20922
-0.209172
-0.209124
-0.209076
-0.209028
-0.208981
-0.208933
-0.208885
-0.208837
-0.208789
-0.208741
-0.208693
-0.208645
-0.208597
-0.208549
-0.208501
-0.208453
-0.208405
-0.208357
-0.208309
-0.208261
-0.208213
-0.208165
-0.208117
-0.208069
-0.208021
-0.207973
-0.207925
-0.207877
-0.207829
-0.207781
-0.207733
-0.207685
-0.207637
-0.207589
-0.207541
-0.207493
-0.207445
-0.207397
-0.207349
-0.207301
-0.207253
-0.207205
-0.207157
-0.207109
-0.207061
-0.207013
-0.206965
-0.206917
-0.206869
-0.206821
-0.206773
-0.206725
-0.206677
-0.206629
-0.206581
-0.206533
-0.206485
-0.206437
-0.206389
-0.206341
-0.206293
-0.206245
-0.206197
-0.206149
-0.206101
-0.206053
-0.206005
-0.205957
-0.205909
-0.205861
-0.205813
-0.205765
-0.205717
-0.205669
-0.205621
-0.205573
-0.205525
-0.205477
-0.205429
-0.205381
-0.205333
-0.205285
-0.205237
-0.205189
-0.205141
-0.205093
-0.205045
-0.204997
-0.204949
-0.204901
-0.204853
-0.204805
-0.204757
-0.204709
-0.204661
-0.204613
-0.204565
-0.204517
-0.204469
-0.204421
-0.204373
-0.204325
-0.204277
-0.204229
-0.204181
-0.204133
-0.204085
-0.204037
-0.203989
-0.203941
-0.203893
-0.203845
-0.203797
-0.20375
-0.203702
-0.203654
-0.203606
-0.203558
-0.20351
-0.203462
-0.203414
-0.203366
-0.203318
-0.20327
-0.203222
-0.203174
-0.203126
-0.203078
-0.20303
-0.202982
-0.202934
-0.202886
-0.202838
-0.20279
-0.202742
-0.202694
-0.202646
-0.202598
-0.20255
-0.202502
-0.202454
-0.202406
-0.202358
-0.20231
-0.202262
-0.202214
-0.202166
-0.202118
-0.20207
-0.202022
-0.201974
-0.201926
-0.201878
-0.20183
-0.201782
-0.201734
-0.201686
-0.201638
-0.20159
-0.201542
-0.201494
-0.201446
-0.201398
-0.20135
-0.201302
-0.201254
-0.201206
-0.201158
-0.20111
-0.201062
-0.201014
-0.200966
-0.200918
-0.20087
-0.200822
-0.200774
-0.200726
-0.200678
-0.20063
-0.200582
-0.200534
-0.200486
-0.200438
-0.20039
-0.200342
-0.200294
-0.200246
-0.200198
-0.20015
-0.200102
-0.200054
-0.200006
-0.199958
-0.19991
-0.199862
-0.199814
-0.199766
-0.199718
-0.19967
-0.199622
-0.199574
-0.199526
-0.199478
-0.19943
-0.199382
-0.199334
-0.199286
-0.199238
-0.19919
-0.199142
-0.199094
-0.199046
-0.198998
-0.19895
-0.198902
-0.198854
-0.198806
-0.198758
-0.19871
-0.198662
-0.198614
-0.198566
-0.198518
-0.198471
-0.198423
-0.198375
-0.198327
-0.198279
-0.198231
-0.198183
-0.198135
-0.198087
-0.198039
-0.197991
-0.197943
-0.197895
-0.197847
-0.197799
-0.197751
-0.197703
-0.197655
-0.197607
-0.197559
-0.197511
-0.197463
-0.197415
-0.197367
-0.197319
-0.197271
-0.197223
-0.197175
-0.197127
-0.197079
-0.197031
-0.196983
-0.196935
-0.196887
-0.196839
-0.196791
-0.196743
-0.196695
-0.196647
-0.196599
-0.196551
-0.196503
-0.196455
-0.196407
-0.196359
-0.196311
-0.196263
-0.196215
-0.196167
-0.196119
-0.196071
-0.196023
-0.195975
-0.195927
-0.195879
-0.195831
-0.195783
-0.195735
-0.195687
-0.195639
-0.195591
-0.195543
-0.195495
-0.195447
-0.195399
-0.195351
-0.195303
-0.195255
-0.195207
-0.195159
-0.195111
-0.195063
-0.195015
-0.194967
-0.194919
-0.194871
-0.194823
-0.194775
-0.194727
-0.194679
-0.194631
-0.194583
-0.194535
-0.194487
-0.194439
-0.194391
-0.194343
-0.194295
-0.194247
-0.194199
-0.194151
-0.194103
-0.194055
-0.194007
-0.193959
-0.193911
-0.193863
-0.193815
-0.193767
-0.193719
-0.193671
-0.193623
-0.193575
-0.193527
-0.193479
-0.193431
-0.193383
-0.193335
-0.193287
-0.19324
-0.193192
-0.193144
-0.193096
-0.193048
-0.193
-0.192952
-0.192904
-0.192856
-0.192808
-0.19276
-0.192712
-0.192664
-0.192616
-0.192568
-0.19252
-0.192472
-0.192424
-0.192376
-0.192328
-0.19228
-0.192232
-0.192184
-0.192136
-0.192088
-0.19204
-0.191992
-0.191944
-0.191896
-0.191848
-0.1918
-0.191752
-0.191704
-0.191656
-0.191608
-0.19156
-0.191512
-0.191464
-0.191416
-0.191368
-0.19132
-0.191272
-0.191224
-0.191176
-0.191128
-0.19108
-0.191032
-0.190984
-0.190936
-0.190888
-0.19084
-0.190792
-0.190744
-0.190696
-0.190648
-0.1906
-0.190552
-0.190504
-0.190456
-0.190408
-0.19036
-0.190312
-0.190264
-0.190216
-0.190168
-0.19012
-0.190072
-0.190024
-0.189976
-0.189928
-0.18988
-0.189832
-0.189784
-0.189736
-0.189688
-0.18964
-0.189592
-0.189544
-0.189496
-0.189448
-0.1894
-0.189352
-0.189304
-0.189256
-0.189208
-0.18916
-0.189112
-0.189064
-0.189016
-0.188968
-0.18892
-0.188872
-0.188824
-0.188776
-0.188728
-0.18868
-0.188632
-0.188584
-0.188536
-0.188488
-0.18844
-0.188392
-0.188344
-0.188296
-0.188248
-0.1882
-0.188152
-0.188104
-0.188056
-0.188009
-0.187961
-0.187913
-0.187865
-0.187817
-0.187769
-0.187721
-0.187673
-0.187625
-0.187577
-0.187529
-0.187481
-0.187433
-0.187385
-0.187337
-0.187289
-0.187241
-0.187193
-0.187145
-0.187097
-0.187049
-0.187001
-0.186953
-0.186905
-0.186857
-0.186809
-0.186761
-0.186713
-0.186665
-0.186617
-0.186569
-0.186521
-0.186473
-0.186425
-0.186377
-0.186329
-0.186281
-0.186233
-0.186185
-0.186137
-0.186089
-0.186041
-0.185993
-0.185945
-0.185897
-0.185849
-0.185801
-0.185753
-0.185705
-0.185657
-0.185609
-0.185561
-0.185513
-0.185465
-0.185417
-0.185369
-0.185321
-0.185273
-0.185225
-0.185177
-0.185129
-0.185081
-0.185033
-0.184985
-0.184937
-0.184889
-0.184841
-0.184793
-0.184745
-0.184697
-0.184649
-0.184601
-0.184553
-0.184505
-0.184457
-0.184409
-0.184361
-0.184313
-0.184265
-0.184217
-0.184169
-0.184121
-0.184073
-0.184025
-0.183977
-0.183929
-0.183881
-0.183833
-0.183785
-0.183737
-0.183689
-0.183641
-0.183593
-0.183545
-0.183497
-0.183449
-0.183401
-0.183353
-0.183305
-0.183257
-0.183209
-0.183161
-0.183113
-0.183065
-0.183017
-0.182969
-0.182921
-0.182873
-0.182825
-0.182777
-0.18273
-0.182682
-0.182634
-0.182586
-0.182538
-0.18249
-0.182442
-0.182394
-0.182346
-0.182298
-0.18225
-0.182202
-0.182154
-0.182106
-0.182058
-0.18201
-0.181962
-0.181914
-0.181866
-0.181818
-0.18177
-0.181722
-0.181674
-0.181626
-0.181578
-0.18153
-0.181482
-0.181434
-0.181386
-0.181338
-0.18129
-0.181242
-0.181194
-0.181146
-0.181098
-0.18105
-0.181002
-0.180954
-0.180906
-0.180858
-0.18081
-0.180762
-0.180714
-0.180666
-0.180618
-0.18057
-0.180522
-0.180474
-0.180426
-0.180378
-0.18033
-0.180282
-0.180234
-0.180186
-0.180138
-0.18009
-0.180042
-0.179994
-0.179946
-0.179898
-0.17985
-0.179802
-0.179754
-0.179706
-0.179658
-0.17961
-0.179562
-0.179514
-0.179466
-0.179418
-0.17937
-0.179322
-0.179274
-0.179226
-0.179178
-0.17913
-0.179082
-0.179034
-0.178986
-0.178856
-0.178808
-0.17876
-0.178712
-0.178664
-0.178616
-0.178568
-0.17852
-0.178472
-0.178424
-0.178376
-0.178328
-0.17828
-0.178232
-0.178184
-0.178136
-0.178088
-0.17804
-0.177992
-0.177944
-0.177896
-0.177848
-0.1778
-0.177752
-0.177704
-0.177656
-0.177608
-0.17756
-0.177512
-0.177464
-0.177416
-0.177368
-0.17732
-0.177272
-0.177224
-0.177176
-0.177128
-0.17708
-0.177032
-0.176984
-0.176936
-0.176888
-0.17684
-0.176792
-0.176744
-0.176696
-0.176648
-0.1766
-0.176552
-0.176504
-0.176456
-0.176408
-0.17636
-0.176312
-0.176264
-0.176216
-0.176168
-0.17612
-0.176072
-0.176024
-0.175976
-0.175928
-0.17588
-0.175832
-0.175785
-0.175737
-0.175689
-0.175641
-0.175593
-0.175545
-0.175497
-0.175449
-0.175401
-0.175353
-0.175305
-0.175257
-0.175209
-0.175161
-0.175113
-0.175065
-0.175017
-0.174969
-0.174921
-0.174873
-0.174825
-0.174777
-0.174729
-0.174681
-0.174633
-0.174585
-0.174537
-0.174489
-0.174441
-0.174393
-0.174345
-0.174297
-0.174249
-0.174201
-0.174153
-0.174105
-0.174057
-0.174009
-0.173961
-0.173913
-0.173865
-0.173817
-0.173769
-0.173721
-0.173673
-0.173625
-0.173577
-0.173529
-0.173481
-0.173433
-0.173385
-0.173337
-0.173289
-0.173241
-0.173193
-0.173145
-0.173097
-0.173049
-0.173001
-0.172953
-0.172905
-0.172857
-0.172809
-0.172761
-0.172713
-0.172665
-0.172617
-0.172569
-0.172521
-0.172473
-0.172425
-0.172377
-0.172329
-0.172281
-0.172233
-0.172185
-0.172137
-0.172089
-0.172041
-0.171993
-0.171945
-0.171897
-0.171849
-0.171801
-0.171753
-0.171705
-0.171657
-0.171609
-0.171561
-0.171513
-0.171465
-0.171417
-0.171369
-0.171321
-0.171273
-0.171225
-0.171177
-0.171129
-0.171081
-0.171033
-0.170985
-0.170937
-0.170889
-0.170841
-0.170793
-0.170745
-0.170697
-0.170649
-0.170601
-0.170554
-0.170506
-0.170458
-0.17041
-0.170362
-0.170314
-0.170266
-0.170218
-0.17017
-0.170122
-0.170074
-0.170026
-0.169978
-0.16993
-0.169882
-0.169834
-0.169786
-0.169738
-0.16969
-0.169642
-0.169594
-0.169546
-0.169498
-0.16945
-0.169402
-0.169354
-0.169306
-0.169258
-0.16921
-0.169162
-0.169114
-0.169066
-0.169018
-0.16897
-0.168922
-0.168874
-0.168826
-0.168778
-0.16873
-0.168682
-0.168634
-0.168586
-0.168538
-0.16849
-0.168442
-0.168394
-0.168346
-0.168298
-0.16825
-0.168202
-0.168154
-0.168106
-0.168058
-0.16801
-0.167962
-0.167914
-0.167866
-0.167818
-0.16777
-0.167722
-0.167674
-0.167626
-0.167578
-0.16753
-0.167482
-0.167434
-0.167386
-0.167338
-0.16729
-0.167242
-0.167194
-0.167146
-0.167098
-0.16705
-0.167002
-0.166954
-0.166906
-0.166858
-0.16681
-0.166762
-0.166714
-0.166666
-0.166618
-0.16657
-0.166522
-0.166474
-0.166426
-0.166378
-0.16633
-0.166282
-0.166234
-0.166186
-0.166138
-0.16609
-0.166042
-0.165994
-0.165946
-0.165898
-0.16585
-0.165802
-0.165754
-0.165706
-0.165658
-0.16561
-0.165562
-0.165514
-0.165466
-0.165418
-0.16537
-0.165323
-0.165275
-0.165227
-0.165179
-0.165131
-0.165083
-0.165035
-0.164987
-0.164939
-0.164891
-0.164843
-0.164795
-0.164747
-0.164699
-0.164651
-0.164603
-0.164555
-0.164507
-0.164459
-0.164411
-0.164363
-0.164315
-0.164267
-0.164219
-0.164171
-0.164123
-0.164075
-0.164027
-0.163979
-0.163931
-0.163883
-0.163835
-0.163787
-0.163739
-0.163691
-0.163643
-0.163595
-0.163547
-0.163499
-0.163451
-0.163403
-0.163355
-0.163307
-0.163259
-0.163211
-0.163163
-0.163115
-0.163067
-0.163019
-0.162971
-0.162923
-0.162875
-0.162827
-0.162779
-0.162731
-0.162683
-0.162635
-0.162587
-0.162539
-0.162491
-0.162443
-0.162395
-0.162347
-0.162299
-0.162251
-0.162203
-0.162155
-0.162107
-0.162059
-0.162011
-0.161963
-0.161915
-0.161867
-0.161819
-0.161771
-0.161723
-0.161675
-0.161627
-0.161579
-0.161531
-0.161483
-0.161435
-0.161387
-0.161339
-0.161291
-0.161243
-0.161195
-0.161147
-0.161099
-0.161051
-0.161003
-0.160955
-0.160907
-0.160859
-0.160811
-0.160763
-0.160715
-0.160667
-0.160619
-0.160571
-0.160523
-0.160475
-0.160427
-0.160379
-0.160331
-0.160283
-0.160235
-0.160187
-0.160139
-0.160091
-0.160044
-0.159996
-0.159948
-0.1599
-0.159852
-0.159804
-0.159756
-0.159708
-0.15966
-0.159612
-0.159564
-0.159516
-0.159468
-0.15942
-0.159372
-0.0426481
-0.0426868
-0.04266
-0.0426339
-0.0426068
-0.0425802
-0.0425535
-0.0425274
-0.0425004
-0.0424742
-0.0424474
-0.0424208
-0.0423945
-0.0423682
-0.0423395
-0.0423123
-0.0422846
-0.0422571
-0.0422299
-0.0422018
-0.0421744
-0.042147
-0.0421191
-0.0420914
-0.0420629
-0.0420358
-0.0420076
-0.0419803
-0.0419524
-0.0419251
-0.0418975
-0.0418792
-0.0418493
-0.0418195
-0.0417902
-0.0417607
-0.0417319
-0.041702
-0.0416731
-0.0416437
-0.0416146
-0.0415859
-0.0415568
-0.0415274
-0.0414979
-0.0414684
-0.0414392
-0.0414099
-0.0413802
-0.0413513
-0.041322
-0.0412926
-0.0412637
-0.0412474
-0.0412162
-0.041185
-0.0411539
-0.0411226
-0.0410924
-0.041061
-0.0410298
-0.0409987
-0.040967
-0.0409353
-0.0409045
-0.0408733
-0.0408427
-0.0408115
-0.0407802
-0.0407496
-0.0407186
-0.0406876
-0.0406567
-0.0406256
-0.0405948
-0.0405626
-0.0405321
-0.0405013
-0.0404698
-0.0404394
-0.0404135
-0.040382
-0.0403493
-0.0403175
-0.0402855
-0.0402537
-0.0402213
-0.0401887
-0.0401563
-0.0401241
-0.0400921
-0.0400603
-0.0400282
-0.0399956
-0.0399641
-0.0399328
-0.0399004
-0.0398673
-0.0398352
-0.0398032
-0.0397718
-0.0397389
-0.0397062
-0.0396743
-0.0396416
-0.0396091
-0.0395774
-0.0395453
-0.0395157
-0.0394822
-0.0394495
-0.0394166
-0.0393836
-0.0393503
-0.0393173
-0.0392839
-0.0392513
-0.0392184
-0.0391856
-0.0391532
-0.0391202
-0.0390866
-0.0390538
-0.0390201
-0.0389873
-0.0389541
-0.0389212
-0.0388881
-0.0388553
-0.0388222
-0.0387882
-0.0387548
-0.038722
-0.0386891
-0.0386564
-0.0386234
-0.0385915
-0.0385583
-0.0385246
-0.0384916
-0.0384577
-0.0384252
-0.0383909
-0.0383574
-0.0383238
-0.0382893
-0.0382564
-0.0382227
-0.0381873
-0.0381537
-0.0381197
-0.0380865
-0.0380529
-0.0380186
-0.0379862
-0.037952
-0.0379185
-0.0378849
-0.0378514
-0.0378175
-0.0377838
-0.0377489
-0.037714
-0.0376822
-0.037649
-0.0376149
-0.0375812
-0.037547
-0.0375135
-0.0374793
-0.0374452
-0.0374108
-0.0373774
-0.0373433
-0.0373087
-0.037275
-0.0372407
-0.0372084
-0.0371743
-0.0371406
-0.0371065
-0.0370725
-0.0370384
-0.0370039
-0.03697
-0.0369354
-0.0369007
-0.0368652
-0.0368315
-0.0367988
-0.0367654
-0.0367307
-0.0366958
-0.0366618
-0.0366271
-0.0365928
-0.0365575
-0.0365229
-0.0364875
-0.0364523
-0.0364182
-0.0363832
-0.0363491
-0.0363165
-0.0362827
-0.0362481
-0.0362138
-0.0361777
-0.0361434
-0.0361092
-0.0360739
-0.0360382
-0.0360035
-0.0359699
-0.0359359
-0.0359039
-0.0358693
-0.0358353
-0.0357994
-0.0357647
-0.0357293
-0.0356949
-0.0356597
-0.0356255
-0.0355897
-0.0355561
-0.035521
-0.035486
-0.0354515
-0.0354172
-0.0353821
-0.035347
-0.0353122
-0.0352776
-0.035243
-0.0352073
-0.0351729
-0.0351392
-0.0351047
-0.0350707
-0.0350352
-0.0349997
-0.0349644
-0.0349297
-0.0348951
-0.0348598
-0.0348246
-0.0347896
-0.0347545
-0.03472
-0.0346847
-0.0346496
-0.0346147
-0.0345796
-0.0345442
-0.0345099
-0.0344754
-0.0344403
-0.034405
-0.0343695
-0.0343349
-0.0342988
-0.0342648
-0.0342301
-0.0341948
-0.0341595
-0.0341237
-0.0340888
-0.0340539
-0.0340184
-0.0339832
-0.0339513
-0.0339162
-0.0338811
-0.0338459
-0.0338107
-0.0337758
-0.0337401
-0.0337043
-0.0336695
-0.0336345
-0.0335993
-0.0335636
-0.0335274
-0.0334924
-0.0334578
-0.0334223
-0.0333872
-0.0333523
-0.0333164
-0.0332813
-0.0332459
-0.0332103
-0.0331752
-0.0331398
-0.0331046
-0.0330694
-0.033034
-0.0329985
-0.032962
-0.0329268
-0.0328913
-0.0328553
-0.0328198
-0.0327846
-0.032749
-0.0327151
-0.0326803
-0.0326444
-0.0326094
-0.032572
-0.0325372
-0.0325018
-0.0324658
-0.0324303
-0.0323947
-0.0323593
-0.0323233
-0.0322881
-0.0322525
-0.0322175
-0.0321816
-0.0321463
-0.0321123
-0.0320762
-0.03204
-0.0320043
-0.0319693
-0.0319343
-0.0318986
-0.0318633
-0.0318277
-0.0317923
-0.0317563
-0.0317202
-0.0316845
-0.0316494
-0.0316143
-0.0315785
-0.0315432
-0.0315073
-0.0314719
-0.0314356
-0.0314
-0.0313646
-0.0313285
-0.0312931
-0.031258
-0.0312228
-0.0311862
-0.0311507
-0.0311144
-0.031079
-0.0310428
-0.0310076
-0.0309727
-0.030937
-0.0309005
-0.0308659
-0.0308296
-0.0307941
-0.0307582
-0.030723
-0.0306874
-0.0306521
-0.0306163
-0.0305807
-0.0305448
-0.0305091
-0.0304739
-0.0304378
-0.0304022
-0.0303664
-0.0303308
-0.0302945
-0.0302591
-0.0302232
-0.0301878
-0.0301534
-0.0301177
-0.0300823
-0.0300472
-0.0300116
-0.0299754
-0.0299397
-0.0299042
-0.0298684
-0.0298324
-0.029797
-0.0297614
-0.0297257
-0.0296905
-0.0296545
-0.0296192
-0.0295837
-0.0295476
-0.0295123
-0.0294767
-0.0294412
-0.0294055
-0.0293701
-0.0293346
-0.0292992
-0.029263
-0.0292283
-0.0291912
-0.0291556
-0.0291201
-0.0290842
-0.0290484
-0.0290133
-0.0289777
-0.0289412
-0.0289057
-0.0288701
-0.0288351
-0.0287999
-0.028764
-0.0287285
-0.0286923
-0.0286561
-0.0286213
-0.0285857
-0.0285503
-0.0285141
-0.0284784
-0.0284428
-0.028407
-0.0283713
-0.0283356
-0.0282995
-0.028264
-0.0282283
-0.0281926
-0.0281568
-0.0281206
-0.0280847
-0.0280487
-0.0280136
-0.0279773
-0.0279417
-0.0279058
-0.0278701
-0.0278341
-0.0277985
-0.0277621
-0.0277264
-0.0276902
-0.0276546
-0.0276186
-0.0275828
-0.0275468
-0.0275104
-0.0274744
-0.0274387
-0.0274028
-0.0273666
-0.0273302
-0.0272944
-0.0272581
-0.0272219
-0.0271862
-0.0271497
-0.0271134
-0.0270776
-0.0270415
-0.0270045
-0.0269685
-0.0269328
-0.0268968
-0.0268603
-0.0268239
-0.0267873
-0.0267513
-0.0267151
-0.026679
-0.0266424
-0.0266061
-0.0265696
-0.0265331
-0.0264967
-0.0264602
-0.0264232
-0.0263876
-0.0263509
-0.0263146
-0.0262773
-0.026241
-0.0262042
-0.0261678
-0.0261312
-0.0260944
-0.0260582
-0.0260213
-0.0259846
-0.0259484
-0.025911
-0.0258742
-0.0258378
-0.0258016
-0.0257645
-0.0257274
-0.0256907
-0.0256536
-0.0256167
-0.0255799
-0.0255429
-0.0255058
-0.0254688
-0.0254323
-0.0253946
-0.0253584
-0.0253217
-0.0252847
-0.0252477
-0.0252109
-0.0251735
-0.0251362
-0.0250992
-0.0250622
-0.0250256
-0.0249884
-0.0249511
-0.0249142
-0.0248761
-0.0248384
-0.0248019
-0.0247645
-0.0247272
-0.0246898
-0.0246525
-0.0246158
-0.0245783
-0.0245411
-0.0245038
-0.0244663
-0.0244286
-0.0243909
-0.0243533
-0.0243164
-0.0242795
-0.0242421
-0.0242047
-0.0241665
-0.0241289
-0.0240915
-0.0240537
-0.0240162
-0.0239785
-0.0239412
-0.0239029
-0.0238649
-0.0238274
-0.0237901
-0.023752
-0.0237143
-0.0236761
-0.0236387
-0.0236005
-0.0235626
-0.0235247
-0.0234868
-0.0234489
-0.0234106
-0.0233729
-0.0233354
-0.0232972
-0.0232589
-0.023221
-0.0231828
-0.0231447
-0.0231074
-0.0230695
-0.023031
-0.0229927
-0.0229552
-0.0229171
-0.0228785
-0.022841
-0.0228025
-0.0227642
-0.022724
-0.0226857
-0.0226472
-0.022609
-0.0225702
-0.0225317
-0.0224925
-0.0224542
-0.0224151
-0.0223767
-0.0223396
-0.0223012
-0.0222625
-0.0222238
-0.0221858
-0.0221471
-0.0221081
-0.0220697
-0.0220306
-0.0219919
-0.0219531
-0.0219144
-0.021875
-0.021836
-0.021797
-0.021758
-0.0217183
-0.0216792
-0.0216405
-0.0216012
-0.0215626
-0.0215233
-0.0214837
-0.0214444
-0.0214049
-0.0213653
-0.0213269
-0.0212876
-0.0212481
-0.0212085
-0.0211695
-0.0211302
-0.0210906
-0.0210509
-0.0210118
-0.0209722
-0.0209323
-0.0208923
-0.0208524
-0.0208125
-0.0207727
-0.0207331
-0.0206932
-0.0206534
-0.0206136
-0.0205729
-0.0205332
-0.0204928
-0.0204526
-0.0204123
-0.0203722
-0.0203323
-0.0202922
-0.0202518
-0.0202119
-0.0201717
-0.0201327
-0.0200923
-0.020052
-0.0200121
-0.0199712
-0.0199308
-0.0198906
-0.0198508
-0.0198103
-0.0197697
-0.0197292
-0.019689
-0.0196484
-0.019608
-0.0195667
-0.0195267
-0.019486
-0.0194451
-0.0194044
-0.0193634
-0.0193228
-0.019282
-0.0192411
-0.0192003
-0.0191595
-0.0191189
-0.0190781
-0.0190371
-0.0189961
-0.0189549
-0.0189139
-0.0188729
-0.0188319
-0.018791
-0.01875
-0.0187091
-0.0186674
-0.0186267
-0.0185855
-0.0185437
-0.0185022
-0.018461
-0.0184194
-0.018378
-0.0183368
-0.0182954
-0.018254
-0.0182137
-0.0181726
-0.0181295
-0.0180877
-0.0180484
-0.0180065
-0.0179648
-0.0179233
-0.0178817
-0.0178399
-0.0177981
-0.0177564
-0.0177152
-0.0176724
-0.0176303
-0.0175887
-0.0175468
-0.0175048
-0.0174632
-0.0174213
-0.0173806
-0.0173387
-0.0172964
-0.0172548
-0.0172129
-0.0171708
-0.0171285
-0.0170862
-0.0170441
-0.0170018
-0.0169586
-0.0169166
-0.0168746
-0.0168323
-0.0167911
-0.0167483
-0.0167059
-0.0166632
-0.0166207
-0.0165782
-0.0165363
-0.0164938
-0.0164515
-0.0164087
-0.0163664
-0.016324
-0.0162816
-0.016239
-0.0161958
-0.0161534
-0.0161103
-0.0160675
-0.0160249
-0.015982
-0.0159393
-0.0158965
-0.0158537
-0.0158113
-0.0157681
-0.015725
-0.015682
-0.015639
-0.0155961
-0.015553
-0.0155099
-0.0154666
-0.0154236
-0.0153806
-0.0153389
-0.0152956
-0.015252
-0.0152072
-0.0151641
-0.015122
-0.015078
-0.0150347
-0.0149916
-0.0149484
-0.0149051
-0.0148626
-0.0148196
-0.0147761
-0.0147325
-0.0146893
-0.0146456
-0.0146013
-0.0145577
-0.014514
-0.0144706
-0.0144273
-0.0143835
-0.0143402
-0.0142965
-0.0142529
-0.0142096
-0.0141658
-0.0141218
-0.0140781
-0.0140344
-0.0139907
-0.0139467
-0.0139028
-0.0138591
-0.0138154
-0.0137711
-0.0137271
-0.0136831
-0.0136391
-0.0135952
-0.0135512
-0.0135078
-0.0134637
-0.0134193
-0.0133755
-0.0133314
-0.0132874
-0.0132428
-0.0131991
-0.0131551
-0.0131109
-0.0130669
-0.0130205
-0.0129765
-0.0129325
-0.0128884
-0.0128441
-0.0128002
-0.0127561
-0.0127118
-0.0126676
-0.0126244
-0.0125802
-0.0125353
-0.0124909
-0.0124464
-0.0124018
-0.0123599
-0.0123154
-0.012271
-0.0122264
-0.012182
-0.0121376
-0.0120932
-0.0120484
-0.0120041
-0.0119597
-0.0119149
-0.0118704
-0.0118259
-0.0117811
-0.0117366
-0.0116926
-0.0116477
-0.011603
-0.0115584
-0.0115137
-0.0114691
-0.0114245
-0.0113797
-0.0113347
-0.0112899
-0.0112436
-0.0111988
-0.0111529
-0.011108
-0.0110631
-0.0110181
-0.0109736
-0.0109284
-0.0108835
-0.0108384
-0.0107944
-0.0107494
-0.010704
-0.0106591
-0.0106142
-0.0105699
-0.0105251
-0.010481
-0.0104354
-0.0103901
-0.0103451
-0.0102995
-0.0102541
-0.0102089
-0.0101634
-0.0101194
-0.0100738
-0.0100286
-0.00998359
-0.00993778
-0.0098924
-0.00984682
-0.00980128
-0.00975572
-0.0097101
-0.00966468
-0.00961931
-0.00957361
-0.00952727
-0.00948236
-0.00943687
-0.00939122
-0.00934534
-0.00929967
-0.00925344
-0.00920782
-0.00916214
-0.00911694
-0.00907153
-0.00902644
-0.00898096
-0.008935
-0.00888917
-0.0088433
-0.00879729
-0.00875152
-0.0087055
-0.00865957
-0.0086139
-0.00856806
-0.00852206
-0.0084767
-0.00843025
-0.00838409
-0.00833811
-0.00829233
-0.00824302
-0.00819705
-0.00815083
-0.00810477
-0.00805871
-0.00801275
-0.00796687
-0.00792092
-0.00787684
-0.00783086
-0.0077848
-0.00773873
-0.00769307
-0.00764712
-0.00760113
-0.00755644
-0.00751035
-0.00746416
-0.00741804
-0.00737177
-0.00732578
-0.0072792
-0.00723287
-0.00718699
-0.00714071
-0.00709347
-0.00704724
-0.00700085
-0.00695526
-0.00690918
-0.00686265
-0.00681643
-0.00677003
-0.00672362
-0.0066771
-0.00663068
-0.00658431
-0.0065378
-0.00649148
-0.00644491
-0.00639861
-0.00635204
-0.00630541
-0.00625893
-0.00621243
-0.00616569
-0.00611946
-0.00607291
-0.0060263
-0.0059802
-0.00593332
-0.00588696
-0.0058406
-0.005794
-0.00574722
-0.00570097
-0.0056544
-0.00560772
-0.00556121
-0.00551468
-0.00546926
-0.00542254
-0.00537588
-0.00532926
-0.00528269
-0.005236
-0.00518912
-0.00514234
-0.0050957
-0.00504878
-0.00500194
-0.00495511
-0.00490807
-0.00486111
-0.00481475
-0.00476795
-0.00472143
-0.00467458
-0.00462779
-0.00458098
-0.00453437
-0.00448747
-0.00444038
-0.00439303
-0.00434598
-0.00429922
-0.00425228
-0.00420532
-0.00415924
-0.00411143
-0.00406447
-0.00401795
-0.00397085
-0.00392384
-0.00387691
-0.00382974
-0.00378364
-0.00373664
-0.00368973
-0.00364303
-0.00359614
-0.00354894
-0.00350201
-0.00345494
-0.00340811
-0.00336082
-0.00331423
-0.00326693
-0.00321962
-0.00317274
-0.00312553
-0.00307851
-0.00303153
-0.00298459
-0.00293764
-0.00289067
-0.0028436
-0.00279645
-0.00274934
-0.00270162
-0.00265437
-0.00260813
-0.00256044
-0.0025124
-0.00246519
-0.00241803
-0.002371
-0.00232388
-0.00227614
-0.00222993
-0.00218257
-0.00213542
-0.00208797
-0.00204071
-0.00199367
-0.00194641
-0.00189896
-0.0018519
-0.00180557
-0.00175848
-0.00171118
-0.00166323
-0.00161646
-0.00156918
-0.00152155
-0.00147447
-0.00142697
-0.0013796
-0.00133185
-0.00128253
-0.00123512
-0.00118812
-0.00114086
-0.00109349
-0.00104621
-0.000998708
-0.000953624
-0.000906163
-0.000858102
-0.000810729
-0.000763789
-0.000716424
-0.000669105
-0.00062156
-0.000574031
-0.000526551
-0.000478491
-0.000430731
-0.000382475
-0.000335183
-0.000287543
-0.000239532
-0.000192255
-0.000145117
-9.77728e-05
-5.14401e-05
-4.77194e-06
4.26281e-05
9.00885e-05
0.000138165
0.00018487
0.000232323
0.000279967
0.000327699
0.000375553
0.000423066
0.000470881
0.000518436
0.000566142
0.000613617
0.000661143
0.000708597
0.000756251
0.000803673
0.000851185
0.000898846
0.000946326
0.00099428
0.00104201
0.00108978
0.0011372
0.00118544
0.00123281
0.00128015
0.00132856
0.00137569
0.00142338
0.00147094
0.00151877
0.00156649
0.00161419
0.00166212
0.00171016
0.00175766
0.00180526
0.00185288
0.00190065
0.00194957
0.00199631
0.00204401
0.00209236
0.0021404
0.00218839
0.00223623
0.00228411
0.00233165
0.00237957
0.00242877
0.00247675
0.00252481
0.00257345
0.00262039
0.00266992
0.00271852
0.00276666
0.00281461
0.00286242
0.00291031
0.0029592
0.0030074
0.00305535
0.00310055
0.00314988
0.00319775
0.00324646
0.00329439
0.0033437
0.00339168
0.00343903
0.00348768
0.00353545
0.00358331
0.00363193
0.0036801
0.00372793
0.00377705
0.00382419
0.00387269
0.00392062
0.00396888
0.00401755
0.00406468
0.00411309
0.00416117
0.00420951
0.00425773
0.00430636
0.00435496
0.00440385
0.00445182
0.00450074
0.0045495
0.00459918
0.00464725
0.00469544
0.00474362
0.00479171
0.00483987
0.00488801
0.00493623
0.00498446
0.00503262
0.00508086
0.00513113
0.00517925
0.00522767
0.00527581
0.00532402
0.00537238
0.00541867
0.00546696
0.00551513
0.0055634
0.00561228
0.00566018
0.00570836
0.00575669
0.00580513
0.0058535
0.00590196
0.00595032
0.00599884
0.00604721
0.00609559
0.00614401
0.00619307
0.00624159
0.00628977
0.00633828
0.00638703
0.00643557
0.00648417
0.0065327
0.00658138
0.00662911
0.00667763
0.00672653
0.00677496
0.0068238
0.00687281
0.00692145
0.00697025
0.00701894
0.00706991
0.00711848
0.00716751
0.00721609
0.00726453
0.00731332
0.00736204
0.00741052
0.00745972
0.00750836
0.00755739
0.00760591
0.00765286
0.00770148
0.00775019
0.00779924
0.00784817
0.00789668
0.00794553
0.00799453
0.00804363
0.00809235
0.00814115
0.00819036
0.00823972
0.00828765
0.00833653
0.00838545
0.00843448
0.00848334
0.00853272
0.00858365
0.00863227
0.00868121
0.00872986
0.00877919
0.00882911
0.0088781
0.00892629
0.00897511
0.00902388
0.00907307
0.00911991
0.00916872
0.00921701
0.00926567
0.00931471
0.00936387
0.00941312
0.00946299
0.00951214
0.00956217
0.00961004
0.00966192
0.00971098
0.00976038
0.00980975
0.00985657
0.00990554
0.00995432
0.0100038
0.0100527
0.0101017
0.0101511
0.0102002
0.0102501
0.0102991
0.0103477
0.0104002
0.0104492
0.0104984
0.0105463
0.0105953
0.0106442
0.0106934
0.0107427
0.0107927
0.0108419
0.0108912
0.0109432
0.010993
0.0110424
0.0110915
0.0111394
0.0111889
0.0112395
0.0112889
0.0113388
0.0113885
0.0114377
0.0114873
0.0115365
0.0115857
0.0116349
0.0116848
0.011734
0.0117829
0.011832
0.0118812
0.0119303
0.0119796
0.0120291
0.0120782
0.0121274
0.0121767
0.0122261
0.0122752
0.0123247
0.012374
0.0124241
0.0124726
0.0125222
0.0125715
0.0126204
0.0126698
0.0127191
0.0127686
0.0128179
0.0128675
0.0129163
0.0129659
0.0130153
0.0130649
0.0131149
0.0131639
0.0132126
0.013262
0.0133113
0.0133609
0.0134105
0.0134602
0.0135096
0.0135587
0.0136084
0.013658
0.0137076
0.013757
0.0138062
0.0138555
0.013906
0.0139555
0.0140044
0.0140539
0.0141035
0.014153
0.0142026
0.0142523
0.0142998
0.0143495
0.0143989
0.0144484
0.0144979
0.0145475
0.0145969
0.014647
0.0146972
0.0147457
0.0147952
0.0148446
0.0148948
0.0149444
0.014994
0.0150436
0.0150934
0.0151429
0.0151927
0.0152425
0.0152921
0.0153416
0.0153911
0.0154415
0.0154915
0.0155402
0.0155901
0.0156399
0.0156896
0.0157394
0.0157894
0.0158392
0.0158891
0.0159388
0.0159887
0.0160385
0.0160885
0.0161383
0.0161879
0.0162378
0.0162902
0.0163398
0.0163886
0.0164388
0.0164887
0.0165386
0.0165884
0.0166382
0.016688
0.0167379
0.0167881
0.0168379
0.0168881
0.016938
0.0169881
0.017037
0.0170869
0.0171379
0.0171863
0.0172367
0.0172844
0.0173348
0.0173847
0.0174345
0.0174844
0.0175345
0.0175841
0.0176338
0.0176844
0.0177342
0.0177844
0.0178344
0.0178841
0.0179342
0.0179854
0.0180357
0.0180846
0.0181346
0.0181833
0.0182332
0.0182834
0.0183336
0.0183837
0.0184331
0.0184833
0.0185337
0.0185838
0.0186341
0.0186846
0.0187345
0.0187846
0.0188351
0.0188901
0.0189406
0.0189907
0.0190397
0.01909
0.0191404
0.0191905
0.0192408
0.0192909
0.019341
0.0193909
0.0194418
0.0194913
0.0195417
0.0195906
0.0196409
0.019691
0.0197412
0.0197917
0.0198425
0.0198932
0.0199422
0.0199928
0.0200433
0.0200935
0.0201443
0.0201948
0.020245
0.0202953
0.0203454
0.0203958
0.0204463
0.020497
0.0205471
0.0205975
0.0206481
0.0206984
0.020749
0.0207992
0.0208507
0.0209014
0.0209504
0.0210012
0.0210519
0.0211029
0.0211538
0.0212056
0.0212538
0.0213044
0.0213547
0.021405
0.0214559
0.0215063
0.0215566
0.0216075
0.021658
0.0217084
0.0217588
0.0218104
0.0218611
0.0219105
0.0219611
0.022008
0.0220584
0.0221093
0.0221602
0.0222107
0.0222611
0.0223119
0.0223623
0.0224131
0.0224628
0.022514
0.0225638
0.0226146
0.0226655
0.0227161
0.0227664
0.0228185
0.0228693
0.0229191
0.0229699
0.0230209
0.0230719
0.0231247
0.0231757
0.0232265
0.0232777
0.0233283
0.0233792
0.0234299
0.0234809
0.0235316
0.023582
0.0236321
0.0236833
0.0237327
0.0237823
0.0238331
0.0238848
0.0239358
0.0239851
0.0240361
0.0240874
0.024138
0.0241887
0.02424
0.0242907
0.0243417
0.0243922
0.0244424
0.0244938
0.0245448
0.0245965
0.0246472
0.0246978
0.0247487
0.0247991
0.0248493
0.0249006
0.0249514
0.0250035
0.0250541
0.0251039
0.0251546
0.0252057
0.0252569
0.0253077
0.0253579
0.0254086
0.0254601
0.0255112
0.0255619
0.0256129
0.0256648
0.0257165
0.0257676
0.0258181
0.0258691
0.0259206
0.0259707
0.0260231
0.0260742
0.0261267
0.0261778
0.0262272
0.0262786
0.0263289
0.0263799
0.0264313
0.0264817
0.0265336
0.0265852
0.0266366
0.0266878
0.0267379
0.0267925
0.0268419
0.0268929
0.0269444
0.0269953
0.0270466
0.0270965
0.0271483
0.0271996
0.0272519
0.0273032
0.0273541
0.0274031
0.0274552
0.0275061
0.0275567
0.0276088
0.0276601
0.0277111
0.0277625
0.0278136
0.0278647
0.0279158
0.0279663
0.0280177
0.0280682
0.0281198
0.0281716
0.0282226
0.0282737
0.0283247
0.0283758
0.0284292
0.0284805
0.0285321
0.0285808
0.0286323
0.0286842
0.0287352
0.0287865
0.0288376
0.0288891
0.0289407
0.0289917
0.0290431
0.0290944
0.0291462
0.0291979
0.0292491
0.0293007
0.0293519
0.029403
0.0294544
0.0295061
0.0295599
0.0296114
0.0296627
0.0297144
0.0297635
0.029815
0.0298663
0.0299182
0.02997
0.0300217
0.0300729
0.0301244
0.0301763
0.0302281
0.0302792
0.0303307
0.0303823
0.0304338
0.0304847
0.0305365
0.0305879
0.0306395
0.0306915
0.0307431
0.0307971
0.0308486
0.0309007
0.0309496
0.0310012
0.0310527
0.0311051
0.0311567
0.0312087
0.0312603
0.0313122
0.0313644
0.0314132
0.0314648
0.0315167
0.0315678
0.0316206
0.031673
0.0317241
0.0317756
0.0318274
0.0318795
0.0319316
0.0319854
0.0320374
0.0320893
0.0321389
0.032191
0.0322427
0.0322952
0.032347
0.0323988
0.0324506
0.0325023
0.0325542
0.0326056
0.032657
0.0327087
0.0327614
0.0328132
0.032866
0.0329178
0.03297
0.0330213
0.0330732
0.033125
0.0331789
0.0332311
0.0332835
0.0333325
0.0333844
0.033437
0.0334895
0.0335412
0.0335934
0.0336453
0.0336978
0.03375
0.0338021
0.0338534
0.0339051
0.0339585
0.0340106
0.0340626
0.0341145
0.0341663
0.0342193
0.034271
0.0343232
0.0343753
0.0344302
0.0344825
0.0345345
0.0345844
0.0346366
0.0346889
0.0347416
0.0347941
0.0348458
0.034898
0.0349497
0.0350027
0.0350547
0.0351079
0.035159
0.0352112
0.0352649
0.035317
0.0353692
0.0354217
0.0354734
0.0355257
0.0355789
0.0356307
0.0356857
0.0357386
0.0357908
0.0358407
0.035893
0.0359456
0.0359973
0.0360501
0.0361029
0.0361548
0.0362077
0.0362602
0.0363124
0.0363649
0.0364176
0.0364705
0.036523
0.0365746
0.0366269
0.0366796
0.0367322
0.0367841
0.0368376
0.0368904
0.036945
0.0369977
0.0370497
0.0371025
0.0371531
0.0372056
0.0372586
0.0373109
0.037365
0.0374173
0.0374705
0.0375232
0.0375757
0.0376279
0.0376806
0.037734
0.0377871
0.0378392
0.0378924
0.0379451
0.0379979
0.0380507
0.038103
0.0381562
0.0382084
0.0382644
0.0383176
0.038371
0.0384208
0.0384726
0.0385258
0.0385793
0.03863
0.0386845
0.0387373
0.0387899
0.0388423
0.0388954
0.0389478
0.039001
0.0390548
0.0391062
0.03916
0.0392129
0.0392642
0.0393184
0.039371
0.0394238
0.0394768
0.0395323
0.039586
0.0396395
0.039694
0.0397438
0.0397974
0.0398503
0.0399037
0.0399572
0.04001
0.0400635
0.0401161
0.040169
0.0402226
0.0402753
0.0403292
0.040382
0.0404355
0.040488
0.0405418
0.0405945
0.0406477
0.0407016
0.0407546
0.040807
0.0408645
0.0409175
0.0409713
0.0410239
0.0410743
0.0411285
0.0411816
0.0412344
0.0412874
0.0413411
0.0413944
0.0414465
0.0414997
0.041553
0.0416061
0.0416606
0.0417148
0.0417683
0.0418233
0.0418767
0.0419298
0.0419815
0.0420359
0.0420891
0.042144
0.0422006
0.0422543
0.042308
0.042358
0.0424116
0.0424654
0.0425198
0.0425732
0.0426273
0.0426809
0.0427343
0.042788
0.0428421
0.0428955
0.0429487
0.0430029
0.0430564
0.0431103
0.0431637
0.0432177
0.0432712
0.0433246
0.0433784
0.0434322
0.0434861
0.0435374
0.0435957
0.0436488
0.0437023
0.0437528
0.0438079
0.0438632
0.0439177
0.0439718
0.0440249
0.0440778
0.0441322
0.0441862
0.0442399
0.0442943
0.0443489
0.0444038
0.0444573
0.0445114
0.0445649
0.0446187
0.0446725
0.0447269
0.0447807
0.0448353
0.044893
0.0449469
0.0450009
0.0450531
0.0451073
0.0451613
0.0452157
0.0452696
0.0453238
0.0453781
0.0454329
0.045487
0.0455413
0.0455956
0.0456496
0.0457037
0.0457579
0.0458117
0.0458652
0.045919
0.0459734
0.0460281
0.0460827
0.0461374
0.0461892
0.0462468
0.0463008
0.0463561
0.0464113
0.0464621
0.0465171
0.0465726
0.0466257
0.0466806
0.0467367
0.0467912
0.0468447
0.0468993
0.0469532
0.0470076
0.0470623
0.0471175
0.0471713
0.0472266
0.0472815
0.047336
0.0473896
0.0474441
0.0474991
0.047553
0.0476116
0.0476669
0.0477221
0.0477727
0.0478273
0.0478809
0.0479368
0.0479931
0.0480469
0.0481022
0.0481575
0.048213
0.0482671
0.0483202
0.0483749
0.0484299
0.0484853
0.0485408
0.0485961
0.0486506
0.0487059
0.0487611
0.048816
0.0488697
0.048925
0.0489804
0.0490405
0.0490948
0.0491505
0.0492014
0.0492565
0.0493122
0.0493675
0.0494229
0.0494788
0.0495338
0.0495895
0.0496455
0.0497014
0.0497568
0.0498099
0.0498655
0.0499217
0.0499771
0.0500323
0.0500865
0.0501417
0.0501959
0.05025
0.0503054
0.0503603
0.0504204
0.0504762
0.0505316
0.0505823
0.0506386
0.0506935
0.0507495
0.0508052
0.0508607
0.0509164
0.0509716
0.051029
0.0510857
0.0511426
0.0511988
0.0512525
0.0513083
0.0513646
0.0514202
0.0514759
0.0515331
0.0515888
0.0516446
0.0517015
0.0517635
0.0518179
0.0518683
0.0519246
0.0519807
0.052037
0.0520933
0.0521502
0.0522054
0.0522607
0.0523173
0.0523735
0.0524302
0.0524861
0.052543
0.052599
0.052655
0.0527105
0.0527648
0.0528208
0.0528766
0.0529326
0.0529877
0.0530459
0.0531082
0.0531649
0.0532223
0.0532734
0.05333
0.0533865
0.0534455
0.0535028
0.0535595
0.0536142
0.0536697
0.0537276
0.0537858
0.0538438
0.0538998
0.0539567
0.0540139
0.0540709
0.0541275
0.0541825
0.05424
0.0542972
0.0543541
0.0544115
0.0544668
0.0545321
0.0545926
0.0546404
0.0546983
0.0547564
0.0548127
0.0548706
0.0549284
0.054986
0.0550399
0.055098
0.0551574
0.0552148
0.055269
0.0553277
0.0553835
0.055442
0.0554995
0.0555572
0.0556148
0.0556715
0.0557253
0.055782
0.0558505
0.0559096
0.0559679
0.0560174
0.056077
0.0561355
0.0561927
0.0562518
0.0563101
0.0563683
0.0564255
0.0564837
0.0565416
0.0565995
0.0566575
0.0567157
0.0567741
0.0568319
0.0568889
0.0569447
0.0570026
0.0570606
0.0571189
0.0571886
0.0572472
0.0572964
0.0573545
0.0574154
0.0574745
0.0575323
0.0575909
0.0576496
0.0577087
0.0577678
0.0578268
0.0578846
0.0579448
0.0580004
0.0580597
0.058118
0.0581782
0.058237
0.0582964
0.058355
0.0584273
0.0584875
0.0585371
0.0585968
0.0586586
0.0587186
0.0587787
0.0588394
0.0588985
0.0589587
0.059018
0.0590776
0.059137
0.0591977
0.059257
0.0593149
0.0593745
0.0594347
0.0594937
0.059557
0.0596192
0.05969
0.059739
0.0597997
0.0598601
0.0599226
0.0599839
0.0600442
0.0601047
0.0601662
0.0602241
0.0602845
0.0603424
0.0604047
0.0604653
0.0605249
0.0605877
0.0606454
0.0607024
0.0607634
0.0608311
0.0608978
0.0609578
0.0610129
0.0610762
0.0611337
0.0611944
0.0612567
0.0613215
0.0613825
0.0614465
0.0615068
0.0615681
0.0616312
0.0616933
0.0617564
0.0618174
0.0618793
0.061941
0.0620032
0.0620747
0.0621253
0.0621894
0.0622527
0.0623157
0.06238
0.0624432
0.0625071
0.0625704
0.0626283
0.0626924
0.0627557
0.0628174
0.0628795
0.0629446
0.0630072
0.0630704
0.0631342
0.0631986
0.0632746
0.063323
0.063386
0.0634504
0.0635152
0.0635776
0.0636405
0.0637066
0.0637698
0.0638344
0.0638978
0.0639623
0.0640254
0.0640901
0.0641538
0.0642179
0.0642832
0.0643502
0.0644281
0.0644956
0.0645445
0.0646138
0.0646802
0.0647458
0.0648116
0.0648773
0.0649431
0.0650088
0.0650733
0.0651391
0.0652028
0.0652667
0.0653314
0.0653975
0.0654637
0.0655493
0.0656198
0.0656701
0.0657374
0.0658049
0.0658728
0.0659415
0.0660078
0.0660742
0.0661424
0.0662106
0.0662766
0.0663435
0.0664105
0.0664779
0.0665472
0.0666124
0.0667058
0.0667516
0.0668215
0.0668919
0.0669597
0.0670322
0.0671046
0.0671763
0.067248
0.0673178
0.0673879
0.0674593
0.0675308
0.067602
0.0676706
0.0677437
0.0678214
0.0678946
0.0679709
0.0680425
0.0681152
0.0681905
0.068265
0.0683414
0.0684143
0.0684911
0.0685653
0.0686397
0.0687199
0.0687988
0.0688778
0.0689556
0.0690345
0.0691105
0.0691902
0.0692668
0.0693477
0.0694249
0.0695012
0.0696201
0.06967
0.0697559
0.0698416
0.0699309
0.0700158
0.0700965
0.0701837
0.0702675
0.0703509
0.0704425
0.0705314
0.0706208
0.0707155
0.0708085
0.0709003
0.0709946
0.0710904
0.0711822
0.0712921
0.0714061
0.0715149
0.071625
0.07173
0.0718391
0.0719503
0.0720802
0.0721839
0.0722811
0.0723863
0.0724956
0.0726018
0.0727079
0.0728081
0.0729168
0.0730296
0.073142
0.0732575
0.0733774
0.0734941
0.0736184
0.073732
0.0738566
0.0739829
0.0741057
0.0742386
0.0743592
0.0744877
0.0746168
0.0747476
0.0748915
0.0750431
0.0751721
0.0753375
0.0754571
0.0756228
0.0757543
0.0759302
0.0760604
0.076239
0.0764016
0.0765429
0.0767438
0.0768893
0.077059
0.0772432
0.0774026
0.0776065
0.0778028
0.0779578
0.0781618
0.0783901
0.0785607
0.0787499
0.0790209
0.0791853
0.0793926
0.079629
0.0798901
0.0800759
0.0802839
0.0805212
0.0808139
0.0810202
0.0812549
0.081526
0.0818856
0.0821028
0.082326
0.0825876
0.0829279
0.0832948
0.0835511
0.0838217
0.0841411
0.0845099
0.0849543
0.0852099
0.0855203
0.0858583
0.0862456
0.0868176
0.0871269
0.0874684
0.0878588
